642702600,0,0:0:0,11/18/2013 4:30:03pm
642702600,601,0:0:3,0
642702600,600,0:0:4,2
642702600,602,0:0:5,2,0
642702600,603,0:0:10,1
642702600,604,0:0:45,1,myles
642702600,605,0:0:51
642702600,210,0:1:1,591,423
642702600,211,0:1:2,861,227
642702600,213,0:1:2,12,c_player_cauc_M_a_G0a0,true
642702600,210,0:1:5,1024,398
642702600,207,0:1:5,12,0,-60
642702600,207,0:1:6,12,-60,-300
642702600,211,0:1:7,1183,242
642702600,213,0:1:7,12,c_family_cauc_a_G0a0,true
642702600,210,0:1:12,1356,496
642702600,207,0:1:14,12,-300,-1035
642702600,207,0:1:17,12,-1035,-645
642702600,211,0:1:17,859,491
642702600,221,0:1:18,12
642702600,220,0:1:21,12
642702600,213,0:1:26,12,c_player_cauc_M_a_G0a1N,true
642702600,210,0:1:28,1059,282
642702600,207,0:1:29,12,0,-345
642702600,211,0:1:29,1155,232
642702600,213,0:1:29,12,c_family_cauc_a_G0a1N,true
642702600,205,0:1:29,12,c_family_cauc_a_G0a1N,false,false
642702600,212,0:1:34,1
642702600,210,0:1:35,1199,487
642702600,211,0:1:35,1199,487
642702600,210,0:1:35,1059,457
642702600,211,0:1:36,1066,458
642702600,213,0:1:36,12,c_home_G0a1N,true
642702600,205,0:1:36,12,c_home_G0a1N,false,false
642702600,212,0:1:44,0
642702600,210,0:1:45,667,189
642702600,211,0:1:45,696,204
642702600,213,0:1:45,12,c_job_G0a1N,true
642702600,205,0:1:45,12,c_job_G0a1N,false,false
642702600,221,0:2:19,12
642702600,220,0:2:23,12
642702600,210,0:2:28,694,403
642702600,211,0:2:29,855,514
642702600,213,0:2:29,12,c_friends_G0a1P,true
642702600,210,0:2:32,1029,293
642702600,207,0:2:34,12,0,-570
642702600,211,0:2:38,1609,319
642702600,207,0:2:38,12,-570,-630
642702600,212,0:2:38,2
642702600,210,0:2:39,1141,469
642702600,211,0:2:43,1385,217
642702600,213,0:2:43,12,c_Teacher_G0a1P,true
642702600,205,0:2:43,12,c_Teacher_G0a1P,false,false
642702600,212,0:2:47,0
642702600,210,0:2:47,1230,230
642702600,211,0:2:48,1288,209
642702600,213,0:2:48,12,c_Nurse_G0a1P,true
642702600,205,0:2:48,12,c_Nurse_G0a1P,false,false
642702600,210,0:2:53,1410,285
642702600,207,0:2:55,12,-630,-960
642702600,211,0:2:56,1865,474
642702600,210,0:2:57,1845,514
642702600,211,0:2:57,1860,536
642702600,212,0:2:58,2
642702600,210,0:2:58,1819,531
642702600,211,0:2:59,1862,437
642702600,213,0:2:59,12,c_kidsister_cauc_a_G0a1P,true
642702600,205,0:2:59,12,c_kidsister_cauc_a_G0a1P,false,false
642702600,210,0:3:2,1890,211
642702600,211,0:3:4,1612,311
642702600,213,0:3:4,12,c_grandma_cauc_a_G0a1P,true
642702600,205,0:3:4,12,c_grandma_cauc_a_G0a1P,false,false
642702600,212,0:3:9,0
642702600,210,0:3:9,1879,444
642702600,207,0:3:11,12,-960,-1275
642702600,211,0:3:13,2243,393
642702600,207,0:3:13,12,-1275,-1290
642702600,212,0:3:14,2
642702600,210,0:3:14,1909,328
642702600,211,0:3:14,1898,344
642702600,210,0:3:15,1880,276
642702600,211,0:3:15,1973,479
642702600,212,0:3:16,1
642702600,210,0:3:16,1908,316
642702600,211,0:3:17,1905,312
642702600,213,0:3:17,12,c_mom_cauc_a_G0a1P,true
642702600,205,0:3:17,12,c_mom_cauc_a_G0a1P,false,false
642702600,210,0:3:21,1863,287
642702600,211,0:3:26,1757,213
642702600,213,0:3:26,12,c_dad_cauc_a_G0a1P,true
642702600,205,0:3:26,12,c_dad_cauc_a_G0a1P,false,false
642702600,221,0:3:30,12
642702600,300,0:3:33
642702600,220,0:3:33,12
642702600,302,0:4:0,0,1,0,5
642702600,302,0:4:0,0,1,0,4
642702600,303,0:4:3,0,1,0,4
642702600,304,0:4:9,0,1,0,-1,,4,lazy
642702600,302,0:4:19,0,1,1,17
642702600,302,0:4:19,0,1,1,16
642702600,303,0:4:28,0,1,1,16
642702600,304,0:4:32,0,1,1,-1,,16,smart
642702600,302,0:4:46,0,3,0,1
642702600,306,0:4:47,0,0,1
642702600,304,0:4:47,0,3,0,-1,,1,
642702600,302,0:5:1,0,0,0,0
642702600,304,0:5:2,0,0,0,-1,,0,
642702600,302,0:5:9,0,2,0,2
642702600,303,0:5:11,0,2,0,2
642702600,306,0:5:14,0,1,2
642702600,304,0:5:14,0,2,0,-1,,2,food
642702600,302,0:5:24,0,2,1,17
642702600,303,0:5:26,0,2,1,17
642702600,304,0:5:29,0,2,1,-1,,17,music
642702600,302,0:5:48,0,2,2,8
642702600,303,0:5:52,0,2,2,8
642702600,306,0:5:57,0,2,3
642702600,304,0:5:57,0,2,2,-1,,8,winning
642702600,221,0:6:9,12
642702600,220,0:6:11,12
642702600,203,0:6:11,12
642702600,100,0:6:19,0
642702600,102,0:6:21,0
642702600,200,0:6:21,0,0,0,0,0,6
642702600,219,0:6:21,0
642702600,216,0:6:24,Stack_G7a0
642702600,217,0:6:27,Stack_G7a0,2.8,29
642702600,218,0:6:28,0
642702600,212,0:6:30,2
642702600,210,0:6:30,867,314
642702600,211,0:6:31,833,316
642702600,213,0:6:31,0,c_teacherEng_G7a0,false
642702600,1003,0:6:34,2
642702600,1004,0:6:35,0
642702600,900,0:6:41,0,[]
642702600,901,0:6:43,0,[PeopleData_id:2]
642702600,902,0:6:47,0,[PeopleData_id:2,PeopleData_data3Type]
642702600,903,0:6:51,0,[PeopleData_id2,PeopleData_data3Type]
642702600,902,0:6:52,0,[PeopleData_id:2,PeopleData_data1Type]
642702600,903,0:6:59,0,[PeopleData_id2,PeopleData_data1Type]
642702600,902,0:7:0,0,[PeopleData_id:2,PeopleData_data2Type]
642702600,902,0:7:3,0,[PeopleData_id:2,PeopleData_data0Type]
642702600,902,0:7:7,0,[PeopleData_id:2,PeopleData_data3Type]
642702600,903,0:7:9,0,[PeopleData_id2,PeopleData_data3Type]
642702600,901,0:7:10,0,[PeopleData_id:2]
642702600,904,0:7:10,0,[PeopleData_id:2]
642702600,905,0:7:11,0,[PeopleData_id:2,RankTypes_id:-1,RankTypes_id:2]
642702600,902,0:7:17,0,[PeopleData_id:2,PeopleData_data0Type]
642702600,903,0:7:18,0,[PeopleData_id2,PeopleData_data0Type]
642702600,901,0:7:19,0,[PeopleData_id:3]
642702600,902,0:7:20,0,[PeopleData_id:3,PeopleData_data0Type]
642702600,902,0:7:23,0,[PeopleData_id:3,PeopleData_data1Type]
642702600,902,0:7:28,0,[PeopleData_id:3,PeopleData_data2Type]
642702600,903,0:7:34,0,[PeopleData_id3,PeopleData_data2Type]
642702600,901,0:7:35,0,[PeopleData_id:0]
642702600,904,0:7:36,0,[PeopleData_id:0]
642702600,905,0:7:37,0,[PeopleData_id:0,RankTypes_id:-1,RankTypes_id:3]
642702600,902,0:7:38,0,[PeopleData_id:0,PeopleData_data0Type]
642702600,902,0:7:46,0,[PeopleData_id:0,PeopleData_data1Type]
642702600,902,0:7:49,0,[PeopleData_id:0,PeopleData_data2Type]
642702600,902,0:7:52,0,[PeopleData_id:0,PeopleData_data3Type]
642702600,903,0:7:55,0,[PeopleData_id0,PeopleData_data3Type]
642702600,901,0:7:55,0,[PeopleData_id:4]
642702600,901,0:7:56,0,[PeopleData_id:3]
642702600,904,0:7:56,0,[PeopleData_id:3]
642702600,901,0:7:59,0,[PeopleData_id:4]
642702600,901,0:8:1,0,[PeopleData_id:1]
642702600,901,0:8:2,0,[PeopleData_id:3]
642702600,902,0:8:4,0,[PeopleData_id:3,PeopleData_data2Type]
642702600,902,0:8:6,0,[PeopleData_id:3,PeopleData_data1Type]
642702600,902,0:8:7,0,[PeopleData_id:3,PeopleData_data0Type]
642702600,903,0:8:8,0,[PeopleData_id3,PeopleData_data0Type]
642702600,902,0:8:9,0,[PeopleData_id:3,PeopleData_data1Type]
642702600,903,0:8:11,0,[PeopleData_id3,PeopleData_data1Type]
642702600,901,0:8:12,0,[PeopleData_id:3]
642702600,904,0:8:12,0,[PeopleData_id:3]
642702600,905,0:8:16,0,[PeopleData_id:3,RankTypes_id:-1,RankTypes_id:3]
642702600,902,0:8:17,0,[PeopleData_id:3,PeopleData_data2Type]
642702600,902,0:8:18,0,[PeopleData_id:3,PeopleData_data1Type]
642702600,902,0:8:19,0,[PeopleData_id:3,PeopleData_data0Type]
642702600,902,0:8:21,0,[PeopleData_id:3,PeopleData_data1Type]
642702600,903,0:8:24,0,[PeopleData_id3,PeopleData_data1Type]
642702600,901,0:8:24,0,[PeopleData_id:4]
642702600,902,0:8:25,0,[PeopleData_id:4,PeopleData_data1Type]
642702600,902,0:8:25,0,[PeopleData_id:4,PeopleData_data2Type]
642702600,902,0:8:34,0,[PeopleData_id:4,PeopleData_data3Type]
642702600,903,0:8:36,0,[PeopleData_id4,PeopleData_data3Type]
642702600,901,0:8:37,0,[PeopleData_id:4]
642702600,904,0:8:37,0,[PeopleData_id:4]
642702600,905,0:8:38,0,[PeopleData_id:4,RankTypes_id:-1,RankTypes_id:0]
642702600,901,0:8:38,0,[PeopleData_id:1]
642702600,902,0:8:39,0,[PeopleData_id:1,PeopleData_data2Type]
642702600,903,0:8:42,0,[PeopleData_id1,PeopleData_data2Type]
642702600,901,0:8:42,0,[PeopleData_id:1]
642702600,904,0:8:42,0,[PeopleData_id:1]
642702600,905,0:8:43,0,[PeopleData_id:1,RankTypes_id:-1,RankTypes_id:0]
642702600,906,0:8:43,0,[]
642702600,907,0:8:47,0,[]
642702600,908,0:8:47,0,[InvitationData_id:6,PeopleData_id:0,RankTypes_id:3]
642702600,909,0:8:50,0,[InvitationData_id:6,PeopleData_id:0,RankTypes_id:3,1]
642702600,910,0:8:51,0,[InvitationData_id:6,7,false]
642702600,908,0:8:51,0,[InvitationData_id:4,PeopleData_id:2,RankTypes_id:2]
642702600,909,0:8:55,0,[InvitationData_id:4,PeopleData_id:2,RankTypes_id:2,0]
642702600,910,0:8:56,0,[InvitationData_id:4,-2,false]
642702600,908,0:8:56,0,[InvitationData_id:0,PeopleData_id:0,RankTypes_id:3]
642702600,909,0:9:1,0,[InvitationData_id:0,PeopleData_id:0,RankTypes_id:3,1]
642702600,910,0:9:2,0,[InvitationData_id:0,7,false]
642702600,908,0:9:2,0,[InvitationData_id:8,PeopleData_id:0,RankTypes_id:3]
642702600,909,0:9:6,0,[InvitationData_id:8,PeopleData_id:0,RankTypes_id:3,1]
642702600,910,0:9:7,0,[InvitationData_id:8,7,false]
642702600,908,0:9:7,0,[InvitationData_id:1,PeopleData_id:0,RankTypes_id:3]
642702600,909,0:9:11,0,[InvitationData_id:1,PeopleData_id:0,RankTypes_id:3,1]
642702600,910,0:9:16,0,[InvitationData_id:1,7,false]
642702600,908,0:9:16,0,[InvitationData_id:2,PeopleData_id:2,RankTypes_id:2]
642702600,909,0:9:20,0,[InvitationData_id:2,PeopleData_id:2,RankTypes_id:2,0]
642702600,910,0:9:23,0,[InvitationData_id:2,-2,false]
642702600,908,0:9:23,0,[InvitationData_id:3,PeopleData_id:3,RankTypes_id:3]
642702600,909,0:9:28,0,[InvitationData_id:3,PeopleData_id:3,RankTypes_id:3,1]
642702600,910,0:9:29,0,[InvitationData_id:3,7,false]
642702600,908,0:9:29,0,[InvitationData_id:10,PeopleData_id:2,RankTypes_id:2]
642702600,909,0:9:34,0,[InvitationData_id:10,PeopleData_id:2,RankTypes_id:2,1]
642702600,910,0:9:35,0,[InvitationData_id:10,0,true]
642702600,911,0:9:37,0,[31,1,0,1]
642702600,1005,0:9:37,0,[2,0,2]
642702600,1001,0:9:38,0,[]
642702600,1003,0:9:38,2
642702600,210,0:9:44,845,301
642702600,211,0:9:45,818,329
642702600,213,0:9:45,0,c_teacherEng_G7a0,true
642702600,205,0:9:45,0,c_teacherEng_G7a0,false,false
642702600,210,0:10:14,991,466
642702600,211,0:10:15,989,511
642702600,213,0:10:15,0,c_bestFriend_M_a_G7a0,true
642702600,205,0:10:15,0,c_bestFriend_M_a_G7a0,false,false
642702600,212,0:10:19,1
642702600,210,0:10:20,1041,525
642702600,211,0:10:21,1094,573
642702600,213,0:10:21,0,s_vocabAssignment_G7a0,true
642702600,210,0:10:23,689,572
642702600,211,0:10:25,758,359
642702600,212,0:10:27,2
642702600,210,0:10:28,531,202
642702600,207,0:10:29,0,-200,-95
642702600,211,0:10:29,182,146
642702600,212,0:10:30,0
642702600,210,0:10:30,299,102
642702600,211,0:10:31,344,189
642702600,212,0:10:32,1
642702600,210,0:10:32,334,159
642702600,211,0:10:33,256,118
642702600,213,0:10:33,0,s_flag_gen,false
642702600,1003,0:10:41,1
642702600,1004,0:10:43,0
642702600,800,0:10:46,0,[]
642702600,801,0:10:47,0,[]
642702600,814,0:10:49,0,[2]
642702600,815,0:10:49,0,2,OpportunityCardData_id:13
642702600,815,0:10:51,0,2,OpportunityCardData_id:14
642702600,815,0:10:56,0,2,OpportunityCardData_id:15
642702600,815,0:10:57,0,2,OpportunityCardData_id:16
642702600,815,0:10:57,0,2,OpportunityCardData_id:17
642702600,815,0:10:58,0,2,OpportunityCardData_id:18
642702600,815,0:10:58,0,2,OpportunityCardData_id:13
642702600,815,0:10:58,0,2,OpportunityCardData_id:14
642702600,816,0:11:0,0,2,OpportunityCardData_id:14
642702600,803,0:11:1,0,[OpportunityCardData_id:14,OpportunityCardConsequencesData_logId:0]
642702600,803,0:11:2,0,[OpportunityCardData_id:14,OpportunityCardConsequencesData_logId:2]
642702600,805,0:11:3,0,[OpportunityCardData_id:14]
642702600,806,0:11:7,0,[OpportunityCardData_id:14,PriorityData_type:4]
642702600,806,0:11:8,0,[OpportunityCardData_id:14,PriorityData_type:3]
642702600,807,0:11:8,0,[OpportunityCardData_id:14]
642702600,808,0:11:10,0,[OpportunityCardData_id:14]
642702600,809,0:11:15,0,[OpportunityCardData_id:14,PriorityData_type:3,true]
642702600,810,0:11:17,0,[OpportunityCardData_id:14,PriorityData_type:2,15,Safe,Safe]
642702600,814,0:11:21,0,[4]
642702600,815,0:11:21,0,4,OpportunityCardData_id:22
642702600,815,0:11:24,0,4,OpportunityCardData_id:31
642702600,815,0:11:25,0,4,OpportunityCardData_id:22
642702600,815,0:11:25,0,4,OpportunityCardData_id:26
642702600,815,0:11:26,0,4,OpportunityCardData_id:27
642702600,816,0:11:28,0,4,OpportunityCardData_id:27
642702600,805,0:11:29,0,[OpportunityCardData_id:27]
642702600,806,0:11:30,0,[OpportunityCardData_id:27,PriorityData_type:1]
642702600,807,0:11:31,0,[OpportunityCardData_id:27]
642702600,808,0:11:32,0,[OpportunityCardData_id:27]
642702600,809,0:11:37,0,[OpportunityCardData_id:27,Safe,false]
642702600,810,0:11:40,0,[OpportunityCardData_id:27,PriorityData_type:4,15,Safe,Safe]
642702600,814,0:11:42,0,[4]
642702600,815,0:11:42,0,4,OpportunityCardData_id:22
642702600,816,0:11:45,0,4,OpportunityCardData_id:22
642702600,803,0:11:46,0,[OpportunityCardData_id:22,OpportunityCardConsequencesData_logId:0]
642702600,803,0:11:47,0,[OpportunityCardData_id:22,OpportunityCardConsequencesData_logId:1]
642702600,805,0:11:47,0,[OpportunityCardData_id:22]
642702600,806,0:11:48,0,[OpportunityCardData_id:22,PriorityData_type:2]
642702600,807,0:11:49,0,[OpportunityCardData_id:22]
642702600,808,0:11:50,0,[OpportunityCardData_id:22]
642702600,809,0:11:55,0,[OpportunityCardData_id:22,Safe,false]
642702600,810,0:12:0,0,[OpportunityCardData_id:22,PriorityData_type:4,15,Safe,Safe]
642702600,818,0:12:1,0,5
642702600,811,0:12:3,0,[OpportunityCardData_id:22,PriorityData_type:2,80,85,PriorityData_type:4,70,75]
642702600,1005,0:12:3,0,[1,0,3]
642702600,1001,0:12:4,0,[]
642702600,1003,0:12:4,1
642702600,210,0:12:12,421,189
642702600,211,0:12:12,382,191
642702600,210,0:12:12,371,161
642702600,211,0:12:12,177,115
642702600,207,0:12:12,0,-200,-95
642702600,210,0:12:13,263,95
642702600,211,0:12:13,264,103
642702600,213,0:12:13,0,s_flag_gen,true
642702600,205,0:12:13,0,s_flag_gen,false,false
642702600,221,0:12:19,0
642702600,220,0:12:20,0
642702600,219,0:12:21,0
642702600,216,0:12:22,Stack_G7a1N
642702600,217,0:12:27,Stack_G7a1N,1.3,18
642702600,218,0:12:28,0
642702600,212,0:12:30,2
642702600,210,0:12:30,911,357
642702600,211,0:12:31,862,384
642702600,213,0:12:31,0,c_teacherEng_G7a1N,true
642702600,205,0:12:31,0,c_teacherEng_G7a1N,false,false
642702600,210,0:12:34,1066,487
642702600,211,0:12:35,1042,522
642702600,213,0:12:35,0,c_bestFriend_M_a_G7a1N,true
642702600,205,0:12:36,0,c_bestFriend_M_a_G7a1N,false,false
642702600,212,0:12:40,1
642702600,210,0:12:41,805,280
642702600,211,0:12:42,781,309
642702600,213,0:12:42,0,s_paperPlayers_G7a1N,true
642702600,205,0:12:42,0,s_paperPlayers_G7a1N,false,false
642702600,221,0:12:53,0
642702600,220,0:12:55,0
642702600,219,0:12:55,0
642702600,216,0:12:56,Stack_G7a1P
642702600,217,0:13:6,Stack_G7a1P,7.7,0.00
642702600,218,0:13:10,0
642702600,212,0:13:13,2
642702600,210,0:13:15,1036,369
642702600,211,0:13:18,687,379
642702600,213,0:13:18,0,s_paperPlayers_G7a1P,true
642702600,212,0:13:20,1
642702600,210,0:13:21,979,408
642702600,211,0:13:22,1026,447
642702600,210,0:13:22,971,440
642702600,211,0:13:23,752,358
642702600,213,0:13:23,0,c_teacherEng_G7a1P,true
642702600,205,0:13:23,0,c_teacherEng_G7a1P,false,false
642702600,210,0:13:29,1155,214
642702600,207,0:13:34,0,-400,0
642702600,211,0:13:39,549,227
642702600,212,0:13:40,0
642702600,210,0:13:40,488,129
642702600,211,0:13:42,573,235
642702600,212,0:13:43,2
642702600,210,0:13:43,482,162
642702600,207,0:13:50,0,0,-405
642702600,211,0:13:53,967,535
642702600,212,0:13:53,1
642702600,210,0:13:54,1220,432
642702600,207,0:14:2,0,-405,-240
642702600,207,0:14:3,0,-240,-30
642702600,207,0:14:4,0,-30,0
642702600,211,0:14:9,228,405
642702600,213,0:14:9,0,s_papersDetention_gen,true
642702600,212,0:14:14,2
642702600,210,0:14:16,492,313
642702600,211,0:14:20,260,131
642702600,213,0:14:20,0,s_flag_gen,false
642702600,1003,0:14:23,2
642702600,1004,0:14:25,0
642702600,900,0:14:29,0,[]
642702600,901,0:14:33,0,[PeopleData_id:0]
642702600,904,0:14:33,0,[PeopleData_id:0]
642702600,905,0:14:33,0,[PeopleData_id:0,RankTypes_id:-1,RankTypes_id:3]
642702600,901,0:14:34,0,[PeopleData_id:1]
642702600,904,0:14:34,0,[PeopleData_id:1]
642702600,905,0:14:34,0,[PeopleData_id:1,RankTypes_id:-1,RankTypes_id:2]
642702600,901,0:14:35,0,[PeopleData_id:3]
642702600,904,0:14:35,0,[PeopleData_id:3]
642702600,905,0:14:36,0,[PeopleData_id:3,RankTypes_id:-1,RankTypes_id:1]
642702600,901,0:14:36,0,[PeopleData_id:2]
642702600,904,0:14:36,0,[PeopleData_id:2]
642702600,905,0:14:37,0,[PeopleData_id:2,RankTypes_id:-1,RankTypes_id:0]
642702600,901,0:14:38,0,[PeopleData_id:4]
642702600,904,0:14:38,0,[PeopleData_id:4]
642702600,905,0:14:39,0,[PeopleData_id:4,RankTypes_id:-1,RankTypes_id:4]
642702600,906,0:14:39,0,[]
642702600,907,0:14:40,0,[]
642702600,908,0:14:40,0,[InvitationData_id:1,PeopleData_id:0,RankTypes_id:3]
642702600,909,0:14:46,0,[InvitationData_id:1,PeopleData_id:0,RankTypes_id:3,1]
642702600,910,0:14:47,0,[InvitationData_id:1,7,false]
642702600,908,0:14:47,0,[InvitationData_id:0,PeopleData_id:0,RankTypes_id:3]
642702600,909,0:14:51,0,[InvitationData_id:0,PeopleData_id:0,RankTypes_id:3,1]
642702600,910,0:14:52,0,[InvitationData_id:0,7,false]
642702600,908,0:14:52,0,[InvitationData_id:9,PeopleData_id:4,RankTypes_id:4]
642702600,909,0:14:55,0,[InvitationData_id:9,PeopleData_id:4,RankTypes_id:4,0]
642702600,910,0:14:56,0,[InvitationData_id:9,-11,false]
642702600,908,0:14:56,0,[InvitationData_id:4,PeopleData_id:4,RankTypes_id:4]
642702600,909,0:15:6,0,[InvitationData_id:4,PeopleData_id:4,RankTypes_id:4,0]
642702600,910,0:15:7,0,[InvitationData_id:4,-11,false]
642702600,908,0:15:7,0,[InvitationData_id:8,PeopleData_id:0,RankTypes_id:3]
642702600,909,0:15:12,0,[InvitationData_id:8,PeopleData_id:0,RankTypes_id:3,1]
642702600,910,0:15:13,0,[InvitationData_id:8,7,false]
642702600,908,0:15:13,0,[InvitationData_id:3,PeopleData_id:3,RankTypes_id:1]
642702600,909,0:15:16,0,[InvitationData_id:3,PeopleData_id:3,RankTypes_id:1,1]
642702600,910,0:15:19,0,[InvitationData_id:3,3,false]
642702600,908,0:15:19,0,[InvitationData_id:5,PeopleData_id:4,RankTypes_id:4]
642702600,909,0:15:22,0,[InvitationData_id:5,PeopleData_id:4,RankTypes_id:4,0]
642702600,910,0:15:23,0,[InvitationData_id:5,-11,false]
642702600,908,0:15:23,0,[InvitationData_id:6,PeopleData_id:0,RankTypes_id:3]
642702600,909,0:15:26,0,[InvitationData_id:6,PeopleData_id:0,RankTypes_id:3,1]
642702600,910,0:15:27,0,[InvitationData_id:6,7,false]
642702600,908,0:15:27,0,[InvitationData_id:7,PeopleData_id:1,RankTypes_id:2]
642702600,909,0:15:31,0,[InvitationData_id:7,PeopleData_id:1,RankTypes_id:2,0]
642702600,910,0:15:32,0,[InvitationData_id:7,-2,false]
642702600,911,0:15:35,0,[-4,0,0,0]
642702600,1000,0:15:42,0,[]
642702600,900,0:15:43,0,[]
642702600,901,0:15:46,0,[PeopleData_id:1]
642702600,901,0:15:46,0,[PeopleData_id:1]
642702600,904,0:15:46,0,[PeopleData_id:1]
642702600,902,0:15:48,0,[PeopleData_id:1,PeopleData_data0Type]
642702600,903,0:15:50,0,[PeopleData_id1,PeopleData_data0Type]
642702600,901,0:15:50,0,[PeopleData_id:1]
642702600,904,0:15:50,0,[PeopleData_id:1]
642702600,905,0:15:51,0,[PeopleData_id:1,RankTypes_id:-1,RankTypes_id:0]
642702600,901,0:15:52,0,[PeopleData_id:0]
642702600,902,0:15:53,0,[PeopleData_id:0,PeopleData_data1Type]
642702600,902,0:15:55,0,[PeopleData_id:0,PeopleData_data2Type]
642702600,903,0:15:56,0,[PeopleData_id0,PeopleData_data2Type]
642702600,901,0:15:56,0,[PeopleData_id:3]
642702600,904,0:15:56,0,[PeopleData_id:3]
642702600,901,0:15:58,0,[PeopleData_id:0]
642702600,902,0:16:0,0,[PeopleData_id:0,PeopleData_data0Type]
642702600,902,0:16:1,0,[PeopleData_id:0,PeopleData_data1Type]
642702600,903,0:16:3,0,[PeopleData_id0,PeopleData_data1Type]
642702600,901,0:16:4,0,[PeopleData_id:0]
642702600,904,0:16:4,0,[PeopleData_id:0]
642702600,905,0:16:5,0,[PeopleData_id:0,RankTypes_id:-1,RankTypes_id:3]
642702600,901,0:16:5,0,[PeopleData_id:3]
642702600,902,0:16:6,0,[PeopleData_id:3,PeopleData_data1Type]
642702600,903,0:16:8,0,[PeopleData_id3,PeopleData_data1Type]
642702600,901,0:16:9,0,[PeopleData_id:3]
642702600,904,0:16:9,0,[PeopleData_id:3]
642702600,905,0:16:9,0,[PeopleData_id:3,RankTypes_id:-1,RankTypes_id:3]
642702600,901,0:16:9,0,[PeopleData_id:2]
642702600,902,0:16:11,0,[PeopleData_id:2,PeopleData_data1Type]
642702600,902,0:16:12,0,[PeopleData_id:2,PeopleData_data2Type]
642702600,903,0:16:13,0,[PeopleData_id2,PeopleData_data2Type]
642702600,901,0:16:13,0,[PeopleData_id:2]
642702600,904,0:16:13,0,[PeopleData_id:2]
642702600,905,0:16:14,0,[PeopleData_id:2,RankTypes_id:-1,RankTypes_id:0]
642702600,901,0:16:14,0,[PeopleData_id:4]
642702600,902,0:16:16,0,[PeopleData_id:4,PeopleData_data2Type]
642702600,902,0:16:19,0,[PeopleData_id:4,PeopleData_data1Type]
642702600,902,0:16:20,0,[PeopleData_id:4,PeopleData_data0Type]
642702600,903,0:16:21,0,[PeopleData_id4,PeopleData_data0Type]
642702600,901,0:16:22,0,[PeopleData_id:4]
642702600,904,0:16:22,0,[PeopleData_id:4]
642702600,905,0:16:22,0,[PeopleData_id:4,RankTypes_id:-1,RankTypes_id:1]
642702600,906,0:16:22,0,[]
642702600,907,0:16:23,0,[]
642702600,908,0:16:23,0,[InvitationData_id:1,PeopleData_id:0,RankTypes_id:3]
642702600,909,0:16:29,0,[InvitationData_id:1,PeopleData_id:0,RankTypes_id:3,1]
642702600,910,0:16:30,0,[InvitationData_id:1,7,false]
642702600,908,0:16:30,0,[InvitationData_id:0,PeopleData_id:0,RankTypes_id:3]
642702600,909,0:16:32,0,[InvitationData_id:0,PeopleData_id:0,RankTypes_id:3,1]
642702600,910,0:16:33,0,[InvitationData_id:0,7,false]
642702600,908,0:16:33,0,[InvitationData_id:5,PeopleData_id:4,RankTypes_id:1]
642702600,909,0:16:36,0,[InvitationData_id:5,PeopleData_id:4,RankTypes_id:1,0]
642702600,910,0:16:37,0,[InvitationData_id:5,0,false]
642702600,908,0:16:37,0,[InvitationData_id:9,PeopleData_id:4,RankTypes_id:1]
642702600,909,0:16:40,0,[InvitationData_id:9,PeopleData_id:4,RankTypes_id:1,0]
642702600,910,0:16:41,0,[InvitationData_id:9,0,false]
642702600,908,0:16:41,0,[InvitationData_id:3,PeopleData_id:3,RankTypes_id:3]
642702600,909,0:16:43,0,[InvitationData_id:3,PeopleData_id:3,RankTypes_id:3,1]
642702600,910,0:16:44,0,[InvitationData_id:3,7,false]
642702600,908,0:16:44,0,[InvitationData_id:6,PeopleData_id:0,RankTypes_id:3]
642702600,909,0:16:46,0,[InvitationData_id:6,PeopleData_id:0,RankTypes_id:3,1]
642702600,910,0:16:47,0,[InvitationData_id:6,7,false]
642702600,908,0:16:47,0,[InvitationData_id:4,PeopleData_id:4,RankTypes_id:1]
642702600,909,0:16:52,0,[InvitationData_id:4,PeopleData_id:4,RankTypes_id:1,0]
642702600,910,0:16:53,0,[InvitationData_id:4,0,false]
642702600,908,0:16:53,0,[InvitationData_id:8,PeopleData_id:0,RankTypes_id:3]
642702600,909,0:16:59,0,[InvitationData_id:8,PeopleData_id:0,RankTypes_id:3,1]
642702600,910,0:16:59,0,[InvitationData_id:8,7,false]
642702600,911,0:17:0,0,[35,0,0,0]
642702600,1001,0:17:6,0,[]
642702600,1003,0:17:6,2
642702600,1004,0:17:18,0
642702600,900,0:17:22,0,[]
642702600,1002,0:18:25,0
642702600,1003,0:18:25,2
642702600,204,0:18:33,0
642702600,103,0:18:43
642702600,105,0:18:45
642702600,703,0:18:49,[|| EpilogueItem ID: 0 unlocked: false ||,|| EpilogueItem ID: 1 unlocked: false ||,|| EpilogueItem ID: 2 unlocked: false ||,|| EpilogueItem ID: 3 unlocked: false ||,|| EpilogueItem ID: 4 unlocked: false ||,|| EpilogueItem ID: 5 unlocked: false ||,|| EpilogueItem ID: 6 unlocked: false ||,|| EpilogueItem ID: 7 unlocked: false ||,|| EpilogueItem ID: 8 unlocked: false ||,|| EpilogueItem ID: 9 unlocked: false ||,|| EpilogueItem ID: 10 unlocked: false ||,|| EpilogueItem ID: 11 unlocked: false ||,|| EpilogueItem ID: 12 unlocked: false ||,|| EpilogueItem ID: 13 unlocked: false ||,|| EpilogueItem ID: 14 unlocked: false ||,|| EpilogueItem ID: 15 unlocked: false ||,|| EpilogueItem ID: 16 unlocked: false ||,|| EpilogueItem ID: 17 unlocked: false ||,|| EpilogueItem ID: 18 unlocked: false ||,|| EpilogueItem ID: 19 unlocked: false ||,|| EpilogueItem ID: 20 unlocked: false ||,|| EpilogueItem ID: 21 unlocked: false ||,|| EpilogueItem ID: 22 unlocked: false ||,|| EpilogueItem ID: 23 unlocked: false ||,|| EpilogueItem ID: 24 unlocked: false ||],0
642702600,706,0:18:56,(x=2531, y=-100, w=1024, h=768),(x=2531, y=-100, w=1024, h=768)
642702600,708,0:18:56
642702600,1,0:18:56,11/18/2013 4:49:00pm,{"gameTime":1136801,"challengeStacks":[{"challengeScenes":[{"miniGameCards":[],"viewedAnimatic":true,"keyPoints":["c_teacherEng_G7a0","c_bestFriend_M_a_G7a0","s_flag_gen"],"unlocked":true,"touchableObjects":["c_teacherEng_G7a0","c_bestFriend_M_a_G7a0","s_vocabAssignment_G7a0","s_flag_gen"]},{"miniGameCards":[],"viewedAnimatic":true,"keyPoints":["c_teacherEng_G7a1N","c_bestFriend_M_a_G7a1N","s_paperPlayers_G7a1N"],"unlocked":true,"touchableObjects":["c_teacherEng_G7a1N","c_bestFriend_M_a_G7a1N","s_paperPlayers_G7a1N"]},{"miniGameCards":[],"viewedAnimatic":true,"keyPoints":["c_teacherEng_G7a1P"],"unlocked":true,"touchableObjects":["s_paperPlayers_G7a1P","c_teacherEng_G7a1P","s_papersDetention_gen"]}],"stackSize":3,"resolved":false},{"challengeScenes":[{"miniGameCards":[],"viewedAnimatic":false,"keyPoints":[],"unlocked":false,"touchableObjects":[]},{"miniGameCards":[],"viewedAnimatic":false,"keyPoints":[],"unlocked":false,"touchableObjects":[]},{"miniGameCards":[],"viewedAnimatic":false,"keyPoints":[],"unlocked":false,"touchableObjects":[]},{"miniGameCards":[],"viewedAnimatic":false,"keyPoints":[],"unlocked":false,"touchableObjects":[]},{"miniGameCards":[],"viewedAnimatic":false,"keyPoints":[],"unlocked":false,"touchableObjects":[]}],"stackSize":5,"resolved":false},{"challengeScenes":[{"miniGameCards":[],"viewedAnimatic":false,"keyPoints":[],"unlocked":false,"touchableObjects":[]},{"miniGameCards":[],"viewedAnimatic":false,"keyPoints":[],"unlocked":false,"touchableObjects":[]},{"miniGameCards":[],"viewedAnimatic":false,"keyPoints":[],"unlocked":false,"touchableObjects":[]},{"miniGameCards":[],"viewedAnimatic":false,"keyPoints":[],"unlocked":false,"touchableObjects":[]},{"miniGameCards":[],"viewedAnimatic":false,"keyPoints":[],"unlocked":false,"touchableObjects":[]},{"miniGameCards":[],"viewedAnimatic":false,"keyPoints":[],"unlocked":false,"touchableObjects":[]},{"miniGameCards":[],"viewedAnimatic":false,"keyPoints":[],"unlocked":false,"touchableObjects":[]}],"stackSize":7,"resolved":false},{"challengeScenes":[{"miniGameCards":[],"viewedAnimatic":false,"keyPoints":[],"unlocked":false,"touchableObjects":[]},{"miniGameCards":[],"viewedAnimatic":false,"keyPoints":[],"unlocked":false,"touchableObjects":[]},{"miniGameCards":[],"viewedAnimatic":false,"keyPoints":[],"unlocked":false,"touchableObjects":[]},{"miniGameCards":[],"viewedAnimatic":false,"keyPoints":[],"unlocked":false,"touchableObjects":[]},{"miniGameCards":[],"viewedAnimatic":false,"keyPoints":[],"unlocked":false,"touchableObjects":[]}],"stackSize":5,"resolved":false},{"challengeScenes":[{"miniGameCards":[],"viewedAnimatic":false,"keyPoints":[],"unlocked":false,"touchableObjects":[]},{"miniGameCards":[],"viewedAnimatic":false,"keyPoints":[],"unlocked":false,"touchableObjects":[]},{"miniGameCards":[],"viewedAnimatic":false,"keyPoints":[],"unlocked":false,"touchableObjects":[]},{"miniGameCards":[],"viewedAnimatic":false,"keyPoints":[],"unlocked":false,"touchableObjects":[]},{"miniGameCards":[],"viewedAnimatic":false,"keyPoints":[],"unlocked":false,"touchableObjects":[]}],"stackSize":5,"resolved":false},{"challengeScenes":[{"miniGameCards":[],"viewedAnimatic":false,"keyPoints":[],"unlocked":false,"touchableObjects":[]},{"miniGameCards":[],"viewedAnimatic":false,"keyPoints":[],"unlocked":false,"touchableObjects":[]},{"miniGameCards":[],"viewedAnimatic":false,"keyPoints":[],"unlocked":false,"touchableObjects":[]},{"miniGameCards":[],"viewedAnimatic":false,"keyPoints":[],"unlocked":false,"touchableObjects":[]},{"miniGameCards":[],"viewedAnimatic":false,"keyPoints":[],"unlocked":false,"touchableObjects":[]}],"stackSize":5,"resolved":false},{"challengeScenes":[{"miniGameCards":[],"viewedAnimatic":false,"keyPoints":[],"unlocked":false,"touchableObjects":[]},{"miniGameCards":[],"viewedAnimatic":false,"keyPoints":[],"unlocked":false,"touchableObjects":[]},{"miniGameCards":[],"viewedAnimatic":false,"keyPoints":[],"unlocked":false,"touchableObjects":[]},{"miniGameCards":[],"viewedAnimatic":false,"keyPoints":[],"unlocked":false,"touchableObjects":[]},{"miniGameCards":[],"viewedAnimatic":false,"keyPoints":[],"unlocked":false,"touchableObjects":[]}],"stackSize":5,"resolved":false},{"challengeScenes":[{"miniGameCards":[],"viewedAnimatic":false,"keyPoints":[],"unlocked":false,"touchableObjects":[]},{"miniGameCards":[],"viewedAnimatic":false,"keyPoints":[],"unlocked":false,"touchableObjects":[]},{"miniGameCards":[],"viewedAnimatic":false,"keyPoints":[],"unlocked":false,"touchableObjects":[]},{"miniGameCards":[],"viewedAnimatic":false,"keyPoints":[],"unlocked":false,"touchableObjects":[]},{"miniGameCards":[],"viewedAnimatic":false,"keyPoints":[],"unlocked":false,"touchableObjects":[]}],"stackSize":5,"resolved":false},{"challengeScenes":[{"miniGameCards":[],"viewedAnimatic":false,"keyPoints":[],"unlocked":false,"touchableObjects":[]},{"miniGameCards":[],"viewedAnimatic":false,"keyPoints":[],"unlocked":false,"touchableObjects":[]},{"miniGameCards":[],"viewedAnimatic":false,"keyPoints":[],"unlocked":false,"touchableObjects":[]},{"miniGameCards":[],"viewedAnimatic":false,"keyPoints":[],"unlocked":false,"touchableObjects":[]},{"miniGameCards":[],"viewedAnimatic":false,"keyPoints":[],"unlocked":false,"touchableObjects":[]}],"stackSize":5,"resolved":false},{"challengeScenes":[{"miniGameCards":[],"viewedAnimatic":false,"keyPoints":[],"unlocked":false,"touchableObjects":[]},{"miniGameCards":[],"viewedAnimatic":false,"keyPoints":[],"unlocked":false,"touchableObjects":[]},{"miniGameCards":[],"viewedAnimatic":false,"keyPoints":[],"unlocked":false,"touchableObjects":[]},{"miniGameCards":[],"viewedAnimatic":false,"keyPoints":[],"unlocked":false,"touchableObjects":[]},{"miniGameCards":[],"viewedAnimatic":false,"keyPoints":[],"unlocked":false,"touchableObjects":[]}],"stackSize":5,"resolved":false},{"challengeScenes":[{"miniGameCards":[],"viewedAnimatic":false,"keyPoints":[],"unlocked":false,"touchableObjects":[]},{"miniGameCards":[],"viewedAnimatic":false,"keyPoints":[],"unlocked":false,"touchableObjects":[]},{"miniGameCards":[],"viewedAnimatic":false,"keyPoints":[],"unlocked":false,"touchableObjects":[]},{"miniGameCards":[],"viewedAnimatic":false,"keyPoints":[],"unlocked":false,"touchableObjects":[]},{"miniGameCards":[],"viewedAnimatic":false,"keyPoints":[],"unlocked":false,"touchableObjects":[]}],"stackSize":5,"resolved":false},{"challengeScenes":[{"miniGameCards":[],"viewedAnimatic":false,"keyPoints":[],"unlocked":false,"touchableObjects":[]},{"miniGameCards":[],"viewedAnimatic":false,"keyPoints":[],"unlocked":false,"touchableObjects":[]},{"miniGameCards":[],"viewedAnimatic":false,"keyPoints":[],"unlocked":false,"touchableObjects":[]},{"miniGameCards":[],"viewedAnimatic":false,"keyPoints":[],"unlocked":false,"touchableObjects":[]},{"miniGameCards":[],"viewedAnimatic":false,"keyPoints":[],"unlocked":false,"touchableObjects":[]}],"stackSize":5,"resolved":false},{"challengeScenes":[{"miniGameCards":[],"viewedAnimatic":false,"keyPoints":[],"unlocked":true,"touchableObjects":["c_player_cauc_M_a_G0a0","c_family_cauc_a_G0a0"]},{"miniGameCards":[],"viewedAnimatic":false,"keyPoints":["c_family_cauc_a_G0a1N","c_home_G0a1N","c_job_G0a1N"],"unlocked":true,"touchableObjects":["c_player_cauc_M_a_G0a1N","c_family_cauc_a_G0a1N","c_home_G0a1N","c_job_G0a1N"]},{"miniGameCards":[],"viewedAnimatic":false,"keyPoints":["c_Teacher_G0a1P","c_Nurse_G0a1P","c_kidsister_cauc_a_G0a1P","c_grandma_cauc_a_G0a1P","c_mom_cauc_a_G0a1P","c_dad_cauc_a_G0a1P"],"unlocked":true,"touchableObjects":["c_friends_G0a1P","c_Teacher_G0a1P","c_Nurse_G0a1P","c_kidsister_cauc_a_G0a1P","c_grandma_cauc_a_G0a1P","c_mom_cauc_a_G0a1P","c_dad_cauc_a_G0a1P"]}],"stackSize":3,"resolved":true}],"sessionId":1,"epilogue":{"rating":0},"playerId":642702600,"session":[{"sceneId":"1P","stackId":12},{"sceneId":"1P","stackId":0}],"minigames":[{"levelSaveData":[{"starRating":0,"unlocked":true},{"starRating":0,"unlocked":false},{"starRating":0,"unlocked":false},{"starRating":0,"unlocked":false},{"starRating":0,"unlocked":false},{"starRating":0,"unlocked":false},{"starRating":0,"unlocked":false},{"starRating":0,"unlocked":false},{"starRating":0,"unlocked":false},{"starRating":0,"unlocked":false}],"skillPoints":0},{"levelSaveData":[{"starRating":3,"unlocked":true},{"starRating":0,"unlocked":false},{"starRating":0,"unlocked":false},{"starRating":0,"unlocked":false},{"starRating":0,"unlocked":false},{"starRating":0,"unlocked":false},{"starRating":0,"unlocked":false},{"starRating":0,"unlocked":false},{"starRating":0,"unlocked":false},{"starRating":0,"unlocked":false}],"skillPoints":3},{"levelSaveData":[{"starRating":2,"unlocked":true},{"starRating":0,"unlocked":false},{"starRating":0,"unlocked":false},{"starRating":0,"unlocked":false},{"starRating":0,"unlocked":false},{"starRating":0,"unlocked":false},{"starRating":0,"unlocked":false},{"starRating":0,"unlocked":false},{"starRating":0,"unlocked":false},{"starRating":0,"unlocked":false}],"skillPoints":2},{"levelSaveData":[{"starRating":0,"unlocked":false},{"starRating":0,"unlocked":false},{"starRating":0,"unlocked":false},{"starRating":0,"unlocked":false},{"starRating":0,"unlocked":false},{"starRating":0,"unlocked":false},{"starRating":0,"unlocked":false},{"starRating":0,"unlocked":false},{"starRating":0,"unlocked":false},{"starRating":0,"unlocked":false}],"skillPoints":0},{"age":13,"name":"myles","gender":0,"id":1,"levelSaveData":[{"starRating":3,"unlocked":true},{"starRating":3,"chunks":[["0"],["4$$lazy","16$$smart"],["2$$food","17$$music","8$$winning"],["1"]],"unlocked":true},{"starRating":0,"chunks":[[null],[null,null],[null,null]],"unlocked":false},{"starRating":0,"chunks":[[null],[null],[null],[null],[null,null],[null]],"unlocked":false},{"starRating":0,"chunks":[[null],[null],[null,null],[null],[null],[null]],"unlocked":false},{"starRating":0,"chunks":[[null],[null,null,null,null],[null],[null]],"unlocked":false},{"starRating":0,"chunks":[[null],[null],[null,null],[null,null],[null]],"unlocked":false},{"starRating":0,"chunks":[[null,null,null],[null,null,null],[null],[null],[null]],"unlocked":false},{"starRating":0,"chunks":[[null,null,null],[null,null,null],[null,null]],"unlocked":false},{"starRating":0,"chunks":[[null],[null],[null],[null],[null],[null]],"unlocked":false}],"visualAvatar":0,"skillPoints":6}],"avatar":{"age":13,"name":"myles","gender":0,"id":1,"levelSaveData":[{"starRating":3,"unlocked":true},{"starRating":3,"chunks":[["0"],["4$$lazy","16$$smart"],["2$$food","17$$music","8$$winning"],["1"]],"unlocked":true},{"starRating":0,"chunks":[[null],[null,null],[null,null]],"unlocked":false},{"starRating":0,"chunks":[[null],[null],[null],[null],[null,null],[null]],"unlocked":false},{"starRating":0,"chunks":[[null],[null],[null,null],[null],[null],[null]],"unlocked":false},{"starRating":0,"chunks":[[null],[null,null,null,null],[null],[null]],"unlocked":false},{"starRating":0,"chunks":[[null],[null],[null,null],[null,null],[null]],"unlocked":false},{"starRating":0,"chunks":[[null,null,null],[null,null,null],[null],[null],[null]],"unlocked":false},{"starRating":0,"chunks":[[null,null,null],[null,null,null],[null,null]],"unlocked":false},{"starRating":0,"chunks":[[null],[null],[null],[null],[null],[null]],"unlocked":false}],"visualAvatar":0,"skillPoints":6}}
