6607002,0,0:44:45,2/12/2014 4:03:51pm
6607002,100,0:44:52,0
6607002,102,0:44:55,0
6607002,200,0:44:55,0,0,3,3,0,6
6607002,210,0:44:58,971,413
6607002,211,0:45:0,1091,359
6607002,210,0:45:3,1114,428
6607002,211,0:45:4,971,464
6607002,213,0:45:4,0,c_bestFriend_M_a_G7a1P,true
6607002,1003,0:45:8,0
6607002,1004,0:45:9,0
6607002,400,0:45:11,0,[]
6607002,401,0:45:15,0,[StatementsData_logId:0]
6607002,403,0:45:20,0,[StatementsData_logId:0,true]
6607002,405,0:45:22,0,[StatementsData_logId:0]
6607002,406,0:45:26,0,[StatementsData_logId:0,2]
6607002,407,0:45:26,0,[StatementsData_logId:0,FactCardData_id:4]
6607002,407,0:45:26,0,[StatementsData_logId:0,FactCardData_id:0]
6607002,407,0:45:26,0,[StatementsData_logId:0,FactCardData_id:7]
6607002,407,0:45:26,0,[StatementsData_logId:0,FactCardData_id:6]
6607002,407,0:45:26,0,[StatementsData_logId:0,FactCardData_id:5]
6607002,407,0:45:26,0,[StatementsData_logId:0,FactCardData_id:3]
6607002,407,0:45:30,0,[StatementsData_logId:0,FactCardData_id:4]
6607002,407,0:45:30,0,[StatementsData_logId:0,FactCardData_id:4]
6607002,407,0:45:33,0,[StatementsData_logId:0,FactCardData_id:0]
6607002,407,0:45:33,0,[StatementsData_logId:0,FactCardData_id:4]
6607002,407,0:45:33,0,[StatementsData_logId:0,FactCardData_id:0]
6607002,407,0:45:39,0,[StatementsData_logId:0,FactCardData_id:6]
6607002,407,0:45:39,0,[StatementsData_logId:0,FactCardData_id:0]
6607002,407,0:45:39,0,[StatementsData_logId:0,FactCardData_id:6]
6607002,407,0:45:45,0,[StatementsData_logId:0,FactCardData_id:3]
6607002,407,0:45:45,0,[StatementsData_logId:0,FactCardData_id:6]
6607002,407,0:45:45,0,[StatementsData_logId:0,FactCardData_id:3]
6607002,408,0:45:51,0,[StatementsData_logId:0,FactCardData_id:3,false]
6607002,406,0:46:3,0,[StatementsData_logId:0,-2]
6607002,411,0:46:10,0,[StatementsData_logId:0]
6607002,401,0:46:17,0,[StatementsData_logId:1]
6607002,402,0:46:18,0,[StatementsData_logId:1,true]
6607002,405,0:46:20,0,[StatementsData_logId:1]
6607002,406,0:46:24,0,[StatementsData_logId:1,2]
6607002,411,0:46:26,0,[StatementsData_logId:1]
6607002,401,0:46:33,0,[StatementsData_logId:2]
6607002,404,0:46:38,0,[StatementsData_logId:2,true]
6607002,406,0:46:41,0,[StatementsData_logId:2,2]
6607002,412,0:46:44,0,[StatementsData_logId:2]
6607002,413,0:46:59,0,[StatementsData_logId:2,DuelResponsesData_logId:3]
6607002,414,0:47:3,0,[StatementsData_logId:2,DuelResponsesData_logId:3]
6607002,415,0:47:16,0,[StatementsData_logId:2,DuelResponsesData_logId:3,DuelResponsesData_ok_player_response]
6607002,416,0:47:18,0,[StatementsData_logId:2,DuelResponsesData_logId:3]
6607002,417,0:47:21,0,[StatementsData_logId:2,DuelResponsesData_logId:3]
6607002,413,0:47:28,0,[StatementsData_logId:2,DuelResponsesData_logId:4]
6607002,414,0:47:43,0,[StatementsData_logId:2,DuelResponsesData_logId:4]
6607002,415,0:47:50,0,[StatementsData_logId:2,DuelResponsesData_logId:4,DuelResponsesData_witty_player_response]
6607002,416,0:47:51,0,[StatementsData_logId:2,DuelResponsesData_logId:4]
6607002,417,0:47:55,0,[StatementsData_logId:2,DuelResponsesData_logId:4]
6607002,413,0:48:2,0,[StatementsData_logId:2,DuelResponsesData_logId:5]
6607002,414,0:48:5,0,[StatementsData_logId:2,DuelResponsesData_logId:5]
6607002,415,0:48:10,0,[StatementsData_logId:2,DuelResponsesData_logId:5,DuelResponsesData_witty_player_response]
6607002,416,0:48:11,0,[StatementsData_logId:2,DuelResponsesData_logId:5]
6607002,417,0:48:14,0,[StatementsData_logId:2,DuelResponsesData_logId:5]
6607002,418,0:48:14,0,[StatementsData_logId:2,true]
6607002,419,0:48:22,0,[StatementsData_logId:2,4]
6607002,411,0:48:24,0,[StatementsData_logId:2]
6607002,401,0:48:30,0,[StatementsData_logId:3]
6607002,403,0:48:33,0,[StatementsData_logId:3,true]
6607002,405,0:48:35,0,[StatementsData_logId:3]
6607002,406,0:48:37,0,[StatementsData_logId:3,2]
6607002,407,0:48:37,0,[StatementsData_logId:3,FactCardData_id:0]
6607002,407,0:48:37,0,[StatementsData_logId:3,FactCardData_id:5]
6607002,407,0:48:37,0,[StatementsData_logId:3,FactCardData_id:6]
6607002,407,0:48:37,0,[StatementsData_logId:3,FactCardData_id:3]
6607002,407,0:48:37,0,[StatementsData_logId:3,FactCardData_id:4]
6607002,407,0:48:37,0,[StatementsData_logId:3,FactCardData_id:7]
6607002,407,0:48:41,0,[StatementsData_logId:3,FactCardData_id:4]
6607002,407,0:48:41,0,[StatementsData_logId:3,FactCardData_id:4]
6607002,407,0:48:42,0,[StatementsData_logId:3,FactCardData_id:3]
6607002,407,0:48:42,0,[StatementsData_logId:3,FactCardData_id:4]
6607002,407,0:48:42,0,[StatementsData_logId:3,FactCardData_id:3]
6607002,407,0:48:47,0,[StatementsData_logId:3,FactCardData_id:7]
6607002,407,0:48:47,0,[StatementsData_logId:3,FactCardData_id:3]
6607002,407,0:48:47,0,[StatementsData_logId:3,FactCardData_id:7]
6607002,407,0:48:48,0,[StatementsData_logId:3,FactCardData_id:5]
6607002,407,0:48:48,0,[StatementsData_logId:3,FactCardData_id:7]
6607002,407,0:48:48,0,[StatementsData_logId:3,FactCardData_id:5]
6607002,407,0:48:50,0,[StatementsData_logId:3,FactCardData_id:0]
6607002,407,0:48:50,0,[StatementsData_logId:3,FactCardData_id:5]
6607002,407,0:48:50,0,[StatementsData_logId:3,FactCardData_id:0]
6607002,408,0:48:52,0,[StatementsData_logId:3,FactCardData_id:0,true]
6607002,409,0:48:52,0,[StatementsData_logId:3]
6607002,410,0:48:54,0,[StatementsData_logId:3,2]
6607002,412,0:48:59,0,[StatementsData_logId:3]
6607002,413,0:49:4,0,[StatementsData_logId:3,DuelResponsesData_logId:6]
6607002,414,0:49:7,0,[StatementsData_logId:3,DuelResponsesData_logId:6]
6607002,415,0:49:18,0,[StatementsData_logId:3,DuelResponsesData_logId:6,DuelResponsesData_lame_player_response]
6607002,416,0:49:19,0,[StatementsData_logId:3,DuelResponsesData_logId:6]
6607002,417,0:49:23,0,[StatementsData_logId:3,DuelResponsesData_logId:6]
6607002,413,0:49:28,0,[StatementsData_logId:3,DuelResponsesData_logId:7]
6607002,414,0:49:30,0,[StatementsData_logId:3,DuelResponsesData_logId:7]
6607002,415,0:49:39,0,[StatementsData_logId:3,DuelResponsesData_logId:7,DuelResponsesData_ok_player_response]
6607002,416,0:49:39,0,[StatementsData_logId:3,DuelResponsesData_logId:7]
6607002,417,0:49:42,0,[StatementsData_logId:3,DuelResponsesData_logId:7]
6607002,413,0:49:51,0,[StatementsData_logId:3,DuelResponsesData_logId:8]
6607002,414,0:49:54,0,[StatementsData_logId:3,DuelResponsesData_logId:8]
6607002,415,0:49:57,0,[StatementsData_logId:3,DuelResponsesData_logId:8,DuelResponsesData_ok_player_response]
6607002,416,0:49:58,0,[StatementsData_logId:3,DuelResponsesData_logId:8]
6607002,417,0:50:0,0,[StatementsData_logId:3,DuelResponsesData_logId:8]
6607002,418,0:50:0,0,[StatementsData_logId:3,true]
6607002,419,0:50:4,0,[StatementsData_logId:3,4]
6607002,411,0:50:6,0,[StatementsData_logId:3]
6607002,401,0:50:10,0,[StatementsData_logId:4]
6607002,402,0:50:12,0,[StatementsData_logId:4,true]
6607002,405,0:50:13,0,[StatementsData_logId:4]
6607002,406,0:50:17,0,[StatementsData_logId:4,2]
6607002,411,0:50:18,0,[StatementsData_logId:4]
6607002,401,0:50:27,0,[StatementsData_logId:5]
6607002,404,0:50:29,0,[StatementsData_logId:5,true]
6607002,406,0:50:31,0,[StatementsData_logId:5,2]
6607002,412,0:50:34,0,[StatementsData_logId:5]
6607002,413,0:50:39,0,[StatementsData_logId:5,DuelResponsesData_logId:9]
6607002,414,0:50:46,0,[StatementsData_logId:5,DuelResponsesData_logId:9]
6607002,415,0:51:18,0,[StatementsData_logId:5,DuelResponsesData_logId:9,DuelResponsesData_lame_player_response]
6607002,416,0:51:19,0,[StatementsData_logId:5,DuelResponsesData_logId:9]
6607002,417,0:51:22,0,[StatementsData_logId:5,DuelResponsesData_logId:9]
6607002,413,0:51:26,0,[StatementsData_logId:5,DuelResponsesData_logId:10]
6607002,414,0:51:28,0,[StatementsData_logId:5,DuelResponsesData_logId:10]
6607002,415,0:51:38,0,[StatementsData_logId:5,DuelResponsesData_logId:10,DuelResponsesData_witty_player_response]
6607002,416,0:51:39,0,[StatementsData_logId:5,DuelResponsesData_logId:10]
6607002,417,0:51:42,0,[StatementsData_logId:5,DuelResponsesData_logId:10]
6607002,413,0:51:52,0,[StatementsData_logId:5,DuelResponsesData_logId:11]
6607002,414,0:51:57,0,[StatementsData_logId:5,DuelResponsesData_logId:11]
6607002,415,0:52:7,0,[StatementsData_logId:5,DuelResponsesData_logId:11,DuelResponsesData_ok_player_response]
6607002,416,0:52:8,0,[StatementsData_logId:5,DuelResponsesData_logId:11]
6607002,417,0:52:10,0,[StatementsData_logId:5,DuelResponsesData_logId:11]
6607002,418,0:52:10,0,[StatementsData_logId:5,false]
6607002,419,0:52:13,0,[StatementsData_logId:5,-4]
6607002,411,0:52:16,0,[StatementsData_logId:5]
6607002,420,0:52:16,0,[48]
6607002,1005,0:52:16,0,[0,0,2]
6607002,1001,0:52:19,0,[]
6607002,1003,0:52:19,0
6607002,210,0:52:23,967,463
6607002,211,0:52:24,964,457
6607002,213,0:52:24,0,c_bestFriend_M_a_G7a1P,true
6607002,1003,0:52:28,0
6607002,1004,0:52:29,0
6607002,400,0:52:31,0,[]
6607002,401,0:52:32,0,[StatementsData_logId:0]
6607002,403,0:52:34,0,[StatementsData_logId:0,true]
6607002,405,0:52:35,0,[StatementsData_logId:0]
6607002,406,0:52:37,0,[StatementsData_logId:0,2]
6607002,407,0:52:37,0,[StatementsData_logId:0,FactCardData_id:7]
6607002,407,0:52:37,0,[StatementsData_logId:0,FactCardData_id:3]
6607002,407,0:52:37,0,[StatementsData_logId:0,FactCardData_id:6]
6607002,407,0:52:37,0,[StatementsData_logId:0,FactCardData_id:0]
6607002,407,0:52:37,0,[StatementsData_logId:0,FactCardData_id:4]
6607002,407,0:52:37,0,[StatementsData_logId:0,FactCardData_id:5]
6607002,407,0:52:38,0,[StatementsData_logId:0,FactCardData_id:0]
6607002,407,0:52:38,0,[StatementsData_logId:0,FactCardData_id:0]
6607002,407,0:52:41,0,[StatementsData_logId:0,FactCardData_id:5]
6607002,407,0:52:41,0,[StatementsData_logId:0,FactCardData_id:0]
6607002,407,0:52:41,0,[StatementsData_logId:0,FactCardData_id:5]
6607002,407,0:52:42,0,[StatementsData_logId:0,FactCardData_id:3]
6607002,407,0:52:42,0,[StatementsData_logId:0,FactCardData_id:5]
6607002,407,0:52:42,0,[StatementsData_logId:0,FactCardData_id:3]
6607002,407,0:52:44,0,[StatementsData_logId:0,FactCardData_id:4]
6607002,407,0:52:44,0,[StatementsData_logId:0,FactCardData_id:3]
6607002,407,0:52:44,0,[StatementsData_logId:0,FactCardData_id:4]
6607002,407,0:52:46,0,[StatementsData_logId:0,FactCardData_id:6]
6607002,407,0:52:46,0,[StatementsData_logId:0,FactCardData_id:4]
6607002,407,0:52:46,0,[StatementsData_logId:0,FactCardData_id:6]
6607002,408,0:52:48,0,[StatementsData_logId:0,FactCardData_id:6,true]
6607002,409,0:52:48,0,[StatementsData_logId:0]
6607002,410,0:52:49,0,[StatementsData_logId:0,2]
6607002,412,0:52:52,0,[StatementsData_logId:0]
6607002,413,0:52:57,0,[StatementsData_logId:0,DuelResponsesData_logId:0]
6607002,414,0:52:59,0,[StatementsData_logId:0,DuelResponsesData_logId:0]
6607002,415,0:53:13,0,[StatementsData_logId:0,DuelResponsesData_logId:0,DuelResponsesData_ok_player_response]
6607002,416,0:53:14,0,[StatementsData_logId:0,DuelResponsesData_logId:0]
6607002,417,0:53:15,0,[StatementsData_logId:0,DuelResponsesData_logId:0]
6607002,413,0:53:16,0,[StatementsData_logId:0,DuelResponsesData_logId:1]
6607002,414,0:53:21,0,[StatementsData_logId:0,DuelResponsesData_logId:1]
6607002,415,0:53:38,0,[StatementsData_logId:0,DuelResponsesData_logId:1,DuelResponsesData_witty_player_response]
6607002,416,0:53:38,0,[StatementsData_logId:0,DuelResponsesData_logId:1]
6607002,417,0:53:40,0,[StatementsData_logId:0,DuelResponsesData_logId:1]
6607002,413,0:53:51,0,[StatementsData_logId:0,DuelResponsesData_logId:2]
6607002,414,0:53:55,0,[StatementsData_logId:0,DuelResponsesData_logId:2]
6607002,415,0:54:10,0,[StatementsData_logId:0,DuelResponsesData_logId:2,DuelResponsesData_witty_player_response]
6607002,416,0:54:10,0,[StatementsData_logId:0,DuelResponsesData_logId:2]
6607002,417,0:54:12,0,[StatementsData_logId:0,DuelResponsesData_logId:2]
6607002,418,0:54:12,0,[StatementsData_logId:0,true]
6607002,419,0:54:15,0,[StatementsData_logId:0,4]
6607002,411,0:54:16,0,[StatementsData_logId:0]
6607002,401,0:54:19,0,[StatementsData_logId:1]
6607002,402,0:54:20,0,[StatementsData_logId:1,true]
6607002,405,0:54:20,0,[StatementsData_logId:1]
6607002,406,0:54:22,0,[StatementsData_logId:1,2]
6607002,411,0:54:24,0,[StatementsData_logId:1]
6607002,401,0:54:28,0,[StatementsData_logId:2]
6607002,404,0:54:29,0,[StatementsData_logId:2,true]
6607002,406,0:54:30,0,[StatementsData_logId:2,2]
6607002,412,0:54:34,0,[StatementsData_logId:2]
6607002,413,0:54:36,0,[StatementsData_logId:2,DuelResponsesData_logId:3]
6607002,414,0:54:37,0,[StatementsData_logId:2,DuelResponsesData_logId:3]
6607002,415,0:54:44,0,[StatementsData_logId:2,DuelResponsesData_logId:3,DuelResponsesData_ok_player_response]
6607002,416,0:54:44,0,[StatementsData_logId:2,DuelResponsesData_logId:3]
6607002,417,0:54:46,0,[StatementsData_logId:2,DuelResponsesData_logId:3]
6607002,413,0:54:47,0,[StatementsData_logId:2,DuelResponsesData_logId:4]
6607002,414,0:54:49,0,[StatementsData_logId:2,DuelResponsesData_logId:4]
6607002,415,0:55:1,0,[StatementsData_logId:2,DuelResponsesData_logId:4,DuelResponsesData_witty_player_response]
6607002,416,0:55:2,0,[StatementsData_logId:2,DuelResponsesData_logId:4]
6607002,417,0:55:4,0,[StatementsData_logId:2,DuelResponsesData_logId:4]
6607002,413,0:55:8,0,[StatementsData_logId:2,DuelResponsesData_logId:5]
6607002,414,0:55:9,0,[StatementsData_logId:2,DuelResponsesData_logId:5]
6607002,415,0:55:13,0,[StatementsData_logId:2,DuelResponsesData_logId:5,DuelResponsesData_witty_player_response]
6607002,416,0:55:13,0,[StatementsData_logId:2,DuelResponsesData_logId:5]
6607002,417,0:55:15,0,[StatementsData_logId:2,DuelResponsesData_logId:5]
6607002,418,0:55:15,0,[StatementsData_logId:2,true]
6607002,419,0:55:18,0,[StatementsData_logId:2,4]
6607002,411,0:55:19,0,[StatementsData_logId:2]
6607002,401,0:55:20,0,[StatementsData_logId:3]
6607002,403,0:55:26,0,[StatementsData_logId:3,true]
6607002,405,0:55:27,0,[StatementsData_logId:3]
6607002,406,0:55:28,0,[StatementsData_logId:3,2]
6607002,407,0:55:28,0,[StatementsData_logId:3,FactCardData_id:7]
6607002,407,0:55:28,0,[StatementsData_logId:3,FactCardData_id:0]
6607002,407,0:55:28,0,[StatementsData_logId:3,FactCardData_id:6]
6607002,407,0:55:28,0,[StatementsData_logId:3,FactCardData_id:4]
6607002,407,0:55:28,0,[StatementsData_logId:3,FactCardData_id:3]
6607002,407,0:55:28,0,[StatementsData_logId:3,FactCardData_id:5]
6607002,407,0:55:29,0,[StatementsData_logId:3,FactCardData_id:0]
6607002,407,0:55:29,0,[StatementsData_logId:3,FactCardData_id:0]
6607002,408,0:55:35,0,[StatementsData_logId:3,FactCardData_id:0,true]
6607002,409,0:55:35,0,[StatementsData_logId:3]
6607002,410,0:55:36,0,[StatementsData_logId:3,2]
6607002,412,0:55:40,0,[StatementsData_logId:3]
6607002,413,0:55:43,0,[StatementsData_logId:3,DuelResponsesData_logId:6]
6607002,414,0:55:44,0,[StatementsData_logId:3,DuelResponsesData_logId:6]
6607002,415,0:55:53,0,[StatementsData_logId:3,DuelResponsesData_logId:6,DuelResponsesData_witty_player_response]
6607002,416,0:55:53,0,[StatementsData_logId:3,DuelResponsesData_logId:6]
6607002,417,0:55:56,0,[StatementsData_logId:3,DuelResponsesData_logId:6]
6607002,413,0:56:0,0,[StatementsData_logId:3,DuelResponsesData_logId:7]
6607002,414,0:56:2,0,[StatementsData_logId:3,DuelResponsesData_logId:7]
6607002,415,0:56:8,0,[StatementsData_logId:3,DuelResponsesData_logId:7,DuelResponsesData_ok_player_response]
6607002,416,0:56:9,0,[StatementsData_logId:3,DuelResponsesData_logId:7]
6607002,417,0:56:10,0,[StatementsData_logId:3,DuelResponsesData_logId:7]
6607002,413,0:56:14,0,[StatementsData_logId:3,DuelResponsesData_logId:8]
6607002,414,0:56:16,0,[StatementsData_logId:3,DuelResponsesData_logId:8]
6607002,415,0:56:27,0,[StatementsData_logId:3,DuelResponsesData_logId:8,DuelResponsesData_ok_player_response]
6607002,416,0:56:28,0,[StatementsData_logId:3,DuelResponsesData_logId:8]
6607002,417,0:56:29,0,[StatementsData_logId:3,DuelResponsesData_logId:8]
6607002,418,0:56:29,0,[StatementsData_logId:3,true]
6607002,419,0:56:30,0,[StatementsData_logId:3,4]
6607002,411,0:56:31,0,[StatementsData_logId:3]
6607002,401,0:56:34,0,[StatementsData_logId:4]
6607002,402,0:56:34,0,[StatementsData_logId:4,true]
6607002,405,0:56:35,0,[StatementsData_logId:4]
6607002,406,0:56:43,0,[StatementsData_logId:4,2]
6607002,411,0:56:44,0,[StatementsData_logId:4]
6607002,401,0:56:48,0,[StatementsData_logId:5]
6607002,404,0:56:49,0,[StatementsData_logId:5,true]
6607002,406,0:56:49,0,[StatementsData_logId:5,2]
6607002,412,0:56:52,0,[StatementsData_logId:5]
6607002,413,0:56:55,0,[StatementsData_logId:5,DuelResponsesData_logId:9]
6607002,414,0:56:56,0,[StatementsData_logId:5,DuelResponsesData_logId:9]
6607002,415,0:57:6,0,[StatementsData_logId:5,DuelResponsesData_logId:9,DuelResponsesData_ok_player_response]
6607002,416,0:57:7,0,[StatementsData_logId:5,DuelResponsesData_logId:9]
6607002,417,0:57:8,0,[StatementsData_logId:5,DuelResponsesData_logId:9]
6607002,413,0:57:12,0,[StatementsData_logId:5,DuelResponsesData_logId:10]
6607002,414,0:57:13,0,[StatementsData_logId:5,DuelResponsesData_logId:10]
6607002,415,0:57:16,0,[StatementsData_logId:5,DuelResponsesData_logId:10,DuelResponsesData_witty_player_response]
6607002,416,0:57:17,0,[StatementsData_logId:5,DuelResponsesData_logId:10]
6607002,417,0:57:18,0,[StatementsData_logId:5,DuelResponsesData_logId:10]
6607002,413,0:57:21,0,[StatementsData_logId:5,DuelResponsesData_logId:11]
6607002,414,0:57:33,0,[StatementsData_logId:5,DuelResponsesData_logId:11]
6607002,415,0:57:39,0,[StatementsData_logId:5,DuelResponsesData_logId:11,DuelResponsesData_ok_player_response]
6607002,416,0:57:40,0,[StatementsData_logId:5,DuelResponsesData_logId:11]
6607002,417,0:57:42,0,[StatementsData_logId:5,DuelResponsesData_logId:11]
6607002,418,0:57:42,0,[StatementsData_logId:5,true]
6607002,419,0:57:43,0,[StatementsData_logId:5,4]
6607002,411,0:57:44,0,[StatementsData_logId:5]
6607002,420,0:57:44,0,[64]
6607002,1005,0:57:44,0,[0,2,3]
6607002,1001,0:57:45,0,[]
6607002,1003,0:57:45,0
6607002,210,0:57:49,1010,472
6607002,211,0:57:49,993,436
6607002,213,0:57:49,0,c_bestFriend_M_a_G7a1P,true
6607002,205,0:57:49,0,c_bestFriend_M_a_G7a1P,false,false
6607002,210,0:57:53,1148,516
6607002,207,0:57:57,0,-400,-340
6607002,207,0:57:59,0,-340,-175
6607002,207,0:58:0,0,-175,0
6607002,207,0:58:2,0,0,-105
6607002,211,0:58:4,952,501
6607002,213,0:58:4,0,c_bestFriend_M_a_G7a1P,true
6607002,205,0:58:4,0,c_bestFriend_M_a_G7a1P,false,true
6607002,212,0:58:7,2
6607002,210,0:58:8,935,465
6607002,207,0:58:9,0,-105,-390
6607002,207,0:58:13,0,-390,-60
6607002,211,0:58:14,266,152
6607002,213,0:58:14,0,s_flag_gen,true
6607002,205,0:58:14,0,s_flag_gen,false,false
6607002,210,0:58:18,542,186
6607002,207,0:58:21,0,-60,-270
6607002,211,0:58:22,1209,371
6607002,212,0:58:23,0
6607002,210,0:58:23,1206,505
6607002,211,0:58:25,1225,556
6607002,207,0:58:25,0,-270,-285
6607002,212,0:58:25,1
6607002,210,0:58:25,1184,530
6607002,211,0:58:26,764,500
6607002,213,0:58:26,0,c_teacherEng_G7a1P,true
6607002,205,0:58:26,0,c_teacherEng_G7a1P,false,false
6607002,210,0:58:30,946,456
6607002,211,0:58:31,1221,175
6607002,213,0:58:31,0,s_clock_G7a1P,true
6607002,210,0:58:33,1000,306
6607002,207,0:58:35,0,-285,0
6607002,211,0:58:36,173,457
6607002,221,0:58:39,0
6607002,220,0:58:41,0
6607002,210,0:58:42,771,383
6607002,207,0:58:45,0,0,-495
6607002,207,0:58:46,0,-495,-518
6607002,211,0:58:47,1509,330
6607002,213,0:58:47,0,s_paperEnglish_gen,true
6607002,205,0:58:47,0,s_paperEnglish_gen,false,false
6607002,221,0:58:51,0
6607002,220,0:58:52,0
6607002,203,0:58:52,0
6607002,100,0:58:56,1
6607002,102,0:58:57,1
6607002,200,0:58:57,1,3,3,3,0,6
6607002,219,0:58:57,1
6607002,216,0:58:59,Stack_G7b0
6607002,217,0:59:24,Stack_G7b0,21,0.00
6607002,218,0:59:28,1
6607002,210,0:59:30,1190,397
6607002,207,0:59:33,1,-500,-800
6607002,207,0:59:37,1,-800,-530
6607002,207,0:59:39,1,-530,-230
6607002,207,0:59:40,1,-230,0
6607002,211,0:59:41,203,461
6607002,213,0:59:41,1,c_kidSister_lati_a_G7b0,true
6607002,205,0:59:41,1,c_kidSister_lati_a_G7b0,false,false
6607002,210,0:59:44,534,484
6607002,207,0:59:49,1,0,-810
6607002,207,0:59:51,1,-810,-1031
6607002,211,0:59:55,1712,350
6607002,212,0:59:55,2
6607002,210,0:59:56,1941,486
6607002,211,0:59:57,1384,491
6607002,213,0:59:57,1,c_cousin_M_a_G7b0,true
6607002,210,1:0:0,1607,480
6607002,207,1:0:4,1,-1031,-146
6607002,211,1:0:7,986,439
6607002,213,1:0:7,1,c_crewKid1_M_G7b0,false
6607002,1003,1:0:12,2
6607002,1004,1:0:13,1
6607002,900,1:0:15,1,[]
6607002,901,1:0:16,1,[PeopleData_id:3]
6607002,902,1:0:17,1,[PeopleData_id:3,PeopleData_data0Type]
6607002,902,1:0:24,1,[PeopleData_id:3,PeopleData_data1Type]
6607002,902,1:0:25,1,[PeopleData_id:3,PeopleData_data1Type]
6607002,902,1:0:27,1,[PeopleData_id:3,PeopleData_data2Type]
6607002,902,1:0:29,1,[PeopleData_id:3,PeopleData_data3Type]
6607002,903,1:0:33,1,[PeopleData_id3,PeopleData_data3Type]
6607002,901,1:0:34,1,[PeopleData_id:3]
6607002,904,1:0:34,1,[PeopleData_id:3]
6607002,905,1:0:35,1,[PeopleData_id:3,RankTypes_id:-1,RankTypes_id:0]
6607002,901,1:0:36,1,[PeopleData_id:4]
6607002,902,1:0:37,1,[PeopleData_id:4,PeopleData_data0Type]
6607002,902,1:0:39,1,[PeopleData_id:4,PeopleData_data1Type]
6607002,902,1:0:42,1,[PeopleData_id:4,PeopleData_data2Type]
6607002,902,1:0:45,1,[PeopleData_id:4,PeopleData_data3Type]
6607002,903,1:0:46,1,[PeopleData_id4,PeopleData_data3Type]
6607002,901,1:0:47,1,[PeopleData_id:4]
6607002,904,1:0:47,1,[PeopleData_id:4]
6607002,905,1:0:47,1,[PeopleData_id:4,RankTypes_id:-1,RankTypes_id:4]
6607002,901,1:0:55,1,[PeopleData_id:0]
6607002,904,1:0:55,1,[PeopleData_id:0]
6607002,901,1:0:56,1,[PeopleData_id:0]
6607002,902,1:0:56,1,[PeopleData_id:0,PeopleData_data0Type]
6607002,903,1:0:59,1,[PeopleData_id0,PeopleData_data0Type]
6607002,902,1:1:0,1,[PeopleData_id:0,PeopleData_data1Type]
6607002,903,1:1:3,1,[PeopleData_id0,PeopleData_data1Type]
6607002,902,1:1:4,1,[PeopleData_id:0,PeopleData_data2Type]
6607002,903,1:1:8,1,[PeopleData_id0,PeopleData_data2Type]
6607002,901,1:1:9,1,[PeopleData_id:0]
6607002,904,1:1:9,1,[PeopleData_id:0]
6607002,905,1:1:9,1,[PeopleData_id:0,RankTypes_id:-1,RankTypes_id:1]
6607002,901,1:1:10,1,[PeopleData_id:2]
6607002,902,1:1:11,1,[PeopleData_id:2,PeopleData_data0Type]
6607002,902,1:1:14,1,[PeopleData_id:2,PeopleData_data1Type]
6607002,902,1:1:15,1,[PeopleData_id:2,PeopleData_data1Type]
6607002,902,1:1:17,1,[PeopleData_id:2,PeopleData_data2Type]
6607002,902,1:1:19,1,[PeopleData_id:2,PeopleData_data3Type]
6607002,903,1:1:22,1,[PeopleData_id2,PeopleData_data3Type]
6607002,901,1:1:23,1,[PeopleData_id:2]
6607002,904,1:1:23,1,[PeopleData_id:2]
6607002,905,1:1:25,1,[PeopleData_id:2,RankTypes_id:-1,RankTypes_id:1]
6607002,901,1:1:26,1,[PeopleData_id:6]
6607002,902,1:1:28,1,[PeopleData_id:6,PeopleData_data0Type]
6607002,902,1:1:31,1,[PeopleData_id:6,PeopleData_data1Type]
6607002,902,1:1:35,1,[PeopleData_id:6,PeopleData_data2Type]
6607002,902,1:1:37,1,[PeopleData_id:6,PeopleData_data3Type]
6607002,903,1:1:38,1,[PeopleData_id6,PeopleData_data3Type]
6607002,901,1:1:39,1,[PeopleData_id:1]
6607002,904,1:1:39,1,[PeopleData_id:1]
6607002,905,1:1:39,1,[PeopleData_id:1,RankTypes_id:-1,RankTypes_id:2]
6607002,901,1:1:41,1,[PeopleData_id:6]
6607002,902,1:1:44,1,[PeopleData_id:6,PeopleData_data0Type]
6607002,902,1:1:46,1,[PeopleData_id:6,PeopleData_data1Type]
6607002,902,1:1:47,1,[PeopleData_id:6,PeopleData_data2Type]
6607002,903,1:1:49,1,[PeopleData_id6,PeopleData_data2Type]
6607002,901,1:1:49,1,[PeopleData_id:2]
6607002,904,1:1:49,1,[PeopleData_id:2]
6607002,901,1:1:50,1,[PeopleData_id:2]
6607002,904,1:1:50,1,[PeopleData_id:2]
6607002,901,1:1:52,1,[PeopleData_id:5]
6607002,901,1:1:53,1,[PeopleData_id:6]
6607002,902,1:1:54,1,[PeopleData_id:6,PeopleData_data0Type]
6607002,902,1:1:56,1,[PeopleData_id:6,PeopleData_data1Type]
6607002,903,1:1:58,1,[PeopleData_id6,PeopleData_data1Type]
6607002,901,1:1:58,1,[PeopleData_id:6]
6607002,904,1:1:58,1,[PeopleData_id:6]
6607002,905,1:1:59,1,[PeopleData_id:6,RankTypes_id:-1,RankTypes_id:1]
6607002,901,1:1:59,1,[PeopleData_id:2]
6607002,904,1:1:59,1,[PeopleData_id:2]
6607002,905,1:2:0,1,[PeopleData_id:2,RankTypes_id:1,RankTypes_id:2]
6607002,901,1:2:1,1,[PeopleData_id:6]
6607002,904,1:2:1,1,[PeopleData_id:6]
6607002,905,1:2:1,1,[PeopleData_id:6,RankTypes_id:1,RankTypes_id:1]
6607002,901,1:2:2,1,[PeopleData_id:2]
6607002,904,1:2:2,1,[PeopleData_id:2]
6607002,905,1:2:2,1,[PeopleData_id:2,RankTypes_id:2,RankTypes_id:2]
6607002,901,1:2:3,1,[PeopleData_id:2]
6607002,904,1:2:3,1,[PeopleData_id:2]
6607002,905,1:2:3,1,[PeopleData_id:2,RankTypes_id:2,RankTypes_id:3]
6607002,901,1:2:4,1,[PeopleData_id:2]
6607002,904,1:2:4,1,[PeopleData_id:2]
6607002,905,1:2:4,1,[PeopleData_id:2,RankTypes_id:3,RankTypes_id:4]
6607002,901,1:2:5,1,[PeopleData_id:2]
6607002,904,1:2:5,1,[PeopleData_id:2]
6607002,905,1:2:6,1,[PeopleData_id:2,RankTypes_id:4,RankTypes_id:2]
6607002,901,1:2:6,1,[PeopleData_id:2]
6607002,904,1:2:6,1,[PeopleData_id:2]
6607002,905,1:2:7,1,[PeopleData_id:2,RankTypes_id:2,RankTypes_id:0]
6607002,901,1:2:7,1,[PeopleData_id:2]
6607002,904,1:2:7,1,[PeopleData_id:2]
6607002,905,1:2:8,1,[PeopleData_id:2,RankTypes_id:0,RankTypes_id:1]
6607002,901,1:2:8,1,[PeopleData_id:2]
6607002,904,1:2:8,1,[PeopleData_id:2]
6607002,905,1:2:9,1,[PeopleData_id:2,RankTypes_id:1,RankTypes_id:2]
6607002,901,1:2:9,1,[PeopleData_id:2]
6607002,904,1:2:9,1,[PeopleData_id:2]
6607002,905,1:2:10,1,[PeopleData_id:2,RankTypes_id:2,RankTypes_id:3]
6607002,902,1:2:11,1,[PeopleData_id:2,PeopleData_data0Type]
6607002,902,1:2:13,1,[PeopleData_id:2,PeopleData_data1Type]
6607002,902,1:2:14,1,[PeopleData_id:2,PeopleData_data2Type]
6607002,903,1:2:16,1,[PeopleData_id2,PeopleData_data2Type]
6607002,901,1:2:16,1,[PeopleData_id:2]
6607002,904,1:2:16,1,[PeopleData_id:2]
6607002,905,1:2:17,1,[PeopleData_id:2,RankTypes_id:3,RankTypes_id:1]
6607002,901,1:2:18,1,[PeopleData_id:5]
6607002,902,1:2:19,1,[PeopleData_id:5,PeopleData_data0Type]
6607002,902,1:2:23,1,[PeopleData_id:5,PeopleData_data1Type]
6607002,902,1:2:25,1,[PeopleData_id:5,PeopleData_data2Type]
6607002,903,1:2:26,1,[PeopleData_id5,PeopleData_data2Type]
6607002,901,1:2:27,1,[PeopleData_id:5]
6607002,904,1:2:27,1,[PeopleData_id:5]
6607002,905,1:2:28,1,[PeopleData_id:5,RankTypes_id:-1,RankTypes_id:4]
6607002,906,1:2:28,1,[]
6607002,901,1:2:29,1,[PeopleData_id:5]
6607002,904,1:2:29,1,[PeopleData_id:5]
6607002,905,1:2:29,1,[PeopleData_id:5,RankTypes_id:4,RankTypes_id:3]
6607002,907,1:2:30,1,[]
6607002,908,1:2:31,1,[InvitationData_id:3,PeopleData_id:4,RankTypes_id:4]
6607002,909,1:2:37,1,[InvitationData_id:3,PeopleData_id:4,RankTypes_id:4,1]
6607002,910,1:2:37,1,[InvitationData_id:3,9,false]
6607002,908,1:2:37,1,[InvitationData_id:2,PeopleData_id:4,RankTypes_id:4]
6607002,909,1:2:44,1,[InvitationData_id:2,PeopleData_id:4,RankTypes_id:4,0]
6607002,910,1:2:46,1,[InvitationData_id:2,-11,false]
6607002,908,1:2:46,1,[InvitationData_id:7,PeopleData_id:2,RankTypes_id:1]
6607002,909,1:2:52,1,[InvitationData_id:7,PeopleData_id:2,RankTypes_id:1,0]
6607002,910,1:2:52,1,[InvitationData_id:7,0,false]
6607002,908,1:2:52,1,[InvitationData_id:6,PeopleData_id:4,RankTypes_id:4]
6607002,909,1:2:59,1,[InvitationData_id:6,PeopleData_id:4,RankTypes_id:4,1]
6607002,910,1:3:0,1,[InvitationData_id:6,9,false]
6607002,908,1:3:0,1,[InvitationData_id:1,PeopleData_id:4,RankTypes_id:4]
6607002,909,1:3:9,1,[InvitationData_id:1,PeopleData_id:4,RankTypes_id:4,1]
6607002,910,1:3:10,1,[InvitationData_id:1,9,false]
6607002,908,1:3:10,1,[InvitationData_id:8,PeopleData_id:4,RankTypes_id:4]
6607002,909,1:3:14,1,[InvitationData_id:8,PeopleData_id:4,RankTypes_id:4,0]
6607002,910,1:3:18,1,[InvitationData_id:8,-11,false]
6607002,908,1:3:18,1,[InvitationData_id:9,PeopleData_id:4,RankTypes_id:4]
6607002,909,1:3:21,1,[InvitationData_id:9,PeopleData_id:4,RankTypes_id:4,1]
6607002,910,1:3:22,1,[InvitationData_id:9,0,true]
6607002,908,1:3:22,1,[InvitationData_id:0,PeopleData_id:4,RankTypes_id:4]
6607002,909,1:3:26,1,[InvitationData_id:0,PeopleData_id:4,RankTypes_id:4,1]
6607002,910,1:3:26,1,[InvitationData_id:0,9,false]
6607002,908,1:3:26,1,[InvitationData_id:10,PeopleData_id:4,RankTypes_id:4]
6607002,909,1:3:29,1,[InvitationData_id:10,PeopleData_id:4,RankTypes_id:4,1]
6607002,910,1:3:30,1,[InvitationData_id:10,9,false]
6607002,908,1:3:30,1,[InvitationData_id:4,PeopleData_id:0,RankTypes_id:1]
6607002,901,1:3:34,1,[PeopleData_id:0]
6607002,909,1:3:45,1,[InvitationData_id:4,PeopleData_id:0,RankTypes_id:1,1]
6607002,910,1:3:46,1,[InvitationData_id:4,0,true]
6607002,908,1:3:46,1,[InvitationData_id:5,PeopleData_id:6,RankTypes_id:1]
6607002,909,1:3:48,1,[InvitationData_id:5,PeopleData_id:6,RankTypes_id:1,0]
6607002,910,1:3:49,1,[InvitationData_id:5,0,false]
6607002,911,1:3:50,1,[23,2,2,2]
6607002,1005,1:3:50,1,[2,0,1]
6607002,1000,1:3:52,1,[]
6607002,900,1:3:52,1,[]
6607002,901,1:3:53,1,[PeopleData_id:2]
6607002,902,1:3:54,1,[PeopleData_id:2,PeopleData_data0Type]
6607002,902,1:3:56,1,[PeopleData_id:2,PeopleData_data1Type]
6607002,903,1:3:59,1,[PeopleData_id2,PeopleData_data1Type]
6607002,901,1:4:0,1,[PeopleData_id:2]
6607002,904,1:4:0,1,[PeopleData_id:2]
6607002,905,1:4:1,1,[PeopleData_id:2,RankTypes_id:-1,RankTypes_id:1]
6607002,901,1:4:1,1,[PeopleData_id:0]
6607002,902,1:4:2,1,[PeopleData_id:0,PeopleData_data0Type]
6607002,903,1:4:4,1,[PeopleData_id0,PeopleData_data0Type]
6607002,901,1:4:4,1,[PeopleData_id:0]
6607002,904,1:4:5,1,[PeopleData_id:0]
6607002,905,1:4:5,1,[PeopleData_id:0,RankTypes_id:-1,RankTypes_id:4]
6607002,901,1:4:5,1,[PeopleData_id:1]
6607002,902,1:4:6,1,[PeopleData_id:1,PeopleData_data0Type]
6607002,903,1:4:9,1,[PeopleData_id1,PeopleData_data0Type]
6607002,901,1:4:9,1,[PeopleData_id:1]
6607002,904,1:4:9,1,[PeopleData_id:1]
6607002,905,1:4:10,1,[PeopleData_id:1,RankTypes_id:-1,RankTypes_id:3]
6607002,901,1:4:11,1,[PeopleData_id:5]
6607002,902,1:4:12,1,[PeopleData_id:5,PeopleData_data0Type]
6607002,902,1:4:14,1,[PeopleData_id:5,PeopleData_data1Type]
6607002,903,1:4:15,1,[PeopleData_id5,PeopleData_data1Type]
6607002,901,1:4:16,1,[PeopleData_id:5]
6607002,904,1:4:16,1,[PeopleData_id:5]
6607002,905,1:4:16,1,[PeopleData_id:5,RankTypes_id:-1,RankTypes_id:3]
6607002,901,1:4:17,1,[PeopleData_id:3]
6607002,902,1:4:18,1,[PeopleData_id:3,PeopleData_data0Type]
6607002,902,1:4:20,1,[PeopleData_id:3,PeopleData_data1Type]
6607002,903,1:4:20,1,[PeopleData_id3,PeopleData_data1Type]
6607002,901,1:4:21,1,[PeopleData_id:3]
6607002,904,1:4:21,1,[PeopleData_id:3]
6607002,905,1:4:22,1,[PeopleData_id:3,RankTypes_id:-1,RankTypes_id:0]
6607002,901,1:4:22,1,[PeopleData_id:6]
6607002,902,1:4:23,1,[PeopleData_id:6,PeopleData_data0Type]
6607002,903,1:4:25,1,[PeopleData_id6,PeopleData_data0Type]
6607002,901,1:4:26,1,[PeopleData_id:6]
6607002,904,1:4:26,1,[PeopleData_id:6]
6607002,905,1:4:26,1,[PeopleData_id:6,RankTypes_id:-1,RankTypes_id:1]
6607002,901,1:4:26,1,[PeopleData_id:4]
6607002,902,1:4:28,1,[PeopleData_id:4,PeopleData_data0Type]
6607002,902,1:4:29,1,[PeopleData_id:4,PeopleData_data1Type]
6607002,902,1:4:30,1,[PeopleData_id:4,PeopleData_data2Type]
6607002,903,1:4:31,1,[PeopleData_id4,PeopleData_data2Type]
6607002,901,1:4:32,1,[PeopleData_id:4]
6607002,904,1:4:32,1,[PeopleData_id:4]
6607002,905,1:4:32,1,[PeopleData_id:4,RankTypes_id:-1,RankTypes_id:4]
6607002,906,1:4:32,1,[]
6607002,907,1:4:34,1,[]
6607002,908,1:4:34,1,[InvitationData_id:9,PeopleData_id:4,RankTypes_id:4]
6607002,909,1:4:38,1,[InvitationData_id:9,PeopleData_id:4,RankTypes_id:4,1]
6607002,910,1:4:39,1,[InvitationData_id:9,0,true]
6607002,908,1:4:39,1,[InvitationData_id:1,PeopleData_id:4,RankTypes_id:4]
6607002,901,1:4:40,1,[PeopleData_id:4]
6607002,909,1:4:46,1,[InvitationData_id:1,PeopleData_id:4,RankTypes_id:4,1]
6607002,910,1:4:47,1,[InvitationData_id:1,9,false]
6607002,908,1:4:47,1,[InvitationData_id:7,PeopleData_id:2,RankTypes_id:1]
6607002,909,1:4:49,1,[InvitationData_id:7,PeopleData_id:2,RankTypes_id:1,0]
6607002,910,1:4:50,1,[InvitationData_id:7,0,false]
6607002,908,1:4:50,1,[InvitationData_id:8,PeopleData_id:4,RankTypes_id:4]
6607002,909,1:4:54,1,[InvitationData_id:8,PeopleData_id:4,RankTypes_id:4,1]
6607002,910,1:4:55,1,[InvitationData_id:8,9,false]
6607002,908,1:4:55,1,[InvitationData_id:6,PeopleData_id:4,RankTypes_id:4]
6607002,909,1:4:57,1,[InvitationData_id:6,PeopleData_id:4,RankTypes_id:4,1]
6607002,910,1:4:58,1,[InvitationData_id:6,9,false]
6607002,908,1:4:58,1,[InvitationData_id:5,PeopleData_id:6,RankTypes_id:1]
6607002,909,1:5:3,1,[InvitationData_id:5,PeopleData_id:6,RankTypes_id:1,0]
6607002,910,1:5:6,1,[InvitationData_id:5,0,false]
6607002,908,1:5:6,1,[InvitationData_id:10,PeopleData_id:4,RankTypes_id:4]
6607002,909,1:5:13,1,[InvitationData_id:10,PeopleData_id:4,RankTypes_id:4,1]
6607002,910,1:5:14,1,[InvitationData_id:10,9,false]
6607002,908,1:5:14,1,[InvitationData_id:2,PeopleData_id:4,RankTypes_id:4]
6607002,909,1:5:16,1,[InvitationData_id:2,PeopleData_id:4,RankTypes_id:4,1]
6607002,910,1:5:17,1,[InvitationData_id:2,0,true]
6607002,908,1:5:17,1,[InvitationData_id:3,PeopleData_id:4,RankTypes_id:4]
6607002,909,1:5:21,1,[InvitationData_id:3,PeopleData_id:4,RankTypes_id:4,1]
6607002,910,1:5:22,1,[InvitationData_id:3,9,false]
6607002,908,1:5:22,1,[InvitationData_id:0,PeopleData_id:4,RankTypes_id:4]
6607002,909,1:5:24,1,[InvitationData_id:0,PeopleData_id:4,RankTypes_id:4,1]
6607002,910,1:5:24,1,[InvitationData_id:0,9,false]
6607002,908,1:5:24,1,[InvitationData_id:4,PeopleData_id:0,RankTypes_id:4]
6607002,909,1:5:27,1,[InvitationData_id:4,PeopleData_id:0,RankTypes_id:4,1]
6607002,910,1:5:28,1,[InvitationData_id:4,0,true]
6607002,912,1:5:29,1,[]
6607002,1000,1:5:31,1,[]
6607002,900,1:5:32,1,[]
6607002,901,1:5:33,1,[PeopleData_id:1]
6607002,902,1:5:34,1,[PeopleData_id:1,PeopleData_data0Type]
6607002,903,1:5:36,1,[PeopleData_id1,PeopleData_data0Type]
6607002,901,1:5:36,1,[PeopleData_id:1]
6607002,904,1:5:36,1,[PeopleData_id:1]
6607002,905,1:5:37,1,[PeopleData_id:1,RankTypes_id:-1,RankTypes_id:3]
6607002,901,1:5:37,1,[PeopleData_id:0]
6607002,904,1:5:37,1,[PeopleData_id:0]
6607002,902,1:5:38,1,[PeopleData_id:0,PeopleData_data0Type]
6607002,903,1:5:40,1,[PeopleData_id0,PeopleData_data0Type]
6607002,901,1:5:40,1,[PeopleData_id:0]
6607002,904,1:5:40,1,[PeopleData_id:0]
6607002,905,1:5:41,1,[PeopleData_id:0,RankTypes_id:-1,RankTypes_id:4]
6607002,901,1:5:41,1,[PeopleData_id:4]
6607002,902,1:5:42,1,[PeopleData_id:4,PeopleData_data0Type]
6607002,903,1:5:44,1,[PeopleData_id4,PeopleData_data0Type]
6607002,901,1:5:44,1,[PeopleData_id:4]
6607002,904,1:5:44,1,[PeopleData_id:4]
6607002,905,1:5:45,1,[PeopleData_id:4,RankTypes_id:-1,RankTypes_id:4]
6607002,902,1:5:46,1,[PeopleData_id:4,PeopleData_data0Type]
6607002,903,1:5:47,1,[PeopleData_id4,PeopleData_data0Type]
6607002,901,1:5:47,1,[PeopleData_id:6]
6607002,904,1:5:47,1,[PeopleData_id:6]
6607002,902,1:5:48,1,[PeopleData_id:6,PeopleData_data0Type]
6607002,903,1:5:50,1,[PeopleData_id6,PeopleData_data0Type]
6607002,901,1:5:51,1,[PeopleData_id:6]
6607002,904,1:5:51,1,[PeopleData_id:6]
6607002,905,1:5:51,1,[PeopleData_id:6,RankTypes_id:-1,RankTypes_id:1]
6607002,901,1:5:52,1,[PeopleData_id:5]
6607002,902,1:5:53,1,[PeopleData_id:5,PeopleData_data0Type]
6607002,903,1:5:54,1,[PeopleData_id5,PeopleData_data0Type]
6607002,901,1:5:55,1,[PeopleData_id:5]
6607002,904,1:5:55,1,[PeopleData_id:5]
6607002,905,1:5:55,1,[PeopleData_id:5,RankTypes_id:-1,RankTypes_id:1]
6607002,901,1:5:56,1,[PeopleData_id:3]
6607002,902,1:5:57,1,[PeopleData_id:3,PeopleData_data0Type]
6607002,903,1:5:59,1,[PeopleData_id3,PeopleData_data0Type]
6607002,901,1:6:0,1,[PeopleData_id:3]
6607002,904,1:6:0,1,[PeopleData_id:3]
6607002,905,1:6:0,1,[PeopleData_id:3,RankTypes_id:-1,RankTypes_id:0]
6607002,901,1:6:0,1,[PeopleData_id:2]
6607002,904,1:6:0,1,[PeopleData_id:2]
6607002,902,1:6:2,1,[PeopleData_id:2,PeopleData_data0Type]
6607002,902,1:6:5,1,[PeopleData_id:2,PeopleData_data1Type]
6607002,903,1:6:6,1,[PeopleData_id2,PeopleData_data1Type]
6607002,901,1:6:7,1,[PeopleData_id:2]
6607002,904,1:6:7,1,[PeopleData_id:2]
6607002,905,1:6:7,1,[PeopleData_id:2,RankTypes_id:-1,RankTypes_id:2]
6607002,906,1:6:7,1,[]
6607002,907,1:6:9,1,[]
6607002,908,1:6:9,1,[InvitationData_id:0,PeopleData_id:4,RankTypes_id:4]
6607002,909,1:6:11,1,[InvitationData_id:0,PeopleData_id:4,RankTypes_id:4,1]
6607002,910,1:6:12,1,[InvitationData_id:0,9,false]
6607002,908,1:6:12,1,[InvitationData_id:4,PeopleData_id:0,RankTypes_id:4]
6607002,909,1:6:16,1,[InvitationData_id:4,PeopleData_id:0,RankTypes_id:4,1]
6607002,910,1:6:27,1,[InvitationData_id:4,0,true]
6607002,908,1:6:27,1,[InvitationData_id:2,PeopleData_id:4,RankTypes_id:4]
6607002,909,1:6:30,1,[InvitationData_id:2,PeopleData_id:4,RankTypes_id:4,1]
6607002,910,1:6:31,1,[InvitationData_id:2,0,true]
6607002,908,1:6:31,1,[InvitationData_id:5,PeopleData_id:6,RankTypes_id:1]
6607002,909,1:6:32,1,[InvitationData_id:5,PeopleData_id:6,RankTypes_id:1,1]
6607002,910,1:6:33,1,[InvitationData_id:5,3,false]
6607002,908,1:6:33,1,[InvitationData_id:7,PeopleData_id:2,RankTypes_id:2]
6607002,909,1:6:34,1,[InvitationData_id:7,PeopleData_id:2,RankTypes_id:2,1]
6607002,910,1:6:35,1,[InvitationData_id:7,0,true]
6607002,912,1:6:36,1,[]
6607002,1000,1:6:37,1,[]
6607002,900,1:6:38,1,[]
6607002,901,1:6:39,1,[PeopleData_id:5]
6607002,904,1:6:39,1,[PeopleData_id:5]
6607002,902,1:6:40,1,[PeopleData_id:5,PeopleData_data0Type]
6607002,902,1:6:42,1,[PeopleData_id:5,PeopleData_data1Type]
6607002,902,1:6:43,1,[PeopleData_id:5,PeopleData_data2Type]
6607002,903,1:6:46,1,[PeopleData_id5,PeopleData_data2Type]
6607002,901,1:6:46,1,[PeopleData_id:5]
6607002,904,1:6:46,1,[PeopleData_id:5]
6607002,905,1:6:47,1,[PeopleData_id:5,RankTypes_id:-1,RankTypes_id:3]
6607002,901,1:6:48,1,[PeopleData_id:0]
6607002,902,1:6:49,1,[PeopleData_id:0,PeopleData_data0Type]
6607002,902,1:6:50,1,[PeopleData_id:0,PeopleData_data1Type]
6607002,902,1:6:50,1,[PeopleData_id:0,PeopleData_data1Type]
6607002,902,1:6:51,1,[PeopleData_id:0,PeopleData_data2Type]
6607002,903,1:6:53,1,[PeopleData_id0,PeopleData_data2Type]
6607002,901,1:6:54,1,[PeopleData_id:0]
6607002,904,1:6:54,1,[PeopleData_id:0]
6607002,905,1:6:55,1,[PeopleData_id:0,RankTypes_id:-1,RankTypes_id:2]
6607002,901,1:6:55,1,[PeopleData_id:2]
6607002,904,1:6:55,1,[PeopleData_id:2]
6607002,902,1:6:56,1,[PeopleData_id:2,PeopleData_data0Type]
6607002,902,1:6:58,1,[PeopleData_id:2,PeopleData_data1Type]
6607002,903,1:6:59,1,[PeopleData_id2,PeopleData_data1Type]
6607002,901,1:7:0,1,[PeopleData_id:2]
6607002,904,1:7:0,1,[PeopleData_id:2]
6607002,905,1:7:0,1,[PeopleData_id:2,RankTypes_id:-1,RankTypes_id:1]
6607002,901,1:7:1,1,[PeopleData_id:1]
6607002,902,1:7:1,1,[PeopleData_id:1,PeopleData_data0Type]
6607002,902,1:7:3,1,[PeopleData_id:1,PeopleData_data1Type]
6607002,902,1:7:6,1,[PeopleData_id:1,PeopleData_data3Type]
6607002,903,1:7:9,1,[PeopleData_id1,PeopleData_data3Type]
6607002,901,1:7:10,1,[PeopleData_id:1]
6607002,904,1:7:10,1,[PeopleData_id:1]
6607002,905,1:7:11,1,[PeopleData_id:1,RankTypes_id:-1,RankTypes_id:2]
6607002,901,1:7:11,1,[PeopleData_id:6]
6607002,902,1:7:12,1,[PeopleData_id:6,PeopleData_data0Type]
6607002,902,1:7:13,1,[PeopleData_id:6,PeopleData_data1Type]
6607002,902,1:7:15,1,[PeopleData_id:6,PeopleData_data2Type]
6607002,902,1:7:15,1,[PeopleData_id:6,PeopleData_data2Type]
6607002,903,1:7:16,1,[PeopleData_id6,PeopleData_data2Type]
6607002,901,1:7:17,1,[PeopleData_id:6]
6607002,904,1:7:17,1,[PeopleData_id:6]
6607002,905,1:7:18,1,[PeopleData_id:6,RankTypes_id:-1,RankTypes_id:1]
6607002,901,1:7:18,1,[PeopleData_id:4]
6607002,902,1:7:19,1,[PeopleData_id:4,PeopleData_data0Type]
6607002,902,1:7:21,1,[PeopleData_id:4,PeopleData_data1Type]
6607002,902,1:7:21,1,[PeopleData_id:4,PeopleData_data2Type]
6607002,903,1:7:22,1,[PeopleData_id4,PeopleData_data2Type]
6607002,901,1:7:23,1,[PeopleData_id:4]
6607002,904,1:7:23,1,[PeopleData_id:4]
6607002,905,1:7:23,1,[PeopleData_id:4,RankTypes_id:-1,RankTypes_id:4]
6607002,902,1:7:24,1,[PeopleData_id:4,PeopleData_data3Type]
6607002,902,1:7:25,1,[PeopleData_id:4,PeopleData_data2Type]
6607002,903,1:7:26,1,[PeopleData_id4,PeopleData_data2Type]
6607002,901,1:7:27,1,[PeopleData_id:3]
6607002,904,1:7:27,1,[PeopleData_id:3]
6607002,902,1:7:28,1,[PeopleData_id:3,PeopleData_data0Type]
6607002,902,1:7:29,1,[PeopleData_id:3,PeopleData_data1Type]
6607002,903,1:7:30,1,[PeopleData_id3,PeopleData_data1Type]
6607002,901,1:7:30,1,[PeopleData_id:3]
6607002,904,1:7:30,1,[PeopleData_id:3]
6607002,905,1:7:30,1,[PeopleData_id:3,RankTypes_id:-1,RankTypes_id:0]
6607002,906,1:7:30,1,[]
6607002,907,1:7:31,1,[]
6607002,908,1:7:31,1,[InvitationData_id:7,PeopleData_id:2,RankTypes_id:1]
6607002,909,1:7:35,1,[InvitationData_id:7,PeopleData_id:2,RankTypes_id:1,0]
6607002,910,1:7:36,1,[InvitationData_id:7,0,false]
6607002,908,1:7:36,1,[InvitationData_id:6,PeopleData_id:4,RankTypes_id:4]
6607002,909,1:7:39,1,[InvitationData_id:6,PeopleData_id:4,RankTypes_id:4,1]
6607002,910,1:7:39,1,[InvitationData_id:6,9,false]
6607002,908,1:7:39,1,[InvitationData_id:1,PeopleData_id:4,RankTypes_id:4]
6607002,909,1:7:42,1,[InvitationData_id:1,PeopleData_id:4,RankTypes_id:4,1]
6607002,910,1:7:42,1,[InvitationData_id:1,9,false]
6607002,908,1:7:42,1,[InvitationData_id:3,PeopleData_id:4,RankTypes_id:4]
6607002,909,1:7:45,1,[InvitationData_id:3,PeopleData_id:4,RankTypes_id:4,1]
6607002,910,1:7:45,1,[InvitationData_id:3,9,false]
6607002,908,1:7:45,1,[InvitationData_id:4,PeopleData_id:0,RankTypes_id:2]
6607002,909,1:7:49,1,[InvitationData_id:4,PeopleData_id:0,RankTypes_id:2,0]
6607002,910,1:7:49,1,[InvitationData_id:4,-2,false]
6607002,908,1:7:49,1,[InvitationData_id:2,PeopleData_id:4,RankTypes_id:4]
6607002,909,1:7:51,1,[InvitationData_id:2,PeopleData_id:4,RankTypes_id:4,1]
6607002,910,1:7:56,1,[InvitationData_id:2,0,true]
6607002,908,1:7:56,1,[InvitationData_id:9,PeopleData_id:4,RankTypes_id:4]
6607002,909,1:8:0,1,[InvitationData_id:9,PeopleData_id:4,RankTypes_id:4,1]
6607002,910,1:8:1,1,[InvitationData_id:9,0,true]
6607002,908,1:8:1,1,[InvitationData_id:8,PeopleData_id:4,RankTypes_id:4]
6607002,909,1:8:6,1,[InvitationData_id:8,PeopleData_id:4,RankTypes_id:4,1]
6607002,910,1:8:6,1,[InvitationData_id:8,9,false]
6607002,908,1:8:6,1,[InvitationData_id:5,PeopleData_id:6,RankTypes_id:1]
6607002,909,1:8:11,1,[InvitationData_id:5,PeopleData_id:6,RankTypes_id:1,1]
6607002,910,1:8:11,1,[InvitationData_id:5,3,false]
6607002,908,1:8:11,1,[InvitationData_id:0,PeopleData_id:4,RankTypes_id:4]
6607002,909,1:8:13,1,[InvitationData_id:0,PeopleData_id:4,RankTypes_id:4,1]
6607002,910,1:8:14,1,[InvitationData_id:0,9,false]
6607002,908,1:8:14,1,[InvitationData_id:10,PeopleData_id:4,RankTypes_id:4]
6607002,909,1:8:16,1,[InvitationData_id:10,PeopleData_id:4,RankTypes_id:4,1]
6607002,910,1:8:17,1,[InvitationData_id:10,9,false]
6607002,911,1:8:18,1,[55,2,0,2]
6607002,1000,1:8:19,1,[]
6607002,900,1:8:20,1,[]
6607002,901,1:8:22,1,[PeopleData_id:4]
6607002,904,1:8:23,1,[PeopleData_id:4]
6607002,905,1:8:23,1,[PeopleData_id:4,RankTypes_id:-1,RankTypes_id:4]
6607002,902,1:8:24,1,[PeopleData_id:4,PeopleData_data3Type]
6607002,902,1:8:25,1,[PeopleData_id:4,PeopleData_data2Type]
6607002,902,1:8:26,1,[PeopleData_id:4,PeopleData_data1Type]
6607002,902,1:8:27,1,[PeopleData_id:4,PeopleData_data1Type]
6607002,902,1:8:28,1,[PeopleData_id:4,PeopleData_data0Type]
6607002,903,1:8:31,1,[PeopleData_id4,PeopleData_data0Type]
6607002,901,1:8:31,1,[PeopleData_id:4]
6607002,904,1:8:32,1,[PeopleData_id:4]
6607002,905,1:8:32,1,[PeopleData_id:4,RankTypes_id:4,RankTypes_id:3]
6607002,901,1:8:32,1,[PeopleData_id:6]
6607002,902,1:8:33,1,[PeopleData_id:6,PeopleData_data0Type]
6607002,902,1:8:34,1,[PeopleData_id:6,PeopleData_data1Type]
6607002,902,1:8:34,1,[PeopleData_id:6,PeopleData_data2Type]
6607002,903,1:8:35,1,[PeopleData_id6,PeopleData_data2Type]
6607002,901,1:8:36,1,[PeopleData_id:6]
6607002,904,1:8:36,1,[PeopleData_id:6]
6607002,905,1:8:36,1,[PeopleData_id:6,RankTypes_id:-1,RankTypes_id:1]
6607002,901,1:8:37,1,[PeopleData_id:5]
6607002,902,1:8:37,1,[PeopleData_id:5,PeopleData_data0Type]
6607002,902,1:8:40,1,[PeopleData_id:5,PeopleData_data1Type]
6607002,902,1:8:41,1,[PeopleData_id:5,PeopleData_data2Type]
6607002,903,1:8:42,1,[PeopleData_id5,PeopleData_data2Type]
6607002,901,1:8:43,1,[PeopleData_id:5]
6607002,904,1:8:43,1,[PeopleData_id:5]
6607002,905,1:8:43,1,[PeopleData_id:5,RankTypes_id:-1,RankTypes_id:3]
6607002,901,1:8:44,1,[PeopleData_id:1]
6607002,902,1:8:44,1,[PeopleData_id:1,PeopleData_data0Type]
6607002,902,1:8:46,1,[PeopleData_id:1,PeopleData_data1Type]
6607002,902,1:8:48,1,[PeopleData_id:1,PeopleData_data2Type]
6607002,902,1:8:48,1,[PeopleData_id:1,PeopleData_data3Type]
6607002,903,1:8:50,1,[PeopleData_id1,PeopleData_data3Type]
6607002,901,1:8:50,1,[PeopleData_id:1]
6607002,904,1:8:50,1,[PeopleData_id:1]
6607002,905,1:8:51,1,[PeopleData_id:1,RankTypes_id:-1,RankTypes_id:3]
6607002,901,1:8:51,1,[PeopleData_id:0]
6607002,902,1:8:52,1,[PeopleData_id:0,PeopleData_data0Type]
6607002,902,1:8:54,1,[PeopleData_id:0,PeopleData_data1Type]
6607002,902,1:8:54,1,[PeopleData_id:0,PeopleData_data1Type]
6607002,902,1:8:54,1,[PeopleData_id:0,PeopleData_data2Type]
6607002,903,1:8:58,1,[PeopleData_id0,PeopleData_data2Type]
6607002,901,1:8:58,1,[PeopleData_id:0]
6607002,904,1:8:58,1,[PeopleData_id:0]
6607002,905,1:8:59,1,[PeopleData_id:0,RankTypes_id:-1,RankTypes_id:1]
6607002,901,1:8:59,1,[PeopleData_id:2]
6607002,904,1:8:59,1,[PeopleData_id:2]
6607002,902,1:9:0,1,[PeopleData_id:2,PeopleData_data0Type]
6607002,902,1:9:2,1,[PeopleData_id:2,PeopleData_data1Type]
6607002,903,1:9:3,1,[PeopleData_id2,PeopleData_data1Type]
6607002,901,1:9:4,1,[PeopleData_id:2]
6607002,904,1:9:4,1,[PeopleData_id:2]
6607002,905,1:9:5,1,[PeopleData_id:2,RankTypes_id:-1,RankTypes_id:1]
6607002,901,1:9:6,1,[PeopleData_id:3]
6607002,904,1:9:6,1,[PeopleData_id:3]
6607002,905,1:9:7,1,[PeopleData_id:3,RankTypes_id:-1,RankTypes_id:0]
6607002,906,1:9:7,1,[]
6607002,902,1:9:8,1,[PeopleData_id:3,PeopleData_data0Type]
6607002,903,1:9:9,1,[PeopleData_id3,PeopleData_data0Type]
6607002,907,1:9:10,1,[]
6607002,908,1:9:10,1,[InvitationData_id:10,PeopleData_id:4,RankTypes_id:3]
6607002,909,1:9:12,1,[InvitationData_id:10,PeopleData_id:4,RankTypes_id:3,1]
6607002,910,1:9:13,1,[InvitationData_id:10,7,false]
6607002,908,1:9:13,1,[InvitationData_id:7,PeopleData_id:2,RankTypes_id:1]
6607002,909,1:9:15,1,[InvitationData_id:7,PeopleData_id:2,RankTypes_id:1,0]
6607002,910,1:9:16,1,[InvitationData_id:7,0,false]
6607002,908,1:9:16,1,[InvitationData_id:9,PeopleData_id:4,RankTypes_id:3]
6607002,901,1:9:23,1,[PeopleData_id:4]
6607002,902,1:9:24,1,[PeopleData_id:4,PeopleData_data0Type]
6607002,902,1:9:25,1,[PeopleData_id:4,PeopleData_data1Type]
6607002,902,1:9:26,1,[PeopleData_id:4,PeopleData_data2Type]
6607002,902,1:9:27,1,[PeopleData_id:4,PeopleData_data3Type]
6607002,909,1:9:30,1,[InvitationData_id:9,PeopleData_id:4,RankTypes_id:3,1]
6607002,910,1:9:36,1,[InvitationData_id:9,0,true]
6607002,908,1:9:36,1,[InvitationData_id:1,PeopleData_id:4,RankTypes_id:3]
6607002,909,1:9:39,1,[InvitationData_id:1,PeopleData_id:4,RankTypes_id:3,1]
6607002,910,1:9:40,1,[InvitationData_id:1,7,false]
6607002,908,1:9:40,1,[InvitationData_id:6,PeopleData_id:4,RankTypes_id:3]
6607002,909,1:9:42,1,[InvitationData_id:6,PeopleData_id:4,RankTypes_id:3,1]
6607002,910,1:9:42,1,[InvitationData_id:6,7,false]
6607002,908,1:9:42,1,[InvitationData_id:5,PeopleData_id:6,RankTypes_id:1]
6607002,909,1:9:45,1,[InvitationData_id:5,PeopleData_id:6,RankTypes_id:1,1]
6607002,910,1:9:46,1,[InvitationData_id:5,3,false]
6607002,908,1:9:46,1,[InvitationData_id:4,PeopleData_id:0,RankTypes_id:1]
6607002,909,1:9:49,1,[InvitationData_id:4,PeopleData_id:0,RankTypes_id:1,1]
6607002,910,1:9:50,1,[InvitationData_id:4,0,true]
6607002,908,1:9:50,1,[InvitationData_id:2,PeopleData_id:4,RankTypes_id:3]
6607002,909,1:9:51,1,[InvitationData_id:2,PeopleData_id:4,RankTypes_id:3,1]
6607002,910,1:9:52,1,[InvitationData_id:2,0,true]
6607002,912,1:9:55,1,[]
6607002,1000,1:9:56,1,[]
6607002,900,1:9:57,1,[]
6607002,901,1:9:59,1,[PeopleData_id:0]
6607002,904,1:9:59,1,[PeopleData_id:0]
6607002,902,1:10:1,1,[PeopleData_id:0,PeopleData_data0Type]
6607002,902,1:10:3,1,[PeopleData_id:0,PeopleData_data1Type]
6607002,902,1:10:4,1,[PeopleData_id:0,PeopleData_data2Type]
6607002,903,1:10:6,1,[PeopleData_id0,PeopleData_data2Type]
6607002,901,1:10:7,1,[PeopleData_id:0]
6607002,904,1:10:7,1,[PeopleData_id:0]
6607002,905,1:10:8,1,[PeopleData_id:0,RankTypes_id:-1,RankTypes_id:1]
6607002,901,1:10:8,1,[PeopleData_id:6]
6607002,902,1:10:9,1,[PeopleData_id:6,PeopleData_data1Type]
6607002,902,1:10:10,1,[PeopleData_id:6,PeopleData_data0Type]
6607002,902,1:10:11,1,[PeopleData_id:6,PeopleData_data1Type]
6607002,902,1:10:11,1,[PeopleData_id:6,PeopleData_data3Type]
6607002,903,1:10:12,1,[PeopleData_id6,PeopleData_data3Type]
6607002,901,1:10:12,1,[PeopleData_id:6]
6607002,904,1:10:12,1,[PeopleData_id:6]
6607002,905,1:10:13,1,[PeopleData_id:6,RankTypes_id:-1,RankTypes_id:1]
6607002,901,1:10:13,1,[PeopleData_id:1]
6607002,902,1:10:14,1,[PeopleData_id:1,PeopleData_data0Type]
6607002,902,1:10:14,1,[PeopleData_id:1,PeopleData_data0Type]
6607002,902,1:10:15,1,[PeopleData_id:1,PeopleData_data1Type]
6607002,902,1:10:15,1,[PeopleData_id:1,PeopleData_data2Type]
6607002,902,1:10:16,1,[PeopleData_id:1,PeopleData_data3Type]
6607002,903,1:10:17,1,[PeopleData_id1,PeopleData_data3Type]
6607002,901,1:10:17,1,[PeopleData_id:1]
6607002,904,1:10:17,1,[PeopleData_id:1]
6607002,905,1:10:18,1,[PeopleData_id:1,RankTypes_id:-1,RankTypes_id:2]
6607002,901,1:10:18,1,[PeopleData_id:4]
6607002,902,1:10:19,1,[PeopleData_id:4,PeopleData_data0Type]
6607002,902,1:10:20,1,[PeopleData_id:4,PeopleData_data1Type]
6607002,903,1:10:21,1,[PeopleData_id4,PeopleData_data1Type]
6607002,901,1:10:22,1,[PeopleData_id:4]
6607002,904,1:10:22,1,[PeopleData_id:4]
6607002,905,1:10:23,1,[PeopleData_id:4,RankTypes_id:-1,RankTypes_id:3]
6607002,901,1:10:23,1,[PeopleData_id:2]
6607002,902,1:10:24,1,[PeopleData_id:2,PeopleData_data0Type]
6607002,902,1:10:26,1,[PeopleData_id:2,PeopleData_data2Type]
6607002,902,1:10:27,1,[PeopleData_id:2,PeopleData_data1Type]
6607002,902,1:10:27,1,[PeopleData_id:2,PeopleData_data3Type]
6607002,902,1:10:28,1,[PeopleData_id:2,PeopleData_data3Type]
6607002,903,1:10:32,1,[PeopleData_id2,PeopleData_data3Type]
6607002,901,1:10:32,1,[PeopleData_id:2]
6607002,904,1:10:32,1,[PeopleData_id:2]
6607002,905,1:10:33,1,[PeopleData_id:2,RankTypes_id:-1,RankTypes_id:1]
6607002,901,1:10:34,1,[PeopleData_id:5]
6607002,904,1:10:34,1,[PeopleData_id:5]
6607002,902,1:10:35,1,[PeopleData_id:5,PeopleData_data0Type]
6607002,902,1:10:36,1,[PeopleData_id:5,PeopleData_data1Type]
6607002,903,1:10:38,1,[PeopleData_id5,PeopleData_data1Type]
6607002,901,1:10:38,1,[PeopleData_id:5]
6607002,904,1:10:38,1,[PeopleData_id:5]
6607002,905,1:10:39,1,[PeopleData_id:5,RankTypes_id:-1,RankTypes_id:4]
6607002,901,1:10:40,1,[PeopleData_id:3]
6607002,904,1:10:40,1,[PeopleData_id:3]
6607002,902,1:10:41,1,[PeopleData_id:3,PeopleData_data0Type]
6607002,902,1:10:42,1,[PeopleData_id:3,PeopleData_data1Type]
6607002,903,1:10:42,1,[PeopleData_id3,PeopleData_data1Type]
6607002,901,1:10:43,1,[PeopleData_id:3]
6607002,904,1:10:43,1,[PeopleData_id:3]
6607002,905,1:10:43,1,[PeopleData_id:3,RankTypes_id:-1,RankTypes_id:0]
6607002,906,1:10:43,1,[]
6607002,907,1:10:44,1,[]
6607002,908,1:10:44,1,[InvitationData_id:0,PeopleData_id:4,RankTypes_id:3]
6607002,909,1:10:46,1,[InvitationData_id:0,PeopleData_id:4,RankTypes_id:3,1]
6607002,910,1:10:46,1,[InvitationData_id:0,7,false]
6607002,908,1:10:46,1,[InvitationData_id:4,PeopleData_id:0,RankTypes_id:1]
6607002,909,1:10:50,1,[InvitationData_id:4,PeopleData_id:0,RankTypes_id:1,0]
6607002,910,1:10:51,1,[InvitationData_id:4,0,false]
6607002,908,1:10:51,1,[InvitationData_id:8,PeopleData_id:5,RankTypes_id:4]
6607002,909,1:10:54,1,[InvitationData_id:8,PeopleData_id:5,RankTypes_id:4,1]
6607002,910,1:10:55,1,[InvitationData_id:8,9,false]
6607002,908,1:10:55,1,[InvitationData_id:6,PeopleData_id:4,RankTypes_id:3]
6607002,909,1:10:57,1,[InvitationData_id:6,PeopleData_id:4,RankTypes_id:3,1]
6607002,910,1:10:57,1,[InvitationData_id:6,7,false]
6607002,908,1:10:57,1,[InvitationData_id:7,PeopleData_id:2,RankTypes_id:1]
6607002,909,1:10:59,1,[InvitationData_id:7,PeopleData_id:2,RankTypes_id:1,0]
6607002,910,1:11:0,1,[InvitationData_id:7,0,false]
6607002,908,1:11:0,1,[InvitationData_id:10,PeopleData_id:4,RankTypes_id:3]
6607002,909,1:11:3,1,[InvitationData_id:10,PeopleData_id:4,RankTypes_id:3,1]
6607002,910,1:11:4,1,[InvitationData_id:10,7,false]
6607002,908,1:11:4,1,[InvitationData_id:9,PeopleData_id:4,RankTypes_id:3]
6607002,909,1:11:6,1,[InvitationData_id:9,PeopleData_id:4,RankTypes_id:3,0]
6607002,910,1:11:6,1,[InvitationData_id:9,-7,false]
6607002,908,1:11:6,1,[InvitationData_id:3,PeopleData_id:5,RankTypes_id:4]
6607002,909,1:11:9,1,[InvitationData_id:3,PeopleData_id:5,RankTypes_id:4,1]
6607002,910,1:11:9,1,[InvitationData_id:3,9,false]
6607002,908,1:11:9,1,[InvitationData_id:1,PeopleData_id:4,RankTypes_id:3]
6607002,909,1:11:12,1,[InvitationData_id:1,PeopleData_id:4,RankTypes_id:3,1]
6607002,910,1:11:12,1,[InvitationData_id:1,7,false]
6607002,908,1:11:12,1,[InvitationData_id:5,PeopleData_id:6,RankTypes_id:1]
6607002,909,1:11:15,1,[InvitationData_id:5,PeopleData_id:6,RankTypes_id:1,1]
6607002,910,1:11:16,1,[InvitationData_id:5,3,false]
6607002,908,1:11:16,1,[InvitationData_id:2,PeopleData_id:4,RankTypes_id:3]
6607002,909,1:11:18,1,[InvitationData_id:2,PeopleData_id:4,RankTypes_id:3,0]
6607002,910,1:11:19,1,[InvitationData_id:2,-7,false]
6607002,911,1:11:20,1,[35,0,0,0]
6607002,1005,1:11:20,1,[2,1,3]
6607002,1001,1:11:22,1,[]
6607002,1003,1:11:22,2
6607002,210,1:11:27,1115,473
6607002,211,1:11:28,1030,452
6607002,213,1:11:28,1,c_crewKid1_M_G7b0,true
6607002,205,1:11:28,1,c_crewKid1_M_G7b0,false,false
6607002,210,1:11:31,1168,413
6607002,207,1:11:33,1,-500,-335
6607002,207,1:11:36,1,-335,-845
6607002,211,1:11:36,1684,336
6607002,212,1:11:37,0
6607002,210,1:11:37,1705,457
6607002,207,1:11:41,1,-845,-275
6607002,207,1:11:44,1,-275,0
6607002,211,1:11:48,669,456
6607002,213,1:11:48,1,s_backpack_M_G7b0,true
6607002,205,1:11:48,1,s_backpack_M_G7b0,false,false
6607002,221,1:11:52,1
6607002,220,1:11:55,1
6607002,219,1:11:55,1
6607002,216,1:11:57,Stack_G7b1N
6607002,217,1:12:7,Stack_G7b1N,9.5,7.0
6607002,218,1:12:9,1
6607002,210,1:12:10,795,549
6607002,211,1:12:12,896,607
6607002,213,1:12:12,1,s_sprayPaintCan_G7b1N,true
6607002,205,1:12:12,1,s_sprayPaintCan_G7b1N,false,false
6607002,210,1:12:16,877,554
6607002,207,1:12:19,1,-200,-770
6607002,211,1:12:19,1626,402
6607002,213,1:12:19,1,s_brokenCarWindow_G7b1N,true
6607002,205,1:12:20,1,s_brokenCarWindow_G7b1N,false,false
6607002,210,1:12:23,1468,442
6607002,211,1:12:24,1264,195
6607002,213,1:12:24,1,s_graffiti_G7b1N,true
6607002,205,1:12:24,1,s_graffiti_G7b1N,false,false
6607002,210,1:12:27,1470,306
6607002,207,1:12:28,1,-770,-815
6607002,207,1:12:29,1,-815,-995
6607002,207,1:12:31,1,-995,-1027
6607002,211,1:12:32,1958,215
6607002,213,1:12:32,1,c_crewKid2_M_a_G7b1N,true
6607002,210,1:12:38,1924,157
6607002,211,1:12:39,1958,188
6607002,213,1:12:39,1,c_crewKid2_M_a_G7b1N,true
6607002,210,1:12:43,1918,152
6607002,207,1:12:47,1,-1027,-832
6607002,207,1:12:50,1,-832,0
6607002,211,1:12:53,101,529
6607002,212,1:12:54,1
6607002,210,1:12:55,806,515
6607002,207,1:13:3,1,0,-1027
6607002,211,1:13:5,1702,69
6607002,210,1:13:9,2011,534
6607002,207,1:13:13,1,-1027,0
6607002,211,1:13:16,257,131
6607002,213,1:13:16,1,s_flag_G7b1N,true
6607002,212,1:13:20,2
6607002,210,1:13:21,824,559
6607002,211,1:13:22,892,599
6607002,212,1:13:22,0
6607002,212,1:13:23,1
6607002,210,1:13:23,910,544
6607002,211,1:13:23,808,524
6607002,213,1:13:23,1,c_cousin_M_a_G7b1N,true
6607002,212,1:13:25,2
6607002,210,1:13:26,821,607
6607002,211,1:13:26,607,388
6607002,213,1:13:26,1,c_teacherEng_G7b1N,true
6607002,210,1:13:30,605,428
6607002,207,1:13:33,1,0,-195
6607002,211,1:13:34,1486,436
6607002,207,1:13:34,1,-195,-480
6607002,210,1:13:35,1577,294
6607002,211,1:13:35,1607,291
6607002,207,1:13:35,1,-480,-585
6607002,210,1:13:36,1448,234
6607002,207,1:13:37,1,-585,-1027
6607002,211,1:13:39,1900,160
6607002,213,1:13:39,1,c_crewKid1_M_G7b1N,true
6607002,205,1:13:39,1,c_crewKid1_M_G7b1N,false,false
6607002,210,1:13:44,1749,274
6607002,207,1:13:50,1,-1027,-637
6607002,207,1:13:50,1,-637,-562
6607002,207,1:13:52,1,-562,-352
6607002,207,1:13:54,1,-352,0
6607002,211,1:13:54,62,141
6607002,212,1:13:55,0
6607002,212,1:13:56,1
6607002,210,1:13:58,823,503
6607002,207,1:14:2,1,0,-285
6607002,207,1:14:4,1,-285,-705
6607002,207,1:14:5,1,-705,-1027
6607002,211,1:14:6,2050,564
6607002,210,1:14:6,2049,467
6607002,211,1:14:6,2041,467
6607002,210,1:14:6,1997,452
6607002,207,1:14:12,1,-1027,-637
6607002,211,1:14:13,893,449
6607002,213,1:14:13,1,s_wreckedPlants_G7b1N,true
6607002,212,1:14:17,0
6607002,210,1:14:18,1432,505
6607002,207,1:14:20,1,-637,-442
6607002,211,1:14:23,881,604
6607002,213,1:14:23,1,s_sprayPaintCan_G7b1N,true
6607002,205,1:14:23,1,s_sprayPaintCan_G7b1N,false,true
6607002,210,1:14:26,822,548
6607002,207,1:14:28,1,-442,0
6607002,207,1:14:36,1,0,-1027
6607002,211,1:14:37,2046,549
6607002,210,1:14:37,1924,547
6607002,211,1:14:38,2047,201
6607002,210,1:14:38,2006,172
6607002,211,1:14:44,1396,186
6607002,213,1:14:44,1,s_graffiti_G7b1N,true
6607002,205,1:14:44,1,s_graffiti_G7b1N,false,true
6607002,212,1:14:48,1
6607002,210,1:14:48,1956,582
6607002,207,1:14:52,1,-1027,-577
6607002,207,1:14:55,1,-577,0
6607002,211,1:15:12,1064,405
6607002,207,1:15:12,1,0,-60
6607002,207,1:15:13,1,-60,-75
6607002,210,1:15:14,897,531
6607002,211,1:15:14,656,559
6607002,212,1:15:15,2
6607002,210,1:15:19,675,424
6607002,211,1:15:22,593,242
6607002,213,1:15:22,1,c_teacherEng_G7b1N,true
6607002,210,1:15:27,589,415
6607002,211,1:15:28,616,311
6607002,213,1:15:28,1,c_teacherEng_G7b1N,true
6607002,210,1:15:38,643,455
6607002,207,1:15:40,1,-75,-435
6607002,211,1:15:40,1500,130
6607002,207,1:15:40,1,-435,-495
6607002,210,1:15:41,1520,210
6607002,207,1:15:41,1,-495,-570
6607002,207,1:15:42,1,-570,-1027
6607002,211,1:15:44,1893,177
6607002,213,1:15:44,1,c_crewKid1_M_G7b1N,true
6607002,205,1:15:44,1,c_crewKid1_M_G7b1N,false,true
6607002,210,1:15:48,2027,523
6607002,207,1:15:49,1,-1027,-862
6607002,211,1:15:50,1038,581
6607002,212,1:15:51,0
6607002,212,1:15:51,1
6607002,210,1:15:52,960,541
6607002,211,1:15:53,1044,561
6607002,213,1:15:53,1,c_kidSister_lati_a_G7b1N,true
6607002,205,1:15:53,1,c_kidSister_lati_a_G7b1N,false,false
6607002,221,1:15:59,1
6607002,220,1:16:3,1
6607002,1003,1:16:3,3
6607002,1004,1:16:4,0
6607002,500,1:16:6,0,[]
6607002,501,1:16:12,0,[]
6607002,502,1:16:23,0,[IntentionData_logId:1,false]
6607002,503,1:16:26,0,[]
6607002,504,1:16:48,0,[InfluenceData_logId:7]
6607002,504,1:16:53,0,[InfluenceData_logId:8]
6607002,504,1:16:57,0,[InfluenceData_logId:4]
6607002,504,1:17:2,0,[InfluenceData_logId:4]
6607002,504,1:17:6,0,[InfluenceData_logId:4]
6607002,504,1:17:6,0,[InfluenceData_logId:5]
6607002,504,1:17:9,0,[InfluenceData_logId:4]
6607002,504,1:17:10,0,[InfluenceData_logId:3]
6607002,504,1:17:12,0,[InfluenceData_logId:1]
6607002,504,1:17:14,0,[InfluenceData_logId:4]
6607002,504,1:17:15,0,[InfluenceData_logId:7]
6607002,504,1:17:17,0,[InfluenceData_logId:8]
6607002,504,1:17:18,0,[InfluenceData_logId:7]
6607002,504,1:17:18,0,[InfluenceData_logId:6]
6607002,504,1:17:22,0,[InfluenceData_logId:0]
6607002,504,1:17:26,0,[InfluenceData_logId:2]
6607002,504,1:17:29,0,[InfluenceData_logId:0]
6607002,504,1:17:30,0,[InfluenceData_logId:1]
6607002,504,1:17:32,0,[InfluenceData_logId:0]
6607002,504,1:17:36,0,[InfluenceData_logId:2]
6607002,504,1:17:38,0,[InfluenceData_logId:1]
6607002,504,1:17:40,0,[InfluenceData_logId:3]
6607002,504,1:17:44,0,[InfluenceData_logId:6]
6607002,504,1:17:46,0,[InfluenceData_logId:1]
6607002,505,1:17:47,0,[InfluenceData_logId:1,true,InfluenceData_logId:3,true,InfluenceData_logId:6,true]
6607002,506,1:17:49,0,[]
6607002,507,1:18:26,0,[OpponentAttackData_logId:2,OpponentAttackTypeData_logId:3,false,30]
6607002,508,1:18:29,0,[]
6607002,509,1:18:46,0,[RefusalData_logId:7,0]
6607002,510,1:18:51,0,[AvailableRefusalData_logId:7,0B]
6607002,510,1:18:56,0,[AvailableRefusalData_logId:7,1C]
6607002,510,1:18:59,0,[AvailableRefusalData_logId:7,2A]
6607002,511,1:19:3,0,[AvailableRefusalData_logId:7,0B,1C,2A,false,0]
6607002,512,1:19:8,0,[]
6607002,513,1:19:8,0,[30]
6607002,514,1:19:11,0,[]
6607002,507,1:19:33,0,[OpponentAttackData_logId:1,OpponentAttackTypeData_logId:1,false,30]
6607002,508,1:19:41,0,[]
6607002,509,1:19:48,0,[RefusalData_logId:4,1]
6607002,510,1:19:54,0,[AvailableRefusalData_logId:4,0B]
6607002,510,1:19:59,0,[AvailableRefusalData_logId:4,1C]
6607002,510,1:20:1,0,[AvailableRefusalData_logId:4,1A]
6607002,510,1:20:4,0,[AvailableRefusalData_logId:4,0A]
6607002,510,1:20:13,0,[AvailableRefusalData_logId:4,2C]
6607002,511,1:20:13,0,[AvailableRefusalData_logId:4,0A,1A,2C,false,0]
6607002,512,1:20:19,0,[]
6607002,513,1:20:19,0,[30]
6607002,514,1:20:23,0,[]
6607002,507,1:20:37,0,[OpponentAttackData_logId:3,OpponentAttackTypeData_logId:0,false,30]
6607002,508,1:20:39,0,[]
6607002,515,1:20:39,0,[0,100]
6607002,516,1:20:41,0,[]
6607002,517,1:20:46,0,[]
6607002,1000,1:20:47,0,[]
6607002,500,1:20:49,0,[]
6607002,501,1:20:51,0,[]
6607002,502,1:21:3,0,[IntentionData_logId:0,false]
6607002,503,1:21:6,0,[]
6607002,504,1:21:10,0,[InfluenceData_logId:1]
6607002,504,1:21:10,0,[InfluenceData_logId:4]
6607002,504,1:21:10,0,[InfluenceData_logId:7]
6607002,505,1:21:11,0,[InfluenceData_logId:1,true,InfluenceData_logId:4,true,InfluenceData_logId:7,true]
6607002,506,1:21:13,0,[]
6607002,507,1:21:36,0,[OpponentAttackData_logId:3,OpponentAttackTypeData_logId:0,false,30]
6607002,508,1:21:39,0,[]
6607002,509,1:21:47,0,[RefusalData_logId:8,2]
6607002,510,1:21:56,0,[AvailableRefusalData_logId:8,0C]
6607002,510,1:22:1,0,[AvailableRefusalData_logId:8,1A]
6607002,510,1:22:3,0,[AvailableRefusalData_logId:8,0B]
6607002,510,1:22:7,0,[AvailableRefusalData_logId:8,1C]
6607002,510,1:22:8,0,[AvailableRefusalData_logId:8,2A]
6607002,511,1:22:10,0,[AvailableRefusalData_logId:8,0B,1C,2A,false,0]
6607002,512,1:22:14,0,[]
6607002,513,1:22:14,0,[30]
6607002,514,1:22:18,0,[]
6607002,507,1:22:46,0,[OpponentAttackData_logId:1,OpponentAttackTypeData_logId:1,false,30]
6607002,508,1:22:52,0,[]
6607002,509,1:22:55,0,[RefusalData_logId:7,0]
6607002,510,1:22:58,0,[AvailableRefusalData_logId:7,0B]
6607002,510,1:22:59,0,[AvailableRefusalData_logId:7,1B]
6607002,510,1:23:2,0,[AvailableRefusalData_logId:7,2A]
6607002,511,1:23:3,0,[AvailableRefusalData_logId:7,0B,1B,2A,false,0]
6607002,512,1:23:5,0,[]
6607002,513,1:23:5,0,[30]
6607002,514,1:23:8,0,[]
6607002,507,1:23:19,0,[OpponentAttackData_logId:2,OpponentAttackTypeData_logId:2,false,30]
6607002,508,1:23:22,0,[]
6607002,515,1:23:22,0,[0,100]
6607002,516,1:23:23,0,[]
6607002,517,1:23:24,0,[]
6607002,1000,1:23:26,0,[]
6607002,500,1:23:30,0,[]
6607002,501,1:23:34,0,[]
6607002,502,1:23:53,0,[IntentionData_logId:0,false]
6607002,503,1:23:58,0,[]
6607002,504,1:24:1,0,[InfluenceData_logId:1]
6607002,504,1:24:1,0,[InfluenceData_logId:5]
6607002,504,1:24:2,0,[InfluenceData_logId:6]
6607002,505,1:24:2,0,[InfluenceData_logId:1,true,InfluenceData_logId:5,false,InfluenceData_logId:6,true]
6607002,506,1:24:7,0,[]
6607002,507,1:24:24,0,[OpponentAttackData_logId:3,OpponentAttackTypeData_logId:0,false,30]
6607002,508,1:24:27,0,[]
6607002,509,1:24:34,0,[RefusalData_logId:7,0]
6607002,510,1:24:37,0,[AvailableRefusalData_logId:7,0B]
6607002,510,1:24:44,0,[AvailableRefusalData_logId:7,1A]
6607002,510,1:24:44,0,[AvailableRefusalData_logId:7,2C]
6607002,510,1:24:48,0,[AvailableRefusalData_logId:7,2A]
6607002,510,1:24:51,0,[AvailableRefusalData_logId:7,1C]
6607002,510,1:24:55,0,[AvailableRefusalData_logId:7,2B]
6607002,510,1:24:57,0,[AvailableRefusalData_logId:7,0C]
6607002,511,1:24:58,0,[AvailableRefusalData_logId:7,0C,1C,2B,false,0]
6607002,512,1:25:1,0,[]
6607002,513,1:25:1,0,[30]
6607002,514,1:25:4,0,[]
6607002,507,1:25:15,0,[OpponentAttackData_logId:0,OpponentAttackTypeData_logId:1,true,0]
6607002,508,1:25:17,0,[]
6607002,509,1:25:34,0,[RefusalData_logId:8,2]
6607002,510,1:25:44,0,[AvailableRefusalData_logId:8,0A]
6607002,510,1:25:44,0,[AvailableRefusalData_logId:8,1A]
6607002,510,1:25:47,0,[AvailableRefusalData_logId:8,2A]
6607002,511,1:25:48,0,[AvailableRefusalData_logId:8,0A,1A,2A,true,50]
6607002,512,1:25:54,0,[]
6607002,513,1:25:54,0,[0]
6607002,514,1:25:56,0,[]
6607002,507,1:26:1,0,[OpponentAttackData_logId:1,OpponentAttackTypeData_logId:3,true,0]
6607002,508,1:26:4,0,[]
6607002,509,1:26:25,0,[RefusalData_logId:2,2]
6607002,510,1:26:29,0,[AvailableRefusalData_logId:2,0C]
6607002,510,1:26:34,0,[AvailableRefusalData_logId:2,1B]
6607002,510,1:26:37,0,[AvailableRefusalData_logId:2,0B]
6607002,510,1:26:40,0,[AvailableRefusalData_logId:2,0A]
6607002,510,1:26:56,0,[AvailableRefusalData_logId:2,0C]
6607002,510,1:26:57,0,[AvailableRefusalData_logId:2,1A]
6607002,510,1:27:4,0,[AvailableRefusalData_logId:2,2C]
6607002,511,1:27:5,0,[AvailableRefusalData_logId:2,0C,1A,2C,false,0]
6607002,512,1:27:7,0,[]
6607002,513,1:27:7,0,[30]
6607002,514,1:27:11,0,[]
6607002,507,1:27:18,0,[OpponentAttackData_logId:2,OpponentAttackTypeData_logId:4,true,0]
6607002,508,1:27:21,0,[]
6607002,509,1:27:27,0,[RefusalData_logId:6,2]
6607002,510,1:27:32,0,[AvailableRefusalData_logId:6,0C]
6607002,510,1:27:35,0,[AvailableRefusalData_logId:6,1B]
6607002,510,1:27:39,0,[AvailableRefusalData_logId:6,2B]
6607002,511,1:27:43,0,[AvailableRefusalData_logId:6,0C,1B,2B,false,0]
6607002,512,1:27:46,0,[]
6607002,513,1:27:46,0,[30]
6607002,515,1:27:48,0,[0,50]
6607002,516,1:27:51,0,[]
6607002,517,1:27:52,0,[]
6607002,1000,1:27:55,0,[]
6607002,500,1:27:58,0,[]
6607002,501,1:28:2,0,[]
6607002,502,1:28:16,0,[IntentionData_logId:3,false]
6607002,503,1:28:22,0,[]
6607002,504,1:28:26,0,[InfluenceData_logId:1]
6607002,504,1:28:27,0,[InfluenceData_logId:3]
6607002,504,1:28:28,0,[InfluenceData_logId:6]
6607002,505,1:28:29,0,[InfluenceData_logId:1,true,InfluenceData_logId:3,true,InfluenceData_logId:6,true]
6607002,506,1:28:30,0,[]
6607002,507,1:28:38,0,[OpponentAttackData_logId:1,OpponentAttackTypeData_logId:3,true,0]
6607002,508,1:28:41,0,[]
6607002,509,1:28:47,0,[RefusalData_logId:8,2]
6607002,510,1:28:51,0,[AvailableRefusalData_logId:8,0A]
6607002,510,1:28:52,0,[AvailableRefusalData_logId:8,1A]
6607002,510,1:28:54,0,[AvailableRefusalData_logId:8,2A]
6607002,511,1:28:57,0,[AvailableRefusalData_logId:8,0A,1A,2A,true,50]
6607002,512,1:29:1,0,[]
6607002,513,1:29:1,0,[0]
6607002,514,1:29:6,0,[]
6607002,507,1:29:25,0,[OpponentAttackData_logId:0,OpponentAttackTypeData_logId:2,false,30]
6607002,508,1:29:31,0,[]
6607002,509,1:29:40,0,[RefusalData_logId:7,0]
6607002,510,1:29:43,0,[AvailableRefusalData_logId:7,0B]
6607002,510,1:29:45,0,[AvailableRefusalData_logId:7,1B]
6607002,510,1:29:53,0,[AvailableRefusalData_logId:7,0A]
6607002,510,1:29:55,0,[AvailableRefusalData_logId:7,1A]
6607002,510,1:29:58,0,[AvailableRefusalData_logId:7,2A]
6607002,511,1:30:1,0,[AvailableRefusalData_logId:7,0A,1A,2A,true,20]
6607002,512,1:30:4,0,[]
6607002,513,1:30:4,0,[30]
6607002,514,1:30:7,0,[]
6607002,507,1:30:32,0,[OpponentAttackData_logId:3,OpponentAttackTypeData_logId:4,false,30]
6607002,508,1:30:35,0,[]
6607002,509,1:30:40,0,[RefusalData_logId:6,2]
6607002,510,1:30:42,0,[AvailableRefusalData_logId:6,0C]
6607002,510,1:30:45,0,[AvailableRefusalData_logId:6,1A]
6607002,510,1:30:47,0,[AvailableRefusalData_logId:6,2A]
6607002,511,1:30:50,0,[AvailableRefusalData_logId:6,0C,1A,2A,false,0]
6607002,512,1:30:52,0,[]
6607002,513,1:30:52,0,[30]
6607002,514,1:30:55,0,[]
6607002,507,1:31:1,0,[OpponentAttackData_logId:2,OpponentAttackTypeData_logId:4,true,0]
6607002,508,1:31:4,0,[]
6607002,509,1:31:7,0,[RefusalData_logId:2,2]
6607002,510,1:31:12,0,[AvailableRefusalData_logId:2,0A]
6607002,510,1:31:23,0,[AvailableRefusalData_logId:2,1A]
6607002,510,1:31:24,0,[AvailableRefusalData_logId:2,2A]
6607002,511,1:31:24,0,[AvailableRefusalData_logId:2,0A,1A,2A,true,50]
6607002,512,1:31:27,0,[]
6607002,515,1:31:27,0,[10,0]
6607002,516,1:31:29,0,[]
6607002,517,1:31:31,0,[]
6607002,1005,1:31:31,0,[3,0,1]
6607002,1000,1:31:37,0,[]
6607002,500,1:31:38,0,[]
6607002,501,1:31:40,0,[]
6607002,502,1:31:43,0,[IntentionData_logId:2,true]
6607002,503,1:31:45,0,[]
6607002,504,1:31:47,0,[InfluenceData_logId:2]
6607002,504,1:31:49,0,[InfluenceData_logId:1]
6607002,504,1:31:50,0,[InfluenceData_logId:2]
6607002,504,1:31:52,0,[InfluenceData_logId:1]
6607002,504,1:31:53,0,[InfluenceData_logId:2]
6607002,504,1:31:55,0,[InfluenceData_logId:5]
6607002,504,1:31:57,0,[InfluenceData_logId:3]
6607002,504,1:31:58,0,[InfluenceData_logId:6]
6607002,505,1:31:59,0,[InfluenceData_logId:2,true,InfluenceData_logId:3,true,InfluenceData_logId:6,true]
6607002,506,1:32:1,0,[]
6607002,507,1:32:7,0,[OpponentAttackData_logId:0,OpponentAttackTypeData_logId:1,true,0]
6607002,508,1:32:9,0,[]
6607002,509,1:32:17,0,[RefusalData_logId:8,2]
6607002,510,1:32:21,0,[AvailableRefusalData_logId:8,0A]
6607002,510,1:32:22,0,[AvailableRefusalData_logId:8,1A]
6607002,510,1:32:23,0,[AvailableRefusalData_logId:8,2A]
6607002,511,1:32:24,0,[AvailableRefusalData_logId:8,0A,1A,2A,true,50]
6607002,512,1:32:27,0,[]
6607002,513,1:32:27,0,[0]
6607002,514,1:32:28,0,[]
6607002,507,1:32:36,0,[OpponentAttackData_logId:1,OpponentAttackTypeData_logId:3,true,0]
6607002,508,1:32:39,0,[]
6607002,509,1:32:48,0,[RefusalData_logId:6,2]
6607002,510,1:32:52,0,[AvailableRefusalData_logId:6,0C]
6607002,510,1:33:2,0,[AvailableRefusalData_logId:6,1A]
6607002,510,1:33:7,0,[AvailableRefusalData_logId:6,2A]
6607002,511,1:33:8,0,[AvailableRefusalData_logId:6,0C,1A,2A,false,0]
6607002,512,1:33:11,0,[]
6607002,513,1:33:11,0,[30]
6607002,514,1:33:15,0,[]
6607002,507,1:33:59,0,[OpponentAttackData_logId:3,OpponentAttackTypeData_logId:4,false,30]
6607002,508,1:34:1,0,[]
6607002,509,1:34:4,0,[RefusalData_logId:2,2]
6607002,510,1:34:8,0,[AvailableRefusalData_logId:2,2A]
6607002,510,1:34:9,0,[AvailableRefusalData_logId:2,1A]
6607002,510,1:34:10,0,[AvailableRefusalData_logId:2,0A]
6607002,511,1:34:11,0,[AvailableRefusalData_logId:2,0A,1A,2A,true,50]
6607002,512,1:34:14,0,[]
6607002,515,1:34:14,0,[90,0]
6607002,516,1:34:15,0,[]
6607002,517,1:34:16,0,[]
6607002,1005,1:34:16,0,[3,1,2]
6607002,1000,1:34:19,0,[]
6607002,500,1:34:20,0,[]
6607002,501,1:34:22,0,[]
6607002,502,1:34:27,0,[IntentionData_logId:2,true]
6607002,503,1:34:28,0,[]
6607002,504,1:34:30,0,[InfluenceData_logId:1]
6607002,504,1:34:31,0,[InfluenceData_logId:3]
6607002,504,1:34:33,0,[InfluenceData_logId:6]
6607002,505,1:34:34,0,[InfluenceData_logId:1,true,InfluenceData_logId:3,true,InfluenceData_logId:6,true]
6607002,506,1:34:35,0,[]
6607002,507,1:34:42,0,[OpponentAttackData_logId:2,OpponentAttackTypeData_logId:4,true,0]
6607002,508,1:34:56,0,[]
6607002,509,1:34:59,0,[RefusalData_logId:8,2]
6607002,510,1:35:2,0,[AvailableRefusalData_logId:8,0A]
6607002,510,1:35:3,0,[AvailableRefusalData_logId:8,1A]
6607002,510,1:35:4,0,[AvailableRefusalData_logId:8,2A]
6607002,511,1:35:5,0,[AvailableRefusalData_logId:8,0A,1A,2A,true,50]
6607002,512,1:35:8,0,[]
6607002,513,1:35:8,0,[0]
6607002,514,1:35:11,0,[]
6607002,507,1:35:17,0,[OpponentAttackData_logId:0,OpponentAttackTypeData_logId:1,true,0]
6607002,508,1:35:20,0,[]
6607002,509,1:35:22,0,[RefusalData_logId:2,2]
6607002,510,1:35:25,0,[AvailableRefusalData_logId:2,0A]
6607002,510,1:35:26,0,[AvailableRefusalData_logId:2,1A]
6607002,510,1:35:26,0,[AvailableRefusalData_logId:2,2A]
6607002,511,1:35:27,0,[AvailableRefusalData_logId:2,0A,1A,2A,true,50]
6607002,512,1:35:31,0,[]
6607002,515,1:35:31,0,[150,0]
6607002,516,1:35:34,0,[]
6607002,517,1:35:35,0,[]
6607002,1005,1:35:35,0,[3,2,3]
6607002,1001,1:35:36,0,[]
6607002,1003,1:35:36,3
6607002,221,1:35:41,1
6607002,220,1:35:44,1
6607002,219,1:35:44,1
6607002,216,1:35:45,Stack_G7b1P
6607002,217,1:35:59,Stack_G7b1P,13,6.1
6607002,218,1:36:3,1
6607002,210,1:36:4,941,531
6607002,207,1:36:5,1,-200,-35
6607002,211,1:36:6,246,451
6607002,212,1:36:7,0
6607002,210,1:36:7,378,376
6607002,211,1:36:8,272,448
6607002,213,1:36:8,1,c_cousinsBrothersFriend_a_G7b1P,true
6607002,205,1:36:8,1,c_cousinsBrothersFriend_a_G7b1P,false,false
6607002,210,1:36:12,538,435
6607002,207,1:36:13,1,-35,0
6607002,207,1:36:18,1,0,-795
6607002,207,1:36:19,1,-795,-1031
6607002,211,1:36:20,2041,234
6607002,213,1:36:20,1,s_poolDay_ruleSign_G7b1P,true
6607002,205,1:36:20,1,s_poolDay_ruleSign_G7b1P,false,false
6607002,210,1:36:23,1776,350
6607002,211,1:36:25,1850,228
6607002,212,1:36:27,2
6607002,210,1:36:27,1946,366
6607002,207,1:36:32,1,-1031,0
6607002,211,1:36:35,887,437
6607002,204,1:36:39,1
6607002,103,1:37:27
6607002,105,1:37:28
6607002,703,1:37:30,[|| EpilogueItem ID: 0 unlocked: true ||,|| EpilogueItem ID: 1 unlocked: false ||,|| EpilogueItem ID: 2 unlocked: false ||,|| EpilogueItem ID: 3 unlocked: false ||,|| EpilogueItem ID: 4 unlocked: false ||,|| EpilogueItem ID: 5 unlocked: false ||,|| EpilogueItem ID: 6 unlocked: false ||,|| EpilogueItem ID: 7 unlocked: false ||,|| EpilogueItem ID: 8 unlocked: false ||,|| EpilogueItem ID: 9 unlocked: false ||,|| EpilogueItem ID: 10 unlocked: false ||,|| EpilogueItem ID: 11 unlocked: false ||,|| EpilogueItem ID: 12 unlocked: false ||,|| EpilogueItem ID: 13 unlocked: false ||,|| EpilogueItem ID: 14 unlocked: false ||,|| EpilogueItem ID: 15 unlocked: false ||,|| EpilogueItem ID: 16 unlocked: false ||,|| EpilogueItem ID: 17 unlocked: false ||,|| EpilogueItem ID: 18 unlocked: false ||,|| EpilogueItem ID: 19 unlocked: false ||,|| EpilogueItem ID: 20 unlocked: false ||,|| EpilogueItem ID: 21 unlocked: false ||,|| EpilogueItem ID: 22 unlocked: false ||,|| EpilogueItem ID: 23 unlocked: false ||,|| EpilogueItem ID: 24 unlocked: false ||],0.04
6607002,706,1:37:32,(x=2023, y=-100, w=1024, h=768),(x=2531, y=-100, w=1024, h=768)
6607002,708,1:37:32
6607002,1,1:37:32,2/12/2014 4:56:38pm,{"gameTime":5852903,"challengeStacks":[{"challengeScenes":[{"miniGameCards":[],"viewedAnimatic":true,"keyPoints":["c_teacherEng_G7a0","s_flag_gen","c_bestFriend_M_a_G7a0"],"unlocked":true,"touchableObjects":["s_vocabAssignment_G7a0","s_clock_G7a0","s_atwoodPoster_gen","s_angelouPoster_gen","s_shakespearePoster_gen","s_poePoster_gen","s_otherStudent1_G7a0","c_teacherEng_G7a0","c_crewKid1_M_G7a0","s_flag_gen","s_doorClassroom_G7a0","c_friend1_M_a_G7a0","c_bestFriend_M_a_G7a0"]},{"miniGameCards":[],"viewedAnimatic":true,"keyPoints":["c_teacherEng_G7a1N","c_bestFriend_M_a_G7a1N","s_paperPlayers_G7a1N"],"unlocked":true,"touchableObjects":["c_teacherEng_G7a1N","c_crewKid1_M_G7a1N","s_otherStudent2_G7a1N","s_atwoodPoster_gen","s_poePoster_gen","s_otherStudent1_G7a1N","c_bestFriend_M_a_G7a1N","s_flag_gen","s_posterPlagiarism_gen","s_paperPlayers_G7a1N"]},{"miniGameCards":[],"viewedAnimatic":true,"keyPoints":["c_bestFriend_M_a_G7a1P","s_flag_gen","c_teacherEng_G7a1P","s_paperEnglish_gen"],"unlocked":true,"touchableObjects":["s_paperPlayers_G7a1P","c_bestFriend_M_a_G7a1P","s_flag_gen","c_teacherEng_G7a1P","s_clock_G7a1P","s_paperEnglish_gen"]}],"stackSize":3,"resolved":true},{"challengeScenes":[{"miniGameCards":[],"viewedAnimatic":true,"keyPoints":["c_kidSister_lati_a_G7b0","c_crewKid1_M_G7b0","s_backpack_M_G7b0"],"unlocked":true,"touchableObjects":["c_kidSister_lati_a_G7b0","c_cousin_M_a_G7b0","c_crewKid1_M_G7b0","s_backpack_M_G7b0"]},{"miniGameCards":[],"viewedAnimatic":true,"keyPoints":["s_sprayPaintCan_G7b1N","s_brokenCarWindow_G7b1N","s_graffiti_G7b1N","c_crewKid1_M_G7b1N","c_kidSister_lati_a_G7b1N"],"unlocked":true,"touchableObjects":["s_sprayPaintCan_G7b1N","s_brokenCarWindow_G7b1N","s_graffiti_G7b1N","c_crewKid2_M_a_G7b1N","s_flag_G7b1N","c_cousin_M_a_G7b1N","c_teacherEng_G7b1N","c_crewKid1_M_G7b1N","s_wreckedPlants_G7b1N","c_kidSister_lati_a_G7b1N"]},{"miniGameCards":[],"viewedAnimatic":true,"keyPoints":["c_cousinsBrothersFriend_a_G7b1P","s_poolDay_ruleSign_G7b1P"],"unlocked":true,"touchableObjects":["c_cousinsBrothersFriend_a_G7b1P","s_poolDay_ruleSign_G7b1P"]},{"miniGameCards":[],"viewedAnimatic":false,"keyPoints":[],"unlocked":true,"touchableObjects":[]},{"miniGameCards":[],"viewedAnimatic":false,"keyPoints":[],"unlocked":false,"touchableObjects":[]}],"stackSize":5,"resolved":false},{"challengeScenes":[{"miniGameCards":[],"viewedAnimatic":false,"keyPoints":[],"unlocked":false,"touchableObjects":[]},{"miniGameCards":[],"viewedAnimatic":false,"keyPoints":[],"unlocked":false,"touchableObjects":[]},{"miniGameCards":[],"viewedAnimatic":false,"keyPoints":[],"unlocked":false,"touchableObjects":[]},{"miniGameCards":[],"viewedAnimatic":false,"keyPoints":[],"unlocked":false,"touchableObjects":[]},{"miniGameCards":[],"viewedAnimatic":false,"keyPoints":[],"unlocked":false,"touchableObjects":[]},{"miniGameCards":[],"viewedAnimatic":false,"keyPoints":[],"unlocked":false,"touchableObjects":[]},{"miniGameCards":[],"viewedAnimatic":false,"keyPoints":[],"unlocked":false,"touchableObjects":[]}],"stackSize":7,"resolved":false},{"challengeScenes":[{"miniGameCards":[],"viewedAnimatic":false,"keyPoints":[],"unlocked":false,"touchableObjects":[]},{"miniGameCards":[],"viewedAnimatic":false,"keyPoints":[],"unlocked":false,"touchableObjects":[]},{"miniGameCards":[],"viewedAnimatic":false,"keyPoints":[],"unlocked":false,"touchableObjects":[]},{"miniGameCards":[],"viewedAnimatic":false,"keyPoints":[],"unlocked":false,"touchableObjects":[]},{"miniGameCards":[],"viewedAnimatic":false,"keyPoints":[],"unlocked":false,"touchableObjects":[]}],"stackSize":5,"resolved":false},{"challengeScenes":[{"miniGameCards":[],"viewedAnimatic":false,"keyPoints":[],"unlocked":false,"touchableObjects":[]},{"miniGameCards":[],"viewedAnimatic":false,"keyPoints":[],"unlocked":false,"touchableObjects":[]},{"miniGameCards":[],"viewedAnimatic":false,"keyPoints":[],"unlocked":false,"touchableObjects":[]},{"miniGameCards":[],"viewedAnimatic":false,"keyPoints":[],"unlocked":false,"touchableObjects":[]},{"miniGameCards":[],"viewedAnimatic":false,"keyPoints":[],"unlocked":false,"touchableObjects":[]}],"stackSize":5,"resolved":false},{"challengeScenes":[{"miniGameCards":[],"viewedAnimatic":false,"keyPoints":[],"unlocked":false,"touchableObjects":[]},{"miniGameCards":[],"viewedAnimatic":false,"keyPoints":[],"unlocked":false,"touchableObjects":[]},{"miniGameCards":[],"viewedAnimatic":false,"keyPoints":[],"unlocked":false,"touchableObjects":[]},{"miniGameCards":[],"viewedAnimatic":false,"keyPoints":[],"unlocked":false,"touchableObjects":[]},{"miniGameCards":[],"viewedAnimatic":false,"keyPoints":[],"unlocked":false,"touchableObjects":[]}],"stackSize":5,"resolved":false},{"challengeScenes":[{"miniGameCards":[],"viewedAnimatic":false,"keyPoints":[],"unlocked":false,"touchableObjects":[]},{"miniGameCards":[],"viewedAnimatic":false,"keyPoints":[],"unlocked":false,"touchableObjects":[]},{"miniGameCards":[],"viewedAnimatic":false,"keyPoints":[],"unlocked":false,"touchableObjects":[]},{"miniGameCards":[],"viewedAnimatic":false,"keyPoints":[],"unlocked":false,"touchableObjects":[]},{"miniGameCards":[],"viewedAnimatic":false,"keyPoints":[],"unlocked":false,"touchableObjects":[]}],"stackSize":5,"resolved":false},{"challengeScenes":[{"miniGameCards":[],"viewedAnimatic":false,"keyPoints":[],"unlocked":false,"touchableObjects":[]},{"miniGameCards":[],"viewedAnimatic":false,"keyPoints":[],"unlocked":false,"touchableObjects":[]},{"miniGameCards":[],"viewedAnimatic":false,"keyPoints":[],"unlocked":false,"touchableObjects":[]},{"miniGameCards":[],"viewedAnimatic":false,"keyPoints":[],"unlocked":false,"touchableObjects":[]},{"miniGameCards":[],"viewedAnimatic":false,"keyPoints":[],"unlocked":false,"touchableObjects":[]}],"stackSize":5,"resolved":false},{"challengeScenes":[{"miniGameCards":[],"viewedAnimatic":false,"keyPoints":[],"unlocked":false,"touchableObjects":[]},{"miniGameCards":[],"viewedAnimatic":false,"keyPoints":[],"unlocked":false,"touchableObjects":[]},{"miniGameCards":[],"viewedAnimatic":false,"keyPoints":[],"unlocked":false,"touchableObjects":[]},{"miniGameCards":[],"viewedAnimatic":false,"keyPoints":[],"unlocked":false,"touchableObjects":[]},{"miniGameCards":[],"viewedAnimatic":false,"keyPoints":[],"unlocked":false,"touchableObjects":[]}],"stackSize":5,"resolved":false},{"challengeScenes":[{"miniGameCards":[],"viewedAnimatic":false,"keyPoints":[],"unlocked":false,"touchableObjects":[]},{"miniGameCards":[],"viewedAnimatic":false,"keyPoints":[],"unlocked":false,"touchableObjects":[]},{"miniGameCards":[],"viewedAnimatic":false,"keyPoints":[],"unlocked":false,"touchableObjects":[]},{"miniGameCards":[],"viewedAnimatic":false,"keyPoints":[],"unlocked":false,"touchableObjects":[]},{"miniGameCards":[],"viewedAnimatic":false,"keyPoints":[],"unlocked":false,"touchableObjects":[]}],"stackSize":5,"resolved":false},{"challengeScenes":[{"miniGameCards":[],"viewedAnimatic":false,"keyPoints":[],"unlocked":false,"touchableObjects":[]},{"miniGameCards":[],"viewedAnimatic":false,"keyPoints":[],"unlocked":false,"touchableObjects":[]},{"miniGameCards":[],"viewedAnimatic":false,"keyPoints":[],"unlocked":false,"touchableObjects":[]},{"miniGameCards":[],"viewedAnimatic":false,"keyPoints":[],"unlocked":false,"touchableObjects":[]},{"miniGameCards":[],"viewedAnimatic":false,"keyPoints":[],"unlocked":false,"touchableObjects":[]}],"stackSize":5,"resolved":false},{"challengeScenes":[{"miniGameCards":[],"viewedAnimatic":false,"keyPoints":[],"unlocked":false,"touchableObjects":[]},{"miniGameCards":[],"viewedAnimatic":false,"keyPoints":[],"unlocked":false,"touchableObjects":[]},{"miniGameCards":[],"viewedAnimatic":false,"keyPoints":[],"unlocked":false,"touchableObjects":[]},{"miniGameCards":[],"viewedAnimatic":false,"keyPoints":[],"unlocked":false,"touchableObjects":[]},{"miniGameCards":[],"viewedAnimatic":false,"keyPoints":[],"unlocked":false,"touchableObjects":[]}],"stackSize":5,"resolved":false},{"challengeScenes":[{"miniGameCards":[],"viewedAnimatic":false,"keyPoints":[],"unlocked":true,"touchableObjects":["c_player_lati_M_a_G0a0"]},{"miniGameCards":[],"viewedAnimatic":false,"keyPoints":["c_job_G0a1N","c_home_G0a1N","c_family_lati_a_G0a1N"],"unlocked":true,"touchableObjects":["c_job_G0a1N","c_player_lati_M_a_G0a1N","c_home_G0a1N","c_family_lati_a_G0a1N"]},{"miniGameCards":[],"viewedAnimatic":false,"keyPoints":["c_grandma_lati_a_G0a1P","c_kidsister_lati_a_G0a1P","c_Teacher_G0a1P","c_dad_lati_a_G0a1P","c_mom_lati_a_G0a1P","c_Nurse_G0a1P"],"unlocked":true,"touchableObjects":["c_friends_G0a1P","c_grandma_lati_a_G0a1P","c_kidsister_lati_a_G0a1P","c_Teacher_G0a1P","c_cousins_M_a_G0a1P","c_dad_lati_a_G0a1P","c_mom_lati_a_G0a1P","c_Nurse_G0a1P"]}],"stackSize":3,"resolved":true}],"sessionId":2,"epilogue":{"rating":0},"playerId":6607002,"session":[{"sceneId":"1P","stackId":12},{"sceneId":"1P","stackId":0},{"sceneId":"1P","stackId":1},{"sceneId":"1N","stackId":1}],"minigames":[{"levelSaveData":[{"starRating":3,"unlocked":true},{"starRating":0,"unlocked":false},{"starRating":0,"unlocked":false},{"starRating":0,"unlocked":false},{"starRating":0,"unlocked":false},{"starRating":0,"unlocked":false},{"starRating":0,"unlocked":false},{"starRating":0,"unlocked":false},{"starRating":0,"unlocked":false},{"starRating":0,"unlocked":false}],"skillPoints":3},{"levelSaveData":[{"starRating":3,"unlocked":true},{"starRating":0,"unlocked":false},{"starRating":0,"unlocked":false},{"starRating":0,"unlocked":false},{"starRating":0,"unlocked":true},{"starRating":0,"unlocked":false},{"starRating":0,"unlocked":false},{"starRating":0,"unlocked":false},{"starRating":0,"unlocked":false},{"starRating":0,"unlocked":false}],"skillPoints":3},{"levelSaveData":[{"starRating":3,"unlocked":true},{"starRating":3,"unlocked":true},{"starRating":0,"unlocked":false},{"starRating":0,"unlocked":false},{"starRating":0,"unlocked":false},{"starRating":0,"unlocked":false},{"starRating":0,"unlocked":false},{"starRating":0,"unlocked":false},{"starRating":0,"unlocked":false},{"starRating":0,"unlocked":false}],"skillPoints":6},{"levelSaveData":[{"starRating":3,"unlocked":true},{"starRating":0,"unlocked":false},{"starRating":0,"unlocked":false},{"starRating":0,"unlocked":false},{"starRating":0,"unlocked":false},{"starRating":0,"unlocked":false},{"starRating":0,"unlocked":false},{"starRating":0,"unlocked":false},{"starRating":0,"unlocked":false},{"starRating":0,"unlocked":false}],"skillPoints":3},{"age":13,"name":"angel","gender":0,"levelSaveData":[{"starRating":3,"unlocked":true},{"starRating":3,"chunks":[["2"],["15$$clam","6$$funny"],["0$$family","12$$friends","6$$music n school"],["3"]],"unlocked":true},{"starRating":0,"chunks":[[null],[null,null],[null,null]],"unlocked":true},{"starRating":0,"chunks":[[null],[null],[null],[null],[null,null],[null]],"unlocked":false},{"starRating":0,"chunks":[[null],[null],[null,null],[null],[null],[null]],"unlocked":false},{"starRating":0,"chunks":[[null],[null,null,null,null],[null],[null]],"unlocked":false},{"starRating":0,"chunks":[[null],[null],[null,null],[null,null],[null]],"unlocked":false},{"starRating":0,"chunks":[[null,null,null],[null,null,null],[null],[null],[null]],"unlocked":false},{"starRating":0,"chunks":[[null,null,null],[null,null,null],[null,null]],"unlocked":false},{"starRating":0,"chunks":[[null],[null],[null],[null],[null],[null]],"unlocked":false}],"visualAvatar":0,"id":2,"skillPoints":6}],"avatar":{"age":13,"name":"angel","gender":0,"levelSaveData":[{"starRating":3,"unlocked":true},{"starRating":3,"chunks":[["2"],["15$$clam","6$$funny"],["0$$family","12$$friends","6$$music n school"],["3"]],"unlocked":true},{"starRating":0,"chunks":[[null],[null,null],[null,null]],"unlocked":true},{"starRating":0,"chunks":[[null],[null],[null],[null],[null,null],[null]],"unlocked":false},{"starRating":0,"chunks":[[null],[null],[null,null],[null],[null],[null]],"unlocked":false},{"starRating":0,"chunks":[[null],[null,null,null,null],[null],[null]],"unlocked":false},{"starRating":0,"chunks":[[null],[null],[null,null],[null,null],[null]],"unlocked":false},{"starRating":0,"chunks":[[null,null,null],[null,null,null],[null],[null],[null]],"unlocked":false},{"starRating":0,"chunks":[[null,null,null],[null,null,null],[null,null]],"unlocked":false},{"starRating":0,"chunks":[[null],[null],[null],[null],[null],[null]],"unlocked":false}],"visualAvatar":0,"id":2,"skillPoints":6}}
