6486006,0,5:12:0,5/20/2013 3:06:36pm
6486006,100,5:12:4,5
6486006,102,5:12:5,5
6486006,200,5:12:5,5,7,12,15,18,15
6486006,210,5:12:8,650,363
6486006,211,5:12:8,582,418
6486006,213,5:12:8,5,c_cousin_F_a_G9b0,true
6486006,210,5:12:12,710,321
6486006,211,5:12:12,679,268
6486006,213,5:12:12,5,s_closet_F_G9b0,true
6486006,210,5:12:14,786,311
6486006,211,5:12:17,365,194
6486006,210,5:12:18,186,326
6486006,207,5:12:18,5,-200,0
6486006,211,5:12:22,159,89
6486006,210,5:12:22,43,116
6486006,207,5:12:31,5,0,-512
6486006,211,5:12:37,1376,574
6486006,213,5:12:37,5,s_computer_F_gen,true
6486006,205,5:12:37,5,s_computer_F_gen,false,true
6486006,210,5:12:41,1301,416
6486006,211,5:12:42,1011,556
6486006,221,5:12:43,5
6486006,220,5:12:48,5
6486006,219,5:12:49,5
6486006,216,5:12:50,Stack_G9b1N
6486006,217,5:13:3,Stack_G9b1N,10,6.5
6486006,216,5:13:6,Stack_G9b1N
6486006,217,5:13:17,Stack_G9b1N,10,6.5
6486006,218,5:13:24,5
6486006,210,5:13:25,740,252
6486006,207,5:13:29,5,-200,0
6486006,207,5:13:37,5,0,-995
6486006,211,5:13:40,1701,506
6486006,213,5:13:40,5,s_coupleOnCouch_G9b1N,true
6486006,210,5:13:50,1673,457
6486006,211,5:13:52,1633,609
6486006,213,5:13:52,5,s_boomBox_G9b1N,true
6486006,210,5:13:55,1810,588
6486006,211,5:13:56,1806,641
6486006,210,5:13:57,1402,583
6486006,211,5:13:59,1383,534
6486006,213,5:13:59,5,s_puddleFloor_G9b1N,true
6486006,210,5:14:1,1303,526
6486006,211,5:14:6,1965,179
6486006,212,5:14:7,1
6486006,210,5:14:8,1799,494
6486006,211,5:14:9,1542,604
6486006,212,5:14:10,0
6486006,210,5:14:10,1522,546
6486006,211,5:14:12,1535,557
6486006,213,5:14:12,5,s_beerBottle_G9b1N,true
6486006,1003,5:14:22,0
6486006,1004,5:14:26,3
6486006,400,5:14:46,3,[]
6486006,401,5:15:2,3,[StatementsData_logId:0]
6486006,403,5:15:14,3,[StatementsData_logId:0,true]
6486006,405,5:15:16,3,[StatementsData_logId:0]
6486006,406,5:15:16,3,[StatementsData_logId:0,2]
6486006,407,5:15:16,3,[StatementsData_logId:0,FactCardData_id:22]
6486006,407,5:15:16,3,[StatementsData_logId:0,FactCardData_id:21]
6486006,407,5:15:16,3,[StatementsData_logId:0,FactCardData_id:23]
6486006,407,5:15:16,3,[StatementsData_logId:0,FactCardData_id:19]
6486006,407,5:15:16,3,[StatementsData_logId:0,FactCardData_id:18]
6486006,407,5:15:16,3,[StatementsData_logId:0,FactCardData_id:20]
6486006,407,5:15:21,3,[StatementsData_logId:0,FactCardData_id:23]
6486006,407,5:15:21,3,[StatementsData_logId:0,FactCardData_id:23]
6486006,407,5:15:26,3,[StatementsData_logId:0,FactCardData_id:21]
6486006,407,5:15:26,3,[StatementsData_logId:0,FactCardData_id:23]
6486006,407,5:15:26,3,[StatementsData_logId:0,FactCardData_id:21]
6486006,408,5:15:33,3,[StatementsData_logId:0,FactCardData_id:21,false]
6486006,406,5:15:41,3,[StatementsData_logId:0,-2]
6486006,411,5:15:42,3,[StatementsData_logId:0]
6486006,401,5:15:48,3,[StatementsData_logId:1]
6486006,402,5:16:3,3,[StatementsData_logId:1,true]
6486006,405,5:16:4,3,[StatementsData_logId:1]
6486006,406,5:16:7,3,[StatementsData_logId:1,2]
6486006,411,5:16:8,3,[StatementsData_logId:1]
6486006,401,5:16:11,3,[StatementsData_logId:2]
6486006,404,5:16:13,3,[StatementsData_logId:2,true]
6486006,406,5:16:14,3,[StatementsData_logId:2,2]
6486006,412,5:16:16,3,[StatementsData_logId:2]
6486006,413,5:16:20,3,[StatementsData_logId:2,DuelResponsesData_logId:3]
6486006,414,5:16:23,3,[StatementsData_logId:2,DuelResponsesData_logId:3]
6486006,415,5:17:33,3,[StatementsData_logId:2,DuelResponsesData_logId:3,DuelResponsesData_witty_player_response]
6486006,416,5:17:33,3,[StatementsData_logId:2,DuelResponsesData_logId:3]
6486006,417,5:17:36,3,[StatementsData_logId:2,DuelResponsesData_logId:3]
6486006,413,5:17:44,3,[StatementsData_logId:2,DuelResponsesData_logId:4]
6486006,414,5:17:47,3,[StatementsData_logId:2,DuelResponsesData_logId:4]
6486006,415,5:17:57,3,[StatementsData_logId:2,DuelResponsesData_logId:4,DuelResponsesData_witty_player_response]
6486006,416,5:17:58,3,[StatementsData_logId:2,DuelResponsesData_logId:4]
6486006,417,5:18:0,3,[StatementsData_logId:2,DuelResponsesData_logId:4]
6486006,413,5:18:2,3,[StatementsData_logId:2,DuelResponsesData_logId:5]
6486006,414,5:18:4,3,[StatementsData_logId:2,DuelResponsesData_logId:5]
6486006,415,5:18:8,3,[StatementsData_logId:2,DuelResponsesData_logId:5,DuelResponsesData_witty_player_response]
6486006,416,5:18:9,3,[StatementsData_logId:2,DuelResponsesData_logId:5]
6486006,417,5:18:11,3,[StatementsData_logId:2,DuelResponsesData_logId:5]
6486006,418,5:18:11,3,[StatementsData_logId:2,true]
6486006,419,5:18:14,3,[StatementsData_logId:2,4]
6486006,411,5:18:19,3,[StatementsData_logId:2]
6486006,401,5:18:25,3,[StatementsData_logId:3]
6486006,403,5:18:27,3,[StatementsData_logId:3,true]
6486006,405,5:18:28,3,[StatementsData_logId:3]
6486006,406,5:18:31,3,[StatementsData_logId:3,2]
6486006,407,5:18:31,3,[StatementsData_logId:3,FactCardData_id:20]
6486006,407,5:18:31,3,[StatementsData_logId:3,FactCardData_id:18]
6486006,407,5:18:31,3,[StatementsData_logId:3,FactCardData_id:21]
6486006,407,5:18:31,3,[StatementsData_logId:3,FactCardData_id:19]
6486006,407,5:18:31,3,[StatementsData_logId:3,FactCardData_id:22]
6486006,407,5:18:31,3,[StatementsData_logId:3,FactCardData_id:23]
6486006,407,5:18:37,3,[StatementsData_logId:3,FactCardData_id:22]
6486006,407,5:18:37,3,[StatementsData_logId:3,FactCardData_id:22]
6486006,408,5:18:40,3,[StatementsData_logId:3,FactCardData_id:22,true]
6486006,409,5:18:40,3,[StatementsData_logId:3]
6486006,410,5:18:41,3,[StatementsData_logId:3,2]
6486006,412,5:18:41,3,[StatementsData_logId:3]
6486006,413,5:18:47,3,[StatementsData_logId:3,DuelResponsesData_logId:6]
6486006,414,5:18:49,3,[StatementsData_logId:3,DuelResponsesData_logId:6]
6486006,415,5:18:56,3,[StatementsData_logId:3,DuelResponsesData_logId:6,DuelResponsesData_witty_player_response]
6486006,416,5:18:57,3,[StatementsData_logId:3,DuelResponsesData_logId:6]
6486006,417,5:19:0,3,[StatementsData_logId:3,DuelResponsesData_logId:6]
6486006,413,5:19:6,3,[StatementsData_logId:3,DuelResponsesData_logId:7]
6486006,414,5:19:7,3,[StatementsData_logId:3,DuelResponsesData_logId:7]
6486006,415,5:19:13,3,[StatementsData_logId:3,DuelResponsesData_logId:7,DuelResponsesData_witty_player_response]
6486006,416,5:19:14,3,[StatementsData_logId:3,DuelResponsesData_logId:7]
6486006,417,5:19:18,3,[StatementsData_logId:3,DuelResponsesData_logId:7]
6486006,413,5:19:22,3,[StatementsData_logId:3,DuelResponsesData_logId:8]
6486006,414,5:19:24,3,[StatementsData_logId:3,DuelResponsesData_logId:8]
6486006,415,5:19:32,3,[StatementsData_logId:3,DuelResponsesData_logId:8,DuelResponsesData_witty_player_response]
6486006,416,5:19:33,3,[StatementsData_logId:3,DuelResponsesData_logId:8]
6486006,417,5:19:35,3,[StatementsData_logId:3,DuelResponsesData_logId:8]
6486006,418,5:19:35,3,[StatementsData_logId:3,true]
6486006,419,5:19:36,3,[StatementsData_logId:3,4]
6486006,411,5:19:44,3,[StatementsData_logId:3]
6486006,401,5:20:8,3,[StatementsData_logId:4]
6486006,403,5:20:29,3,[StatementsData_logId:4,true]
6486006,405,5:20:31,3,[StatementsData_logId:4]
6486006,406,5:20:32,3,[StatementsData_logId:4,2]
6486006,407,5:20:32,3,[StatementsData_logId:4,FactCardData_id:19]
6486006,407,5:20:32,3,[StatementsData_logId:4,FactCardData_id:18]
6486006,407,5:20:32,3,[StatementsData_logId:4,FactCardData_id:23]
6486006,407,5:20:32,3,[StatementsData_logId:4,FactCardData_id:20]
6486006,407,5:20:32,3,[StatementsData_logId:4,FactCardData_id:22]
6486006,407,5:20:32,3,[StatementsData_logId:4,FactCardData_id:21]
6486006,407,5:20:45,3,[StatementsData_logId:4,FactCardData_id:19]
6486006,407,5:20:45,3,[StatementsData_logId:4,FactCardData_id:19]
6486006,407,5:20:49,3,[StatementsData_logId:4,FactCardData_id:23]
6486006,407,5:20:49,3,[StatementsData_logId:4,FactCardData_id:19]
6486006,407,5:20:49,3,[StatementsData_logId:4,FactCardData_id:23]
6486006,407,5:20:51,3,[StatementsData_logId:4,FactCardData_id:20]
6486006,407,5:20:51,3,[StatementsData_logId:4,FactCardData_id:23]
6486006,407,5:20:51,3,[StatementsData_logId:4,FactCardData_id:20]
6486006,407,5:20:52,3,[StatementsData_logId:4,FactCardData_id:18]
6486006,407,5:20:53,3,[StatementsData_logId:4,FactCardData_id:20]
6486006,407,5:20:53,3,[StatementsData_logId:4,FactCardData_id:18]
6486006,408,5:20:57,3,[StatementsData_logId:4,FactCardData_id:18,true]
6486006,409,5:20:57,3,[StatementsData_logId:4]
6486006,410,5:20:58,3,[StatementsData_logId:4,2]
6486006,412,5:21:0,3,[StatementsData_logId:4]
6486006,413,5:21:5,3,[StatementsData_logId:4,DuelResponsesData_logId:9]
6486006,414,5:21:16,3,[StatementsData_logId:4,DuelResponsesData_logId:9]
6486006,415,5:21:19,3,[StatementsData_logId:4,DuelResponsesData_logId:9,DuelResponsesData_witty_player_response]
6486006,416,5:21:20,3,[StatementsData_logId:4,DuelResponsesData_logId:9]
6486006,417,5:21:22,3,[StatementsData_logId:4,DuelResponsesData_logId:9]
6486006,413,5:21:26,3,[StatementsData_logId:4,DuelResponsesData_logId:10]
6486006,414,5:21:31,3,[StatementsData_logId:4,DuelResponsesData_logId:10]
6486006,415,5:21:43,3,[StatementsData_logId:4,DuelResponsesData_logId:10,DuelResponsesData_witty_player_response]
6486006,416,5:21:45,3,[StatementsData_logId:4,DuelResponsesData_logId:10]
6486006,417,5:21:50,3,[StatementsData_logId:4,DuelResponsesData_logId:10]
6486006,413,5:21:54,3,[StatementsData_logId:4,DuelResponsesData_logId:11]
6486006,414,5:21:57,3,[StatementsData_logId:4,DuelResponsesData_logId:11]
6486006,415,5:22:8,3,[StatementsData_logId:4,DuelResponsesData_logId:11,DuelResponsesData_witty_player_response]
6486006,416,5:22:10,3,[StatementsData_logId:4,DuelResponsesData_logId:11]
6486006,417,5:22:12,3,[StatementsData_logId:4,DuelResponsesData_logId:11]
6486006,418,5:22:12,3,[StatementsData_logId:4,true]
6486006,419,5:22:17,3,[StatementsData_logId:4,4]
6486006,411,5:22:20,3,[StatementsData_logId:4]
6486006,401,5:22:25,3,[StatementsData_logId:5]
6486006,402,5:22:27,3,[StatementsData_logId:5,true]
6486006,405,5:22:28,3,[StatementsData_logId:5]
6486006,406,5:22:30,3,[StatementsData_logId:5,2]
6486006,411,5:22:32,3,[StatementsData_logId:5]
6486006,420,5:22:32,3,[60]
6486006,1005,5:22:32,3,[0,0,2]
6486006,1001,5:22:34,3,[]
6486006,1003,5:22:34,0
6486006,1004,5:22:35,5
6486006,400,5:22:52,5,[]
6486006,401,5:23:48,5,[StatementsData_logId:0]
6486006,404,5:23:52,5,[StatementsData_logId:0,false]
6486006,405,5:23:53,5,[StatementsData_logId:0]
6486006,406,5:23:57,5,[StatementsData_logId:0,-2]
6486006,411,5:24:2,5,[StatementsData_logId:0]
6486006,401,5:24:7,5,[StatementsData_logId:1]
6486006,404,5:24:9,5,[StatementsData_logId:1,true]
6486006,406,5:24:9,5,[StatementsData_logId:1,2]
6486006,412,5:24:11,5,[StatementsData_logId:1]
6486006,413,5:24:14,5,[StatementsData_logId:1,DuelResponsesData_logId:3]
6486006,414,5:24:16,5,[StatementsData_logId:1,DuelResponsesData_logId:3]
6486006,415,5:24:20,5,[StatementsData_logId:1,DuelResponsesData_logId:3,DuelResponsesData_witty_player_response]
6486006,416,5:24:21,5,[StatementsData_logId:1,DuelResponsesData_logId:3]
6486006,417,5:24:25,5,[StatementsData_logId:1,DuelResponsesData_logId:3]
6486006,413,5:24:36,5,[StatementsData_logId:1,DuelResponsesData_logId:4]
6486006,414,5:24:49,5,[StatementsData_logId:1,DuelResponsesData_logId:4]
6486006,415,5:25:0,5,[StatementsData_logId:1,DuelResponsesData_logId:4,DuelResponsesData_witty_player_response]
6486006,416,5:25:1,5,[StatementsData_logId:1,DuelResponsesData_logId:4]
6486006,417,5:25:3,5,[StatementsData_logId:1,DuelResponsesData_logId:4]
6486006,413,5:25:8,5,[StatementsData_logId:1,DuelResponsesData_logId:5]
6486006,414,5:25:9,5,[StatementsData_logId:1,DuelResponsesData_logId:5]
6486006,415,5:25:23,5,[StatementsData_logId:1,DuelResponsesData_logId:5,DuelResponsesData_witty_player_response]
6486006,416,5:25:24,5,[StatementsData_logId:1,DuelResponsesData_logId:5]
6486006,417,5:25:25,5,[StatementsData_logId:1,DuelResponsesData_logId:5]
6486006,418,5:25:25,5,[StatementsData_logId:1,true]
6486006,419,5:25:27,5,[StatementsData_logId:1,4]
6486006,411,5:25:28,5,[StatementsData_logId:1]
6486006,401,5:25:35,5,[StatementsData_logId:2]
6486006,403,5:25:37,5,[StatementsData_logId:2,true]
6486006,405,5:25:38,5,[StatementsData_logId:2]
6486006,406,5:25:39,5,[StatementsData_logId:2,2]
6486006,407,5:25:39,5,[StatementsData_logId:2,FactCardData_id:24]
6486006,407,5:25:39,5,[StatementsData_logId:2,FactCardData_id:5]
6486006,407,5:25:39,5,[StatementsData_logId:2,FactCardData_id:1]
6486006,407,5:25:39,5,[StatementsData_logId:2,FactCardData_id:4]
6486006,407,5:25:39,5,[StatementsData_logId:2,FactCardData_id:26]
6486006,407,5:25:39,5,[StatementsData_logId:2,FactCardData_id:27]
6486006,407,5:25:41,5,[StatementsData_logId:2,FactCardData_id:24]
6486006,407,5:25:41,5,[StatementsData_logId:2,FactCardData_id:24]
6486006,408,5:25:48,5,[StatementsData_logId:2,FactCardData_id:24,true]
6486006,409,5:25:48,5,[StatementsData_logId:2]
6486006,410,5:25:49,5,[StatementsData_logId:2,2]
6486006,412,5:25:53,5,[StatementsData_logId:2]
6486006,413,5:25:57,5,[StatementsData_logId:2,DuelResponsesData_logId:6]
6486006,414,5:25:59,5,[StatementsData_logId:2,DuelResponsesData_logId:6]
6486006,415,5:26:1,5,[StatementsData_logId:2,DuelResponsesData_logId:6,DuelResponsesData_witty_player_response]
6486006,416,5:26:2,5,[StatementsData_logId:2,DuelResponsesData_logId:6]
6486006,417,5:26:4,5,[StatementsData_logId:2,DuelResponsesData_logId:6]
6486006,413,5:26:15,5,[StatementsData_logId:2,DuelResponsesData_logId:7]
6486006,414,5:26:18,5,[StatementsData_logId:2,DuelResponsesData_logId:7]
6486006,415,5:26:27,5,[StatementsData_logId:2,DuelResponsesData_logId:7,DuelResponsesData_witty_player_response]
6486006,416,5:26:29,5,[StatementsData_logId:2,DuelResponsesData_logId:7]
6486006,417,5:26:31,5,[StatementsData_logId:2,DuelResponsesData_logId:7]
6486006,413,5:26:34,5,[StatementsData_logId:2,DuelResponsesData_logId:8]
6486006,414,5:26:36,5,[StatementsData_logId:2,DuelResponsesData_logId:8]
6486006,415,5:27:8,5,[StatementsData_logId:2,DuelResponsesData_logId:8,DuelResponsesData_witty_player_response]
6486006,416,5:27:9,5,[StatementsData_logId:2,DuelResponsesData_logId:8]
6486006,417,5:27:10,5,[StatementsData_logId:2,DuelResponsesData_logId:8]
6486006,418,5:27:10,5,[StatementsData_logId:2,true]
6486006,419,5:27:18,5,[StatementsData_logId:2,4]
6486006,411,5:27:20,5,[StatementsData_logId:2]
6486006,401,5:27:27,5,[StatementsData_logId:3]
6486006,402,5:27:35,5,[StatementsData_logId:3,true]
6486006,405,5:27:37,5,[StatementsData_logId:3]
6486006,406,5:27:38,5,[StatementsData_logId:3,2]
6486006,411,5:27:39,5,[StatementsData_logId:3]
6486006,401,5:27:44,5,[StatementsData_logId:4]
6486006,403,5:27:57,5,[StatementsData_logId:4,true]
6486006,405,5:27:58,5,[StatementsData_logId:4]
6486006,406,5:27:59,5,[StatementsData_logId:4,2]
6486006,407,5:27:59,5,[StatementsData_logId:4,FactCardData_id:27]
6486006,407,5:27:59,5,[StatementsData_logId:4,FactCardData_id:26]
6486006,407,5:27:59,5,[StatementsData_logId:4,FactCardData_id:4]
6486006,407,5:27:59,5,[StatementsData_logId:4,FactCardData_id:24]
6486006,407,5:27:59,5,[StatementsData_logId:4,FactCardData_id:5]
6486006,407,5:27:59,5,[StatementsData_logId:4,FactCardData_id:1]
6486006,407,5:28:2,5,[StatementsData_logId:4,FactCardData_id:4]
6486006,407,5:28:2,5,[StatementsData_logId:4,FactCardData_id:4]
6486006,408,5:28:6,5,[StatementsData_logId:4,FactCardData_id:4,false]
6486006,406,5:28:19,5,[StatementsData_logId:4,-2]
6486006,411,5:28:25,5,[StatementsData_logId:4]
6486006,401,5:28:39,5,[StatementsData_logId:5]
6486006,402,5:28:43,5,[StatementsData_logId:5,true]
6486006,405,5:28:44,5,[StatementsData_logId:5]
6486006,406,5:28:48,5,[StatementsData_logId:5,2]
6486006,411,5:28:50,5,[StatementsData_logId:5]
6486006,420,5:28:50,5,[58]
6486006,1005,5:28:50,5,[0,0,1]
6486006,1000,5:28:52,5,[]
6486006,400,5:28:54,5,[]
6486006,1002,5:28:57,5
6486006,1003,5:28:57,0
6486006,1004,5:28:59,6
6486006,400,5:29:5,6,[]
6486006,401,5:29:10,6,[StatementsData_logId:0]
6486006,402,5:29:12,6,[StatementsData_logId:0,true]
6486006,405,5:29:12,6,[StatementsData_logId:0]
6486006,406,5:29:17,6,[StatementsData_logId:0,2]
6486006,411,5:29:55,6,[StatementsData_logId:0]
6486006,401,5:30:5,6,[StatementsData_logId:1]
6486006,403,5:30:14,6,[StatementsData_logId:1,true]
6486006,405,5:30:14,6,[StatementsData_logId:1]
6486006,406,5:30:15,6,[StatementsData_logId:1,2]
6486006,407,5:30:15,6,[StatementsData_logId:1,FactCardData_id:2]
6486006,407,5:30:15,6,[StatementsData_logId:1,FactCardData_id:5]
6486006,407,5:30:15,6,[StatementsData_logId:1,FactCardData_id:4]
6486006,407,5:30:15,6,[StatementsData_logId:1,FactCardData_id:9]
6486006,407,5:30:15,6,[StatementsData_logId:1,FactCardData_id:10]
6486006,407,5:30:15,6,[StatementsData_logId:1,FactCardData_id:13]
6486006,407,5:30:22,6,[StatementsData_logId:1,FactCardData_id:9]
6486006,407,5:30:22,6,[StatementsData_logId:1,FactCardData_id:9]
6486006,408,5:30:26,6,[StatementsData_logId:1,FactCardData_id:9,true]
6486006,409,5:30:26,6,[StatementsData_logId:1]
6486006,410,5:30:28,6,[StatementsData_logId:1,2]
6486006,412,5:30:31,6,[StatementsData_logId:1]
6486006,413,5:30:34,6,[StatementsData_logId:1,DuelResponsesData_logId:0]
6486006,414,5:30:36,6,[StatementsData_logId:1,DuelResponsesData_logId:0]
6486006,415,5:30:54,6,[StatementsData_logId:1,DuelResponsesData_logId:0,DuelResponsesData_witty_player_response]
6486006,416,5:30:55,6,[StatementsData_logId:1,DuelResponsesData_logId:0]
6486006,417,5:30:59,6,[StatementsData_logId:1,DuelResponsesData_logId:0]
6486006,413,5:31:1,6,[StatementsData_logId:1,DuelResponsesData_logId:1]
6486006,414,5:31:3,6,[StatementsData_logId:1,DuelResponsesData_logId:1]
6486006,415,5:31:9,6,[StatementsData_logId:1,DuelResponsesData_logId:1,DuelResponsesData_witty_player_response]
6486006,416,5:31:12,6,[StatementsData_logId:1,DuelResponsesData_logId:1]
6486006,417,5:31:15,6,[StatementsData_logId:1,DuelResponsesData_logId:1]
6486006,413,5:31:17,6,[StatementsData_logId:1,DuelResponsesData_logId:2]
6486006,414,5:31:19,6,[StatementsData_logId:1,DuelResponsesData_logId:2]
6486006,415,5:31:29,6,[StatementsData_logId:1,DuelResponsesData_logId:2,DuelResponsesData_witty_player_response]
6486006,416,5:31:30,6,[StatementsData_logId:1,DuelResponsesData_logId:2]
6486006,417,5:31:31,6,[StatementsData_logId:1,DuelResponsesData_logId:2]
6486006,418,5:31:31,6,[StatementsData_logId:1,true]
6486006,419,5:31:34,6,[StatementsData_logId:1,4]
6486006,411,5:31:36,6,[StatementsData_logId:1]
6486006,401,5:31:46,6,[StatementsData_logId:2]
6486006,402,5:31:47,6,[StatementsData_logId:2,true]
6486006,405,5:31:47,6,[StatementsData_logId:2]
6486006,406,5:31:51,6,[StatementsData_logId:2,2]
6486006,411,5:31:52,6,[StatementsData_logId:2]
6486006,401,5:32:7,6,[StatementsData_logId:3]
6486006,402,5:32:10,6,[StatementsData_logId:3,true]
6486006,405,5:32:10,6,[StatementsData_logId:3]
6486006,406,5:32:23,6,[StatementsData_logId:3,2]
6486006,411,5:32:31,6,[StatementsData_logId:3]
6486006,401,5:32:35,6,[StatementsData_logId:4]
6486006,402,5:32:37,6,[StatementsData_logId:4,true]
6486006,405,5:32:38,6,[StatementsData_logId:4]
6486006,406,5:32:41,6,[StatementsData_logId:4,2]
6486006,411,5:32:42,6,[StatementsData_logId:4]
6486006,401,5:32:49,6,[StatementsData_logId:5]
6486006,403,5:32:50,6,[StatementsData_logId:5,true]
6486006,405,5:32:50,6,[StatementsData_logId:5]
6486006,406,5:32:52,6,[StatementsData_logId:5,2]
6486006,407,5:32:52,6,[StatementsData_logId:5,FactCardData_id:5]
6486006,407,5:32:52,6,[StatementsData_logId:5,FactCardData_id:13]
6486006,407,5:32:52,6,[StatementsData_logId:5,FactCardData_id:2]
6486006,407,5:32:52,6,[StatementsData_logId:5,FactCardData_id:4]
6486006,407,5:32:52,6,[StatementsData_logId:5,FactCardData_id:9]
6486006,407,5:32:52,6,[StatementsData_logId:5,FactCardData_id:10]
6486006,407,5:33:3,6,[StatementsData_logId:5,FactCardData_id:5]
6486006,407,5:33:3,6,[StatementsData_logId:5,FactCardData_id:5]
6486006,408,5:33:8,6,[StatementsData_logId:5,FactCardData_id:5,true]
6486006,409,5:33:8,6,[StatementsData_logId:5]
6486006,410,5:33:10,6,[StatementsData_logId:5,2]
6486006,412,5:33:13,6,[StatementsData_logId:5]
6486006,413,5:33:15,6,[StatementsData_logId:5,DuelResponsesData_logId:3]
6486006,414,5:33:18,6,[StatementsData_logId:5,DuelResponsesData_logId:3]
6486006,415,5:33:32,6,[StatementsData_logId:5,DuelResponsesData_logId:3,DuelResponsesData_witty_player_response]
6486006,416,5:33:32,6,[StatementsData_logId:5,DuelResponsesData_logId:3]
6486006,417,5:33:33,6,[StatementsData_logId:5,DuelResponsesData_logId:3]
6486006,413,5:33:40,6,[StatementsData_logId:5,DuelResponsesData_logId:4]
6486006,414,5:33:42,6,[StatementsData_logId:5,DuelResponsesData_logId:4]
6486006,415,5:34:0,6,[StatementsData_logId:5,DuelResponsesData_logId:4,DuelResponsesData_witty_player_response]
6486006,416,5:34:6,6,[StatementsData_logId:5,DuelResponsesData_logId:4]
6486006,417,5:34:8,6,[StatementsData_logId:5,DuelResponsesData_logId:4]
6486006,413,5:34:13,6,[StatementsData_logId:5,DuelResponsesData_logId:5]
6486006,414,5:34:18,6,[StatementsData_logId:5,DuelResponsesData_logId:5]
6486006,415,5:34:22,6,[StatementsData_logId:5,DuelResponsesData_logId:5,DuelResponsesData_witty_player_response]
6486006,416,5:34:23,6,[StatementsData_logId:5,DuelResponsesData_logId:5]
6486006,417,5:34:25,6,[StatementsData_logId:5,DuelResponsesData_logId:5]
6486006,418,5:34:25,6,[StatementsData_logId:5,true]
6486006,419,5:34:27,6,[StatementsData_logId:5,4]
6486006,411,5:34:30,6,[StatementsData_logId:5]
6486006,401,5:34:40,6,[StatementsData_logId:6]
6486006,404,5:34:41,6,[StatementsData_logId:6,true]
6486006,406,5:34:42,6,[StatementsData_logId:6,2]
6486006,412,5:34:44,6,[StatementsData_logId:6]
6486006,413,5:34:46,6,[StatementsData_logId:6,DuelResponsesData_logId:6]
6486006,414,5:34:47,6,[StatementsData_logId:6,DuelResponsesData_logId:6]
6486006,415,5:34:56,6,[StatementsData_logId:6,DuelResponsesData_logId:6,DuelResponsesData_witty_player_response]
6486006,416,5:34:57,6,[StatementsData_logId:6,DuelResponsesData_logId:6]
6486006,417,5:34:58,6,[StatementsData_logId:6,DuelResponsesData_logId:6]
6486006,413,5:35:3,6,[StatementsData_logId:6,DuelResponsesData_logId:7]
6486006,414,5:35:5,6,[StatementsData_logId:6,DuelResponsesData_logId:7]
6486006,415,5:35:17,6,[StatementsData_logId:6,DuelResponsesData_logId:7,DuelResponsesData_witty_player_response]
6486006,416,5:35:17,6,[StatementsData_logId:6,DuelResponsesData_logId:7]
6486006,417,5:35:19,6,[StatementsData_logId:6,DuelResponsesData_logId:7]
6486006,413,5:35:28,6,[StatementsData_logId:6,DuelResponsesData_logId:8]
6486006,414,5:35:29,6,[StatementsData_logId:6,DuelResponsesData_logId:8]
6486006,415,5:35:38,6,[StatementsData_logId:6,DuelResponsesData_logId:8,DuelResponsesData_witty_player_response]
6486006,416,5:35:39,6,[StatementsData_logId:6,DuelResponsesData_logId:8]
6486006,417,5:35:40,6,[StatementsData_logId:6,DuelResponsesData_logId:8]
6486006,418,5:35:40,6,[StatementsData_logId:6,true]
6486006,419,5:35:42,6,[StatementsData_logId:6,4]
6486006,411,5:35:43,6,[StatementsData_logId:6]
6486006,401,5:35:52,6,[StatementsData_logId:7]
6486006,402,5:36:50,6,[StatementsData_logId:7,true]
6486006,405,5:36:51,6,[StatementsData_logId:7]
6486006,406,5:36:54,6,[StatementsData_logId:7,2]
6486006,411,5:36:55,6,[StatementsData_logId:7]
6486006,401,5:37:2,6,[StatementsData_logId:8]
6486006,403,5:37:4,6,[StatementsData_logId:8,true]
6486006,405,5:37:5,6,[StatementsData_logId:8]
6486006,406,5:37:6,6,[StatementsData_logId:8,2]
6486006,407,5:37:6,6,[StatementsData_logId:8,FactCardData_id:9]
6486006,407,5:37:6,6,[StatementsData_logId:8,FactCardData_id:5]
6486006,407,5:37:6,6,[StatementsData_logId:8,FactCardData_id:4]
6486006,407,5:37:6,6,[StatementsData_logId:8,FactCardData_id:13]
6486006,407,5:37:6,6,[StatementsData_logId:8,FactCardData_id:10]
6486006,407,5:37:6,6,[StatementsData_logId:8,FactCardData_id:2]
6486006,407,5:37:12,6,[StatementsData_logId:8,FactCardData_id:10]
6486006,407,5:37:12,6,[StatementsData_logId:8,FactCardData_id:10]
6486006,407,5:37:23,6,[StatementsData_logId:8,FactCardData_id:13]
6486006,407,5:37:23,6,[StatementsData_logId:8,FactCardData_id:10]
6486006,407,5:37:23,6,[StatementsData_logId:8,FactCardData_id:13]
6486006,408,5:37:26,6,[StatementsData_logId:8,FactCardData_id:13,true]
6486006,409,5:37:26,6,[StatementsData_logId:8]
6486006,410,5:37:26,6,[StatementsData_logId:8,2]
6486006,412,5:37:28,6,[StatementsData_logId:8]
6486006,413,5:37:33,6,[StatementsData_logId:8,DuelResponsesData_logId:9]
6486006,414,5:37:35,6,[StatementsData_logId:8,DuelResponsesData_logId:9]
6486006,415,5:37:41,6,[StatementsData_logId:8,DuelResponsesData_logId:9,DuelResponsesData_witty_player_response]
6486006,416,5:37:42,6,[StatementsData_logId:8,DuelResponsesData_logId:9]
6486006,417,5:37:43,6,[StatementsData_logId:8,DuelResponsesData_logId:9]
6486006,413,5:37:50,6,[StatementsData_logId:8,DuelResponsesData_logId:10]
6486006,414,5:37:52,6,[StatementsData_logId:8,DuelResponsesData_logId:10]
6486006,415,5:37:58,6,[StatementsData_logId:8,DuelResponsesData_logId:10,DuelResponsesData_witty_player_response]
6486006,416,5:38:0,6,[StatementsData_logId:8,DuelResponsesData_logId:10]
6486006,417,5:38:1,6,[StatementsData_logId:8,DuelResponsesData_logId:10]
6486006,413,5:38:6,6,[StatementsData_logId:8,DuelResponsesData_logId:11]
6486006,414,5:38:7,6,[StatementsData_logId:8,DuelResponsesData_logId:11]
6486006,415,5:38:11,6,[StatementsData_logId:8,DuelResponsesData_logId:11,DuelResponsesData_witty_player_response]
6486006,416,5:38:12,6,[StatementsData_logId:8,DuelResponsesData_logId:11]
6486006,417,5:38:13,6,[StatementsData_logId:8,DuelResponsesData_logId:11]
6486006,418,5:38:13,6,[StatementsData_logId:8,true]
6486006,419,5:38:14,6,[StatementsData_logId:8,4]
6486006,411,5:38:17,6,[StatementsData_logId:8]
6486006,420,5:38:17,6,[80]
6486006,1005,5:38:17,6,[0,0,3]
6486006,1001,5:38:19,6,[]
6486006,1003,5:38:19,0
6486006,207,5:38:29,5,-200,-230
6486006,210,5:38:29,1111,454
6486006,211,5:38:29,1023,505
6486006,210,5:38:31,1046,492
6486006,211,5:38:31,748,461
6486006,210,5:38:32,1061,301
6486006,211,5:38:33,871,329
6486006,207,5:38:33,5,-230,-275
6486006,210,5:38:33,1223,349
6486006,207,5:38:35,5,-275,-890
6486006,211,5:38:36,1533,571
6486006,213,5:38:36,5,s_beerBottle_G9b1N,true
6486006,205,5:38:36,5,s_beerBottle_G9b1N,false,false
6486006,210,5:38:45,1404,431
6486006,211,5:38:48,1377,582
6486006,213,5:38:48,5,s_ashtray_G9b1N,true
6486006,210,5:38:56,1408,537
6486006,211,5:38:58,1828,632
6486006,213,5:38:58,5,s_beerBottle_G9b1N,true
6486006,205,5:38:58,5,s_beerBottle_G9b1N,false,true
6486006,210,5:39:3,1389,416
6486006,207,5:39:5,5,-890,-995
6486006,211,5:39:12,1291,97
6486006,213,5:39:12,5,s_smokeDetector_G9b1N,true
6486006,210,5:39:21,1291,318
6486006,211,5:39:22,1284,97
6486006,213,5:39:22,5,s_smokeDetector_G9b1N,true
6486006,210,5:39:27,1343,291
6486006,211,5:39:27,1299,97
6486006,210,5:39:28,1296,59
6486006,211,5:39:29,1284,104
6486006,213,5:39:29,5,s_smokeDetector_G9b1N,true
6486006,210,5:39:33,1305,183
6486006,211,5:39:34,1279,104
6486006,213,5:39:34,5,s_smokeDetector_G9b1N,true
6486006,210,5:39:37,1328,173
6486006,211,5:39:37,1280,90
6486006,213,5:39:37,5,s_smokeDetector_G9b1N,true
6486006,210,5:39:40,1290,209
6486006,211,5:39:41,1287,97
6486006,213,5:39:41,5,s_smokeDetector_G9b1N,true
6486006,210,5:39:45,1337,139
6486006,211,5:39:45,1275,101
6486006,213,5:39:45,5,s_smokeDetector_G9b1N,true
6486006,210,5:39:48,1253,160
6486006,207,5:39:52,5,-995,-20
6486006,207,5:39:53,5,-20,0
6486006,211,5:39:58,312,467
6486006,213,5:39:58,5,s_joint_G9b1N,true
6486006,205,5:39:58,5,s_joint_G9b1N,false,false
6486006,210,5:40:6,364,553
6486006,211,5:40:10,372,194
6486006,212,5:40:11,2
6486006,210,5:40:11,323,267
6486006,211,5:40:12,196,195
6486006,212,5:40:13,1
6486006,210,5:40:13,550,403
6486006,211,5:40:14,191,185
6486006,213,5:40:14,5,c_kidSister_lati_a_G9b1N,true
6486006,205,5:40:14,5,c_kidSister_lati_a_G9b1N,false,false
6486006,210,5:40:22,767,257
6486006,211,5:40:22,766,236
6486006,213,5:40:22,5,c_teacherEng_G9b1N,true
6486006,205,5:40:22,5,c_teacherEng_G9b1N,false,false
6486006,210,5:40:32,506,442
6486006,207,5:40:36,5,0,-45
6486006,207,5:40:38,5,-45,-995
6486006,211,5:40:39,1970,131
6486006,213,5:40:39,5,s_pictureDaddark_lati_gen,true
6486006,210,5:40:43,1246,370
6486006,211,5:40:44,1163,301
6486006,213,5:40:44,5,c_cousin_F_a_G9b1N,true
6486006,205,5:40:44,5,c_cousin_F_a_G9b1N,false,false
6486006,210,5:40:53,1534,396
6486006,211,5:40:53,1836,174
6486006,213,5:40:53,5,s_photoCracked_G9b1N,true
6486006,210,5:41:2,1248,221
6486006,211,5:41:2,1191,107
6486006,213,5:41:2,5,s_clock_G9b1N,true
6486006,205,5:41:2,5,s_clock_G9b1N,false,false
6486006,210,5:41:12,1437,465
6486006,211,5:41:20,1609,593
6486006,213,5:41:20,5,s_boomBox_G9b1N,true
6486006,210,5:41:20,1610,617
6486006,207,5:41:23,5,-995,-890
6486006,207,5:41:28,5,-890,-560
6486006,207,5:41:37,5,-560,0
6486006,211,5:41:40,74,292
6486006,213,5:41:40,5,s_brokenLamp_G9b1N,true
6486006,205,5:41:40,5,s_brokenLamp_G9b1N,false,false
6486006,210,5:41:48,449,500
6486006,211,5:41:49,355,557
6486006,221,5:41:53,5
6486006,300,5:41:56
6486006,220,5:41:56,5
6486006,301,5:41:59,4
6486006,302,5:42:5,4,0,0,5
6486006,302,5:42:8,4,0,0,11
6486006,302,5:42:17,4,0,0,14
6486006,304,5:42:18,4,0,0,-1,,14,
6486006,305,5:42:24,4,1,0,-1,
6486006,302,5:42:32,4,0,0,4
6486006,302,5:42:33,4,0,0,3
6486006,302,5:42:39,4,0,0,10
6486006,302,5:42:41,4,0,0,3
6486006,302,5:42:51,4,0,0,2
6486006,304,5:42:56,4,0,0,14,,2,
6486006,302,5:43:0,4,1,0,4
6486006,302,5:43:3,4,1,0,2
6486006,302,5:43:4,4,1,0,1
6486006,302,5:43:10,4,1,0,4
6486006,302,5:43:11,4,1,0,1
6486006,304,5:43:12,4,1,0,-1,,1,
6486006,302,5:43:24,4,1,1,4
6486006,306,5:43:27,4,0,1
6486006,304,5:43:27,4,1,1,-1,,4,
6486006,302,5:43:35,4,1,2,4
6486006,304,5:43:36,4,1,2,-1,,4,
6486006,302,5:43:39,4,1,3,4
6486006,302,5:43:43,4,1,3,0
6486006,306,5:43:45,4,1,2
6486006,304,5:43:45,4,1,3,-1,,0,
6486006,302,5:43:58,4,2,0,7
6486006,303,5:44:0,4,2,0,7
6486006,304,5:44:4,4,2,0,-1,,7,new york
6486006,302,5:44:17,4,3,0,0
6486006,303,5:44:19,4,3,0,0
6486006,306,5:44:21,4,2,3
6486006,304,5:44:21,4,3,0,-1,,0,malls
6486006,301,5:44:24,5
6486006,302,5:44:31,5,4,0,4
6486006,302,5:44:46,5,4,0,3
6486006,302,5:44:48,5,4,0,2
6486006,302,5:44:50,5,4,0,4
6486006,302,5:44:51,5,4,0,2
6486006,302,5:44:53,5,4,0,3
6486006,302,5:45:1,5,4,0,2
6486006,303,5:45:7,5,4,0,2
6486006,304,5:45:20,5,4,0,-1,,2,husband, 3 chi
6486006,305,5:45:32,5,4,0,2,husband, 3 chi
6486006,303,5:45:36,5,4,0,2
6486006,304,5:45:43,5,4,0,2,husband, 3 chi,2,husband, 2 kid
6486006,303,5:45:50,5,4,0,2
6486006,304,5:45:57,5,4,0,2,husband, 2 kid,2,husband,2 kids
6486006,302,5:46:9,5,2,0,4
6486006,302,5:46:12,5,2,0,11
6486006,302,5:46:20,5,2,0,19
6486006,302,5:46:26,5,2,0,22
6486006,305,5:46:29,5,2,0,-1,
6486006,302,5:46:33,5,2,0,4
6486006,302,5:46:34,5,2,0,2
6486006,302,5:46:37,5,2,0,5
6486006,302,5:46:40,5,2,0,11
6486006,302,5:46:42,5,2,0,14
6486006,302,5:46:43,5,2,0,17
6486006,302,5:46:45,5,2,0,20
6486006,303,5:46:53,5,2,0,20
6486006,304,5:46:57,5,2,0,-1,,20,mother
6486006,305,5:47:1,5,2,1,-1,
6486006,303,5:47:4,5,2,0,20
6486006,304,5:47:9,5,2,0,20,mother,20,parents
6486006,302,5:47:15,5,2,1,4
6486006,302,5:47:16,5,2,1,3
6486006,303,5:47:18,5,2,1,3
6486006,306,5:47:20,5,0,1
6486006,304,5:47:20,5,2,1,-1,,3,child
6486006,302,5:47:26,5,0,0,2
6486006,304,5:47:27,5,0,0,-1,,2,
6486006,302,5:47:33,5,1,0,3
6486006,306,5:47:35,5,1,2
6486006,304,5:47:35,5,1,0,-1,,3,
6486006,302,5:47:41,5,3,0,1
6486006,304,5:47:42,5,3,0,-1,,1,
6486006,302,5:47:44,5,3,0,2
6486006,304,5:47:45,5,3,0,1,,2,
6486006,302,5:47:48,5,3,1,1
6486006,306,5:47:49,5,2,3
6486006,304,5:47:49,5,3,1,-1,,1,
6486006,301,5:47:51,6
6486006,302,5:48:5,6,0,0,1
6486006,302,5:48:8,6,0,0,4
6486006,302,5:48:18,6,0,0,5
6486006,302,5:48:22,6,0,0,1
6486006,304,5:48:23,6,0,0,-1,,1,
6486006,302,5:48:28,6,0,1,4
6486006,304,5:48:29,6,0,1,-1,,4,
6486006,302,5:48:31,6,0,2,5
6486006,306,5:48:32,6,0,1
6486006,304,5:48:32,6,0,2,-1,,5,
6486006,302,5:48:38,6,1,0,0
6486006,302,5:48:48,6,1,0,6
6486006,302,5:48:51,6,1,0,0
6486006,304,5:48:52,6,1,0,-1,,0,
6486006,302,5:48:55,6,1,1,6
6486006,304,5:48:55,6,1,1,-1,,6,
6486006,302,5:48:58,6,1,2,7
6486006,306,5:48:58,6,1,2
6486006,304,5:48:58,6,1,2,-1,,7,
6486006,302,5:49:3,6,2,0,0
6486006,304,5:49:5,6,2,0,-1,,0,
6486006,302,5:49:13,6,3,0,2
6486006,303,5:49:14,6,3,0,2
6486006,304,5:49:18,6,3,0,-1,,2,excersise
6486006,302,5:49:29,6,4,0,2
6486006,303,5:49:31,6,4,0,2
6486006,306,5:49:34,6,2,3
6486006,304,5:49:34,6,4,0,-1,,2,drinking
6486006,221,5:49:40,5
6486006,300,5:49:42
6486006,220,5:49:42,5
6486006,301,5:49:45,6
6486006,303,5:49:50,6,4,0,2
6486006,304,5:49:57,6,4,0,2,drinking,2,drinking
6486006,301,5:49:59,7
6486006,302,5:50:8,7,0,0,4
6486006,302,5:50:11,7,0,0,5
6486006,302,5:50:17,7,0,0,7
6486006,304,5:50:19,7,0,0,-1,,7,
6486006,302,5:50:25,7,0,1,2
6486006,302,5:50:26,7,0,1,3
6486006,302,5:50:29,7,0,1,4
6486006,302,5:50:33,7,0,1,6
6486006,302,5:50:37,7,0,1,4
6486006,304,5:50:38,7,0,1,-1,,4,
6486006,302,5:50:42,7,0,2,2
6486006,306,5:50:42,7,0,1
6486006,304,5:50:42,7,0,2,-1,,2,
6486006,302,5:50:45,7,1,0,0
6486006,304,5:50:46,7,1,0,-1,,0,
6486006,302,5:50:47,7,1,2,1
6486006,304,5:50:48,7,1,2,-1,,1,
6486006,302,5:50:50,7,1,1,2
6486006,302,5:50:50,7,1,1,3
6486006,306,5:50:51,7,1,2
6486006,304,5:50:51,7,1,1,-1,,3,
6486006,305,5:50:59,7,2,1,-1,
6486006,302,5:51:4,7,1,2,6
6486006,304,5:51:4,7,1,2,1,,6,
6486006,302,5:51:7,7,2,0,1
6486006,302,5:51:12,7,2,0,5
6486006,304,5:51:12,7,2,0,-1,,5,
6486006,302,5:51:15,7,2,1,1
6486006,306,5:51:16,7,2,3
6486006,304,5:51:16,7,2,1,-1,,1,
6486006,221,5:51:29,5
6486006,220,5:51:31,5
6486006,219,5:51:31,5
6486006,216,5:51:32,Stack_G9b1P
6486006,217,5:51:50,Stack_G9b1P,9.5,0.00
6486006,218,5:51:57,5
6486006,207,5:51:59,5,-200,-140
6486006,210,5:51:59,246,472
6486006,211,5:52:1,254,198
6486006,212,5:52:1,2
6486006,210,5:52:2,1007,350
6486006,207,5:52:10,5,-140,-995
6486006,211,5:52:16,1621,245
6486006,213,5:52:16,5,s_kidsGroupKitchen_G9b1P,true
6486006,205,5:52:16,5,s_kidsGroupKitchen_G9b1P,false,false
6486006,210,5:52:23,1473,215
6486006,211,5:52:28,1982,136
6486006,213,5:52:28,5,s_pictureDaddark_lati_gen,true
6486006,205,5:52:28,5,s_pictureDaddark_lati_gen,false,false
6486006,210,5:52:35,1902,252
6486006,211,5:52:38,1338,611
6486006,212,5:52:38,1
6486006,210,5:52:39,1822,456
6486006,211,5:52:41,1837,176
6486006,213,5:52:41,5,s_pictureMomdark_lati_G9b1P,true
6486006,205,5:52:41,5,s_pictureMomdark_lati_G9b1P,false,false
6486006,210,5:52:47,1642,447
6486006,211,5:52:47,1609,456
6486006,213,5:52:47,5,c_crush1_F_a_G9b1P,true
6486006,205,5:52:48,5,c_crush1_F_a_G9b1P,false,false
6486006,210,5:53:0,1396,430
6486006,211,5:53:0,1138,302
6486006,210,5:53:1,1237,340
6486006,207,5:53:2,5,-995,-800
6486006,211,5:53:2,1018,306
6486006,213,5:53:2,5,c_bestFriend_F_a_G9b1P,true
6486006,205,5:53:2,5,c_bestFriend_F_a_G9b1P,false,false
6486006,210,5:53:10,1384,384
6486006,207,5:53:14,5,-800,-410
6486006,211,5:53:15,784,277
6486006,213,5:53:15,5,s_door_G9b1P,true
6486006,210,5:53:19,846,314
6486006,207,5:53:22,5,-410,0
6486006,211,5:53:26,363,557
6486006,213,5:53:26,5,c_kidSister_lati_a_G9b1P,true
6486006,210,5:53:28,258,526
6486006,211,5:53:29,132,624
6486006,212,5:53:31,0
6486006,210,5:53:31,885,432
6486006,211,5:53:37,859,508
6486006,210,5:53:38,800,478
6486006,207,5:53:39,5,0,-675
6486006,211,5:53:41,1371,584
6486006,213,5:53:41,5,s_ashtray_G9b1P,true
6486006,210,5:53:48,1367,358
6486006,211,5:53:51,1382,284
6486006,213,5:53:51,5,c_cousin_F_a_G9b1P,true
6486006,205,5:53:51,5,c_cousin_F_a_G9b1P,false,false
6486006,210,5:54:1,933,408
6486006,207,5:54:2,5,-675,-600
6486006,207,5:54:4,5,-600,-405
6486006,207,5:54:8,5,-405,-995
6486006,211,5:54:13,1384,593
6486006,213,5:54:13,5,s_ashtray_G9b1P,true
6486006,210,5:54:17,1695,403
6486006,211,5:54:20,1933,296
6486006,210,5:54:21,1888,278
6486006,207,5:54:29,5,-995,-815
6486006,207,5:54:33,5,-815,0
6486006,211,5:54:49,630,326
6486006,221,5:54:51,5
6486006,220,5:54:56,5
6486006,210,5:54:57,759,426
6486006,207,5:54:59,5,0,-270
6486006,211,5:55:0,1126,262
6486006,212,5:55:1,2
6486006,210,5:55:1,1109,301
6486006,211,5:55:3,1461,138
6486006,207,5:55:3,5,-270,-465
6486006,212,5:55:3,1
6486006,210,5:55:4,1215,336
6486006,211,5:55:6,1196,121
6486006,212,5:55:7,2
6486006,210,5:55:7,1214,152
6486006,207,5:55:9,5,-465,-885
6486006,207,5:55:10,5,-885,-995
6486006,211,5:55:12,1769,554
6486006,213,5:55:12,5,s_beerBottle_G9b1P,true
6486006,212,5:55:17,1
6486006,210,5:55:17,1780,428
6486006,211,5:55:18,1757,554
6486006,212,5:55:19,0
6486006,210,5:55:20,1768,539
6486006,211,5:55:21,1732,578
6486006,212,5:55:22,2
6486006,210,5:55:22,1952,403
6486006,211,5:55:24,1992,130
6486006,213,5:55:24,5,s_pictureDaddark_lati_gen,true
6486006,205,5:55:24,5,s_pictureDaddark_lati_gen,false,true
6486006,210,5:55:28,1841,180
6486006,207,5:55:37,5,-995,-935
6486006,207,5:55:38,5,-935,-650
6486006,207,5:55:45,5,-650,-185
6486006,207,5:55:48,5,-185,-35
6486006,207,5:55:49,5,-35,0
6486006,211,5:55:51,90,633
6486006,212,5:55:52,1
6486006,210,5:55:52,421,514
6486006,211,5:55:57,758,296
6486006,213,5:55:57,5,c_friend1_F_a_G9b1P,true
6486006,205,5:55:57,5,c_friend1_F_a_G9b1P,false,false
6486006,221,5:56:5,5
6486006,220,5:56:7,5
6486006,219,5:56:8,5
6486006,216,5:56:8,Stack_G9b2N
6486006,217,5:56:25,Stack_G9b2N,12,0.00
6486006,218,5:56:27,5
6486006,210,5:56:30,716,374
6486006,211,5:56:30,805,301
6486006,213,5:56:30,5,c_mom_lati_a_G9b2N,true
6486006,205,5:56:30,5,c_mom_lati_a_G9b2N,false,false
6486006,210,5:56:39,682,483
6486006,211,5:56:42,412,186
6486006,210,5:56:42,423,145
6486006,211,5:56:43,418,174
6486006,213,5:56:43,5,c_kidSister_lati_a_G9b2N,true
6486006,210,5:56:45,512,496
6486006,207,5:56:47,5,-200,0
6486006,211,5:56:52,1046,202
6486006,207,5:56:52,5,0,-45
6486006,207,5:56:52,5,-45,-105
6486006,210,5:56:52,1050,274
6486006,207,5:56:55,5,-105,-995
6486006,211,5:56:59,1435,260
6486006,213,5:56:59,5,c_crush1_F_a_G9b2N,true
6486006,205,5:56:59,5,c_crush1_F_a_G9b2N,false,false
6486006,210,5:57:7,1445,427
6486006,207,5:57:13,5,-995,-755
6486006,211,5:57:17,1611,487
6486006,212,5:57:17,0
6486006,210,5:57:18,1802,372
6486006,207,5:57:19,5,-755,-995
6486006,207,5:57:23,5,-995,-785
6486006,207,5:57:28,5,-785,-200
6486006,207,5:57:31,5,-200,-20
6486006,207,5:57:32,5,-20,0
6486006,211,5:57:33,472,613
6486006,212,5:57:34,1
6486006,210,5:57:35,771,352
6486006,211,5:57:36,386,569
6486006,212,5:57:37,2
6486006,210,5:57:37,897,515
6486006,211,5:57:38,932,525
6486006,213,5:57:38,5,c_bestFriend_F_a_G9b2N,true
6486006,210,5:57:47,401,531
6486006,211,5:57:49,610,358
6486006,213,5:57:49,5,c_grandma_lati_a_G9b2N,true
6486006,210,5:57:57,626,389
6486006,207,5:57:59,5,0,-390
6486006,211,5:58:2,1133,383
6486006,213,5:58:2,5,c_cousin_F_a_G9b2N,true
6486006,205,5:58:2,5,c_cousin_F_a_G9b2N,false,false
6486006,210,5:58:11,942,466
6486006,207,5:58:15,5,-390,-675
6486006,207,5:58:17,5,-675,-995
6486006,211,5:58:19,1873,513
6486006,213,5:58:19,5,s_kidCouch_G9b2N,true
6486006,210,5:58:24,1847,479
6486006,211,5:58:24,1847,479
6486006,210,5:58:24,1868,504
6486006,211,5:58:25,1867,510
6486006,213,5:58:25,5,s_kidCouch_G9b2N,true
6486006,210,5:58:31,1573,486
6486006,211,5:58:35,1985,139
6486006,213,5:58:35,5,s_pictureDaddark_lati_gen,true
6486006,210,5:58:41,1597,340
6486006,207,5:58:46,5,-995,-875
6486006,211,5:58:48,1163,417
6486006,210,5:58:48,1159,313
6486006,211,5:58:49,1140,326
6486006,210,5:58:49,1171,314
6486006,211,5:58:50,1155,335
6486006,213,5:58:50,5,c_cousin_F_a_G9b2N,true
6486006,205,5:58:50,5,c_cousin_F_a_G9b2N,false,true
6486006,221,5:58:57,5
6486006,220,5:58:59,5
6486006,219,5:58:59,5
6486006,216,5:59:0,Stack_G9b2P
6486006,217,5:59:16,Stack_G9b2P,14,0.50
6486006,218,5:59:18,5
6486006,210,5:59:19,879,334
6486006,211,5:59:22,692,398
6486006,213,5:59:22,5,c_grandma_lati_a_G9b2P,true
6486006,210,5:59:26,521,453
6486006,207,5:59:28,5,-200,0
6486006,211,5:59:29,615,72
6486006,210,5:59:30,882,248
6486006,207,5:59:31,5,0,-210
6486006,207,5:59:33,5,-210,-995
6486006,211,5:59:35,1882,481
6486006,213,5:59:35,5,c_cousin_F_a_G9b2P,true
6486006,210,5:59:41,1628,445
6486006,211,5:59:41,1718,403
6486006,213,5:59:41,5,c_bestFriend_F_a_G9b2P,true
6486006,205,5:59:41,5,c_bestFriend_F_a_G9b2P,false,false
6486006,210,5:59:48,1522,544
6486006,211,5:59:52,1568,618
6486006,213,5:59:52,5,s_boardGame_G9b2P,true
6486006,210,5:59:55,1404,549
6486006,211,5:59:58,1294,141
6486006,212,5:59:59,1
6486006,210,6:0:0,1233,421
6486006,211,6:0:0,1199,480
6486006,213,6:0:0,5,c_crush1_F_a_G9b2P,true
6486006,205,6:0:1,5,c_crush1_F_a_G9b2P,false,false
6486006,210,6:0:9,1405,545
6486006,207,6:0:13,5,-995,-740
6486006,211,6:0:14,930,336
6486006,213,6:0:14,5,c_mom_lati_a_G9b2P,true
6486006,205,6:0:14,5,c_mom_lati_a_G9b2P,false,false
6486006,210,6:0:18,988,343
6486006,207,6:0:18,5,-740,-515
6486006,211,6:0:20,843,269
6486006,213,6:0:20,5,c_mom_lati_a_G9b2P,true
6486006,205,6:0:20,5,c_mom_lati_a_G9b2P,false,true
6486006,210,6:0:24,1074,338
6486006,207,6:0:29,5,-515,-65
6486006,211,6:0:31,349,612
6486006,213,6:0:31,5,c_kidSister_lati_a_G9b2P,true
6486006,210,6:0:34,642,447
6486006,207,6:0:39,5,-65,-995
6486006,211,6:0:42,1712,595
6486006,210,6:0:42,1548,624
6486006,211,6:0:50,1430,624
6486006,213,6:0:50,5,s_boardGame_G9b2P,true
6486006,212,6:0:52,0
6486006,210,6:0:52,1936,308
6486006,211,6:0:56,1210,110
6486006,213,6:0:56,5,s_clock_G9b2P,true
6486006,205,6:0:56,5,s_clock_G9b2P,false,false
6486006,221,6:1:6,5
6486006,220,6:1:8,5
6486006,203,6:1:8,5
6486006,100,6:1:20,10
6486006,101,6:1:25,10
6486006,100,6:1:25,6
6486006,102,6:1:29,6
6486006,200,6:1:29,6,13,12,15,18,27
6486006,219,6:1:29,6
6486006,216,6:1:31,Stack_G10a0
6486006,217,6:1:49,Stack_G10a0,13,0.00
6486006,218,6:1:51,6
6486006,210,6:1:55,685,377
6486006,211,6:1:56,684,301
6486006,212,6:1:56,2
6486006,210,6:1:57,859,340
6486006,211,6:1:58,674,293
6486006,213,6:1:58,6,c_crush1_F_b_G10a0,true
6486006,205,6:1:58,6,c_crush1_F_b_G10a0,false,false
6486006,210,6:2:11,662,438
6486006,207,6:2:13,6,-200,0
6486006,211,6:2:19,208,525
6486006,213,6:2:19,6,s_bed2_F_G10a0,true
6486006,210,6:2:23,352,432
6486006,207,6:2:29,6,0,-512
6486006,211,6:2:34,1007,575
6486006,213,6:2:34,6,s_chairClothes_F_G10a0,true
6486006,210,6:2:48,1054,423
6486006,207,6:2:57,6,-512,-332
6486006,211,6:2:58,624,309
6486006,213,6:2:58,6,c_crush1_F_b_G10a0,true
6486006,205,6:2:58,6,c_crush1_F_b_G10a0,false,true
6486006,212,6:3:4,1
6486006,210,6:3:4,1283,486
6486006,207,6:3:5,6,-332,-512
6486006,211,6:3:5,1332,544
6486006,213,6:3:5,6,s_computer_F_gen,true
6486006,210,6:3:15,1013,550
6486006,211,6:3:20,884,262
6486006,213,6:3:20,6,s_door_F_gen,true
6486006,210,6:3:30,884,419
6486006,207,6:3:34,6,-512,0
6486006,211,6:3:38,148,259
6486006,213,6:3:38,6,s_pictureFamily_F_G10a0,false
6486006,1003,6:3:43,1
6486006,1004,6:3:45,3
6486006,800,6:3:56,3,[]
6486006,801,6:3:59,3,[]
6486006,814,6:4:4,3,[0]
6486006,815,6:4:4,3,0,OpportunityCardData_id:0
6486006,816,6:4:7,3,0,OpportunityCardData_id:0
6486006,803,6:4:8,3,[OpportunityCardData_id:0,OpportunityCardConsequencesData_logId:0]
6486006,803,6:4:8,3,[OpportunityCardData_id:0,OpportunityCardConsequencesData_logId:1]
6486006,803,6:4:9,3,[OpportunityCardData_id:0,OpportunityCardConsequencesData_logId:2]
6486006,805,6:4:23,3,[OpportunityCardData_id:0]
6486006,806,6:4:32,3,[OpportunityCardData_id:0,PriorityData_type:2]
6486006,807,6:4:34,3,[OpportunityCardData_id:0]
6486006,808,6:4:39,3,[OpportunityCardData_id:0]
6486006,809,6:4:45,3,[OpportunityCardData_id:0,Safe,false]
6486006,810,6:4:46,3,[OpportunityCardData_id:0,PriorityData_type:0,15,Safe,Safe]
6486006,814,6:4:49,3,[0]
6486006,815,6:4:49,3,0,OpportunityCardData_id:1
6486006,816,6:4:51,3,0,OpportunityCardData_id:1
6486006,803,6:4:52,3,[OpportunityCardData_id:1,OpportunityCardConsequencesData_logId:0]
6486006,803,6:4:52,3,[OpportunityCardData_id:1,OpportunityCardConsequencesData_logId:1]
6486006,803,6:4:53,3,[OpportunityCardData_id:1,OpportunityCardConsequencesData_logId:2]
6486006,805,6:5:0,3,[OpportunityCardData_id:1]
6486006,806,6:5:0,3,[OpportunityCardData_id:1,PriorityData_type:2]
6486006,807,6:5:2,3,[OpportunityCardData_id:1]
6486006,808,6:5:5,3,[OpportunityCardData_id:1]
6486006,809,6:5:12,3,[OpportunityCardData_id:1,PriorityData_type:3,false]
6486006,810,6:5:15,3,[OpportunityCardData_id:1,PriorityData_type:0,15,PriorityData_type:3,10]
6486006,814,6:5:23,3,[2]
6486006,815,6:5:23,3,2,OpportunityCardData_id:12
6486006,815,6:5:26,3,2,OpportunityCardData_id:13
6486006,816,6:5:30,3,2,OpportunityCardData_id:13
6486006,803,6:5:31,3,[OpportunityCardData_id:13,OpportunityCardConsequencesData_logId:0]
6486006,803,6:5:31,3,[OpportunityCardData_id:13,OpportunityCardConsequencesData_logId:1]
6486006,803,6:5:32,3,[OpportunityCardData_id:13,OpportunityCardConsequencesData_logId:2]
6486006,805,6:5:37,3,[OpportunityCardData_id:13]
6486006,806,6:5:41,3,[OpportunityCardData_id:13,PriorityData_type:3]
6486006,806,6:5:45,3,[OpportunityCardData_id:13,PriorityData_type:4]
6486006,807,6:5:46,3,[OpportunityCardData_id:13]
6486006,808,6:5:47,3,[OpportunityCardData_id:13]
6486006,809,6:5:54,3,[OpportunityCardData_id:13,PriorityData_type:0,false]
6486006,810,6:5:55,3,[OpportunityCardData_id:13,PriorityData_type:2,5,PriorityData_type:0,20]
6486006,814,6:5:59,3,[0]
6486006,815,6:5:59,3,0,OpportunityCardData_id:2
6486006,816,6:6:0,3,0,OpportunityCardData_id:2
6486006,803,6:6:1,3,[OpportunityCardData_id:2,OpportunityCardConsequencesData_logId:0]
6486006,803,6:6:2,3,[OpportunityCardData_id:2,OpportunityCardConsequencesData_logId:1]
6486006,803,6:6:2,3,[OpportunityCardData_id:2,OpportunityCardConsequencesData_logId:2]
6486006,805,6:6:4,3,[OpportunityCardData_id:2]
6486006,806,6:6:17,3,[OpportunityCardData_id:2,PriorityData_type:4]
6486006,807,6:6:17,3,[OpportunityCardData_id:2]
6486006,808,6:6:20,3,[OpportunityCardData_id:2]
6486006,809,6:6:24,3,[OpportunityCardData_id:2,PriorityData_type:2,false]
6486006,810,6:6:25,3,[OpportunityCardData_id:2,PriorityData_type:0,10,PriorityData_type:2,10]
6486006,814,6:6:28,3,[0]
6486006,815,6:6:28,3,0,OpportunityCardData_id:3
6486006,816,6:6:29,3,0,OpportunityCardData_id:3
6486006,803,6:6:30,3,[OpportunityCardData_id:3,OpportunityCardConsequencesData_logId:0]
6486006,803,6:6:30,3,[OpportunityCardData_id:3,OpportunityCardConsequencesData_logId:1]
6486006,803,6:6:30,3,[OpportunityCardData_id:3,OpportunityCardConsequencesData_logId:2]
6486006,805,6:6:34,3,[OpportunityCardData_id:3]
6486006,806,6:6:51,3,[OpportunityCardData_id:3,PriorityData_type:3]
6486006,807,6:6:52,3,[OpportunityCardData_id:3]
6486006,808,6:6:54,3,[OpportunityCardData_id:3]
6486006,809,6:7:0,3,[OpportunityCardData_id:3,Safe,false]
6486006,810,6:7:3,3,[OpportunityCardData_id:3,PriorityData_type:0,10,Safe,Safe]
6486006,814,6:7:6,3,[2]
6486006,815,6:7:6,3,2,OpportunityCardData_id:12
6486006,815,6:7:17,3,2,OpportunityCardData_id:14
6486006,815,6:7:18,3,2,OpportunityCardData_id:15
6486006,815,6:7:19,3,2,OpportunityCardData_id:16
6486006,815,6:7:19,3,2,OpportunityCardData_id:17
6486006,815,6:7:20,3,2,OpportunityCardData_id:12
6486006,815,6:7:20,3,2,OpportunityCardData_id:14
6486006,815,6:7:21,3,2,OpportunityCardData_id:15
6486006,815,6:7:21,3,2,OpportunityCardData_id:16
6486006,815,6:7:21,3,2,OpportunityCardData_id:17
6486006,815,6:7:22,3,2,OpportunityCardData_id:12
6486006,815,6:7:22,3,2,OpportunityCardData_id:14
6486006,815,6:7:22,3,2,OpportunityCardData_id:15
6486006,815,6:7:34,3,2,OpportunityCardData_id:16
6486006,815,6:7:37,3,2,OpportunityCardData_id:17
6486006,815,6:7:40,3,2,OpportunityCardData_id:12
6486006,815,6:7:43,3,2,OpportunityCardData_id:14
6486006,815,6:7:44,3,2,OpportunityCardData_id:12
6486006,816,6:7:45,3,2,OpportunityCardData_id:12
6486006,803,6:7:46,3,[OpportunityCardData_id:12,OpportunityCardConsequencesData_logId:0]
6486006,803,6:7:47,3,[OpportunityCardData_id:12,OpportunityCardConsequencesData_logId:2]
6486006,803,6:7:47,3,[OpportunityCardData_id:12,OpportunityCardConsequencesData_logId:1]
6486006,805,6:8:4,3,[OpportunityCardData_id:12]
6486006,806,6:8:6,3,[OpportunityCardData_id:12,PriorityData_type:3]
6486006,807,6:8:7,3,[OpportunityCardData_id:12]
6486006,808,6:8:9,3,[OpportunityCardData_id:12]
6486006,809,6:8:16,3,[OpportunityCardData_id:12,PriorityData_type:3,true]
6486006,810,6:8:17,3,[OpportunityCardData_id:12,PriorityData_type:2,10,Safe,Safe]
6486006,814,6:8:23,3,[2]
6486006,815,6:8:23,3,2,OpportunityCardData_id:14
6486006,815,6:8:24,3,2,OpportunityCardData_id:15
6486006,815,6:8:25,3,2,OpportunityCardData_id:16
6486006,815,6:8:25,3,2,OpportunityCardData_id:17
6486006,815,6:8:26,3,2,OpportunityCardData_id:14
6486006,815,6:8:26,3,2,OpportunityCardData_id:15
6486006,815,6:8:27,3,2,OpportunityCardData_id:16
6486006,815,6:8:27,3,2,OpportunityCardData_id:17
6486006,815,6:8:27,3,2,OpportunityCardData_id:14
6486006,815,6:8:27,3,2,OpportunityCardData_id:15
6486006,815,6:8:27,3,2,OpportunityCardData_id:16
6486006,815,6:8:28,3,2,OpportunityCardData_id:15
6486006,815,6:8:28,3,2,OpportunityCardData_id:14
6486006,815,6:8:29,3,2,OpportunityCardData_id:17
6486006,815,6:8:29,3,2,OpportunityCardData_id:16
6486006,815,6:8:30,3,2,OpportunityCardData_id:17
6486006,816,6:8:30,3,2,OpportunityCardData_id:17
6486006,803,6:8:31,3,[OpportunityCardData_id:17,OpportunityCardConsequencesData_logId:0]
6486006,803,6:8:31,3,[OpportunityCardData_id:17,OpportunityCardConsequencesData_logId:1]
6486006,805,6:8:39,3,[OpportunityCardData_id:17]
6486006,806,6:8:45,3,[OpportunityCardData_id:17,PriorityData_type:3]
6486006,807,6:8:46,3,[OpportunityCardData_id:17]
6486006,808,6:8:49,3,[OpportunityCardData_id:17]
6486006,809,6:8:56,3,[OpportunityCardData_id:17,PriorityData_type:3,true]
6486006,810,6:8:57,3,[OpportunityCardData_id:17,PriorityData_type:2,15,Safe,Safe]
6486006,814,6:8:59,3,[2]
6486006,815,6:8:59,3,2,OpportunityCardData_id:14
6486006,815,6:9:3,3,2,OpportunityCardData_id:15
6486006,815,6:9:4,3,2,OpportunityCardData_id:16
6486006,815,6:9:4,3,2,OpportunityCardData_id:14
6486006,815,6:9:5,3,2,OpportunityCardData_id:16
6486006,815,6:9:9,3,2,OpportunityCardData_id:14
6486006,815,6:9:9,3,2,OpportunityCardData_id:15
6486006,815,6:9:10,3,2,OpportunityCardData_id:16
6486006,815,6:9:10,3,2,OpportunityCardData_id:14
6486006,815,6:9:11,3,2,OpportunityCardData_id:15
6486006,815,6:9:11,3,2,OpportunityCardData_id:16
6486006,815,6:9:12,3,2,OpportunityCardData_id:14
6486006,815,6:9:12,3,2,OpportunityCardData_id:15
6486006,815,6:9:13,3,2,OpportunityCardData_id:16
6486006,815,6:9:13,3,2,OpportunityCardData_id:14
6486006,815,6:9:14,3,2,OpportunityCardData_id:16
6486006,817,6:9:14,3,2
6486006,814,6:9:15,3,[4]
6486006,815,6:9:15,3,4,OpportunityCardData_id:19
6486006,815,6:9:17,3,4,OpportunityCardData_id:25
6486006,815,6:9:17,3,4,OpportunityCardData_id:26
6486006,815,6:9:18,3,4,OpportunityCardData_id:25
6486006,815,6:9:20,3,4,OpportunityCardData_id:26
6486006,816,6:9:22,3,4,OpportunityCardData_id:26
6486006,803,6:9:23,3,[OpportunityCardData_id:26,OpportunityCardConsequencesData_logId:0]
6486006,803,6:9:23,3,[OpportunityCardData_id:26,OpportunityCardConsequencesData_logId:1]
6486006,803,6:9:24,3,[OpportunityCardData_id:26,OpportunityCardConsequencesData_logId:2]
6486006,805,6:9:24,3,[OpportunityCardData_id:26]
6486006,806,6:9:28,3,[OpportunityCardData_id:26,PriorityData_type:0]
6486006,807,6:9:29,3,[OpportunityCardData_id:26]
6486006,808,6:9:31,3,[OpportunityCardData_id:26]
6486006,809,6:9:39,3,[OpportunityCardData_id:26,PriorityData_type:0,true]
6486006,810,6:9:41,3,[OpportunityCardData_id:26,PriorityData_type:4,15,Safe,Safe]
6486006,814,6:9:46,3,[2]
6486006,815,6:9:46,3,2,OpportunityCardData_id:14
6486006,815,6:9:48,3,2,OpportunityCardData_id:15
6486006,815,6:9:52,3,2,OpportunityCardData_id:14
6486006,815,6:9:54,3,2,OpportunityCardData_id:16
6486006,816,6:9:56,3,2,OpportunityCardData_id:16
6486006,803,6:9:57,3,[OpportunityCardData_id:16,OpportunityCardConsequencesData_logId:0]
6486006,803,6:9:58,3,[OpportunityCardData_id:16,OpportunityCardConsequencesData_logId:1]
6486006,803,6:9:58,3,[OpportunityCardData_id:16,OpportunityCardConsequencesData_logId:2]
6486006,805,6:10:1,3,[OpportunityCardData_id:16]
6486006,806,6:10:3,3,[OpportunityCardData_id:16,PriorityData_type:5]
6486006,806,6:10:8,3,[OpportunityCardData_id:16,PriorityData_type:3]
6486006,807,6:10:9,3,[OpportunityCardData_id:16]
6486006,808,6:10:11,3,[OpportunityCardData_id:16]
6486006,809,6:10:20,3,[OpportunityCardData_id:16,Safe,false]
6486006,810,6:10:22,3,[OpportunityCardData_id:16,PriorityData_type:2,25,Safe,Safe]
6486006,818,6:10:22,3,3
6486006,811,6:10:23,3,[OpportunityCardData_id:16,PriorityData_type:2,70,75,PriorityData_type:0,70,70]
6486006,1005,6:10:23,3,[1,0,3]
6486006,1001,6:10:25,3,[]
6486006,1003,6:10:25,1
6486006,1004,6:10:27,5
6486006,800,6:10:34,5,[]
6486006,801,6:10:36,5,[]
6486006,814,6:10:37,5,[1]
6486006,815,6:10:37,5,1,OpportunityCardData_id:7
6486006,816,6:10:39,5,1,OpportunityCardData_id:7
6486006,803,6:10:39,5,[OpportunityCardData_id:7,OpportunityCardConsequencesData_logId:0]
6486006,803,6:10:40,5,[OpportunityCardData_id:7,OpportunityCardConsequencesData_logId:1]
6486006,803,6:10:40,5,[OpportunityCardData_id:7,OpportunityCardConsequencesData_logId:2]
6486006,805,6:10:43,5,[OpportunityCardData_id:7]
6486006,806,6:10:44,5,[OpportunityCardData_id:7,PriorityData_type:3]
6486006,807,6:10:44,5,[OpportunityCardData_id:7]
6486006,808,6:10:51,5,[OpportunityCardData_id:7]
6486006,809,6:10:58,5,[OpportunityCardData_id:7,PriorityData_type:3,true]
6486006,810,6:11:0,5,[OpportunityCardData_id:7,PriorityData_type:1,20,Safe,Safe]
6486006,814,6:11:4,5,[1]
6486006,815,6:11:4,5,1,OpportunityCardData_id:8
6486006,816,6:11:7,5,1,OpportunityCardData_id:8
6486006,803,6:11:7,5,[OpportunityCardData_id:8,OpportunityCardConsequencesData_logId:0]
6486006,803,6:11:8,5,[OpportunityCardData_id:8,OpportunityCardConsequencesData_logId:1]
6486006,803,6:11:8,5,[OpportunityCardData_id:8,OpportunityCardConsequencesData_logId:2]
6486006,805,6:11:16,5,[OpportunityCardData_id:8]
6486006,806,6:11:16,5,[OpportunityCardData_id:8,PriorityData_type:0]
6486006,807,6:11:17,5,[OpportunityCardData_id:8]
6486006,808,6:11:19,5,[OpportunityCardData_id:8]
6486006,809,6:11:27,5,[OpportunityCardData_id:8,PriorityData_type:2,false]
6486006,810,6:11:28,5,[OpportunityCardData_id:8,PriorityData_type:1,20,PriorityData_type:2,20]
6486006,814,6:11:43,5,[4]
6486006,815,6:11:43,5,4,OpportunityCardData_id:25
6486006,816,6:11:45,5,4,OpportunityCardData_id:25
6486006,803,6:11:46,5,[OpportunityCardData_id:25,OpportunityCardConsequencesData_logId:0]
6486006,803,6:11:46,5,[OpportunityCardData_id:25,OpportunityCardConsequencesData_logId:1]
6486006,805,6:11:49,5,[OpportunityCardData_id:25]
6486006,806,6:11:49,5,[OpportunityCardData_id:25,PriorityData_type:0]
6486006,807,6:11:50,5,[OpportunityCardData_id:25]
6486006,808,6:11:52,5,[OpportunityCardData_id:25]
6486006,809,6:12:2,5,[OpportunityCardData_id:25,PriorityData_type:0,true]
6486006,810,6:12:3,5,[OpportunityCardData_id:25,PriorityData_type:4,15,Safe,Safe]
6486006,814,6:12:6,5,[4]
6486006,815,6:12:6,5,4,OpportunityCardData_id:26
6486006,816,6:12:9,5,4,OpportunityCardData_id:26
6486006,803,6:12:9,5,[OpportunityCardData_id:26,OpportunityCardConsequencesData_logId:0]
6486006,803,6:12:10,5,[OpportunityCardData_id:26,OpportunityCardConsequencesData_logId:1]
6486006,803,6:12:10,5,[OpportunityCardData_id:26,OpportunityCardConsequencesData_logId:2]
6486006,805,6:12:17,5,[OpportunityCardData_id:26]
6486006,806,6:12:24,5,[OpportunityCardData_id:26,PriorityData_type:5]
6486006,807,6:12:24,5,[OpportunityCardData_id:26]
6486006,808,6:12:26,5,[OpportunityCardData_id:26]
6486006,809,6:12:37,5,[OpportunityCardData_id:26,PriorityData_type:5,true]
6486006,810,6:12:39,5,[OpportunityCardData_id:26,PriorityData_type:4,15,Safe,Safe]
6486006,814,6:12:41,5,[4]
6486006,815,6:12:41,5,4,OpportunityCardData_id:27
6486006,816,6:12:44,5,4,OpportunityCardData_id:27
6486006,803,6:12:45,5,[OpportunityCardData_id:27,OpportunityCardConsequencesData_logId:0]
6486006,803,6:12:46,5,[OpportunityCardData_id:27,OpportunityCardConsequencesData_logId:1]
6486006,803,6:12:46,5,[OpportunityCardData_id:27,OpportunityCardConsequencesData_logId:2]
6486006,805,6:12:55,5,[OpportunityCardData_id:27]
6486006,806,6:13:5,5,[OpportunityCardData_id:27,PriorityData_type:3]
6486006,807,6:13:6,5,[OpportunityCardData_id:27]
6486006,808,6:13:8,5,[OpportunityCardData_id:27]
6486006,809,6:13:20,5,[OpportunityCardData_id:27,PriorityData_type:3,true]
6486006,810,6:13:23,5,[OpportunityCardData_id:27,PriorityData_type:4,15,Safe,Safe]
6486006,818,6:13:25,5,7
6486006,811,6:13:26,5,[OpportunityCardData_id:27,PriorityData_type:1,70,75,PriorityData_type:4,70,80]
6486006,1005,6:13:26,5,[1,0,3]
6486006,1001,6:13:28,5,[]
6486006,1003,6:13:28,1
6486006,1004,6:13:30,8
6486006,800,6:14:0,8,[]
6486006,801,6:14:3,8,[]
6486006,814,6:14:4,8,[0]
6486006,815,6:14:4,8,0,OpportunityCardData_id:0
6486006,816,6:14:8,8,0,OpportunityCardData_id:0
6486006,803,6:14:9,8,[OpportunityCardData_id:0,OpportunityCardConsequencesData_logId:0]
6486006,803,6:14:9,8,[OpportunityCardData_id:0,OpportunityCardConsequencesData_logId:1]
6486006,805,6:14:18,8,[OpportunityCardData_id:0]
6486006,806,6:14:19,8,[OpportunityCardData_id:0,PriorityData_type:5]
6486006,807,6:14:20,8,[OpportunityCardData_id:0]
6486006,808,6:14:22,8,[OpportunityCardData_id:0]
6486006,809,6:14:31,8,[OpportunityCardData_id:0,Safe,false]
6486006,810,6:14:33,8,[OpportunityCardData_id:0,PriorityData_type:0,15,Safe,Safe]
6486006,814,6:14:39,8,[0]
6486006,815,6:14:39,8,0,OpportunityCardData_id:1
6486006,816,6:14:41,8,0,OpportunityCardData_id:1
6486006,803,6:14:42,8,[OpportunityCardData_id:1,OpportunityCardConsequencesData_logId:0]
6486006,803,6:14:42,8,[OpportunityCardData_id:1,OpportunityCardConsequencesData_logId:1]
6486006,805,6:14:50,8,[OpportunityCardData_id:1]
6486006,806,6:14:51,8,[OpportunityCardData_id:1,PriorityData_type:1]
6486006,807,6:14:52,8,[OpportunityCardData_id:1]
6486006,808,6:14:55,8,[OpportunityCardData_id:1]
6486006,809,6:15:2,8,[OpportunityCardData_id:1,PriorityData_type:3,false]
6486006,810,6:15:3,8,[OpportunityCardData_id:1,PriorityData_type:0,15,PriorityData_type:3,5]
6486006,814,6:15:8,8,[3]
6486006,815,6:15:8,8,3,OpportunityCardData_id:19
6486006,816,6:15:10,8,3,OpportunityCardData_id:19
6486006,803,6:15:11,8,[OpportunityCardData_id:19,OpportunityCardConsequencesData_logId:1]
6486006,803,6:15:12,8,[OpportunityCardData_id:19,OpportunityCardConsequencesData_logId:0]
6486006,803,6:15:12,8,[OpportunityCardData_id:19,OpportunityCardConsequencesData_logId:2]
6486006,805,6:15:14,8,[OpportunityCardData_id:19]
6486006,806,6:15:15,8,[OpportunityCardData_id:19,PriorityData_type:0]
6486006,807,6:15:16,8,[OpportunityCardData_id:19]
6486006,808,6:15:17,8,[OpportunityCardData_id:19]
6486006,809,6:15:26,8,[OpportunityCardData_id:19,PriorityData_type:5,false]
6486006,810,6:15:26,8,[OpportunityCardData_id:19,PriorityData_type:3,15,PriorityData_type:5,25]
6486006,812,6:15:29,8,[OpportunityCardData_id:19,PriorityData_type:5]
6486006,813,6:15:33,8,[]
6486006,1000,6:15:36,8,[]
6486006,800,6:15:37,8,[]
6486006,801,6:15:39,8,[]
6486006,814,6:15:40,8,[5]
6486006,815,6:15:41,8,5,OpportunityCardData_id:32
6486006,817,6:15:43,8,5
6486006,814,6:15:44,8,[0]
6486006,815,6:15:44,8,0,OpportunityCardData_id:0
6486006,816,6:15:45,8,0,OpportunityCardData_id:0
6486006,803,6:15:46,8,[OpportunityCardData_id:0,OpportunityCardConsequencesData_logId:0]
6486006,803,6:15:46,8,[OpportunityCardData_id:0,OpportunityCardConsequencesData_logId:1]
6486006,805,6:15:49,8,[OpportunityCardData_id:0]
6486006,806,6:15:50,8,[OpportunityCardData_id:0,PriorityData_type:3]
6486006,806,6:15:51,8,[OpportunityCardData_id:0,PriorityData_type:5]
6486006,807,6:15:52,8,[OpportunityCardData_id:0]
6486006,808,6:15:55,8,[OpportunityCardData_id:0]
6486006,809,6:16:2,8,[OpportunityCardData_id:0,Safe,false]
6486006,810,6:16:3,8,[OpportunityCardData_id:0,PriorityData_type:0,15,Safe,Safe]
6486006,814,6:16:8,8,[3]
6486006,815,6:16:8,8,3,OpportunityCardData_id:19
6486006,816,6:16:9,8,3,OpportunityCardData_id:19
6486006,803,6:16:10,8,[OpportunityCardData_id:19,OpportunityCardConsequencesData_logId:0]
6486006,803,6:16:10,8,[OpportunityCardData_id:19,OpportunityCardConsequencesData_logId:1]
6486006,803,6:16:10,8,[OpportunityCardData_id:19,OpportunityCardConsequencesData_logId:2]
6486006,805,6:16:12,8,[OpportunityCardData_id:19]
6486006,806,6:16:14,8,[OpportunityCardData_id:19,PriorityData_type:0]
6486006,807,6:16:15,8,[OpportunityCardData_id:19]
6486006,808,6:16:18,8,[OpportunityCardData_id:19]
6486006,809,6:16:26,8,[OpportunityCardData_id:19,PriorityData_type:0,true]
6486006,810,6:16:29,8,[OpportunityCardData_id:19,PriorityData_type:3,15,Safe,Safe]
6486006,814,6:16:32,8,[3]
6486006,815,6:16:32,8,3,OpportunityCardData_id:20
6486006,815,6:16:34,8,3,OpportunityCardData_id:21
6486006,815,6:16:35,8,3,OpportunityCardData_id:22
6486006,816,6:16:38,8,3,OpportunityCardData_id:22
6486006,803,6:16:39,8,[OpportunityCardData_id:22,OpportunityCardConsequencesData_logId:0]
6486006,803,6:16:39,8,[OpportunityCardData_id:22,OpportunityCardConsequencesData_logId:1]
6486006,803,6:16:40,8,[OpportunityCardData_id:22,OpportunityCardConsequencesData_logId:2]
6486006,805,6:16:43,8,[OpportunityCardData_id:22]
6486006,806,6:16:46,8,[OpportunityCardData_id:22,PriorityData_type:4]
6486006,807,6:16:47,8,[OpportunityCardData_id:22]
6486006,808,6:16:48,8,[OpportunityCardData_id:22]
6486006,809,6:16:56,8,[OpportunityCardData_id:22,PriorityData_type:1,false]
6486006,810,6:16:56,8,[OpportunityCardData_id:22,PriorityData_type:3,10,PriorityData_type:1,15]
6486006,814,6:17:1,8,[0]
6486006,815,6:17:1,8,0,OpportunityCardData_id:1
6486006,815,6:17:2,8,0,OpportunityCardData_id:2
6486006,815,6:17:3,8,0,OpportunityCardData_id:3
6486006,816,6:17:5,8,0,OpportunityCardData_id:3
6486006,803,6:17:6,8,[OpportunityCardData_id:3,OpportunityCardConsequencesData_logId:0]
6486006,803,6:17:6,8,[OpportunityCardData_id:3,OpportunityCardConsequencesData_logId:1]
6486006,803,6:17:6,8,[OpportunityCardData_id:3,OpportunityCardConsequencesData_logId:2]
6486006,805,6:17:13,8,[OpportunityCardData_id:3]
6486006,806,6:17:17,8,[OpportunityCardData_id:3,PriorityData_type:1]
6486006,807,6:17:18,8,[OpportunityCardData_id:3]
6486006,808,6:17:20,8,[OpportunityCardData_id:3]
6486006,809,6:17:27,8,[OpportunityCardData_id:3,PriorityData_type:2,false]
6486006,810,6:17:29,8,[OpportunityCardData_id:3,PriorityData_type:0,10,PriorityData_type:2,10]
6486006,814,6:17:33,8,[2]
6486006,815,6:17:33,8,2,OpportunityCardData_id:13
6486006,815,6:17:34,8,2,OpportunityCardData_id:14
6486006,815,6:17:34,8,2,OpportunityCardData_id:15
6486006,815,6:17:35,8,2,OpportunityCardData_id:14
6486006,816,6:17:36,8,2,OpportunityCardData_id:14
6486006,803,6:17:37,8,[OpportunityCardData_id:14,OpportunityCardConsequencesData_logId:0]
6486006,803,6:17:37,8,[OpportunityCardData_id:14,OpportunityCardConsequencesData_logId:1]
6486006,803,6:17:37,8,[OpportunityCardData_id:14,OpportunityCardConsequencesData_logId:2]
6486006,805,6:17:42,8,[OpportunityCardData_id:14]
6486006,806,6:17:43,8,[OpportunityCardData_id:14,PriorityData_type:3]
6486006,807,6:17:43,8,[OpportunityCardData_id:14]
6486006,808,6:17:45,8,[OpportunityCardData_id:14]
6486006,809,6:17:52,8,[OpportunityCardData_id:14,Safe,false]
6486006,810,6:17:53,8,[OpportunityCardData_id:14,PriorityData_type:2,15,Safe,Safe]
6486006,814,6:17:59,8,[0]
6486006,815,6:17:59,8,0,OpportunityCardData_id:1
6486006,816,6:18:2,8,0,OpportunityCardData_id:1
6486006,803,6:18:3,8,[OpportunityCardData_id:1,OpportunityCardConsequencesData_logId:0]
6486006,803,6:18:3,8,[OpportunityCardData_id:1,OpportunityCardConsequencesData_logId:1]
6486006,805,6:18:5,8,[OpportunityCardData_id:1]
6486006,806,6:18:5,8,[OpportunityCardData_id:1,PriorityData_type:1]
6486006,807,6:18:6,8,[OpportunityCardData_id:1]
6486006,808,6:18:8,8,[OpportunityCardData_id:1]
6486006,809,6:18:16,8,[OpportunityCardData_id:1,PriorityData_type:1,true]
6486006,810,6:18:18,8,[OpportunityCardData_id:1,PriorityData_type:0,15,Safe,Safe]
6486006,814,6:18:21,8,[3]
6486006,815,6:18:21,8,3,OpportunityCardData_id:20
6486006,816,6:18:23,8,3,OpportunityCardData_id:20
6486006,803,6:18:23,8,[OpportunityCardData_id:20,OpportunityCardConsequencesData_logId:0]
6486006,803,6:18:24,8,[OpportunityCardData_id:20,OpportunityCardConsequencesData_logId:1]
6486006,803,6:18:24,8,[OpportunityCardData_id:20,OpportunityCardConsequencesData_logId:2]
6486006,805,6:18:25,8,[OpportunityCardData_id:20]
6486006,806,6:18:26,8,[OpportunityCardData_id:20,PriorityData_type:0]
6486006,807,6:18:27,8,[OpportunityCardData_id:20]
6486006,808,6:18:29,8,[OpportunityCardData_id:20]
6486006,809,6:18:38,8,[OpportunityCardData_id:20,PriorityData_type:1,false]
6486006,810,6:18:38,8,[OpportunityCardData_id:20,PriorityData_type:3,15,PriorityData_type:1,5]
6486006,1002,6:18:43,8
6486006,1003,6:18:43,1
6486006,210,6:18:47,870,646
6486006,211,6:18:47,868,650
6486006,221,6:18:48,6
6486006,220,6:18:51,6
6486006,1003,6:18:51,3
6486006,1004,6:19:10,6
6486006,500,6:19:13,6,[]
6486006,501,6:19:15,6,[]
6486006,502,6:19:19,6,[IntentionData_logId:4,true]
6486006,503,6:19:21,6,[]
6486006,504,6:19:30,6,[InfluenceData_logId:4]
6486006,504,6:19:34,6,[InfluenceData_logId:2]
6486006,504,6:19:36,6,[InfluenceData_logId:0]
6486006,504,6:19:38,6,[InfluenceData_logId:1]
6486006,504,6:19:40,6,[InfluenceData_logId:2]
6486006,504,6:19:41,6,[InfluenceData_logId:3]
6486006,504,6:19:45,6,[InfluenceData_logId:8]
6486006,504,6:19:47,6,[InfluenceData_logId:7]
6486006,504,6:19:49,6,[InfluenceData_logId:6]
6486006,504,6:19:50,6,[InfluenceData_logId:7]
6486006,505,6:19:51,6,[InfluenceData_logId:2,false,InfluenceData_logId:3,true,InfluenceData_logId:7,true]
6486006,506,6:19:53,6,[]
6486006,103,6:20:10
6486006,105,6:20:14
6486006,703,6:20:16,[|| EpilogueItem ID: 0 unlocked: true ||,|| EpilogueItem ID: 1 unlocked: true ||,|| EpilogueItem ID: 2 unlocked: true ||,|| EpilogueItem ID: 3 unlocked: true ||,|| EpilogueItem ID: 4 unlocked: true ||,|| EpilogueItem ID: 5 unlocked: true ||,|| EpilogueItem ID: 6 unlocked: false ||,|| EpilogueItem ID: 7 unlocked: false ||,|| EpilogueItem ID: 8 unlocked: false ||,|| EpilogueItem ID: 9 unlocked: false ||,|| EpilogueItem ID: 10 unlocked: false ||,|| EpilogueItem ID: 11 unlocked: false ||,|| EpilogueItem ID: 12 unlocked: false ||,|| EpilogueItem ID: 13 unlocked: true ||,|| EpilogueItem ID: 14 unlocked: false ||,|| EpilogueItem ID: 15 unlocked: false ||,|| EpilogueItem ID: 16 unlocked: false ||,|| EpilogueItem ID: 17 unlocked: false ||,|| EpilogueItem ID: 18 unlocked: false ||,|| EpilogueItem ID: 19 unlocked: false ||,|| EpilogueItem ID: 20 unlocked: false ||,|| EpilogueItem ID: 21 unlocked: true ||,|| EpilogueItem ID: 22 unlocked: false ||,|| EpilogueItem ID: 23 unlocked: false ||,|| EpilogueItem ID: 24 unlocked: false ||],0.32
6486006,706,6:20:20,(x=1858, y=-100, w=1024, h=768),(x=2531, y=-100, w=1024, h=768)
6486006,706,6:20:21,(x=2524, y=-100, w=1024, h=768),(x=2478, y=-100, w=1024, h=768)
6486006,707,6:20:21,2,1
6486006,706,6:20:21,(x=2524, y=-100, w=1024, h=768),(x=2478, y=-100, w=1024, h=768)
6486006,708,6:20:22
6486006,1,6:20:22,5/20/2013 4:14:59pm,{"gameTime":22822628,"session":[{"stackId":12,"sceneId":"1P"},{"stackId":0,"sceneId":"1P"},{"stackId":1,"sceneId":"1P"},{"stackId":1,"sceneId":"1N"},{"stackId":1,"sceneId":"2P"},{"stackId":2,"sceneId":"3P"},{"stackId":2,"sceneId":"1P"},{"stackId":2,"sceneId":"1N"},{"stackId":2,"sceneId":"2P"},{"stackId":3,"sceneId":"1P"},{"stackId":3,"sceneId":"1N"},{"stackId":3,"sceneId":"2P"},{"stackId":4,"sceneId":"1P"},{"stackId":4,"sceneId":"1N"},{"stackId":4,"sceneId":"2P"},{"stackId":5,"sceneId":"1P"},{"stackId":5,"sceneId":"1N"},{"stackId":5,"sceneId":"2P"}],"challengeStacks":[{"resolved":true,"challengeScenes":[{"keyPoints":["c_teacherEng_G7a0","c_bestFriend_F_a_G7a0","s_flag_gen"],"viewedAnimatic":true,"touchableObjects":["c_crewKid1_F_G7a0","s_otherStudent1_G7a0","c_teacherEng_G7a0","c_bestFriend_F_a_G7a0","s_vocabAssignment_G7a0","c_friend1_F_a_G7a0","s_doorClassroom_G7a0","s_clock_G7a0","s_poePoster_gen","s_shakespearePoster_gen","s_angelouPoster_gen","s_atwoodPoster_gen","s_flag_gen"],"unlocked":true,"miniGameCards":[]},{"keyPoints":["c_bestFriend_F_a_G7a1N","c_teacherEng_G7a1N","s_paperPlayers_G7a1N"],"viewedAnimatic":true,"touchableObjects":["s_otherStudent1_G7a1N","s_otherStudent2_G7a1N","s_poePoster_gen","s_shakespearePoster_gen","s_angelouPoster_gen","s_atwoodPoster_gen","c_bestFriend_F_a_G7a1N","c_teacherEng_G7a1N","c_crewKid1_F_G7a1N","s_posterPlagiarism_gen","s_paperPlayers_G7a1N"],"unlocked":true,"miniGameCards":[]},{"keyPoints":["s_flag_gen","c_bestFriend_F_a_G7a1P","c_teacherEng_G7a1P","s_paperEnglish_gen"],"viewedAnimatic":true,"touchableObjects":["s_poePoster_gen","s_shakespearePoster_gen","s_angelouPoster_gen","s_atwoodPoster_gen","s_paperPlayers_G7a1P","s_papersDetention_gen","s_flag_gen","s_clock_G7a1P","c_bestFriend_F_a_G7a1P","c_teacherEng_G7a1P","s_paperEnglish_gen"],"unlocked":true,"miniGameCards":[]}],"stackSize":3},{"resolved":true,"challengeScenes":[{"keyPoints":["c_kidSister_lati_a_G7b0","c_crewKid1_F_G7b0","s_backpack_F_G7b0"],"viewedAnimatic":true,"touchableObjects":["c_crewKid2_F_G7b0","s_snackBarWorker_G7b0","c_kidSister_lati_a_G7b0","c_cousinsBrother_a_G7b0","c_cousin_F_a_G7b0","c_crewKid1_F_G7b0","s_lifeguard_G7b0","s_backpack_F_G7b0"],"unlocked":true,"miniGameCards":[]},{"keyPoints":["s_sprayPaintCan_G7b1N","s_brokenCarWindow_G7b1N","s_graffiti_G7b1N","c_crewKid1_F_G7b1N","c_kidSister_lati_a_G7b1N"],"viewedAnimatic":true,"touchableObjects":["c_cousin_F_a_G7b1N","s_sprayPaintCan_G7b1N","c_crewKid2_F_a_G7b1N","s_cat_G7b1N","s_brokenCarWindow_G7b1N","s_graffiti_G7b1N","c_policeOfficer_G7b1N","c_teacherEng_G7b1N","c_crewKid1_F_G7b1N","s_flag_G7b1N","s_wreckedPlants_G7b1N","c_kidSister_lati_a_G7b1N"],"unlocked":true,"miniGameCards":[]},{"keyPoints":["c_cousin_F_a_G7b1P","c_cousinsBrother_a_G7b1P","c_cousinsBrothersFriend_a_G7b1P","s_poolDay_ruleSign_G7b1P"],"viewedAnimatic":true,"touchableObjects":["c_kidSister_lati_a_G7b1P","c_cousin_F_a_G7b1P","c_cousinsBrother_a_G7b1P","c_crush1_F_a_G7b1P","c_cousinsBrothersFriend_a_G7b1P","s_poolDay_ruleSign_G7b1P"],"unlocked":true,"miniGameCards":[]},{"keyPoints":["c_cousin_F_a_G7b2N","c_kidSister_lati_a_G7b2N","s_kid1_G7b2N","c_crush1_F_a_G7b2N"],"viewedAnimatic":true,"touchableObjects":["c_cousinsBrother_a_G7b2N","c_cousin_F_a_G7b2N","c_kidSister_lati_a_G7b2N","s_kidPool1_G7b2N","s_kidPool2_G7b2N","s_lifeguard_G7b2N","s_kid1_G7b2N","c_crewKid2_F_G7b2N","c_cousinsBrothersFriend_a_G7b2N","c_crush1_F_a_G7b2N","s_cousinsBFgirlfriend_G7b2N"],"unlocked":true,"miniGameCards":[]},{"keyPoints":["s_pictureDad_lati_F_gen","c_kidSister_lati_a_G7b2P","c_cousin_F_a_G7b2P","s_computer_F_G7b2P"],"viewedAnimatic":true,"touchableObjects":["s_closet_F_G7b2P","s_calendar_F_gen","s_pictureDad_lati_F_gen","c_grandma_lati_a_G7b2P","c_kidSister_lati_a_G7b2P","c_cousin_F_a_G7b2P","s_computer_F_G7b2P"],"unlocked":true,"miniGameCards":[]}],"stackSize":5},{"resolved":true,"challengeScenes":[{"keyPoints":["c_crush2_F_a_G8a0","c_cousin_F_a_G8a0","s_cellphone_G8a0","s_clock_G8a0","s_bottleCrush2_F_G8a0"],"viewedAnimatic":true,"touchableObjects":["s_beerCooler_G8a0","c_crush2_F_a_G8a0","s_stairs_G8a0","c_friend1_F_G8a0","s_beerSixpack_G8a0","c_cousin_F_a_G8a0","s_cigaretteKid1_G8a0","s_bottleFloor_G8a0","s_cellphone_G8a0","s_clock_G8a0","c_crewKid1_F_a_G8a0","s_bottleTable_G8a0","s_bottleCrush2_F_G8a0"],"unlocked":true,"miniGameCards":[]},{"keyPoints":["s_crush2Lips_F_G8a1N","s_crush2Sore_F_G8a1N","s_crush2Eyes_F_G8a1N","s_basementDoor_gen","s_dirtyClothes_gen"],"viewedAnimatic":true,"touchableObjects":["c_crush2_F_a_G8a1N","s_crush2Lips_F_G8a1N","s_crush2Sore_F_G8a1N","s_crush2Eyes_F_G8a1N","s_dryer_G8a1N","s_waterHeater_gen","s_inhalantsShelf_gen","s_stairs_G8a1N","s_basementDoor_gen","s_dirtyClothes_gen"],"unlocked":true,"miniGameCards":[]},{"keyPoints":["c_crush2_F_a_G8a1P","s_dirtyClothes_gen","s_basementDoor_gen","s_inhalantsShelf_gen"],"viewedAnimatic":true,"touchableObjects":["c_crush2_F_a_G8a1P","s_spraypaintCrush2_F_G8a1P","s_waterHeater_gen","s_dirtyClothes_gen","s_basementDoor_gen","s_inhalantsShelf_gen"],"unlocked":true,"miniGameCards":[]},{"keyPoints":["c_crush2_F_a_G8a2N","s_spraypaintCan_G8a2N"],"viewedAnimatic":true,"touchableObjects":["s_fumes_G8a2N","c_friend1_F_a_G8a2N","c_crush2_F_a_G8a2N","s_spraypaintCan_G8a2N"],"unlocked":true,"miniGameCards":[]},{"keyPoints":["s_sistersToy_G8a2P","s_magazine_G8a2P","c_crush2_F_a_G8a2P","s_pictureDad_lati_gen","c_kidSister_lati_a_G8a2P"],"viewedAnimatic":true,"touchableObjects":["s_sistersToy_G8a2P","s_videoGame_G8a2P","s_magazine_G8a2P","s_ashtray_G8a2P","s_teaCup_G8a2P","c_grandma_lati_a_G8a2P","c_crush2_F_a_G8a2P","s_pictureDad_lati_gen","c_kidSister_lati_a_G8a2P"],"unlocked":true,"miniGameCards":[]},{"keyPoints":["s_mirror_lati_F_a_G8a3N","c_nurse_a_G8a3N","s_pamphlet1_G8a3N","s_pamphlet3_G8a3N"],"viewedAnimatic":true,"touchableObjects":["s_mirror_lati_F_a_G8a3N","s_door_G8a3N","c_nurse_a_G8a3N","s_pamphlet1_G8a3N","s_pamphlet3_G8a3N","s_phone_G8a3N"],"unlocked":true,"miniGameCards":[]},{"keyPoints":["c_crush2_F_a_G8a3P","s_kidsCouch_G8a3P"],"viewedAnimatic":true,"touchableObjects":["c_crush2_F_a_G8a3P","s_kidsCouch_G8a3P","c_cousin_F_a_G8a3P"],"unlocked":true,"miniGameCards":[]}],"stackSize":7},{"resolved":true,"challengeScenes":[{"keyPoints":["c_friend1_F_a_G8b0","s_pillBottle_G8b0","c_kidSister_lati_a_G8b0"],"viewedAnimatic":true,"touchableObjects":["c_grandma_lati_a_G8b0","s_pictureDad_lati_gen","s_pictureMom_lati_gen","c_friend1_F_a_G8b0","s_pillBottle_G8b0","c_kidSister_lati_a_G8b0"],"unlocked":true,"miniGameCards":[]},{"keyPoints":["c_friend1_F_a_G8b1N","c_kidSister_lati_a_G8b1N","c_grandma_lati_a_G8b1N"],"viewedAnimatic":true,"touchableObjects":["c_friend1_F_a_G8b1N","c_kidSister_lati_a_G8b1N","c_grandma_lati_a_G8b1N"],"unlocked":true,"miniGameCards":[]},{"keyPoints":["c_friend1_F_a_G8b1P","s_pillBottle_F_G8b1P","c_grandma_lati_a_G8b1P"],"viewedAnimatic":true,"touchableObjects":["c_friend1_F_a_G8b1P","s_pillBottle_F_G8b1P","s_tvGuide_G8b1P","c_kidSister_lati_a_G8b1P","c_grandma_lati_a_G8b1P"],"unlocked":true,"miniGameCards":[]},{"keyPoints":["c_friend1_F_a_G8b2N","c_crewKid2_F_a_G8b2N","c_teacherEng_G8b2N","s_sandwichBagPills_G8b2N","s_clock_G8b2N"],"viewedAnimatic":true,"touchableObjects":["c_friend1_F_a_G8b2N","s_kid2_G8b2N","s_kid1_G8b2N","s_kid5_G8b2N","s_kid3_G8b2N","s_kid4_G8b2N","c_crewKid2_F_a_G8b2N","c_teacherEng_G8b2N","s_sandwichBagPills_G8b2N","s_camera_gen","s_clock_G8b2N"],"unlocked":true,"miniGameCards":[]},{"keyPoints":["c_grandma_lati_a_G8b2P","c_friend1_F_a_G8b2P","s_pillBottle_G8b2P"],"viewedAnimatic":true,"touchableObjects":["c_kidSister_lati_a_G8b2P","s_videoGameScreen_G8b2P","c_grandma_lati_a_G8b2P","c_mom_lati_a_G8b2P","c_friend1_F_a_G8b2P","s_pillBottle_G8b2P"],"unlocked":true,"miniGameCards":[]}],"stackSize":5},{"resolved":true,"challengeScenes":[{"keyPoints":["s_door_F_gen","s_bathingSuit_F_G9a0","s_cellPhone_F_G9a0","s_clock_F_G9a0"],"viewedAnimatic":true,"touchableObjects":["s_calendar_F_gen","s_door_F_gen","s_bathingSuit_F_G9a0","s_window_F_G9a0","s_cellPhone_F_G9a0","s_clock_F_G9a0"],"unlocked":true,"miniGameCards":[]},{"keyPoints":["s_fence_G9a1N","c_cousin_F_a_G9a1N","s_kid3_G9a1N","c_policeOfficer_G9a1N"],"viewedAnimatic":true,"touchableObjects":["s_fence_G9a1N","c_cousinsBrothersFriend_a_G9a1N","s_kid4_G9a1N","s_policeCar_G9a1N","c_cousin_F_a_G9a1N","s_bathingSuits_G9a1N","s_poolNight_ruleSign_G9a1N","s_potSmokeCloud_G9a1N","s_kid3_G9a1N","c_policeOfficer_G9a1N"],"unlocked":true,"miniGameCards":[]},{"keyPoints":["s_joint_F_G9a1P","s_poster_F_gen","s_door_F_gen","s_calendar_F_gen","c_cousin_F_a_G9a1P"],"viewedAnimatic":true,"touchableObjects":["s_joint_F_G9a1P","s_computer_F_gen","s_poster_F_gen","s_door_F_gen","s_calendar_F_gen","c_cousin_F_a_G9a1P"],"unlocked":true,"miniGameCards":[]},{"keyPoints":["c_cousin_F_a_G9a2N","s_pictureDad_lati_F_gen","c_kidSister_lati_a_G9a2N","c_mom_lati_a_G9a2N","s_potSmokeCloud_F_G9a2N"],"viewedAnimatic":true,"touchableObjects":["c_cousin_F_a_G9a2N","s_pictureDad_lati_F_gen","c_kidSister_lati_a_G9a2N","c_mom_lati_a_G9a2N","s_potSmokeCloud_F_G9a2N","s_cookieTrayEmpty_F_G9a2N"],"unlocked":true,"miniGameCards":[]},{"keyPoints":["c_cousin_F_a_G9a2P","c_mom_lati_a_G9a2P","s_pizzaBox_G9a2P","s_door_gen"],"viewedAnimatic":true,"touchableObjects":["c_kidSister_lati_a_G9a2P","s_tv_G9a2P","c_grandma_lati_a_G9a2P","c_cousin_F_a_G9a2P","c_mom_lati_a_G9a2P","s_pizzaBox_G9a2P","s_pictureDad_lati_gen","s_door_gen"],"unlocked":true,"miniGameCards":[]}],"stackSize":5},{"resolved":true,"challengeScenes":[{"keyPoints":["s_pictureDad_lati_F_gen","s_mirror_F_G9b0","s_computer_F_gen"],"viewedAnimatic":true,"touchableObjects":["s_closet_F_G9b0","s_pictureDad_lati_F_gen","s_mirror_F_G9b0","s_calendar_F_gen","s_cellPhone_F_G9b0","c_kidSister_lati_a_G9b0","c_cousin_F_a_G9b0","s_computer_F_gen"],"unlocked":true,"miniGameCards":[]},{"keyPoints":["s_beerBottle_G9b1N","s_joint_G9b1N","c_kidSister_lati_a_G9b1N","c_teacherEng_G9b1N","c_cousin_F_a_G9b1N","s_clock_G9b1N","s_brokenLamp_G9b1N"],"viewedAnimatic":true,"touchableObjects":["s_coupleOnCouch_G9b1N","s_boomBox_G9b1N","s_puddleFloor_G9b1N","s_beerBottle_G9b1N","s_ashtray_G9b1N","s_smokeDetector_G9b1N","s_joint_G9b1N","c_kidSister_lati_a_G9b1N","c_teacherEng_G9b1N","s_pictureDaddark_lati_gen","c_cousin_F_a_G9b1N","s_photoCracked_G9b1N","s_clock_G9b1N","s_brokenLamp_G9b1N"],"unlocked":true,"miniGameCards":[]},{"keyPoints":["s_kidsGroupKitchen_G9b1P","s_pictureDaddark_lati_gen","s_pictureMomdark_lati_G9b1P","c_crush1_F_a_G9b1P","c_bestFriend_F_a_G9b1P","c_cousin_F_a_G9b1P","c_friend1_F_a_G9b1P"],"viewedAnimatic":true,"touchableObjects":["s_kidsGroupKitchen_G9b1P","s_pictureDaddark_lati_gen","s_pictureMomdark_lati_G9b1P","c_crush1_F_a_G9b1P","c_bestFriend_F_a_G9b1P","s_door_G9b1P","c_kidSister_lati_a_G9b1P","s_ashtray_G9b1P","c_cousin_F_a_G9b1P","s_beerBottle_G9b1P","c_friend1_F_a_G9b1P"],"unlocked":true,"miniGameCards":[]},{"keyPoints":["c_mom_lati_a_G9b2N","c_crush1_F_a_G9b2N","c_cousin_F_a_G9b2N"],"viewedAnimatic":true,"touchableObjects":["c_mom_lati_a_G9b2N","c_kidSister_lati_a_G9b2N","c_crush1_F_a_G9b2N","c_bestFriend_F_a_G9b2N","c_grandma_lati_a_G9b2N","c_cousin_F_a_G9b2N","s_kidCouch_G9b2N","s_pictureDaddark_lati_gen"],"unlocked":true,"miniGameCards":[]},{"keyPoints":["c_bestFriend_F_a_G9b2P","c_crush1_F_a_G9b2P","c_mom_lati_a_G9b2P","s_clock_G9b2P"],"viewedAnimatic":true,"touchableObjects":["c_grandma_lati_a_G9b2P","c_cousin_F_a_G9b2P","c_bestFriend_F_a_G9b2P","s_boardGame_G9b2P","c_crush1_F_a_G9b2P","c_mom_lati_a_G9b2P","c_kidSister_lati_a_G9b2P","s_clock_G9b2P"],"unlocked":true,"miniGameCards":[]}],"stackSize":5},{"resolved":false,"challengeScenes":[{"keyPoints":["c_crush1_F_b_G10a0"],"viewedAnimatic":true,"touchableObjects":["c_crush1_F_b_G10a0","s_bed2_F_G10a0","s_chairClothes_F_G10a0","s_computer_F_gen","s_door_F_gen"],"unlocked":true,"miniGameCards":[]},{"keyPoints":[],"viewedAnimatic":false,"touchableObjects":[],"unlocked":true,"miniGameCards":[]},{"keyPoints":[],"viewedAnimatic":false,"touchableObjects":[],"unlocked":false,"miniGameCards":[]},{"keyPoints":[],"viewedAnimatic":false,"touchableObjects":[],"unlocked":true,"miniGameCards":[]},{"keyPoints":[],"viewedAnimatic":false,"touchableObjects":[],"unlocked":false,"miniGameCards":[]}],"stackSize":5},{"resolved":false,"challengeScenes":[{"keyPoints":[],"viewedAnimatic":false,"touchableObjects":[],"unlocked":false,"miniGameCards":[]},{"keyPoints":[],"viewedAnimatic":false,"touchableObjects":[],"unlocked":false,"miniGameCards":[]},{"keyPoints":[],"viewedAnimatic":false,"touchableObjects":[],"unlocked":false,"miniGameCards":[]},{"keyPoints":[],"viewedAnimatic":false,"touchableObjects":[],"unlocked":false,"miniGameCards":[]},{"keyPoints":[],"viewedAnimatic":false,"touchableObjects":[],"unlocked":false,"miniGameCards":[]}],"stackSize":5},{"resolved":false,"challengeScenes":[{"keyPoints":[],"viewedAnimatic":false,"touchableObjects":[],"unlocked":true,"miniGameCards":[]},{"keyPoints":[],"viewedAnimatic":false,"touchableObjects":[],"unlocked":true,"miniGameCards":[]},{"keyPoints":[],"viewedAnimatic":false,"touchableObjects":[],"unlocked":false,"miniGameCards":[]},{"keyPoints":[],"viewedAnimatic":false,"touchableObjects":[],"unlocked":false,"miniGameCards":[]},{"keyPoints":[],"viewedAnimatic":false,"touchableObjects":[],"unlocked":false,"miniGameCards":[]}],"stackSize":5},{"resolved":false,"challengeScenes":[{"keyPoints":[],"viewedAnimatic":false,"touchableObjects":[],"unlocked":false,"miniGameCards":[]},{"keyPoints":[],"viewedAnimatic":false,"touchableObjects":[],"unlocked":false,"miniGameCards":[]},{"keyPoints":[],"viewedAnimatic":false,"touchableObjects":[],"unlocked":false,"miniGameCards":[]},{"keyPoints":[],"viewedAnimatic":false,"touchableObjects":[],"unlocked":false,"miniGameCards":[]},{"keyPoints":[],"viewedAnimatic":false,"touchableObjects":[],"unlocked":false,"miniGameCards":[]}],"stackSize":5},{"resolved":false,"challengeScenes":[{"keyPoints":[],"viewedAnimatic":false,"touchableObjects":[],"unlocked":true,"miniGameCards":[]},{"keyPoints":[],"viewedAnimatic":false,"touchableObjects":[],"unlocked":true,"miniGameCards":[]},{"keyPoints":[],"viewedAnimatic":false,"touchableObjects":[],"unlocked":false,"miniGameCards":[]},{"keyPoints":[],"viewedAnimatic":false,"touchableObjects":[],"unlocked":true,"miniGameCards":[]},{"keyPoints":[],"viewedAnimatic":false,"touchableObjects":[],"unlocked":false,"miniGameCards":[]}],"stackSize":5},{"resolved":false,"challengeScenes":[{"keyPoints":[],"viewedAnimatic":false,"touchableObjects":[],"unlocked":false,"miniGameCards":[]},{"keyPoints":[],"viewedAnimatic":false,"touchableObjects":[],"unlocked":false,"miniGameCards":[]},{"keyPoints":[],"viewedAnimatic":false,"touchableObjects":[],"unlocked":false,"miniGameCards":[]},{"keyPoints":[],"viewedAnimatic":false,"touchableObjects":[],"unlocked":false,"miniGameCards":[]},{"keyPoints":[],"viewedAnimatic":false,"touchableObjects":[],"unlocked":false,"miniGameCards":[]}],"stackSize":5},{"resolved":true,"challengeScenes":[{"keyPoints":[],"viewedAnimatic":false,"touchableObjects":[],"unlocked":true,"miniGameCards":[]},{"keyPoints":["c_job_G0a1N","c_family_lati_a_G0a1N","c_home_G0a1N"],"viewedAnimatic":false,"touchableObjects":["c_player_lati_F_a_G0a1N","c_job_G0a1N","c_family_lati_a_G0a1N","c_home_G0a1N"],"unlocked":true,"miniGameCards":[]},{"keyPoints":["c_Nurse_G0a1P","c_dad_lati_a_G0a1P","c_kidsister_lati_a_G0a1P","c_grandma_lati_a_G0a1P","c_mom_lati_a_G0a1P","c_Teacher_G0a1P"],"viewedAnimatic":false,"touchableObjects":["c_cousins_F_a_G0a1P","c_friends_G0a1P","c_Nurse_G0a1P","c_dad_lati_a_G0a1P","c_kidsister_lati_a_G0a1P","c_grandma_lati_a_G0a1P","c_mom_lati_a_G0a1P","c_Teacher_G0a1P"],"unlocked":true,"miniGameCards":[]}],"stackSize":3}],"minigames":[{"levelSaveData":[{"starRating":3,"unlocked":true},{"starRating":2,"unlocked":true},{"starRating":2,"unlocked":true},{"starRating":2,"unlocked":true},{"starRating":0,"unlocked":false},{"starRating":1,"unlocked":true},{"starRating":3,"unlocked":true},{"starRating":0,"unlocked":true},{"starRating":0,"unlocked":true},{"starRating":0,"unlocked":true}],"skillPoints":13},{"levelSaveData":[{"starRating":3,"unlocked":true},{"starRating":3,"unlocked":true},{"starRating":3,"unlocked":true},{"starRating":3,"unlocked":true},{"starRating":3,"unlocked":true},{"starRating":3,"unlocked":true},{"starRating":0,"unlocked":false},{"starRating":0,"unlocked":false},{"starRating":0,"unlocked":true},{"starRating":0,"unlocked":true}],"skillPoints":18},{"levelSaveData":[{"starRating":3,"unlocked":true},{"starRating":3,"unlocked":true},{"starRating":2,"unlocked":true},{"starRating":0,"unlocked":true},{"starRating":0,"unlocked":false},{"starRating":2,"unlocked":true},{"starRating":0,"unlocked":false},{"starRating":2,"unlocked":true},{"starRating":3,"unlocked":true},{"starRating":0,"unlocked":false}],"skillPoints":15},{"levelSaveData":[{"starRating":3,"unlocked":true},{"starRating":3,"unlocked":true},{"starRating":3,"unlocked":true},{"starRating":3,"unlocked":true},{"starRating":3,"unlocked":true},{"starRating":3,"unlocked":true},{"starRating":0,"unlocked":true},{"starRating":0,"unlocked":false},{"starRating":0,"unlocked":false},{"starRating":0,"unlocked":false}],"skillPoints":18},{"name":"Valeria","gender":1,"visualAvatar":0,"age":14,"levelSaveData":[{"starRating":3,"unlocked":true},{"chunks":[["1"],["14$$nice","10$$silly"],["6$$music","8$$achiever","13$$learning "],["0"]],"unlocked":true,"starRating":3},{"chunks":[["1"],["1$$basketball","7$$drawing"],["11$$excercise","0$$drive"]],"unlocked":true,"starRating":3},{"chunks":[["4$$car"],["6$$parrot"],["7"],["0"],["3","4"],["7"]],"unlocked":true,"starRating":3},{"chunks":[["2$$english"],["4"],["6$$lawyer","21"],["1"],["4"],["8$$doctors"]],"unlocked":true,"starRating":3},{"chunks":[["2"],["1","4","4","0"],["7$$new york"],["0$$malls"]],"unlocked":true,"starRating":3},{"chunks":[["2"],["3"],["20$$parents","3$$child"],["2","1"],["2$$husband,2 kids"]],"unlocked":true,"starRating":3},{"chunks":[["1","4","5"],["0","6","7"],["0"],["2$$excersise"],["2$$drinking"]],"unlocked":true,"starRating":3},{"chunks":[["7","4","2"],["0","3","6"],["5","1"]],"unlocked":true,"starRating":3},{"chunks":[[null],[null],[null],[null],[null],[null]],"unlocked":false,"starRating":0}],"id":2,"skillPoints":27}],"playerId":6486006,"epilogue":{"rating":1},"sessionId":6,"avatar":{"name":"Valeria","gender":1,"visualAvatar":0,"age":14,"levelSaveData":[{"starRating":3,"unlocked":true},{"chunks":[["1"],["14$$nice","10$$silly"],["6$$music","8$$achiever","13$$learning "],["0"]],"unlocked":true,"starRating":3},{"chunks":[["1"],["1$$basketball","7$$drawing"],["11$$excercise","0$$drive"]],"unlocked":true,"starRating":3},{"chunks":[["4$$car"],["6$$parrot"],["7"],["0"],["3","4"],["7"]],"unlocked":true,"starRating":3},{"chunks":[["2$$english"],["4"],["6$$lawyer","21"],["1"],["4"],["8$$doctors"]],"unlocked":true,"starRating":3},{"chunks":[["2"],["1","4","4","0"],["7$$new york"],["0$$malls"]],"unlocked":true,"starRating":3},{"chunks":[["2"],["3"],["20$$parents","3$$child"],["2","1"],["2$$husband,2 kids"]],"unlocked":true,"starRating":3},{"chunks":[["1","4","5"],["0","6","7"],["0"],["2$$excersise"],["2$$drinking"]],"unlocked":true,"starRating":3},{"chunks":[["7","4","2"],["0","3","6"],["5","1"]],"unlocked":true,"starRating":3},{"chunks":[[null],[null],[null],[null],[null],[null]],"unlocked":false,"starRating":0}],"id":2,"skillPoints":27}}
