6566003,0,2:12:38,10/17/2013 4:06:07pm
6566003,100,2:12:42,1
6566003,102,2:12:43,1
6566003,200,2:12:43,1,3,3,5,0,6
6566003,221,2:12:53,1
6566003,220,2:12:55,1
6566003,210,2:12:58,541,267
6566003,207,2:13:0,1,-200,-290
6566003,211,2:13:0,1272,350
6566003,204,2:13:2,1
6566003,100,2:13:4,1
6566003,102,2:13:5,1
6566003,200,2:13:5,1,3,3,5,0,6
6566003,221,2:13:8,1
6566003,220,2:13:12,1
6566003,1003,2:13:12,3
6566003,1004,2:13:14,0
6566003,500,2:13:18,0,[]
6566003,501,2:14:22,0,[]
6566003,502,2:15:8,0,[IntentionData_logId:2,true]
6566003,503,2:15:9,0,[]
6566003,504,2:15:21,0,[InfluenceData_logId:6]
6566003,504,2:15:24,0,[InfluenceData_logId:7]
6566003,504,2:15:25,0,[InfluenceData_logId:8]
6566003,504,2:15:26,0,[InfluenceData_logId:4]
6566003,504,2:15:27,0,[InfluenceData_logId:2]
6566003,504,2:15:30,0,[InfluenceData_logId:0]
6566003,504,2:15:51,0,[InfluenceData_logId:1]
6566003,504,2:15:54,0,[InfluenceData_logId:3]
6566003,504,2:15:56,0,[InfluenceData_logId:6]
6566003,505,2:15:57,0,[InfluenceData_logId:1,true,InfluenceData_logId:3,true,InfluenceData_logId:6,true]
6566003,506,2:15:58,0,[]
6566003,507,2:16:11,0,[OpponentAttackData_logId:0,OpponentAttackTypeData_logId:0,false,30]
6566003,508,2:16:15,0,[]
6566003,509,2:16:58,0,[RefusalData_logId:8,2]
6566003,510,2:17:15,0,[AvailableRefusalData_logId:8,0A]
6566003,510,2:17:21,0,[AvailableRefusalData_logId:8,0B]
6566003,510,2:17:28,0,[AvailableRefusalData_logId:8,2C]
6566003,510,2:17:29,0,[AvailableRefusalData_logId:8,2A]
6566003,510,2:17:33,0,[AvailableRefusalData_logId:8,0A]
6566003,510,2:17:46,0,[AvailableRefusalData_logId:8,1A]
6566003,510,2:17:46,0,[AvailableRefusalData_logId:8,2C]
6566003,511,2:17:52,0,[AvailableRefusalData_logId:8,0A,1A,2C,false,0]
6566003,512,2:17:54,0,[]
6566003,513,2:17:54,0,[30]
6566003,514,2:17:57,0,[]
6566003,507,2:18:27,0,[OpponentAttackData_logId:3,OpponentAttackTypeData_logId:1,false,30]
6566003,508,2:18:30,0,[]
6566003,509,2:18:31,0,[RefusalData_logId:4,1]
6566003,510,2:18:32,0,[AvailableRefusalData_logId:4,0A]
6566003,510,2:18:33,0,[AvailableRefusalData_logId:4,0C]
6566003,510,2:18:34,0,[AvailableRefusalData_logId:4,1A]
6566003,510,2:18:36,0,[AvailableRefusalData_logId:4,1C]
6566003,510,2:18:43,0,[AvailableRefusalData_logId:4,0B]
6566003,510,2:18:44,0,[AvailableRefusalData_logId:4,1B]
6566003,510,2:18:45,0,[AvailableRefusalData_logId:4,2B]
6566003,511,2:18:46,0,[AvailableRefusalData_logId:4,0B,1B,2B,false,0]
6566003,512,2:18:48,0,[]
6566003,513,2:18:48,0,[30]
6566003,514,2:18:52,0,[]
6566003,1002,2:18:57,0
6566003,1003,2:18:57,3
6566003,1004,2:19:49,0
6566003,500,2:20:56,0,[]
6566003,501,2:22:32,0,[]
6566003,502,2:22:38,0,[IntentionData_logId:2,true]
6566003,503,2:22:39,0,[]
6566003,504,2:22:49,0,[InfluenceData_logId:0]
6566003,504,2:22:53,0,[InfluenceData_logId:4]
6566003,504,2:22:54,0,[InfluenceData_logId:6]
6566003,504,2:22:55,0,[InfluenceData_logId:2]
6566003,504,2:22:57,0,[InfluenceData_logId:1]
6566003,505,2:22:59,0,[InfluenceData_logId:1,true,InfluenceData_logId:4,true,InfluenceData_logId:6,true]
6566003,506,2:23:2,0,[]
6566003,507,2:23:17,0,[OpponentAttackData_logId:3,OpponentAttackTypeData_logId:1,false,30]
6566003,508,2:23:20,0,[]
6566003,509,2:23:23,0,[RefusalData_logId:2,2]
6566003,510,2:23:25,0,[AvailableRefusalData_logId:2,0A]
6566003,510,2:23:26,0,[AvailableRefusalData_logId:2,1A]
6566003,510,2:23:26,0,[AvailableRefusalData_logId:2,2A]
6566003,511,2:23:28,0,[AvailableRefusalData_logId:2,0A,1A,2A,true,50]
6566003,512,2:23:41,0,[]
6566003,513,2:23:41,0,[0]
6566003,514,2:23:43,0,[]
6566003,507,2:23:47,0,[OpponentAttackData_logId:0,OpponentAttackTypeData_logId:1,true,0]
6566003,508,2:23:51,0,[]
6566003,509,2:24:0,0,[RefusalData_logId:8,2]
6566003,510,2:24:9,0,[AvailableRefusalData_logId:8,0A]
6566003,510,2:24:22,0,[AvailableRefusalData_logId:8,2C]
6566003,510,2:24:23,0,[AvailableRefusalData_logId:8,2A]
6566003,510,2:24:23,0,[AvailableRefusalData_logId:8,1A]
6566003,511,2:24:24,0,[AvailableRefusalData_logId:8,0A,1A,2A,true,50]
6566003,512,2:24:28,0,[]
6566003,515,2:24:28,0,[120,0]
6566003,516,2:24:32,0,[]
6566003,517,2:24:33,0,[]
6566003,1005,2:24:33,0,[3,0,3]
6566003,1001,2:25:0,0,[]
6566003,1003,2:25:0,3
6566003,221,2:25:7,1
6566003,220,2:25:8,1
6566003,219,2:25:8,1
6566003,216,2:25:10,Stack_G7b1P
6566003,217,2:25:41,Stack_G7b1P,19,0.00
6566003,218,2:25:43,1
6566003,210,2:25:44,823,437
6566003,211,2:25:45,937,446
6566003,210,2:25:45,519,79
6566003,207,2:25:47,1,-200,0
6566003,211,2:25:50,289,437
6566003,212,2:25:51,1
6566003,210,2:25:52,288,395
6566003,211,2:25:52,277,450
6566003,212,2:25:53,0
6566003,210,2:25:54,252,434
6566003,211,2:25:54,264,436
6566003,213,2:25:54,1,c_cousinsBrothersFriend_a_G7b1P,true
6566003,205,2:25:54,1,c_cousinsBrothersFriend_a_G7b1P,false,false
6566003,210,2:25:59,596,70
6566003,207,2:26:1,1,0,-540
6566003,211,2:26:2,1783,225
6566003,207,2:26:2,1,-540,-780
6566003,207,2:26:3,1,-780,-840
6566003,210,2:26:3,1721,477
6566003,207,2:26:3,1,-840,-990
6566003,207,2:26:4,1,-990,-1031
6566003,211,2:26:6,1346,203
6566003,212,2:26:6,1
6566003,210,2:26:7,1791,262
6566003,211,2:26:8,1357,285
6566003,213,2:26:8,1,c_cousinsBrother_a_G7b1P,true
6566003,205,2:26:8,1,c_cousinsBrother_a_G7b1P,false,false
6566003,210,2:26:12,2027,222
6566003,211,2:26:14,1008,286
6566003,207,2:26:14,1,-1031,-971
6566003,210,2:26:15,910,179
6566003,207,2:26:15,1,-971,-746
6566003,207,2:26:16,1,-746,-386
6566003,211,2:26:17,345,316
6566003,207,2:26:17,1,-386,-326
6566003,210,2:26:17,253,322
6566003,207,2:26:17,1,-326,-191
6566003,207,2:26:18,1,-191,-236
6566003,207,2:26:19,1,-236,-71
6566003,211,2:26:19,1181,266
6566003,207,2:26:19,1,-71,-176
6566003,212,2:26:21,2
6566003,210,2:26:21,1256,417
6566003,207,2:26:21,1,-176,-386
6566003,207,2:26:24,1,-386,-851
6566003,207,2:26:26,1,-851,-1031
6566003,211,2:26:26,2049,211
6566003,210,2:26:27,1928,108
6566003,211,2:26:28,973,310
6566003,207,2:26:28,1,-1031,-956
6566003,207,2:26:28,1,-956,-911
6566003,207,2:26:29,1,-911,-881
6566003,210,2:26:29,1041,225
6566003,211,2:26:29,872,238
6566003,207,2:26:29,1,-881,-851
6566003,207,2:26:29,1,-851,-806
6566003,210,2:26:29,759,228
6566003,207,2:26:29,1,-806,-716
6566003,207,2:26:31,1,-716,-446
6566003,211,2:26:31,849,291
6566003,221,2:26:37,1
6566003,220,2:26:42,1
6566003,212,2:26:43,0
6566003,210,2:26:44,1177,193
6566003,207,2:26:46,1,-446,-491
6566003,207,2:26:46,1,-491,-551
6566003,207,2:26:49,1,-551,-806
6566003,207,2:26:52,1,-806,-1031
6566003,211,2:26:54,1515,487
6566003,210,2:26:55,1247,264
6566003,207,2:26:56,1,-1031,-461
6566003,207,2:26:58,1,-461,0
6566003,207,2:27:6,1,0,-300
6566003,211,2:27:6,1136,248
6566003,210,2:27:6,1179,320
6566003,207,2:27:7,1,-300,-495
6566003,207,2:27:9,1,-495,-1031
6566003,211,2:27:10,2054,277
6566003,213,2:27:10,1,s_poolDay_ruleSign_G7b1P,true
6566003,205,2:27:10,1,s_poolDay_ruleSign_G7b1P,false,false
6566003,210,2:27:14,1738,170
6566003,211,2:27:15,1532,121
6566003,221,2:27:17,1
6566003,220,2:27:20,1
6566003,212,2:27:21,1
6566003,210,2:27:22,1807,223
6566003,211,2:27:25,1234,400
6566003,213,2:27:25,1,c_cousin_M_a_G7b1P,true
6566003,205,2:27:25,1,c_cousin_M_a_G7b1P,false,false
6566003,219,2:27:30,1
6566003,216,2:27:31,Stack_G7b2N
6566003,217,2:27:41,Stack_G7b2N,6.8,1.0
6566003,218,2:27:42,1
6566003,210,2:27:43,659,318
6566003,211,2:27:48,871,291
6566003,212,2:27:49,2
6566003,210,2:27:49,830,279
6566003,211,2:27:50,837,286
6566003,212,2:27:50,0
6566003,210,2:27:51,867,317
6566003,211,2:27:51,853,317
6566003,213,2:27:51,1,s_kid1_G7b2N,true
6566003,205,2:27:51,1,s_kid1_G7b2N,false,false
6566003,210,2:27:55,925,427
6566003,211,2:28:0,391,309
6566003,212,2:28:0,2
6566003,210,2:28:1,372,331
6566003,211,2:28:1,407,348
6566003,213,2:28:1,1,c_cousinsBrothersFriend_a_G7b2N,true
6566003,210,2:28:5,566,465
6566003,207,2:28:10,1,-106,0
6566003,211,2:28:13,299,433
6566003,212,2:28:15,1
6566003,210,2:28:16,275,399
6566003,211,2:28:17,289,426
6566003,213,2:28:17,1,s_cousinsBFgirlfriend_G7b2N,true
6566003,212,2:28:21,0
6566003,210,2:28:22,1046,344
6566003,207,2:28:22,1,0,-90
6566003,207,2:28:24,1,-90,-106
6566003,211,2:28:24,1125,283
6566003,210,2:28:25,1025,312
6566003,211,2:28:27,866,243
6566003,213,2:28:27,1,s_kid1_G7b2N,true
6566003,205,2:28:27,1,s_kid1_G7b2N,false,true
6566003,210,2:28:40,943,399
6566003,211,2:28:40,940,418
6566003,212,2:28:41,1
6566003,210,2:28:41,912,448
6566003,211,2:28:42,928,438
6566003,213,2:28:42,1,c_crush1_M_a_G7b2N,true
6566003,205,2:28:42,1,c_crush1_M_a_G7b2N,false,false
6566003,210,2:28:55,544,456
6566003,211,2:28:55,565,463
6566003,212,2:28:56,2
6566003,210,2:28:56,564,423
6566003,211,2:28:58,524,330
6566003,212,2:28:58,1
6566003,210,2:28:59,529,348
6566003,211,2:29:3,497,472
6566003,212,2:29:4,0
6566003,210,2:29:4,580,493
6566003,211,2:29:5,578,498
6566003,213,2:29:5,1,c_cousin_M_a_G7b2N,true
6566003,205,2:29:5,1,c_cousin_M_a_G7b2N,false,false
6566003,210,2:29:10,196,339
6566003,211,2:29:11,207,396
6566003,213,2:29:11,1,c_kidSister_cauc_a_G7b2N,true
6566003,205,2:29:11,1,c_kidSister_cauc_a_G7b2N,false,false
6566003,221,2:29:17,1
6566003,300,2:29:19
6566003,220,2:29:19,1
6566003,301,2:29:25,1
6566003,302,2:29:30,1,1,0,1
6566003,302,2:29:30,1,1,0,4
6566003,303,2:29:33,1,1,0,4
6566003,304,2:29:37,1,1,0,-1,,4,football
6566003,302,2:29:39,1,1,1,1
6566003,303,2:29:42,1,1,1,1
6566003,306,2:29:49,1,0,1
6566003,304,2:29:49,1,1,1,-1,,1,basketball
6566003,302,2:29:54,1,0,0,1
6566003,304,2:29:55,1,0,0,-1,,1,
6566003,302,2:30:1,1,2,1,11
6566003,302,2:30:2,1,2,1,12
6566003,302,2:30:3,1,2,1,9
6566003,303,2:30:6,1,2,1,9
6566003,306,2:30:11,1,1,2
6566003,304,2:30:11,1,2,1,-1,,9,wavy at that
6566003,302,2:30:14,1,2,0,5
6566003,302,2:30:17,1,2,0,8
6566003,302,2:30:18,1,2,0,7
6566003,303,2:30:19,1,2,0,7
6566003,306,2:30:30,1,2,3
6566003,304,2:30:30,1,2,0,-1,,7,beast at this
6566003,221,2:30:41,1
6566003,220,2:30:41,1
6566003,219,2:30:41,1
6566003,216,2:30:43,Stack_G7b2P
6566003,217,2:30:57,Stack_G7b2P,12,0.00
6566003,218,2:30:59,1
6566003,210,2:31:1,874,309
6566003,211,2:31:3,1042,504
6566003,213,2:31:3,1,c_cousin_M_a_G7b2P,true
6566003,205,2:31:3,1,c_cousin_M_a_G7b2P,false,false
6566003,212,2:31:7,2
6566003,210,2:31:7,582,451
6566003,211,2:31:9,873,288
6566003,213,2:31:9,1,c_grandma_cauc_a_G7b2P,true
6566003,210,2:31:13,348,310
6566003,207,2:31:14,1,-200,0
6566003,207,2:31:18,1,0,-512
6566003,207,2:31:22,1,-512,-332
6566003,211,2:31:22,762,368
6566003,212,2:31:38,0
6566003,210,2:31:38,1384,493
6566003,207,2:31:39,1,-332,-512
6566003,211,2:31:39,1330,583
6566003,213,2:31:39,1,s_computer_M_G7b2P,true
6566003,205,2:31:39,1,s_computer_M_G7b2P,false,false
6566003,212,2:31:44,2
6566003,210,2:31:47,952,236
6566003,211,2:31:49,856,287
6566003,213,2:31:49,1,c_grandma_cauc_a_G7b2P,true
6566003,210,2:31:58,473,420
6566003,207,2:31:58,1,-512,-347
6566003,211,2:31:59,539,487
6566003,210,2:32:0,499,473
6566003,211,2:32:0,552,476
6566003,210,2:32:1,500,471
6566003,211,2:32:1,524,473
6566003,213,2:32:1,1,c_kidSister_cauc_a_G7b2P,true
6566003,205,2:32:1,1,c_kidSister_cauc_a_G7b2P,false,false
6566003,221,2:32:7,1
6566003,220,2:32:9,1
6566003,203,2:32:9,1
6566003,1003,2:32:27,3
6566003,100,2:32:50,2
6566003,101,2:32:53,2
6566003,100,2:32:54,4
6566003,101,2:32:55,4
6566003,100,2:33:9,2
6566003,102,2:33:11,2
6566003,200,2:33:11,2,3,3,5,3,9
6566003,219,2:33:11,2
6566003,216,2:33:13,Stack_G8a0
6566003,217,2:33:31,Stack_G8a0,17,0.00
6566003,218,2:33:34,2
6566003,210,2:33:36,519,522
6566003,211,2:33:36,534,540
6566003,210,2:33:39,759,276
6566003,211,2:33:41,905,461
6566003,212,2:33:42,1
6566003,210,2:33:42,917,479
6566003,211,2:33:45,371,164
6566003,213,2:33:45,2,s_clock_G8a0,false
6566003,1003,2:33:50,1
6566003,1004,2:33:51,1
6566003,800,2:33:53,1,[]
6566003,801,2:33:54,1,[]
6566003,814,2:33:57,1,[0]
6566003,815,2:33:57,1,0,OpportunityCardData_id:0
6566003,816,2:33:58,1,0,OpportunityCardData_id:0
6566003,803,2:33:59,1,[OpportunityCardData_id:0,OpportunityCardConsequencesData_logId:0]
6566003,803,2:34:0,1,[OpportunityCardData_id:0,OpportunityCardConsequencesData_logId:1]
6566003,803,2:34:1,1,[OpportunityCardData_id:0,OpportunityCardConsequencesData_logId:2]
6566003,805,2:34:2,1,[OpportunityCardData_id:0]
6566003,807,2:34:3,1,[OpportunityCardData_id:0]
6566003,808,2:34:5,1,[OpportunityCardData_id:0]
6566003,809,2:34:10,1,[OpportunityCardData_id:0,PriorityData_type:3,false]
6566003,810,2:34:11,1,[OpportunityCardData_id:0,PriorityData_type:0,15,PriorityData_type:3,10]
6566003,814,2:34:16,1,[4]
6566003,815,2:34:16,1,4,OpportunityCardData_id:22
6566003,816,2:34:17,1,4,OpportunityCardData_id:22
6566003,803,2:34:18,1,[OpportunityCardData_id:22,OpportunityCardConsequencesData_logId:1]
6566003,803,2:34:19,1,[OpportunityCardData_id:22,OpportunityCardConsequencesData_logId:0]
6566003,805,2:34:21,1,[OpportunityCardData_id:22]
6566003,807,2:34:22,1,[OpportunityCardData_id:22]
6566003,808,2:34:25,1,[OpportunityCardData_id:22]
6566003,809,2:34:30,1,[OpportunityCardData_id:22,Safe,false]
6566003,810,2:34:31,1,[OpportunityCardData_id:22,PriorityData_type:4,15,Safe,Safe]
6566003,814,2:34:34,1,[2]
6566003,815,2:34:34,1,2,OpportunityCardData_id:13
6566003,816,2:34:35,1,2,OpportunityCardData_id:13
6566003,803,2:34:36,1,[OpportunityCardData_id:13,OpportunityCardConsequencesData_logId:0]
6566003,803,2:34:37,1,[OpportunityCardData_id:13,OpportunityCardConsequencesData_logId:1]
6566003,803,2:34:37,1,[OpportunityCardData_id:13,OpportunityCardConsequencesData_logId:2]
6566003,805,2:34:38,1,[OpportunityCardData_id:13]
6566003,807,2:34:38,1,[OpportunityCardData_id:13]
6566003,808,2:34:40,1,[OpportunityCardData_id:13]
6566003,809,2:34:45,1,[OpportunityCardData_id:13,PriorityData_type:3,false]
6566003,810,2:34:46,1,[OpportunityCardData_id:13,PriorityData_type:2,5,PriorityData_type:3,10]
6566003,814,2:34:51,1,[5]
6566003,815,2:34:51,1,5,OpportunityCardData_id:32
6566003,816,2:34:52,1,5,OpportunityCardData_id:32
6566003,803,2:34:53,1,[OpportunityCardData_id:32,OpportunityCardConsequencesData_logId:0]
6566003,803,2:34:53,1,[OpportunityCardData_id:32,OpportunityCardConsequencesData_logId:1]
6566003,805,2:34:54,1,[OpportunityCardData_id:32]
6566003,807,2:34:54,1,[OpportunityCardData_id:32]
6566003,808,2:35:53,1,[OpportunityCardData_id:32]
6566003,809,2:36:0,1,[OpportunityCardData_id:32,Safe,false]
6566003,810,2:36:1,1,[OpportunityCardData_id:32,PriorityData_type:5,5,Safe,Safe]
6566003,814,2:36:29,1,[3]
6566003,815,2:36:29,1,3,OpportunityCardData_id:19
6566003,816,2:36:30,1,3,OpportunityCardData_id:19
6566003,803,2:36:33,1,[OpportunityCardData_id:19,OpportunityCardConsequencesData_logId:1]
6566003,803,2:36:34,1,[OpportunityCardData_id:19,OpportunityCardConsequencesData_logId:0]
6566003,803,2:36:34,1,[OpportunityCardData_id:19,OpportunityCardConsequencesData_logId:2]
6566003,805,2:36:34,1,[OpportunityCardData_id:19]
6566003,807,2:36:35,1,[OpportunityCardData_id:19]
6566003,808,2:36:38,1,[OpportunityCardData_id:19]
6566003,809,2:36:50,1,[OpportunityCardData_id:19,PriorityData_type:5,false]
6566003,810,2:36:53,1,[OpportunityCardData_id:19,PriorityData_type:3,25,PriorityData_type:5,15]
6566003,814,2:36:56,1,[0]
6566003,815,2:36:56,1,0,OpportunityCardData_id:1
6566003,817,2:36:58,1,0
6566003,814,2:36:59,1,[1]
6566003,815,2:36:59,1,1,OpportunityCardData_id:7
6566003,816,2:37:0,1,1,OpportunityCardData_id:7
6566003,803,2:37:1,1,[OpportunityCardData_id:7,OpportunityCardConsequencesData_logId:0]
6566003,803,2:37:2,1,[OpportunityCardData_id:7,OpportunityCardConsequencesData_logId:1]
6566003,803,2:37:3,1,[OpportunityCardData_id:7,OpportunityCardConsequencesData_logId:2]
6566003,805,2:37:3,1,[OpportunityCardData_id:7]
6566003,807,2:37:4,1,[OpportunityCardData_id:7]
6566003,808,2:37:10,1,[OpportunityCardData_id:7]
6566003,809,2:37:15,1,[OpportunityCardData_id:7,Safe,false]
6566003,810,2:37:17,1,[OpportunityCardData_id:7,PriorityData_type:1,10,Safe,Safe]
6566003,814,2:37:20,1,[2]
6566003,815,2:37:20,1,2,OpportunityCardData_id:14
6566003,816,2:37:23,1,2,OpportunityCardData_id:14
6566003,803,2:37:24,1,[OpportunityCardData_id:14,OpportunityCardConsequencesData_logId:0]
6566003,803,2:37:24,1,[OpportunityCardData_id:14,OpportunityCardConsequencesData_logId:1]
6566003,803,2:37:25,1,[OpportunityCardData_id:14,OpportunityCardConsequencesData_logId:2]
6566003,805,2:37:25,1,[OpportunityCardData_id:14]
6566003,807,2:37:26,1,[OpportunityCardData_id:14]
6566003,808,2:37:31,1,[OpportunityCardData_id:14]
6566003,809,2:37:36,1,[OpportunityCardData_id:14,PriorityData_type:4,false]
6566003,810,2:37:37,1,[OpportunityCardData_id:14,PriorityData_type:2,15,PriorityData_type:4,15]
6566003,814,2:37:42,1,[3]
6566003,815,2:37:43,1,3,OpportunityCardData_id:20
6566003,816,2:37:44,1,3,OpportunityCardData_id:20
6566003,803,2:37:45,1,[OpportunityCardData_id:20,OpportunityCardConsequencesData_logId:0]
6566003,803,2:37:47,1,[OpportunityCardData_id:20,OpportunityCardConsequencesData_logId:1]
6566003,803,2:37:48,1,[OpportunityCardData_id:20,OpportunityCardConsequencesData_logId:2]
6566003,805,2:37:51,1,[OpportunityCardData_id:20]
6566003,807,2:37:51,1,[OpportunityCardData_id:20]
6566003,808,2:37:53,1,[OpportunityCardData_id:20]
6566003,809,2:38:1,1,[OpportunityCardData_id:20,Safe,false]
6566003,810,2:38:2,1,[OpportunityCardData_id:20,PriorityData_type:3,15,Safe,Safe]
6566003,814,2:38:6,1,[5]
6566003,815,2:38:6,1,5,OpportunityCardData_id:33
6566003,816,2:38:7,1,5,OpportunityCardData_id:33
6566003,803,2:38:8,1,[OpportunityCardData_id:33,OpportunityCardConsequencesData_logId:0]
6566003,803,2:38:9,1,[OpportunityCardData_id:33,OpportunityCardConsequencesData_logId:1]
6566003,803,2:38:9,1,[OpportunityCardData_id:33,OpportunityCardConsequencesData_logId:2]
6566003,805,2:38:10,1,[OpportunityCardData_id:33]
6566003,807,2:38:11,1,[OpportunityCardData_id:33]
6566003,808,2:38:12,1,[OpportunityCardData_id:33]
6566003,809,2:38:18,1,[OpportunityCardData_id:33,PriorityData_type:2,false]
6566003,810,2:38:22,1,[OpportunityCardData_id:33,PriorityData_type:5,10,PriorityData_type:2,5]
6566003,814,2:38:31,1,[5]
6566003,815,2:38:31,1,5,OpportunityCardData_id:34
6566003,816,2:38:32,1,5,OpportunityCardData_id:34
6566003,803,2:38:32,1,[OpportunityCardData_id:34,OpportunityCardConsequencesData_logId:1]
6566003,803,2:38:33,1,[OpportunityCardData_id:34,OpportunityCardConsequencesData_logId:0]
6566003,803,2:38:34,1,[OpportunityCardData_id:34,OpportunityCardConsequencesData_logId:2]
6566003,805,2:38:35,1,[OpportunityCardData_id:34]
6566003,807,2:38:36,1,[OpportunityCardData_id:34]
6566003,808,2:38:38,1,[OpportunityCardData_id:34]
6566003,809,2:38:44,1,[OpportunityCardData_id:34,Safe,false]
6566003,810,2:38:45,1,[OpportunityCardData_id:34,PriorityData_type:5,15,Safe,Safe]
6566003,814,2:38:46,1,[5]
6566003,815,2:38:46,1,5,OpportunityCardData_id:35
6566003,816,2:38:48,1,5,OpportunityCardData_id:35
6566003,803,2:38:48,1,[OpportunityCardData_id:35,OpportunityCardConsequencesData_logId:1]
6566003,803,2:38:49,1,[OpportunityCardData_id:35,OpportunityCardConsequencesData_logId:2]
6566003,803,2:38:49,1,[OpportunityCardData_id:35,OpportunityCardConsequencesData_logId:0]
6566003,805,2:38:51,1,[OpportunityCardData_id:35]
6566003,807,2:38:51,1,[OpportunityCardData_id:35]
6566003,808,2:38:53,1,[OpportunityCardData_id:35]
6566003,809,2:38:58,1,[OpportunityCardData_id:35,PriorityData_type:0,false]
6566003,810,2:38:59,1,[OpportunityCardData_id:35,PriorityData_type:5,10,PriorityData_type:0,10]
6566003,814,2:39:1,1,[0]
6566003,815,2:39:1,1,0,OpportunityCardData_id:1
6566003,816,2:39:2,1,0,OpportunityCardData_id:1
6566003,803,2:39:3,1,[OpportunityCardData_id:1,OpportunityCardConsequencesData_logId:0]
6566003,803,2:39:4,1,[OpportunityCardData_id:1,OpportunityCardConsequencesData_logId:1]
6566003,805,2:39:4,1,[OpportunityCardData_id:1]
6566003,807,2:39:5,1,[OpportunityCardData_id:1]
6566003,808,2:39:6,1,[OpportunityCardData_id:1]
6566003,809,2:39:13,1,[OpportunityCardData_id:1,PriorityData_type:4,false]
6566003,810,2:39:13,1,[OpportunityCardData_id:1,PriorityData_type:0,15,PriorityData_type:4,10]
6566003,811,2:39:18,1,[OpportunityCardData_id:1,PriorityData_type:0,70,80,PriorityData_type:3,80,70]
6566003,1005,2:39:18,1,[1,0,2]
6566003,1001,2:39:20,1,[]
6566003,1003,2:39:20,1
6566003,210,2:39:27,568,496
6566003,211,2:39:29,391,153
6566003,213,2:39:29,2,s_clock_G8a0,true
6566003,205,2:39:29,2,s_clock_G8a0,false,false
6566003,210,2:39:40,1116,284
6566003,211,2:39:41,883,506
6566003,210,2:39:42,897,461
6566003,211,2:39:43,887,500
6566003,213,2:39:43,2,s_cellphone_G8a0,true
6566003,205,2:39:43,2,s_cellphone_G8a0,false,false
6566003,210,2:39:51,977,446
6566003,211,2:39:52,1282,297
6566003,207,2:39:52,2,-200,-275
6566003,210,2:39:52,1338,277
6566003,207,2:39:53,2,-275,-492
6566003,211,2:39:54,1364,284
6566003,212,2:39:54,0
6566003,210,2:39:55,1367,355
6566003,211,2:39:55,1368,349
6566003,213,2:39:55,2,s_cigaretteKid1_G8a0,true
6566003,210,2:39:59,926,256
6566003,211,2:39:59,940,315
6566003,213,2:39:59,2,c_cousin_M_a_G8a0,true
6566003,205,2:39:59,2,c_cousin_M_a_G8a0,false,false
6566003,210,2:40:4,1072,299
6566003,207,2:40:7,2,-492,-402
6566003,211,2:40:9,522,543
6566003,213,2:40:9,2,c_crush2_M_a_G8a0,true
6566003,205,2:40:9,2,c_crush2_M_a_G8a0,false,false
6566003,210,2:40:15,679,306
6566003,207,2:40:16,2,-402,-177
6566003,211,2:40:17,327,600
6566003,213,2:40:17,2,s_beerCooler_G8a0,true
6566003,212,2:40:21,2
6566003,210,2:40:22,520,337
6566003,207,2:40:25,2,-177,-492
6566003,211,2:40:27,484,283
6566003,207,2:40:27,2,-492,-447
6566003,207,2:40:27,2,-447,-417
6566003,210,2:40:27,655,277
6566003,211,2:40:28,829,325
6566003,210,2:40:45,793,561
6566003,211,2:40:46,776,628
6566003,212,2:40:48,1
6566003,210,2:40:48,777,573
6566003,211,2:40:49,796,642
6566003,212,2:40:50,0
6566003,210,2:40:50,789,605
6566003,207,2:40:51,2,-417,-372
6566003,207,2:40:53,2,-372,-42
6566003,211,2:40:54,122,240
6566003,210,2:40:55,171,257
6566003,211,2:40:55,199,293
6566003,213,2:40:55,2,s_stairs_G8a0,true
6566003,210,2:41:0,857,166
6566003,207,2:41:2,2,-42,-492
6566003,211,2:41:5,434,228
6566003,207,2:41:5,2,-492,-417
6566003,207,2:41:5,2,-417,-372
6566003,210,2:41:5,643,333
6566003,211,2:41:5,832,381
6566003,210,2:41:13,696,491
6566003,211,2:41:13,712,539
6566003,212,2:41:14,2
6566003,210,2:41:15,698,489
6566003,211,2:41:15,708,533
6566003,212,2:41:16,1
6566003,210,2:41:17,730,493
6566003,211,2:41:17,714,534
6566003,210,2:41:36,521,524
6566003,211,2:41:37,519,591
6566003,212,2:41:38,2
6566003,210,2:41:39,520,563
6566003,211,2:41:45,512,581
6566003,213,2:41:45,2,s_bottleCrush2_M_G8a0,true
6566003,205,2:41:45,2,s_bottleCrush2_M_G8a0,false,false
6566003,221,2:41:49,2
6566003,220,2:41:52,2
6566003,1003,2:41:52,3
6566003,1004,2:41:53,1
6566003,500,2:42:0,1,[]
6566003,501,2:42:6,1,[]
6566003,502,2:42:15,1,[IntentionData_logId:3,true]
6566003,503,2:42:16,1,[]
6566003,504,2:42:23,1,[InfluenceData_logId:1]
6566003,504,2:42:26,1,[InfluenceData_logId:0]
6566003,504,2:42:28,1,[InfluenceData_logId:3]
6566003,504,2:42:30,1,[InfluenceData_logId:4]
6566003,504,2:42:32,1,[InfluenceData_logId:5]
6566003,504,2:42:34,1,[InfluenceData_logId:4]
6566003,504,2:42:35,1,[InfluenceData_logId:7]
6566003,504,2:42:39,1,[InfluenceData_logId:6]
6566003,505,2:42:41,1,[InfluenceData_logId:0,true,InfluenceData_logId:4,true,InfluenceData_logId:6,true]
6566003,506,2:42:42,1,[]
6566003,507,2:42:57,1,[OpponentAttackData_logId:1,OpponentAttackTypeData_logId:4,false,30]
6566003,508,2:42:59,1,[]
6566003,509,2:43:9,1,[RefusalData_logId:4,2]
6566003,510,2:43:41,1,[AvailableRefusalData_logId:4,0B]
6566003,510,2:43:41,1,[AvailableRefusalData_logId:4,1B]
6566003,510,2:43:44,1,[AvailableRefusalData_logId:4,2A]
6566003,510,2:43:45,1,[AvailableRefusalData_logId:4,2B]
6566003,510,2:43:47,1,[AvailableRefusalData_logId:4,1A]
6566003,510,2:43:51,1,[AvailableRefusalData_logId:4,0C]
6566003,510,2:44:0,1,[AvailableRefusalData_logId:4,1B]
6566003,511,2:44:2,1,[AvailableRefusalData_logId:4,0C,1B,2B,false,0]
6566003,512,2:44:4,1,[]
6566003,513,2:44:4,1,[30]
6566003,514,2:44:8,1,[]
6566003,507,2:44:15,1,[OpponentAttackData_logId:0,OpponentAttackTypeData_logId:4,false,30]
6566003,508,2:44:17,1,[]
6566003,509,2:44:20,1,[RefusalData_logId:2,1]
6566003,510,2:44:28,1,[AvailableRefusalData_logId:2,0A]
6566003,510,2:44:29,1,[AvailableRefusalData_logId:2,1A]
6566003,510,2:44:32,1,[AvailableRefusalData_logId:2,2A]
6566003,511,2:44:32,1,[AvailableRefusalData_logId:2,0A,1A,2A,true,30]
6566003,512,2:44:35,1,[]
6566003,513,2:44:35,1,[0]
6566003,514,2:44:37,1,[]
6566003,507,2:44:46,1,[OpponentAttackData_logId:2,OpponentAttackTypeData_logId:3,true,0]
6566003,508,2:44:49,1,[]
6566003,509,2:44:52,1,[RefusalData_logId:5,0]
6566003,510,2:45:12,1,[AvailableRefusalData_logId:5,0C]
6566003,510,2:45:23,1,[AvailableRefusalData_logId:5,0B]
6566003,510,2:45:24,1,[AvailableRefusalData_logId:5,1B]
6566003,510,2:45:27,1,[AvailableRefusalData_logId:5,2C]
6566003,511,2:45:28,1,[AvailableRefusalData_logId:5,0B,1B,2C,false,0]
6566003,512,2:45:30,1,[]
6566003,513,2:45:30,1,[30]
6566003,514,2:45:33,1,[]
6566003,507,2:45:37,1,[OpponentAttackData_logId:3,OpponentAttackTypeData_logId:4,true,0]
6566003,508,2:45:40,1,[]
6566003,509,2:45:47,1,[RefusalData_logId:0,0]
6566003,510,2:45:50,1,[AvailableRefusalData_logId:0,0A]
6566003,510,2:45:54,1,[AvailableRefusalData_logId:0,1A]
6566003,510,2:45:54,1,[AvailableRefusalData_logId:0,2A]
6566003,511,2:45:55,1,[AvailableRefusalData_logId:0,0A,1A,2A,true,20]
6566003,512,2:45:58,1,[]
6566003,513,2:45:58,1,[30]
6566003,515,2:46:0,1,[0,50]
6566003,516,2:46:1,1,[]
6566003,517,2:46:3,1,[]
6566003,1000,2:46:12,1,[]
6566003,500,2:46:13,1,[]
6566003,501,2:46:14,1,[]
6566003,502,2:46:20,1,[IntentionData_logId:3,true]
6566003,503,2:46:22,1,[]
6566003,504,2:46:36,1,[InfluenceData_logId:1]
6566003,504,2:46:37,1,[InfluenceData_logId:0]
6566003,504,2:46:38,1,[InfluenceData_logId:5]
6566003,504,2:46:40,1,[InfluenceData_logId:6]
6566003,505,2:46:40,1,[InfluenceData_logId:0,true,InfluenceData_logId:5,true,InfluenceData_logId:6,true]
6566003,506,2:46:42,1,[]
6566003,507,2:47:0,1,[OpponentAttackData_logId:0,OpponentAttackTypeData_logId:1,false,30]
6566003,508,2:47:3,1,[]
6566003,509,2:47:10,1,[RefusalData_logId:0,0]
6566003,510,2:47:13,1,[AvailableRefusalData_logId:0,0A]
6566003,510,2:47:13,1,[AvailableRefusalData_logId:0,1A]
6566003,510,2:47:14,1,[AvailableRefusalData_logId:0,2A]
6566003,511,2:47:14,1,[AvailableRefusalData_logId:0,0A,1A,2A,true,20]
6566003,512,2:47:17,1,[]
6566003,513,2:47:17,1,[30]
6566003,514,2:47:21,1,[]
6566003,507,2:47:27,1,[OpponentAttackData_logId:2,OpponentAttackTypeData_logId:3,true,0]
6566003,508,2:47:29,1,[]
6566003,509,2:47:33,1,[RefusalData_logId:2,1]
6566003,510,2:47:36,1,[AvailableRefusalData_logId:2,0A]
6566003,510,2:47:38,1,[AvailableRefusalData_logId:2,1A]
6566003,510,2:47:39,1,[AvailableRefusalData_logId:2,2A]
6566003,511,2:47:40,1,[AvailableRefusalData_logId:2,0A,1A,2A,true,30]
6566003,512,2:47:42,1,[]
6566003,513,2:47:42,1,[0]
6566003,514,2:47:43,1,[]
6566003,507,2:47:48,1,[OpponentAttackData_logId:1,OpponentAttackTypeData_logId:4,false,30]
6566003,508,2:47:51,1,[]
6566003,509,2:47:55,1,[RefusalData_logId:5,0]
6566003,510,2:48:1,1,[AvailableRefusalData_logId:5,0A]
6566003,510,2:48:3,1,[AvailableRefusalData_logId:5,1A]
6566003,510,2:48:4,1,[AvailableRefusalData_logId:5,2A]
6566003,511,2:48:4,1,[AvailableRefusalData_logId:5,0A,1A,2A,true,20]
6566003,512,2:48:7,1,[]
6566003,513,2:48:7,1,[30]
6566003,514,2:48:11,1,[]
6566003,507,2:48:15,1,[OpponentAttackData_logId:3,OpponentAttackTypeData_logId:4,true,0]
6566003,508,2:48:17,1,[]
6566003,509,2:48:20,1,[RefusalData_logId:7,2]
6566003,510,2:48:37,1,[AvailableRefusalData_logId:7,0B]
6566003,510,2:48:43,1,[AvailableRefusalData_logId:7,1A]
6566003,510,2:49:1,1,[AvailableRefusalData_logId:7,2A]
6566003,511,2:49:6,1,[AvailableRefusalData_logId:7,0B,1A,2A,false,0]
6566003,512,2:49:9,1,[]
6566003,513,2:49:9,1,[30]
6566003,515,2:49:11,1,[0,30]
6566003,516,2:49:12,1,[]
6566003,517,2:49:13,1,[]
6566003,1000,2:49:14,1,[]
6566003,500,2:49:25,1,[]
6566003,501,2:49:41,1,[]
6566003,502,2:49:49,1,[IntentionData_logId:3,true]
6566003,503,2:49:58,1,[]
6566003,504,2:50:1,1,[InfluenceData_logId:0]
6566003,504,2:50:2,1,[InfluenceData_logId:5]
6566003,504,2:50:3,1,[InfluenceData_logId:6]
6566003,505,2:50:4,1,[InfluenceData_logId:0,true,InfluenceData_logId:5,true,InfluenceData_logId:6,true]
6566003,506,2:50:5,1,[]
6566003,507,2:52:51,1,[OpponentAttackData_logId:2,OpponentAttackTypeData_logId:2,false,30]
6566003,508,2:52:53,1,[]
6566003,509,2:52:55,1,[RefusalData_logId:2,1]
6566003,510,2:52:57,1,[AvailableRefusalData_logId:2,0A]
6566003,510,2:52:58,1,[AvailableRefusalData_logId:2,1A]
6566003,510,2:52:59,1,[AvailableRefusalData_logId:2,2A]
6566003,511,2:53:0,1,[AvailableRefusalData_logId:2,0A,1A,2A,true,30]
6566003,512,2:53:3,1,[]
6566003,513,2:53:3,1,[0]
6566003,514,2:53:4,1,[]
6566003,507,2:53:8,1,[OpponentAttackData_logId:1,OpponentAttackTypeData_logId:2,false,30]
6566003,508,2:53:10,1,[]
6566003,509,2:53:15,1,[RefusalData_logId:0,0]
6566003,510,2:53:17,1,[AvailableRefusalData_logId:0,0A]
6566003,510,2:53:18,1,[AvailableRefusalData_logId:0,1A]
6566003,510,2:53:19,1,[AvailableRefusalData_logId:0,2A]
6566003,511,2:53:19,1,[AvailableRefusalData_logId:0,0A,1A,2A,true,20]
6566003,512,2:53:22,1,[]
6566003,513,2:53:22,1,[30]
6566003,514,2:53:25,1,[]
6566003,507,2:53:31,1,[OpponentAttackData_logId:3,OpponentAttackTypeData_logId:4,true,0]
6566003,508,2:53:33,1,[]
6566003,509,2:53:37,1,[RefusalData_logId:5,0]
6566003,510,2:53:42,1,[AvailableRefusalData_logId:5,0A]
6566003,510,2:53:43,1,[AvailableRefusalData_logId:5,1A]
6566003,510,2:53:45,1,[AvailableRefusalData_logId:5,2A]
6566003,511,2:53:46,1,[AvailableRefusalData_logId:5,0A,1A,2A,true,20]
6566003,512,2:53:49,1,[]
6566003,513,2:53:49,1,[30]
6566003,514,2:53:52,1,[]
6566003,507,2:53:58,1,[OpponentAttackData_logId:0,OpponentAttackTypeData_logId:3,false,30]
6566003,508,2:54:2,1,[]
6566003,515,2:54:2,1,[0,30]
6566003,516,2:54:3,1,[]
6566003,517,2:54:4,1,[]
6566003,1000,2:54:5,1,[]
6566003,500,2:54:5,1,[]
6566003,501,2:54:6,1,[]
6566003,502,2:54:19,1,[IntentionData_logId:3,true]
6566003,503,2:54:22,1,[]
6566003,504,2:54:27,1,[InfluenceData_logId:0]
6566003,504,2:54:28,1,[InfluenceData_logId:5]
6566003,504,2:54:29,1,[InfluenceData_logId:6]
6566003,505,2:54:30,1,[InfluenceData_logId:0,true,InfluenceData_logId:5,true,InfluenceData_logId:6,true]
6566003,506,2:54:32,1,[]
6566003,507,2:54:39,1,[OpponentAttackData_logId:2,OpponentAttackTypeData_logId:2,false,30]
6566003,508,2:54:40,1,[]
6566003,509,2:54:45,1,[RefusalData_logId:5,0]
6566003,510,2:54:47,1,[AvailableRefusalData_logId:5,0A]
6566003,510,2:54:49,1,[AvailableRefusalData_logId:5,1A]
6566003,510,2:54:50,1,[AvailableRefusalData_logId:5,2A]
6566003,511,2:54:50,1,[AvailableRefusalData_logId:5,0A,1A,2A,true,20]
6566003,512,2:54:53,1,[]
6566003,513,2:54:53,1,[30]
6566003,514,2:54:56,1,[]
6566003,507,2:55:3,1,[OpponentAttackData_logId:1,OpponentAttackTypeData_logId:3,false,30]
6566003,508,2:55:4,1,[]
6566003,509,2:55:7,1,[RefusalData_logId:2,1]
6566003,510,2:55:9,1,[AvailableRefusalData_logId:2,0A]
6566003,510,2:55:9,1,[AvailableRefusalData_logId:2,1A]
6566003,510,2:55:13,1,[AvailableRefusalData_logId:2,2A]
6566003,511,2:55:13,1,[AvailableRefusalData_logId:2,0A,1A,2A,true,30]
6566003,512,2:55:16,1,[]
6566003,513,2:55:16,1,[0]
6566003,514,2:55:18,1,[]
6566003,507,2:55:23,1,[OpponentAttackData_logId:3,OpponentAttackTypeData_logId:4,true,0]
6566003,508,2:55:25,1,[]
6566003,509,2:55:31,1,[RefusalData_logId:7,2]
6566003,510,2:55:37,1,[AvailableRefusalData_logId:7,0C]
6566003,510,2:55:38,1,[AvailableRefusalData_logId:7,1B]
6566003,510,2:55:44,1,[AvailableRefusalData_logId:7,0B]
6566003,510,2:55:47,1,[AvailableRefusalData_logId:7,1A]
6566003,510,2:55:48,1,[AvailableRefusalData_logId:7,0A]
6566003,510,2:55:53,1,[AvailableRefusalData_logId:7,2A]
6566003,511,2:55:53,1,[AvailableRefusalData_logId:7,0A,1A,2A,true,50]
6566003,512,2:55:57,1,[]
6566003,515,2:55:57,1,[60,0]
6566003,516,2:56:1,1,[]
6566003,517,2:56:2,1,[]
6566003,1005,2:56:2,1,[3,0,2]
6566003,1000,2:56:5,1,[]
6566003,1002,2:56:11,1
6566003,1003,2:56:11,3
6566003,1004,2:56:14,4
6566003,500,2:56:17,4,[]
6566003,501,2:56:36,4,[]
6566003,502,2:56:44,4,[IntentionData_logId:1,true]
6566003,503,2:56:45,4,[]
6566003,504,2:56:48,4,[InfluenceData_logId:1]
6566003,504,2:56:52,4,[InfluenceData_logId:0]
6566003,504,2:56:53,4,[InfluenceData_logId:2]
6566003,504,2:56:54,4,[InfluenceData_logId:1]
6566003,504,2:56:55,4,[InfluenceData_logId:5]
6566003,504,2:56:57,4,[InfluenceData_logId:3]
6566003,504,2:56:59,4,[InfluenceData_logId:4]
6566003,504,2:57:1,4,[InfluenceData_logId:5]
6566003,504,2:57:3,4,[InfluenceData_logId:7]
6566003,504,2:57:4,4,[InfluenceData_logId:8]
6566003,504,2:57:6,4,[InfluenceData_logId:6]
6566003,504,2:57:8,4,[InfluenceData_logId:7]
6566003,505,2:57:10,4,[InfluenceData_logId:1,false,InfluenceData_logId:5,true,InfluenceData_logId:7,true]
6566003,506,2:57:12,4,[]
6566003,507,2:57:30,4,[OpponentAttackData_logId:2,OpponentAttackTypeData_logId:2,false,30]
6566003,508,2:57:32,4,[]
6566003,509,2:57:34,4,[RefusalData_logId:2,1]
6566003,510,2:57:40,4,[AvailableRefusalData_logId:2,0A]
6566003,510,2:57:40,4,[AvailableRefusalData_logId:2,1A]
6566003,510,2:57:40,4,[AvailableRefusalData_logId:2,2A]
6566003,511,2:57:41,4,[AvailableRefusalData_logId:2,0A,1A,2A,true,30]
6566003,512,2:57:44,4,[]
6566003,513,2:57:44,4,[0]
6566003,514,2:57:48,4,[]
6566003,507,2:57:55,4,[OpponentAttackData_logId:1,OpponentAttackTypeData_logId:3,false,30]
6566003,508,2:57:57,4,[]
6566003,509,2:58:1,4,[RefusalData_logId:3,2]
6566003,510,2:58:15,4,[AvailableRefusalData_logId:3,0B]
6566003,510,2:58:16,4,[AvailableRefusalData_logId:3,1B]
6566003,510,2:58:16,4,[AvailableRefusalData_logId:3,2B]
6566003,511,2:58:23,4,[AvailableRefusalData_logId:3,0B,1B,2B,false,0]
6566003,512,2:58:25,4,[]
6566003,513,2:58:25,4,[30]
6566003,514,2:58:29,4,[]
6566003,507,2:58:33,4,[OpponentAttackData_logId:0,OpponentAttackTypeData_logId:4,false,30]
6566003,508,2:58:35,4,[]
6566003,509,2:58:38,4,[RefusalData_logId:7,0]
6566003,510,2:58:46,4,[AvailableRefusalData_logId:7,0A]
6566003,510,2:58:47,4,[AvailableRefusalData_logId:7,1A]
6566003,510,2:58:47,4,[AvailableRefusalData_logId:7,2A]
6566003,511,2:58:48,4,[AvailableRefusalData_logId:7,0A,1A,2A,true,20]
6566003,512,2:58:51,4,[]
6566003,513,2:58:51,4,[30]
6566003,515,2:58:53,4,[0,50]
6566003,516,2:58:54,4,[]
6566003,517,2:58:55,4,[]
6566003,1000,2:58:55,4,[]
6566003,500,2:58:56,4,[]
6566003,501,2:58:57,4,[]
6566003,502,2:59:1,4,[IntentionData_logId:1,true]
6566003,503,2:59:2,4,[]
6566003,504,2:59:6,4,[InfluenceData_logId:0]
6566003,504,2:59:9,4,[InfluenceData_logId:5]
6566003,504,2:59:10,4,[InfluenceData_logId:7]
6566003,505,2:59:11,4,[InfluenceData_logId:0,true,InfluenceData_logId:5,true,InfluenceData_logId:7,true]
6566003,506,2:59:13,4,[]
6566003,507,2:59:26,4,[OpponentAttackData_logId:0,OpponentAttackTypeData_logId:4,false,30]
6566003,508,3:0:7,4,[]
6566003,509,3:0:12,4,[RefusalData_logId:2,1]
6566003,510,3:0:15,4,[AvailableRefusalData_logId:2,0A]
6566003,510,3:0:15,4,[AvailableRefusalData_logId:2,2B]
6566003,510,3:0:18,4,[AvailableRefusalData_logId:2,2A]
6566003,510,3:0:21,4,[AvailableRefusalData_logId:2,1A]
6566003,511,3:0:31,4,[AvailableRefusalData_logId:2,0A,1A,2A,true,30]
6566003,512,3:0:34,4,[]
6566003,513,3:0:34,4,[0]
6566003,514,3:0:36,4,[]
6566003,507,3:0:42,4,[OpponentAttackData_logId:1,OpponentAttackTypeData_logId:1,false,30]
6566003,508,3:0:44,4,[]
6566003,509,3:0:50,4,[RefusalData_logId:3,2]
6566003,510,3:0:52,4,[AvailableRefusalData_logId:3,0B]
6566003,510,3:0:54,4,[AvailableRefusalData_logId:3,1B]
6566003,510,3:0:55,4,[AvailableRefusalData_logId:3,2B]
6566003,511,3:0:56,4,[AvailableRefusalData_logId:3,0B,1B,2B,false,0]
6566003,512,3:0:58,4,[]
6566003,513,3:0:58,4,[30]
6566003,514,3:1:0,4,[]
6566003,507,3:1:6,4,[OpponentAttackData_logId:2,OpponentAttackTypeData_logId:4,true,0]
6566003,508,3:1:8,4,[]
6566003,509,3:1:13,4,[RefusalData_logId:7,0]
6566003,510,3:1:18,4,[AvailableRefusalData_logId:7,0A]
6566003,510,3:1:20,4,[AvailableRefusalData_logId:7,1A]
6566003,510,3:1:21,4,[AvailableRefusalData_logId:7,2A]
6566003,511,3:1:21,4,[AvailableRefusalData_logId:7,0A,1A,2A,true,20]
6566003,512,3:1:24,4,[]
6566003,513,3:1:24,4,[30]
6566003,514,3:1:27,4,[]
6566003,507,3:1:33,4,[OpponentAttackData_logId:3,OpponentAttackTypeData_logId:1,false,30]
6566003,508,3:1:36,4,[]
6566003,515,3:1:36,4,[0,50]
6566003,516,3:1:36,4,[]
6566003,517,3:1:37,4,[]
6566003,1000,3:1:38,4,[]
6566003,500,3:1:39,4,[]
6566003,501,3:1:39,4,[]
6566003,502,3:1:44,4,[IntentionData_logId:1,true]
6566003,503,3:1:44,4,[]
6566003,504,3:1:47,4,[InfluenceData_logId:0]
6566003,504,3:1:49,4,[InfluenceData_logId:5]
6566003,504,3:1:51,4,[InfluenceData_logId:8]
6566003,505,3:1:52,4,[InfluenceData_logId:0,true,InfluenceData_logId:5,true,InfluenceData_logId:8,true]
6566003,506,3:1:53,4,[]
6566003,103,3:2:5
6566003,105,3:2:6
6566003,703,3:2:8,[|| EpilogueItem ID: 0 unlocked: true ||,|| EpilogueItem ID: 1 unlocked: true ||,|| EpilogueItem ID: 2 unlocked: false ||,|| EpilogueItem ID: 3 unlocked: false ||,|| EpilogueItem ID: 4 unlocked: false ||,|| EpilogueItem ID: 5 unlocked: false ||,|| EpilogueItem ID: 6 unlocked: false ||,|| EpilogueItem ID: 7 unlocked: false ||,|| EpilogueItem ID: 8 unlocked: false ||,|| EpilogueItem ID: 9 unlocked: false ||,|| EpilogueItem ID: 10 unlocked: false ||,|| EpilogueItem ID: 11 unlocked: false ||,|| EpilogueItem ID: 12 unlocked: false ||,|| EpilogueItem ID: 13 unlocked: false ||,|| EpilogueItem ID: 14 unlocked: false ||,|| EpilogueItem ID: 15 unlocked: false ||,|| EpilogueItem ID: 16 unlocked: false ||,|| EpilogueItem ID: 17 unlocked: false ||,|| EpilogueItem ID: 18 unlocked: false ||,|| EpilogueItem ID: 19 unlocked: false ||,|| EpilogueItem ID: 20 unlocked: false ||,|| EpilogueItem ID: 21 unlocked: false ||,|| EpilogueItem ID: 22 unlocked: false ||,|| EpilogueItem ID: 23 unlocked: false ||,|| EpilogueItem ID: 24 unlocked: false ||],0.08
6566003,706,3:2:10,(x=435, y=-100, w=1024, h=768),(x=1934, y=-100, w=1024, h=768)
6566003,707,3:2:13,3,1
6566003,706,3:2:13,(x=2531, y=-100, w=1024, h=768),(x=2531, y=-100, w=1024, h=768)
6566003,708,3:2:15
6566003,1,3:2:15,10/17/2013 4:55:44pm,{"gameTime":10935082,"challengeStacks":[{"challengeScenes":[{"miniGameCards":[],"viewedAnimatic":true,"keyPoints":["c_bestFriend_M_a_G7a0","c_teacherEng_G7a0","s_flag_gen"],"unlocked":true,"touchableObjects":["c_bestFriend_M_a_G7a0","c_teacherEng_G7a0","s_vocabAssignment_G7a0","c_crewKid1_M_G7a0","s_doorClassroom_G7a0","s_atwoodPoster_gen","s_angelouPoster_gen","s_shakespearePoster_gen","s_poePoster_gen","c_friend1_M_a_G7a0","s_clock_G7a0","s_flag_gen","s_otherStudent1_G7a0"]},{"miniGameCards":[],"viewedAnimatic":true,"keyPoints":["c_teacherEng_G7a1N","c_bestFriend_M_a_G7a1N","s_paperPlayers_G7a1N"],"unlocked":true,"touchableObjects":["c_teacherEng_G7a1N","s_otherStudent2_G7a1N","s_otherStudent1_G7a1N","c_bestFriend_M_a_G7a1N","c_crewKid1_M_G7a1N","s_posterPlagiarism_gen","s_flag_gen","s_paperPlayers_G7a1N"]},{"miniGameCards":[],"viewedAnimatic":true,"keyPoints":["c_teacherEng_G7a1P","s_flag_gen","c_bestFriend_M_a_G7a1P","s_paperEnglish_gen"],"unlocked":true,"touchableObjects":["c_teacherEng_G7a1P","s_flag_gen","c_bestFriend_M_a_G7a1P","s_papersDetention_gen","s_paperEnglish_gen"]}],"stackSize":3,"resolved":true},{"challengeScenes":[{"miniGameCards":[],"viewedAnimatic":true,"keyPoints":["c_crewKid1_M_G7b0","c_kidSister_cauc_a_G7b0","s_backpack_M_G7b0"],"unlocked":true,"touchableObjects":["c_crewKid1_M_G7b0","c_cousin_M_a_G7b0","c_kidSister_cauc_a_G7b0","s_backpack_M_G7b0"]},{"miniGameCards":[],"viewedAnimatic":true,"keyPoints":["s_sprayPaintCan_G7b1N","c_kidSister_cauc_a_G7b1N","c_crewKid1_M_G7b1N","s_graffiti_G7b1N","s_brokenCarWindow_G7b1N"],"unlocked":true,"touchableObjects":["s_sprayPaintCan_G7b1N","c_kidSister_cauc_a_G7b1N","c_crewKid2_M_a_G7b1N","c_crewKid1_M_G7b1N","c_teacherEng_G7b1N","c_policeOfficer_G7b1N","s_cat_G7b1N","s_graffiti_G7b1N","s_brokenCarWindow_G7b1N"]},{"miniGameCards":[],"viewedAnimatic":true,"keyPoints":["c_cousinsBrothersFriend_a_G7b1P","c_cousinsBrother_a_G7b1P","s_poolDay_ruleSign_G7b1P","c_cousin_M_a_G7b1P"],"unlocked":true,"touchableObjects":["c_cousinsBrothersFriend_a_G7b1P","c_cousinsBrother_a_G7b1P","s_poolDay_ruleSign_G7b1P","c_cousin_M_a_G7b1P"]},{"miniGameCards":[],"viewedAnimatic":true,"keyPoints":["s_kid1_G7b2N","c_crush1_M_a_G7b2N","c_cousin_M_a_G7b2N","c_kidSister_cauc_a_G7b2N"],"unlocked":true,"touchableObjects":["s_kid1_G7b2N","c_cousinsBrothersFriend_a_G7b2N","s_cousinsBFgirlfriend_G7b2N","c_crush1_M_a_G7b2N","c_cousin_M_a_G7b2N","c_kidSister_cauc_a_G7b2N"]},{"miniGameCards":[],"viewedAnimatic":true,"keyPoints":["c_cousin_M_a_G7b2P","s_computer_M_G7b2P","c_kidSister_cauc_a_G7b2P"],"unlocked":true,"touchableObjects":["c_cousin_M_a_G7b2P","c_grandma_cauc_a_G7b2P","s_computer_M_G7b2P","c_kidSister_cauc_a_G7b2P"]}],"stackSize":5,"resolved":true},{"challengeScenes":[{"miniGameCards":[],"viewedAnimatic":true,"keyPoints":["s_clock_G8a0","s_cellphone_G8a0","c_cousin_M_a_G8a0","c_crush2_M_a_G8a0","s_bottleCrush2_M_G8a0"],"unlocked":true,"touchableObjects":["s_clock_G8a0","s_cellphone_G8a0","s_cigaretteKid1_G8a0","c_cousin_M_a_G8a0","c_crush2_M_a_G8a0","s_beerCooler_G8a0","s_stairs_G8a0","s_bottleCrush2_M_G8a0"]},{"miniGameCards":[],"viewedAnimatic":false,"keyPoints":[],"unlocked":true,"touchableObjects":[]},{"miniGameCards":[],"viewedAnimatic":false,"keyPoints":[],"unlocked":false,"touchableObjects":[]},{"miniGameCards":[],"viewedAnimatic":false,"keyPoints":[],"unlocked":false,"touchableObjects":[]},{"miniGameCards":[],"viewedAnimatic":false,"keyPoints":[],"unlocked":false,"touchableObjects":[]},{"miniGameCards":[],"viewedAnimatic":false,"keyPoints":[],"unlocked":true,"touchableObjects":[]},{"miniGameCards":[],"viewedAnimatic":false,"keyPoints":[],"unlocked":false,"touchableObjects":[]}],"stackSize":7,"resolved":false},{"challengeScenes":[{"miniGameCards":[],"viewedAnimatic":false,"keyPoints":[],"unlocked":false,"touchableObjects":[]},{"miniGameCards":[],"viewedAnimatic":false,"keyPoints":[],"unlocked":false,"touchableObjects":[]},{"miniGameCards":[],"viewedAnimatic":false,"keyPoints":[],"unlocked":false,"touchableObjects":[]},{"miniGameCards":[],"viewedAnimatic":false,"keyPoints":[],"unlocked":false,"touchableObjects":[]},{"miniGameCards":[],"viewedAnimatic":false,"keyPoints":[],"unlocked":false,"touchableObjects":[]}],"stackSize":5,"resolved":false},{"challengeScenes":[{"miniGameCards":[],"viewedAnimatic":false,"keyPoints":[],"unlocked":true,"touchableObjects":[]},{"miniGameCards":[],"viewedAnimatic":false,"keyPoints":[],"unlocked":true,"touchableObjects":[]},{"miniGameCards":[],"viewedAnimatic":false,"keyPoints":[],"unlocked":false,"touchableObjects":[]},{"miniGameCards":[],"viewedAnimatic":false,"keyPoints":[],"unlocked":false,"touchableObjects":[]},{"miniGameCards":[],"viewedAnimatic":false,"keyPoints":[],"unlocked":false,"touchableObjects":[]}],"stackSize":5,"resolved":false},{"challengeScenes":[{"miniGameCards":[],"viewedAnimatic":false,"keyPoints":[],"unlocked":false,"touchableObjects":[]},{"miniGameCards":[],"viewedAnimatic":false,"keyPoints":[],"unlocked":false,"touchableObjects":[]},{"miniGameCards":[],"viewedAnimatic":false,"keyPoints":[],"unlocked":false,"touchableObjects":[]},{"miniGameCards":[],"viewedAnimatic":false,"keyPoints":[],"unlocked":false,"touchableObjects":[]},{"miniGameCards":[],"viewedAnimatic":false,"keyPoints":[],"unlocked":false,"touchableObjects":[]}],"stackSize":5,"resolved":false},{"challengeScenes":[{"miniGameCards":[],"viewedAnimatic":false,"keyPoints":[],"unlocked":false,"touchableObjects":[]},{"miniGameCards":[],"viewedAnimatic":false,"keyPoints":[],"unlocked":false,"touchableObjects":[]},{"miniGameCards":[],"viewedAnimatic":false,"keyPoints":[],"unlocked":false,"touchableObjects":[]},{"miniGameCards":[],"viewedAnimatic":false,"keyPoints":[],"unlocked":false,"touchableObjects":[]},{"miniGameCards":[],"viewedAnimatic":false,"keyPoints":[],"unlocked":false,"touchableObjects":[]}],"stackSize":5,"resolved":false},{"challengeScenes":[{"miniGameCards":[],"viewedAnimatic":false,"keyPoints":[],"unlocked":false,"touchableObjects":[]},{"miniGameCards":[],"viewedAnimatic":false,"keyPoints":[],"unlocked":false,"touchableObjects":[]},{"miniGameCards":[],"viewedAnimatic":false,"keyPoints":[],"unlocked":false,"touchableObjects":[]},{"miniGameCards":[],"viewedAnimatic":false,"keyPoints":[],"unlocked":false,"touchableObjects":[]},{"miniGameCards":[],"viewedAnimatic":false,"keyPoints":[],"unlocked":false,"touchableObjects":[]}],"stackSize":5,"resolved":false},{"challengeScenes":[{"miniGameCards":[],"viewedAnimatic":false,"keyPoints":[],"unlocked":false,"touchableObjects":[]},{"miniGameCards":[],"viewedAnimatic":false,"keyPoints":[],"unlocked":false,"touchableObjects":[]},{"miniGameCards":[],"viewedAnimatic":false,"keyPoints":[],"unlocked":false,"touchableObjects":[]},{"miniGameCards":[],"viewedAnimatic":false,"keyPoints":[],"unlocked":false,"touchableObjects":[]},{"miniGameCards":[],"viewedAnimatic":false,"keyPoints":[],"unlocked":false,"touchableObjects":[]}],"stackSize":5,"resolved":false},{"challengeScenes":[{"miniGameCards":[],"viewedAnimatic":false,"keyPoints":[],"unlocked":false,"touchableObjects":[]},{"miniGameCards":[],"viewedAnimatic":false,"keyPoints":[],"unlocked":false,"touchableObjects":[]},{"miniGameCards":[],"viewedAnimatic":false,"keyPoints":[],"unlocked":false,"touchableObjects":[]},{"miniGameCards":[],"viewedAnimatic":false,"keyPoints":[],"unlocked":false,"touchableObjects":[]},{"miniGameCards":[],"viewedAnimatic":false,"keyPoints":[],"unlocked":false,"touchableObjects":[]}],"stackSize":5,"resolved":false},{"challengeScenes":[{"miniGameCards":[],"viewedAnimatic":false,"keyPoints":[],"unlocked":false,"touchableObjects":[]},{"miniGameCards":[],"viewedAnimatic":false,"keyPoints":[],"unlocked":false,"touchableObjects":[]},{"miniGameCards":[],"viewedAnimatic":false,"keyPoints":[],"unlocked":false,"touchableObjects":[]},{"miniGameCards":[],"viewedAnimatic":false,"keyPoints":[],"unlocked":false,"touchableObjects":[]},{"miniGameCards":[],"viewedAnimatic":false,"keyPoints":[],"unlocked":false,"touchableObjects":[]}],"stackSize":5,"resolved":false},{"challengeScenes":[{"miniGameCards":[],"viewedAnimatic":false,"keyPoints":[],"unlocked":false,"touchableObjects":[]},{"miniGameCards":[],"viewedAnimatic":false,"keyPoints":[],"unlocked":false,"touchableObjects":[]},{"miniGameCards":[],"viewedAnimatic":false,"keyPoints":[],"unlocked":false,"touchableObjects":[]},{"miniGameCards":[],"viewedAnimatic":false,"keyPoints":[],"unlocked":false,"touchableObjects":[]},{"miniGameCards":[],"viewedAnimatic":false,"keyPoints":[],"unlocked":false,"touchableObjects":[]}],"stackSize":5,"resolved":false},{"challengeScenes":[{"miniGameCards":[],"viewedAnimatic":false,"keyPoints":[],"unlocked":true,"touchableObjects":["c_player_cauc_M_a_G0a0","c_family_cauc_a_G0a0","c_friends_G0a0"]},{"miniGameCards":[],"viewedAnimatic":false,"keyPoints":["c_home_G0a1N","c_family_cauc_a_G0a1N","c_job_G0a1N"],"unlocked":true,"touchableObjects":["c_home_G0a1N","c_family_cauc_a_G0a1N","c_job_G0a1N"]},{"miniGameCards":[],"viewedAnimatic":false,"keyPoints":["c_kidsister_cauc_a_G0a1P","c_grandma_cauc_a_G0a1P","c_Teacher_G0a1P","c_mom_cauc_a_G0a1P","c_dad_cauc_a_G0a1P","c_Nurse_G0a1P"],"unlocked":true,"touchableObjects":["c_kidsister_cauc_a_G0a1P","c_grandma_cauc_a_G0a1P","c_friends_G0a1P","c_Teacher_G0a1P","c_cousins_M_a_G0a1P","c_mom_cauc_a_G0a1P","c_dad_cauc_a_G0a1P","c_Nurse_G0a1P"]}],"stackSize":3,"resolved":true}],"sessionId":4,"epilogue":{"rating":1},"playerId":6566003,"session":[{"sceneId":"1P","stackId":12},{"sceneId":"1P","stackId":0},{"sceneId":"1P","stackId":1},{"sceneId":"1N","stackId":1},{"sceneId":"2P","stackId":1}],"minigames":[{"levelSaveData":[{"starRating":3,"unlocked":true},{"starRating":0,"unlocked":true},{"starRating":0,"unlocked":true},{"starRating":0,"unlocked":false},{"starRating":0,"unlocked":false},{"starRating":0,"unlocked":false},{"starRating":0,"unlocked":false},{"starRating":0,"unlocked":false},{"starRating":0,"unlocked":false},{"starRating":0,"unlocked":false}],"skillPoints":3},{"levelSaveData":[{"starRating":3,"unlocked":true},{"starRating":2,"unlocked":true},{"starRating":0,"unlocked":true},{"starRating":0,"unlocked":false},{"starRating":0,"unlocked":true},{"starRating":0,"unlocked":false},{"starRating":0,"unlocked":false},{"starRating":0,"unlocked":false},{"starRating":0,"unlocked":false},{"starRating":0,"unlocked":false}],"skillPoints":5},{"levelSaveData":[{"starRating":3,"unlocked":true},{"starRating":2,"unlocked":true},{"starRating":0,"unlocked":true},{"starRating":0,"unlocked":false},{"starRating":0,"unlocked":false},{"starRating":0,"unlocked":false},{"starRating":0,"unlocked":false},{"starRating":0,"unlocked":false},{"starRating":0,"unlocked":true},{"starRating":0,"unlocked":false}],"skillPoints":5},{"levelSaveData":[{"starRating":3,"unlocked":true},{"starRating":2,"unlocked":true},{"starRating":0,"unlocked":false},{"starRating":0,"unlocked":false},{"starRating":0,"unlocked":true},{"starRating":0,"unlocked":false},{"starRating":0,"unlocked":false},{"starRating":0,"unlocked":false},{"starRating":0,"unlocked":false},{"starRating":0,"unlocked":false}],"skillPoints":5},{"age":13,"name":"young_quis","gender":0,"levelSaveData":[{"starRating":3,"unlocked":true},{"starRating":3,"chunks":[["2"],["10$$funny","0$$angle"],["6$$muisc","7$$movies","8$$play sports"],["1"]],"unlocked":true},{"starRating":3,"chunks":[["1"],["4$$football","1$$basketball"],["7$$beast at this","9$$wavy at that"]],"unlocked":true},{"starRating":0,"chunks":[[null],[null],[null],[null],[null,null],[null]],"unlocked":true},{"starRating":0,"chunks":[[null],[null],[null,null],[null],[null],[null]],"unlocked":false},{"starRating":0,"chunks":[[null],[null,null,null,null],[null],[null]],"unlocked":false},{"starRating":0,"chunks":[[null],[null],[null,null],[null,null],[null]],"unlocked":false},{"starRating":0,"chunks":[[null,null,null],[null,null,null],[null],[null],[null]],"unlocked":false},{"starRating":0,"chunks":[[null,null,null],[null,null,null],[null,null]],"unlocked":false},{"starRating":0,"chunks":[[null],[null],[null],[null],[null],[null]],"unlocked":false}],"visualAvatar":0,"id":1,"skillPoints":9}],"avatar":{"age":13,"name":"young_quis","gender":0,"levelSaveData":[{"starRating":3,"unlocked":true},{"starRating":3,"chunks":[["2"],["10$$funny","0$$angle"],["6$$muisc","7$$movies","8$$play sports"],["1"]],"unlocked":true},{"starRating":3,"chunks":[["1"],["4$$football","1$$basketball"],["7$$beast at this","9$$wavy at that"]],"unlocked":true},{"starRating":0,"chunks":[[null],[null],[null],[null],[null,null],[null]],"unlocked":true},{"starRating":0,"chunks":[[null],[null],[null,null],[null],[null],[null]],"unlocked":false},{"starRating":0,"chunks":[[null],[null,null,null,null],[null],[null]],"unlocked":false},{"starRating":0,"chunks":[[null],[null],[null,null],[null,null],[null]],"unlocked":false},{"starRating":0,"chunks":[[null,null,null],[null,null,null],[null],[null],[null]],"unlocked":false},{"starRating":0,"chunks":[[null,null,null],[null,null,null],[null,null]],"unlocked":false},{"starRating":0,"chunks":[[null],[null],[null],[null],[null],[null]],"unlocked":false}],"visualAvatar":0,"id":1,"skillPoints":9}}
