6566003,0,7:12:43,12/2/2013 3:53:55pm
6566003,100,7:14:19,5
6566003,102,7:14:22,5
6566003,200,7:14:22,5,12,15,14,12,18
6566003,221,7:14:25,5
6566003,220,7:14:27,5
6566003,210,7:14:28,567,425
6566003,211,7:14:31,320,610
6566003,210,7:14:36,1005,446
6566003,211,7:14:38,555,624
6566003,212,7:14:43,1
6566003,210,7:14:44,1139,338
6566003,211,7:14:44,1149,346
6566003,213,7:14:44,5,c_cousin_M_a_G9b1N,true
6566003,205,7:14:44,5,c_cousin_M_a_G9b1N,false,true
6566003,210,7:14:53,927,493
6566003,207,7:14:55,5,-200,0
6566003,211,7:14:59,129,294
6566003,213,7:14:59,5,s_brokenLamp_G9b1N,true
6566003,205,7:14:59,5,s_brokenLamp_G9b1N,false,false
6566003,210,7:15:2,455,478
6566003,207,7:15:9,5,0,-995
6566003,211,7:15:18,1220,133
6566003,213,7:15:18,5,s_clock_G9b1N,true
6566003,205,7:15:18,5,s_clock_G9b1N,false,true
6566003,210,7:15:22,1786,277
6566003,207,7:15:30,5,-995,-695
6566003,207,7:15:31,5,-695,-485
6566003,207,7:15:32,5,-485,-5
6566003,207,7:15:33,5,-5,0
6566003,207,7:15:43,5,0,-45
6566003,207,7:15:43,5,-45,-225
6566003,211,7:15:45,863,280
6566003,212,7:15:45,0
6566003,210,7:15:46,897,185
6566003,207,7:15:49,5,-225,0
6566003,211,7:15:51,297,481
6566003,213,7:15:51,5,s_joint_G9b1N,true
6566003,205,7:15:51,5,s_joint_G9b1N,false,false
6566003,221,7:15:58,5
6566003,220,7:16:1,5
6566003,1003,7:16:1,3
6566003,1004,7:16:3,2
6566003,500,7:16:7,2,[]
6566003,501,7:16:14,2,[]
6566003,502,7:16:24,2,[IntentionData_logId:1,false]
6566003,503,7:16:25,2,[]
6566003,1002,7:16:29,2
6566003,1003,7:16:29,3
6566003,1004,7:16:30,2
6566003,500,7:16:32,2,[]
6566003,501,7:16:34,2,[]
6566003,502,7:16:51,2,[IntentionData_logId:0,false]
6566003,503,7:16:52,2,[]
6566003,1002,7:16:56,2
6566003,1003,7:16:56,3
6566003,1004,7:16:56,2
6566003,500,7:16:59,2,[]
6566003,501,7:17:0,2,[]
6566003,502,7:17:4,2,[IntentionData_logId:4,true]
6566003,503,7:17:5,2,[]
6566003,504,7:17:9,2,[InfluenceData_logId:1]
6566003,504,7:17:10,2,[InfluenceData_logId:0]
6566003,504,7:17:11,2,[InfluenceData_logId:5]
6566003,504,7:17:13,2,[InfluenceData_logId:3]
6566003,504,7:17:14,2,[InfluenceData_logId:4]
6566003,504,7:17:17,2,[InfluenceData_logId:3]
6566003,504,7:17:19,2,[InfluenceData_logId:6]
6566003,505,7:17:21,2,[InfluenceData_logId:0,true,InfluenceData_logId:3,true,InfluenceData_logId:6,true]
6566003,506,7:17:23,2,[]
6566003,507,7:17:42,2,[OpponentAttackData_logId:3,OpponentAttackTypeData_logId:4,true,0]
6566003,508,7:17:44,2,[]
6566003,509,7:17:51,2,[RefusalData_logId:2,2]
6566003,510,7:18:9,2,[AvailableRefusalData_logId:2,0A]
6566003,510,7:18:10,2,[AvailableRefusalData_logId:2,0B]
6566003,510,7:18:12,2,[AvailableRefusalData_logId:2,1B]
6566003,510,7:18:17,2,[AvailableRefusalData_logId:2,0A]
6566003,510,7:18:18,2,[AvailableRefusalData_logId:2,1A]
6566003,510,7:18:21,2,[AvailableRefusalData_logId:2,2A]
6566003,511,7:18:22,2,[AvailableRefusalData_logId:2,0A,1A,2A,true,50]
6566003,512,7:18:24,2,[]
6566003,513,7:18:24,2,[0]
6566003,514,7:18:29,2,[]
6566003,507,7:18:45,2,[OpponentAttackData_logId:1,OpponentAttackTypeData_logId:3,false,30]
6566003,508,7:18:53,2,[]
6566003,509,7:18:59,2,[RefusalData_logId:8,2]
6566003,510,7:19:6,2,[AvailableRefusalData_logId:8,0A]
6566003,510,7:19:8,2,[AvailableRefusalData_logId:8,1A]
6566003,510,7:19:8,2,[AvailableRefusalData_logId:8,2A]
6566003,511,7:19:9,2,[AvailableRefusalData_logId:8,0A,1A,2A,true,50]
6566003,512,7:19:11,2,[]
6566003,515,7:19:11,2,[120,0]
6566003,516,7:19:13,2,[]
6566003,517,7:19:14,2,[]
6566003,1005,7:19:14,2,[3,0,3]
6566003,1001,7:19:16,2,[]
6566003,1003,7:19:16,3
6566003,221,7:19:24,5
6566003,300,7:19:26
6566003,220,7:19:26,5
6566003,301,7:19:28,7
6566003,301,7:19:31,4
6566003,301,7:19:32,0
6566003,210,7:19:40,974,367
6566003,211,7:19:40,697,596
6566003,221,7:19:43,5
6566003,220,7:19:44,5
6566003,1003,7:19:44,3
6566003,204,7:19:50,5
6566003,100,7:19:54,4
6566003,102,7:19:55,4
6566003,200,7:19:55,4,12,15,14,15,18
6566003,221,7:19:59,4
6566003,220,7:20:1,4
6566003,210,7:20:4,903,395
6566003,207,7:20:7,4,-200,0
6566003,211,7:20:8,162,312
6566003,212,7:20:9,2
6566003,210,7:20:9,83,335
6566003,211,7:20:11,362,350
6566003,213,7:20:11,4,c_cousin_M_a_G9a1N,true
6566003,205,7:20:11,4,c_cousin_M_a_G9a1N,false,false
6566003,210,7:20:19,1013,494
6566003,211,7:20:20,1081,291
6566003,212,7:20:21,1
6566003,210,7:20:21,888,247
6566003,211,7:20:22,881,271
6566003,213,7:20:22,4,s_door_M_gen,true
6566003,205,7:20:22,4,s_door_M_gen,false,true
6566003,210,7:20:26,1081,299
6566003,207,7:20:27,4,-200,-380
6566003,207,7:20:28,4,-380,-512
6566003,211,7:20:30,1017,565
6566003,213,7:20:30,4,s_bathingSuit_M_G9a0,true
6566003,205,7:20:30,4,s_bathingSuit_M_G9a0,false,false
6566003,210,7:20:34,911,427
6566003,211,7:20:36,812,557
6566003,212,7:20:36,0
6566003,210,7:20:37,1096,480
6566003,207,7:20:39,4,-512,-482
6566003,207,7:20:40,4,-482,-452
6566003,207,7:20:41,4,-452,-242
6566003,207,7:20:42,4,-242,-47
6566003,207,7:20:43,4,-47,0
6566003,211,7:20:47,964,387
6566003,207,7:20:47,4,0,-15
6566003,212,7:20:47,2
6566003,210,7:20:48,871,272
6566003,207,7:20:51,4,-15,-225
6566003,207,7:20:53,4,-225,-512
6566003,207,7:20:58,4,-512,-452
6566003,207,7:20:59,4,-452,-512
6566003,207,7:21:8,4,-512,-47
6566003,211,7:21:9,367,606
6566003,212,7:21:10,0
6566003,210,7:21:11,292,527
6566003,211,7:21:12,252,530
6566003,210,7:21:12,928,586
6566003,207,7:21:14,4,-47,-512
6566003,211,7:21:50,628,502
6566003,210,7:22:3,1354,443
6566003,211,7:22:5,1401,641
6566003,221,7:22:5,4
6566003,220,7:22:7,4
6566003,212,7:22:8,2
6566003,210,7:22:9,1259,510
6566003,207,7:22:14,4,-512,0
6566003,211,7:22:22,1353,478
6566003,207,7:22:22,4,0,-375
6566003,221,7:22:45,4
6566003,220,7:22:48,4
6566003,212,7:22:49,0
6566003,210,7:22:51,1264,180
6566003,211,7:22:59,633,412
6566003,210,7:23:1,699,311
6566003,207,7:23:3,4,-375,0
6566003,207,7:23:7,4,0,-315
6566003,207,7:23:10,4,-315,-255
6566003,207,7:23:12,4,-255,-60
6566003,207,7:23:13,4,-60,-105
6566003,207,7:23:14,4,-105,-135
6566003,207,7:23:14,4,-135,-210
6566003,207,7:23:15,4,-210,-360
6566003,207,7:23:20,4,-360,-512
6566003,211,7:23:24,1376,376
6566003,210,7:23:28,1114,531
6566003,211,7:23:29,718,678
6566003,210,7:23:55,365,348
6566003,211,7:23:56,346,438
6566003,213,7:23:56,4,s_clock_M_G9a0,true
6566003,205,7:23:56,4,s_clock_M_G9a0,false,false
6566003,210,7:24:1,294,588
6566003,207,7:24:2,4,-200,-80
6566003,207,7:24:8,4,-80,-485
6566003,211,7:24:9,1338,550
6566003,212,7:24:10,2
6566003,210,7:24:11,1001,244
6566003,211,7:24:12,974,257
6566003,212,7:24:13,1
6566003,210,7:24:13,1367,568
6566003,211,7:24:14,1355,563
6566003,212,7:24:14,0
6566003,210,7:24:14,1364,534
6566003,211,7:24:15,1016,545
6566003,212,7:24:16,1
6566003,210,7:24:16,1034,526
6566003,211,7:24:17,1016,537
6566003,213,7:24:17,4,s_bathingSuit_M_G9a0,true
6566003,205,7:24:17,4,s_bathingSuit_M_G9a0,false,true
6566003,210,7:24:20,1107,461
6566003,211,7:24:21,962,666
6566003,210,7:24:29,915,164
6566003,211,7:24:30,711,392
6566003,204,7:24:32,4
6566003,100,7:24:37,4
6566003,102,7:24:38,4
6566003,200,7:24:38,4,12,15,14,15,18
6566003,212,7:24:42,2
6566003,221,7:24:43,4
6566003,208,7:24:47,4,s_fence_G9a1N
6566003,220,7:24:47,4
6566003,210,7:24:48,890,279
6566003,207,7:24:52,4,-200,-65
6566003,211,7:24:54,270,607
6566003,213,7:24:54,4,s_cellPhone_M_G9a0,true
6566003,205,7:24:54,4,s_cellPhone_M_G9a0,false,false
6566003,221,7:24:59,4
6566003,220,7:25:0,4
6566003,219,7:25:0,4
6566003,216,7:25:1,Stack_G9a1P
6566003,217,7:25:11,Stack_G9a1P,7.3,0.00
6566003,218,7:25:13,4
6566003,210,7:25:14,988,471
6566003,207,7:25:14,4,-200,-425
6566003,211,7:25:16,1283,357
6566003,213,7:25:16,4,c_cousin_M_a_G9a1P,true
6566003,205,7:25:16,4,c_cousin_M_a_G9a1P,false,false
6566003,210,7:25:19,1183,305
6566003,211,7:25:20,1202,339
6566003,212,7:25:20,1
6566003,210,7:25:21,1207,320
6566003,211,7:25:21,1227,344
6566003,212,7:25:22,0
6566003,210,7:25:22,1220,290
6566003,211,7:25:23,1211,327
6566003,213,7:25:23,4,s_joint_M_G9a1P,true
6566003,205,7:25:23,4,s_joint_M_G9a1P,false,false
6566003,212,7:25:27,2
6566003,210,7:25:28,1325,275
6566003,207,7:25:28,4,-425,-512
6566003,207,7:25:33,4,-512,0
6566003,211,7:25:35,655,579
6566003,221,7:25:36,4
6566003,220,7:25:37,4
6566003,219,7:25:39,4
6566003,216,7:25:39,Stack_G9a2N
6566003,217,7:25:47,Stack_G9a2N,4.0,0.00
6566003,218,7:25:48,4
6566003,210,7:25:50,590,133
6566003,211,7:25:50,578,198
6566003,210,7:25:51,290,492
6566003,211,7:25:52,967,448
6566003,212,7:25:53,1
6566003,210,7:25:53,755,350
6566003,211,7:25:54,776,387
6566003,213,7:25:54,4,c_mom_cauc_a_G9a2N,true
6566003,205,7:25:54,4,c_mom_cauc_a_G9a2N,false,false
6566003,210,7:25:57,224,559
6566003,207,7:25:57,4,-200,-155
6566003,211,7:25:59,516,197
6566003,212,7:26:0,2
6566003,210,7:26:0,535,155
6566003,211,7:26:2,456,190
6566003,212,7:26:3,0
6566003,210,7:26:4,588,139
6566003,211,7:26:5,565,194
6566003,213,7:26:5,4,s_potSmokeCloud_M_G9a2N,true
6566003,210,7:26:8,255,550
6566003,211,7:26:8,305,589
6566003,213,7:26:8,4,s_cookieTrayEmpty_M_G9a2N,true
6566003,210,7:26:12,1045,329
6566003,211,7:26:14,496,530
6566003,212,7:26:14,2
6566003,210,7:26:15,456,457
6566003,211,7:26:15,512,504
6566003,210,7:26:15,468,511
6566003,211,7:26:16,458,517
6566003,213,7:26:16,4,c_cousin_M_a_G9a2N,true
6566003,205,7:26:16,4,c_cousin_M_a_G9a2N,false,false
6566003,210,7:26:19,939,402
6566003,211,7:26:20,654,284
6566003,210,7:26:26,587,195
6566003,207,7:26:26,4,-155,0
6566003,207,7:26:28,4,0,-105
6566003,207,7:26:29,4,-105,-512
6566003,211,7:26:31,1154,436
6566003,212,7:26:31,1
6566003,210,7:26:32,1057,465
6566003,211,7:26:32,1076,515
6566003,212,7:26:33,0
6566003,210,7:26:34,1064,484
6566003,211,7:26:35,1301,401
6566003,212,7:26:36,2
6566003,210,7:26:36,883,318
6566003,211,7:26:37,902,371
6566003,212,7:26:37,1
6566003,210,7:26:38,895,355
6566003,211,7:26:38,895,369
6566003,213,7:26:38,4,c_kidSister_cauc_a_G9a2N,true
6566003,205,7:26:38,4,c_kidSister_cauc_a_G9a2N,false,false
6566003,210,7:26:42,1354,289
6566003,207,7:26:51,4,-512,0
6566003,211,7:26:54,590,250
6566003,212,7:26:58,0
6566003,210,7:27:0,1060,476
6566003,211,7:27:0,1058,471
6566003,210,7:27:1,1137,448
6566003,207,7:27:1,4,-200,-395
6566003,211,7:27:2,1086,558
6566003,221,7:27:3,4
6566003,220,7:27:4,4
6566003,221,7:27:5,4
6566003,220,7:27:7,4
6566003,212,7:27:7,1
6566003,210,7:27:8,1087,484
6566003,211,7:27:10,905,305
6566003,213,7:27:10,4,s_door_M_gen,true
6566003,205,7:27:10,4,s_door_M_gen,false,false
6566003,210,7:27:17,1060,269
6566003,211,7:27:18,1089,550
6566003,212,7:27:19,0
6566003,210,7:27:19,1097,485
6566003,211,7:27:20,1078,517
6566003,213,7:27:20,4,s_basketball_M_gen,true
6566003,205,7:27:20,4,s_basketball_M_gen,false,false
6566003,210,7:27:23,1109,248
6566003,211,7:27:24,984,288
6566003,212,7:27:24,2
6566003,210,7:27:25,970,255
6566003,211,7:27:26,991,302
6566003,212,7:27:26,1
6566003,210,7:27:27,974,279
6566003,211,7:27:28,994,293
6566003,212,7:27:28,0
6566003,210,7:27:29,958,239
6566003,211,7:27:30,988,293
6566003,221,7:27:31,4
6566003,220,7:27:33,4
6566003,212,7:27:34,1
6566003,210,7:27:35,946,263
6566003,207,7:27:45,4,-395,0
6566003,211,7:27:52,519,230
6566003,213,7:27:52,4,s_calendar_M_gen,true
6566003,205,7:27:52,4,s_calendar_M_gen,false,false
6566003,221,7:27:56,4
6566003,220,7:27:58,4
6566003,212,7:28:2,0
6566003,212,7:28:4,1
6566003,210,7:28:5,551,278
6566003,207,7:28:6,4,-200,0
6566003,207,7:28:11,4,0,-150
6566003,211,7:28:11,993,282
6566003,213,7:28:11,4,s_pictureDad_cauc_M_gen,true
6566003,205,7:28:11,4,s_pictureDad_cauc_M_gen,false,false
6566003,212,7:28:16,0
6566003,221,7:28:19,4
6566003,220,7:28:19,4
6566003,219,7:28:20,4
6566003,216,7:28:20,Stack_G9a2P
6566003,217,7:28:26,Stack_G9a2P,3.7,0.00
6566003,218,7:28:29,4
6566003,210,7:28:31,578,431
6566003,207,7:28:32,4,-200,0
6566003,211,7:28:35,1411,278
6566003,207,7:28:35,4,0,-405
6566003,207,7:28:35,4,-405,-435
6566003,210,7:28:35,1274,305
6566003,207,7:28:37,4,-435,-995
6566003,211,7:28:39,1650,551
6566003,212,7:28:39,1
6566003,210,7:28:40,1438,588
6566003,211,7:28:40,1445,598
6566003,213,7:28:40,4,s_pizzaBox_G9a2P,true
6566003,205,7:28:40,4,s_pizzaBox_G9a2P,false,false
6566003,210,7:28:44,1777,450
6566003,207,7:28:46,4,-995,-770
6566003,211,7:28:46,989,534
6566003,213,7:28:46,4,c_kidSister_cauc_a_G9a2P,true
6566003,210,7:28:48,1107,349
6566003,207,7:28:49,4,-770,-260
6566003,211,7:28:50,759,312
6566003,213,7:28:50,4,s_door_gen,true
6566003,205,7:28:50,4,s_door_gen,false,false
6566003,212,7:28:54,0
6566003,212,7:28:55,2
6566003,210,7:28:55,949,503
6566003,211,7:28:57,485,307
6566003,213,7:28:57,4,c_mom_cauc_a_G9a2P,true
6566003,205,7:28:57,4,c_mom_cauc_a_G9a2P,false,false
6566003,210,7:29:1,1120,333
6566003,211,7:29:1,1134,368
6566003,213,7:29:1,4,c_cousin_M_a_G9a2P,true
6566003,205,7:29:1,4,c_cousin_M_a_G9a2P,false,false
6566003,221,7:29:4,4
6566003,220,7:29:5,4
6566003,203,7:29:5,4
6566003,100,7:29:22,10
6566003,102,7:29:24,10
6566003,200,7:29:24,10,12,15,14,15,18
6566003,219,7:29:24,10
6566003,216,7:29:25,Stack_G12a0
6566003,217,7:29:29,Stack_G12a0,3.8,7.4
6566003,218,7:29:31,10
6566003,210,7:29:32,738,364
6566003,211,7:29:35,768,393
6566003,213,7:29:35,10,c_mom_cauc_G12a0,false
6566003,1003,7:29:39,2
6566003,1004,7:29:42,3
6566003,900,7:29:45,3,[]
6566003,901,7:29:52,3,[PeopleData_id:4]
6566003,904,7:29:52,3,[PeopleData_id:4]
6566003,902,7:29:53,3,[PeopleData_id:4,PeopleData_data0Type]
6566003,903,7:29:59,3,[PeopleData_id4,PeopleData_data0Type]
6566003,902,7:30:0,3,[PeopleData_id:4,PeopleData_data1Type]
6566003,903,7:30:5,3,[PeopleData_id4,PeopleData_data1Type]
6566003,902,7:30:5,3,[PeopleData_id:4,PeopleData_data2Type]
6566003,903,7:30:9,3,[PeopleData_id4,PeopleData_data2Type]
6566003,901,7:30:11,3,[PeopleData_id:4]
6566003,904,7:30:11,3,[PeopleData_id:4]
6566003,905,7:30:14,3,[PeopleData_id:4,RankTypes_id:-1,RankTypes_id:1]
6566003,901,7:30:15,3,[PeopleData_id:3]
6566003,902,7:30:16,3,[PeopleData_id:3,PeopleData_data0Type]
6566003,903,7:30:22,3,[PeopleData_id3,PeopleData_data0Type]
6566003,902,7:30:22,3,[PeopleData_id:3,PeopleData_data1Type]
6566003,903,7:30:25,3,[PeopleData_id3,PeopleData_data1Type]
6566003,902,7:30:25,3,[PeopleData_id:3,PeopleData_data2Type]
6566003,903,7:30:34,3,[PeopleData_id3,PeopleData_data2Type]
6566003,902,7:30:35,3,[PeopleData_id:3,PeopleData_data3Type]
6566003,903,7:30:39,3,[PeopleData_id3,PeopleData_data3Type]
6566003,901,7:30:40,3,[PeopleData_id:3]
6566003,904,7:30:40,3,[PeopleData_id:3]
6566003,905,7:30:42,3,[PeopleData_id:3,RankTypes_id:-1,RankTypes_id:2]
6566003,901,7:30:43,3,[PeopleData_id:5]
6566003,902,7:30:44,3,[PeopleData_id:5,PeopleData_data0Type]
6566003,903,7:30:48,3,[PeopleData_id5,PeopleData_data0Type]
6566003,902,7:30:48,3,[PeopleData_id:5,PeopleData_data1Type]
6566003,903,7:30:58,3,[PeopleData_id5,PeopleData_data1Type]
6566003,902,7:30:59,3,[PeopleData_id:5,PeopleData_data2Type]
6566003,903,7:31:2,3,[PeopleData_id5,PeopleData_data2Type]
6566003,902,7:31:3,3,[PeopleData_id:5,PeopleData_data3Type]
6566003,903,7:31:10,3,[PeopleData_id5,PeopleData_data3Type]
6566003,901,7:31:12,3,[PeopleData_id:5]
6566003,904,7:31:12,3,[PeopleData_id:5]
6566003,905,7:31:13,3,[PeopleData_id:5,RankTypes_id:-1,RankTypes_id:1]
6566003,901,7:31:15,3,[PeopleData_id:0]
6566003,904,7:31:15,3,[PeopleData_id:0]
6566003,902,7:31:16,3,[PeopleData_id:0,PeopleData_data0Type]
6566003,903,7:31:24,3,[PeopleData_id0,PeopleData_data0Type]
6566003,902,7:31:24,3,[PeopleData_id:0,PeopleData_data1Type]
6566003,903,7:31:30,3,[PeopleData_id0,PeopleData_data1Type]
6566003,902,7:31:30,3,[PeopleData_id:0,PeopleData_data2Type]
6566003,903,7:31:36,3,[PeopleData_id0,PeopleData_data2Type]
6566003,902,7:31:37,3,[PeopleData_id:0,PeopleData_data3Type]
6566003,903,7:31:42,3,[PeopleData_id0,PeopleData_data3Type]
6566003,901,7:31:43,3,[PeopleData_id:0]
6566003,904,7:31:43,3,[PeopleData_id:0]
6566003,905,7:31:45,3,[PeopleData_id:0,RankTypes_id:-1,RankTypes_id:3]
6566003,901,7:31:45,3,[PeopleData_id:1]
6566003,902,7:31:46,3,[PeopleData_id:1,PeopleData_data0Type]
6566003,903,7:31:49,3,[PeopleData_id1,PeopleData_data0Type]
6566003,902,7:31:49,3,[PeopleData_id:1,PeopleData_data1Type]
6566003,903,7:31:53,3,[PeopleData_id1,PeopleData_data1Type]
6566003,902,7:31:54,3,[PeopleData_id:1,PeopleData_data2Type]
6566003,903,7:31:58,3,[PeopleData_id1,PeopleData_data2Type]
6566003,901,7:31:59,3,[PeopleData_id:1]
6566003,904,7:31:59,3,[PeopleData_id:1]
6566003,905,7:32:0,3,[PeopleData_id:1,RankTypes_id:-1,RankTypes_id:3]
6566003,901,7:32:1,3,[PeopleData_id:2]
6566003,904,7:32:1,3,[PeopleData_id:2]
6566003,902,7:32:2,3,[PeopleData_id:2,PeopleData_data0Type]
6566003,903,7:32:7,3,[PeopleData_id2,PeopleData_data0Type]
6566003,902,7:32:8,3,[PeopleData_id:2,PeopleData_data1Type]
6566003,903,7:32:10,3,[PeopleData_id2,PeopleData_data1Type]
6566003,901,7:32:11,3,[PeopleData_id:2]
6566003,904,7:32:11,3,[PeopleData_id:2]
6566003,905,7:32:14,3,[PeopleData_id:2,RankTypes_id:-1,RankTypes_id:1]
6566003,906,7:32:14,3,[]
6566003,907,7:32:15,3,[]
6566003,908,7:32:15,3,[InvitationData_id:5,PeopleData_id:3,RankTypes_id:2]
6566003,909,7:32:20,3,[InvitationData_id:5,PeopleData_id:3,RankTypes_id:2,1]
6566003,910,7:32:21,3,[InvitationData_id:5,5,false]
6566003,908,7:32:21,3,[InvitationData_id:6,PeopleData_id:0,RankTypes_id:3]
6566003,909,7:32:25,3,[InvitationData_id:6,PeopleData_id:0,RankTypes_id:3,1]
6566003,910,7:32:26,3,[InvitationData_id:6,7,false]
6566003,908,7:32:26,3,[InvitationData_id:8,PeopleData_id:5,RankTypes_id:1]
6566003,909,7:32:33,3,[InvitationData_id:8,PeopleData_id:5,RankTypes_id:1,0]
6566003,910,7:32:34,3,[InvitationData_id:8,0,false]
6566003,908,7:32:34,3,[InvitationData_id:1,PeopleData_id:5,RankTypes_id:1]
6566003,909,7:32:40,3,[InvitationData_id:1,PeopleData_id:5,RankTypes_id:1,1]
6566003,910,7:32:41,3,[InvitationData_id:1,0,true]
6566003,908,7:32:41,3,[InvitationData_id:4,PeopleData_id:0,RankTypes_id:3]
6566003,909,7:32:45,3,[InvitationData_id:4,PeopleData_id:0,RankTypes_id:3,1]
6566003,910,7:32:46,3,[InvitationData_id:4,7,false]
6566003,908,7:32:46,3,[InvitationData_id:3,PeopleData_id:0,RankTypes_id:3]
6566003,909,7:32:49,3,[InvitationData_id:3,PeopleData_id:0,RankTypes_id:3,1]
6566003,910,7:32:50,3,[InvitationData_id:3,7,false]
6566003,908,7:32:50,3,[InvitationData_id:2,PeopleData_id:0,RankTypes_id:3]
6566003,909,7:32:54,3,[InvitationData_id:2,PeopleData_id:0,RankTypes_id:3,0]
6566003,910,7:32:55,3,[InvitationData_id:2,-7,false]
6566003,908,7:32:55,3,[InvitationData_id:9,PeopleData_id:4,RankTypes_id:1]
6566003,909,7:33:1,3,[InvitationData_id:9,PeopleData_id:4,RankTypes_id:1,0]
6566003,910,7:33:2,3,[InvitationData_id:9,0,false]
6566003,908,7:33:2,3,[InvitationData_id:11,PeopleData_id:4,RankTypes_id:1]
6566003,909,7:33:10,3,[InvitationData_id:11,PeopleData_id:4,RankTypes_id:1,1]
6566003,910,7:33:10,3,[InvitationData_id:11,0,true]
6566003,908,7:33:10,3,[InvitationData_id:12,PeopleData_id:2,RankTypes_id:1]
6566003,909,7:33:15,3,[InvitationData_id:12,PeopleData_id:2,RankTypes_id:1,0]
6566003,910,7:33:16,3,[InvitationData_id:12,0,false]
6566003,908,7:33:16,3,[InvitationData_id:10,PeopleData_id:1,RankTypes_id:3]
6566003,909,7:33:21,3,[InvitationData_id:10,PeopleData_id:1,RankTypes_id:3,1]
6566003,910,7:33:22,3,[InvitationData_id:10,7,false]
6566003,908,7:33:22,3,[InvitationData_id:7,PeopleData_id:2,RankTypes_id:1]
6566003,909,7:33:26,3,[InvitationData_id:7,PeopleData_id:2,RankTypes_id:1,0]
6566003,910,7:33:27,3,[InvitationData_id:7,0,false]
6566003,908,7:33:27,3,[InvitationData_id:0,PeopleData_id:0,RankTypes_id:3]
6566003,909,7:33:36,3,[InvitationData_id:0,PeopleData_id:0,RankTypes_id:3,1]
6566003,910,7:33:36,3,[InvitationData_id:0,7,false]
6566003,911,7:33:37,3,[33,2,0,2]
6566003,1005,7:33:37,3,[2,0,1]
6566003,1000,7:33:39,3,[]
6566003,900,7:33:39,3,[]
6566003,901,7:33:41,3,[PeopleData_id:0]
6566003,904,7:33:41,3,[PeopleData_id:0]
6566003,905,7:33:42,3,[PeopleData_id:0,RankTypes_id:-1,RankTypes_id:2]
6566003,901,7:33:43,3,[PeopleData_id:2]
6566003,904,7:33:43,3,[PeopleData_id:2]
6566003,905,7:33:44,3,[PeopleData_id:2,RankTypes_id:-1,RankTypes_id:1]
6566003,901,7:33:45,3,[PeopleData_id:1]
6566003,904,7:33:45,3,[PeopleData_id:1]
6566003,905,7:33:46,3,[PeopleData_id:1,RankTypes_id:-1,RankTypes_id:2]
6566003,901,7:33:47,3,[PeopleData_id:4]
6566003,904,7:33:47,3,[PeopleData_id:4]
6566003,905,7:33:48,3,[PeopleData_id:4,RankTypes_id:-1,RankTypes_id:1]
6566003,901,7:33:49,3,[PeopleData_id:3]
6566003,904,7:33:49,3,[PeopleData_id:3]
6566003,902,7:33:52,3,[PeopleData_id:3,PeopleData_data0Type]
6566003,903,7:33:54,3,[PeopleData_id3,PeopleData_data0Type]
6566003,901,7:33:54,3,[PeopleData_id:3]
6566003,904,7:33:54,3,[PeopleData_id:3]
6566003,905,7:33:55,3,[PeopleData_id:3,RankTypes_id:-1,RankTypes_id:3]
6566003,902,7:33:57,3,[PeopleData_id:3,PeopleData_data1Type]
6566003,903,7:34:0,3,[PeopleData_id3,PeopleData_data1Type]
6566003,902,7:34:1,3,[PeopleData_id:3,PeopleData_data2Type]
6566003,903,7:34:3,3,[PeopleData_id3,PeopleData_data2Type]
6566003,902,7:34:4,3,[PeopleData_id:3,PeopleData_data3Type]
6566003,903,7:34:6,3,[PeopleData_id3,PeopleData_data3Type]
6566003,901,7:34:6,3,[PeopleData_id:5]
6566003,902,7:34:7,3,[PeopleData_id:5,PeopleData_data0Type]
6566003,903,7:34:9,3,[PeopleData_id5,PeopleData_data0Type]
6566003,901,7:34:10,3,[PeopleData_id:5]
6566003,904,7:34:10,3,[PeopleData_id:5]
6566003,901,7:34:10,3,[PeopleData_id:5]
6566003,904,7:34:10,3,[PeopleData_id:5]
6566003,905,7:34:11,3,[PeopleData_id:5,RankTypes_id:-1,RankTypes_id:0]
6566003,906,7:34:11,3,[]
6566003,901,7:34:12,3,[PeopleData_id:3]
6566003,905,7:34:12,3,[PeopleData_id:3,RankTypes_id:3,RankTypes_id:3]
6566003,901,7:34:14,3,[PeopleData_id:1]
6566003,905,7:34:14,3,[PeopleData_id:1,RankTypes_id:2,RankTypes_id:2]
6566003,902,7:34:15,3,[PeopleData_id:1,PeopleData_data0Type]
6566003,903,7:34:17,3,[PeopleData_id1,PeopleData_data0Type]
6566003,901,7:34:19,3,[PeopleData_id:1]
6566003,905,7:34:19,3,[PeopleData_id:1,RankTypes_id:2,RankTypes_id:2]
6566003,902,7:34:19,3,[PeopleData_id:1,PeopleData_data1Type]
6566003,903,7:34:21,3,[PeopleData_id1,PeopleData_data1Type]
6566003,902,7:34:21,3,[PeopleData_id:1,PeopleData_data2Type]
6566003,903,7:34:23,3,[PeopleData_id1,PeopleData_data2Type]
6566003,901,7:34:23,3,[PeopleData_id:4]
6566003,905,7:34:23,3,[PeopleData_id:4,RankTypes_id:1,RankTypes_id:1]
6566003,902,7:34:24,3,[PeopleData_id:4,PeopleData_data0Type]
6566003,903,7:34:27,3,[PeopleData_id4,PeopleData_data0Type]
6566003,902,7:34:28,3,[PeopleData_id:4,PeopleData_data2Type]
6566003,902,7:34:28,3,[PeopleData_id:4,PeopleData_data2Type]
6566003,903,7:34:29,3,[PeopleData_id4,PeopleData_data2Type]
6566003,902,7:34:30,3,[PeopleData_id:4,PeopleData_data1Type]
6566003,903,7:34:30,3,[PeopleData_id4,PeopleData_data1Type]
6566003,907,7:34:31,3,[]
6566003,908,7:34:31,3,[InvitationData_id:4,PeopleData_id:0,RankTypes_id:2]
6566003,909,7:34:35,3,[InvitationData_id:4,PeopleData_id:0,RankTypes_id:2,1]
6566003,910,7:34:36,3,[InvitationData_id:4,5,false]
6566003,908,7:34:36,3,[InvitationData_id:11,PeopleData_id:4,RankTypes_id:1]
6566003,909,7:34:42,3,[InvitationData_id:11,PeopleData_id:4,RankTypes_id:1,0]
6566003,910,7:34:43,3,[InvitationData_id:11,0,false]
6566003,908,7:34:43,3,[InvitationData_id:6,PeopleData_id:3,RankTypes_id:3]
6566003,909,7:34:48,3,[InvitationData_id:6,PeopleData_id:3,RankTypes_id:3,1]
6566003,910,7:34:49,3,[InvitationData_id:6,7,false]
6566003,908,7:34:49,3,[InvitationData_id:7,PeopleData_id:2,RankTypes_id:1]
6566003,909,7:34:55,3,[InvitationData_id:7,PeopleData_id:2,RankTypes_id:1,0]
6566003,910,7:34:56,3,[InvitationData_id:7,0,false]
6566003,908,7:34:56,3,[InvitationData_id:12,PeopleData_id:2,RankTypes_id:1]
6566003,909,7:35:0,3,[InvitationData_id:12,PeopleData_id:2,RankTypes_id:1,0]
6566003,910,7:35:6,3,[InvitationData_id:12,0,false]
6566003,908,7:35:6,3,[InvitationData_id:3,PeopleData_id:3,RankTypes_id:3]
6566003,909,7:35:14,3,[InvitationData_id:3,PeopleData_id:3,RankTypes_id:3,1]
6566003,910,7:35:15,3,[InvitationData_id:3,7,false]
6566003,908,7:35:15,3,[InvitationData_id:2,PeopleData_id:0,RankTypes_id:2]
6566003,909,7:35:17,3,[InvitationData_id:2,PeopleData_id:0,RankTypes_id:2,1]
6566003,910,7:35:21,3,[InvitationData_id:2,0,true]
6566003,908,7:35:21,3,[InvitationData_id:9,PeopleData_id:4,RankTypes_id:1]
6566003,909,7:35:23,3,[InvitationData_id:9,PeopleData_id:4,RankTypes_id:1,0]
6566003,910,7:35:24,3,[InvitationData_id:9,0,false]
6566003,908,7:35:24,3,[InvitationData_id:0,PeopleData_id:0,RankTypes_id:2]
6566003,909,7:35:26,3,[InvitationData_id:0,PeopleData_id:0,RankTypes_id:2,1]
6566003,910,7:35:27,3,[InvitationData_id:0,5,false]
6566003,908,7:35:27,3,[InvitationData_id:5,PeopleData_id:3,RankTypes_id:3]
6566003,909,7:35:31,3,[InvitationData_id:5,PeopleData_id:3,RankTypes_id:3,1]
6566003,910,7:35:32,3,[InvitationData_id:5,7,false]
6566003,908,7:35:32,3,[InvitationData_id:10,PeopleData_id:3,RankTypes_id:3]
6566003,909,7:35:35,3,[InvitationData_id:10,PeopleData_id:3,RankTypes_id:3,1]
6566003,910,7:35:36,3,[InvitationData_id:10,7,false]
6566003,911,7:35:36,3,[38,1,0,1]
6566003,1005,7:35:36,3,[2,1,2]
6566003,1001,7:35:42,3,[]
6566003,1003,7:35:42,2
6566003,1004,7:35:47,5
6566003,900,7:35:49,5,[]
6566003,901,7:35:51,5,[PeopleData_id:6]
6566003,901,7:35:53,5,[PeopleData_id:6]
6566003,904,7:35:53,5,[PeopleData_id:6]
6566003,905,7:35:54,5,[PeopleData_id:6,RankTypes_id:-1,RankTypes_id:3]
6566003,901,7:35:54,5,[PeopleData_id:7]
6566003,904,7:35:54,5,[PeopleData_id:7]
6566003,905,7:35:55,5,[PeopleData_id:7,RankTypes_id:-1,RankTypes_id:2]
6566003,901,7:35:55,5,[PeopleData_id:1]
6566003,904,7:35:55,5,[PeopleData_id:1]
6566003,905,7:35:55,5,[PeopleData_id:1,RankTypes_id:-1,RankTypes_id:1]
6566003,901,7:35:56,5,[PeopleData_id:2]
6566003,904,7:35:56,5,[PeopleData_id:2]
6566003,905,7:35:56,5,[PeopleData_id:2,RankTypes_id:-1,RankTypes_id:0]
6566003,901,7:35:57,5,[PeopleData_id:5]
6566003,904,7:35:57,5,[PeopleData_id:5]
6566003,905,7:35:58,5,[PeopleData_id:5,RankTypes_id:-1,RankTypes_id:1]
6566003,901,7:35:58,5,[PeopleData_id:3]
6566003,904,7:35:58,5,[PeopleData_id:3]
6566003,905,7:35:59,5,[PeopleData_id:3,RankTypes_id:-1,RankTypes_id:0]
6566003,901,7:36:0,5,[PeopleData_id:4]
6566003,904,7:36:0,5,[PeopleData_id:4]
6566003,905,7:36:0,5,[PeopleData_id:4,RankTypes_id:-1,RankTypes_id:2]
6566003,901,7:36:1,5,[PeopleData_id:0]
6566003,904,7:36:1,5,[PeopleData_id:0]
6566003,905,7:36:1,5,[PeopleData_id:0,RankTypes_id:-1,RankTypes_id:1]
6566003,906,7:36:1,5,[]
6566003,901,7:36:3,5,[PeopleData_id:6]
6566003,905,7:36:3,5,[PeopleData_id:6,RankTypes_id:3,RankTypes_id:3]
6566003,902,7:36:3,5,[PeopleData_id:6,PeopleData_data0Type]
6566003,903,7:36:10,5,[PeopleData_id6,PeopleData_data0Type]
6566003,902,7:36:10,5,[PeopleData_id:6,PeopleData_data1Type]
6566003,903,7:36:12,5,[PeopleData_id6,PeopleData_data1Type]
6566003,907,7:36:14,5,[]
6566003,908,7:36:14,5,[InvitationData_id:0,PeopleData_id:6,RankTypes_id:3]
6566003,909,7:36:52,5,[InvitationData_id:0,PeopleData_id:6,RankTypes_id:3,1]
6566003,910,7:36:53,5,[InvitationData_id:0,7,false]
6566003,908,7:36:53,5,[InvitationData_id:8,PeopleData_id:7,RankTypes_id:2]
6566003,909,7:36:57,5,[InvitationData_id:8,PeopleData_id:7,RankTypes_id:2,1]
6566003,910,7:36:58,5,[InvitationData_id:8,5,false]
6566003,908,7:36:58,5,[InvitationData_id:1,PeopleData_id:4,RankTypes_id:2]
6566003,909,7:37:2,5,[InvitationData_id:1,PeopleData_id:4,RankTypes_id:2,1]
6566003,910,7:37:2,5,[InvitationData_id:1,5,false]
6566003,908,7:37:2,5,[InvitationData_id:7,PeopleData_id:5,RankTypes_id:1]
6566003,909,7:37:5,5,[InvitationData_id:7,PeopleData_id:5,RankTypes_id:1,0]
6566003,910,7:37:8,5,[InvitationData_id:7,0,false]
6566003,908,7:37:8,5,[InvitationData_id:6,PeopleData_id:6,RankTypes_id:3]
6566003,909,7:37:16,5,[InvitationData_id:6,PeopleData_id:6,RankTypes_id:3,1]
6566003,910,7:37:17,5,[InvitationData_id:6,7,false]
6566003,908,7:37:17,5,[InvitationData_id:10,PeopleData_id:4,RankTypes_id:2]
6566003,909,7:37:19,5,[InvitationData_id:10,PeopleData_id:4,RankTypes_id:2,0]
6566003,910,7:37:20,5,[InvitationData_id:10,-2,false]
6566003,908,7:37:20,5,[InvitationData_id:5,PeopleData_id:7,RankTypes_id:2]
6566003,909,7:37:24,5,[InvitationData_id:5,PeopleData_id:7,RankTypes_id:2,0]
6566003,910,7:37:25,5,[InvitationData_id:5,-2,false]
6566003,908,7:37:25,5,[InvitationData_id:2,PeopleData_id:4,RankTypes_id:2]
6566003,909,7:37:29,5,[InvitationData_id:2,PeopleData_id:4,RankTypes_id:2,1]
6566003,910,7:37:29,5,[InvitationData_id:2,5,false]
6566003,908,7:37:29,5,[InvitationData_id:11,PeopleData_id:0,RankTypes_id:1]
6566003,909,7:37:33,5,[InvitationData_id:11,PeopleData_id:0,RankTypes_id:1,1]
6566003,910,7:37:33,5,[InvitationData_id:11,3,false]
6566003,908,7:37:33,5,[InvitationData_id:9,PeopleData_id:7,RankTypes_id:2]
6566003,909,7:37:35,5,[InvitationData_id:9,PeopleData_id:7,RankTypes_id:2,0]
6566003,910,7:37:36,5,[InvitationData_id:9,-2,false]
6566003,908,7:37:36,5,[InvitationData_id:4,PeopleData_id:4,RankTypes_id:2]
6566003,909,7:37:39,5,[InvitationData_id:4,PeopleData_id:4,RankTypes_id:2,0]
6566003,910,7:37:39,5,[InvitationData_id:4,-2,false]
6566003,911,7:37:41,5,[24,0,1,0]
6566003,1001,7:37:46,5,[]
6566003,1003,7:37:46,2
6566003,1004,7:37:48,5
6566003,900,7:37:50,5,[]
6566003,901,7:37:52,5,[PeopleData_id:4]
6566003,904,7:37:52,5,[PeopleData_id:4]
6566003,905,7:37:53,5,[PeopleData_id:4,RankTypes_id:-1,RankTypes_id:0]
6566003,901,7:37:54,5,[PeopleData_id:4]
6566003,904,7:37:54,5,[PeopleData_id:4]
6566003,905,7:37:54,5,[PeopleData_id:4,RankTypes_id:0,RankTypes_id:3]
6566003,901,7:37:55,5,[PeopleData_id:3]
6566003,901,7:37:55,5,[PeopleData_id:3]
6566003,904,7:37:55,5,[PeopleData_id:3]
6566003,905,7:37:56,5,[PeopleData_id:3,RankTypes_id:-1,RankTypes_id:0]
6566003,901,7:37:57,5,[PeopleData_id:5]
6566003,904,7:37:57,5,[PeopleData_id:5]
6566003,905,7:37:57,5,[PeopleData_id:5,RankTypes_id:-1,RankTypes_id:0]
6566003,901,7:37:58,5,[PeopleData_id:6]
6566003,904,7:37:58,5,[PeopleData_id:6]
6566003,905,7:37:58,5,[PeopleData_id:6,RankTypes_id:-1,RankTypes_id:2]
6566003,901,7:37:59,5,[PeopleData_id:2]
6566003,904,7:37:59,5,[PeopleData_id:2]
6566003,905,7:37:59,5,[PeopleData_id:2,RankTypes_id:-1,RankTypes_id:1]
6566003,901,7:38:0,5,[PeopleData_id:7]
6566003,904,7:38:0,5,[PeopleData_id:7]
6566003,905,7:38:0,5,[PeopleData_id:7,RankTypes_id:-1,RankTypes_id:1]
6566003,901,7:38:0,5,[PeopleData_id:0]
6566003,904,7:38:0,5,[PeopleData_id:0]
6566003,905,7:38:1,5,[PeopleData_id:0,RankTypes_id:-1,RankTypes_id:2]
6566003,901,7:38:2,5,[PeopleData_id:1]
6566003,904,7:38:2,5,[PeopleData_id:1]
6566003,905,7:38:2,5,[PeopleData_id:1,RankTypes_id:-1,RankTypes_id:1]
6566003,906,7:38:2,5,[]
6566003,901,7:38:6,5,[PeopleData_id:4]
6566003,904,7:38:6,5,[PeopleData_id:4]
6566003,905,7:38:6,5,[PeopleData_id:4,RankTypes_id:3,RankTypes_id:3]
6566003,902,7:38:7,5,[PeopleData_id:4,PeopleData_data0Type]
6566003,903,7:38:9,5,[PeopleData_id4,PeopleData_data0Type]
6566003,907,7:38:9,5,[]
6566003,908,7:38:9,5,[InvitationData_id:11,PeopleData_id:0,RankTypes_id:2]
6566003,909,7:38:12,5,[InvitationData_id:11,PeopleData_id:0,RankTypes_id:2,1]
6566003,910,7:38:13,5,[InvitationData_id:11,5,false]
6566003,908,7:38:13,5,[InvitationData_id:10,PeopleData_id:4,RankTypes_id:3]
6566003,909,7:38:15,5,[InvitationData_id:10,PeopleData_id:4,RankTypes_id:3,0]
6566003,910,7:38:16,5,[InvitationData_id:10,-7,false]
6566003,908,7:38:16,5,[InvitationData_id:1,PeopleData_id:4,RankTypes_id:3]
6566003,909,7:38:18,5,[InvitationData_id:1,PeopleData_id:4,RankTypes_id:3,1]
6566003,910,7:38:19,5,[InvitationData_id:1,7,false]
6566003,908,7:38:19,5,[InvitationData_id:2,PeopleData_id:4,RankTypes_id:3]
6566003,909,7:38:22,5,[InvitationData_id:2,PeopleData_id:4,RankTypes_id:3,1]
6566003,910,7:38:22,5,[InvitationData_id:2,7,false]
6566003,908,7:38:22,5,[InvitationData_id:8,PeopleData_id:1,RankTypes_id:1]
6566003,909,7:38:25,5,[InvitationData_id:8,PeopleData_id:1,RankTypes_id:1,1]
6566003,910,7:38:25,5,[InvitationData_id:8,3,false]
6566003,908,7:38:25,5,[InvitationData_id:9,PeopleData_id:2,RankTypes_id:1]
6566003,909,7:38:27,5,[InvitationData_id:9,PeopleData_id:2,RankTypes_id:1,0]
6566003,910,7:38:27,5,[InvitationData_id:9,0,false]
6566003,908,7:38:27,5,[InvitationData_id:0,PeopleData_id:6,RankTypes_id:2]
6566003,909,7:38:29,5,[InvitationData_id:0,PeopleData_id:6,RankTypes_id:2,1]
6566003,910,7:38:30,5,[InvitationData_id:0,5,false]
6566003,908,7:38:30,5,[InvitationData_id:5,PeopleData_id:2,RankTypes_id:1]
6566003,909,7:38:31,5,[InvitationData_id:5,PeopleData_id:2,RankTypes_id:1,0]
6566003,910,7:38:32,5,[InvitationData_id:5,0,false]
6566003,908,7:38:32,5,[InvitationData_id:4,PeopleData_id:4,RankTypes_id:3]
6566003,909,7:38:34,5,[InvitationData_id:4,PeopleData_id:4,RankTypes_id:3,0]
6566003,910,7:38:34,5,[InvitationData_id:4,-7,false]
6566003,908,7:38:34,5,[InvitationData_id:6,PeopleData_id:0,RankTypes_id:2]
6566003,909,7:38:36,5,[InvitationData_id:6,PeopleData_id:0,RankTypes_id:2,1]
6566003,910,7:38:36,5,[InvitationData_id:6,5,false]
6566003,911,7:38:37,5,[18,0,0,0]
6566003,1001,7:38:44,5,[]
6566003,1003,7:38:44,2
6566003,210,7:38:48,753,452
6566003,211,7:38:51,-10,402
6566003,210,7:38:52,55,330
6566003,211,7:38:55,-5,602
6566003,212,7:38:56,1
6566003,210,7:38:56,110,410
6566003,211,7:38:57,0,486
6566003,210,7:39:1,232,403
6566003,211,7:39:2,25,487
6566003,210,7:39:3,44,492
6566003,211,7:39:5,829,179
6566003,213,7:39:5,10,s_pictureMom_cauc_gen,false
6566003,1003,7:39:9,1
6566003,1004,7:39:34,9
6566003,1002,7:39:36,9
6566003,1003,7:39:36,1
6566003,1004,7:39:37,8
6566003,1002,7:39:42,8
6566003,1003,7:39:42,1
6566003,204,7:39:45,10
6566003,100,7:39:47,10
6566003,102,7:39:47,10
6566003,200,7:39:47,10,12,15,16,15,18
6566003,204,7:39:51,10
6566003,100,7:39:54,6
6566003,102,7:39:55,6
6566003,200,7:39:55,6,12,15,16,15,18
6566003,219,7:39:55,6
6566003,216,7:39:57,Stack_G10a0
6566003,217,7:40:12,Stack_G10a0,13,0.00
6566003,218,7:40:17,6
6566003,210,7:40:17,888,442
6566003,211,7:40:20,916,231
6566003,213,7:40:20,6,s_door_M_gen,true
6566003,212,7:40:25,0
6566003,210,7:40:25,873,508
6566003,211,7:40:26,898,574
6566003,212,7:40:26,1
6566003,212,7:40:27,2
6566003,210,7:40:27,881,531
6566003,211,7:40:27,903,574
6566003,213,7:40:27,6,c_crush1_M_b_G10a0,true
6566003,205,7:40:27,6,c_crush1_M_b_G10a0,false,false
6566003,210,7:40:31,582,534
6566003,211,7:40:33,388,578
6566003,213,7:40:33,6,s_bed1_M_G10a0,true
6566003,210,7:40:35,670,408
6566003,211,7:40:38,1071,558
6566003,212,7:40:38,0
6566003,207,7:40:39,6,-200,-260
6566003,210,7:40:39,1211,480
6566003,207,7:40:39,6,-260,-512
6566003,211,7:40:42,1103,599
6566003,210,7:40:44,1297,313
6566003,211,7:40:45,1279,359
6566003,213,7:40:45,6,s_window_M_G10a0,true
6566003,1003,7:40:50,0
6566003,1004,7:40:56,8
6566003,1002,7:41:4,8
6566003,1003,7:41:4,0
6566003,219,7:41:7,6
6566003,216,7:41:9,Stack_G10a1N
6566003,217,7:41:23,Stack_G10a1N,8.0,0.00
6566003,218,7:41:25,6
6566003,210,7:41:28,814,542
6566003,207,7:41:30,6,-200,0
6566003,211,7:41:33,1231,335
6566003,207,7:41:33,6,0,-225
6566003,210,7:41:33,1268,382
6566003,207,7:41:34,6,-225,-510
6566003,207,7:41:36,6,-510,0
6566003,211,7:41:36,21,581
6566003,212,7:41:37,1
6566003,210,7:41:38,198,466
6566003,211,7:41:38,182,509
6566003,212,7:41:39,2
6566003,210,7:41:39,176,468
6566003,211,7:41:40,181,479
6566003,213,7:41:40,6,c_crush1_M_b_G10a1N,true
6566003,205,7:41:40,6,c_crush1_M_b_G10a1N,false,false
6566003,210,7:41:44,509,466
6566003,207,7:41:52,6,0,-195
6566003,211,7:41:53,1074,301
6566003,213,7:41:53,6,s_mirror_M_G10a1N,true
6566003,205,7:41:53,6,s_mirror_M_G10a1N,false,false
6566003,210,7:41:56,1108,523
6566003,207,7:41:56,6,-195,-225
6566003,207,7:41:56,6,-225,-315
6566003,207,7:41:58,6,-315,-512
6566003,211,7:41:59,1092,528
6566003,212,7:41:59,1
6566003,210,7:41:59,1082,495
6566003,211,7:42:0,1073,497
6566003,212,7:42:2,0
6566003,210,7:42:2,1044,508
6566003,211,7:42:3,1079,505
6566003,210,7:42:3,923,580
6566003,207,7:42:5,6,-512,-467
6566003,207,7:42:5,6,-467,-302
6566003,207,7:42:6,6,-302,-212
6566003,207,7:42:7,6,-212,0
6566003,211,7:42:10,217,500
6566003,219,7:42:11,6
6566003,216,7:42:12,Stack_G10a2N
6566003,217,7:42:26,Stack_G10a2N,12,1.0
6566003,218,7:42:27,6
6566003,210,7:42:30,652,352
6566003,211,7:42:31,584,538
6566003,210,7:42:32,563,460
6566003,207,7:42:35,6,-200,-492
6566003,207,7:42:39,6,-492,-297
6566003,211,7:42:41,435,209
6566003,213,7:42:41,6,s_pamphlet3_G10a2N,true
6566003,205,7:42:41,6,s_pamphlet3_G10a2N,false,false
6566003,210,7:42:44,599,336
6566003,207,7:42:46,6,-297,0
6566003,211,7:42:47,204,584
6566003,212,7:42:48,2
6566003,210,7:42:49,235,608
6566003,211,7:42:51,479,234
6566003,213,7:42:51,6,s_pamphlet5_G10a2N,true
6566003,205,7:42:51,6,s_pamphlet5_G10a2N,false,false
6566003,210,7:42:54,633,395
6566003,211,7:42:55,726,386
6566003,213,7:42:55,6,s_cot_G10a2N,true
6566003,212,7:42:59,1
6566003,210,7:42:59,605,426
6566003,211,7:43:0,616,466
6566003,213,7:43:0,6,c_nurse_G10a2N,true
6566003,205,7:43:0,6,c_nurse_G10a2N,false,false
6566003,210,7:43:3,1048,449
6566003,207,7:43:4,6,0,-180
6566003,211,7:43:5,1123,489
6566003,213,7:43:5,6,s_phone_G10a2N,true
6566003,205,7:43:5,6,s_phone_G10a2N,false,false
6566003,210,7:43:9,1130,456
6566003,207,7:43:12,6,-180,-465
6566003,207,7:43:12,6,-465,-492
6566003,211,7:43:14,1182,153
6566003,212,7:43:16,0
6566003,210,7:43:16,1358,500
6566003,211,7:43:21,711,684
6566003,221,7:43:23,6
6566003,220,7:43:24,6
6566003,221,7:43:28,6
6566003,220,7:43:29,6
6566003,210,7:43:33,793,586
6566003,207,7:43:34,6,-200,-245
6566003,211,7:43:35,984,282
6566003,212,7:43:35,1
6566003,210,7:43:36,990,252
6566003,211,7:43:37,994,316
6566003,212,7:43:37,2
6566003,210,7:43:37,965,245
6566003,211,7:43:38,985,287
6566003,212,7:43:39,0
6566003,210,7:43:39,1040,264
6566003,207,7:43:40,6,-245,-485
6566003,211,7:43:41,1390,342
6566003,210,7:43:42,1237,330
6566003,211,7:43:42,1317,284
6566003,210,7:44:32,807,564
6566003,211,7:44:38,777,641
6566003,213,7:44:38,6,s_crushClothes_M_G10a1N,true
6566003,210,7:45:15,1071,498
6566003,207,7:45:18,6,-485,-20
6566003,207,7:45:19,6,-20,-185
6566003,207,7:45:19,6,-185,-230
6566003,207,7:45:20,6,-230,-512
6566003,211,7:45:22,1025,680
6566003,221,7:45:24,6
6566003,220,7:45:25,6
6566003,210,7:45:28,502,418
6566003,207,7:45:30,6,-200,-215
6566003,207,7:45:31,6,-215,-365
6566003,207,7:45:32,6,-365,-245
6566003,207,7:45:33,6,-245,-215
6566003,207,7:45:35,6,-215,0
6566003,211,7:45:39,1074,418
6566003,207,7:45:39,6,0,-75
6566003,210,7:45:39,866,444
6566003,211,7:45:40,1075,532
6566003,207,7:45:40,6,-75,-120
6566003,212,7:45:42,1
6566003,210,7:45:42,991,495
6566003,207,7:45:44,6,-120,-375
6566003,211,7:45:45,1295,488
6566003,207,7:45:46,6,-375,-345
6566003,204,7:45:48,6
6566003,0,7:43:5,12/2/2013 4:27:15pm
6566003,1003,7:43:7,3
6566003,100,7:43:11,5
6566003,102,7:43:12,5
6566003,200,7:43:12,5,12,15,16,15,18
6566003,210,7:43:15,781,364
6566003,207,7:43:18,5,-200,-155
6566003,211,7:43:18,316,673
6566003,221,7:43:19,5
6566003,220,7:43:21,5
6566003,210,7:43:25,844,482
6566003,207,7:43:26,5,-200,0
6566003,211,7:43:27,126,297
6566003,204,7:43:28,5
6566003,100,7:43:32,5
6566003,102,7:43:33,5
6566003,200,7:43:33,5,12,15,16,15,18
6566003,221,7:43:35,5
6566003,220,7:43:37,5
6566003,1003,7:43:37,3
6566003,1004,7:43:38,5
6566003,500,7:43:41,5,[]
6566003,501,7:43:46,5,[]
6566003,502,7:43:54,5,[IntentionData_logId:2,true]
6566003,503,7:43:55,5,[]
6566003,504,7:44:3,5,[InfluenceData_logId:2]
6566003,504,7:44:8,5,[InfluenceData_logId:8]
6566003,504,7:44:10,5,[InfluenceData_logId:3]
6566003,505,7:44:11,5,[InfluenceData_logId:2,true,InfluenceData_logId:3,false,InfluenceData_logId:8,true]
6566003,506,7:44:13,5,[]
6566003,507,7:44:19,5,[OpponentAttackData_logId:1,OpponentAttackTypeData_logId:4,false,30]
6566003,1002,7:44:23,5
6566003,1003,7:44:23,3
6566003,1004,7:44:25,5
6566003,500,7:44:26,5,[]
6566003,501,7:44:28,5,[]
6566003,502,7:44:56,5,[IntentionData_logId:2,true]
6566003,503,7:44:57,5,[]
6566003,504,7:45:0,5,[InfluenceData_logId:2]
6566003,504,7:45:3,5,[InfluenceData_logId:4]
6566003,504,7:45:4,5,[InfluenceData_logId:8]
6566003,505,7:45:5,5,[InfluenceData_logId:2,true,InfluenceData_logId:4,false,InfluenceData_logId:8,true]
6566003,506,7:45:6,5,[]
6566003,1002,7:45:8,5
6566003,1003,7:45:8,3
6566003,1004,7:45:9,5
6566003,500,7:45:11,5,[]
6566003,501,7:45:12,5,[]
6566003,502,7:45:16,5,[IntentionData_logId:2,true]
6566003,503,7:45:17,5,[]
6566003,504,7:45:18,5,[InfluenceData_logId:2]
6566003,504,7:45:20,5,[InfluenceData_logId:4]
6566003,504,7:45:21,5,[InfluenceData_logId:8]
6566003,505,7:45:22,5,[InfluenceData_logId:2,true,InfluenceData_logId:4,false,InfluenceData_logId:8,true]
6566003,506,7:45:25,5,[]
6566003,1002,7:45:27,5
6566003,1003,7:45:27,3
6566003,1004,7:45:28,5
6566003,500,7:45:30,5,[]
6566003,501,7:45:31,5,[]
6566003,502,7:45:33,5,[IntentionData_logId:2,true]
6566003,503,7:45:34,5,[]
6566003,504,7:45:39,5,[InfluenceData_logId:6]
6566003,504,7:45:39,5,[InfluenceData_logId:2]
6566003,504,7:45:42,5,[InfluenceData_logId:5]
6566003,504,7:45:44,5,[InfluenceData_logId:8]
6566003,505,7:45:46,5,[InfluenceData_logId:2,true,InfluenceData_logId:5,true,InfluenceData_logId:8,true]
6566003,506,7:45:48,5,[]
6566003,507,7:46:12,5,[OpponentAttackData_logId:0,OpponentAttackTypeData_logId:0,false,30]
6566003,508,7:46:15,5,[]
6566003,509,7:46:19,5,[RefusalData_logId:2,2]
6566003,510,7:46:21,5,[AvailableRefusalData_logId:2,0B]
6566003,510,7:46:24,5,[AvailableRefusalData_logId:2,0A]
6566003,510,7:46:25,5,[AvailableRefusalData_logId:2,1A]
6566003,510,7:46:28,5,[AvailableRefusalData_logId:2,2A]
6566003,511,7:46:28,5,[AvailableRefusalData_logId:2,0A,1A,2A,true,50]
6566003,512,7:46:31,5,[]
6566003,513,7:46:31,5,[0]
6566003,514,7:46:31,5,[]
6566003,507,7:46:43,5,[OpponentAttackData_logId:2,OpponentAttackTypeData_logId:3,false,30]
6566003,508,7:46:45,5,[]
6566003,509,7:46:52,5,[RefusalData_logId:3,1]
6566003,510,7:46:55,5,[AvailableRefusalData_logId:3,0A]
6566003,510,7:47:34,5,[AvailableRefusalData_logId:3,1A]
6566003,510,7:47:39,5,[AvailableRefusalData_logId:3,2A]
6566003,511,7:47:39,5,[AvailableRefusalData_logId:3,0A,1A,2A,true,30]
6566003,512,7:47:42,5,[]
6566003,513,7:47:42,5,[0]
6566003,514,7:47:43,5,[]
6566003,507,7:48:0,5,[OpponentAttackData_logId:3,OpponentAttackTypeData_logId:4,false,30]
6566003,508,7:48:2,5,[]
6566003,509,7:48:6,5,[RefusalData_logId:5,1]
6566003,510,7:50:0,5,[AvailableRefusalData_logId:5,0A]
6566003,510,7:50:1,5,[AvailableRefusalData_logId:5,1A]
6566003,510,7:50:3,5,[AvailableRefusalData_logId:5,2C]
6566003,511,7:50:4,5,[AvailableRefusalData_logId:5,0A,1A,2C,false,0]
6566003,512,7:50:6,5,[]
6566003,513,7:50:6,5,[30]
6566003,514,7:50:8,5,[]
6566003,507,7:50:17,5,[OpponentAttackData_logId:1,OpponentAttackTypeData_logId:4,false,30]
6566003,508,7:50:19,5,[]
6566003,515,7:50:19,5,[0,20]
6566003,516,7:50:20,5,[]
6566003,517,7:50:22,5,[]
6566003,1000,7:50:24,5,[]
6566003,500,7:50:24,5,[]
6566003,501,7:50:26,5,[]
6566003,502,7:50:29,5,[IntentionData_logId:2,true]
6566003,503,7:50:33,5,[]
6566003,504,7:50:36,5,[InfluenceData_logId:2]
6566003,504,7:50:39,5,[InfluenceData_logId:5]
6566003,504,7:50:41,5,[InfluenceData_logId:8]
6566003,505,7:50:42,5,[InfluenceData_logId:2,true,InfluenceData_logId:5,true,InfluenceData_logId:8,true]
6566003,506,7:50:43,5,[]
6566003,507,7:50:52,5,[OpponentAttackData_logId:1,OpponentAttackTypeData_logId:2,false,30]
6566003,508,7:50:55,5,[]
6566003,509,7:51:5,5,[RefusalData_logId:2,2]
6566003,510,7:51:26,5,[AvailableRefusalData_logId:2,0A]
6566003,510,7:51:27,5,[AvailableRefusalData_logId:2,1C]
6566003,510,7:51:28,5,[AvailableRefusalData_logId:2,1A]
6566003,510,7:51:29,5,[AvailableRefusalData_logId:2,2A]
6566003,511,7:51:30,5,[AvailableRefusalData_logId:2,0A,1A,2A,true,50]
6566003,512,7:51:40,5,[]
6566003,513,7:51:40,5,[0]
6566003,514,7:51:40,5,[]
6566003,507,7:51:47,5,[OpponentAttackData_logId:3,OpponentAttackTypeData_logId:4,false,30]
6566003,508,7:51:51,5,[]
6566003,509,7:51:56,5,[RefusalData_logId:3,1]
6566003,510,7:51:58,5,[AvailableRefusalData_logId:3,0A]
6566003,510,7:51:59,5,[AvailableRefusalData_logId:3,1A]
6566003,510,7:52:0,5,[AvailableRefusalData_logId:3,2A]
6566003,511,7:52:1,5,[AvailableRefusalData_logId:3,0A,1A,2A,true,30]
6566003,512,7:52:4,5,[]
6566003,513,7:52:4,5,[0]
6566003,514,7:52:5,5,[]
6566003,507,7:52:11,5,[OpponentAttackData_logId:2,OpponentAttackTypeData_logId:2,true,0]
6566003,508,7:52:13,5,[]
6566003,509,7:52:18,5,[RefusalData_logId:7,0]
6566003,510,7:52:29,5,[AvailableRefusalData_logId:7,1C]
6566003,510,7:52:31,5,[AvailableRefusalData_logId:7,0B]
6566003,510,7:52:32,5,[AvailableRefusalData_logId:7,0C]
6566003,510,7:52:37,5,[AvailableRefusalData_logId:7,1B]
6566003,510,7:52:48,5,[AvailableRefusalData_logId:7,0A]
6566003,510,7:52:49,5,[AvailableRefusalData_logId:7,1A]
6566003,510,7:52:49,5,[AvailableRefusalData_logId:7,2A]
6566003,511,7:52:50,5,[AvailableRefusalData_logId:7,0A,1A,2A,true,20]
6566003,512,7:52:53,5,[]
6566003,515,7:52:53,5,[90,0]
6566003,516,7:52:56,5,[]
6566003,517,7:52:59,5,[]
6566003,1005,7:52:59,5,[3,0,2]
6566003,1001,7:53:1,5,[]
6566003,1003,7:53:1,3
6566003,1004,7:53:3,6
6566003,500,7:53:9,6,[]
6566003,501,7:53:32,6,[]
6566003,502,7:53:41,6,[IntentionData_logId:4,true]
6566003,503,7:53:46,6,[]
6566003,504,7:53:59,6,[InfluenceData_logId:7]
6566003,504,7:54:2,6,[InfluenceData_logId:3]
6566003,504,7:54:4,6,[InfluenceData_logId:0]
6566003,505,7:54:5,6,[InfluenceData_logId:0,false,InfluenceData_logId:3,true,InfluenceData_logId:7,true]
6566003,506,7:54:11,6,[]
6566003,507,7:54:31,6,[OpponentAttackData_logId:3,OpponentAttackTypeData_logId:3,true,0]
6566003,508,7:54:33,6,[]
6566003,509,7:54:44,6,[RefusalData_logId:9,2]
6566003,510,7:54:46,6,[AvailableRefusalData_logId:9,0B]
6566003,510,7:54:51,6,[AvailableRefusalData_logId:9,0A]
6566003,510,7:54:51,6,[AvailableRefusalData_logId:9,1A]
6566003,510,7:54:53,6,[AvailableRefusalData_logId:9,2A]
6566003,511,7:54:54,6,[AvailableRefusalData_logId:9,0A,1A,2A,true,50]
6566003,512,7:54:56,6,[]
6566003,513,7:54:56,6,[0]
6566003,514,7:55:1,6,[]
6566003,507,7:55:11,6,[OpponentAttackData_logId:1,OpponentAttackTypeData_logId:4,false,30]
6566003,508,7:55:13,6,[]
6566003,509,7:55:18,6,[RefusalData_logId:2,1]
6566003,510,7:55:20,6,[AvailableRefusalData_logId:2,0C]
6566003,510,7:55:23,6,[AvailableRefusalData_logId:2,0A]
6566003,510,7:55:25,6,[AvailableRefusalData_logId:2,1B]
6566003,510,7:55:31,6,[AvailableRefusalData_logId:2,1A]
6566003,510,7:55:31,6,[AvailableRefusalData_logId:2,2A]
6566003,511,7:55:32,6,[AvailableRefusalData_logId:2,0A,1A,2A,true,30]
6566003,512,7:55:38,6,[]
6566003,513,7:55:38,6,[0]
6566003,514,7:55:43,6,[]
6566003,507,7:55:53,6,[OpponentAttackData_logId:0,OpponentAttackTypeData_logId:1,true,0]
6566003,508,7:55:55,6,[]
6566003,509,7:55:58,6,[RefusalData_logId:0,2]
6566003,510,7:56:4,6,[AvailableRefusalData_logId:0,0A]
6566003,510,7:56:5,6,[AvailableRefusalData_logId:0,1A]
6566003,510,7:56:5,6,[AvailableRefusalData_logId:0,2A]
6566003,511,7:56:6,6,[AvailableRefusalData_logId:0,0A,1A,2A,true,50]
6566003,512,7:56:21,6,[]
6566003,515,7:56:21,6,[110,0]
6566003,516,7:56:24,6,[]
6566003,517,7:56:26,6,[]
6566003,1005,7:56:26,6,[3,0,3]
6566003,1001,7:56:34,6,[]
6566003,1003,7:56:34,3
6566003,221,7:56:42,5
6566003,220,7:56:44,5
6566003,204,7:56:46,5
6566003,100,7:56:51,6
6566003,102,7:56:52,6
6566003,200,7:56:52,6,12,15,16,20,18
6566003,221,7:57:30,6
6566003,220,7:57:35,6
6566003,221,7:57:38,6
6566003,220,7:57:40,6
6566003,221,7:57:49,6
6566003,220,7:57:52,6
6566003,212,7:57:53,0
6566003,210,7:57:54,1049,268
6566003,207,7:57:56,6,-200,0
6566003,211,7:58:1,3,395
6566003,210,7:58:3,503,182
6566003,211,7:58:3,502,194
6566003,213,7:58:3,6,s_calendar_M_gen,true
6566003,210,7:58:5,430,336
6566003,207,7:58:8,6,0,-285
6566003,207,7:58:9,6,-285,-512
6566003,207,7:58:11,6,-512,-377
6566003,211,7:58:13,503,485
6566003,213,7:58:13,6,s_condom_M_G10a1N,true
6566003,210,7:58:21,496,422
6566003,211,7:58:23,505,486
6566003,213,7:58:23,6,s_condom_M_G10a1N,true
6566003,1003,7:58:29,0
6566003,1004,7:58:32,5
6566003,400,7:58:34,5,[]
6566003,401,7:58:48,5,[StatementsData_logId:0]
6566003,403,7:58:50,5,[StatementsData_logId:0,true]
6566003,405,7:58:51,5,[StatementsData_logId:0]
6566003,406,7:58:52,5,[StatementsData_logId:0,2]
6566003,407,7:58:52,5,[StatementsData_logId:0,FactCardData_id:4]
6566003,407,7:58:52,5,[StatementsData_logId:0,FactCardData_id:5]
6566003,407,7:58:52,5,[StatementsData_logId:0,FactCardData_id:27]
6566003,407,7:58:52,5,[StatementsData_logId:0,FactCardData_id:26]
6566003,407,7:58:52,5,[StatementsData_logId:0,FactCardData_id:24]
6566003,407,7:58:52,5,[StatementsData_logId:0,FactCardData_id:1]
6566003,407,7:58:55,5,[StatementsData_logId:0,FactCardData_id:27]
6566003,407,7:58:55,5,[StatementsData_logId:0,FactCardData_id:27]
6566003,408,7:58:59,5,[StatementsData_logId:0,FactCardData_id:27,true]
6566003,409,7:58:59,5,[StatementsData_logId:0]
6566003,410,7:59:1,5,[StatementsData_logId:0,2]
6566003,412,7:59:5,5,[StatementsData_logId:0]
6566003,413,7:59:10,5,[StatementsData_logId:0,DuelResponsesData_logId:0]
6566003,414,7:59:11,5,[StatementsData_logId:0,DuelResponsesData_logId:0]
6566003,415,7:59:26,5,[StatementsData_logId:0,DuelResponsesData_logId:0,DuelResponsesData_witty_player_response]
6566003,416,7:59:27,5,[StatementsData_logId:0,DuelResponsesData_logId:0]
6566003,417,7:59:28,5,[StatementsData_logId:0,DuelResponsesData_logId:0]
6566003,413,7:59:37,5,[StatementsData_logId:0,DuelResponsesData_logId:1]
6566003,414,7:59:39,5,[StatementsData_logId:0,DuelResponsesData_logId:1]
6566003,415,7:59:56,5,[StatementsData_logId:0,DuelResponsesData_logId:1,DuelResponsesData_ok_player_response]
6566003,416,7:59:57,5,[StatementsData_logId:0,DuelResponsesData_logId:1]
6566003,417,7:59:58,5,[StatementsData_logId:0,DuelResponsesData_logId:1]
6566003,413,7:59:59,5,[StatementsData_logId:0,DuelResponsesData_logId:2]
6566003,414,8:0:0,5,[StatementsData_logId:0,DuelResponsesData_logId:2]
6566003,415,8:0:2,5,[StatementsData_logId:0,DuelResponsesData_logId:2,DuelResponsesData_ok_player_response]
6566003,416,8:0:3,5,[StatementsData_logId:0,DuelResponsesData_logId:2]
6566003,417,8:0:4,5,[StatementsData_logId:0,DuelResponsesData_logId:2]
6566003,418,8:0:4,5,[StatementsData_logId:0,true]
6566003,419,8:0:4,5,[StatementsData_logId:0,4]
6566003,411,8:0:5,5,[StatementsData_logId:0]
6566003,401,8:0:10,5,[StatementsData_logId:1]
6566003,404,8:0:16,5,[StatementsData_logId:1,true]
6566003,406,8:0:17,5,[StatementsData_logId:1,2]
6566003,412,8:0:20,5,[StatementsData_logId:1]
6566003,413,8:0:33,5,[StatementsData_logId:1,DuelResponsesData_logId:3]
6566003,414,8:0:35,5,[StatementsData_logId:1,DuelResponsesData_logId:3]
6566003,415,8:0:45,5,[StatementsData_logId:1,DuelResponsesData_logId:3,DuelResponsesData_ok_player_response]
6566003,416,8:0:46,5,[StatementsData_logId:1,DuelResponsesData_logId:3]
6566003,417,8:0:46,5,[StatementsData_logId:1,DuelResponsesData_logId:3]
6566003,413,8:0:46,5,[StatementsData_logId:1,DuelResponsesData_logId:4]
6566003,414,8:0:47,5,[StatementsData_logId:1,DuelResponsesData_logId:4]
6566003,415,8:0:50,5,[StatementsData_logId:1,DuelResponsesData_logId:4,DuelResponsesData_ok_player_response]
6566003,416,8:0:50,5,[StatementsData_logId:1,DuelResponsesData_logId:4]
6566003,417,8:0:51,5,[StatementsData_logId:1,DuelResponsesData_logId:4]
6566003,413,8:0:51,5,[StatementsData_logId:1,DuelResponsesData_logId:5]
6566003,414,8:0:52,5,[StatementsData_logId:1,DuelResponsesData_logId:5]
6566003,415,8:0:54,5,[StatementsData_logId:1,DuelResponsesData_logId:5,DuelResponsesData_witty_player_response]
6566003,416,8:0:55,5,[StatementsData_logId:1,DuelResponsesData_logId:5]
6566003,417,8:0:55,5,[StatementsData_logId:1,DuelResponsesData_logId:5]
6566003,418,8:0:55,5,[StatementsData_logId:1,true]
6566003,419,8:0:56,5,[StatementsData_logId:1,4]
6566003,411,8:0:58,5,[StatementsData_logId:1]
6566003,401,8:1:8,5,[StatementsData_logId:2]
6566003,404,8:1:14,5,[StatementsData_logId:2,false]
6566003,405,8:1:15,5,[StatementsData_logId:2]
6566003,406,8:1:15,5,[StatementsData_logId:2,-2]
6566003,411,8:1:17,5,[StatementsData_logId:2]
6566003,401,8:1:23,5,[StatementsData_logId:3]
6566003,402,8:1:26,5,[StatementsData_logId:3,true]
6566003,405,8:1:27,5,[StatementsData_logId:3]
6566003,406,8:1:28,5,[StatementsData_logId:3,2]
6566003,411,8:1:28,5,[StatementsData_logId:3]
6566003,401,8:1:36,5,[StatementsData_logId:4]
6566003,402,8:1:42,5,[StatementsData_logId:4,false]
6566003,405,8:1:43,5,[StatementsData_logId:4]
6566003,406,8:1:44,5,[StatementsData_logId:4,-2]
6566003,411,8:1:45,5,[StatementsData_logId:4]
6566003,401,8:1:47,5,[StatementsData_logId:5]
6566003,403,8:1:48,5,[StatementsData_logId:5,false]
6566003,405,8:1:49,5,[StatementsData_logId:5]
6566003,406,8:1:50,5,[StatementsData_logId:5,-2]
6566003,411,8:1:51,5,[StatementsData_logId:5]
6566003,420,8:1:51,5,[52]
6566003,1005,8:1:51,5,[0,0,1]
6566003,1001,8:1:54,5,[]
6566003,1003,8:1:54,0
6566003,1004,8:2:14,9
6566003,400,8:2:16,9,[]
6566003,401,8:2:30,9,[StatementsData_logId:0]
6566003,402,8:2:32,9,[StatementsData_logId:0,false]
6566003,405,8:2:33,9,[StatementsData_logId:0]
6566003,406,8:2:33,9,[StatementsData_logId:0,-2]
6566003,411,8:2:34,9,[StatementsData_logId:0]
6566003,401,8:2:35,9,[StatementsData_logId:1]
6566003,404,8:2:35,9,[StatementsData_logId:1,false]
6566003,405,8:2:36,9,[StatementsData_logId:1]
6566003,1002,8:2:38,9
6566003,1003,8:2:38,0
6566003,1004,8:2:39,9
6566003,400,8:2:40,9,[]
6566003,401,8:2:44,9,[StatementsData_logId:0]
6566003,403,8:2:45,9,[StatementsData_logId:0,false]
6566003,405,8:2:46,9,[StatementsData_logId:0]
6566003,406,8:2:46,9,[StatementsData_logId:0,-2]
6566003,411,8:2:48,9,[StatementsData_logId:0]
6566003,1002,8:2:49,9
6566003,1003,8:2:49,0
6566003,204,8:2:54,6
6566003,100,8:2:57,8
6566003,102,8:3:1,8
6566003,200,8:3:1,8,13,15,16,20,18
6566003,210,8:3:2,608,492
6566003,211,8:3:3,650,563
6566003,213,8:3:3,8,s_backpack_G11a0,true
6566003,210,8:3:9,690,534
6566003,211,8:3:10,636,677
6566003,210,8:3:10,665,553
6566003,211,8:3:12,657,582
6566003,213,8:3:12,8,s_backpack_G11a0,true
6566003,1003,8:3:16,0
6566003,210,8:3:21,117,535
6566003,211,8:3:23,947,248
6566003,212,8:3:23,1
6566003,210,8:3:24,911,218
6566003,211,8:3:27,924,265
6566003,213,8:3:27,8,s_lockChain_G11a0,false
6566003,210,8:3:36,896,192
6566003,211,8:3:37,718,180
6566003,213,8:3:37,8,s_mirror_G11a0,false
6566003,1003,8:3:42,1
6566003,1004,8:3:48,5
6566003,800,8:3:50,5,[]
6566003,801,8:3:51,5,[]
6566003,814,8:3:57,5,[4]
6566003,815,8:3:57,5,4,OpportunityCardData_id:25
6566003,816,8:3:58,5,4,OpportunityCardData_id:25
6566003,803,8:3:59,5,[OpportunityCardData_id:25,OpportunityCardConsequencesData_logId:1]
6566003,805,8:4:0,5,[OpportunityCardData_id:25]
6566003,807,8:4:0,5,[OpportunityCardData_id:25]
6566003,808,8:4:2,5,[OpportunityCardData_id:25]
6566003,809,8:4:7,5,[OpportunityCardData_id:25,PriorityData_type:0,false]
6566003,810,8:4:8,5,[OpportunityCardData_id:25,PriorityData_type:4,15,PriorityData_type:0,25]
6566003,814,8:4:12,5,[1]
6566003,815,8:4:12,5,1,OpportunityCardData_id:7
6566003,816,8:4:14,5,1,OpportunityCardData_id:7
6566003,803,8:4:14,5,[OpportunityCardData_id:7,OpportunityCardConsequencesData_logId:0]
6566003,803,8:4:16,5,[OpportunityCardData_id:7,OpportunityCardConsequencesData_logId:1]
6566003,805,8:4:16,5,[OpportunityCardData_id:7]
6566003,807,8:4:17,5,[OpportunityCardData_id:7]
6566003,808,8:4:19,5,[OpportunityCardData_id:7]
6566003,809,8:4:26,5,[OpportunityCardData_id:7,PriorityData_type:4,false]
6566003,810,8:4:28,5,[OpportunityCardData_id:7,PriorityData_type:1,20,PriorityData_type:4,10]
6566003,814,8:4:33,5,[1]
6566003,815,8:4:33,5,1,OpportunityCardData_id:8
6566003,815,8:4:35,5,1,OpportunityCardData_id:12
6566003,817,8:4:35,5,1
6566003,814,8:4:36,5,[4]
6566003,815,8:4:36,5,4,OpportunityCardData_id:26
6566003,816,8:4:37,5,4,OpportunityCardData_id:26
6566003,803,8:4:38,5,[OpportunityCardData_id:26,OpportunityCardConsequencesData_logId:0]
6566003,803,8:4:39,5,[OpportunityCardData_id:26,OpportunityCardConsequencesData_logId:1]
6566003,805,8:4:39,5,[OpportunityCardData_id:26]
6566003,807,8:4:40,5,[OpportunityCardData_id:26]
6566003,808,8:4:43,5,[OpportunityCardData_id:26]
6566003,809,8:4:52,5,[OpportunityCardData_id:26,Safe,false]
6566003,810,8:4:54,5,[OpportunityCardData_id:26,PriorityData_type:4,15,Safe,Safe]
6566003,814,8:4:58,5,[1]
6566003,815,8:4:58,5,1,OpportunityCardData_id:8
6566003,816,8:4:59,5,1,OpportunityCardData_id:8
6566003,803,8:5:1,5,[OpportunityCardData_id:8,OpportunityCardConsequencesData_logId:0]
6566003,803,8:5:3,5,[OpportunityCardData_id:8,OpportunityCardConsequencesData_logId:1]
6566003,805,8:5:4,5,[OpportunityCardData_id:8]
6566003,807,8:5:5,5,[OpportunityCardData_id:8]
6566003,808,8:5:8,5,[OpportunityCardData_id:8]
6566003,809,8:5:18,5,[OpportunityCardData_id:8,PriorityData_type:2,false]
6566003,810,8:5:18,5,[OpportunityCardData_id:8,PriorityData_type:1,20,PriorityData_type:2,20]
6566003,814,8:5:23,5,[4]
6566003,815,8:5:23,5,4,OpportunityCardData_id:27
6566003,816,8:5:26,5,4,OpportunityCardData_id:27
6566003,803,8:5:27,5,[OpportunityCardData_id:27,OpportunityCardConsequencesData_logId:1]
6566003,803,8:5:28,5,[OpportunityCardData_id:27,OpportunityCardConsequencesData_logId:0]
6566003,805,8:5:28,5,[OpportunityCardData_id:27]
6566003,807,8:5:30,5,[OpportunityCardData_id:27]
6566003,808,8:5:31,5,[OpportunityCardData_id:27]
6566003,809,8:5:38,5,[OpportunityCardData_id:27,Safe,false]
6566003,810,8:5:38,5,[OpportunityCardData_id:27,PriorityData_type:4,15,Safe,Safe]
6566003,818,8:5:40,5,7
6566003,811,8:5:41,5,[OpportunityCardData_id:27,PriorityData_type:1,70,75,PriorityData_type:4,70,70]
6566003,1005,8:5:41,5,[1,0,3]
6566003,1001,8:5:42,5,[]
6566003,1003,8:5:42,1
6566003,1004,8:5:44,8
6566003,800,8:5:45,8,[]
6566003,801,8:5:46,8,[]
6566003,814,8:5:53,8,[0]
6566003,815,8:5:54,8,0,OpportunityCardData_id:0
6566003,816,8:5:55,8,0,OpportunityCardData_id:0
6566003,803,8:5:55,8,[OpportunityCardData_id:0,OpportunityCardConsequencesData_logId:0]
6566003,805,8:5:56,8,[OpportunityCardData_id:0]
6566003,807,8:5:57,8,[OpportunityCardData_id:0]
6566003,808,8:5:59,8,[OpportunityCardData_id:0]
6566003,809,8:6:6,8,[OpportunityCardData_id:0,Safe,false]
6566003,810,8:6:7,8,[OpportunityCardData_id:0,PriorityData_type:0,15,Safe,Safe]
6566003,814,8:6:14,8,[3]
6566003,815,8:6:14,8,3,OpportunityCardData_id:19
6566003,816,8:6:15,8,3,OpportunityCardData_id:19
6566003,803,8:6:16,8,[OpportunityCardData_id:19,OpportunityCardConsequencesData_logId:1]
6566003,803,8:6:17,8,[OpportunityCardData_id:19,OpportunityCardConsequencesData_logId:2]
6566003,805,8:6:18,8,[OpportunityCardData_id:19]
6566003,807,8:6:19,8,[OpportunityCardData_id:19]
6566003,808,8:6:20,8,[OpportunityCardData_id:19]
6566003,809,8:6:26,8,[OpportunityCardData_id:19,PriorityData_type:0,false]
6566003,810,8:6:27,8,[OpportunityCardData_id:19,PriorityData_type:3,15,PriorityData_type:0,35]
6566003,814,8:6:32,8,[0]
6566003,815,8:6:32,8,0,OpportunityCardData_id:1
6566003,816,8:6:33,8,0,OpportunityCardData_id:1
6566003,803,8:6:34,8,[OpportunityCardData_id:1,OpportunityCardConsequencesData_logId:0]
6566003,803,8:6:34,8,[OpportunityCardData_id:1,OpportunityCardConsequencesData_logId:1]
6566003,805,8:6:35,8,[OpportunityCardData_id:1]
6566003,807,8:6:36,8,[OpportunityCardData_id:1]
6566003,808,8:6:38,8,[OpportunityCardData_id:1]
6566003,809,8:6:46,8,[OpportunityCardData_id:1,PriorityData_type:1,false]
6566003,810,8:6:46,8,[OpportunityCardData_id:1,PriorityData_type:0,15,PriorityData_type:1,15]
6566003,814,8:6:48,8,[3]
6566003,815,8:6:48,8,3,OpportunityCardData_id:20
6566003,816,8:6:49,8,3,OpportunityCardData_id:20
6566003,803,8:6:50,8,[OpportunityCardData_id:20,OpportunityCardConsequencesData_logId:1]
6566003,803,8:6:51,8,[OpportunityCardData_id:20,OpportunityCardConsequencesData_logId:0]
6566003,805,8:6:51,8,[OpportunityCardData_id:20]
6566003,807,8:6:53,8,[OpportunityCardData_id:20]
6566003,808,8:6:54,8,[OpportunityCardData_id:20]
6566003,809,8:6:58,8,[OpportunityCardData_id:20,PriorityData_type:1,false]
6566003,810,8:6:59,8,[OpportunityCardData_id:20,PriorityData_type:3,15,PriorityData_type:1,5]
6566003,814,8:7:1,8,[5]
6566003,815,8:7:1,8,5,OpportunityCardData_id:32
6566003,816,8:7:2,8,5,OpportunityCardData_id:32
6566003,805,8:7:2,8,[OpportunityCardData_id:32]
6566003,807,8:7:3,8,[OpportunityCardData_id:32]
6566003,808,8:7:5,8,[OpportunityCardData_id:32]
6566003,809,8:7:9,8,[OpportunityCardData_id:32,Safe,false]
6566003,810,8:7:10,8,[OpportunityCardData_id:32,PriorityData_type:5,20,Safe,Safe]
6566003,814,8:7:12,8,[3]
6566003,815,8:7:12,8,3,OpportunityCardData_id:21
6566003,816,8:7:13,8,3,OpportunityCardData_id:21
6566003,805,8:7:14,8,[OpportunityCardData_id:21]
6566003,807,8:7:15,8,[OpportunityCardData_id:21]
6566003,808,8:7:17,8,[OpportunityCardData_id:21]
6566003,809,8:7:20,8,[OpportunityCardData_id:21,PriorityData_type:4,false]
6566003,810,8:7:24,8,[OpportunityCardData_id:21,PriorityData_type:3,20,PriorityData_type:4,10]
6566003,814,8:7:30,8,[0]
6566003,815,8:7:30,8,0,OpportunityCardData_id:2
6566003,816,8:7:31,8,0,OpportunityCardData_id:2
6566003,803,8:7:32,8,[OpportunityCardData_id:2,OpportunityCardConsequencesData_logId:0]
6566003,803,8:7:33,8,[OpportunityCardData_id:2,OpportunityCardConsequencesData_logId:1]
6566003,805,8:7:33,8,[OpportunityCardData_id:2]
6566003,807,8:7:34,8,[OpportunityCardData_id:2]
6566003,808,8:7:36,8,[OpportunityCardData_id:2]
6566003,809,8:7:42,8,[OpportunityCardData_id:2,Safe,false]
6566003,810,8:7:43,8,[OpportunityCardData_id:2,PriorityData_type:0,10,Safe,Safe]
6566003,814,8:7:44,8,[0]
6566003,815,8:7:44,8,0,OpportunityCardData_id:3
6566003,815,8:7:45,8,0,OpportunityCardData_id:4
6566003,815,8:7:46,8,0,OpportunityCardData_id:3
6566003,816,8:7:47,8,0,OpportunityCardData_id:3
6566003,805,8:7:48,8,[OpportunityCardData_id:3]
6566003,807,8:7:49,8,[OpportunityCardData_id:3]
6566003,808,8:7:51,8,[OpportunityCardData_id:3]
6566003,809,8:7:56,8,[OpportunityCardData_id:3,Safe,false]
6566003,810,8:7:57,8,[OpportunityCardData_id:3,PriorityData_type:0,10,Safe,Safe]
6566003,814,8:7:59,8,[0]
6566003,815,8:7:59,8,0,OpportunityCardData_id:4
6566003,815,8:8:1,8,0,OpportunityCardData_id:5
6566003,816,8:8:1,8,0,OpportunityCardData_id:5
6566003,805,8:8:2,8,[OpportunityCardData_id:5]
6566003,807,8:8:3,8,[OpportunityCardData_id:5]
6566003,808,8:8:5,8,[OpportunityCardData_id:5]
6566003,809,8:8:10,8,[OpportunityCardData_id:5,PriorityData_type:5,false]
6566003,810,8:8:11,8,[OpportunityCardData_id:5,PriorityData_type:0,15,PriorityData_type:5,10]
6566003,818,8:8:12,8,3
6566003,811,8:8:14,8,[OpportunityCardData_id:5,PriorityData_type:0,70,70,PriorityData_type:3,70,70]
6566003,1005,8:8:14,8,[1,0,3]
6566003,1001,8:8:15,8,[]
6566003,1003,8:8:15,1
6566003,1004,8:8:17,9
6566003,800,8:8:19,9,[]
6566003,801,8:8:20,9,[]
6566003,814,8:8:24,9,[4]
6566003,815,8:8:24,9,4,OpportunityCardData_id:24
6566003,815,8:8:25,9,4,OpportunityCardData_id:25
6566003,816,8:8:27,9,4,OpportunityCardData_id:25
6566003,805,8:8:28,9,[OpportunityCardData_id:25]
6566003,807,8:8:29,9,[OpportunityCardData_id:25]
6566003,808,8:8:36,9,[OpportunityCardData_id:25]
6566003,809,8:8:41,9,[OpportunityCardData_id:25,Safe,false]
6566003,810,8:8:42,9,[OpportunityCardData_id:25,PriorityData_type:4,10,Safe,Safe]
6566003,814,8:8:44,9,[0]
6566003,815,8:8:44,9,0,OpportunityCardData_id:0
6566003,816,8:8:45,9,0,OpportunityCardData_id:0
6566003,805,8:8:46,9,[OpportunityCardData_id:0]
6566003,807,8:8:47,9,[OpportunityCardData_id:0]
6566003,808,8:8:49,9,[OpportunityCardData_id:0]
6566003,809,8:8:54,9,[OpportunityCardData_id:0,PriorityData_type:1,false]
6566003,810,8:8:54,9,[OpportunityCardData_id:0,PriorityData_type:0,15,PriorityData_type:1,5]
6566003,814,8:8:56,9,[4]
6566003,815,8:8:56,9,4,OpportunityCardData_id:24
6566003,815,8:8:57,9,4,OpportunityCardData_id:26
6566003,816,8:8:58,9,4,OpportunityCardData_id:26
6566003,805,8:8:58,9,[OpportunityCardData_id:26]
6566003,807,8:8:59,9,[OpportunityCardData_id:26]
6566003,808,8:9:1,9,[OpportunityCardData_id:26]
6566003,809,8:9:7,9,[OpportunityCardData_id:26,PriorityData_type:2,false]
6566003,810,8:9:9,9,[OpportunityCardData_id:26,PriorityData_type:4,20,PriorityData_type:2,25]
6566003,814,8:9:12,9,[2]
6566003,815,8:9:12,9,2,OpportunityCardData_id:11
6566003,816,8:9:14,9,2,OpportunityCardData_id:11
6566003,803,8:9:15,9,[OpportunityCardData_id:11,OpportunityCardConsequencesData_logId:0]
6566003,803,8:9:16,9,[OpportunityCardData_id:11,OpportunityCardConsequencesData_logId:1]
6566003,805,8:9:16,9,[OpportunityCardData_id:11]
6566003,807,8:9:17,9,[OpportunityCardData_id:11]
6566003,808,8:9:19,9,[OpportunityCardData_id:11]
6566003,809,8:9:25,9,[OpportunityCardData_id:11,PriorityData_type:4,false]
6566003,810,8:9:25,9,[OpportunityCardData_id:11,PriorityData_type:2,5,PriorityData_type:4,15]
6566003,814,8:9:29,9,[0]
6566003,815,8:9:29,9,0,OpportunityCardData_id:1
6566003,815,8:9:30,9,0,OpportunityCardData_id:2
6566003,815,8:9:31,9,0,OpportunityCardData_id:3
6566003,815,8:9:32,9,0,OpportunityCardData_id:2
6566003,816,8:9:33,9,0,OpportunityCardData_id:2
6566003,805,8:9:33,9,[OpportunityCardData_id:2]
6566003,807,8:9:34,9,[OpportunityCardData_id:2]
6566003,808,8:9:36,9,[OpportunityCardData_id:2]
6566003,809,8:9:40,9,[OpportunityCardData_id:2,Safe,false]
6566003,810,8:9:40,9,[OpportunityCardData_id:2,PriorityData_type:0,10,Safe,Safe]
6566003,814,8:9:43,9,[4]
6566003,815,8:9:43,9,4,OpportunityCardData_id:24
6566003,815,8:9:44,9,4,OpportunityCardData_id:27
6566003,815,8:9:44,9,4,OpportunityCardData_id:28
6566003,815,8:9:45,9,4,OpportunityCardData_id:29
6566003,815,8:9:45,9,4,OpportunityCardData_id:31
6566003,815,8:9:46,9,4,OpportunityCardData_id:24
6566003,815,8:9:46,9,4,OpportunityCardData_id:31
6566003,817,8:9:47,9,4
6566003,814,8:9:49,9,[3]
6566003,815,8:9:49,9,3,OpportunityCardData_id:17
6566003,815,8:9:50,9,3,OpportunityCardData_id:18
6566003,816,8:9:51,9,3,OpportunityCardData_id:18
6566003,805,8:9:51,9,[OpportunityCardData_id:18]
6566003,807,8:9:52,9,[OpportunityCardData_id:18]
6566003,808,8:9:54,9,[OpportunityCardData_id:18]
6566003,809,8:9:57,9,[OpportunityCardData_id:18,PriorityData_type:2,false]
6566003,810,8:9:57,9,[OpportunityCardData_id:18,PriorityData_type:3,10,PriorityData_type:2,5]
6566003,814,8:9:59,9,[4]
6566003,815,8:9:59,9,4,OpportunityCardData_id:24
6566003,815,8:10:0,9,4,OpportunityCardData_id:27
6566003,815,8:10:1,9,4,OpportunityCardData_id:24
6566003,817,8:10:2,9,4
6566003,814,8:10:3,9,[3]
6566003,815,8:10:3,9,3,OpportunityCardData_id:17
6566003,815,8:10:4,9,3,OpportunityCardData_id:19
6566003,816,8:10:6,9,3,OpportunityCardData_id:19
6566003,803,8:10:7,9,[OpportunityCardData_id:19,OpportunityCardConsequencesData_logId:0]
6566003,803,8:10:7,9,[OpportunityCardData_id:19,OpportunityCardConsequencesData_logId:1]
6566003,805,8:10:8,9,[OpportunityCardData_id:19]
6566003,807,8:10:9,9,[OpportunityCardData_id:19]
6566003,808,8:10:11,9,[OpportunityCardData_id:19]
6566003,809,8:10:17,9,[OpportunityCardData_id:19,Safe,false]
6566003,810,8:10:17,9,[OpportunityCardData_id:19,PriorityData_type:3,10,Safe,Safe]
6566003,814,8:10:20,9,[4]
6566003,815,8:10:20,9,4,OpportunityCardData_id:24
6566003,816,8:10:21,9,4,OpportunityCardData_id:24
6566003,805,8:10:21,9,[OpportunityCardData_id:24]
6566003,807,8:10:22,9,[OpportunityCardData_id:24]
6566003,808,8:10:24,9,[OpportunityCardData_id:24]
6566003,809,8:10:27,9,[OpportunityCardData_id:24,PriorityData_type:5,false]
6566003,810,8:10:28,9,[OpportunityCardData_id:24,PriorityData_type:4,15,PriorityData_type:5,10]
6566003,814,8:10:31,9,[4]
6566003,815,8:10:31,9,4,OpportunityCardData_id:27
6566003,816,8:10:32,9,4,OpportunityCardData_id:27
6566003,805,8:10:33,9,[OpportunityCardData_id:27]
6566003,807,8:10:34,9,[OpportunityCardData_id:27]
6566003,808,8:10:38,9,[OpportunityCardData_id:27]
6566003,809,8:10:43,9,[OpportunityCardData_id:27,Safe,false]
6566003,810,8:10:44,9,[OpportunityCardData_id:27,PriorityData_type:4,15,Safe,Safe]
6566003,818,8:10:44,9,7
6566003,811,8:10:45,9,[OpportunityCardData_id:27,PriorityData_type:0,70,75,PriorityData_type:4,70,80]
6566003,1005,8:10:45,9,[1,0,3]
6566003,1001,8:10:46,9,[]
6566003,1003,8:10:46,1
6566003,210,8:10:52,663,554
6566003,211,8:10:53,924,254
6566003,213,8:10:53,8,s_lockChain_G11a0,true
6566003,210,8:10:57,924,218
6566003,211,8:11:0,715,170
6566003,213,8:11:0,8,s_mirror_G11a0,true
6566003,205,8:11:0,8,s_mirror_G11a0,false,false
6566003,210,8:11:4,647,545
6566003,211,8:11:4,716,563
6566003,212,8:11:5,0
6566003,210,8:11:6,682,574
6566003,211,8:11:6,675,586
6566003,213,8:11:6,8,s_backpack_G11a0,true
6566003,1003,8:11:9,0
6566003,212,8:11:13,2
6566003,221,8:11:26,8
6566003,220,8:11:27,8
6566003,210,8:11:28,620,516
6566003,211,8:11:28,660,599
6566003,212,8:11:29,1
6566003,210,8:11:29,651,586
6566003,211,8:11:30,740,609
6566003,212,8:11:30,0
6566003,210,8:11:31,642,520
6566003,211,8:11:31,642,527
6566003,213,8:11:31,8,s_backpack_G11a0,true
6566003,1003,8:11:33,0
6566003,1004,8:11:37,6
6566003,400,8:11:38,6,[]
6566003,401,8:11:42,6,[StatementsData_logId:0]
6566003,402,8:11:50,6,[StatementsData_logId:0,true]
6566003,405,8:11:51,6,[StatementsData_logId:0]
6566003,406,8:11:52,6,[StatementsData_logId:0,2]
6566003,411,8:11:53,6,[StatementsData_logId:0]
6566003,401,8:12:6,6,[StatementsData_logId:1]
6566003,402,8:12:6,6,[StatementsData_logId:1,false]
6566003,405,8:12:7,6,[StatementsData_logId:1]
6566003,406,8:12:9,6,[StatementsData_logId:1,-2]
6566003,411,8:12:10,6,[StatementsData_logId:1]
6566003,401,8:12:11,6,[StatementsData_logId:2]
6566003,404,8:12:11,6,[StatementsData_logId:2,false]
6566003,405,8:12:12,6,[StatementsData_logId:2]
6566003,406,8:12:12,6,[StatementsData_logId:2,-2]
6566003,411,8:12:14,6,[StatementsData_logId:2]
6566003,401,8:12:14,6,[StatementsData_logId:3]
6566003,404,8:12:15,6,[StatementsData_logId:3,false]
6566003,405,8:12:15,6,[StatementsData_logId:3]
6566003,406,8:12:16,6,[StatementsData_logId:3,-2]
6566003,411,8:12:17,6,[StatementsData_logId:3]
6566003,401,8:12:17,6,[StatementsData_logId:4]
6566003,404,8:12:17,6,[StatementsData_logId:4,false]
6566003,405,8:12:18,6,[StatementsData_logId:4]
6566003,406,8:12:18,6,[StatementsData_logId:4,-2]
6566003,411,8:12:20,6,[StatementsData_logId:4]
6566003,401,8:12:21,6,[StatementsData_logId:5]
6566003,404,8:12:21,6,[StatementsData_logId:5,false]
6566003,405,8:12:21,6,[StatementsData_logId:5]
6566003,406,8:12:21,6,[StatementsData_logId:5,-2]
6566003,411,8:12:22,6,[StatementsData_logId:5]
6566003,401,8:12:23,6,[StatementsData_logId:6]
6566003,404,8:12:23,6,[StatementsData_logId:6,true]
6566003,406,8:12:24,6,[StatementsData_logId:6,2]
6566003,412,8:12:24,6,[StatementsData_logId:6]
6566003,413,8:12:25,6,[StatementsData_logId:6,DuelResponsesData_logId:6]
6566003,414,8:12:25,6,[StatementsData_logId:6,DuelResponsesData_logId:6]
6566003,415,8:12:26,6,[StatementsData_logId:6,DuelResponsesData_logId:6,DuelResponsesData_ok_player_response]
6566003,416,8:12:26,6,[StatementsData_logId:6,DuelResponsesData_logId:6]
6566003,417,8:12:27,6,[StatementsData_logId:6,DuelResponsesData_logId:6]
6566003,413,8:12:27,6,[StatementsData_logId:6,DuelResponsesData_logId:7]
6566003,414,8:12:28,6,[StatementsData_logId:6,DuelResponsesData_logId:7]
6566003,415,8:12:28,6,[StatementsData_logId:6,DuelResponsesData_logId:7,DuelResponsesData_lame_player_response]
6566003,416,8:12:29,6,[StatementsData_logId:6,DuelResponsesData_logId:7]
6566003,417,8:12:29,6,[StatementsData_logId:6,DuelResponsesData_logId:7]
6566003,413,8:12:30,6,[StatementsData_logId:6,DuelResponsesData_logId:8]
6566003,414,8:12:31,6,[StatementsData_logId:6,DuelResponsesData_logId:8]
6566003,415,8:12:31,6,[StatementsData_logId:6,DuelResponsesData_logId:8,DuelResponsesData_witty_player_response]
6566003,416,8:12:31,6,[StatementsData_logId:6,DuelResponsesData_logId:8]
6566003,417,8:12:32,6,[StatementsData_logId:6,DuelResponsesData_logId:8]
6566003,418,8:12:32,6,[StatementsData_logId:6,true]
6566003,419,8:12:32,6,[StatementsData_logId:6,4]
6566003,411,8:12:34,6,[StatementsData_logId:6]
6566003,401,8:12:35,6,[StatementsData_logId:7]
6566003,403,8:12:35,6,[StatementsData_logId:7,false]
6566003,405,8:12:36,6,[StatementsData_logId:7]
6566003,406,8:12:36,6,[StatementsData_logId:7,-2]
6566003,411,8:12:37,6,[StatementsData_logId:7]
6566003,401,8:12:37,6,[StatementsData_logId:8]
6566003,404,8:12:37,6,[StatementsData_logId:8,false]
6566003,405,8:12:38,6,[StatementsData_logId:8]
6566003,406,8:12:38,6,[StatementsData_logId:8,-2]
6566003,411,8:12:39,6,[StatementsData_logId:8]
6566003,420,8:12:39,6,[34]
6566003,1001,8:12:41,6,[]
6566003,1003,8:12:41,0
6566003,1004,8:12:42,6
6566003,400,8:12:43,6,[]
6566003,401,8:12:45,6,[StatementsData_logId:0]
6566003,402,8:12:45,6,[StatementsData_logId:0,true]
6566003,405,8:12:46,6,[StatementsData_logId:0]
6566003,406,8:12:46,6,[StatementsData_logId:0,2]
6566003,411,8:12:47,6,[StatementsData_logId:0]
6566003,401,8:12:47,6,[StatementsData_logId:1]
6566003,403,8:12:49,6,[StatementsData_logId:1,true]
6566003,405,8:12:49,6,[StatementsData_logId:1]
6566003,406,8:12:49,6,[StatementsData_logId:1,2]
6566003,407,8:12:49,6,[StatementsData_logId:1,FactCardData_id:10]
6566003,407,8:12:49,6,[StatementsData_logId:1,FactCardData_id:2]
6566003,407,8:12:49,6,[StatementsData_logId:1,FactCardData_id:13]
6566003,407,8:12:49,6,[StatementsData_logId:1,FactCardData_id:4]
6566003,407,8:12:49,6,[StatementsData_logId:1,FactCardData_id:5]
6566003,407,8:12:49,6,[StatementsData_logId:1,FactCardData_id:9]
6566003,407,8:12:52,6,[StatementsData_logId:1,FactCardData_id:13]
6566003,407,8:12:52,6,[StatementsData_logId:1,FactCardData_id:13]
6566003,407,8:12:53,6,[StatementsData_logId:1,FactCardData_id:9]
6566003,407,8:12:53,6,[StatementsData_logId:1,FactCardData_id:13]
6566003,407,8:12:53,6,[StatementsData_logId:1,FactCardData_id:9]
6566003,407,8:12:54,6,[StatementsData_logId:1,FactCardData_id:13]
6566003,407,8:12:54,6,[StatementsData_logId:1,FactCardData_id:9]
6566003,407,8:12:54,6,[StatementsData_logId:1,FactCardData_id:13]
6566003,408,8:12:54,6,[StatementsData_logId:1,FactCardData_id:13,false]
6566003,406,8:12:56,6,[StatementsData_logId:1,-2]
6566003,411,8:13:0,6,[StatementsData_logId:1]
6566003,401,8:13:0,6,[StatementsData_logId:2]
6566003,404,8:13:1,6,[StatementsData_logId:2,false]
6566003,405,8:13:1,6,[StatementsData_logId:2]
6566003,406,8:13:2,6,[StatementsData_logId:2,-2]
6566003,411,8:13:2,6,[StatementsData_logId:2]
6566003,401,8:13:3,6,[StatementsData_logId:3]
6566003,403,8:13:4,6,[StatementsData_logId:3,false]
6566003,405,8:13:4,6,[StatementsData_logId:3]
6566003,406,8:13:4,6,[StatementsData_logId:3,-2]
6566003,1002,8:13:7,6
6566003,1003,8:13:7,0
6566003,210,8:13:16,662,536
6566003,211,8:13:17,656,568
6566003,213,8:13:17,8,s_backpack_G11a0,true
6566003,1003,8:13:22,0
6566003,1004,8:13:33,9
6566003,400,8:13:35,9,[]
6566003,401,8:13:37,9,[StatementsData_logId:0]
6566003,402,8:13:40,9,[StatementsData_logId:0,false]
6566003,405,8:13:41,9,[StatementsData_logId:0]
6566003,406,8:13:41,9,[StatementsData_logId:0,-2]
6566003,1002,8:13:43,9
6566003,1003,8:13:43,0
6566003,1004,8:13:45,6
6566003,400,8:13:47,6,[]
6566003,401,8:13:48,6,[StatementsData_logId:0]
6566003,402,8:13:49,6,[StatementsData_logId:0,true]
6566003,405,8:13:49,6,[StatementsData_logId:0]
6566003,406,8:13:50,6,[StatementsData_logId:0,2]
6566003,411,8:13:51,6,[StatementsData_logId:0]
6566003,1002,8:14:24,6
6566003,1003,8:14:24,0
6566003,103,8:14:26
6566003,105,8:14:27
6566003,703,8:14:29,[|| EpilogueItem ID: 0 unlocked: true ||,|| EpilogueItem ID: 1 unlocked: true ||,|| EpilogueItem ID: 2 unlocked: true ||,|| EpilogueItem ID: 3 unlocked: true ||,|| EpilogueItem ID: 4 unlocked: true ||,|| EpilogueItem ID: 5 unlocked: false ||,|| EpilogueItem ID: 6 unlocked: false ||,|| EpilogueItem ID: 7 unlocked: false ||,|| EpilogueItem ID: 8 unlocked: false ||,|| EpilogueItem ID: 9 unlocked: false ||,|| EpilogueItem ID: 10 unlocked: false ||,|| EpilogueItem ID: 11 unlocked: false ||,|| EpilogueItem ID: 12 unlocked: false ||,|| EpilogueItem ID: 13 unlocked: true ||,|| EpilogueItem ID: 14 unlocked: false ||,|| EpilogueItem ID: 15 unlocked: false ||,|| EpilogueItem ID: 16 unlocked: false ||,|| EpilogueItem ID: 17 unlocked: false ||,|| EpilogueItem ID: 18 unlocked: false ||,|| EpilogueItem ID: 19 unlocked: false ||,|| EpilogueItem ID: 20 unlocked: false ||,|| EpilogueItem ID: 21 unlocked: false ||,|| EpilogueItem ID: 22 unlocked: false ||,|| EpilogueItem ID: 23 unlocked: false ||,|| EpilogueItem ID: 24 unlocked: false ||],0.24
6566003,707,8:14:32,2,3
6566003,706,8:14:32,(x=2249, y=-100, w=1024, h=768),(x=2531, y=-100, w=1024, h=768)
6566003,708,8:14:33
6566003,1,8:14:33,12/2/2013 4:58:43pm,{"gameTime":29673261,"challengeStacks":[{"challengeScenes":[{"miniGameCards":[],"viewedAnimatic":true,"keyPoints":["c_bestFriend_M_a_G7a0","c_teacherEng_G7a0","s_flag_gen"],"unlocked":true,"touchableObjects":["c_bestFriend_M_a_G7a0","c_teacherEng_G7a0","s_vocabAssignment_G7a0","c_crewKid1_M_G7a0","s_doorClassroom_G7a0","s_atwoodPoster_gen","s_angelouPoster_gen","s_shakespearePoster_gen","s_poePoster_gen","c_friend1_M_a_G7a0","s_clock_G7a0","s_flag_gen","s_otherStudent1_G7a0"]},{"miniGameCards":[],"viewedAnimatic":true,"keyPoints":["c_teacherEng_G7a1N","c_bestFriend_M_a_G7a1N","s_paperPlayers_G7a1N"],"unlocked":true,"touchableObjects":["c_teacherEng_G7a1N","s_otherStudent2_G7a1N","s_otherStudent1_G7a1N","c_bestFriend_M_a_G7a1N","c_crewKid1_M_G7a1N","s_posterPlagiarism_gen","s_flag_gen","s_paperPlayers_G7a1N"]},{"miniGameCards":[],"viewedAnimatic":true,"keyPoints":["c_teacherEng_G7a1P","s_flag_gen","c_bestFriend_M_a_G7a1P","s_paperEnglish_gen"],"unlocked":true,"touchableObjects":["c_teacherEng_G7a1P","s_flag_gen","c_bestFriend_M_a_G7a1P","s_papersDetention_gen","s_paperEnglish_gen"]}],"stackSize":3,"resolved":true},{"challengeScenes":[{"miniGameCards":[],"viewedAnimatic":true,"keyPoints":["c_crewKid1_M_G7b0","c_kidSister_cauc_a_G7b0","s_backpack_M_G7b0"],"unlocked":true,"touchableObjects":["c_crewKid1_M_G7b0","c_cousin_M_a_G7b0","c_kidSister_cauc_a_G7b0","s_backpack_M_G7b0"]},{"miniGameCards":[],"viewedAnimatic":true,"keyPoints":["s_sprayPaintCan_G7b1N","c_kidSister_cauc_a_G7b1N","c_crewKid1_M_G7b1N","s_graffiti_G7b1N","s_brokenCarWindow_G7b1N"],"unlocked":true,"touchableObjects":["s_sprayPaintCan_G7b1N","c_kidSister_cauc_a_G7b1N","c_crewKid2_M_a_G7b1N","c_crewKid1_M_G7b1N","c_teacherEng_G7b1N","c_policeOfficer_G7b1N","s_cat_G7b1N","s_graffiti_G7b1N","s_brokenCarWindow_G7b1N"]},{"miniGameCards":[],"viewedAnimatic":true,"keyPoints":["c_cousinsBrothersFriend_a_G7b1P","c_cousinsBrother_a_G7b1P","s_poolDay_ruleSign_G7b1P","c_cousin_M_a_G7b1P"],"unlocked":true,"touchableObjects":["c_cousinsBrothersFriend_a_G7b1P","c_cousinsBrother_a_G7b1P","s_poolDay_ruleSign_G7b1P","c_cousin_M_a_G7b1P"]},{"miniGameCards":[],"viewedAnimatic":true,"keyPoints":["s_kid1_G7b2N","c_crush1_M_a_G7b2N","c_cousin_M_a_G7b2N","c_kidSister_cauc_a_G7b2N"],"unlocked":true,"touchableObjects":["s_kid1_G7b2N","c_cousinsBrothersFriend_a_G7b2N","s_cousinsBFgirlfriend_G7b2N","c_crush1_M_a_G7b2N","c_cousin_M_a_G7b2N","c_kidSister_cauc_a_G7b2N"]},{"miniGameCards":[],"viewedAnimatic":true,"keyPoints":["c_cousin_M_a_G7b2P","s_computer_M_G7b2P","c_kidSister_cauc_a_G7b2P"],"unlocked":true,"touchableObjects":["c_cousin_M_a_G7b2P","c_grandma_cauc_a_G7b2P","s_computer_M_G7b2P","c_kidSister_cauc_a_G7b2P"]}],"stackSize":5,"resolved":true},{"challengeScenes":[{"miniGameCards":[],"viewedAnimatic":true,"keyPoints":["s_clock_G8a0","s_cellphone_G8a0","c_cousin_M_a_G8a0","c_crush2_M_a_G8a0","s_bottleCrush2_M_G8a0"],"unlocked":true,"touchableObjects":["s_clock_G8a0","s_cellphone_G8a0","s_cigaretteKid1_G8a0","c_cousin_M_a_G8a0","c_crush2_M_a_G8a0","s_beerCooler_G8a0","s_stairs_G8a0","s_bottleCrush2_M_G8a0","c_friend1_M_G8a0"]},{"miniGameCards":[],"viewedAnimatic":true,"keyPoints":["s_crush2Lips_M_G8a1N","s_crush2Sore_M_G8a1N","s_dirtyClothes_gen","s_basementDoor_gen","s_crush2Eyes_M_G8a1N"],"unlocked":true,"touchableObjects":["c_crush2_M_a_G8a1N","s_crush2Lips_M_G8a1N","s_crush2Sore_M_G8a1N","s_dirtyClothes_gen","s_basementDoor_gen","s_stairs_G8a1N","s_waterHeater_gen","s_crush2Eyes_M_G8a1N"]},{"miniGameCards":[],"viewedAnimatic":true,"keyPoints":["s_basementDoor_gen","s_dirtyClothes_gen","s_inhalantsShelf_gen","c_crush2_M_a_G8a1P"],"unlocked":true,"touchableObjects":["s_spraypaintCrush2_M_G8a1P","s_basementDoor_gen","s_dirtyClothes_gen","s_inhalantsShelf_gen","c_crush2_M_a_G8a1P"]},{"miniGameCards":[],"viewedAnimatic":true,"keyPoints":["c_crush2_M_a_G8a2N","s_spraypaintCan_G8a2N"],"unlocked":true,"touchableObjects":["c_friend1_M_a_G8a2N","c_crush2_M_a_G8a2N","s_fumes_G8a2N","s_spraypaintCan_G8a2N"]},{"miniGameCards":[],"viewedAnimatic":true,"keyPoints":["c_crush2_M_a_G8a2P","c_kidSister_cauc_a_G8a2P","s_pictureDad_cauc_gen","s_magazine_G8a2P","s_sistersToy_G8a2P"],"unlocked":true,"touchableObjects":["c_crush2_M_a_G8a2P","c_kidSister_cauc_a_G8a2P","s_pictureDad_cauc_gen","s_magazine_G8a2P","s_sistersToy_G8a2P"]},{"miniGameCards":[],"viewedAnimatic":true,"keyPoints":["c_nurse_a_G8a3N","s_mirror_cauc_M_a_G8a3N","s_pamphlet3_G8a3N","s_pamphlet1_G8a3N"],"unlocked":true,"touchableObjects":["c_nurse_a_G8a3N","s_mirror_cauc_M_a_G8a3N","s_door_G8a3N","s_pamphlet3_G8a3N","s_pamphlet1_G8a3N"]},{"miniGameCards":[],"viewedAnimatic":true,"keyPoints":["s_kidsCouch_G8a3P","c_crush2_M_a_G8a3P"],"unlocked":true,"touchableObjects":["c_friend1_M_a_G8a3P","s_kidsCouch_G8a3P","c_crush2_M_a_G8a3P"]}],"stackSize":7,"resolved":true},{"challengeScenes":[{"miniGameCards":[],"viewedAnimatic":true,"keyPoints":["c_friend1_M_a_G8b0","s_pillBottle_G8b0","c_kidSister_cauc_a_G8b0"],"unlocked":true,"touchableObjects":["c_friend1_M_a_G8b0","s_pillBottle_G8b0","c_kidSister_cauc_a_G8b0"]},{"miniGameCards":[],"viewedAnimatic":true,"keyPoints":["c_friend1_M_a_G8b1N","c_kidSister_cauc_a_G8b1N","c_grandma_cauc_a_G8b1N"],"unlocked":true,"touchableObjects":["c_friend1_M_a_G8b1N","c_kidSister_cauc_a_G8b1N","c_grandma_cauc_a_G8b1N"]},{"miniGameCards":[],"viewedAnimatic":true,"keyPoints":["c_friend1_M_a_G8b1P","c_grandma_cauc_a_G8b1P","s_pillBottle_M_G8b1P"],"unlocked":true,"touchableObjects":["c_friend1_M_a_G8b1P","c_kidSister_cauc_a_G8b1P","c_grandma_cauc_a_G8b1P","s_pillBottle_M_G8b1P"]},{"miniGameCards":[],"viewedAnimatic":true,"keyPoints":["c_teacherEng_G8b2N","c_crewKid2_M_a_G8b2N","s_sandwichBagPills_G8b2N","c_friend1_M_a_G8b2N","s_clock_G8b2N"],"unlocked":true,"touchableObjects":["c_teacherEng_G8b2N","c_crewKid2_M_a_G8b2N","s_sandwichBagPills_G8b2N","c_friend1_M_a_G8b2N","s_kid1_G8b2N","s_kid2_G8b2N","s_clock_G8b2N"]},{"miniGameCards":[],"viewedAnimatic":true,"keyPoints":["c_friend1_M_a_G8b2P","c_grandma_cauc_a_G8b2P","s_pillBottle_G8b2P"],"unlocked":true,"touchableObjects":["c_friend1_M_a_G8b2P","c_grandma_cauc_a_G8b2P","s_pillBottle_G8b2P"]}],"stackSize":5,"resolved":true},{"challengeScenes":[{"miniGameCards":[],"viewedAnimatic":true,"keyPoints":["s_door_M_gen","s_bathingSuit_M_G9a0","s_clock_M_G9a0","s_cellPhone_M_G9a0"],"unlocked":true,"touchableObjects":["s_door_M_gen","s_bathingSuit_M_G9a0","s_clock_M_G9a0","s_cellPhone_M_G9a0"]},{"miniGameCards":[],"viewedAnimatic":true,"keyPoints":["c_policeOfficer_G9a1N","s_kid3_G9a1N","s_fence_G9a1N","c_cousin_M_a_G9a1N"],"unlocked":true,"touchableObjects":["s_potSmokeCloud_G9a1N","c_policeOfficer_G9a1N","s_kid3_G9a1N","s_fence_G9a1N","c_cousinsBrothersFriend_a_G9a1N","c_cousin_M_a_G9a1N"]},{"miniGameCards":[],"viewedAnimatic":true,"keyPoints":["c_cousin_M_a_G9a1P","s_joint_M_G9a1P","s_door_M_gen","s_basketball_M_gen","s_calendar_M_gen"],"unlocked":true,"touchableObjects":["c_cousin_M_a_G9a1P","s_joint_M_G9a1P","s_door_M_gen","s_basketball_M_gen","s_calendar_M_gen"]},{"miniGameCards":[],"viewedAnimatic":true,"keyPoints":["c_mom_cauc_a_G9a2N","c_cousin_M_a_G9a2N","c_kidSister_cauc_a_G9a2N","s_pictureDad_cauc_M_gen"],"unlocked":true,"touchableObjects":["c_mom_cauc_a_G9a2N","s_potSmokeCloud_M_G9a2N","s_cookieTrayEmpty_M_G9a2N","c_cousin_M_a_G9a2N","c_kidSister_cauc_a_G9a2N","s_pictureDad_cauc_M_gen"]},{"miniGameCards":[],"viewedAnimatic":true,"keyPoints":["s_pizzaBox_G9a2P","s_door_gen","c_mom_cauc_a_G9a2P","c_cousin_M_a_G9a2P"],"unlocked":true,"touchableObjects":["s_pizzaBox_G9a2P","c_kidSister_cauc_a_G9a2P","s_door_gen","c_mom_cauc_a_G9a2P","c_cousin_M_a_G9a2P"]}],"stackSize":5,"resolved":true},{"challengeScenes":[{"miniGameCards":[],"viewedAnimatic":true,"keyPoints":["s_pictureDad_cauc_M_gen","s_mirror_M_G9b0","s_computer_M_gen"],"unlocked":true,"touchableObjects":["s_pictureDad_cauc_M_gen","s_mirror_M_G9b0","s_computer_M_gen"]},{"miniGameCards":[],"viewedAnimatic":true,"keyPoints":["c_kidSister_cauc_a_G9b1N","c_teacherEng_G9b1N","c_cousin_M_a_G9b1N","s_clock_G9b1N","s_beerBottle_G9b1N","s_brokenLamp_G9b1N","s_joint_G9b1N"],"unlocked":true,"touchableObjects":["c_kidSister_cauc_a_G9b1N","c_teacherEng_G9b1N","c_cousin_M_a_G9b1N","s_coupleOnCouch_G9b1N","s_photoCracked_G9b1N","s_pictureDaddark_cauc_gen","s_clock_G9b1N","s_beerBottle_G9b1N","s_brokenLamp_G9b1N","s_joint_G9b1N"]},{"miniGameCards":[],"viewedAnimatic":false,"keyPoints":[],"unlocked":false,"touchableObjects":[]},{"miniGameCards":[],"viewedAnimatic":false,"keyPoints":[],"unlocked":false,"touchableObjects":[]},{"miniGameCards":[],"viewedAnimatic":false,"keyPoints":[],"unlocked":false,"touchableObjects":[]}],"stackSize":5,"resolved":false},{"challengeScenes":[{"miniGameCards":[],"viewedAnimatic":true,"keyPoints":["c_crush1_M_b_G10a0"],"unlocked":true,"touchableObjects":["s_door_M_gen","c_crush1_M_b_G10a0","s_bed1_M_G10a0"]},{"miniGameCards":[],"viewedAnimatic":true,"keyPoints":["c_crush1_M_b_G10a1N","s_mirror_M_G10a1N"],"unlocked":true,"touchableObjects":["c_crush1_M_b_G10a1N","s_mirror_M_G10a1N","s_calendar_M_gen"]},{"miniGameCards":[],"viewedAnimatic":false,"keyPoints":[],"unlocked":false,"touchableObjects":[]},{"miniGameCards":[],"viewedAnimatic":true,"keyPoints":["s_pamphlet3_G10a2N","s_pamphlet5_G10a2N","c_nurse_G10a2N","s_phone_G10a2N"],"unlocked":true,"touchableObjects":["s_pamphlet3_G10a2N","s_pamphlet5_G10a2N","s_cot_G10a2N","c_nurse_G10a2N","s_phone_G10a2N"]},{"miniGameCards":[],"viewedAnimatic":false,"keyPoints":[],"unlocked":false,"touchableObjects":[]}],"stackSize":5,"resolved":false},{"challengeScenes":[{"miniGameCards":[],"viewedAnimatic":false,"keyPoints":[],"unlocked":false,"touchableObjects":[]},{"miniGameCards":[],"viewedAnimatic":false,"keyPoints":[],"unlocked":false,"touchableObjects":[]},{"miniGameCards":[],"viewedAnimatic":false,"keyPoints":[],"unlocked":false,"touchableObjects":[]},{"miniGameCards":[],"viewedAnimatic":false,"keyPoints":[],"unlocked":false,"touchableObjects":[]},{"miniGameCards":[],"viewedAnimatic":false,"keyPoints":[],"unlocked":false,"touchableObjects":[]}],"stackSize":5,"resolved":false},{"challengeScenes":[{"miniGameCards":[],"viewedAnimatic":true,"keyPoints":["s_mirror_G11a0"],"unlocked":true,"touchableObjects":["s_lockChain_G11a0","s_mirror_G11a0"]},{"miniGameCards":[],"viewedAnimatic":true,"keyPoints":[],"unlocked":true,"touchableObjects":[]},{"miniGameCards":[],"viewedAnimatic":false,"keyPoints":[],"unlocked":false,"touchableObjects":[]},{"miniGameCards":[],"viewedAnimatic":false,"keyPoints":[],"unlocked":false,"touchableObjects":[]},{"miniGameCards":[],"viewedAnimatic":false,"keyPoints":[],"unlocked":false,"touchableObjects":[]}],"stackSize":5,"resolved":false},{"challengeScenes":[{"miniGameCards":[],"viewedAnimatic":false,"keyPoints":[],"unlocked":false,"touchableObjects":[]},{"miniGameCards":[],"viewedAnimatic":false,"keyPoints":[],"unlocked":false,"touchableObjects":[]},{"miniGameCards":[],"viewedAnimatic":false,"keyPoints":[],"unlocked":false,"touchableObjects":[]},{"miniGameCards":[],"viewedAnimatic":false,"keyPoints":[],"unlocked":false,"touchableObjects":[]},{"miniGameCards":[],"viewedAnimatic":false,"keyPoints":[],"unlocked":false,"touchableObjects":[]}],"stackSize":5,"resolved":false},{"challengeScenes":[{"miniGameCards":[],"viewedAnimatic":true,"keyPoints":[],"unlocked":true,"touchableObjects":[]},{"miniGameCards":[],"viewedAnimatic":false,"keyPoints":[],"unlocked":true,"touchableObjects":[]},{"miniGameCards":[],"viewedAnimatic":false,"keyPoints":[],"unlocked":false,"touchableObjects":[]},{"miniGameCards":[],"viewedAnimatic":false,"keyPoints":[],"unlocked":true,"touchableObjects":[]},{"miniGameCards":[],"viewedAnimatic":false,"keyPoints":[],"unlocked":false,"touchableObjects":[]}],"stackSize":5,"resolved":false},{"challengeScenes":[{"miniGameCards":[],"viewedAnimatic":false,"keyPoints":[],"unlocked":false,"touchableObjects":[]},{"miniGameCards":[],"viewedAnimatic":false,"keyPoints":[],"unlocked":false,"touchableObjects":[]},{"miniGameCards":[],"viewedAnimatic":false,"keyPoints":[],"unlocked":false,"touchableObjects":[]},{"miniGameCards":[],"viewedAnimatic":false,"keyPoints":[],"unlocked":false,"touchableObjects":[]},{"miniGameCards":[],"viewedAnimatic":false,"keyPoints":[],"unlocked":false,"touchableObjects":[]}],"stackSize":5,"resolved":false},{"challengeScenes":[{"miniGameCards":[],"viewedAnimatic":false,"keyPoints":[],"unlocked":true,"touchableObjects":["c_player_cauc_M_a_G0a0","c_family_cauc_a_G0a0","c_friends_G0a0"]},{"miniGameCards":[],"viewedAnimatic":false,"keyPoints":["c_home_G0a1N","c_family_cauc_a_G0a1N","c_job_G0a1N"],"unlocked":true,"touchableObjects":["c_home_G0a1N","c_family_cauc_a_G0a1N","c_job_G0a1N"]},{"miniGameCards":[],"viewedAnimatic":false,"keyPoints":["c_kidsister_cauc_a_G0a1P","c_grandma_cauc_a_G0a1P","c_Teacher_G0a1P","c_mom_cauc_a_G0a1P","c_dad_cauc_a_G0a1P","c_Nurse_G0a1P"],"unlocked":true,"touchableObjects":["c_kidsister_cauc_a_G0a1P","c_grandma_cauc_a_G0a1P","c_friends_G0a1P","c_Teacher_G0a1P","c_cousins_M_a_G0a1P","c_mom_cauc_a_G0a1P","c_dad_cauc_a_G0a1P","c_Nurse_G0a1P"]}],"stackSize":3,"resolved":true}],"sessionId":10,"epilogue":{"rating":3},"playerId":6566003,"session":[{"sceneId":"1P","stackId":12},{"sceneId":"1P","stackId":0},{"sceneId":"1P","stackId":1},{"sceneId":"1N","stackId":1},{"sceneId":"2P","stackId":1},{"sceneId":"3P","stackId":2},{"sceneId":"1P","stackId":2},{"sceneId":"1N","stackId":2},{"sceneId":"2P","stackId":2},{"sceneId":"1P","stackId":3},{"sceneId":"1N","stackId":3},{"sceneId":"2P","stackId":3},{"sceneId":"1P","stackId":4},{"sceneId":"1N","stackId":4},{"sceneId":"2P","stackId":4}],"minigames":[{"levelSaveData":[{"starRating":3,"unlocked":true},{"starRating":3,"unlocked":true},{"starRating":2,"unlocked":true},{"starRating":2,"unlocked":true},{"starRating":0,"unlocked":false},{"starRating":1,"unlocked":true},{"starRating":0,"unlocked":true},{"starRating":2,"unlocked":true},{"starRating":0,"unlocked":true},{"starRating":0,"unlocked":true}],"skillPoints":13},{"levelSaveData":[{"starRating":3,"unlocked":true},{"starRating":3,"unlocked":true},{"starRating":3,"unlocked":true},{"starRating":3,"unlocked":true},{"starRating":3,"unlocked":true},{"starRating":3,"unlocked":true},{"starRating":0,"unlocked":false},{"starRating":0,"unlocked":false},{"starRating":3,"unlocked":true},{"starRating":3,"unlocked":true}],"skillPoints":24},{"levelSaveData":[{"starRating":3,"unlocked":true},{"starRating":2,"unlocked":true},{"starRating":3,"unlocked":true},{"starRating":2,"unlocked":true},{"starRating":0,"unlocked":false},{"starRating":2,"unlocked":true},{"starRating":0,"unlocked":false},{"starRating":2,"unlocked":true},{"starRating":2,"unlocked":true},{"starRating":0,"unlocked":false}],"skillPoints":16},{"levelSaveData":[{"starRating":3,"unlocked":true},{"starRating":3,"unlocked":true},{"starRating":3,"unlocked":true},{"starRating":3,"unlocked":true},{"starRating":3,"unlocked":true},{"starRating":2,"unlocked":true},{"starRating":3,"unlocked":true},{"starRating":0,"unlocked":false},{"starRating":0,"unlocked":false},{"starRating":0,"unlocked":false}],"skillPoints":20},{"age":13,"name":"young_quis","gender":0,"levelSaveData":[{"starRating":3,"unlocked":true},{"starRating":3,"chunks":[["2"],["10$$funny","7$$cool'n"],["6$$muisc","7$$movies","8$$play sports"],["1"]],"unlocked":true},{"starRating":3,"chunks":[["1"],["4$$football","1$$basketball"],["13$$beast at this","10$$wavy at that"]],"unlocked":true},{"starRating":3,"chunks":[["3$$nightwhipe"],["5$$nightmare"],["2"],["2"],["3","0"],["6"]],"unlocked":true},{"starRating":3,"chunks":[["5$$dancing"],["0"],["14$$spy","18"],["3"],["2"],["14$$spy"]],"unlocked":true},{"starRating":0,"chunks":[[null],[null,null,null,null],[null],[null]],"unlocked":true},{"starRating":0,"chunks":[[null],[null],[null,null],[null,null],[null]],"unlocked":true},{"starRating":0,"chunks":[[null,null,null],[null,null,null],[null],[null],[null]],"unlocked":true},{"starRating":3,"chunks":[["2","6","7"],["0","3","5"],["1","4"]],"unlocked":true},{"starRating":0,"chunks":[[null],[null],[null],[null],[null],[null]],"unlocked":false}],"visualAvatar":0,"id":1,"skillPoints":18}],"avatar":{"age":13,"name":"young_quis","gender":0,"levelSaveData":[{"starRating":3,"unlocked":true},{"starRating":3,"chunks":[["2"],["10$$funny","7$$cool'n"],["6$$muisc","7$$movies","8$$play sports"],["1"]],"unlocked":true},{"starRating":3,"chunks":[["1"],["4$$football","1$$basketball"],["13$$beast at this","10$$wavy at that"]],"unlocked":true},{"starRating":3,"chunks":[["3$$nightwhipe"],["5$$nightmare"],["2"],["2"],["3","0"],["6"]],"unlocked":true},{"starRating":3,"chunks":[["5$$dancing"],["0"],["14$$spy","18"],["3"],["2"],["14$$spy"]],"unlocked":true},{"starRating":0,"chunks":[[null],[null,null,null,null],[null],[null]],"unlocked":true},{"starRating":0,"chunks":[[null],[null],[null,null],[null,null],[null]],"unlocked":true},{"starRating":0,"chunks":[[null,null,null],[null,null,null],[null],[null],[null]],"unlocked":true},{"starRating":3,"chunks":[["2","6","7"],["0","3","5"],["1","4"]],"unlocked":true},{"starRating":0,"chunks":[[null],[null],[null],[null],[null],[null]],"unlocked":false}],"visualAvatar":0,"id":1,"skillPoints":18}}
