6427024,0,11:23:16,8/5/2013 9:05:06am
6427024,100,11:23:26,8
6427024,102,11:23:31,8
6427024,200,11:23:31,8,22,30,21,24,27
6427024,210,11:24:21,172,48
6427024,211,11:24:21,142,48
6427024,207,11:24:21,8,-200,-140
6427024,210,11:24:24,85,39
6427024,207,11:24:24,8,-140,0
6427024,211,11:24:24,7,63
6427024,207,11:24:27,8,0,0
6427024,207,11:24:27,8,0,0
6427024,210,11:24:29,664,-26
6427024,211,11:24:30,683,-66
6427024,210,11:25:38,1146,189
6427024,207,11:25:38,8,-200,-440
6427024,211,11:25:39,1215,369
6427024,213,11:25:39,8,c_nurse_G11a2P,false
6427024,1003,11:25:44,2
6427024,221,11:26:0,8
6427024,220,11:26:2,8
6427024,210,11:26:3,1151,318
6427024,207,11:26:3,8,-200,-380
6427024,211,11:26:6,1238,330
6427024,210,11:26:7,1222,315
6427024,211,11:26:7,1204,340
6427024,213,11:26:7,8,c_nurse_G11a2P,false
6427024,1003,11:26:12,2
6427024,1004,11:26:27,5
6427024,900,11:26:30,5,[]
6427024,1002,11:26:40,5
6427024,1003,11:26:40,2
6427024,1004,11:26:53,9
6427024,900,11:26:55,9,[]
6427024,1002,11:26:57,9
6427024,1003,11:26:57,2
6427024,1004,11:26:59,1
6427024,900,11:27:1,1,[]
6427024,901,11:27:11,1,[PeopleData_id:3]
6427024,904,11:27:11,1,[PeopleData_id:3]
6427024,902,11:27:13,1,[PeopleData_id:3,PeopleData_data0Type]
6427024,903,11:27:19,1,[PeopleData_id3,PeopleData_data0Type]
6427024,901,11:27:20,1,[PeopleData_id:6]
6427024,904,11:27:20,1,[PeopleData_id:6]
6427024,905,11:27:20,1,[PeopleData_id:6,RankTypes_id:-1,RankTypes_id:0]
6427024,901,11:27:21,1,[PeopleData_id:4]
6427024,902,11:27:22,1,[PeopleData_id:4,PeopleData_data3Type]
6427024,903,11:27:27,1,[PeopleData_id4,PeopleData_data3Type]
6427024,902,11:27:28,1,[PeopleData_id:4,PeopleData_data2Type]
6427024,903,11:27:33,1,[PeopleData_id4,PeopleData_data2Type]
6427024,901,11:27:35,1,[PeopleData_id:4]
6427024,904,11:27:35,1,[PeopleData_id:4]
6427024,905,11:27:36,1,[PeopleData_id:4,RankTypes_id:-1,RankTypes_id:0]
6427024,901,11:27:37,1,[PeopleData_id:0]
6427024,904,11:27:37,1,[PeopleData_id:0]
6427024,902,11:27:45,1,[PeopleData_id:0,PeopleData_data2Type]
6427024,903,11:27:59,1,[PeopleData_id0,PeopleData_data2Type]
6427024,901,11:27:59,1,[PeopleData_id:0]
6427024,904,11:27:59,1,[PeopleData_id:0]
6427024,905,11:28:0,1,[PeopleData_id:0,RankTypes_id:-1,RankTypes_id:0]
6427024,901,11:28:1,1,[PeopleData_id:5]
6427024,904,11:28:1,1,[PeopleData_id:5]
6427024,902,11:28:2,1,[PeopleData_id:5,PeopleData_data0Type]
6427024,903,11:28:29,1,[PeopleData_id5,PeopleData_data0Type]
6427024,902,11:28:30,1,[PeopleData_id:5,PeopleData_data1Type]
6427024,903,11:28:34,1,[PeopleData_id5,PeopleData_data1Type]
6427024,902,11:28:34,1,[PeopleData_id:5,PeopleData_data2Type]
6427024,903,11:28:42,1,[PeopleData_id5,PeopleData_data2Type]
6427024,901,11:28:43,1,[PeopleData_id:5]
6427024,904,11:28:43,1,[PeopleData_id:5]
6427024,905,11:28:44,1,[PeopleData_id:5,RankTypes_id:-1,RankTypes_id:3]
6427024,901,11:28:44,1,[PeopleData_id:2]
6427024,902,11:28:45,1,[PeopleData_id:2,PeopleData_data0Type]
6427024,903,11:29:10,1,[PeopleData_id2,PeopleData_data0Type]
6427024,902,11:29:12,1,[PeopleData_id:2,PeopleData_data1Type]
6427024,903,11:29:17,1,[PeopleData_id2,PeopleData_data1Type]
6427024,902,11:29:21,1,[PeopleData_id:2,PeopleData_data2Type]
6427024,903,11:29:28,1,[PeopleData_id2,PeopleData_data2Type]
6427024,902,11:29:30,1,[PeopleData_id:2,PeopleData_data3Type]
6427024,903,11:29:36,1,[PeopleData_id2,PeopleData_data3Type]
6427024,901,11:29:36,1,[PeopleData_id:2]
6427024,904,11:29:36,1,[PeopleData_id:2]
6427024,901,11:29:38,1,[PeopleData_id:2]
6427024,904,11:29:38,1,[PeopleData_id:2]
6427024,901,11:29:40,1,[PeopleData_id:2]
6427024,904,11:29:40,1,[PeopleData_id:2]
6427024,905,11:29:41,1,[PeopleData_id:2,RankTypes_id:-1,RankTypes_id:0]
6427024,901,11:29:42,1,[PeopleData_id:3]
6427024,902,11:29:44,1,[PeopleData_id:3,PeopleData_data0Type]
6427024,903,11:29:51,1,[PeopleData_id3,PeopleData_data0Type]
6427024,902,11:29:52,1,[PeopleData_id:3,PeopleData_data1Type]
6427024,903,11:29:55,1,[PeopleData_id3,PeopleData_data1Type]
6427024,902,11:29:56,1,[PeopleData_id:3,PeopleData_data2Type]
6427024,903,11:30:2,1,[PeopleData_id3,PeopleData_data2Type]
6427024,902,11:30:3,1,[PeopleData_id:3,PeopleData_data3Type]
6427024,903,11:30:6,1,[PeopleData_id3,PeopleData_data3Type]
6427024,901,11:30:7,1,[PeopleData_id:3]
6427024,904,11:30:7,1,[PeopleData_id:3]
6427024,905,11:30:8,1,[PeopleData_id:3,RankTypes_id:-1,RankTypes_id:0]
6427024,901,11:30:9,1,[PeopleData_id:6]
6427024,905,11:30:9,1,[PeopleData_id:6,RankTypes_id:0,RankTypes_id:0]
6427024,902,11:30:10,1,[PeopleData_id:6,PeopleData_data0Type]
6427024,903,11:30:13,1,[PeopleData_id6,PeopleData_data0Type]
6427024,902,11:30:13,1,[PeopleData_id:6,PeopleData_data1Type]
6427024,902,11:30:18,1,[PeopleData_id:6,PeopleData_data2Type]
6427024,902,11:30:22,1,[PeopleData_id:6,PeopleData_data3Type]
6427024,903,11:30:26,1,[PeopleData_id6,PeopleData_data3Type]
6427024,901,11:30:28,1,[PeopleData_id:0]
6427024,904,11:30:28,1,[PeopleData_id:0]
6427024,905,11:30:28,1,[PeopleData_id:0,RankTypes_id:0,RankTypes_id:0]
6427024,902,11:30:32,1,[PeopleData_id:0,PeopleData_data0Type]
6427024,903,11:30:41,1,[PeopleData_id0,PeopleData_data0Type]
6427024,902,11:30:42,1,[PeopleData_id:0,PeopleData_data1Type]
6427024,903,11:30:44,1,[PeopleData_id0,PeopleData_data1Type]
6427024,902,11:30:45,1,[PeopleData_id:0,PeopleData_data2Type]
6427024,903,11:30:59,1,[PeopleData_id0,PeopleData_data2Type]
6427024,901,11:31:1,1,[PeopleData_id:1]
6427024,902,11:31:2,1,[PeopleData_id:1,PeopleData_data0Type]
6427024,903,11:31:6,1,[PeopleData_id1,PeopleData_data0Type]
6427024,902,11:31:7,1,[PeopleData_id:1,PeopleData_data1Type]
6427024,903,11:31:11,1,[PeopleData_id1,PeopleData_data1Type]
6427024,902,11:31:13,1,[PeopleData_id:1,PeopleData_data2Type]
6427024,903,11:31:16,1,[PeopleData_id1,PeopleData_data2Type]
6427024,902,11:31:17,1,[PeopleData_id:1,PeopleData_data3Type]
6427024,903,11:31:19,1,[PeopleData_id1,PeopleData_data3Type]
6427024,901,11:31:19,1,[PeopleData_id:1]
6427024,904,11:31:19,1,[PeopleData_id:1]
6427024,905,11:31:20,1,[PeopleData_id:1,RankTypes_id:-1,RankTypes_id:3]
6427024,906,11:31:20,1,[]
6427024,907,11:31:21,1,[]
6427024,908,11:31:21,1,[InvitationData_id:0,PeopleData_id:1,RankTypes_id:3]
6427024,909,11:31:25,1,[InvitationData_id:0,PeopleData_id:1,RankTypes_id:3,1]
6427024,910,11:31:26,1,[InvitationData_id:0,7,false]
6427024,908,11:31:26,1,[InvitationData_id:3,PeopleData_id:5,RankTypes_id:3]
6427024,909,11:31:28,1,[InvitationData_id:3,PeopleData_id:5,RankTypes_id:3,1]
6427024,910,11:31:29,1,[InvitationData_id:3,7,false]
6427024,908,11:31:29,1,[InvitationData_id:8,PeopleData_id:5,RankTypes_id:3]
6427024,909,11:31:35,1,[InvitationData_id:8,PeopleData_id:5,RankTypes_id:3,1]
6427024,910,11:31:44,1,[InvitationData_id:8,7,false]
6427024,908,11:31:44,1,[InvitationData_id:10,PeopleData_id:1,RankTypes_id:3]
6427024,909,11:31:47,1,[InvitationData_id:10,PeopleData_id:1,RankTypes_id:3,1]
6427024,910,11:31:50,1,[InvitationData_id:10,7,false]
6427024,911,11:31:51,1,[28,0,0,0]
6427024,1000,11:32:9,1,[]
6427024,900,11:32:10,1,[]
6427024,901,11:32:17,1,[PeopleData_id:3]
6427024,904,11:32:17,1,[PeopleData_id:3]
6427024,902,11:32:18,1,[PeopleData_id:3,PeopleData_data0Type]
6427024,903,11:32:23,1,[PeopleData_id3,PeopleData_data0Type]
6427024,902,11:32:24,1,[PeopleData_id:3,PeopleData_data1Type]
6427024,903,11:32:30,1,[PeopleData_id3,PeopleData_data1Type]
6427024,902,11:32:31,1,[PeopleData_id:3,PeopleData_data2Type]
6427024,903,11:32:35,1,[PeopleData_id3,PeopleData_data2Type]
6427024,902,11:32:36,1,[PeopleData_id:3,PeopleData_data3Type]
6427024,903,11:32:39,1,[PeopleData_id3,PeopleData_data3Type]
6427024,901,11:32:42,1,[PeopleData_id:3]
6427024,904,11:32:42,1,[PeopleData_id:3]
6427024,905,11:32:43,1,[PeopleData_id:3,RankTypes_id:-1,RankTypes_id:0]
6427024,901,11:32:47,1,[PeopleData_id:1]
6427024,902,11:32:51,1,[PeopleData_id:1,PeopleData_data0Type]
6427024,903,11:32:57,1,[PeopleData_id1,PeopleData_data0Type]
6427024,902,11:32:58,1,[PeopleData_id:1,PeopleData_data1Type]
6427024,903,11:33:5,1,[PeopleData_id1,PeopleData_data1Type]
6427024,902,11:33:6,1,[PeopleData_id:1,PeopleData_data2Type]
6427024,903,11:33:12,1,[PeopleData_id1,PeopleData_data2Type]
6427024,902,11:33:13,1,[PeopleData_id:1,PeopleData_data3Type]
6427024,903,11:33:16,1,[PeopleData_id1,PeopleData_data3Type]
6427024,901,11:33:17,1,[PeopleData_id:1]
6427024,904,11:33:17,1,[PeopleData_id:1]
6427024,905,11:33:18,1,[PeopleData_id:1,RankTypes_id:-1,RankTypes_id:3]
6427024,901,11:33:19,1,[PeopleData_id:0]
6427024,904,11:33:19,1,[PeopleData_id:0]
6427024,902,11:33:20,1,[PeopleData_id:0,PeopleData_data0Type]
6427024,903,11:33:25,1,[PeopleData_id0,PeopleData_data0Type]
6427024,902,11:33:26,1,[PeopleData_id:0,PeopleData_data1Type]
6427024,903,11:33:27,1,[PeopleData_id0,PeopleData_data1Type]
6427024,902,11:33:29,1,[PeopleData_id:0,PeopleData_data2Type]
6427024,903,11:33:40,1,[PeopleData_id0,PeopleData_data2Type]
6427024,901,11:33:41,1,[PeopleData_id:0]
6427024,904,11:33:41,1,[PeopleData_id:0]
6427024,905,11:33:42,1,[PeopleData_id:0,RankTypes_id:-1,RankTypes_id:0]
6427024,901,11:33:45,1,[PeopleData_id:6]
6427024,902,11:33:46,1,[PeopleData_id:6,PeopleData_data0Type]
6427024,903,11:33:52,1,[PeopleData_id6,PeopleData_data0Type]
6427024,902,11:33:52,1,[PeopleData_id:6,PeopleData_data1Type]
6427024,902,11:33:55,1,[PeopleData_id:6,PeopleData_data2Type]
6427024,902,11:33:58,1,[PeopleData_id:6,PeopleData_data3Type]
6427024,903,11:34:0,1,[PeopleData_id6,PeopleData_data3Type]
6427024,901,11:34:1,1,[PeopleData_id:6]
6427024,904,11:34:1,1,[PeopleData_id:6]
6427024,905,11:34:2,1,[PeopleData_id:6,RankTypes_id:-1,RankTypes_id:2]
6427024,901,11:34:2,1,[PeopleData_id:2]
6427024,904,11:34:2,1,[PeopleData_id:2]
6427024,902,11:34:3,1,[PeopleData_id:2,PeopleData_data0Type]
6427024,902,11:34:6,1,[PeopleData_id:2,PeopleData_data1Type]
6427024,902,11:34:10,1,[PeopleData_id:2,PeopleData_data2Type]
6427024,902,11:34:13,1,[PeopleData_id:2,PeopleData_data3Type]
6427024,903,11:34:17,1,[PeopleData_id2,PeopleData_data3Type]
6427024,901,11:34:18,1,[PeopleData_id:2]
6427024,904,11:34:18,1,[PeopleData_id:2]
6427024,905,11:34:19,1,[PeopleData_id:2,RankTypes_id:-1,RankTypes_id:0]
6427024,901,11:34:19,1,[PeopleData_id:4]
6427024,904,11:34:19,1,[PeopleData_id:4]
6427024,902,11:34:36,1,[PeopleData_id:4,PeopleData_data0Type]
6427024,902,11:34:59,1,[PeopleData_id:4,PeopleData_data1Type]
6427024,902,11:35:2,1,[PeopleData_id:4,PeopleData_data2Type]
6427024,902,11:35:7,1,[PeopleData_id:4,PeopleData_data3Type]
6427024,903,11:35:10,1,[PeopleData_id4,PeopleData_data3Type]
6427024,901,11:35:12,1,[PeopleData_id:4]
6427024,904,11:35:12,1,[PeopleData_id:4]
6427024,905,11:35:13,1,[PeopleData_id:4,RankTypes_id:-1,RankTypes_id:3]
6427024,901,11:35:14,1,[PeopleData_id:5]
6427024,902,11:35:16,1,[PeopleData_id:5,PeopleData_data0Type]
6427024,902,11:35:22,1,[PeopleData_id:5,PeopleData_data1Type]
6427024,902,11:35:24,1,[PeopleData_id:5,PeopleData_data2Type]
6427024,903,11:35:26,1,[PeopleData_id5,PeopleData_data2Type]
6427024,901,11:35:27,1,[PeopleData_id:5]
6427024,904,11:35:27,1,[PeopleData_id:5]
6427024,905,11:35:28,1,[PeopleData_id:5,RankTypes_id:-1,RankTypes_id:3]
6427024,906,11:35:28,1,[]
6427024,907,11:35:29,1,[]
6427024,908,11:35:29,1,[InvitationData_id:3,PeopleData_id:5,RankTypes_id:3]
6427024,909,11:35:32,1,[InvitationData_id:3,PeopleData_id:5,RankTypes_id:3,1]
6427024,910,11:35:32,1,[InvitationData_id:3,7,false]
6427024,908,11:35:32,1,[InvitationData_id:5,PeopleData_id:6,RankTypes_id:2]
6427024,909,11:35:36,1,[InvitationData_id:5,PeopleData_id:6,RankTypes_id:2,1]
6427024,910,11:35:37,1,[InvitationData_id:5,5,false]
6427024,908,11:35:37,1,[InvitationData_id:2,PeopleData_id:4,RankTypes_id:3]
6427024,909,11:35:40,1,[InvitationData_id:2,PeopleData_id:4,RankTypes_id:3,0]
6427024,910,11:35:40,1,[InvitationData_id:2,-7,false]
6427024,908,11:35:40,1,[InvitationData_id:9,PeopleData_id:4,RankTypes_id:3]
6427024,909,11:35:44,1,[InvitationData_id:9,PeopleData_id:4,RankTypes_id:3,0]
6427024,910,11:35:44,1,[InvitationData_id:9,-7,false]
6427024,908,11:35:44,1,[InvitationData_id:6,PeopleData_id:4,RankTypes_id:3]
6427024,909,11:35:48,1,[InvitationData_id:6,PeopleData_id:4,RankTypes_id:3,1]
6427024,910,11:35:49,1,[InvitationData_id:6,7,false]
6427024,908,11:35:49,1,[InvitationData_id:0,PeopleData_id:1,RankTypes_id:3]
6427024,909,11:35:51,1,[InvitationData_id:0,PeopleData_id:1,RankTypes_id:3,1]
6427024,910,11:35:52,1,[InvitationData_id:0,7,false]
6427024,908,11:35:52,1,[InvitationData_id:8,PeopleData_id:4,RankTypes_id:3]
6427024,909,11:35:56,1,[InvitationData_id:8,PeopleData_id:4,RankTypes_id:3,1]
6427024,910,11:35:57,1,[InvitationData_id:8,7,false]
6427024,908,11:35:57,1,[InvitationData_id:10,PeopleData_id:1,RankTypes_id:3]
6427024,909,11:35:59,1,[InvitationData_id:10,PeopleData_id:1,RankTypes_id:3,1]
6427024,910,11:35:59,1,[InvitationData_id:10,7,false]
6427024,908,11:35:59,1,[InvitationData_id:1,PeopleData_id:4,RankTypes_id:3]
6427024,909,11:36:2,1,[InvitationData_id:1,PeopleData_id:4,RankTypes_id:3,1]
6427024,910,11:36:3,1,[InvitationData_id:1,7,false]
6427024,911,11:36:3,1,[33,0,0,0]
6427024,1005,11:36:3,1,[2,2,3]
6427024,1001,11:36:5,1,[]
6427024,1003,11:36:5,2
6427024,210,11:36:8,1091,381
6427024,207,11:36:9,8,-200,-425
6427024,211,11:36:10,1214,392
6427024,213,11:36:10,8,c_nurse_G11a2P,true
6427024,205,11:36:10,8,c_nurse_G11a2P,false,false
6427024,210,11:36:13,933,499
6427024,211,11:36:13,929,530
6427024,213,11:36:13,8,c_friend1_M_G11a2P,true
6427024,205,11:36:13,8,c_friend1_M_G11a2P,false,false
6427024,221,11:36:17,8
6427024,220,11:36:18,8
6427024,203,11:36:18,8
6427024,100,11:36:23,10
6427024,102,11:36:24,10
6427024,200,11:36:24,10,22,30,22,24,27
6427024,210,11:36:28,810,498
6427024,211,11:36:29,765,484
6427024,213,11:36:29,10,c_mom_afri_G12a0,false
6427024,1003,11:36:33,2
6427024,1004,11:36:53,3
6427024,900,11:36:55,3,[]
6427024,901,11:36:57,3,[PeopleData_id:1]
6427024,904,11:36:57,3,[PeopleData_id:1]
6427024,902,11:36:59,3,[PeopleData_id:1,PeopleData_data0Type]
6427024,902,11:37:3,3,[PeopleData_id:1,PeopleData_data1Type]
6427024,902,11:37:6,3,[PeopleData_id:1,PeopleData_data2Type]
6427024,903,11:37:16,3,[PeopleData_id1,PeopleData_data2Type]
6427024,901,11:37:17,3,[PeopleData_id:1]
6427024,904,11:37:17,3,[PeopleData_id:1]
6427024,905,11:37:19,3,[PeopleData_id:1,RankTypes_id:-1,RankTypes_id:3]
6427024,901,11:39:13,3,[PeopleData_id:2]
6427024,902,11:39:15,3,[PeopleData_id:2,PeopleData_data0Type]
6427024,902,11:39:31,3,[PeopleData_id:2,PeopleData_data1Type]
6427024,903,11:39:35,3,[PeopleData_id2,PeopleData_data1Type]
6427024,901,11:39:36,3,[PeopleData_id:2]
6427024,904,11:39:36,3,[PeopleData_id:2]
6427024,905,11:39:41,3,[PeopleData_id:2,RankTypes_id:-1,RankTypes_id:1]
6427024,901,11:40:0,3,[PeopleData_id:0]
6427024,902,11:40:1,3,[PeopleData_id:0,PeopleData_data0Type]
6427024,902,11:40:6,3,[PeopleData_id:0,PeopleData_data1Type]
6427024,902,11:40:10,3,[PeopleData_id:0,PeopleData_data2Type]
6427024,902,11:40:17,3,[PeopleData_id:0,PeopleData_data3Type]
6427024,903,11:40:25,3,[PeopleData_id0,PeopleData_data3Type]
6427024,901,11:40:26,3,[PeopleData_id:0]
6427024,904,11:40:26,3,[PeopleData_id:0]
6427024,901,11:40:28,3,[PeopleData_id:0]
6427024,904,11:40:28,3,[PeopleData_id:0]
6427024,905,11:40:28,3,[PeopleData_id:0,RankTypes_id:-1,RankTypes_id:4]
6427024,901,11:40:29,3,[PeopleData_id:5]
6427024,902,11:40:32,3,[PeopleData_id:5,PeopleData_data0Type]
6427024,902,11:40:45,3,[PeopleData_id:5,PeopleData_data1Type]
6427024,902,11:40:55,3,[PeopleData_id:5,PeopleData_data2Type]
6427024,902,11:40:59,3,[PeopleData_id:5,PeopleData_data3Type]
6427024,903,11:41:4,3,[PeopleData_id5,PeopleData_data3Type]
6427024,902,11:41:7,3,[PeopleData_id:5,PeopleData_data0Type]
6427024,903,11:41:9,3,[PeopleData_id5,PeopleData_data0Type]
6427024,901,11:41:10,3,[PeopleData_id:5]
6427024,904,11:41:10,3,[PeopleData_id:5]
6427024,905,11:41:29,3,[PeopleData_id:5,RankTypes_id:-1,RankTypes_id:2]
6427024,901,11:42:1,3,[PeopleData_id:3]
6427024,902,11:42:2,3,[PeopleData_id:3,PeopleData_data0Type]
6427024,903,11:42:13,3,[PeopleData_id3,PeopleData_data0Type]
6427024,902,11:42:14,3,[PeopleData_id:3,PeopleData_data1Type]
6427024,902,11:42:18,3,[PeopleData_id:3,PeopleData_data2Type]
6427024,902,11:42:23,3,[PeopleData_id:3,PeopleData_data3Type]
6427024,903,11:42:26,3,[PeopleData_id3,PeopleData_data3Type]
6427024,901,11:42:27,3,[PeopleData_id:3]
6427024,904,11:42:27,3,[PeopleData_id:3]
6427024,905,11:42:27,3,[PeopleData_id:3,RankTypes_id:-1,RankTypes_id:3]
6427024,901,11:42:29,3,[PeopleData_id:4]
6427024,904,11:42:29,3,[PeopleData_id:4]
6427024,902,11:42:34,3,[PeopleData_id:4,PeopleData_data0Type]
6427024,902,11:42:40,3,[PeopleData_id:4,PeopleData_data1Type]
6427024,902,11:42:44,3,[PeopleData_id:4,PeopleData_data2Type]
6427024,902,11:42:47,3,[PeopleData_id:4,PeopleData_data0Type]
6427024,902,11:42:54,3,[PeopleData_id:4,PeopleData_data1Type]
6427024,902,11:42:57,3,[PeopleData_id:4,PeopleData_data2Type]
6427024,903,11:43:0,3,[PeopleData_id4,PeopleData_data2Type]
6427024,901,11:43:1,3,[PeopleData_id:4]
6427024,904,11:43:1,3,[PeopleData_id:4]
6427024,905,11:43:2,3,[PeopleData_id:4,RankTypes_id:-1,RankTypes_id:2]
6427024,906,11:43:2,3,[]
6427024,907,11:43:3,3,[]
6427024,908,11:43:3,3,[InvitationData_id:8,PeopleData_id:5,RankTypes_id:2]
6427024,909,11:43:21,3,[InvitationData_id:8,PeopleData_id:5,RankTypes_id:2,0]
6427024,910,11:43:22,3,[InvitationData_id:8,-2,false]
6427024,908,11:43:22,3,[InvitationData_id:2,PeopleData_id:0,RankTypes_id:4]
6427024,909,11:43:26,3,[InvitationData_id:2,PeopleData_id:0,RankTypes_id:4,1]
6427024,910,11:43:30,3,[InvitationData_id:2,0,true]
6427024,908,11:43:30,3,[InvitationData_id:0,PeopleData_id:0,RankTypes_id:4]
6427024,100,11:43:37,11
6427024,102,11:43:43,11
6427024,200,11:43:43,11,22,30,22,24,27
6427024,207,11:43:50,11,-200,-260
6427024,210,11:43:50,1214,73
6427024,211,11:43:52,1038,304
6427024,213,11:43:52,11,c_cousinsBrothersFriend_b_G12b0,false
6427024,1003,11:43:56,2
6427024,100,11:44:2,10
6427024,102,11:44:3,10
6427024,200,11:44:3,10,22,30,22,24,27
6427024,210,11:44:28,353,571
6427024,211,11:44:30,480,182
6427024,210,11:44:30,249,181
6427024,211,11:44:33,584,267
6427024,221,11:44:34,10
6427024,220,11:44:38,10
6427024,210,11:44:41,864,491
6427024,207,11:44:44,10,-200,-245
6427024,211,11:44:45,810,389
6427024,210,11:44:49,604,549
6427024,211,11:44:50,505,564
6427024,213,11:44:50,10,c_crush1_M_G12a1N,false
6427024,1003,11:44:54,2
6427024,1003,11:45:4,0
6427024,1003,11:45:10,2
6427024,1003,11:45:27,0
6427024,1003,11:45:31,1
6427024,1003,11:45:34,3
6427024,1004,11:45:36,9
6427024,500,11:45:40,9,[]
6427024,501,11:45:45,9,[]
6427024,502,11:45:51,9,[IntentionData_logId:0,true]
6427024,503,11:45:53,9,[]
6427024,504,11:45:57,9,[InfluenceData_logId:6]
6427024,504,11:45:57,9,[InfluenceData_logId:6]
6427024,504,11:45:59,9,[InfluenceData_logId:5]
6427024,504,11:46:0,9,[InfluenceData_logId:2]
6427024,505,11:46:2,9,[InfluenceData_logId:2,true,InfluenceData_logId:5,true,InfluenceData_logId:6,true]
6427024,506,11:46:3,9,[]
6427024,507,11:46:13,9,[OpponentAttackData_logId:3,OpponentAttackTypeData_logId:2,true,0]
6427024,508,11:46:15,9,[]
6427024,509,11:46:24,9,[RefusalData_logId:2,1]
6427024,510,11:46:35,9,[AvailableRefusalData_logId:2,0A]
6427024,510,11:46:36,9,[AvailableRefusalData_logId:2,1A]
6427024,510,11:46:36,9,[AvailableRefusalData_logId:2,2A]
6427024,511,11:46:37,9,[AvailableRefusalData_logId:2,0A,1A,2A,true,30]
6427024,512,11:46:40,9,[]
6427024,513,11:46:40,9,[0]
6427024,514,11:46:42,9,[]
6427024,507,11:46:49,9,[OpponentAttackData_logId:0,OpponentAttackTypeData_logId:1,true,0]
6427024,508,11:46:51,9,[]
6427024,509,11:47:3,9,[RefusalData_logId:4,2]
6427024,510,11:47:13,9,[AvailableRefusalData_logId:4,0A]
6427024,510,11:47:13,9,[AvailableRefusalData_logId:4,1A]
6427024,510,11:47:14,9,[AvailableRefusalData_logId:4,2A]
6427024,511,11:47:15,9,[AvailableRefusalData_logId:4,0A,1A,2A,true,50]
6427024,512,11:47:18,9,[]
6427024,513,11:47:18,9,[0]
6427024,514,11:47:21,9,[]
6427024,507,11:47:29,9,[OpponentAttackData_logId:1,OpponentAttackTypeData_logId:3,true,0]
6427024,508,11:47:31,9,[]
6427024,509,11:47:34,9,[RefusalData_logId:9,0]
6427024,510,11:47:38,9,[AvailableRefusalData_logId:9,0A]
6427024,510,11:47:39,9,[AvailableRefusalData_logId:9,1A]
6427024,510,11:47:40,9,[AvailableRefusalData_logId:9,2A]
6427024,511,11:47:41,9,[AvailableRefusalData_logId:9,0A,1A,2A,true,20]
6427024,512,11:47:43,9,[]
6427024,515,11:47:43,9,[150,0]
6427024,516,11:47:46,9,[]
6427024,517,11:47:59,9,[]
6427024,1005,11:47:59,9,[3,0,3]
6427024,1001,11:48:1,9,[]
6427024,1003,11:48:1,3
6427024,1004,11:48:1,7
6427024,1003,11:48:6,3
6427024,1003,11:48:55,2
6427024,1003,11:49:1,0
6427024,1004,11:49:15,1
6427024,400,11:49:21,1,[]
6427024,401,11:49:35,1,[StatementsData_logId:0]
6427024,402,11:49:36,1,[StatementsData_logId:0,true]
6427024,405,11:49:37,1,[StatementsData_logId:0]
6427024,406,11:49:38,1,[StatementsData_logId:0,2]
6427024,411,11:49:39,1,[StatementsData_logId:0]
6427024,401,11:49:47,1,[StatementsData_logId:1]
6427024,402,11:49:49,1,[StatementsData_logId:1,true]
6427024,405,11:49:50,1,[StatementsData_logId:1]
6427024,406,11:49:50,1,[StatementsData_logId:1,2]
6427024,411,11:49:52,1,[StatementsData_logId:1]
6427024,401,11:49:58,1,[StatementsData_logId:2]
6427024,403,11:50:0,1,[StatementsData_logId:2,true]
6427024,405,11:50:1,1,[StatementsData_logId:2]
6427024,406,11:50:1,1,[StatementsData_logId:2,2]
6427024,407,11:50:1,1,[StatementsData_logId:2,FactCardData_id:26]
6427024,407,11:50:1,1,[StatementsData_logId:2,FactCardData_id:22]
6427024,407,11:50:1,1,[StatementsData_logId:2,FactCardData_id:20]
6427024,407,11:50:1,1,[StatementsData_logId:2,FactCardData_id:23]
6427024,407,11:50:1,1,[StatementsData_logId:2,FactCardData_id:25]
6427024,407,11:50:1,1,[StatementsData_logId:2,FactCardData_id:24]
6427024,407,11:50:8,1,[StatementsData_logId:2,FactCardData_id:24]
6427024,407,11:50:8,1,[StatementsData_logId:2,FactCardData_id:24]
6427024,407,11:50:12,1,[StatementsData_logId:2,FactCardData_id:25]
6427024,407,11:50:12,1,[StatementsData_logId:2,FactCardData_id:24]
6427024,407,11:50:12,1,[StatementsData_logId:2,FactCardData_id:25]
6427024,408,11:50:14,1,[StatementsData_logId:2,FactCardData_id:25,false]
6427024,406,11:50:17,1,[StatementsData_logId:2,-2]
6427024,411,11:52:17,1,[StatementsData_logId:2]
6427024,1003,11:52:26,0
6427024,1004,11:52:29,1
6427024,400,11:52:31,1,[]
6427024,401,11:52:33,1,[StatementsData_logId:0]
6427024,402,11:52:34,1,[StatementsData_logId:0,true]
6427024,405,11:52:34,1,[StatementsData_logId:0]
6427024,406,11:52:35,1,[StatementsData_logId:0,2]
6427024,411,11:52:38,1,[StatementsData_logId:0]
6427024,401,11:52:39,1,[StatementsData_logId:1]
6427024,402,11:52:39,1,[StatementsData_logId:1,true]
6427024,405,11:52:40,1,[StatementsData_logId:1]
6427024,406,11:52:40,1,[StatementsData_logId:1,2]
6427024,411,11:52:41,1,[StatementsData_logId:1]
6427024,401,11:52:43,1,[StatementsData_logId:2]
6427024,403,11:52:44,1,[StatementsData_logId:2,true]
6427024,405,11:52:45,1,[StatementsData_logId:2]
6427024,406,11:52:45,1,[StatementsData_logId:2,2]
6427024,407,11:52:45,1,[StatementsData_logId:2,FactCardData_id:23]
6427024,407,11:52:45,1,[StatementsData_logId:2,FactCardData_id:25]
6427024,407,11:52:45,1,[StatementsData_logId:2,FactCardData_id:20]
6427024,407,11:52:45,1,[StatementsData_logId:2,FactCardData_id:22]
6427024,407,11:52:45,1,[StatementsData_logId:2,FactCardData_id:26]
6427024,407,11:52:45,1,[StatementsData_logId:2,FactCardData_id:24]
6427024,407,11:52:52,1,[StatementsData_logId:2,FactCardData_id:26]
6427024,407,11:52:52,1,[StatementsData_logId:2,FactCardData_id:26]
6427024,407,11:52:54,1,[StatementsData_logId:2,FactCardData_id:24]
6427024,407,11:52:54,1,[StatementsData_logId:2,FactCardData_id:26]
6427024,407,11:52:54,1,[StatementsData_logId:2,FactCardData_id:24]
6427024,408,11:52:55,1,[StatementsData_logId:2,FactCardData_id:24,true]
6427024,409,11:52:55,1,[StatementsData_logId:2]
6427024,410,11:52:56,1,[StatementsData_logId:2,2]
6427024,412,11:53:5,1,[StatementsData_logId:2]
6427024,413,11:53:10,1,[StatementsData_logId:2,DuelResponsesData_logId:0]
6427024,414,11:53:11,1,[StatementsData_logId:2,DuelResponsesData_logId:0]
6427024,415,11:53:13,1,[StatementsData_logId:2,DuelResponsesData_logId:0,DuelResponsesData_witty_player_response]
6427024,416,11:53:14,1,[StatementsData_logId:2,DuelResponsesData_logId:0]
6427024,417,11:53:15,1,[StatementsData_logId:2,DuelResponsesData_logId:0]
6427024,413,11:53:16,1,[StatementsData_logId:2,DuelResponsesData_logId:1]
6427024,414,11:53:16,1,[StatementsData_logId:2,DuelResponsesData_logId:1]
6427024,415,11:53:17,1,[StatementsData_logId:2,DuelResponsesData_logId:1,DuelResponsesData_ok_player_response]
6427024,416,11:53:18,1,[StatementsData_logId:2,DuelResponsesData_logId:1]
6427024,417,11:53:18,1,[StatementsData_logId:2,DuelResponsesData_logId:1]
6427024,413,11:53:19,1,[StatementsData_logId:2,DuelResponsesData_logId:2]
6427024,414,11:53:20,1,[StatementsData_logId:2,DuelResponsesData_logId:2]
6427024,415,11:53:21,1,[StatementsData_logId:2,DuelResponsesData_logId:2,DuelResponsesData_lame_player_response]
6427024,416,11:53:21,1,[StatementsData_logId:2,DuelResponsesData_logId:2]
6427024,417,11:53:22,1,[StatementsData_logId:2,DuelResponsesData_logId:2]
6427024,418,11:53:22,1,[StatementsData_logId:2,true]
6427024,419,11:53:23,1,[StatementsData_logId:2,4]
6427024,411,11:53:25,1,[StatementsData_logId:2]
6427024,401,11:53:34,1,[StatementsData_logId:3]
6427024,402,11:53:34,1,[StatementsData_logId:3,true]
6427024,405,11:53:35,1,[StatementsData_logId:3]
6427024,406,11:53:36,1,[StatementsData_logId:3,2]
6427024,411,11:53:38,1,[StatementsData_logId:3]
6427024,401,11:53:46,1,[StatementsData_logId:4]
6427024,403,11:53:47,1,[StatementsData_logId:4,true]
6427024,405,11:53:47,1,[StatementsData_logId:4]
6427024,406,11:53:48,1,[StatementsData_logId:4,2]
6427024,407,11:53:48,1,[StatementsData_logId:4,FactCardData_id:23]
6427024,407,11:53:48,1,[StatementsData_logId:4,FactCardData_id:26]
6427024,407,11:53:48,1,[StatementsData_logId:4,FactCardData_id:20]
6427024,407,11:53:48,1,[StatementsData_logId:4,FactCardData_id:25]
6427024,407,11:53:48,1,[StatementsData_logId:4,FactCardData_id:24]
6427024,407,11:53:48,1,[StatementsData_logId:4,FactCardData_id:22]
6427024,407,11:54:1,1,[StatementsData_logId:4,FactCardData_id:23]
6427024,407,11:54:1,1,[StatementsData_logId:4,FactCardData_id:23]
6427024,407,11:54:11,1,[StatementsData_logId:4,FactCardData_id:20]
6427024,407,11:54:11,1,[StatementsData_logId:4,FactCardData_id:23]
6427024,407,11:54:11,1,[StatementsData_logId:4,FactCardData_id:20]
6427024,407,11:54:12,1,[StatementsData_logId:4,FactCardData_id:23]
6427024,407,11:54:12,1,[StatementsData_logId:4,FactCardData_id:20]
6427024,407,11:54:12,1,[StatementsData_logId:4,FactCardData_id:23]
6427024,407,11:54:16,1,[StatementsData_logId:4,FactCardData_id:20]
6427024,407,11:54:16,1,[StatementsData_logId:4,FactCardData_id:23]
6427024,407,11:54:16,1,[StatementsData_logId:4,FactCardData_id:20]
6427024,407,11:54:21,1,[StatementsData_logId:4,FactCardData_id:24]
6427024,407,11:54:21,1,[StatementsData_logId:4,FactCardData_id:20]
6427024,407,11:54:21,1,[StatementsData_logId:4,FactCardData_id:24]
6427024,407,11:54:27,1,[StatementsData_logId:4,FactCardData_id:26]
6427024,407,11:54:27,1,[StatementsData_logId:4,FactCardData_id:24]
6427024,407,11:54:27,1,[StatementsData_logId:4,FactCardData_id:26]
6427024,407,11:54:30,1,[StatementsData_logId:4,FactCardData_id:25]
6427024,407,11:54:30,1,[StatementsData_logId:4,FactCardData_id:26]
6427024,407,11:54:30,1,[StatementsData_logId:4,FactCardData_id:25]
6427024,407,11:54:32,1,[StatementsData_logId:4,FactCardData_id:23]
6427024,407,11:54:32,1,[StatementsData_logId:4,FactCardData_id:25]
6427024,407,11:54:32,1,[StatementsData_logId:4,FactCardData_id:23]
6427024,408,11:54:33,1,[StatementsData_logId:4,FactCardData_id:23,true]
6427024,409,11:54:33,1,[StatementsData_logId:4]
6427024,410,11:54:34,1,[StatementsData_logId:4,2]
6427024,412,11:54:40,1,[StatementsData_logId:4]
6427024,413,11:54:40,1,[StatementsData_logId:4,DuelResponsesData_logId:3]
6427024,414,11:54:41,1,[StatementsData_logId:4,DuelResponsesData_logId:3]
6427024,415,11:54:41,1,[StatementsData_logId:4,DuelResponsesData_logId:3,DuelResponsesData_ok_player_response]
6427024,416,11:54:41,1,[StatementsData_logId:4,DuelResponsesData_logId:3]
6427024,417,11:54:42,1,[StatementsData_logId:4,DuelResponsesData_logId:3]
6427024,413,11:54:42,1,[StatementsData_logId:4,DuelResponsesData_logId:4]
6427024,414,11:54:43,1,[StatementsData_logId:4,DuelResponsesData_logId:4]
6427024,415,11:54:44,1,[StatementsData_logId:4,DuelResponsesData_logId:4,DuelResponsesData_ok_player_response]
6427024,416,11:54:45,1,[StatementsData_logId:4,DuelResponsesData_logId:4]
6427024,417,11:54:45,1,[StatementsData_logId:4,DuelResponsesData_logId:4]
6427024,413,11:54:46,1,[StatementsData_logId:4,DuelResponsesData_logId:5]
6427024,414,11:54:46,1,[StatementsData_logId:4,DuelResponsesData_logId:5]
6427024,415,11:54:47,1,[StatementsData_logId:4,DuelResponsesData_logId:5,DuelResponsesData_ok_player_response]
6427024,416,11:54:47,1,[StatementsData_logId:4,DuelResponsesData_logId:5]
6427024,417,11:54:47,1,[StatementsData_logId:4,DuelResponsesData_logId:5]
6427024,418,11:54:47,1,[StatementsData_logId:4,true]
6427024,419,11:54:48,1,[StatementsData_logId:4,4]
6427024,411,11:54:50,1,[StatementsData_logId:4]
6427024,401,11:54:58,1,[StatementsData_logId:5]
6427024,402,11:54:59,1,[StatementsData_logId:5,false]
6427024,405,11:55:0,1,[StatementsData_logId:5]
6427024,406,11:55:2,1,[StatementsData_logId:5,-2]
6427024,411,11:55:3,1,[StatementsData_logId:5]
6427024,420,11:55:3,1,[48]
6427024,1000,11:55:28,1,[]
6427024,400,11:55:29,1,[]
6427024,401,11:55:30,1,[StatementsData_logId:0]
6427024,404,11:55:30,1,[StatementsData_logId:0,false]
6427024,405,11:55:31,1,[StatementsData_logId:0]
6427024,1002,11:55:33,1
6427024,1003,11:55:33,0
6427024,1004,11:55:36,1
6427024,400,11:55:38,1,[]
6427024,401,11:55:38,1,[StatementsData_logId:0]
6427024,402,11:55:39,1,[StatementsData_logId:0,true]
6427024,405,11:55:39,1,[StatementsData_logId:0]
6427024,406,11:55:40,1,[StatementsData_logId:0,2]
6427024,411,11:55:41,1,[StatementsData_logId:0]
6427024,401,11:55:41,1,[StatementsData_logId:1]
6427024,402,11:55:42,1,[StatementsData_logId:1,true]
6427024,405,11:55:43,1,[StatementsData_logId:1]
6427024,406,11:55:43,1,[StatementsData_logId:1,2]
6427024,411,11:55:45,1,[StatementsData_logId:1]
6427024,401,11:55:46,1,[StatementsData_logId:2]
6427024,403,11:55:46,1,[StatementsData_logId:2,true]
6427024,405,11:55:47,1,[StatementsData_logId:2]
6427024,406,11:55:47,1,[StatementsData_logId:2,2]
6427024,407,11:55:47,1,[StatementsData_logId:2,FactCardData_id:20]
6427024,407,11:55:47,1,[StatementsData_logId:2,FactCardData_id:26]
6427024,407,11:55:47,1,[StatementsData_logId:2,FactCardData_id:25]
6427024,407,11:55:47,1,[StatementsData_logId:2,FactCardData_id:23]
6427024,407,11:55:47,1,[StatementsData_logId:2,FactCardData_id:24]
6427024,407,11:55:47,1,[StatementsData_logId:2,FactCardData_id:22]
6427024,407,11:55:53,1,[StatementsData_logId:2,FactCardData_id:26]
6427024,407,11:55:53,1,[StatementsData_logId:2,FactCardData_id:26]
6427024,407,11:55:54,1,[StatementsData_logId:2,FactCardData_id:24]
6427024,407,11:55:54,1,[StatementsData_logId:2,FactCardData_id:26]
6427024,407,11:55:54,1,[StatementsData_logId:2,FactCardData_id:24]
6427024,408,11:55:55,1,[StatementsData_logId:2,FactCardData_id:24,true]
6427024,409,11:55:55,1,[StatementsData_logId:2]
6427024,410,11:55:56,1,[StatementsData_logId:2,2]
6427024,412,11:55:56,1,[StatementsData_logId:2]
6427024,413,11:55:57,1,[StatementsData_logId:2,DuelResponsesData_logId:0]
6427024,414,11:55:57,1,[StatementsData_logId:2,DuelResponsesData_logId:0]
6427024,415,11:55:58,1,[StatementsData_logId:2,DuelResponsesData_logId:0,DuelResponsesData_ok_player_response]
6427024,416,11:55:58,1,[StatementsData_logId:2,DuelResponsesData_logId:0]
6427024,417,11:55:58,1,[StatementsData_logId:2,DuelResponsesData_logId:0]
6427024,413,11:55:59,1,[StatementsData_logId:2,DuelResponsesData_logId:1]
6427024,414,11:56:0,1,[StatementsData_logId:2,DuelResponsesData_logId:1]
6427024,415,11:56:0,1,[StatementsData_logId:2,DuelResponsesData_logId:1,DuelResponsesData_witty_player_response]
6427024,416,11:56:1,1,[StatementsData_logId:2,DuelResponsesData_logId:1]
6427024,417,11:56:1,1,[StatementsData_logId:2,DuelResponsesData_logId:1]
6427024,413,11:56:2,1,[StatementsData_logId:2,DuelResponsesData_logId:2]
6427024,414,11:56:2,1,[StatementsData_logId:2,DuelResponsesData_logId:2]
6427024,415,11:56:3,1,[StatementsData_logId:2,DuelResponsesData_logId:2,DuelResponsesData_witty_player_response]
6427024,416,11:56:3,1,[StatementsData_logId:2,DuelResponsesData_logId:2]
6427024,417,11:56:4,1,[StatementsData_logId:2,DuelResponsesData_logId:2]
6427024,418,11:56:4,1,[StatementsData_logId:2,true]
6427024,419,11:56:5,1,[StatementsData_logId:2,4]
6427024,411,11:56:7,1,[StatementsData_logId:2]
6427024,401,11:56:10,1,[StatementsData_logId:3]
6427024,402,11:56:10,1,[StatementsData_logId:3,true]
6427024,405,11:56:11,1,[StatementsData_logId:3]
6427024,406,11:56:11,1,[StatementsData_logId:3,2]
6427024,411,11:56:12,1,[StatementsData_logId:3]
6427024,401,11:56:15,1,[StatementsData_logId:4]
6427024,403,11:56:16,1,[StatementsData_logId:4,true]
6427024,405,11:56:16,1,[StatementsData_logId:4]
6427024,406,11:56:17,1,[StatementsData_logId:4,2]
6427024,407,11:56:17,1,[StatementsData_logId:4,FactCardData_id:23]
6427024,407,11:56:17,1,[StatementsData_logId:4,FactCardData_id:20]
6427024,407,11:56:17,1,[StatementsData_logId:4,FactCardData_id:25]
6427024,407,11:56:17,1,[StatementsData_logId:4,FactCardData_id:22]
6427024,407,11:56:17,1,[StatementsData_logId:4,FactCardData_id:24]
6427024,407,11:56:17,1,[StatementsData_logId:4,FactCardData_id:26]
6427024,407,11:56:18,1,[StatementsData_logId:4,FactCardData_id:23]
6427024,407,11:56:18,1,[StatementsData_logId:4,FactCardData_id:23]
6427024,408,11:56:20,1,[StatementsData_logId:4,FactCardData_id:23,true]
6427024,409,11:56:20,1,[StatementsData_logId:4]
6427024,410,11:56:23,1,[StatementsData_logId:4,2]
6427024,412,11:56:24,1,[StatementsData_logId:4]
6427024,413,11:56:25,1,[StatementsData_logId:4,DuelResponsesData_logId:3]
6427024,414,11:56:26,1,[StatementsData_logId:4,DuelResponsesData_logId:3]
6427024,415,11:56:26,1,[StatementsData_logId:4,DuelResponsesData_logId:3,DuelResponsesData_lame_player_response]
6427024,416,11:56:27,1,[StatementsData_logId:4,DuelResponsesData_logId:3]
6427024,417,11:56:27,1,[StatementsData_logId:4,DuelResponsesData_logId:3]
6427024,413,11:56:27,1,[StatementsData_logId:4,DuelResponsesData_logId:4]
6427024,414,11:56:28,1,[StatementsData_logId:4,DuelResponsesData_logId:4]
6427024,415,11:56:28,1,[StatementsData_logId:4,DuelResponsesData_logId:4,DuelResponsesData_lame_player_response]
6427024,416,11:56:29,1,[StatementsData_logId:4,DuelResponsesData_logId:4]
6427024,417,11:56:29,1,[StatementsData_logId:4,DuelResponsesData_logId:4]
6427024,413,11:56:29,1,[StatementsData_logId:4,DuelResponsesData_logId:5]
6427024,414,11:56:30,1,[StatementsData_logId:4,DuelResponsesData_logId:5]
6427024,415,11:56:31,1,[StatementsData_logId:4,DuelResponsesData_logId:5,DuelResponsesData_lame_player_response]
6427024,416,11:56:31,1,[StatementsData_logId:4,DuelResponsesData_logId:5]
6427024,417,11:56:32,1,[StatementsData_logId:4,DuelResponsesData_logId:5]
6427024,418,11:56:32,1,[StatementsData_logId:4,false]
6427024,1002,11:56:37,1
6427024,1003,11:56:37,0
6427024,1004,11:56:39,1
6427024,400,11:56:41,1,[]
6427024,401,11:56:41,1,[StatementsData_logId:0]
6427024,402,11:56:42,1,[StatementsData_logId:0,true]
6427024,405,11:56:42,1,[StatementsData_logId:0]
6427024,406,11:56:43,1,[StatementsData_logId:0,2]
6427024,411,11:56:43,1,[StatementsData_logId:0]
6427024,401,11:56:44,1,[StatementsData_logId:1]
6427024,402,11:56:44,1,[StatementsData_logId:1,true]
6427024,405,11:56:45,1,[StatementsData_logId:1]
6427024,406,11:56:45,1,[StatementsData_logId:1,2]
6427024,411,11:56:46,1,[StatementsData_logId:1]
6427024,401,11:56:48,1,[StatementsData_logId:2]
6427024,403,11:56:49,1,[StatementsData_logId:2,true]
6427024,405,11:56:49,1,[StatementsData_logId:2]
6427024,406,11:56:50,1,[StatementsData_logId:2,2]
6427024,407,11:56:50,1,[StatementsData_logId:2,FactCardData_id:26]
6427024,407,11:56:50,1,[StatementsData_logId:2,FactCardData_id:25]
6427024,407,11:56:50,1,[StatementsData_logId:2,FactCardData_id:23]
6427024,407,11:56:50,1,[StatementsData_logId:2,FactCardData_id:24]
6427024,407,11:56:50,1,[StatementsData_logId:2,FactCardData_id:20]
6427024,407,11:56:50,1,[StatementsData_logId:2,FactCardData_id:22]
6427024,407,11:56:53,1,[StatementsData_logId:2,FactCardData_id:24]
6427024,407,11:56:53,1,[StatementsData_logId:2,FactCardData_id:24]
6427024,408,11:56:54,1,[StatementsData_logId:2,FactCardData_id:24,true]
6427024,409,11:56:54,1,[StatementsData_logId:2]
6427024,410,11:56:55,1,[StatementsData_logId:2,2]
6427024,412,11:56:56,1,[StatementsData_logId:2]
6427024,413,11:56:56,1,[StatementsData_logId:2,DuelResponsesData_logId:0]
6427024,414,11:56:57,1,[StatementsData_logId:2,DuelResponsesData_logId:0]
6427024,415,11:56:57,1,[StatementsData_logId:2,DuelResponsesData_logId:0,DuelResponsesData_witty_player_response]
6427024,416,11:56:57,1,[StatementsData_logId:2,DuelResponsesData_logId:0]
6427024,417,11:56:57,1,[StatementsData_logId:2,DuelResponsesData_logId:0]
6427024,413,11:56:58,1,[StatementsData_logId:2,DuelResponsesData_logId:1]
6427024,414,11:56:58,1,[StatementsData_logId:2,DuelResponsesData_logId:1]
6427024,415,11:56:59,1,[StatementsData_logId:2,DuelResponsesData_logId:1,DuelResponsesData_lame_player_response]
6427024,416,11:56:59,1,[StatementsData_logId:2,DuelResponsesData_logId:1]
6427024,417,11:57:0,1,[StatementsData_logId:2,DuelResponsesData_logId:1]
6427024,413,11:57:0,1,[StatementsData_logId:2,DuelResponsesData_logId:2]
6427024,414,11:57:0,1,[StatementsData_logId:2,DuelResponsesData_logId:2]
6427024,415,11:57:1,1,[StatementsData_logId:2,DuelResponsesData_logId:2,DuelResponsesData_witty_player_response]
6427024,416,11:57:1,1,[StatementsData_logId:2,DuelResponsesData_logId:2]
6427024,417,11:57:1,1,[StatementsData_logId:2,DuelResponsesData_logId:2]
6427024,418,11:57:1,1,[StatementsData_logId:2,true]
6427024,419,11:57:2,1,[StatementsData_logId:2,4]
6427024,411,11:57:3,1,[StatementsData_logId:2]
6427024,401,11:57:3,1,[StatementsData_logId:3]
6427024,404,11:57:4,1,[StatementsData_logId:3,false]
6427024,405,11:57:6,1,[StatementsData_logId:3]
6427024,406,11:57:6,1,[StatementsData_logId:3,-2]
6427024,411,11:57:7,1,[StatementsData_logId:3]
6427024,401,11:57:8,1,[StatementsData_logId:4]
6427024,404,11:57:8,1,[StatementsData_logId:4,false]
6427024,405,11:57:9,1,[StatementsData_logId:4]
6427024,406,11:57:9,1,[StatementsData_logId:4,-2]
6427024,411,11:57:10,1,[StatementsData_logId:4]
6427024,401,11:57:11,1,[StatementsData_logId:5]
6427024,402,11:57:12,1,[StatementsData_logId:5,false]
6427024,405,11:57:12,1,[StatementsData_logId:5]
6427024,406,11:57:13,1,[StatementsData_logId:5,-2]
6427024,411,11:58:7,1,[StatementsData_logId:5]
6427024,420,11:58:7,1,[34]
6427024,1000,11:58:10,1,[]
6427024,400,11:58:10,1,[]
6427024,401,11:58:12,1,[StatementsData_logId:0]
6427024,402,11:58:13,1,[StatementsData_logId:0,true]
6427024,405,11:58:13,1,[StatementsData_logId:0]
6427024,406,11:58:14,1,[StatementsData_logId:0,2]
6427024,411,11:58:15,1,[StatementsData_logId:0]
6427024,401,11:58:15,1,[StatementsData_logId:1]
6427024,402,11:58:16,1,[StatementsData_logId:1,true]
6427024,405,11:58:16,1,[StatementsData_logId:1]
6427024,406,11:58:17,1,[StatementsData_logId:1,2]
6427024,411,11:58:19,1,[StatementsData_logId:1]
6427024,401,11:58:20,1,[StatementsData_logId:2]
6427024,403,11:58:21,1,[StatementsData_logId:2,true]
6427024,405,11:58:21,1,[StatementsData_logId:2]
6427024,406,11:58:21,1,[StatementsData_logId:2,2]
6427024,407,11:58:21,1,[StatementsData_logId:2,FactCardData_id:20]
6427024,407,11:58:21,1,[StatementsData_logId:2,FactCardData_id:25]
6427024,407,11:58:21,1,[StatementsData_logId:2,FactCardData_id:26]
6427024,407,11:58:21,1,[StatementsData_logId:2,FactCardData_id:23]
6427024,407,11:58:21,1,[StatementsData_logId:2,FactCardData_id:22]
6427024,407,11:58:21,1,[StatementsData_logId:2,FactCardData_id:24]
6427024,407,11:58:25,1,[StatementsData_logId:2,FactCardData_id:24]
6427024,407,11:58:25,1,[StatementsData_logId:2,FactCardData_id:24]
6427024,408,11:58:26,1,[StatementsData_logId:2,FactCardData_id:24,true]
6427024,409,11:58:26,1,[StatementsData_logId:2]
6427024,410,11:58:27,1,[StatementsData_logId:2,2]
6427024,412,11:58:27,1,[StatementsData_logId:2]
6427024,413,11:58:28,1,[StatementsData_logId:2,DuelResponsesData_logId:0]
6427024,414,11:58:29,1,[StatementsData_logId:2,DuelResponsesData_logId:0]
6427024,415,11:58:29,1,[StatementsData_logId:2,DuelResponsesData_logId:0,DuelResponsesData_lame_player_response]
6427024,416,11:58:30,1,[StatementsData_logId:2,DuelResponsesData_logId:0]
6427024,417,11:58:30,1,[StatementsData_logId:2,DuelResponsesData_logId:0]
6427024,413,11:58:31,1,[StatementsData_logId:2,DuelResponsesData_logId:1]
6427024,414,11:58:31,1,[StatementsData_logId:2,DuelResponsesData_logId:1]
6427024,415,11:58:32,1,[StatementsData_logId:2,DuelResponsesData_logId:1,DuelResponsesData_ok_player_response]
6427024,416,11:58:32,1,[StatementsData_logId:2,DuelResponsesData_logId:1]
6427024,417,11:58:33,1,[StatementsData_logId:2,DuelResponsesData_logId:1]
6427024,413,11:58:33,1,[StatementsData_logId:2,DuelResponsesData_logId:2]
6427024,414,11:58:34,1,[StatementsData_logId:2,DuelResponsesData_logId:2]
6427024,415,11:58:34,1,[StatementsData_logId:2,DuelResponsesData_logId:2,DuelResponsesData_witty_player_response]
6427024,416,11:58:35,1,[StatementsData_logId:2,DuelResponsesData_logId:2]
6427024,417,11:58:35,1,[StatementsData_logId:2,DuelResponsesData_logId:2]
6427024,418,11:58:35,1,[StatementsData_logId:2,true]
6427024,419,11:58:36,1,[StatementsData_logId:2,4]
6427024,411,11:58:37,1,[StatementsData_logId:2]
6427024,401,11:58:41,1,[StatementsData_logId:3]
6427024,402,11:58:42,1,[StatementsData_logId:3,true]
6427024,405,11:58:42,1,[StatementsData_logId:3]
6427024,406,11:58:43,1,[StatementsData_logId:3,2]
6427024,411,11:58:44,1,[StatementsData_logId:3]
6427024,401,11:58:48,1,[StatementsData_logId:4]
6427024,403,11:58:49,1,[StatementsData_logId:4,true]
6427024,405,11:58:49,1,[StatementsData_logId:4]
6427024,406,11:58:50,1,[StatementsData_logId:4,2]
6427024,407,11:58:50,1,[StatementsData_logId:4,FactCardData_id:26]
6427024,407,11:58:50,1,[StatementsData_logId:4,FactCardData_id:22]
6427024,407,11:58:50,1,[StatementsData_logId:4,FactCardData_id:23]
6427024,407,11:58:50,1,[StatementsData_logId:4,FactCardData_id:24]
6427024,407,11:58:50,1,[StatementsData_logId:4,FactCardData_id:20]
6427024,407,11:58:50,1,[StatementsData_logId:4,FactCardData_id:25]
6427024,407,11:58:52,1,[StatementsData_logId:4,FactCardData_id:23]
6427024,407,11:58:52,1,[StatementsData_logId:4,FactCardData_id:23]
6427024,408,11:58:52,1,[StatementsData_logId:4,FactCardData_id:23,true]
6427024,409,11:58:52,1,[StatementsData_logId:4]
6427024,410,11:58:53,1,[StatementsData_logId:4,2]
6427024,412,11:58:54,1,[StatementsData_logId:4]
6427024,413,11:58:54,1,[StatementsData_logId:4,DuelResponsesData_logId:3]
6427024,414,11:58:55,1,[StatementsData_logId:4,DuelResponsesData_logId:3]
6427024,415,11:58:56,1,[StatementsData_logId:4,DuelResponsesData_logId:3,DuelResponsesData_lame_player_response]
6427024,416,11:58:57,1,[StatementsData_logId:4,DuelResponsesData_logId:3]
6427024,417,11:58:57,1,[StatementsData_logId:4,DuelResponsesData_logId:3]
6427024,413,11:58:58,1,[StatementsData_logId:4,DuelResponsesData_logId:4]
6427024,414,11:58:59,1,[StatementsData_logId:4,DuelResponsesData_logId:4]
6427024,415,11:59:0,1,[StatementsData_logId:4,DuelResponsesData_logId:4,DuelResponsesData_witty_player_response]
6427024,416,11:59:1,1,[StatementsData_logId:4,DuelResponsesData_logId:4]
6427024,417,11:59:3,1,[StatementsData_logId:4,DuelResponsesData_logId:4]
6427024,413,11:59:3,1,[StatementsData_logId:4,DuelResponsesData_logId:5]
6427024,414,11:59:4,1,[StatementsData_logId:4,DuelResponsesData_logId:5]
6427024,415,11:59:5,1,[StatementsData_logId:4,DuelResponsesData_logId:5,DuelResponsesData_ok_player_response]
6427024,416,11:59:6,1,[StatementsData_logId:4,DuelResponsesData_logId:5]
6427024,417,11:59:6,1,[StatementsData_logId:4,DuelResponsesData_logId:5]
6427024,418,11:59:6,1,[StatementsData_logId:4,true]
6427024,419,11:59:7,1,[StatementsData_logId:4,4]
6427024,411,11:59:8,1,[StatementsData_logId:4]
6427024,401,11:59:15,1,[StatementsData_logId:5]
6427024,404,11:59:15,1,[StatementsData_logId:5,true]
6427024,406,11:59:16,1,[StatementsData_logId:5,2]
6427024,412,11:59:17,1,[StatementsData_logId:5]
6427024,413,11:59:17,1,[StatementsData_logId:5,DuelResponsesData_logId:6]
6427024,414,11:59:18,1,[StatementsData_logId:5,DuelResponsesData_logId:6]
6427024,415,11:59:18,1,[StatementsData_logId:5,DuelResponsesData_logId:6,DuelResponsesData_lame_player_response]
6427024,416,11:59:19,1,[StatementsData_logId:5,DuelResponsesData_logId:6]
6427024,417,11:59:20,1,[StatementsData_logId:5,DuelResponsesData_logId:6]
6427024,413,11:59:20,1,[StatementsData_logId:5,DuelResponsesData_logId:7]
6427024,414,11:59:21,1,[StatementsData_logId:5,DuelResponsesData_logId:7]
6427024,415,11:59:22,1,[StatementsData_logId:5,DuelResponsesData_logId:7,DuelResponsesData_witty_player_response]
6427024,416,11:59:23,1,[StatementsData_logId:5,DuelResponsesData_logId:7]
6427024,417,11:59:23,1,[StatementsData_logId:5,DuelResponsesData_logId:7]
6427024,413,11:59:24,1,[StatementsData_logId:5,DuelResponsesData_logId:8]
6427024,414,11:59:25,1,[StatementsData_logId:5,DuelResponsesData_logId:8]
6427024,415,11:59:26,1,[StatementsData_logId:5,DuelResponsesData_logId:8,DuelResponsesData_lame_player_response]
6427024,416,11:59:27,1,[StatementsData_logId:5,DuelResponsesData_logId:8]
6427024,417,11:59:28,1,[StatementsData_logId:5,DuelResponsesData_logId:8]
6427024,418,11:59:28,1,[StatementsData_logId:5,false]
6427024,419,11:59:29,1,[StatementsData_logId:5,-4]
6427024,411,11:59:31,1,[StatementsData_logId:5]
6427024,420,11:59:31,1,[48]
6427024,1000,11:59:33,1,[]
6427024,400,11:59:37,1,[]
6427024,401,11:59:40,1,[StatementsData_logId:0]
6427024,402,11:59:41,1,[StatementsData_logId:0,true]
6427024,405,11:59:42,1,[StatementsData_logId:0]
6427024,406,11:59:42,1,[StatementsData_logId:0,2]
6427024,411,11:59:43,1,[StatementsData_logId:0]
6427024,401,11:59:44,1,[StatementsData_logId:1]
6427024,402,11:59:45,1,[StatementsData_logId:1,true]
6427024,405,11:59:46,1,[StatementsData_logId:1]
6427024,406,11:59:47,1,[StatementsData_logId:1,2]
6427024,411,11:59:48,1,[StatementsData_logId:1]
6427024,401,11:59:49,1,[StatementsData_logId:2]
6427024,403,11:59:50,1,[StatementsData_logId:2,true]
6427024,405,11:59:50,1,[StatementsData_logId:2]
6427024,406,11:59:51,1,[StatementsData_logId:2,2]
6427024,407,11:59:51,1,[StatementsData_logId:2,FactCardData_id:25]
6427024,407,11:59:51,1,[StatementsData_logId:2,FactCardData_id:20]
6427024,407,11:59:51,1,[StatementsData_logId:2,FactCardData_id:24]
6427024,407,11:59:51,1,[StatementsData_logId:2,FactCardData_id:23]
6427024,407,11:59:51,1,[StatementsData_logId:2,FactCardData_id:26]
6427024,407,11:59:51,1,[StatementsData_logId:2,FactCardData_id:22]
6427024,407,11:59:54,1,[StatementsData_logId:2,FactCardData_id:24]
6427024,407,11:59:54,1,[StatementsData_logId:2,FactCardData_id:24]
6427024,408,11:59:55,1,[StatementsData_logId:2,FactCardData_id:24,true]
6427024,409,11:59:55,1,[StatementsData_logId:2]
6427024,410,11:59:56,1,[StatementsData_logId:2,2]
6427024,412,11:59:59,1,[StatementsData_logId:2]
6427024,413,12:0:1,1,[StatementsData_logId:2,DuelResponsesData_logId:0]
6427024,414,12:0:2,1,[StatementsData_logId:2,DuelResponsesData_logId:0]
6427024,415,12:0:3,1,[StatementsData_logId:2,DuelResponsesData_logId:0,DuelResponsesData_ok_player_response]
6427024,416,12:0:4,1,[StatementsData_logId:2,DuelResponsesData_logId:0]
6427024,417,12:0:5,1,[StatementsData_logId:2,DuelResponsesData_logId:0]
6427024,413,12:0:5,1,[StatementsData_logId:2,DuelResponsesData_logId:1]
6427024,414,12:0:6,1,[StatementsData_logId:2,DuelResponsesData_logId:1]
6427024,415,12:0:7,1,[StatementsData_logId:2,DuelResponsesData_logId:1,DuelResponsesData_ok_player_response]
6427024,416,12:0:8,1,[StatementsData_logId:2,DuelResponsesData_logId:1]
6427024,417,12:0:8,1,[StatementsData_logId:2,DuelResponsesData_logId:1]
6427024,413,12:0:9,1,[StatementsData_logId:2,DuelResponsesData_logId:2]
6427024,414,12:0:9,1,[StatementsData_logId:2,DuelResponsesData_logId:2]
6427024,415,12:0:10,1,[StatementsData_logId:2,DuelResponsesData_logId:2,DuelResponsesData_witty_player_response]
6427024,416,12:0:11,1,[StatementsData_logId:2,DuelResponsesData_logId:2]
6427024,417,12:0:11,1,[StatementsData_logId:2,DuelResponsesData_logId:2]
6427024,418,12:0:11,1,[StatementsData_logId:2,true]
6427024,419,12:0:12,1,[StatementsData_logId:2,4]
6427024,411,12:0:13,1,[StatementsData_logId:2]
6427024,401,12:0:14,1,[StatementsData_logId:3]
6427024,402,12:0:15,1,[StatementsData_logId:3,true]
6427024,405,12:0:16,1,[StatementsData_logId:3]
6427024,406,12:0:16,1,[StatementsData_logId:3,2]
6427024,411,12:0:17,1,[StatementsData_logId:3]
6427024,401,12:0:20,1,[StatementsData_logId:4]
6427024,404,12:0:20,1,[StatementsData_logId:4,false]
6427024,1002,12:0:23,1
6427024,1003,12:0:23,0
6427024,1004,12:0:29,1
6427024,400,12:0:32,1,[]
6427024,401,12:0:34,1,[StatementsData_logId:0]
6427024,402,12:0:34,1,[StatementsData_logId:0,true]
6427024,405,12:0:35,1,[StatementsData_logId:0]
6427024,406,12:0:35,1,[StatementsData_logId:0,2]
6427024,411,12:0:36,1,[StatementsData_logId:0]
6427024,401,12:0:37,1,[StatementsData_logId:1]
6427024,402,12:0:38,1,[StatementsData_logId:1,true]
6427024,405,12:0:38,1,[StatementsData_logId:1]
6427024,406,12:0:39,1,[StatementsData_logId:1,2]
6427024,411,12:0:40,1,[StatementsData_logId:1]
6427024,401,12:0:44,1,[StatementsData_logId:2]
6427024,403,12:0:46,1,[StatementsData_logId:2,true]
6427024,405,12:0:47,1,[StatementsData_logId:2]
6427024,406,12:0:47,1,[StatementsData_logId:2,2]
6427024,407,12:0:47,1,[StatementsData_logId:2,FactCardData_id:23]
6427024,407,12:0:47,1,[StatementsData_logId:2,FactCardData_id:20]
6427024,407,12:0:47,1,[StatementsData_logId:2,FactCardData_id:26]
6427024,407,12:0:47,1,[StatementsData_logId:2,FactCardData_id:24]
6427024,407,12:0:47,1,[StatementsData_logId:2,FactCardData_id:22]
6427024,407,12:0:47,1,[StatementsData_logId:2,FactCardData_id:25]
6427024,407,12:0:49,1,[StatementsData_logId:2,FactCardData_id:24]
6427024,407,12:0:49,1,[StatementsData_logId:2,FactCardData_id:24]
6427024,408,12:0:50,1,[StatementsData_logId:2,FactCardData_id:24,true]
6427024,409,12:0:50,1,[StatementsData_logId:2]
6427024,410,12:0:51,1,[StatementsData_logId:2,2]
6427024,412,12:0:52,1,[StatementsData_logId:2]
6427024,413,12:0:53,1,[StatementsData_logId:2,DuelResponsesData_logId:0]
6427024,414,12:0:54,1,[StatementsData_logId:2,DuelResponsesData_logId:0]
6427024,415,12:0:55,1,[StatementsData_logId:2,DuelResponsesData_logId:0,DuelResponsesData_witty_player_response]
6427024,416,12:0:56,1,[StatementsData_logId:2,DuelResponsesData_logId:0]
6427024,417,12:0:57,1,[StatementsData_logId:2,DuelResponsesData_logId:0]
6427024,413,12:0:57,1,[StatementsData_logId:2,DuelResponsesData_logId:1]
6427024,414,12:0:58,1,[StatementsData_logId:2,DuelResponsesData_logId:1]
6427024,415,12:0:59,1,[StatementsData_logId:2,DuelResponsesData_logId:1,DuelResponsesData_witty_player_response]
6427024,416,12:0:59,1,[StatementsData_logId:2,DuelResponsesData_logId:1]
6427024,417,12:0:59,1,[StatementsData_logId:2,DuelResponsesData_logId:1]
6427024,413,12:1:0,1,[StatementsData_logId:2,DuelResponsesData_logId:2]
6427024,414,12:1:1,1,[StatementsData_logId:2,DuelResponsesData_logId:2]
6427024,415,12:1:2,1,[StatementsData_logId:2,DuelResponsesData_logId:2,DuelResponsesData_ok_player_response]
6427024,416,12:1:2,1,[StatementsData_logId:2,DuelResponsesData_logId:2]
6427024,417,12:1:3,1,[StatementsData_logId:2,DuelResponsesData_logId:2]
6427024,418,12:1:3,1,[StatementsData_logId:2,true]
6427024,419,12:1:4,1,[StatementsData_logId:2,4]
6427024,411,12:1:5,1,[StatementsData_logId:2]
6427024,401,12:1:6,1,[StatementsData_logId:3]
6427024,402,12:1:7,1,[StatementsData_logId:3,true]
6427024,405,12:1:8,1,[StatementsData_logId:3]
6427024,406,12:1:8,1,[StatementsData_logId:3,2]
6427024,411,12:1:9,1,[StatementsData_logId:3]
6427024,401,12:1:12,1,[StatementsData_logId:4]
6427024,403,12:1:13,1,[StatementsData_logId:4,true]
6427024,405,12:1:13,1,[StatementsData_logId:4]
6427024,406,12:1:14,1,[StatementsData_logId:4,2]
6427024,407,12:1:14,1,[StatementsData_logId:4,FactCardData_id:23]
6427024,407,12:1:14,1,[StatementsData_logId:4,FactCardData_id:24]
6427024,407,12:1:14,1,[StatementsData_logId:4,FactCardData_id:22]
6427024,407,12:1:14,1,[StatementsData_logId:4,FactCardData_id:20]
6427024,407,12:1:14,1,[StatementsData_logId:4,FactCardData_id:25]
6427024,407,12:1:14,1,[StatementsData_logId:4,FactCardData_id:26]
6427024,407,12:1:16,1,[StatementsData_logId:4,FactCardData_id:23]
6427024,407,12:1:16,1,[StatementsData_logId:4,FactCardData_id:23]
6427024,408,12:1:17,1,[StatementsData_logId:4,FactCardData_id:23,true]
6427024,409,12:1:17,1,[StatementsData_logId:4]
6427024,410,12:1:18,1,[StatementsData_logId:4,2]
6427024,412,12:1:18,1,[StatementsData_logId:4]
6427024,413,12:1:19,1,[StatementsData_logId:4,DuelResponsesData_logId:3]
6427024,414,12:1:20,1,[StatementsData_logId:4,DuelResponsesData_logId:3]
6427024,415,12:1:21,1,[StatementsData_logId:4,DuelResponsesData_logId:3,DuelResponsesData_witty_player_response]
6427024,416,12:1:21,1,[StatementsData_logId:4,DuelResponsesData_logId:3]
6427024,417,12:1:22,1,[StatementsData_logId:4,DuelResponsesData_logId:3]
6427024,413,12:1:23,1,[StatementsData_logId:4,DuelResponsesData_logId:4]
6427024,414,12:1:23,1,[StatementsData_logId:4,DuelResponsesData_logId:4]
6427024,415,12:1:24,1,[StatementsData_logId:4,DuelResponsesData_logId:4,DuelResponsesData_lame_player_response]
6427024,416,12:1:25,1,[StatementsData_logId:4,DuelResponsesData_logId:4]
6427024,417,12:1:25,1,[StatementsData_logId:4,DuelResponsesData_logId:4]
6427024,413,12:1:26,1,[StatementsData_logId:4,DuelResponsesData_logId:5]
6427024,414,12:1:27,1,[StatementsData_logId:4,DuelResponsesData_logId:5]
6427024,415,12:1:28,1,[StatementsData_logId:4,DuelResponsesData_logId:5,DuelResponsesData_lame_player_response]
6427024,416,12:1:28,1,[StatementsData_logId:4,DuelResponsesData_logId:5]
6427024,417,12:1:29,1,[StatementsData_logId:4,DuelResponsesData_logId:5]
6427024,418,12:1:29,1,[StatementsData_logId:4,true]
6427024,419,12:1:30,1,[StatementsData_logId:4,4]
6427024,411,12:1:32,1,[StatementsData_logId:4]
6427024,401,12:1:40,1,[StatementsData_logId:5]
6427024,404,12:1:41,1,[StatementsData_logId:5,true]
6427024,406,12:1:41,1,[StatementsData_logId:5,2]
6427024,412,12:1:42,1,[StatementsData_logId:5]
6427024,413,12:1:43,1,[StatementsData_logId:5,DuelResponsesData_logId:6]
6427024,414,12:1:43,1,[StatementsData_logId:5,DuelResponsesData_logId:6]
6427024,415,12:1:45,1,[StatementsData_logId:5,DuelResponsesData_logId:6,DuelResponsesData_lame_player_response]
6427024,416,12:1:46,1,[StatementsData_logId:5,DuelResponsesData_logId:6]
6427024,417,12:1:46,1,[StatementsData_logId:5,DuelResponsesData_logId:6]
6427024,413,12:1:46,1,[StatementsData_logId:5,DuelResponsesData_logId:7]
6427024,414,12:1:47,1,[StatementsData_logId:5,DuelResponsesData_logId:7]
6427024,415,12:1:48,1,[StatementsData_logId:5,DuelResponsesData_logId:7,DuelResponsesData_ok_player_response]
6427024,416,12:1:48,1,[StatementsData_logId:5,DuelResponsesData_logId:7]
6427024,417,12:1:48,1,[StatementsData_logId:5,DuelResponsesData_logId:7]
6427024,413,12:1:49,1,[StatementsData_logId:5,DuelResponsesData_logId:8]
6427024,414,12:1:49,1,[StatementsData_logId:5,DuelResponsesData_logId:8]
6427024,415,12:1:50,1,[StatementsData_logId:5,DuelResponsesData_logId:8,DuelResponsesData_witty_player_response]
6427024,416,12:1:51,1,[StatementsData_logId:5,DuelResponsesData_logId:8]
6427024,417,12:1:51,1,[StatementsData_logId:5,DuelResponsesData_logId:8]
6427024,418,12:1:51,1,[StatementsData_logId:5,true]
6427024,419,12:1:52,1,[StatementsData_logId:5,4]
6427024,411,12:1:53,1,[StatementsData_logId:5]
6427024,420,12:1:53,1,[56]
6427024,1005,12:1:53,1,[0,2,3]
6427024,1001,12:1:55,1,[]
6427024,1003,12:1:55,0
6427024,1004,12:1:57,2
6427024,400,12:2:2,2,[]
6427024,401,12:2:6,2,[StatementsData_logId:0]
6427024,402,12:2:6,2,[StatementsData_logId:0,false]
6427024,405,12:2:7,2,[StatementsData_logId:0]
6427024,406,12:2:8,2,[StatementsData_logId:0,-2]
6427024,411,12:2:9,2,[StatementsData_logId:0]
6427024,401,12:2:10,2,[StatementsData_logId:1]
6427024,403,12:2:11,2,[StatementsData_logId:1,false]
6427024,405,12:2:12,2,[StatementsData_logId:1]
6427024,406,12:2:13,2,[StatementsData_logId:1,-2]
6427024,411,12:2:13,2,[StatementsData_logId:1]
6427024,401,12:2:14,2,[StatementsData_logId:2]
6427024,403,12:2:15,2,[StatementsData_logId:2,false]
6427024,405,12:2:16,2,[StatementsData_logId:2]
6427024,406,12:2:16,2,[StatementsData_logId:2,-2]
6427024,411,12:2:18,2,[StatementsData_logId:2]
6427024,401,12:2:20,2,[StatementsData_logId:3]
6427024,402,12:2:21,2,[StatementsData_logId:3,true]
6427024,405,12:2:22,2,[StatementsData_logId:3]
6427024,406,12:2:24,2,[StatementsData_logId:3,2]
6427024,411,12:2:25,2,[StatementsData_logId:3]
6427024,1002,12:2:28,2
6427024,1003,12:2:28,0
6427024,1004,12:2:32,2
6427024,400,12:2:34,2,[]
6427024,401,12:2:35,2,[StatementsData_logId:0]
6427024,403,12:2:35,2,[StatementsData_logId:0,true]
6427024,405,12:2:35,2,[StatementsData_logId:0]
6427024,406,12:2:36,2,[StatementsData_logId:0,2]
6427024,407,12:2:36,2,[StatementsData_logId:0,FactCardData_id:21]
6427024,407,12:2:36,2,[StatementsData_logId:0,FactCardData_id:24]
6427024,407,12:2:36,2,[StatementsData_logId:0,FactCardData_id:18]
6427024,407,12:2:36,2,[StatementsData_logId:0,FactCardData_id:22]
6427024,407,12:2:36,2,[StatementsData_logId:0,FactCardData_id:20]
6427024,407,12:2:36,2,[StatementsData_logId:0,FactCardData_id:19]
6427024,407,12:2:49,2,[StatementsData_logId:0,FactCardData_id:24]
6427024,407,12:2:49,2,[StatementsData_logId:0,FactCardData_id:24]
6427024,408,12:2:49,2,[StatementsData_logId:0,FactCardData_id:24,false]
6427024,406,12:2:51,2,[StatementsData_logId:0,-2]
6427024,411,12:2:55,2,[StatementsData_logId:0]
6427024,401,12:4:5,2,[StatementsData_logId:1]
6427024,404,12:4:6,2,[StatementsData_logId:1,false]
6427024,405,12:4:6,2,[StatementsData_logId:1]
6427024,406,12:4:6,2,[StatementsData_logId:1,-2]
6427024,411,12:4:7,2,[StatementsData_logId:1]
6427024,401,12:4:8,2,[StatementsData_logId:2]
6427024,404,12:4:8,2,[StatementsData_logId:2,true]
6427024,406,12:4:8,2,[StatementsData_logId:2,2]
6427024,412,12:4:9,2,[StatementsData_logId:2]
6427024,413,12:4:9,2,[StatementsData_logId:2,DuelResponsesData_logId:3]
6427024,414,12:4:10,2,[StatementsData_logId:2,DuelResponsesData_logId:3]
6427024,415,12:4:12,2,[StatementsData_logId:2,DuelResponsesData_logId:3,DuelResponsesData_ok_player_response]
6427024,416,12:4:12,2,[StatementsData_logId:2,DuelResponsesData_logId:3]
6427024,417,12:4:12,2,[StatementsData_logId:2,DuelResponsesData_logId:3]
6427024,413,12:4:13,2,[StatementsData_logId:2,DuelResponsesData_logId:4]
6427024,414,12:4:14,2,[StatementsData_logId:2,DuelResponsesData_logId:4]
6427024,415,12:4:16,2,[StatementsData_logId:2,DuelResponsesData_logId:4,DuelResponsesData_witty_player_response]
6427024,416,12:4:16,2,[StatementsData_logId:2,DuelResponsesData_logId:4]
6427024,417,12:4:17,2,[StatementsData_logId:2,DuelResponsesData_logId:4]
6427024,413,12:4:17,2,[StatementsData_logId:2,DuelResponsesData_logId:5]
6427024,414,12:4:17,2,[StatementsData_logId:2,DuelResponsesData_logId:5]
6427024,415,12:4:17,2,[StatementsData_logId:2,DuelResponsesData_logId:5,DuelResponsesData_ok_player_response]
6427024,416,12:4:18,2,[StatementsData_logId:2,DuelResponsesData_logId:5]
6427024,417,12:4:18,2,[StatementsData_logId:2,DuelResponsesData_logId:5]
6427024,418,12:4:18,2,[StatementsData_logId:2,true]
6427024,419,12:4:18,2,[StatementsData_logId:2,4]
6427024,411,12:4:19,2,[StatementsData_logId:2]
6427024,401,12:4:27,2,[StatementsData_logId:3]
6427024,402,12:4:28,2,[StatementsData_logId:3,true]
6427024,405,12:4:29,2,[StatementsData_logId:3]
6427024,406,12:4:29,2,[StatementsData_logId:3,2]
6427024,411,12:4:31,2,[StatementsData_logId:3]
6427024,401,12:4:32,2,[StatementsData_logId:4]
6427024,403,12:4:33,2,[StatementsData_logId:4,true]
6427024,405,12:4:33,2,[StatementsData_logId:4]
6427024,406,12:4:34,2,[StatementsData_logId:4,2]
6427024,407,12:4:34,2,[StatementsData_logId:4,FactCardData_id:18]
6427024,407,12:4:34,2,[StatementsData_logId:4,FactCardData_id:20]
6427024,407,12:4:34,2,[StatementsData_logId:4,FactCardData_id:19]
6427024,407,12:4:34,2,[StatementsData_logId:4,FactCardData_id:24]
6427024,407,12:4:34,2,[StatementsData_logId:4,FactCardData_id:21]
6427024,407,12:4:34,2,[StatementsData_logId:4,FactCardData_id:22]
6427024,407,12:4:35,2,[StatementsData_logId:4,FactCardData_id:24]
6427024,407,12:4:35,2,[StatementsData_logId:4,FactCardData_id:24]
6427024,408,12:4:36,2,[StatementsData_logId:4,FactCardData_id:24,false]
6427024,406,12:4:38,2,[StatementsData_logId:4,-2]
6427024,411,12:4:40,2,[StatementsData_logId:4]
6427024,1003,12:5:20,2
6427024,1004,12:5:25,3
6427024,900,12:5:26,3,[]
6427024,901,12:5:29,3,[PeopleData_id:1]
6427024,902,12:5:31,3,[PeopleData_id:1,PeopleData_data0Type]
6427024,902,12:5:35,3,[PeopleData_id:1,PeopleData_data1Type]
6427024,902,12:5:40,3,[PeopleData_id:1,PeopleData_data2Type]
6427024,903,12:5:44,3,[PeopleData_id1,PeopleData_data2Type]
6427024,901,12:5:46,3,[PeopleData_id:1]
6427024,904,12:5:46,3,[PeopleData_id:1]
6427024,905,12:5:47,3,[PeopleData_id:1,RankTypes_id:-1,RankTypes_id:4]
6427024,901,12:5:48,3,[PeopleData_id:4]
6427024,904,12:5:48,3,[PeopleData_id:4]
6427024,902,12:5:49,3,[PeopleData_id:4,PeopleData_data0Type]
6427024,903,12:5:53,3,[PeopleData_id4,PeopleData_data0Type]
6427024,902,12:5:53,3,[PeopleData_id:4,PeopleData_data1Type]
6427024,903,12:5:57,3,[PeopleData_id4,PeopleData_data1Type]
6427024,902,12:5:59,3,[PeopleData_id:4,PeopleData_data2Type]
6427024,903,12:6:5,3,[PeopleData_id4,PeopleData_data2Type]
6427024,901,12:6:6,3,[PeopleData_id:4]
6427024,904,12:6:6,3,[PeopleData_id:4]
6427024,905,12:6:7,3,[PeopleData_id:4,RankTypes_id:-1,RankTypes_id:3]
6427024,901,12:6:8,3,[PeopleData_id:3]
6427024,902,12:6:12,3,[PeopleData_id:3,PeopleData_data0Type]
6427024,902,12:6:24,3,[PeopleData_id:3,PeopleData_data1Type]
6427024,902,12:6:26,3,[PeopleData_id:3,PeopleData_data2Type]
6427024,902,12:6:29,3,[PeopleData_id:3,PeopleData_data3Type]
6427024,903,12:6:31,3,[PeopleData_id3,PeopleData_data3Type]
6427024,901,12:6:31,3,[PeopleData_id:3]
6427024,904,12:6:32,3,[PeopleData_id:3]
6427024,905,12:6:32,3,[PeopleData_id:3,RankTypes_id:-1,RankTypes_id:4]
6427024,901,12:6:33,3,[PeopleData_id:2]
6427024,902,12:6:34,3,[PeopleData_id:2,PeopleData_data0Type]
6427024,902,12:6:36,3,[PeopleData_id:2,PeopleData_data1Type]
6427024,903,12:6:37,3,[PeopleData_id2,PeopleData_data1Type]
6427024,901,12:6:38,3,[PeopleData_id:0]
6427024,904,12:6:38,3,[PeopleData_id:0]
6427024,905,12:6:40,3,[PeopleData_id:0,RankTypes_id:-1,RankTypes_id:2]
6427024,901,12:6:40,3,[PeopleData_id:2]
6427024,902,12:6:41,3,[PeopleData_id:2,PeopleData_data0Type]
6427024,903,12:6:45,3,[PeopleData_id2,PeopleData_data0Type]
6427024,901,12:6:46,3,[PeopleData_id:0]
6427024,904,12:6:46,3,[PeopleData_id:0]
6427024,905,12:6:46,3,[PeopleData_id:0,RankTypes_id:2,RankTypes_id:2]
6427024,902,12:6:47,3,[PeopleData_id:0,PeopleData_data0Type]
6427024,902,12:6:50,3,[PeopleData_id:0,PeopleData_data1Type]
6427024,902,12:6:52,3,[PeopleData_id:0,PeopleData_data2Type]
6427024,902,12:6:56,3,[PeopleData_id:0,PeopleData_data3Type]
6427024,903,12:6:59,3,[PeopleData_id0,PeopleData_data3Type]
6427024,901,12:7:0,3,[PeopleData_id:0]
6427024,904,12:7:0,3,[PeopleData_id:0]
6427024,905,12:7:2,3,[PeopleData_id:0,RankTypes_id:2,RankTypes_id:3]
6427024,901,12:7:3,3,[PeopleData_id:0]
6427024,904,12:7:3,3,[PeopleData_id:0]
6427024,901,12:7:4,3,[PeopleData_id:0]
6427024,904,12:7:5,3,[PeopleData_id:0]
6427024,905,12:7:5,3,[PeopleData_id:0,RankTypes_id:3,RankTypes_id:3]
6427024,901,12:7:6,3,[PeopleData_id:2]
6427024,904,12:7:6,3,[PeopleData_id:2]
6427024,902,12:7:7,3,[PeopleData_id:2,PeopleData_data0Type]
6427024,903,12:7:9,3,[PeopleData_id2,PeopleData_data0Type]
6427024,902,12:7:10,3,[PeopleData_id:2,PeopleData_data1Type]
6427024,903,12:7:17,3,[PeopleData_id2,PeopleData_data1Type]
6427024,901,12:7:18,3,[PeopleData_id:2]
6427024,904,12:7:18,3,[PeopleData_id:2]
6427024,905,12:7:19,3,[PeopleData_id:2,RankTypes_id:-1,RankTypes_id:0]
6427024,901,12:7:23,3,[PeopleData_id:2]
6427024,904,12:7:23,3,[PeopleData_id:2]
6427024,905,12:7:23,3,[PeopleData_id:2,RankTypes_id:0,RankTypes_id:1]
6427024,901,12:7:28,3,[PeopleData_id:5]
6427024,904,12:7:28,3,[PeopleData_id:5]
6427024,902,12:7:29,3,[PeopleData_id:5,PeopleData_data0Type]
6427024,902,12:7:31,3,[PeopleData_id:5,PeopleData_data1Type]
6427024,902,12:7:36,3,[PeopleData_id:5,PeopleData_data2Type]
6427024,902,12:7:39,3,[PeopleData_id:5,PeopleData_data2Type]
6427024,902,12:7:40,3,[PeopleData_id:5,PeopleData_data3Type]
6427024,903,12:7:43,3,[PeopleData_id5,PeopleData_data3Type]
6427024,901,12:7:44,3,[PeopleData_id:5]
6427024,904,12:7:44,3,[PeopleData_id:5]
6427024,905,12:7:44,3,[PeopleData_id:5,RankTypes_id:-1,RankTypes_id:3]
6427024,906,12:7:44,3,[]
6427024,907,12:7:45,3,[]
6427024,908,12:7:45,3,[InvitationData_id:10,PeopleData_id:1,RankTypes_id:4]
6427024,909,12:7:48,3,[InvitationData_id:10,PeopleData_id:1,RankTypes_id:4,1]
6427024,910,12:7:50,3,[InvitationData_id:10,9,false]
6427024,908,12:7:50,3,[InvitationData_id:6,PeopleData_id:3,RankTypes_id:4]
6427024,909,12:7:53,3,[InvitationData_id:6,PeopleData_id:3,RankTypes_id:4,1]
6427024,910,12:7:54,3,[InvitationData_id:6,9,false]
6427024,908,12:7:54,3,[InvitationData_id:9,PeopleData_id:4,RankTypes_id:3]
6427024,909,12:7:56,3,[InvitationData_id:9,PeopleData_id:4,RankTypes_id:3,1]
6427024,910,12:7:57,3,[InvitationData_id:9,0,true]
6427024,908,12:7:57,3,[InvitationData_id:7,PeopleData_id:4,RankTypes_id:3]
6427024,909,12:7:59,3,[InvitationData_id:7,PeopleData_id:4,RankTypes_id:3,1]
6427024,910,12:7:59,3,[InvitationData_id:7,0,true]
6427024,908,12:7:59,3,[InvitationData_id:5,PeopleData_id:3,RankTypes_id:4]
6427024,909,12:8:0,3,[InvitationData_id:5,PeopleData_id:3,RankTypes_id:4,1]
6427024,910,12:8:1,3,[InvitationData_id:5,9,false]
6427024,908,12:8:1,3,[InvitationData_id:2,PeopleData_id:0,RankTypes_id:3]
6427024,909,12:8:2,3,[InvitationData_id:2,PeopleData_id:0,RankTypes_id:3,1]
6427024,910,12:8:2,3,[InvitationData_id:2,0,true]
6427024,912,12:8:3,3,[]
6427024,1001,12:8:14,3,[]
6427024,1003,12:8:14,2
6427024,1004,12:8:26,5
6427024,900,12:8:28,5,[]
6427024,901,12:11:9,5,[PeopleData_id:4]
6427024,902,12:11:26,5,[PeopleData_id:4,PeopleData_data0Type]
6427024,903,12:11:31,5,[PeopleData_id4,PeopleData_data0Type]
6427024,902,12:11:32,5,[PeopleData_id:4,PeopleData_data1Type]
6427024,903,12:11:35,5,[PeopleData_id4,PeopleData_data1Type]
6427024,902,12:11:36,5,[PeopleData_id:4,PeopleData_data2Type]
6427024,903,12:11:41,5,[PeopleData_id4,PeopleData_data2Type]
6427024,902,12:11:42,5,[PeopleData_id:4,PeopleData_data3Type]
6427024,903,12:11:55,5,[PeopleData_id4,PeopleData_data3Type]
6427024,901,12:12:0,5,[PeopleData_id:4]
6427024,904,12:12:1,5,[PeopleData_id:4]
6427024,905,12:12:1,5,[PeopleData_id:4,RankTypes_id:-1,RankTypes_id:2]
6427024,901,12:12:1,5,[PeopleData_id:0]
6427024,904,12:12:2,5,[PeopleData_id:0]
6427024,902,12:12:52,5,[PeopleData_id:0,PeopleData_data0Type]
6427024,903,12:12:55,5,[PeopleData_id0,PeopleData_data0Type]
6427024,902,12:12:56,5,[PeopleData_id:0,PeopleData_data1Type]
6427024,903,12:13:6,5,[PeopleData_id0,PeopleData_data1Type]
6427024,902,12:13:8,5,[PeopleData_id:0,PeopleData_data1Type]
6427024,902,12:13:11,5,[PeopleData_id:0,PeopleData_data2Type]
6427024,902,12:13:17,5,[PeopleData_id:0,PeopleData_data2Type]
6427024,902,12:13:21,5,[PeopleData_id:0,PeopleData_data3Type]
6427024,903,12:13:25,5,[PeopleData_id0,PeopleData_data3Type]
6427024,901,12:13:25,5,[PeopleData_id:0]
6427024,904,12:13:25,5,[PeopleData_id:0]
6427024,905,12:13:26,5,[PeopleData_id:0,RankTypes_id:-1,RankTypes_id:3]
6427024,901,12:13:26,5,[PeopleData_id:3]
6427024,902,12:13:27,5,[PeopleData_id:3,PeopleData_data0Type]
6427024,902,12:13:32,5,[PeopleData_id:3,PeopleData_data1Type]
6427024,902,12:13:38,5,[PeopleData_id:3,PeopleData_data2Type]
6427024,903,12:13:46,5,[PeopleData_id3,PeopleData_data2Type]
6427024,902,12:13:48,5,[PeopleData_id:3,PeopleData_data2Type]
6427024,903,12:13:50,5,[PeopleData_id3,PeopleData_data2Type]
6427024,901,12:13:51,5,[PeopleData_id:3]
6427024,904,12:13:51,5,[PeopleData_id:3]
6427024,905,12:13:52,5,[PeopleData_id:3,RankTypes_id:-1,RankTypes_id:0]
6427024,901,12:13:52,5,[PeopleData_id:7]
6427024,902,12:14:11,5,[PeopleData_id:7,PeopleData_data0Type]
6427024,902,12:14:18,5,[PeopleData_id:7,PeopleData_data1Type]
6427024,902,12:14:22,5,[PeopleData_id:7,PeopleData_data2Type]
6427024,902,12:14:25,5,[PeopleData_id:7,PeopleData_data3Type]
6427024,903,12:14:28,5,[PeopleData_id7,PeopleData_data3Type]
6427024,901,12:14:31,5,[PeopleData_id:7]
6427024,904,12:14:31,5,[PeopleData_id:7]
6427024,905,12:14:33,5,[PeopleData_id:7,RankTypes_id:-1,RankTypes_id:2]
6427024,103,12:15:49
6427024,105,12:15:51
6427024,703,12:15:54,[|| EpilogueItem ID: 0 unlocked: true ||,|| EpilogueItem ID: 1 unlocked: true ||,|| EpilogueItem ID: 2 unlocked: true ||,|| EpilogueItem ID: 3 unlocked: true ||,|| EpilogueItem ID: 4 unlocked: true ||,|| EpilogueItem ID: 5 unlocked: true ||,|| EpilogueItem ID: 6 unlocked: true ||,|| EpilogueItem ID: 7 unlocked: true ||,|| EpilogueItem ID: 8 unlocked: true ||,|| EpilogueItem ID: 9 unlocked: false ||,|| EpilogueItem ID: 10 unlocked: false ||,|| EpilogueItem ID: 11 unlocked: false ||,|| EpilogueItem ID: 12 unlocked: false ||,|| EpilogueItem ID: 13 unlocked: true ||,|| EpilogueItem ID: 14 unlocked: false ||,|| EpilogueItem ID: 15 unlocked: false ||,|| EpilogueItem ID: 16 unlocked: false ||,|| EpilogueItem ID: 17 unlocked: false ||,|| EpilogueItem ID: 18 unlocked: true ||,|| EpilogueItem ID: 19 unlocked: false ||,|| EpilogueItem ID: 20 unlocked: false ||,|| EpilogueItem ID: 21 unlocked: true ||,|| EpilogueItem ID: 22 unlocked: true ||,|| EpilogueItem ID: 23 unlocked: false ||,|| EpilogueItem ID: 24 unlocked: false ||],0.52
6427024,706,12:15:58,(x=2531, y=-100, w=1024, h=768),(x=2531, y=-100, w=1024, h=768)
6427024,708,12:15:58
6427024,1,12:15:58,8/5/2013 9:57:48am,{"gameTime":44158423,"challengeStacks":[{"challengeScenes":[{"miniGameCards":[],"viewedAnimatic":true,"keyPoints":["c_teacherEng_G7a0","c_bestFriend_M_a_G7a0","s_flag_gen"],"unlocked":true,"touchableObjects":["s_vocabAssignment_G7a0","s_atwoodPoster_gen","c_friend1_M_a_G7a0","c_teacherEng_G7a0","c_bestFriend_M_a_G7a0","s_doorClassroom_G7a0","c_crewKid1_M_G7a0","s_flag_gen"]},{"miniGameCards":[],"viewedAnimatic":true,"keyPoints":["c_teacherEng_G7a1N","c_bestFriend_M_a_G7a1N","s_paperPlayers_G7a1N"],"unlocked":true,"touchableObjects":["c_teacherEng_G7a1N","s_otherStudent2_G7a1N","c_bestFriend_M_a_G7a1N","s_otherStudent1_G7a1N","s_atwoodPoster_gen","s_posterPlagiarism_gen","c_crewKid1_M_G7a1N","s_shakespearePoster_gen","s_flag_gen","s_paperPlayers_G7a1N"]},{"miniGameCards":[],"viewedAnimatic":true,"keyPoints":["c_bestFriend_M_a_G7a1P","s_flag_gen","c_teacherEng_G7a1P","s_paperEnglish_gen"],"unlocked":true,"touchableObjects":["s_paperPlayers_G7a1P","c_bestFriend_M_a_G7a1P","s_flag_gen","c_teacherEng_G7a1P","s_clock_G7a1P","s_papersDetention_gen","s_atwoodPoster_gen","s_angelouPoster_gen","s_shakespearePoster_gen","s_poePoster_gen","s_paperEnglish_gen"]}],"stackSize":3,"resolved":true},{"challengeScenes":[{"miniGameCards":[],"viewedAnimatic":true,"keyPoints":["c_crewKid1_M_G7b0","c_kidSister_afri_a_G7b0","s_backpack_M_G7b0"],"unlocked":true,"touchableObjects":["c_crewKid1_M_G7b0","c_cousinsBrothersFriendsGF_G7b0","c_cousin_M_a_G7b0","s_snackBarWorker_G7b0","s_lifeguard_G7b0","c_kidSister_afri_a_G7b0","s_backpack_M_G7b0","c_crewKid2_M_G7b0"]},{"miniGameCards":[],"viewedAnimatic":true,"keyPoints":["c_crewKid1_M_G7b1N","s_graffiti_G7b1N","s_sprayPaintCan_G7b1N","c_kidSister_afri_a_G7b1N","s_brokenCarWindow_G7b1N"],"unlocked":true,"touchableObjects":["c_teacherEng_G7b1N","c_crewKid1_M_G7b1N","c_crewKid2_M_a_G7b1N","s_graffiti_G7b1N","s_sprayPaintCan_G7b1N","c_policeOfficer_G7b1N","c_kidSister_afri_a_G7b1N","s_flag_G7b1N","c_cousin_M_a_G7b1N","s_cat_G7b1N","s_brokenCarWindow_G7b1N"]},{"miniGameCards":[],"viewedAnimatic":true,"keyPoints":["s_poolDay_ruleSign_G7b1P","c_cousinsBrothersFriend_a_G7b1P","c_cousinsBrother_a_G7b1P","c_cousin_M_a_G7b1P"],"unlocked":true,"touchableObjects":["s_poolDay_ruleSign_G7b1P","c_cousinsBrothersFriend_a_G7b1P","c_crush1_M_a_G7b1P","c_cousinsBrother_a_G7b1P","c_cousin_M_a_G7b1P"]},{"miniGameCards":[],"viewedAnimatic":true,"keyPoints":["c_crush1_M_a_G7b2N","s_kid1_G7b2N","c_cousin_M_a_G7b2N","c_kidSister_afri_a_G7b2N"],"unlocked":true,"touchableObjects":["c_crush1_M_a_G7b2N","s_kid1_G7b2N","c_cousin_M_a_G7b2N","c_kidSister_afri_a_G7b2N"]},{"miniGameCards":[],"viewedAnimatic":true,"keyPoints":["c_cousin_M_a_G7b2P","s_computer_M_G7b2P","c_kidSister_afri_a_G7b2P"],"unlocked":true,"touchableObjects":["c_cousin_M_a_G7b2P","s_computer_M_G7b2P","c_grandma_afri_a_G7b2P","c_kidSister_afri_a_G7b2P"]}],"stackSize":5,"resolved":true},{"challengeScenes":[{"miniGameCards":[],"viewedAnimatic":true,"keyPoints":["s_bottleCrush2_M_G8a0","s_clock_G8a0","c_crush2_M_a_G8a0","c_cousin_M_a_G8a0","s_cellphone_G8a0"],"unlocked":true,"touchableObjects":["s_bottleCrush2_M_G8a0","s_clock_G8a0","s_cigaretteKid1_G8a0","c_crush2_M_a_G8a0","c_cousin_M_a_G8a0","c_friend1_M_G8a0","s_bottleFloor_G8a0","s_beerCooler_G8a0","s_stairs_G8a0","s_cellphone_G8a0"]},{"miniGameCards":[],"viewedAnimatic":true,"keyPoints":["s_basementDoor_gen","s_dirtyClothes_gen","s_crush2Lips_M_G8a1N","s_crush2Eyes_M_G8a1N","s_crush2Sore_M_G8a1N"],"unlocked":true,"touchableObjects":["c_crush2_M_a_G8a1N","s_waterHeater_gen","s_basementDoor_gen","s_inhalantsShelf_gen","s_dryer_G8a1N","s_dirtyClothes_gen","s_stairs_G8a1N","s_crush2Lips_M_G8a1N","s_crush2Eyes_M_G8a1N","s_crush2Sore_M_G8a1N"]},{"miniGameCards":[],"viewedAnimatic":true,"keyPoints":["s_basementDoor_gen","c_crush2_M_a_G8a1P","s_dirtyClothes_gen","s_inhalantsShelf_gen"],"unlocked":true,"touchableObjects":["s_basementDoor_gen","s_spraypaintCrush2_M_G8a1P","c_crush2_M_a_G8a1P","s_dirtyClothes_gen","s_inhalantsShelf_gen"]},{"miniGameCards":[],"viewedAnimatic":true,"keyPoints":["c_crush2_M_a_G8a2N","s_spraypaintCan_G8a2N"],"unlocked":true,"touchableObjects":["c_crush2_M_a_G8a2N","s_fumes_G8a2N","s_spraypaintCan_G8a2N"]},{"miniGameCards":[],"viewedAnimatic":true,"keyPoints":["s_sistersToy_G8a2P","s_magazine_G8a2P","c_kidSister_afri_a_G8a2P","c_crush2_M_a_G8a2P","s_pictureDad_afri_gen"],"unlocked":true,"touchableObjects":["s_sistersToy_G8a2P","s_magazine_G8a2P","c_kidSister_afri_a_G8a2P","c_crush2_M_a_G8a2P","s_pictureDad_afri_gen"]},{"miniGameCards":[],"viewedAnimatic":true,"keyPoints":["s_mirror_afri_M_a_G8a3N","c_nurse_a_G8a3N","s_pamphlet3_G8a3N","s_pamphlet1_G8a3N"],"unlocked":true,"touchableObjects":["s_mirror_afri_M_a_G8a3N","c_nurse_a_G8a3N","s_door_G8a3N","s_phone_G8a3N","s_pamphlet3_G8a3N","s_pamphlet2_G8a3N","s_pamphlet1_G8a3N"]},{"miniGameCards":[],"viewedAnimatic":true,"keyPoints":["c_crush2_M_a_G8a3P","s_kidsCouch_G8a3P"],"unlocked":true,"touchableObjects":["c_friend1_M_a_G8a3P","s_kidStanding_G8a3P","c_crush2_M_a_G8a3P","s_kidsCouch_G8a3P"]}],"stackSize":7,"resolved":true},{"challengeScenes":[{"miniGameCards":[],"viewedAnimatic":true,"keyPoints":["c_friend1_M_a_G8b0","c_kidSister_afri_a_G8b0","s_pillBottle_G8b0"],"unlocked":true,"touchableObjects":["c_friend1_M_a_G8b0","c_kidSister_afri_a_G8b0","c_grandma_afri_a_G8b0","s_pillBottle_G8b0"]},{"miniGameCards":[],"viewedAnimatic":true,"keyPoints":["c_friend1_M_a_G8b1N","c_kidSister_afri_a_G8b1N","c_grandma_afri_a_G8b1N"],"unlocked":true,"touchableObjects":["c_friend1_M_a_G8b1N","c_kidSister_afri_a_G8b1N","c_grandma_afri_a_G8b1N"]},{"miniGameCards":[],"viewedAnimatic":true,"keyPoints":["c_friend1_M_a_G8b1P","c_grandma_afri_a_G8b1P","s_pillBottle_M_G8b1P"],"unlocked":true,"touchableObjects":["c_friend1_M_a_G8b1P","c_grandma_afri_a_G8b1P","c_kidSister_afri_a_G8b1P","s_pillBottle_M_G8b1P"]},{"miniGameCards":[],"viewedAnimatic":true,"keyPoints":["c_teacherEng_G8b2N","c_crewKid2_M_a_G8b2N","c_friend1_M_a_G8b2N","s_clock_G8b2N","s_sandwichBagPills_G8b2N"],"unlocked":true,"touchableObjects":["c_teacherEng_G8b2N","c_crewKid2_M_a_G8b2N","c_friend1_M_a_G8b2N","s_clock_G8b2N","s_kid5_G8b2N","s_sandwichBagPills_G8b2N"]},{"miniGameCards":[],"viewedAnimatic":true,"keyPoints":["c_grandma_afri_a_G8b2P","c_friend1_M_a_G8b2P","s_pillBottle_G8b2P"],"unlocked":true,"touchableObjects":["c_grandma_afri_a_G8b2P","c_friend1_M_a_G8b2P","s_pillBottle_G8b2P"]}],"stackSize":5,"resolved":true},{"challengeScenes":[{"miniGameCards":[],"viewedAnimatic":true,"keyPoints":["s_bathingSuit_M_G9a0","s_door_M_gen","s_clock_M_G9a0","s_cellPhone_M_G9a0"],"unlocked":true,"touchableObjects":["s_bathingSuit_M_G9a0","s_door_M_gen","s_clock_M_G9a0","s_cellPhone_M_G9a0"]},{"miniGameCards":[],"viewedAnimatic":true,"keyPoints":["c_cousin_M_a_G9a1N","s_fence_G9a1N","s_kid3_G9a1N","c_policeOfficer_G9a1N"],"unlocked":true,"touchableObjects":["s_potSmokeCloud_G9a1N","c_cousin_M_a_G9a1N","s_kid4_G9a1N","s_fence_G9a1N","s_kid3_G9a1N","c_policeOfficer_G9a1N"]},{"miniGameCards":[],"viewedAnimatic":true,"keyPoints":["s_door_M_gen","s_calendar_M_gen","c_cousin_M_a_G9a1P","s_joint_M_G9a1P","s_basketball_M_gen"],"unlocked":true,"touchableObjects":["s_door_M_gen","s_calendar_M_gen","c_cousin_M_a_G9a1P","s_joint_M_G9a1P","s_basketball_M_gen"]},{"miniGameCards":[],"viewedAnimatic":true,"keyPoints":["c_cousin_M_a_G9a2N","c_mom_afri_a_G9a2N","c_kidSister_afri_a_G9a2N","s_pictureDad_afri_M_gen"],"unlocked":true,"touchableObjects":["c_cousin_M_a_G9a2N","c_mom_afri_a_G9a2N","c_kidSister_afri_a_G9a2N","s_pictureDad_afri_M_gen"]},{"miniGameCards":[],"viewedAnimatic":true,"keyPoints":["s_door_gen","c_mom_afri_a_G9a2P","c_cousin_M_a_G9a2P","s_pizzaBox_G9a2P"],"unlocked":true,"touchableObjects":["c_kidSister_afri_a_G9a2P","s_door_gen","c_mom_afri_a_G9a2P","c_cousin_M_a_G9a2P","s_pizzaBox_G9a2P"]}],"stackSize":5,"resolved":true},{"challengeScenes":[{"miniGameCards":[],"viewedAnimatic":true,"keyPoints":["s_mirror_M_G9b0","s_computer_M_gen","s_pictureDad_afri_M_gen"],"unlocked":true,"touchableObjects":["c_cousin_M_a_G9b0","s_mirror_M_G9b0","s_calendar_M_gen","s_closet_M_G9b0","s_computer_M_gen","s_pictureDad_afri_M_gen"]},{"miniGameCards":[],"viewedAnimatic":true,"keyPoints":["c_teacherEng_G9b1N","c_cousin_M_a_G9b1N","c_kidSister_afri_a_G9b1N","s_beerBottle_G9b1N","s_clock_G9b1N","s_brokenLamp_G9b1N","s_joint_G9b1N"],"unlocked":true,"touchableObjects":["c_teacherEng_G9b1N","c_cousin_M_a_G9b1N","c_kidSister_afri_a_G9b1N","s_beerBottle_G9b1N","s_photoCracked_G9b1N","s_clock_G9b1N","s_brokenLamp_G9b1N","s_joint_G9b1N"]},{"miniGameCards":[],"viewedAnimatic":true,"keyPoints":["c_friend1_M_a_G9b1P","c_bestFriend_M_a_G9b1P","c_cousin_M_a_G9b1P","c_crush1_M_a_G9b1P","s_pictureMomdark_afri_G9b1P","s_kidsGroupKitchen_G9b1P","s_pictureDaddark_afri_gen"],"unlocked":true,"touchableObjects":["c_friend1_M_a_G9b1P","c_bestFriend_M_a_G9b1P","c_cousin_M_a_G9b1P","c_crush1_M_a_G9b1P","s_pictureMomdark_afri_G9b1P","s_kidsGroupKitchen_G9b1P","s_pictureDaddark_afri_gen"]},{"miniGameCards":[],"viewedAnimatic":true,"keyPoints":["c_cousin_M_a_G9b2N","c_mom_afri_a_G9b2N","c_crush1_M_a_G9b2N"],"unlocked":true,"touchableObjects":["c_cousin_M_a_G9b2N","c_kidSister_afri_a_G9b2N","c_mom_afri_a_G9b2N","c_crush1_M_a_G9b2N"]},{"miniGameCards":[],"viewedAnimatic":true,"keyPoints":["c_mom_afri_a_G9b2P","c_crush1_M_a_G9b2P","c_bestFriend_M_a_G9b2P","s_clock_G9b2P"],"unlocked":true,"touchableObjects":["c_mom_afri_a_G9b2P","c_crush1_M_a_G9b2P","c_bestFriend_M_a_G9b2P","s_clock_G9b2P"]}],"stackSize":5,"resolved":true},{"challengeScenes":[{"miniGameCards":[],"viewedAnimatic":true,"keyPoints":["c_crush1_M_b_G10a0","s_cellPhone_M_G10a0","s_basketball_M_gen","s_window_M_G10a0","s_drawer_M_G10a0"],"unlocked":true,"touchableObjects":["c_crush1_M_b_G10a0","s_cellPhone_M_G10a0","s_basketball_M_gen","s_window_M_G10a0","s_drawer_M_G10a0"]},{"miniGameCards":[],"viewedAnimatic":true,"keyPoints":["c_crush1_M_b_G10a1N","s_mirror_M_G10a1N","s_condom_M_G10a1N","s_picture_M_G10a1N"],"unlocked":true,"touchableObjects":["c_crush1_M_b_G10a1N","s_mirror_M_G10a1N","s_crushClothes_M_G10a1N","s_condom_M_G10a1N","s_window_M_G10a1N","s_picture_M_G10a1N"]},{"miniGameCards":[],"viewedAnimatic":true,"keyPoints":["c_crush1_M_b_G10a1P","c_friend_M_b_G10a1P","s_lockerPoster_G10a1P"],"unlocked":true,"touchableObjects":["c_crush1_M_b_G10a1P","c_friend_M_b_G10a1P","s_lockerPoster_G10a1P"]},{"miniGameCards":[],"viewedAnimatic":true,"keyPoints":["c_nurse_G10a2N","s_phone_G10a2N","s_pamphlet4_G10a2N","s_pamphlet1_G10a2N","s_pamphlet3_G10a2N","s_pamphlet5_G10a2N"],"unlocked":true,"touchableObjects":["c_nurse_G10a2N","s_phone_G10a2N","s_kleenex_G10a2N","s_cot_G10a2N","s_pamphlet4_G10a2N","s_curtain_G10a2N","s_pamphlet1_G10a2N","s_pamphlet3_G10a2N","s_pamphlet5_G10a2N"]},{"miniGameCards":[],"viewedAnimatic":true,"keyPoints":["c_cousin_M_b_G10a2P","c_friend_M_b_G10a2P","s_dancePoster_G10a2P","c_crush1_M_b_G10a2P","c_nurse_G10a2P"],"unlocked":true,"touchableObjects":["c_cousin_M_b_G10a2P","c_friend_M_b_G10a2P","s_dancePoster_G10a2P","c_crush1_M_b_G10a2P","c_nurse_G10a2P"]}],"stackSize":5,"resolved":true},{"challengeScenes":[{"miniGameCards":[],"viewedAnimatic":true,"keyPoints":["s_car1_G10b0","s_car2_G10b0","s_kidsGroup1_G10b0","s_kidPointing_G10b0","c_crush2_M_b_G10b0","c_crewKid2_M_b_G10b0","c_crush1_M_b_G10b0","s_trafficLight_G10b0"],"unlocked":true,"touchableObjects":["s_car1_G10b0","s_car2_G10b0","s_kidsGroup1_G10b0","s_kidPointing_G10b0","c_crush2_M_b_G10b0","c_crewKid2_M_b_G10b0","s_streetCorner_G10b0","c_crush1_M_b_G10b0","c_cousinsBrother_b_G10b0","s_trafficLight_G10b0"]},{"miniGameCards":[],"viewedAnimatic":true,"keyPoints":["s_kidsHorrified_G10b1N","c_cousinsBrothersFriend_b_G10b1N","s_carSmashed_G10b1N"],"unlocked":true,"touchableObjects":["s_kidsHorrified_G10b1N","c_cousinsBrothersFriend_b_G10b1N","s_kid_G10b1N","c_crush1_M_b_G10b1N","s_carSmashed_G10b1N"]},{"miniGameCards":[],"viewedAnimatic":true,"keyPoints":["c_crush1_M_b_G10b1P","s_keys_G10b1P","s_candles_G10b1P","s_clock_G10b1P","s_pictureDad_afri_gen","s_stairs_G10b1P"],"unlocked":true,"touchableObjects":["c_crush1_M_b_G10b1P","s_keys_G10b1P","s_candles_G10b1P","s_clock_G10b1P","s_pictureDad_afri_gen","s_stairs_G10b1P"]},{"miniGameCards":[],"viewedAnimatic":true,"keyPoints":["c_bestFriend_M_b_G10b2N","c_cousin_M_b_G10b2N","s_clock_G10b2N","c_teacherEng_G10b2N","c_crush1_M_b_G10b2N"],"unlocked":true,"touchableObjects":["c_bestFriend_M_b_G10b2N","c_cousin_M_b_G10b2N","s_clock_G10b2N","c_teacherEng_G10b2N","c_crush1_M_b_G10b2N"]},{"miniGameCards":[],"viewedAnimatic":true,"keyPoints":["s_mirror_M_G10b2P","s_condom_G10b2P"],"unlocked":true,"touchableObjects":["s_mirror_M_G10b2P","s_condom_G10b2P"]}],"stackSize":5,"resolved":true},{"challengeScenes":[{"miniGameCards":[],"viewedAnimatic":true,"keyPoints":["s_mirror_G11a0","c_friend1_M_G11a0","s_backpack_G11a0"],"unlocked":true,"touchableObjects":["s_mirror_G11a0","c_friend1_M_G11a0","s_backpack_G11a0"]},{"miniGameCards":[],"viewedAnimatic":true,"keyPoints":["s_window_M_G11a1N","s_door_M_gen","s_bed_M_G11a1N","c_crush1_M_G11a1N","s_basketball_M_gen"],"unlocked":true,"touchableObjects":["s_window_M_G11a1N","s_door_M_gen","s_bed_M_G11a1N","c_crush1_M_G11a1N","s_basketball_M_gen"]},{"miniGameCards":[],"viewedAnimatic":true,"keyPoints":["c_friend1_M_G11a1P","c_nurse_G11a1P","s_poster_G11a1P","s_rubberGloves_G11a1P"],"unlocked":true,"touchableObjects":["c_friend1_M_G11a1P","c_nurse_G11a1P","s_poster_G11a1P","s_rubberGloves_G11a1P"]},{"miniGameCards":[],"viewedAnimatic":true,"keyPoints":["c_friend1_M_G11a2N","s_hivKid_M_G11a2N","s_lockerKids1_G11a2N","c_crush2_M_G11a2N"],"unlocked":true,"touchableObjects":["c_friend1_M_G11a2N","s_hivKid_M_G11a2N","s_lockerKids1_G11a2N","c_crush2_M_G11a2N"]},{"miniGameCards":[],"viewedAnimatic":true,"keyPoints":["c_nurse_G11a2P","c_friend1_M_G11a2P"],"unlocked":true,"touchableObjects":["c_nurse_G11a2P","c_friend1_M_G11a2P"]}],"stackSize":5,"resolved":true},{"challengeScenes":[{"miniGameCards":[],"viewedAnimatic":false,"keyPoints":[],"unlocked":false,"touchableObjects":[]},{"miniGameCards":[],"viewedAnimatic":false,"keyPoints":[],"unlocked":false,"touchableObjects":[]},{"miniGameCards":[],"viewedAnimatic":false,"keyPoints":[],"unlocked":false,"touchableObjects":[]},{"miniGameCards":[],"viewedAnimatic":false,"keyPoints":[],"unlocked":false,"touchableObjects":[]},{"miniGameCards":[],"viewedAnimatic":false,"keyPoints":[],"unlocked":false,"touchableObjects":[]}],"stackSize":5,"resolved":false},{"challengeScenes":[{"miniGameCards":[],"viewedAnimatic":true,"keyPoints":["s_clock_G12a0"],"unlocked":true,"touchableObjects":["s_clock_G12a0"]},{"miniGameCards":[],"viewedAnimatic":true,"keyPoints":[],"unlocked":true,"touchableObjects":[]},{"miniGameCards":[],"viewedAnimatic":false,"keyPoints":[],"unlocked":false,"touchableObjects":[]},{"miniGameCards":[],"viewedAnimatic":true,"keyPoints":[],"unlocked":true,"touchableObjects":[]},{"miniGameCards":[],"viewedAnimatic":false,"keyPoints":[],"unlocked":false,"touchableObjects":[]}],"stackSize":5,"resolved":false},{"challengeScenes":[{"miniGameCards":[],"viewedAnimatic":true,"keyPoints":[],"unlocked":true,"touchableObjects":[]},{"miniGameCards":[],"viewedAnimatic":true,"keyPoints":[],"unlocked":true,"touchableObjects":[]},{"miniGameCards":[],"viewedAnimatic":false,"keyPoints":[],"unlocked":false,"touchableObjects":[]},{"miniGameCards":[],"viewedAnimatic":true,"keyPoints":[],"unlocked":true,"touchableObjects":[]},{"miniGameCards":[],"viewedAnimatic":false,"keyPoints":[],"unlocked":false,"touchableObjects":[]}],"stackSize":5,"resolved":false},{"challengeScenes":[{"miniGameCards":[],"viewedAnimatic":false,"keyPoints":[],"unlocked":true,"touchableObjects":["c_player_afri_M_a_G0a0","c_family_afri_a_G0a0","c_education_G0a0","c_friends_G0a0"]},{"miniGameCards":[],"viewedAnimatic":false,"keyPoints":["c_family_afri_a_G0a1N","c_home_G0a1N","c_job_G0a1N"],"unlocked":true,"touchableObjects":["c_family_afri_a_G0a1N","c_player_afri_M_a_G0a1N","c_home_G0a1N","c_job_G0a1N"]},{"miniGameCards":[],"viewedAnimatic":false,"keyPoints":["c_mom_afri_a_G0a1P","c_dad_afri_a_G0a1P","c_Teacher_G0a1P","c_grandma_afri_a_G0a1P","c_kidsister_afri_a_G0a1P","c_Nurse_G0a1P"],"unlocked":true,"touchableObjects":["c_friends_G0a1P","c_cousins_M_a_G0a1P","c_mom_afri_a_G0a1P","c_dad_afri_a_G0a1P","c_Teacher_G0a1P","c_grandma_afri_a_G0a1P","c_kidsister_afri_a_G0a1P","c_Nurse_G0a1P"]}],"stackSize":3,"resolved":true}],"sessionId":15,"epilogue":{"rating":2},"playerId":6427024,"session":[{"sceneId":"1P","stackId":12},{"sceneId":"1P","stackId":0},{"sceneId":"1P","stackId":1},{"sceneId":"1N","stackId":1},{"sceneId":"2P","stackId":1},{"sceneId":"3P","stackId":2},{"sceneId":"1P","stackId":2},{"sceneId":"1N","stackId":2},{"sceneId":"2P","stackId":2},{"sceneId":"1P","stackId":3},{"sceneId":"1N","stackId":3},{"sceneId":"2P","stackId":3},{"sceneId":"1P","stackId":4},{"sceneId":"1N","stackId":4},{"sceneId":"2P","stackId":4},{"sceneId":"1P","stackId":5},{"sceneId":"1N","stackId":5},{"sceneId":"2P","stackId":5},{"sceneId":"2P","stackId":6},{"sceneId":"1P","stackId":6},{"sceneId":"1P","stackId":7},{"sceneId":"1N","stackId":7},{"sceneId":"2P","stackId":7},{"sceneId":"1P","stackId":8},{"sceneId":"1N","stackId":8},{"sceneId":"2P","stackId":8}],"minigames":[{"levelSaveData":[{"starRating":3,"unlocked":true},{"starRating":3,"unlocked":true},{"starRating":2,"unlocked":true},{"starRating":2,"unlocked":true},{"starRating":2,"unlocked":true},{"starRating":3,"unlocked":true},{"starRating":2,"unlocked":true},{"starRating":2,"unlocked":true},{"starRating":2,"unlocked":true},{"starRating":2,"unlocked":true}],"skillPoints":23},{"levelSaveData":[{"starRating":3,"unlocked":true},{"starRating":3,"unlocked":true},{"starRating":3,"unlocked":true},{"starRating":3,"unlocked":true},{"starRating":3,"unlocked":true},{"starRating":3,"unlocked":true},{"starRating":3,"unlocked":true},{"starRating":3,"unlocked":true},{"starRating":3,"unlocked":true},{"starRating":3,"unlocked":true}],"skillPoints":30},{"levelSaveData":[{"starRating":3,"unlocked":true},{"starRating":3,"unlocked":true},{"starRating":3,"unlocked":true},{"starRating":2,"unlocked":true},{"starRating":0,"unlocked":false},{"starRating":2,"unlocked":true},{"starRating":2,"unlocked":true},{"starRating":3,"unlocked":true},{"starRating":2,"unlocked":true},{"starRating":2,"unlocked":true}],"skillPoints":22},{"levelSaveData":[{"starRating":3,"unlocked":true},{"starRating":3,"unlocked":true},{"starRating":3,"unlocked":true},{"starRating":3,"unlocked":true},{"starRating":3,"unlocked":true},{"starRating":3,"unlocked":true},{"starRating":3,"unlocked":true},{"starRating":3,"unlocked":true},{"starRating":0,"unlocked":false},{"starRating":3,"unlocked":true}],"skillPoints":27},{"age":14,"name":"brandon","gender":0,"levelSaveData":[{"starRating":3,"unlocked":true},{"starRating":3,"chunks":[["0"],["0","0"],["5","2","5"],["1"]],"unlocked":true},{"starRating":3,"chunks":[["0"],["1","3"],["5","1"]],"unlocked":true},{"starRating":3,"chunks":[["3"],["0"],["3"],["3"],["1","2"],["3"]],"unlocked":true},{"starRating":3,"chunks":[["3"],["5"],["5","4"],["1"],["4"],["1"]],"unlocked":true},{"starRating":3,"chunks":[["3"],["1","2","0","4"],["3"],["2"]],"unlocked":true},{"starRating":3,"chunks":[["1"],["1"],["2","1"],["2","0"],["4"]],"unlocked":true},{"starRating":3,"chunks":[["0","1","0"],["4","1","3"],["1"],["2"],["2"]],"unlocked":true},{"starRating":3,"chunks":[["4","0","3"],["3","7","4"],["0","1"]],"unlocked":true},{"starRating":0,"chunks":[[null],[null],[null],[null],[null],[null]],"unlocked":false}],"visualAvatar":0,"id":0,"skillPoints":27}],"avatar":{"age":14,"name":"brandon","gender":0,"levelSaveData":[{"starRating":3,"unlocked":true},{"starRating":3,"chunks":[["0"],["0","0"],["5","2","5"],["1"]],"unlocked":true},{"starRating":3,"chunks":[["0"],["1","3"],["5","1"]],"unlocked":true},{"starRating":3,"chunks":[["3"],["0"],["3"],["3"],["1","2"],["3"]],"unlocked":true},{"starRating":3,"chunks":[["3"],["5"],["5","4"],["1"],["4"],["1"]],"unlocked":true},{"starRating":3,"chunks":[["3"],["1","2","0","4"],["3"],["2"]],"unlocked":true},{"starRating":3,"chunks":[["1"],["1"],["2","1"],["2","0"],["4"]],"unlocked":true},{"starRating":3,"chunks":[["0","1","0"],["4","1","3"],["1"],["2"],["2"]],"unlocked":true},{"starRating":3,"chunks":[["4","0","3"],["3","7","4"],["0","1"]],"unlocked":true},{"starRating":0,"chunks":[[null],[null],[null],[null],[null],[null]],"unlocked":false}],"visualAvatar":0,"id":0,"skillPoints":27}}
