6427034,0,0:0:0,1/2/1970 11:16:41pm
6427034,600,0:0:8,2
6427034,601,0:0:24,0
6427034,602,0:0:25,2,0
6427034,603,0:0:31,2
6427034,603,0:0:35,1
6427034,603,0:0:36,0
6427034,603,0:0:36,1
6427034,603,0:0:36,2
6427034,603,0:0:37,1
6427034,604,0:1:13,1,bran
6427034,605,0:1:18
6427034,212,0:1:56,1
6427034,212,0:1:57,0
6427034,212,0:1:58,2
6427034,210,0:1:59,720,400
6427034,211,0:2:0,770,491
6427034,212,0:2:1,1
6427034,210,0:2:1,734,461
6427034,211,0:2:2,772,456
6427034,212,0:2:3,0
6427034,210,0:2:4,745,438
6427034,207,0:2:5,12,0,-315
6427034,207,0:2:7,12,-315,-75
6427034,211,0:2:8,753,276
6427034,207,0:2:8,12,-75,-90
6427034,210,0:2:10,913,370
6427034,211,0:2:11,1515,355
6427034,207,0:2:11,12,-90,-510
6427034,210,0:2:13,804,362
6427034,211,0:2:14,695,262
6427034,213,0:2:14,12,c_education_G0a0,true
6427034,212,0:2:24,2
6427034,210,0:2:25,1199,425
6427034,211,0:2:29,1177,243
6427034,213,0:2:29,12,c_family_cauc_a_G0a0,true
6427034,212,0:2:34,1
6427034,210,0:2:36,1058,515
6427034,211,0:2:37,1198,471
6427034,213,0:2:37,12,c_friends_G0a0,true
6427034,210,0:3:3,883,527
6427034,211,0:3:4,1038,532
6427034,207,0:3:4,12,0,-30
6427034,210,0:3:4,955,520
6427034,211,0:3:5,1218,536
6427034,207,0:3:5,12,-30,-210
6427034,207,0:3:5,12,-210,-255
6427034,210,0:3:5,1123,488
6427034,211,0:3:6,685,425
6427034,212,0:3:14,2
6427034,210,0:3:18,982,519
6427034,211,0:3:23,1096,229
6427034,213,0:3:23,12,c_family_cauc_a_G0a1N,true
6427034,205,0:3:23,12,c_family_cauc_a_G0a1N,false,false
6427034,212,0:3:29,1
6427034,210,0:3:30,972,538
6427034,211,0:3:31,1088,438
6427034,213,0:3:31,12,c_home_G0a1N,true
6427034,205,0:3:31,12,c_home_G0a1N,false,false
6427034,212,0:3:39,0
6427034,210,0:3:45,968,508
6427034,211,0:3:46,665,184
6427034,213,0:3:46,12,c_job_G0a1N,true
6427034,205,0:3:46,12,c_job_G0a1N,false,false
6427034,221,0:3:59,12
6427034,220,0:4:7,12
6427034,221,0:4:17,12
6427034,220,0:4:24,12
6427034,221,0:4:27,12
6427034,220,0:4:31,12
6427034,212,0:4:33,2
6427034,210,0:4:34,627,227
6427034,207,0:4:35,12,0,-285
6427034,211,0:4:37,1012,153
6427034,210,0:4:42,900,291
6427034,211,0:4:47,761,306
6427034,213,0:4:47,12,c_cousins_M_a_G0a1P,true
6427034,210,0:4:57,1023,448
6427034,207,0:4:59,12,-285,-510
6427034,211,0:5:6,1040,232
6427034,210,0:5:7,649,454
6427034,207,0:5:15,12,-510,-810
6427034,211,0:5:16,1618,366
6427034,213,0:5:16,12,c_grandma_cauc_a_G0a1P,true
6427034,205,0:5:16,12,c_grandma_cauc_a_G0a1P,false,false
6427034,210,0:5:20,1387,160
6427034,211,0:5:21,1384,187
6427034,213,0:5:21,12,c_Teacher_G0a1P,true
6427034,205,0:5:21,12,c_Teacher_G0a1P,false,false
6427034,210,0:5:34,1238,139
6427034,207,0:5:36,12,-810,-855
6427034,207,0:5:41,12,-855,-1140
6427034,211,0:5:44,1449,470
6427034,213,0:5:44,12,c_friends_G0a1P,true
6427034,210,0:5:55,264,470
6427034,211,0:5:55,264,470
6427034,210,0:5:56,346,513
6427034,211,0:5:56,346,513
6427034,210,0:5:57,352,510
6427034,211,0:5:58,254,497
6427034,221,0:6:1,12
6427034,220,0:6:6,12
6427034,210,0:6:7,878,414
6427034,211,0:6:9,856,368
6427034,213,0:6:9,12,c_friends_G0a1P,true
6427034,210,0:6:13,719,417
6427034,211,0:6:13,554,487
6427034,213,0:6:13,12,c_cousins_M_a_G0a1P,true
6427034,210,0:6:15,843,138
6427034,211,0:6:15,551,205
6427034,210,0:6:17,1096,465
6427034,207,0:6:18,12,0,-675
6427034,211,0:6:19,1280,534
6427034,213,0:6:19,12,c_friends_G0a1P,true
6427034,210,0:6:21,1365,420
6427034,211,0:6:27,1041,413
6427034,213,0:6:27,12,c_friends_G0a1P,true
6427034,210,0:6:29,881,397
6427034,211,0:6:32,1060,394
6427034,213,0:6:32,12,c_friends_G0a1P,true
6427034,210,0:6:34,1283,206
6427034,207,0:6:37,12,-675,-930
6427034,211,0:6:39,1846,512
6427034,213,0:6:39,12,c_kidsister_cauc_a_G0a1P,true
6427034,205,0:6:39,12,c_kidsister_cauc_a_G0a1P,false,false
6427034,210,0:6:43,1836,437
6427034,207,0:6:44,12,-930,-1110
6427034,207,0:6:46,12,-1110,-1790
6427034,207,0:6:49,12,-1790,-1370
6427034,207,0:6:58,12,-1370,0
6427034,211,0:7:0,619,334
6427034,213,0:7:0,12,c_cousins_M_a_G0a1P,true
6427034,221,0:7:2,12
6427034,220,0:7:7,12
6427034,210,0:7:8,493,178
6427034,211,0:7:10,756,211
6427034,212,0:7:11,1
6427034,210,0:7:13,582,452
6427034,207,0:7:16,12,0,-420
6427034,207,0:7:18,12,-420,-690
6427034,207,0:7:21,12,-690,-930
6427034,211,0:7:23,1746,221
6427034,213,0:7:23,12,c_dad_cauc_a_G0a1P,true
6427034,205,0:7:23,12,c_dad_cauc_a_G0a1P,false,false
6427034,210,0:7:27,1827,308
6427034,211,0:7:28,1871,304
6427034,213,0:7:28,12,c_mom_cauc_a_G0a1P,true
6427034,205,0:7:28,12,c_mom_cauc_a_G0a1P,false,false
6427034,212,0:7:32,0
6427034,210,0:7:34,1400,337
6427034,211,0:7:37,1286,265
6427034,213,0:7:37,12,c_Nurse_G0a1P,true
6427034,205,0:7:37,12,c_Nurse_G0a1P,false,false
6427034,221,0:7:41,12
6427034,300,0:7:57
6427034,220,0:7:57,12
6427034,302,0:8:7,0,1,0,10
6427034,305,0:8:11,0,1,0,-1,
6427034,302,0:8:22,0,1,0,5
6427034,302,0:8:25,0,1,0,11
6427034,302,0:8:27,0,1,0,20
6427034,302,0:8:35,0,1,0,17
6427034,302,0:8:38,0,1,0,7
6427034,303,0:8:49,0,1,0,7
6427034,304,0:9:2,0,1,0,-1,,7,like that
6427034,302,0:9:16,0,1,1,0
6427034,303,0:9:20,0,1,1,0
6427034,304,0:9:48,0,1,1,-1,,0,like that2
6427034,302,0:10:10,0,3,0,0
6427034,302,0:10:13,0,3,0,1
6427034,302,0:10:14,0,3,0,2
6427034,302,0:10:15,0,3,0,1
6427034,306,0:10:15,0,0,1
6427034,304,0:10:15,0,3,0,-1,,1,
6427034,302,0:10:27,0,0,0,1
6427034,304,0:10:28,0,0,0,-1,,1,
6427034,302,0:10:36,0,2,0,5
6427034,302,0:10:37,0,2,0,11
6427034,302,0:10:51,0,2,0,12
6427034,303,0:10:56,0,2,0,12
6427034,306,0:11:2,0,1,2
6427034,304,0:11:2,0,2,0,-1,,12,haha
6427034,302,0:11:10,0,2,1,1
6427034,304,0:11:12,0,2,1,-1,,1,
6427034,302,0:11:21,0,2,2,6
6427034,305,0:11:24,0,2,2,-1,
6427034,302,0:11:27,0,2,1,6
6427034,304,0:11:29,0,2,1,1,,6,
6427034,302,0:11:33,0,2,2,8
6427034,306,0:11:38,0,2,3
6427034,304,0:11:38,0,2,2,-1,,8,
6427034,221,0:12:16,12
6427034,220,0:12:19,12
6427034,203,0:12:19,12
6427034,100,0:12:27,0
6427034,102,0:12:29,0
6427034,200,0:12:29,0,0,0,0,0,6
6427034,219,0:12:29,0
6427034,216,0:12:30,Stack_G7a0
6427034,217,0:13:6,Stack_G7a0,32,0.00
6427034,218,0:13:12,0
6427034,210,0:13:14,983,407
6427034,211,0:13:14,971,423
6427034,210,0:13:15,967,460
6427034,211,0:13:18,992,308
6427034,210,0:13:20,766,449
6427034,211,0:13:21,832,386
6427034,213,0:13:21,0,c_teacherEng_G7a0,false
6427034,210,0:13:26,296,560
6427034,207,0:13:33,0,-200,-485
6427034,207,0:13:34,0,-485,-518.45
6427034,211,0:13:35,1464,537
6427034,213,0:13:35,0,c_friend1_M_a_G7a0,true
6427034,210,0:13:43,1306,442
6427034,207,0:13:51,0,-518.45,-83.45
6427034,207,0:13:53,0,-83.45,0
6427034,211,0:13:59,597,386
6427034,212,0:13:59,1
6427034,210,0:14:0,309,453
6427034,211,0:14:5,254,127
6427034,213,0:14:5,0,s_flag_gen,false
6427034,212,0:14:19,0
6427034,212,0:14:21,1
6427034,210,0:14:22,615,523
6427034,207,0:14:28,0,0,-240
6427034,207,0:14:29,0,-240,-375
6427034,207,0:14:31,0,-375,-405
6427034,207,0:14:33,0,-405,-518.45
6427034,211,0:14:35,1079,596
6427034,213,0:14:35,0,s_vocabAssignment_G7a0,true
6427034,212,0:14:38,0
6427034,210,0:14:38,1326,532
6427034,207,0:14:48,0,-518.45,-368.45
6427034,207,0:14:49,0,-368.45,-23.45
6427034,211,0:14:59,219,532
6427034,213,0:14:59,0,c_crewKid1_M_G7a0,true
6427034,212,0:15:16,1
6427034,221,0:15:18,0
6427034,220,0:15:22,0
6427034,210,0:15:24,499,325
6427034,211,0:15:24,509,370
6427034,210,0:15:25,437,300
6427034,211,0:15:27,237,130
6427034,213,0:15:27,0,s_flag_gen,false
6427034,1003,0:15:30,1
6427034,1004,0:15:32,0
6427034,800,0:15:34,0,[]
6427034,801,0:15:35,0,[]
6427034,1002,0:15:44,0
6427034,1003,0:15:44,1
6427034,210,0:15:48,333,513
6427034,207,0:15:49,0,-200,-95
6427034,211,0:15:54,1208,301
6427034,207,0:15:54,0,-95,-200
6427034,210,0:15:54,1289,279
6427034,207,0:15:54,0,-200,-395
6427034,211,0:15:55,1336,508
6427034,210,0:15:56,1489,454
6427034,207,0:15:56,0,-395,-518.45
6427034,211,0:15:57,1469,560
6427034,212,0:15:58,0
6427034,210,0:15:59,1401,534
6427034,211,0:16:1,1396,594
6427034,212,0:16:1,2
6427034,210,0:16:3,1430,592
6427034,211,0:16:4,1457,558
6427034,213,0:16:4,0,c_friend1_M_a_G7a0,true
6427034,219,0:16:10,0
6427034,216,0:16:11,Stack_G7a1N
6427034,217,0:16:39,Stack_G7a1N,20,0.00
6427034,218,0:16:42,0
6427034,210,0:16:44,820,510
6427034,211,0:16:44,870,515
6427034,213,0:16:44,0,c_teacherEng_G7a1N,false
6427034,1003,0:16:47,2
6427034,212,0:16:53,0
6427034,210,0:16:54,1443,527
6427034,207,0:16:54,0,-400,-490
6427034,207,0:16:54,0,-490,-518.45
6427034,211,0:16:55,1422,554
6427034,212,0:17:12,2
6427034,210,0:17:13,1166,521
6427034,211,0:17:20,660,578
6427034,213,0:17:20,0,s_otherStudent1_G7a1N,true
6427034,210,0:17:24,703,564
6427034,207,0:17:25,0,-400,-10
6427034,207,0:17:29,0,-10,0
6427034,207,0:17:43,0,0,-330
6427034,211,0:17:45,1241,317
6427034,212,0:17:46,0
6427034,210,0:17:47,1224,311
6427034,211,0:17:48,1256,388
6427034,212,0:17:48,1
6427034,210,0:17:49,1226,374
6427034,211,0:17:49,1229,374
6427034,212,0:17:50,2
6427034,210,0:17:50,1224,326
6427034,211,0:17:50,1224,326
6427034,221,0:17:58,0
6427034,220,0:18:3,0
6427034,207,0:18:23,0,-200,-185
6427034,212,0:18:25,1
6427034,210,0:18:26,239,126
6427034,207,0:18:26,0,-185,-95
6427034,211,0:18:27,262,149
6427034,213,0:18:27,0,s_flag_gen,false
6427034,1003,0:18:32,1
6427034,1004,0:18:34,0
6427034,800,0:18:36,0,[]
6427034,801,0:18:42,0,[]
6427034,814,0:19:2,0,[0]
6427034,815,0:19:2,0,0,OpportunityCardData_id:0
6427034,817,0:19:6,0,0
6427034,814,0:19:8,0,[2]
6427034,815,0:19:8,0,2,OpportunityCardData_id:13
6427034,816,0:19:10,0,2,OpportunityCardData_id:13
6427034,1002,0:19:14,0
6427034,1003,0:19:14,1
6427034,1004,0:19:15,0
6427034,800,0:19:17,0,[]
6427034,801,0:19:18,0,[]
6427034,814,0:19:19,0,[2]
6427034,815,0:19:19,0,2,OpportunityCardData_id:13
6427034,815,0:19:20,0,2,OpportunityCardData_id:14
6427034,815,0:19:21,0,2,OpportunityCardData_id:15
6427034,815,0:19:22,0,2,OpportunityCardData_id:16
6427034,815,0:19:22,0,2,OpportunityCardData_id:17
6427034,815,0:19:23,0,2,OpportunityCardData_id:18
6427034,815,0:19:24,0,2,OpportunityCardData_id:13
6427034,815,0:19:24,0,2,OpportunityCardData_id:14
6427034,815,0:19:25,0,2,OpportunityCardData_id:13
6427034,816,0:19:29,0,2,OpportunityCardData_id:13
6427034,803,0:19:30,0,[OpportunityCardData_id:13,OpportunityCardConsequencesData_logId:0]
6427034,803,0:19:31,0,[OpportunityCardData_id:13,OpportunityCardConsequencesData_logId:1]
6427034,803,0:19:33,0,[OpportunityCardData_id:13,OpportunityCardConsequencesData_logId:2]
6427034,805,0:19:53,0,[OpportunityCardData_id:13]
6427034,806,0:20:4,0,[OpportunityCardData_id:13,PriorityData_type:4]
6427034,807,0:20:5,0,[OpportunityCardData_id:13]
6427034,808,0:20:15,0,[OpportunityCardData_id:13]
6427034,809,0:20:21,0,[OpportunityCardData_id:13,PriorityData_type:3,false]
6427034,810,0:20:24,0,[OpportunityCardData_id:13,PriorityData_type:2,15,PriorityData_type:3,10]
6427034,814,0:20:30,0,[4]
6427034,815,0:20:30,0,4,OpportunityCardData_id:22
6427034,815,0:20:31,0,4,OpportunityCardData_id:26
6427034,815,0:20:34,0,4,OpportunityCardData_id:27
6427034,816,0:20:35,0,4,OpportunityCardData_id:27
6427034,803,0:20:37,0,[OpportunityCardData_id:27,OpportunityCardConsequencesData_logId:1]
6427034,803,0:20:37,0,[OpportunityCardData_id:27,OpportunityCardConsequencesData_logId:0]
6427034,803,0:20:38,0,[OpportunityCardData_id:27,OpportunityCardConsequencesData_logId:2]
6427034,805,0:20:39,0,[OpportunityCardData_id:27]
6427034,806,0:20:41,0,[OpportunityCardData_id:27,PriorityData_type:3]
6427034,807,0:20:42,0,[OpportunityCardData_id:27]
6427034,808,0:20:46,0,[OpportunityCardData_id:27]
6427034,809,0:20:52,0,[OpportunityCardData_id:27,PriorityData_type:2,false]
6427034,810,0:20:58,0,[OpportunityCardData_id:27,PriorityData_type:4,15,PriorityData_type:2,10]
6427034,814,0:21:2,0,[4]
6427034,815,0:21:2,0,4,OpportunityCardData_id:22
6427034,816,0:21:4,0,4,OpportunityCardData_id:22
6427034,803,0:21:5,0,[OpportunityCardData_id:22,OpportunityCardConsequencesData_logId:0]
6427034,805,0:21:7,0,[OpportunityCardData_id:22]
6427034,806,0:21:11,0,[OpportunityCardData_id:22,PriorityData_type:5]
6427034,807,0:21:12,0,[OpportunityCardData_id:22]
6427034,808,0:21:16,0,[OpportunityCardData_id:22]
6427034,809,0:21:20,0,[OpportunityCardData_id:22,PriorityData_type:2,false]
6427034,810,0:21:22,0,[OpportunityCardData_id:22,PriorityData_type:4,15,PriorityData_type:2,15]
6427034,814,0:21:24,0,[4]
6427034,815,0:21:24,0,4,OpportunityCardData_id:26
6427034,815,0:21:25,0,4,OpportunityCardData_id:28
6427034,815,0:21:26,0,4,OpportunityCardData_id:29
6427034,816,0:21:28,0,4,OpportunityCardData_id:29
6427034,805,0:21:29,0,[OpportunityCardData_id:29]
6427034,806,0:21:31,0,[OpportunityCardData_id:29,PriorityData_type:0]
6427034,807,0:21:32,0,[OpportunityCardData_id:29]
6427034,808,0:21:42,0,[OpportunityCardData_id:29]
6427034,809,0:21:49,0,[OpportunityCardData_id:29,Safe,false]
6427034,810,0:21:52,0,[OpportunityCardData_id:29,PriorityData_type:4,15,Safe,Safe]
6427034,814,0:21:55,0,[1]
6427034,815,0:21:55,0,1,OpportunityCardData_id:7
6427034,816,0:21:56,0,1,OpportunityCardData_id:7
6427034,803,0:21:58,0,[OpportunityCardData_id:7,OpportunityCardConsequencesData_logId:0]
6427034,805,0:21:58,0,[OpportunityCardData_id:7]
6427034,806,0:22:2,0,[OpportunityCardData_id:7,PriorityData_type:0]
6427034,807,0:22:2,0,[OpportunityCardData_id:7]
6427034,808,0:22:5,0,[OpportunityCardData_id:7]
6427034,809,0:22:12,0,[OpportunityCardData_id:7,PriorityData_type:0,true]
6427034,810,0:22:13,0,[OpportunityCardData_id:7,PriorityData_type:1,20,Safe,Safe]
6427034,814,0:22:18,0,[2]
6427034,815,0:22:18,0,2,OpportunityCardData_id:14
6427034,816,0:22:18,0,2,OpportunityCardData_id:14
6427034,805,0:22:19,0,[OpportunityCardData_id:14]
6427034,807,0:22:21,0,[OpportunityCardData_id:14]
6427034,808,0:22:23,0,[OpportunityCardData_id:14]
6427034,809,0:22:27,0,[OpportunityCardData_id:14,PriorityData_type:4,false]
6427034,810,0:22:28,0,[OpportunityCardData_id:14,PriorityData_type:2,15,PriorityData_type:4,10]
6427034,814,0:22:36,0,[2]
6427034,815,0:22:36,0,2,OpportunityCardData_id:15
6427034,816,0:22:40,0,2,OpportunityCardData_id:15
6427034,803,0:22:42,0,[OpportunityCardData_id:15,OpportunityCardConsequencesData_logId:1]
6427034,803,0:22:42,0,[OpportunityCardData_id:15,OpportunityCardConsequencesData_logId:0]
6427034,805,0:22:42,0,[OpportunityCardData_id:15]
6427034,806,0:22:46,0,[OpportunityCardData_id:15,PriorityData_type:1]
6427034,807,0:22:47,0,[OpportunityCardData_id:15]
6427034,808,0:22:49,0,[OpportunityCardData_id:15]
6427034,809,0:22:54,0,[OpportunityCardData_id:15,Safe,false]
6427034,810,0:22:57,0,[OpportunityCardData_id:15,PriorityData_type:2,15,Safe,Safe]
6427034,818,0:23:0,0,1
6427034,811,0:23:2,0,[OpportunityCardData_id:15,PriorityData_type:2,80,90,PriorityData_type:4,70,80]
6427034,1005,0:23:2,0,[1,0,3]
6427034,1001,0:23:6,0,[]
6427034,1003,0:23:6,1
6427034,1004,0:23:8,0
6427034,800,0:23:9,0,[]
6427034,801,0:23:12,0,[]
6427034,1002,0:23:20,0
6427034,1003,0:23:20,1
6427034,210,0:23:47,532,330
6427034,207,0:23:48,0,-200,-5
6427034,211,0:23:49,293,247
6427034,210,0:23:51,421,285
6427034,211,0:23:52,245,88
6427034,213,0:23:52,0,s_flag_gen,true
6427034,205,0:23:52,0,s_flag_gen,false,false
6427034,212,0:23:57,0
6427034,210,0:23:58,906,513
6427034,207,0:24:1,0,-5,-125
6427034,211,0:24:4,831,397
6427034,212,0:24:5,2
6427034,210,0:24:5,856,423
6427034,211,0:24:8,991,427
6427034,219,0:24:34,0
6427034,218,0:24:49,0
6427034,204,0:25:2,0
6427034,100,0:25:16,0
6427034,102,0:25:18,0
6427034,200,0:25:18,0,0,3,0,0,6
6427034,213,0:25:55,0,c_teacherEng_G7a0,false
6427034,1003,0:26:2,2
6427034,1004,0:26:3,0
6427034,900,0:26:5,0,[]
6427034,901,0:26:16,0,[PeopleData_id:2]
6427034,902,0:26:19,0,[PeopleData_id:2,PeopleData_data0Type]
6427034,902,0:26:21,0,[PeopleData_id:2,PeopleData_data1Type]
6427034,902,0:26:25,0,[PeopleData_id:2,PeopleData_data2Type]
6427034,902,0:26:27,0,[PeopleData_id:2,PeopleData_data3Type]
6427034,903,0:26:29,0,[PeopleData_id2,PeopleData_data3Type]
6427034,901,0:26:33,0,[PeopleData_id:2]
6427034,904,0:26:33,0,[PeopleData_id:2]
6427034,905,0:26:34,0,[PeopleData_id:2,RankTypes_id:-1,RankTypes_id:0]
6427034,901,0:26:36,0,[PeopleData_id:4]
6427034,902,0:26:37,0,[PeopleData_id:4,PeopleData_data0Type]
6427034,902,0:26:39,0,[PeopleData_id:4,PeopleData_data1Type]
6427034,902,0:26:41,0,[PeopleData_id:4,PeopleData_data2Type]
6427034,902,0:26:42,0,[PeopleData_id:4,PeopleData_data3Type]
6427034,903,0:26:51,0,[PeopleData_id4,PeopleData_data3Type]
6427034,901,0:26:53,0,[PeopleData_id:4]
6427034,904,0:26:53,0,[PeopleData_id:4]
6427034,905,0:26:54,0,[PeopleData_id:4,RankTypes_id:-1,RankTypes_id:0]
6427034,901,0:26:56,0,[PeopleData_id:0]
6427034,902,0:26:58,0,[PeopleData_id:0,PeopleData_data0Type]
6427034,902,0:27:0,0,[PeopleData_id:0,PeopleData_data1Type]
6427034,902,0:27:2,0,[PeopleData_id:0,PeopleData_data2Type]
6427034,902,0:27:6,0,[PeopleData_id:0,PeopleData_data3Type]
6427034,903,0:27:11,0,[PeopleData_id0,PeopleData_data3Type]
6427034,901,0:27:15,0,[PeopleData_id:0]
6427034,904,0:27:15,0,[PeopleData_id:0]
6427034,905,0:27:19,0,[PeopleData_id:0,RankTypes_id:-1,RankTypes_id:4]
6427034,901,0:27:24,0,[PeopleData_id:1]
6427034,902,0:27:26,0,[PeopleData_id:1,PeopleData_data0Type]
6427034,902,0:27:27,0,[PeopleData_id:1,PeopleData_data1Type]
6427034,902,0:27:29,0,[PeopleData_id:1,PeopleData_data0Type]
6427034,902,0:27:35,0,[PeopleData_id:1,PeopleData_data1Type]
6427034,902,0:27:37,0,[PeopleData_id:1,PeopleData_data2Type]
6427034,902,0:27:39,0,[PeopleData_id:1,PeopleData_data3Type]
6427034,903,0:27:41,0,[PeopleData_id1,PeopleData_data3Type]
6427034,901,0:27:42,0,[PeopleData_id:1]
6427034,904,0:27:42,0,[PeopleData_id:1]
6427034,905,0:27:43,0,[PeopleData_id:1,RankTypes_id:-1,RankTypes_id:0]
6427034,902,0:27:46,0,[PeopleData_id:1,PeopleData_data0Type]
6427034,903,0:27:47,0,[PeopleData_id1,PeopleData_data0Type]
6427034,901,0:27:47,0,[PeopleData_id:3]
6427034,902,0:27:48,0,[PeopleData_id:3,PeopleData_data0Type]
6427034,902,0:27:54,0,[PeopleData_id:3,PeopleData_data1Type]
6427034,902,0:27:57,0,[PeopleData_id:3,PeopleData_data2Type]
6427034,903,0:27:59,0,[PeopleData_id3,PeopleData_data2Type]
6427034,901,0:28:0,0,[PeopleData_id:3]
6427034,904,0:28:0,0,[PeopleData_id:3]
6427034,901,0:28:2,0,[PeopleData_id:3]
6427034,904,0:28:2,0,[PeopleData_id:3]
6427034,905,0:28:3,0,[PeopleData_id:3,RankTypes_id:-1,RankTypes_id:4]
6427034,906,0:28:3,0,[]
6427034,907,0:28:7,0,[]
6427034,908,0:28:7,0,[InvitationData_id:8,PeopleData_id:0,RankTypes_id:4]
6427034,909,0:28:24,0,[InvitationData_id:8,PeopleData_id:0,RankTypes_id:4,1]
6427034,910,0:28:31,0,[InvitationData_id:8,9,false]
6427034,908,0:28:31,0,[InvitationData_id:1,PeopleData_id:0,RankTypes_id:4]
6427034,909,0:28:41,0,[InvitationData_id:1,PeopleData_id:0,RankTypes_id:4,1]
6427034,910,0:28:42,0,[InvitationData_id:1,9,false]
6427034,908,0:28:42,0,[InvitationData_id:6,PeopleData_id:0,RankTypes_id:4]
6427034,909,0:28:44,0,[InvitationData_id:6,PeopleData_id:0,RankTypes_id:4,1]
6427034,910,0:28:46,0,[InvitationData_id:6,9,false]
6427034,908,0:28:46,0,[InvitationData_id:3,PeopleData_id:3,RankTypes_id:4]
6427034,901,0:28:47,0,[PeopleData_id:3]
6427034,909,0:28:49,0,[InvitationData_id:3,PeopleData_id:3,RankTypes_id:4,1]
6427034,910,0:28:50,0,[InvitationData_id:3,9,false]
6427034,908,0:28:50,0,[InvitationData_id:0,PeopleData_id:0,RankTypes_id:4]
6427034,909,0:28:51,0,[InvitationData_id:0,PeopleData_id:0,RankTypes_id:4,1]
6427034,910,0:28:54,0,[InvitationData_id:0,9,false]
6427034,911,0:28:56,0,[45,0,0,0]
6427034,1005,0:28:56,0,[2,0,3]
6427034,1001,0:28:59,0,[]
6427034,1003,0:28:59,2
6427034,212,0:29:7,1
6427034,210,0:29:8,807,364
6427034,211,0:29:8,807,363
6427034,212,0:29:9,2
6427034,210,0:29:9,825,401
6427034,211,0:29:10,817,360
6427034,213,0:29:10,0,c_teacherEng_G7a0,true
6427034,205,0:29:10,0,c_teacherEng_G7a0,false,false
6427034,210,0:29:15,987,490
6427034,211,0:29:17,982,511
6427034,213,0:29:17,0,c_bestFriend_M_a_G7a0,true
6427034,205,0:29:17,0,c_bestFriend_M_a_G7a0,false,false
6427034,221,0:29:21,0
6427034,220,0:29:24,0
6427034,210,0:29:35,775,382
6427034,211,0:29:36,855,423
6427034,213,0:29:36,0,c_teacherEng_G7a1N,true
6427034,205,0:29:36,0,c_teacherEng_G7a1N,false,false
6427034,212,0:29:45,1
6427034,210,0:29:45,986,396
6427034,207,0:29:48,0,-400,0
6427034,211,0:29:50,268,154
6427034,213,0:29:50,0,s_flag_gen,true
6427034,212,0:29:55,0
6427034,210,0:29:56,792,527
6427034,207,0:29:58,0,0,-255
6427034,211,0:29:59,1235,532
6427034,207,0:29:59,0,-255,-285
6427034,221,0:30:10,0
6427034,220,0:30:16,0
6427034,210,0:30:30,1422,472
6427034,211,0:30:31,1484,476
6427034,207,0:30:31,0,-400,-505
6427034,210,0:30:31,1443,496
6427034,207,0:30:40,0,-505,0
6427034,211,0:30:42,824,411
6427034,212,0:30:43,2
6427034,210,0:30:43,841,501
6427034,211,0:30:45,834,497
6427034,213,0:30:45,0,c_teacherEng_G7a1N,true
6427034,205,0:30:45,0,c_teacherEng_G7a1N,false,true
6427034,210,0:30:53,485,348
6427034,211,0:30:57,697,461
6427034,210,0:30:57,1067,525
6427034,207,0:30:58,0,0,-255
6427034,211,0:31:0,1049,598
6427034,213,0:31:0,0,c_bestFriend_M_a_G7a1N,true
6427034,205,0:31:0,0,c_bestFriend_M_a_G7a1N,false,false
6427034,210,0:31:5,616,481
6427034,211,0:31:7,440,179
6427034,213,0:31:7,0,s_posterPlagiarism_gen,true
6427034,221,0:31:15,0
6427034,220,0:31:17,0
6427034,210,0:31:19,1061,536
6427034,207,0:31:22,0,-200,-470
6427034,207,0:31:22,0,-470,-518.45
6427034,211,0:31:31,661,580
6427034,213,0:31:31,0,s_otherStudent1_G7a0,true
6427034,210,0:31:33,647,525
6427034,207,0:31:36,0,-518.45,-68.45
6427034,207,0:31:36,0,-68.45,0
6427034,211,0:31:40,425,612
6427034,212,0:31:40,1
6427034,210,0:31:41,1055,486
6427034,207,0:31:42,0,0,-150
6427034,207,0:31:44,0,-150,0
6427034,211,0:31:50,686,140
6427034,213,0:31:50,0,s_angelouPoster_gen,true
6427034,221,0:31:53,0
6427034,220,0:31:56,0
6427034,210,0:31:57,755,103
6427034,211,0:31:59,901,158
6427034,213,0:31:59,0,s_poePoster_gen,true
6427034,210,0:32:2,602,270
6427034,211,0:32:3,619,156
6427034,213,0:32:3,0,s_atwoodPoster_gen,true
6427034,210,0:32:7,839,111
6427034,211,0:32:9,774,162
6427034,213,0:32:9,0,s_shakespearePoster_gen,true
6427034,210,0:32:12,548,361
6427034,207,0:32:17,0,0,-465
6427034,211,0:32:19,1218,335
6427034,213,0:32:19,0,s_doorClassroom_G7a0,true
6427034,210,0:32:21,1216,317
6427034,207,0:32:22,0,-465,-518.45
6427034,211,0:32:27,1080,598
6427034,213,0:32:27,0,s_vocabAssignment_G7a0,true
6427034,210,0:32:29,772,567
6427034,207,0:32:33,0,-518.45,-428.45
6427034,211,0:32:41,603,154
6427034,213,0:32:41,0,s_atwoodPoster_gen,true
6427034,221,0:32:46,0
6427034,300,0:32:48
6427034,220,0:32:48,0
6427034,210,0:33:24,757,388
6427034,211,0:33:25,842,464
6427034,210,0:33:27,1230,388
6427034,207,0:33:27,0,-200,-275
6427034,207,0:33:27,0,-275,-305
6427034,211,0:33:31,1215,155
6427034,213,0:33:31,0,s_clock_G7a0,true
6427034,210,0:33:33,1232,129
6427034,207,0:33:36,0,-305,0
6427034,211,0:33:37,2,473
6427034,210,0:33:38,7,607
6427034,207,0:33:44,0,0,-518.45
6427034,211,0:33:44,1540,604
6427034,210,0:33:44,1515,568
6427034,211,0:33:47,340,521
6427034,207,0:33:47,0,-518.45,-323.45
6427034,210,0:33:49,299,505
6427034,207,0:33:49,0,-323.45,-233.45
6427034,207,0:33:50,0,-233.45,0
6427034,211,0:33:54,262,154
6427034,213,0:33:54,0,s_flag_gen,true
6427034,205,0:33:54,0,s_flag_gen,false,true
6427034,210,0:33:57,270,68
6427034,207,0:33:59,0,0,-105
6427034,207,0:34:3,0,-105,-435
6427034,211,0:34:3,1387,335
6427034,221,0:34:36,0
6427034,220,0:34:43,0
6427034,210,0:34:46,859,530
6427034,207,0:34:48,0,-400,-518.45
6427034,211,0:34:52,340,131
6427034,207,0:34:52,0,-518.45,-323.45
6427034,210,0:34:53,265,164
6427034,207,0:34:53,0,-323.45,-218.45
6427034,207,0:34:55,0,-218.45,-38.45
6427034,207,0:34:58,0,-38.45,0
6427034,211,0:34:59,2,627
6427034,210,0:34:59,29,594
6427034,207,0:35:3,0,0,-518.45
6427034,207,0:35:27,0,-518.45,-128.45
6427034,207,0:35:29,0,-128.45,0
6427034,207,0:35:36,0,0,-150
6427034,211,0:35:37,762,256
6427034,221,0:35:40,0
6427034,220,0:35:43,0
6427034,210,0:35:50,1294,531
6427034,207,0:35:51,0,-400,-518.45
6427034,211,0:36:5,1099,485
6427034,210,0:36:6,927,411
6427034,211,0:36:9,812,376
6427034,213,0:36:9,0,s_paperPlayers_G7a1N,true
6427034,205,0:36:9,0,s_paperPlayers_G7a1N,false,false
6427034,221,0:36:18,0
6427034,220,0:36:20,0
6427034,219,0:36:20,0
6427034,216,0:36:22,Stack_G7a1P
6427034,217,0:36:32,Stack_G7a1P,7.7,0.00
6427034,218,0:36:34,0
6427034,210,0:36:35,1246,461
6427034,211,0:36:37,760,402
6427034,213,0:36:37,0,c_teacherEng_G7a1P,true
6427034,205,0:36:37,0,c_teacherEng_G7a1P,false,false
6427034,212,0:36:41,2
6427034,210,0:36:42,915,452
6427034,207,0:36:45,0,-400,-160
6427034,211,0:36:46,269,150
6427034,213,0:36:46,0,s_flag_gen,true
6427034,205,0:36:46,0,s_flag_gen,false,false
6427034,221,0:36:50,0
6427034,220,0:36:53,0
6427034,212,0:36:55,0
6427034,210,0:36:55,1220,537
6427034,207,0:36:55,0,-160,-250
6427034,211,0:36:58,179,606
6427034,207,0:36:58,0,-250,-160
6427034,207,0:36:58,0,-160,-85
6427034,210,0:36:58,176,544
6427034,211,0:36:59,976,466
6427034,213,0:36:59,0,c_bestFriend_M_a_G7a1P,true
6427034,1003,0:37:3,0
6427034,1004,0:37:4,0
6427034,400,0:37:7,0,[]
6427034,401,0:37:9,0,[StatementsData_logId:0]
6427034,404,0:37:17,0,[StatementsData_logId:0,false]
6427034,405,0:37:19,0,[StatementsData_logId:0]
6427034,406,0:37:23,0,[StatementsData_logId:0,-2]
6427034,411,0:37:26,0,[StatementsData_logId:0]
6427034,401,0:37:34,0,[StatementsData_logId:1]
6427034,402,0:37:41,0,[StatementsData_logId:1,true]
6427034,405,0:37:43,0,[StatementsData_logId:1]
6427034,406,0:37:45,0,[StatementsData_logId:1,2]
6427034,411,0:37:47,0,[StatementsData_logId:1]
6427034,401,0:37:55,0,[StatementsData_logId:2]
6427034,402,0:38:2,0,[StatementsData_logId:2,false]
6427034,405,0:38:3,0,[StatementsData_logId:2]
6427034,406,0:38:5,0,[StatementsData_logId:2,-2]
6427034,411,0:38:6,0,[StatementsData_logId:2]
6427034,401,0:38:9,0,[StatementsData_logId:3]
6427034,402,0:38:10,0,[StatementsData_logId:3,false]
6427034,405,0:38:11,0,[StatementsData_logId:3]
6427034,406,0:38:13,0,[StatementsData_logId:3,-2]
6427034,411,0:38:15,0,[StatementsData_logId:3]
6427034,401,0:38:22,0,[StatementsData_logId:4]
6427034,403,0:38:24,0,[StatementsData_logId:4,false]
6427034,405,0:38:25,0,[StatementsData_logId:4]
6427034,406,0:38:31,0,[StatementsData_logId:4,-2]
6427034,411,0:38:36,0,[StatementsData_logId:4]
6427034,401,0:38:38,0,[StatementsData_logId:5]
6427034,402,0:38:44,0,[StatementsData_logId:5,false]
6427034,405,0:38:45,0,[StatementsData_logId:5]
6427034,406,0:38:48,0,[StatementsData_logId:5,-2]
6427034,411,0:38:49,0,[StatementsData_logId:5]
6427034,420,0:38:49,0,[24]
6427034,1000,0:38:51,0,[]
6427034,400,0:38:52,0,[]
6427034,401,0:38:54,0,[StatementsData_logId:0]
6427034,404,0:38:55,0,[StatementsData_logId:0,false]
6427034,405,0:38:57,0,[StatementsData_logId:0]
6427034,406,0:38:57,0,[StatementsData_logId:0,-2]
6427034,411,0:38:58,0,[StatementsData_logId:0]
6427034,401,0:38:59,0,[StatementsData_logId:1]
6427034,404,0:39:9,0,[StatementsData_logId:1,false]
6427034,405,0:39:10,0,[StatementsData_logId:1]
6427034,406,0:39:26,0,[StatementsData_logId:1,-2]
6427034,411,0:39:30,0,[StatementsData_logId:1]
6427034,401,0:39:38,0,[StatementsData_logId:2]
6427034,403,0:39:49,0,[StatementsData_logId:2,false]
6427034,405,0:39:51,0,[StatementsData_logId:2]
6427034,406,0:41:33,0,[StatementsData_logId:2,-2]
6427034,411,0:41:35,0,[StatementsData_logId:2]
6427034,401,0:43:56,0,[StatementsData_logId:3]
6427034,404,0:44:2,0,[StatementsData_logId:3,false]
6427034,405,0:44:5,0,[StatementsData_logId:3]
6427034,406,0:45:17,0,[StatementsData_logId:3,-2]
6427034,411,0:45:28,0,[StatementsData_logId:3]
6427034,1002,0:45:56,0
6427034,1003,0:45:56,0
6427034,212,0:46:6,1
6427034,210,0:46:7,1128,547
6427034,211,0:46:11,375,542
6427034,207,0:46:11,0,-400,-355
6427034,207,0:46:12,0,-355,-340
6427034,221,0:46:13,0
6427034,207,0:46:13,0,-340,-325
6427034,220,0:46:15,0
6427034,210,0:46:16,762,417
6427034,211,0:46:16,760,409
6427034,213,0:46:16,0,c_teacherEng_G7a1P,true
6427034,205,0:46:16,0,c_teacherEng_G7a1P,false,true
6427034,221,0:48:29,0
6427034,220,0:49:17,0
6427034,210,0:49:19,1049,403
6427034,207,0:49:20,0,-325,-39
6427034,211,0:49:22,304,234
6427034,212,0:49:23,0
6427034,210,0:49:24,498,195
6427034,211,0:49:24,262,115
6427034,212,0:49:25,2
6427034,207,0:49:25,0,-39,-54
6427034,210,0:49:25,846,422
6427034,211,0:49:26,248,117
6427034,213,0:49:26,0,s_flag_gen,true
6427034,205,0:49:26,0,s_flag_gen,false,true
6427034,210,0:49:57,991,423
6427034,211,0:49:59,950,491
6427034,212,0:49:59,0
6427034,210,0:50:0,1085,483
6427034,207,0:50:0,0,-54,-174
6427034,211,0:50:1,968,467
6427034,213,0:50:1,0,c_bestFriend_M_a_G7a1P,true
6427034,1003,0:50:5,0
6427034,1004,0:50:6,0
6427034,400,0:50:14,0,[]
6427034,401,0:50:23,0,[StatementsData_logId:0]
6427034,403,0:50:30,0,[StatementsData_logId:0,true]
6427034,405,0:50:31,0,[StatementsData_logId:0]
6427034,406,0:50:36,0,[StatementsData_logId:0,2]
6427034,407,0:50:36,0,[StatementsData_logId:0,FactCardData_id:5]
6427034,407,0:50:36,0,[StatementsData_logId:0,FactCardData_id:3]
6427034,407,0:50:36,0,[StatementsData_logId:0,FactCardData_id:7]
6427034,407,0:50:36,0,[StatementsData_logId:0,FactCardData_id:4]
6427034,407,0:50:36,0,[StatementsData_logId:0,FactCardData_id:6]
6427034,407,0:50:36,0,[StatementsData_logId:0,FactCardData_id:0]
6427034,407,0:50:42,0,[StatementsData_logId:0,FactCardData_id:3]
6427034,407,0:50:42,0,[StatementsData_logId:0,FactCardData_id:3]
6427034,408,0:50:43,0,[StatementsData_logId:0,FactCardData_id:3,false]
6427034,406,0:50:49,0,[StatementsData_logId:0,-2]
6427034,411,0:50:51,0,[StatementsData_logId:0]
6427034,401,0:50:52,0,[StatementsData_logId:1]
6427034,403,0:51:0,0,[StatementsData_logId:1,false]
6427034,405,0:51:1,0,[StatementsData_logId:1]
6427034,406,0:52:10,0,[StatementsData_logId:1,-2]
6427034,411,0:52:13,0,[StatementsData_logId:1]
6427034,401,0:52:15,0,[StatementsData_logId:2]
6427034,404,0:53:23,0,[StatementsData_logId:2,true]
6427034,406,0:53:24,0,[StatementsData_logId:2,2]
6427034,412,0:53:30,0,[StatementsData_logId:2]
6427034,413,0:53:33,0,[StatementsData_logId:2,DuelResponsesData_logId:3]
6427034,414,0:53:36,0,[StatementsData_logId:2,DuelResponsesData_logId:3]
6427034,415,0:53:43,0,[StatementsData_logId:2,DuelResponsesData_logId:3,DuelResponsesData_ok_player_response]
6427034,416,0:53:44,0,[StatementsData_logId:2,DuelResponsesData_logId:3]
6427034,417,0:53:49,0,[StatementsData_logId:2,DuelResponsesData_logId:3]
6427034,413,0:53:51,0,[StatementsData_logId:2,DuelResponsesData_logId:4]
6427034,414,0:53:59,0,[StatementsData_logId:2,DuelResponsesData_logId:4]
6427034,415,0:54:10,0,[StatementsData_logId:2,DuelResponsesData_logId:4,DuelResponsesData_witty_player_response]
6427034,416,0:54:11,0,[StatementsData_logId:2,DuelResponsesData_logId:4]
6427034,417,0:54:14,0,[StatementsData_logId:2,DuelResponsesData_logId:4]
6427034,413,0:54:29,0,[StatementsData_logId:2,DuelResponsesData_logId:5]
6427034,414,0:54:32,0,[StatementsData_logId:2,DuelResponsesData_logId:5]
6427034,415,0:54:39,0,[StatementsData_logId:2,DuelResponsesData_logId:5,DuelResponsesData_witty_player_response]
6427034,416,0:54:41,0,[StatementsData_logId:2,DuelResponsesData_logId:5]
6427034,417,0:54:45,0,[StatementsData_logId:2,DuelResponsesData_logId:5]
6427034,418,0:54:45,0,[StatementsData_logId:2,true]
6427034,419,0:54:53,0,[StatementsData_logId:2,4]
6427034,411,0:54:54,0,[StatementsData_logId:2]
6427034,401,0:54:56,0,[StatementsData_logId:3]
6427034,404,0:56:52,0,[StatementsData_logId:3,false]
6427034,405,0:56:55,0,[StatementsData_logId:3]
6427034,406,0:56:58,0,[StatementsData_logId:3,-2]
6427034,411,0:57:0,0,[StatementsData_logId:3]
6427034,401,0:57:22,0,[StatementsData_logId:4]
6427034,402,0:58:31,0,[StatementsData_logId:4,true]
6427034,405,0:58:32,0,[StatementsData_logId:4]
6427034,406,0:58:36,0,[StatementsData_logId:4,2]
6427034,411,0:58:42,0,[StatementsData_logId:4]
6427034,401,0:58:48,0,[StatementsData_logId:5]
6427034,404,0:59:46,0,[StatementsData_logId:5,true]
6427034,406,0:59:50,0,[StatementsData_logId:5,2]
6427034,412,0:59:53,0,[StatementsData_logId:5]
6427034,413,0:59:56,0,[StatementsData_logId:5,DuelResponsesData_logId:9]
6427034,414,1:0:1,0,[StatementsData_logId:5,DuelResponsesData_logId:9]
6427034,415,1:0:11,0,[StatementsData_logId:5,DuelResponsesData_logId:9,DuelResponsesData_witty_player_response]
6427034,416,1:0:13,0,[StatementsData_logId:5,DuelResponsesData_logId:9]
6427034,417,1:0:16,0,[StatementsData_logId:5,DuelResponsesData_logId:9]
6427034,413,1:0:38,0,[StatementsData_logId:5,DuelResponsesData_logId:10]
6427034,414,1:0:41,0,[StatementsData_logId:5,DuelResponsesData_logId:10]
6427034,415,1:1:2,0,[StatementsData_logId:5,DuelResponsesData_logId:10,DuelResponsesData_witty_player_response]
6427034,416,1:1:3,0,[StatementsData_logId:5,DuelResponsesData_logId:10]
6427034,417,1:1:4,0,[StatementsData_logId:5,DuelResponsesData_logId:10]
6427034,413,1:1:9,0,[StatementsData_logId:5,DuelResponsesData_logId:11]
6427034,414,1:1:13,0,[StatementsData_logId:5,DuelResponsesData_logId:11]
6427034,415,1:1:18,0,[StatementsData_logId:5,DuelResponsesData_logId:11,DuelResponsesData_witty_player_response]
6427034,416,1:1:19,0,[StatementsData_logId:5,DuelResponsesData_logId:11]
6427034,417,1:1:26,0,[StatementsData_logId:5,DuelResponsesData_logId:11]
6427034,418,1:1:26,0,[StatementsData_logId:5,true]
6427034,419,1:1:31,0,[StatementsData_logId:5,4]
6427034,411,1:1:33,0,[StatementsData_logId:5]
6427034,420,1:1:33,0,[42]
6427034,1005,1:1:33,0,[0,0,1]
6427034,1001,1:1:37,0,[]
6427034,1003,1:1:37,0
6427034,210,1:1:44,923,432
6427034,211,1:1:46,956,505
6427034,213,1:1:46,0,c_bestFriend_M_a_G7a1P,true
6427034,1003,1:1:50,0
6427034,1004,1:1:51,0
6427034,400,1:1:54,0,[]
6427034,401,1:2:1,0,[StatementsData_logId:0]
6427034,403,1:2:7,0,[StatementsData_logId:0,true]
6427034,405,1:2:8,0,[StatementsData_logId:0]
6427034,406,1:2:11,0,[StatementsData_logId:0,2]
6427034,407,1:2:11,0,[StatementsData_logId:0,FactCardData_id:7]
6427034,407,1:2:11,0,[StatementsData_logId:0,FactCardData_id:4]
6427034,407,1:2:11,0,[StatementsData_logId:0,FactCardData_id:5]
6427034,407,1:2:11,0,[StatementsData_logId:0,FactCardData_id:0]
6427034,407,1:2:11,0,[StatementsData_logId:0,FactCardData_id:6]
6427034,407,1:2:11,0,[StatementsData_logId:0,FactCardData_id:3]
6427034,407,1:2:19,0,[StatementsData_logId:0,FactCardData_id:7]
6427034,407,1:2:19,0,[StatementsData_logId:0,FactCardData_id:7]
6427034,407,1:2:22,0,[StatementsData_logId:0,FactCardData_id:5]
6427034,407,1:2:22,0,[StatementsData_logId:0,FactCardData_id:7]
6427034,407,1:2:22,0,[StatementsData_logId:0,FactCardData_id:5]
6427034,407,1:2:26,0,[StatementsData_logId:0,FactCardData_id:6]
6427034,407,1:2:26,0,[StatementsData_logId:0,FactCardData_id:5]
6427034,407,1:2:26,0,[StatementsData_logId:0,FactCardData_id:6]
6427034,408,1:2:42,0,[StatementsData_logId:0,FactCardData_id:6,true]
6427034,409,1:2:42,0,[StatementsData_logId:0]
6427034,410,1:2:44,0,[StatementsData_logId:0,2]
6427034,412,1:2:44,0,[StatementsData_logId:0]
6427034,413,1:2:50,0,[StatementsData_logId:0,DuelResponsesData_logId:0]
6427034,414,1:2:51,0,[StatementsData_logId:0,DuelResponsesData_logId:0]
6427034,415,1:2:51,0,[StatementsData_logId:0,DuelResponsesData_logId:0,DuelResponsesData_ok_player_response]
6427034,416,1:2:57,0,[StatementsData_logId:0,DuelResponsesData_logId:0]
6427034,417,1:2:59,0,[StatementsData_logId:0,DuelResponsesData_logId:0]
6427034,413,1:3:2,0,[StatementsData_logId:0,DuelResponsesData_logId:1]
6427034,414,1:3:5,0,[StatementsData_logId:0,DuelResponsesData_logId:1]
6427034,415,1:3:13,0,[StatementsData_logId:0,DuelResponsesData_logId:1,DuelResponsesData_witty_player_response]
6427034,416,1:3:15,0,[StatementsData_logId:0,DuelResponsesData_logId:1]
6427034,417,1:3:16,0,[StatementsData_logId:0,DuelResponsesData_logId:1]
6427034,413,1:3:17,0,[StatementsData_logId:0,DuelResponsesData_logId:2]
6427034,414,1:3:19,0,[StatementsData_logId:0,DuelResponsesData_logId:2]
6427034,415,1:3:31,0,[StatementsData_logId:0,DuelResponsesData_logId:2,DuelResponsesData_witty_player_response]
6427034,416,1:3:32,0,[StatementsData_logId:0,DuelResponsesData_logId:2]
6427034,417,1:3:40,0,[StatementsData_logId:0,DuelResponsesData_logId:2]
6427034,418,1:3:40,0,[StatementsData_logId:0,true]
6427034,419,1:3:42,0,[StatementsData_logId:0,4]
6427034,411,1:3:43,0,[StatementsData_logId:0]
6427034,401,1:3:44,0,[StatementsData_logId:1]
6427034,402,1:4:16,0,[StatementsData_logId:1,true]
6427034,405,1:4:22,0,[StatementsData_logId:1]
6427034,406,1:4:26,0,[StatementsData_logId:1,2]
6427034,411,1:4:28,0,[StatementsData_logId:1]
6427034,401,1:4:31,0,[StatementsData_logId:2]
6427034,404,1:6:4,0,[StatementsData_logId:2,true]
6427034,406,1:6:8,0,[StatementsData_logId:2,2]
6427034,412,1:6:9,0,[StatementsData_logId:2]
6427034,413,1:6:12,0,[StatementsData_logId:2,DuelResponsesData_logId:3]
6427034,414,1:6:13,0,[StatementsData_logId:2,DuelResponsesData_logId:3]
6427034,415,1:6:28,0,[StatementsData_logId:2,DuelResponsesData_logId:3,DuelResponsesData_ok_player_response]
6427034,416,1:6:29,0,[StatementsData_logId:2,DuelResponsesData_logId:3]
6427034,417,1:6:30,0,[StatementsData_logId:2,DuelResponsesData_logId:3]
6427034,413,1:6:31,0,[StatementsData_logId:2,DuelResponsesData_logId:4]
6427034,414,1:6:33,0,[StatementsData_logId:2,DuelResponsesData_logId:4]
6427034,103,1:6:47
6427034,105,1:6:52
6427034,703,1:6:54,[|| EpilogueItem ID: 0 unlocked: false ||,|| EpilogueItem ID: 1 unlocked: false ||,|| EpilogueItem ID: 2 unlocked: false ||,|| EpilogueItem ID: 3 unlocked: false ||,|| EpilogueItem ID: 4 unlocked: false ||,|| EpilogueItem ID: 5 unlocked: false ||,|| EpilogueItem ID: 6 unlocked: false ||,|| EpilogueItem ID: 7 unlocked: false ||,|| EpilogueItem ID: 8 unlocked: false ||,|| EpilogueItem ID: 9 unlocked: false ||,|| EpilogueItem ID: 10 unlocked: false ||,|| EpilogueItem ID: 11 unlocked: false ||,|| EpilogueItem ID: 12 unlocked: false ||,|| EpilogueItem ID: 13 unlocked: false ||,|| EpilogueItem ID: 14 unlocked: false ||,|| EpilogueItem ID: 15 unlocked: false ||,|| EpilogueItem ID: 16 unlocked: false ||,|| EpilogueItem ID: 17 unlocked: false ||,|| EpilogueItem ID: 18 unlocked: false ||,|| EpilogueItem ID: 19 unlocked: false ||,|| EpilogueItem ID: 20 unlocked: false ||,|| EpilogueItem ID: 21 unlocked: false ||,|| EpilogueItem ID: 22 unlocked: false ||,|| EpilogueItem ID: 23 unlocked: false ||,|| EpilogueItem ID: 24 unlocked: false ||],0
6427034,706,1:6:56,(x=651, y=-100, w=1024, h=768),(x=660, y=-100, w=1024, h=768)
6427034,706,1:6:58,(x=1003, y=-100, w=1024, h=768),(x=1723, y=-100, w=1024, h=768)
6427034,706,1:7:1,(x=2531, y=-100, w=1024, h=768),(x=2531, y=-100, w=1024, h=768)
6427034,706,1:7:3,(x=2403, y=-100, w=1024, h=768),(x=2484, y=-100, w=1024, h=768)
6427034,708,1:7:3
6427034,1,1:7:4,1/3/1970 0:23:45am,{"gameTime":4023973,"challengeStacks":[{"challengeScenes":[{"miniGameCards":[],"viewedAnimatic":true,"keyPoints":["s_flag_gen","c_teacherEng_G7a0","c_bestFriend_M_a_G7a0"],"unlocked":true,"touchableObjects":["c_friend1_M_a_G7a0","s_vocabAssignment_G7a0","c_crewKid1_M_G7a0","s_flag_gen","c_teacherEng_G7a0","c_bestFriend_M_a_G7a0","s_otherStudent1_G7a0","s_angelouPoster_gen","s_poePoster_gen","s_atwoodPoster_gen","s_shakespearePoster_gen","s_doorClassroom_G7a0","s_clock_G7a0"]},{"miniGameCards":[],"viewedAnimatic":true,"keyPoints":["c_teacherEng_G7a1N","c_bestFriend_M_a_G7a1N","s_paperPlayers_G7a1N"],"unlocked":true,"touchableObjects":["s_otherStudent1_G7a1N","c_teacherEng_G7a1N","s_flag_gen","c_bestFriend_M_a_G7a1N","s_posterPlagiarism_gen","s_paperPlayers_G7a1N"]},{"miniGameCards":[],"viewedAnimatic":true,"keyPoints":["c_teacherEng_G7a1P","s_flag_gen"],"unlocked":true,"touchableObjects":["c_teacherEng_G7a1P","s_flag_gen"]}],"stackSize":3,"resolved":false},{"challengeScenes":[{"miniGameCards":[],"viewedAnimatic":false,"keyPoints":[],"unlocked":false,"touchableObjects":[]},{"miniGameCards":[],"viewedAnimatic":false,"keyPoints":[],"unlocked":false,"touchableObjects":[]},{"miniGameCards":[],"viewedAnimatic":false,"keyPoints":[],"unlocked":false,"touchableObjects":[]},{"miniGameCards":[],"viewedAnimatic":false,"keyPoints":[],"unlocked":false,"touchableObjects":[]},{"miniGameCards":[],"viewedAnimatic":false,"keyPoints":[],"unlocked":false,"touchableObjects":[]}],"stackSize":5,"resolved":false},{"challengeScenes":[{"miniGameCards":[],"viewedAnimatic":false,"keyPoints":[],"unlocked":false,"touchableObjects":[]},{"miniGameCards":[],"viewedAnimatic":false,"keyPoints":[],"unlocked":false,"touchableObjects":[]},{"miniGameCards":[],"viewedAnimatic":false,"keyPoints":[],"unlocked":false,"touchableObjects":[]},{"miniGameCards":[],"viewedAnimatic":false,"keyPoints":[],"unlocked":false,"touchableObjects":[]},{"miniGameCards":[],"viewedAnimatic":false,"keyPoints":[],"unlocked":false,"touchableObjects":[]},{"miniGameCards":[],"viewedAnimatic":false,"keyPoints":[],"unlocked":false,"touchableObjects":[]},{"miniGameCards":[],"viewedAnimatic":false,"keyPoints":[],"unlocked":false,"touchableObjects":[]}],"stackSize":7,"resolved":false},{"challengeScenes":[{"miniGameCards":[],"viewedAnimatic":false,"keyPoints":[],"unlocked":false,"touchableObjects":[]},{"miniGameCards":[],"viewedAnimatic":false,"keyPoints":[],"unlocked":false,"touchableObjects":[]},{"miniGameCards":[],"viewedAnimatic":false,"keyPoints":[],"unlocked":false,"touchableObjects":[]},{"miniGameCards":[],"viewedAnimatic":false,"keyPoints":[],"unlocked":false,"touchableObjects":[]},{"miniGameCards":[],"viewedAnimatic":false,"keyPoints":[],"unlocked":false,"touchableObjects":[]}],"stackSize":5,"resolved":false},{"challengeScenes":[{"miniGameCards":[],"viewedAnimatic":false,"keyPoints":[],"unlocked":false,"touchableObjects":[]},{"miniGameCards":[],"viewedAnimatic":false,"keyPoints":[],"unlocked":false,"touchableObjects":[]},{"miniGameCards":[],"viewedAnimatic":false,"keyPoints":[],"unlocked":false,"touchableObjects":[]},{"miniGameCards":[],"viewedAnimatic":false,"keyPoints":[],"unlocked":false,"touchableObjects":[]},{"miniGameCards":[],"viewedAnimatic":false,"keyPoints":[],"unlocked":false,"touchableObjects":[]}],"stackSize":5,"resolved":false},{"challengeScenes":[{"miniGameCards":[],"viewedAnimatic":false,"keyPoints":[],"unlocked":false,"touchableObjects":[]},{"miniGameCards":[],"viewedAnimatic":false,"keyPoints":[],"unlocked":false,"touchableObjects":[]},{"miniGameCards":[],"viewedAnimatic":false,"keyPoints":[],"unlocked":false,"touchableObjects":[]},{"miniGameCards":[],"viewedAnimatic":false,"keyPoints":[],"unlocked":false,"touchableObjects":[]},{"miniGameCards":[],"viewedAnimatic":false,"keyPoints":[],"unlocked":false,"touchableObjects":[]}],"stackSize":5,"resolved":false},{"challengeScenes":[{"miniGameCards":[],"viewedAnimatic":false,"keyPoints":[],"unlocked":false,"touchableObjects":[]},{"miniGameCards":[],"viewedAnimatic":false,"keyPoints":[],"unlocked":false,"touchableObjects":[]},{"miniGameCards":[],"viewedAnimatic":false,"keyPoints":[],"unlocked":false,"touchableObjects":[]},{"miniGameCards":[],"viewedAnimatic":false,"keyPoints":[],"unlocked":false,"touchableObjects":[]},{"miniGameCards":[],"viewedAnimatic":false,"keyPoints":[],"unlocked":false,"touchableObjects":[]}],"stackSize":5,"resolved":false},{"challengeScenes":[{"miniGameCards":[],"viewedAnimatic":false,"keyPoints":[],"unlocked":false,"touchableObjects":[]},{"miniGameCards":[],"viewedAnimatic":false,"keyPoints":[],"unlocked":false,"touchableObjects":[]},{"miniGameCards":[],"viewedAnimatic":false,"keyPoints":[],"unlocked":false,"touchableObjects":[]},{"miniGameCards":[],"viewedAnimatic":false,"keyPoints":[],"unlocked":false,"touchableObjects":[]},{"miniGameCards":[],"viewedAnimatic":false,"keyPoints":[],"unlocked":false,"touchableObjects":[]}],"stackSize":5,"resolved":false},{"challengeScenes":[{"miniGameCards":[],"viewedAnimatic":false,"keyPoints":[],"unlocked":false,"touchableObjects":[]},{"miniGameCards":[],"viewedAnimatic":false,"keyPoints":[],"unlocked":false,"touchableObjects":[]},{"miniGameCards":[],"viewedAnimatic":false,"keyPoints":[],"unlocked":false,"touchableObjects":[]},{"miniGameCards":[],"viewedAnimatic":false,"keyPoints":[],"unlocked":false,"touchableObjects":[]},{"miniGameCards":[],"viewedAnimatic":false,"keyPoints":[],"unlocked":false,"touchableObjects":[]}],"stackSize":5,"resolved":false},{"challengeScenes":[{"miniGameCards":[],"viewedAnimatic":false,"keyPoints":[],"unlocked":false,"touchableObjects":[]},{"miniGameCards":[],"viewedAnimatic":false,"keyPoints":[],"unlocked":false,"touchableObjects":[]},{"miniGameCards":[],"viewedAnimatic":false,"keyPoints":[],"unlocked":false,"touchableObjects":[]},{"miniGameCards":[],"viewedAnimatic":false,"keyPoints":[],"unlocked":false,"touchableObjects":[]},{"miniGameCards":[],"viewedAnimatic":false,"keyPoints":[],"unlocked":false,"touchableObjects":[]}],"stackSize":5,"resolved":false},{"challengeScenes":[{"miniGameCards":[],"viewedAnimatic":false,"keyPoints":[],"unlocked":false,"touchableObjects":[]},{"miniGameCards":[],"viewedAnimatic":false,"keyPoints":[],"unlocked":false,"touchableObjects":[]},{"miniGameCards":[],"viewedAnimatic":false,"keyPoints":[],"unlocked":false,"touchableObjects":[]},{"miniGameCards":[],"viewedAnimatic":false,"keyPoints":[],"unlocked":false,"touchableObjects":[]},{"miniGameCards":[],"viewedAnimatic":false,"keyPoints":[],"unlocked":false,"touchableObjects":[]}],"stackSize":5,"resolved":false},{"challengeScenes":[{"miniGameCards":[],"viewedAnimatic":false,"keyPoints":[],"unlocked":false,"touchableObjects":[]},{"miniGameCards":[],"viewedAnimatic":false,"keyPoints":[],"unlocked":false,"touchableObjects":[]},{"miniGameCards":[],"viewedAnimatic":false,"keyPoints":[],"unlocked":false,"touchableObjects":[]},{"miniGameCards":[],"viewedAnimatic":false,"keyPoints":[],"unlocked":false,"touchableObjects":[]},{"miniGameCards":[],"viewedAnimatic":false,"keyPoints":[],"unlocked":false,"touchableObjects":[]}],"stackSize":5,"resolved":false},{"challengeScenes":[{"miniGameCards":[],"viewedAnimatic":false,"keyPoints":[],"unlocked":true,"touchableObjects":["c_education_G0a0","c_family_cauc_a_G0a0","c_friends_G0a0"]},{"miniGameCards":[],"viewedAnimatic":false,"keyPoints":["c_family_cauc_a_G0a1N","c_home_G0a1N","c_job_G0a1N"],"unlocked":true,"touchableObjects":["c_family_cauc_a_G0a1N","c_home_G0a1N","c_job_G0a1N"]},{"miniGameCards":[],"viewedAnimatic":false,"keyPoints":["c_grandma_cauc_a_G0a1P","c_Teacher_G0a1P","c_kidsister_cauc_a_G0a1P","c_dad_cauc_a_G0a1P","c_mom_cauc_a_G0a1P","c_Nurse_G0a1P"],"unlocked":true,"touchableObjects":["c_cousins_M_a_G0a1P","c_grandma_cauc_a_G0a1P","c_Teacher_G0a1P","c_friends_G0a1P","c_kidsister_cauc_a_G0a1P","c_dad_cauc_a_G0a1P","c_mom_cauc_a_G0a1P","c_Nurse_G0a1P"]}],"stackSize":3,"resolved":true}],"sessionId":1,"epilogue":{"rating":0},"playerId":6427034,"session":[{"sceneId":"1P","stackId":12},{"sceneId":"1P","stackId":0}],"minigames":[{"levelSaveData":[{"starRating":1,"unlocked":true},{"starRating":0,"unlocked":false},{"starRating":0,"unlocked":false},{"starRating":0,"unlocked":false},{"starRating":0,"unlocked":false},{"starRating":0,"unlocked":false},{"starRating":0,"unlocked":false},{"starRating":0,"unlocked":false},{"starRating":0,"unlocked":false},{"starRating":0,"unlocked":false}],"skillPoints":1},{"levelSaveData":[{"starRating":3,"unlocked":true},{"starRating":0,"unlocked":false},{"starRating":0,"unlocked":false},{"starRating":0,"unlocked":false},{"starRating":0,"unlocked":false},{"starRating":0,"unlocked":false},{"starRating":0,"unlocked":false},{"starRating":0,"unlocked":false},{"starRating":0,"unlocked":false},{"starRating":0,"unlocked":false}],"skillPoints":3},{"levelSaveData":[{"starRating":3,"unlocked":true},{"starRating":0,"unlocked":false},{"starRating":0,"unlocked":false},{"starRating":0,"unlocked":false},{"starRating":0,"unlocked":false},{"starRating":0,"unlocked":false},{"starRating":0,"unlocked":false},{"starRating":0,"unlocked":false},{"starRating":0,"unlocked":false},{"starRating":0,"unlocked":false}],"skillPoints":3},{"levelSaveData":[{"starRating":0,"unlocked":false},{"starRating":0,"unlocked":false},{"starRating":0,"unlocked":false},{"starRating":0,"unlocked":false},{"starRating":0,"unlocked":false},{"starRating":0,"unlocked":false},{"starRating":0,"unlocked":false},{"starRating":0,"unlocked":false},{"starRating":0,"unlocked":false},{"starRating":0,"unlocked":false}],"skillPoints":0},{"age":13,"name":"bran","gender":0,"levelSaveData":[{"starRating":3,"unlocked":true},{"starRating":3,"chunks":[["1"],["7$$like that","0$$like that2"],["12$$haha","6","8"],["1"]],"unlocked":true},{"starRating":0,"chunks":[[null],[null,null],[null,null]],"unlocked":false},{"starRating":0,"chunks":[[null],[null],[null],[null],[null,null],[null]],"unlocked":false},{"starRating":0,"chunks":[[null],[null],[null,null],[null],[null],[null]],"unlocked":false},{"starRating":0,"chunks":[[null],[null,null,null,null],[null],[null]],"unlocked":false},{"starRating":0,"chunks":[[null],[null],[null,null],[null,null],[null]],"unlocked":false},{"starRating":0,"chunks":[[null,null,null],[null,null,null],[null],[null],[null]],"unlocked":false},{"starRating":0,"chunks":[[null,null,null],[null,null,null],[null,null]],"unlocked":false},{"starRating":0,"chunks":[[null],[null],[null],[null],[null],[null]],"unlocked":false}],"visualAvatar":0,"id":1,"skillPoints":6}],"avatar":{"age":13,"name":"bran","gender":0,"levelSaveData":[{"starRating":3,"unlocked":true},{"starRating":3,"chunks":[["1"],["7$$like that","0$$like that2"],["12$$haha","6","8"],["1"]],"unlocked":true},{"starRating":0,"chunks":[[null],[null,null],[null,null]],"unlocked":false},{"starRating":0,"chunks":[[null],[null],[null],[null],[null,null],[null]],"unlocked":false},{"starRating":0,"chunks":[[null],[null],[null,null],[null],[null],[null]],"unlocked":false},{"starRating":0,"chunks":[[null],[null,null,null,null],[null],[null]],"unlocked":false},{"starRating":0,"chunks":[[null],[null],[null,null],[null,null],[null]],"unlocked":false},{"starRating":0,"chunks":[[null,null,null],[null,null,null],[null],[null],[null]],"unlocked":false},{"starRating":0,"chunks":[[null,null,null],[null,null,null],[null,null]],"unlocked":false},{"starRating":0,"chunks":[[null],[null],[null],[null],[null],[null]],"unlocked":false}],"visualAvatar":0,"id":1,"skillPoints":6}}
