6427041,0,0:0:0,3/28/2014 3:31:27pm
6427041,600,0:0:23,0
6427041,601,0:0:25,1
6427041,602,0:0:26,0,1
6427041,603,0:0:30,0
6427041,604,0:0:36,0,armani
6427041,605,0:0:38
6427041,207,0:0:40,12,0,0
6427041,207,0:0:40,12,0,0
6427041,210,0:1:1,291,49
6427041,211,0:1:1,291,49
6427041,212,0:1:7,1
6427041,212,0:1:7,0
6427041,210,0:1:11,700,404
6427041,211,0:1:19,591,260
6427041,213,0:1:19,12,c_education_G0a0,true
6427041,210,0:1:27,706,456
6427041,207,0:1:29,12,0,-202
6427041,207,0:1:31,12,-202,-967
6427041,207,0:1:34,12,-967,-22
6427041,211,0:1:40,628,284
6427041,213,0:1:40,12,c_education_G0a0,true
6427041,210,0:1:45,953,345
6427041,211,0:1:47,1801,369
6427041,207,0:1:47,12,-22,-802
6427041,212,0:1:52,1
6427041,210,0:1:54,1485,512
6427041,211,0:1:56,1236,478
6427041,213,0:1:56,12,c_friends_G0a0,true
6427041,212,0:2:6,0
6427041,210,0:2:6,1600,480
6427041,211,0:2:9,1464,415
6427041,210,0:2:10,1655,470
6427041,211,0:2:11,1850,500
6427041,207,0:2:11,12,-802,-847
6427041,210,0:2:11,1647,472
6427041,211,0:2:12,2003,460
6427041,207,0:2:12,12,-847,-997
6427041,207,0:2:13,12,-997,-1027
6427041,210,0:2:13,1675,488
6427041,207,0:2:14,12,-1027,-982
6427041,207,0:2:15,12,-982,-277
6427041,211,0:2:17,727,231
6427041,213,0:2:17,12,c_education_G0a0,true
6427041,212,0:3:2,2
6427041,210,0:3:2,885,491
6427041,207,0:3:4,12,0,-360
6427041,211,0:3:4,1094,228
6427041,213,0:3:4,12,c_family_afri_a_G0a1N,true
6427041,205,0:3:4,12,c_family_afri_a_G0a1N,false,false
6427041,212,0:3:20,1
6427041,210,0:3:20,1199,454
6427041,211,0:3:21,1199,454
6427041,210,0:3:21,1179,485
6427041,211,0:3:22,1140,536
6427041,213,0:3:22,12,c_home_G0a1N,true
6427041,205,0:3:22,12,c_home_G0a1N,false,false
6427041,212,0:3:37,0
6427041,210,0:3:37,1419,443
6427041,207,0:3:38,12,-360,-813
6427041,207,0:3:42,12,-813,-378
6427041,211,0:3:43,692,214
6427041,213,0:3:43,12,c_job_G0a1N,true
6427041,205,0:3:43,12,c_job_G0a1N,false,false
6427041,221,0:3:57,12
6427041,220,0:4:8,12
6427041,221,0:4:26,12
6427041,220,0:4:37,12
6427041,210,0:4:38,1078,404
6427041,207,0:4:42,12,0,-1560
6427041,207,0:4:42,12,-1560,-1620
6427041,207,0:4:46,12,-1620,-1790
6427041,211,0:4:48,2647,491
6427041,210,0:4:48,2665,503
6427041,211,0:4:49,2809,439
6427041,210,0:4:50,2744,607
6427041,211,0:4:50,2757,692
6427041,212,0:4:51,2
6427041,210,0:4:52,2648,155
6427041,211,0:4:52,2650,153
6427041,210,0:4:53,2614,428
6427041,207,0:4:55,12,-1790,-1475
6427041,211,0:4:56,1856,491
6427041,213,0:4:56,12,c_kidsister_afri_a_G0a1P,true
6427041,205,0:4:56,12,c_kidsister_afri_a_G0a1P,false,false
6427041,210,0:5:10,2200,604
6427041,211,0:5:12,1657,391
6427041,213,0:5:12,12,c_grandma_afri_a_G0a1P,true
6427041,205,0:5:12,12,c_grandma_afri_a_G0a1P,false,false
6427041,210,0:5:17,1873,217
6427041,207,0:5:20,12,-1475,-1175
6427041,211,0:5:21,1464,468
6427041,213,0:5:21,12,c_friends_G0a1P,true
6427041,210,0:5:24,1821,514
6427041,211,0:5:25,1399,163
6427041,213,0:5:25,12,c_Teacher_G0a1P,true
6427041,205,0:5:26,12,c_Teacher_G0a1P,false,false
6427041,212,0:5:30,1
6427041,210,0:5:31,1928,519
6427041,211,0:5:32,1878,344
6427041,213,0:5:32,12,c_mom_afri_a_G0a1P,true
6427041,205,0:5:32,12,c_mom_afri_a_G0a1P,false,false
6427041,210,0:5:40,1776,175
6427041,211,0:5:41,1781,185
6427041,213,0:5:41,12,c_dad_afri_a_G0a1P,true
6427041,205,0:5:41,12,c_dad_afri_a_G0a1P,false,false
6427041,212,0:5:46,0
6427041,210,0:5:46,1435,505
6427041,211,0:5:49,1312,287
6427041,213,0:5:49,12,c_Nurse_G0a1P,true
6427041,205,0:5:49,12,c_Nurse_G0a1P,false,false
6427041,221,0:5:58,12
6427041,300,0:6:4
6427041,220,0:6:4,12
6427041,302,0:6:15,0,1,0,20
6427041,303,0:6:16,0,1,0,20
6427041,304,0:6:19,0,1,0,-1,,20,funny
6427041,302,0:6:32,0,1,1,5
6427041,302,0:6:33,0,1,1,8
6427041,302,0:6:35,0,1,1,11
6427041,302,0:6:43,0,1,1,7
6427041,302,0:6:46,0,1,1,11
6427041,302,0:6:56,0,1,1,14
6427041,303,0:6:57,0,1,1,14
6427041,304,0:7:0,0,1,1,-1,,14,nice
6427041,305,0:7:2,0,3,0,-1,
6427041,302,0:7:13,0,0,0,1
6427041,306,0:7:14,0,0,1
6427041,304,0:7:14,0,0,0,-1,,1,
6427041,302,0:7:32,0,3,0,0
6427041,304,0:7:33,0,3,0,-1,,0,
6427041,302,0:7:38,0,2,0,5
6427041,302,0:7:39,0,2,0,8
6427041,302,0:7:42,0,2,0,14
6427041,302,0:7:43,0,2,0,12
6427041,303,0:7:45,0,2,0,12
6427041,302,0:8:6,0,2,0,11
6427041,302,0:8:7,0,2,0,9
6427041,306,0:8:15,0,1,2
6427041,304,0:8:15,0,2,0,-1,,9,love shoes
6427041,302,0:8:28,0,2,1,15
6427041,303,0:8:35,0,2,1,15
6427041,304,0:8:41,0,2,1,-1,,15,play games 
6427041,302,0:8:46,0,2,2,6
6427041,303,0:8:50,0,2,2,6
6427041,302,0:9:8,0,2,2,8
6427041,306,0:9:14,0,2,3
6427041,304,0:9:14,0,2,2,-1,,8,wining
6427041,221,0:9:34,12
6427041,220,0:9:36,12
6427041,203,0:9:36,12
6427041,100,0:10:37,0
6427041,102,0:10:38,0
6427041,200,0:10:38,0,0,0,0,0,6
6427041,219,0:10:38,0
6427041,216,0:10:40,Stack_G7a0
6427041,217,0:11:13,Stack_G7a0,30,1.4
6427041,218,0:11:15,0
6427041,219,0:11:20,0
6427041,216,0:11:21,Stack_G7a1N
6427041,217,0:11:48,Stack_G7a1N,20,0.00
6427041,218,0:11:51,0
6427041,210,0:11:54,867,446
6427041,211,0:11:54,872,447
6427041,212,0:11:55,1
6427041,210,0:11:56,850,414
6427041,211,0:11:56,859,418
6427041,212,0:11:57,2
6427041,210,0:11:57,851,440
6427041,211,0:11:58,852,440
6427041,213,0:11:58,0,c_teacherEng_G7a1N,false
6427041,207,0:12:5,0,-400,-415
6427041,210,0:12:5,1249,526
6427041,211,0:12:5,1159,538
6427041,210,0:12:6,1220,452
6427041,211,0:12:7,1218,457
6427041,213,0:12:7,0,s_otherStudent2_G7a1N,true
6427041,210,0:12:10,1342,444
6427041,207,0:12:11,0,-415,-518.45
6427041,211,0:12:13,1054,529
6427041,213,0:12:13,0,c_bestFriend_F_a_G7a1N,false
6427041,210,0:12:17,1328,513
6427041,211,0:12:18,1050,534
6427041,213,0:12:18,0,c_bestFriend_F_a_G7a1N,false
6427041,1003,0:12:21,2
6427041,1004,0:12:24,0
6427041,900,0:12:26,0,[]
6427041,901,0:12:30,0,[PeopleData_id:1]
6427041,1002,0:12:40,0
6427041,1003,0:12:40,2
6427041,212,0:12:45,1
6427041,210,0:12:46,1477,568
6427041,207,0:12:46,0,-400,-518.45
6427041,211,0:12:51,661,588
6427041,213,0:12:51,0,s_otherStudent1_G7a1N,true
6427041,210,0:12:54,686,568
6427041,207,0:12:54,0,-518.45,-473.45
6427041,207,0:12:55,0,-473.45,0
6427041,211,0:12:59,1173,578
6427041,207,0:12:59,0,0,-165
6427041,212,0:13:0,0
6427041,210,0:13:1,1220,517
6427041,207,0:13:1,0,-165,-360
6427041,211,0:13:2,1198,483
6427041,210,0:13:3,1233,494
6427041,211,0:13:3,1275,501
6427041,213,0:13:3,0,s_otherStudent2_G7a1N,true
6427041,210,0:13:6,1405,432
6427041,207,0:13:6,0,-360,-518.45
6427041,211,0:13:8,1047,533
6427041,210,0:13:9,1066,525
6427041,211,0:13:13,666,582
6427041,213,0:13:13,0,s_otherStudent1_G7a1N,true
6427041,210,0:13:16,919,439
6427041,207,0:13:18,0,-518.45,-8.45
6427041,211,0:13:20,217,492
6427041,213,0:13:20,0,c_crewKid1_F_G7a1N,true
6427041,212,0:13:25,2
6427041,210,0:13:25,684,529
6427041,211,0:13:26,673,565
6427041,213,0:13:26,0,s_otherStudent1_G7a1N,true
6427041,210,0:13:30,294,561
6427041,207,0:13:31,0,-8.45,0
6427041,211,0:13:34,875,440
6427041,213,0:13:34,0,c_teacherEng_G7a1N,false
6427041,1003,0:13:43,2
6427041,1004,0:13:45,0
6427041,900,0:13:51,0,[]
6427041,901,0:13:55,0,[PeopleData_id:2]
6427041,902,0:13:58,0,[PeopleData_id:2,PeopleData_data3Type]
6427041,903,0:14:3,0,[PeopleData_id2,PeopleData_data3Type]
6427041,901,0:14:11,0,[PeopleData_id:2]
6427041,904,0:14:11,0,[PeopleData_id:2]
6427041,905,0:14:12,0,[PeopleData_id:2,RankTypes_id:-1,RankTypes_id:2]
6427041,902,0:14:24,0,[PeopleData_id:2,PeopleData_data2Type]
6427041,903,0:14:29,0,[PeopleData_id2,PeopleData_data2Type]
6427041,901,0:14:30,0,[PeopleData_id:2]
6427041,904,0:14:30,0,[PeopleData_id:2]
6427041,905,0:14:32,0,[PeopleData_id:2,RankTypes_id:2,RankTypes_id:1]
6427041,902,0:14:33,0,[PeopleData_id:2,PeopleData_data1Type]
6427041,903,0:14:35,0,[PeopleData_id2,PeopleData_data1Type]
6427041,901,0:14:37,0,[PeopleData_id:2]
6427041,904,0:14:37,0,[PeopleData_id:2]
6427041,905,0:14:37,0,[PeopleData_id:2,RankTypes_id:1,RankTypes_id:0]
6427041,902,0:14:38,0,[PeopleData_id:2,PeopleData_data0Type]
6427041,903,0:14:41,0,[PeopleData_id2,PeopleData_data0Type]
6427041,901,0:14:43,0,[PeopleData_id:3]
6427041,902,0:14:44,0,[PeopleData_id:3,PeopleData_data2Type]
6427041,903,0:14:47,0,[PeopleData_id3,PeopleData_data2Type]
6427041,902,0:14:48,0,[PeopleData_id:3,PeopleData_data1Type]
6427041,903,0:14:52,0,[PeopleData_id3,PeopleData_data1Type]
6427041,902,0:14:53,0,[PeopleData_id:3,PeopleData_data0Type]
6427041,903,0:14:57,0,[PeopleData_id3,PeopleData_data0Type]
6427041,901,0:14:57,0,[PeopleData_id:3]
6427041,904,0:14:57,0,[PeopleData_id:3]
6427041,905,0:14:58,0,[PeopleData_id:3,RankTypes_id:-1,RankTypes_id:4]
6427041,901,0:15:0,0,[PeopleData_id:1]
6427041,902,0:15:2,0,[PeopleData_id:1,PeopleData_data3Type]
6427041,903,0:15:6,0,[PeopleData_id1,PeopleData_data3Type]
6427041,902,0:15:6,0,[PeopleData_id:1,PeopleData_data2Type]
6427041,903,0:15:11,0,[PeopleData_id1,PeopleData_data2Type]
6427041,902,0:15:11,0,[PeopleData_id:1,PeopleData_data1Type]
6427041,903,0:15:17,0,[PeopleData_id1,PeopleData_data1Type]
6427041,902,0:15:18,0,[PeopleData_id:1,PeopleData_data1Type]
6427041,903,0:15:19,0,[PeopleData_id1,PeopleData_data1Type]
6427041,902,0:15:19,0,[PeopleData_id:1,PeopleData_data0Type]
6427041,903,0:15:23,0,[PeopleData_id1,PeopleData_data0Type]
6427041,901,0:15:24,0,[PeopleData_id:1]
6427041,904,0:15:24,0,[PeopleData_id:1]
6427041,905,0:15:25,0,[PeopleData_id:1,RankTypes_id:-1,RankTypes_id:0]
6427041,901,0:15:27,0,[PeopleData_id:0]
6427041,902,0:15:28,0,[PeopleData_id:0,PeopleData_data3Type]
6427041,903,0:15:31,0,[PeopleData_id0,PeopleData_data3Type]
6427041,902,0:15:32,0,[PeopleData_id:0,PeopleData_data2Type]
6427041,903,0:15:34,0,[PeopleData_id0,PeopleData_data2Type]
6427041,902,0:15:35,0,[PeopleData_id:0,PeopleData_data1Type]
6427041,903,0:15:39,0,[PeopleData_id0,PeopleData_data1Type]
6427041,902,0:15:40,0,[PeopleData_id:0,PeopleData_data0Type]
6427041,903,0:15:43,0,[PeopleData_id0,PeopleData_data0Type]
6427041,901,0:15:44,0,[PeopleData_id:0]
6427041,904,0:15:44,0,[PeopleData_id:0]
6427041,905,0:15:45,0,[PeopleData_id:0,RankTypes_id:-1,RankTypes_id:4]
6427041,901,0:15:46,0,[PeopleData_id:4]
6427041,902,0:15:47,0,[PeopleData_id:4,PeopleData_data3Type]
6427041,903,0:15:49,0,[PeopleData_id4,PeopleData_data3Type]
6427041,902,0:15:50,0,[PeopleData_id:4,PeopleData_data2Type]
6427041,903,0:15:52,0,[PeopleData_id4,PeopleData_data2Type]
6427041,902,0:15:53,0,[PeopleData_id:4,PeopleData_data1Type]
6427041,903,0:15:56,0,[PeopleData_id4,PeopleData_data1Type]
6427041,902,0:15:57,0,[PeopleData_id:4,PeopleData_data0Type]
6427041,903,0:15:58,0,[PeopleData_id4,PeopleData_data0Type]
6427041,901,0:15:59,0,[PeopleData_id:4]
6427041,904,0:15:59,0,[PeopleData_id:4]
6427041,905,0:15:59,0,[PeopleData_id:4,RankTypes_id:-1,RankTypes_id:0]
6427041,906,0:15:59,0,[]
6427041,907,0:16:1,0,[]
6427041,908,0:16:1,0,[InvitationData_id:6,PeopleData_id:0,RankTypes_id:4]
6427041,909,0:16:7,0,[InvitationData_id:6,PeopleData_id:0,RankTypes_id:4,1]
6427041,910,0:16:9,0,[InvitationData_id:6,9,false]
6427041,908,0:16:9,0,[InvitationData_id:0,PeopleData_id:0,RankTypes_id:4]
6427041,909,0:16:13,0,[InvitationData_id:0,PeopleData_id:0,RankTypes_id:4,1]
6427041,910,0:16:14,0,[InvitationData_id:0,9,false]
6427041,908,0:16:14,0,[InvitationData_id:3,PeopleData_id:3,RankTypes_id:4]
6427041,909,0:16:19,0,[InvitationData_id:3,PeopleData_id:3,RankTypes_id:4,1]
6427041,910,0:16:20,0,[InvitationData_id:3,9,false]
6427041,908,0:16:20,0,[InvitationData_id:8,PeopleData_id:0,RankTypes_id:4]
6427041,909,0:16:23,0,[InvitationData_id:8,PeopleData_id:0,RankTypes_id:4,1]
6427041,910,0:16:23,0,[InvitationData_id:8,9,false]
6427041,908,0:16:23,0,[InvitationData_id:1,PeopleData_id:0,RankTypes_id:4]
6427041,909,0:16:26,0,[InvitationData_id:1,PeopleData_id:0,RankTypes_id:4,1]
6427041,910,0:16:27,0,[InvitationData_id:1,9,false]
6427041,911,0:16:29,0,[45,0,0,0]
6427041,1005,0:16:29,0,[2,0,3]
6427041,1001,0:16:30,0,[]
6427041,1003,0:16:30,2
6427041,1004,0:16:31,0
6427041,1002,0:16:35,0
6427041,1003,0:16:35,2
6427041,1004,0:16:38,0
6427041,900,0:16:41,0,[]
6427041,901,0:16:42,0,[PeopleData_id:4]
6427041,902,0:16:43,0,[PeopleData_id:4,PeopleData_data3Type]
6427041,903,0:16:45,0,[PeopleData_id4,PeopleData_data3Type]
6427041,902,0:16:46,0,[PeopleData_id:4,PeopleData_data2Type]
6427041,903,0:16:47,0,[PeopleData_id4,PeopleData_data2Type]
6427041,902,0:16:48,0,[PeopleData_id:4,PeopleData_data1Type]
6427041,903,0:16:49,0,[PeopleData_id4,PeopleData_data1Type]
6427041,902,0:16:50,0,[PeopleData_id:4,PeopleData_data0Type]
6427041,903,0:16:51,0,[PeopleData_id4,PeopleData_data0Type]
6427041,901,0:16:51,0,[PeopleData_id:4]
6427041,904,0:16:51,0,[PeopleData_id:4]
6427041,905,0:16:52,0,[PeopleData_id:4,RankTypes_id:-1,RankTypes_id:0]
6427041,901,0:16:53,0,[PeopleData_id:1]
6427041,902,0:16:54,0,[PeopleData_id:1,PeopleData_data3Type]
6427041,903,0:16:56,0,[PeopleData_id1,PeopleData_data3Type]
6427041,902,0:16:57,0,[PeopleData_id:1,PeopleData_data2Type]
6427041,903,0:16:58,0,[PeopleData_id1,PeopleData_data2Type]
6427041,902,0:16:59,0,[PeopleData_id:1,PeopleData_data1Type]
6427041,903,0:17:1,0,[PeopleData_id1,PeopleData_data1Type]
6427041,902,0:17:1,0,[PeopleData_id:1,PeopleData_data0Type]
6427041,903,0:17:2,0,[PeopleData_id1,PeopleData_data0Type]
6427041,901,0:17:3,0,[PeopleData_id:1]
6427041,904,0:17:3,0,[PeopleData_id:1]
6427041,905,0:17:3,0,[PeopleData_id:1,RankTypes_id:-1,RankTypes_id:0]
6427041,901,0:17:4,0,[PeopleData_id:2]
6427041,902,0:17:6,0,[PeopleData_id:2,PeopleData_data3Type]
6427041,903,0:17:9,0,[PeopleData_id2,PeopleData_data3Type]
6427041,902,0:17:10,0,[PeopleData_id:2,PeopleData_data2Type]
6427041,903,0:17:12,0,[PeopleData_id2,PeopleData_data2Type]
6427041,902,0:17:13,0,[PeopleData_id:2,PeopleData_data2Type]
6427041,903,0:17:16,0,[PeopleData_id2,PeopleData_data2Type]
6427041,902,0:17:17,0,[PeopleData_id:2,PeopleData_data1Type]
6427041,903,0:17:19,0,[PeopleData_id2,PeopleData_data1Type]
6427041,902,0:17:20,0,[PeopleData_id:2,PeopleData_data0Type]
6427041,903,0:17:24,0,[PeopleData_id2,PeopleData_data0Type]
6427041,901,0:17:25,0,[PeopleData_id:2]
6427041,904,0:17:25,0,[PeopleData_id:2]
6427041,905,0:17:25,0,[PeopleData_id:2,RankTypes_id:-1,RankTypes_id:0]
6427041,901,0:17:27,0,[PeopleData_id:0]
6427041,904,0:17:27,0,[PeopleData_id:0]
6427041,902,0:17:28,0,[PeopleData_id:0,PeopleData_data3Type]
6427041,903,0:17:30,0,[PeopleData_id0,PeopleData_data3Type]
6427041,902,0:17:31,0,[PeopleData_id:0,PeopleData_data2Type]
6427041,903,0:17:32,0,[PeopleData_id0,PeopleData_data2Type]
6427041,902,0:17:33,0,[PeopleData_id:0,PeopleData_data1Type]
6427041,903,0:17:35,0,[PeopleData_id0,PeopleData_data1Type]
6427041,902,0:17:36,0,[PeopleData_id:0,PeopleData_data0Type]
6427041,903,0:17:37,0,[PeopleData_id0,PeopleData_data0Type]
6427041,901,0:17:37,0,[PeopleData_id:0]
6427041,904,0:17:38,0,[PeopleData_id:0]
6427041,905,0:17:38,0,[PeopleData_id:0,RankTypes_id:-1,RankTypes_id:4]
6427041,901,0:17:39,0,[PeopleData_id:3]
6427041,902,0:17:40,0,[PeopleData_id:3,PeopleData_data2Type]
6427041,903,0:17:43,0,[PeopleData_id3,PeopleData_data2Type]
6427041,902,0:17:43,0,[PeopleData_id:3,PeopleData_data1Type]
6427041,903,0:17:45,0,[PeopleData_id3,PeopleData_data1Type]
6427041,902,0:17:46,0,[PeopleData_id:3,PeopleData_data0Type]
6427041,903,0:17:47,0,[PeopleData_id3,PeopleData_data0Type]
6427041,901,0:17:48,0,[PeopleData_id:3]
6427041,904,0:17:48,0,[PeopleData_id:3]
6427041,905,0:17:49,0,[PeopleData_id:3,RankTypes_id:-1,RankTypes_id:4]
6427041,906,0:17:49,0,[]
6427041,907,0:17:50,0,[]
6427041,908,0:17:50,0,[InvitationData_id:0,PeopleData_id:0,RankTypes_id:4]
6427041,909,0:17:53,0,[InvitationData_id:0,PeopleData_id:0,RankTypes_id:4,1]
6427041,910,0:17:54,0,[InvitationData_id:0,9,false]
6427041,908,0:17:54,0,[InvitationData_id:8,PeopleData_id:0,RankTypes_id:4]
6427041,909,0:17:57,0,[InvitationData_id:8,PeopleData_id:0,RankTypes_id:4,1]
6427041,910,0:17:58,0,[InvitationData_id:8,9,false]
6427041,908,0:17:58,0,[InvitationData_id:1,PeopleData_id:0,RankTypes_id:4]
6427041,909,0:18:4,0,[InvitationData_id:1,PeopleData_id:0,RankTypes_id:4,0]
6427041,910,0:18:5,0,[InvitationData_id:1,-11,false]
6427041,908,0:18:5,0,[InvitationData_id:6,PeopleData_id:0,RankTypes_id:4]
6427041,909,0:18:8,0,[InvitationData_id:6,PeopleData_id:0,RankTypes_id:4,1]
6427041,910,0:18:10,0,[InvitationData_id:6,9,false]
6427041,908,0:18:10,0,[InvitationData_id:3,PeopleData_id:3,RankTypes_id:4]
6427041,909,0:18:13,0,[InvitationData_id:3,PeopleData_id:3,RankTypes_id:4,1]
6427041,910,0:18:14,0,[InvitationData_id:3,9,false]
6427041,911,0:18:15,0,[25,0,1,0]
6427041,1000,0:18:16,0,[]
6427041,900,0:18:17,0,[]
6427041,901,0:18:21,0,[PeopleData_id:0]
6427041,904,0:18:21,0,[PeopleData_id:0]
6427041,902,0:18:22,0,[PeopleData_id:0,PeopleData_data3Type]
6427041,903,0:18:28,0,[PeopleData_id0,PeopleData_data3Type]
6427041,902,0:18:29,0,[PeopleData_id:0,PeopleData_data2Type]
6427041,902,0:18:29,0,[PeopleData_id:0,PeopleData_data2Type]
6427041,903,0:18:31,0,[PeopleData_id0,PeopleData_data2Type]
6427041,902,0:18:32,0,[PeopleData_id:0,PeopleData_data1Type]
6427041,903,0:18:34,0,[PeopleData_id0,PeopleData_data1Type]
6427041,902,0:18:35,0,[PeopleData_id:0,PeopleData_data0Type]
6427041,903,0:18:36,0,[PeopleData_id0,PeopleData_data0Type]
6427041,901,0:18:36,0,[PeopleData_id:0]
6427041,904,0:18:37,0,[PeopleData_id:0]
6427041,905,0:18:37,0,[PeopleData_id:0,RankTypes_id:-1,RankTypes_id:4]
6427041,901,0:18:38,0,[PeopleData_id:2]
6427041,904,0:18:38,0,[PeopleData_id:2]
6427041,902,0:18:39,0,[PeopleData_id:2,PeopleData_data3Type]
6427041,903,0:18:41,0,[PeopleData_id2,PeopleData_data3Type]
6427041,902,0:18:42,0,[PeopleData_id:2,PeopleData_data2Type]
6427041,903,0:18:43,0,[PeopleData_id2,PeopleData_data2Type]
6427041,902,0:18:44,0,[PeopleData_id:2,PeopleData_data1Type]
6427041,903,0:18:45,0,[PeopleData_id2,PeopleData_data1Type]
6427041,901,0:18:47,0,[PeopleData_id:2]
6427041,904,0:18:47,0,[PeopleData_id:2]
6427041,905,0:18:47,0,[PeopleData_id:2,RankTypes_id:-1,RankTypes_id:0]
6427041,901,0:18:48,0,[PeopleData_id:1]
6427041,902,0:18:49,0,[PeopleData_id:1,PeopleData_data3Type]
6427041,903,0:18:51,0,[PeopleData_id1,PeopleData_data3Type]
6427041,902,0:18:52,0,[PeopleData_id:1,PeopleData_data2Type]
6427041,903,0:18:55,0,[PeopleData_id1,PeopleData_data2Type]
6427041,902,0:18:56,0,[PeopleData_id:1,PeopleData_data1Type]
6427041,903,0:18:59,0,[PeopleData_id1,PeopleData_data1Type]
6427041,902,0:19:0,0,[PeopleData_id:1,PeopleData_data0Type]
6427041,903,0:19:1,0,[PeopleData_id1,PeopleData_data0Type]
6427041,901,0:19:1,0,[PeopleData_id:1]
6427041,904,0:19:1,0,[PeopleData_id:1]
6427041,905,0:19:2,0,[PeopleData_id:1,RankTypes_id:-1,RankTypes_id:0]
6427041,901,0:19:3,0,[PeopleData_id:3]
6427041,902,0:19:4,0,[PeopleData_id:3,PeopleData_data2Type]
6427041,903,0:19:5,0,[PeopleData_id3,PeopleData_data2Type]
6427041,902,0:19:6,0,[PeopleData_id:3,PeopleData_data1Type]
6427041,903,0:19:7,0,[PeopleData_id3,PeopleData_data1Type]
6427041,902,0:19:8,0,[PeopleData_id:3,PeopleData_data0Type]
6427041,903,0:19:9,0,[PeopleData_id3,PeopleData_data0Type]
6427041,901,0:19:9,0,[PeopleData_id:3]
6427041,904,0:19:9,0,[PeopleData_id:3]
6427041,905,0:19:10,0,[PeopleData_id:3,RankTypes_id:-1,RankTypes_id:4]
6427041,901,0:19:10,0,[PeopleData_id:4]
6427041,902,0:19:11,0,[PeopleData_id:4,PeopleData_data3Type]
6427041,903,0:19:13,0,[PeopleData_id4,PeopleData_data3Type]
6427041,902,0:19:14,0,[PeopleData_id:4,PeopleData_data2Type]
6427041,903,0:19:14,0,[PeopleData_id4,PeopleData_data2Type]
6427041,901,0:19:15,0,[PeopleData_id:4]
6427041,904,0:19:15,0,[PeopleData_id:4]
6427041,905,0:19:16,0,[PeopleData_id:4,RankTypes_id:-1,RankTypes_id:0]
6427041,906,0:19:16,0,[]
6427041,907,0:19:17,0,[]
6427041,908,0:19:17,0,[InvitationData_id:6,PeopleData_id:0,RankTypes_id:4]
6427041,909,0:19:21,0,[InvitationData_id:6,PeopleData_id:0,RankTypes_id:4,1]
6427041,910,0:19:22,0,[InvitationData_id:6,9,false]
6427041,908,0:19:22,0,[InvitationData_id:8,PeopleData_id:0,RankTypes_id:4]
6427041,909,0:19:25,0,[InvitationData_id:8,PeopleData_id:0,RankTypes_id:4,1]
6427041,910,0:19:27,0,[InvitationData_id:8,9,false]
6427041,908,0:19:27,0,[InvitationData_id:1,PeopleData_id:0,RankTypes_id:4]
6427041,909,0:19:32,0,[InvitationData_id:1,PeopleData_id:0,RankTypes_id:4,0]
6427041,910,0:19:33,0,[InvitationData_id:1,-11,false]
6427041,908,0:19:33,0,[InvitationData_id:0,PeopleData_id:0,RankTypes_id:4]
6427041,909,0:19:36,0,[InvitationData_id:0,PeopleData_id:0,RankTypes_id:4,1]
6427041,910,0:19:37,0,[InvitationData_id:0,9,false]
6427041,908,0:19:37,0,[InvitationData_id:3,PeopleData_id:3,RankTypes_id:4]
6427041,909,0:19:40,0,[InvitationData_id:3,PeopleData_id:3,RankTypes_id:4,1]
6427041,910,0:19:41,0,[InvitationData_id:3,9,false]
6427041,911,0:19:43,0,[25,0,1,0]
6427041,1001,0:19:45,0,[]
6427041,1003,0:19:45,2
6427041,210,0:19:52,1420,258
6427041,207,0:19:52,0,-400,-518.45
6427041,211,0:19:54,1369,582
6427041,212,0:19:55,1
6427041,210,0:19:56,1342,466
6427041,211,0:19:59,613,143
6427041,213,0:19:59,0,s_atwoodPoster_gen,true
6427041,210,0:20:2,827,446
6427041,211,0:20:2,903,634
6427041,210,0:20:2,861,551
6427041,211,0:20:3,915,586
6427041,212,0:20:4,0
6427041,210,0:20:5,853,507
6427041,211,0:20:6,887,450
6427041,210,0:20:9,1025,523
6427041,211,0:20:9,1053,523
6427041,221,0:20:17,0
6427041,300,0:20:20
6427041,220,0:20:20,0
6427041,221,0:20:27,0
6427041,220,0:20:32,0
6427041,210,0:20:33,987,495
6427041,211,0:20:33,972,484
6427041,212,0:20:35,2
6427041,210,0:20:35,1004,519
6427041,211,0:20:36,817,331
6427041,213,0:20:36,0,c_teacherEng_G7a0,true
6427041,205,0:20:36,0,c_teacherEng_G7a0,false,false
6427041,210,0:20:40,896,527
6427041,211,0:20:41,979,522
6427041,213,0:20:41,0,c_bestFriend_F_a_G7a0,true
6427041,205,0:20:41,0,c_bestFriend_F_a_G7a0,false,false
6427041,210,0:20:45,885,554
6427041,207,0:20:47,0,-200,-515
6427041,207,0:20:48,0,-515,-518.45
6427041,211,0:20:48,1470,548
6427041,213,0:20:48,0,c_friend1_F_a_G7a0,true
6427041,212,0:21:4,1
6427041,212,0:21:6,2
6427041,210,0:21:6,1470,486
6427041,211,0:21:7,1461,511
6427041,213,0:21:7,0,c_friend1_F_a_G7a0,true
6427041,210,0:21:12,1334,479
6427041,211,0:21:14,983,530
6427041,213,0:21:14,0,c_bestFriend_F_a_G7a0,true
6427041,205,0:21:14,0,c_bestFriend_F_a_G7a0,false,true
6427041,210,0:21:18,950,506
6427041,211,0:21:18,834,382
6427041,213,0:21:18,0,c_teacherEng_G7a0,true
6427041,205,0:21:18,0,c_teacherEng_G7a0,false,true
6427041,210,0:21:22,716,520
6427041,207,0:21:23,0,-518.45,-203.45
6427041,207,0:21:25,0,-203.45,0
6427041,207,0:21:29,0,0,-518.45
6427041,211,0:21:31,1418,693
6427041,213,0:21:31,0,c_friend1_F_a_G7a0,true
6427041,212,0:21:36,1
6427041,210,0:21:36,1335,464
6427041,211,0:21:38,1226,643
6427041,221,0:21:39,0
6427041,220,0:21:42,0
6427041,210,0:21:43,977,449
6427041,211,0:21:44,971,448
6427041,212,0:21:45,2
6427041,210,0:21:45,1339,446
6427041,211,0:21:48,1293,648
6427041,221,0:21:49,0
6427041,220,0:21:52,0
6427041,210,0:21:53,1429,545
6427041,211,0:21:54,1441,541
6427041,213,0:21:54,0,c_friend1_F_a_G7a0,true
6427041,210,0:21:58,1301,474
6427041,211,0:22:3,1223,336
6427041,213,0:22:3,0,s_doorClassroom_G7a0,true
6427041,210,0:22:5,683,591
6427041,211,0:22:6,666,591
6427041,213,0:22:6,0,s_otherStudent1_G7a0,true
6427041,221,0:22:10,0
6427041,220,0:22:15,0
6427041,212,0:22:16,1
6427041,210,0:22:17,1318,481
6427041,211,0:22:21,690,573
6427041,213,0:22:21,0,s_otherStudent1_G7a0,true
6427041,210,0:22:24,728,525
6427041,207,0:22:27,0,-518.45,-143.45
6427041,211,0:22:29,977,693
6427041,212,0:22:30,0
6427041,210,0:22:30,1157,505
6427041,211,0:22:31,1255,514
6427041,207,0:22:31,0,-143.45,-233.45
6427041,210,0:22:31,1257,511
6427041,207,0:22:32,0,-233.45,-518.45
6427041,211,0:22:37,1234,500
6427041,210,0:22:37,1224,499
6427041,211,0:22:39,1235,446
6427041,213,0:22:39,0,s_doorClassroom_G7a0,true
6427041,221,0:22:42,0
6427041,220,0:22:44,0
6427041,210,0:22:45,1002,512
6427041,211,0:22:49,666,602
6427041,213,0:22:49,0,s_otherStudent1_G7a0,true
6427041,210,0:22:52,727,550
6427041,207,0:22:53,0,-518.45,-158.45
6427041,207,0:22:55,0,-158.45,0
6427041,211,0:22:56,223,459
6427041,213,0:22:56,0,c_crewKid1_F_G7a0,true
6427041,221,0:23:9,0
6427041,300,0:23:12
6427041,220,0:23:12,0
6427041,210,0:23:19,1274,395
6427041,211,0:23:19,1354,345
6427041,207,0:23:19,0,-200,-335
6427041,210,0:23:19,1417,280
6427041,211,0:23:20,1507,280
6427041,207,0:23:20,0,-335,-485
6427041,207,0:23:21,0,-485,-518.45
6427041,210,0:23:21,1541,275
6427041,211,0:23:21,1541,275
6427041,204,0:23:24,0
6427041,1003,0:23:31,2
6427041,1003,0:23:38,1
6427041,1004,0:23:39,0
6427041,800,0:23:41,0,[]
6427041,801,0:23:42,0,[]
6427041,814,0:23:44,0,[0]
6427041,815,0:23:44,0,0,OpportunityCardData_id:0
6427041,816,0:23:47,0,0,OpportunityCardData_id:0
6427041,805,0:23:50,0,[OpportunityCardData_id:0]
6427041,807,0:23:52,0,[OpportunityCardData_id:0]
6427041,808,0:23:56,0,[OpportunityCardData_id:0]
6427041,809,0:24:3,0,[OpportunityCardData_id:0,Safe,false]
6427041,810,0:24:5,0,[OpportunityCardData_id:0,PriorityData_type:0,15,Safe,Safe]
6427041,814,0:24:8,0,[1]
6427041,815,0:24:8,0,1,OpportunityCardData_id:7
6427041,816,0:24:9,0,1,OpportunityCardData_id:7
6427041,805,0:24:11,0,[OpportunityCardData_id:7]
6427041,807,0:24:12,0,[OpportunityCardData_id:7]
6427041,808,0:24:14,0,[OpportunityCardData_id:7]
6427041,809,0:24:23,0,[OpportunityCardData_id:7,PriorityData_type:2,false]
6427041,810,0:24:25,0,[OpportunityCardData_id:7,PriorityData_type:1,20,PriorityData_type:2,25]
6427041,814,0:24:29,0,[2]
6427041,815,0:24:29,0,2,OpportunityCardData_id:13
6427041,816,0:24:30,0,2,OpportunityCardData_id:13
6427041,805,0:24:33,0,[OpportunityCardData_id:13]
6427041,807,0:24:34,0,[OpportunityCardData_id:13]
6427041,808,0:24:38,0,[OpportunityCardData_id:13]
6427041,809,0:24:44,0,[OpportunityCardData_id:13,PriorityData_type:1,false]
6427041,810,0:24:52,0,[OpportunityCardData_id:13,PriorityData_type:2,15,PriorityData_type:1,15]
6427041,814,0:24:54,0,[3]
6427041,815,0:24:54,0,3,OpportunityCardData_id:19
6427041,816,0:24:55,0,3,OpportunityCardData_id:19
6427041,805,0:24:57,0,[OpportunityCardData_id:19]
6427041,807,0:25:0,0,[OpportunityCardData_id:19]
6427041,808,0:25:3,0,[OpportunityCardData_id:19]
6427041,809,0:25:9,0,[OpportunityCardData_id:19,PriorityData_type:0,false]
6427041,810,0:25:10,0,[OpportunityCardData_id:19,PriorityData_type:3,15,PriorityData_type:0,35]
6427041,814,0:25:13,0,[4]
6427041,815,0:25:13,0,4,OpportunityCardData_id:22
6427041,816,0:25:14,0,4,OpportunityCardData_id:22
6427041,805,0:25:15,0,[OpportunityCardData_id:22]
6427041,807,0:25:17,0,[OpportunityCardData_id:22]
6427041,808,0:25:19,0,[OpportunityCardData_id:22]
6427041,809,0:25:24,0,[OpportunityCardData_id:22,Safe,false]
6427041,810,0:25:25,0,[OpportunityCardData_id:22,PriorityData_type:4,15,Safe,Safe]
6427041,814,0:25:28,0,[5]
6427041,815,0:25:28,0,5,OpportunityCardData_id:32
6427041,816,0:25:28,0,5,OpportunityCardData_id:32
6427041,805,0:25:29,0,[OpportunityCardData_id:32]
6427041,807,0:25:31,0,[OpportunityCardData_id:32]
6427041,808,0:25:33,0,[OpportunityCardData_id:32]
6427041,809,0:25:42,0,[OpportunityCardData_id:32,Safe,false]
6427041,810,0:25:44,0,[OpportunityCardData_id:32,PriorityData_type:5,20,Safe,Safe]
6427041,814,0:25:47,0,[0]
6427041,815,0:25:47,0,0,OpportunityCardData_id:1
6427041,816,0:25:48,0,0,OpportunityCardData_id:1
6427041,805,0:25:49,0,[OpportunityCardData_id:1]
6427041,807,0:25:52,0,[OpportunityCardData_id:1]
6427041,808,0:25:54,0,[OpportunityCardData_id:1]
6427041,809,0:25:59,0,[OpportunityCardData_id:1,PriorityData_type:3,false]
6427041,810,0:26:0,0,[OpportunityCardData_id:1,PriorityData_type:0,15,PriorityData_type:3,5]
6427041,1002,0:26:4,0
6427041,1003,0:26:4,1
6427041,1003,0:26:7,0
6427041,1004,0:26:9,0
6427041,400,0:26:12,0,[]
6427041,401,0:26:23,0,[StatementsData_logId:0]
6427041,403,0:26:30,0,[StatementsData_logId:0,true]
6427041,405,0:26:32,0,[StatementsData_logId:0]
6427041,406,0:26:36,0,[StatementsData_logId:0,2]
6427041,407,0:26:37,0,[StatementsData_logId:0,FactCardData_id:7]
6427041,407,0:26:37,0,[StatementsData_logId:0,FactCardData_id:6]
6427041,407,0:26:37,0,[StatementsData_logId:0,FactCardData_id:3]
6427041,407,0:26:37,0,[StatementsData_logId:0,FactCardData_id:4]
6427041,407,0:26:37,0,[StatementsData_logId:0,FactCardData_id:0]
6427041,407,0:26:37,0,[StatementsData_logId:0,FactCardData_id:5]
6427041,407,0:26:43,0,[StatementsData_logId:0,FactCardData_id:6]
6427041,407,0:26:43,0,[StatementsData_logId:0,FactCardData_id:6]
6427041,408,0:26:45,0,[StatementsData_logId:0,FactCardData_id:6,true]
6427041,409,0:26:45,0,[StatementsData_logId:0]
6427041,410,0:26:48,0,[StatementsData_logId:0,2]
6427041,412,0:26:53,0,[StatementsData_logId:0]
6427041,413,0:27:0,0,[StatementsData_logId:0,DuelResponsesData_logId:0]
6427041,414,0:27:4,0,[StatementsData_logId:0,DuelResponsesData_logId:0]
6427041,415,0:27:21,0,[StatementsData_logId:0,DuelResponsesData_logId:0,DuelResponsesData_ok_player_response]
6427041,416,0:27:22,0,[StatementsData_logId:0,DuelResponsesData_logId:0]
6427041,417,0:27:26,0,[StatementsData_logId:0,DuelResponsesData_logId:0]
6427041,413,0:27:31,0,[StatementsData_logId:0,DuelResponsesData_logId:1]
6427041,414,0:27:35,0,[StatementsData_logId:0,DuelResponsesData_logId:1]
6427041,415,0:27:54,0,[StatementsData_logId:0,DuelResponsesData_logId:1,DuelResponsesData_witty_player_response]
6427041,416,0:27:54,0,[StatementsData_logId:0,DuelResponsesData_logId:1]
6427041,417,0:27:58,0,[StatementsData_logId:0,DuelResponsesData_logId:1]
6427041,413,0:28:8,0,[StatementsData_logId:0,DuelResponsesData_logId:2]
6427041,414,0:28:11,0,[StatementsData_logId:0,DuelResponsesData_logId:2]
6427041,415,0:28:27,0,[StatementsData_logId:0,DuelResponsesData_logId:2,DuelResponsesData_ok_player_response]
6427041,416,0:28:28,0,[StatementsData_logId:0,DuelResponsesData_logId:2]
6427041,417,0:28:31,0,[StatementsData_logId:0,DuelResponsesData_logId:2]
6427041,418,0:28:31,0,[StatementsData_logId:0,true]
6427041,419,0:28:33,0,[StatementsData_logId:0,4]
6427041,411,0:28:35,0,[StatementsData_logId:0]
6427041,401,0:28:36,0,[StatementsData_logId:1]
6427041,402,0:28:42,0,[StatementsData_logId:1,true]
6427041,405,0:28:44,0,[StatementsData_logId:1]
6427041,406,0:28:45,0,[StatementsData_logId:1,2]
6427041,411,0:28:46,0,[StatementsData_logId:1]
6427041,401,0:28:55,0,[StatementsData_logId:2]
6427041,402,0:28:56,0,[StatementsData_logId:2,false]
6427041,405,0:28:58,0,[StatementsData_logId:2]
6427041,406,0:28:59,0,[StatementsData_logId:2,-2]
6427041,411,0:29:2,0,[StatementsData_logId:2]
6427041,401,0:29:2,0,[StatementsData_logId:3]
6427041,404,0:29:10,0,[StatementsData_logId:3,false]
6427041,405,0:29:11,0,[StatementsData_logId:3]
6427041,406,0:29:14,0,[StatementsData_logId:3,-2]
6427041,411,0:29:15,0,[StatementsData_logId:3]
6427041,401,0:29:19,0,[StatementsData_logId:4]
6427041,402,0:29:20,0,[StatementsData_logId:4,true]
6427041,405,0:29:21,0,[StatementsData_logId:4]
6427041,406,0:29:27,0,[StatementsData_logId:4,2]
6427041,411,0:29:28,0,[StatementsData_logId:4]
6427041,401,0:29:36,0,[StatementsData_logId:5]
6427041,402,0:29:36,0,[StatementsData_logId:5,false]
6427041,405,0:29:37,0,[StatementsData_logId:5]
6427041,406,0:29:38,0,[StatementsData_logId:5,-2]
6427041,411,0:29:39,0,[StatementsData_logId:5]
6427041,420,0:29:39,0,[38]
6427041,1005,0:29:39,0,[0,0,1]
6427041,1001,0:29:40,0,[]
6427041,1003,0:29:40,0
6427041,100,0:29:47,0
6427041,102,0:29:48,0
6427041,200,0:29:48,0,1,0,3,0,6
6427041,210,0:29:56,774,389
6427041,211,0:29:58,706,578
6427041,213,0:29:58,0,s_otherStudent1_G7a1N,true
6427041,212,0:30:1,2
6427041,204,0:30:3,0
6427041,100,0:30:17,0
6427041,102,0:30:20,0
6427041,200,0:30:20,0,1,0,3,0,6
6427041,221,0:30:32,0
6427041,220,0:30:34,0
6427041,210,0:30:38,1001,525
6427041,211,0:30:40,649,601
6427041,213,0:30:40,0,s_otherStudent1_G7a0,true
6427041,210,0:30:43,714,492
6427041,211,0:30:45,796,502
6427041,210,0:30:45,1065,418
6427041,207,0:30:49,0,-200,-518.45
6427041,211,0:30:50,1491,290
6427041,212,0:30:51,1
6427041,210,0:30:51,1489,373
6427041,211,0:30:54,1376,382
6427041,210,0:30:56,1473,513
6427041,211,0:30:59,1229,413
6427041,213,0:30:59,0,s_doorClassroom_G7a0,true
6427041,210,0:31:3,1002,547
6427041,211,0:31:8,608,137
6427041,213,0:31:8,0,s_atwoodPoster_gen,true
6427041,221,0:31:13,0
6427041,220,0:31:16,0
6427041,210,0:31:17,964,494
6427041,207,0:31:20,0,-518.45,-383.45
6427041,211,0:31:21,616,125
6427041,213,0:31:21,0,s_atwoodPoster_gen,true
6427041,210,0:31:30,1215,471
6427041,211,0:31:30,1334,465
6427041,210,0:31:31,545,262
6427041,207,0:31:31,0,-383.45,-353.45
6427041,207,0:31:33,0,-353.45,-128.45
6427041,211,0:31:34,260,107
6427041,213,0:31:34,0,s_flag_gen,false
6427041,1003,0:31:43,1
6427041,1004,0:31:44,0
6427041,800,0:31:48,0,[]
6427041,801,0:31:49,0,[]
6427041,814,0:31:53,0,[2]
6427041,815,0:31:53,0,2,OpportunityCardData_id:13
6427041,816,0:31:54,0,2,OpportunityCardData_id:13
6427041,805,0:31:55,0,[OpportunityCardData_id:13]
6427041,807,0:31:56,0,[OpportunityCardData_id:13]
6427041,808,0:31:58,0,[OpportunityCardData_id:13]
6427041,809,0:32:2,0,[OpportunityCardData_id:13,Safe,false]
6427041,810,0:32:3,0,[OpportunityCardData_id:13,PriorityData_type:2,15,Safe,Safe]
6427041,814,0:32:7,0,[4]
6427041,815,0:32:7,0,4,OpportunityCardData_id:22
6427041,816,0:32:8,0,4,OpportunityCardData_id:22
6427041,805,0:32:10,0,[OpportunityCardData_id:22]
6427041,807,0:32:10,0,[OpportunityCardData_id:22]
6427041,808,0:32:12,0,[OpportunityCardData_id:22]
6427041,809,0:32:18,0,[OpportunityCardData_id:22,PriorityData_type:2,false]
6427041,810,0:32:19,0,[OpportunityCardData_id:22,PriorityData_type:4,15,PriorityData_type:2,15]
6427041,814,0:32:22,0,[2]
6427041,815,0:32:22,0,2,OpportunityCardData_id:14
6427041,816,0:32:23,0,2,OpportunityCardData_id:14
6427041,805,0:32:24,0,[OpportunityCardData_id:14]
6427041,807,0:32:25,0,[OpportunityCardData_id:14]
6427041,808,0:32:27,0,[OpportunityCardData_id:14]
6427041,809,0:32:31,0,[OpportunityCardData_id:14,PriorityData_type:4,false]
6427041,1002,0:32:34,0
6427041,1003,0:32:34,1
6427041,221,0:32:44,0
6427041,220,0:32:47,0
6427041,207,0:32:48,0,-200,-215
6427041,210,0:32:48,1131,568
6427041,207,0:32:49,0,-215,-320
6427041,207,0:32:50,0,-320,-518.45
6427041,211,0:32:52,1415,583
6427041,212,0:32:52,0
6427041,210,0:32:53,1461,526
6427041,211,0:32:54,1238,376
6427041,213,0:32:54,0,s_doorClassroom_G7a0,true
6427041,210,0:32:58,1490,290
6427041,211,0:33:1,1245,671
6427041,221,0:33:2,0
6427041,220,0:33:8,0
6427041,212,0:33:9,2
6427041,210,0:33:10,1376,505
6427041,211,0:33:15,818,369
6427041,213,0:33:15,0,c_teacherEng_G7a0,true
6427041,205,0:33:15,0,c_teacherEng_G7a0,false,true
6427041,221,0:33:19,0
6427041,220,0:33:21,0
6427041,210,0:33:22,740,564
6427041,211,0:33:23,445,466
6427041,207,0:33:23,0,-518.45,-428.45
6427041,210,0:33:24,438,364
6427041,207,0:33:24,0,-428.45,-368.45
6427041,207,0:33:27,0,-368.45,-83.45
6427041,207,0:33:28,0,-83.45,0
6427041,211,0:33:33,1033,549
6427041,207,0:33:33,0,0,-30
6427041,210,0:33:34,1112,541
6427041,207,0:33:35,0,-30,-518.45
6427041,211,0:33:35,1498,563
6427041,204,0:33:36,0
6427041,100,0:33:39,0
6427041,102,0:33:40,0
6427041,200,0:33:40,0,1,0,3,0,6
6427041,219,0:34:10,0
6427041,218,0:34:12,0
6427041,210,0:34:13,1254,131
6427041,211,0:34:13,1254,131
6427041,207,0:34:13,0,-200,-260
6427041,210,0:34:15,433,151
6427041,207,0:34:17,0,-260,-5
6427041,211,0:34:21,615,255
6427041,210,0:34:22,684,243
6427041,207,0:34:23,0,-5,-305
6427041,207,0:34:26,0,-305,-518.45
6427041,211,0:34:27,1534,36
6427041,210,0:34:27,1501,439
6427041,207,0:34:40,0,-518.45,-353.45
6427041,211,0:34:41,1386,640
6427041,207,0:34:41,0,-353.45,-383.45
6427041,210,0:34:41,1453,564
6427041,207,0:34:41,0,-383.45,-518.45
6427041,211,0:34:42,1447,544
6427041,213,0:34:42,0,c_friend1_F_a_G7a0,true
6427041,221,0:34:55,0
6427041,220,0:34:57,0
6427041,212,0:34:59,1
6427041,210,0:35:0,1444,520
6427041,211,0:35:1,1511,301
6427041,210,0:35:2,1480,281
6427041,211,0:35:5,1230,156
6427041,213,0:35:5,0,s_clock_G7a0,true
6427041,210,0:35:12,1196,257
6427041,207,0:35:15,0,-518.45,-203.45
6427041,211,0:35:16,616,131
6427041,213,0:35:16,0,s_atwoodPoster_gen,true
6427041,221,0:35:20,0
6427041,300,0:35:23
6427041,220,0:35:23,0
6427041,204,0:35:42,0
6427041,1003,0:35:49,3
6427041,103,0:36:4
6427041,105,0:36:8
6427041,703,0:36:11,[|| EpilogueItem ID: 0 unlocked: false ||,|| EpilogueItem ID: 1 unlocked: false ||,|| EpilogueItem ID: 2 unlocked: false ||,|| EpilogueItem ID: 3 unlocked: false ||,|| EpilogueItem ID: 4 unlocked: false ||,|| EpilogueItem ID: 5 unlocked: false ||,|| EpilogueItem ID: 6 unlocked: false ||,|| EpilogueItem ID: 7 unlocked: false ||,|| EpilogueItem ID: 8 unlocked: false ||,|| EpilogueItem ID: 9 unlocked: false ||,|| EpilogueItem ID: 10 unlocked: false ||,|| EpilogueItem ID: 11 unlocked: false ||,|| EpilogueItem ID: 12 unlocked: false ||,|| EpilogueItem ID: 13 unlocked: false ||,|| EpilogueItem ID: 14 unlocked: false ||,|| EpilogueItem ID: 15 unlocked: false ||,|| EpilogueItem ID: 16 unlocked: false ||,|| EpilogueItem ID: 17 unlocked: false ||,|| EpilogueItem ID: 18 unlocked: false ||,|| EpilogueItem ID: 19 unlocked: false ||,|| EpilogueItem ID: 20 unlocked: false ||,|| EpilogueItem ID: 21 unlocked: false ||,|| EpilogueItem ID: 22 unlocked: false ||,|| EpilogueItem ID: 23 unlocked: false ||,|| EpilogueItem ID: 24 unlocked: false ||],0
6427041,706,0:36:16,(x=184, y=-100, w=1024, h=768),(x=192, y=-100, w=1024, h=768)
6427041,706,0:36:21,(x=418, y=-100, w=1024, h=768),(x=770, y=-100, w=1024, h=768)
6427041,706,0:36:25,(x=871, y=-100, w=1024, h=768),(x=870, y=-100, w=1024, h=768)
6427041,706,0:36:27,(x=957, y=-100, w=1024, h=768),(x=992, y=-100, w=1024, h=768)
6427041,706,0:36:30,(x=1635, y=-100, w=1024, h=768),(x=1634, y=-100, w=1024, h=768)
6427041,706,0:36:30,(x=1624, y=-100, w=1024, h=768),(x=1620, y=-100, w=1024, h=768)
6427041,706,0:36:30,(x=1626, y=-100, w=1024, h=768),(x=1626, y=-100, w=1024, h=768)
6427041,704,0:36:31,22
6427041,706,0:36:31,(x=1626, y=-100, w=1024, h=768),(x=1626, y=-100, w=1024, h=768)
6427041,705,0:36:32,22,true
6427041,706,0:36:34,(x=1206, y=-100, w=1024, h=768),(x=0, y=-100, w=1024, h=768)
6427041,706,0:36:35,(x=0, y=-100, w=1024, h=768),(x=0, y=-100, w=1024, h=768)
6427041,706,0:36:35,(x=2, y=-100, w=1024, h=768),(x=6, y=-100, w=1024, h=768)
6427041,704,0:36:35,12
6427041,706,0:36:35,(x=2, y=-100, w=1024, h=768),(x=6, y=-100, w=1024, h=768)
6427041,705,0:36:43,12,true
6427041,706,0:36:45,(x=267, y=-100, w=1024, h=768),(x=267, y=-100, w=1024, h=768)
6427041,704,0:36:45,13
6427041,706,0:36:45,(x=267, y=-100, w=1024, h=768),(x=267, y=-100, w=1024, h=768)
6427041,705,0:36:49,13,true
6427041,706,0:36:51,(x=40, y=-100, w=1024, h=768),(x=52, y=-100, w=1024, h=768)
6427041,704,0:36:51,14
6427041,706,0:36:51,(x=40, y=-100, w=1024, h=768),(x=52, y=-100, w=1024, h=768)
6427041,705,0:36:53,14,true
6427041,706,0:36:53,(x=52, y=-100, w=1024, h=768),(x=52, y=-100, w=1024, h=768)
6427041,704,0:36:54,13
6427041,706,0:36:54,(x=52, y=-100, w=1024, h=768),(x=52, y=-100, w=1024, h=768)
6427041,705,0:36:55,13,true
6427041,706,0:36:57,(x=1, y=-100, w=1024, h=768),(x=0, y=-100, w=1024, h=768)
6427041,706,0:36:58,(x=1, y=-100, w=1024, h=768),(x=0, y=-100, w=1024, h=768)
6427041,706,0:36:58,(x=0, y=-100, w=1024, h=768),(x=0, y=-100, w=1024, h=768)
6427041,706,0:36:59,(x=0, y=-100, w=1024, h=768),(x=0, y=-100, w=1024, h=768)
6427041,706,0:37:0,(x=0, y=-100, w=1024, h=768),(x=0, y=-100, w=1024, h=768)
6427041,706,0:37:1,(x=12, y=-100, w=1024, h=768),(x=51, y=-100, w=1024, h=768)
6427041,706,0:37:1,(x=0, y=-100, w=1024, h=768),(x=0, y=-100, w=1024, h=768)
6427041,706,0:37:1,(x=0, y=-100, w=1024, h=768),(x=0, y=-100, w=1024, h=768)
6427041,706,0:37:2,(x=0, y=-100, w=1024, h=768),(x=0, y=-100, w=1024, h=768)
6427041,704,0:37:3,12
6427041,706,0:37:3,(x=0, y=-100, w=1024, h=768),(x=0, y=-100, w=1024, h=768)
6427041,705,0:37:4,12,true
6427041,706,0:37:6,(x=2531, y=-100, w=1024, h=768),(x=2531, y=-100, w=1024, h=768)
6427041,708,0:37:7
6427041,1,0:37:7,3/28/2014 4:08:34pm,{"gameTime":2227016,"challengeStacks":[{"challengeScenes":[{"miniGameCards":[],"viewedAnimatic":true,"keyPoints":["c_teacherEng_G7a0","c_bestFriend_F_a_G7a0"],"unlocked":true,"touchableObjects":["c_teacherEng_G7a0","c_bestFriend_F_a_G7a0","c_friend1_F_a_G7a0","s_doorClassroom_G7a0","s_otherStudent1_G7a0","c_crewKid1_F_G7a0","s_atwoodPoster_gen","s_clock_G7a0"]},{"miniGameCards":[],"viewedAnimatic":true,"keyPoints":[],"unlocked":true,"touchableObjects":["s_otherStudent2_G7a1N","s_otherStudent1_G7a1N","c_crewKid1_F_G7a1N","s_atwoodPoster_gen"]},{"miniGameCards":[],"viewedAnimatic":false,"keyPoints":[],"unlocked":false,"touchableObjects":[]}],"stackSize":3,"resolved":false},{"challengeScenes":[{"miniGameCards":[],"viewedAnimatic":false,"keyPoints":[],"unlocked":false,"touchableObjects":[]},{"miniGameCards":[],"viewedAnimatic":false,"keyPoints":[],"unlocked":false,"touchableObjects":[]},{"miniGameCards":[],"viewedAnimatic":false,"keyPoints":[],"unlocked":false,"touchableObjects":[]},{"miniGameCards":[],"viewedAnimatic":false,"keyPoints":[],"unlocked":false,"touchableObjects":[]},{"miniGameCards":[],"viewedAnimatic":false,"keyPoints":[],"unlocked":false,"touchableObjects":[]}],"stackSize":5,"resolved":false},{"challengeScenes":[{"miniGameCards":[],"viewedAnimatic":false,"keyPoints":[],"unlocked":false,"touchableObjects":[]},{"miniGameCards":[],"viewedAnimatic":false,"keyPoints":[],"unlocked":false,"touchableObjects":[]},{"miniGameCards":[],"viewedAnimatic":false,"keyPoints":[],"unlocked":false,"touchableObjects":[]},{"miniGameCards":[],"viewedAnimatic":false,"keyPoints":[],"unlocked":false,"touchableObjects":[]},{"miniGameCards":[],"viewedAnimatic":false,"keyPoints":[],"unlocked":false,"touchableObjects":[]},{"miniGameCards":[],"viewedAnimatic":false,"keyPoints":[],"unlocked":false,"touchableObjects":[]},{"miniGameCards":[],"viewedAnimatic":false,"keyPoints":[],"unlocked":false,"touchableObjects":[]}],"stackSize":7,"resolved":false},{"challengeScenes":[{"miniGameCards":[],"viewedAnimatic":false,"keyPoints":[],"unlocked":false,"touchableObjects":[]},{"miniGameCards":[],"viewedAnimatic":false,"keyPoints":[],"unlocked":false,"touchableObjects":[]},{"miniGameCards":[],"viewedAnimatic":false,"keyPoints":[],"unlocked":false,"touchableObjects":[]},{"miniGameCards":[],"viewedAnimatic":false,"keyPoints":[],"unlocked":false,"touchableObjects":[]},{"miniGameCards":[],"viewedAnimatic":false,"keyPoints":[],"unlocked":false,"touchableObjects":[]}],"stackSize":5,"resolved":false},{"challengeScenes":[{"miniGameCards":[],"viewedAnimatic":false,"keyPoints":[],"unlocked":false,"touchableObjects":[]},{"miniGameCards":[],"viewedAnimatic":false,"keyPoints":[],"unlocked":false,"touchableObjects":[]},{"miniGameCards":[],"viewedAnimatic":false,"keyPoints":[],"unlocked":false,"touchableObjects":[]},{"miniGameCards":[],"viewedAnimatic":false,"keyPoints":[],"unlocked":false,"touchableObjects":[]},{"miniGameCards":[],"viewedAnimatic":false,"keyPoints":[],"unlocked":false,"touchableObjects":[]}],"stackSize":5,"resolved":false},{"challengeScenes":[{"miniGameCards":[],"viewedAnimatic":false,"keyPoints":[],"unlocked":false,"touchableObjects":[]},{"miniGameCards":[],"viewedAnimatic":false,"keyPoints":[],"unlocked":false,"touchableObjects":[]},{"miniGameCards":[],"viewedAnimatic":false,"keyPoints":[],"unlocked":false,"touchableObjects":[]},{"miniGameCards":[],"viewedAnimatic":false,"keyPoints":[],"unlocked":false,"touchableObjects":[]},{"miniGameCards":[],"viewedAnimatic":false,"keyPoints":[],"unlocked":false,"touchableObjects":[]}],"stackSize":5,"resolved":false},{"challengeScenes":[{"miniGameCards":[],"viewedAnimatic":false,"keyPoints":[],"unlocked":false,"touchableObjects":[]},{"miniGameCards":[],"viewedAnimatic":false,"keyPoints":[],"unlocked":false,"touchableObjects":[]},{"miniGameCards":[],"viewedAnimatic":false,"keyPoints":[],"unlocked":false,"touchableObjects":[]},{"miniGameCards":[],"viewedAnimatic":false,"keyPoints":[],"unlocked":false,"touchableObjects":[]},{"miniGameCards":[],"viewedAnimatic":false,"keyPoints":[],"unlocked":false,"touchableObjects":[]}],"stackSize":5,"resolved":false},{"challengeScenes":[{"miniGameCards":[],"viewedAnimatic":false,"keyPoints":[],"unlocked":false,"touchableObjects":[]},{"miniGameCards":[],"viewedAnimatic":false,"keyPoints":[],"unlocked":false,"touchableObjects":[]},{"miniGameCards":[],"viewedAnimatic":false,"keyPoints":[],"unlocked":false,"touchableObjects":[]},{"miniGameCards":[],"viewedAnimatic":false,"keyPoints":[],"unlocked":false,"touchableObjects":[]},{"miniGameCards":[],"viewedAnimatic":false,"keyPoints":[],"unlocked":false,"touchableObjects":[]}],"stackSize":5,"resolved":false},{"challengeScenes":[{"miniGameCards":[],"viewedAnimatic":false,"keyPoints":[],"unlocked":false,"touchableObjects":[]},{"miniGameCards":[],"viewedAnimatic":false,"keyPoints":[],"unlocked":false,"touchableObjects":[]},{"miniGameCards":[],"viewedAnimatic":false,"keyPoints":[],"unlocked":false,"touchableObjects":[]},{"miniGameCards":[],"viewedAnimatic":false,"keyPoints":[],"unlocked":false,"touchableObjects":[]},{"miniGameCards":[],"viewedAnimatic":false,"keyPoints":[],"unlocked":false,"touchableObjects":[]}],"stackSize":5,"resolved":false},{"challengeScenes":[{"miniGameCards":[],"viewedAnimatic":false,"keyPoints":[],"unlocked":false,"touchableObjects":[]},{"miniGameCards":[],"viewedAnimatic":false,"keyPoints":[],"unlocked":false,"touchableObjects":[]},{"miniGameCards":[],"viewedAnimatic":false,"keyPoints":[],"unlocked":false,"touchableObjects":[]},{"miniGameCards":[],"viewedAnimatic":false,"keyPoints":[],"unlocked":false,"touchableObjects":[]},{"miniGameCards":[],"viewedAnimatic":false,"keyPoints":[],"unlocked":false,"touchableObjects":[]}],"stackSize":5,"resolved":false},{"challengeScenes":[{"miniGameCards":[],"viewedAnimatic":false,"keyPoints":[],"unlocked":false,"touchableObjects":[]},{"miniGameCards":[],"viewedAnimatic":false,"keyPoints":[],"unlocked":false,"touchableObjects":[]},{"miniGameCards":[],"viewedAnimatic":false,"keyPoints":[],"unlocked":false,"touchableObjects":[]},{"miniGameCards":[],"viewedAnimatic":false,"keyPoints":[],"unlocked":false,"touchableObjects":[]},{"miniGameCards":[],"viewedAnimatic":false,"keyPoints":[],"unlocked":false,"touchableObjects":[]}],"stackSize":5,"resolved":false},{"challengeScenes":[{"miniGameCards":[],"viewedAnimatic":false,"keyPoints":[],"unlocked":false,"touchableObjects":[]},{"miniGameCards":[],"viewedAnimatic":false,"keyPoints":[],"unlocked":false,"touchableObjects":[]},{"miniGameCards":[],"viewedAnimatic":false,"keyPoints":[],"unlocked":false,"touchableObjects":[]},{"miniGameCards":[],"viewedAnimatic":false,"keyPoints":[],"unlocked":false,"touchableObjects":[]},{"miniGameCards":[],"viewedAnimatic":false,"keyPoints":[],"unlocked":false,"touchableObjects":[]}],"stackSize":5,"resolved":false},{"challengeScenes":[{"miniGameCards":[],"viewedAnimatic":false,"keyPoints":[],"unlocked":true,"touchableObjects":["c_education_G0a0","c_friends_G0a0"]},{"miniGameCards":[],"viewedAnimatic":false,"keyPoints":["c_family_afri_a_G0a1N","c_home_G0a1N","c_job_G0a1N"],"unlocked":true,"touchableObjects":["c_family_afri_a_G0a1N","c_home_G0a1N","c_job_G0a1N"]},{"miniGameCards":[],"viewedAnimatic":false,"keyPoints":["c_kidsister_afri_a_G0a1P","c_grandma_afri_a_G0a1P","c_Teacher_G0a1P","c_mom_afri_a_G0a1P","c_dad_afri_a_G0a1P","c_Nurse_G0a1P"],"unlocked":true,"touchableObjects":["c_kidsister_afri_a_G0a1P","c_grandma_afri_a_G0a1P","c_friends_G0a1P","c_Teacher_G0a1P","c_mom_afri_a_G0a1P","c_dad_afri_a_G0a1P","c_Nurse_G0a1P"]}],"stackSize":3,"resolved":true}],"sessionId":1,"epilogue":{"rating":0},"playerId":6427041,"session":[{"sceneId":"1P","stackId":12}],"minigames":[{"levelSaveData":[{"starRating":1,"unlocked":true},{"starRating":0,"unlocked":false},{"starRating":0,"unlocked":false},{"starRating":0,"unlocked":false},{"starRating":0,"unlocked":false},{"starRating":0,"unlocked":false},{"starRating":0,"unlocked":false},{"starRating":0,"unlocked":false},{"starRating":0,"unlocked":false},{"starRating":0,"unlocked":false}],"skillPoints":1},{"levelSaveData":[{"starRating":0,"unlocked":true},{"starRating":0,"unlocked":false},{"starRating":0,"unlocked":false},{"starRating":0,"unlocked":false},{"starRating":0,"unlocked":false},{"starRating":0,"unlocked":false},{"starRating":0,"unlocked":false},{"starRating":0,"unlocked":false},{"starRating":0,"unlocked":false},{"starRating":0,"unlocked":false}],"skillPoints":0},{"levelSaveData":[{"starRating":3,"unlocked":true},{"starRating":0,"unlocked":false},{"starRating":0,"unlocked":false},{"starRating":0,"unlocked":false},{"starRating":0,"unlocked":false},{"starRating":0,"unlocked":false},{"starRating":0,"unlocked":false},{"starRating":0,"unlocked":false},{"starRating":0,"unlocked":false},{"starRating":0,"unlocked":false}],"skillPoints":3},{"levelSaveData":[{"starRating":0,"unlocked":false},{"starRating":0,"unlocked":false},{"starRating":0,"unlocked":false},{"starRating":0,"unlocked":false},{"starRating":0,"unlocked":false},{"starRating":0,"unlocked":false},{"starRating":0,"unlocked":false},{"starRating":0,"unlocked":false},{"starRating":0,"unlocked":false},{"starRating":0,"unlocked":false}],"skillPoints":0},{"age":11,"name":"armani","gender":1,"levelSaveData":[{"starRating":3,"unlocked":true},{"starRating":3,"chunks":[["1"],["20$$funny","14$$nice"],["9$$love shoes","15$$play games ","8$$wining"],["0"]],"unlocked":true},{"starRating":0,"chunks":[[null],[null,null],[null,null]],"unlocked":false},{"starRating":0,"chunks":[[null],[null],[null],[null],[null,null],[null]],"unlocked":false},{"starRating":0,"chunks":[[null],[null],[null,null],[null],[null],[null]],"unlocked":false},{"starRating":0,"chunks":[[null],[null,null,null,null],[null],[null]],"unlocked":false},{"starRating":0,"chunks":[[null],[null],[null,null],[null,null],[null]],"unlocked":false},{"starRating":0,"chunks":[[null,null,null],[null,null,null],[null],[null],[null]],"unlocked":false},{"starRating":0,"chunks":[[null,null,null],[null,null,null],[null,null]],"unlocked":false},{"starRating":0,"chunks":[[null],[null],[null],[null],[null],[null]],"unlocked":false}],"visualAvatar":0,"id":0,"skillPoints":6}],"avatar":{"age":11,"name":"armani","gender":1,"levelSaveData":[{"starRating":3,"unlocked":true},{"starRating":3,"chunks":[["1"],["20$$funny","14$$nice"],["9$$love shoes","15$$play games ","8$$wining"],["0"]],"unlocked":true},{"starRating":0,"chunks":[[null],[null,null],[null,null]],"unlocked":false},{"starRating":0,"chunks":[[null],[null],[null],[null],[null,null],[null]],"unlocked":false},{"starRating":0,"chunks":[[null],[null],[null,null],[null],[null],[null]],"unlocked":false},{"starRating":0,"chunks":[[null],[null,null,null,null],[null],[null]],"unlocked":false},{"starRating":0,"chunks":[[null],[null],[null,null],[null,null],[null]],"unlocked":false},{"starRating":0,"chunks":[[null,null,null],[null,null,null],[null],[null],[null]],"unlocked":false},{"starRating":0,"chunks":[[null,null,null],[null,null,null],[null,null]],"unlocked":false},{"starRating":0,"chunks":[[null],[null],[null],[null],[null],[null]],"unlocked":false}],"visualAvatar":0,"id":0,"skillPoints":6}}
6427041,0,0:37:7,3/28/2014 4:10:52pm
6427041,100,0:37:22,0
6427041,102,0:37:24,0
6427041,200,0:37:24,0,1,0,3,0,6
6427041,221,0:37:43,0
6427041,220,0:37:48,0
6427041,210,0:37:50,1005,547
6427041,207,0:38:1,0,-200,0
6427041,211,0:38:2,286,134
6427041,213,0:38:2,0,s_flag_gen,false
6427041,1003,0:38:6,1
6427041,1004,0:38:7,0
6427041,800,0:38:9,0,[]
6427041,801,0:38:12,0,[]
6427041,814,0:38:13,0,[2]
6427041,815,0:38:13,0,2,OpportunityCardData_id:13
6427041,816,0:38:15,0,2,OpportunityCardData_id:13
6427041,805,0:38:17,0,[OpportunityCardData_id:13]
6427041,807,0:38:18,0,[OpportunityCardData_id:13]
6427041,808,0:38:20,0,[OpportunityCardData_id:13]
6427041,809,0:38:27,0,[OpportunityCardData_id:13,PriorityData_type:1,false]
6427041,810,0:38:30,0,[OpportunityCardData_id:13,PriorityData_type:2,15,PriorityData_type:1,15]
6427041,814,0:38:37,0,[4]
6427041,815,0:38:37,0,4,OpportunityCardData_id:22
6427041,816,0:38:38,0,4,OpportunityCardData_id:22
6427041,805,0:38:39,0,[OpportunityCardData_id:22]
6427041,807,0:38:41,0,[OpportunityCardData_id:22]
6427041,808,0:38:42,0,[OpportunityCardData_id:22]
6427041,809,0:38:50,0,[OpportunityCardData_id:22,Safe,false]
6427041,810,0:38:51,0,[OpportunityCardData_id:22,PriorityData_type:4,15,Safe,Safe]
6427041,814,0:39:16,0,[2]
6427041,815,0:39:16,0,2,OpportunityCardData_id:14
6427041,816,0:39:17,0,2,OpportunityCardData_id:14
6427041,805,0:39:20,0,[OpportunityCardData_id:14]
6427041,807,0:39:26,0,[OpportunityCardData_id:14]
6427041,808,0:39:28,0,[OpportunityCardData_id:14]
6427041,809,0:39:38,0,[OpportunityCardData_id:14,PriorityData_type:4,false]
6427041,810,0:39:52,0,[OpportunityCardData_id:14,PriorityData_type:2,15,PriorityData_type:4,10]
6427041,814,0:39:57,0,[4]
6427041,815,0:39:57,0,4,OpportunityCardData_id:26
6427041,817,0:40:0,0,4
6427041,814,0:40:4,0,[5]
6427041,815,0:40:4,0,5,OpportunityCardData_id:32
6427041,816,0:40:5,0,5,OpportunityCardData_id:32
6427041,805,0:40:6,0,[OpportunityCardData_id:32]
6427041,807,0:40:7,0,[OpportunityCardData_id:32]
6427041,808,0:40:9,0,[OpportunityCardData_id:32]
6427041,809,0:40:14,0,[OpportunityCardData_id:32,Safe,false]
6427041,810,0:40:15,0,[OpportunityCardData_id:32,PriorityData_type:5,20,Safe,Safe]
6427041,814,0:40:18,0,[4]
6427041,815,0:40:18,0,4,OpportunityCardData_id:26
6427041,815,0:40:19,0,4,OpportunityCardData_id:27
6427041,816,0:40:21,0,4,OpportunityCardData_id:27
6427041,805,0:40:24,0,[OpportunityCardData_id:27]
6427041,807,0:40:25,0,[OpportunityCardData_id:27]
6427041,808,0:40:29,0,[OpportunityCardData_id:27]
6427041,809,0:40:39,0,[OpportunityCardData_id:27,PriorityData_type:2,false]
6427041,810,0:40:41,0,[OpportunityCardData_id:27,PriorityData_type:4,15,PriorityData_type:2,10]
6427041,814,0:40:45,0,[4]
6427041,815,0:40:45,0,4,OpportunityCardData_id:26
6427041,817,0:40:46,0,4
6427041,814,0:40:49,0,[2]
6427041,815,0:40:49,0,2,OpportunityCardData_id:15
6427041,816,0:40:51,0,2,OpportunityCardData_id:15
6427041,805,0:40:52,0,[OpportunityCardData_id:15]
6427041,807,0:40:55,0,[OpportunityCardData_id:15]
6427041,808,0:40:57,0,[OpportunityCardData_id:15]
6427041,809,0:41:5,0,[OpportunityCardData_id:15,Safe,false]
6427041,810,0:41:6,0,[OpportunityCardData_id:15,PriorityData_type:2,15,Safe,Safe]
6427041,814,0:41:10,0,[4]
6427041,815,0:41:10,0,4,OpportunityCardData_id:26
6427041,815,0:41:12,0,4,OpportunityCardData_id:28
6427041,816,0:41:13,0,4,OpportunityCardData_id:28
6427041,805,0:41:15,0,[OpportunityCardData_id:28]
6427041,807,0:41:18,0,[OpportunityCardData_id:28]
6427041,808,0:41:21,0,[OpportunityCardData_id:28]
6427041,809,0:41:41,0,[OpportunityCardData_id:28,PriorityData_type:0,false]
6427041,810,0:41:44,0,[OpportunityCardData_id:28,PriorityData_type:4,15,PriorityData_type:0,20]
6427041,818,0:41:46,0,1
6427041,811,0:41:49,0,[OpportunityCardData_id:28,PriorityData_type:2,80,100,PriorityData_type:4,70,80]
6427041,1005,0:41:49,0,[1,0,3]
6427041,1001,0:41:50,0,[]
6427041,1003,0:41:50,1
6427041,221,0:42:8,0
6427041,220,0:42:10,0
6427041,212,0:42:13,2
6427041,212,0:42:14,1
6427041,210,0:42:14,1137,529
6427041,211,0:42:17,1046,662
6427041,212,0:42:18,0
6427041,210,0:42:19,866,116
6427041,211,0:42:19,866,116
6427041,210,0:42:20,844,129
6427041,211,0:42:21,875,114
6427041,213,0:42:21,0,s_poePoster_gen,true
6427041,207,0:42:37,0,-200,-215
6427041,210,0:42:37,1095,364
6427041,211,0:42:38,1112,234
6427041,210,0:42:38,1274,124
6427041,211,0:42:38,1357,136
6427041,207,0:42:38,0,-215,-350
6427041,204,0:43:17,0
6427041,1003,0:43:21,3
6427041,103,0:43:27
6427041,105,0:43:29
6427041,703,0:43:32,[|| EpilogueItem ID: 0 unlocked: false ||,|| EpilogueItem ID: 1 unlocked: false ||,|| EpilogueItem ID: 2 unlocked: false ||,|| EpilogueItem ID: 3 unlocked: false ||,|| EpilogueItem ID: 4 unlocked: false ||,|| EpilogueItem ID: 5 unlocked: false ||,|| EpilogueItem ID: 6 unlocked: false ||,|| EpilogueItem ID: 7 unlocked: false ||,|| EpilogueItem ID: 8 unlocked: false ||,|| EpilogueItem ID: 9 unlocked: false ||,|| EpilogueItem ID: 10 unlocked: false ||,|| EpilogueItem ID: 11 unlocked: false ||,|| EpilogueItem ID: 12 unlocked: false ||,|| EpilogueItem ID: 13 unlocked: false ||,|| EpilogueItem ID: 14 unlocked: false ||,|| EpilogueItem ID: 15 unlocked: false ||,|| EpilogueItem ID: 16 unlocked: false ||,|| EpilogueItem ID: 17 unlocked: false ||,|| EpilogueItem ID: 18 unlocked: false ||,|| EpilogueItem ID: 19 unlocked: false ||,|| EpilogueItem ID: 20 unlocked: false ||,|| EpilogueItem ID: 21 unlocked: false ||,|| EpilogueItem ID: 22 unlocked: false ||,|| EpilogueItem ID: 23 unlocked: false ||,|| EpilogueItem ID: 24 unlocked: false ||],0
6427041,706,0:43:34,(x=7, y=-100, w=1024, h=768),(x=10, y=-100, w=1024, h=768)
6427041,706,0:43:35,(x=19, y=-100, w=1024, h=768),(x=22, y=-100, w=1024, h=768)
6427041,704,0:43:35,13
6427041,706,0:43:35,(x=19, y=-100, w=1024, h=768),(x=22, y=-100, w=1024, h=768)
6427041,705,0:43:37,13,true
6427041,706,0:43:41,(x=32, y=-100, w=1024, h=768),(x=47, y=-100, w=1024, h=768)
6427041,706,0:43:41,(x=32, y=-100, w=1024, h=768),(x=47, y=-100, w=1024, h=768)
6427041,706,0:43:42,(x=32, y=-100, w=1024, h=768),(x=47, y=-100, w=1024, h=768)
6427041,706,0:43:42,(x=32, y=-100, w=1024, h=768),(x=47, y=-100, w=1024, h=768)
6427041,706,0:43:42,(x=32, y=-100, w=1024, h=768),(x=47, y=-100, w=1024, h=768)
6427041,706,0:43:43,(x=32, y=-100, w=1024, h=768),(x=47, y=-100, w=1024, h=768)
6427041,706,0:43:44,(x=774, y=-100, w=1024, h=768),(x=1558, y=-100, w=1024, h=768)
6427041,706,0:43:46,(x=2234, y=-100, w=1024, h=768),(x=2531, y=-100, w=1024, h=768)
6427041,708,0:43:46
6427041,1,0:43:46,3/28/2014 4:17:31pm,{"gameTime":2626653,"challengeStacks":[{"challengeScenes":[{"miniGameCards":[],"viewedAnimatic":true,"keyPoints":["c_teacherEng_G7a0","c_bestFriend_F_a_G7a0"],"unlocked":true,"touchableObjects":["c_teacherEng_G7a0","c_bestFriend_F_a_G7a0","c_friend1_F_a_G7a0","s_doorClassroom_G7a0","s_otherStudent1_G7a0","c_crewKid1_F_G7a0","s_atwoodPoster_gen","s_clock_G7a0","s_poePoster_gen"]},{"miniGameCards":[],"viewedAnimatic":true,"keyPoints":[],"unlocked":true,"touchableObjects":["s_otherStudent2_G7a1N","s_otherStudent1_G7a1N","c_crewKid1_F_G7a1N","s_atwoodPoster_gen"]},{"miniGameCards":[],"viewedAnimatic":false,"keyPoints":[],"unlocked":false,"touchableObjects":[]}],"stackSize":3,"resolved":false},{"challengeScenes":[{"miniGameCards":[],"viewedAnimatic":false,"keyPoints":[],"unlocked":false,"touchableObjects":[]},{"miniGameCards":[],"viewedAnimatic":false,"keyPoints":[],"unlocked":false,"touchableObjects":[]},{"miniGameCards":[],"viewedAnimatic":false,"keyPoints":[],"unlocked":false,"touchableObjects":[]},{"miniGameCards":[],"viewedAnimatic":false,"keyPoints":[],"unlocked":false,"touchableObjects":[]},{"miniGameCards":[],"viewedAnimatic":false,"keyPoints":[],"unlocked":false,"touchableObjects":[]}],"stackSize":5,"resolved":false},{"challengeScenes":[{"miniGameCards":[],"viewedAnimatic":false,"keyPoints":[],"unlocked":false,"touchableObjects":[]},{"miniGameCards":[],"viewedAnimatic":false,"keyPoints":[],"unlocked":false,"touchableObjects":[]},{"miniGameCards":[],"viewedAnimatic":false,"keyPoints":[],"unlocked":false,"touchableObjects":[]},{"miniGameCards":[],"viewedAnimatic":false,"keyPoints":[],"unlocked":false,"touchableObjects":[]},{"miniGameCards":[],"viewedAnimatic":false,"keyPoints":[],"unlocked":false,"touchableObjects":[]},{"miniGameCards":[],"viewedAnimatic":false,"keyPoints":[],"unlocked":false,"touchableObjects":[]},{"miniGameCards":[],"viewedAnimatic":false,"keyPoints":[],"unlocked":false,"touchableObjects":[]}],"stackSize":7,"resolved":false},{"challengeScenes":[{"miniGameCards":[],"viewedAnimatic":false,"keyPoints":[],"unlocked":false,"touchableObjects":[]},{"miniGameCards":[],"viewedAnimatic":false,"keyPoints":[],"unlocked":false,"touchableObjects":[]},{"miniGameCards":[],"viewedAnimatic":false,"keyPoints":[],"unlocked":false,"touchableObjects":[]},{"miniGameCards":[],"viewedAnimatic":false,"keyPoints":[],"unlocked":false,"touchableObjects":[]},{"miniGameCards":[],"viewedAnimatic":false,"keyPoints":[],"unlocked":false,"touchableObjects":[]}],"stackSize":5,"resolved":false},{"challengeScenes":[{"miniGameCards":[],"viewedAnimatic":false,"keyPoints":[],"unlocked":false,"touchableObjects":[]},{"miniGameCards":[],"viewedAnimatic":false,"keyPoints":[],"unlocked":false,"touchableObjects":[]},{"miniGameCards":[],"viewedAnimatic":false,"keyPoints":[],"unlocked":false,"touchableObjects":[]},{"miniGameCards":[],"viewedAnimatic":false,"keyPoints":[],"unlocked":false,"touchableObjects":[]},{"miniGameCards":[],"viewedAnimatic":false,"keyPoints":[],"unlocked":false,"touchableObjects":[]}],"stackSize":5,"resolved":false},{"challengeScenes":[{"miniGameCards":[],"viewedAnimatic":false,"keyPoints":[],"unlocked":false,"touchableObjects":[]},{"miniGameCards":[],"viewedAnimatic":false,"keyPoints":[],"unlocked":false,"touchableObjects":[]},{"miniGameCards":[],"viewedAnimatic":false,"keyPoints":[],"unlocked":false,"touchableObjects":[]},{"miniGameCards":[],"viewedAnimatic":false,"keyPoints":[],"unlocked":false,"touchableObjects":[]},{"miniGameCards":[],"viewedAnimatic":false,"keyPoints":[],"unlocked":false,"touchableObjects":[]}],"stackSize":5,"resolved":false},{"challengeScenes":[{"miniGameCards":[],"viewedAnimatic":false,"keyPoints":[],"unlocked":false,"touchableObjects":[]},{"miniGameCards":[],"viewedAnimatic":false,"keyPoints":[],"unlocked":false,"touchableObjects":[]},{"miniGameCards":[],"viewedAnimatic":false,"keyPoints":[],"unlocked":false,"touchableObjects":[]},{"miniGameCards":[],"viewedAnimatic":false,"keyPoints":[],"unlocked":false,"touchableObjects":[]},{"miniGameCards":[],"viewedAnimatic":false,"keyPoints":[],"unlocked":false,"touchableObjects":[]}],"stackSize":5,"resolved":false},{"challengeScenes":[{"miniGameCards":[],"viewedAnimatic":false,"keyPoints":[],"unlocked":false,"touchableObjects":[]},{"miniGameCards":[],"viewedAnimatic":false,"keyPoints":[],"unlocked":false,"touchableObjects":[]},{"miniGameCards":[],"viewedAnimatic":false,"keyPoints":[],"unlocked":false,"touchableObjects":[]},{"miniGameCards":[],"viewedAnimatic":false,"keyPoints":[],"unlocked":false,"touchableObjects":[]},{"miniGameCards":[],"viewedAnimatic":false,"keyPoints":[],"unlocked":false,"touchableObjects":[]}],"stackSize":5,"resolved":false},{"challengeScenes":[{"miniGameCards":[],"viewedAnimatic":false,"keyPoints":[],"unlocked":false,"touchableObjects":[]},{"miniGameCards":[],"viewedAnimatic":false,"keyPoints":[],"unlocked":false,"touchableObjects":[]},{"miniGameCards":[],"viewedAnimatic":false,"keyPoints":[],"unlocked":false,"touchableObjects":[]},{"miniGameCards":[],"viewedAnimatic":false,"keyPoints":[],"unlocked":false,"touchableObjects":[]},{"miniGameCards":[],"viewedAnimatic":false,"keyPoints":[],"unlocked":false,"touchableObjects":[]}],"stackSize":5,"resolved":false},{"challengeScenes":[{"miniGameCards":[],"viewedAnimatic":false,"keyPoints":[],"unlocked":false,"touchableObjects":[]},{"miniGameCards":[],"viewedAnimatic":false,"keyPoints":[],"unlocked":false,"touchableObjects":[]},{"miniGameCards":[],"viewedAnimatic":false,"keyPoints":[],"unlocked":false,"touchableObjects":[]},{"miniGameCards":[],"viewedAnimatic":false,"keyPoints":[],"unlocked":false,"touchableObjects":[]},{"miniGameCards":[],"viewedAnimatic":false,"keyPoints":[],"unlocked":false,"touchableObjects":[]}],"stackSize":5,"resolved":false},{"challengeScenes":[{"miniGameCards":[],"viewedAnimatic":false,"keyPoints":[],"unlocked":false,"touchableObjects":[]},{"miniGameCards":[],"viewedAnimatic":false,"keyPoints":[],"unlocked":false,"touchableObjects":[]},{"miniGameCards":[],"viewedAnimatic":false,"keyPoints":[],"unlocked":false,"touchableObjects":[]},{"miniGameCards":[],"viewedAnimatic":false,"keyPoints":[],"unlocked":false,"touchableObjects":[]},{"miniGameCards":[],"viewedAnimatic":false,"keyPoints":[],"unlocked":false,"touchableObjects":[]}],"stackSize":5,"resolved":false},{"challengeScenes":[{"miniGameCards":[],"viewedAnimatic":false,"keyPoints":[],"unlocked":false,"touchableObjects":[]},{"miniGameCards":[],"viewedAnimatic":false,"keyPoints":[],"unlocked":false,"touchableObjects":[]},{"miniGameCards":[],"viewedAnimatic":false,"keyPoints":[],"unlocked":false,"touchableObjects":[]},{"miniGameCards":[],"viewedAnimatic":false,"keyPoints":[],"unlocked":false,"touchableObjects":[]},{"miniGameCards":[],"viewedAnimatic":false,"keyPoints":[],"unlocked":false,"touchableObjects":[]}],"stackSize":5,"resolved":false},{"challengeScenes":[{"miniGameCards":[],"viewedAnimatic":false,"keyPoints":[],"unlocked":true,"touchableObjects":["c_education_G0a0","c_friends_G0a0"]},{"miniGameCards":[],"viewedAnimatic":false,"keyPoints":["c_family_afri_a_G0a1N","c_home_G0a1N","c_job_G0a1N"],"unlocked":true,"touchableObjects":["c_family_afri_a_G0a1N","c_home_G0a1N","c_job_G0a1N"]},{"miniGameCards":[],"viewedAnimatic":false,"keyPoints":["c_kidsister_afri_a_G0a1P","c_grandma_afri_a_G0a1P","c_Teacher_G0a1P","c_mom_afri_a_G0a1P","c_dad_afri_a_G0a1P","c_Nurse_G0a1P"],"unlocked":true,"touchableObjects":["c_kidsister_afri_a_G0a1P","c_grandma_afri_a_G0a1P","c_friends_G0a1P","c_Teacher_G0a1P","c_mom_afri_a_G0a1P","c_dad_afri_a_G0a1P","c_Nurse_G0a1P"]}],"stackSize":3,"resolved":true}],"sessionId":2,"epilogue":{"rating":0},"playerId":6427041,"session":[{"sceneId":"1P","stackId":12}],"minigames":[{"levelSaveData":[{"starRating":1,"unlocked":true},{"starRating":0,"unlocked":false},{"starRating":0,"unlocked":false},{"starRating":0,"unlocked":false},{"starRating":0,"unlocked":false},{"starRating":0,"unlocked":false},{"starRating":0,"unlocked":false},{"starRating":0,"unlocked":false},{"starRating":0,"unlocked":false},{"starRating":0,"unlocked":false}],"skillPoints":1},{"levelSaveData":[{"starRating":3,"unlocked":true},{"starRating":0,"unlocked":false},{"starRating":0,"unlocked":false},{"starRating":0,"unlocked":false},{"starRating":0,"unlocked":false},{"starRating":0,"unlocked":false},{"starRating":0,"unlocked":false},{"starRating":0,"unlocked":false},{"starRating":0,"unlocked":false},{"starRating":0,"unlocked":false}],"skillPoints":3},{"levelSaveData":[{"starRating":3,"unlocked":true},{"starRating":0,"unlocked":false},{"starRating":0,"unlocked":false},{"starRating":0,"unlocked":false},{"starRating":0,"unlocked":false},{"starRating":0,"unlocked":false},{"starRating":0,"unlocked":false},{"starRating":0,"unlocked":false},{"starRating":0,"unlocked":false},{"starRating":0,"unlocked":false}],"skillPoints":3},{"levelSaveData":[{"starRating":0,"unlocked":false},{"starRating":0,"unlocked":false},{"starRating":0,"unlocked":false},{"starRating":0,"unlocked":false},{"starRating":0,"unlocked":false},{"starRating":0,"unlocked":false},{"starRating":0,"unlocked":false},{"starRating":0,"unlocked":false},{"starRating":0,"unlocked":false},{"starRating":0,"unlocked":false}],"skillPoints":0},{"age":11,"name":"armani","gender":1,"levelSaveData":[{"starRating":3,"unlocked":true},{"starRating":3,"chunks":[["1"],["20$$funny","14$$nice"],["9$$love shoes","15$$play games ","8$$wining"],["0"]],"unlocked":true},{"starRating":0,"chunks":[[null],[null,null],[null,null]],"unlocked":false},{"starRating":0,"chunks":[[null],[null],[null],[null],[null,null],[null]],"unlocked":false},{"starRating":0,"chunks":[[null],[null],[null,null],[null],[null],[null]],"unlocked":false},{"starRating":0,"chunks":[[null],[null,null,null,null],[null],[null]],"unlocked":false},{"starRating":0,"chunks":[[null],[null],[null,null],[null,null],[null]],"unlocked":false},{"starRating":0,"chunks":[[null,null,null],[null,null,null],[null],[null],[null]],"unlocked":false},{"starRating":0,"chunks":[[null,null,null],[null,null,null],[null,null]],"unlocked":false},{"starRating":0,"chunks":[[null],[null],[null],[null],[null],[null]],"unlocked":false}],"visualAvatar":0,"id":0,"skillPoints":6}],"avatar":{"age":11,"name":"armani","gender":1,"levelSaveData":[{"starRating":3,"unlocked":true},{"starRating":3,"chunks":[["1"],["20$$funny","14$$nice"],["9$$love shoes","15$$play games ","8$$wining"],["0"]],"unlocked":true},{"starRating":0,"chunks":[[null],[null,null],[null,null]],"unlocked":false},{"starRating":0,"chunks":[[null],[null],[null],[null],[null,null],[null]],"unlocked":false},{"starRating":0,"chunks":[[null],[null],[null,null],[null],[null],[null]],"unlocked":false},{"starRating":0,"chunks":[[null],[null,null,null,null],[null],[null]],"unlocked":false},{"starRating":0,"chunks":[[null],[null],[null,null],[null,null],[null]],"unlocked":false},{"starRating":0,"chunks":[[null,null,null],[null,null,null],[null],[null],[null]],"unlocked":false},{"starRating":0,"chunks":[[null,null,null],[null,null,null],[null,null]],"unlocked":false},{"starRating":0,"chunks":[[null],[null],[null],[null],[null],[null]],"unlocked":false}],"visualAvatar":0,"id":0,"skillPoints":6}}
6427041,0,0:43:46,3/28/2014 4:17:37pm
6427041,1003,0:44:21,0
6427041,1004,0:44:23,0
6427041,400,0:44:39,0,[]
6427041,401,0:44:53,0,[StatementsData_logId:0]
6427041,402,0:45:3,0,[StatementsData_logId:0,false]
6427041,405,0:45:4,0,[StatementsData_logId:0]
6427041,406,0:45:5,0,[StatementsData_logId:0,-2]
6427041,411,0:45:6,0,[StatementsData_logId:0]
6427041,1002,0:45:8,0
6427041,1003,0:45:8,0
6427041,100,0:45:14,0
6427041,102,0:45:16,0
6427041,200,0:45:16,0,1,3,3,0,6
6427041,210,0:45:21,608,329
6427041,211,0:45:23,853,635
6427041,212,0:45:31,2
6427041,210,0:45:32,1439,499
6427041,207,0:45:32,0,-400,-518.45
6427041,211,0:45:36,1055,530
6427041,213,0:45:36,0,c_bestFriend_F_a_G7a1N,true
6427041,205,0:45:36,0,c_bestFriend_F_a_G7a1N,false,false
6427041,210,0:45:41,888,426
6427041,211,0:45:42,863,439
6427041,213,0:45:42,0,c_teacherEng_G7a1N,true
6427041,205,0:45:42,0,c_teacherEng_G7a1N,false,false
6427041,210,0:45:46,1516,588
6427041,211,0:45:47,1208,693
6427041,210,0:45:54,758,471
6427041,207,0:45:57,0,-518.45,0
6427041,207,0:46:3,0,0,-45
6427041,207,0:46:4,0,-45,-255
6427041,211,0:46:5,1321,541
6427041,207,0:46:5,0,-255,-315
6427041,210,0:46:5,1401,160
6427041,211,0:46:5,1423,138
6427041,207,0:46:5,0,-315,-405
6427041,210,0:46:5,1451,498
6427041,207,0:46:5,0,-405,-518.45
6427041,211,0:46:6,1533,662
6427041,212,0:46:7,1
6427041,210,0:46:7,1464,559
6427041,211,0:46:9,613,127
6427041,213,0:46:9,0,s_atwoodPoster_gen,true
6427041,210,0:46:11,1055,418
6427041,211,0:46:13,431,153
6427041,207,0:46:13,0,-518.45,-413.45
6427041,210,0:46:13,407,140
6427041,207,0:46:13,0,-413.45,-338.45
6427041,207,0:46:17,0,-338.45,-8.45
6427041,211,0:46:19,915,602
6427041,212,0:46:19,0
6427041,210,0:46:20,1038,512
6427041,207,0:46:20,0,-8.45,-83.45
6427041,207,0:46:21,0,-83.45,-428.45
6427041,211,0:46:22,629,135
6427041,213,0:46:22,0,s_atwoodPoster_gen,true
6427041,204,0:46:52,0
6427041,100,0:51:44,0
6427041,101,0:51:45,0
6427041,100,0:51:46,0
6427041,102,0:51:47,0
6427041,200,0:51:47,0,1,3,3,0,6
6427041,221,0:51:52,0
6427041,220,0:52:4,0
6427041,212,0:52:6,1
6427041,210,0:52:7,1011,491
6427041,211,0:52:8,810,546
6427041,210,0:52:8,611,549
6427041,211,0:52:10,678,612
6427041,213,0:52:10,0,s_otherStudent1_G7a0,true
6427041,221,0:52:13,0
6427041,220,0:52:19,0
6427041,210,0:52:21,338,447
6427041,211,0:52:21,337,440
6427041,210,0:52:23,1080,559
6427041,211,0:52:24,1084,579
6427041,213,0:52:24,0,s_vocabAssignment_G7a0,true
6427041,212,0:52:30,0
6427041,210,0:52:30,1064,558
6427041,211,0:52:32,1082,579
6427041,213,0:52:32,0,s_vocabAssignment_G7a0,true
6427041,212,0:52:34,2
6427041,210,0:52:34,1095,559
6427041,207,0:52:35,0,-200,-518.45
6427041,211,0:52:37,1441,546
6427041,213,0:52:37,0,c_friend1_F_a_G7a0,true
6427041,210,0:52:56,1405,532
6427041,211,0:52:58,1267,614
6427041,221,0:52:59,0
6427041,220,0:53:3,0
6427041,212,0:53:4,1
6427041,210,0:53:4,1275,483
6427041,211,0:53:11,1032,125
6427041,204,0:53:13,0
6427041,300,0:53:18
6427041,304,0:53:22,0,3,0,0,,0,
6427041,304,0:53:27,0,3,0,0,,0,
6427041,302,0:53:33,0,2,0,8
6427041,302,0:53:35,0,2,0,12
6427041,303,0:53:39,0,2,0,12
6427041,304,0:53:48,0,2,0,9,love shoes,12,having fun
6427041,304,0:54:0,0,2,1,15,play games ,15,play games 
6427041,303,0:54:4,0,2,2,8
6427041,304,0:54:12,0,2,2,8,wining,8,like wining 
6427041,302,0:54:21,0,2,1,17
6427041,303,0:54:23,0,2,1,17
6427041,304,0:54:34,0,2,1,15,play games ,17,like singing
6427041,302,0:54:41,0,1,1,11
6427041,302,0:54:43,0,1,1,7
6427041,303,0:54:44,0,1,1,7
6427041,304,0:54:48,0,1,1,14,nice,7,cool
6427041,100,0:54:54,0
6427041,102,0:54:58,0
6427041,200,0:54:58,0,1,3,3,0,6
6427041,210,0:55:58,1121,510
6427041,211,0:55:59,1121,510
6427041,212,0:55:59,2
6427041,210,0:56:0,1056,614
6427041,211,0:56:0,1056,614
6427041,210,0:56:0,1092,561
6427041,207,0:56:2,0,-200,-275
6427041,207,0:56:3,0,-275,-518.45
6427041,211,0:56:6,1519,204
6427041,204,0:56:15,0
6427041,103,0:56:17
6427041,105,0:56:18
6427041,703,0:56:21,[|| EpilogueItem ID: 0 unlocked: false ||,|| EpilogueItem ID: 1 unlocked: false ||,|| EpilogueItem ID: 2 unlocked: false ||,|| EpilogueItem ID: 3 unlocked: false ||,|| EpilogueItem ID: 4 unlocked: false ||,|| EpilogueItem ID: 5 unlocked: false ||,|| EpilogueItem ID: 6 unlocked: false ||,|| EpilogueItem ID: 7 unlocked: false ||,|| EpilogueItem ID: 8 unlocked: false ||,|| EpilogueItem ID: 9 unlocked: false ||,|| EpilogueItem ID: 10 unlocked: false ||,|| EpilogueItem ID: 11 unlocked: false ||,|| EpilogueItem ID: 12 unlocked: false ||,|| EpilogueItem ID: 13 unlocked: false ||,|| EpilogueItem ID: 14 unlocked: false ||,|| EpilogueItem ID: 15 unlocked: false ||,|| EpilogueItem ID: 16 unlocked: false ||,|| EpilogueItem ID: 17 unlocked: false ||,|| EpilogueItem ID: 18 unlocked: false ||,|| EpilogueItem ID: 19 unlocked: false ||,|| EpilogueItem ID: 20 unlocked: false ||,|| EpilogueItem ID: 21 unlocked: false ||,|| EpilogueItem ID: 22 unlocked: false ||,|| EpilogueItem ID: 23 unlocked: false ||,|| EpilogueItem ID: 24 unlocked: false ||],0
6427041,706,0:56:21,(x=0, y=-100, w=1024, h=768),(x=0, y=-100, w=1024, h=768)
6427041,706,0:56:22,(x=661, y=-100, w=1024, h=768),(x=661, y=-100, w=1024, h=768)
6427041,708,0:56:24
6427041,1,0:56:24,3/28/2014 4:30:15pm,{"gameTime":3384147,"challengeStacks":[{"challengeScenes":[{"miniGameCards":[],"viewedAnimatic":true,"keyPoints":["c_teacherEng_G7a0","c_bestFriend_F_a_G7a0"],"unlocked":true,"touchableObjects":["c_teacherEng_G7a0","c_bestFriend_F_a_G7a0","c_friend1_F_a_G7a0","s_doorClassroom_G7a0","s_otherStudent1_G7a0","c_crewKid1_F_G7a0","s_atwoodPoster_gen","s_clock_G7a0","s_poePoster_gen","s_vocabAssignment_G7a0"]},{"miniGameCards":[],"viewedAnimatic":true,"keyPoints":["c_bestFriend_F_a_G7a1N","c_teacherEng_G7a1N"],"unlocked":true,"touchableObjects":["s_otherStudent2_G7a1N","s_otherStudent1_G7a1N","c_crewKid1_F_G7a1N","s_atwoodPoster_gen","c_bestFriend_F_a_G7a1N","c_teacherEng_G7a1N"]},{"miniGameCards":[],"viewedAnimatic":false,"keyPoints":[],"unlocked":false,"touchableObjects":[]}],"stackSize":3,"resolved":false},{"challengeScenes":[{"miniGameCards":[],"viewedAnimatic":false,"keyPoints":[],"unlocked":false,"touchableObjects":[]},{"miniGameCards":[],"viewedAnimatic":false,"keyPoints":[],"unlocked":false,"touchableObjects":[]},{"miniGameCards":[],"viewedAnimatic":false,"keyPoints":[],"unlocked":false,"touchableObjects":[]},{"miniGameCards":[],"viewedAnimatic":false,"keyPoints":[],"unlocked":false,"touchableObjects":[]},{"miniGameCards":[],"viewedAnimatic":false,"keyPoints":[],"unlocked":false,"touchableObjects":[]}],"stackSize":5,"resolved":false},{"challengeScenes":[{"miniGameCards":[],"viewedAnimatic":false,"keyPoints":[],"unlocked":false,"touchableObjects":[]},{"miniGameCards":[],"viewedAnimatic":false,"keyPoints":[],"unlocked":false,"touchableObjects":[]},{"miniGameCards":[],"viewedAnimatic":false,"keyPoints":[],"unlocked":false,"touchableObjects":[]},{"miniGameCards":[],"viewedAnimatic":false,"keyPoints":[],"unlocked":false,"touchableObjects":[]},{"miniGameCards":[],"viewedAnimatic":false,"keyPoints":[],"unlocked":false,"touchableObjects":[]},{"miniGameCards":[],"viewedAnimatic":false,"keyPoints":[],"unlocked":false,"touchableObjects":[]},{"miniGameCards":[],"viewedAnimatic":false,"keyPoints":[],"unlocked":false,"touchableObjects":[]}],"stackSize":7,"resolved":false},{"challengeScenes":[{"miniGameCards":[],"viewedAnimatic":false,"keyPoints":[],"unlocked":false,"touchableObjects":[]},{"miniGameCards":[],"viewedAnimatic":false,"keyPoints":[],"unlocked":false,"touchableObjects":[]},{"miniGameCards":[],"viewedAnimatic":false,"keyPoints":[],"unlocked":false,"touchableObjects":[]},{"miniGameCards":[],"viewedAnimatic":false,"keyPoints":[],"unlocked":false,"touchableObjects":[]},{"miniGameCards":[],"viewedAnimatic":false,"keyPoints":[],"unlocked":false,"touchableObjects":[]}],"stackSize":5,"resolved":false},{"challengeScenes":[{"miniGameCards":[],"viewedAnimatic":false,"keyPoints":[],"unlocked":false,"touchableObjects":[]},{"miniGameCards":[],"viewedAnimatic":false,"keyPoints":[],"unlocked":false,"touchableObjects":[]},{"miniGameCards":[],"viewedAnimatic":false,"keyPoints":[],"unlocked":false,"touchableObjects":[]},{"miniGameCards":[],"viewedAnimatic":false,"keyPoints":[],"unlocked":false,"touchableObjects":[]},{"miniGameCards":[],"viewedAnimatic":false,"keyPoints":[],"unlocked":false,"touchableObjects":[]}],"stackSize":5,"resolved":false},{"challengeScenes":[{"miniGameCards":[],"viewedAnimatic":false,"keyPoints":[],"unlocked":false,"touchableObjects":[]},{"miniGameCards":[],"viewedAnimatic":false,"keyPoints":[],"unlocked":false,"touchableObjects":[]},{"miniGameCards":[],"viewedAnimatic":false,"keyPoints":[],"unlocked":false,"touchableObjects":[]},{"miniGameCards":[],"viewedAnimatic":false,"keyPoints":[],"unlocked":false,"touchableObjects":[]},{"miniGameCards":[],"viewedAnimatic":false,"keyPoints":[],"unlocked":false,"touchableObjects":[]}],"stackSize":5,"resolved":false},{"challengeScenes":[{"miniGameCards":[],"viewedAnimatic":false,"keyPoints":[],"unlocked":false,"touchableObjects":[]},{"miniGameCards":[],"viewedAnimatic":false,"keyPoints":[],"unlocked":false,"touchableObjects":[]},{"miniGameCards":[],"viewedAnimatic":false,"keyPoints":[],"unlocked":false,"touchableObjects":[]},{"miniGameCards":[],"viewedAnimatic":false,"keyPoints":[],"unlocked":false,"touchableObjects":[]},{"miniGameCards":[],"viewedAnimatic":false,"keyPoints":[],"unlocked":false,"touchableObjects":[]}],"stackSize":5,"resolved":false},{"challengeScenes":[{"miniGameCards":[],"viewedAnimatic":false,"keyPoints":[],"unlocked":false,"touchableObjects":[]},{"miniGameCards":[],"viewedAnimatic":false,"keyPoints":[],"unlocked":false,"touchableObjects":[]},{"miniGameCards":[],"viewedAnimatic":false,"keyPoints":[],"unlocked":false,"touchableObjects":[]},{"miniGameCards":[],"viewedAnimatic":false,"keyPoints":[],"unlocked":false,"touchableObjects":[]},{"miniGameCards":[],"viewedAnimatic":false,"keyPoints":[],"unlocked":false,"touchableObjects":[]}],"stackSize":5,"resolved":false},{"challengeScenes":[{"miniGameCards":[],"viewedAnimatic":false,"keyPoints":[],"unlocked":false,"touchableObjects":[]},{"miniGameCards":[],"viewedAnimatic":false,"keyPoints":[],"unlocked":false,"touchableObjects":[]},{"miniGameCards":[],"viewedAnimatic":false,"keyPoints":[],"unlocked":false,"touchableObjects":[]},{"miniGameCards":[],"viewedAnimatic":false,"keyPoints":[],"unlocked":false,"touchableObjects":[]},{"miniGameCards":[],"viewedAnimatic":false,"keyPoints":[],"unlocked":false,"touchableObjects":[]}],"stackSize":5,"resolved":false},{"challengeScenes":[{"miniGameCards":[],"viewedAnimatic":false,"keyPoints":[],"unlocked":false,"touchableObjects":[]},{"miniGameCards":[],"viewedAnimatic":false,"keyPoints":[],"unlocked":false,"touchableObjects":[]},{"miniGameCards":[],"viewedAnimatic":false,"keyPoints":[],"unlocked":false,"touchableObjects":[]},{"miniGameCards":[],"viewedAnimatic":false,"keyPoints":[],"unlocked":false,"touchableObjects":[]},{"miniGameCards":[],"viewedAnimatic":false,"keyPoints":[],"unlocked":false,"touchableObjects":[]}],"stackSize":5,"resolved":false},{"challengeScenes":[{"miniGameCards":[],"viewedAnimatic":false,"keyPoints":[],"unlocked":false,"touchableObjects":[]},{"miniGameCards":[],"viewedAnimatic":false,"keyPoints":[],"unlocked":false,"touchableObjects":[]},{"miniGameCards":[],"viewedAnimatic":false,"keyPoints":[],"unlocked":false,"touchableObjects":[]},{"miniGameCards":[],"viewedAnimatic":false,"keyPoints":[],"unlocked":false,"touchableObjects":[]},{"miniGameCards":[],"viewedAnimatic":false,"keyPoints":[],"unlocked":false,"touchableObjects":[]}],"stackSize":5,"resolved":false},{"challengeScenes":[{"miniGameCards":[],"viewedAnimatic":false,"keyPoints":[],"unlocked":false,"touchableObjects":[]},{"miniGameCards":[],"viewedAnimatic":false,"keyPoints":[],"unlocked":false,"touchableObjects":[]},{"miniGameCards":[],"viewedAnimatic":false,"keyPoints":[],"unlocked":false,"touchableObjects":[]},{"miniGameCards":[],"viewedAnimatic":false,"keyPoints":[],"unlocked":false,"touchableObjects":[]},{"miniGameCards":[],"viewedAnimatic":false,"keyPoints":[],"unlocked":false,"touchableObjects":[]}],"stackSize":5,"resolved":false},{"challengeScenes":[{"miniGameCards":[],"viewedAnimatic":false,"keyPoints":[],"unlocked":true,"touchableObjects":["c_education_G0a0","c_friends_G0a0"]},{"miniGameCards":[],"viewedAnimatic":false,"keyPoints":["c_family_afri_a_G0a1N","c_home_G0a1N","c_job_G0a1N"],"unlocked":true,"touchableObjects":["c_family_afri_a_G0a1N","c_home_G0a1N","c_job_G0a1N"]},{"miniGameCards":[],"viewedAnimatic":false,"keyPoints":["c_kidsister_afri_a_G0a1P","c_grandma_afri_a_G0a1P","c_Teacher_G0a1P","c_mom_afri_a_G0a1P","c_dad_afri_a_G0a1P","c_Nurse_G0a1P"],"unlocked":true,"touchableObjects":["c_kidsister_afri_a_G0a1P","c_grandma_afri_a_G0a1P","c_friends_G0a1P","c_Teacher_G0a1P","c_mom_afri_a_G0a1P","c_dad_afri_a_G0a1P","c_Nurse_G0a1P"]}],"stackSize":3,"resolved":true}],"sessionId":3,"epilogue":{"rating":0},"playerId":6427041,"session":[{"sceneId":"1P","stackId":12}],"minigames":[{"levelSaveData":[{"starRating":1,"unlocked":true},{"starRating":0,"unlocked":false},{"starRating":0,"unlocked":false},{"starRating":0,"unlocked":false},{"starRating":0,"unlocked":false},{"starRating":0,"unlocked":false},{"starRating":0,"unlocked":false},{"starRating":0,"unlocked":false},{"starRating":0,"unlocked":false},{"starRating":0,"unlocked":false}],"skillPoints":1},{"levelSaveData":[{"starRating":3,"unlocked":true},{"starRating":0,"unlocked":false},{"starRating":0,"unlocked":false},{"starRating":0,"unlocked":false},{"starRating":0,"unlocked":false},{"starRating":0,"unlocked":false},{"starRating":0,"unlocked":false},{"starRating":0,"unlocked":false},{"starRating":0,"unlocked":false},{"starRating":0,"unlocked":false}],"skillPoints":3},{"levelSaveData":[{"starRating":3,"unlocked":true},{"starRating":0,"unlocked":false},{"starRating":0,"unlocked":false},{"starRating":0,"unlocked":false},{"starRating":0,"unlocked":false},{"starRating":0,"unlocked":false},{"starRating":0,"unlocked":false},{"starRating":0,"unlocked":false},{"starRating":0,"unlocked":false},{"starRating":0,"unlocked":false}],"skillPoints":3},{"levelSaveData":[{"starRating":0,"unlocked":false},{"starRating":0,"unlocked":false},{"starRating":0,"unlocked":false},{"starRating":0,"unlocked":false},{"starRating":0,"unlocked":false},{"starRating":0,"unlocked":false},{"starRating":0,"unlocked":false},{"starRating":0,"unlocked":false},{"starRating":0,"unlocked":false},{"starRating":0,"unlocked":false}],"skillPoints":0},{"age":11,"name":"armani","gender":1,"levelSaveData":[{"starRating":3,"unlocked":true},{"starRating":3,"chunks":[["1"],["20$$funny","7$$cool"],["12$$having fun","17$$like singing","8$$like wining "],["0"]],"unlocked":true},{"starRating":0,"chunks":[[null],[null,null],[null,null]],"unlocked":false},{"starRating":0,"chunks":[[null],[null],[null],[null],[null,null],[null]],"unlocked":false},{"starRating":0,"chunks":[[null],[null],[null,null],[null],[null],[null]],"unlocked":false},{"starRating":0,"chunks":[[null],[null,null,null,null],[null],[null]],"unlocked":false},{"starRating":0,"chunks":[[null],[null],[null,null],[null,null],[null]],"unlocked":false},{"starRating":0,"chunks":[[null,null,null],[null,null,null],[null],[null],[null]],"unlocked":false},{"starRating":0,"chunks":[[null,null,null],[null,null,null],[null,null]],"unlocked":false},{"starRating":0,"chunks":[[null],[null],[null],[null],[null],[null]],"unlocked":false}],"visualAvatar":0,"id":0,"skillPoints":6}],"avatar":{"age":11,"name":"armani","gender":1,"levelSaveData":[{"starRating":3,"unlocked":true},{"starRating":3,"chunks":[["1"],["20$$funny","7$$cool"],["12$$having fun","17$$like singing","8$$like wining "],["0"]],"unlocked":true},{"starRating":0,"chunks":[[null],[null,null],[null,null]],"unlocked":false},{"starRating":0,"chunks":[[null],[null],[null],[null],[null,null],[null]],"unlocked":false},{"starRating":0,"chunks":[[null],[null],[null,null],[null],[null],[null]],"unlocked":false},{"starRating":0,"chunks":[[null],[null,null,null,null],[null],[null]],"unlocked":false},{"starRating":0,"chunks":[[null],[null],[null,null],[null,null],[null]],"unlocked":false},{"starRating":0,"chunks":[[null,null,null],[null,null,null],[null],[null],[null]],"unlocked":false},{"starRating":0,"chunks":[[null,null,null],[null,null,null],[null,null]],"unlocked":false},{"starRating":0,"chunks":[[null],[null],[null],[null],[null],[null]],"unlocked":false}],"visualAvatar":0,"id":0,"skillPoints":6}}
