6427027,0,4:36:26,11/6/2013 4:45:50pm
6427027,100,4:36:34,0
6427027,102,4:36:35,0
6427027,200,4:36:35,0,2,3,3,0,6
6427027,210,4:36:41,963,391
6427027,211,4:36:42,950,486
6427027,212,4:36:43,1
6427027,210,4:36:44,952,510
6427027,211,4:36:44,981,519
6427027,210,4:36:45,963,472
6427027,211,4:36:45,963,472
6427027,212,4:36:45,0
6427027,210,4:36:46,989,462
6427027,211,4:36:46,970,516
6427027,213,4:36:46,0,c_bestFriend_M_a_G7a1P,true
6427027,1003,4:36:50,0
6427027,1004,4:36:52,0
6427027,400,4:36:54,0,[]
6427027,401,4:36:56,0,[StatementsData_logId:0]
6427027,403,4:36:57,0,[StatementsData_logId:0,true]
6427027,405,4:36:58,0,[StatementsData_logId:0]
6427027,406,4:36:58,0,[StatementsData_logId:0,2]
6427027,407,4:36:58,0,[StatementsData_logId:0,FactCardData_id:7]
6427027,407,4:36:58,0,[StatementsData_logId:0,FactCardData_id:4]
6427027,407,4:36:58,0,[StatementsData_logId:0,FactCardData_id:3]
6427027,407,4:36:58,0,[StatementsData_logId:0,FactCardData_id:6]
6427027,407,4:36:58,0,[StatementsData_logId:0,FactCardData_id:0]
6427027,407,4:36:58,0,[StatementsData_logId:0,FactCardData_id:5]
6427027,407,4:37:3,0,[StatementsData_logId:0,FactCardData_id:4]
6427027,407,4:37:3,0,[StatementsData_logId:0,FactCardData_id:4]
6427027,407,4:37:4,0,[StatementsData_logId:0,FactCardData_id:6]
6427027,407,4:37:4,0,[StatementsData_logId:0,FactCardData_id:4]
6427027,407,4:37:4,0,[StatementsData_logId:0,FactCardData_id:6]
6427027,407,4:37:11,0,[StatementsData_logId:0,FactCardData_id:5]
6427027,407,4:37:11,0,[StatementsData_logId:0,FactCardData_id:6]
6427027,407,4:37:11,0,[StatementsData_logId:0,FactCardData_id:5]
6427027,407,4:37:14,0,[StatementsData_logId:0,FactCardData_id:0]
6427027,407,4:37:14,0,[StatementsData_logId:0,FactCardData_id:5]
6427027,407,4:37:14,0,[StatementsData_logId:0,FactCardData_id:0]
6427027,407,4:37:19,0,[StatementsData_logId:0,FactCardData_id:3]
6427027,407,4:37:19,0,[StatementsData_logId:0,FactCardData_id:0]
6427027,407,4:37:19,0,[StatementsData_logId:0,FactCardData_id:3]
6427027,407,4:37:21,0,[StatementsData_logId:0,FactCardData_id:7]
6427027,407,4:37:21,0,[StatementsData_logId:0,FactCardData_id:3]
6427027,407,4:37:21,0,[StatementsData_logId:0,FactCardData_id:7]
6427027,407,4:37:23,0,[StatementsData_logId:0,FactCardData_id:5]
6427027,407,4:37:23,0,[StatementsData_logId:0,FactCardData_id:7]
6427027,407,4:37:23,0,[StatementsData_logId:0,FactCardData_id:5]
6427027,407,4:37:25,0,[StatementsData_logId:0,FactCardData_id:0]
6427027,407,4:37:25,0,[StatementsData_logId:0,FactCardData_id:5]
6427027,407,4:37:25,0,[StatementsData_logId:0,FactCardData_id:0]
6427027,407,4:37:31,0,[StatementsData_logId:0,FactCardData_id:3]
6427027,407,4:37:31,0,[StatementsData_logId:0,FactCardData_id:0]
6427027,407,4:37:31,0,[StatementsData_logId:0,FactCardData_id:3]
6427027,407,4:37:32,0,[StatementsData_logId:0,FactCardData_id:0]
6427027,407,4:37:32,0,[StatementsData_logId:0,FactCardData_id:3]
6427027,407,4:37:32,0,[StatementsData_logId:0,FactCardData_id:0]
6427027,407,4:37:33,0,[StatementsData_logId:0,FactCardData_id:3]
6427027,407,4:37:33,0,[StatementsData_logId:0,FactCardData_id:0]
6427027,407,4:37:33,0,[StatementsData_logId:0,FactCardData_id:3]
6427027,407,4:37:35,0,[StatementsData_logId:0,FactCardData_id:7]
6427027,407,4:37:35,0,[StatementsData_logId:0,FactCardData_id:3]
6427027,407,4:37:35,0,[StatementsData_logId:0,FactCardData_id:7]
6427027,407,4:37:38,0,[StatementsData_logId:0,FactCardData_id:4]
6427027,407,4:37:38,0,[StatementsData_logId:0,FactCardData_id:7]
6427027,407,4:37:38,0,[StatementsData_logId:0,FactCardData_id:4]
6427027,407,4:37:40,0,[StatementsData_logId:0,FactCardData_id:6]
6427027,407,4:37:40,0,[StatementsData_logId:0,FactCardData_id:4]
6427027,407,4:37:40,0,[StatementsData_logId:0,FactCardData_id:6]
6427027,407,4:37:42,0,[StatementsData_logId:0,FactCardData_id:5]
6427027,407,4:37:42,0,[StatementsData_logId:0,FactCardData_id:6]
6427027,407,4:37:42,0,[StatementsData_logId:0,FactCardData_id:5]
6427027,407,4:37:52,0,[StatementsData_logId:0,FactCardData_id:0]
6427027,407,4:37:52,0,[StatementsData_logId:0,FactCardData_id:5]
6427027,407,4:37:52,0,[StatementsData_logId:0,FactCardData_id:0]
6427027,407,4:37:56,0,[StatementsData_logId:0,FactCardData_id:3]
6427027,407,4:37:56,0,[StatementsData_logId:0,FactCardData_id:0]
6427027,407,4:37:56,0,[StatementsData_logId:0,FactCardData_id:3]
6427027,408,4:38:2,0,[StatementsData_logId:0,FactCardData_id:3,false]
6427027,406,4:38:4,0,[StatementsData_logId:0,-2]
6427027,411,4:38:6,0,[StatementsData_logId:0]
6427027,401,4:38:7,0,[StatementsData_logId:1]
6427027,404,4:38:9,0,[StatementsData_logId:1,false]
6427027,405,4:38:10,0,[StatementsData_logId:1]
6427027,406,4:38:11,0,[StatementsData_logId:1,-2]
6427027,411,4:38:12,0,[StatementsData_logId:1]
6427027,401,4:38:14,0,[StatementsData_logId:2]
6427027,402,4:38:16,0,[StatementsData_logId:2,false]
6427027,405,4:38:16,0,[StatementsData_logId:2]
6427027,406,4:38:17,0,[StatementsData_logId:2,-2]
6427027,411,4:38:19,0,[StatementsData_logId:2]
6427027,1002,4:38:20,0
6427027,1003,4:38:20,0
6427027,1004,4:38:21,0
6427027,400,4:38:23,0,[]
6427027,401,4:38:24,0,[StatementsData_logId:0]
6427027,404,4:38:26,0,[StatementsData_logId:0,false]
6427027,405,4:38:26,0,[StatementsData_logId:0]
6427027,406,4:38:28,0,[StatementsData_logId:0,-2]
6427027,411,4:38:30,0,[StatementsData_logId:0]
6427027,401,4:38:31,0,[StatementsData_logId:1]
6427027,1002,4:38:34,0
6427027,1003,4:38:34,0
6427027,1004,4:38:35,0
6427027,400,4:38:38,0,[]
6427027,401,4:38:39,0,[StatementsData_logId:0]
6427027,403,4:38:39,0,[StatementsData_logId:0,true]
6427027,405,4:38:40,0,[StatementsData_logId:0]
6427027,406,4:38:41,0,[StatementsData_logId:0,2]
6427027,407,4:38:41,0,[StatementsData_logId:0,FactCardData_id:4]
6427027,407,4:38:41,0,[StatementsData_logId:0,FactCardData_id:6]
6427027,407,4:38:41,0,[StatementsData_logId:0,FactCardData_id:3]
6427027,407,4:38:41,0,[StatementsData_logId:0,FactCardData_id:0]
6427027,407,4:38:41,0,[StatementsData_logId:0,FactCardData_id:7]
6427027,407,4:38:41,0,[StatementsData_logId:0,FactCardData_id:5]
6427027,407,4:38:42,0,[StatementsData_logId:0,FactCardData_id:3]
6427027,407,4:38:42,0,[StatementsData_logId:0,FactCardData_id:3]
6427027,407,4:38:43,0,[StatementsData_logId:0,FactCardData_id:4]
6427027,407,4:38:43,0,[StatementsData_logId:0,FactCardData_id:3]
6427027,407,4:38:43,0,[StatementsData_logId:0,FactCardData_id:4]
6427027,407,4:38:44,0,[StatementsData_logId:0,FactCardData_id:6]
6427027,407,4:38:44,0,[StatementsData_logId:0,FactCardData_id:4]
6427027,407,4:38:44,0,[StatementsData_logId:0,FactCardData_id:6]
6427027,407,4:38:46,0,[StatementsData_logId:0,FactCardData_id:0]
6427027,407,4:38:46,0,[StatementsData_logId:0,FactCardData_id:6]
6427027,407,4:38:46,0,[StatementsData_logId:0,FactCardData_id:0]
6427027,407,4:38:47,0,[StatementsData_logId:0,FactCardData_id:5]
6427027,407,4:38:47,0,[StatementsData_logId:0,FactCardData_id:0]
6427027,407,4:38:47,0,[StatementsData_logId:0,FactCardData_id:5]
6427027,407,4:38:48,0,[StatementsData_logId:0,FactCardData_id:7]
6427027,407,4:38:48,0,[StatementsData_logId:0,FactCardData_id:5]
6427027,407,4:38:48,0,[StatementsData_logId:0,FactCardData_id:7]
6427027,407,4:38:52,0,[StatementsData_logId:0,FactCardData_id:3]
6427027,407,4:38:52,0,[StatementsData_logId:0,FactCardData_id:7]
6427027,407,4:38:52,0,[StatementsData_logId:0,FactCardData_id:3]
6427027,407,4:38:53,0,[StatementsData_logId:0,FactCardData_id:4]
6427027,407,4:38:53,0,[StatementsData_logId:0,FactCardData_id:3]
6427027,407,4:38:53,0,[StatementsData_logId:0,FactCardData_id:4]
6427027,407,4:38:54,0,[StatementsData_logId:0,FactCardData_id:6]
6427027,407,4:38:54,0,[StatementsData_logId:0,FactCardData_id:4]
6427027,407,4:38:54,0,[StatementsData_logId:0,FactCardData_id:6]
6427027,408,4:38:57,0,[StatementsData_logId:0,FactCardData_id:6,true]
6427027,409,4:38:57,0,[StatementsData_logId:0]
6427027,410,4:38:59,0,[StatementsData_logId:0,2]
6427027,412,4:39:1,0,[StatementsData_logId:0]
6427027,413,4:39:2,0,[StatementsData_logId:0,DuelResponsesData_logId:0]
6427027,414,4:39:3,0,[StatementsData_logId:0,DuelResponsesData_logId:0]
6427027,415,4:39:8,0,[StatementsData_logId:0,DuelResponsesData_logId:0,DuelResponsesData_lame_player_response]
6427027,416,4:39:9,0,[StatementsData_logId:0,DuelResponsesData_logId:0]
6427027,417,4:39:10,0,[StatementsData_logId:0,DuelResponsesData_logId:0]
6427027,413,4:39:10,0,[StatementsData_logId:0,DuelResponsesData_logId:1]
6427027,414,4:39:11,0,[StatementsData_logId:0,DuelResponsesData_logId:1]
6427027,415,4:39:13,0,[StatementsData_logId:0,DuelResponsesData_logId:1,DuelResponsesData_witty_player_response]
6427027,416,4:39:14,0,[StatementsData_logId:0,DuelResponsesData_logId:1]
6427027,417,4:39:15,0,[StatementsData_logId:0,DuelResponsesData_logId:1]
6427027,413,4:39:15,0,[StatementsData_logId:0,DuelResponsesData_logId:2]
6427027,414,4:39:17,0,[StatementsData_logId:0,DuelResponsesData_logId:2]
6427027,415,4:39:19,0,[StatementsData_logId:0,DuelResponsesData_logId:2,DuelResponsesData_witty_player_response]
6427027,416,4:39:19,0,[StatementsData_logId:0,DuelResponsesData_logId:2]
6427027,417,4:39:20,0,[StatementsData_logId:0,DuelResponsesData_logId:2]
6427027,418,4:39:20,0,[StatementsData_logId:0,true]
6427027,419,4:39:23,0,[StatementsData_logId:0,4]
6427027,411,4:39:24,0,[StatementsData_logId:0]
6427027,401,4:39:25,0,[StatementsData_logId:1]
6427027,404,4:39:27,0,[StatementsData_logId:1,false]
6427027,405,4:39:27,0,[StatementsData_logId:1]
6427027,406,4:39:29,0,[StatementsData_logId:1,-2]
6427027,411,4:39:30,0,[StatementsData_logId:1]
6427027,401,4:39:30,0,[StatementsData_logId:2]
6427027,404,4:39:33,0,[StatementsData_logId:2,true]
6427027,406,4:39:33,0,[StatementsData_logId:2,2]
6427027,412,4:39:36,0,[StatementsData_logId:2]
6427027,413,4:39:36,0,[StatementsData_logId:2,DuelResponsesData_logId:3]
6427027,414,4:39:37,0,[StatementsData_logId:2,DuelResponsesData_logId:3]
6427027,415,4:39:39,0,[StatementsData_logId:2,DuelResponsesData_logId:3,DuelResponsesData_witty_player_response]
6427027,416,4:39:40,0,[StatementsData_logId:2,DuelResponsesData_logId:3]
6427027,417,4:39:40,0,[StatementsData_logId:2,DuelResponsesData_logId:3]
6427027,413,4:39:41,0,[StatementsData_logId:2,DuelResponsesData_logId:4]
6427027,414,4:39:43,0,[StatementsData_logId:2,DuelResponsesData_logId:4]
6427027,415,4:39:45,0,[StatementsData_logId:2,DuelResponsesData_logId:4,DuelResponsesData_lame_player_response]
6427027,416,4:39:45,0,[StatementsData_logId:2,DuelResponsesData_logId:4]
6427027,417,4:39:46,0,[StatementsData_logId:2,DuelResponsesData_logId:4]
6427027,413,4:39:47,0,[StatementsData_logId:2,DuelResponsesData_logId:5]
6427027,414,4:39:48,0,[StatementsData_logId:2,DuelResponsesData_logId:5]
6427027,415,4:39:49,0,[StatementsData_logId:2,DuelResponsesData_logId:5,DuelResponsesData_witty_player_response]
6427027,416,4:39:50,0,[StatementsData_logId:2,DuelResponsesData_logId:5]
6427027,417,4:39:51,0,[StatementsData_logId:2,DuelResponsesData_logId:5]
6427027,418,4:39:51,0,[StatementsData_logId:2,true]
6427027,419,4:39:53,0,[StatementsData_logId:2,4]
6427027,411,4:39:55,0,[StatementsData_logId:2]
6427027,401,4:39:57,0,[StatementsData_logId:3]
6427027,402,4:39:59,0,[StatementsData_logId:3,false]
6427027,405,4:40:0,0,[StatementsData_logId:3]
6427027,406,4:40:0,0,[StatementsData_logId:3,-2]
6427027,411,4:40:2,0,[StatementsData_logId:3]
6427027,401,4:40:3,0,[StatementsData_logId:4]
6427027,402,4:40:4,0,[StatementsData_logId:4,true]
6427027,405,4:40:4,0,[StatementsData_logId:4]
6427027,406,4:40:5,0,[StatementsData_logId:4,2]
6427027,411,4:40:6,0,[StatementsData_logId:4]
6427027,401,4:40:8,0,[StatementsData_logId:5]
6427027,404,4:40:9,0,[StatementsData_logId:5,true]
6427027,406,4:40:9,0,[StatementsData_logId:5,2]
6427027,412,4:40:12,0,[StatementsData_logId:5]
6427027,413,4:40:12,0,[StatementsData_logId:5,DuelResponsesData_logId:9]
6427027,414,4:40:13,0,[StatementsData_logId:5,DuelResponsesData_logId:9]
6427027,415,4:40:18,0,[StatementsData_logId:5,DuelResponsesData_logId:9,DuelResponsesData_ok_player_response]
6427027,416,4:40:19,0,[StatementsData_logId:5,DuelResponsesData_logId:9]
6427027,417,4:40:20,0,[StatementsData_logId:5,DuelResponsesData_logId:9]
6427027,413,4:40:20,0,[StatementsData_logId:5,DuelResponsesData_logId:10]
6427027,414,4:40:21,0,[StatementsData_logId:5,DuelResponsesData_logId:10]
6427027,415,4:40:24,0,[StatementsData_logId:5,DuelResponsesData_logId:10,DuelResponsesData_ok_player_response]
6427027,416,4:40:24,0,[StatementsData_logId:5,DuelResponsesData_logId:10]
6427027,417,4:40:25,0,[StatementsData_logId:5,DuelResponsesData_logId:10]
6427027,413,4:40:26,0,[StatementsData_logId:5,DuelResponsesData_logId:11]
6427027,414,4:40:27,0,[StatementsData_logId:5,DuelResponsesData_logId:11]
6427027,415,4:40:28,0,[StatementsData_logId:5,DuelResponsesData_logId:11,DuelResponsesData_witty_player_response]
6427027,416,4:40:29,0,[StatementsData_logId:5,DuelResponsesData_logId:11]
6427027,417,4:40:30,0,[StatementsData_logId:5,DuelResponsesData_logId:11]
6427027,418,4:40:30,0,[StatementsData_logId:5,true]
6427027,419,4:40:33,0,[StatementsData_logId:5,4]
6427027,411,4:40:34,0,[StatementsData_logId:5]
6427027,420,4:40:34,0,[50]
6427027,1000,4:40:39,0,[]
6427027,400,4:40:40,0,[]
6427027,401,4:40:41,0,[StatementsData_logId:0]
6427027,404,4:40:42,0,[StatementsData_logId:0,false]
6427027,405,4:40:43,0,[StatementsData_logId:0]
6427027,406,4:40:45,0,[StatementsData_logId:0,-2]
6427027,411,4:40:46,0,[StatementsData_logId:0]
6427027,1002,4:40:48,0
6427027,1003,4:40:48,0
6427027,1004,4:40:49,0
6427027,400,4:40:51,0,[]
6427027,401,4:40:51,0,[StatementsData_logId:0]
6427027,403,4:40:52,0,[StatementsData_logId:0,true]
6427027,405,4:40:53,0,[StatementsData_logId:0]
6427027,406,4:40:54,0,[StatementsData_logId:0,2]
6427027,407,4:40:54,0,[StatementsData_logId:0,FactCardData_id:0]
6427027,407,4:40:54,0,[StatementsData_logId:0,FactCardData_id:5]
6427027,407,4:40:54,0,[StatementsData_logId:0,FactCardData_id:6]
6427027,407,4:40:54,0,[StatementsData_logId:0,FactCardData_id:7]
6427027,407,4:40:54,0,[StatementsData_logId:0,FactCardData_id:4]
6427027,407,4:40:54,0,[StatementsData_logId:0,FactCardData_id:3]
6427027,407,4:40:55,0,[StatementsData_logId:0,FactCardData_id:0]
6427027,407,4:40:55,0,[StatementsData_logId:0,FactCardData_id:0]
6427027,407,4:40:56,0,[StatementsData_logId:0,FactCardData_id:5]
6427027,407,4:40:56,0,[StatementsData_logId:0,FactCardData_id:0]
6427027,407,4:40:56,0,[StatementsData_logId:0,FactCardData_id:5]
6427027,407,4:40:58,0,[StatementsData_logId:0,FactCardData_id:7]
6427027,407,4:40:58,0,[StatementsData_logId:0,FactCardData_id:5]
6427027,407,4:40:58,0,[StatementsData_logId:0,FactCardData_id:7]
6427027,407,4:40:58,0,[StatementsData_logId:0,FactCardData_id:3]
6427027,407,4:40:58,0,[StatementsData_logId:0,FactCardData_id:7]
6427027,407,4:40:58,0,[StatementsData_logId:0,FactCardData_id:3]
6427027,407,4:40:59,0,[StatementsData_logId:0,FactCardData_id:7]
6427027,407,4:40:59,0,[StatementsData_logId:0,FactCardData_id:3]
6427027,407,4:40:59,0,[StatementsData_logId:0,FactCardData_id:7]
6427027,407,4:41:1,0,[StatementsData_logId:0,FactCardData_id:4]
6427027,407,4:41:1,0,[StatementsData_logId:0,FactCardData_id:7]
6427027,407,4:41:1,0,[StatementsData_logId:0,FactCardData_id:4]
6427027,407,4:41:1,0,[StatementsData_logId:0,FactCardData_id:0]
6427027,407,4:41:1,0,[StatementsData_logId:0,FactCardData_id:4]
6427027,407,4:41:1,0,[StatementsData_logId:0,FactCardData_id:0]
6427027,407,4:41:2,0,[StatementsData_logId:0,FactCardData_id:6]
6427027,407,4:41:2,0,[StatementsData_logId:0,FactCardData_id:0]
6427027,407,4:41:2,0,[StatementsData_logId:0,FactCardData_id:6]
6427027,407,4:41:5,0,[StatementsData_logId:0,FactCardData_id:4]
6427027,407,4:41:5,0,[StatementsData_logId:0,FactCardData_id:6]
6427027,407,4:41:5,0,[StatementsData_logId:0,FactCardData_id:4]
6427027,407,4:41:18,0,[StatementsData_logId:0,FactCardData_id:5]
6427027,407,4:41:18,0,[StatementsData_logId:0,FactCardData_id:4]
6427027,407,4:41:18,0,[StatementsData_logId:0,FactCardData_id:5]
6427027,407,4:41:20,0,[StatementsData_logId:0,FactCardData_id:7]
6427027,407,4:41:20,0,[StatementsData_logId:0,FactCardData_id:5]
6427027,407,4:41:20,0,[StatementsData_logId:0,FactCardData_id:7]
6427027,407,4:41:23,0,[StatementsData_logId:0,FactCardData_id:3]
6427027,407,4:41:23,0,[StatementsData_logId:0,FactCardData_id:7]
6427027,407,4:41:23,0,[StatementsData_logId:0,FactCardData_id:3]
6427027,407,4:41:25,0,[StatementsData_logId:0,FactCardData_id:4]
6427027,407,4:41:25,0,[StatementsData_logId:0,FactCardData_id:3]
6427027,407,4:41:25,0,[StatementsData_logId:0,FactCardData_id:4]
6427027,407,4:41:27,0,[StatementsData_logId:0,FactCardData_id:6]
6427027,407,4:41:27,0,[StatementsData_logId:0,FactCardData_id:4]
6427027,407,4:41:27,0,[StatementsData_logId:0,FactCardData_id:6]
6427027,408,4:41:28,0,[StatementsData_logId:0,FactCardData_id:6,true]
6427027,409,4:41:28,0,[StatementsData_logId:0]
6427027,410,4:41:29,0,[StatementsData_logId:0,2]
6427027,412,4:41:31,0,[StatementsData_logId:0]
6427027,413,4:41:32,0,[StatementsData_logId:0,DuelResponsesData_logId:0]
6427027,414,4:41:33,0,[StatementsData_logId:0,DuelResponsesData_logId:0]
6427027,415,4:41:37,0,[StatementsData_logId:0,DuelResponsesData_logId:0,DuelResponsesData_witty_player_response]
6427027,416,4:41:37,0,[StatementsData_logId:0,DuelResponsesData_logId:0]
6427027,417,4:41:38,0,[StatementsData_logId:0,DuelResponsesData_logId:0]
6427027,413,4:41:39,0,[StatementsData_logId:0,DuelResponsesData_logId:1]
6427027,414,4:41:39,0,[StatementsData_logId:0,DuelResponsesData_logId:1]
6427027,415,4:41:42,0,[StatementsData_logId:0,DuelResponsesData_logId:1,DuelResponsesData_witty_player_response]
6427027,416,4:41:42,0,[StatementsData_logId:0,DuelResponsesData_logId:1]
6427027,417,4:41:43,0,[StatementsData_logId:0,DuelResponsesData_logId:1]
6427027,413,4:41:44,0,[StatementsData_logId:0,DuelResponsesData_logId:2]
6427027,414,4:41:44,0,[StatementsData_logId:0,DuelResponsesData_logId:2]
6427027,415,4:41:47,0,[StatementsData_logId:0,DuelResponsesData_logId:2,DuelResponsesData_witty_player_response]
6427027,416,4:41:47,0,[StatementsData_logId:0,DuelResponsesData_logId:2]
6427027,417,4:41:49,0,[StatementsData_logId:0,DuelResponsesData_logId:2]
6427027,418,4:41:49,0,[StatementsData_logId:0,true]
6427027,419,4:41:51,0,[StatementsData_logId:0,4]
6427027,411,4:41:54,0,[StatementsData_logId:0]
6427027,401,4:41:55,0,[StatementsData_logId:1]
6427027,402,4:41:58,0,[StatementsData_logId:1,true]
6427027,405,4:41:58,0,[StatementsData_logId:1]
6427027,406,4:41:59,0,[StatementsData_logId:1,2]
6427027,411,4:42:0,0,[StatementsData_logId:1]
6427027,401,4:42:2,0,[StatementsData_logId:2]
6427027,404,4:42:3,0,[StatementsData_logId:2,true]
6427027,406,4:42:3,0,[StatementsData_logId:2,2]
6427027,412,4:42:5,0,[StatementsData_logId:2]
6427027,413,4:42:6,0,[StatementsData_logId:2,DuelResponsesData_logId:3]
6427027,414,4:42:6,0,[StatementsData_logId:2,DuelResponsesData_logId:3]
6427027,415,4:42:8,0,[StatementsData_logId:2,DuelResponsesData_logId:3,DuelResponsesData_witty_player_response]
6427027,416,4:42:9,0,[StatementsData_logId:2,DuelResponsesData_logId:3]
6427027,417,4:42:10,0,[StatementsData_logId:2,DuelResponsesData_logId:3]
6427027,413,4:42:11,0,[StatementsData_logId:2,DuelResponsesData_logId:4]
6427027,414,4:42:12,0,[StatementsData_logId:2,DuelResponsesData_logId:4]
6427027,415,4:42:14,0,[StatementsData_logId:2,DuelResponsesData_logId:4,DuelResponsesData_witty_player_response]
6427027,416,4:42:15,0,[StatementsData_logId:2,DuelResponsesData_logId:4]
6427027,417,4:42:16,0,[StatementsData_logId:2,DuelResponsesData_logId:4]
6427027,413,4:42:16,0,[StatementsData_logId:2,DuelResponsesData_logId:5]
6427027,414,4:42:17,0,[StatementsData_logId:2,DuelResponsesData_logId:5]
6427027,415,4:42:20,0,[StatementsData_logId:2,DuelResponsesData_logId:5,DuelResponsesData_ok_player_response]
6427027,416,4:42:21,0,[StatementsData_logId:2,DuelResponsesData_logId:5]
6427027,417,4:42:21,0,[StatementsData_logId:2,DuelResponsesData_logId:5]
6427027,418,4:42:21,0,[StatementsData_logId:2,true]
6427027,419,4:42:24,0,[StatementsData_logId:2,4]
6427027,411,4:42:25,0,[StatementsData_logId:2]
6427027,401,4:42:27,0,[StatementsData_logId:3]
6427027,403,4:42:30,0,[StatementsData_logId:3,true]
6427027,405,4:42:30,0,[StatementsData_logId:3]
6427027,406,4:42:31,0,[StatementsData_logId:3,2]
6427027,407,4:42:31,0,[StatementsData_logId:3,FactCardData_id:3]
6427027,407,4:42:31,0,[StatementsData_logId:3,FactCardData_id:0]
6427027,407,4:42:31,0,[StatementsData_logId:3,FactCardData_id:6]
6427027,407,4:42:31,0,[StatementsData_logId:3,FactCardData_id:5]
6427027,407,4:42:31,0,[StatementsData_logId:3,FactCardData_id:4]
6427027,407,4:42:31,0,[StatementsData_logId:3,FactCardData_id:7]
6427027,407,4:42:34,0,[StatementsData_logId:3,FactCardData_id:3]
6427027,407,4:42:34,0,[StatementsData_logId:3,FactCardData_id:3]
6427027,407,4:42:36,0,[StatementsData_logId:3,FactCardData_id:6]
6427027,407,4:42:36,0,[StatementsData_logId:3,FactCardData_id:3]
6427027,407,4:42:36,0,[StatementsData_logId:3,FactCardData_id:6]
6427027,407,4:42:37,0,[StatementsData_logId:3,FactCardData_id:4]
6427027,407,4:42:37,0,[StatementsData_logId:3,FactCardData_id:6]
6427027,407,4:42:37,0,[StatementsData_logId:3,FactCardData_id:4]
6427027,407,4:42:47,0,[StatementsData_logId:3,FactCardData_id:7]
6427027,407,4:42:47,0,[StatementsData_logId:3,FactCardData_id:4]
6427027,407,4:42:47,0,[StatementsData_logId:3,FactCardData_id:7]
6427027,407,4:42:50,0,[StatementsData_logId:3,FactCardData_id:5]
6427027,407,4:42:50,0,[StatementsData_logId:3,FactCardData_id:7]
6427027,407,4:42:50,0,[StatementsData_logId:3,FactCardData_id:5]
6427027,407,4:42:51,0,[StatementsData_logId:3,FactCardData_id:0]
6427027,407,4:42:51,0,[StatementsData_logId:3,FactCardData_id:5]
6427027,407,4:42:51,0,[StatementsData_logId:3,FactCardData_id:0]
6427027,408,4:42:57,0,[StatementsData_logId:3,FactCardData_id:0,true]
6427027,409,4:42:57,0,[StatementsData_logId:3]
6427027,410,4:42:58,0,[StatementsData_logId:3,2]
6427027,412,4:43:0,0,[StatementsData_logId:3]
6427027,413,4:43:0,0,[StatementsData_logId:3,DuelResponsesData_logId:6]
6427027,414,4:43:1,0,[StatementsData_logId:3,DuelResponsesData_logId:6]
6427027,415,4:43:4,0,[StatementsData_logId:3,DuelResponsesData_logId:6,DuelResponsesData_ok_player_response]
6427027,416,4:43:4,0,[StatementsData_logId:3,DuelResponsesData_logId:6]
6427027,417,4:43:5,0,[StatementsData_logId:3,DuelResponsesData_logId:6]
6427027,413,4:43:6,0,[StatementsData_logId:3,DuelResponsesData_logId:7]
6427027,414,4:43:6,0,[StatementsData_logId:3,DuelResponsesData_logId:7]
6427027,415,4:43:9,0,[StatementsData_logId:3,DuelResponsesData_logId:7,DuelResponsesData_ok_player_response]
6427027,416,4:43:9,0,[StatementsData_logId:3,DuelResponsesData_logId:7]
6427027,417,4:43:10,0,[StatementsData_logId:3,DuelResponsesData_logId:7]
6427027,413,4:43:11,0,[StatementsData_logId:3,DuelResponsesData_logId:8]
6427027,414,4:43:12,0,[StatementsData_logId:3,DuelResponsesData_logId:8]
6427027,415,4:43:16,0,[StatementsData_logId:3,DuelResponsesData_logId:8,DuelResponsesData_witty_player_response]
6427027,416,4:43:17,0,[StatementsData_logId:3,DuelResponsesData_logId:8]
6427027,417,4:43:18,0,[StatementsData_logId:3,DuelResponsesData_logId:8]
6427027,418,4:43:18,0,[StatementsData_logId:3,true]
6427027,419,4:43:20,0,[StatementsData_logId:3,4]
6427027,411,4:43:21,0,[StatementsData_logId:3]
6427027,401,4:43:22,0,[StatementsData_logId:4]
6427027,402,4:43:23,0,[StatementsData_logId:4,true]
6427027,405,4:43:24,0,[StatementsData_logId:4]
6427027,406,4:43:25,0,[StatementsData_logId:4,2]
6427027,411,4:43:26,0,[StatementsData_logId:4]
6427027,401,4:43:27,0,[StatementsData_logId:5]
6427027,404,4:43:28,0,[StatementsData_logId:5,true]
6427027,406,4:43:29,0,[StatementsData_logId:5,2]
6427027,412,4:43:30,0,[StatementsData_logId:5]
6427027,413,4:43:31,0,[StatementsData_logId:5,DuelResponsesData_logId:9]
6427027,414,4:43:33,0,[StatementsData_logId:5,DuelResponsesData_logId:9]
6427027,415,4:43:36,0,[StatementsData_logId:5,DuelResponsesData_logId:9,DuelResponsesData_ok_player_response]
6427027,416,4:43:37,0,[StatementsData_logId:5,DuelResponsesData_logId:9]
6427027,417,4:43:38,0,[StatementsData_logId:5,DuelResponsesData_logId:9]
6427027,413,4:43:38,0,[StatementsData_logId:5,DuelResponsesData_logId:10]
6427027,414,4:43:39,0,[StatementsData_logId:5,DuelResponsesData_logId:10]
6427027,415,4:43:40,0,[StatementsData_logId:5,DuelResponsesData_logId:10,DuelResponsesData_witty_player_response]
6427027,416,4:43:41,0,[StatementsData_logId:5,DuelResponsesData_logId:10]
6427027,417,4:43:41,0,[StatementsData_logId:5,DuelResponsesData_logId:10]
6427027,413,4:43:42,0,[StatementsData_logId:5,DuelResponsesData_logId:11]
6427027,414,4:43:43,0,[StatementsData_logId:5,DuelResponsesData_logId:11]
6427027,415,4:43:45,0,[StatementsData_logId:5,DuelResponsesData_logId:11,DuelResponsesData_witty_player_response]
6427027,416,4:43:46,0,[StatementsData_logId:5,DuelResponsesData_logId:11]
6427027,417,4:43:46,0,[StatementsData_logId:5,DuelResponsesData_logId:11]
6427027,418,4:43:46,0,[StatementsData_logId:5,true]
6427027,419,4:43:49,0,[StatementsData_logId:5,4]
6427027,411,4:43:50,0,[StatementsData_logId:5]
6427027,420,4:43:50,0,[64]
6427027,1005,4:43:50,0,[0,2,3]
6427027,1001,4:43:52,0,[]
6427027,1003,4:43:52,0
6427027,210,4:43:55,959,442
6427027,211,4:43:55,961,474
6427027,213,4:43:55,0,c_bestFriend_M_a_G7a1P,true
6427027,205,4:43:55,0,c_bestFriend_M_a_G7a1P,false,false
6427027,221,4:44:3,0
6427027,220,4:44:6,0
6427027,210,4:44:8,920,428
6427027,211,4:44:9,988,497
6427027,213,4:44:9,0,c_bestFriend_M_a_G7a1P,true
6427027,205,4:44:9,0,c_bestFriend_M_a_G7a1P,false,true
6427027,210,4:44:13,786,444
6427027,211,4:44:13,755,498
6427027,212,4:44:14,2
6427027,210,4:44:14,748,442
6427027,211,4:44:15,757,495
6427027,210,4:44:15,762,482
6427027,211,4:44:16,655,381
6427027,213,4:44:16,0,s_paperPlayers_G7a1P,true
6427027,210,4:44:22,1236,99
6427027,211,4:44:22,1196,141
6427027,213,4:44:22,0,s_clock_G7a1P,true
6427027,210,4:44:39,971,502
6427027,211,4:44:40,995,428
6427027,210,4:44:40,981,338
6427027,211,4:44:42,777,334
6427027,212,4:44:42,0
6427027,210,4:44:43,816,380
6427027,211,4:44:46,968,451
6427027,213,4:44:46,0,c_bestFriend_M_a_G7a1P,true
6427027,205,4:44:46,0,c_bestFriend_M_a_G7a1P,false,true
6427027,210,4:44:52,954,436
6427027,211,4:44:52,1062,420
6427027,210,4:44:53,991,489
6427027,211,4:44:53,958,491
6427027,213,4:44:53,0,c_bestFriend_M_a_G7a1P,true
6427027,205,4:44:53,0,c_bestFriend_M_a_G7a1P,false,true
6427027,212,4:45:4,1
6427027,221,4:45:9,0
6427027,220,4:45:12,0
6427027,210,4:45:35,672,325
6427027,211,4:45:35,661,353
6427027,213,4:45:35,0,s_paperPlayers_G7a1P,true
6427027,210,4:45:37,710,549
6427027,211,4:45:38,777,490
6427027,213,4:45:38,0,c_teacherEng_G7a1P,true
6427027,205,4:45:38,0,c_teacherEng_G7a1P,false,true
6427027,221,4:45:42,0
6427027,220,4:45:44,0
6427027,212,4:45:45,2
6427027,210,4:45:47,748,352
6427027,207,4:45:49,0,-400,-518
6427027,211,4:45:51,401,446
6427027,207,4:45:51,0,-518,-383
6427027,207,4:45:51,0,-383,-338
6427027,210,4:45:51,411,373
6427027,207,4:45:53,0,-338,0
6427027,211,4:45:54,250,415
6427027,212,4:45:54,1
6427027,210,4:45:55,229,369
6427027,211,4:45:57,234,408
6427027,213,4:45:57,0,s_papersDetention_gen,true
6427027,212,4:46:3,2
6427027,212,4:46:6,1
6427027,210,4:46:7,470,223
6427027,211,4:46:8,495,273
6427027,212,4:46:9,2
6427027,219,4:47:48,0
6427027,218,4:47:59,0
6427027,210,4:48:0,757,344
6427027,211,4:48:2,610,627
6427027,221,4:48:2,0
6427027,220,4:48:6,0
6427027,210,4:48:7,265,297
6427027,211,4:48:7,255,384
6427027,212,4:48:8,1
6427027,210,4:48:9,245,336
6427027,211,4:48:10,232,402
6427027,213,4:48:10,0,s_papersDetention_gen,true
6427027,210,4:48:14,334,252
6427027,207,4:48:17,0,0,-60
6427027,207,4:48:18,0,-60,-210
6427027,207,4:48:18,0,-210,-435
6427027,207,4:48:19,0,-435,-518
6427027,211,4:48:21,1482,334
6427027,213,4:48:21,0,s_paperEnglish_gen,true
6427027,205,4:48:21,0,s_paperEnglish_gen,false,false
6427027,210,4:48:29,1421,221
6427027,211,4:48:31,1249,415
6427027,210,4:48:31,1099,386
6427027,211,4:48:32,965,463
6427027,221,4:48:33,0
6427027,220,4:48:36,0
6427027,212,4:48:37,2
6427027,210,4:48:37,1113,452
6427027,211,4:48:40,1154,294
6427027,210,4:48:51,1224,325
6427027,211,4:48:52,1230,369
6427027,210,4:48:52,1218,320
6427027,211,4:48:52,1214,335
6427027,210,4:49:14,1227,81
6427027,211,4:49:14,1203,145
6427027,213,4:49:14,0,s_clock_G7a1P,true
6427027,210,4:49:17,951,89
6427027,207,4:49:18,0,-518,-323
6427027,211,4:49:19,175,304
6427027,207,4:49:19,0,-323,-158
6427027,207,4:49:19,0,-158,-98
6427027,210,4:49:19,188,151
6427027,211,4:49:20,267,132
6427027,213,4:49:20,0,s_flag_gen,true
6427027,205,4:49:20,0,s_flag_gen,false,false
6427027,221,4:49:24,0
6427027,220,4:49:25,0
6427027,203,4:49:25,0
6427027,100,4:49:31,1
6427027,102,4:49:33,1
6427027,200,4:49:33,1,3,3,3,0,6
6427027,219,4:49:33,1
6427027,216,4:49:34,Stack_G7b0
6427027,217,4:50:3,Stack_G7b0,21,0.00
6427027,218,4:50:5,1
6427027,210,4:50:6,964,355
6427027,211,4:50:7,1017,446
6427027,213,4:50:7,1,c_crewKid1_M_G7b0,false
6427027,1003,4:50:10,2
6427027,1004,4:50:12,1
6427027,900,4:50:14,1,[]
6427027,901,4:50:15,1,[PeopleData_id:2]
6427027,901,4:50:16,1,[PeopleData_id:3]
6427027,901,4:50:17,1,[PeopleData_id:1]
6427027,901,4:50:18,1,[PeopleData_id:6]
6427027,901,4:50:19,1,[PeopleData_id:0]
6427027,902,4:50:21,1,[PeopleData_id:0,PeopleData_data2Type]
6427027,903,4:50:23,1,[PeopleData_id0,PeopleData_data2Type]
6427027,902,4:50:23,1,[PeopleData_id:0,PeopleData_data1Type]
6427027,903,4:50:24,1,[PeopleData_id0,PeopleData_data1Type]
6427027,902,4:50:25,1,[PeopleData_id:0,PeopleData_data0Type]
6427027,903,4:50:28,1,[PeopleData_id0,PeopleData_data0Type]
6427027,901,4:50:28,1,[PeopleData_id:0]
6427027,904,4:50:28,1,[PeopleData_id:0]
6427027,905,4:50:29,1,[PeopleData_id:0,RankTypes_id:-1,RankTypes_id:4]
6427027,901,4:50:31,1,[PeopleData_id:6]
6427027,902,4:50:32,1,[PeopleData_id:6,PeopleData_data3Type]
6427027,903,4:50:36,1,[PeopleData_id6,PeopleData_data3Type]
6427027,902,4:50:37,1,[PeopleData_id:6,PeopleData_data2Type]
6427027,903,4:50:39,1,[PeopleData_id6,PeopleData_data2Type]
6427027,902,4:50:40,1,[PeopleData_id:6,PeopleData_data1Type]
6427027,903,4:50:42,1,[PeopleData_id6,PeopleData_data1Type]
6427027,902,4:50:43,1,[PeopleData_id:6,PeopleData_data0Type]
6427027,903,4:50:44,1,[PeopleData_id6,PeopleData_data0Type]
6427027,901,4:50:45,1,[PeopleData_id:6]
6427027,904,4:50:45,1,[PeopleData_id:6]
6427027,905,4:50:46,1,[PeopleData_id:6,RankTypes_id:-1,RankTypes_id:4]
6427027,901,4:50:48,1,[PeopleData_id:1]
6427027,901,4:50:49,1,[PeopleData_id:3]
6427027,901,4:50:50,1,[PeopleData_id:2]
6427027,904,4:50:50,1,[PeopleData_id:2]
6427027,905,4:50:50,1,[PeopleData_id:2,RankTypes_id:-1,RankTypes_id:0]
6427027,901,4:50:51,1,[PeopleData_id:1]
6427027,904,4:50:51,1,[PeopleData_id:1]
6427027,905,4:50:52,1,[PeopleData_id:1,RankTypes_id:-1,RankTypes_id:0]
6427027,901,4:50:52,1,[PeopleData_id:3]
6427027,904,4:50:52,1,[PeopleData_id:3]
6427027,901,4:50:54,1,[PeopleData_id:5]
6427027,904,4:50:54,1,[PeopleData_id:5]
6427027,905,4:50:54,1,[PeopleData_id:5,RankTypes_id:-1,RankTypes_id:0]
6427027,901,4:50:55,1,[PeopleData_id:3]
6427027,904,4:50:55,1,[PeopleData_id:3]
6427027,905,4:50:55,1,[PeopleData_id:3,RankTypes_id:-1,RankTypes_id:0]
6427027,901,4:50:56,1,[PeopleData_id:4]
6427027,904,4:50:57,1,[PeopleData_id:4]
6427027,905,4:50:57,1,[PeopleData_id:4,RankTypes_id:-1,RankTypes_id:0]
6427027,906,4:50:57,1,[]
6427027,907,4:50:59,1,[]
6427027,908,4:50:59,1,[InvitationData_id:5,PeopleData_id:6,RankTypes_id:4]
6427027,909,4:51:1,1,[InvitationData_id:5,PeopleData_id:6,RankTypes_id:4,1]
6427027,910,4:51:1,1,[InvitationData_id:5,9,false]
6427027,908,4:51:1,1,[InvitationData_id:6,PeopleData_id:6,RankTypes_id:4]
6427027,909,4:51:2,1,[InvitationData_id:6,PeopleData_id:6,RankTypes_id:4,1]
6427027,910,4:51:4,1,[InvitationData_id:6,9,false]
6427027,908,4:51:4,1,[InvitationData_id:8,PeopleData_id:6,RankTypes_id:4]
6427027,909,4:51:5,1,[InvitationData_id:8,PeopleData_id:6,RankTypes_id:4,1]
6427027,910,4:51:6,1,[InvitationData_id:8,9,false]
6427027,908,4:51:6,1,[InvitationData_id:2,PeopleData_id:0,RankTypes_id:4]
6427027,909,4:51:7,1,[InvitationData_id:2,PeopleData_id:0,RankTypes_id:4,1]
6427027,910,4:51:9,1,[InvitationData_id:2,0,true]
6427027,908,4:51:9,1,[InvitationData_id:0,PeopleData_id:0,RankTypes_id:4]
6427027,909,4:51:10,1,[InvitationData_id:0,PeopleData_id:0,RankTypes_id:4,1]
6427027,910,4:51:11,1,[InvitationData_id:0,9,false]
6427027,908,4:51:11,1,[InvitationData_id:10,PeopleData_id:6,RankTypes_id:4]
6427027,909,4:51:12,1,[InvitationData_id:10,PeopleData_id:6,RankTypes_id:4,1]
6427027,910,4:51:13,1,[InvitationData_id:10,9,false]
6427027,908,4:51:13,1,[InvitationData_id:4,PeopleData_id:0,RankTypes_id:4]
6427027,909,4:51:14,1,[InvitationData_id:4,PeopleData_id:0,RankTypes_id:4,1]
6427027,910,4:51:16,1,[InvitationData_id:4,0,true]
6427027,911,4:51:18,1,[45,2,0,2]
6427027,1005,4:51:18,1,[2,0,1]
6427027,1000,4:51:21,1,[]
6427027,900,4:51:22,1,[]
6427027,901,4:51:23,1,[PeopleData_id:4]
6427027,904,4:51:23,1,[PeopleData_id:4]
6427027,901,4:51:24,1,[PeopleData_id:0]
6427027,901,4:51:25,1,[PeopleData_id:0]
6427027,904,4:51:25,1,[PeopleData_id:0]
6427027,905,4:51:26,1,[PeopleData_id:0,RankTypes_id:-1,RankTypes_id:4]
6427027,901,4:51:27,1,[PeopleData_id:4]
6427027,904,4:51:27,1,[PeopleData_id:4]
6427027,905,4:51:27,1,[PeopleData_id:4,RankTypes_id:-1,RankTypes_id:0]
6427027,901,4:51:27,1,[PeopleData_id:4]
6427027,904,4:51:27,1,[PeopleData_id:4]
6427027,905,4:51:28,1,[PeopleData_id:4,RankTypes_id:0,RankTypes_id:0]
6427027,901,4:51:28,1,[PeopleData_id:1]
6427027,904,4:51:29,1,[PeopleData_id:1]
6427027,905,4:51:29,1,[PeopleData_id:1,RankTypes_id:-1,RankTypes_id:0]
6427027,901,4:51:29,1,[PeopleData_id:3]
6427027,904,4:51:29,1,[PeopleData_id:3]
6427027,905,4:51:30,1,[PeopleData_id:3,RankTypes_id:-1,RankTypes_id:0]
6427027,901,4:51:31,1,[PeopleData_id:2]
6427027,904,4:51:31,1,[PeopleData_id:2]
6427027,905,4:51:32,1,[PeopleData_id:2,RankTypes_id:-1,RankTypes_id:0]
6427027,901,4:51:32,1,[PeopleData_id:6]
6427027,904,4:51:32,1,[PeopleData_id:6]
6427027,905,4:51:33,1,[PeopleData_id:6,RankTypes_id:-1,RankTypes_id:0]
6427027,901,4:51:34,1,[PeopleData_id:5]
6427027,902,4:51:35,1,[PeopleData_id:5,PeopleData_data2Type]
6427027,903,4:51:36,1,[PeopleData_id5,PeopleData_data2Type]
6427027,902,4:51:36,1,[PeopleData_id:5,PeopleData_data1Type]
6427027,903,4:51:37,1,[PeopleData_id5,PeopleData_data1Type]
6427027,902,4:51:38,1,[PeopleData_id:5,PeopleData_data0Type]
6427027,903,4:51:39,1,[PeopleData_id5,PeopleData_data0Type]
6427027,901,4:51:40,1,[PeopleData_id:5]
6427027,904,4:51:40,1,[PeopleData_id:5]
6427027,905,4:51:40,1,[PeopleData_id:5,RankTypes_id:-1,RankTypes_id:4]
6427027,906,4:51:40,1,[]
6427027,907,4:51:41,1,[]
6427027,908,4:51:41,1,[InvitationData_id:8,PeopleData_id:5,RankTypes_id:4]
6427027,909,4:51:43,1,[InvitationData_id:8,PeopleData_id:5,RankTypes_id:4,1]
6427027,910,4:51:43,1,[InvitationData_id:8,9,false]
6427027,908,4:51:43,1,[InvitationData_id:3,PeopleData_id:5,RankTypes_id:4]
6427027,909,4:51:45,1,[InvitationData_id:3,PeopleData_id:5,RankTypes_id:4,1]
6427027,910,4:51:45,1,[InvitationData_id:3,9,false]
6427027,908,4:51:45,1,[InvitationData_id:2,PeopleData_id:0,RankTypes_id:4]
6427027,909,4:51:46,1,[InvitationData_id:2,PeopleData_id:0,RankTypes_id:4,1]
6427027,910,4:51:48,1,[InvitationData_id:2,0,true]
6427027,908,4:51:48,1,[InvitationData_id:0,PeopleData_id:0,RankTypes_id:4]
6427027,909,4:51:50,1,[InvitationData_id:0,PeopleData_id:0,RankTypes_id:4,1]
6427027,910,4:51:51,1,[InvitationData_id:0,9,false]
6427027,908,4:51:51,1,[InvitationData_id:4,PeopleData_id:0,RankTypes_id:4]
6427027,909,4:51:52,1,[InvitationData_id:4,PeopleData_id:0,RankTypes_id:4,1]
6427027,910,4:51:53,1,[InvitationData_id:4,0,true]
6427027,911,4:51:54,1,[27,2,0,2]
6427027,1001,4:51:55,1,[]
6427027,1003,4:51:55,2
6427027,1004,4:51:57,1
6427027,900,4:51:58,1,[]
6427027,901,4:51:59,1,[PeopleData_id:3]
6427027,901,4:52:1,1,[PeopleData_id:6]
6427027,901,4:52:2,1,[PeopleData_id:2]
6427027,901,4:52:3,1,[PeopleData_id:3]
6427027,901,4:52:5,1,[PeopleData_id:4]
6427027,901,4:52:5,1,[PeopleData_id:1]
6427027,901,4:52:6,1,[PeopleData_id:5]
6427027,902,4:52:8,1,[PeopleData_id:5,PeopleData_data2Type]
6427027,903,4:52:9,1,[PeopleData_id5,PeopleData_data2Type]
6427027,902,4:52:9,1,[PeopleData_id:5,PeopleData_data1Type]
6427027,903,4:52:10,1,[PeopleData_id5,PeopleData_data1Type]
6427027,902,4:52:11,1,[PeopleData_id:5,PeopleData_data0Type]
6427027,903,4:52:12,1,[PeopleData_id5,PeopleData_data0Type]
6427027,901,4:52:12,1,[PeopleData_id:5]
6427027,904,4:52:13,1,[PeopleData_id:5]
6427027,905,4:52:13,1,[PeopleData_id:5,RankTypes_id:-1,RankTypes_id:4]
6427027,901,4:52:14,1,[PeopleData_id:1]
6427027,904,4:52:14,1,[PeopleData_id:1]
6427027,905,4:52:15,1,[PeopleData_id:1,RankTypes_id:-1,RankTypes_id:0]
6427027,901,4:52:15,1,[PeopleData_id:4]
6427027,904,4:52:15,1,[PeopleData_id:4]
6427027,905,4:52:15,1,[PeopleData_id:4,RankTypes_id:-1,RankTypes_id:0]
6427027,901,4:52:16,1,[PeopleData_id:0]
6427027,904,4:52:16,1,[PeopleData_id:0]
6427027,905,4:52:17,1,[PeopleData_id:0,RankTypes_id:-1,RankTypes_id:0]
6427027,901,4:52:17,1,[PeopleData_id:2]
6427027,904,4:52:17,1,[PeopleData_id:2]
6427027,905,4:52:18,1,[PeopleData_id:2,RankTypes_id:-1,RankTypes_id:0]
6427027,901,4:52:18,1,[PeopleData_id:6]
6427027,904,4:52:18,1,[PeopleData_id:6]
6427027,905,4:52:19,1,[PeopleData_id:6,RankTypes_id:-1,RankTypes_id:0]
6427027,901,4:52:20,1,[PeopleData_id:3]
6427027,902,4:52:21,1,[PeopleData_id:3,PeopleData_data3Type]
6427027,903,4:52:23,1,[PeopleData_id3,PeopleData_data3Type]
6427027,901,4:52:24,1,[PeopleData_id:4]
6427027,904,4:52:24,1,[PeopleData_id:4]
6427027,905,4:52:24,1,[PeopleData_id:4,RankTypes_id:0,RankTypes_id:0]
6427027,902,4:52:25,1,[PeopleData_id:4,PeopleData_data3Type]
6427027,903,4:52:27,1,[PeopleData_id4,PeopleData_data3Type]
6427027,902,4:52:27,1,[PeopleData_id:4,PeopleData_data2Type]
6427027,903,4:52:29,1,[PeopleData_id4,PeopleData_data2Type]
6427027,902,4:52:29,1,[PeopleData_id:4,PeopleData_data1Type]
6427027,902,4:52:30,1,[PeopleData_id:4,PeopleData_data1Type]
6427027,903,4:52:33,1,[PeopleData_id4,PeopleData_data1Type]
6427027,902,4:52:34,1,[PeopleData_id:4,PeopleData_data0Type]
6427027,903,4:52:37,1,[PeopleData_id4,PeopleData_data0Type]
6427027,901,4:52:38,1,[PeopleData_id:1]
6427027,905,4:52:38,1,[PeopleData_id:1,RankTypes_id:0,RankTypes_id:0]
6427027,902,4:52:39,1,[PeopleData_id:1,PeopleData_data3Type]
6427027,903,4:52:40,1,[PeopleData_id1,PeopleData_data3Type]
6427027,902,4:52:41,1,[PeopleData_id:1,PeopleData_data2Type]
6427027,903,4:52:44,1,[PeopleData_id1,PeopleData_data2Type]
6427027,902,4:52:45,1,[PeopleData_id:1,PeopleData_data1Type]
6427027,903,4:52:46,1,[PeopleData_id1,PeopleData_data1Type]
6427027,902,4:52:47,1,[PeopleData_id:1,PeopleData_data0Type]
6427027,903,4:52:48,1,[PeopleData_id1,PeopleData_data0Type]
6427027,901,4:52:49,1,[PeopleData_id:2]
6427027,904,4:52:49,1,[PeopleData_id:2]
6427027,905,4:52:49,1,[PeopleData_id:2,RankTypes_id:0,RankTypes_id:0]
6427027,902,4:52:50,1,[PeopleData_id:2,PeopleData_data3Type]
6427027,903,4:52:52,1,[PeopleData_id2,PeopleData_data3Type]
6427027,902,4:52:53,1,[PeopleData_id:2,PeopleData_data2Type]
6427027,903,4:52:54,1,[PeopleData_id2,PeopleData_data2Type]
6427027,902,4:52:54,1,[PeopleData_id:2,PeopleData_data1Type]
6427027,903,4:52:55,1,[PeopleData_id2,PeopleData_data1Type]
6427027,902,4:52:56,1,[PeopleData_id:2,PeopleData_data1Type]
6427027,903,4:52:57,1,[PeopleData_id2,PeopleData_data1Type]
6427027,902,4:52:58,1,[PeopleData_id:2,PeopleData_data0Type]
6427027,903,4:53:0,1,[PeopleData_id2,PeopleData_data0Type]
6427027,901,4:53:2,1,[PeopleData_id:0]
6427027,905,4:53:2,1,[PeopleData_id:0,RankTypes_id:0,RankTypes_id:0]
6427027,902,4:53:3,1,[PeopleData_id:0,PeopleData_data2Type]
6427027,903,4:53:5,1,[PeopleData_id0,PeopleData_data2Type]
6427027,902,4:53:5,1,[PeopleData_id:0,PeopleData_data1Type]
6427027,903,4:53:6,1,[PeopleData_id0,PeopleData_data1Type]
6427027,902,4:53:7,1,[PeopleData_id:0,PeopleData_data0Type]
6427027,903,4:53:9,1,[PeopleData_id0,PeopleData_data0Type]
6427027,901,4:53:10,1,[PeopleData_id:6]
6427027,904,4:53:10,1,[PeopleData_id:6]
6427027,905,4:53:10,1,[PeopleData_id:6,RankTypes_id:0,RankTypes_id:0]
6427027,902,4:53:11,1,[PeopleData_id:6,PeopleData_data3Type]
6427027,903,4:53:13,1,[PeopleData_id6,PeopleData_data3Type]
6427027,902,4:53:14,1,[PeopleData_id:6,PeopleData_data2Type]
6427027,903,4:53:15,1,[PeopleData_id6,PeopleData_data2Type]
6427027,902,4:53:16,1,[PeopleData_id:6,PeopleData_data1Type]
6427027,903,4:53:17,1,[PeopleData_id6,PeopleData_data1Type]
6427027,902,4:53:18,1,[PeopleData_id:6,PeopleData_data0Type]
6427027,903,4:53:19,1,[PeopleData_id6,PeopleData_data0Type]
6427027,901,4:53:20,1,[PeopleData_id:6]
6427027,904,4:53:20,1,[PeopleData_id:6]
6427027,905,4:53:21,1,[PeopleData_id:6,RankTypes_id:0,RankTypes_id:4]
6427027,901,4:53:22,1,[PeopleData_id:3]
6427027,904,4:53:22,1,[PeopleData_id:3]
6427027,905,4:53:22,1,[PeopleData_id:3,RankTypes_id:-1,RankTypes_id:0]
6427027,906,4:53:22,1,[]
6427027,907,4:53:23,1,[]
6427027,908,4:53:23,1,[InvitationData_id:5,PeopleData_id:6,RankTypes_id:4]
6427027,909,4:53:25,1,[InvitationData_id:5,PeopleData_id:6,RankTypes_id:4,1]
6427027,910,4:53:25,1,[InvitationData_id:5,9,false]
6427027,908,4:53:25,1,[InvitationData_id:8,PeopleData_id:5,RankTypes_id:4]
6427027,909,4:53:26,1,[InvitationData_id:8,PeopleData_id:5,RankTypes_id:4,1]
6427027,910,4:53:27,1,[InvitationData_id:8,9,false]
6427027,908,4:53:27,1,[InvitationData_id:6,PeopleData_id:6,RankTypes_id:4]
6427027,909,4:53:28,1,[InvitationData_id:6,PeopleData_id:6,RankTypes_id:4,1]
6427027,910,4:53:29,1,[InvitationData_id:6,9,false]
6427027,908,4:53:29,1,[InvitationData_id:3,PeopleData_id:5,RankTypes_id:4]
6427027,909,4:53:30,1,[InvitationData_id:3,PeopleData_id:5,RankTypes_id:4,1]
6427027,910,4:53:31,1,[InvitationData_id:3,9,false]
6427027,908,4:53:31,1,[InvitationData_id:10,PeopleData_id:6,RankTypes_id:4]
6427027,909,4:53:32,1,[InvitationData_id:10,PeopleData_id:6,RankTypes_id:4,1]
6427027,910,4:53:32,1,[InvitationData_id:10,9,false]
6427027,911,4:53:35,1,[45,0,0,0]
6427027,1005,4:53:35,1,[2,1,3]
6427027,1001,4:53:36,1,[]
6427027,1003,4:53:36,2
6427027,210,4:53:40,1031,450
6427027,211,4:53:40,1012,505
6427027,213,4:53:40,1,c_crewKid1_M_G7b0,true
6427027,205,4:53:40,1,c_crewKid1_M_G7b0,false,false
6427027,210,4:53:55,1344,405
6427027,211,4:53:56,1373,450
6427027,213,4:53:56,1,c_cousin_M_a_G7b0,true
6427027,210,4:54:7,678,438
6427027,211,4:54:7,711,471
6427027,213,4:54:7,1,c_crewKid2_M_G7b0,true
6427027,210,4:54:11,731,510
6427027,211,4:54:11,737,514
6427027,213,4:54:11,1,c_crewKid2_M_G7b0,true
6427027,212,4:54:14,1
6427027,210,4:54:14,750,437
6427027,211,4:54:15,724,487
6427027,213,4:54:15,1,c_crewKid2_M_G7b0,true
6427027,212,4:54:19,0
6427027,210,4:54:20,698,442
6427027,211,4:54:22,1305,239
6427027,212,4:54:22,2
6427027,210,4:54:23,1262,195
6427027,207,4:54:25,1,-500,0
6427027,211,4:54:26,433,299
6427027,213,4:54:26,1,c_cousinsBrother_a_G7b0,true
6427027,210,4:54:29,188,423
6427027,211,4:54:29,233,475
6427027,212,4:54:30,1
6427027,210,4:54:31,188,485
6427027,211,4:54:31,187,487
6427027,213,4:54:31,1,c_kidSister_cauc_a_G7b0,true
6427027,205,4:54:31,1,c_kidSister_cauc_a_G7b0,false,false
6427027,210,4:54:39,275,310
6427027,211,4:54:41,207,458
6427027,213,4:54:41,1,c_kidSister_cauc_a_G7b0,true
6427027,205,4:54:41,1,c_kidSister_cauc_a_G7b0,false,true
6427027,212,4:54:47,2
6427027,210,4:54:47,523,311
6427027,211,4:54:49,545,121
6427027,213,4:54:49,1,s_lifeguard_G7b0,true
6427027,210,4:54:51,299,377
6427027,211,4:54:52,311,437
6427027,213,4:54:52,1,c_cousinsBrothersFriend_a_G7b0,true
6427027,210,4:54:55,347,367
6427027,211,4:54:56,356,408
6427027,213,4:54:56,1,c_cousinsBrothersFriendsGF_G7b0,true
6427027,210,4:55:0,304,298
6427027,211,4:55:5,1337,272
6427027,207,4:55:5,1,0,-330
6427027,207,4:55:5,1,-330,-375
6427027,210,4:55:5,1306,231
6427027,211,4:55:6,1355,272
6427027,207,4:55:6,1,-375,-405
6427027,212,4:55:7,0
6427027,210,4:55:7,1268,263
6427027,207,4:55:9,1,-405,-555
6427027,207,4:55:10,1,-555,-735
6427027,211,4:55:11,1564,208
6427027,212,4:55:11,2
6427027,210,4:55:12,1553,206
6427027,211,4:55:12,1558,209
6427027,212,4:55:13,1
6427027,210,4:55:13,1535,207
6427027,207,4:55:14,1,-735,-855
6427027,211,4:55:15,1562,228
6427027,213,4:55:15,1,s_snackBarWorker_G7b0,true
6427027,210,4:55:26,1553,113
6427027,211,4:55:29,1163,249
6427027,221,4:55:31,1
6427027,220,4:55:38,1
6427027,210,4:55:39,1492,274
6427027,211,4:55:41,1146,259
6427027,212,4:55:42,2
6427027,210,4:55:42,1546,201
6427027,207,4:55:43,1,-855,-930
6427027,211,4:55:46,1365,545
6427027,213,4:55:46,1,c_cousin_M_a_G7b0,true
6427027,210,4:55:49,1273,299
6427027,207,4:55:52,1,-930,0
6427027,211,4:55:54,303,438
6427027,213,4:55:54,1,c_cousinsBrothersFriend_a_G7b0,true
6427027,210,4:55:57,895,440
6427027,207,4:55:59,1,0,-555
6427027,211,4:55:59,1036,491
6427027,213,4:55:59,1,c_crewKid1_M_G7b0,true
6427027,205,4:55:59,1,c_crewKid1_M_G7b0,false,true
6427027,210,4:56:16,761,421
6427027,211,4:56:17,697,534
6427027,213,4:56:17,1,c_crewKid2_M_G7b0,true
6427027,210,4:56:26,767,559
6427027,211,4:56:26,688,518
6427027,213,4:56:26,1,c_crewKid2_M_G7b0,true
6427027,210,4:56:28,972,462
6427027,211,4:56:29,1044,462
6427027,213,4:56:29,1,c_crewKid1_M_G7b0,true
6427027,205,4:56:29,1,c_crewKid1_M_G7b0,false,true
6427027,210,4:56:32,539,413
6427027,207,4:56:33,1,-555,-375
6427027,211,4:56:33,578,537
6427027,213,4:56:33,1,c_crewKid2_M_G7b0,true
6427027,212,4:56:36,1
6427027,210,4:56:36,582,418
6427027,211,4:56:40,625,406
6427027,210,4:56:40,666,437
6427027,211,4:56:40,618,442
6427027,213,4:56:40,1,c_crewKid2_M_G7b0,true
6427027,212,4:56:43,0
6427027,210,4:56:43,650,352
6427027,211,4:56:45,554,523
6427027,213,4:56:45,1,s_backpack_M_G7b0,true
6427027,205,4:56:45,1,s_backpack_M_G7b0,false,false
6427027,221,4:56:55,1
6427027,220,4:56:56,1
6427027,210,4:58:27,1134,278
6427027,211,4:58:27,1134,278
6427027,210,4:58:31,1165,190
6427027,211,4:58:32,1146,222
6427027,210,4:58:37,548,96
6427027,211,4:58:37,932,277
6427027,207,4:58:55,1,-375,-375
6427027,210,4:58:55,1063,407
6427027,211,4:58:55,1063,407
6427027,210,4:58:56,1066,330
6427027,211,4:58:56,1047,385
6427027,210,4:59:0,589,453
6427027,211,4:59:1,564,515
6427027,213,4:59:1,1,s_backpack_M_G7b0,true
6427027,205,4:59:1,1,s_backpack_M_G7b0,false,true
6427027,210,4:59:15,895,491
6427027,211,4:59:15,897,486
6427027,210,4:59:16,635,403
6427027,211,4:59:19,533,532
6427027,210,4:59:19,532,471
6427027,211,4:59:19,532,471
6427027,210,4:59:19,556,447
6427027,211,4:59:20,541,503
6427027,210,4:59:21,551,458
6427027,211,4:59:22,543,525
6427027,213,4:59:22,1,s_backpack_M_G7b0,true
6427027,205,4:59:22,1,s_backpack_M_G7b0,false,true
6427027,221,4:59:28,1
6427027,220,4:59:39,1
6427027,1003,4:59:39,3
6427027,1004,4:59:41,0
6427027,500,4:59:43,0,[]
6427027,501,4:59:51,0,[]
6427027,502,5:0:3,0,[IntentionData_logId:3,false]
6427027,503,5:0:5,0,[]
6427027,504,5:0:10,0,[InfluenceData_logId:2]
6427027,504,5:0:13,0,[InfluenceData_logId:5]
6427027,504,5:0:16,0,[InfluenceData_logId:3]
6427027,504,5:0:17,0,[InfluenceData_logId:8]
6427027,504,5:0:17,0,[InfluenceData_logId:6]
6427027,504,5:0:22,0,[InfluenceData_logId:0]
6427027,504,5:0:23,0,[InfluenceData_logId:0]
6427027,504,5:0:24,0,[InfluenceData_logId:0]
6427027,504,5:0:25,0,[InfluenceData_logId:4]
6427027,505,5:0:27,0,[InfluenceData_logId:0,false,InfluenceData_logId:4,true,InfluenceData_logId:6,true]
6427027,506,5:0:29,0,[]
6427027,507,5:0:44,0,[OpponentAttackData_logId:2,OpponentAttackTypeData_logId:3,false,30]
6427027,508,5:0:48,0,[]
6427027,509,5:0:59,0,[RefusalData_logId:2,2]
6427027,510,5:1:5,0,[AvailableRefusalData_logId:2,1A]
6427027,510,5:1:15,0,[AvailableRefusalData_logId:2,0B]
6427027,510,5:1:19,0,[AvailableRefusalData_logId:2,1B]
6427027,510,5:1:22,0,[AvailableRefusalData_logId:2,0C]
6427027,510,5:1:25,0,[AvailableRefusalData_logId:2,1A]
6427027,510,5:1:26,0,[AvailableRefusalData_logId:2,1B]
6427027,510,5:1:30,0,[AvailableRefusalData_logId:2,1A]
6427027,510,5:1:32,0,[AvailableRefusalData_logId:2,2C]
6427027,510,5:1:36,0,[AvailableRefusalData_logId:2,2A]
6427027,510,5:1:38,0,[AvailableRefusalData_logId:2,0B]
6427027,510,5:1:43,0,[AvailableRefusalData_logId:2,1B]
6427027,510,5:1:45,0,[AvailableRefusalData_logId:2,2C]
6427027,510,5:1:48,0,[AvailableRefusalData_logId:2,1C]
6427027,510,5:1:52,0,[AvailableRefusalData_logId:2,1A]
6427027,510,5:1:53,0,[AvailableRefusalData_logId:2,0A]
6427027,510,5:1:56,0,[AvailableRefusalData_logId:2,1B]
6427027,510,5:1:58,0,[AvailableRefusalData_logId:2,2A]
6427027,511,5:1:59,0,[AvailableRefusalData_logId:2,0A,1B,2A,false,0]
6427027,512,5:2:3,0,[]
6427027,513,5:2:3,0,[30]
6427027,514,5:2:6,0,[]
6427027,507,5:2:13,0,[OpponentAttackData_logId:3,OpponentAttackTypeData_logId:1,false,30]
6427027,508,5:2:20,0,[]
6427027,509,5:2:24,0,[RefusalData_logId:6,2]
6427027,510,5:2:36,0,[AvailableRefusalData_logId:6,0C]
6427027,510,5:2:39,0,[AvailableRefusalData_logId:6,1C]
6427027,510,5:2:48,0,[AvailableRefusalData_logId:6,2C]
6427027,510,5:2:50,0,[AvailableRefusalData_logId:6,2B]
6427027,511,5:2:51,0,[AvailableRefusalData_logId:6,0C,1C,2B,false,0]
6427027,512,5:2:54,0,[]
6427027,513,5:2:54,0,[30]
6427027,515,5:2:56,0,[0,100]
6427027,516,5:2:59,0,[]
6427027,517,5:3:1,0,[]
6427027,1000,5:3:2,0,[]
6427027,500,5:3:3,0,[]
6427027,501,5:3:5,0,[]
6427027,502,5:3:13,0,[IntentionData_logId:3,false]
6427027,503,5:3:14,0,[]
6427027,504,5:3:17,0,[InfluenceData_logId:6]
6427027,504,5:3:19,0,[InfluenceData_logId:4]
6427027,504,5:3:24,0,[InfluenceData_logId:6]
6427027,504,5:3:24,0,[InfluenceData_logId:6]
6427027,504,5:3:25,0,[InfluenceData_logId:4]
6427027,504,5:3:39,0,[InfluenceData_logId:2]
6427027,504,5:3:41,0,[InfluenceData_logId:4]
6427027,505,5:3:42,0,[InfluenceData_logId:2,true,InfluenceData_logId:4,true,InfluenceData_logId:6,true]
6427027,506,5:3:45,0,[]
6427027,507,5:4:2,0,[OpponentAttackData_logId:3,OpponentAttackTypeData_logId:1,false,30]
6427027,508,5:4:7,0,[]
6427027,509,5:4:16,0,[RefusalData_logId:6,2]
6427027,510,5:4:25,0,[AvailableRefusalData_logId:6,0C]
6427027,510,5:4:30,0,[AvailableRefusalData_logId:6,1B]
6427027,510,5:4:32,0,[AvailableRefusalData_logId:6,2C]
6427027,511,5:4:33,0,[AvailableRefusalData_logId:6,0C,1B,2C,false,0]
6427027,512,5:4:35,0,[]
6427027,513,5:4:35,0,[30]
6427027,514,5:4:39,0,[]
6427027,507,5:4:51,0,[OpponentAttackData_logId:2,OpponentAttackTypeData_logId:2,false,30]
6427027,508,5:4:55,0,[]
6427027,509,5:5:1,0,[RefusalData_logId:8,2]
6427027,510,5:5:2,0,[AvailableRefusalData_logId:8,0A]
6427027,510,5:5:5,0,[AvailableRefusalData_logId:8,1A]
6427027,510,5:5:12,0,[AvailableRefusalData_logId:8,2B]
6427027,511,5:5:13,0,[AvailableRefusalData_logId:8,0A,1A,2B,false,0]
6427027,512,5:5:20,0,[]
6427027,513,5:5:20,0,[30]
6427027,514,5:5:25,0,[]
6427027,1002,5:5:30,0
6427027,1003,5:5:30,3
6427027,210,5:5:35,713,438
6427027,211,5:5:37,477,473
6427027,207,5:5:37,1,-500,-395
6427027,210,5:5:38,558,496
6427027,211,5:5:39,553,529
6427027,213,5:5:39,1,s_backpack_M_G7b0,true
6427027,205,5:5:39,1,s_backpack_M_G7b0,false,true
6427027,210,5:6:3,385,253
6427027,211,5:6:3,220,231
6427027,207,5:6:3,1,-395,-215
6427027,207,5:6:3,1,-215,-185
6427027,210,5:6:3,301,306
6427027,211,5:6:7,308,218
6427027,210,5:6:8,292,272
6427027,207,5:6:9,1,-185,0
6427027,211,5:6:10,199,476
6427027,219,5:6:19,1
6427027,216,5:6:20,Stack_G7b1N
6427027,217,5:6:32,Stack_G7b1N,11,5.2
6427027,218,5:6:34,1
6427027,210,5:6:36,600,205
6427027,211,5:6:40,1052,564
6427027,210,5:6:41,313,295
6427027,211,5:6:43,831,233
6427027,210,5:6:48,470,18
6427027,211,5:6:48,342,-54
6427027,207,5:6:48,1,-500,-290
6427027,210,5:8:31,535,55
6427027,211,5:8:34,539,124
6427027,213,5:8:34,1,s_lifeguard_G7b0,true
6427027,210,5:8:41,536,79
6427027,211,5:8:42,545,116
6427027,213,5:8:42,1,s_lifeguard_G7b0,true
6427027,207,5:10:49,1,-290,-275
6427027,210,5:12:46,253,203
6427027,207,5:12:46,1,-200,-140
6427027,207,5:12:47,1,-140,0
6427027,207,5:12:51,1,0,-1027
6427027,211,5:12:56,1688,410
6427027,213,5:12:56,1,s_brokenCarWindow_G7b1N,true
6427027,205,5:12:56,1,s_brokenCarWindow_G7b1N,false,false
6427027,210,5:13:11,1710,358
6427027,211,5:13:12,1697,436
6427027,213,5:13:12,1,s_brokenCarWindow_G7b1N,true
6427027,205,5:13:12,1,s_brokenCarWindow_G7b1N,false,true
6427027,210,5:13:16,1312,477
6427027,207,5:13:16,1,-1027,-847
6427027,211,5:13:17,724,510
6427027,207,5:13:17,1,-847,-682
6427027,212,5:13:18,1
6427027,210,5:13:19,1006,549
6427027,211,5:13:19,1034,579
6427027,213,5:13:19,1,c_kidSister_cauc_a_G7b1N,true
6427027,205,5:13:19,1,c_kidSister_cauc_a_G7b1N,false,false
6427027,210,5:13:33,772,379
6427027,211,5:13:34,795,425
6427027,213,5:13:34,1,c_cousin_M_a_G7b1N,true
6427027,210,5:13:36,732,368
6427027,207,5:13:37,1,-682,-442
6427027,211,5:13:38,352,343
6427027,207,5:13:38,1,-442,-322
6427027,212,5:13:39,0
6427027,210,5:13:39,595,318
6427027,211,5:13:40,598,329
6427027,212,5:13:40,2
6427027,210,5:13:41,572,277
6427027,211,5:13:41,595,310
6427027,213,5:13:41,1,c_teacherEng_G7b1N,true
6427027,210,5:13:50,647,277
6427027,207,5:13:51,1,-322,-112
6427027,211,5:13:51,313,331
6427027,213,5:13:51,1,c_policeOfficer_G7b1N,true
6427027,210,5:14:0,604,381
6427027,207,5:14:3,1,-112,0
6427027,211,5:14:5,241,123
6427027,212,5:14:6,1
6427027,210,5:14:7,254,25
6427027,211,5:14:8,248,113
6427027,213,5:14:8,1,s_flag_G7b1N,true
6427027,210,5:14:14,892,201
6427027,207,5:14:15,1,0,-150
6427027,207,5:14:16,1,-150,-210
6427027,211,5:14:17,1019,573
6427027,213,5:14:17,1,c_kidSister_cauc_a_G7b1N,true
6427027,205,5:14:17,1,c_kidSister_cauc_a_G7b1N,false,true
6427027,210,5:14:21,941,354
6427027,211,5:14:22,1486,327
6427027,207,5:14:22,1,-210,-480
6427027,210,5:14:23,1228,301
6427027,207,5:14:24,1,-480,-870
6427027,211,5:14:28,1709,99
6427027,213,5:14:28,1,s_cat_G7b1N,true
6427027,210,5:14:29,1703,32
6427027,211,5:14:30,1709,98
6427027,213,5:14:30,1,s_cat_G7b1N,true
6427027,207,5:14:32,1,-870,-870
6427027,210,5:14:32,1695,43
6427027,211,5:14:33,1696,63
6427027,210,5:14:34,1700,53
6427027,211,5:14:35,1708,92
6427027,213,5:14:35,1,s_cat_G7b1N,true
6427027,210,5:14:35,1718,70
6427027,211,5:14:35,1718,70
6427027,210,5:14:38,1691,51
6427027,211,5:14:39,1706,102
6427027,213,5:14:39,1,s_cat_G7b1N,true
6427027,210,5:14:43,1716,19
6427027,211,5:14:44,1705,92
6427027,213,5:14:44,1,s_cat_G7b1N,true
6427027,210,5:14:46,1711,70
6427027,211,5:14:46,1706,94
6427027,213,5:14:46,1,s_cat_G7b1N,true
6427027,210,5:14:48,1713,52
6427027,211,5:14:49,1702,81
6427027,210,5:14:49,1713,73
6427027,211,5:14:50,1815,91
6427027,207,5:14:50,1,-870,-870
6427027,210,5:14:53,1670,56
6427027,211,5:14:54,1718,101
6427027,213,5:14:54,1,s_cat_G7b1N,true
6427027,210,5:14:58,1594,357
6427027,211,5:14:59,1641,423
6427027,212,5:15:0,2
6427027,210,5:15:1,1661,335
6427027,207,5:15:2,1,-870,-1027
6427027,211,5:15:4,1895,173
6427027,213,5:15:4,1,c_crewKid1_M_G7b1N,true
6427027,205,5:15:4,1,c_crewKid1_M_G7b1N,false,false
6427027,210,5:15:11,1943,139
6427027,211,5:15:11,1971,189
6427027,212,5:15:12,1
6427027,210,5:15:12,1940,106
6427027,211,5:15:13,1964,192
6427027,212,5:15:14,0
6427027,210,5:15:14,1895,158
6427027,211,5:15:15,1963,193
6427027,213,5:15:15,1,c_crewKid2_M_a_G7b1N,true
6427027,210,5:15:23,1690,393
6427027,211,5:15:24,1709,397
6427027,213,5:15:24,1,s_brokenCarWindow_G7b1N,true
6427027,205,5:15:24,1,s_brokenCarWindow_G7b1N,false,true
6427027,210,5:15:34,1302,150
6427027,211,5:15:34,1330,194
6427027,213,5:15:34,1,s_graffiti_G7b1N,true
6427027,205,5:15:34,1,s_graffiti_G7b1N,false,false
6427027,210,5:15:42,1739,474
6427027,211,5:15:45,1315,205
6427027,213,5:15:45,1,s_graffiti_G7b1N,true
6427027,205,5:15:45,1,s_graffiti_G7b1N,false,true
6427027,210,5:15:59,1746,92
6427027,211,5:16:0,1715,86
6427027,213,5:16:0,1,s_cat_G7b1N,true
6427027,212,5:16:4,2
6427027,210,5:16:9,1598,452
6427027,207,5:16:11,1,-1027,-367
6427027,211,5:16:12,593,306
6427027,213,5:16:12,1,c_teacherEng_G7b1N,true
6427027,210,5:16:17,918,106
6427027,211,5:16:18,817,145
6427027,210,5:16:20,843,551
6427027,211,5:16:20,899,616
6427027,212,5:16:21,1
6427027,210,5:16:21,887,566
6427027,211,5:16:22,893,609
6427027,212,5:16:23,0
6427027,210,5:16:24,868,531
6427027,211,5:16:24,885,611
6427027,213,5:16:24,1,s_sprayPaintCan_G7b1N,true
6427027,205,5:16:24,1,s_sprayPaintCan_G7b1N,false,false
6427027,221,5:16:35,1
6427027,220,5:16:44,1
6427027,1003,5:16:44,3
6427027,1004,5:16:46,0
6427027,500,5:16:48,0,[]
6427027,501,5:16:51,0,[]
6427027,502,5:17:2,0,[IntentionData_logId:0,false]
6427027,503,5:17:3,0,[]
6427027,504,5:17:7,0,[InfluenceData_logId:6]
6427027,504,5:17:14,0,[InfluenceData_logId:4]
6427027,504,5:17:15,0,[InfluenceData_logId:2]
6427027,505,5:17:16,0,[InfluenceData_logId:2,true,InfluenceData_logId:4,true,InfluenceData_logId:6,true]
6427027,506,5:17:17,0,[]
6427027,507,5:17:28,0,[OpponentAttackData_logId:1,OpponentAttackTypeData_logId:0,false,30]
6427027,508,5:17:33,0,[]
6427027,509,5:17:36,0,[RefusalData_logId:2,2]
6427027,510,5:17:38,0,[AvailableRefusalData_logId:2,0C]
6427027,510,5:17:41,0,[AvailableRefusalData_logId:2,1C]
6427027,510,5:17:43,0,[AvailableRefusalData_logId:2,2C]
6427027,511,5:17:44,0,[AvailableRefusalData_logId:2,0C,1C,2C,false,0]
6427027,512,5:17:46,0,[]
6427027,513,5:17:46,0,[30]
6427027,514,5:17:53,0,[]
6427027,507,5:18:7,0,[OpponentAttackData_logId:2,OpponentAttackTypeData_logId:4,true,0]
6427027,508,5:18:11,0,[]
6427027,509,5:18:21,0,[RefusalData_logId:8,2]
6427027,510,5:18:26,0,[AvailableRefusalData_logId:8,0B]
6427027,510,5:18:27,0,[AvailableRefusalData_logId:8,1C]
6427027,510,5:18:32,0,[AvailableRefusalData_logId:8,2A]
6427027,511,5:18:33,0,[AvailableRefusalData_logId:8,0B,1C,2A,false,0]
6427027,512,5:18:36,0,[]
6427027,513,5:18:36,0,[30]
6427027,514,5:18:38,0,[]
6427027,507,5:18:50,0,[OpponentAttackData_logId:0,OpponentAttackTypeData_logId:2,false,30]
6427027,508,5:18:53,0,[]
6427027,509,5:18:57,0,[RefusalData_logId:7,0]
6427027,510,5:19:1,0,[AvailableRefusalData_logId:7,0A]
6427027,510,5:19:8,0,[AvailableRefusalData_logId:7,1C]
6427027,510,5:19:11,0,[AvailableRefusalData_logId:7,2C]
6427027,510,5:19:17,0,[AvailableRefusalData_logId:7,2A]
6427027,511,5:19:18,0,[AvailableRefusalData_logId:7,0A,1C,2A,false,0]
6427027,512,5:19:20,0,[]
6427027,513,5:19:20,0,[30]
6427027,515,5:19:22,0,[0,100]
6427027,516,5:19:25,0,[]
6427027,517,5:19:27,0,[]
6427027,1000,5:19:30,0,[]
6427027,500,5:19:30,0,[]
6427027,501,5:19:33,0,[]
6427027,502,5:19:51,0,[IntentionData_logId:1,false]
6427027,503,5:19:52,0,[]
6427027,504,5:19:57,0,[InfluenceData_logId:6]
6427027,504,5:19:59,0,[InfluenceData_logId:4]
6427027,504,5:20:2,0,[InfluenceData_logId:2]
6427027,505,5:20:3,0,[InfluenceData_logId:2,true,InfluenceData_logId:4,true,InfluenceData_logId:6,true]
6427027,506,5:20:6,0,[]
6427027,507,5:20:16,0,[OpponentAttackData_logId:3,OpponentAttackTypeData_logId:3,false,30]
6427027,508,5:20:20,0,[]
6427027,509,5:20:28,0,[RefusalData_logId:6,2]
6427027,510,5:20:35,0,[AvailableRefusalData_logId:6,0A]
6427027,510,5:20:45,0,[AvailableRefusalData_logId:6,0C]
6427027,510,5:20:48,0,[AvailableRefusalData_logId:6,1C]
6427027,510,5:20:50,0,[AvailableRefusalData_logId:6,2B]
6427027,511,5:20:51,0,[AvailableRefusalData_logId:6,0C,1C,2B,false,0]
6427027,512,5:20:54,0,[]
6427027,513,5:20:54,0,[30]
6427027,514,5:20:56,0,[]
6427027,507,5:21:10,0,[OpponentAttackData_logId:1,OpponentAttackTypeData_logId:1,false,30]
6427027,508,5:21:12,0,[]
6427027,509,5:21:19,0,[RefusalData_logId:4,1]
6427027,510,5:21:21,0,[AvailableRefusalData_logId:4,1B]
6427027,510,5:21:22,0,[AvailableRefusalData_logId:4,0A]
6427027,510,5:21:23,0,[AvailableRefusalData_logId:4,0C]
6427027,510,5:21:24,0,[AvailableRefusalData_logId:4,2A]
6427027,511,5:21:25,0,[AvailableRefusalData_logId:4,0C,1B,2A,false,0]
6427027,512,5:21:28,0,[]
6427027,513,5:21:28,0,[30]
6427027,514,5:21:32,0,[]
6427027,507,5:21:41,0,[OpponentAttackData_logId:0,OpponentAttackTypeData_logId:1,true,0]
6427027,508,5:21:44,0,[]
6427027,509,5:21:51,0,[RefusalData_logId:2,2]
6427027,510,5:21:58,0,[AvailableRefusalData_logId:2,0C]
6427027,510,5:22:10,0,[AvailableRefusalData_logId:2,1B]
6427027,510,5:22:11,0,[AvailableRefusalData_logId:2,2B]
6427027,511,5:22:12,0,[AvailableRefusalData_logId:2,0C,1B,2B,false,0]
6427027,512,5:22:14,0,[]
6427027,513,5:22:14,0,[30]
6427027,515,5:22:16,0,[0,100]
6427027,516,5:22:18,0,[]
6427027,517,5:22:27,0,[]
6427027,1000,5:22:28,0,[]
6427027,500,5:22:29,0,[]
6427027,501,5:22:52,0,[]
6427027,502,5:23:4,0,[IntentionData_logId:1,false]
6427027,503,5:23:8,0,[]
6427027,504,5:23:11,0,[InfluenceData_logId:6]
6427027,504,5:23:13,0,[InfluenceData_logId:4]
6427027,504,5:23:14,0,[InfluenceData_logId:0]
6427027,504,5:23:17,0,[InfluenceData_logId:2]
6427027,505,5:23:18,0,[InfluenceData_logId:2,true,InfluenceData_logId:4,true,InfluenceData_logId:6,true]
6427027,506,5:23:21,0,[]
6427027,507,5:23:32,0,[OpponentAttackData_logId:1,OpponentAttackTypeData_logId:3,true,0]
6427027,508,5:23:34,0,[]
6427027,509,5:23:43,0,[RefusalData_logId:4,1]
6427027,510,5:23:48,0,[AvailableRefusalData_logId:4,0A]
6427027,510,5:23:49,0,[AvailableRefusalData_logId:4,1A]
6427027,510,5:23:54,0,[AvailableRefusalData_logId:4,2A]
6427027,511,5:23:57,0,[AvailableRefusalData_logId:4,0A,1A,2A,true,30]
6427027,512,5:24:1,0,[]
6427027,513,5:24:1,0,[0]
6427027,514,5:24:2,0,[]
6427027,507,5:24:11,0,[OpponentAttackData_logId:0,OpponentAttackTypeData_logId:1,true,0]
6427027,508,5:24:14,0,[]
6427027,509,5:24:24,0,[RefusalData_logId:8,2]
6427027,510,5:24:30,0,[AvailableRefusalData_logId:8,0B]
6427027,510,5:24:30,0,[AvailableRefusalData_logId:8,1B]
6427027,510,5:24:37,0,[AvailableRefusalData_logId:8,2C]
6427027,511,5:24:38,0,[AvailableRefusalData_logId:8,0B,1B,2C,false,0]
6427027,512,5:24:40,0,[]
6427027,513,5:24:40,0,[30]
6427027,514,5:24:43,0,[]
6427027,507,5:24:50,0,[OpponentAttackData_logId:2,OpponentAttackTypeData_logId:4,true,0]
6427027,508,5:24:53,0,[]
6427027,509,5:24:56,0,[RefusalData_logId:6,2]
6427027,510,5:25:1,0,[AvailableRefusalData_logId:6,0C]
6427027,510,5:25:6,0,[AvailableRefusalData_logId:6,1B]
6427027,510,5:25:10,0,[AvailableRefusalData_logId:6,2A]
6427027,510,5:25:13,0,[AvailableRefusalData_logId:6,2B]
6427027,511,5:25:16,0,[AvailableRefusalData_logId:6,0C,1B,2B,false,0]
6427027,512,5:25:18,0,[]
6427027,513,5:25:18,0,[30]
6427027,514,5:25:21,0,[]
6427027,507,5:25:28,0,[OpponentAttackData_logId:3,OpponentAttackTypeData_logId:1,false,30]
6427027,508,5:25:31,0,[]
6427027,509,5:25:34,0,[RefusalData_logId:7,0]
6427027,510,5:25:38,0,[AvailableRefusalData_logId:7,0C]
6427027,510,5:25:40,0,[AvailableRefusalData_logId:7,1A]
6427027,510,5:25:43,0,[AvailableRefusalData_logId:7,2C]
6427027,511,5:25:44,0,[AvailableRefusalData_logId:7,0C,1A,2C,false,0]
6427027,512,5:25:46,0,[]
6427027,513,5:25:46,0,[30]
6427027,514,5:25:51,0,[]
6427027,515,5:25:51,0,[10,70]
6427027,516,5:25:53,0,[]
6427027,517,5:25:57,0,[]
6427027,1001,5:25:58,0,[]
6427027,1003,5:25:58,3
6427027,210,5:27:22,918,554
6427027,211,5:27:23,918,554
6427027,210,5:27:26,876,472
6427027,211,5:27:28,912,578
6427027,212,5:27:36,2
6427027,210,5:28:13,936,598
6427027,211,5:28:13,903,577
6427027,210,5:28:13,971,534
6427027,211,5:28:15,825,440
6427027,213,5:28:15,1,c_cousin_M_a_G7b1N,true
6427027,221,5:28:23,1
6427027,220,5:28:45,1
6427027,213,5:28:45,1,c_crewKid2_M_G7b0,true
6427027,210,5:28:57,296,349
6427027,207,5:28:58,1,-200,-35
6427027,211,5:28:59,258,128
6427027,212,5:29:0,1
6427027,210,5:29:0,354,264
6427027,211,5:29:1,247,142
6427027,213,5:29:1,1,s_flag_G7b1N,true
6427027,210,5:29:7,892,572
6427027,211,5:29:8,894,606
6427027,212,5:29:9,0
6427027,210,5:29:10,868,587
6427027,211,5:29:11,895,598
6427027,213,5:29:11,1,s_sprayPaintCan_G7b1N,true
6427027,205,5:29:11,1,s_sprayPaintCan_G7b1N,false,true
6427027,210,5:29:16,883,576
6427027,211,5:29:16,883,610
6427027,213,5:29:16,1,s_sprayPaintCan_G7b1N,true
6427027,205,5:29:16,1,s_sprayPaintCan_G7b1N,false,true
6427027,212,5:29:26,2
6427027,204,5:30:4,1
6427027,1003,5:30:18,3
6427027,100,5:30:27,0
6427027,102,5:30:30,0
6427027,200,5:30:30,0,3,3,6,0,6
6427027,204,5:30:35,0
6427027,100,5:31:0,1
6427027,102,5:31:12,1
6427027,200,5:31:12,1,3,3,6,0,6
6427027,204,5:31:18,1
6427027,100,5:31:20,1
6427027,102,5:31:21,1
6427027,200,5:31:21,1,3,3,6,0,6
6427027,210,5:31:24,1068,406
6427027,211,5:31:25,1216,405
6427027,221,5:31:26,1
6427027,220,5:31:27,1
6427027,204,5:32:39,1
6427027,103,5:32:41
6427027,105,5:32:43
6427027,703,5:32:45,[|| EpilogueItem ID: 0 unlocked: true ||,|| EpilogueItem ID: 1 unlocked: false ||,|| EpilogueItem ID: 2 unlocked: false ||,|| EpilogueItem ID: 3 unlocked: false ||,|| EpilogueItem ID: 4 unlocked: false ||,|| EpilogueItem ID: 5 unlocked: false ||,|| EpilogueItem ID: 6 unlocked: false ||,|| EpilogueItem ID: 7 unlocked: false ||,|| EpilogueItem ID: 8 unlocked: false ||,|| EpilogueItem ID: 9 unlocked: false ||,|| EpilogueItem ID: 10 unlocked: false ||,|| EpilogueItem ID: 11 unlocked: false ||,|| EpilogueItem ID: 12 unlocked: false ||,|| EpilogueItem ID: 13 unlocked: false ||,|| EpilogueItem ID: 14 unlocked: false ||,|| EpilogueItem ID: 15 unlocked: false ||,|| EpilogueItem ID: 16 unlocked: false ||,|| EpilogueItem ID: 17 unlocked: false ||,|| EpilogueItem ID: 18 unlocked: false ||,|| EpilogueItem ID: 19 unlocked: false ||,|| EpilogueItem ID: 20 unlocked: false ||,|| EpilogueItem ID: 21 unlocked: false ||,|| EpilogueItem ID: 22 unlocked: false ||,|| EpilogueItem ID: 23 unlocked: false ||,|| EpilogueItem ID: 24 unlocked: false ||],0.04
6427027,706,5:32:50,(x=284, y=-100, w=1024, h=768),(x=668, y=-100, w=1024, h=768)
6427027,706,5:32:54,(x=2031, y=-100, w=1024, h=768),(x=1988, y=-100, w=1024, h=768)
6427027,706,5:32:55,(x=1953, y=-100, w=1024, h=768),(x=1953, y=-100, w=1024, h=768)
6427027,706,5:32:59,(x=2292, y=-100, w=1024, h=768),(x=2531, y=-100, w=1024, h=768)
6427027,708,5:32:59
6427027,1,5:32:59,11/6/2013 5:42:24pm,{"gameTime":19979953,"challengeStacks":[{"challengeScenes":[{"miniGameCards":[],"viewedAnimatic":true,"keyPoints":["c_teacherEng_G7a0","c_bestFriend_M_a_G7a0","s_flag_gen"],"unlocked":true,"touchableObjects":["s_otherStudent1_G7a0","s_vocabAssignment_G7a0","c_crewKid1_M_G7a0","s_doorClassroom_G7a0","s_poePoster_gen","s_clock_G7a0","c_friend1_M_a_G7a0","c_teacherEng_G7a0","s_shakespearePoster_gen","s_angelouPoster_gen","c_bestFriend_M_a_G7a0","s_flag_gen","s_atwoodPoster_gen"]},{"miniGameCards":[],"viewedAnimatic":true,"keyPoints":["c_teacherEng_G7a1N","c_bestFriend_M_a_G7a1N","s_paperPlayers_G7a1N"],"unlocked":true,"touchableObjects":["c_teacherEng_G7a1N","c_bestFriend_M_a_G7a1N","s_otherStudent2_G7a1N","s_otherStudent1_G7a1N","c_crewKid1_M_G7a1N","s_flag_gen","s_atwoodPoster_gen","s_angelouPoster_gen","s_shakespearePoster_gen","s_poePoster_gen","s_posterPlagiarism_gen","s_paperPlayers_G7a1N"]},{"miniGameCards":[],"viewedAnimatic":true,"keyPoints":["c_teacherEng_G7a1P","c_bestFriend_M_a_G7a1P","s_paperEnglish_gen","s_flag_gen"],"unlocked":true,"touchableObjects":["c_teacherEng_G7a1P","s_clock_G7a1P","s_paperPlayers_G7a1P","c_bestFriend_M_a_G7a1P","s_papersDetention_gen","s_paperEnglish_gen","s_flag_gen"]}],"stackSize":3,"resolved":true},{"challengeScenes":[{"miniGameCards":[],"viewedAnimatic":true,"keyPoints":["c_crewKid1_M_G7b0","c_kidSister_cauc_a_G7b0","s_backpack_M_G7b0"],"unlocked":true,"touchableObjects":["c_crewKid1_M_G7b0","c_cousin_M_a_G7b0","c_crewKid2_M_G7b0","c_cousinsBrother_a_G7b0","c_kidSister_cauc_a_G7b0","s_lifeguard_G7b0","c_cousinsBrothersFriend_a_G7b0","c_cousinsBrothersFriendsGF_G7b0","s_snackBarWorker_G7b0","s_backpack_M_G7b0"]},{"miniGameCards":[],"viewedAnimatic":true,"keyPoints":["s_brokenCarWindow_G7b1N","c_kidSister_cauc_a_G7b1N","c_crewKid1_M_G7b1N","s_graffiti_G7b1N","s_sprayPaintCan_G7b1N"],"unlocked":true,"touchableObjects":["s_brokenCarWindow_G7b1N","c_kidSister_cauc_a_G7b1N","c_cousin_M_a_G7b1N","c_teacherEng_G7b1N","c_policeOfficer_G7b1N","s_flag_G7b1N","s_cat_G7b1N","c_crewKid1_M_G7b1N","c_crewKid2_M_a_G7b1N","s_graffiti_G7b1N","s_sprayPaintCan_G7b1N"]},{"miniGameCards":[],"viewedAnimatic":false,"keyPoints":[],"unlocked":false,"touchableObjects":[]},{"miniGameCards":[],"viewedAnimatic":false,"keyPoints":[],"unlocked":false,"touchableObjects":[]},{"miniGameCards":[],"viewedAnimatic":false,"keyPoints":[],"unlocked":false,"touchableObjects":[]}],"stackSize":5,"resolved":false},{"challengeScenes":[{"miniGameCards":[],"viewedAnimatic":false,"keyPoints":[],"unlocked":false,"touchableObjects":[]},{"miniGameCards":[],"viewedAnimatic":false,"keyPoints":[],"unlocked":false,"touchableObjects":[]},{"miniGameCards":[],"viewedAnimatic":false,"keyPoints":[],"unlocked":false,"touchableObjects":[]},{"miniGameCards":[],"viewedAnimatic":false,"keyPoints":[],"unlocked":false,"touchableObjects":[]},{"miniGameCards":[],"viewedAnimatic":false,"keyPoints":[],"unlocked":false,"touchableObjects":[]},{"miniGameCards":[],"viewedAnimatic":false,"keyPoints":[],"unlocked":false,"touchableObjects":[]},{"miniGameCards":[],"viewedAnimatic":false,"keyPoints":[],"unlocked":false,"touchableObjects":[]}],"stackSize":7,"resolved":false},{"challengeScenes":[{"miniGameCards":[],"viewedAnimatic":false,"keyPoints":[],"unlocked":false,"touchableObjects":[]},{"miniGameCards":[],"viewedAnimatic":false,"keyPoints":[],"unlocked":false,"touchableObjects":[]},{"miniGameCards":[],"viewedAnimatic":false,"keyPoints":[],"unlocked":false,"touchableObjects":[]},{"miniGameCards":[],"viewedAnimatic":false,"keyPoints":[],"unlocked":false,"touchableObjects":[]},{"miniGameCards":[],"viewedAnimatic":false,"keyPoints":[],"unlocked":false,"touchableObjects":[]}],"stackSize":5,"resolved":false},{"challengeScenes":[{"miniGameCards":[],"viewedAnimatic":false,"keyPoints":[],"unlocked":false,"touchableObjects":[]},{"miniGameCards":[],"viewedAnimatic":false,"keyPoints":[],"unlocked":false,"touchableObjects":[]},{"miniGameCards":[],"viewedAnimatic":false,"keyPoints":[],"unlocked":false,"touchableObjects":[]},{"miniGameCards":[],"viewedAnimatic":false,"keyPoints":[],"unlocked":false,"touchableObjects":[]},{"miniGameCards":[],"viewedAnimatic":false,"keyPoints":[],"unlocked":false,"touchableObjects":[]}],"stackSize":5,"resolved":false},{"challengeScenes":[{"miniGameCards":[],"viewedAnimatic":false,"keyPoints":[],"unlocked":false,"touchableObjects":[]},{"miniGameCards":[],"viewedAnimatic":false,"keyPoints":[],"unlocked":false,"touchableObjects":[]},{"miniGameCards":[],"viewedAnimatic":false,"keyPoints":[],"unlocked":false,"touchableObjects":[]},{"miniGameCards":[],"viewedAnimatic":false,"keyPoints":[],"unlocked":false,"touchableObjects":[]},{"miniGameCards":[],"viewedAnimatic":false,"keyPoints":[],"unlocked":false,"touchableObjects":[]}],"stackSize":5,"resolved":false},{"challengeScenes":[{"miniGameCards":[],"viewedAnimatic":false,"keyPoints":[],"unlocked":false,"touchableObjects":[]},{"miniGameCards":[],"viewedAnimatic":false,"keyPoints":[],"unlocked":false,"touchableObjects":[]},{"miniGameCards":[],"viewedAnimatic":false,"keyPoints":[],"unlocked":false,"touchableObjects":[]},{"miniGameCards":[],"viewedAnimatic":false,"keyPoints":[],"unlocked":false,"touchableObjects":[]},{"miniGameCards":[],"viewedAnimatic":false,"keyPoints":[],"unlocked":false,"touchableObjects":[]}],"stackSize":5,"resolved":false},{"challengeScenes":[{"miniGameCards":[],"viewedAnimatic":false,"keyPoints":[],"unlocked":false,"touchableObjects":[]},{"miniGameCards":[],"viewedAnimatic":false,"keyPoints":[],"unlocked":false,"touchableObjects":[]},{"miniGameCards":[],"viewedAnimatic":false,"keyPoints":[],"unlocked":false,"touchableObjects":[]},{"miniGameCards":[],"viewedAnimatic":false,"keyPoints":[],"unlocked":false,"touchableObjects":[]},{"miniGameCards":[],"viewedAnimatic":false,"keyPoints":[],"unlocked":false,"touchableObjects":[]}],"stackSize":5,"resolved":false},{"challengeScenes":[{"miniGameCards":[],"viewedAnimatic":false,"keyPoints":[],"unlocked":false,"touchableObjects":[]},{"miniGameCards":[],"viewedAnimatic":false,"keyPoints":[],"unlocked":false,"touchableObjects":[]},{"miniGameCards":[],"viewedAnimatic":false,"keyPoints":[],"unlocked":false,"touchableObjects":[]},{"miniGameCards":[],"viewedAnimatic":false,"keyPoints":[],"unlocked":false,"touchableObjects":[]},{"miniGameCards":[],"viewedAnimatic":false,"keyPoints":[],"unlocked":false,"touchableObjects":[]}],"stackSize":5,"resolved":false},{"challengeScenes":[{"miniGameCards":[],"viewedAnimatic":false,"keyPoints":[],"unlocked":false,"touchableObjects":[]},{"miniGameCards":[],"viewedAnimatic":false,"keyPoints":[],"unlocked":false,"touchableObjects":[]},{"miniGameCards":[],"viewedAnimatic":false,"keyPoints":[],"unlocked":false,"touchableObjects":[]},{"miniGameCards":[],"viewedAnimatic":false,"keyPoints":[],"unlocked":false,"touchableObjects":[]},{"miniGameCards":[],"viewedAnimatic":false,"keyPoints":[],"unlocked":false,"touchableObjects":[]}],"stackSize":5,"resolved":false},{"challengeScenes":[{"miniGameCards":[],"viewedAnimatic":false,"keyPoints":[],"unlocked":false,"touchableObjects":[]},{"miniGameCards":[],"viewedAnimatic":false,"keyPoints":[],"unlocked":false,"touchableObjects":[]},{"miniGameCards":[],"viewedAnimatic":false,"keyPoints":[],"unlocked":false,"touchableObjects":[]},{"miniGameCards":[],"viewedAnimatic":false,"keyPoints":[],"unlocked":false,"touchableObjects":[]},{"miniGameCards":[],"viewedAnimatic":false,"keyPoints":[],"unlocked":false,"touchableObjects":[]}],"stackSize":5,"resolved":false},{"challengeScenes":[{"miniGameCards":[],"viewedAnimatic":false,"keyPoints":[],"unlocked":false,"touchableObjects":[]},{"miniGameCards":[],"viewedAnimatic":false,"keyPoints":[],"unlocked":false,"touchableObjects":[]},{"miniGameCards":[],"viewedAnimatic":false,"keyPoints":[],"unlocked":false,"touchableObjects":[]},{"miniGameCards":[],"viewedAnimatic":false,"keyPoints":[],"unlocked":false,"touchableObjects":[]},{"miniGameCards":[],"viewedAnimatic":false,"keyPoints":[],"unlocked":false,"touchableObjects":[]}],"stackSize":5,"resolved":false},{"challengeScenes":[{"miniGameCards":[],"viewedAnimatic":false,"keyPoints":[],"unlocked":true,"touchableObjects":["c_family_cauc_a_G0a0","c_friends_G0a0"]},{"miniGameCards":[],"viewedAnimatic":false,"keyPoints":["c_family_cauc_a_G0a1N","c_home_G0a1N","c_job_G0a1N"],"unlocked":true,"touchableObjects":["c_family_cauc_a_G0a1N","c_home_G0a1N","c_job_G0a1N"]},{"miniGameCards":[],"viewedAnimatic":false,"keyPoints":["c_Nurse_G0a1P","c_dad_cauc_a_G0a1P","c_kidsister_cauc_a_G0a1P","c_grandma_cauc_a_G0a1P","c_Teacher_G0a1P","c_mom_cauc_a_G0a1P"],"unlocked":true,"touchableObjects":["c_cousins_M_a_G0a1P","c_friends_G0a1P","c_Nurse_G0a1P","c_dad_cauc_a_G0a1P","c_kidsister_cauc_a_G0a1P","c_grandma_cauc_a_G0a1P","c_Teacher_G0a1P","c_mom_cauc_a_G0a1P"]}],"stackSize":3,"resolved":true}],"sessionId":5,"epilogue":{"rating":2},"playerId":6427027,"session":[{"sceneId":"1P","stackId":12},{"sceneId":"1P","stackId":0}],"minigames":[{"levelSaveData":[{"starRating":3,"unlocked":true},{"starRating":0,"unlocked":false},{"starRating":0,"unlocked":false},{"starRating":0,"unlocked":false},{"starRating":0,"unlocked":false},{"starRating":0,"unlocked":false},{"starRating":0,"unlocked":false},{"starRating":0,"unlocked":false},{"starRating":0,"unlocked":false},{"starRating":0,"unlocked":false}],"skillPoints":3},{"levelSaveData":[{"starRating":3,"unlocked":true},{"starRating":0,"unlocked":false},{"starRating":0,"unlocked":false},{"starRating":0,"unlocked":false},{"starRating":0,"unlocked":true},{"starRating":0,"unlocked":false},{"starRating":0,"unlocked":false},{"starRating":0,"unlocked":false},{"starRating":0,"unlocked":false},{"starRating":0,"unlocked":false}],"skillPoints":3},{"levelSaveData":[{"starRating":3,"unlocked":true},{"starRating":3,"unlocked":true},{"starRating":0,"unlocked":false},{"starRating":0,"unlocked":false},{"starRating":0,"unlocked":false},{"starRating":0,"unlocked":false},{"starRating":0,"unlocked":false},{"starRating":0,"unlocked":false},{"starRating":0,"unlocked":false},{"starRating":0,"unlocked":false}],"skillPoints":6},{"levelSaveData":[{"starRating":0,"unlocked":true},{"starRating":0,"unlocked":false},{"starRating":0,"unlocked":false},{"starRating":0,"unlocked":false},{"starRating":0,"unlocked":false},{"starRating":0,"unlocked":false},{"starRating":0,"unlocked":false},{"starRating":0,"unlocked":false},{"starRating":0,"unlocked":false},{"starRating":0,"unlocked":false}],"skillPoints":0},{"age":12,"name":"jalen","gender":0,"levelSaveData":[{"starRating":3,"unlocked":true},{"starRating":3,"chunks":[["1"],["14$$good","7$$cool"],["13$$books","5$$pets","16$$home work"],["3"]],"unlocked":true},{"starRating":0,"chunks":[[null],[null,null],[null,null]],"unlocked":true},{"starRating":0,"chunks":[[null],[null],[null],[null],[null,null],[null]],"unlocked":false},{"starRating":0,"chunks":[[null],[null],[null,null],[null],[null],[null]],"unlocked":false},{"starRating":0,"chunks":[[null],[null,null,null,null],[null],[null]],"unlocked":false},{"starRating":0,"chunks":[[null],[null],[null,null],[null,null],[null]],"unlocked":false},{"starRating":0,"chunks":[[null,null,null],[null,null,null],[null],[null],[null]],"unlocked":false},{"starRating":0,"chunks":[[null,null,null],[null,null,null],[null,null]],"unlocked":false},{"starRating":0,"chunks":[[null],[null],[null],[null],[null],[null]],"unlocked":false}],"visualAvatar":0,"id":1,"skillPoints":6}],"avatar":{"age":12,"name":"jalen","gender":0,"levelSaveData":[{"starRating":3,"unlocked":true},{"starRating":3,"chunks":[["1"],["14$$good","7$$cool"],["13$$books","5$$pets","16$$home work"],["3"]],"unlocked":true},{"starRating":0,"chunks":[[null],[null,null],[null,null]],"unlocked":true},{"starRating":0,"chunks":[[null],[null],[null],[null],[null,null],[null]],"unlocked":false},{"starRating":0,"chunks":[[null],[null],[null,null],[null],[null],[null]],"unlocked":false},{"starRating":0,"chunks":[[null],[null,null,null,null],[null],[null]],"unlocked":false},{"starRating":0,"chunks":[[null],[null],[null,null],[null,null],[null]],"unlocked":false},{"starRating":0,"chunks":[[null,null,null],[null,null,null],[null],[null],[null]],"unlocked":false},{"starRating":0,"chunks":[[null,null,null],[null,null,null],[null,null]],"unlocked":false},{"starRating":0,"chunks":[[null],[null],[null],[null],[null],[null]],"unlocked":false}],"visualAvatar":0,"id":1,"skillPoints":6}}
