9,0,0:0:0,5/15/2013 3:41:39pm
9,600,0:0:5,3
9,601,0:0:9,1
9,602,0:0:12,3,1
9,603,0:0:17,2
9,603,0:0:18,1
9,603,0:0:18,0
9,603,0:0:19,2
9,604,0:0:29,2,miguel
9,605,0:0:31
9,210,0:0:35,740,356
9,211,0:0:36,557,404
9,210,0:0:40,747,434
9,211,0:0:40,545,457
9,210,0:0:41,403,444
9,211,0:0:41,280,530
9,210,0:0:41,791,436
9,207,0:0:42,12,0,-285
9,211,0:0:44,774,636
9,213,0:0:44,12,c_player_lati_F_a_G0a1N,true
9,210,0:0:46,1176,189
9,211,0:0:47,1109,239
9,213,0:0:47,12,c_family_lati_a_G0a1N,true
9,205,0:0:47,12,c_family_lati_a_G0a1N,false,false
9,212,0:0:52,1
9,210,0:0:53,1149,448
9,211,0:0:53,1133,457
9,213,0:0:53,12,c_home_G0a1N,true
9,205,0:0:53,12,c_home_G0a1N,false,false
9,210,0:0:58,836,340
9,211,0:0:58,641,419
9,212,0:0:59,0
9,210,0:1:0,647,208
9,211,0:1:0,646,216
9,213,0:1:0,12,c_job_G0a1N,true
9,205,0:1:0,12,c_job_G0a1N,false,false
9,221,0:1:7,12
9,220,0:1:11,12
9,221,0:1:24,12
9,220,0:1:27,12
9,210,0:1:29,613,461
9,207,0:1:30,12,0,-225
9,207,0:1:31,12,-225,-480
9,211,0:1:32,1294,294
9,213,0:1:32,12,c_Nurse_G0a1P,true
9,205,0:1:32,12,c_Nurse_G0a1P,false,false
9,210,0:1:38,1383,483
9,207,0:1:41,12,-480,-750
9,207,0:1:42,12,-750,-945
9,211,0:1:44,1658,633
9,212,0:1:45,1
9,210,0:1:45,1808,448
9,211,0:1:47,1894,421
9,213,0:1:47,12,c_mom_lati_a_G0a1P,true
9,205,0:1:47,12,c_mom_lati_a_G0a1P,false,false
9,210,0:1:51,1767,271
9,211,0:1:51,1771,272
9,213,0:1:51,12,c_dad_lati_a_G0a1P,true
9,205,0:1:51,12,c_dad_lati_a_G0a1P,false,false
9,210,0:1:54,1842,515
9,211,0:1:56,1667,541
9,212,0:1:57,0
9,210,0:1:57,1834,520
9,211,0:1:59,1646,556
9,212,0:1:59,1
9,210,0:2:0,1597,429
9,211,0:2:0,1658,416
9,212,0:2:0,2
9,210,0:2:1,1624,413
9,211,0:2:1,1638,415
9,213,0:2:1,12,c_grandma_lati_a_G0a1P,true
9,205,0:2:1,12,c_grandma_lati_a_G0a1P,false,false
9,210,0:2:5,1475,494
9,211,0:2:8,1412,211
9,213,0:2:8,12,c_Teacher_G0a1P,true
9,205,0:2:8,12,c_Teacher_G0a1P,false,false
9,210,0:2:13,1831,509
9,211,0:2:14,1832,523
9,213,0:2:14,12,c_kidsister_lati_a_G0a1P,true
9,205,0:2:14,12,c_kidsister_lati_a_G0a1P,false,false
9,221,0:2:18,12
9,300,0:2:19
9,220,0:2:19,12
9,302,0:2:24,0,1,0,0
9,304,0:2:24,0,1,0,-1,,0,
9,302,0:2:29,0,1,1,1
9,304,0:2:30,0,1,1,-1,,1,
9,302,0:2:36,0,3,0,0
9,306,0:2:36,0,0,1
9,304,0:2:36,0,3,0,-1,,0,
9,302,0:2:40,0,0,0,3
9,304,0:2:40,0,0,0,-1,,3,
9,302,0:2:44,0,2,0,1
9,306,0:2:44,0,1,2
9,304,0:2:44,0,2,0,-1,,1,
9,302,0:2:51,0,2,2,0
9,304,0:2:51,0,2,2,-1,,0,
9,302,0:2:57,0,2,1,11
9,302,0:3:0,0,2,1,14
9,302,0:3:1,0,2,1,13
9,306,0:3:2,0,2,3
9,304,0:3:2,0,2,1,-1,,13,
9,221,0:3:6,12
9,220,0:3:7,12
9,203,0:3:7,12
9,300,0:3:14
9,1003,0:3:19,3
9,1003,0:3:21,2
9,1004,0:3:23,0
9,900,0:3:24,0,[]
9,901,0:3:25,0,[PeopleData_id:1]
9,904,0:3:25,0,[PeopleData_id:1]
9,902,0:3:26,0,[PeopleData_id:1,PeopleData_data0Type]
9,902,0:3:28,0,[PeopleData_id:1,PeopleData_data1Type]
9,903,0:3:29,0,[PeopleData_id1,PeopleData_data1Type]
9,901,0:3:30,0,[PeopleData_id:1]
9,904,0:3:30,0,[PeopleData_id:1]
9,905,0:3:31,0,[PeopleData_id:1,RankTypes_id:-1,RankTypes_id:0]
9,901,0:3:31,0,[PeopleData_id:4]
9,902,0:3:32,0,[PeopleData_id:4,PeopleData_data0Type]
9,902,0:3:34,0,[PeopleData_id:4,PeopleData_data1Type]
9,903,0:3:37,0,[PeopleData_id4,PeopleData_data1Type]
9,901,0:3:37,0,[PeopleData_id:4]
9,904,0:3:37,0,[PeopleData_id:4]
9,905,0:3:38,0,[PeopleData_id:4,RankTypes_id:-1,RankTypes_id:0]
9,901,0:3:38,0,[PeopleData_id:0]
9,902,0:3:42,0,[PeopleData_id:0,PeopleData_data3Type]
9,902,0:3:45,0,[PeopleData_id:0,PeopleData_data2Type]
9,902,0:3:46,0,[PeopleData_id:0,PeopleData_data1Type]
9,902,0:3:48,0,[PeopleData_id:0,PeopleData_data0Type]
9,903,0:3:50,0,[PeopleData_id0,PeopleData_data0Type]
9,901,0:3:50,0,[PeopleData_id:0]
9,904,0:3:51,0,[PeopleData_id:0]
9,905,0:3:51,0,[PeopleData_id:0,RankTypes_id:-1,RankTypes_id:3]
9,901,0:3:51,0,[PeopleData_id:3]
9,902,0:3:52,0,[PeopleData_id:3,PeopleData_data1Type]
9,902,0:3:53,0,[PeopleData_id:3,PeopleData_data2Type]
9,902,0:3:54,0,[PeopleData_id:3,PeopleData_data0Type]
9,902,0:3:58,0,[PeopleData_id:3,PeopleData_data2Type]
9,902,0:3:59,0,[PeopleData_id:3,PeopleData_data1Type]
9,903,0:4:3,0,[PeopleData_id3,PeopleData_data1Type]
9,901,0:4:3,0,[PeopleData_id:3]
9,904,0:4:3,0,[PeopleData_id:3]
9,905,0:4:4,0,[PeopleData_id:3,RankTypes_id:-1,RankTypes_id:3]
9,901,0:4:4,0,[PeopleData_id:2]
9,902,0:4:5,0,[PeopleData_id:2,PeopleData_data0Type]
9,902,0:4:7,0,[PeopleData_id:2,PeopleData_data1Type]
9,903,0:4:9,0,[PeopleData_id2,PeopleData_data1Type]
9,901,0:4:9,0,[PeopleData_id:2]
9,904,0:4:10,0,[PeopleData_id:2]
9,905,0:4:10,0,[PeopleData_id:2,RankTypes_id:-1,RankTypes_id:0]
9,906,0:4:10,0,[]
9,907,0:4:11,0,[]
9,908,0:4:11,0,[InvitationData_id:3,PeopleData_id:3,RankTypes_id:3]
9,909,0:4:13,0,[InvitationData_id:3,PeopleData_id:3,RankTypes_id:3,1]
9,910,0:4:13,0,[InvitationData_id:3,7,false]
9,908,0:4:13,0,[InvitationData_id:6,PeopleData_id:0,RankTypes_id:3]
9,909,0:4:16,0,[InvitationData_id:6,PeopleData_id:0,RankTypes_id:3,1]
9,910,0:4:16,0,[InvitationData_id:6,7,false]
9,908,0:4:16,0,[InvitationData_id:0,PeopleData_id:0,RankTypes_id:3]
9,909,0:4:18,0,[InvitationData_id:0,PeopleData_id:0,RankTypes_id:3,1]
9,910,0:4:19,0,[InvitationData_id:0,7,false]
9,908,0:4:19,0,[InvitationData_id:1,PeopleData_id:0,RankTypes_id:3]
9,909,0:4:21,0,[InvitationData_id:1,PeopleData_id:0,RankTypes_id:3,1]
9,910,0:4:22,0,[InvitationData_id:1,7,false]
9,908,0:4:22,0,[InvitationData_id:8,PeopleData_id:0,RankTypes_id:3]
9,909,0:4:24,0,[InvitationData_id:8,PeopleData_id:0,RankTypes_id:3,0]
9,910,0:4:25,0,[InvitationData_id:8,-7,false]
9,911,0:4:26,0,[21,0,1,0]
9,1005,0:4:26,0,[2,0,2]
9,1001,0:4:27,0,[]
9,1003,0:4:27,2
9,1003,0:4:30,1
9,1004,0:4:31,0
9,800,0:4:33,0,[]
9,801,0:4:35,0,[]
9,814,0:4:37,0,[2]
9,815,0:4:37,0,2,OpportunityCardData_id:13
9,815,0:4:38,0,2,OpportunityCardData_id:14
9,815,0:4:39,0,2,OpportunityCardData_id:15
9,815,0:4:40,0,2,OpportunityCardData_id:16
9,815,0:4:40,0,2,OpportunityCardData_id:17
9,815,0:4:41,0,2,OpportunityCardData_id:18
9,816,0:4:42,0,2,OpportunityCardData_id:18
9,803,0:4:43,0,[OpportunityCardData_id:18,OpportunityCardConsequencesData_logId:0]
9,803,0:4:44,0,[OpportunityCardData_id:18,OpportunityCardConsequencesData_logId:1]
9,805,0:4:45,0,[OpportunityCardData_id:18]
9,806,0:4:53,0,[OpportunityCardData_id:18,PriorityData_type:3]
9,807,0:4:54,0,[OpportunityCardData_id:18]
9,808,0:4:58,0,[OpportunityCardData_id:18]
9,809,0:5:2,0,[OpportunityCardData_id:18,PriorityData_type:3,true]
9,810,0:5:2,0,[OpportunityCardData_id:18,PriorityData_type:2,15,Safe,Safe]
9,814,0:5:4,0,[4]
9,815,0:5:4,0,4,OpportunityCardData_id:22
9,815,0:5:6,0,4,OpportunityCardData_id:26
9,815,0:5:6,0,4,OpportunityCardData_id:27
9,815,0:5:6,0,4,OpportunityCardData_id:28
9,816,0:5:8,0,4,OpportunityCardData_id:28
9,803,0:5:9,0,[OpportunityCardData_id:28,OpportunityCardConsequencesData_logId:0]
9,803,0:5:9,0,[OpportunityCardData_id:28,OpportunityCardConsequencesData_logId:1]
9,803,0:5:10,0,[OpportunityCardData_id:28,OpportunityCardConsequencesData_logId:2]
9,805,0:5:14,0,[OpportunityCardData_id:28]
9,806,0:5:15,0,[OpportunityCardData_id:28,PriorityData_type:2]
9,807,0:5:16,0,[OpportunityCardData_id:28]
9,808,0:5:18,0,[OpportunityCardData_id:28]
9,809,0:5:22,0,[OpportunityCardData_id:28,PriorityData_type:5,false]
9,810,0:5:23,0,[OpportunityCardData_id:28,PriorityData_type:4,15,PriorityData_type:5,10]
9,814,0:5:25,0,[4]
9,815,0:5:25,0,4,OpportunityCardData_id:22
9,815,0:5:26,0,4,OpportunityCardData_id:26
9,815,0:5:26,0,4,OpportunityCardData_id:27
9,816,0:5:27,0,4,OpportunityCardData_id:27
9,803,0:5:31,0,[OpportunityCardData_id:27,OpportunityCardConsequencesData_logId:0]
9,803,0:5:32,0,[OpportunityCardData_id:27,OpportunityCardConsequencesData_logId:1]
9,803,0:5:32,0,[OpportunityCardData_id:27,OpportunityCardConsequencesData_logId:2]
9,805,0:5:34,0,[OpportunityCardData_id:27]
9,806,0:5:35,0,[OpportunityCardData_id:27,PriorityData_type:1]
9,807,0:5:37,0,[OpportunityCardData_id:27]
9,808,0:5:38,0,[OpportunityCardData_id:27]
9,809,0:5:42,0,[OpportunityCardData_id:27,PriorityData_type:2,false]
9,810,0:5:43,0,[OpportunityCardData_id:27,PriorityData_type:4,15,PriorityData_type:2,10]
9,814,0:5:46,0,[2]
9,815,0:5:46,0,2,OpportunityCardData_id:13
9,816,0:5:50,0,2,OpportunityCardData_id:13
9,803,0:5:51,0,[OpportunityCardData_id:13,OpportunityCardConsequencesData_logId:0]
9,803,0:5:51,0,[OpportunityCardData_id:13,OpportunityCardConsequencesData_logId:1]
9,803,0:5:52,0,[OpportunityCardData_id:13,OpportunityCardConsequencesData_logId:2]
9,805,0:5:55,0,[OpportunityCardData_id:13]
9,806,0:6:0,0,[OpportunityCardData_id:13,PriorityData_type:1]
9,807,0:6:1,0,[OpportunityCardData_id:13]
9,808,0:6:3,0,[OpportunityCardData_id:13]
9,809,0:6:6,0,[OpportunityCardData_id:13,PriorityData_type:1,true]
9,810,0:6:7,0,[OpportunityCardData_id:13,PriorityData_type:2,15,Safe,Safe]
9,818,0:6:8,0,4
9,811,0:6:10,0,[OpportunityCardData_id:13,PriorityData_type:2,80,90,PriorityData_type:4,70,75]
9,1005,0:6:10,0,[1,0,3]
9,1001,0:6:11,0,[]
9,1003,0:6:11,1
9,1003,0:6:14,0
9,1004,0:6:15,0
9,400,0:6:17,0,[]
9,401,0:6:19,0,[StatementsData_logId:0]
9,402,0:6:20,0,[StatementsData_logId:0,false]
9,405,0:6:20,0,[StatementsData_logId:0]
9,1002,0:6:23,0
9,1003,0:6:23,0
9,1004,0:6:24,0
9,400,0:6:26,0,[]
9,401,0:6:27,0,[StatementsData_logId:0]
9,403,0:6:28,0,[StatementsData_logId:0,true]
9,405,0:6:28,0,[StatementsData_logId:0]
9,406,0:6:29,0,[StatementsData_logId:0,2]
9,407,0:6:29,0,[StatementsData_logId:0,FactCardData_id:7]
9,407,0:6:29,0,[StatementsData_logId:0,FactCardData_id:4]
9,407,0:6:29,0,[StatementsData_logId:0,FactCardData_id:3]
9,407,0:6:29,0,[StatementsData_logId:0,FactCardData_id:0]
9,407,0:6:29,0,[StatementsData_logId:0,FactCardData_id:5]
9,407,0:6:29,0,[StatementsData_logId:0,FactCardData_id:6]
9,407,0:6:33,0,[StatementsData_logId:0,FactCardData_id:7]
9,407,0:6:33,0,[StatementsData_logId:0,FactCardData_id:7]
9,407,0:6:35,0,[StatementsData_logId:0,FactCardData_id:4]
9,407,0:6:35,0,[StatementsData_logId:0,FactCardData_id:7]
9,407,0:6:35,0,[StatementsData_logId:0,FactCardData_id:4]
9,408,0:6:36,0,[StatementsData_logId:0,FactCardData_id:4,false]
9,406,0:6:39,0,[StatementsData_logId:0,-2]
9,411,0:6:40,0,[StatementsData_logId:0]
9,1002,0:6:42,0
9,1003,0:6:42,0
9,100,0:6:45,0
9,102,0:6:46,0
9,200,0:6:46,0,0,3,2,0,6
9,219,0:6:46,0
9,216,0:6:48,Stack_G7a0
9,217,0:6:49,Stack_G7a0,0.90,31
9,218,0:6:50,0
9,210,0:6:51,995,551
9,211,0:6:51,985,528
9,213,0:6:51,0,c_bestFriend_F_a_G7a0,true
9,205,0:6:51,0,c_bestFriend_F_a_G7a0,false,false
9,210,0:6:55,653,546
9,207,0:6:56,0,-200,-290
9,211,0:6:56,826,350
9,213,0:6:56,0,c_teacherEng_G7a0,true
9,205,0:6:56,0,c_teacherEng_G7a0,false,false
9,210,0:7:0,1295,479
9,207,0:7:0,0,-290,-485
9,207,0:7:1,0,-485,-515
9,207,0:7:5,0,-515,-170
9,207,0:7:6,0,-170,0
9,207,0:7:13,0,0,-210
9,207,0:7:14,0,-210,-315
9,211,0:7:14,1253,675
9,212,0:7:15,1
9,221,0:7:16,0
9,220,0:7:19,0
9,210,0:7:20,1038,556
9,207,0:7:22,0,-315,-390
9,207,0:7:22,0,-390,-480
9,207,0:7:23,0,-480,-518.45
9,211,0:7:24,1350,495
9,212,0:7:24,0
9,210,0:7:25,1463,526
9,211,0:7:25,1484,588
9,212,0:7:26,2
9,210,0:7:26,1439,562
9,207,0:7:30,0,-518.45,-218.45
9,207,0:7:32,0,-218.45,-23.45
9,211,0:7:33,231,418
9,212,0:7:35,1
9,210,0:7:35,433,189
9,211,0:7:36,451,208
9,212,0:7:37,0
9,210,0:7:37,481,194
9,211,0:7:43,594,437
9,219,0:7:43,0
9,216,0:7:44,Stack_G7a1N
9,217,0:7:45,Stack_G7a1N,0.53,19
9,218,0:7:46,0
9,210,0:7:47,851,557
9,211,0:7:47,891,552
9,212,0:7:48,1
9,210,0:7:48,859,516
9,211,0:7:49,866,518
9,212,0:7:49,2
9,210,0:7:50,875,461
9,211,0:7:50,835,452
9,213,0:7:50,0,c_teacherEng_G7a1N,true
9,205,0:7:50,0,c_teacherEng_G7a1N,false,false
9,212,0:7:54,0
9,210,0:7:54,842,360
9,211,0:7:55,792,347
9,212,0:7:56,1
9,210,0:7:56,831,355
9,211,0:7:57,782,323
9,213,0:7:57,0,s_paperPlayers_G7a1N,true
9,205,0:7:57,0,s_paperPlayers_G7a1N,false,false
9,210,0:8:1,843,555
9,211,0:8:3,1094,512
9,212,0:8:3,2
9,210,0:8:4,1048,510
9,211,0:8:4,1059,539
9,213,0:8:4,0,c_bestFriend_F_a_G7a1N,true
9,205,0:8:4,0,c_bestFriend_F_a_G7a1N,false,false
9,210,0:8:12,613,557
9,207,0:8:21,0,-200,0
9,211,0:8:21,3,606
9,210,0:8:21,111,505
9,211,0:8:22,155,535
9,213,0:8:22,0,c_crewKid1_F_G7a0,true
9,221,0:8:24,0
9,220,0:8:25,0
9,212,0:8:26,1
9,210,0:8:26,756,567
9,211,0:8:31,239,142
9,213,0:8:31,0,s_flag_gen,true
9,205,0:8:31,0,s_flag_gen,false,false
9,221,0:8:35,0
9,220,0:8:37,0
9,219,0:8:37,0
9,216,0:8:37,Stack_G7a1P
9,217,0:8:39,Stack_G7a1P,0.73,6.9
9,218,0:8:40,0
9,210,0:8:40,1024,486
9,211,0:8:43,776,428
9,213,0:8:43,0,c_teacherEng_G7a1P,true
9,205,0:8:43,0,c_teacherEng_G7a1P,false,false
9,210,0:8:46,1080,484
9,211,0:8:46,968,510
9,212,0:8:47,2
9,210,0:8:48,996,505
9,211,0:8:48,1054,490
9,212,0:8:49,0
9,210,0:8:49,1103,473
9,207,0:8:52,0,-400,-490
9,207,0:8:53,0,-490,-518
9,211,0:8:54,1301,642
9,221,0:8:54,0
9,220,0:8:55,0
9,210,0:8:57,947,448
9,207,0:8:58,0,-518,-308
9,207,0:9:0,0,-308,-83
9,207,0:9:1,0,-83,0
9,211,0:9:4,455,316
9,212,0:9:5,1
9,210,0:9:6,445,156
9,211,0:9:6,469,227
9,212,0:9:7,2
9,210,0:9:8,446,169
9,211,0:9:10,261,138
9,213,0:9:10,0,s_flag_gen,false
9,1003,0:9:13,2
9,1004,0:9:14,0
9,900,0:9:16,0,[]
9,901,0:9:16,0,[PeopleData_id:0]
9,902,0:9:18,0,[PeopleData_id:0,PeopleData_data0Type]
9,902,0:9:19,0,[PeopleData_id:0,PeopleData_data1Type]
9,902,0:9:20,0,[PeopleData_id:0,PeopleData_data2Type]
9,902,0:9:23,0,[PeopleData_id:0,PeopleData_data3Type]
9,903,0:9:25,0,[PeopleData_id0,PeopleData_data3Type]
9,901,0:9:25,0,[PeopleData_id:3]
9,902,0:9:26,0,[PeopleData_id:3,PeopleData_data2Type]
9,902,0:9:27,0,[PeopleData_id:3,PeopleData_data1Type]
9,902,0:9:28,0,[PeopleData_id:3,PeopleData_data2Type]
9,902,0:9:30,0,[PeopleData_id:3,PeopleData_data1Type]
9,902,0:9:31,0,[PeopleData_id:3,PeopleData_data0Type]
9,903,0:9:32,0,[PeopleData_id3,PeopleData_data0Type]
9,901,0:9:33,0,[PeopleData_id:3]
9,904,0:9:33,0,[PeopleData_id:3]
9,905,0:9:33,0,[PeopleData_id:3,RankTypes_id:-1,RankTypes_id:3]
9,901,0:9:34,0,[PeopleData_id:0]
9,902,0:9:35,0,[PeopleData_id:0,PeopleData_data0Type]
9,902,0:9:35,0,[PeopleData_id:0,PeopleData_data1Type]
9,902,0:9:35,0,[PeopleData_id:0,PeopleData_data2Type]
9,903,0:9:36,0,[PeopleData_id0,PeopleData_data2Type]
9,901,0:9:36,0,[PeopleData_id:0]
9,904,0:9:37,0,[PeopleData_id:0]
9,905,0:9:37,0,[PeopleData_id:0,RankTypes_id:-1,RankTypes_id:3]
9,901,0:9:38,0,[PeopleData_id:2]
9,902,0:9:39,0,[PeopleData_id:2,PeopleData_data3Type]
9,902,0:9:40,0,[PeopleData_id:2,PeopleData_data2Type]
9,903,0:9:42,0,[PeopleData_id2,PeopleData_data2Type]
9,901,0:9:42,0,[PeopleData_id:2]
9,904,0:9:42,0,[PeopleData_id:2]
9,905,0:9:43,0,[PeopleData_id:2,RankTypes_id:-1,RankTypes_id:0]
9,901,0:9:43,0,[PeopleData_id:4]
9,902,0:9:44,0,[PeopleData_id:4,PeopleData_data0Type]
9,902,0:9:45,0,[PeopleData_id:4,PeopleData_data1Type]
9,902,0:9:46,0,[PeopleData_id:4,PeopleData_data2Type]
9,903,0:9:48,0,[PeopleData_id4,PeopleData_data2Type]
9,901,0:9:48,0,[PeopleData_id:1]
9,902,0:9:49,0,[PeopleData_id:1,PeopleData_data3Type]
9,902,0:9:50,0,[PeopleData_id:1,PeopleData_data2Type]
9,902,0:9:52,0,[PeopleData_id:1,PeopleData_data1Type]
9,903,0:9:53,0,[PeopleData_id1,PeopleData_data1Type]
9,901,0:9:53,0,[PeopleData_id:4]
9,904,0:9:53,0,[PeopleData_id:4]
9,905,0:9:54,0,[PeopleData_id:4,RankTypes_id:-1,RankTypes_id:0]
9,901,0:9:54,0,[PeopleData_id:1]
9,904,0:9:54,0,[PeopleData_id:1]
9,905,0:9:54,0,[PeopleData_id:1,RankTypes_id:-1,RankTypes_id:0]
9,906,0:9:54,0,[]
9,907,0:9:55,0,[]
9,908,0:9:55,0,[InvitationData_id:1,PeopleData_id:0,RankTypes_id:3]
9,909,0:9:58,0,[InvitationData_id:1,PeopleData_id:0,RankTypes_id:3,1]
9,910,0:9:58,0,[InvitationData_id:1,7,false]
9,908,0:9:58,0,[InvitationData_id:0,PeopleData_id:0,RankTypes_id:3]
9,909,0:10:0,0,[InvitationData_id:0,PeopleData_id:0,RankTypes_id:3,1]
9,910,0:10:1,0,[InvitationData_id:0,7,false]
9,908,0:10:1,0,[InvitationData_id:8,PeopleData_id:0,RankTypes_id:3]
9,909,0:10:4,0,[InvitationData_id:8,PeopleData_id:0,RankTypes_id:3,1]
9,910,0:10:4,0,[InvitationData_id:8,7,false]
9,908,0:10:4,0,[InvitationData_id:6,PeopleData_id:0,RankTypes_id:3]
9,909,0:10:7,0,[InvitationData_id:6,PeopleData_id:0,RankTypes_id:3,1]
9,910,0:10:7,0,[InvitationData_id:6,7,false]
9,908,0:10:7,0,[InvitationData_id:3,PeopleData_id:3,RankTypes_id:3]
9,909,0:10:11,0,[InvitationData_id:3,PeopleData_id:3,RankTypes_id:3,1]
9,910,0:10:12,0,[InvitationData_id:3,7,false]
9,911,0:10:12,0,[35,0,0,0]
9,1000,0:10:15,0,[]
9,900,0:10:16,0,[]
9,901,0:10:16,0,[PeopleData_id:4]
9,901,0:10:17,0,[PeopleData_id:0]
9,901,0:10:18,0,[PeopleData_id:2]
9,902,0:10:19,0,[PeopleData_id:2,PeopleData_data0Type]
9,902,0:10:20,0,[PeopleData_id:2,PeopleData_data1Type]
9,902,0:10:21,0,[PeopleData_id:2,PeopleData_data2Type]
9,903,0:10:22,0,[PeopleData_id2,PeopleData_data2Type]
9,901,0:10:22,0,[PeopleData_id:2]
9,904,0:10:22,0,[PeopleData_id:2]
9,905,0:10:23,0,[PeopleData_id:2,RankTypes_id:-1,RankTypes_id:0]
9,901,0:10:23,0,[PeopleData_id:3]
9,902,0:10:24,0,[PeopleData_id:3,PeopleData_data2Type]
9,902,0:10:25,0,[PeopleData_id:3,PeopleData_data1Type]
9,902,0:10:26,0,[PeopleData_id:3,PeopleData_data0Type]
9,903,0:10:27,0,[PeopleData_id3,PeopleData_data0Type]
9,901,0:10:28,0,[PeopleData_id:3]
9,904,0:10:28,0,[PeopleData_id:3]
9,905,0:10:28,0,[PeopleData_id:3,RankTypes_id:-1,RankTypes_id:3]
9,901,0:10:29,0,[PeopleData_id:4]
9,901,0:10:29,0,[PeopleData_id:4]
9,904,0:10:29,0,[PeopleData_id:4]
9,905,0:10:30,0,[PeopleData_id:4,RankTypes_id:-1,RankTypes_id:3]
9,901,0:10:30,0,[PeopleData_id:4]
9,904,0:10:30,0,[PeopleData_id:4]
9,901,0:10:31,0,[PeopleData_id:0]
9,904,0:10:31,0,[PeopleData_id:0]
9,905,0:10:32,0,[PeopleData_id:0,RankTypes_id:-1,RankTypes_id:3]
9,901,0:10:33,0,[PeopleData_id:4]
9,904,0:10:33,0,[PeopleData_id:4]
9,901,0:10:34,0,[PeopleData_id:4]
9,904,0:10:34,0,[PeopleData_id:4]
9,901,0:10:36,0,[PeopleData_id:4]
9,904,0:10:36,0,[PeopleData_id:4]
9,905,0:10:37,0,[PeopleData_id:4,RankTypes_id:3,RankTypes_id:0]
9,902,0:10:39,0,[PeopleData_id:4,PeopleData_data3Type]
9,902,0:10:40,0,[PeopleData_id:4,PeopleData_data2Type]
9,902,0:10:41,0,[PeopleData_id:4,PeopleData_data1Type]
9,902,0:10:42,0,[PeopleData_id:4,PeopleData_data0Type]
9,903,0:10:44,0,[PeopleData_id4,PeopleData_data0Type]
9,901,0:10:44,0,[PeopleData_id:1]
9,902,0:10:45,0,[PeopleData_id:1,PeopleData_data1Type]
9,902,0:10:46,0,[PeopleData_id:1,PeopleData_data0Type]
9,902,0:10:47,0,[PeopleData_id:1,PeopleData_data2Type]
9,903,0:10:47,0,[PeopleData_id1,PeopleData_data2Type]
9,901,0:10:48,0,[PeopleData_id:1]
9,904,0:10:48,0,[PeopleData_id:1]
9,905,0:10:49,0,[PeopleData_id:1,RankTypes_id:-1,RankTypes_id:0]
9,906,0:10:49,0,[]
9,907,0:10:50,0,[]
9,908,0:10:50,0,[InvitationData_id:3,PeopleData_id:3,RankTypes_id:3]
9,909,0:10:52,0,[InvitationData_id:3,PeopleData_id:3,RankTypes_id:3,1]
9,910,0:10:53,0,[InvitationData_id:3,7,false]
9,908,0:10:53,0,[InvitationData_id:1,PeopleData_id:0,RankTypes_id:3]
9,909,0:10:55,0,[InvitationData_id:1,PeopleData_id:0,RankTypes_id:3,1]
9,910,0:10:55,0,[InvitationData_id:1,7,false]
9,908,0:10:55,0,[InvitationData_id:0,PeopleData_id:0,RankTypes_id:3]
9,909,0:10:57,0,[InvitationData_id:0,PeopleData_id:0,RankTypes_id:3,1]
9,910,0:10:57,0,[InvitationData_id:0,7,false]
9,908,0:10:57,0,[InvitationData_id:6,PeopleData_id:0,RankTypes_id:3]
9,909,0:11:0,0,[InvitationData_id:6,PeopleData_id:0,RankTypes_id:3,1]
9,910,0:11:1,0,[InvitationData_id:6,7,false]
9,908,0:11:1,0,[InvitationData_id:8,PeopleData_id:0,RankTypes_id:3]
9,909,0:11:2,0,[InvitationData_id:8,PeopleData_id:0,RankTypes_id:3,1]
9,910,0:11:3,0,[InvitationData_id:8,7,false]
9,911,0:11:4,0,[35,0,0,0]
9,1000,0:11:5,0,[]
9,900,0:11:6,0,[]
9,901,0:11:7,0,[PeopleData_id:2]
9,902,0:11:8,0,[PeopleData_id:2,PeopleData_data0Type]
9,902,0:11:9,0,[PeopleData_id:2,PeopleData_data1Type]
9,903,0:11:10,0,[PeopleData_id2,PeopleData_data1Type]
9,902,0:11:11,0,[PeopleData_id:2,PeopleData_data2Type]
9,902,0:11:13,0,[PeopleData_id:2,PeopleData_data3Type]
9,903,0:11:15,0,[PeopleData_id2,PeopleData_data3Type]
9,902,0:11:16,0,[PeopleData_id:2,PeopleData_data3Type]
9,903,0:11:19,0,[PeopleData_id2,PeopleData_data3Type]
9,901,0:11:19,0,[PeopleData_id:2]
9,904,0:11:19,0,[PeopleData_id:2]
9,905,0:11:19,0,[PeopleData_id:2,RankTypes_id:-1,RankTypes_id:0]
9,901,0:11:20,0,[PeopleData_id:1]
9,902,0:11:21,0,[PeopleData_id:1,PeopleData_data3Type]
9,902,0:11:22,0,[PeopleData_id:1,PeopleData_data2Type]
9,902,0:11:24,0,[PeopleData_id:1,PeopleData_data1Type]
9,902,0:11:25,0,[PeopleData_id:1,PeopleData_data0Type]
9,903,0:11:26,0,[PeopleData_id1,PeopleData_data0Type]
9,901,0:11:27,0,[PeopleData_id:1]
9,904,0:11:27,0,[PeopleData_id:1]
9,905,0:11:27,0,[PeopleData_id:1,RankTypes_id:-1,RankTypes_id:0]
9,901,0:11:28,0,[PeopleData_id:4]
9,902,0:11:28,0,[PeopleData_id:4,PeopleData_data0Type]
9,902,0:11:29,0,[PeopleData_id:4,PeopleData_data1Type]
9,902,0:11:30,0,[PeopleData_id:4,PeopleData_data2Type]
9,902,0:11:31,0,[PeopleData_id:4,PeopleData_data0Type]
9,902,0:11:31,0,[PeopleData_id:4,PeopleData_data1Type]
9,902,0:11:33,0,[PeopleData_id:4,PeopleData_data2Type]
9,902,0:11:33,0,[PeopleData_id:4,PeopleData_data3Type]
9,903,0:11:35,0,[PeopleData_id4,PeopleData_data3Type]
9,901,0:11:36,0,[PeopleData_id:4]
9,904,0:11:36,0,[PeopleData_id:4]
9,905,0:11:37,0,[PeopleData_id:4,RankTypes_id:-1,RankTypes_id:0]
9,901,0:11:38,0,[PeopleData_id:3]
9,904,0:11:38,0,[PeopleData_id:3]
9,901,0:11:39,0,[PeopleData_id:4]
9,905,0:11:39,0,[PeopleData_id:4,RankTypes_id:0,RankTypes_id:0]
9,902,0:11:40,0,[PeopleData_id:4,PeopleData_data1Type]
9,902,0:11:41,0,[PeopleData_id:4,PeopleData_data2Type]
9,903,0:11:42,0,[PeopleData_id4,PeopleData_data2Type]
9,901,0:11:43,0,[PeopleData_id:3]
9,904,0:11:43,0,[PeopleData_id:3]
9,902,0:11:44,0,[PeopleData_id:3,PeopleData_data0Type]
9,902,0:11:48,0,[PeopleData_id:3,PeopleData_data1Type]
9,902,0:11:48,0,[PeopleData_id:3,PeopleData_data2Type]
9,902,0:11:50,0,[PeopleData_id:3,PeopleData_data1Type]
9,903,0:11:53,0,[PeopleData_id3,PeopleData_data1Type]
9,901,0:11:53,0,[PeopleData_id:3]
9,904,0:11:53,0,[PeopleData_id:3]
9,905,0:11:54,0,[PeopleData_id:3,RankTypes_id:-1,RankTypes_id:3]
9,901,0:11:54,0,[PeopleData_id:0]
9,904,0:11:54,0,[PeopleData_id:0]
9,901,0:11:55,0,[PeopleData_id:0]
9,904,0:11:55,0,[PeopleData_id:0]
9,905,0:11:56,0,[PeopleData_id:0,RankTypes_id:-1,RankTypes_id:3]
9,906,0:11:56,0,[]
9,901,0:11:57,0,[PeopleData_id:1]
9,905,0:11:57,0,[PeopleData_id:1,RankTypes_id:0,RankTypes_id:0]
9,901,0:11:58,0,[PeopleData_id:2]
9,905,0:11:58,0,[PeopleData_id:2,RankTypes_id:0,RankTypes_id:0]
9,902,0:11:59,0,[PeopleData_id:2,PeopleData_data2Type]
9,902,0:12:0,0,[PeopleData_id:2,PeopleData_data3Type]
9,902,0:12:0,0,[PeopleData_id:2,PeopleData_data1Type]
9,902,0:12:1,0,[PeopleData_id:2,PeopleData_data0Type]
9,903,0:12:3,0,[PeopleData_id2,PeopleData_data0Type]
9,901,0:12:4,0,[PeopleData_id:2]
9,904,0:12:5,0,[PeopleData_id:2]
9,905,0:12:5,0,[PeopleData_id:2,RankTypes_id:0,RankTypes_id:1]
9,907,0:12:6,0,[]
9,908,0:12:6,0,[InvitationData_id:6,PeopleData_id:0,RankTypes_id:3]
9,909,0:12:8,0,[InvitationData_id:6,PeopleData_id:0,RankTypes_id:3,1]
9,910,0:12:8,0,[InvitationData_id:6,7,false]
9,908,0:12:8,0,[InvitationData_id:4,PeopleData_id:2,RankTypes_id:1]
9,909,0:12:11,0,[InvitationData_id:4,PeopleData_id:2,RankTypes_id:1,0]
9,910,0:12:12,0,[InvitationData_id:4,0,false]
9,908,0:12:12,0,[InvitationData_id:3,PeopleData_id:3,RankTypes_id:3]
9,909,0:12:14,0,[InvitationData_id:3,PeopleData_id:3,RankTypes_id:3,1]
9,910,0:12:15,0,[InvitationData_id:3,7,false]
9,908,0:12:15,0,[InvitationData_id:1,PeopleData_id:0,RankTypes_id:3]
9,909,0:12:17,0,[InvitationData_id:1,PeopleData_id:0,RankTypes_id:3,1]
9,910,0:12:17,0,[InvitationData_id:1,7,false]
9,908,0:12:17,0,[InvitationData_id:8,PeopleData_id:0,RankTypes_id:3]
9,909,0:12:19,0,[InvitationData_id:8,PeopleData_id:0,RankTypes_id:3,1]
9,910,0:12:19,0,[InvitationData_id:8,7,false]
9,908,0:12:19,0,[InvitationData_id:10,PeopleData_id:2,RankTypes_id:1]
9,909,0:12:22,0,[InvitationData_id:10,PeopleData_id:2,RankTypes_id:1,1]
9,910,0:12:25,0,[InvitationData_id:10,0,true]
9,908,0:12:25,0,[InvitationData_id:0,PeopleData_id:0,RankTypes_id:3]
9,909,0:12:26,0,[InvitationData_id:0,PeopleData_id:0,RankTypes_id:3,1]
9,910,0:12:27,0,[InvitationData_id:0,7,false]
9,908,0:12:27,0,[InvitationData_id:2,PeopleData_id:2,RankTypes_id:1]
9,909,0:12:29,0,[InvitationData_id:2,PeopleData_id:2,RankTypes_id:1,0]
9,910,0:12:29,0,[InvitationData_id:2,0,false]
9,911,0:12:30,0,[35,1,0,1]
9,1000,0:12:33,0,[]
9,900,0:12:34,0,[]
9,901,0:12:36,0,[PeopleData_id:2]
9,901,0:12:36,0,[PeopleData_id:0]
9,902,0:12:37,0,[PeopleData_id:0,PeopleData_data0Type]
9,902,0:12:38,0,[PeopleData_id:0,PeopleData_data1Type]
9,902,0:12:39,0,[PeopleData_id:0,PeopleData_data2Type]
9,902,0:12:40,0,[PeopleData_id:0,PeopleData_data3Type]
9,903,0:12:43,0,[PeopleData_id0,PeopleData_data3Type]
9,901,0:12:44,0,[PeopleData_id:3]
9,902,0:12:45,0,[PeopleData_id:3,PeopleData_data0Type]
9,902,0:12:46,0,[PeopleData_id:3,PeopleData_data1Type]
9,902,0:12:47,0,[PeopleData_id:3,PeopleData_data2Type]
9,903,0:12:48,0,[PeopleData_id3,PeopleData_data2Type]
9,901,0:12:48,0,[PeopleData_id:3]
9,904,0:12:48,0,[PeopleData_id:3]
9,905,0:12:49,0,[PeopleData_id:3,RankTypes_id:-1,RankTypes_id:3]
9,901,0:12:49,0,[PeopleData_id:2]
9,904,0:12:49,0,[PeopleData_id:2]
9,901,0:12:50,0,[PeopleData_id:0]
9,902,0:12:51,0,[PeopleData_id:0,PeopleData_data0Type]
9,902,0:12:52,0,[PeopleData_id:0,PeopleData_data1Type]
9,902,0:12:52,0,[PeopleData_id:0,PeopleData_data2Type]
9,902,0:12:53,0,[PeopleData_id:0,PeopleData_data3Type]
9,903,0:12:54,0,[PeopleData_id0,PeopleData_data3Type]
9,901,0:12:54,0,[PeopleData_id:0]
9,904,0:12:54,0,[PeopleData_id:0]
9,905,0:12:55,0,[PeopleData_id:0,RankTypes_id:-1,RankTypes_id:4]
9,901,0:12:55,0,[PeopleData_id:0]
9,904,0:12:55,0,[PeopleData_id:0]
9,905,0:12:56,0,[PeopleData_id:0,RankTypes_id:4,RankTypes_id:3]
9,901,0:12:57,0,[PeopleData_id:1]
9,904,0:12:57,0,[PeopleData_id:1]
9,902,0:12:58,0,[PeopleData_id:1,PeopleData_data0Type]
9,902,0:13:0,0,[PeopleData_id:1,PeopleData_data1Type]
9,903,0:13:1,0,[PeopleData_id1,PeopleData_data1Type]
9,901,0:13:1,0,[PeopleData_id:1]
9,904,0:13:1,0,[PeopleData_id:1]
9,905,0:13:1,0,[PeopleData_id:1,RankTypes_id:-1,RankTypes_id:0]
9,901,0:13:2,0,[PeopleData_id:4]
9,902,0:13:3,0,[PeopleData_id:4,PeopleData_data3Type]
9,902,0:13:3,0,[PeopleData_id:4,PeopleData_data2Type]
9,902,0:13:4,0,[PeopleData_id:4,PeopleData_data1Type]
9,902,0:13:5,0,[PeopleData_id:4,PeopleData_data0Type]
9,902,0:13:6,0,[PeopleData_id:4,PeopleData_data1Type]
9,903,0:13:7,0,[PeopleData_id4,PeopleData_data1Type]
9,901,0:13:8,0,[PeopleData_id:4]
9,904,0:13:8,0,[PeopleData_id:4]
9,905,0:13:9,0,[PeopleData_id:4,RankTypes_id:-1,RankTypes_id:0]
9,901,0:13:9,0,[PeopleData_id:2]
9,904,0:13:10,0,[PeopleData_id:2]
9,902,0:13:10,0,[PeopleData_id:2,PeopleData_data0Type]
9,902,0:13:12,0,[PeopleData_id:2,PeopleData_data1Type]
9,902,0:13:12,0,[PeopleData_id:2,PeopleData_data2Type]
9,903,0:13:13,0,[PeopleData_id2,PeopleData_data2Type]
9,901,0:13:13,0,[PeopleData_id:2]
9,904,0:13:13,0,[PeopleData_id:2]
9,905,0:13:14,0,[PeopleData_id:2,RankTypes_id:-1,RankTypes_id:1]
9,906,0:13:14,0,[]
9,907,0:13:15,0,[]
9,908,0:13:15,0,[InvitationData_id:4,PeopleData_id:2,RankTypes_id:1]
9,909,0:13:16,0,[InvitationData_id:4,PeopleData_id:2,RankTypes_id:1,0]
9,910,0:13:17,0,[InvitationData_id:4,0,false]
9,908,0:13:17,0,[InvitationData_id:8,PeopleData_id:0,RankTypes_id:3]
9,909,0:13:18,0,[InvitationData_id:8,PeopleData_id:0,RankTypes_id:3,1]
9,910,0:13:19,0,[InvitationData_id:8,7,false]
9,908,0:13:19,0,[InvitationData_id:0,PeopleData_id:0,RankTypes_id:3]
9,909,0:13:23,0,[InvitationData_id:0,PeopleData_id:0,RankTypes_id:3,1]
9,910,0:13:24,0,[InvitationData_id:0,7,false]
9,908,0:13:24,0,[InvitationData_id:6,PeopleData_id:0,RankTypes_id:3]
9,909,0:13:25,0,[InvitationData_id:6,PeopleData_id:0,RankTypes_id:3,1]
9,910,0:13:26,0,[InvitationData_id:6,7,false]
9,908,0:13:26,0,[InvitationData_id:2,PeopleData_id:2,RankTypes_id:1]
9,909,0:13:28,0,[InvitationData_id:2,PeopleData_id:2,RankTypes_id:1,0]
9,910,0:13:28,0,[InvitationData_id:2,0,false]
9,908,0:13:28,0,[InvitationData_id:1,PeopleData_id:0,RankTypes_id:3]
9,909,0:13:30,0,[InvitationData_id:1,PeopleData_id:0,RankTypes_id:3,1]
9,910,0:13:31,0,[InvitationData_id:1,7,false]
9,908,0:13:31,0,[InvitationData_id:3,PeopleData_id:3,RankTypes_id:3]
9,909,0:13:33,0,[InvitationData_id:3,PeopleData_id:3,RankTypes_id:3,1]
9,910,0:13:34,0,[InvitationData_id:3,7,false]
9,908,0:13:34,0,[InvitationData_id:10,PeopleData_id:2,RankTypes_id:1]
9,909,0:13:36,0,[InvitationData_id:10,PeopleData_id:2,RankTypes_id:1,0]
9,910,0:13:36,0,[InvitationData_id:10,0,false]
9,911,0:13:37,0,[35,0,0,0]
9,1000,0:14:14,0,[]
9,900,0:14:15,0,[]
9,901,0:14:16,0,[PeopleData_id:2]
9,902,0:14:17,0,[PeopleData_id:2,PeopleData_data3Type]
9,902,0:14:18,0,[PeopleData_id:2,PeopleData_data2Type]
9,902,0:14:19,0,[PeopleData_id:2,PeopleData_data1Type]
9,902,0:14:20,0,[PeopleData_id:2,PeopleData_data0Type]
9,903,0:14:20,0,[PeopleData_id2,PeopleData_data0Type]
9,901,0:14:21,0,[PeopleData_id:2]
9,904,0:14:21,0,[PeopleData_id:2]
9,905,0:14:21,0,[PeopleData_id:2,RankTypes_id:-1,RankTypes_id:0]
9,901,0:14:22,0,[PeopleData_id:0]
9,902,0:14:23,0,[PeopleData_id:0,PeopleData_data3Type]
9,902,0:14:24,0,[PeopleData_id:0,PeopleData_data2Type]
9,903,0:14:25,0,[PeopleData_id0,PeopleData_data2Type]
9,901,0:14:26,0,[PeopleData_id:3]
9,902,0:14:27,0,[PeopleData_id:3,PeopleData_data2Type]
9,902,0:14:27,0,[PeopleData_id:3,PeopleData_data1Type]
9,902,0:14:28,0,[PeopleData_id:3,PeopleData_data0Type]
9,903,0:14:29,0,[PeopleData_id3,PeopleData_data0Type]
9,901,0:14:29,0,[PeopleData_id:3]
9,904,0:14:29,0,[PeopleData_id:3]
9,905,0:14:30,0,[PeopleData_id:3,RankTypes_id:-1,RankTypes_id:4]
9,901,0:14:30,0,[PeopleData_id:0]
9,904,0:14:30,0,[PeopleData_id:0]
9,905,0:14:31,0,[PeopleData_id:0,RankTypes_id:-1,RankTypes_id:4]
9,901,0:14:31,0,[PeopleData_id:4]
9,902,0:14:32,0,[PeopleData_id:4,PeopleData_data3Type]
9,902,0:14:33,0,[PeopleData_id:4,PeopleData_data2Type]
9,902,0:14:34,0,[PeopleData_id:4,PeopleData_data1Type]
9,902,0:14:34,0,[PeopleData_id:4,PeopleData_data0Type]
9,903,0:14:35,0,[PeopleData_id4,PeopleData_data0Type]
9,901,0:14:35,0,[PeopleData_id:4]
9,904,0:14:35,0,[PeopleData_id:4]
9,905,0:14:36,0,[PeopleData_id:4,RankTypes_id:-1,RankTypes_id:0]
9,901,0:14:36,0,[PeopleData_id:1]
9,902,0:14:37,0,[PeopleData_id:1,PeopleData_data0Type]
9,902,0:14:38,0,[PeopleData_id:1,PeopleData_data1Type]
9,902,0:14:38,0,[PeopleData_id:1,PeopleData_data2Type]
9,903,0:14:39,0,[PeopleData_id1,PeopleData_data2Type]
9,901,0:14:39,0,[PeopleData_id:1]
9,904,0:14:39,0,[PeopleData_id:1]
9,905,0:14:40,0,[PeopleData_id:1,RankTypes_id:-1,RankTypes_id:0]
9,906,0:14:40,0,[]
9,907,0:14:40,0,[]
9,908,0:14:40,0,[InvitationData_id:8,PeopleData_id:0,RankTypes_id:4]
9,909,0:14:42,0,[InvitationData_id:8,PeopleData_id:0,RankTypes_id:4,1]
9,910,0:14:43,0,[InvitationData_id:8,9,false]
9,908,0:14:43,0,[InvitationData_id:0,PeopleData_id:0,RankTypes_id:4]
9,909,0:14:44,0,[InvitationData_id:0,PeopleData_id:0,RankTypes_id:4,1]
9,910,0:14:45,0,[InvitationData_id:0,9,false]
9,908,0:14:45,0,[InvitationData_id:3,PeopleData_id:3,RankTypes_id:4]
9,909,0:14:47,0,[InvitationData_id:3,PeopleData_id:3,RankTypes_id:4,1]
9,910,0:14:47,0,[InvitationData_id:3,9,false]
9,908,0:14:47,0,[InvitationData_id:6,PeopleData_id:0,RankTypes_id:4]
9,909,0:14:49,0,[InvitationData_id:6,PeopleData_id:0,RankTypes_id:4,1]
9,910,0:14:50,0,[InvitationData_id:6,9,false]
9,908,0:14:50,0,[InvitationData_id:1,PeopleData_id:0,RankTypes_id:4]
9,909,0:14:52,0,[InvitationData_id:1,PeopleData_id:0,RankTypes_id:4,1]
9,910,0:14:53,0,[InvitationData_id:1,9,false]
9,911,0:14:53,0,[45,0,0,0]
9,1005,0:14:54,0,[2,2,3]
9,1001,0:14:54,0,[]
9,1003,0:14:54,2
9,210,0:14:57,607,141
9,211,0:14:58,267,189
9,207,0:14:58,0,-400,-250
9,210,0:14:58,595,458
9,211,0:14:58,602,452
9,210,0:14:59,176,268
9,207,0:15:0,0,-250,-40
9,211,0:15:1,261,126
9,213,0:15:1,0,s_flag_gen,true
9,205,0:15:1,0,s_flag_gen,false,false
9,210,0:15:4,919,471
9,211,0:15:4,949,474
9,212,0:15:5,1
9,210,0:15:5,975,497
9,211,0:15:6,988,539
9,212,0:15:6,0
9,210,0:15:7,957,501
9,211,0:15:7,957,502
9,213,0:15:7,0,c_bestFriend_F_a_G7a1P,true
9,1003,0:15:10,0
9,1004,0:15:11,0
9,400,0:15:13,0,[]
9,401,0:15:14,0,[StatementsData_logId:0]
9,403,0:15:15,0,[StatementsData_logId:0,true]
9,405,0:15:15,0,[StatementsData_logId:0]
9,406,0:15:16,0,[StatementsData_logId:0,2]
9,407,0:15:16,0,[StatementsData_logId:0,FactCardData_id:4]
9,407,0:15:16,0,[StatementsData_logId:0,FactCardData_id:0]
9,407,0:15:16,0,[StatementsData_logId:0,FactCardData_id:7]
9,407,0:15:16,0,[StatementsData_logId:0,FactCardData_id:6]
9,407,0:15:16,0,[StatementsData_logId:0,FactCardData_id:3]
9,407,0:15:16,0,[StatementsData_logId:0,FactCardData_id:5]
9,407,0:15:17,0,[StatementsData_logId:0,FactCardData_id:3]
9,407,0:15:17,0,[StatementsData_logId:0,FactCardData_id:3]
9,407,0:15:18,0,[StatementsData_logId:0,FactCardData_id:7]
9,407,0:15:18,0,[StatementsData_logId:0,FactCardData_id:3]
9,407,0:15:18,0,[StatementsData_logId:0,FactCardData_id:7]
9,407,0:15:26,0,[StatementsData_logId:0,FactCardData_id:4]
9,407,0:15:26,0,[StatementsData_logId:0,FactCardData_id:7]
9,407,0:15:26,0,[StatementsData_logId:0,FactCardData_id:4]
9,407,0:15:27,0,[StatementsData_logId:0,FactCardData_id:0]
9,407,0:15:27,0,[StatementsData_logId:0,FactCardData_id:4]
9,407,0:15:27,0,[StatementsData_logId:0,FactCardData_id:0]
9,407,0:15:28,0,[StatementsData_logId:0,FactCardData_id:6]
9,407,0:15:28,0,[StatementsData_logId:0,FactCardData_id:0]
9,407,0:15:28,0,[StatementsData_logId:0,FactCardData_id:6]
9,408,0:15:30,0,[StatementsData_logId:0,FactCardData_id:6,true]
9,409,0:15:30,0,[StatementsData_logId:0]
9,410,0:15:31,0,[StatementsData_logId:0,2]
9,412,0:15:32,0,[StatementsData_logId:0]
9,413,0:15:33,0,[StatementsData_logId:0,DuelResponsesData_logId:0]
9,414,0:15:34,0,[StatementsData_logId:0,DuelResponsesData_logId:0]
9,415,0:15:39,0,[StatementsData_logId:0,DuelResponsesData_logId:0,DuelResponsesData_witty_player_response]
9,416,0:15:39,0,[StatementsData_logId:0,DuelResponsesData_logId:0]
9,417,0:15:40,0,[StatementsData_logId:0,DuelResponsesData_logId:0]
9,413,0:15:41,0,[StatementsData_logId:0,DuelResponsesData_logId:1]
9,414,0:15:42,0,[StatementsData_logId:0,DuelResponsesData_logId:1]
9,415,0:15:45,0,[StatementsData_logId:0,DuelResponsesData_logId:1,DuelResponsesData_witty_player_response]
9,416,0:15:45,0,[StatementsData_logId:0,DuelResponsesData_logId:1]
9,417,0:15:46,0,[StatementsData_logId:0,DuelResponsesData_logId:1]
9,413,0:15:47,0,[StatementsData_logId:0,DuelResponsesData_logId:2]
9,414,0:15:47,0,[StatementsData_logId:0,DuelResponsesData_logId:2]
9,415,0:15:51,0,[StatementsData_logId:0,DuelResponsesData_logId:2,DuelResponsesData_witty_player_response]
9,416,0:15:51,0,[StatementsData_logId:0,DuelResponsesData_logId:2]
9,417,0:15:52,0,[StatementsData_logId:0,DuelResponsesData_logId:2]
9,418,0:15:52,0,[StatementsData_logId:0,true]
9,419,0:15:52,0,[StatementsData_logId:0,4]
9,411,0:15:54,0,[StatementsData_logId:0]
9,401,0:15:57,0,[StatementsData_logId:1]
9,402,0:15:57,0,[StatementsData_logId:1,true]
9,405,0:15:58,0,[StatementsData_logId:1]
9,406,0:15:58,0,[StatementsData_logId:1,2]
9,411,0:15:59,0,[StatementsData_logId:1]
9,401,0:16:4,0,[StatementsData_logId:2]
9,404,0:16:7,0,[StatementsData_logId:2,true]
9,406,0:16:8,0,[StatementsData_logId:2,2]
9,412,0:16:9,0,[StatementsData_logId:2]
9,413,0:16:10,0,[StatementsData_logId:2,DuelResponsesData_logId:3]
9,414,0:16:11,0,[StatementsData_logId:2,DuelResponsesData_logId:3]
9,415,0:16:20,0,[StatementsData_logId:2,DuelResponsesData_logId:3,DuelResponsesData_witty_player_response]
9,416,0:16:20,0,[StatementsData_logId:2,DuelResponsesData_logId:3]
9,417,0:16:21,0,[StatementsData_logId:2,DuelResponsesData_logId:3]
9,413,0:16:21,0,[StatementsData_logId:2,DuelResponsesData_logId:4]
9,414,0:16:22,0,[StatementsData_logId:2,DuelResponsesData_logId:4]
9,415,0:16:24,0,[StatementsData_logId:2,DuelResponsesData_logId:4,DuelResponsesData_witty_player_response]
9,416,0:16:24,0,[StatementsData_logId:2,DuelResponsesData_logId:4]
9,417,0:16:25,0,[StatementsData_logId:2,DuelResponsesData_logId:4]
9,413,0:16:25,0,[StatementsData_logId:2,DuelResponsesData_logId:5]
9,414,0:16:26,0,[StatementsData_logId:2,DuelResponsesData_logId:5]
9,415,0:16:28,0,[StatementsData_logId:2,DuelResponsesData_logId:5,DuelResponsesData_witty_player_response]
9,416,0:16:28,0,[StatementsData_logId:2,DuelResponsesData_logId:5]
9,417,0:16:29,0,[StatementsData_logId:2,DuelResponsesData_logId:5]
9,418,0:16:29,0,[StatementsData_logId:2,true]
9,419,0:16:30,0,[StatementsData_logId:2,4]
9,411,0:16:30,0,[StatementsData_logId:2]
9,401,0:16:33,0,[StatementsData_logId:3]
9,403,0:16:33,0,[StatementsData_logId:3,true]
9,405,0:16:34,0,[StatementsData_logId:3]
9,406,0:16:34,0,[StatementsData_logId:3,2]
9,407,0:16:34,0,[StatementsData_logId:3,FactCardData_id:4]
9,407,0:16:34,0,[StatementsData_logId:3,FactCardData_id:3]
9,407,0:16:34,0,[StatementsData_logId:3,FactCardData_id:5]
9,407,0:16:34,0,[StatementsData_logId:3,FactCardData_id:0]
9,407,0:16:34,0,[StatementsData_logId:3,FactCardData_id:7]
9,407,0:16:34,0,[StatementsData_logId:3,FactCardData_id:6]
9,407,0:16:36,0,[StatementsData_logId:3,FactCardData_id:0]
9,407,0:16:36,0,[StatementsData_logId:3,FactCardData_id:0]
9,408,0:16:37,0,[StatementsData_logId:3,FactCardData_id:0,true]
9,409,0:16:37,0,[StatementsData_logId:3]
9,410,0:16:38,0,[StatementsData_logId:3,2]
9,412,0:16:38,0,[StatementsData_logId:3]
9,413,0:16:47,0,[StatementsData_logId:3,DuelResponsesData_logId:6]
9,414,0:16:48,0,[StatementsData_logId:3,DuelResponsesData_logId:6]
9,415,0:16:51,0,[StatementsData_logId:3,DuelResponsesData_logId:6,DuelResponsesData_witty_player_response]
9,416,0:16:51,0,[StatementsData_logId:3,DuelResponsesData_logId:6]
9,417,0:16:52,0,[StatementsData_logId:3,DuelResponsesData_logId:6]
9,413,0:16:52,0,[StatementsData_logId:3,DuelResponsesData_logId:7]
9,414,0:16:53,0,[StatementsData_logId:3,DuelResponsesData_logId:7]
9,415,0:16:59,0,[StatementsData_logId:3,DuelResponsesData_logId:7,DuelResponsesData_ok_player_response]
9,416,0:17:0,0,[StatementsData_logId:3,DuelResponsesData_logId:7]
9,417,0:17:0,0,[StatementsData_logId:3,DuelResponsesData_logId:7]
9,413,0:17:1,0,[StatementsData_logId:3,DuelResponsesData_logId:8]
9,414,0:17:2,0,[StatementsData_logId:3,DuelResponsesData_logId:8]
9,415,0:17:5,0,[StatementsData_logId:3,DuelResponsesData_logId:8,DuelResponsesData_witty_player_response]
9,416,0:17:5,0,[StatementsData_logId:3,DuelResponsesData_logId:8]
9,417,0:17:6,0,[StatementsData_logId:3,DuelResponsesData_logId:8]
9,418,0:17:6,0,[StatementsData_logId:3,true]
9,419,0:17:6,0,[StatementsData_logId:3,4]
9,411,0:17:7,0,[StatementsData_logId:3]
9,401,0:17:10,0,[StatementsData_logId:4]
9,402,0:17:11,0,[StatementsData_logId:4,true]
9,405,0:17:11,0,[StatementsData_logId:4]
9,406,0:17:12,0,[StatementsData_logId:4,2]
9,411,0:17:13,0,[StatementsData_logId:4]
9,401,0:17:17,0,[StatementsData_logId:5]
9,404,0:17:18,0,[StatementsData_logId:5,true]
9,406,0:17:19,0,[StatementsData_logId:5,2]
9,412,0:17:19,0,[StatementsData_logId:5]
9,413,0:17:20,0,[StatementsData_logId:5,DuelResponsesData_logId:9]
9,414,0:17:20,0,[StatementsData_logId:5,DuelResponsesData_logId:9]
9,415,0:17:22,0,[StatementsData_logId:5,DuelResponsesData_logId:9,DuelResponsesData_witty_player_response]
9,416,0:17:23,0,[StatementsData_logId:5,DuelResponsesData_logId:9]
9,417,0:17:23,0,[StatementsData_logId:5,DuelResponsesData_logId:9]
9,413,0:17:24,0,[StatementsData_logId:5,DuelResponsesData_logId:10]
9,414,0:17:24,0,[StatementsData_logId:5,DuelResponsesData_logId:10]
9,415,0:17:27,0,[StatementsData_logId:5,DuelResponsesData_logId:10,DuelResponsesData_ok_player_response]
9,416,0:17:27,0,[StatementsData_logId:5,DuelResponsesData_logId:10]
9,417,0:17:28,0,[StatementsData_logId:5,DuelResponsesData_logId:10]
9,413,0:17:29,0,[StatementsData_logId:5,DuelResponsesData_logId:11]
9,414,0:17:29,0,[StatementsData_logId:5,DuelResponsesData_logId:11]
9,415,0:17:33,0,[StatementsData_logId:5,DuelResponsesData_logId:11,DuelResponsesData_witty_player_response]
9,416,0:17:33,0,[StatementsData_logId:5,DuelResponsesData_logId:11]
9,417,0:17:34,0,[StatementsData_logId:5,DuelResponsesData_logId:11]
9,418,0:17:34,0,[StatementsData_logId:5,true]
9,419,0:17:36,0,[StatementsData_logId:5,4]
9,411,0:17:37,0,[StatementsData_logId:5]
9,420,0:17:37,0,[64]
9,1005,0:17:37,0,[0,0,3]
9,1001,0:17:38,0,[]
9,1003,0:17:38,0
9,210,0:17:41,1105,423
9,211,0:17:42,970,478
9,213,0:17:42,0,c_bestFriend_F_a_G7a1P,true
9,205,0:17:42,0,c_bestFriend_F_a_G7a1P,false,false
9,221,0:17:45,0
9,220,0:17:46,0
9,212,0:17:47,1
9,207,0:17:48,0,-400,-445
9,210,0:17:48,1368,541
9,207,0:17:49,0,-445,-518
9,211,0:17:58,1501,337
9,213,0:17:58,0,s_paperEnglish_gen,true
9,205,0:17:58,0,s_paperEnglish_gen,false,false
9,221,0:18:1,0
9,220,0:18:3,0
9,203,0:18:3,0
9,100,0:18:6,1
9,102,0:18:8,1
9,200,0:18:8,1,3,3,3,0,6
9,219,0:18:8,1
9,216,0:18:9,Stack_G7b0
9,217,0:18:10,Stack_G7b0,0.43,21
9,218,0:18:13,1
9,212,0:18:13,2
9,210,0:18:14,1338,534
9,207,0:18:17,1,-500,-410
9,211,0:18:17,492,557
9,212,0:18:18,0
9,210,0:18:19,555,511
9,211,0:18:19,559,527
9,213,0:18:19,1,s_backpack_F_G7b0,true
9,205,0:18:19,1,s_backpack_F_G7b0,false,false
9,210,0:18:23,500,325
9,207,0:18:23,1,-410,-185
9,207,0:18:24,1,-185,0
9,211,0:18:25,187,491
9,212,0:18:25,2
9,210,0:18:26,227,539
9,211,0:18:30,333,582
9,212,0:18:31,0
9,210,0:18:31,283,559
9,211,0:18:32,198,481
9,212,0:18:33,1
9,210,0:18:33,178,503
9,211,0:18:33,189,509
9,213,0:18:33,1,c_kidSister_lati_a_G7b0,true
9,205,0:18:33,1,c_kidSister_lati_a_G7b0,false,false
9,210,0:18:37,405,464
9,207,0:18:38,1,0,-180
9,211,0:18:38,1084,529
9,212,0:18:39,2
9,210,0:18:40,1023,493
9,211,0:18:40,1009,491
9,213,0:18:40,1,c_crewKid1_F_G7b0,false
9,1003,0:18:43,2
9,1004,0:18:44,1
9,900,0:18:46,1,[]
9,901,0:18:46,1,[PeopleData_id:0]
9,103,0:18:52
9,105,0:18:53
9,703,0:18:56,[|| EpilogueItem ID: 0 unlocked: true ||,|| EpilogueItem ID: 1 unlocked: false ||,|| EpilogueItem ID: 2 unlocked: false ||,|| EpilogueItem ID: 3 unlocked: false ||,|| EpilogueItem ID: 4 unlocked: false ||,|| EpilogueItem ID: 5 unlocked: false ||,|| EpilogueItem ID: 6 unlocked: false ||,|| EpilogueItem ID: 7 unlocked: false ||,|| EpilogueItem ID: 8 unlocked: false ||,|| EpilogueItem ID: 9 unlocked: false ||,|| EpilogueItem ID: 10 unlocked: false ||,|| EpilogueItem ID: 11 unlocked: false ||,|| EpilogueItem ID: 12 unlocked: false ||,|| EpilogueItem ID: 13 unlocked: false ||,|| EpilogueItem ID: 14 unlocked: false ||,|| EpilogueItem ID: 15 unlocked: false ||,|| EpilogueItem ID: 16 unlocked: false ||,|| EpilogueItem ID: 17 unlocked: false ||,|| EpilogueItem ID: 18 unlocked: false ||,|| EpilogueItem ID: 19 unlocked: false ||,|| EpilogueItem ID: 20 unlocked: false ||,|| EpilogueItem ID: 21 unlocked: false ||,|| EpilogueItem ID: 22 unlocked: false ||,|| EpilogueItem ID: 23 unlocked: false ||,|| EpilogueItem ID: 24 unlocked: false ||],0.04
9,706,0:18:58,(x=324, y=-100, w=1024, h=768),(x=228, y=-100, w=1024, h=768)
9,706,0:19:1,(x=0, y=-100, w=1024, h=768),(x=0, y=-100, w=1024, h=768)
9,704,0:19:1,12
9,706,0:19:1,(x=0, y=-100, w=1024, h=768),(x=0, y=-100, w=1024, h=768)
9,705,0:19:2,12,true
9,706,0:19:5,(x=700, y=-100, w=1024, h=768),(x=2531, y=-100, w=1024, h=768)
9,708,0:19:5
9,1,0:19:5,5/15/2013 4:00:45pm,{"gameTime":1145864,"session":[{"stackId":12,"sceneId":"1P"},{"stackId":0,"sceneId":"1P"}],"challengeStacks":[{"resolved":true,"challengeScenes":[{"keyPoints":["c_bestFriend_F_a_G7a0","c_teacherEng_G7a0","s_flag_gen"],"viewedAnimatic":true,"touchableObjects":["c_bestFriend_F_a_G7a0","c_teacherEng_G7a0","c_crewKid1_F_G7a0","s_flag_gen"],"unlocked":true,"miniGameCards":[]},{"keyPoints":["c_teacherEng_G7a1N","s_paperPlayers_G7a1N","c_bestFriend_F_a_G7a1N"],"viewedAnimatic":true,"touchableObjects":["c_teacherEng_G7a1N","s_paperPlayers_G7a1N","c_bestFriend_F_a_G7a1N"],"unlocked":true,"miniGameCards":[]},{"keyPoints":["c_teacherEng_G7a1P","s_flag_gen","c_bestFriend_F_a_G7a1P","s_paperEnglish_gen"],"viewedAnimatic":true,"touchableObjects":["c_teacherEng_G7a1P","s_flag_gen","c_bestFriend_F_a_G7a1P","s_paperEnglish_gen"],"unlocked":true,"miniGameCards":[]}],"stackSize":3},{"resolved":false,"challengeScenes":[{"keyPoints":["s_backpack_F_G7b0","c_kidSister_lati_a_G7b0"],"viewedAnimatic":true,"touchableObjects":["s_backpack_F_G7b0","c_kidSister_lati_a_G7b0"],"unlocked":true,"miniGameCards":[]},{"keyPoints":[],"viewedAnimatic":false,"touchableObjects":[],"unlocked":true,"miniGameCards":[]},{"keyPoints":[],"viewedAnimatic":false,"touchableObjects":[],"unlocked":false,"miniGameCards":[]},{"keyPoints":[],"viewedAnimatic":false,"touchableObjects":[],"unlocked":false,"miniGameCards":[]},{"keyPoints":[],"viewedAnimatic":false,"touchableObjects":[],"unlocked":false,"miniGameCards":[]}],"stackSize":5},{"resolved":false,"challengeScenes":[{"keyPoints":[],"viewedAnimatic":false,"touchableObjects":[],"unlocked":false,"miniGameCards":[]},{"keyPoints":[],"viewedAnimatic":false,"touchableObjects":[],"unlocked":false,"miniGameCards":[]},{"keyPoints":[],"viewedAnimatic":false,"touchableObjects":[],"unlocked":false,"miniGameCards":[]},{"keyPoints":[],"viewedAnimatic":false,"touchableObjects":[],"unlocked":false,"miniGameCards":[]},{"keyPoints":[],"viewedAnimatic":false,"touchableObjects":[],"unlocked":false,"miniGameCards":[]},{"keyPoints":[],"viewedAnimatic":false,"touchableObjects":[],"unlocked":false,"miniGameCards":[]},{"keyPoints":[],"viewedAnimatic":false,"touchableObjects":[],"unlocked":false,"miniGameCards":[]}],"stackSize":7},{"resolved":false,"challengeScenes":[{"keyPoints":[],"viewedAnimatic":false,"touchableObjects":[],"unlocked":false,"miniGameCards":[]},{"keyPoints":[],"viewedAnimatic":false,"touchableObjects":[],"unlocked":false,"miniGameCards":[]},{"keyPoints":[],"viewedAnimatic":false,"touchableObjects":[],"unlocked":false,"miniGameCards":[]},{"keyPoints":[],"viewedAnimatic":false,"touchableObjects":[],"unlocked":false,"miniGameCards":[]},{"keyPoints":[],"viewedAnimatic":false,"touchableObjects":[],"unlocked":false,"miniGameCards":[]}],"stackSize":5},{"resolved":false,"challengeScenes":[{"keyPoints":[],"viewedAnimatic":false,"touchableObjects":[],"unlocked":false,"miniGameCards":[]},{"keyPoints":[],"viewedAnimatic":false,"touchableObjects":[],"unlocked":false,"miniGameCards":[]},{"keyPoints":[],"viewedAnimatic":false,"touchableObjects":[],"unlocked":false,"miniGameCards":[]},{"keyPoints":[],"viewedAnimatic":false,"touchableObjects":[],"unlocked":false,"miniGameCards":[]},{"keyPoints":[],"viewedAnimatic":false,"touchableObjects":[],"unlocked":false,"miniGameCards":[]}],"stackSize":5},{"resolved":false,"challengeScenes":[{"keyPoints":[],"viewedAnimatic":false,"touchableObjects":[],"unlocked":false,"miniGameCards":[]},{"keyPoints":[],"viewedAnimatic":false,"touchableObjects":[],"unlocked":false,"miniGameCards":[]},{"keyPoints":[],"viewedAnimatic":false,"touchableObjects":[],"unlocked":false,"miniGameCards":[]},{"keyPoints":[],"viewedAnimatic":false,"touchableObjects":[],"unlocked":false,"miniGameCards":[]},{"keyPoints":[],"viewedAnimatic":false,"touchableObjects":[],"unlocked":false,"miniGameCards":[]}],"stackSize":5},{"resolved":false,"challengeScenes":[{"keyPoints":[],"viewedAnimatic":false,"touchableObjects":[],"unlocked":false,"miniGameCards":[]},{"keyPoints":[],"viewedAnimatic":false,"touchableObjects":[],"unlocked":false,"miniGameCards":[]},{"keyPoints":[],"viewedAnimatic":false,"touchableObjects":[],"unlocked":false,"miniGameCards":[]},{"keyPoints":[],"viewedAnimatic":false,"touchableObjects":[],"unlocked":false,"miniGameCards":[]},{"keyPoints":[],"viewedAnimatic":false,"touchableObjects":[],"unlocked":false,"miniGameCards":[]}],"stackSize":5},{"resolved":false,"challengeScenes":[{"keyPoints":[],"viewedAnimatic":false,"touchableObjects":[],"unlocked":false,"miniGameCards":[]},{"keyPoints":[],"viewedAnimatic":false,"touchableObjects":[],"unlocked":false,"miniGameCards":[]},{"keyPoints":[],"viewedAnimatic":false,"touchableObjects":[],"unlocked":false,"miniGameCards":[]},{"keyPoints":[],"viewedAnimatic":false,"touchableObjects":[],"unlocked":false,"miniGameCards":[]},{"keyPoints":[],"viewedAnimatic":false,"touchableObjects":[],"unlocked":false,"miniGameCards":[]}],"stackSize":5},{"resolved":false,"challengeScenes":[{"keyPoints":[],"viewedAnimatic":false,"touchableObjects":[],"unlocked":false,"miniGameCards":[]},{"keyPoints":[],"viewedAnimatic":false,"touchableObjects":[],"unlocked":false,"miniGameCards":[]},{"keyPoints":[],"viewedAnimatic":false,"touchableObjects":[],"unlocked":false,"miniGameCards":[]},{"keyPoints":[],"viewedAnimatic":false,"touchableObjects":[],"unlocked":false,"miniGameCards":[]},{"keyPoints":[],"viewedAnimatic":false,"touchableObjects":[],"unlocked":false,"miniGameCards":[]}],"stackSize":5},{"resolved":false,"challengeScenes":[{"keyPoints":[],"viewedAnimatic":false,"touchableObjects":[],"unlocked":false,"miniGameCards":[]},{"keyPoints":[],"viewedAnimatic":false,"touchableObjects":[],"unlocked":false,"miniGameCards":[]},{"keyPoints":[],"viewedAnimatic":false,"touchableObjects":[],"unlocked":false,"miniGameCards":[]},{"keyPoints":[],"viewedAnimatic":false,"touchableObjects":[],"unlocked":false,"miniGameCards":[]},{"keyPoints":[],"viewedAnimatic":false,"touchableObjects":[],"unlocked":false,"miniGameCards":[]}],"stackSize":5},{"resolved":false,"challengeScenes":[{"keyPoints":[],"viewedAnimatic":false,"touchableObjects":[],"unlocked":false,"miniGameCards":[]},{"keyPoints":[],"viewedAnimatic":false,"touchableObjects":[],"unlocked":false,"miniGameCards":[]},{"keyPoints":[],"viewedAnimatic":false,"touchableObjects":[],"unlocked":false,"miniGameCards":[]},{"keyPoints":[],"viewedAnimatic":false,"touchableObjects":[],"unlocked":false,"miniGameCards":[]},{"keyPoints":[],"viewedAnimatic":false,"touchableObjects":[],"unlocked":false,"miniGameCards":[]}],"stackSize":5},{"resolved":false,"challengeScenes":[{"keyPoints":[],"viewedAnimatic":false,"touchableObjects":[],"unlocked":false,"miniGameCards":[]},{"keyPoints":[],"viewedAnimatic":false,"touchableObjects":[],"unlocked":false,"miniGameCards":[]},{"keyPoints":[],"viewedAnimatic":false,"touchableObjects":[],"unlocked":false,"miniGameCards":[]},{"keyPoints":[],"viewedAnimatic":false,"touchableObjects":[],"unlocked":false,"miniGameCards":[]},{"keyPoints":[],"viewedAnimatic":false,"touchableObjects":[],"unlocked":false,"miniGameCards":[]}],"stackSize":5},{"resolved":true,"challengeScenes":[{"keyPoints":[],"viewedAnimatic":false,"touchableObjects":[],"unlocked":true,"miniGameCards":[]},{"keyPoints":["c_family_lati_a_G0a1N","c_home_G0a1N","c_job_G0a1N"],"viewedAnimatic":false,"touchableObjects":["c_player_lati_F_a_G0a1N","c_family_lati_a_G0a1N","c_home_G0a1N","c_job_G0a1N"],"unlocked":true,"miniGameCards":[]},{"keyPoints":["c_Nurse_G0a1P","c_mom_lati_a_G0a1P","c_dad_lati_a_G0a1P","c_grandma_lati_a_G0a1P","c_Teacher_G0a1P","c_kidsister_lati_a_G0a1P"],"viewedAnimatic":false,"touchableObjects":["c_Nurse_G0a1P","c_mom_lati_a_G0a1P","c_dad_lati_a_G0a1P","c_grandma_lati_a_G0a1P","c_Teacher_G0a1P","c_kidsister_lati_a_G0a1P"],"unlocked":true,"miniGameCards":[]}],"stackSize":3}],"minigames":[{"levelSaveData":[{"starRating":3,"unlocked":true},{"starRating":0,"unlocked":false},{"starRating":0,"unlocked":false},{"starRating":0,"unlocked":false},{"starRating":0,"unlocked":false},{"starRating":0,"unlocked":false},{"starRating":0,"unlocked":false},{"starRating":0,"unlocked":false},{"starRating":0,"unlocked":false},{"starRating":0,"unlocked":false}],"skillPoints":3},{"levelSaveData":[{"starRating":3,"unlocked":true},{"starRating":0,"unlocked":false},{"starRating":0,"unlocked":false},{"starRating":0,"unlocked":false},{"starRating":0,"unlocked":true},{"starRating":0,"unlocked":false},{"starRating":0,"unlocked":false},{"starRating":0,"unlocked":false},{"starRating":0,"unlocked":false},{"starRating":0,"unlocked":false}],"skillPoints":3},{"levelSaveData":[{"starRating":3,"unlocked":true},{"starRating":0,"unlocked":true},{"starRating":0,"unlocked":false},{"starRating":0,"unlocked":false},{"starRating":0,"unlocked":false},{"starRating":0,"unlocked":false},{"starRating":0,"unlocked":false},{"starRating":0,"unlocked":false},{"starRating":0,"unlocked":false},{"starRating":0,"unlocked":false}],"skillPoints":3},{"levelSaveData":[{"starRating":0,"unlocked":true},{"starRating":0,"unlocked":false},{"starRating":0,"unlocked":false},{"starRating":0,"unlocked":false},{"starRating":0,"unlocked":false},{"starRating":0,"unlocked":false},{"starRating":0,"unlocked":false},{"starRating":0,"unlocked":false},{"starRating":0,"unlocked":false},{"starRating":0,"unlocked":false}],"skillPoints":0},{"name":"miguel","gender":1,"visualAvatar":0,"age":14,"levelSaveData":[{"starRating":3,"unlocked":true},{"chunks":[["3"],["0","1"],["1","13","0"],["0"]],"unlocked":true,"starRating":3},{"chunks":[[null],[null,null],[null,null]],"unlocked":true,"starRating":0},{"chunks":[[null],[null],[null],[null],[null,null],[null]],"unlocked":false,"starRating":0},{"chunks":[[null],[null],[null,null],[null],[null],[null]],"unlocked":false,"starRating":0},{"chunks":[[null],[null,null,null,null],[null],[null]],"unlocked":false,"starRating":0},{"chunks":[[null],[null],[null,null],[null,null],[null]],"unlocked":false,"starRating":0},{"chunks":[[null,null,null],[null,null,null],[null],[null],[null]],"unlocked":false,"starRating":0},{"chunks":[[null,null,null],[null,null,null],[null,null]],"unlocked":false,"starRating":0},{"chunks":[[null],[null],[null],[null],[null],[null]],"unlocked":false,"starRating":0}],"id":2,"skillPoints":6}],"playerId":9,"epilogue":{"rating":0},"sessionId":1,"avatar":{"name":"miguel","gender":1,"visualAvatar":0,"age":14,"levelSaveData":[{"starRating":3,"unlocked":true},{"chunks":[["3"],["0","1"],["1","13","0"],["0"]],"unlocked":true,"starRating":3},{"chunks":[[null],[null,null],[null,null]],"unlocked":true,"starRating":0},{"chunks":[[null],[null],[null],[null],[null,null],[null]],"unlocked":false,"starRating":0},{"chunks":[[null],[null],[null,null],[null],[null],[null]],"unlocked":false,"starRating":0},{"chunks":[[null],[null,null,null,null],[null],[null]],"unlocked":false,"starRating":0},{"chunks":[[null],[null],[null,null],[null,null],[null]],"unlocked":false,"starRating":0},{"chunks":[[null,null,null],[null,null,null],[null],[null],[null]],"unlocked":false,"starRating":0},{"chunks":[[null,null,null],[null,null,null],[null,null]],"unlocked":false,"starRating":0},{"chunks":[[null],[null],[null],[null],[null],[null]],"unlocked":false,"starRating":0}],"id":2,"skillPoints":6}}
