14,0,0:0:0,5/20/2013 4:03:53pm
14,600,0:0:31,3
14,601,0:0:32,0
14,602,0:0:39,3,0
14,603,0:0:43,1
14,604,0:0:50,1,jaime
14,605,0:0:52
14,212,0:1:3,1
14,212,0:1:4,0
14,212,0:1:4,2
14,210,0:1:5,892,456
14,211,0:1:6,833,576
14,213,0:1:6,12,c_player_cauc_M_a_G0a0,true
14,210,0:1:9,532,315
14,207,0:1:12,12,0,-960
14,207,0:1:14,12,-960,-1035
14,211,0:1:17,1711,474
14,212,0:1:18,1
14,210,0:1:18,1865,297
14,211,0:1:21,1217,541
14,213,0:1:21,12,c_friends_G0a0,true
14,210,0:1:24,975,476
14,207,0:1:25,12,-1035,-705
14,211,0:1:26,647,428
14,207,0:1:26,12,-705,-630
14,210,0:1:26,557,414
14,207,0:1:27,12,-630,-225
14,211,0:1:28,592,389
14,221,0:1:38,12
14,220,0:1:43,12
14,212,0:1:43,2
14,210,0:1:44,558,365
14,207,0:1:47,12,0,-135
14,207,0:1:49,12,-135,-450
14,207,0:1:53,12,-450,-945
14,211,0:1:54,1995,354
14,207,0:1:54,12,-945,-990
14,207,0:1:55,12,-990,-1035
14,210,0:1:55,2057,369
14,211,0:1:57,1626,549
14,210,0:2:0,891,385
14,207,0:2:4,12,0,-405
14,211,0:2:4,1098,262
14,213,0:2:4,12,c_family_cauc_a_G0a1N,true
14,205,0:2:4,12,c_family_cauc_a_G0a1N,false,false
14,212,0:2:10,1
14,210,0:2:11,1173,437
14,211,0:2:11,1137,452
14,213,0:2:11,12,c_home_G0a1N,true
14,205,0:2:11,12,c_home_G0a1N,false,false
14,210,0:2:14,1478,353
14,207,0:2:15,12,-405,-813
14,211,0:2:18,1644,576
14,212,0:2:21,2
14,210,0:2:21,918,545
14,211,0:2:24,1606,459
14,212,0:2:25,0
14,210,0:2:25,1601,529
14,207,0:2:31,12,-813,0
14,211,0:2:35,659,210
14,213,0:2:35,12,c_job_G0a1N,true
14,205,0:2:35,12,c_job_G0a1N,false,false
14,221,0:2:40,12
14,300,0:2:41
14,220,0:2:41,12
14,302,0:2:49,0,1,0,5
14,302,0:2:50,0,1,0,6
14,303,0:2:52,0,1,0,6
14,304,0:2:59,0,1,0,-1,,6,awkward
14,302,0:3:2,0,1,1,5
14,302,0:3:5,0,1,1,14
14,302,0:3:6,0,1,1,10
14,303,0:3:9,0,1,1,10
14,304,0:3:12,0,1,1,-1,,10,wierd
14,302,0:3:19,0,3,0,3
14,302,0:3:20,0,3,0,0
14,306,0:3:20,0,0,1
14,304,0:3:20,0,3,0,-1,,0,
14,302,0:3:28,0,0,0,2
14,302,0:3:31,0,0,0,1
14,304,0:3:32,0,0,0,-1,,1,
14,302,0:3:36,0,2,0,0
14,306,0:3:37,0,1,2
14,304,0:3:37,0,2,0,-1,,0,
14,302,0:3:40,0,2,2,5
14,302,0:3:45,0,2,2,6
14,304,0:3:45,0,2,2,-1,,6,
14,302,0:3:50,0,2,1,13
14,306,0:3:50,0,2,3
14,304,0:3:50,0,2,1,-1,,13,
14,221,0:3:55,12
14,220,0:3:56,12
14,221,0:4:1,12
14,220,0:4:3,12
14,212,0:4:4,2
14,210,0:4:5,632,469
14,207,0:4:10,12,0,-1790
14,207,0:4:15,12,-1790,-1565
14,211,0:4:15,1850,508
14,213,0:4:15,12,c_kidsister_cauc_a_G0a1P,true
14,205,0:4:16,12,c_kidsister_cauc_a_G0a1P,false,false
14,210,0:4:19,1883,215
14,211,0:4:20,1667,418
14,213,0:4:20,12,c_grandma_cauc_a_G0a1P,true
14,205,0:4:20,12,c_grandma_cauc_a_G0a1P,false,false
14,210,0:4:24,1512,427
14,207,0:4:25,12,-1565,-1115
14,211,0:4:26,1399,238
14,213,0:4:26,12,c_Teacher_G0a1P,true
14,205,0:4:26,12,c_Teacher_G0a1P,false,false
14,210,0:4:29,1383,505
14,211,0:4:29,1356,532
14,213,0:4:29,12,c_friends_G0a1P,true
14,210,0:4:32,1258,229
14,207,0:4:33,12,-1115,-665
14,207,0:4:35,12,-665,-485
14,211,0:4:36,696,441
14,213,0:4:36,12,c_cousins_M_a_G0a1P,true
14,212,0:4:38,1
14,210,0:4:39,728,357
14,207,0:4:41,12,-485,-575
14,207,0:4:44,12,-575,-890
14,211,0:4:45,1757,309
14,213,0:4:45,12,c_dad_cauc_a_G0a1P,true
14,205,0:4:45,12,c_dad_cauc_a_G0a1P,false,false
14,212,0:4:50,0
14,210,0:4:50,1967,212
14,207,0:4:51,12,-890,-1055
14,211,0:4:53,1287,232
14,213,0:4:53,12,c_Nurse_G0a1P,true
14,205,0:4:53,12,c_Nurse_G0a1P,false,false
14,210,0:4:57,990,530
14,207,0:4:58,12,-1055,-515
14,207,0:5:3,12,-515,-1790
14,207,0:5:6,12,-1790,-1655
14,211,0:5:7,2479,617
14,212,0:5:8,2
14,210,0:5:8,1862,343
14,211,0:5:10,2196,520
14,210,0:5:11,1586,502
14,211,0:5:13,943,507
14,207,0:5:13,12,-1655,-935
14,210,0:5:14,862,538
14,207,0:5:16,12,-935,0
14,211,0:5:17,2,539
14,212,0:5:18,1
14,212,0:5:19,0
14,210,0:5:19,805,143
14,211,0:5:21,706,401
14,213,0:5:21,12,c_cousins_M_a_G0a1P,true
14,210,0:5:26,1092,252
14,211,0:5:28,1909,254
14,207,0:5:28,12,0,-900
14,210,0:5:34,1926,240
14,207,0:5:35,12,-900,-1260
14,207,0:5:36,12,-1260,-1790
14,207,0:5:39,12,-1790,-1520
14,207,0:5:41,12,-1520,-1145
14,207,0:5:43,12,-1145,-770
14,207,0:5:44,12,-770,-620
14,211,0:5:45,547,262
14,207,0:5:45,12,-620,-530
14,210,0:5:46,511,367
14,207,0:5:46,12,-530,-125
14,207,0:5:47,12,-125,-50
14,211,0:5:47,335,355
14,212,0:5:48,2
14,210,0:5:49,625,476
14,207,0:5:52,12,-50,-950
14,211,0:5:56,1400,486
14,213,0:5:56,12,c_Teacher_G0a1P,true
14,205,0:5:56,12,c_Teacher_G0a1P,false,true
14,210,0:6:0,1101,153
14,207,0:6:3,12,-950,-1160
14,211,0:6:4,1890,323
14,212,0:6:5,1
14,210,0:6:5,1877,270
14,211,0:6:6,1887,311
14,213,0:6:6,12,c_mom_cauc_a_G0a1P,true
14,205,0:6:6,12,c_mom_cauc_a_G0a1P,false,false
14,221,0:6:10,12
14,220,0:6:11,12
14,203,0:6:11,12
14,100,0:6:15,0
14,102,0:6:17,0
14,200,0:6:17,0,0,0,0,0,6
14,219,0:6:17,0
14,216,0:6:18,Stack_G7a0
14,217,0:6:49,Stack_G7a0,31,1.3
14,218,0:6:51,0
14,212,0:6:52,2
14,210,0:6:53,1022,529
14,211,0:6:53,980,551
14,213,0:6:53,0,c_bestFriend_M_a_G7a0,false
14,1003,0:6:56,2
14,1004,0:6:57,0
14,900,0:6:59,0,[]
14,901,0:6:59,0,[PeopleData_id:2]
14,904,0:7:0,0,[PeopleData_id:2]
14,902,0:7:0,0,[PeopleData_id:2,PeopleData_data3Type]
14,903,0:7:3,0,[PeopleData_id2,PeopleData_data3Type]
14,902,0:7:3,0,[PeopleData_id:2,PeopleData_data2Type]
14,903,0:7:5,0,[PeopleData_id2,PeopleData_data2Type]
14,902,0:7:6,0,[PeopleData_id:2,PeopleData_data2Type]
14,903,0:7:7,0,[PeopleData_id2,PeopleData_data2Type]
14,902,0:7:7,0,[PeopleData_id:2,PeopleData_data1Type]
14,903,0:7:8,0,[PeopleData_id2,PeopleData_data1Type]
14,901,0:7:9,0,[PeopleData_id:2]
14,904,0:7:9,0,[PeopleData_id:2]
14,901,0:7:10,0,[PeopleData_id:2]
14,904,0:7:10,0,[PeopleData_id:2]
14,905,0:7:11,0,[PeopleData_id:2,RankTypes_id:-1,RankTypes_id:0]
14,901,0:7:11,0,[PeopleData_id:4]
14,902,0:7:12,0,[PeopleData_id:4,PeopleData_data3Type]
14,903,0:7:15,0,[PeopleData_id4,PeopleData_data3Type]
14,901,0:7:16,0,[PeopleData_id:4]
14,904,0:7:16,0,[PeopleData_id:4]
14,905,0:7:16,0,[PeopleData_id:4,RankTypes_id:-1,RankTypes_id:0]
14,901,0:7:17,0,[PeopleData_id:3]
14,902,0:7:18,0,[PeopleData_id:3,PeopleData_data2Type]
14,903,0:7:21,0,[PeopleData_id3,PeopleData_data2Type]
14,902,0:7:22,0,[PeopleData_id:3,PeopleData_data1Type]
14,903,0:7:25,0,[PeopleData_id3,PeopleData_data1Type]
14,902,0:7:26,0,[PeopleData_id:3,PeopleData_data0Type]
14,903,0:7:29,0,[PeopleData_id3,PeopleData_data0Type]
14,901,0:7:29,0,[PeopleData_id:3]
14,904,0:7:29,0,[PeopleData_id:3]
14,905,0:7:30,0,[PeopleData_id:3,RankTypes_id:-1,RankTypes_id:4]
14,901,0:7:31,0,[PeopleData_id:3]
14,904,0:7:31,0,[PeopleData_id:3]
14,905,0:7:32,0,[PeopleData_id:3,RankTypes_id:4,RankTypes_id:3]
14,901,0:7:32,0,[PeopleData_id:0]
14,902,0:7:33,0,[PeopleData_id:0,PeopleData_data3Type]
14,903,0:7:36,0,[PeopleData_id0,PeopleData_data3Type]
14,902,0:7:37,0,[PeopleData_id:0,PeopleData_data2Type]
14,903,0:7:38,0,[PeopleData_id0,PeopleData_data2Type]
14,902,0:7:39,0,[PeopleData_id:0,PeopleData_data1Type]
14,903,0:7:42,0,[PeopleData_id0,PeopleData_data1Type]
14,902,0:7:43,0,[PeopleData_id:0,PeopleData_data0Type]
14,903,0:7:45,0,[PeopleData_id0,PeopleData_data0Type]
14,901,0:7:46,0,[PeopleData_id:0]
14,904,0:7:46,0,[PeopleData_id:0]
14,905,0:7:47,0,[PeopleData_id:0,RankTypes_id:-1,RankTypes_id:4]
14,901,0:7:47,0,[PeopleData_id:1]
14,902,0:7:48,0,[PeopleData_id:1,PeopleData_data3Type]
14,903,0:7:50,0,[PeopleData_id1,PeopleData_data3Type]
14,902,0:7:51,0,[PeopleData_id:1,PeopleData_data2Type]
14,903,0:7:53,0,[PeopleData_id1,PeopleData_data2Type]
14,902,0:7:54,0,[PeopleData_id:1,PeopleData_data1Type]
14,903,0:8:0,0,[PeopleData_id1,PeopleData_data1Type]
14,901,0:8:0,0,[PeopleData_id:3]
14,904,0:8:0,0,[PeopleData_id:3]
14,905,0:8:1,0,[PeopleData_id:3,RankTypes_id:3,RankTypes_id:4]
14,901,0:8:1,0,[PeopleData_id:1]
14,904,0:8:1,0,[PeopleData_id:1]
14,905,0:8:2,0,[PeopleData_id:1,RankTypes_id:-1,RankTypes_id:0]
14,906,0:8:2,0,[]
14,907,0:8:3,0,[]
14,908,0:8:3,0,[InvitationData_id:8,PeopleData_id:0,RankTypes_id:4]
14,909,0:8:7,0,[InvitationData_id:8,PeopleData_id:0,RankTypes_id:4,1]
14,910,0:8:7,0,[InvitationData_id:8,9,false]
14,908,0:8:7,0,[InvitationData_id:3,PeopleData_id:3,RankTypes_id:4]
14,909,0:8:11,0,[InvitationData_id:3,PeopleData_id:3,RankTypes_id:4,1]
14,910,0:8:12,0,[InvitationData_id:3,9,false]
14,908,0:8:12,0,[InvitationData_id:1,PeopleData_id:0,RankTypes_id:4]
14,909,0:8:15,0,[InvitationData_id:1,PeopleData_id:0,RankTypes_id:4,1]
14,910,0:8:15,0,[InvitationData_id:1,9,false]
14,908,0:8:15,0,[InvitationData_id:0,PeopleData_id:0,RankTypes_id:4]
14,909,0:8:18,0,[InvitationData_id:0,PeopleData_id:0,RankTypes_id:4,1]
14,910,0:8:18,0,[InvitationData_id:0,9,false]
14,908,0:8:18,0,[InvitationData_id:6,PeopleData_id:0,RankTypes_id:4]
14,909,0:8:20,0,[InvitationData_id:6,PeopleData_id:0,RankTypes_id:4,1]
14,910,0:8:21,0,[InvitationData_id:6,9,false]
14,911,0:8:21,0,[45,0,0,0]
14,1005,0:8:21,0,[2,0,3]
14,1001,0:8:22,0,[]
14,1003,0:8:22,2
14,210,0:8:26,990,528
14,211,0:8:27,988,553
14,213,0:8:27,0,c_bestFriend_M_a_G7a0,true
14,205,0:8:27,0,c_bestFriend_M_a_G7a0,false,false
14,210,0:8:31,592,85
14,207,0:8:37,0,-200,-95
14,211,0:8:38,822,406
14,213,0:8:38,0,c_teacherEng_G7a0,true
14,205,0:8:38,0,c_teacherEng_G7a0,false,false
14,210,0:8:42,50,544
14,207,0:8:43,0,-95,0
14,207,0:8:48,0,0,-518.45
14,211,0:8:50,1459,539
14,213,0:8:50,0,c_friend1_M_a_G7a0,true
14,210,0:8:55,1500,283
14,211,0:9:0,836,317
14,213,0:9:0,0,c_teacherEng_G7a0,true
14,205,0:9:0,0,c_teacherEng_G7a0,false,true
14,212,0:9:4,1
14,210,0:9:4,1454,522
14,211,0:9:5,1434,564
14,212,0:9:5,2
14,210,0:9:6,1113,571
14,211,0:9:6,1317,549
14,212,0:9:7,1
14,210,0:9:7,1117,582
14,207,0:9:14,0,-518.45,-338.45
14,211,0:9:15,606,139
14,213,0:9:15,0,s_atwoodPoster_gen,true
14,210,0:9:18,844,435
14,207,0:9:22,0,-338.45,0
14,211,0:9:23,254,149
14,213,0:9:23,0,s_flag_gen,false
14,1003,0:9:26,1
14,1004,0:9:27,0
14,800,0:9:29,0,[]
14,801,0:9:30,0,[]
14,814,0:9:32,0,[4]
14,815,0:9:32,0,4,OpportunityCardData_id:22
14,815,0:9:34,0,4,OpportunityCardData_id:26
14,815,0:9:35,0,4,OpportunityCardData_id:27
14,815,0:9:36,0,4,OpportunityCardData_id:28
14,815,0:9:37,0,4,OpportunityCardData_id:29
14,815,0:9:39,0,4,OpportunityCardData_id:30
14,815,0:9:41,0,4,OpportunityCardData_id:31
14,815,0:9:42,0,4,OpportunityCardData_id:22
14,816,0:9:45,0,4,OpportunityCardData_id:22
14,803,0:9:46,0,[OpportunityCardData_id:22,OpportunityCardConsequencesData_logId:0]
14,803,0:9:46,0,[OpportunityCardData_id:22,OpportunityCardConsequencesData_logId:1]
14,805,0:9:49,0,[OpportunityCardData_id:22]
14,806,0:9:49,0,[OpportunityCardData_id:22,PriorityData_type:2]
14,807,0:9:50,0,[OpportunityCardData_id:22]
14,808,0:9:52,0,[OpportunityCardData_id:22]
14,809,0:9:57,0,[OpportunityCardData_id:22,Safe,false]
14,810,0:9:58,0,[OpportunityCardData_id:22,PriorityData_type:4,15,Safe,Safe]
14,814,0:10:4,0,[4]
14,815,0:10:4,0,4,OpportunityCardData_id:26
14,815,0:10:5,0,4,OpportunityCardData_id:27
14,815,0:10:7,0,4,OpportunityCardData_id:28
14,816,0:10:10,0,4,OpportunityCardData_id:28
14,803,0:10:10,0,[OpportunityCardData_id:28,OpportunityCardConsequencesData_logId:0]
14,803,0:10:11,0,[OpportunityCardData_id:28,OpportunityCardConsequencesData_logId:1]
14,803,0:10:11,0,[OpportunityCardData_id:28,OpportunityCardConsequencesData_logId:2]
14,805,0:10:15,0,[OpportunityCardData_id:28]
14,806,0:10:16,0,[OpportunityCardData_id:28,PriorityData_type:0]
14,807,0:10:17,0,[OpportunityCardData_id:28]
14,808,0:10:19,0,[OpportunityCardData_id:28]
14,809,0:10:24,0,[OpportunityCardData_id:28,Safe,false]
14,810,0:10:24,0,[OpportunityCardData_id:28,PriorityData_type:4,15,Safe,Safe]
14,814,0:10:27,0,[2]
14,815,0:10:27,0,2,OpportunityCardData_id:13
14,816,0:10:28,0,2,OpportunityCardData_id:13
14,803,0:10:29,0,[OpportunityCardData_id:13,OpportunityCardConsequencesData_logId:0]
14,803,0:10:29,0,[OpportunityCardData_id:13,OpportunityCardConsequencesData_logId:1]
14,803,0:10:29,0,[OpportunityCardData_id:13,OpportunityCardConsequencesData_logId:2]
14,805,0:10:33,0,[OpportunityCardData_id:13]
14,806,0:10:34,0,[OpportunityCardData_id:13,PriorityData_type:4]
14,807,0:10:34,0,[OpportunityCardData_id:13]
14,808,0:10:36,0,[OpportunityCardData_id:13]
14,809,0:10:41,0,[OpportunityCardData_id:13,Safe,false]
14,810,0:10:41,0,[OpportunityCardData_id:13,PriorityData_type:2,15,Safe,Safe]
14,818,0:10:42,0,5
14,811,0:10:43,0,[OpportunityCardData_id:13,PriorityData_type:2,80,85,PriorityData_type:4,70,75]
14,1005,0:10:43,0,[1,0,3]
14,1001,0:10:44,0,[]
14,1003,0:10:44,1
14,210,0:10:48,172,159
14,207,0:10:48,0,-200,-35
14,211,0:10:49,266,155
14,213,0:10:49,0,s_flag_gen,true
14,205,0:10:49,0,s_flag_gen,false,false
14,204,0:10:53,0
14,103,0:10:55
14,105,0:10:57
14,703,0:11:0,[|| EpilogueItem ID: 0 unlocked: false ||,|| EpilogueItem ID: 1 unlocked: false ||,|| EpilogueItem ID: 2 unlocked: false ||,|| EpilogueItem ID: 3 unlocked: false ||,|| EpilogueItem ID: 4 unlocked: false ||,|| EpilogueItem ID: 5 unlocked: false ||,|| EpilogueItem ID: 6 unlocked: false ||,|| EpilogueItem ID: 7 unlocked: false ||,|| EpilogueItem ID: 8 unlocked: false ||,|| EpilogueItem ID: 9 unlocked: false ||,|| EpilogueItem ID: 10 unlocked: false ||,|| EpilogueItem ID: 11 unlocked: false ||,|| EpilogueItem ID: 12 unlocked: false ||,|| EpilogueItem ID: 13 unlocked: false ||,|| EpilogueItem ID: 14 unlocked: false ||,|| EpilogueItem ID: 15 unlocked: false ||,|| EpilogueItem ID: 16 unlocked: false ||,|| EpilogueItem ID: 17 unlocked: false ||,|| EpilogueItem ID: 18 unlocked: false ||,|| EpilogueItem ID: 19 unlocked: false ||,|| EpilogueItem ID: 20 unlocked: false ||,|| EpilogueItem ID: 21 unlocked: false ||,|| EpilogueItem ID: 22 unlocked: false ||,|| EpilogueItem ID: 23 unlocked: false ||,|| EpilogueItem ID: 24 unlocked: false ||],0
14,706,0:11:2,(x=1770, y=-100, w=1024, h=768),(x=1857, y=-100, w=1024, h=768)
14,706,0:11:4,(x=2531, y=-100, w=1024, h=768),(x=2531, y=-100, w=1024, h=768)
14,708,0:11:4
14,1,0:11:4,5/20/2013 4:14:58pm,{"gameTime":664712,"session":[{"stackId":12,"sceneId":"1P"}],"challengeStacks":[{"resolved":false,"challengeScenes":[{"keyPoints":["c_bestFriend_M_a_G7a0","c_teacherEng_G7a0","s_flag_gen"],"viewedAnimatic":true,"touchableObjects":["c_bestFriend_M_a_G7a0","c_teacherEng_G7a0","c_friend1_M_a_G7a0","s_atwoodPoster_gen","s_flag_gen"],"unlocked":true,"miniGameCards":[]},{"keyPoints":[],"viewedAnimatic":false,"touchableObjects":[],"unlocked":true,"miniGameCards":[]},{"keyPoints":[],"viewedAnimatic":false,"touchableObjects":[],"unlocked":false,"miniGameCards":[]}],"stackSize":3},{"resolved":false,"challengeScenes":[{"keyPoints":[],"viewedAnimatic":false,"touchableObjects":[],"unlocked":false,"miniGameCards":[]},{"keyPoints":[],"viewedAnimatic":false,"touchableObjects":[],"unlocked":false,"miniGameCards":[]},{"keyPoints":[],"viewedAnimatic":false,"touchableObjects":[],"unlocked":false,"miniGameCards":[]},{"keyPoints":[],"viewedAnimatic":false,"touchableObjects":[],"unlocked":false,"miniGameCards":[]},{"keyPoints":[],"viewedAnimatic":false,"touchableObjects":[],"unlocked":false,"miniGameCards":[]}],"stackSize":5},{"resolved":false,"challengeScenes":[{"keyPoints":[],"viewedAnimatic":false,"touchableObjects":[],"unlocked":false,"miniGameCards":[]},{"keyPoints":[],"viewedAnimatic":false,"touchableObjects":[],"unlocked":false,"miniGameCards":[]},{"keyPoints":[],"viewedAnimatic":false,"touchableObjects":[],"unlocked":false,"miniGameCards":[]},{"keyPoints":[],"viewedAnimatic":false,"touchableObjects":[],"unlocked":false,"miniGameCards":[]},{"keyPoints":[],"viewedAnimatic":false,"touchableObjects":[],"unlocked":false,"miniGameCards":[]},{"keyPoints":[],"viewedAnimatic":false,"touchableObjects":[],"unlocked":false,"miniGameCards":[]},{"keyPoints":[],"viewedAnimatic":false,"touchableObjects":[],"unlocked":false,"miniGameCards":[]}],"stackSize":7},{"resolved":false,"challengeScenes":[{"keyPoints":[],"viewedAnimatic":false,"touchableObjects":[],"unlocked":false,"miniGameCards":[]},{"keyPoints":[],"viewedAnimatic":false,"touchableObjects":[],"unlocked":false,"miniGameCards":[]},{"keyPoints":[],"viewedAnimatic":false,"touchableObjects":[],"unlocked":false,"miniGameCards":[]},{"keyPoints":[],"viewedAnimatic":false,"touchableObjects":[],"unlocked":false,"miniGameCards":[]},{"keyPoints":[],"viewedAnimatic":false,"touchableObjects":[],"unlocked":false,"miniGameCards":[]}],"stackSize":5},{"resolved":false,"challengeScenes":[{"keyPoints":[],"viewedAnimatic":false,"touchableObjects":[],"unlocked":false,"miniGameCards":[]},{"keyPoints":[],"viewedAnimatic":false,"touchableObjects":[],"unlocked":false,"miniGameCards":[]},{"keyPoints":[],"viewedAnimatic":false,"touchableObjects":[],"unlocked":false,"miniGameCards":[]},{"keyPoints":[],"viewedAnimatic":false,"touchableObjects":[],"unlocked":false,"miniGameCards":[]},{"keyPoints":[],"viewedAnimatic":false,"touchableObjects":[],"unlocked":false,"miniGameCards":[]}],"stackSize":5},{"resolved":false,"challengeScenes":[{"keyPoints":[],"viewedAnimatic":false,"touchableObjects":[],"unlocked":false,"miniGameCards":[]},{"keyPoints":[],"viewedAnimatic":false,"touchableObjects":[],"unlocked":false,"miniGameCards":[]},{"keyPoints":[],"viewedAnimatic":false,"touchableObjects":[],"unlocked":false,"miniGameCards":[]},{"keyPoints":[],"viewedAnimatic":false,"touchableObjects":[],"unlocked":false,"miniGameCards":[]},{"keyPoints":[],"viewedAnimatic":false,"touchableObjects":[],"unlocked":false,"miniGameCards":[]}],"stackSize":5},{"resolved":false,"challengeScenes":[{"keyPoints":[],"viewedAnimatic":false,"touchableObjects":[],"unlocked":false,"miniGameCards":[]},{"keyPoints":[],"viewedAnimatic":false,"touchableObjects":[],"unlocked":false,"miniGameCards":[]},{"keyPoints":[],"viewedAnimatic":false,"touchableObjects":[],"unlocked":false,"miniGameCards":[]},{"keyPoints":[],"viewedAnimatic":false,"touchableObjects":[],"unlocked":false,"miniGameCards":[]},{"keyPoints":[],"viewedAnimatic":false,"touchableObjects":[],"unlocked":false,"miniGameCards":[]}],"stackSize":5},{"resolved":false,"challengeScenes":[{"keyPoints":[],"viewedAnimatic":false,"touchableObjects":[],"unlocked":false,"miniGameCards":[]},{"keyPoints":[],"viewedAnimatic":false,"touchableObjects":[],"unlocked":false,"miniGameCards":[]},{"keyPoints":[],"viewedAnimatic":false,"touchableObjects":[],"unlocked":false,"miniGameCards":[]},{"keyPoints":[],"viewedAnimatic":false,"touchableObjects":[],"unlocked":false,"miniGameCards":[]},{"keyPoints":[],"viewedAnimatic":false,"touchableObjects":[],"unlocked":false,"miniGameCards":[]}],"stackSize":5},{"resolved":false,"challengeScenes":[{"keyPoints":[],"viewedAnimatic":false,"touchableObjects":[],"unlocked":false,"miniGameCards":[]},{"keyPoints":[],"viewedAnimatic":false,"touchableObjects":[],"unlocked":false,"miniGameCards":[]},{"keyPoints":[],"viewedAnimatic":false,"touchableObjects":[],"unlocked":false,"miniGameCards":[]},{"keyPoints":[],"viewedAnimatic":false,"touchableObjects":[],"unlocked":false,"miniGameCards":[]},{"keyPoints":[],"viewedAnimatic":false,"touchableObjects":[],"unlocked":false,"miniGameCards":[]}],"stackSize":5},{"resolved":false,"challengeScenes":[{"keyPoints":[],"viewedAnimatic":false,"touchableObjects":[],"unlocked":false,"miniGameCards":[]},{"keyPoints":[],"viewedAnimatic":false,"touchableObjects":[],"unlocked":false,"miniGameCards":[]},{"keyPoints":[],"viewedAnimatic":false,"touchableObjects":[],"unlocked":false,"miniGameCards":[]},{"keyPoints":[],"viewedAnimatic":false,"touchableObjects":[],"unlocked":false,"miniGameCards":[]},{"keyPoints":[],"viewedAnimatic":false,"touchableObjects":[],"unlocked":false,"miniGameCards":[]}],"stackSize":5},{"resolved":false,"challengeScenes":[{"keyPoints":[],"viewedAnimatic":false,"touchableObjects":[],"unlocked":false,"miniGameCards":[]},{"keyPoints":[],"viewedAnimatic":false,"touchableObjects":[],"unlocked":false,"miniGameCards":[]},{"keyPoints":[],"viewedAnimatic":false,"touchableObjects":[],"unlocked":false,"miniGameCards":[]},{"keyPoints":[],"viewedAnimatic":false,"touchableObjects":[],"unlocked":false,"miniGameCards":[]},{"keyPoints":[],"viewedAnimatic":false,"touchableObjects":[],"unlocked":false,"miniGameCards":[]}],"stackSize":5},{"resolved":false,"challengeScenes":[{"keyPoints":[],"viewedAnimatic":false,"touchableObjects":[],"unlocked":false,"miniGameCards":[]},{"keyPoints":[],"viewedAnimatic":false,"touchableObjects":[],"unlocked":false,"miniGameCards":[]},{"keyPoints":[],"viewedAnimatic":false,"touchableObjects":[],"unlocked":false,"miniGameCards":[]},{"keyPoints":[],"viewedAnimatic":false,"touchableObjects":[],"unlocked":false,"miniGameCards":[]},{"keyPoints":[],"viewedAnimatic":false,"touchableObjects":[],"unlocked":false,"miniGameCards":[]}],"stackSize":5},{"resolved":true,"challengeScenes":[{"keyPoints":[],"viewedAnimatic":false,"touchableObjects":["c_player_cauc_M_a_G0a0","c_friends_G0a0"],"unlocked":true,"miniGameCards":[]},{"keyPoints":["c_family_cauc_a_G0a1N","c_home_G0a1N","c_job_G0a1N"],"viewedAnimatic":false,"touchableObjects":["c_family_cauc_a_G0a1N","c_home_G0a1N","c_job_G0a1N"],"unlocked":true,"miniGameCards":[]},{"keyPoints":["c_kidsister_cauc_a_G0a1P","c_grandma_cauc_a_G0a1P","c_Teacher_G0a1P","c_dad_cauc_a_G0a1P","c_Nurse_G0a1P","c_mom_cauc_a_G0a1P"],"viewedAnimatic":false,"touchableObjects":["c_kidsister_cauc_a_G0a1P","c_grandma_cauc_a_G0a1P","c_Teacher_G0a1P","c_friends_G0a1P","c_cousins_M_a_G0a1P","c_dad_cauc_a_G0a1P","c_Nurse_G0a1P","c_mom_cauc_a_G0a1P"],"unlocked":true,"miniGameCards":[]}],"stackSize":3}],"minigames":[{"levelSaveData":[{"starRating":0,"unlocked":true},{"starRating":0,"unlocked":false},{"starRating":0,"unlocked":false},{"starRating":0,"unlocked":false},{"starRating":0,"unlocked":false},{"starRating":0,"unlocked":false},{"starRating":0,"unlocked":false},{"starRating":0,"unlocked":false},{"starRating":0,"unlocked":false},{"starRating":0,"unlocked":false}],"skillPoints":0},{"levelSaveData":[{"starRating":3,"unlocked":true},{"starRating":0,"unlocked":false},{"starRating":0,"unlocked":false},{"starRating":0,"unlocked":false},{"starRating":0,"unlocked":false},{"starRating":0,"unlocked":false},{"starRating":0,"unlocked":false},{"starRating":0,"unlocked":false},{"starRating":0,"unlocked":false},{"starRating":0,"unlocked":false}],"skillPoints":3},{"levelSaveData":[{"starRating":3,"unlocked":true},{"starRating":0,"unlocked":false},{"starRating":0,"unlocked":false},{"starRating":0,"unlocked":false},{"starRating":0,"unlocked":false},{"starRating":0,"unlocked":false},{"starRating":0,"unlocked":false},{"starRating":0,"unlocked":false},{"starRating":0,"unlocked":false},{"starRating":0,"unlocked":false}],"skillPoints":3},{"levelSaveData":[{"starRating":0,"unlocked":false},{"starRating":0,"unlocked":false},{"starRating":0,"unlocked":false},{"starRating":0,"unlocked":false},{"starRating":0,"unlocked":false},{"starRating":0,"unlocked":false},{"starRating":0,"unlocked":false},{"starRating":0,"unlocked":false},{"starRating":0,"unlocked":false},{"starRating":0,"unlocked":false}],"skillPoints":0},{"name":"jaime","gender":0,"visualAvatar":0,"age":14,"levelSaveData":[{"starRating":3,"unlocked":true},{"chunks":[["1"],["6$$awkward","10$$wierd"],["0","13","6"],["0"]],"unlocked":true,"starRating":3},{"chunks":[[null],[null,null],[null,null]],"unlocked":false,"starRating":0},{"chunks":[[null],[null],[null],[null],[null,null],[null]],"unlocked":false,"starRating":0},{"chunks":[[null],[null],[null,null],[null],[null],[null]],"unlocked":false,"starRating":0},{"chunks":[[null],[null,null,null,null],[null],[null]],"unlocked":false,"starRating":0},{"chunks":[[null],[null],[null,null],[null,null],[null]],"unlocked":false,"starRating":0},{"chunks":[[null,null,null],[null,null,null],[null],[null],[null]],"unlocked":false,"starRating":0},{"chunks":[[null,null,null],[null,null,null],[null,null]],"unlocked":false,"starRating":0},{"chunks":[[null],[null],[null],[null],[null],[null]],"unlocked":false,"starRating":0}],"id":1,"skillPoints":6}],"playerId":14,"epilogue":{"rating":0},"sessionId":1,"avatar":{"name":"jaime","gender":0,"visualAvatar":0,"age":14,"levelSaveData":[{"starRating":3,"unlocked":true},{"chunks":[["1"],["6$$awkward","10$$wierd"],["0","13","6"],["0"]],"unlocked":true,"starRating":3},{"chunks":[[null],[null,null],[null,null]],"unlocked":false,"starRating":0},{"chunks":[[null],[null],[null],[null],[null,null],[null]],"unlocked":false,"starRating":0},{"chunks":[[null],[null],[null,null],[null],[null],[null]],"unlocked":false,"starRating":0},{"chunks":[[null],[null,null,null,null],[null],[null]],"unlocked":false,"starRating":0},{"chunks":[[null],[null],[null,null],[null,null],[null]],"unlocked":false,"starRating":0},{"chunks":[[null,null,null],[null,null,null],[null],[null],[null]],"unlocked":false,"starRating":0},{"chunks":[[null,null,null],[null,null,null],[null,null]],"unlocked":false,"starRating":0},{"chunks":[[null],[null],[null],[null],[null],[null]],"unlocked":false,"starRating":0}],"id":1,"skillPoints":6}}
