6427027,0,1:14:56,10/23/2013 4:38:49pm
6427027,100,1:15:8,0
6427027,102,1:15:11,0
6427027,200,1:15:11,0,0,0,3,0,6
6427027,210,1:15:14,819,372
6427027,211,1:15:14,665,442
6427027,213,1:15:16,0,c_teacherEng_G7a0,true
6427027,205,1:15:16,0,c_teacherEng_G7a0,false,true
6427027,210,1:15:21,853,372
6427027,211,1:15:22,1049,237
6427027,210,1:15:22,965,548
6427027,211,1:15:23,964,537
6427027,213,1:15:23,0,c_bestFriend_M_a_G7a0,true
6427027,205,1:15:23,0,c_bestFriend_M_a_G7a0,false,true
6427027,210,1:15:26,912,537
6427027,207,1:15:27,0,-200,-380
6427027,207,1:15:31,0,-380,-185
6427027,207,1:15:33,0,-185,0
6427027,211,1:15:34,769,359
6427027,213,1:15:34,0,c_teacherEng_G7a0,true
6427027,205,1:15:34,0,c_teacherEng_G7a0,false,true
6427027,210,1:15:41,910,362
6427027,207,1:15:41,0,0,-30
6427027,211,1:15:43,798,345
6427027,213,1:15:43,0,c_teacherEng_G7a0,true
6427027,205,1:15:43,0,c_teacherEng_G7a0,false,true
6427027,204,1:15:48,0
6427027,100,1:16:8,0
6427027,102,1:16:21,0
6427027,200,1:16:21,0,0,0,3,0,6
6427027,207,1:16:23,0,-200,-170
6427027,210,1:16:24,275,259
6427027,207,1:16:25,0,-170,0
6427027,211,1:16:26,103,401
6427027,210,1:16:26,749,319
6427027,211,1:16:27,802,432
6427027,213,1:16:27,0,c_teacherEng_G7a0,true
6427027,205,1:16:27,0,c_teacherEng_G7a0,false,true
6427027,210,1:16:32,324,568
6427027,211,1:16:35,664,570
6427027,213,1:16:35,0,s_otherStudent1_G7a0,true
6427027,212,1:16:39,1
6427027,210,1:16:39,890,357
6427027,207,1:16:40,0,0,-150
6427027,211,1:16:42,1074,579
6427027,213,1:16:42,0,s_vocabAssignment_G7a0,true
6427027,210,1:16:47,1042,403
6427027,207,1:16:47,0,-150,-345
6427027,207,1:16:48,0,-345,-510
6427027,211,1:16:50,1210,155
6427027,213,1:16:50,0,s_clock_G7a0,true
6427027,210,1:16:57,966,62
6427027,211,1:16:57,862,133
6427027,213,1:16:57,0,s_poePoster_gen,true
6427027,210,1:17:2,1089,523
6427027,211,1:17:5,1316,460
6427027,210,1:17:6,915,452
6427027,211,1:17:6,1272,431
6427027,213,1:17:6,0,s_doorClassroom_G7a0,true
6427027,212,1:17:12,2
6427027,210,1:17:12,1009,485
6427027,211,1:17:15,817,432
6427027,213,1:17:15,0,c_teacherEng_G7a0,true
6427027,205,1:17:15,0,c_teacherEng_G7a0,false,true
6427027,210,1:17:19,699,491
6427027,207,1:17:21,0,-510,0
6427027,211,1:17:24,232,470
6427027,213,1:17:24,0,c_crewKid1_M_G7a0,true
6427027,210,1:17:27,316,564
6427027,211,1:17:31,647,581
6427027,213,1:17:31,0,s_otherStudent1_G7a0,true
6427027,210,1:17:34,667,449
6427027,207,1:17:35,0,0,-210
6427027,211,1:17:36,970,558
6427027,213,1:17:36,0,c_bestFriend_M_a_G7a0,true
6427027,205,1:17:36,0,c_bestFriend_M_a_G7a0,false,true
6427027,213,1:17:52,0,s_vocabAssignment_G7a0,true
6427027,207,1:17:57,0,-210,-210
6427027,210,1:17:57,1159,240
6427027,211,1:17:58,731,520
6427027,210,1:17:58,1038,529
6427027,211,1:17:58,1071,447
6427027,212,1:18:1,1
6427027,210,1:18:1,937,346
6427027,207,1:18:2,0,-210,-240
6427027,211,1:18:7,1085,255
6427027,210,1:18:7,362,223
6427027,207,1:18:8,0,-240,0
6427027,207,1:18:18,0,0,-180
6427027,207,1:18:20,0,-180,-435
6427027,207,1:18:22,0,-435,-518.45
6427027,211,1:18:24,1456,558
6427027,210,1:18:24,1452,557
6427027,211,1:18:24,1452,557
6427027,210,1:18:24,1456,534
6427027,211,1:18:27,1273,537
6427027,212,1:18:27,2
6427027,210,1:18:28,1429,493
6427027,211,1:18:28,1422,514
6427027,213,1:18:28,0,c_friend1_M_a_G7a0,true
6427027,212,1:18:33,1
6427027,212,1:18:36,0
6427027,210,1:18:39,806,307
6427027,211,1:18:39,1071,364
6427027,210,1:18:41,677,486
6427027,207,1:18:43,0,-518.45,-458.45
6427027,211,1:18:43,532,506
6427027,210,1:18:46,788,335
6427027,211,1:18:47,1118,506
6427027,221,1:18:49,0
6427027,300,1:18:52
6427027,220,1:18:52,0
6427027,210,1:19:13,509,234
6427027,211,1:19:15,748,282
6427027,212,1:19:16,2
6427027,210,1:19:23,1053,300
6427027,211,1:19:25,985,501
6427027,213,1:19:25,0,c_bestFriend_M_a_G7a0,true
6427027,205,1:19:25,0,c_bestFriend_M_a_G7a0,false,true
6427027,210,1:19:30,793,454
6427027,211,1:19:32,896,478
6427027,210,1:19:36,467,303
6427027,211,1:19:37,371,268
6427027,210,1:19:40,486,432
6427027,211,1:19:45,379,460
6427027,210,1:19:49,455,457
6427027,211,1:19:55,675,580
6427027,213,1:19:55,0,s_otherStudent1_G7a0,true
6427027,210,1:19:57,936,529
6427027,211,1:19:59,959,485
6427027,213,1:19:59,0,c_bestFriend_M_a_G7a0,true
6427027,205,1:19:59,0,c_bestFriend_M_a_G7a0,false,true
6427027,210,1:20:3,1241,286
6427027,211,1:20:3,1241,286
6427027,207,1:20:3,0,-200,-275
6427027,210,1:20:3,1316,306
6427027,211,1:20:3,1316,306
6427027,207,1:20:3,0,-275,-335
6427027,210,1:20:4,1219,344
6427027,211,1:20:4,1219,344
6427027,210,1:20:4,1223,359
6427027,211,1:20:4,1204,407
6427027,213,1:20:4,0,s_doorClassroom_G7a0,true
6427027,213,1:20:8,0,c_teacherEng_G7a0,true
6427027,205,1:20:8,0,c_teacherEng_G7a0,false,true
6427027,213,1:20:12,0,c_teacherEng_G7a0,true
6427027,205,1:20:12,0,c_teacherEng_G7a0,false,true
6427027,210,1:20:15,1248,114
6427027,211,1:20:16,1232,164
6427027,213,1:20:16,0,s_clock_G7a0,true
6427027,210,1:20:19,671,69
6427027,211,1:20:20,695,107
6427027,213,1:20:20,0,s_angelouPoster_gen,true
6427027,210,1:20:24,807,74
6427027,211,1:20:24,804,78
6427027,210,1:20:25,787,92
6427027,211,1:20:25,774,130
6427027,213,1:20:25,0,s_shakespearePoster_gen,true
6427027,210,1:20:29,867,124
6427027,211,1:20:30,885,131
6427027,213,1:20:30,0,s_poePoster_gen,true
6427027,210,1:20:34,588,59
6427027,207,1:20:36,0,-335,-305
6427027,207,1:20:37,0,-305,0
6427027,211,1:20:38,268,462
6427027,213,1:20:38,0,c_crewKid1_M_G7a0,true
6427027,212,1:20:41,1
6427027,210,1:20:41,443,217
6427027,211,1:20:49,773,155
6427027,213,1:20:49,0,s_shakespearePoster_gen,true
6427027,207,1:20:54,0,0,-45
6427027,210,1:20:54,880,272
6427027,207,1:20:56,0,-45,-225
6427027,207,1:20:57,0,-225,-360
6427027,207,1:21:0,0,-360,-495
6427027,207,1:21:1,0,-495,-518.45
6427027,211,1:21:4,711,500
6427027,212,1:21:5,0
6427027,210,1:21:6,948,515
6427027,211,1:21:9,689,114
6427027,213,1:21:9,0,s_angelouPoster_gen,true
6427027,210,1:21:24,865,463
6427027,211,1:21:26,791,484
6427027,210,1:21:26,990,467
6427027,207,1:21:29,0,-518.45,-53.45
6427027,211,1:21:33,428,375
6427027,210,1:21:34,414,96
6427027,207,1:21:35,0,-53.45,0
6427027,211,1:21:38,229,520
6427027,213,1:21:38,0,c_crewKid1_M_G7a0,true
6427027,210,1:21:44,453,515
6427027,207,1:21:46,0,0,-300
6427027,211,1:21:48,1081,580
6427027,213,1:21:48,0,s_vocabAssignment_G7a0,true
6427027,212,1:21:55,2
6427027,210,1:21:59,617,502
6427027,211,1:22:0,669,554
6427027,213,1:22:0,0,s_otherStudent1_G7a0,true
6427027,210,1:22:6,544,468
6427027,207,1:22:8,0,-300,0
6427027,211,1:22:9,200,485
6427027,213,1:22:9,0,c_crewKid1_M_G7a0,true
6427027,210,1:22:15,783,382
6427027,207,1:22:18,0,0,-518.45
6427027,211,1:22:20,1325,490
6427027,210,1:22:20,1032,501
6427027,211,1:22:21,998,514
6427027,213,1:22:21,0,c_bestFriend_M_a_G7a0,true
6427027,205,1:22:21,0,c_bestFriend_M_a_G7a0,false,true
6427027,210,1:22:46,770,296
6427027,211,1:22:46,776,296
6427027,210,1:22:47,824,298
6427027,211,1:22:47,824,298
6427027,210,1:22:48,802,317
6427027,211,1:22:59,953,533
6427027,213,1:22:59,0,c_bestFriend_M_a_G7a0,true
6427027,205,1:22:59,0,c_bestFriend_M_a_G7a0,false,true
6427027,221,1:23:2,0
6427027,220,1:23:45,0
6427027,212,1:23:46,1
6427027,210,1:23:47,1144,491
6427027,207,1:23:52,0,-518.45,-188.45
6427027,207,1:23:53,0,-188.45,-68.45
6427027,207,1:23:54,0,-68.45,0
6427027,211,1:23:56,281,588
6427027,210,1:23:58,204,453
6427027,211,1:23:59,226,517
6427027,213,1:23:59,0,c_crewKid1_M_G7a0,true
6427027,210,1:24:6,696,416
6427027,211,1:24:8,1187,532
6427027,207,1:24:8,0,0,-180
6427027,210,1:24:9,1277,532
6427027,211,1:24:9,1337,535
6427027,207,1:24:9,0,-180,-315
6427027,210,1:24:11,995,488
6427027,211,1:24:11,1069,561
6427027,213,1:24:11,0,s_vocabAssignment_G7a0,true
6427027,210,1:24:29,898,384
6427027,211,1:24:31,1229,291
6427027,213,1:24:31,0,s_doorClassroom_G7a0,true
6427027,210,1:24:33,772,378
6427027,211,1:24:36,450,556
6427027,213,1:24:40,0,s_angelouPoster_gen,true
6427027,210,1:24:44,596,87
6427027,211,1:24:45,426,202
6427027,210,1:24:45,439,175
6427027,211,1:24:45,460,184
6427027,210,1:24:46,472,166
6427027,211,1:24:53,870,162
6427027,213,1:24:53,0,s_poePoster_gen,true
6427027,210,1:24:56,573,594
6427027,207,1:24:58,0,-315,-180
6427027,207,1:24:59,0,-180,0
6427027,211,1:25:4,619,287
6427027,212,1:25:5,0
6427027,210,1:25:6,754,317
6427027,211,1:25:7,993,399
6427027,207,1:25:7,0,0,-30
6427027,221,1:25:9,0
6427027,220,1:25:53,0
6427027,210,1:25:55,455,519
6427027,211,1:25:57,1186,446
6427027,207,1:25:57,0,-30,-195
6427027,210,1:26:0,687,77
6427027,211,1:26:0,667,90
6427027,210,1:26:0,697,108
6427027,211,1:26:0,699,141
6427027,213,1:26:0,0,s_angelouPoster_gen,true
6427027,210,1:26:3,1052,578
6427027,211,1:26:3,1051,588
6427027,213,1:26:3,0,s_vocabAssignment_G7a0,true
6427027,210,1:26:16,1072,571
6427027,211,1:26:16,1089,574
6427027,213,1:26:16,0,s_vocabAssignment_G7a0,true
6427027,210,1:26:22,1113,438
6427027,207,1:26:23,0,-195,-450
6427027,207,1:26:24,0,-450,-518.45
6427027,211,1:26:27,1083,433
6427027,212,1:26:28,1
6427027,210,1:26:30,1263,452
6427027,211,1:26:31,1217,386
6427027,213,1:26:31,0,s_doorClassroom_G7a0,true
6427027,210,1:26:33,1072,557
6427027,211,1:26:34,1049,578
6427027,213,1:26:34,0,s_vocabAssignment_G7a0,true
6427027,210,1:26:36,1077,561
6427027,211,1:26:36,1078,578
6427027,213,1:26:36,0,s_vocabAssignment_G7a0,true
6427027,210,1:26:38,1078,584
6427027,211,1:26:38,1081,586
6427027,213,1:26:38,0,s_vocabAssignment_G7a0,true
6427027,210,1:26:41,1080,551
6427027,211,1:26:41,1076,568
6427027,213,1:26:41,0,s_vocabAssignment_G7a0,true
6427027,212,1:26:46,2
6427027,210,1:26:47,1255,363
6427027,211,1:27:3,882,339
6427027,210,1:27:7,956,373
6427027,211,1:27:7,956,373
6427027,210,1:27:14,1429,453
6427027,211,1:27:16,1222,427
6427027,213,1:27:16,0,s_doorClassroom_G7a0,true
6427027,210,1:27:18,995,525
6427027,211,1:27:19,963,478
6427027,213,1:27:19,0,c_bestFriend_M_a_G7a0,true
6427027,205,1:27:19,0,c_bestFriend_M_a_G7a0,false,true
6427027,210,1:27:23,826,384
6427027,211,1:27:23,842,413
6427027,213,1:27:23,0,c_teacherEng_G7a0,true
6427027,205,1:27:23,0,c_teacherEng_G7a0,false,true
6427027,210,1:27:28,907,481
6427027,207,1:27:31,0,-518.45,0
6427027,211,1:27:34,224,496
6427027,213,1:27:34,0,c_crewKid1_M_G7a0,true
6427027,210,1:27:36,297,562
6427027,211,1:27:38,607,183
6427027,204,1:27:39,0
6427027,1003,1:27:52,3
6427027,300,1:27:56
6427027,1003,1:28:6,1
6427027,1004,1:28:8,0
6427027,800,1:28:10,0,[]
6427027,801,1:28:14,0,[]
6427027,814,1:28:16,0,[1]
6427027,815,1:28:16,0,1,OpportunityCardData_id:7
6427027,816,1:28:19,0,1,OpportunityCardData_id:7
6427027,803,1:28:27,0,[OpportunityCardData_id:7,OpportunityCardConsequencesData_logId:1]
6427027,803,1:28:31,0,[OpportunityCardData_id:7,OpportunityCardConsequencesData_logId:2]
6427027,803,1:28:34,0,[OpportunityCardData_id:7,OpportunityCardConsequencesData_logId:0]
6427027,804,1:28:37,0,[OpportunityCardData_id:7]
6427027,814,1:28:39,0,[2]
6427027,815,1:28:39,0,2,OpportunityCardData_id:13
6427027,816,1:28:41,0,2,OpportunityCardData_id:13
6427027,803,1:28:42,0,[OpportunityCardData_id:13,OpportunityCardConsequencesData_logId:0]
6427027,803,1:28:45,0,[OpportunityCardData_id:13,OpportunityCardConsequencesData_logId:1]
6427027,803,1:28:47,0,[OpportunityCardData_id:13,OpportunityCardConsequencesData_logId:2]
6427027,805,1:28:50,0,[OpportunityCardData_id:13]
6427027,807,1:28:54,0,[OpportunityCardData_id:13]
6427027,808,1:28:58,0,[OpportunityCardData_id:13]
6427027,809,1:29:30,0,[OpportunityCardData_id:13,PriorityData_type:3,false]
6427027,810,1:29:34,0,[OpportunityCardData_id:13,PriorityData_type:2,15,PriorityData_type:3,10]
6427027,814,1:29:42,0,[0]
6427027,815,1:29:42,0,0,OpportunityCardData_id:0
6427027,817,1:29:46,0,0
6427027,814,1:29:50,0,[5]
6427027,815,1:29:50,0,5,OpportunityCardData_id:32
6427027,816,1:29:51,0,5,OpportunityCardData_id:32
6427027,803,1:29:52,0,[OpportunityCardData_id:32,OpportunityCardConsequencesData_logId:1]
6427027,803,1:29:55,0,[OpportunityCardData_id:32,OpportunityCardConsequencesData_logId:0]
6427027,805,1:29:58,0,[OpportunityCardData_id:32]
6427027,807,1:30:0,0,[OpportunityCardData_id:32]
6427027,808,1:30:3,0,[OpportunityCardData_id:32]
6427027,809,1:30:10,0,[OpportunityCardData_id:32,Safe,false]
6427027,810,1:30:12,0,[OpportunityCardData_id:32,PriorityData_type:5,20,Safe,Safe]
6427027,814,1:30:17,0,[4]
6427027,815,1:30:17,0,4,OpportunityCardData_id:22
6427027,816,1:30:18,0,4,OpportunityCardData_id:22
6427027,803,1:30:20,0,[OpportunityCardData_id:22,OpportunityCardConsequencesData_logId:0]
6427027,803,1:30:23,0,[OpportunityCardData_id:22,OpportunityCardConsequencesData_logId:1]
6427027,805,1:30:28,0,[OpportunityCardData_id:22]
6427027,807,1:30:30,0,[OpportunityCardData_id:22]
6427027,808,1:30:33,0,[OpportunityCardData_id:22]
6427027,809,1:30:38,0,[OpportunityCardData_id:22,PriorityData_type:2,false]
6427027,810,1:30:41,0,[OpportunityCardData_id:22,PriorityData_type:4,15,PriorityData_type:2,15]
6427027,814,1:30:46,0,[5]
6427027,815,1:30:46,0,5,OpportunityCardData_id:33
6427027,816,1:30:47,0,5,OpportunityCardData_id:33
6427027,803,1:30:49,0,[OpportunityCardData_id:33,OpportunityCardConsequencesData_logId:1]
6427027,803,1:30:49,0,[OpportunityCardData_id:33,OpportunityCardConsequencesData_logId:0]
6427027,803,1:30:50,0,[OpportunityCardData_id:33,OpportunityCardConsequencesData_logId:2]
6427027,805,1:30:51,0,[OpportunityCardData_id:33]
6427027,807,1:30:52,0,[OpportunityCardData_id:33]
6427027,808,1:30:55,0,[OpportunityCardData_id:33]
6427027,809,1:31:0,0,[OpportunityCardData_id:33,PriorityData_type:2,false]
6427027,810,1:31:3,0,[OpportunityCardData_id:33,PriorityData_type:5,15,PriorityData_type:2,5]
6427027,814,1:31:9,0,[3]
6427027,815,1:31:9,0,3,OpportunityCardData_id:19
6427027,816,1:31:11,0,3,OpportunityCardData_id:19
6427027,803,1:31:12,0,[OpportunityCardData_id:19,OpportunityCardConsequencesData_logId:0]
6427027,803,1:31:13,0,[OpportunityCardData_id:19,OpportunityCardConsequencesData_logId:1]
6427027,803,1:31:15,0,[OpportunityCardData_id:19,OpportunityCardConsequencesData_logId:2]
6427027,805,1:31:15,0,[OpportunityCardData_id:19]
6427027,807,1:31:17,0,[OpportunityCardData_id:19]
6427027,808,1:31:21,0,[OpportunityCardData_id:19]
6427027,809,1:31:25,0,[OpportunityCardData_id:19,PriorityData_type:5,false]
6427027,810,1:31:27,0,[OpportunityCardData_id:19,PriorityData_type:3,15,PriorityData_type:5,30]
6427027,814,1:31:32,0,[5]
6427027,815,1:31:32,0,5,OpportunityCardData_id:34
6427027,816,1:31:33,0,5,OpportunityCardData_id:34
6427027,805,1:31:35,0,[OpportunityCardData_id:34]
6427027,807,1:31:36,0,[OpportunityCardData_id:34]
6427027,808,1:31:41,0,[OpportunityCardData_id:34]
6427027,809,1:31:46,0,[OpportunityCardData_id:34,Safe,false]
6427027,810,1:31:48,0,[OpportunityCardData_id:34,PriorityData_type:5,15,Safe,Safe]
6427027,814,1:31:53,0,[1]
6427027,815,1:31:53,0,1,OpportunityCardData_id:8
6427027,816,1:31:54,0,1,OpportunityCardData_id:8
6427027,803,1:31:55,0,[OpportunityCardData_id:8,OpportunityCardConsequencesData_logId:0]
6427027,803,1:31:59,0,[OpportunityCardData_id:8,OpportunityCardConsequencesData_logId:1]
6427027,803,1:32:2,0,[OpportunityCardData_id:8,OpportunityCardConsequencesData_logId:2]
6427027,805,1:32:5,0,[OpportunityCardData_id:8]
6427027,807,1:32:6,0,[OpportunityCardData_id:8]
6427027,808,1:32:9,0,[OpportunityCardData_id:8]
6427027,809,1:32:14,0,[OpportunityCardData_id:8,PriorityData_type:0,false]
6427027,810,1:32:15,0,[OpportunityCardData_id:8,PriorityData_type:1,20,PriorityData_type:0,25]
6427027,811,1:32:24,0,[OpportunityCardData_id:8,PriorityData_type:2,80,65,PriorityData_type:4,70,60]
6427027,1005,1:32:24,0,[1,0,1]
6427027,1000,1:32:26,0,[]
6427027,800,1:32:27,0,[]
6427027,801,1:32:28,0,[]
6427027,814,1:32:30,0,[4]
6427027,815,1:32:30,0,4,OpportunityCardData_id:22
6427027,816,1:32:32,0,4,OpportunityCardData_id:22
6427027,803,1:32:33,0,[OpportunityCardData_id:22,OpportunityCardConsequencesData_logId:0]
6427027,803,1:32:33,0,[OpportunityCardData_id:22,OpportunityCardConsequencesData_logId:1]
6427027,805,1:32:34,0,[OpportunityCardData_id:22]
6427027,807,1:32:35,0,[OpportunityCardData_id:22]
6427027,808,1:32:38,0,[OpportunityCardData_id:22]
6427027,809,1:32:43,0,[OpportunityCardData_id:22,PriorityData_type:5,false]
6427027,810,1:32:44,0,[OpportunityCardData_id:22,PriorityData_type:4,15,PriorityData_type:5,15]
6427027,814,1:32:47,0,[5]
6427027,815,1:32:47,0,5,OpportunityCardData_id:32
6427027,816,1:32:48,0,5,OpportunityCardData_id:32
6427027,803,1:32:50,0,[OpportunityCardData_id:32,OpportunityCardConsequencesData_logId:0]
6427027,803,1:32:51,0,[OpportunityCardData_id:32,OpportunityCardConsequencesData_logId:1]
6427027,805,1:32:53,0,[OpportunityCardData_id:32]
6427027,807,1:32:54,0,[OpportunityCardData_id:32]
6427027,808,1:32:57,0,[OpportunityCardData_id:32]
6427027,809,1:33:2,0,[OpportunityCardData_id:32,Safe,false]
6427027,810,1:33:3,0,[OpportunityCardData_id:32,PriorityData_type:5,20,Safe,Safe]
6427027,814,1:33:10,0,[4]
6427027,815,1:33:10,0,4,OpportunityCardData_id:26
6427027,817,1:33:12,0,4
6427027,814,1:33:13,0,[3]
6427027,815,1:33:13,0,3,OpportunityCardData_id:19
6427027,815,1:33:14,0,3,OpportunityCardData_id:20
6427027,815,1:33:17,0,3,OpportunityCardData_id:19
6427027,815,1:33:20,0,3,OpportunityCardData_id:25
6427027,815,1:33:21,0,3,OpportunityCardData_id:24
6427027,815,1:33:25,0,3,OpportunityCardData_id:23
6427027,815,1:33:27,0,3,OpportunityCardData_id:21
6427027,815,1:33:28,0,3,OpportunityCardData_id:20
6427027,816,1:33:30,0,3,OpportunityCardData_id:20
6427027,803,1:33:32,0,[OpportunityCardData_id:20,OpportunityCardConsequencesData_logId:0]
6427027,803,1:33:35,0,[OpportunityCardData_id:20,OpportunityCardConsequencesData_logId:1]
6427027,803,1:33:37,0,[OpportunityCardData_id:20,OpportunityCardConsequencesData_logId:2]
6427027,804,1:33:41,0,[OpportunityCardData_id:20]
6427027,814,1:33:43,0,[3]
6427027,815,1:33:43,0,3,OpportunityCardData_id:19
6427027,815,1:33:44,0,3,OpportunityCardData_id:21
6427027,815,1:33:47,0,3,OpportunityCardData_id:23
6427027,815,1:33:48,0,3,OpportunityCardData_id:24
6427027,815,1:33:52,0,3,OpportunityCardData_id:25
6427027,817,1:33:55,0,3
6427027,814,1:33:57,0,[2]
6427027,815,1:33:57,0,2,OpportunityCardData_id:13
6427027,815,1:33:59,0,2,OpportunityCardData_id:14
6427027,816,1:34:2,0,2,OpportunityCardData_id:14
6427027,803,1:34:3,0,[OpportunityCardData_id:14,OpportunityCardConsequencesData_logId:0]
6427027,803,1:34:4,0,[OpportunityCardData_id:14,OpportunityCardConsequencesData_logId:1]
6427027,803,1:34:5,0,[OpportunityCardData_id:14,OpportunityCardConsequencesData_logId:2]
6427027,805,1:34:6,0,[OpportunityCardData_id:14]
6427027,807,1:34:7,0,[OpportunityCardData_id:14]
6427027,808,1:34:10,0,[OpportunityCardData_id:14]
6427027,809,1:34:14,0,[OpportunityCardData_id:14,Safe,false]
6427027,810,1:34:16,0,[OpportunityCardData_id:14,PriorityData_type:2,15,Safe,Safe]
6427027,814,1:34:19,0,[1]
6427027,815,1:34:19,0,1,OpportunityCardData_id:7
6427027,815,1:34:21,0,1,OpportunityCardData_id:8
6427027,815,1:34:22,0,1,OpportunityCardData_id:9
6427027,816,1:34:26,0,1,OpportunityCardData_id:9
6427027,803,1:34:27,0,[OpportunityCardData_id:9,OpportunityCardConsequencesData_logId:0]
6427027,803,1:34:29,0,[OpportunityCardData_id:9,OpportunityCardConsequencesData_logId:1]
6427027,805,1:34:31,0,[OpportunityCardData_id:9]
6427027,807,1:34:32,0,[OpportunityCardData_id:9]
6427027,808,1:34:35,0,[OpportunityCardData_id:9]
6427027,809,1:34:39,0,[OpportunityCardData_id:9,Safe,false]
6427027,810,1:34:40,0,[OpportunityCardData_id:9,PriorityData_type:1,5,Safe,Safe]
6427027,814,1:34:45,0,[1]
6427027,815,1:34:45,0,1,OpportunityCardData_id:7
6427027,815,1:34:46,0,1,OpportunityCardData_id:8
6427027,815,1:34:46,0,1,OpportunityCardData_id:10
6427027,815,1:34:54,0,1,OpportunityCardData_id:8
6427027,816,1:34:58,0,1,OpportunityCardData_id:8
6427027,803,1:34:59,0,[OpportunityCardData_id:8,OpportunityCardConsequencesData_logId:0]
6427027,803,1:35:0,0,[OpportunityCardData_id:8,OpportunityCardConsequencesData_logId:1]
6427027,803,1:35:1,0,[OpportunityCardData_id:8,OpportunityCardConsequencesData_logId:2]
6427027,805,1:35:2,0,[OpportunityCardData_id:8]
6427027,807,1:35:4,0,[OpportunityCardData_id:8]
6427027,808,1:35:6,0,[OpportunityCardData_id:8]
6427027,809,1:35:10,0,[OpportunityCardData_id:8,PriorityData_type:0,false]
6427027,810,1:35:11,0,[OpportunityCardData_id:8,PriorityData_type:1,20,PriorityData_type:0,25]
6427027,814,1:35:15,0,[0]
6427027,815,1:35:15,0,0,OpportunityCardData_id:0
6427027,815,1:35:17,0,0,OpportunityCardData_id:1
6427027,816,1:35:20,0,0,OpportunityCardData_id:1
6427027,803,1:35:21,0,[OpportunityCardData_id:1,OpportunityCardConsequencesData_logId:0]
6427027,803,1:35:22,0,[OpportunityCardData_id:1,OpportunityCardConsequencesData_logId:1]
6427027,803,1:35:22,0,[OpportunityCardData_id:1,OpportunityCardConsequencesData_logId:2]
6427027,805,1:35:23,0,[OpportunityCardData_id:1]
6427027,807,1:35:24,0,[OpportunityCardData_id:1]
6427027,808,1:35:26,0,[OpportunityCardData_id:1]
6427027,809,1:35:31,0,[OpportunityCardData_id:1,Safe,false]
6427027,810,1:35:33,0,[OpportunityCardData_id:1,PriorityData_type:0,15,Safe,Safe]
6427027,814,1:35:37,0,[1]
6427027,815,1:35:37,0,1,OpportunityCardData_id:7
6427027,815,1:35:38,0,1,OpportunityCardData_id:10
6427027,815,1:35:39,0,1,OpportunityCardData_id:11
6427027,815,1:35:39,0,1,OpportunityCardData_id:10
6427027,816,1:35:41,0,1,OpportunityCardData_id:10
6427027,803,1:35:43,0,[OpportunityCardData_id:10,OpportunityCardConsequencesData_logId:0]
6427027,803,1:35:43,0,[OpportunityCardData_id:10,OpportunityCardConsequencesData_logId:1]
6427027,805,1:35:45,0,[OpportunityCardData_id:10]
6427027,807,1:35:46,0,[OpportunityCardData_id:10]
6427027,808,1:35:47,0,[OpportunityCardData_id:10]
6427027,809,1:35:52,0,[OpportunityCardData_id:10,PriorityData_type:3,false]
6427027,810,1:35:53,0,[OpportunityCardData_id:10,PriorityData_type:1,5,PriorityData_type:3,10]
6427027,811,1:35:58,0,[OpportunityCardData_id:10,PriorityData_type:2,80,85,PriorityData_type:4,70,60]
6427027,1005,1:35:58,0,[1,1,2]
6427027,1000,1:36:0,0,[]
6427027,800,1:36:0,0,[]
6427027,801,1:36:2,0,[]
6427027,814,1:36:4,0,[5]
6427027,815,1:36:4,0,5,OpportunityCardData_id:32
6427027,816,1:36:6,0,5,OpportunityCardData_id:32
6427027,803,1:36:7,0,[OpportunityCardData_id:32,OpportunityCardConsequencesData_logId:0]
6427027,803,1:36:8,0,[OpportunityCardData_id:32,OpportunityCardConsequencesData_logId:1]
6427027,805,1:36:9,0,[OpportunityCardData_id:32]
6427027,807,1:36:10,0,[OpportunityCardData_id:32]
6427027,808,1:36:12,0,[OpportunityCardData_id:32]
6427027,809,1:36:17,0,[OpportunityCardData_id:32,PriorityData_type:4,false]
6427027,810,1:36:18,0,[OpportunityCardData_id:32,PriorityData_type:5,20,PriorityData_type:4,5]
6427027,1002,1:36:24,0
6427027,1003,1:36:24,1
6427027,1003,1:36:29,0
6427027,1004,1:36:31,0
6427027,400,1:36:33,0,[]
6427027,401,1:36:36,0,[StatementsData_logId:0]
6427027,402,1:36:40,0,[StatementsData_logId:0,false]
6427027,405,1:36:42,0,[StatementsData_logId:0]
6427027,406,1:36:49,0,[StatementsData_logId:0,-2]
6427027,411,1:36:51,0,[StatementsData_logId:0]
6427027,401,1:36:57,0,[StatementsData_logId:1]
6427027,403,1:36:59,0,[StatementsData_logId:1,false]
6427027,405,1:37:0,0,[StatementsData_logId:1]
6427027,406,1:37:1,0,[StatementsData_logId:1,-2]
6427027,411,1:37:3,0,[StatementsData_logId:1]
6427027,401,1:37:6,0,[StatementsData_logId:2]
6427027,404,1:37:7,0,[StatementsData_logId:2,true]
6427027,406,1:37:8,0,[StatementsData_logId:2,2]
6427027,412,1:37:10,0,[StatementsData_logId:2]
6427027,413,1:37:14,0,[StatementsData_logId:2,DuelResponsesData_logId:3]
6427027,414,1:37:20,0,[StatementsData_logId:2,DuelResponsesData_logId:3]
6427027,415,1:37:23,0,[StatementsData_logId:2,DuelResponsesData_logId:3,DuelResponsesData_witty_player_response]
6427027,416,1:37:24,0,[StatementsData_logId:2,DuelResponsesData_logId:3]
6427027,417,1:37:28,0,[StatementsData_logId:2,DuelResponsesData_logId:3]
6427027,413,1:37:31,0,[StatementsData_logId:2,DuelResponsesData_logId:4]
6427027,414,1:37:33,0,[StatementsData_logId:2,DuelResponsesData_logId:4]
6427027,415,1:37:37,0,[StatementsData_logId:2,DuelResponsesData_logId:4,DuelResponsesData_ok_player_response]
6427027,416,1:37:38,0,[StatementsData_logId:2,DuelResponsesData_logId:4]
6427027,417,1:37:40,0,[StatementsData_logId:2,DuelResponsesData_logId:4]
6427027,413,1:37:42,0,[StatementsData_logId:2,DuelResponsesData_logId:5]
6427027,414,1:37:44,0,[StatementsData_logId:2,DuelResponsesData_logId:5]
6427027,415,1:37:47,0,[StatementsData_logId:2,DuelResponsesData_logId:5,DuelResponsesData_lame_player_response]
6427027,416,1:37:48,0,[StatementsData_logId:2,DuelResponsesData_logId:5]
6427027,417,1:37:49,0,[StatementsData_logId:2,DuelResponsesData_logId:5]
6427027,418,1:37:49,0,[StatementsData_logId:2,false]
6427027,419,1:37:51,0,[StatementsData_logId:2,-4]
6427027,411,1:37:53,0,[StatementsData_logId:2]
6427027,401,1:37:57,0,[StatementsData_logId:3]
6427027,404,1:37:58,0,[StatementsData_logId:3,false]
6427027,405,1:37:59,0,[StatementsData_logId:3]
6427027,406,1:38:0,0,[StatementsData_logId:3,-2]
6427027,411,1:38:2,0,[StatementsData_logId:3]
6427027,401,1:38:5,0,[StatementsData_logId:4]
6427027,404,1:38:11,0,[StatementsData_logId:4,false]
6427027,405,1:38:13,0,[StatementsData_logId:4]
6427027,406,1:38:15,0,[StatementsData_logId:4,-2]
6427027,411,1:38:17,0,[StatementsData_logId:4]
6427027,401,1:38:18,0,[StatementsData_logId:5]
6427027,402,1:38:19,0,[StatementsData_logId:5,false]
6427027,405,1:38:21,0,[StatementsData_logId:5]
6427027,406,1:38:24,0,[StatementsData_logId:5,-2]
6427027,411,1:38:26,0,[StatementsData_logId:5]
6427027,420,1:38:26,0,[20]
6427027,1000,1:38:28,0,[]
6427027,400,1:38:28,0,[]
6427027,401,1:38:36,0,[StatementsData_logId:0]
6427027,404,1:38:37,0,[StatementsData_logId:0,false]
6427027,405,1:38:38,0,[StatementsData_logId:0]
6427027,406,1:38:40,0,[StatementsData_logId:0,-2]
6427027,411,1:38:41,0,[StatementsData_logId:0]
6427027,401,1:38:43,0,[StatementsData_logId:1]
6427027,402,1:38:44,0,[StatementsData_logId:1,true]
6427027,405,1:38:45,0,[StatementsData_logId:1]
6427027,406,1:38:47,0,[StatementsData_logId:1,2]
6427027,411,1:38:48,0,[StatementsData_logId:1]
6427027,401,1:38:52,0,[StatementsData_logId:2]
6427027,402,1:38:55,0,[StatementsData_logId:2,false]
6427027,405,1:38:56,0,[StatementsData_logId:2]
6427027,406,1:38:57,0,[StatementsData_logId:2,-2]
6427027,411,1:38:59,0,[StatementsData_logId:2]
6427027,401,1:39:0,0,[StatementsData_logId:3]
6427027,404,1:39:0,0,[StatementsData_logId:3,false]
6427027,405,1:39:1,0,[StatementsData_logId:3]
6427027,406,1:39:2,0,[StatementsData_logId:3,-2]
6427027,411,1:39:3,0,[StatementsData_logId:3]
6427027,401,1:39:4,0,[StatementsData_logId:4]
6427027,404,1:39:7,0,[StatementsData_logId:4,false]
6427027,405,1:39:9,0,[StatementsData_logId:4]
6427027,406,1:39:12,0,[StatementsData_logId:4,-2]
6427027,411,1:39:13,0,[StatementsData_logId:4]
6427027,401,1:39:14,0,[StatementsData_logId:5]
6427027,402,1:39:16,0,[StatementsData_logId:5,false]
6427027,405,1:39:17,0,[StatementsData_logId:5]
6427027,406,1:39:21,0,[StatementsData_logId:5,-2]
6427027,411,1:39:22,0,[StatementsData_logId:5]
6427027,420,1:39:22,0,[24]
6427027,1000,1:39:24,0,[]
6427027,400,1:39:24,0,[]
6427027,401,1:39:25,0,[StatementsData_logId:0]
6427027,402,1:39:27,0,[StatementsData_logId:0,false]
6427027,405,1:39:27,0,[StatementsData_logId:0]
6427027,406,1:39:30,0,[StatementsData_logId:0,-2]
6427027,411,1:39:32,0,[StatementsData_logId:0]
6427027,401,1:39:33,0,[StatementsData_logId:1]
6427027,403,1:39:36,0,[StatementsData_logId:1,false]
6427027,405,1:39:37,0,[StatementsData_logId:1]
6427027,406,1:39:39,0,[StatementsData_logId:1,-2]
6427027,411,1:39:40,0,[StatementsData_logId:1]
6427027,401,1:39:42,0,[StatementsData_logId:2]
6427027,402,1:39:44,0,[StatementsData_logId:2,false]
6427027,405,1:39:45,0,[StatementsData_logId:2]
6427027,406,1:39:47,0,[StatementsData_logId:2,-2]
6427027,411,1:39:50,0,[StatementsData_logId:2]
6427027,401,1:39:51,0,[StatementsData_logId:3]
6427027,403,1:39:51,0,[StatementsData_logId:3,true]
6427027,405,1:39:52,0,[StatementsData_logId:3]
6427027,406,1:39:53,0,[StatementsData_logId:3,2]
6427027,407,1:39:53,0,[StatementsData_logId:3,FactCardData_id:6]
6427027,407,1:39:53,0,[StatementsData_logId:3,FactCardData_id:7]
6427027,407,1:39:53,0,[StatementsData_logId:3,FactCardData_id:4]
6427027,407,1:39:53,0,[StatementsData_logId:3,FactCardData_id:5]
6427027,407,1:39:53,0,[StatementsData_logId:3,FactCardData_id:0]
6427027,407,1:39:53,0,[StatementsData_logId:3,FactCardData_id:3]
6427027,407,1:39:58,0,[StatementsData_logId:3,FactCardData_id:5]
6427027,407,1:39:58,0,[StatementsData_logId:3,FactCardData_id:5]
6427027,408,1:39:59,0,[StatementsData_logId:3,FactCardData_id:5,false]
6427027,406,1:40:4,0,[StatementsData_logId:3,-2]
6427027,411,1:40:6,0,[StatementsData_logId:3]
6427027,401,1:40:7,0,[StatementsData_logId:4]
6427027,403,1:40:9,0,[StatementsData_logId:4,false]
6427027,405,1:40:10,0,[StatementsData_logId:4]
6427027,406,1:40:10,0,[StatementsData_logId:4,-2]
6427027,411,1:40:12,0,[StatementsData_logId:4]
6427027,401,1:40:13,0,[StatementsData_logId:5]
6427027,402,1:40:15,0,[StatementsData_logId:5,false]
6427027,405,1:40:15,0,[StatementsData_logId:5]
6427027,406,1:40:19,0,[StatementsData_logId:5,-2]
6427027,411,1:40:20,0,[StatementsData_logId:5]
6427027,420,1:40:20,0,[22]
6427027,1000,1:40:21,0,[]
6427027,400,1:40:22,0,[]
6427027,401,1:40:23,0,[StatementsData_logId:0]
6427027,403,1:40:28,0,[StatementsData_logId:0,true]
6427027,405,1:40:29,0,[StatementsData_logId:0]
6427027,406,1:40:34,0,[StatementsData_logId:0,2]
6427027,407,1:40:34,0,[StatementsData_logId:0,FactCardData_id:7]
6427027,407,1:40:34,0,[StatementsData_logId:0,FactCardData_id:5]
6427027,407,1:40:34,0,[StatementsData_logId:0,FactCardData_id:0]
6427027,407,1:40:34,0,[StatementsData_logId:0,FactCardData_id:3]
6427027,407,1:40:34,0,[StatementsData_logId:0,FactCardData_id:6]
6427027,407,1:40:34,0,[StatementsData_logId:0,FactCardData_id:4]
6427027,407,1:40:37,0,[StatementsData_logId:0,FactCardData_id:0]
6427027,407,1:40:37,0,[StatementsData_logId:0,FactCardData_id:0]
6427027,408,1:40:38,0,[StatementsData_logId:0,FactCardData_id:0,false]
6427027,406,1:40:45,0,[StatementsData_logId:0,-2]
6427027,411,1:40:46,0,[StatementsData_logId:0]
6427027,401,1:40:49,0,[StatementsData_logId:1]
6427027,403,1:40:50,0,[StatementsData_logId:1,false]
6427027,405,1:40:50,0,[StatementsData_logId:1]
6427027,406,1:40:52,0,[StatementsData_logId:1,-2]
6427027,411,1:40:54,0,[StatementsData_logId:1]
6427027,401,1:40:56,0,[StatementsData_logId:2]
6427027,404,1:40:57,0,[StatementsData_logId:2,true]
6427027,406,1:40:58,0,[StatementsData_logId:2,2]
6427027,412,1:41:3,0,[StatementsData_logId:2]
6427027,413,1:41:5,0,[StatementsData_logId:2,DuelResponsesData_logId:3]
6427027,414,1:41:6,0,[StatementsData_logId:2,DuelResponsesData_logId:3]
6427027,415,1:41:10,0,[StatementsData_logId:2,DuelResponsesData_logId:3,DuelResponsesData_witty_player_response]
6427027,416,1:41:12,0,[StatementsData_logId:2,DuelResponsesData_logId:3]
6427027,417,1:41:13,0,[StatementsData_logId:2,DuelResponsesData_logId:3]
6427027,413,1:41:15,0,[StatementsData_logId:2,DuelResponsesData_logId:4]
6427027,414,1:41:17,0,[StatementsData_logId:2,DuelResponsesData_logId:4]
6427027,415,1:41:18,0,[StatementsData_logId:2,DuelResponsesData_logId:4,DuelResponsesData_lame_player_response]
6427027,416,1:41:20,0,[StatementsData_logId:2,DuelResponsesData_logId:4]
6427027,417,1:41:21,0,[StatementsData_logId:2,DuelResponsesData_logId:4]
6427027,413,1:41:22,0,[StatementsData_logId:2,DuelResponsesData_logId:5]
6427027,414,1:41:25,0,[StatementsData_logId:2,DuelResponsesData_logId:5]
6427027,415,1:41:31,0,[StatementsData_logId:2,DuelResponsesData_logId:5,DuelResponsesData_ok_player_response]
6427027,416,1:41:31,0,[StatementsData_logId:2,DuelResponsesData_logId:5]
6427027,417,1:41:34,0,[StatementsData_logId:2,DuelResponsesData_logId:5]
6427027,418,1:41:34,0,[StatementsData_logId:2,false]
6427027,419,1:41:36,0,[StatementsData_logId:2,-4]
6427027,411,1:41:37,0,[StatementsData_logId:2]
6427027,401,1:41:39,0,[StatementsData_logId:3]
6427027,403,1:41:44,0,[StatementsData_logId:3,true]
6427027,405,1:41:45,0,[StatementsData_logId:3]
6427027,406,1:41:45,0,[StatementsData_logId:3,2]
6427027,407,1:41:45,0,[StatementsData_logId:3,FactCardData_id:7]
6427027,407,1:41:45,0,[StatementsData_logId:3,FactCardData_id:6]
6427027,407,1:41:45,0,[StatementsData_logId:3,FactCardData_id:4]
6427027,407,1:41:45,0,[StatementsData_logId:3,FactCardData_id:0]
6427027,407,1:41:45,0,[StatementsData_logId:3,FactCardData_id:3]
6427027,407,1:41:45,0,[StatementsData_logId:3,FactCardData_id:5]
6427027,407,1:41:47,0,[StatementsData_logId:3,FactCardData_id:7]
6427027,407,1:41:47,0,[StatementsData_logId:3,FactCardData_id:7]
6427027,408,1:41:49,0,[StatementsData_logId:3,FactCardData_id:7,false]
6427027,406,1:41:51,0,[StatementsData_logId:3,-2]
6427027,411,1:41:52,0,[StatementsData_logId:3]
6427027,401,1:41:53,0,[StatementsData_logId:4]
6427027,402,1:41:56,0,[StatementsData_logId:4,true]
6427027,405,1:41:58,0,[StatementsData_logId:4]
6427027,406,1:41:59,0,[StatementsData_logId:4,2]
6427027,411,1:42:1,0,[StatementsData_logId:4]
6427027,401,1:42:5,0,[StatementsData_logId:5]
6427027,404,1:42:7,0,[StatementsData_logId:5,true]
6427027,406,1:42:8,0,[StatementsData_logId:5,2]
6427027,412,1:42:13,0,[StatementsData_logId:5]
6427027,413,1:42:14,0,[StatementsData_logId:5,DuelResponsesData_logId:9]
6427027,414,1:42:15,0,[StatementsData_logId:5,DuelResponsesData_logId:9]
6427027,415,1:42:18,0,[StatementsData_logId:5,DuelResponsesData_logId:9,DuelResponsesData_witty_player_response]
6427027,416,1:42:19,0,[StatementsData_logId:5,DuelResponsesData_logId:9]
6427027,417,1:42:22,0,[StatementsData_logId:5,DuelResponsesData_logId:9]
6427027,413,1:42:24,0,[StatementsData_logId:5,DuelResponsesData_logId:10]
6427027,414,1:42:27,0,[StatementsData_logId:5,DuelResponsesData_logId:10]
6427027,415,1:42:28,0,[StatementsData_logId:5,DuelResponsesData_logId:10,DuelResponsesData_ok_player_response]
6427027,416,1:42:29,0,[StatementsData_logId:5,DuelResponsesData_logId:10]
6427027,417,1:42:32,0,[StatementsData_logId:5,DuelResponsesData_logId:10]
6427027,413,1:42:33,0,[StatementsData_logId:5,DuelResponsesData_logId:11]
6427027,414,1:42:34,0,[StatementsData_logId:5,DuelResponsesData_logId:11]
6427027,415,1:42:38,0,[StatementsData_logId:5,DuelResponsesData_logId:11,DuelResponsesData_ok_player_response]
6427027,416,1:42:38,0,[StatementsData_logId:5,DuelResponsesData_logId:11]
6427027,417,1:42:42,0,[StatementsData_logId:5,DuelResponsesData_logId:11]
6427027,418,1:42:42,0,[StatementsData_logId:5,true]
6427027,419,1:42:44,0,[StatementsData_logId:5,4]
6427027,411,1:42:45,0,[StatementsData_logId:5]
6427027,420,1:42:45,0,[36]
6427027,1005,1:42:45,0,[0,0,1]
6427027,1001,1:42:47,0,[]
6427027,1003,1:42:47,0
6427027,1003,1:42:57,3
6427027,100,1:43:4,0
6427027,102,1:43:5,0
6427027,200,1:43:5,0,1,2,3,0,6
6427027,210,1:43:17,844,368
6427027,211,1:43:19,1030,169
6427027,210,1:43:26,582,363
6427027,211,1:43:27,272,473
6427027,204,1:43:28,0
6427027,300,1:43:50
6427027,1003,1:43:56,3
6427027,1003,1:43:59,2
6427027,1003,1:44:3,1
6427027,1003,1:44:6,0
6427027,1004,1:44:7,0
6427027,400,1:44:9,0,[]
6427027,401,1:44:11,0,[StatementsData_logId:0]
6427027,402,1:44:12,0,[StatementsData_logId:0,false]
6427027,405,1:44:13,0,[StatementsData_logId:0]
6427027,406,1:44:14,0,[StatementsData_logId:0,-2]
6427027,411,1:44:15,0,[StatementsData_logId:0]
6427027,401,1:44:16,0,[StatementsData_logId:1]
6427027,404,1:44:16,0,[StatementsData_logId:1,false]
6427027,405,1:44:17,0,[StatementsData_logId:1]
6427027,406,1:44:18,0,[StatementsData_logId:1,-2]
6427027,411,1:44:19,0,[StatementsData_logId:1]
6427027,401,1:44:20,0,[StatementsData_logId:2]
6427027,403,1:44:21,0,[StatementsData_logId:2,false]
6427027,405,1:44:21,0,[StatementsData_logId:2]
6427027,406,1:44:22,0,[StatementsData_logId:2,-2]
6427027,411,1:44:23,0,[StatementsData_logId:2]
6427027,401,1:44:24,0,[StatementsData_logId:3]
6427027,402,1:44:25,0,[StatementsData_logId:3,false]
6427027,405,1:44:26,0,[StatementsData_logId:3]
6427027,406,1:44:27,0,[StatementsData_logId:3,-2]
6427027,411,1:44:31,0,[StatementsData_logId:3]
6427027,401,1:44:33,0,[StatementsData_logId:4]
6427027,402,1:44:34,0,[StatementsData_logId:4,true]
6427027,405,1:44:35,0,[StatementsData_logId:4]
6427027,406,1:44:37,0,[StatementsData_logId:4,2]
6427027,411,1:44:38,0,[StatementsData_logId:4]
6427027,401,1:44:39,0,[StatementsData_logId:5]
6427027,404,1:44:41,0,[StatementsData_logId:5,true]
6427027,406,1:44:41,0,[StatementsData_logId:5,2]
6427027,412,1:44:43,0,[StatementsData_logId:5]
6427027,413,1:44:44,0,[StatementsData_logId:5,DuelResponsesData_logId:9]
6427027,414,1:44:47,0,[StatementsData_logId:5,DuelResponsesData_logId:9]
6427027,415,1:44:50,0,[StatementsData_logId:5,DuelResponsesData_logId:9,DuelResponsesData_witty_player_response]
6427027,416,1:44:50,0,[StatementsData_logId:5,DuelResponsesData_logId:9]
6427027,417,1:44:51,0,[StatementsData_logId:5,DuelResponsesData_logId:9]
6427027,413,1:44:52,0,[StatementsData_logId:5,DuelResponsesData_logId:10]
6427027,414,1:44:53,0,[StatementsData_logId:5,DuelResponsesData_logId:10]
6427027,415,1:44:54,0,[StatementsData_logId:5,DuelResponsesData_logId:10,DuelResponsesData_lame_player_response]
6427027,416,1:44:55,0,[StatementsData_logId:5,DuelResponsesData_logId:10]
6427027,417,1:44:56,0,[StatementsData_logId:5,DuelResponsesData_logId:10]
6427027,413,1:44:58,0,[StatementsData_logId:5,DuelResponsesData_logId:11]
6427027,414,1:44:59,0,[StatementsData_logId:5,DuelResponsesData_logId:11]
6427027,415,1:45:1,0,[StatementsData_logId:5,DuelResponsesData_logId:11,DuelResponsesData_lame_player_response]
6427027,416,1:45:2,0,[StatementsData_logId:5,DuelResponsesData_logId:11]
6427027,417,1:45:3,0,[StatementsData_logId:5,DuelResponsesData_logId:11]
6427027,418,1:45:3,0,[StatementsData_logId:5,false]
6427027,419,1:45:5,0,[StatementsData_logId:5,-4]
6427027,411,1:45:9,0,[StatementsData_logId:5]
6427027,420,1:45:9,0,[24]
6427027,1000,1:45:11,0,[]
6427027,400,1:45:11,0,[]
6427027,401,1:45:13,0,[StatementsData_logId:0]
6427027,403,1:45:15,0,[StatementsData_logId:0,true]
6427027,405,1:45:15,0,[StatementsData_logId:0]
6427027,406,1:45:17,0,[StatementsData_logId:0,2]
6427027,407,1:45:17,0,[StatementsData_logId:0,FactCardData_id:7]
6427027,407,1:45:17,0,[StatementsData_logId:0,FactCardData_id:5]
6427027,407,1:45:17,0,[StatementsData_logId:0,FactCardData_id:4]
6427027,407,1:45:17,0,[StatementsData_logId:0,FactCardData_id:0]
6427027,407,1:45:17,0,[StatementsData_logId:0,FactCardData_id:6]
6427027,407,1:45:17,0,[StatementsData_logId:0,FactCardData_id:3]
6427027,407,1:45:20,0,[StatementsData_logId:0,FactCardData_id:5]
6427027,407,1:45:20,0,[StatementsData_logId:0,FactCardData_id:5]
6427027,407,1:45:25,0,[StatementsData_logId:0,FactCardData_id:3]
6427027,407,1:45:25,0,[StatementsData_logId:0,FactCardData_id:5]
6427027,407,1:45:25,0,[StatementsData_logId:0,FactCardData_id:3]
6427027,408,1:45:26,0,[StatementsData_logId:0,FactCardData_id:3,false]
6427027,406,1:45:28,0,[StatementsData_logId:0,-2]
6427027,411,1:45:30,0,[StatementsData_logId:0]
6427027,401,1:45:31,0,[StatementsData_logId:1]
6427027,403,1:45:32,0,[StatementsData_logId:1,false]
6427027,405,1:45:33,0,[StatementsData_logId:1]
6427027,406,1:45:34,0,[StatementsData_logId:1,-2]
6427027,411,1:45:35,0,[StatementsData_logId:1]
6427027,401,1:45:36,0,[StatementsData_logId:2]
6427027,402,1:45:37,0,[StatementsData_logId:2,false]
6427027,405,1:45:38,0,[StatementsData_logId:2]
6427027,406,1:45:40,0,[StatementsData_logId:2,-2]
6427027,411,1:45:41,0,[StatementsData_logId:2]
6427027,401,1:45:42,0,[StatementsData_logId:3]
6427027,404,1:45:43,0,[StatementsData_logId:3,false]
6427027,405,1:45:44,0,[StatementsData_logId:3]
6427027,406,1:45:44,0,[StatementsData_logId:3,-2]
6427027,411,1:45:45,0,[StatementsData_logId:3]
6427027,1002,1:45:48,0
6427027,1003,1:45:48,0
6427027,100,1:46:7,0
6427027,102,1:46:12,0
6427027,200,1:46:12,0,1,2,3,0,6
6427027,210,1:46:15,370,165
6427027,211,1:46:15,349,201
6427027,210,1:46:18,404,503
6427027,211,1:46:19,289,398
6427027,210,1:46:27,289,430
6427027,207,1:46:27,0,-200,0
6427027,211,1:46:29,258,491
6427027,210,1:46:30,208,431
6427027,211,1:46:31,207,480
6427027,213,1:46:31,0,c_crewKid1_M_G7a0,true
6427027,210,1:46:33,690,88
6427027,211,1:46:34,775,152
6427027,213,1:46:34,0,s_shakespearePoster_gen,true
6427027,210,1:46:42,821,341
6427027,211,1:46:43,793,364
6427027,213,1:46:43,0,c_teacherEng_G7a0,true
6427027,205,1:46:43,0,c_teacherEng_G7a0,false,true
6427027,210,1:46:46,800,503
6427027,207,1:46:47,0,0,-165
6427027,207,1:46:48,0,-165,-450
6427027,207,1:46:49,0,-450,-518.45
6427027,211,1:46:51,963,513
6427027,213,1:46:51,0,c_bestFriend_M_a_G7a0,true
6427027,205,1:46:51,0,c_bestFriend_M_a_G7a0,false,true
6427027,210,1:46:56,793,276
6427027,211,1:46:56,820,371
6427027,213,1:46:56,0,c_teacherEng_G7a0,true
6427027,205,1:46:56,0,c_teacherEng_G7a0,false,true
6427027,210,1:47:0,660,571
6427027,211,1:47:1,703,554
6427027,213,1:47:1,0,s_otherStudent1_G7a0,true
6427027,210,1:47:12,598,154
6427027,207,1:47:13,0,-518.45,-278.45
6427027,211,1:47:14,693,543
6427027,213,1:47:14,0,s_otherStudent1_G7a0,true
6427027,210,1:47:17,769,66
6427027,211,1:47:17,769,69
6427027,210,1:47:17,782,84
6427027,211,1:47:18,780,123
6427027,213,1:47:18,0,s_shakespearePoster_gen,true
6427027,204,1:47:27,0
6427027,1003,1:47:36,1
6427027,1003,1:47:41,2
6427027,1004,1:47:42,0
6427027,900,1:47:45,0,[]
6427027,901,1:47:46,0,[PeopleData_id:0]
6427027,902,1:47:47,0,[PeopleData_id:0,PeopleData_data3Type]
6427027,903,1:47:49,0,[PeopleData_id0,PeopleData_data3Type]
6427027,902,1:47:51,0,[PeopleData_id:0,PeopleData_data2Type]
6427027,903,1:47:52,0,[PeopleData_id0,PeopleData_data2Type]
6427027,902,1:47:53,0,[PeopleData_id:0,PeopleData_data1Type]
6427027,903,1:47:54,0,[PeopleData_id0,PeopleData_data1Type]
6427027,902,1:47:55,0,[PeopleData_id:0,PeopleData_data0Type]
6427027,903,1:47:57,0,[PeopleData_id0,PeopleData_data0Type]
6427027,902,1:47:59,0,[PeopleData_id:0,PeopleData_data0Type]
6427027,903,1:48:2,0,[PeopleData_id0,PeopleData_data0Type]
6427027,902,1:48:3,0,[PeopleData_id:0,PeopleData_data1Type]
6427027,903,1:48:5,0,[PeopleData_id0,PeopleData_data1Type]
6427027,902,1:48:6,0,[PeopleData_id:0,PeopleData_data2Type]
6427027,903,1:48:8,0,[PeopleData_id0,PeopleData_data2Type]
6427027,901,1:48:8,0,[PeopleData_id:0]
6427027,904,1:48:9,0,[PeopleData_id:0]
6427027,902,1:48:11,0,[PeopleData_id:0,PeopleData_data2Type]
6427027,903,1:48:13,0,[PeopleData_id0,PeopleData_data2Type]
6427027,902,1:48:14,0,[PeopleData_id:0,PeopleData_data0Type]
6427027,903,1:48:20,0,[PeopleData_id0,PeopleData_data0Type]
6427027,902,1:48:21,0,[PeopleData_id:0,PeopleData_data3Type]
6427027,903,1:48:23,0,[PeopleData_id0,PeopleData_data3Type]
6427027,901,1:48:24,0,[PeopleData_id:0]
6427027,904,1:48:24,0,[PeopleData_id:0]
6427027,905,1:48:25,0,[PeopleData_id:0,RankTypes_id:-1,RankTypes_id:3]
6427027,901,1:48:25,0,[PeopleData_id:2]
6427027,902,1:48:27,0,[PeopleData_id:2,PeopleData_data3Type]
6427027,903,1:48:28,0,[PeopleData_id2,PeopleData_data3Type]
6427027,901,1:48:29,0,[PeopleData_id:1]
6427027,904,1:48:29,0,[PeopleData_id:1]
6427027,901,1:48:30,0,[PeopleData_id:3]
6427027,901,1:48:31,0,[PeopleData_id:4]
6427027,904,1:48:31,0,[PeopleData_id:4]
6427027,902,1:48:32,0,[PeopleData_id:4,PeopleData_data3Type]
6427027,903,1:48:34,0,[PeopleData_id4,PeopleData_data3Type]
6427027,902,1:48:34,0,[PeopleData_id:4,PeopleData_data2Type]
6427027,903,1:48:35,0,[PeopleData_id4,PeopleData_data2Type]
6427027,902,1:48:36,0,[PeopleData_id:4,PeopleData_data1Type]
6427027,903,1:48:37,0,[PeopleData_id4,PeopleData_data1Type]
6427027,902,1:48:38,0,[PeopleData_id:4,PeopleData_data0Type]
6427027,903,1:48:39,0,[PeopleData_id4,PeopleData_data0Type]
6427027,901,1:48:39,0,[PeopleData_id:4]
6427027,904,1:48:39,0,[PeopleData_id:4]
6427027,905,1:48:40,0,[PeopleData_id:4,RankTypes_id:-1,RankTypes_id:0]
6427027,901,1:48:41,0,[PeopleData_id:2]
6427027,902,1:48:42,0,[PeopleData_id:2,PeopleData_data3Type]
6427027,903,1:48:43,0,[PeopleData_id2,PeopleData_data3Type]
6427027,902,1:48:43,0,[PeopleData_id:2,PeopleData_data2Type]
6427027,903,1:48:44,0,[PeopleData_id2,PeopleData_data2Type]
6427027,902,1:48:45,0,[PeopleData_id:2,PeopleData_data0Type]
6427027,903,1:48:46,0,[PeopleData_id2,PeopleData_data0Type]
6427027,902,1:48:47,0,[PeopleData_id:2,PeopleData_data1Type]
6427027,903,1:48:47,0,[PeopleData_id2,PeopleData_data1Type]
6427027,901,1:48:48,0,[PeopleData_id:2]
6427027,904,1:48:48,0,[PeopleData_id:2]
6427027,905,1:48:49,0,[PeopleData_id:2,RankTypes_id:-1,RankTypes_id:0]
6427027,901,1:48:49,0,[PeopleData_id:1]
6427027,902,1:48:50,0,[PeopleData_id:1,PeopleData_data3Type]
6427027,903,1:48:51,0,[PeopleData_id1,PeopleData_data3Type]
6427027,902,1:48:52,0,[PeopleData_id:1,PeopleData_data2Type]
6427027,903,1:48:53,0,[PeopleData_id1,PeopleData_data2Type]
6427027,902,1:48:54,0,[PeopleData_id:1,PeopleData_data1Type]
6427027,903,1:48:55,0,[PeopleData_id1,PeopleData_data1Type]
6427027,902,1:48:55,0,[PeopleData_id:1,PeopleData_data0Type]
6427027,903,1:48:56,0,[PeopleData_id1,PeopleData_data0Type]
6427027,901,1:48:57,0,[PeopleData_id:3]
6427027,902,1:48:58,0,[PeopleData_id:3,PeopleData_data2Type]
6427027,903,1:48:59,0,[PeopleData_id3,PeopleData_data2Type]
6427027,902,1:49:0,0,[PeopleData_id:3,PeopleData_data1Type]
6427027,903,1:49:0,0,[PeopleData_id3,PeopleData_data1Type]
6427027,902,1:49:1,0,[PeopleData_id:3,PeopleData_data0Type]
6427027,903,1:49:2,0,[PeopleData_id3,PeopleData_data0Type]
6427027,901,1:49:2,0,[PeopleData_id:3]
6427027,904,1:49:2,0,[PeopleData_id:3]
6427027,905,1:49:3,0,[PeopleData_id:3,RankTypes_id:-1,RankTypes_id:4]
6427027,901,1:49:4,0,[PeopleData_id:4]
6427027,905,1:49:4,0,[PeopleData_id:4,RankTypes_id:0,RankTypes_id:0]
6427027,901,1:49:6,0,[PeopleData_id:2]
6427027,904,1:49:6,0,[PeopleData_id:2]
6427027,905,1:49:6,0,[PeopleData_id:2,RankTypes_id:0,RankTypes_id:0]
6427027,901,1:49:8,0,[PeopleData_id:1]
6427027,904,1:49:8,0,[PeopleData_id:1]
6427027,901,1:49:10,0,[PeopleData_id:1]
6427027,904,1:49:10,0,[PeopleData_id:1]
6427027,905,1:49:12,0,[PeopleData_id:1,RankTypes_id:-1,RankTypes_id:0]
6427027,906,1:49:12,0,[]
6427027,901,1:49:13,0,[PeopleData_id:1]
6427027,904,1:49:13,0,[PeopleData_id:1]
6427027,905,1:49:13,0,[PeopleData_id:1,RankTypes_id:0,RankTypes_id:1]
6427027,901,1:49:19,0,[PeopleData_id:1]
6427027,904,1:49:19,0,[PeopleData_id:1]
6427027,905,1:49:19,0,[PeopleData_id:1,RankTypes_id:1,RankTypes_id:0]
6427027,901,1:49:20,0,[PeopleData_id:0]
6427027,904,1:49:20,0,[PeopleData_id:0]
6427027,905,1:49:21,0,[PeopleData_id:0,RankTypes_id:3,RankTypes_id:4]
6427027,907,1:49:22,0,[]
6427027,908,1:49:22,0,[InvitationData_id:6,PeopleData_id:0,RankTypes_id:4]
6427027,909,1:49:24,0,[InvitationData_id:6,PeopleData_id:0,RankTypes_id:4,1]
6427027,910,1:49:25,0,[InvitationData_id:6,9,false]
6427027,908,1:49:25,0,[InvitationData_id:0,PeopleData_id:0,RankTypes_id:4]
6427027,909,1:49:26,0,[InvitationData_id:0,PeopleData_id:0,RankTypes_id:4,1]
6427027,910,1:49:27,0,[InvitationData_id:0,9,false]
6427027,908,1:49:27,0,[InvitationData_id:1,PeopleData_id:0,RankTypes_id:4]
6427027,909,1:49:29,0,[InvitationData_id:1,PeopleData_id:0,RankTypes_id:4,1]
6427027,910,1:49:30,0,[InvitationData_id:1,9,false]
6427027,908,1:49:30,0,[InvitationData_id:3,PeopleData_id:3,RankTypes_id:4]
6427027,909,1:49:31,0,[InvitationData_id:3,PeopleData_id:3,RankTypes_id:4,1]
6427027,910,1:49:32,0,[InvitationData_id:3,9,false]
6427027,908,1:49:32,0,[InvitationData_id:8,PeopleData_id:0,RankTypes_id:4]
6427027,909,1:49:33,0,[InvitationData_id:8,PeopleData_id:0,RankTypes_id:4,1]
6427027,910,1:49:33,0,[InvitationData_id:8,9,false]
6427027,911,1:49:35,0,[45,0,0,0]
6427027,1001,1:49:37,0,[]
6427027,1003,1:49:37,2
6427027,1003,1:50:7,2
6427027,1003,1:50:10,1
6427027,1003,1:50:14,1
6427027,1004,1:50:15,0
6427027,800,1:50:18,0,[]
6427027,801,1:50:19,0,[]
6427027,814,1:50:21,0,[0]
6427027,815,1:50:21,0,0,OpportunityCardData_id:0
6427027,815,1:50:23,0,0,OpportunityCardData_id:1
6427027,815,1:50:23,0,0,OpportunityCardData_id:2
6427027,815,1:50:23,0,0,OpportunityCardData_id:3
6427027,816,1:50:24,0,0,OpportunityCardData_id:3
6427027,803,1:50:26,0,[OpportunityCardData_id:3,OpportunityCardConsequencesData_logId:2]
6427027,803,1:50:29,0,[OpportunityCardData_id:3,OpportunityCardConsequencesData_logId:1]
6427027,803,1:50:34,0,[OpportunityCardData_id:3,OpportunityCardConsequencesData_logId:0]
6427027,805,1:50:37,0,[OpportunityCardData_id:3]
6427027,807,1:50:38,0,[OpportunityCardData_id:3]
6427027,808,1:50:43,0,[OpportunityCardData_id:3]
6427027,809,1:50:47,0,[OpportunityCardData_id:3,Safe,false]
6427027,810,1:50:48,0,[OpportunityCardData_id:3,PriorityData_type:0,10,Safe,Safe]
6427027,814,1:50:53,0,[0]
6427027,815,1:50:53,0,0,OpportunityCardData_id:0
6427027,815,1:50:55,0,0,OpportunityCardData_id:1
6427027,815,1:50:56,0,0,OpportunityCardData_id:2
6427027,816,1:51:1,0,0,OpportunityCardData_id:2
6427027,803,1:51:2,0,[OpportunityCardData_id:2,OpportunityCardConsequencesData_logId:0]
6427027,803,1:51:3,0,[OpportunityCardData_id:2,OpportunityCardConsequencesData_logId:1]
6427027,803,1:51:4,0,[OpportunityCardData_id:2,OpportunityCardConsequencesData_logId:2]
6427027,805,1:51:7,0,[OpportunityCardData_id:2]
6427027,807,1:51:7,0,[OpportunityCardData_id:2]
6427027,808,1:51:9,0,[OpportunityCardData_id:2]
6427027,809,1:51:13,0,[OpportunityCardData_id:2,PriorityData_type:2,false]
6427027,810,1:51:14,0,[OpportunityCardData_id:2,PriorityData_type:0,10,PriorityData_type:2,10]
6427027,814,1:51:18,0,[2]
6427027,815,1:51:18,0,2,OpportunityCardData_id:13
6427027,816,1:51:20,0,2,OpportunityCardData_id:13
6427027,803,1:51:22,0,[OpportunityCardData_id:13,OpportunityCardConsequencesData_logId:0]
6427027,803,1:51:23,0,[OpportunityCardData_id:13,OpportunityCardConsequencesData_logId:1]
6427027,803,1:51:23,0,[OpportunityCardData_id:13,OpportunityCardConsequencesData_logId:2]
6427027,805,1:51:25,0,[OpportunityCardData_id:13]
6427027,807,1:51:26,0,[OpportunityCardData_id:13]
6427027,808,1:51:27,0,[OpportunityCardData_id:13]
6427027,809,1:51:32,0,[OpportunityCardData_id:13,PriorityData_type:3,false]
6427027,810,1:51:33,0,[OpportunityCardData_id:13,PriorityData_type:2,15,PriorityData_type:3,10]
6427027,814,1:51:37,0,[3]
6427027,815,1:51:37,0,3,OpportunityCardData_id:19
6427027,815,1:51:38,0,3,OpportunityCardData_id:20
6427027,816,1:51:40,0,3,OpportunityCardData_id:20
6427027,803,1:51:41,0,[OpportunityCardData_id:20,OpportunityCardConsequencesData_logId:0]
6427027,803,1:51:42,0,[OpportunityCardData_id:20,OpportunityCardConsequencesData_logId:1]
6427027,803,1:51:42,0,[OpportunityCardData_id:20,OpportunityCardConsequencesData_logId:2]
6427027,805,1:51:44,0,[OpportunityCardData_id:20]
6427027,807,1:51:45,0,[OpportunityCardData_id:20]
6427027,808,1:51:46,0,[OpportunityCardData_id:20]
6427027,809,1:51:50,0,[OpportunityCardData_id:20,PriorityData_type:2,false]
6427027,810,1:51:51,0,[OpportunityCardData_id:20,PriorityData_type:3,15,PriorityData_type:2,10]
6427027,814,1:51:54,0,[3]
6427027,815,1:51:54,0,3,OpportunityCardData_id:19
6427027,815,1:51:55,0,3,OpportunityCardData_id:21
6427027,815,1:51:56,0,3,OpportunityCardData_id:23
6427027,815,1:51:56,0,3,OpportunityCardData_id:24
6427027,815,1:51:57,0,3,OpportunityCardData_id:23
6427027,815,1:51:57,0,3,OpportunityCardData_id:21
6427027,816,1:51:58,0,3,OpportunityCardData_id:21
6427027,803,1:51:59,0,[OpportunityCardData_id:21,OpportunityCardConsequencesData_logId:0]
6427027,803,1:52:1,0,[OpportunityCardData_id:21,OpportunityCardConsequencesData_logId:1]
6427027,805,1:52:3,0,[OpportunityCardData_id:21]
6427027,807,1:52:4,0,[OpportunityCardData_id:21]
6427027,808,1:52:6,0,[OpportunityCardData_id:21]
6427027,809,1:52:10,0,[OpportunityCardData_id:21,Safe,false]
6427027,810,1:52:11,0,[OpportunityCardData_id:21,PriorityData_type:3,20,Safe,Safe]
6427027,814,1:52:13,0,[2]
6427027,815,1:52:13,0,2,OpportunityCardData_id:14
6427027,815,1:52:15,0,2,OpportunityCardData_id:15
6427027,815,1:52:19,0,2,OpportunityCardData_id:16
6427027,816,1:52:21,0,2,OpportunityCardData_id:16
6427027,803,1:52:22,0,[OpportunityCardData_id:16,OpportunityCardConsequencesData_logId:0]
6427027,803,1:52:23,0,[OpportunityCardData_id:16,OpportunityCardConsequencesData_logId:1]
6427027,805,1:52:23,0,[OpportunityCardData_id:16]
6427027,807,1:52:24,0,[OpportunityCardData_id:16]
6427027,808,1:52:27,0,[OpportunityCardData_id:16]
6427027,809,1:52:31,0,[OpportunityCardData_id:16,PriorityData_type:1,false]
6427027,810,1:52:32,0,[OpportunityCardData_id:16,PriorityData_type:2,5,PriorityData_type:1,10]
6427027,814,1:52:35,0,[1]
6427027,815,1:52:35,0,1,OpportunityCardData_id:7
6427027,816,1:52:36,0,1,OpportunityCardData_id:7
6427027,805,1:52:38,0,[OpportunityCardData_id:7]
6427027,807,1:52:39,0,[OpportunityCardData_id:7]
6427027,808,1:52:41,0,[OpportunityCardData_id:7]
6427027,809,1:52:45,0,[OpportunityCardData_id:7,PriorityData_type:2,false]
6427027,810,1:52:46,0,[OpportunityCardData_id:7,PriorityData_type:1,20,PriorityData_type:2,25]
6427027,814,1:52:50,0,[2]
6427027,815,1:52:50,0,2,OpportunityCardData_id:14
6427027,815,1:52:51,0,2,OpportunityCardData_id:15
6427027,815,1:52:52,0,2,OpportunityCardData_id:17
6427027,816,1:52:53,0,2,OpportunityCardData_id:17
6427027,803,1:52:54,0,[OpportunityCardData_id:17,OpportunityCardConsequencesData_logId:0]
6427027,803,1:52:55,0,[OpportunityCardData_id:17,OpportunityCardConsequencesData_logId:2]
6427027,803,1:52:56,0,[OpportunityCardData_id:17,OpportunityCardConsequencesData_logId:1]
6427027,805,1:52:57,0,[OpportunityCardData_id:17]
6427027,807,1:52:58,0,[OpportunityCardData_id:17]
6427027,808,1:53:0,0,[OpportunityCardData_id:17]
6427027,809,1:53:4,0,[OpportunityCardData_id:17,PriorityData_type:3,false]
6427027,810,1:53:5,0,[OpportunityCardData_id:17,PriorityData_type:2,5,PriorityData_type:3,10]
6427027,811,1:53:8,0,[OpportunityCardData_id:17,PriorityData_type:2,80,50,PriorityData_type:4,70,45]
6427027,1001,1:53:10,0,[]
6427027,1003,1:53:10,1
6427027,100,1:53:39,0
6427027,102,1:53:41,0
6427027,200,1:53:41,0,1,2,3,0,6
6427027,210,1:53:44,820,255
6427027,211,1:53:46,818,354
6427027,213,1:53:46,0,c_teacherEng_G7a0,true
6427027,205,1:53:46,0,c_teacherEng_G7a0,false,true
6427027,210,1:53:50,668,326
6427027,211,1:53:51,788,432
6427027,204,1:53:53,0
6427027,100,1:56:24,0
6427027,102,1:56:28,0
6427027,200,1:56:28,0,1,2,3,0,6
6427027,210,1:56:51,1081,520
6427027,211,1:56:51,1081,520
6427027,210,1:56:51,1074,540
6427027,211,1:56:52,1069,569
6427027,213,1:56:52,0,s_vocabAssignment_G7a0,true
6427027,204,1:56:57,0
6427027,103,2:0:42
6427027,104,2:0:45
6427027,100,2:5:26,0
6427027,102,2:6:22,0
6427027,200,2:6:22,0,1,2,3,0,6
6427027,210,2:6:25,624,438
6427027,211,2:6:25,624,438
6427027,210,2:6:26,452,341
6427027,211,2:6:26,449,345
6427027,210,2:6:26,628,398
6427027,211,2:6:27,632,409
6427027,210,2:6:27,528,268
6427027,211,2:6:27,529,269
6427027,210,2:6:28,526,314
6427027,211,2:6:28,524,304
6427027,210,2:6:28,526,245
6427027,211,2:6:28,526,245
6427027,210,2:6:28,681,402
6427027,211,2:6:28,681,402
6427027,210,2:6:28,672,390
6427027,211,2:6:29,672,390
6427027,210,2:6:29,463,191
6427027,211,2:6:29,460,201
6427027,210,2:6:29,541,331
6427027,211,2:6:29,541,331
6427027,210,2:6:30,692,444
6427027,211,2:6:30,692,447
6427027,210,2:6:30,546,295
6427027,211,2:6:30,546,295
6427027,210,2:6:30,577,295
6427027,211,2:6:30,577,295
6427027,210,2:6:30,719,445
6427027,211,2:6:30,719,445
6427027,210,2:6:31,597,310
6427027,211,2:6:31,597,310
6427027,210,2:6:31,517,369
6427027,211,2:6:31,508,393
6427027,210,2:6:32,570,448
6427027,211,2:6:32,570,448
6427027,210,2:6:32,712,491
6427027,211,2:6:33,694,517
6427027,210,2:6:34,700,521
6427027,211,2:6:34,700,521
6427027,210,2:6:34,722,469
6427027,211,2:6:34,722,469
6427027,210,2:6:35,580,335
6427027,211,2:6:35,583,335
6427027,210,2:6:35,1033,522
6427027,211,2:6:37,1053,583
6427027,213,2:6:37,0,s_vocabAssignment_G7a0,true
6427027,210,2:6:41,451,344
6427027,211,2:6:41,451,344
6427027,210,2:6:41,541,317
6427027,211,2:6:42,541,330
6427027,207,2:6:42,0,-200,-197
6427027,210,2:6:42,683,400
6427027,211,2:6:42,683,400
6427027,210,2:6:44,552,291
6427027,207,2:6:44,0,-197,-204
6427027,211,2:6:44,540,319
6427027,210,2:6:44,687,393
6427027,211,2:6:45,686,393
6427027,210,2:6:45,701,394
6427027,211,2:6:45,696,396
6427027,210,2:6:46,550,276
6427027,211,2:6:46,541,283
6427027,210,2:6:46,548,273
6427027,211,2:6:46,548,273
6427027,210,2:6:47,698,386
6427027,211,2:6:47,698,387
6427027,210,2:6:47,564,262
6427027,211,2:6:48,557,267
6427027,210,2:6:48,696,421
6427027,211,2:6:48,696,421
6427027,210,2:6:49,502,466
6427027,211,2:6:49,508,488
6427027,210,2:6:50,605,442
6427027,211,2:6:50,611,452
6427027,210,2:6:51,628,455
6427027,211,2:6:51,632,467
6427027,210,2:6:52,468,331
6427027,211,2:6:52,463,335
6427027,210,2:6:52,600,328
6427027,211,2:6:53,608,337
6427027,210,2:6:53,465,203
6427027,211,2:6:53,497,209
6427027,210,2:6:56,673,379
6427027,211,2:6:56,667,377
6427027,210,2:6:59,550,407
6427027,211,2:7:1,554,412
6427027,210,2:7:1,564,325
6427027,211,2:7:1,566,329
6427027,207,2:7:7,0,-204,-189
6427027,210,2:7:7,369,175
6427027,211,2:7:7,506,208
6427027,210,2:7:8,305,535
6427027,211,2:7:9,339,571
6427027,204,2:7:15,0
6427027,100,2:7:33,0
6427027,102,2:7:42,0
6427027,200,2:7:42,0,1,2,3,0,6
6427027,210,2:7:46,441,232
6427027,211,2:7:48,685,566
6427027,213,2:7:48,0,s_otherStudent1_G7a0,true
6427027,210,2:7:51,794,361
6427027,211,2:7:52,806,457
6427027,213,2:7:52,0,c_teacherEng_G7a0,true
6427027,205,2:7:52,0,c_teacherEng_G7a0,false,true
6427027,210,2:8:1,1134,332
6427027,207,2:8:2,0,-200,-455
6427027,211,2:8:5,976,557
6427027,213,2:8:6,0,c_bestFriend_M_a_G7a0,true
6427027,205,2:8:6,0,c_bestFriend_M_a_G7a0,false,true
6427027,210,2:8:13,784,362
6427027,211,2:8:14,732,494
6427027,204,2:8:30,0
6427027,1003,2:8:33,2
6427027,300,2:8:35
6427027,302,2:8:50,0,2,1,14
6427027,303,2:8:59,0,2,1,14
6427027,305,2:9:25,0,2,1,5,pets
6427027,302,2:9:54,0,2,2,4
6427027,305,2:10:4,0,2,2,16,home work
6427027,303,2:10:44,0,2,2,16
6427027,305,2:12:12,0,2,2,16,home work
6427027,100,2:13:0,0
6427027,102,2:13:3,0
6427027,200,2:13:3,0,1,2,3,0,6
6427027,210,2:13:7,786,389
6427027,211,2:13:10,828,359
6427027,213,2:13:10,0,c_teacherEng_G7a0,true
6427027,205,2:13:10,0,c_teacherEng_G7a0,false,true
6427027,210,2:13:20,733,410
6427027,207,2:13:22,0,-200,0
6427027,211,2:13:27,1050,492
6427027,207,2:13:27,0,0,-45
6427027,207,2:13:28,0,-45,-105
6427027,210,2:13:28,1034,515
6427027,207,2:13:30,0,-105,-345
6427027,207,2:13:33,0,-345,-405
6427027,211,2:13:35,1276,365
6427027,221,2:13:47,0
6427027,300,2:13:50
6427027,220,2:13:50,0
6427027,210,2:13:58,602,263
6427027,211,2:14:2,587,295
6427027,221,2:14:20,0
6427027,300,2:14:22
6427027,220,2:14:22,0
6427027,302,2:14:40,0,2,2,13
6427027,303,2:14:45,0,2,2,13
6427027,305,2:15:49,0,2,2,16,home work
6427027,204,2:15:53,0
6427027,1003,2:16:1,1
6427027,1003,2:16:8,0
6427027,1004,2:16:10,0
6427027,400,2:16:12,0,[]
6427027,401,2:16:15,0,[StatementsData_logId:0]
6427027,402,2:16:17,0,[StatementsData_logId:0,false]
6427027,405,2:16:19,0,[StatementsData_logId:0]
6427027,406,2:16:20,0,[StatementsData_logId:0,-2]
6427027,411,2:16:22,0,[StatementsData_logId:0]
6427027,401,2:16:26,0,[StatementsData_logId:1]
6427027,404,2:16:28,0,[StatementsData_logId:1,false]
6427027,405,2:16:30,0,[StatementsData_logId:1]
6427027,406,2:16:31,0,[StatementsData_logId:1,-2]
6427027,411,2:16:32,0,[StatementsData_logId:1]
6427027,401,2:16:34,0,[StatementsData_logId:2]
6427027,403,2:16:35,0,[StatementsData_logId:2,false]
6427027,405,2:16:36,0,[StatementsData_logId:2]
6427027,406,2:16:37,0,[StatementsData_logId:2,-2]
6427027,411,2:16:39,0,[StatementsData_logId:2]
6427027,401,2:16:45,0,[StatementsData_logId:3]
6427027,404,2:16:48,0,[StatementsData_logId:3,false]
6427027,405,2:16:49,0,[StatementsData_logId:3]
6427027,406,2:16:50,0,[StatementsData_logId:3,-2]
6427027,411,2:16:51,0,[StatementsData_logId:3]
6427027,401,2:16:53,0,[StatementsData_logId:4]
6427027,402,2:16:53,0,[StatementsData_logId:4,true]
6427027,405,2:16:54,0,[StatementsData_logId:4]
6427027,406,2:16:56,0,[StatementsData_logId:4,2]
6427027,411,2:16:57,0,[StatementsData_logId:4]
6427027,401,2:16:59,0,[StatementsData_logId:5]
6427027,402,2:17:0,0,[StatementsData_logId:5,false]
6427027,405,2:17:1,0,[StatementsData_logId:5]
6427027,406,2:17:2,0,[StatementsData_logId:5,-2]
6427027,411,2:17:3,0,[StatementsData_logId:5]
6427027,420,2:17:3,0,[24]
6427027,1000,2:17:5,0,[]
6427027,400,2:17:5,0,[]
6427027,401,2:17:7,0,[StatementsData_logId:0]
6427027,402,2:17:9,0,[StatementsData_logId:0,false]
6427027,405,2:17:9,0,[StatementsData_logId:0]
6427027,406,2:17:10,0,[StatementsData_logId:0,-2]
6427027,411,2:17:11,0,[StatementsData_logId:0]
6427027,401,2:17:13,0,[StatementsData_logId:1]
6427027,403,2:17:15,0,[StatementsData_logId:1,false]
6427027,405,2:17:16,0,[StatementsData_logId:1]
6427027,406,2:17:16,0,[StatementsData_logId:1,-2]
6427027,411,2:17:18,0,[StatementsData_logId:1]
6427027,401,2:17:19,0,[StatementsData_logId:2]
6427027,404,2:17:20,0,[StatementsData_logId:2,true]
6427027,406,2:17:21,0,[StatementsData_logId:2,2]
6427027,412,2:17:23,0,[StatementsData_logId:2]
6427027,413,2:17:25,0,[StatementsData_logId:2,DuelResponsesData_logId:3]
6427027,414,2:17:28,0,[StatementsData_logId:2,DuelResponsesData_logId:3]
6427027,415,2:17:30,0,[StatementsData_logId:2,DuelResponsesData_logId:3,DuelResponsesData_witty_player_response]
6427027,416,2:17:31,0,[StatementsData_logId:2,DuelResponsesData_logId:3]
6427027,417,2:17:32,0,[StatementsData_logId:2,DuelResponsesData_logId:3]
6427027,413,2:17:33,0,[StatementsData_logId:2,DuelResponsesData_logId:4]
6427027,414,2:17:35,0,[StatementsData_logId:2,DuelResponsesData_logId:4]
6427027,415,2:17:37,0,[StatementsData_logId:2,DuelResponsesData_logId:4,DuelResponsesData_witty_player_response]
6427027,416,2:17:37,0,[StatementsData_logId:2,DuelResponsesData_logId:4]
6427027,417,2:17:39,0,[StatementsData_logId:2,DuelResponsesData_logId:4]
6427027,413,2:17:42,0,[StatementsData_logId:2,DuelResponsesData_logId:5]
6427027,414,2:17:43,0,[StatementsData_logId:2,DuelResponsesData_logId:5]
6427027,415,2:17:45,0,[StatementsData_logId:2,DuelResponsesData_logId:5,DuelResponsesData_ok_player_response]
6427027,416,2:17:46,0,[StatementsData_logId:2,DuelResponsesData_logId:5]
6427027,417,2:17:47,0,[StatementsData_logId:2,DuelResponsesData_logId:5]
6427027,418,2:17:47,0,[StatementsData_logId:2,true]
6427027,419,2:17:50,0,[StatementsData_logId:2,4]
6427027,411,2:17:53,0,[StatementsData_logId:2]
6427027,401,2:17:55,0,[StatementsData_logId:3]
6427027,404,2:17:57,0,[StatementsData_logId:3,false]
6427027,405,2:17:57,0,[StatementsData_logId:3]
6427027,406,2:17:58,0,[StatementsData_logId:3,-2]
6427027,411,2:17:59,0,[StatementsData_logId:3]
6427027,401,2:18:1,0,[StatementsData_logId:4]
6427027,402,2:18:2,0,[StatementsData_logId:4,true]
6427027,405,2:18:3,0,[StatementsData_logId:4]
6427027,406,2:18:5,0,[StatementsData_logId:4,2]
6427027,411,2:18:7,0,[StatementsData_logId:4]
6427027,401,2:18:8,0,[StatementsData_logId:5]
6427027,402,2:18:11,0,[StatementsData_logId:5,false]
6427027,405,2:18:12,0,[StatementsData_logId:5]
6427027,406,2:18:13,0,[StatementsData_logId:5,-2]
6427027,411,2:18:14,0,[StatementsData_logId:5]
6427027,420,2:18:14,0,[32]
6427027,1000,2:18:16,0,[]
6427027,400,2:18:17,0,[]
6427027,401,2:18:18,0,[StatementsData_logId:0]
6427027,404,2:18:19,0,[StatementsData_logId:0,false]
6427027,405,2:18:19,0,[StatementsData_logId:0]
6427027,406,2:18:20,0,[StatementsData_logId:0,-2]
6427027,411,2:18:21,0,[StatementsData_logId:0]
6427027,401,2:18:22,0,[StatementsData_logId:1]
6427027,402,2:18:25,0,[StatementsData_logId:1,true]
6427027,405,2:18:25,0,[StatementsData_logId:1]
6427027,406,2:18:27,0,[StatementsData_logId:1,2]
6427027,411,2:18:28,0,[StatementsData_logId:1]
6427027,401,2:18:30,0,[StatementsData_logId:2]
6427027,404,2:18:33,0,[StatementsData_logId:2,true]
6427027,406,2:18:34,0,[StatementsData_logId:2,2]
6427027,412,2:18:40,0,[StatementsData_logId:2]
6427027,413,2:18:42,0,[StatementsData_logId:2,DuelResponsesData_logId:3]
6427027,414,2:18:42,0,[StatementsData_logId:2,DuelResponsesData_logId:3]
6427027,415,2:18:43,0,[StatementsData_logId:2,DuelResponsesData_logId:3,DuelResponsesData_witty_player_response]
6427027,416,2:18:44,0,[StatementsData_logId:2,DuelResponsesData_logId:3]
6427027,417,2:18:49,0,[StatementsData_logId:2,DuelResponsesData_logId:3]
6427027,413,2:18:50,0,[StatementsData_logId:2,DuelResponsesData_logId:4]
6427027,414,2:18:51,0,[StatementsData_logId:2,DuelResponsesData_logId:4]
6427027,415,2:18:53,0,[StatementsData_logId:2,DuelResponsesData_logId:4,DuelResponsesData_lame_player_response]
6427027,416,2:18:54,0,[StatementsData_logId:2,DuelResponsesData_logId:4]
6427027,417,2:18:56,0,[StatementsData_logId:2,DuelResponsesData_logId:4]
6427027,413,2:18:57,0,[StatementsData_logId:2,DuelResponsesData_logId:5]
6427027,414,2:18:58,0,[StatementsData_logId:2,DuelResponsesData_logId:5]
6427027,415,2:18:59,0,[StatementsData_logId:2,DuelResponsesData_logId:5,DuelResponsesData_witty_player_response]
6427027,416,2:19:0,0,[StatementsData_logId:2,DuelResponsesData_logId:5]
6427027,417,2:19:1,0,[StatementsData_logId:2,DuelResponsesData_logId:5]
6427027,418,2:19:1,0,[StatementsData_logId:2,true]
6427027,419,2:19:4,0,[StatementsData_logId:2,4]
6427027,411,2:19:6,0,[StatementsData_logId:2]
6427027,401,2:19:8,0,[StatementsData_logId:3]
6427027,402,2:19:9,0,[StatementsData_logId:3,false]
6427027,405,2:19:10,0,[StatementsData_logId:3]
6427027,406,2:19:11,0,[StatementsData_logId:3,-2]
6427027,411,2:19:12,0,[StatementsData_logId:3]
6427027,401,2:19:13,0,[StatementsData_logId:4]
6427027,402,2:19:14,0,[StatementsData_logId:4,true]
6427027,405,2:19:15,0,[StatementsData_logId:4]
6427027,406,2:19:18,0,[StatementsData_logId:4,2]
6427027,411,2:19:19,0,[StatementsData_logId:4]
6427027,401,2:19:21,0,[StatementsData_logId:5]
6427027,404,2:19:22,0,[StatementsData_logId:5,true]
6427027,406,2:19:23,0,[StatementsData_logId:5,2]
6427027,412,2:19:26,0,[StatementsData_logId:5]
6427027,413,2:19:28,0,[StatementsData_logId:5,DuelResponsesData_logId:9]
6427027,414,2:19:29,0,[StatementsData_logId:5,DuelResponsesData_logId:9]
6427027,415,2:19:31,0,[StatementsData_logId:5,DuelResponsesData_logId:9,DuelResponsesData_lame_player_response]
6427027,416,2:19:31,0,[StatementsData_logId:5,DuelResponsesData_logId:9]
6427027,417,2:19:32,0,[StatementsData_logId:5,DuelResponsesData_logId:9]
6427027,413,2:19:33,0,[StatementsData_logId:5,DuelResponsesData_logId:10]
6427027,414,2:19:35,0,[StatementsData_logId:5,DuelResponsesData_logId:10]
6427027,415,2:19:36,0,[StatementsData_logId:5,DuelResponsesData_logId:10,DuelResponsesData_witty_player_response]
6427027,416,2:19:37,0,[StatementsData_logId:5,DuelResponsesData_logId:10]
6427027,417,2:19:38,0,[StatementsData_logId:5,DuelResponsesData_logId:10]
6427027,413,2:19:39,0,[StatementsData_logId:5,DuelResponsesData_logId:11]
6427027,414,2:19:40,0,[StatementsData_logId:5,DuelResponsesData_logId:11]
6427027,415,2:19:44,0,[StatementsData_logId:5,DuelResponsesData_logId:11,DuelResponsesData_ok_player_response]
6427027,416,2:19:45,0,[StatementsData_logId:5,DuelResponsesData_logId:11]
6427027,417,2:19:46,0,[StatementsData_logId:5,DuelResponsesData_logId:11]
6427027,418,2:19:46,0,[StatementsData_logId:5,false]
6427027,419,2:19:48,0,[StatementsData_logId:5,-4]
6427027,411,2:19:49,0,[StatementsData_logId:5]
6427027,420,2:19:49,0,[36]
6427027,1001,2:19:51,0,[]
6427027,1003,2:19:51,0
6427027,1004,2:19:53,0
6427027,400,2:19:55,0,[]
6427027,401,2:19:56,0,[StatementsData_logId:0]
6427027,402,2:19:57,0,[StatementsData_logId:0,false]
6427027,405,2:19:58,0,[StatementsData_logId:0]
6427027,406,2:19:59,0,[StatementsData_logId:0,-2]
6427027,411,2:20:0,0,[StatementsData_logId:0]
6427027,401,2:20:1,0,[StatementsData_logId:1]
6427027,404,2:20:2,0,[StatementsData_logId:1,false]
6427027,405,2:20:2,0,[StatementsData_logId:1]
6427027,406,2:20:3,0,[StatementsData_logId:1,-2]
6427027,411,2:20:5,0,[StatementsData_logId:1]
6427027,401,2:20:6,0,[StatementsData_logId:2]
6427027,404,2:20:10,0,[StatementsData_logId:2,true]
6427027,406,2:20:10,0,[StatementsData_logId:2,2]
6427027,412,2:20:14,0,[StatementsData_logId:2]
6427027,413,2:20:15,0,[StatementsData_logId:2,DuelResponsesData_logId:3]
6427027,414,2:20:15,0,[StatementsData_logId:2,DuelResponsesData_logId:3]
6427027,415,2:20:17,0,[StatementsData_logId:2,DuelResponsesData_logId:3,DuelResponsesData_witty_player_response]
6427027,416,2:20:18,0,[StatementsData_logId:2,DuelResponsesData_logId:3]
6427027,417,2:20:19,0,[StatementsData_logId:2,DuelResponsesData_logId:3]
6427027,413,2:20:20,0,[StatementsData_logId:2,DuelResponsesData_logId:4]
6427027,414,2:20:21,0,[StatementsData_logId:2,DuelResponsesData_logId:4]
6427027,415,2:20:23,0,[StatementsData_logId:2,DuelResponsesData_logId:4,DuelResponsesData_lame_player_response]
6427027,416,2:20:23,0,[StatementsData_logId:2,DuelResponsesData_logId:4]
6427027,417,2:20:24,0,[StatementsData_logId:2,DuelResponsesData_logId:4]
6427027,413,2:20:25,0,[StatementsData_logId:2,DuelResponsesData_logId:5]
6427027,414,2:20:26,0,[StatementsData_logId:2,DuelResponsesData_logId:5]
6427027,415,2:20:27,0,[StatementsData_logId:2,DuelResponsesData_logId:5,DuelResponsesData_ok_player_response]
6427027,416,2:20:28,0,[StatementsData_logId:2,DuelResponsesData_logId:5]
6427027,417,2:20:29,0,[StatementsData_logId:2,DuelResponsesData_logId:5]
6427027,418,2:20:29,0,[StatementsData_logId:2,false]
6427027,419,2:20:30,0,[StatementsData_logId:2,-4]
6427027,411,2:20:31,0,[StatementsData_logId:2]
6427027,401,2:20:32,0,[StatementsData_logId:3]
6427027,404,2:20:32,0,[StatementsData_logId:3,false]
6427027,405,2:20:33,0,[StatementsData_logId:3]
6427027,406,2:20:33,0,[StatementsData_logId:3,-2]
6427027,411,2:20:35,0,[StatementsData_logId:3]
6427027,401,2:20:36,0,[StatementsData_logId:4]
6427027,404,2:20:38,0,[StatementsData_logId:4,false]
6427027,405,2:20:39,0,[StatementsData_logId:4]
6427027,406,2:20:40,0,[StatementsData_logId:4,-2]
6427027,411,2:20:41,0,[StatementsData_logId:4]
6427027,401,2:20:42,0,[StatementsData_logId:5]
6427027,404,2:20:42,0,[StatementsData_logId:5,true]
6427027,406,2:20:44,0,[StatementsData_logId:5,2]
6427027,412,2:20:47,0,[StatementsData_logId:5]
6427027,413,2:20:48,0,[StatementsData_logId:5,DuelResponsesData_logId:9]
6427027,414,2:20:49,0,[StatementsData_logId:5,DuelResponsesData_logId:9]
6427027,415,2:20:51,0,[StatementsData_logId:5,DuelResponsesData_logId:9,DuelResponsesData_ok_player_response]
6427027,416,2:20:51,0,[StatementsData_logId:5,DuelResponsesData_logId:9]
6427027,417,2:20:55,0,[StatementsData_logId:5,DuelResponsesData_logId:9]
6427027,413,2:20:56,0,[StatementsData_logId:5,DuelResponsesData_logId:10]
6427027,414,2:20:58,0,[StatementsData_logId:5,DuelResponsesData_logId:10]
6427027,415,2:21:4,0,[StatementsData_logId:5,DuelResponsesData_logId:10,DuelResponsesData_witty_player_response]
6427027,416,2:21:5,0,[StatementsData_logId:5,DuelResponsesData_logId:10]
6427027,417,2:21:6,0,[StatementsData_logId:5,DuelResponsesData_logId:10]
6427027,413,2:21:8,0,[StatementsData_logId:5,DuelResponsesData_logId:11]
6427027,414,2:21:8,0,[StatementsData_logId:5,DuelResponsesData_logId:11]
6427027,415,2:21:11,0,[StatementsData_logId:5,DuelResponsesData_logId:11,DuelResponsesData_witty_player_response]
6427027,416,2:21:12,0,[StatementsData_logId:5,DuelResponsesData_logId:11]
6427027,417,2:21:14,0,[StatementsData_logId:5,DuelResponsesData_logId:11]
6427027,418,2:21:14,0,[StatementsData_logId:5,true]
6427027,419,2:21:16,0,[StatementsData_logId:5,4]
6427027,411,2:21:17,0,[StatementsData_logId:5]
6427027,420,2:21:18,0,[28]
6427027,1000,2:21:19,0,[]
6427027,400,2:21:20,0,[]
6427027,401,2:21:23,0,[StatementsData_logId:0]
6427027,402,2:21:24,0,[StatementsData_logId:0,false]
6427027,405,2:21:25,0,[StatementsData_logId:0]
6427027,406,2:21:25,0,[StatementsData_logId:0,-2]
6427027,411,2:21:27,0,[StatementsData_logId:0]
6427027,401,2:21:28,0,[StatementsData_logId:1]
6427027,403,2:21:29,0,[StatementsData_logId:1,false]
6427027,405,2:21:29,0,[StatementsData_logId:1]
6427027,406,2:21:29,0,[StatementsData_logId:1,-2]
6427027,411,2:21:31,0,[StatementsData_logId:1]
6427027,401,2:21:32,0,[StatementsData_logId:2]
6427027,404,2:21:34,0,[StatementsData_logId:2,true]
6427027,406,2:21:34,0,[StatementsData_logId:2,2]
6427027,412,2:21:38,0,[StatementsData_logId:2]
6427027,413,2:21:39,0,[StatementsData_logId:2,DuelResponsesData_logId:3]
6427027,414,2:21:40,0,[StatementsData_logId:2,DuelResponsesData_logId:3]
6427027,415,2:21:43,0,[StatementsData_logId:2,DuelResponsesData_logId:3,DuelResponsesData_witty_player_response]
6427027,416,2:21:43,0,[StatementsData_logId:2,DuelResponsesData_logId:3]
6427027,417,2:21:44,0,[StatementsData_logId:2,DuelResponsesData_logId:3]
6427027,413,2:21:45,0,[StatementsData_logId:2,DuelResponsesData_logId:4]
6427027,414,2:21:46,0,[StatementsData_logId:2,DuelResponsesData_logId:4]
6427027,415,2:21:48,0,[StatementsData_logId:2,DuelResponsesData_logId:4,DuelResponsesData_lame_player_response]
6427027,416,2:21:49,0,[StatementsData_logId:2,DuelResponsesData_logId:4]
6427027,417,2:21:49,0,[StatementsData_logId:2,DuelResponsesData_logId:4]
6427027,413,2:21:50,0,[StatementsData_logId:2,DuelResponsesData_logId:5]
6427027,414,2:21:51,0,[StatementsData_logId:2,DuelResponsesData_logId:5]
6427027,415,2:21:55,0,[StatementsData_logId:2,DuelResponsesData_logId:5,DuelResponsesData_ok_player_response]
6427027,416,2:21:56,0,[StatementsData_logId:2,DuelResponsesData_logId:5]
6427027,417,2:21:57,0,[StatementsData_logId:2,DuelResponsesData_logId:5]
6427027,418,2:21:57,0,[StatementsData_logId:2,false]
6427027,419,2:22:0,0,[StatementsData_logId:2,-4]
6427027,411,2:22:1,0,[StatementsData_logId:2]
6427027,401,2:22:2,0,[StatementsData_logId:3]
6427027,404,2:22:4,0,[StatementsData_logId:3,false]
6427027,405,2:22:5,0,[StatementsData_logId:3]
6427027,406,2:22:5,0,[StatementsData_logId:3,-2]
6427027,411,2:22:6,0,[StatementsData_logId:3]
6427027,401,2:22:8,0,[StatementsData_logId:4]
6427027,403,2:22:8,0,[StatementsData_logId:4,false]
6427027,405,2:22:9,0,[StatementsData_logId:4]
6427027,406,2:22:9,0,[StatementsData_logId:4,-2]
6427027,411,2:22:11,0,[StatementsData_logId:4]
6427027,401,2:22:11,0,[StatementsData_logId:5]
6427027,402,2:22:12,0,[StatementsData_logId:5,false]
6427027,405,2:22:12,0,[StatementsData_logId:5]
6427027,406,2:22:13,0,[StatementsData_logId:5,-2]
6427027,411,2:22:15,0,[StatementsData_logId:5]
6427027,420,2:22:15,0,[20]
6427027,1001,2:22:17,0,[]
6427027,1003,2:22:17,0
6427027,1003,2:22:54,3
6427027,103,2:23:17
6427027,105,2:23:19
6427027,703,2:23:21,[|| EpilogueItem ID: 0 unlocked: false ||,|| EpilogueItem ID: 1 unlocked: false ||,|| EpilogueItem ID: 2 unlocked: false ||,|| EpilogueItem ID: 3 unlocked: false ||,|| EpilogueItem ID: 4 unlocked: false ||,|| EpilogueItem ID: 5 unlocked: false ||,|| EpilogueItem ID: 6 unlocked: false ||,|| EpilogueItem ID: 7 unlocked: false ||,|| EpilogueItem ID: 8 unlocked: false ||,|| EpilogueItem ID: 9 unlocked: false ||,|| EpilogueItem ID: 10 unlocked: false ||,|| EpilogueItem ID: 11 unlocked: false ||,|| EpilogueItem ID: 12 unlocked: false ||,|| EpilogueItem ID: 13 unlocked: false ||,|| EpilogueItem ID: 14 unlocked: false ||,|| EpilogueItem ID: 15 unlocked: false ||,|| EpilogueItem ID: 16 unlocked: false ||,|| EpilogueItem ID: 17 unlocked: false ||,|| EpilogueItem ID: 18 unlocked: false ||,|| EpilogueItem ID: 19 unlocked: false ||,|| EpilogueItem ID: 20 unlocked: false ||,|| EpilogueItem ID: 21 unlocked: false ||,|| EpilogueItem ID: 22 unlocked: false ||,|| EpilogueItem ID: 23 unlocked: false ||,|| EpilogueItem ID: 24 unlocked: false ||],0
6427027,706,2:23:25,(x=1454, y=-100, w=1024, h=768),(x=2531, y=-100, w=1024, h=768)
6427027,708,2:23:25
6427027,1,2:23:25,10/23/2013 5:47:17pm,{"gameTime":8605216,"challengeStacks":[{"challengeScenes":[{"miniGameCards":[],"viewedAnimatic":true,"keyPoints":["c_teacherEng_G7a0","c_bestFriend_M_a_G7a0"],"unlocked":true,"touchableObjects":["s_otherStudent1_G7a0","s_vocabAssignment_G7a0","c_crewKid1_M_G7a0","s_doorClassroom_G7a0","s_poePoster_gen","s_clock_G7a0","c_friend1_M_a_G7a0","c_teacherEng_G7a0","s_shakespearePoster_gen","s_angelouPoster_gen","c_bestFriend_M_a_G7a0"]},{"miniGameCards":[],"viewedAnimatic":true,"keyPoints":["c_teacherEng_G7a1N"],"unlocked":true,"touchableObjects":["c_teacherEng_G7a1N"]},{"miniGameCards":[],"viewedAnimatic":false,"keyPoints":[],"unlocked":false,"touchableObjects":[]}],"stackSize":3,"resolved":false},{"challengeScenes":[{"miniGameCards":[],"viewedAnimatic":false,"keyPoints":[],"unlocked":false,"touchableObjects":[]},{"miniGameCards":[],"viewedAnimatic":false,"keyPoints":[],"unlocked":false,"touchableObjects":[]},{"miniGameCards":[],"viewedAnimatic":false,"keyPoints":[],"unlocked":false,"touchableObjects":[]},{"miniGameCards":[],"viewedAnimatic":false,"keyPoints":[],"unlocked":false,"touchableObjects":[]},{"miniGameCards":[],"viewedAnimatic":false,"keyPoints":[],"unlocked":false,"touchableObjects":[]}],"stackSize":5,"resolved":false},{"challengeScenes":[{"miniGameCards":[],"viewedAnimatic":false,"keyPoints":[],"unlocked":false,"touchableObjects":[]},{"miniGameCards":[],"viewedAnimatic":false,"keyPoints":[],"unlocked":false,"touchableObjects":[]},{"miniGameCards":[],"viewedAnimatic":false,"keyPoints":[],"unlocked":false,"touchableObjects":[]},{"miniGameCards":[],"viewedAnimatic":false,"keyPoints":[],"unlocked":false,"touchableObjects":[]},{"miniGameCards":[],"viewedAnimatic":false,"keyPoints":[],"unlocked":false,"touchableObjects":[]},{"miniGameCards":[],"viewedAnimatic":false,"keyPoints":[],"unlocked":false,"touchableObjects":[]},{"miniGameCards":[],"viewedAnimatic":false,"keyPoints":[],"unlocked":false,"touchableObjects":[]}],"stackSize":7,"resolved":false},{"challengeScenes":[{"miniGameCards":[],"viewedAnimatic":false,"keyPoints":[],"unlocked":false,"touchableObjects":[]},{"miniGameCards":[],"viewedAnimatic":false,"keyPoints":[],"unlocked":false,"touchableObjects":[]},{"miniGameCards":[],"viewedAnimatic":false,"keyPoints":[],"unlocked":false,"touchableObjects":[]},{"miniGameCards":[],"viewedAnimatic":false,"keyPoints":[],"unlocked":false,"touchableObjects":[]},{"miniGameCards":[],"viewedAnimatic":false,"keyPoints":[],"unlocked":false,"touchableObjects":[]}],"stackSize":5,"resolved":false},{"challengeScenes":[{"miniGameCards":[],"viewedAnimatic":false,"keyPoints":[],"unlocked":false,"touchableObjects":[]},{"miniGameCards":[],"viewedAnimatic":false,"keyPoints":[],"unlocked":false,"touchableObjects":[]},{"miniGameCards":[],"viewedAnimatic":false,"keyPoints":[],"unlocked":false,"touchableObjects":[]},{"miniGameCards":[],"viewedAnimatic":false,"keyPoints":[],"unlocked":false,"touchableObjects":[]},{"miniGameCards":[],"viewedAnimatic":false,"keyPoints":[],"unlocked":false,"touchableObjects":[]}],"stackSize":5,"resolved":false},{"challengeScenes":[{"miniGameCards":[],"viewedAnimatic":false,"keyPoints":[],"unlocked":false,"touchableObjects":[]},{"miniGameCards":[],"viewedAnimatic":false,"keyPoints":[],"unlocked":false,"touchableObjects":[]},{"miniGameCards":[],"viewedAnimatic":false,"keyPoints":[],"unlocked":false,"touchableObjects":[]},{"miniGameCards":[],"viewedAnimatic":false,"keyPoints":[],"unlocked":false,"touchableObjects":[]},{"miniGameCards":[],"viewedAnimatic":false,"keyPoints":[],"unlocked":false,"touchableObjects":[]}],"stackSize":5,"resolved":false},{"challengeScenes":[{"miniGameCards":[],"viewedAnimatic":false,"keyPoints":[],"unlocked":false,"touchableObjects":[]},{"miniGameCards":[],"viewedAnimatic":false,"keyPoints":[],"unlocked":false,"touchableObjects":[]},{"miniGameCards":[],"viewedAnimatic":false,"keyPoints":[],"unlocked":false,"touchableObjects":[]},{"miniGameCards":[],"viewedAnimatic":false,"keyPoints":[],"unlocked":false,"touchableObjects":[]},{"miniGameCards":[],"viewedAnimatic":false,"keyPoints":[],"unlocked":false,"touchableObjects":[]}],"stackSize":5,"resolved":false},{"challengeScenes":[{"miniGameCards":[],"viewedAnimatic":false,"keyPoints":[],"unlocked":false,"touchableObjects":[]},{"miniGameCards":[],"viewedAnimatic":false,"keyPoints":[],"unlocked":false,"touchableObjects":[]},{"miniGameCards":[],"viewedAnimatic":false,"keyPoints":[],"unlocked":false,"touchableObjects":[]},{"miniGameCards":[],"viewedAnimatic":false,"keyPoints":[],"unlocked":false,"touchableObjects":[]},{"miniGameCards":[],"viewedAnimatic":false,"keyPoints":[],"unlocked":false,"touchableObjects":[]}],"stackSize":5,"resolved":false},{"challengeScenes":[{"miniGameCards":[],"viewedAnimatic":false,"keyPoints":[],"unlocked":false,"touchableObjects":[]},{"miniGameCards":[],"viewedAnimatic":false,"keyPoints":[],"unlocked":false,"touchableObjects":[]},{"miniGameCards":[],"viewedAnimatic":false,"keyPoints":[],"unlocked":false,"touchableObjects":[]},{"miniGameCards":[],"viewedAnimatic":false,"keyPoints":[],"unlocked":false,"touchableObjects":[]},{"miniGameCards":[],"viewedAnimatic":false,"keyPoints":[],"unlocked":false,"touchableObjects":[]}],"stackSize":5,"resolved":false},{"challengeScenes":[{"miniGameCards":[],"viewedAnimatic":false,"keyPoints":[],"unlocked":false,"touchableObjects":[]},{"miniGameCards":[],"viewedAnimatic":false,"keyPoints":[],"unlocked":false,"touchableObjects":[]},{"miniGameCards":[],"viewedAnimatic":false,"keyPoints":[],"unlocked":false,"touchableObjects":[]},{"miniGameCards":[],"viewedAnimatic":false,"keyPoints":[],"unlocked":false,"touchableObjects":[]},{"miniGameCards":[],"viewedAnimatic":false,"keyPoints":[],"unlocked":false,"touchableObjects":[]}],"stackSize":5,"resolved":false},{"challengeScenes":[{"miniGameCards":[],"viewedAnimatic":false,"keyPoints":[],"unlocked":false,"touchableObjects":[]},{"miniGameCards":[],"viewedAnimatic":false,"keyPoints":[],"unlocked":false,"touchableObjects":[]},{"miniGameCards":[],"viewedAnimatic":false,"keyPoints":[],"unlocked":false,"touchableObjects":[]},{"miniGameCards":[],"viewedAnimatic":false,"keyPoints":[],"unlocked":false,"touchableObjects":[]},{"miniGameCards":[],"viewedAnimatic":false,"keyPoints":[],"unlocked":false,"touchableObjects":[]}],"stackSize":5,"resolved":false},{"challengeScenes":[{"miniGameCards":[],"viewedAnimatic":false,"keyPoints":[],"unlocked":false,"touchableObjects":[]},{"miniGameCards":[],"viewedAnimatic":false,"keyPoints":[],"unlocked":false,"touchableObjects":[]},{"miniGameCards":[],"viewedAnimatic":false,"keyPoints":[],"unlocked":false,"touchableObjects":[]},{"miniGameCards":[],"viewedAnimatic":false,"keyPoints":[],"unlocked":false,"touchableObjects":[]},{"miniGameCards":[],"viewedAnimatic":false,"keyPoints":[],"unlocked":false,"touchableObjects":[]}],"stackSize":5,"resolved":false},{"challengeScenes":[{"miniGameCards":[],"viewedAnimatic":false,"keyPoints":[],"unlocked":true,"touchableObjects":["c_family_cauc_a_G0a0","c_friends_G0a0"]},{"miniGameCards":[],"viewedAnimatic":false,"keyPoints":["c_family_cauc_a_G0a1N","c_home_G0a1N","c_job_G0a1N"],"unlocked":true,"touchableObjects":["c_family_cauc_a_G0a1N","c_home_G0a1N","c_job_G0a1N"]},{"miniGameCards":[],"viewedAnimatic":false,"keyPoints":["c_Nurse_G0a1P","c_dad_cauc_a_G0a1P","c_kidsister_cauc_a_G0a1P","c_grandma_cauc_a_G0a1P","c_Teacher_G0a1P","c_mom_cauc_a_G0a1P"],"unlocked":true,"touchableObjects":["c_cousins_M_a_G0a1P","c_friends_G0a1P","c_Nurse_G0a1P","c_dad_cauc_a_G0a1P","c_kidsister_cauc_a_G0a1P","c_grandma_cauc_a_G0a1P","c_Teacher_G0a1P","c_mom_cauc_a_G0a1P"]}],"stackSize":3,"resolved":true}],"sessionId":2,"epilogue":{"rating":0},"playerId":6427027,"session":[{"sceneId":"1P","stackId":12}],"minigames":[{"levelSaveData":[{"starRating":1,"unlocked":true},{"starRating":0,"unlocked":false},{"starRating":0,"unlocked":false},{"starRating":0,"unlocked":false},{"starRating":0,"unlocked":false},{"starRating":0,"unlocked":false},{"starRating":0,"unlocked":false},{"starRating":0,"unlocked":false},{"starRating":0,"unlocked":false},{"starRating":0,"unlocked":false}],"skillPoints":1},{"levelSaveData":[{"starRating":2,"unlocked":true},{"starRating":0,"unlocked":false},{"starRating":0,"unlocked":false},{"starRating":0,"unlocked":false},{"starRating":0,"unlocked":false},{"starRating":0,"unlocked":false},{"starRating":0,"unlocked":false},{"starRating":0,"unlocked":false},{"starRating":0,"unlocked":false},{"starRating":0,"unlocked":false}],"skillPoints":2},{"levelSaveData":[{"starRating":3,"unlocked":true},{"starRating":0,"unlocked":false},{"starRating":0,"unlocked":false},{"starRating":0,"unlocked":false},{"starRating":0,"unlocked":false},{"starRating":0,"unlocked":false},{"starRating":0,"unlocked":false},{"starRating":0,"unlocked":false},{"starRating":0,"unlocked":false},{"starRating":0,"unlocked":false}],"skillPoints":3},{"levelSaveData":[{"starRating":0,"unlocked":false},{"starRating":0,"unlocked":false},{"starRating":0,"unlocked":false},{"starRating":0,"unlocked":false},{"starRating":0,"unlocked":false},{"starRating":0,"unlocked":false},{"starRating":0,"unlocked":false},{"starRating":0,"unlocked":false},{"starRating":0,"unlocked":false},{"starRating":0,"unlocked":false}],"skillPoints":0},{"age":12,"name":"jalen","gender":0,"levelSaveData":[{"starRating":3,"unlocked":true},{"starRating":3,"chunks":[["1"],["1$$good","1$$fun"],["13$$books","5$$pets","16$$home work"],["3"]],"unlocked":true},{"starRating":0,"chunks":[[null],[null,null],[null,null]],"unlocked":false},{"starRating":0,"chunks":[[null],[null],[null],[null],[null,null],[null]],"unlocked":false},{"starRating":0,"chunks":[[null],[null],[null,null],[null],[null],[null]],"unlocked":false},{"starRating":0,"chunks":[[null],[null,null,null,null],[null],[null]],"unlocked":false},{"starRating":0,"chunks":[[null],[null],[null,null],[null,null],[null]],"unlocked":false},{"starRating":0,"chunks":[[null,null,null],[null,null,null],[null],[null],[null]],"unlocked":false},{"starRating":0,"chunks":[[null,null,null],[null,null,null],[null,null]],"unlocked":false},{"starRating":0,"chunks":[[null],[null],[null],[null],[null],[null]],"unlocked":false}],"visualAvatar":0,"id":1,"skillPoints":6}],"avatar":{"age":12,"name":"jalen","gender":0,"levelSaveData":[{"starRating":3,"unlocked":true},{"starRating":3,"chunks":[["1"],["1$$good","1$$fun"],["13$$books","5$$pets","16$$home work"],["3"]],"unlocked":true},{"starRating":0,"chunks":[[null],[null,null],[null,null]],"unlocked":false},{"starRating":0,"chunks":[[null],[null],[null],[null],[null,null],[null]],"unlocked":false},{"starRating":0,"chunks":[[null],[null],[null,null],[null],[null],[null]],"unlocked":false},{"starRating":0,"chunks":[[null],[null,null,null,null],[null],[null]],"unlocked":false},{"starRating":0,"chunks":[[null],[null],[null,null],[null,null],[null]],"unlocked":false},{"starRating":0,"chunks":[[null,null,null],[null,null,null],[null],[null],[null]],"unlocked":false},{"starRating":0,"chunks":[[null,null,null],[null,null,null],[null,null]],"unlocked":false},{"starRating":0,"chunks":[[null],[null],[null],[null],[null],[null]],"unlocked":false}],"visualAvatar":0,"id":1,"skillPoints":6}}
