6427035,0,0:0:0,12/31/1969 11:24:06pm
6427035,600,0:0:5,0
6427035,601,0:0:6,1
6427035,602,0:0:8,0,1
6427035,603,0:0:11,2
6427035,603,0:0:12,1
6427035,604,0:0:50,1,angelis123
6427035,605,0:0:58
6427035,210,0:2:10,698,474
6427035,211,0:2:17,431,355
6427035,212,0:2:17,0
6427035,210,0:2:18,615,287
6427035,211,0:2:21,600,237
6427035,213,0:2:21,12,c_education_G0a0,true
6427035,210,0:2:51,644,401
6427035,211,0:2:51,644,401
6427035,210,0:2:52,652,369
6427035,211,0:2:54,1412,359
6427035,207,0:2:54,12,0,-405
6427035,210,0:2:55,1456,386
6427035,207,0:2:56,12,-405,-1035
6427035,207,0:2:57,12,-1035,-1035
6427035,211,0:2:57,2027,384
6427035,207,0:2:57,12,-1035,-1035
6427035,212,0:3:1,2
6427035,210,0:3:10,438,408
6427035,211,0:3:13,638,565
6427035,212,0:3:28,0
6427035,210,0:3:29,635,395
6427035,211,0:3:30,638,222
6427035,213,0:3:30,12,c_job_G0a1N,true
6427035,205,0:3:30,12,c_job_G0a1N,false,false
6427035,210,0:3:36,816,299
6427035,207,0:3:38,12,0,-420
6427035,211,0:3:38,1374,358
6427035,212,0:3:40,2
6427035,210,0:3:41,1107,129
6427035,211,0:3:43,1105,184
6427035,213,0:3:43,12,c_family_cauc_a_G0a1N,true
6427035,205,0:3:43,12,c_family_cauc_a_G0a1N,false,false
6427035,212,0:3:47,1
6427035,210,0:3:48,1164,531
6427035,211,0:3:48,1154,486
6427035,213,0:3:48,12,c_home_G0a1N,true
6427035,205,0:3:48,12,c_home_G0a1N,false,false
6427035,210,0:3:54,1336,403
6427035,211,0:3:54,1652,391
6427035,207,0:3:54,12,-420,-645
6427035,210,0:3:56,1678,371
6427035,207,0:3:56,12,-645,-813
6427035,211,0:3:56,1801,372
6427035,210,0:3:57,1827,367
6427035,211,0:3:58,1833,363
6427035,210,0:4:1,1591,486
6427035,211,0:4:1,1591,486
6427035,210,0:4:2,1606,501
6427035,211,0:4:3,1602,549
6427035,221,0:4:15,12
6427035,220,0:4:53,12
6427035,210,0:5:0,426,332
6427035,211,0:5:1,644,251
6427035,210,0:5:3,497,311
6427035,211,0:5:4,301,547
6427035,207,0:5:6,12,0,-30
6427035,210,0:5:6,974,437
6427035,211,0:5:7,1465,427
6427035,207,0:5:7,12,-30,-465
6427035,210,0:5:9,1183,403
6427035,211,0:5:10,1181,432
6427035,213,0:5:10,12,c_friends_G0a0,true
6427035,221,0:5:17,12
6427035,220,0:5:18,12
6427035,212,0:5:19,2
6427035,210,0:5:20,625,459
6427035,211,0:5:21,886,192
6427035,210,0:5:24,694,422
6427035,211,0:5:27,652,464
6427035,213,0:5:27,12,c_cousins_F_a_G0a1P,true
6427035,210,0:5:56,787,447
6427035,211,0:5:58,688,415
6427035,213,0:5:58,12,c_cousins_F_a_G0a1P,true
6427035,212,0:6:8,1
6427035,210,0:6:9,737,496
6427035,211,0:6:10,691,447
6427035,213,0:6:10,12,c_cousins_F_a_G0a1P,true
6427035,210,0:6:14,993,439
6427035,211,0:6:15,1302,440
6427035,207,0:6:15,12,0,-285
6427035,210,0:6:16,1000,440
6427035,211,0:6:17,1005,444
6427035,213,0:6:17,12,c_friends_G0a1P,true
6427035,212,0:6:49,0
6427035,210,0:6:51,1343,180
6427035,207,0:6:51,12,-285,-555
6427035,211,0:6:55,1309,267
6427035,213,0:6:55,12,c_Nurse_G0a1P,true
6427035,205,0:6:55,12,c_Nurse_G0a1P,false,false
6427035,212,0:7:2,2
6427035,212,0:7:21,0
6427035,210,0:7:22,1374,416
6427035,211,0:7:24,1334,530
6427035,213,0:7:24,12,c_friends_G0a1P,true
6427035,221,0:7:28,12
6427035,220,0:7:32,12
6427035,212,0:7:34,2
6427035,210,0:7:34,1392,496
6427035,211,0:7:41,1461,457
6427035,213,0:7:41,12,c_friends_G0a1P,true
6427035,210,0:7:46,1387,131
6427035,211,0:7:47,1386,153
6427035,213,0:7:47,12,c_Teacher_G0a1P,true
6427035,205,0:7:47,12,c_Teacher_G0a1P,false,false
6427035,207,0:7:51,12,-555,-600
6427035,210,0:7:51,1466,457
6427035,207,0:7:52,12,-600,-885
6427035,211,0:7:53,1585,389
6427035,213,0:7:53,12,c_grandma_cauc_a_G0a1P,true
6427035,205,0:7:53,12,c_grandma_cauc_a_G0a1P,false,false
6427035,213,0:7:56,12,c_friends_G0a1P,true
6427035,210,0:7:59,1780,176
6427035,207,0:8:0,12,-885,-1110
6427035,211,0:8:2,1851,516
6427035,213,0:8:2,12,c_kidsister_cauc_a_G0a1P,true
6427035,205,0:8:2,12,c_kidsister_cauc_a_G0a1P,false,false
6427035,212,0:8:12,1
6427035,210,0:8:13,1713,204
6427035,211,0:8:14,1764,201
6427035,213,0:8:14,12,c_dad_cauc_a_G0a1P,true
6427035,205,0:8:14,12,c_dad_cauc_a_G0a1P,false,false
6427035,210,0:8:18,1860,256
6427035,211,0:8:19,1870,256
6427035,213,0:8:19,12,c_mom_cauc_a_G0a1P,true
6427035,205,0:8:19,12,c_mom_cauc_a_G0a1P,false,false
6427035,210,0:8:24,1450,459
6427035,207,0:8:29,12,-1110,-225
6427035,211,0:8:30,686,379
6427035,213,0:8:30,12,c_cousins_F_a_G0a1P,true
6427035,221,0:8:33,12
6427035,220,0:8:41,12
6427035,221,0:9:9,12
6427035,300,0:9:12
6427035,220,0:9:12,12
6427035,302,0:9:17,0,1,0,0
6427035,303,0:9:27,0,1,0,0
6427035,304,0:9:59,0,1,0,-1,,0,happyness
6427035,305,0:10:8,0,1,1,-1,
6427035,302,0:10:10,0,1,1,0
6427035,303,0:10:20,0,1,1,0
6427035,304,0:11:37,0,1,1,-1,,0,I FEEL IN LOVE
6427035,302,0:11:47,0,3,0,0
6427035,302,0:11:50,0,3,0,3
6427035,302,0:12:3,0,3,0,1
6427035,302,0:12:5,0,3,0,0
6427035,302,0:12:8,0,3,0,3
6427035,306,0:12:10,0,0,1
6427035,304,0:12:10,0,3,0,-1,,3,
6427035,302,0:12:25,0,0,0,1
6427035,304,0:12:27,0,0,0,-1,,1,
6427035,305,0:12:32,0,2,0,-1,
6427035,302,0:12:37,0,2,0,2
6427035,302,0:12:39,0,2,0,1
6427035,303,0:12:42,0,2,0,1
6427035,306,0:12:51,0,1,2
6427035,304,0:12:51,0,2,0,-1,,1,kindness
6427035,302,0:12:57,0,2,1,0
6427035,303,0:13:1,0,2,1,0
6427035,304,0:13:9,0,2,1,-1,,0,family
6427035,304,0:13:32,0,2,1,0,family,0,family
6427035,302,0:13:37,0,2,2,6
6427035,303,0:13:42,0,2,2,6
6427035,306,0:15:42,0,2,3
6427035,304,0:15:42,0,2,2,-1,,6,I LOVE GOOD MU
6427035,221,0:16:53,12
6427035,220,0:16:56,12
6427035,203,0:16:56,12
6427035,100,0:17:4,0
6427035,102,0:17:5,0
6427035,200,0:17:5,0,0,0,0,0,6
6427035,219,0:17:5,0
6427035,216,0:17:7,Stack_G7a0
6427035,217,0:17:26,Stack_G7a0,19,13
6427035,216,0:17:29,Stack_G7a0
6427035,217,0:18:6,Stack_G7a0,30,1.4
6427035,218,0:18:9,0
6427035,210,0:18:12,1075,516
6427035,211,0:18:12,1077,523
6427035,210,0:18:12,1077,544
6427035,211,0:18:13,1089,586
6427035,213,0:18:13,0,s_vocabAssignment_G7a0,true
6427035,210,0:18:21,915,500
6427035,211,0:18:22,969,521
6427035,213,0:18:22,0,c_bestFriend_F_a_G7a0,false
6427035,212,0:18:28,1
6427035,210,0:18:29,720,509
6427035,207,0:18:32,0,-200,-110
6427035,207,0:18:33,0,-110,-275
6427035,207,0:18:34,0,-275,-518.45
6427035,211,0:18:36,1323,582
6427035,212,0:18:37,0
6427035,210,0:18:38,1447,504
6427035,211,0:18:41,1231,339
6427035,213,0:18:41,0,s_doorClassroom_G7a0,true
6427035,212,0:18:46,1
6427035,210,0:18:47,1209,368
6427035,211,0:18:48,1234,315
6427035,213,0:18:48,0,s_doorClassroom_G7a0,true
6427035,210,0:18:52,1180,288
6427035,211,0:18:55,691,142
6427035,213,0:18:55,0,s_angelouPoster_gen,true
6427035,210,0:19:0,769,129
6427035,211,0:19:1,774,143
6427035,213,0:19:1,0,s_shakespearePoster_gen,true
6427035,210,0:19:7,962,202
6427035,211,0:19:9,872,123
6427035,213,0:19:9,0,s_poePoster_gen,true
6427035,210,0:19:18,599,99
6427035,211,0:19:19,606,146
6427035,213,0:19:19,0,s_atwoodPoster_gen,true
6427035,210,0:19:24,1102,241
6427035,207,0:19:27,0,-518.45,-188.45
6427035,207,0:19:29,0,-188.45,0
6427035,211,0:19:30,254,162
6427035,213,0:19:30,0,s_flag_gen,false
6427035,210,0:19:36,348,381
6427035,211,0:19:41,221,510
6427035,213,0:19:41,0,c_crewKid1_F_G7a0,true
6427035,210,0:19:45,402,433
6427035,211,0:19:48,235,474
6427035,213,0:19:48,0,c_crewKid1_F_G7a0,true
6427035,210,0:19:52,315,426
6427035,211,0:19:52,237,447
6427035,213,0:19:52,0,c_crewKid1_F_G7a0,true
6427035,207,0:19:55,0,0,-45
6427035,210,0:19:55,987,431
6427035,211,0:19:59,661,598
6427035,213,0:19:59,0,s_otherStudent1_G7a0,true
6427035,212,0:20:12,0
6427035,210,0:20:12,924,467
6427035,207,0:20:15,0,-45,0
6427035,211,0:20:16,231,474
6427035,213,0:20:16,0,c_crewKid1_F_G7a0,true
6427035,210,0:20:24,416,500
6427035,211,0:20:27,3,670
6427035,210,0:20:27,60,554
6427035,211,0:20:28,1050,482
6427035,207,0:20:28,0,0,-45
6427035,210,0:20:29,1103,478
6427035,207,0:20:29,0,-45,-120
6427035,207,0:20:30,0,-120,-390
6427035,207,0:20:31,0,-390,-518.45
6427035,211,0:20:32,1372,561
6427035,212,0:20:33,2
6427035,210,0:20:34,1472,518
6427035,211,0:20:35,1454,544
6427035,213,0:20:35,0,c_friend1_F_a_G7a0,true
6427035,210,0:20:40,1340,467
6427035,211,0:20:43,1230,485
6427035,213,0:20:43,0,s_doorClassroom_G7a0,true
6427035,210,0:20:45,1423,294
6427035,211,0:20:48,975,539
6427035,213,0:20:48,0,c_bestFriend_F_a_G7a0,false
6427035,1003,0:20:55,2
6427035,1004,0:20:56,0
6427035,900,0:20:58,0,[]
6427035,901,0:21:4,0,[PeopleData_id:0]
6427035,904,0:21:4,0,[PeopleData_id:0]
6427035,902,0:21:6,0,[PeopleData_id:0,PeopleData_data3Type]
6427035,903,0:21:8,0,[PeopleData_id0,PeopleData_data3Type]
6427035,902,0:21:10,0,[PeopleData_id:0,PeopleData_data2Type]
6427035,903,0:21:22,0,[PeopleData_id0,PeopleData_data2Type]
6427035,901,0:21:23,0,[PeopleData_id:1]
6427035,904,0:21:23,0,[PeopleData_id:1]
6427035,902,0:21:25,0,[PeopleData_id:1,PeopleData_data3Type]
6427035,903,0:21:33,0,[PeopleData_id1,PeopleData_data3Type]
6427035,902,0:21:36,0,[PeopleData_id:1,PeopleData_data1Type]
6427035,902,0:21:43,0,[PeopleData_id:1,PeopleData_data2Type]
6427035,902,0:21:47,0,[PeopleData_id:1,PeopleData_data0Type]
6427035,903,0:22:4,0,[PeopleData_id1,PeopleData_data0Type]
6427035,902,0:22:5,0,[PeopleData_id:1,PeopleData_data2Type]
6427035,903,0:22:7,0,[PeopleData_id1,PeopleData_data2Type]
6427035,901,0:22:8,0,[PeopleData_id:0]
6427035,902,0:22:9,0,[PeopleData_id:0,PeopleData_data1Type]
6427035,903,0:22:12,0,[PeopleData_id0,PeopleData_data1Type]
6427035,902,0:22:14,0,[PeopleData_id:0,PeopleData_data0Type]
6427035,903,0:22:22,0,[PeopleData_id0,PeopleData_data0Type]
6427035,901,0:22:23,0,[PeopleData_id:2]
6427035,901,0:22:24,0,[PeopleData_id:2]
6427035,904,0:22:24,0,[PeopleData_id:2]
6427035,902,0:22:25,0,[PeopleData_id:2,PeopleData_data3Type]
6427035,902,0:22:32,0,[PeopleData_id:2,PeopleData_data2Type]
6427035,902,0:22:39,0,[PeopleData_id:2,PeopleData_data2Type]
6427035,902,0:22:40,0,[PeopleData_id:2,PeopleData_data1Type]
6427035,902,0:22:46,0,[PeopleData_id:2,PeopleData_data1Type]
6427035,902,0:22:49,0,[PeopleData_id:2,PeopleData_data1Type]
6427035,902,0:22:52,0,[PeopleData_id:2,PeopleData_data0Type]
6427035,902,0:22:59,0,[PeopleData_id:2,PeopleData_data0Type]
6427035,903,0:23:2,0,[PeopleData_id2,PeopleData_data0Type]
6427035,901,0:23:5,0,[PeopleData_id:0]
6427035,904,0:23:5,0,[PeopleData_id:0]
6427035,905,0:23:7,0,[PeopleData_id:0,RankTypes_id:-1,RankTypes_id:0]
6427035,901,0:23:8,0,[PeopleData_id:1]
6427035,904,0:23:8,0,[PeopleData_id:1]
6427035,905,0:23:9,0,[PeopleData_id:1,RankTypes_id:-1,RankTypes_id:1]
6427035,901,0:23:10,0,[PeopleData_id:2]
6427035,904,0:23:10,0,[PeopleData_id:2]
6427035,905,0:23:12,0,[PeopleData_id:2,RankTypes_id:-1,RankTypes_id:2]
6427035,901,0:23:12,0,[PeopleData_id:1]
6427035,904,0:23:13,0,[PeopleData_id:1]
6427035,905,0:23:13,0,[PeopleData_id:1,RankTypes_id:1,RankTypes_id:0]
6427035,901,0:23:15,0,[PeopleData_id:1]
6427035,904,0:23:16,0,[PeopleData_id:1]
6427035,905,0:23:20,0,[PeopleData_id:1,RankTypes_id:0,RankTypes_id:0]
6427035,901,0:23:22,0,[PeopleData_id:3]
6427035,904,0:23:22,0,[PeopleData_id:3]
6427035,905,0:23:23,0,[PeopleData_id:3,RankTypes_id:-1,RankTypes_id:1]
6427035,901,0:23:23,0,[PeopleData_id:4]
6427035,904,0:23:24,0,[PeopleData_id:4]
6427035,905,0:23:25,0,[PeopleData_id:4,RankTypes_id:-1,RankTypes_id:3]
6427035,906,0:23:25,0,[]
6427035,901,0:23:26,0,[PeopleData_id:4]
6427035,904,0:23:27,0,[PeopleData_id:4]
6427035,905,0:23:28,0,[PeopleData_id:4,RankTypes_id:3,RankTypes_id:0]
6427035,901,0:23:28,0,[PeopleData_id:1]
6427035,904,0:23:29,0,[PeopleData_id:1]
6427035,905,0:23:29,0,[PeopleData_id:1,RankTypes_id:0,RankTypes_id:1]
6427035,901,0:23:30,0,[PeopleData_id:3]
6427035,904,0:23:30,0,[PeopleData_id:3]
6427035,905,0:23:31,0,[PeopleData_id:3,RankTypes_id:1,RankTypes_id:3]
6427035,901,0:23:32,0,[PeopleData_id:3]
6427035,905,0:23:32,0,[PeopleData_id:3,RankTypes_id:3,RankTypes_id:3]
6427035,901,0:23:32,0,[PeopleData_id:3]
6427035,904,0:23:32,0,[PeopleData_id:3]
6427035,907,0:23:35,0,[]
6427035,908,0:23:35,0,[InvitationData_id:10,PeopleData_id:2,RankTypes_id:2]
6427035,909,0:23:46,0,[InvitationData_id:10,PeopleData_id:2,RankTypes_id:2,1]
6427035,910,0:23:50,0,[InvitationData_id:10,0,true]
6427035,908,0:23:50,0,[InvitationData_id:0,PeopleData_id:3,RankTypes_id:3]
6427035,909,0:23:56,0,[InvitationData_id:0,PeopleData_id:3,RankTypes_id:3,0]
6427035,910,0:23:59,0,[InvitationData_id:0,-7,false]
6427035,908,0:23:59,0,[InvitationData_id:5,PeopleData_id:1,RankTypes_id:1]
6427035,909,0:24:5,0,[InvitationData_id:5,PeopleData_id:1,RankTypes_id:1,0]
6427035,910,0:24:8,0,[InvitationData_id:5,0,false]
6427035,908,0:24:8,0,[InvitationData_id:6,PeopleData_id:3,RankTypes_id:3]
6427035,909,0:24:19,0,[InvitationData_id:6,PeopleData_id:3,RankTypes_id:3,1]
6427035,910,0:24:21,0,[InvitationData_id:6,7,false]
6427035,908,0:24:21,0,[InvitationData_id:8,PeopleData_id:3,RankTypes_id:3]
6427035,909,0:24:26,0,[InvitationData_id:8,PeopleData_id:3,RankTypes_id:3,1]
6427035,910,0:24:28,0,[InvitationData_id:8,7,false]
6427035,908,0:24:28,0,[InvitationData_id:2,PeopleData_id:2,RankTypes_id:2]
6427035,909,0:24:33,0,[InvitationData_id:2,PeopleData_id:2,RankTypes_id:2,0]
6427035,910,0:24:35,0,[InvitationData_id:2,-2,false]
6427035,908,0:24:35,0,[InvitationData_id:7,PeopleData_id:1,RankTypes_id:1]
6427035,909,0:24:46,0,[InvitationData_id:7,PeopleData_id:1,RankTypes_id:1,0]
6427035,910,0:24:47,0,[InvitationData_id:7,0,false]
6427035,908,0:24:47,0,[InvitationData_id:9,PeopleData_id:1,RankTypes_id:1]
6427035,909,0:24:53,0,[InvitationData_id:9,PeopleData_id:1,RankTypes_id:1,0]
6427035,910,0:24:59,0,[InvitationData_id:9,0,false]
6427035,908,0:24:59,0,[InvitationData_id:4,PeopleData_id:2,RankTypes_id:2]
6427035,909,0:25:12,0,[InvitationData_id:4,PeopleData_id:2,RankTypes_id:2,0]
6427035,910,0:25:14,0,[InvitationData_id:4,-2,false]
6427035,908,0:25:14,0,[InvitationData_id:3,PeopleData_id:3,RankTypes_id:3]
6427035,909,0:25:26,0,[InvitationData_id:3,PeopleData_id:3,RankTypes_id:3,1]
6427035,910,0:25:27,0,[InvitationData_id:3,7,false]
6427035,911,0:25:34,0,[10,1,1,1]
6427035,1005,0:25:34,0,[2,0,1]
6427035,1000,0:25:35,0,[]
6427035,900,0:25:37,0,[]
6427035,901,0:25:38,0,[PeopleData_id:0]
6427035,904,0:25:39,0,[PeopleData_id:0]
6427035,905,0:25:39,0,[PeopleData_id:0,RankTypes_id:-1,RankTypes_id:3]
6427035,902,0:25:41,0,[PeopleData_id:0,PeopleData_data3Type]
6427035,903,0:25:48,0,[PeopleData_id0,PeopleData_data3Type]
6427035,901,0:25:49,0,[PeopleData_id:0]
6427035,904,0:25:49,0,[PeopleData_id:0]
6427035,905,0:25:51,0,[PeopleData_id:0,RankTypes_id:3,RankTypes_id:2]
6427035,901,0:25:52,0,[PeopleData_id:2]
6427035,904,0:25:52,0,[PeopleData_id:2]
6427035,905,0:25:53,0,[PeopleData_id:2,RankTypes_id:-1,RankTypes_id:3]
6427035,902,0:25:55,0,[PeopleData_id:2,PeopleData_data3Type]
6427035,902,0:25:55,0,[PeopleData_id:2,PeopleData_data3Type]
6427035,903,0:26:1,0,[PeopleData_id2,PeopleData_data3Type]
6427035,901,0:26:2,0,[PeopleData_id:2]
6427035,904,0:26:2,0,[PeopleData_id:2]
6427035,905,0:26:3,0,[PeopleData_id:2,RankTypes_id:3,RankTypes_id:1]
6427035,901,0:26:4,0,[PeopleData_id:4]
6427035,904,0:26:5,0,[PeopleData_id:4]
6427035,905,0:26:6,0,[PeopleData_id:4,RankTypes_id:-1,RankTypes_id:4]
6427035,901,0:26:8,0,[PeopleData_id:4]
6427035,904,0:26:8,0,[PeopleData_id:4]
6427035,905,0:26:9,0,[PeopleData_id:4,RankTypes_id:4,RankTypes_id:3]
6427035,902,0:26:10,0,[PeopleData_id:4,PeopleData_data3Type]
6427035,903,0:26:15,0,[PeopleData_id4,PeopleData_data3Type]
6427035,901,0:26:16,0,[PeopleData_id:4]
6427035,904,0:26:16,0,[PeopleData_id:4]
6427035,905,0:26:17,0,[PeopleData_id:4,RankTypes_id:3,RankTypes_id:0]
6427035,901,0:26:18,0,[PeopleData_id:1]
6427035,904,0:26:18,0,[PeopleData_id:1]
6427035,905,0:26:19,0,[PeopleData_id:1,RankTypes_id:-1,RankTypes_id:3]
6427035,902,0:26:21,0,[PeopleData_id:1,PeopleData_data3Type]
6427035,903,0:26:28,0,[PeopleData_id1,PeopleData_data3Type]
6427035,902,0:26:29,0,[PeopleData_id:1,PeopleData_data2Type]
6427035,903,0:26:33,0,[PeopleData_id1,PeopleData_data2Type]
6427035,901,0:26:34,0,[PeopleData_id:1]
6427035,904,0:26:34,0,[PeopleData_id:1]
6427035,905,0:26:35,0,[PeopleData_id:1,RankTypes_id:3,RankTypes_id:0]
6427035,901,0:26:36,0,[PeopleData_id:3]
6427035,901,0:26:37,0,[PeopleData_id:3]
6427035,904,0:26:37,0,[PeopleData_id:3]
6427035,905,0:26:38,0,[PeopleData_id:3,RankTypes_id:-1,RankTypes_id:3]
6427035,906,0:26:38,0,[]
6427035,902,0:26:40,0,[PeopleData_id:3,PeopleData_data2Type]
6427035,903,0:26:54,0,[PeopleData_id3,PeopleData_data2Type]
6427035,902,0:26:55,0,[PeopleData_id:3,PeopleData_data0Type]
6427035,903,0:27:5,0,[PeopleData_id3,PeopleData_data0Type]
6427035,902,0:27:15,0,[PeopleData_id:3,PeopleData_data0Type]
6427035,902,0:27:16,0,[PeopleData_id:3,PeopleData_data1Type]
6427035,902,0:27:17,0,[PeopleData_id:3,PeopleData_data2Type]
6427035,903,0:27:20,0,[PeopleData_id3,PeopleData_data2Type]
6427035,902,0:27:22,0,[PeopleData_id:3,PeopleData_data0Type]
6427035,902,0:27:24,0,[PeopleData_id:3,PeopleData_data1Type]
6427035,903,0:27:33,0,[PeopleData_id3,PeopleData_data1Type]
6427035,907,0:27:37,0,[]
6427035,908,0:27:37,0,[InvitationData_id:3,PeopleData_id:3,RankTypes_id:3]
6427035,909,0:27:48,0,[InvitationData_id:3,PeopleData_id:3,RankTypes_id:3,1]
6427035,910,0:27:49,0,[InvitationData_id:3,7,false]
6427035,908,0:27:49,0,[InvitationData_id:8,PeopleData_id:3,RankTypes_id:3]
6427035,909,0:27:59,0,[InvitationData_id:8,PeopleData_id:3,RankTypes_id:3,1]
6427035,910,0:28:0,0,[InvitationData_id:8,7,false]
6427035,908,0:28:0,0,[InvitationData_id:0,PeopleData_id:3,RankTypes_id:3]
6427035,909,0:28:13,0,[InvitationData_id:0,PeopleData_id:3,RankTypes_id:3,1]
6427035,910,0:28:14,0,[InvitationData_id:0,7,false]
6427035,908,0:28:14,0,[InvitationData_id:1,PeopleData_id:0,RankTypes_id:2]
6427035,909,0:28:24,0,[InvitationData_id:1,PeopleData_id:0,RankTypes_id:2,1]
6427035,910,0:28:31,0,[InvitationData_id:1,5,false]
6427035,908,0:28:31,0,[InvitationData_id:6,PeopleData_id:3,RankTypes_id:3]
6427035,909,0:28:40,0,[InvitationData_id:6,PeopleData_id:3,RankTypes_id:3,1]
6427035,910,0:28:41,0,[InvitationData_id:6,7,false]
6427035,908,0:28:41,0,[InvitationData_id:10,PeopleData_id:2,RankTypes_id:1]
6427035,909,0:28:51,0,[InvitationData_id:10,PeopleData_id:2,RankTypes_id:1,1]
6427035,910,0:28:53,0,[InvitationData_id:10,0,true]
6427035,908,0:28:53,0,[InvitationData_id:2,PeopleData_id:2,RankTypes_id:1]
6427035,901,0:28:58,0,[PeopleData_id:2]
6427035,902,0:28:59,0,[PeopleData_id:2,PeopleData_data0Type]
6427035,902,0:29:0,0,[PeopleData_id:2,PeopleData_data0Type]
6427035,902,0:29:1,0,[PeopleData_id:2,PeopleData_data1Type]
6427035,902,0:29:4,0,[PeopleData_id:2,PeopleData_data2Type]
6427035,909,0:29:5,0,[InvitationData_id:2,PeopleData_id:2,RankTypes_id:1,0]
6427035,910,0:29:7,0,[InvitationData_id:2,0,false]
6427035,908,0:29:7,0,[InvitationData_id:4,PeopleData_id:2,RankTypes_id:1]
6427035,909,0:29:16,0,[InvitationData_id:4,PeopleData_id:2,RankTypes_id:1,0]
6427035,910,0:29:19,0,[InvitationData_id:4,0,false]
6427035,911,0:29:22,0,[33,1,0,1]
6427035,1005,0:29:22,0,[2,1,2]
6427035,1001,0:29:24,0,[]
6427035,1003,0:29:24,2
6427035,1004,0:29:29,0
6427035,900,0:29:34,0,[]
6427035,901,0:29:36,0,[PeopleData_id:0]
6427035,904,0:29:36,0,[PeopleData_id:0]
6427035,905,0:29:37,0,[PeopleData_id:0,RankTypes_id:-1,RankTypes_id:3]
6427035,902,0:29:39,0,[PeopleData_id:0,PeopleData_data1Type]
6427035,903,0:29:46,0,[PeopleData_id0,PeopleData_data1Type]
6427035,901,0:29:47,0,[PeopleData_id:2]
6427035,904,0:29:47,0,[PeopleData_id:2]
6427035,905,0:29:48,0,[PeopleData_id:2,RankTypes_id:-1,RankTypes_id:4]
6427035,902,0:29:50,0,[PeopleData_id:2,PeopleData_data0Type]
6427035,903,0:29:54,0,[PeopleData_id2,PeopleData_data0Type]
6427035,901,0:29:54,0,[PeopleData_id:2]
6427035,904,0:29:55,0,[PeopleData_id:2]
6427035,905,0:29:55,0,[PeopleData_id:2,RankTypes_id:4,RankTypes_id:1]
6427035,901,0:29:56,0,[PeopleData_id:4]
6427035,904,0:29:56,0,[PeopleData_id:4]
6427035,905,0:29:57,0,[PeopleData_id:4,RankTypes_id:-1,RankTypes_id:4]
6427035,902,0:30:0,0,[PeopleData_id:4,PeopleData_data3Type]
6427035,903,0:30:5,0,[PeopleData_id4,PeopleData_data3Type]
6427035,901,0:30:7,0,[PeopleData_id:4]
6427035,904,0:30:7,0,[PeopleData_id:4]
6427035,905,0:30:8,0,[PeopleData_id:4,RankTypes_id:4,RankTypes_id:0]
6427035,902,0:30:10,0,[PeopleData_id:4,PeopleData_data3Type]
6427035,903,0:30:13,0,[PeopleData_id4,PeopleData_data3Type]
6427035,901,0:30:14,0,[PeopleData_id:3]
6427035,902,0:30:15,0,[PeopleData_id:3,PeopleData_data0Type]
6427035,903,0:30:31,0,[PeopleData_id3,PeopleData_data0Type]
6427035,902,0:30:57,0,[PeopleData_id:3,PeopleData_data0Type]
6427035,902,0:30:59,0,[PeopleData_id:3,PeopleData_data1Type]
6427035,902,0:31:1,0,[PeopleData_id:3,PeopleData_data2Type]
6427035,902,0:31:2,0,[PeopleData_id:3,PeopleData_data1Type]
6427035,903,0:31:6,0,[PeopleData_id3,PeopleData_data1Type]
6427035,901,0:31:7,0,[PeopleData_id:3]
6427035,904,0:31:7,0,[PeopleData_id:3]
6427035,905,0:31:8,0,[PeopleData_id:3,RankTypes_id:-1,RankTypes_id:2]
6427035,901,0:31:10,0,[PeopleData_id:1]
6427035,902,0:31:11,0,[PeopleData_id:1,PeopleData_data0Type]
6427035,903,0:31:16,0,[PeopleData_id1,PeopleData_data0Type]
6427035,901,0:31:17,0,[PeopleData_id:1]
6427035,904,0:31:17,0,[PeopleData_id:1]
6427035,905,0:31:18,0,[PeopleData_id:1,RankTypes_id:-1,RankTypes_id:0]
6427035,906,0:31:18,0,[]
6427035,907,0:31:19,0,[]
6427035,908,0:31:19,0,[InvitationData_id:1,PeopleData_id:0,RankTypes_id:3]
6427035,909,0:31:26,0,[InvitationData_id:1,PeopleData_id:0,RankTypes_id:3,1]
6427035,910,0:31:27,0,[InvitationData_id:1,7,false]
6427035,908,0:31:27,0,[InvitationData_id:8,PeopleData_id:0,RankTypes_id:3]
6427035,909,0:31:32,0,[InvitationData_id:8,PeopleData_id:0,RankTypes_id:3,1]
6427035,910,0:31:34,0,[InvitationData_id:8,7,false]
6427035,908,0:31:34,0,[InvitationData_id:0,PeopleData_id:0,RankTypes_id:3]
6427035,909,0:31:37,0,[InvitationData_id:0,PeopleData_id:0,RankTypes_id:3,1]
6427035,910,0:31:38,0,[InvitationData_id:0,7,false]
6427035,908,0:31:38,0,[InvitationData_id:10,PeopleData_id:2,RankTypes_id:1]
6427035,909,0:31:41,0,[InvitationData_id:10,PeopleData_id:2,RankTypes_id:1,0]
6427035,910,0:31:42,0,[InvitationData_id:10,0,false]
6427035,908,0:31:42,0,[InvitationData_id:3,PeopleData_id:3,RankTypes_id:2]
6427035,909,0:31:48,0,[InvitationData_id:3,PeopleData_id:3,RankTypes_id:2,1]
6427035,910,0:31:49,0,[InvitationData_id:3,5,false]
6427035,908,0:31:49,0,[InvitationData_id:4,PeopleData_id:2,RankTypes_id:1]
6427035,909,0:31:54,0,[InvitationData_id:4,PeopleData_id:2,RankTypes_id:1,0]
6427035,910,0:31:55,0,[InvitationData_id:4,0,false]
6427035,908,0:31:55,0,[InvitationData_id:2,PeopleData_id:2,RankTypes_id:1]
6427035,909,0:31:58,0,[InvitationData_id:2,PeopleData_id:2,RankTypes_id:1,0]
6427035,910,0:31:59,0,[InvitationData_id:2,0,false]
6427035,908,0:31:59,0,[InvitationData_id:6,PeopleData_id:0,RankTypes_id:3]
6427035,909,0:32:1,0,[InvitationData_id:6,PeopleData_id:0,RankTypes_id:3,1]
6427035,910,0:32:3,0,[InvitationData_id:6,7,false]
6427035,911,0:32:8,0,[33,0,0,0]
6427035,1001,0:32:10,0,[]
6427035,1003,0:32:10,2
6427035,1004,0:32:12,0
6427035,900,0:32:14,0,[]
6427035,901,0:32:16,0,[PeopleData_id:4]
6427035,902,0:32:17,0,[PeopleData_id:4,PeopleData_data0Type]
6427035,902,0:32:19,0,[PeopleData_id:4,PeopleData_data1Type]
6427035,902,0:32:21,0,[PeopleData_id:4,PeopleData_data2Type]
6427035,902,0:32:22,0,[PeopleData_id:4,PeopleData_data3Type]
6427035,903,0:32:24,0,[PeopleData_id4,PeopleData_data3Type]
6427035,901,0:32:24,0,[PeopleData_id:4]
6427035,904,0:32:24,0,[PeopleData_id:4]
6427035,905,0:32:24,0,[PeopleData_id:4,RankTypes_id:-1,RankTypes_id:0]
6427035,901,0:32:25,0,[PeopleData_id:2]
6427035,902,0:32:26,0,[PeopleData_id:2,PeopleData_data0Type]
6427035,902,0:32:28,0,[PeopleData_id:2,PeopleData_data1Type]
6427035,902,0:32:29,0,[PeopleData_id:2,PeopleData_data2Type]
6427035,902,0:32:31,0,[PeopleData_id:2,PeopleData_data3Type]
6427035,903,0:32:32,0,[PeopleData_id2,PeopleData_data3Type]
6427035,901,0:32:33,0,[PeopleData_id:2]
6427035,904,0:32:34,0,[PeopleData_id:2]
6427035,905,0:32:34,0,[PeopleData_id:2,RankTypes_id:-1,RankTypes_id:0]
6427035,901,0:32:34,0,[PeopleData_id:3]
6427035,902,0:32:36,0,[PeopleData_id:3,PeopleData_data0Type]
6427035,902,0:32:38,0,[PeopleData_id:3,PeopleData_data1Type]
6427035,902,0:32:40,0,[PeopleData_id:3,PeopleData_data2Type]
6427035,903,0:32:42,0,[PeopleData_id3,PeopleData_data2Type]
6427035,901,0:32:43,0,[PeopleData_id:3]
6427035,904,0:32:43,0,[PeopleData_id:3]
6427035,905,0:32:43,0,[PeopleData_id:3,RankTypes_id:-1,RankTypes_id:4]
6427035,901,0:32:44,0,[PeopleData_id:1]
6427035,902,0:32:45,0,[PeopleData_id:1,PeopleData_data0Type]
6427035,903,0:32:47,0,[PeopleData_id1,PeopleData_data0Type]
6427035,901,0:32:49,0,[PeopleData_id:1]
6427035,901,0:32:49,0,[PeopleData_id:1]
6427035,904,0:32:49,0,[PeopleData_id:1]
6427035,905,0:32:49,0,[PeopleData_id:1,RankTypes_id:-1,RankTypes_id:0]
6427035,901,0:32:50,0,[PeopleData_id:0]
6427035,901,0:32:51,0,[PeopleData_id:0]
6427035,902,0:32:52,0,[PeopleData_id:0,PeopleData_data0Type]
6427035,903,0:32:55,0,[PeopleData_id0,PeopleData_data0Type]
6427035,902,0:32:55,0,[PeopleData_id:0,PeopleData_data1Type]
6427035,903,0:32:57,0,[PeopleData_id0,PeopleData_data1Type]
6427035,902,0:32:57,0,[PeopleData_id:0,PeopleData_data2Type]
6427035,903,0:32:59,0,[PeopleData_id0,PeopleData_data2Type]
6427035,902,0:32:59,0,[PeopleData_id:0,PeopleData_data3Type]
6427035,903,0:33:1,0,[PeopleData_id0,PeopleData_data3Type]
6427035,901,0:33:2,0,[PeopleData_id:0]
6427035,904,0:33:2,0,[PeopleData_id:0]
6427035,905,0:33:3,0,[PeopleData_id:0,RankTypes_id:-1,RankTypes_id:4]
6427035,906,0:33:3,0,[]
6427035,907,0:33:4,0,[]
6427035,908,0:33:4,0,[InvitationData_id:3,PeopleData_id:3,RankTypes_id:4]
6427035,909,0:33:9,0,[InvitationData_id:3,PeopleData_id:3,RankTypes_id:4,1]
6427035,910,0:33:11,0,[InvitationData_id:3,9,false]
6427035,908,0:33:11,0,[InvitationData_id:6,PeopleData_id:0,RankTypes_id:4]
6427035,909,0:33:14,0,[InvitationData_id:6,PeopleData_id:0,RankTypes_id:4,1]
6427035,910,0:33:16,0,[InvitationData_id:6,9,false]
6427035,908,0:33:16,0,[InvitationData_id:8,PeopleData_id:0,RankTypes_id:4]
6427035,909,0:33:19,0,[InvitationData_id:8,PeopleData_id:0,RankTypes_id:4,1]
6427035,910,0:33:21,0,[InvitationData_id:8,9,false]
6427035,908,0:33:21,0,[InvitationData_id:1,PeopleData_id:0,RankTypes_id:4]
6427035,909,0:33:23,0,[InvitationData_id:1,PeopleData_id:0,RankTypes_id:4,1]
6427035,910,0:33:24,0,[InvitationData_id:1,9,false]
6427035,908,0:33:24,0,[InvitationData_id:0,PeopleData_id:0,RankTypes_id:4]
6427035,909,0:33:27,0,[InvitationData_id:0,PeopleData_id:0,RankTypes_id:4,1]
6427035,910,0:33:28,0,[InvitationData_id:0,9,false]
6427035,911,0:33:30,0,[45,0,0,0]
6427035,1005,0:33:30,0,[2,2,3]
6427035,1001,0:33:33,0,[]
6427035,1003,0:33:33,2
6427035,221,0:33:44,0
6427035,220,0:33:47,0
6427035,210,0:33:49,891,431
6427035,211,0:33:50,1089,358
6427035,212,0:33:51,1
6427035,210,0:33:52,597,397
6427035,211,0:33:55,675,588
6427035,213,0:33:55,0,s_otherStudent1_G7a0,true
6427035,221,0:33:58,0
6427035,220,0:34:13,0
6427035,212,0:34:22,2
6427035,210,0:34:23,985,476
6427035,211,0:34:23,982,486
6427035,213,0:34:23,0,c_bestFriend_F_a_G7a0,true
6427035,205,0:34:24,0,c_bestFriend_F_a_G7a0,false,false
6427035,210,0:34:29,815,356
6427035,211,0:34:30,817,359
6427035,213,0:34:30,0,c_teacherEng_G7a0,true
6427035,205,0:34:30,0,c_teacherEng_G7a0,false,false
6427035,210,0:34:34,748,486
6427035,211,0:34:35,665,607
6427035,213,0:34:35,0,s_otherStudent1_G7a0,true
6427035,210,0:34:37,361,562
6427035,207,0:34:39,0,-200,0
6427035,211,0:34:42,1247,528
6427035,207,0:34:42,0,0,-240
6427035,210,0:34:43,1328,537
6427035,207,0:34:43,0,-240,-518.45
6427035,211,0:34:44,1468,536
6427035,213,0:34:44,0,c_friend1_F_a_G7a0,true
6427035,210,0:34:47,1320,493
6427035,211,0:34:49,1222,364
6427035,213,0:34:49,0,s_doorClassroom_G7a0,true
6427035,210,0:34:51,889,95
6427035,211,0:34:56,1004,532
6427035,213,0:34:56,0,c_bestFriend_F_a_G7a0,true
6427035,205,0:34:56,0,c_bestFriend_F_a_G7a0,false,true
6427035,210,0:35:0,808,359
6427035,211,0:35:1,819,383
6427035,213,0:35:1,0,c_teacherEng_G7a0,true
6427035,205,0:35:1,0,c_teacherEng_G7a0,false,true
6427035,212,0:35:5,1
6427035,210,0:35:6,1458,545
6427035,211,0:35:8,1219,370
6427035,213,0:35:8,0,s_doorClassroom_G7a0,true
6427035,210,0:35:10,786,343
6427035,207,0:35:14,0,-518.45,-113.45
6427035,207,0:35:16,0,-113.45,0
6427035,211,0:35:19,256,134
6427035,213,0:35:19,0,s_flag_gen,false
6427035,1003,0:35:23,1
6427035,1004,0:35:24,0
6427035,800,0:35:29,0,[]
6427035,801,0:35:30,0,[]
6427035,814,0:35:35,0,[2]
6427035,815,0:35:35,0,2,OpportunityCardData_id:13
6427035,815,0:35:40,0,2,OpportunityCardData_id:14
6427035,815,0:35:41,0,2,OpportunityCardData_id:15
6427035,815,0:35:41,0,2,OpportunityCardData_id:16
6427035,815,0:35:41,0,2,OpportunityCardData_id:17
6427035,816,0:35:42,0,2,OpportunityCardData_id:17
6427035,803,0:35:44,0,[OpportunityCardData_id:17,OpportunityCardConsequencesData_logId:0]
6427035,803,0:35:45,0,[OpportunityCardData_id:17,OpportunityCardConsequencesData_logId:1]
6427035,803,0:35:46,0,[OpportunityCardData_id:17,OpportunityCardConsequencesData_logId:2]
6427035,805,0:35:58,0,[OpportunityCardData_id:17]
6427035,806,0:36:0,0,[OpportunityCardData_id:17,PriorityData_type:3]
6427035,807,0:36:2,0,[OpportunityCardData_id:17]
6427035,808,0:36:6,0,[OpportunityCardData_id:17]
6427035,809,0:36:21,0,[OpportunityCardData_id:17,PriorityData_type:4,false]
6427035,810,0:36:25,0,[OpportunityCardData_id:17,PriorityData_type:2,5,PriorityData_type:4,10]
6427035,814,0:36:27,0,[4]
6427035,815,0:36:27,0,4,OpportunityCardData_id:22
6427035,816,0:36:28,0,4,OpportunityCardData_id:22
6427035,803,0:36:30,0,[OpportunityCardData_id:22,OpportunityCardConsequencesData_logId:0]
6427035,803,0:36:30,0,[OpportunityCardData_id:22,OpportunityCardConsequencesData_logId:1]
6427035,805,0:36:32,0,[OpportunityCardData_id:22]
6427035,806,0:36:34,0,[OpportunityCardData_id:22,PriorityData_type:3]
6427035,806,0:36:35,0,[OpportunityCardData_id:22,PriorityData_type:1]
6427035,807,0:36:37,0,[OpportunityCardData_id:22]
6427035,808,0:36:39,0,[OpportunityCardData_id:22]
6427035,809,0:36:44,0,[OpportunityCardData_id:22,PriorityData_type:2,false]
6427035,810,0:36:46,0,[OpportunityCardData_id:22,PriorityData_type:4,15,PriorityData_type:2,15]
6427035,814,0:36:48,0,[5]
6427035,815,0:36:48,0,5,OpportunityCardData_id:32
6427035,816,0:36:49,0,5,OpportunityCardData_id:32
6427035,804,0:36:51,0,[OpportunityCardData_id:32]
6427035,814,0:36:52,0,[5]
6427035,815,0:36:52,0,5,OpportunityCardData_id:33
6427035,815,0:36:53,0,5,OpportunityCardData_id:34
6427035,815,0:36:53,0,5,OpportunityCardData_id:35
6427035,815,0:36:54,0,5,OpportunityCardData_id:36
6427035,815,0:36:54,0,5,OpportunityCardData_id:37
6427035,815,0:36:54,0,5,OpportunityCardData_id:33
6427035,815,0:36:54,0,5,OpportunityCardData_id:34
6427035,815,0:36:54,0,5,OpportunityCardData_id:35
6427035,815,0:36:54,0,5,OpportunityCardData_id:36
6427035,815,0:36:55,0,5,OpportunityCardData_id:37
6427035,815,0:36:55,0,5,OpportunityCardData_id:33
6427035,815,0:36:55,0,5,OpportunityCardData_id:34
6427035,816,0:36:55,0,5,OpportunityCardData_id:34
6427035,803,0:36:57,0,[OpportunityCardData_id:34,OpportunityCardConsequencesData_logId:0]
6427035,803,0:36:58,0,[OpportunityCardData_id:34,OpportunityCardConsequencesData_logId:1]
6427035,803,0:36:58,0,[OpportunityCardData_id:34,OpportunityCardConsequencesData_logId:2]
6427035,805,0:36:59,0,[OpportunityCardData_id:34]
6427035,806,0:37:1,0,[OpportunityCardData_id:34,PriorityData_type:2]
6427035,807,0:37:2,0,[OpportunityCardData_id:34]
6427035,808,0:37:4,0,[OpportunityCardData_id:34]
6427035,809,0:37:9,0,[OpportunityCardData_id:34,PriorityData_type:3,false]
6427035,810,0:37:13,0,[OpportunityCardData_id:34,PriorityData_type:5,15,PriorityData_type:3,10]
6427035,814,0:37:15,0,[5]
6427035,815,0:37:15,0,5,OpportunityCardData_id:33
6427035,816,0:37:16,0,5,OpportunityCardData_id:33
6427035,805,0:37:17,0,[OpportunityCardData_id:33]
6427035,806,0:37:23,0,[OpportunityCardData_id:33,PriorityData_type:3]
6427035,807,0:37:24,0,[OpportunityCardData_id:33]
6427035,808,0:37:26,0,[OpportunityCardData_id:33]
6427035,809,0:37:31,0,[OpportunityCardData_id:33,PriorityData_type:4,false]
6427035,810,0:37:34,0,[OpportunityCardData_id:33,PriorityData_type:5,15,PriorityData_type:4,10]
6427035,814,0:37:39,0,[5]
6427035,815,0:37:39,0,5,OpportunityCardData_id:35
6427035,816,0:37:40,0,5,OpportunityCardData_id:35
6427035,805,0:37:42,0,[OpportunityCardData_id:35]
6427035,806,0:37:44,0,[OpportunityCardData_id:35,PriorityData_type:1]
6427035,807,0:37:45,0,[OpportunityCardData_id:35]
6427035,808,0:37:48,0,[OpportunityCardData_id:35]
6427035,809,0:37:52,0,[OpportunityCardData_id:35,Safe,false]
6427035,810,0:37:55,0,[OpportunityCardData_id:35,PriorityData_type:5,20,Safe,Safe]
6427035,814,0:37:58,0,[2]
6427035,815,0:37:58,0,2,OpportunityCardData_id:13
6427035,816,0:37:59,0,2,OpportunityCardData_id:13
6427035,803,0:38:2,0,[OpportunityCardData_id:13,OpportunityCardConsequencesData_logId:0]
6427035,803,0:38:2,0,[OpportunityCardData_id:13,OpportunityCardConsequencesData_logId:1]
6427035,803,0:38:3,0,[OpportunityCardData_id:13,OpportunityCardConsequencesData_logId:2]
6427035,805,0:38:5,0,[OpportunityCardData_id:13]
6427035,806,0:38:6,0,[OpportunityCardData_id:13,PriorityData_type:1]
6427035,807,0:38:7,0,[OpportunityCardData_id:13]
6427035,808,0:38:9,0,[OpportunityCardData_id:13]
6427035,809,0:38:13,0,[OpportunityCardData_id:13,PriorityData_type:3,false]
6427035,810,0:38:19,0,[OpportunityCardData_id:13,PriorityData_type:2,15,PriorityData_type:3,10]
6427035,814,0:38:24,0,[1]
6427035,815,0:38:24,0,1,OpportunityCardData_id:7
6427035,815,0:38:25,0,1,OpportunityCardData_id:8
6427035,815,0:38:25,0,1,OpportunityCardData_id:9
6427035,815,0:38:26,0,1,OpportunityCardData_id:10
6427035,815,0:38:26,0,1,OpportunityCardData_id:11
6427035,815,0:38:26,0,1,OpportunityCardData_id:12
6427035,816,0:38:27,0,1,OpportunityCardData_id:12
6427035,803,0:38:28,0,[OpportunityCardData_id:12,OpportunityCardConsequencesData_logId:0]
6427035,803,0:38:28,0,[OpportunityCardData_id:12,OpportunityCardConsequencesData_logId:1]
6427035,805,0:38:29,0,[OpportunityCardData_id:12]
6427035,806,0:38:31,0,[OpportunityCardData_id:12,PriorityData_type:4]
6427035,806,0:38:33,0,[OpportunityCardData_id:12,PriorityData_type:0]
6427035,807,0:38:34,0,[OpportunityCardData_id:12]
6427035,808,0:38:36,0,[OpportunityCardData_id:12]
6427035,809,0:38:40,0,[OpportunityCardData_id:12,Safe,false]
6427035,810,0:38:44,0,[OpportunityCardData_id:12,PriorityData_type:1,15,Safe,Safe]
6427035,811,0:38:47,0,[OpportunityCardData_id:12,PriorityData_type:2,80,75,PriorityData_type:4,70,40]
6427035,1005,0:38:47,0,[1,0,1]
6427035,1001,0:38:50,0,[]
6427035,1003,0:38:50,1
6427035,1004,0:38:51,0
6427035,800,0:38:53,0,[]
6427035,801,0:38:54,0,[]
6427035,814,0:38:56,0,[0]
6427035,815,0:38:56,0,0,OpportunityCardData_id:0
6427035,816,0:38:58,0,0,OpportunityCardData_id:0
6427035,803,0:38:59,0,[OpportunityCardData_id:0,OpportunityCardConsequencesData_logId:0]
6427035,803,0:38:59,0,[OpportunityCardData_id:0,OpportunityCardConsequencesData_logId:1]
6427035,803,0:39:0,0,[OpportunityCardData_id:0,OpportunityCardConsequencesData_logId:2]
6427035,805,0:39:0,0,[OpportunityCardData_id:0]
6427035,806,0:39:2,0,[OpportunityCardData_id:0,PriorityData_type:4]
6427035,807,0:39:2,0,[OpportunityCardData_id:0]
6427035,808,0:39:4,0,[OpportunityCardData_id:0]
6427035,809,0:39:8,0,[OpportunityCardData_id:0,PriorityData_type:2,false]
6427035,810,0:39:13,0,[OpportunityCardData_id:0,PriorityData_type:0,15,PriorityData_type:2,10]
6427035,814,0:41:25,0,[3]
6427035,815,0:41:25,0,3,OpportunityCardData_id:19
6427035,816,0:41:27,0,3,OpportunityCardData_id:19
6427035,803,0:41:29,0,[OpportunityCardData_id:19,OpportunityCardConsequencesData_logId:0]
6427035,803,0:41:29,0,[OpportunityCardData_id:19,OpportunityCardConsequencesData_logId:1]
6427035,803,0:41:30,0,[OpportunityCardData_id:19,OpportunityCardConsequencesData_logId:2]
6427035,805,0:41:31,0,[OpportunityCardData_id:19]
6427035,806,0:41:34,0,[OpportunityCardData_id:19,PriorityData_type:2]
6427035,807,0:41:36,0,[OpportunityCardData_id:19]
6427035,808,0:41:37,0,[OpportunityCardData_id:19]
6427035,809,0:41:43,0,[OpportunityCardData_id:19,PriorityData_type:0,false]
6427035,810,0:41:50,0,[OpportunityCardData_id:19,PriorityData_type:3,15,PriorityData_type:0,35]
6427035,814,0:42:3,0,[1]
6427035,815,0:42:3,0,1,OpportunityCardData_id:7
6427035,816,0:42:4,0,1,OpportunityCardData_id:7
6427035,805,0:42:5,0,[OpportunityCardData_id:7]
6427035,807,0:42:9,0,[OpportunityCardData_id:7]
6427035,808,0:42:11,0,[OpportunityCardData_id:7]
6427035,809,0:42:17,0,[OpportunityCardData_id:7,PriorityData_type:2,false]
6427035,810,0:42:59,0,[OpportunityCardData_id:7,PriorityData_type:1,20,PriorityData_type:2,25]
6427035,814,0:43:8,0,[1]
6427035,815,0:43:8,0,1,OpportunityCardData_id:8
6427035,816,0:43:9,0,1,OpportunityCardData_id:8
6427035,803,0:43:10,0,[OpportunityCardData_id:8,OpportunityCardConsequencesData_logId:0]
6427035,803,0:43:10,0,[OpportunityCardData_id:8,OpportunityCardConsequencesData_logId:1]
6427035,803,0:43:11,0,[OpportunityCardData_id:8,OpportunityCardConsequencesData_logId:2]
6427035,805,0:43:26,0,[OpportunityCardData_id:8]
6427035,806,0:43:30,0,[OpportunityCardData_id:8,PriorityData_type:5]
6427035,806,0:43:40,0,[OpportunityCardData_id:8,PriorityData_type:4]
6427035,807,0:43:41,0,[OpportunityCardData_id:8]
6427035,808,0:43:45,0,[OpportunityCardData_id:8]
6427035,809,0:43:50,0,[OpportunityCardData_id:8,PriorityData_type:0,false]
6427035,810,0:44:26,0,[OpportunityCardData_id:8,PriorityData_type:1,20,PriorityData_type:0,25]
6427035,814,0:44:28,0,[5]
6427035,815,0:44:28,0,5,OpportunityCardData_id:32
6427035,816,0:44:30,0,5,OpportunityCardData_id:32
6427035,803,0:44:31,0,[OpportunityCardData_id:32,OpportunityCardConsequencesData_logId:0]
6427035,803,0:44:32,0,[OpportunityCardData_id:32,OpportunityCardConsequencesData_logId:1]
6427035,805,0:44:35,0,[OpportunityCardData_id:32]
6427035,806,0:44:35,0,[OpportunityCardData_id:32,PriorityData_type:2]
6427035,807,0:44:36,0,[OpportunityCardData_id:32]
6427035,808,0:44:39,0,[OpportunityCardData_id:32]
6427035,809,0:44:43,0,[OpportunityCardData_id:32,PriorityData_type:4,false]
6427035,1002,0:45:1,0
6427035,1003,0:45:1,1
6427035,207,0:45:34,0,-200,-185
6427035,221,0:46:10,0
6427035,220,0:46:12,0
6427035,219,0:46:13,0
6427035,216,0:46:13,Stack_G7a1N
6427035,217,0:46:38,Stack_G7a1N,20,0.00
6427035,218,0:46:41,0
6427035,210,0:46:43,726,427
6427035,211,0:46:44,1430,496
6427035,207,0:46:44,0,-400,-430
6427035,210,0:46:44,1478,511
6427035,207,0:46:44,0,-430,-518.45
6427035,211,0:46:45,1450,559
6427035,210,0:46:46,1462,540
6427035,207,0:46:52,0,-518.45,0
6427035,211,0:46:53,271,110
6427035,213,0:46:53,0,s_flag_gen,true
6427035,210,0:46:55,239,84
6427035,211,0:46:59,209,489
6427035,213,0:46:59,0,c_crewKid1_F_G7a1N,true
6427035,210,0:47:1,279,471
6427035,211,0:47:2,247,468
6427035,213,0:47:2,0,c_crewKid1_F_G7a1N,true
6427035,210,0:47:8,799,463
6427035,211,0:47:9,865,519
6427035,212,0:47:10,2
6427035,210,0:47:10,850,435
6427035,211,0:47:11,848,447
6427035,213,0:47:11,0,c_teacherEng_G7a1N,true
6427035,205,0:47:11,0,c_teacherEng_G7a1N,false,false
6427035,212,0:47:15,1
6427035,210,0:47:16,662,513
6427035,207,0:47:19,0,0,-240
6427035,207,0:47:20,0,-240,-480
6427035,211,0:47:21,1351,561
6427035,204,0:47:26,0
6427035,100,0:47:31,0
6427035,102,0:47:33,0
6427035,200,0:47:33,0,0,1,3,0,6
6427035,210,0:47:40,692,295
6427035,211,0:47:43,590,139
6427035,213,0:47:43,0,s_atwoodPoster_gen,true
6427035,210,0:48:5,1061,244
6427035,211,0:48:8,449,47
6427035,210,0:48:9,409,155
6427035,207,0:48:10,0,-200,0
6427035,211,0:48:11,275,136
6427035,213,0:48:11,0,s_flag_gen,false
6427035,221,0:48:16,0
6427035,220,0:48:19,0
6427035,212,0:48:21,0
6427035,210,0:48:22,795,319
6427035,211,0:48:27,215,486
6427035,213,0:48:27,0,c_crewKid1_F_G7a0,true
6427035,221,0:48:35,0
6427035,220,0:49:5,0
6427035,207,0:49:16,0,-200,-155
6427035,210,0:49:25,492,262
6427035,207,0:49:26,0,-200,0
6427035,211,0:49:26,4,284
6427035,212,0:49:28,1
6427035,210,0:49:28,231,157
6427035,211,0:49:32,269,111
6427035,213,0:49:32,0,s_flag_gen,false
6427035,210,0:49:36,249,100
6427035,211,0:49:37,250,145
6427035,213,0:49:37,0,s_flag_gen,false
6427035,1003,0:49:40,1
6427035,1004,0:49:41,0
6427035,800,0:49:44,0,[]
6427035,801,0:49:46,0,[]
6427035,814,0:49:52,0,[3]
6427035,815,0:49:52,0,3,OpportunityCardData_id:19
6427035,817,0:49:54,0,3
6427035,814,0:50:0,0,[2]
6427035,815,0:50:0,0,2,OpportunityCardData_id:13
6427035,816,0:50:2,0,2,OpportunityCardData_id:13
6427035,803,0:50:4,0,[OpportunityCardData_id:13,OpportunityCardConsequencesData_logId:0]
6427035,803,0:50:4,0,[OpportunityCardData_id:13,OpportunityCardConsequencesData_logId:1]
6427035,803,0:50:5,0,[OpportunityCardData_id:13,OpportunityCardConsequencesData_logId:2]
6427035,805,0:50:7,0,[OpportunityCardData_id:13]
6427035,806,0:50:16,0,[OpportunityCardData_id:13,PriorityData_type:4]
6427035,807,0:50:18,0,[OpportunityCardData_id:13]
6427035,808,0:50:21,0,[OpportunityCardData_id:13]
6427035,809,0:50:25,0,[OpportunityCardData_id:13,PriorityData_type:3,false]
6427035,810,0:50:55,0,[OpportunityCardData_id:13,PriorityData_type:2,15,PriorityData_type:3,10]
6427035,814,0:51:1,0,[2]
6427035,815,0:51:1,0,2,OpportunityCardData_id:14
6427035,816,0:51:4,0,2,OpportunityCardData_id:14
6427035,803,0:51:5,0,[OpportunityCardData_id:14,OpportunityCardConsequencesData_logId:0]
6427035,803,0:51:5,0,[OpportunityCardData_id:14,OpportunityCardConsequencesData_logId:1]
6427035,803,0:51:6,0,[OpportunityCardData_id:14,OpportunityCardConsequencesData_logId:2]
6427035,805,0:51:7,0,[OpportunityCardData_id:14]
6427035,806,0:51:8,0,[OpportunityCardData_id:14,PriorityData_type:4]
6427035,807,0:51:10,0,[OpportunityCardData_id:14]
6427035,808,0:51:13,0,[OpportunityCardData_id:14]
6427035,809,0:51:19,0,[OpportunityCardData_id:14,PriorityData_type:3,false]
6427035,810,0:51:23,0,[OpportunityCardData_id:14,PriorityData_type:2,15,PriorityData_type:3,10]
6427035,814,0:51:34,0,[4]
6427035,815,0:51:34,0,4,OpportunityCardData_id:22
6427035,815,0:51:37,0,4,OpportunityCardData_id:26
6427035,815,0:51:37,0,4,OpportunityCardData_id:27
6427035,815,0:51:38,0,4,OpportunityCardData_id:28
6427035,816,0:51:39,0,4,OpportunityCardData_id:28
6427035,803,0:51:41,0,[OpportunityCardData_id:28,OpportunityCardConsequencesData_logId:0]
6427035,803,0:51:41,0,[OpportunityCardData_id:28,OpportunityCardConsequencesData_logId:1]
6427035,803,0:51:42,0,[OpportunityCardData_id:28,OpportunityCardConsequencesData_logId:2]
6427035,805,0:51:43,0,[OpportunityCardData_id:28]
6427035,806,0:51:45,0,[OpportunityCardData_id:28,PriorityData_type:2]
6427035,807,0:51:46,0,[OpportunityCardData_id:28]
6427035,808,0:51:48,0,[OpportunityCardData_id:28]
6427035,809,0:51:53,0,[OpportunityCardData_id:28,PriorityData_type:5,false]
6427035,810,0:51:55,0,[OpportunityCardData_id:28,PriorityData_type:4,15,PriorityData_type:5,10]
6427035,814,0:51:59,0,[4]
6427035,815,0:51:59,0,4,OpportunityCardData_id:22
6427035,815,0:52:0,0,4,OpportunityCardData_id:26
6427035,815,0:52:0,0,4,OpportunityCardData_id:27
6427035,816,0:52:1,0,4,OpportunityCardData_id:27
6427035,803,0:52:5,0,[OpportunityCardData_id:27,OpportunityCardConsequencesData_logId:0]
6427035,803,0:52:6,0,[OpportunityCardData_id:27,OpportunityCardConsequencesData_logId:1]
6427035,803,0:52:6,0,[OpportunityCardData_id:27,OpportunityCardConsequencesData_logId:2]
6427035,805,0:52:8,0,[OpportunityCardData_id:27]
6427035,806,0:52:9,0,[OpportunityCardData_id:27,PriorityData_type:2]
6427035,807,0:52:10,0,[OpportunityCardData_id:27]
6427035,808,0:52:12,0,[OpportunityCardData_id:27]
6427035,809,0:52:20,0,[OpportunityCardData_id:27,Safe,false]
6427035,810,0:52:22,0,[OpportunityCardData_id:27,PriorityData_type:4,15,Safe,Safe]
6427035,818,0:52:55,0,4
6427035,811,0:52:58,0,[OpportunityCardData_id:27,PriorityData_type:2,80,100,PriorityData_type:4,70,75]
6427035,1005,0:52:58,0,[1,1,3]
6427035,1001,0:52:59,0,[]
6427035,1003,0:52:59,1
6427035,1004,0:53:1,0
6427035,1002,0:53:8,0
6427035,1003,0:53:8,1
6427035,210,0:53:24,829,483
6427035,211,0:53:26,675,587
6427035,213,0:53:26,0,s_otherStudent1_G7a0,true
6427035,210,0:53:28,910,508
6427035,207,0:53:31,0,-200,-20
6427035,211,0:53:34,257,130
6427035,213,0:53:34,0,s_flag_gen,true
6427035,205,0:53:34,0,s_flag_gen,false,false
6427035,210,0:53:37,667,518
6427035,207,0:53:39,0,-20,-518.45
6427035,211,0:53:43,1217,156
6427035,213,0:53:43,0,s_clock_G7a0,true
6427035,210,0:53:47,1029,324
6427035,211,0:53:49,595,165
6427035,213,0:53:49,0,s_atwoodPoster_gen,true
6427035,210,0:53:53,817,489
6427035,207,0:53:55,0,-518.45,-413.45
6427035,211,0:53:56,1065,561
6427035,213,0:53:56,0,s_vocabAssignment_G7a0,true
6427035,210,0:54:8,845,451
6427035,207,0:54:10,0,-413.45,-188.45
6427035,211,0:54:11,268,140
6427035,213,0:54:11,0,s_flag_gen,true
6427035,205,0:54:11,0,s_flag_gen,false,true
6427035,210,0:54:22,887,505
6427035,211,0:54:24,652,593
6427035,213,0:54:24,0,s_otherStudent1_G7a1N,true
6427035,210,0:54:26,429,288
6427035,207,0:54:27,0,-400,-175
6427035,207,0:54:29,0,-175,0
6427035,211,0:54:32,352,589
6427035,221,0:54:41,0
6427035,220,0:54:46,0
6427035,212,0:54:48,2
6427035,210,0:54:52,1018,518
6427035,211,0:54:53,868,428
6427035,213,0:54:53,0,c_teacherEng_G7a1N,true
6427035,205,0:54:53,0,c_teacherEng_G7a1N,false,true
6427035,210,0:54:57,984,453
6427035,211,0:54:57,965,478
6427035,212,0:54:58,1
6427035,210,0:54:59,1331,489
6427035,207,0:55:4,0,-400,-205
6427035,207,0:55:6,0,-205,0
6427035,207,0:55:10,0,0,-240
6427035,207,0:55:11,0,-240,-450
6427035,211,0:55:12,1225,514
6427035,213,0:55:12,0,s_otherStudent2_G7a1N,true
6427035,210,0:55:15,860,384
6427035,211,0:55:19,748,475
6427035,210,0:55:23,1100,426
6427035,207,0:55:23,0,-450,-518.45
6427035,211,0:55:24,478,389
6427035,207,0:55:24,0,-518.45,-458.45
6427035,210,0:55:25,386,390
6427035,211,0:55:25,341,390
6427035,207,0:55:25,0,-458.45,-338.45
6427035,210,0:55:26,433,355
6427035,207,0:55:27,0,-338.45,0
6427035,211,0:55:28,87,633
6427035,210,0:55:32,178,400
6427035,211,0:55:35,689,233
6427035,210,0:55:35,446,138
6427035,211,0:55:36,438,183
6427035,213,0:55:36,0,s_posterPlagiarism_gen,true
6427035,212,0:55:40,2
6427035,210,0:55:41,453,127
6427035,211,0:55:44,976,144
6427035,207,0:55:44,0,0,-30
6427035,212,0:55:45,1
6427035,210,0:55:46,504,276
6427035,211,0:55:48,269,183
6427035,213,0:55:48,0,s_flag_gen,true
6427035,212,0:55:52,2
6427035,212,0:55:55,1
6427035,210,0:55:57,502,563
6427035,211,0:56:0,657,604
6427035,213,0:56:0,0,s_otherStudent1_G7a1N,true
6427035,207,0:56:2,0,-30,-60
6427035,210,0:56:2,993,347
6427035,207,0:56:3,0,-60,-345
6427035,211,0:56:4,1224,345
6427035,210,0:56:4,1230,343
6427035,211,0:56:4,1230,343
6427035,210,0:56:5,1228,344
6427035,211,0:56:5,1225,379
6427035,212,0:56:6,2
6427035,210,0:56:6,1219,340
6427035,211,0:56:9,1082,338
6427035,212,0:56:9,1
6427035,210,0:56:10,938,86
6427035,211,0:56:12,761,141
6427035,213,0:56:12,0,s_shakespearePoster_gen,true
6427035,210,0:56:18,1406,569
6427035,207,0:56:18,0,-345,-518.45
6427035,211,0:56:19,1374,504
6427035,212,0:56:20,2
6427035,210,0:56:21,1438,497
6427035,211,0:56:22,1494,355
6427035,212,0:56:22,1
6427035,210,0:56:23,1519,270
6427035,211,0:56:26,636,311
6427035,221,0:56:33,0
6427035,300,0:56:35
6427035,220,0:56:35,0
6427035,221,0:56:59,0
6427035,220,0:57:2,0
6427035,212,0:57:8,2
6427035,210,0:57:9,977,520
6427035,211,0:57:10,836,428
6427035,213,0:57:10,0,c_teacherEng_G7a1N,true
6427035,205,0:57:10,0,c_teacherEng_G7a1N,false,true
6427035,210,0:57:13,1101,465
6427035,211,0:57:14,1195,367
6427035,210,0:57:15,1062,473
6427035,211,0:57:16,1047,518
6427035,213,0:57:16,0,c_bestFriend_F_a_G7a1N,true
6427035,205,0:57:16,0,c_bestFriend_F_a_G7a1N,false,false
6427035,212,0:57:22,1
6427035,210,0:57:23,1193,544
6427035,207,0:57:27,0,-400,-190
6427035,207,0:57:29,0,-190,0
6427035,211,0:57:32,214,478
6427035,213,0:57:32,0,c_crewKid1_F_G7a1N,true
6427035,210,0:57:34,914,465
6427035,207,0:57:37,0,0,-518.45
6427035,211,0:57:41,1172,583
6427035,210,0:57:44,1161,491
6427035,211,0:57:45,926,486
6427035,210,0:57:46,700,145
6427035,207,0:57:49,0,-518.45,-143.45
6427035,207,0:57:51,0,-143.45,0
6427035,207,0:57:59,0,0,-225
6427035,207,0:58:3,0,-225,-450
6427035,207,0:58:4,0,-450,-518.45
6427035,211,0:58:5,1482,564
6427035,212,0:58:5,2
6427035,210,0:58:6,1457,512
6427035,211,0:58:8,1041,528
6427035,213,0:58:8,0,c_bestFriend_F_a_G7a1N,true
6427035,205,0:58:8,0,c_bestFriend_F_a_G7a1N,false,true
6427035,210,0:58:12,698,548
6427035,211,0:58:14,789,364
6427035,213,0:58:14,0,c_teacherEng_G7a1N,true
6427035,205,0:58:14,0,c_teacherEng_G7a1N,false,true
6427035,212,0:58:18,1
6427035,210,0:58:19,1273,309
6427035,211,0:58:21,819,374
6427035,213,0:58:21,0,s_paperPlayers_G7a1N,true
6427035,205,0:58:21,0,s_paperPlayers_G7a1N,false,false
6427035,221,0:58:35,0
6427035,300,0:58:37
6427035,220,0:58:37,0
6427035,221,0:58:43,0
6427035,220,0:58:44,0
6427035,219,0:58:44,0
6427035,216,0:58:45,Stack_G7a1P
6427035,217,0:58:55,Stack_G7a1P,7.7,0.00
6427035,218,0:58:58,0
6427035,210,0:59:4,722,362
6427035,211,0:59:5,736,394
6427035,213,0:59:5,0,c_teacherEng_G7a1P,true
6427035,205,0:59:5,0,c_teacherEng_G7a1P,false,false
6427035,210,0:59:8,653,331
6427035,211,0:59:9,662,379
6427035,213,0:59:9,0,s_paperPlayers_G7a1P,true
6427035,210,0:59:12,738,369
6427035,211,0:59:12,658,366
6427035,213,0:59:12,0,s_paperPlayers_G7a1P,true
6427035,212,0:59:25,2
6427035,210,0:59:25,1022,483
6427035,207,0:59:31,0,-400,0
6427035,211,0:59:37,1109,442
6427035,207,0:59:37,0,0,-105
6427035,207,0:59:38,0,-105,-165
6427035,210,0:59:38,1112,510
6427035,211,0:59:39,1307,510
6427035,207,0:59:39,0,-165,-300
6427035,210,0:59:39,1387,511
6427035,207,0:59:39,0,-300,-450
6427035,211,0:59:40,1232,402
6427035,212,0:59:41,1
6427035,221,0:59:43,0
6427035,300,0:59:45
6427035,220,0:59:45,0
6427035,212,0:59:50,0
6427035,210,0:59:51,1078,387
6427035,211,0:59:53,968,432
6427035,213,0:59:53,0,c_bestFriend_F_a_G7a1P,true
6427035,1003,0:59:57,0
6427035,1004,0:59:58,0
6427035,400,1:0:11,0,[]
6427035,401,1:0:15,0,[StatementsData_logId:0]
6427035,402,1:0:45,0,[StatementsData_logId:0,false]
6427035,405,1:0:48,0,[StatementsData_logId:0]
6427035,406,1:0:54,0,[StatementsData_logId:0,-2]
6427035,411,1:0:59,0,[StatementsData_logId:0]
6427035,401,1:1:5,0,[StatementsData_logId:1]
6427035,403,1:1:10,0,[StatementsData_logId:1,false]
6427035,405,1:1:13,0,[StatementsData_logId:1]
6427035,406,1:1:20,0,[StatementsData_logId:1,-2]
6427035,411,1:1:22,0,[StatementsData_logId:1]
6427035,401,1:1:32,0,[StatementsData_logId:2]
6427035,404,1:1:32,0,[StatementsData_logId:2,true]
6427035,406,1:1:40,0,[StatementsData_logId:2,2]
6427035,412,1:1:45,0,[StatementsData_logId:2]
6427035,413,1:1:48,0,[StatementsData_logId:2,DuelResponsesData_logId:3]
6427035,414,1:1:55,0,[StatementsData_logId:2,DuelResponsesData_logId:3]
6427035,415,1:1:57,0,[StatementsData_logId:2,DuelResponsesData_logId:3,DuelResponsesData_witty_player_response]
6427035,416,1:1:58,0,[StatementsData_logId:2,DuelResponsesData_logId:3]
6427035,417,1:2:3,0,[StatementsData_logId:2,DuelResponsesData_logId:3]
6427035,413,1:2:5,0,[StatementsData_logId:2,DuelResponsesData_logId:4]
6427035,414,1:2:8,0,[StatementsData_logId:2,DuelResponsesData_logId:4]
6427035,415,1:2:9,0,[StatementsData_logId:2,DuelResponsesData_logId:4,DuelResponsesData_witty_player_response]
6427035,416,1:2:11,0,[StatementsData_logId:2,DuelResponsesData_logId:4]
6427035,417,1:2:15,0,[StatementsData_logId:2,DuelResponsesData_logId:4]
6427035,413,1:2:17,0,[StatementsData_logId:2,DuelResponsesData_logId:5]
6427035,414,1:2:20,0,[StatementsData_logId:2,DuelResponsesData_logId:5]
6427035,415,1:2:21,0,[StatementsData_logId:2,DuelResponsesData_logId:5,DuelResponsesData_ok_player_response]
6427035,416,1:2:22,0,[StatementsData_logId:2,DuelResponsesData_logId:5]
6427035,417,1:2:26,0,[StatementsData_logId:2,DuelResponsesData_logId:5]
6427035,418,1:2:26,0,[StatementsData_logId:2,true]
6427035,419,1:2:30,0,[StatementsData_logId:2,4]
6427035,411,1:2:35,0,[StatementsData_logId:2]
6427035,401,1:2:37,0,[StatementsData_logId:3]
6427035,404,1:2:44,0,[StatementsData_logId:3,false]
6427035,405,1:2:45,0,[StatementsData_logId:3]
6427035,406,1:2:49,0,[StatementsData_logId:3,-2]
6427035,411,1:2:51,0,[StatementsData_logId:3]
6427035,401,1:2:55,0,[StatementsData_logId:4]
6427035,404,1:2:57,0,[StatementsData_logId:4,false]
6427035,405,1:2:59,0,[StatementsData_logId:4]
6427035,406,1:3:3,0,[StatementsData_logId:4,-2]
6427035,411,1:3:4,0,[StatementsData_logId:4]
6427035,401,1:3:9,0,[StatementsData_logId:5]
6427035,404,1:3:13,0,[StatementsData_logId:5,true]
6427035,406,1:3:18,0,[StatementsData_logId:5,2]
6427035,412,1:3:21,0,[StatementsData_logId:5]
6427035,413,1:3:24,0,[StatementsData_logId:5,DuelResponsesData_logId:9]
6427035,414,1:3:28,0,[StatementsData_logId:5,DuelResponsesData_logId:9]
6427035,415,1:3:31,0,[StatementsData_logId:5,DuelResponsesData_logId:9,DuelResponsesData_ok_player_response]
6427035,416,1:3:32,0,[StatementsData_logId:5,DuelResponsesData_logId:9]
6427035,417,1:3:35,0,[StatementsData_logId:5,DuelResponsesData_logId:9]
6427035,413,1:3:37,0,[StatementsData_logId:5,DuelResponsesData_logId:10]
6427035,414,1:3:42,0,[StatementsData_logId:5,DuelResponsesData_logId:10]
6427035,415,1:3:44,0,[StatementsData_logId:5,DuelResponsesData_logId:10,DuelResponsesData_witty_player_response]
6427035,416,1:3:45,0,[StatementsData_logId:5,DuelResponsesData_logId:10]
6427035,417,1:3:49,0,[StatementsData_logId:5,DuelResponsesData_logId:10]
6427035,413,1:3:51,0,[StatementsData_logId:5,DuelResponsesData_logId:11]
6427035,414,1:3:53,0,[StatementsData_logId:5,DuelResponsesData_logId:11]
6427035,415,1:3:58,0,[StatementsData_logId:5,DuelResponsesData_logId:11,DuelResponsesData_witty_player_response]
6427035,416,1:3:59,0,[StatementsData_logId:5,DuelResponsesData_logId:11]
6427035,417,1:4:3,0,[StatementsData_logId:5,DuelResponsesData_logId:11]
6427035,418,1:4:3,0,[StatementsData_logId:5,true]
6427035,419,1:4:10,0,[StatementsData_logId:5,4]
6427035,411,1:4:12,0,[StatementsData_logId:5]
6427035,420,1:4:12,0,[36]
6427035,1005,1:4:12,0,[0,0,1]
6427035,1000,1:4:15,0,[]
6427035,400,1:4:16,0,[]
6427035,401,1:4:18,0,[StatementsData_logId:0]
6427035,404,1:4:25,0,[StatementsData_logId:0,false]
6427035,405,1:4:28,0,[StatementsData_logId:0]
6427035,406,1:4:32,0,[StatementsData_logId:0,-2]
6427035,103,1:4:45
6427035,104,1:4:47
6427035,103,1:4:48
6427035,105,1:4:49
6427035,703,1:4:51,[|| EpilogueItem ID: 0 unlocked: false ||,|| EpilogueItem ID: 1 unlocked: false ||,|| EpilogueItem ID: 2 unlocked: false ||,|| EpilogueItem ID: 3 unlocked: false ||,|| EpilogueItem ID: 4 unlocked: false ||,|| EpilogueItem ID: 5 unlocked: false ||,|| EpilogueItem ID: 6 unlocked: false ||,|| EpilogueItem ID: 7 unlocked: false ||,|| EpilogueItem ID: 8 unlocked: false ||,|| EpilogueItem ID: 9 unlocked: false ||,|| EpilogueItem ID: 10 unlocked: false ||,|| EpilogueItem ID: 11 unlocked: false ||,|| EpilogueItem ID: 12 unlocked: false ||,|| EpilogueItem ID: 13 unlocked: false ||,|| EpilogueItem ID: 14 unlocked: false ||,|| EpilogueItem ID: 15 unlocked: false ||,|| EpilogueItem ID: 16 unlocked: false ||,|| EpilogueItem ID: 17 unlocked: false ||,|| EpilogueItem ID: 18 unlocked: false ||,|| EpilogueItem ID: 19 unlocked: false ||,|| EpilogueItem ID: 20 unlocked: false ||,|| EpilogueItem ID: 21 unlocked: false ||,|| EpilogueItem ID: 22 unlocked: false ||,|| EpilogueItem ID: 23 unlocked: false ||,|| EpilogueItem ID: 24 unlocked: false ||],0
6427035,706,1:4:53,(x=884, y=-100, w=1024, h=768),(x=888, y=-100, w=1024, h=768)
6427035,706,1:4:57,(x=1045, y=-100, w=1024, h=768),(x=902, y=-100, w=1024, h=768)
6427035,706,1:5:1,(x=182, y=-100, w=1024, h=768),(x=0, y=-100, w=1024, h=768)
6427035,706,1:5:3,(x=993, y=-100, w=1024, h=768),(x=993, y=-100, w=1024, h=768)
6427035,704,1:5:4,18
6427035,706,1:5:4,(x=993, y=-100, w=1024, h=768),(x=993, y=-100, w=1024, h=768)
6427035,705,1:5:5,18,true
6427035,706,1:5:8,(x=1108, y=-100, w=1024, h=768),(x=1104, y=-100, w=1024, h=768)
6427035,706,1:5:12,(x=1197, y=-100, w=1024, h=768),(x=1245, y=-100, w=1024, h=768)
6427035,706,1:5:12,(x=1247, y=-100, w=1024, h=768),(x=1250, y=-100, w=1024, h=768)
6427035,706,1:5:13,(x=1251, y=-100, w=1024, h=768),(x=1237, y=-100, w=1024, h=768)
6427035,704,1:5:13,18
6427035,706,1:5:13,(x=1251, y=-100, w=1024, h=768),(x=1237, y=-100, w=1024, h=768)
6427035,705,1:5:21,18,true
6427035,706,1:5:37,(x=1261, y=-100, w=1024, h=768),(x=1430, y=-100, w=1024, h=768)
6427035,706,1:5:39,(x=1411, y=-100, w=1024, h=768),(x=1436, y=-100, w=1024, h=768)
6427035,706,1:5:39,(x=1426, y=-100, w=1024, h=768),(x=1398, y=-100, w=1024, h=768)
6427035,706,1:5:39,(x=1398, y=-100, w=1024, h=768),(x=1398, y=-100, w=1024, h=768)
6427035,706,1:5:40,(x=1409, y=-100, w=1024, h=768),(x=1442, y=-100, w=1024, h=768)
6427035,704,1:5:41,20
6427035,706,1:5:41,(x=1444, y=-100, w=1024, h=768),(x=1444, y=-100, w=1024, h=768)
6427035,705,1:5:44,20,true
6427035,706,1:5:46,(x=1446, y=-100, w=1024, h=768),(x=1446, y=-100, w=1024, h=768)
6427035,706,1:5:47,(x=1448, y=-100, w=1024, h=768),(x=1452, y=-100, w=1024, h=768)
6427035,706,1:5:48,(x=1455, y=-100, w=1024, h=768),(x=1464, y=-100, w=1024, h=768)
6427035,704,1:5:49,18
6427035,706,1:5:49,(x=1425, y=-100, w=1024, h=768),(x=1342, y=-100, w=1024, h=768)
6427035,705,1:5:51,18,true
6427035,706,1:5:52,(x=1372, y=-100, w=1024, h=768),(x=1372, y=-100, w=1024, h=768)
6427035,706,1:5:53,(x=1399, y=-100, w=1024, h=768),(x=1425, y=-100, w=1024, h=768)
6427035,706,1:5:54,(x=1446, y=-100, w=1024, h=768),(x=1446, y=-100, w=1024, h=768)
6427035,706,1:5:54,(x=1444, y=-100, w=1024, h=768),(x=1444, y=-100, w=1024, h=768)
6427035,706,1:5:56,(x=2531, y=-100, w=1024, h=768),(x=2531, y=-100, w=1024, h=768)
6427035,708,1:5:56
6427035,1,1:5:56,1/1/1970 0:30:03am,{"gameTime":3956684,"challengeStacks":[{"challengeScenes":[{"miniGameCards":[],"viewedAnimatic":true,"keyPoints":["c_bestFriend_F_a_G7a0","c_teacherEng_G7a0","s_flag_gen"],"unlocked":true,"touchableObjects":["s_vocabAssignment_G7a0","s_doorClassroom_G7a0","s_angelouPoster_gen","s_shakespearePoster_gen","s_poePoster_gen","s_atwoodPoster_gen","c_crewKid1_F_G7a0","s_otherStudent1_G7a0","c_friend1_F_a_G7a0","c_bestFriend_F_a_G7a0","c_teacherEng_G7a0","s_flag_gen","s_clock_G7a0"]},{"miniGameCards":[],"viewedAnimatic":true,"keyPoints":["c_teacherEng_G7a1N","c_bestFriend_F_a_G7a1N","s_paperPlayers_G7a1N"],"unlocked":true,"touchableObjects":["s_flag_gen","c_crewKid1_F_G7a1N","c_teacherEng_G7a1N","s_otherStudent1_G7a1N","s_otherStudent2_G7a1N","s_posterPlagiarism_gen","s_shakespearePoster_gen","c_bestFriend_F_a_G7a1N","s_paperPlayers_G7a1N"]},{"miniGameCards":[],"viewedAnimatic":true,"keyPoints":["c_teacherEng_G7a1P"],"unlocked":true,"touchableObjects":["c_teacherEng_G7a1P","s_paperPlayers_G7a1P"]}],"stackSize":3,"resolved":false},{"challengeScenes":[{"miniGameCards":[],"viewedAnimatic":false,"keyPoints":[],"unlocked":false,"touchableObjects":[]},{"miniGameCards":[],"viewedAnimatic":false,"keyPoints":[],"unlocked":false,"touchableObjects":[]},{"miniGameCards":[],"viewedAnimatic":false,"keyPoints":[],"unlocked":false,"touchableObjects":[]},{"miniGameCards":[],"viewedAnimatic":false,"keyPoints":[],"unlocked":false,"touchableObjects":[]},{"miniGameCards":[],"viewedAnimatic":false,"keyPoints":[],"unlocked":false,"touchableObjects":[]}],"stackSize":5,"resolved":false},{"challengeScenes":[{"miniGameCards":[],"viewedAnimatic":false,"keyPoints":[],"unlocked":false,"touchableObjects":[]},{"miniGameCards":[],"viewedAnimatic":false,"keyPoints":[],"unlocked":false,"touchableObjects":[]},{"miniGameCards":[],"viewedAnimatic":false,"keyPoints":[],"unlocked":false,"touchableObjects":[]},{"miniGameCards":[],"viewedAnimatic":false,"keyPoints":[],"unlocked":false,"touchableObjects":[]},{"miniGameCards":[],"viewedAnimatic":false,"keyPoints":[],"unlocked":false,"touchableObjects":[]},{"miniGameCards":[],"viewedAnimatic":false,"keyPoints":[],"unlocked":false,"touchableObjects":[]},{"miniGameCards":[],"viewedAnimatic":false,"keyPoints":[],"unlocked":false,"touchableObjects":[]}],"stackSize":7,"resolved":false},{"challengeScenes":[{"miniGameCards":[],"viewedAnimatic":false,"keyPoints":[],"unlocked":false,"touchableObjects":[]},{"miniGameCards":[],"viewedAnimatic":false,"keyPoints":[],"unlocked":false,"touchableObjects":[]},{"miniGameCards":[],"viewedAnimatic":false,"keyPoints":[],"unlocked":false,"touchableObjects":[]},{"miniGameCards":[],"viewedAnimatic":false,"keyPoints":[],"unlocked":false,"touchableObjects":[]},{"miniGameCards":[],"viewedAnimatic":false,"keyPoints":[],"unlocked":false,"touchableObjects":[]}],"stackSize":5,"resolved":false},{"challengeScenes":[{"miniGameCards":[],"viewedAnimatic":false,"keyPoints":[],"unlocked":false,"touchableObjects":[]},{"miniGameCards":[],"viewedAnimatic":false,"keyPoints":[],"unlocked":false,"touchableObjects":[]},{"miniGameCards":[],"viewedAnimatic":false,"keyPoints":[],"unlocked":false,"touchableObjects":[]},{"miniGameCards":[],"viewedAnimatic":false,"keyPoints":[],"unlocked":false,"touchableObjects":[]},{"miniGameCards":[],"viewedAnimatic":false,"keyPoints":[],"unlocked":false,"touchableObjects":[]}],"stackSize":5,"resolved":false},{"challengeScenes":[{"miniGameCards":[],"viewedAnimatic":false,"keyPoints":[],"unlocked":false,"touchableObjects":[]},{"miniGameCards":[],"viewedAnimatic":false,"keyPoints":[],"unlocked":false,"touchableObjects":[]},{"miniGameCards":[],"viewedAnimatic":false,"keyPoints":[],"unlocked":false,"touchableObjects":[]},{"miniGameCards":[],"viewedAnimatic":false,"keyPoints":[],"unlocked":false,"touchableObjects":[]},{"miniGameCards":[],"viewedAnimatic":false,"keyPoints":[],"unlocked":false,"touchableObjects":[]}],"stackSize":5,"resolved":false},{"challengeScenes":[{"miniGameCards":[],"viewedAnimatic":false,"keyPoints":[],"unlocked":false,"touchableObjects":[]},{"miniGameCards":[],"viewedAnimatic":false,"keyPoints":[],"unlocked":false,"touchableObjects":[]},{"miniGameCards":[],"viewedAnimatic":false,"keyPoints":[],"unlocked":false,"touchableObjects":[]},{"miniGameCards":[],"viewedAnimatic":false,"keyPoints":[],"unlocked":false,"touchableObjects":[]},{"miniGameCards":[],"viewedAnimatic":false,"keyPoints":[],"unlocked":false,"touchableObjects":[]}],"stackSize":5,"resolved":false},{"challengeScenes":[{"miniGameCards":[],"viewedAnimatic":false,"keyPoints":[],"unlocked":false,"touchableObjects":[]},{"miniGameCards":[],"viewedAnimatic":false,"keyPoints":[],"unlocked":false,"touchableObjects":[]},{"miniGameCards":[],"viewedAnimatic":false,"keyPoints":[],"unlocked":false,"touchableObjects":[]},{"miniGameCards":[],"viewedAnimatic":false,"keyPoints":[],"unlocked":false,"touchableObjects":[]},{"miniGameCards":[],"viewedAnimatic":false,"keyPoints":[],"unlocked":false,"touchableObjects":[]}],"stackSize":5,"resolved":false},{"challengeScenes":[{"miniGameCards":[],"viewedAnimatic":false,"keyPoints":[],"unlocked":false,"touchableObjects":[]},{"miniGameCards":[],"viewedAnimatic":false,"keyPoints":[],"unlocked":false,"touchableObjects":[]},{"miniGameCards":[],"viewedAnimatic":false,"keyPoints":[],"unlocked":false,"touchableObjects":[]},{"miniGameCards":[],"viewedAnimatic":false,"keyPoints":[],"unlocked":false,"touchableObjects":[]},{"miniGameCards":[],"viewedAnimatic":false,"keyPoints":[],"unlocked":false,"touchableObjects":[]}],"stackSize":5,"resolved":false},{"challengeScenes":[{"miniGameCards":[],"viewedAnimatic":false,"keyPoints":[],"unlocked":false,"touchableObjects":[]},{"miniGameCards":[],"viewedAnimatic":false,"keyPoints":[],"unlocked":false,"touchableObjects":[]},{"miniGameCards":[],"viewedAnimatic":false,"keyPoints":[],"unlocked":false,"touchableObjects":[]},{"miniGameCards":[],"viewedAnimatic":false,"keyPoints":[],"unlocked":false,"touchableObjects":[]},{"miniGameCards":[],"viewedAnimatic":false,"keyPoints":[],"unlocked":false,"touchableObjects":[]}],"stackSize":5,"resolved":false},{"challengeScenes":[{"miniGameCards":[],"viewedAnimatic":false,"keyPoints":[],"unlocked":false,"touchableObjects":[]},{"miniGameCards":[],"viewedAnimatic":false,"keyPoints":[],"unlocked":false,"touchableObjects":[]},{"miniGameCards":[],"viewedAnimatic":false,"keyPoints":[],"unlocked":false,"touchableObjects":[]},{"miniGameCards":[],"viewedAnimatic":false,"keyPoints":[],"unlocked":false,"touchableObjects":[]},{"miniGameCards":[],"viewedAnimatic":false,"keyPoints":[],"unlocked":false,"touchableObjects":[]}],"stackSize":5,"resolved":false},{"challengeScenes":[{"miniGameCards":[],"viewedAnimatic":false,"keyPoints":[],"unlocked":false,"touchableObjects":[]},{"miniGameCards":[],"viewedAnimatic":false,"keyPoints":[],"unlocked":false,"touchableObjects":[]},{"miniGameCards":[],"viewedAnimatic":false,"keyPoints":[],"unlocked":false,"touchableObjects":[]},{"miniGameCards":[],"viewedAnimatic":false,"keyPoints":[],"unlocked":false,"touchableObjects":[]},{"miniGameCards":[],"viewedAnimatic":false,"keyPoints":[],"unlocked":false,"touchableObjects":[]}],"stackSize":5,"resolved":false},{"challengeScenes":[{"miniGameCards":[],"viewedAnimatic":false,"keyPoints":[],"unlocked":true,"touchableObjects":["c_education_G0a0","c_friends_G0a0"]},{"miniGameCards":[],"viewedAnimatic":false,"keyPoints":["c_job_G0a1N","c_family_cauc_a_G0a1N","c_home_G0a1N"],"unlocked":true,"touchableObjects":["c_job_G0a1N","c_family_cauc_a_G0a1N","c_home_G0a1N"]},{"miniGameCards":[],"viewedAnimatic":false,"keyPoints":["c_Nurse_G0a1P","c_Teacher_G0a1P","c_grandma_cauc_a_G0a1P","c_kidsister_cauc_a_G0a1P","c_dad_cauc_a_G0a1P","c_mom_cauc_a_G0a1P"],"unlocked":true,"touchableObjects":["c_cousins_F_a_G0a1P","c_friends_G0a1P","c_Nurse_G0a1P","c_Teacher_G0a1P","c_grandma_cauc_a_G0a1P","c_kidsister_cauc_a_G0a1P","c_dad_cauc_a_G0a1P","c_mom_cauc_a_G0a1P"]}],"stackSize":3,"resolved":true}],"sessionId":1,"epilogue":{"rating":0},"playerId":6427035,"session":[{"sceneId":"1P","stackId":12},{"sceneId":"1P","stackId":0}],"minigames":[{"levelSaveData":[{"starRating":1,"unlocked":true},{"starRating":0,"unlocked":false},{"starRating":0,"unlocked":false},{"starRating":0,"unlocked":false},{"starRating":0,"unlocked":false},{"starRating":0,"unlocked":false},{"starRating":0,"unlocked":false},{"starRating":0,"unlocked":false},{"starRating":0,"unlocked":false},{"starRating":0,"unlocked":false}],"skillPoints":1},{"levelSaveData":[{"starRating":3,"unlocked":true},{"starRating":0,"unlocked":false},{"starRating":0,"unlocked":false},{"starRating":0,"unlocked":false},{"starRating":0,"unlocked":false},{"starRating":0,"unlocked":false},{"starRating":0,"unlocked":false},{"starRating":0,"unlocked":false},{"starRating":0,"unlocked":false},{"starRating":0,"unlocked":false}],"skillPoints":3},{"levelSaveData":[{"starRating":3,"unlocked":true},{"starRating":0,"unlocked":false},{"starRating":0,"unlocked":false},{"starRating":0,"unlocked":false},{"starRating":0,"unlocked":false},{"starRating":0,"unlocked":false},{"starRating":0,"unlocked":false},{"starRating":0,"unlocked":false},{"starRating":0,"unlocked":false},{"starRating":0,"unlocked":false}],"skillPoints":3},{"levelSaveData":[{"starRating":0,"unlocked":false},{"starRating":0,"unlocked":false},{"starRating":0,"unlocked":false},{"starRating":0,"unlocked":false},{"starRating":0,"unlocked":false},{"starRating":0,"unlocked":false},{"starRating":0,"unlocked":false},{"starRating":0,"unlocked":false},{"starRating":0,"unlocked":false},{"starRating":0,"unlocked":false}],"skillPoints":0},{"age":11,"name":"angelis123","gender":1,"levelSaveData":[{"starRating":3,"unlocked":true},{"starRating":3,"chunks":[["1"],["0$$happyness","0$$I FEEL IN LOVE"],["1$$kindness","0$$family","6$$I LOVE GOOD MU"],["3"]],"unlocked":true},{"starRating":0,"chunks":[[null],[null,null],[null,null]],"unlocked":false},{"starRating":0,"chunks":[[null],[null],[null],[null],[null,null],[null]],"unlocked":false},{"starRating":0,"chunks":[[null],[null],[null,null],[null],[null],[null]],"unlocked":false},{"starRating":0,"chunks":[[null],[null,null,null,null],[null],[null]],"unlocked":false},{"starRating":0,"chunks":[[null],[null],[null,null],[null,null],[null]],"unlocked":false},{"starRating":0,"chunks":[[null,null,null],[null,null,null],[null],[null],[null]],"unlocked":false},{"starRating":0,"chunks":[[null,null,null],[null,null,null],[null,null]],"unlocked":false},{"starRating":0,"chunks":[[null],[null],[null],[null],[null],[null]],"unlocked":false}],"visualAvatar":0,"id":1,"skillPoints":6}],"avatar":{"age":11,"name":"angelis123","gender":1,"levelSaveData":[{"starRating":3,"unlocked":true},{"starRating":3,"chunks":[["1"],["0$$happyness","0$$I FEEL IN LOVE"],["1$$kindness","0$$family","6$$I LOVE GOOD MU"],["3"]],"unlocked":true},{"starRating":0,"chunks":[[null],[null,null],[null,null]],"unlocked":false},{"starRating":0,"chunks":[[null],[null],[null],[null],[null,null],[null]],"unlocked":false},{"starRating":0,"chunks":[[null],[null],[null,null],[null],[null],[null]],"unlocked":false},{"starRating":0,"chunks":[[null],[null,null,null,null],[null],[null]],"unlocked":false},{"starRating":0,"chunks":[[null],[null],[null,null],[null,null],[null]],"unlocked":false},{"starRating":0,"chunks":[[null,null,null],[null,null,null],[null],[null],[null]],"unlocked":false},{"starRating":0,"chunks":[[null,null,null],[null,null,null],[null,null]],"unlocked":false},{"starRating":0,"chunks":[[null],[null],[null],[null],[null],[null]],"unlocked":false}],"visualAvatar":0,"id":1,"skillPoints":6}}
