6607010,0,2:47:28,3/5/2014 4:01:09pm
6607010,100,2:47:53,10
6607010,102,2:47:55,10
6607010,200,2:47:55,10,6,12,9,9,12
6607010,210,2:47:57,784,291
6607010,211,2:48:0,805,191
6607010,213,2:48:0,10,s_pictureMom_lati_gen,false
6607010,1003,2:48:3,1
6607010,1004,2:48:6,9
6607010,800,2:48:8,9,[]
6607010,801,2:48:9,9,[]
6607010,814,2:48:10,9,[4]
6607010,815,2:48:10,9,4,OpportunityCardData_id:24
6607010,815,2:48:11,9,4,OpportunityCardData_id:25
6607010,815,2:48:13,9,4,OpportunityCardData_id:26
6607010,815,2:48:15,9,4,OpportunityCardData_id:27
6607010,815,2:48:16,9,4,OpportunityCardData_id:28
6607010,815,2:48:16,9,4,OpportunityCardData_id:29
6607010,815,2:48:17,9,4,OpportunityCardData_id:31
6607010,815,2:48:18,9,4,OpportunityCardData_id:24
6607010,815,2:48:18,9,4,OpportunityCardData_id:25
6607010,816,2:48:22,9,4,OpportunityCardData_id:25
6607010,803,2:48:24,9,[OpportunityCardData_id:25,OpportunityCardConsequencesData_logId:0]
6607010,803,2:48:25,9,[OpportunityCardData_id:25,OpportunityCardConsequencesData_logId:1]
6607010,803,2:48:25,9,[OpportunityCardData_id:25,OpportunityCardConsequencesData_logId:2]
6607010,805,2:48:26,9,[OpportunityCardData_id:25]
6607010,806,2:48:30,9,[OpportunityCardData_id:25,PriorityData_type:0]
6607010,806,2:48:32,9,[OpportunityCardData_id:25,PriorityData_type:3]
6607010,807,2:48:33,9,[OpportunityCardData_id:25]
6607010,808,2:48:34,9,[OpportunityCardData_id:25]
6607010,809,2:48:38,9,[OpportunityCardData_id:25,Safe,false]
6607010,810,2:48:39,9,[OpportunityCardData_id:25,PriorityData_type:4,10,Safe,Safe]
6607010,814,2:48:41,9,[4]
6607010,815,2:48:41,9,4,OpportunityCardData_id:24
6607010,815,2:48:42,9,4,OpportunityCardData_id:26
6607010,815,2:48:42,9,4,OpportunityCardData_id:27
6607010,815,2:48:44,9,4,OpportunityCardData_id:26
6607010,816,2:48:45,9,4,OpportunityCardData_id:26
6607010,803,2:48:46,9,[OpportunityCardData_id:26,OpportunityCardConsequencesData_logId:0]
6607010,803,2:48:47,9,[OpportunityCardData_id:26,OpportunityCardConsequencesData_logId:1]
6607010,805,2:48:49,9,[OpportunityCardData_id:26]
6607010,806,2:48:51,9,[OpportunityCardData_id:26,PriorityData_type:3]
6607010,807,2:48:52,9,[OpportunityCardData_id:26]
6607010,808,2:48:54,9,[OpportunityCardData_id:26]
6607010,809,2:48:58,9,[OpportunityCardData_id:26,PriorityData_type:0,false]
6607010,810,2:48:59,9,[OpportunityCardData_id:26,PriorityData_type:4,20,PriorityData_type:0,25]
6607010,814,2:49:2,9,[4]
6607010,815,2:49:2,9,4,OpportunityCardData_id:24
6607010,815,2:49:3,9,4,OpportunityCardData_id:27
6607010,815,2:49:3,9,4,OpportunityCardData_id:28
6607010,815,2:49:3,9,4,OpportunityCardData_id:29
6607010,815,2:49:4,9,4,OpportunityCardData_id:31
6607010,815,2:49:4,9,4,OpportunityCardData_id:24
6607010,815,2:49:5,9,4,OpportunityCardData_id:27
6607010,815,2:49:5,9,4,OpportunityCardData_id:28
6607010,817,2:49:8,9,4
6607010,814,2:49:9,9,[3]
6607010,815,2:49:9,9,3,OpportunityCardData_id:17
6607010,815,2:49:10,9,3,OpportunityCardData_id:18
6607010,815,2:49:11,9,3,OpportunityCardData_id:19
6607010,816,2:49:12,9,3,OpportunityCardData_id:19
6607010,805,2:49:13,9,[OpportunityCardData_id:19]
6607010,806,2:49:19,9,[OpportunityCardData_id:19,PriorityData_type:5]
6607010,807,2:49:20,9,[OpportunityCardData_id:19]
6607010,808,2:49:22,9,[OpportunityCardData_id:19]
6607010,809,2:49:26,9,[OpportunityCardData_id:19,PriorityData_type:5,true]
6607010,810,2:49:27,9,[OpportunityCardData_id:19,PriorityData_type:3,10,Safe,Safe]
6607010,814,2:49:32,9,[3]
6607010,815,2:49:32,9,3,OpportunityCardData_id:17
6607010,815,2:49:33,9,3,OpportunityCardData_id:18
6607010,815,2:49:33,9,3,OpportunityCardData_id:20
6607010,815,2:49:34,9,3,OpportunityCardData_id:18
6607010,816,2:49:35,9,3,OpportunityCardData_id:18
6607010,805,2:49:37,9,[OpportunityCardData_id:18]
6607010,806,2:49:41,9,[OpportunityCardData_id:18,PriorityData_type:0]
6607010,807,2:49:42,9,[OpportunityCardData_id:18]
6607010,808,2:49:44,9,[OpportunityCardData_id:18]
6607010,809,2:49:47,9,[OpportunityCardData_id:18,PriorityData_type:5,false]
6607010,810,2:49:50,9,[OpportunityCardData_id:18,PriorityData_type:3,10,PriorityData_type:5,5]
6607010,814,2:49:53,9,[4]
6607010,815,2:49:53,9,4,OpportunityCardData_id:24
6607010,816,2:49:55,9,4,OpportunityCardData_id:24
6607010,805,2:49:56,9,[OpportunityCardData_id:24]
6607010,806,2:49:59,9,[OpportunityCardData_id:24,PriorityData_type:5]
6607010,807,2:50:0,9,[OpportunityCardData_id:24]
6607010,808,2:50:1,9,[OpportunityCardData_id:24]
6607010,809,2:50:6,9,[OpportunityCardData_id:24,PriorityData_type:0,false]
6607010,810,2:50:7,9,[OpportunityCardData_id:24,PriorityData_type:4,15,PriorityData_type:0,5]
6607010,814,2:50:10,9,[0]
6607010,815,2:50:10,9,0,OpportunityCardData_id:0
6607010,816,2:50:12,9,0,OpportunityCardData_id:0
6607010,805,2:50:13,9,[OpportunityCardData_id:0]
6607010,806,2:50:16,9,[OpportunityCardData_id:0,PriorityData_type:5]
6607010,807,2:50:17,9,[OpportunityCardData_id:0]
6607010,808,2:50:18,9,[OpportunityCardData_id:0]
6607010,809,2:50:22,9,[OpportunityCardData_id:0,Safe,false]
6607010,810,2:50:23,9,[OpportunityCardData_id:0,PriorityData_type:0,15,Safe,Safe]
6607010,814,2:50:25,9,[0]
6607010,815,2:50:25,9,0,OpportunityCardData_id:1
6607010,815,2:50:26,9,0,OpportunityCardData_id:2
6607010,815,2:50:27,9,0,OpportunityCardData_id:1
6607010,815,2:50:28,9,0,OpportunityCardData_id:2
6607010,815,2:50:29,9,0,OpportunityCardData_id:3
6607010,816,2:50:31,9,0,OpportunityCardData_id:3
6607010,805,2:50:33,9,[OpportunityCardData_id:3]
6607010,806,2:50:36,9,[OpportunityCardData_id:3,PriorityData_type:5]
6607010,807,2:50:37,9,[OpportunityCardData_id:3]
6607010,808,2:50:39,9,[OpportunityCardData_id:3]
6607010,809,2:50:42,9,[OpportunityCardData_id:3,Safe,false]
6607010,810,2:50:43,9,[OpportunityCardData_id:3,PriorityData_type:0,25,Safe,Safe]
6607010,814,2:50:45,9,[0]
6607010,815,2:50:45,9,0,OpportunityCardData_id:1
6607010,815,2:50:47,9,0,OpportunityCardData_id:2
6607010,816,2:50:48,9,0,OpportunityCardData_id:2
6607010,805,2:50:48,9,[OpportunityCardData_id:2]
6607010,806,2:50:50,9,[OpportunityCardData_id:2,PriorityData_type:5]
6607010,807,2:50:51,9,[OpportunityCardData_id:2]
6607010,808,2:50:53,9,[OpportunityCardData_id:2]
6607010,809,2:50:57,9,[OpportunityCardData_id:2,PriorityData_type:4,false]
6607010,810,2:50:58,9,[OpportunityCardData_id:2,PriorityData_type:0,10,PriorityData_type:4,15]
6607010,814,2:51:1,9,[4]
6607010,815,2:51:1,9,4,OpportunityCardData_id:27
6607010,816,2:51:2,9,4,OpportunityCardData_id:27
6607010,805,2:51:3,9,[OpportunityCardData_id:27]
6607010,806,2:51:4,9,[OpportunityCardData_id:27,PriorityData_type:5]
6607010,807,2:51:5,9,[OpportunityCardData_id:27]
6607010,808,2:51:7,9,[OpportunityCardData_id:27]
6607010,809,2:51:11,9,[OpportunityCardData_id:27,Safe,false]
6607010,810,2:51:20,9,[OpportunityCardData_id:27,PriorityData_type:4,15,Safe,Safe]
6607010,818,2:51:22,9,7
6607010,811,2:51:23,9,[OpportunityCardData_id:27,PriorityData_type:0,70,70,PriorityData_type:4,70,80]
6607010,1005,2:51:23,9,[1,0,3]
6607010,1001,2:51:25,9,[]
6607010,1003,2:51:25,1
6607010,210,2:51:29,945,130
6607010,211,2:51:30,815,189
6607010,213,2:51:30,10,s_pictureMom_lati_gen,false
6607010,1003,2:51:33,1
6607010,1004,2:51:36,1
6607010,800,2:51:37,1,[]
6607010,801,2:51:39,1,[]
6607010,814,2:51:41,1,[3]
6607010,815,2:51:41,1,3,OpportunityCardData_id:19
6607010,816,2:51:42,1,3,OpportunityCardData_id:19
6607010,805,2:51:43,1,[OpportunityCardData_id:19]
6607010,806,2:51:49,1,[OpportunityCardData_id:19,PriorityData_type:0]
6607010,807,2:51:49,1,[OpportunityCardData_id:19]
6607010,808,2:51:51,1,[OpportunityCardData_id:19]
6607010,809,2:51:55,1,[OpportunityCardData_id:19,Safe,false]
6607010,810,2:51:55,1,[OpportunityCardData_id:19,PriorityData_type:3,25,Safe,Safe]
6607010,814,2:51:57,1,[3]
6607010,815,2:51:57,1,3,OpportunityCardData_id:20
6607010,815,2:51:58,1,3,OpportunityCardData_id:21
6607010,815,2:52:0,1,3,OpportunityCardData_id:23
6607010,816,2:52:1,1,3,OpportunityCardData_id:23
6607010,805,2:52:2,1,[OpportunityCardData_id:23]
6607010,806,2:52:4,1,[OpportunityCardData_id:23,PriorityData_type:0]
6607010,807,2:52:4,1,[OpportunityCardData_id:23]
6607010,808,2:52:6,1,[OpportunityCardData_id:23]
6607010,809,2:52:11,1,[OpportunityCardData_id:23,PriorityData_type:2,false]
6607010,810,2:52:11,1,[OpportunityCardData_id:23,PriorityData_type:3,10,PriorityData_type:2,15]
6607010,814,2:52:14,1,[0]
6607010,815,2:52:14,1,0,OpportunityCardData_id:0
6607010,816,2:52:15,1,0,OpportunityCardData_id:0
6607010,805,2:52:16,1,[OpportunityCardData_id:0]
6607010,806,2:52:19,1,[OpportunityCardData_id:0,PriorityData_type:3]
6607010,807,2:52:20,1,[OpportunityCardData_id:0]
6607010,808,2:52:22,1,[OpportunityCardData_id:0]
6607010,809,2:52:26,1,[OpportunityCardData_id:0,PriorityData_type:3,true]
6607010,810,2:52:26,1,[OpportunityCardData_id:0,PriorityData_type:0,15,Safe,Safe]
6607010,818,2:52:27,1,9
6607010,811,2:52:29,1,[OpportunityCardData_id:0,PriorityData_type:0,70,75,PriorityData_type:3,80,85]
6607010,1005,2:52:29,1,[1,0,3]
6607010,1001,2:52:30,1,[]
6607010,1003,2:52:30,1
6607010,210,2:52:37,842,145
6607010,211,2:52:38,818,163
6607010,213,2:52:38,10,s_pictureMom_lati_gen,false
6607010,1003,2:52:40,1
6607010,204,2:52:43,10
6607010,100,2:52:46,2
6607010,102,2:52:47,2
6607010,200,2:52:47,2,6,18,9,9,12
6607010,210,2:52:50,977,519
6607010,207,2:52:55,2,-200,-492
6607010,211,2:53:2,787,499
6607010,213,2:53:2,2,s_bottleTable_G8a0,true
6607010,210,2:53:5,625,292
6607010,207,2:53:6,2,-492,-357
6607010,207,2:53:8,2,-357,-42
6607010,207,2:53:8,2,-42,0
6607010,211,2:53:11,388,148
6607010,213,2:53:11,2,s_clock_G8a0,true
6607010,205,2:53:11,2,s_clock_G8a0,false,true
6607010,210,2:53:14,288,256
6607010,207,2:53:19,2,0,-492
6607010,211,2:53:19,1433,666
6607010,212,2:53:21,2
6607010,210,2:53:21,1375,427
6607010,211,2:53:24,1092,310
6607010,213,2:53:24,2,c_crewKid1_M_a_G8a0,true
6607010,210,2:53:28,966,345
6607010,207,2:53:30,2,-492,-297
6607010,211,2:53:36,514,581
6607010,213,2:53:36,2,s_bottleCrush2_M_G8a0,true
6607010,205,2:53:36,2,s_bottleCrush2_M_G8a0,false,false
6607010,210,2:53:39,248,576
6607010,207,2:53:40,2,-297,-117
6607010,207,2:53:42,2,-117,0
6607010,207,2:53:48,2,0,-492
6607010,211,2:53:57,1453,117
6607010,212,2:53:59,0
6607010,219,2:54:0,2
6607010,218,2:54:4,2
6607010,210,2:54:4,1313,227
6607010,211,2:54:17,789,628
6607010,213,2:54:17,2,s_bottleFloor_G8a0,true
6607010,210,2:54:21,808,478
6607010,207,2:54:29,2,-492,-267
6607010,211,2:54:32,493,550
6607010,213,2:54:32,2,c_crush2_M_a_G8a0,true
6607010,205,2:54:32,2,c_crush2_M_a_G8a0,false,true
6607010,210,2:54:35,765,272
6607010,207,2:54:37,2,-267,-102
6607010,207,2:54:40,2,-102,-417
6607010,207,2:54:43,2,-417,-492
6607010,211,2:54:44,1337,607
6607010,204,2:54:50,2
6607010,100,2:54:52,2
6607010,102,2:54:53,2
6607010,200,2:54:53,2,6,18,9,9,12
6607010,221,2:54:56,2
6607010,220,2:54:59,2
6607010,210,2:55:3,800,235
6607010,211,2:55:6,728,549
6607010,213,2:55:6,2,s_crush2Lips_M_G8a1N,true
6607010,205,2:55:6,2,s_crush2Lips_M_G8a1N,false,true
6607010,210,2:55:9,693,481
6607010,211,2:55:10,699,530
6607010,213,2:55:10,2,c_crush2_M_a_G8a1N,true
6607010,210,2:55:13,681,494
6607010,211,2:55:15,635,428
6607010,213,2:55:15,2,s_crush2Eyes_M_G8a1N,true
6607010,205,2:55:15,2,s_crush2Eyes_M_G8a1N,false,false
6607010,210,2:55:19,946,435
6607010,207,2:55:27,2,-200,-5
6607010,207,2:55:27,2,-5,0
6607010,207,2:55:32,2,0,-492
6607010,207,2:55:40,2,-492,-222
6607010,211,2:55:40,458,153
6607010,212,2:55:42,1
6607010,210,2:55:43,1098,494
6607010,211,2:55:48,482,150
6607010,213,2:55:48,2,s_basementDoor_gen,true
6607010,205,2:55:48,2,s_basementDoor_gen,false,true
6607010,210,2:55:51,356,103
6607010,207,2:55:52,2,-222,-132
6607010,207,2:55:52,2,-132,-12
6607010,211,2:55:54,534,608
6607010,213,2:55:54,2,s_dirtyClothes_gen,true
6607010,205,2:55:54,2,s_dirtyClothes_gen,false,true
6607010,221,2:55:59,2
6607010,220,2:56:4,2
6607010,212,2:56:5,0
6607010,210,2:56:6,1044,462
6607010,207,2:56:6,2,-12,-87
6607010,207,2:56:7,2,-87,-297
6607010,211,2:56:10,227,325
6607010,207,2:56:10,2,-297,-207
6607010,210,2:56:10,190,562
6607010,207,2:56:10,2,-207,-132
6607010,211,2:56:11,393,691
6607010,210,2:56:13,422,573
6607010,207,2:56:15,2,-132,0
6607010,207,2:56:20,2,0,-285
6607010,207,2:56:23,2,-285,-492
6607010,207,2:56:29,2,-492,-417
6607010,207,2:56:30,2,-417,-282
6607010,207,2:56:32,2,-282,-42
6607010,207,2:56:33,2,-42,0
6607010,211,2:56:41,708,534
6607010,213,2:56:41,2,s_crush2Sore_M_G8a1N,true
6607010,205,2:56:41,2,s_crush2Sore_M_G8a1N,false,false
6607010,221,2:56:46,2
6607010,220,2:56:47,2
6607010,210,2:56:52,391,447
6607010,211,2:56:53,404,467
6607010,213,2:56:53,2,c_nurse_a_G8a3N,true
6607010,205,2:56:53,2,c_nurse_a_G8a3N,false,false
6607010,210,2:56:57,828,468
6607010,211,2:56:57,799,508
6607010,213,2:56:57,2,c_nurse_a_G8a3N,true
6607010,205,2:56:57,2,c_nurse_a_G8a3N,false,true
6607010,210,2:57:1,368,416
6607010,207,2:57:2,2,-200,-185
6607010,207,2:57:3,2,-185,0
6607010,211,2:57:5,176,561
6607010,213,2:57:5,2,s_pamphlet1_G8a3N,true
6607010,205,2:57:5,2,s_pamphlet1_G8a3N,false,false
6607010,210,2:57:8,43,479
6607010,211,2:57:13,445,198
6607010,213,2:57:13,2,s_pamphlet2_G8a3N,true
6607010,210,2:57:17,517,171
6607010,207,2:57:19,2,0,-195
6607010,207,2:57:21,2,-195,-465
6607010,207,2:57:23,2,-465,-492
6607010,207,2:57:30,2,-492,-417
6607010,211,2:57:30,824,87
6607010,212,2:57:31,2
6607010,210,2:57:32,1063,261
6607010,207,2:57:37,2,-417,-222
6607010,207,2:57:39,2,-222,-102
6607010,207,2:57:40,2,-102,0
6607010,211,2:57:40,3,508
6607010,210,2:57:40,51,417
6607010,211,2:57:45,760,149
6607010,212,2:57:46,1
6607010,210,2:57:47,881,452
6607010,211,2:57:48,396,457
6607010,213,2:57:48,2,s_mirror_lati_M_a_G8a3N,true
6607010,205,2:57:48,2,s_mirror_lati_M_a_G8a3N,false,true
6607010,210,2:57:52,722,423
6607010,207,2:57:54,2,0,-180
6607010,207,2:57:55,2,-180,-492
6607010,207,2:58:1,2,-492,-297
6607010,207,2:58:2,2,-297,-57
6607010,207,2:58:5,2,-57,0
6607010,211,2:58:6,204,455
6607010,213,2:58:6,2,s_door_G8a3N,true
6607010,210,2:58:8,9,182
6607010,211,2:58:9,33,421
6607010,210,2:58:10,196,563
6607010,207,2:58:16,2,0,-240
6607010,207,2:58:18,2,-240,-492
6607010,211,2:58:25,1148,683
6607010,210,2:58:29,1093,536
6607010,211,2:58:29,1054,497
6607010,221,2:58:31,2
6607010,220,2:58:33,2
6607010,219,2:58:33,2
6607010,216,2:58:34,Stack_G8a3P
6607010,217,2:58:51,Stack_G8a3P,15,0.00
6607010,218,2:58:52,2
6607010,210,2:58:53,850,418
6607010,211,2:58:54,801,345
6607010,213,2:58:54,2,s_kidsCouch_G8a3P,true
6607010,205,2:58:54,2,s_kidsCouch_G8a3P,false,false
6607010,210,2:58:57,849,238
6607010,211,2:58:58,890,299
6607010,213,2:58:58,2,s_window_G8a3P,true
6607010,210,2:59:1,1087,330
6607010,207,2:59:3,2,-200,-5
6607010,211,2:59:4,94,214
6607010,213,2:59:4,2,c_cousin_M_a_G8a3P,true
6607010,210,2:59:10,370,141
6607010,207,2:59:17,2,-5,-492
6607010,211,2:59:19,1205,422
6607010,212,2:59:20,0
6607010,210,2:59:21,1337,555
6607010,211,2:59:22,1115,430
6607010,213,2:59:22,2,c_crush2_M_a_G8a3P,true
6607010,205,2:59:22,2,c_crush2_M_a_G8a3P,false,false
6607010,207,2:59:39,2,-200,-170
6607010,210,2:59:39,269,423
6607010,207,2:59:43,2,-170,0
6607010,211,2:59:45,226,374
6607010,213,2:59:45,2,s_door_G8a3N,true
6607010,210,2:59:47,808,116
6607010,207,2:59:48,2,0,-225
6607010,207,2:59:49,2,-225,-315
6607010,207,2:59:50,2,-315,-492
6607010,211,2:59:55,1145,489
6607010,213,2:59:55,2,s_phone_G8a3N,true
6607010,210,2:59:57,1423,466
6607010,207,3:0:3,2,-492,-192
6607010,207,3:0:5,2,-192,0
6607010,211,3:0:12,445,204
6607010,213,3:0:12,2,s_pamphlet2_G8a3N,true
6607010,210,3:0:15,623,251
6607010,211,3:0:23,367,452
6607010,213,3:0:23,2,c_nurse_a_G8a3N,true
6607010,205,3:0:23,2,c_nurse_a_G8a3N,false,true
6607010,210,3:0:35,872,429
6607010,211,3:0:36,969,380
6607010,210,3:0:49,356,447
6607010,207,3:0:52,2,-200,-125
6607010,207,3:0:57,2,-125,-470
6607010,211,3:1:0,806,153
6607010,221,3:1:3,2
6607010,220,3:1:10,2
6607010,210,3:1:13,1409,427
6607010,207,3:1:13,2,-470,-492
6607010,207,3:1:22,2,-492,-312
6607010,211,3:1:27,791,621
6607010,213,3:1:27,2,s_bottleFloor_G8a0,true
6607010,210,3:1:31,271,597
6607010,207,3:1:31,2,-312,-117
6607010,207,3:1:32,2,-117,0
6607010,211,3:1:33,188,221
6607010,213,3:1:33,2,s_stairs_G8a0,true
6607010,210,3:1:37,1037,448
6607010,207,3:1:38,2,0,-75
6607010,207,3:1:39,2,-75,-492
6607010,211,3:1:44,891,222
6607010,219,3:1:45,2
6607010,216,3:1:49,Stack_G8a0
6607010,217,3:2:6,Stack_G8a0,17,0.00
6607010,218,3:2:8,2
6607010,210,3:2:9,1115,326
6607010,211,3:2:11,887,495
6607010,212,3:2:13,2
6607010,210,3:2:13,961,412
6607010,211,3:2:14,883,516
6607010,212,3:2:15,1
6607010,210,3:2:16,998,480
6607010,211,3:2:19,878,494
6607010,213,3:2:19,2,s_cellphone_G8a0,true
6607010,205,3:2:19,2,s_cellphone_G8a0,false,false
6607010,221,3:2:24,2
6607010,220,3:2:28,2
6607010,212,3:2:40,0
6607010,210,3:2:40,1255,554
6607010,207,3:2:40,2,-200,-275
6607010,207,3:2:41,2,-275,-492
6607010,207,3:2:47,2,-492,-297
6607010,207,3:2:52,2,-297,-72
6607010,211,3:2:53,249,291
6607010,213,3:2:53,2,s_door_G8a3N,true
6607010,210,3:2:55,215,540
6607010,211,3:2:59,183,572
6607010,213,3:2:59,2,s_pamphlet1_G8a3N,true
6607010,205,3:2:59,2,s_pamphlet1_G8a3N,false,true
6607010,210,3:3:2,378,430
6607010,211,3:3:3,374,486
6607010,213,3:3:3,2,c_nurse_a_G8a3N,true
6607010,205,3:3:3,2,c_nurse_a_G8a3N,false,true
6607010,207,3:3:7,2,-72,0
6607010,210,3:3:7,36,411
6607010,207,3:3:13,2,0,-270
6607010,211,3:3:15,1065,472
6607010,210,3:3:16,1123,473
6607010,211,3:3:16,1165,481
6607010,213,3:3:16,2,s_phone_G8a3N,true
6607010,210,3:3:18,1241,475
6607010,207,3:3:18,2,-270,-465
6607010,207,3:3:23,2,-465,-492
6607010,211,3:3:29,1464,687
6607010,210,3:3:31,1150,554
6607010,207,3:3:35,2,-492,-297
6607010,207,3:3:38,2,-297,0
6607010,211,3:3:47,1055,83
6607010,207,3:3:47,2,0,-90
6607010,210,3:3:50,842,389
6607010,207,3:3:53,2,-90,-492
6607010,211,3:3:55,1302,159
6607010,210,3:4:21,1494,140
6607010,211,3:4:21,1494,140
6607010,210,3:4:27,1324,454
6607010,207,3:4:40,2,-492,-297
6607010,211,3:4:40,517,204
6607010,210,3:4:41,545,171
6607010,211,3:4:41,545,172
6607010,210,3:4:42,573,131
6607010,211,3:4:46,605,254
6607010,210,3:4:47,273,257
6607010,207,3:4:47,2,-297,-117
6607010,207,3:4:48,2,-117,0
6607010,211,3:4:49,175,570
6607010,213,3:4:49,2,s_pamphlet1_G8a3N,true
6607010,205,3:4:49,2,s_pamphlet1_G8a3N,false,true
6607010,210,3:4:53,782,446
6607010,207,3:4:55,2,0,-270
6607010,211,3:4:56,1070,497
6607010,210,3:4:56,503,138
6607010,211,3:4:57,521,188
6607010,213,3:4:57,2,s_pamphlet3_G8a3N,true
6607010,205,3:4:57,2,s_pamphlet3_G8a3N,false,false
6607010,210,3:5:22,743,569
6607010,211,3:5:24,1114,385
6607010,213,3:5:24,2,c_crush2_M_a_G8a3P,true
6607010,205,3:5:24,2,c_crush2_M_a_G8a3P,false,true
6607010,210,3:5:27,913,338
6607010,207,3:5:30,2,-200,0
6607010,211,3:5:31,566,622
6607010,210,3:5:31,252,680
6607010,207,3:5:35,2,0,-450
6607010,207,3:5:37,2,-450,-492
6607010,211,3:5:37,1514,294
6607010,210,3:5:37,1479,256
6607010,211,3:5:41,883,303
6607010,212,3:5:42,2
6607010,210,3:5:42,1063,241
6607010,211,3:5:45,562,353
6607010,213,3:5:45,2,c_friend1_M_a_G8a3P,true
6607010,210,3:5:49,1326,350
6607010,211,3:5:49,1372,353
6607010,213,3:5:49,2,s_kidStanding_G8a3P,true
6607010,210,3:5:53,562,406
6607010,207,3:5:53,2,-492,-387
6607010,207,3:5:58,2,-387,-87
6607010,211,3:5:59,204,306
6607010,213,3:5:59,2,c_crewKid1_M_a_G8a3P,true
6607010,210,3:6:4,181,281
6607010,207,3:6:4,2,-87,0
6607010,211,3:6:9,1140,439
6607010,207,3:6:9,2,0,-135
6607010,212,3:6:11,1
6607010,210,3:6:11,1203,458
6607010,207,3:6:12,2,-135,-465
6607010,207,3:6:19,2,-465,-120
6607010,207,3:6:20,2,-120,0
6607010,211,3:6:22,90,194
6607010,213,3:6:22,2,c_cousin_M_a_G8a3P,true
6607010,210,3:6:29,496,433
6607010,211,3:6:40,793,370
6607010,213,3:6:40,2,s_kidsCouch_G8a3P,true
6607010,205,3:6:40,2,s_kidsCouch_G8a3P,false,true
6607010,210,3:6:43,864,330
6607010,207,3:6:45,2,0,-360
6607010,207,3:6:46,2,-360,-492
6607010,211,3:6:51,1076,365
6607010,210,3:6:52,1165,482
6607010,211,3:6:54,1086,554
6607010,212,3:6:57,0
6607010,221,3:7:4,2
6607010,220,3:7:5,2
6607010,219,3:7:5,2
6607010,216,3:7:6,Stack_G8a1P
6607010,217,3:7:24,Stack_G8a1P,17,0.83
6607010,218,3:7:26,2
6607010,210,3:7:26,995,422
6607010,207,3:7:27,2,-200,-365
6607010,211,3:7:28,1175,481
6607010,213,3:7:28,2,s_spraypaintCrush2_M_G8a1P,true
6607010,210,3:7:30,1311,493
6607010,207,3:7:30,2,-365,-492
6607010,207,3:7:33,2,-492,-402
6607010,207,3:7:35,2,-402,0
6607010,211,3:7:37,238,503
6607010,213,3:7:37,2,s_waterHeater_gen,true
6607010,210,3:7:39,552,142
6607010,211,3:7:41,573,613
6607010,212,3:7:43,2
6607010,210,3:7:44,1041,524
6607010,207,3:7:44,2,0,-195
6607010,211,3:7:45,1012,375
6607010,213,3:7:45,2,c_crush2_M_a_G8a1P,true
6607010,205,3:7:45,2,c_crush2_M_a_G8a1P,false,false
6607010,210,3:7:48,889,388
6607010,211,3:7:49,926,538
6607010,213,3:7:49,2,c_crush2_M_a_G8a1P,true
6607010,205,3:7:49,2,c_crush2_M_a_G8a1P,false,true
6607010,210,3:7:55,554,572
6607010,207,3:7:59,2,-195,-492
6607010,211,3:8:4,1299,525
6607010,219,3:8:4,2
6607010,216,3:8:5,Stack_G8a2N
6607010,217,3:8:13,Stack_G8a2N,6.0,0.00
6607010,218,3:8:14,2
6607010,210,3:8:15,1269,473
6607010,207,3:8:15,2,-200,-290
6607010,211,3:8:18,493,172
6607010,213,3:8:18,2,c_friend1_M_a_G8a2N,true
6607010,210,3:8:20,1030,527
6607010,207,3:8:22,2,-290,-492
6607010,207,3:8:26,2,-492,0
6607010,207,3:8:29,2,0,-270
6607010,207,3:8:30,2,-270,-492
6607010,211,3:8:32,1096,212
6607010,212,3:8:33,1
6607010,210,3:8:34,1251,547
6607010,211,3:8:35,1139,530
6607010,210,3:8:35,1143,560
6607010,211,3:8:35,1138,568
6607010,213,3:8:35,2,c_crush2_M_a_G8a2N,true
6607010,205,3:8:35,2,c_crush2_M_a_G8a2N,false,false
6607010,210,3:8:39,1052,415
6607010,207,3:8:42,2,-492,-387
6607010,207,3:8:43,2,-387,-132
6607010,211,3:8:44,277,393
6607010,212,3:8:45,0
6607010,210,3:8:46,1187,590
6607010,207,3:8:46,2,-132,-267
6607010,211,3:8:46,1049,424
6607010,213,3:8:46,2,s_fumes_G8a2N,true
6607010,210,3:8:50,1028,507
6607010,211,3:8:51,1203,530
6607010,213,3:8:51,2,s_spraypaintCan_G8a2N,true
6607010,205,3:8:51,2,s_spraypaintCan_G8a2N,false,false
6607010,221,3:8:57,2
6607010,220,3:8:59,2
6607010,212,3:9:1,1
6607010,210,3:9:1,1109,490
6607010,211,3:9:4,510,202
6607010,213,3:9:4,2,s_basementDoor_gen,true
6607010,205,3:9:4,2,s_basementDoor_gen,false,false
6607010,210,3:9:8,452,496
6607010,207,3:9:13,2,-200,-492
6607010,211,3:9:14,1340,477
6607010,210,3:9:14,1448,602
6607010,211,3:9:18,591,615
6607010,213,3:9:18,2,s_dirtyClothes_gen,true
6607010,205,3:9:18,2,s_dirtyClothes_gen,false,false
6607010,210,3:9:22,719,361
6607010,207,3:9:23,2,-492,-102
6607010,207,3:9:24,2,-102,0
6607010,211,3:9:28,576,491
6607010,212,3:9:28,0
6607010,210,3:9:28,868,539
6607010,207,3:9:30,2,0,-345
6607010,207,3:9:31,2,-345,-492
6607010,207,3:9:39,2,-492,-132
6607010,211,3:9:41,243,578
6607010,213,3:9:41,2,s_waterHeater_gen,true
6607010,210,3:9:42,84,602
6607010,207,3:9:43,2,-132,0
6607010,211,3:9:45,400,450
6607010,210,3:9:45,289,312
6607010,207,3:9:51,2,0,-492
6607010,211,3:9:53,1339,319
6607010,221,3:9:55,2
6607010,220,3:9:56,2
6607010,210,3:10:7,1233,403
6607010,207,3:10:7,2,-200,-365
6607010,207,3:10:9,2,-365,-492
6607010,211,3:10:10,1359,511
6607010,213,3:10:10,2,s_inhalantsShelf_gen,true
6607010,205,3:10:10,2,s_inhalantsShelf_gen,false,false
6607010,221,3:10:15,2
6607010,220,3:10:16,2
6607010,219,3:10:16,2
6607010,216,3:10:17,Stack_G8a2P
6607010,217,3:10:33,Stack_G8a2P,14,0.00
6607010,218,3:10:35,2
6607010,210,3:10:36,1186,433
6607010,211,3:10:40,680,583
6607010,213,3:10:40,2,s_sistersToy_G8a2P,true
6607010,205,3:10:40,2,s_sistersToy_G8a2P,false,false
6607010,210,3:10:44,547,540
6607010,207,3:10:45,2,-400,-250
6607010,207,3:10:47,2,-250,-10
6607010,211,3:10:49,101,658
6607010,213,3:10:49,2,s_videoGame_G8a2P,true
6607010,210,3:10:51,662,287
6607010,207,3:10:54,2,-10,-190
6607010,207,3:10:56,2,-190,-385
6607010,207,3:10:58,2,-385,-995
6607010,211,3:11:0,1514,614
6607010,210,3:11:0,1532,592
6607010,211,3:11:1,1543,590
6607010,213,3:11:1,2,s_magazine_G8a2P,true
6607010,205,3:11:1,2,s_magazine_G8a2P,false,false
6607010,210,3:11:5,1383,593
6607010,211,3:11:6,1686,522
6607010,212,3:11:8,1
6607010,210,3:11:8,1856,459
6607010,211,3:11:11,1298,388
6607010,213,3:11:11,2,c_grandma_lati_a_G8a2P,true
6607010,210,3:11:14,1168,330
6607010,211,3:11:18,1221,107
6607010,213,3:11:18,2,s_clock_G8a2P,true
6607010,210,3:11:22,1811,316
6607010,207,3:11:28,2,-995,-800
6607010,207,3:11:31,2,-800,-860
6607010,207,3:11:33,2,-860,-815
6607010,207,3:11:34,2,-815,-455
6607010,207,3:11:36,2,-455,-65
6607010,211,3:11:39,843,359
6607010,210,3:11:39,848,311
6607010,211,3:11:40,754,306
6607010,213,3:11:40,2,s_door_gen,true
6607010,210,3:11:43,274,167
6607010,207,3:11:44,2,-65,0
6607010,211,3:11:48,1062,573
6607010,207,3:11:48,2,0,-60
6607010,210,3:11:49,869,465
6607010,207,3:11:51,2,-60,-735
6607010,211,3:11:52,1803,528
6607010,207,3:11:52,2,-735,-795
6607010,212,3:11:53,2
6607010,210,3:11:53,1870,487
6607010,207,3:11:54,2,-795,-995
6607010,211,3:11:54,1862,500
6607010,213,3:11:54,2,c_crush2_M_a_G8a2P,true
6607010,205,3:11:54,2,c_crush2_M_a_G8a2P,false,false
6607010,210,3:11:58,1512,565
6607010,211,3:12:2,1323,374
6607010,213,3:12:2,2,s_teaCup_G8a2P,true
6607010,210,3:12:5,1480,257
6607010,207,3:12:6,2,-995,-950
6607010,207,3:12:8,2,-950,-755
6607010,207,3:12:10,2,-755,-290
6607010,211,3:12:10,474,515
6607010,213,3:12:10,2,c_kidSister_lati_a_G8a2P,true
6607010,205,3:12:10,2,c_kidSister_lati_a_G8a2P,false,false
6607010,210,3:12:16,276,451
6607010,207,3:12:16,2,-290,-125
6607010,207,3:12:17,2,-125,0
6607010,211,3:12:21,213,143
6607010,213,3:12:21,2,s_stairs_G8a2P,true
6607010,210,3:12:25,659,427
6607010,207,3:12:28,2,0,-210
6607010,207,3:12:29,2,-210,-465
6607010,207,3:12:31,2,-465,-675
6607010,211,3:12:32,1799,465
6607010,207,3:12:32,2,-675,-795
6607010,210,3:12:33,1614,369
6607010,207,3:12:34,2,-795,-995
6607010,211,3:12:36,1976,135
6607010,213,3:12:36,2,s_pictureDad_lati_gen,true
6607010,205,3:12:36,2,s_pictureDad_lati_gen,false,false
6607010,210,3:12:41,1970,61
6607010,211,3:12:42,1970,61
6607010,210,3:12:42,1965,92
6607010,211,3:12:42,1979,106
6607010,213,3:12:42,2,s_pictureDad_lati_gen,true
6607010,205,3:12:42,2,s_pictureDad_lati_gen,false,true
6607010,221,3:12:47,2
6607010,220,3:12:48,2
6607010,203,3:12:48,2
6607010,100,3:13:9,3
6607010,102,3:13:10,3
6607010,200,3:13:10,3,6,18,9,9,12
6607010,219,3:13:10,3
6607010,216,3:13:12,Stack_G8b0
6607010,217,3:13:29,Stack_G8b0,15,0.17
6607010,218,3:13:30,3
6607010,210,3:13:32,818,598
6607010,207,3:13:32,3,-200,-20
6607010,211,3:13:36,1098,364
6607010,207,3:13:36,3,-20,-95
6607010,210,3:13:37,914,487
6607010,211,3:13:38,1173,442
6607010,207,3:13:38,3,-95,-170
6607010,210,3:13:38,1254,387
6607010,207,3:13:39,3,-170,-320
6607010,211,3:13:40,1583,414
6607010,207,3:13:40,3,-320,-575
6607010,210,3:13:40,1646,384
6607010,207,3:13:40,3,-575,-680
6607010,207,3:13:41,3,-680,-905
6607010,211,3:13:42,1695,417
6607010,213,3:13:42,3,c_friend1_M_a_G8b0,true
6607010,205,3:13:42,3,c_friend1_M_a_G8b0,false,false
6607010,210,3:13:45,1446,301
6607010,211,3:13:46,1454,269
6607010,213,3:13:46,3,c_grandma_lati_a_G8b0,true
6607010,210,3:13:49,1626,301
6607010,211,3:13:51,1815,193
6607010,213,3:13:51,3,s_pictureMom_lati_gen,true
6607010,210,3:13:53,1651,432
6607010,211,3:13:56,1449,590
6607010,210,3:13:56,1095,368
6607010,211,3:13:57,712,287
6607010,207,3:13:57,3,-905,-680
6607010,212,3:13:58,1
6607010,210,3:13:59,1775,391
6607010,207,3:13:59,3,-680,-815
6607010,207,3:14:2,3,-815,-995
6607010,211,3:14:4,1970,175
6607010,213,3:14:4,3,s_pictureDad_lati_gen,true
6607010,210,3:14:6,1825,441
6607010,207,3:14:11,3,-995,-155
6607010,211,3:14:12,265,184
6607010,213,3:14:12,3,c_kidSister_lati_a_G8b0,true
6607010,205,3:14:12,3,c_kidSister_lati_a_G8b0,false,false
6607010,210,3:14:16,987,470
6607010,211,3:14:16,1261,457
6607010,207,3:14:16,3,-155,-260
6607010,212,3:14:17,2
6607010,210,3:14:17,1137,420
6607010,207,3:14:18,3,-260,-635
6607010,207,3:14:25,3,-635,-815
6607010,207,3:14:26,3,-815,-995
6607010,211,3:14:27,1822,666
6607010,210,3:14:28,1810,481
6607010,207,3:14:30,3,-995,-980
6607010,207,3:14:31,3,-980,-860
6607010,207,3:14:34,3,-860,-320
6607010,207,3:14:35,3,-320,-290
6607010,207,3:14:36,3,-290,0
6607010,211,3:14:39,1039,432
6607010,207,3:14:39,3,0,-45
6607010,210,3:14:41,1129,416
6607010,211,3:14:41,1146,413
6607010,207,3:14:41,3,-45,-135
6607010,210,3:14:42,891,398
6607010,207,3:14:44,3,-135,-885
6607010,211,3:14:53,1795,326
6607010,219,3:14:54,3
6607010,216,3:14:55,Stack_G8b1N
6607010,217,3:15:13,Stack_G8b1N,12,0.00
6607010,218,3:15:14,3
6607010,210,3:15:15,577,347
6607010,211,3:15:17,997,210
6607010,213,3:15:17,3,c_grandma_lati_a_G8b1N,true
6607010,205,3:15:17,3,c_grandma_lati_a_G8b1N,false,false
6607010,210,3:15:20,445,552
6607010,207,3:15:21,3,-200,-20
6607010,211,3:15:23,786,534
6607010,212,3:15:23,1
6607010,210,3:15:24,666,532
6607010,211,3:15:24,628,472
6607010,213,3:15:24,3,c_friend1_M_a_G8b1N,true
6607010,205,3:15:24,3,c_friend1_M_a_G8b1N,false,false
6607010,212,3:15:29,2
6607010,210,3:15:30,901,318
6607010,207,3:15:30,3,-20,-110
6607010,211,3:15:30,828,465
6607010,212,3:15:31,0
6607010,210,3:15:32,124,487
6607010,207,3:15:32,3,-110,0
6607010,207,3:15:36,3,0,-360
6607010,211,3:15:37,1243,559
6607010,213,3:15:37,3,s_pillBottle_G8b1N,true
6607010,210,3:15:40,1306,583
6607010,207,3:15:41,3,-360,-435
6607010,211,3:15:45,272,428
6607010,207,3:15:45,3,-435,-255
6607010,212,3:15:46,1
6607010,210,3:15:47,631,466
6607010,207,3:15:48,3,-255,0
6607010,211,3:15:49,145,471
6607010,213,3:15:49,3,c_kidSister_lati_a_G8b1N,true
6607010,205,3:15:49,3,c_kidSister_lati_a_G8b1N,false,false
6607010,210,3:15:55,586,520
6607010,207,3:15:55,3,-200,-125
6607010,207,3:15:58,3,-125,-800
6607010,207,3:16:2,3,-800,-995
6607010,211,3:16:3,1946,235
6607010,212,3:16:3,0
6607010,210,3:16:4,1728,323
6607010,211,3:16:5,1553,335
6607010,213,3:16:5,3,s_pillBottle_G8b0,true
6607010,205,3:16:5,3,s_pillBottle_G8b0,false,false
6607010,221,3:16:10,3
6607010,220,3:16:12,3
6607010,1003,3:16:12,3
6607010,1004,3:16:14,6
6607010,500,3:16:17,6,[]
6607010,501,3:16:19,6,[]
6607010,502,3:16:26,6,[IntentionData_logId:4,true]
6607010,503,3:16:27,6,[]
6607010,504,3:16:29,6,[InfluenceData_logId:2]
6607010,504,3:16:31,6,[InfluenceData_logId:1]
6607010,504,3:16:32,6,[InfluenceData_logId:0]
6607010,504,3:16:35,6,[InfluenceData_logId:1]
6607010,504,3:16:37,6,[InfluenceData_logId:5]
6607010,504,3:16:42,6,[InfluenceData_logId:3]
6607010,504,3:16:44,6,[InfluenceData_logId:8]
6607010,504,3:16:50,6,[InfluenceData_logId:7]
6607010,504,3:16:55,6,[InfluenceData_logId:6]
6607010,505,3:16:58,6,[InfluenceData_logId:1,true,InfluenceData_logId:3,true,InfluenceData_logId:6,true]
6607010,506,3:17:0,6,[]
6607010,507,3:17:14,6,[OpponentAttackData_logId:1,OpponentAttackTypeData_logId:4,false,30]
6607010,508,3:17:16,6,[]
6607010,509,3:17:22,6,[RefusalData_logId:9,2]
6607010,510,3:17:25,6,[AvailableRefusalData_logId:9,0A]
6607010,510,3:17:26,6,[AvailableRefusalData_logId:9,1A]
6607010,510,3:17:29,6,[AvailableRefusalData_logId:9,2A]
6607010,511,3:17:30,6,[AvailableRefusalData_logId:9,0A,1A,2A,true,50]
6607010,512,3:17:33,6,[]
6607010,513,3:17:33,6,[0]
6607010,514,3:17:34,6,[]
6607010,507,3:17:42,6,[OpponentAttackData_logId:0,OpponentAttackTypeData_logId:1,true,0]
6607010,508,3:17:44,6,[]
6607010,509,3:17:47,6,[RefusalData_logId:5,2]
6607010,510,3:17:52,6,[AvailableRefusalData_logId:5,0A]
6607010,510,3:17:52,6,[AvailableRefusalData_logId:5,1A]
6607010,510,3:17:53,6,[AvailableRefusalData_logId:5,2A]
6607010,511,3:17:54,6,[AvailableRefusalData_logId:5,0A,1A,2A,true,50]
6607010,512,3:17:57,6,[]
6607010,515,3:17:57,6,[120,0]
6607010,516,3:17:57,6,[]
6607010,517,3:17:58,6,[]
6607010,1005,3:17:58,6,[3,0,3]
6607010,1001,3:17:59,6,[]
6607010,1003,3:17:59,3
6607010,221,3:18:6,3
6607010,220,3:18:8,3
6607010,221,3:18:10,3
6607010,300,3:18:10
6607010,220,3:18:10,3
6607010,301,3:18:14,3
6607010,302,3:18:21,3,2,1,20
6607010,304,3:18:22,3,2,1,-1,,20,
6607010,302,3:18:38,3,2,0,15
6607010,302,3:18:42,3,2,0,2
6607010,304,3:18:43,3,2,0,-1,,2,
6607010,302,3:18:54,3,4,0,4
6607010,306,3:18:55,3,0,1
6607010,304,3:18:55,3,4,0,-1,,4,
6607010,302,3:19:3,3,3,0,1
6607010,304,3:19:4,3,3,0,-1,,1,
6607010,302,3:19:6,3,0,0,1
6607010,306,3:19:9,3,1,2
6607010,304,3:19:9,3,0,0,-1,,1,
6607010,302,3:19:20,3,5,0,7
6607010,304,3:19:21,3,5,0,-1,,7,
6607010,302,3:19:31,3,1,0,4
6607010,302,3:19:32,3,1,0,3
6607010,306,3:19:33,3,2,3
6607010,304,3:19:33,3,1,0,-1,,3,
6607010,0,3:19:33,3/5/2014 4:33:29pm
6607010,1003,3:19:34,2
6607010,300,3:19:42
6607010,301,3:19:47,3
6607010,100,3:19:53,3
6607010,102,3:19:54,3
6607010,200,3:19:54,3,6,18,9,12,15
6607010,210,3:19:56,1153,349
6607010,211,3:19:57,983,620
6607010,221,3:19:58,3
6607010,220,3:19:59,3
6607010,219,3:19:59,3
6607010,216,3:20:0,Stack_G8b1P
6607010,217,3:20:16,Stack_G8b1P,11,0.00
6607010,218,3:20:17,3
6607010,210,3:20:19,995,443
6607010,211,3:20:20,1008,445
6607010,213,3:20:20,3,c_friend1_M_a_G8b1P,true
6607010,205,3:20:20,3,c_friend1_M_a_G8b1P,false,false
6607010,210,3:20:23,187,103
6607010,207,3:20:23,3,-200,-65
6607010,211,3:20:25,262,193
6607010,213,3:20:25,3,c_kidSister_lati_a_G8b1P,true
6607010,210,3:20:26,709,252
6607010,207,3:20:29,3,-65,-650
6607010,207,3:20:31,3,-650,-935
6607010,211,3:20:32,1791,456
6607010,210,3:20:32,1749,337
6607010,207,3:20:32,3,-935,-995
6607010,211,3:20:34,1163,460
6607010,212,3:20:35,1
6607010,210,3:20:35,1629,528
6607010,211,3:20:37,1444,281
6607010,213,3:20:37,3,c_grandma_lati_a_G8b1P,true
6607010,205,3:20:37,3,c_grandma_lati_a_G8b1P,false,false
6607010,210,3:20:40,1140,372
6607010,207,3:20:40,3,-995,-755
6607010,207,3:20:42,3,-755,-485
6607010,207,3:20:43,3,-485,-65
6607010,211,3:20:45,212,614
6607010,212,3:20:47,2
6607010,210,3:20:47,647,489
6607010,211,3:20:48,394,476
6607010,212,3:20:49,0
6607010,210,3:20:49,1012,432
6607010,211,3:20:50,1012,439
6607010,213,3:20:50,3,s_pillBottle_M_G8b1P,true
6607010,205,3:20:50,3,s_pillBottle_M_G8b1P,false,false
6607010,219,3:21:7,3
6607010,216,3:21:8,Stack_G8b2N
6607010,217,3:21:16,Stack_G8b2N,5.5,0.00
6607010,218,3:21:21,3
6607010,210,3:21:22,221,422
6607010,207,3:21:22,3,-200,-50
6607010,211,3:21:23,182,387
6607010,213,3:21:23,3,s_kid1_G8b2N,true
6607010,210,3:21:25,600,396
6607010,207,3:21:28,3,-50,-440
6607010,211,3:21:30,1308,432
6607010,213,3:21:30,3,s_kid3_G8b2N,true
6607010,210,3:21:33,1172,450
6607010,211,3:21:33,1177,457
6607010,213,3:21:33,3,s_kid4_G8b2N,true
6607010,207,3:21:35,3,-440,-454
6607010,210,3:21:35,1414,466
6607010,211,3:21:36,1408,445
6607010,213,3:21:36,3,s_kid5_G8b2N,true
6607010,210,3:21:38,951,317
6607010,207,3:21:41,3,-454,0
6607010,211,3:21:43,281,443
6607010,213,3:21:43,3,s_kid2_G8b2N,true
6607010,212,3:21:48,1
6607010,210,3:21:49,1069,436
6607010,207,3:21:49,3,0,-165
6607010,211,3:21:50,1114,419
6607010,213,3:21:50,3,c_teacherEng_G8b2N,true
6607010,205,3:21:50,3,c_teacherEng_G8b2N,false,false
6607010,210,3:21:54,647,463
6607010,211,3:21:55,800,413
6607010,213,3:21:55,3,c_crewKid2_M_a_G8b2N,true
6607010,205,3:21:55,3,c_crewKid2_M_a_G8b2N,false,false
6607010,210,3:21:58,517,459
6607010,207,3:21:59,3,-165,0
6607010,211,3:21:59,2,540
6607010,210,3:22:0,98,377
6607010,211,3:22:1,822,224
6607010,213,3:22:1,3,s_clock_G8b2N,true
6607010,205,3:22:2,3,s_clock_G8b2N,false,false
6607010,210,3:22:5,710,403
6607010,207,3:22:6,3,0,-454
6607010,211,3:22:7,1142,368
6607010,210,3:22:8,1269,345
6607010,211,3:22:9,1267,332
6607010,212,3:22:10,2
6607010,210,3:22:10,1406,475
6607010,207,3:22:13,3,-454,-304
6607010,211,3:22:14,621,473
6607010,213,3:22:14,3,c_friend1_M_a_G8b2N,true
6607010,205,3:22:14,3,c_friend1_M_a_G8b2N,false,false
6607010,210,3:22:17,663,471
6607010,211,3:22:19,1015,556
6607010,212,3:22:19,1
6607010,210,3:22:20,1031,474
6607010,211,3:22:20,1037,418
6607010,213,3:22:20,3,c_teacherEng_G8b2N,true
6607010,205,3:22:20,3,c_teacherEng_G8b2N,false,true
6607010,210,3:22:23,1140,401
6607010,207,3:22:24,3,-304,-439
6607010,207,3:22:25,3,-439,-454
6607010,211,3:22:25,1472,398
6607010,210,3:22:26,1453,355
6607010,207,3:22:36,3,-454,0
6607010,211,3:22:39,1048,364
6607010,207,3:22:39,3,0,-45
6607010,207,3:22:40,3,-45,-75
6607010,210,3:22:40,933,455
6607010,207,3:22:41,3,-75,-300
6607010,211,3:22:42,1105,420
6607010,213,3:22:42,3,c_teacherEng_G8b2N,true
6607010,205,3:22:42,3,c_teacherEng_G8b2N,false,true
6607010,212,3:22:46,0
6607010,210,3:22:46,1138,487
6607010,211,3:22:51,1096,416
6607010,213,3:22:51,3,s_sandwichBagPills_G8b2N,true
6607010,205,3:22:51,3,s_sandwichBagPills_G8b2N,false,false
6607010,221,3:22:58,3
6607010,220,3:23:0,3
6607010,219,3:23:0,3
6607010,216,3:23:1,Stack_G8b2P
6607010,217,3:23:14,Stack_G8b2P,11,0.00
6607010,218,3:23:15,3
6607010,210,3:23:16,881,280
6607010,207,3:23:18,3,-200,0
6607010,207,3:23:21,3,0,-390
6607010,211,3:23:23,1166,302
6607010,213,3:23:23,3,c_kidSister_lati_a_G8b2P,true
6607010,210,3:23:24,1337,335
6607010,207,3:23:25,3,-390,-630
6607010,211,3:23:27,1637,468
6607010,207,3:23:27,3,-630,-645
6607010,207,3:23:28,3,-645,-675
6607010,210,3:23:28,1572,285
6607010,211,3:23:30,691,304
6607010,207,3:23:30,3,-675,-615
6607010,212,3:23:31,1
6607010,210,3:23:32,1423,386
6607010,211,3:23:33,1553,339
6607010,213,3:23:33,3,s_pillBottle_G8b2P,true
6607010,205,3:23:33,3,s_pillBottle_G8b2P,false,false
6607010,210,3:23:36,1149,359
6607010,211,3:23:39,987,374
6607010,210,3:23:39,1138,336
6607010,207,3:23:43,3,-615,-195
6607010,207,3:23:44,3,-195,0
6607010,211,3:23:45,207,389
6607010,213,3:23:45,3,s_videoGameScreen_G8b2P,true
6607010,210,3:23:46,250,359
6607010,211,3:23:47,236,370
6607010,213,3:23:47,3,s_videoGameScreen_G8b2P,true
6607010,210,3:23:48,195,413
6607010,207,3:23:57,3,0,-660
6607010,207,3:23:58,3,-660,-995
6607010,211,3:24:5,486,307
6607010,207,3:24:5,3,-995,-410
6607010,212,3:24:6,2
6607010,210,3:24:6,1394,531
6607010,207,3:24:6,3,-410,-545
6607010,211,3:24:7,1393,426
6607010,213,3:24:7,3,c_grandma_lati_a_G8b2P,true
6607010,205,3:24:7,3,c_grandma_lati_a_G8b2P,false,false
6607010,210,3:24:10,875,299
6607010,211,3:24:11,869,296
6607010,213,3:24:11,3,c_mom_lati_a_G8b2P,true
6607010,210,3:24:14,635,556
6607010,207,3:24:15,3,-545,-275
6607010,211,3:24:15,486,535
6607010,213,3:24:15,3,c_friend1_M_a_G8b2P,true
6607010,205,3:24:16,3,c_friend1_M_a_G8b2P,false,false
6607010,221,3:24:20,3
6607010,220,3:24:21,3
6607010,203,3:24:21,3
6607010,100,3:24:45,8
6607010,102,3:24:53,8
6607010,200,3:24:53,8,6,18,9,12,15
6607010,219,3:24:53,8
6607010,216,3:24:54,Stack_G11a0
6607010,217,3:25:5,Stack_G11a0,10,5.1
6607010,218,3:25:6,8
6607010,210,3:25:7,432,413
6607010,211,3:25:8,435,403
6607010,213,3:25:8,8,c_friend1_M_G11a0,false
6607010,1003,3:25:11,2
6607010,1004,3:25:12,7
6607010,900,3:25:14,7,[]
6607010,901,3:25:15,7,[PeopleData_id:6]
6607010,904,3:25:15,7,[PeopleData_id:6]
6607010,902,3:25:17,7,[PeopleData_id:6,PeopleData_data3Type]
6607010,902,3:25:22,7,[PeopleData_id:6,PeopleData_data2Type]
6607010,902,3:25:24,7,[PeopleData_id:6,PeopleData_data1Type]
6607010,903,3:25:26,7,[PeopleData_id6,PeopleData_data1Type]
6607010,901,3:25:27,7,[PeopleData_id:6]
6607010,904,3:25:27,7,[PeopleData_id:6]
6607010,905,3:25:28,7,[PeopleData_id:6,RankTypes_id:-1,RankTypes_id:0]
6607010,901,3:25:29,7,[PeopleData_id:0]
6607010,902,3:25:30,7,[PeopleData_id:0,PeopleData_data2Type]
6607010,902,3:25:33,7,[PeopleData_id:0,PeopleData_data1Type]
6607010,902,3:25:35,7,[PeopleData_id:0,PeopleData_data0Type]
6607010,903,3:25:39,7,[PeopleData_id0,PeopleData_data0Type]
6607010,901,3:25:39,7,[PeopleData_id:0]
6607010,904,3:25:39,7,[PeopleData_id:0]
6607010,905,3:25:41,7,[PeopleData_id:0,RankTypes_id:-1,RankTypes_id:2]
6607010,901,3:25:41,7,[PeopleData_id:5]
6607010,904,3:25:42,7,[PeopleData_id:5]
6607010,902,3:25:42,7,[PeopleData_id:5,PeopleData_data2Type]
6607010,903,3:26:4,7,[PeopleData_id5,PeopleData_data2Type]
6607010,901,3:26:5,7,[PeopleData_id:5]
6607010,904,3:26:5,7,[PeopleData_id:5]
6607010,905,3:26:6,7,[PeopleData_id:5,RankTypes_id:-1,RankTypes_id:0]
6607010,901,3:26:6,7,[PeopleData_id:4]
6607010,902,3:26:7,7,[PeopleData_id:4,PeopleData_data2Type]
6607010,902,3:26:9,7,[PeopleData_id:4,PeopleData_data1Type]
6607010,902,3:26:11,7,[PeopleData_id:4,PeopleData_data0Type]
6607010,903,3:26:13,7,[PeopleData_id4,PeopleData_data0Type]
6607010,901,3:26:14,7,[PeopleData_id:4]
6607010,904,3:26:14,7,[PeopleData_id:4]
6607010,905,3:26:15,7,[PeopleData_id:4,RankTypes_id:-1,RankTypes_id:3]
6607010,901,3:26:15,7,[PeopleData_id:9]
6607010,902,3:26:16,7,[PeopleData_id:9,PeopleData_data3Type]
6607010,902,3:26:17,7,[PeopleData_id:9,PeopleData_data2Type]
6607010,902,3:26:18,7,[PeopleData_id:9,PeopleData_data3Type]
6607010,902,3:26:20,7,[PeopleData_id:9,PeopleData_data2Type]
6607010,902,3:26:26,7,[PeopleData_id:9,PeopleData_data1Type]
6607010,903,3:26:27,7,[PeopleData_id9,PeopleData_data1Type]
6607010,901,3:26:27,7,[PeopleData_id:9]
6607010,904,3:26:27,7,[PeopleData_id:9]
6607010,905,3:26:28,7,[PeopleData_id:9,RankTypes_id:-1,RankTypes_id:0]
6607010,901,3:26:29,7,[PeopleData_id:2]
6607010,902,3:26:31,7,[PeopleData_id:2,PeopleData_data2Type]
6607010,902,3:26:34,7,[PeopleData_id:2,PeopleData_data1Type]
6607010,902,3:26:37,7,[PeopleData_id:2,PeopleData_data0Type]
6607010,903,3:26:39,7,[PeopleData_id2,PeopleData_data0Type]
6607010,901,3:26:39,7,[PeopleData_id:2]
6607010,904,3:26:39,7,[PeopleData_id:2]
6607010,905,3:26:40,7,[PeopleData_id:2,RankTypes_id:-1,RankTypes_id:4]
6607010,901,3:26:41,7,[PeopleData_id:1]
6607010,902,3:26:42,7,[PeopleData_id:1,PeopleData_data2Type]
6607010,903,3:26:43,7,[PeopleData_id1,PeopleData_data2Type]
6607010,901,3:26:44,7,[PeopleData_id:1]
6607010,904,3:26:44,7,[PeopleData_id:1]
6607010,905,3:26:45,7,[PeopleData_id:1,RankTypes_id:-1,RankTypes_id:0]
6607010,901,3:26:45,7,[PeopleData_id:8]
6607010,902,3:26:46,7,[PeopleData_id:8,PeopleData_data2Type]
6607010,903,3:26:51,7,[PeopleData_id8,PeopleData_data2Type]
6607010,902,3:26:52,7,[PeopleData_id:8,PeopleData_data1Type]
6607010,902,3:26:53,7,[PeopleData_id:8,PeopleData_data0Type]
6607010,903,3:26:55,7,[PeopleData_id8,PeopleData_data0Type]
6607010,901,3:26:56,7,[PeopleData_id:8]
6607010,904,3:26:56,7,[PeopleData_id:8]
6607010,905,3:26:56,7,[PeopleData_id:8,RankTypes_id:-1,RankTypes_id:3]
6607010,901,3:26:57,7,[PeopleData_id:3]
6607010,902,3:26:58,7,[PeopleData_id:3,PeopleData_data3Type]
6607010,902,3:26:59,7,[PeopleData_id:3,PeopleData_data2Type]
6607010,903,3:27:1,7,[PeopleData_id3,PeopleData_data2Type]
6607010,901,3:27:1,7,[PeopleData_id:3]
6607010,904,3:27:1,7,[PeopleData_id:3]
6607010,905,3:27:2,7,[PeopleData_id:3,RankTypes_id:-1,RankTypes_id:4]
6607010,902,3:27:2,7,[PeopleData_id:3,PeopleData_data1Type]
6607010,902,3:27:5,7,[PeopleData_id:3,PeopleData_data3Type]
6607010,903,3:27:7,7,[PeopleData_id3,PeopleData_data3Type]
6607010,901,3:27:8,7,[PeopleData_id:7]
6607010,902,3:27:9,7,[PeopleData_id:7,PeopleData_data3Type]
6607010,902,3:27:13,7,[PeopleData_id:7,PeopleData_data2Type]
6607010,902,3:27:16,7,[PeopleData_id:7,PeopleData_data1Type]
6607010,903,3:27:18,7,[PeopleData_id7,PeopleData_data1Type]
6607010,901,3:27:18,7,[PeopleData_id:7]
6607010,904,3:27:18,7,[PeopleData_id:7]
6607010,905,3:27:20,7,[PeopleData_id:7,RankTypes_id:-1,RankTypes_id:0]
6607010,906,3:27:20,7,[]
6607010,907,3:27:21,7,[]
6607010,908,3:27:21,7,[InvitationData_id:9,PeopleData_id:0,RankTypes_id:2]
6607010,909,3:27:28,7,[InvitationData_id:9,PeopleData_id:0,RankTypes_id:2,0]
6607010,910,3:27:29,7,[InvitationData_id:9,-2,false]
6607010,908,3:27:29,7,[InvitationData_id:0,PeopleData_id:2,RankTypes_id:4]
6607010,909,3:27:34,7,[InvitationData_id:0,PeopleData_id:2,RankTypes_id:4,1]
6607010,910,3:27:35,7,[InvitationData_id:0,9,false]
6607010,908,3:27:35,7,[InvitationData_id:3,PeopleData_id:2,RankTypes_id:4]
6607010,909,3:27:38,7,[InvitationData_id:3,PeopleData_id:2,RankTypes_id:4,1]
6607010,910,3:27:41,7,[InvitationData_id:3,9,false]
6607010,908,3:27:41,7,[InvitationData_id:5,PeopleData_id:3,RankTypes_id:4]
6607010,909,3:27:44,7,[InvitationData_id:5,PeopleData_id:3,RankTypes_id:4,1]
6607010,910,3:27:45,7,[InvitationData_id:5,9,false]
6607010,908,3:27:45,7,[InvitationData_id:1,PeopleData_id:2,RankTypes_id:4]
6607010,909,3:27:52,7,[InvitationData_id:1,PeopleData_id:2,RankTypes_id:4,1]
6607010,910,3:27:53,7,[InvitationData_id:1,9,false]
6607010,908,3:27:53,7,[InvitationData_id:2,PeopleData_id:2,RankTypes_id:4]
6607010,909,3:28:1,7,[InvitationData_id:2,PeopleData_id:2,RankTypes_id:4,1]
6607010,910,3:28:2,7,[InvitationData_id:2,9,false]
6607010,908,3:28:2,7,[InvitationData_id:6,PeopleData_id:2,RankTypes_id:4]
6607010,909,3:28:5,7,[InvitationData_id:6,PeopleData_id:2,RankTypes_id:4,0]
6607010,910,3:28:6,7,[InvitationData_id:6,-11,false]
6607010,908,3:28:6,7,[InvitationData_id:10,PeopleData_id:0,RankTypes_id:2]
6607010,909,3:28:13,7,[InvitationData_id:10,PeopleData_id:0,RankTypes_id:2,0]
6607010,910,3:28:13,7,[InvitationData_id:10,-2,false]
6607010,908,3:28:13,7,[InvitationData_id:4,PeopleData_id:3,RankTypes_id:4]
6607010,909,3:28:16,7,[InvitationData_id:4,PeopleData_id:3,RankTypes_id:4,1]
6607010,910,3:28:16,7,[InvitationData_id:4,9,false]
6607010,911,3:28:17,7,[39,0,0,0]
6607010,1005,3:28:17,7,[2,0,3]
6607010,1001,3:28:19,7,[]
6607010,1003,3:28:19,2
6607010,1004,3:28:31,5
6607010,900,3:28:37,5,[]
6607010,901,3:28:44,5,[PeopleData_id:3]
6607010,902,3:28:46,5,[PeopleData_id:3,PeopleData_data2Type]
6607010,902,3:28:48,5,[PeopleData_id:3,PeopleData_data1Type]
6607010,903,3:28:49,5,[PeopleData_id3,PeopleData_data1Type]
6607010,901,3:28:50,5,[PeopleData_id:3]
6607010,904,3:28:50,5,[PeopleData_id:3]
6607010,905,3:28:50,5,[PeopleData_id:3,RankTypes_id:-1,RankTypes_id:0]
6607010,901,3:28:51,5,[PeopleData_id:6]
6607010,904,3:28:51,5,[PeopleData_id:6]
6607010,902,3:28:53,5,[PeopleData_id:6,PeopleData_data3Type]
6607010,902,3:28:57,5,[PeopleData_id:6,PeopleData_data2Type]
6607010,902,3:29:2,5,[PeopleData_id:6,PeopleData_data1Type]
6607010,903,3:29:4,5,[PeopleData_id6,PeopleData_data1Type]
6607010,901,3:29:5,5,[PeopleData_id:6]
6607010,904,3:29:5,5,[PeopleData_id:6]
6607010,905,3:29:5,5,[PeopleData_id:6,RankTypes_id:-1,RankTypes_id:4]
6607010,901,3:29:6,5,[PeopleData_id:2]
6607010,902,3:29:7,5,[PeopleData_id:2,PeopleData_data2Type]
6607010,902,3:29:8,5,[PeopleData_id:2,PeopleData_data1Type]
6607010,903,3:29:11,5,[PeopleData_id2,PeopleData_data1Type]
6607010,901,3:29:12,5,[PeopleData_id:2]
6607010,904,3:29:12,5,[PeopleData_id:2]
6607010,905,3:29:12,5,[PeopleData_id:2,RankTypes_id:-1,RankTypes_id:0]
6607010,901,3:29:13,5,[PeopleData_id:5]
6607010,902,3:29:14,5,[PeopleData_id:5,PeopleData_data3Type]
6607010,902,3:29:18,5,[PeopleData_id:5,PeopleData_data2Type]
6607010,902,3:29:21,5,[PeopleData_id:5,PeopleData_data2Type]
6607010,902,3:29:22,5,[PeopleData_id:5,PeopleData_data1Type]
6607010,903,3:29:24,5,[PeopleData_id5,PeopleData_data1Type]
6607010,901,3:29:26,5,[PeopleData_id:5]
6607010,904,3:29:26,5,[PeopleData_id:5]
6607010,905,3:29:27,5,[PeopleData_id:5,RankTypes_id:-1,RankTypes_id:1]
6607010,901,3:29:28,5,[PeopleData_id:7]
6607010,904,3:29:28,5,[PeopleData_id:7]
6607010,901,3:29:28,5,[PeopleData_id:7]
6607010,904,3:29:29,5,[PeopleData_id:7]
6607010,902,3:29:29,5,[PeopleData_id:7,PeopleData_data3Type]
6607010,902,3:29:31,5,[PeopleData_id:7,PeopleData_data2Type]
6607010,902,3:29:32,5,[PeopleData_id:7,PeopleData_data1Type]
6607010,903,3:29:34,5,[PeopleData_id7,PeopleData_data1Type]
6607010,901,3:29:35,5,[PeopleData_id:7]
6607010,904,3:29:35,5,[PeopleData_id:7]
6607010,905,3:29:35,5,[PeopleData_id:7,RankTypes_id:-1,RankTypes_id:4]
6607010,901,3:29:36,5,[PeopleData_id:1]
6607010,902,3:29:37,5,[PeopleData_id:1,PeopleData_data3Type]
6607010,902,3:29:39,5,[PeopleData_id:1,PeopleData_data2Type]
6607010,903,3:29:41,5,[PeopleData_id1,PeopleData_data2Type]
6607010,901,3:29:42,5,[PeopleData_id:1]
6607010,904,3:29:42,5,[PeopleData_id:1]
6607010,901,3:29:44,5,[PeopleData_id:1]
6607010,904,3:29:44,5,[PeopleData_id:1]
6607010,905,3:29:44,5,[PeopleData_id:1,RankTypes_id:-1,RankTypes_id:1]
6607010,901,3:29:45,5,[PeopleData_id:0]
6607010,902,3:29:46,5,[PeopleData_id:0,PeopleData_data3Type]
6607010,902,3:29:48,5,[PeopleData_id:0,PeopleData_data2Type]
6607010,902,3:29:51,5,[PeopleData_id:0,PeopleData_data1Type]
6607010,902,3:29:52,5,[PeopleData_id:0,PeopleData_data0Type]
6607010,903,3:29:53,5,[PeopleData_id0,PeopleData_data0Type]
6607010,901,3:29:54,5,[PeopleData_id:0]
6607010,904,3:29:54,5,[PeopleData_id:0]
6607010,905,3:29:55,5,[PeopleData_id:0,RankTypes_id:-1,RankTypes_id:3]
6607010,901,3:29:55,5,[PeopleData_id:4]
6607010,904,3:29:55,5,[PeopleData_id:4]
6607010,902,3:29:56,5,[PeopleData_id:4,PeopleData_data3Type]
6607010,903,3:29:59,5,[PeopleData_id4,PeopleData_data3Type]
6607010,901,3:30:0,5,[PeopleData_id:4]
6607010,904,3:30:0,5,[PeopleData_id:4]
6607010,905,3:30:0,5,[PeopleData_id:4,RankTypes_id:-1,RankTypes_id:0]
6607010,906,3:30:0,5,[]
6607010,907,3:30:1,5,[]
6607010,908,3:30:2,5,[InvitationData_id:0,PeopleData_id:6,RankTypes_id:4]
6607010,909,3:30:4,5,[InvitationData_id:0,PeopleData_id:6,RankTypes_id:4,1]
6607010,910,3:30:5,5,[InvitationData_id:0,9,false]
6607010,908,3:30:5,5,[InvitationData_id:1,PeopleData_id:1,RankTypes_id:1]
6607010,909,3:30:12,5,[InvitationData_id:1,PeopleData_id:1,RankTypes_id:1,0]
6607010,910,3:30:13,5,[InvitationData_id:1,0,false]
6607010,908,3:30:13,5,[InvitationData_id:2,PeopleData_id:1,RankTypes_id:1]
6607010,909,3:30:20,5,[InvitationData_id:2,PeopleData_id:1,RankTypes_id:1,0]
6607010,910,3:30:20,5,[InvitationData_id:2,0,false]
6607010,908,3:30:20,5,[InvitationData_id:6,PeopleData_id:6,RankTypes_id:4]
6607010,909,3:30:28,5,[InvitationData_id:6,PeopleData_id:6,RankTypes_id:4,1]
6607010,910,3:30:29,5,[InvitationData_id:6,9,false]
6607010,908,3:30:29,5,[InvitationData_id:11,PeopleData_id:0,RankTypes_id:3]
6607010,909,3:30:31,5,[InvitationData_id:11,PeopleData_id:0,RankTypes_id:3,1]
6607010,910,3:30:33,5,[InvitationData_id:11,7,false]
6607010,908,3:30:33,5,[InvitationData_id:5,PeopleData_id:7,RankTypes_id:4]
6607010,909,3:30:36,5,[InvitationData_id:5,PeopleData_id:7,RankTypes_id:4,0]
6607010,910,3:30:37,5,[InvitationData_id:5,-11,false]
6607010,908,3:30:37,5,[InvitationData_id:8,PeopleData_id:7,RankTypes_id:4]
6607010,909,3:30:42,5,[InvitationData_id:8,PeopleData_id:7,RankTypes_id:4,0]
6607010,910,3:30:43,5,[InvitationData_id:8,-11,false]
6607010,908,3:30:43,5,[InvitationData_id:7,PeopleData_id:5,RankTypes_id:1]
6607010,909,3:30:47,5,[InvitationData_id:7,PeopleData_id:5,RankTypes_id:1,1]
6607010,910,3:30:48,5,[InvitationData_id:7,3,false]
6607010,908,3:30:48,5,[InvitationData_id:9,PeopleData_id:7,RankTypes_id:4]
6607010,909,3:30:49,5,[InvitationData_id:9,PeopleData_id:7,RankTypes_id:4,1]
6607010,910,3:30:54,5,[InvitationData_id:9,0,true]
6607010,908,3:30:54,5,[InvitationData_id:4,PeopleData_id:7,RankTypes_id:4]
6607010,909,3:30:58,5,[InvitationData_id:4,PeopleData_id:7,RankTypes_id:4,1]
6607010,910,3:30:59,5,[InvitationData_id:4,0,true]
6607010,911,3:31:1,5,[6,2,3,2]
6607010,1005,3:31:1,5,[2,0,1]
6607010,1001,3:31:3,5,[]
6607010,1003,3:31:3,2
6607010,1004,3:31:23,3
6607010,900,3:31:33,3,[]
6607010,901,3:31:35,3,[PeopleData_id:5]
6607010,904,3:31:35,3,[PeopleData_id:5]
6607010,902,3:31:36,3,[PeopleData_id:5,PeopleData_data3Type]
6607010,902,3:31:38,3,[PeopleData_id:5,PeopleData_data2Type]
6607010,902,3:31:41,3,[PeopleData_id:5,PeopleData_data1Type]
6607010,903,3:31:43,3,[PeopleData_id5,PeopleData_data1Type]
6607010,901,3:31:44,3,[PeopleData_id:5]
6607010,904,3:31:44,3,[PeopleData_id:5]
6607010,901,3:31:45,3,[PeopleData_id:5]
6607010,904,3:31:45,3,[PeopleData_id:5]
6607010,905,3:31:46,3,[PeopleData_id:5,RankTypes_id:-1,RankTypes_id:4]
6607010,901,3:31:47,3,[PeopleData_id:0]
6607010,904,3:31:47,3,[PeopleData_id:0]
6607010,902,3:31:48,3,[PeopleData_id:0,PeopleData_data3Type]
6607010,902,3:31:50,3,[PeopleData_id:0,PeopleData_data1Type]
6607010,902,3:31:54,3,[PeopleData_id:0,PeopleData_data1Type]
6607010,902,3:31:54,3,[PeopleData_id:0,PeopleData_data0Type]
6607010,903,3:31:57,3,[PeopleData_id0,PeopleData_data0Type]
6607010,901,3:31:58,3,[PeopleData_id:0]
6607010,904,3:31:58,3,[PeopleData_id:0]
6607010,905,3:31:58,3,[PeopleData_id:0,RankTypes_id:-1,RankTypes_id:4]
6607010,901,3:31:59,3,[PeopleData_id:2]
6607010,902,3:32:0,3,[PeopleData_id:2,PeopleData_data1Type]
6607010,902,3:32:1,3,[PeopleData_id:2,PeopleData_data0Type]
6607010,903,3:32:5,3,[PeopleData_id2,PeopleData_data0Type]
6607010,901,3:32:6,3,[PeopleData_id:2]
6607010,904,3:32:6,3,[PeopleData_id:2]
6607010,905,3:32:8,3,[PeopleData_id:2,RankTypes_id:-1,RankTypes_id:1]
6607010,901,3:32:9,3,[PeopleData_id:1]
6607010,902,3:32:10,3,[PeopleData_id:1,PeopleData_data2Type]
6607010,902,3:32:13,3,[PeopleData_id:1,PeopleData_data1Type]
6607010,902,3:32:16,3,[PeopleData_id:1,PeopleData_data0Type]
6607010,903,3:32:17,3,[PeopleData_id1,PeopleData_data0Type]
6607010,901,3:32:18,3,[PeopleData_id:1]
6607010,904,3:32:18,3,[PeopleData_id:1]
6607010,905,3:32:19,3,[PeopleData_id:1,RankTypes_id:-1,RankTypes_id:3]
6607010,901,3:32:20,3,[PeopleData_id:3]
6607010,902,3:32:21,3,[PeopleData_id:3,PeopleData_data3Type]
6607010,902,3:32:22,3,[PeopleData_id:3,PeopleData_data2Type]
6607010,902,3:32:23,3,[PeopleData_id:3,PeopleData_data1Type]
6607010,903,3:32:25,3,[PeopleData_id3,PeopleData_data1Type]
6607010,901,3:32:25,3,[PeopleData_id:3]
6607010,904,3:32:26,3,[PeopleData_id:3]
6607010,905,3:32:26,3,[PeopleData_id:3,RankTypes_id:-1,RankTypes_id:3]
6607010,901,3:32:27,3,[PeopleData_id:4]
6607010,902,3:32:28,3,[PeopleData_id:4,PeopleData_data2Type]
6607010,902,3:32:31,3,[PeopleData_id:4,PeopleData_data1Type]
6607010,902,3:32:32,3,[PeopleData_id:4,PeopleData_data0Type]
6607010,903,3:32:35,3,[PeopleData_id4,PeopleData_data0Type]
6607010,901,3:32:35,3,[PeopleData_id:4]
6607010,904,3:32:35,3,[PeopleData_id:4]
6607010,905,3:32:36,3,[PeopleData_id:4,RankTypes_id:-1,RankTypes_id:1]
6607010,906,3:32:36,3,[]
6607010,901,3:32:37,3,[PeopleData_id:4]
6607010,904,3:32:37,3,[PeopleData_id:4]
6607010,905,3:32:37,3,[PeopleData_id:4,RankTypes_id:1,RankTypes_id:0]
6607010,907,3:32:38,3,[]
6607010,908,3:32:38,3,[InvitationData_id:2,PeopleData_id:0,RankTypes_id:4]
6607010,909,3:32:43,3,[InvitationData_id:2,PeopleData_id:0,RankTypes_id:4,1]
6607010,910,3:32:47,3,[InvitationData_id:2,0,true]
6607010,908,3:32:47,3,[InvitationData_id:4,PeopleData_id:0,RankTypes_id:4]
6607010,909,3:32:54,3,[InvitationData_id:4,PeopleData_id:0,RankTypes_id:4,1]
6607010,910,3:32:55,3,[InvitationData_id:4,9,false]
6607010,908,3:32:55,3,[InvitationData_id:1,PeopleData_id:5,RankTypes_id:4]
6607010,909,3:32:59,3,[InvitationData_id:1,PeopleData_id:5,RankTypes_id:4,1]
6607010,910,3:33:1,3,[InvitationData_id:1,0,true]
6607010,908,3:33:1,3,[InvitationData_id:12,PeopleData_id:2,RankTypes_id:1]
6607010,909,3:33:6,3,[InvitationData_id:12,PeopleData_id:2,RankTypes_id:1,0]
6607010,910,3:33:7,3,[InvitationData_id:12,0,false]
6607010,908,3:33:7,3,[InvitationData_id:0,PeopleData_id:0,RankTypes_id:4]
6607010,909,3:33:14,3,[InvitationData_id:0,PeopleData_id:0,RankTypes_id:4,0]
6607010,910,3:33:15,3,[InvitationData_id:0,-11,false]
6607010,908,3:33:15,3,[InvitationData_id:10,PeopleData_id:1,RankTypes_id:3]
6607010,909,3:33:17,3,[InvitationData_id:10,PeopleData_id:1,RankTypes_id:3,1]
6607010,910,3:33:18,3,[InvitationData_id:10,7,false]
6607010,908,3:33:18,3,[InvitationData_id:6,PeopleData_id:0,RankTypes_id:4]
6607010,909,3:33:23,3,[InvitationData_id:6,PeopleData_id:0,RankTypes_id:4,1]
6607010,910,3:33:24,3,[InvitationData_id:6,9,false]
6607010,908,3:33:24,3,[InvitationData_id:5,PeopleData_id:3,RankTypes_id:3]
6607010,909,3:33:27,3,[InvitationData_id:5,PeopleData_id:3,RankTypes_id:3,1]
6607010,910,3:33:27,3,[InvitationData_id:5,7,false]
6607010,908,3:33:27,3,[InvitationData_id:8,PeopleData_id:5,RankTypes_id:4]
6607010,909,3:33:32,3,[InvitationData_id:8,PeopleData_id:5,RankTypes_id:4,0]
6607010,910,3:33:34,3,[InvitationData_id:8,-11,false]
6607010,908,3:33:34,3,[InvitationData_id:7,PeopleData_id:2,RankTypes_id:1]
6607010,909,3:33:38,3,[InvitationData_id:7,PeopleData_id:2,RankTypes_id:1,0]
6607010,910,3:33:39,3,[InvitationData_id:7,0,false]
6607010,908,3:33:39,3,[InvitationData_id:3,PeopleData_id:0,RankTypes_id:4]
6607010,909,3:33:48,3,[InvitationData_id:3,PeopleData_id:0,RankTypes_id:4,1]
6607010,910,3:33:49,3,[InvitationData_id:3,9,false]
6607010,911,3:33:51,3,[19,2,1,2]
6607010,1005,3:33:51,3,[2,0,1]
6607010,1001,3:33:52,3,[]
6607010,1003,3:33:52,2
6607010,210,3:33:59,406,329
6607010,211,3:34:3,78,275
6607010,204,3:34:4,8
6607010,103,3:34:42
6607010,105,3:34:44
6607010,703,3:34:46,[|| EpilogueItem ID: 0 unlocked: true ||,|| EpilogueItem ID: 1 unlocked: true ||,|| EpilogueItem ID: 2 unlocked: true ||,|| EpilogueItem ID: 3 unlocked: true ||,|| EpilogueItem ID: 4 unlocked: true ||,|| EpilogueItem ID: 5 unlocked: false ||,|| EpilogueItem ID: 6 unlocked: false ||,|| EpilogueItem ID: 7 unlocked: false ||,|| EpilogueItem ID: 8 unlocked: false ||,|| EpilogueItem ID: 9 unlocked: false ||,|| EpilogueItem ID: 10 unlocked: false ||,|| EpilogueItem ID: 11 unlocked: false ||,|| EpilogueItem ID: 12 unlocked: false ||,|| EpilogueItem ID: 13 unlocked: true ||,|| EpilogueItem ID: 14 unlocked: false ||,|| EpilogueItem ID: 15 unlocked: false ||,|| EpilogueItem ID: 16 unlocked: false ||,|| EpilogueItem ID: 17 unlocked: false ||,|| EpilogueItem ID: 18 unlocked: false ||,|| EpilogueItem ID: 19 unlocked: false ||,|| EpilogueItem ID: 20 unlocked: false ||,|| EpilogueItem ID: 21 unlocked: false ||,|| EpilogueItem ID: 22 unlocked: false ||,|| EpilogueItem ID: 23 unlocked: false ||,|| EpilogueItem ID: 24 unlocked: false ||],0.24
6607010,706,3:34:50,(x=154, y=-100, w=1024, h=768),(x=1834, y=-100, w=1024, h=768)
6607010,706,3:34:52,(x=1815, y=-100, w=1024, h=768),(x=1816, y=-100, w=1024, h=768)
6607010,706,3:34:56,(x=1976, y=-100, w=1024, h=768),(x=2426, y=-100, w=1024, h=768)
6607010,706,3:34:57,(x=2502, y=-100, w=1024, h=768),(x=2526, y=-100, w=1024, h=768)
6607010,707,3:34:59,2,1
6607010,706,3:34:59,(x=2502, y=-100, w=1024, h=768),(x=2526, y=-100, w=1024, h=768)
6607010,708,3:35:1
6607010,1,3:35:1,3/5/2014 4:48:57pm,{"gameTime":12901417,"challengeStacks":[{"challengeScenes":[{"miniGameCards":[],"viewedAnimatic":true,"keyPoints":["c_teacherEng_G7a0","c_bestFriend_M_a_G7a0","s_flag_gen"],"unlocked":true,"touchableObjects":["s_otherStudent1_G7a0","s_shakespearePoster_gen","c_friend1_M_a_G7a0","s_doorClassroom_G7a0","s_clock_G7a0","s_poePoster_gen","s_angelouPoster_gen","c_crewKid1_M_G7a0","s_vocabAssignment_G7a0","s_atwoodPoster_gen","c_teacherEng_G7a0","c_bestFriend_M_a_G7a0","s_flag_gen"]},{"miniGameCards":[],"viewedAnimatic":true,"keyPoints":["c_teacherEng_G7a1N","c_bestFriend_M_a_G7a1N","s_paperPlayers_G7a1N"],"unlocked":true,"touchableObjects":["c_crewKid1_M_G7a1N","s_otherStudent1_G7a1N","s_shakespearePoster_gen","s_poePoster_gen","s_angelouPoster_gen","s_atwoodPoster_gen","s_otherStudent2_G7a1N","s_posterPlagiarism_gen","s_flag_gen","c_teacherEng_G7a1N","c_bestFriend_M_a_G7a1N","s_paperPlayers_G7a1N"]},{"miniGameCards":[],"viewedAnimatic":true,"keyPoints":["c_teacherEng_G7a1P","s_flag_gen","c_bestFriend_M_a_G7a1P","s_paperEnglish_gen"],"unlocked":true,"touchableObjects":["s_clock_G7a1P","c_teacherEng_G7a1P","s_paperPlayers_G7a1P","s_flag_gen","s_atwoodPoster_gen","c_bestFriend_M_a_G7a1P","s_paperEnglish_gen"]}],"stackSize":3,"resolved":true},{"challengeScenes":[{"miniGameCards":[],"viewedAnimatic":true,"keyPoints":["c_kidSister_lati_a_G7b0","c_crewKid1_M_G7b0","s_backpack_M_G7b0"],"unlocked":true,"touchableObjects":["c_crewKid2_M_G7b0","c_cousinsBrother_a_G7b0","s_lifeguard_G7b0","c_kidSister_lati_a_G7b0","s_snackBarWorker_G7b0","c_cousin_M_a_G7b0","c_crewKid1_M_G7b0","c_cousinsBrothersFriend_a_G7b0","s_backpack_M_G7b0"]},{"miniGameCards":[],"viewedAnimatic":true,"keyPoints":["c_kidSister_lati_a_G7b1N","c_crewKid1_M_G7b1N","s_sprayPaintCan_G7b1N","s_brokenCarWindow_G7b1N","s_graffiti_G7b1N"],"unlocked":true,"touchableObjects":["c_kidSister_lati_a_G7b1N","s_wreckedPlants_G7b1N","s_cat_G7b1N","s_flag_G7b1N","c_teacherEng_G7b1N","c_crewKid1_M_G7b1N","c_policeOfficer_G7b1N","s_sprayPaintCan_G7b1N","s_brokenCarWindow_G7b1N","s_graffiti_G7b1N"]},{"miniGameCards":[],"viewedAnimatic":true,"keyPoints":["c_cousinsBrothersFriend_a_G7b1P","s_poolDay_ruleSign_G7b1P","c_cousin_M_a_G7b1P","c_cousinsBrother_a_G7b1P"],"unlocked":true,"touchableObjects":["c_cousinsBrothersFriend_a_G7b1P","c_crush1_M_a_G7b1P","c_kidSister_lati_a_G7b1P","s_poolDay_ruleSign_G7b1P","c_cousin_M_a_G7b1P","c_cousinsBrother_a_G7b1P"]},{"miniGameCards":[],"viewedAnimatic":true,"keyPoints":["c_crush1_M_a_G7b2N","s_kid1_G7b2N","c_cousin_M_a_G7b2N","c_kidSister_lati_a_G7b2N"],"unlocked":true,"touchableObjects":["c_crush1_M_a_G7b2N","c_crewKid2_M_G7b2N","s_lifeguard_G7b2N","s_cousinsBFgirlfriend_G7b2N","s_kidPool1_G7b2N","s_kidPool2_G7b2N","s_kid1_G7b2N","c_cousin_M_a_G7b2N","c_cousinsBrothersFriend_a_G7b2N","c_cousinsBrother_a_G7b2N","c_kidSister_lati_a_G7b2N"]},{"miniGameCards":[],"viewedAnimatic":true,"keyPoints":["c_cousin_M_a_G7b2P","s_computer_M_G7b2P","c_kidSister_lati_a_G7b2P"],"unlocked":true,"touchableObjects":["c_cousin_M_a_G7b2P","s_calendar_M_gen","s_computer_M_G7b2P","s_closet_M_G7b2P","c_grandma_lati_a_G7b2P","c_kidSister_lati_a_G7b2P"]}],"stackSize":5,"resolved":true},{"challengeScenes":[{"miniGameCards":[],"viewedAnimatic":true,"keyPoints":["s_clock_G8a0","c_cousin_M_a_G8a0","c_crush2_M_a_G8a0","s_bottleCrush2_M_G8a0","s_cellphone_G8a0"],"unlocked":true,"touchableObjects":["c_friend1_M_G8a0","s_beerSixpack_G8a0","c_crewKid1_M_a_G8a0","s_stairs_G8a0","s_bottleTable_G8a0","s_clock_G8a0","s_cigaretteKid1_G8a0","c_cousin_M_a_G8a0","c_crush2_M_a_G8a0","s_beerCooler_G8a0","s_bottleCrush2_M_G8a0","s_bottleFloor_G8a0","s_cellphone_G8a0"]},{"miniGameCards":[],"viewedAnimatic":true,"keyPoints":["s_dirtyClothes_gen","s_basementDoor_gen","s_crush2Lips_M_G8a1N","s_crush2Eyes_M_G8a1N","s_crush2Sore_M_G8a1N"],"unlocked":true,"touchableObjects":["c_crush2_M_a_G8a1N","s_stairs_G8a1N","s_dirtyClothes_gen","s_waterHeater_gen","s_basementDoor_gen","s_inhalantsShelf_gen","s_crush2Lips_M_G8a1N","s_dryer_G8a1N","s_crush2Eyes_M_G8a1N","s_crush2Sore_M_G8a1N"]},{"miniGameCards":[],"viewedAnimatic":true,"keyPoints":["c_crush2_M_a_G8a1P","s_basementDoor_gen","s_dirtyClothes_gen","s_inhalantsShelf_gen"],"unlocked":true,"touchableObjects":["s_spraypaintCrush2_M_G8a1P","s_waterHeater_gen","c_crush2_M_a_G8a1P","s_basementDoor_gen","s_dirtyClothes_gen","s_inhalantsShelf_gen"]},{"miniGameCards":[],"viewedAnimatic":true,"keyPoints":["c_crush2_M_a_G8a2N","s_spraypaintCan_G8a2N"],"unlocked":true,"touchableObjects":["c_friend1_M_a_G8a2N","c_crush2_M_a_G8a2N","s_fumes_G8a2N","s_spraypaintCan_G8a2N"]},{"miniGameCards":[],"viewedAnimatic":true,"keyPoints":["s_sistersToy_G8a2P","s_magazine_G8a2P","c_crush2_M_a_G8a2P","c_kidSister_lati_a_G8a2P","s_pictureDad_lati_gen"],"unlocked":true,"touchableObjects":["s_sistersToy_G8a2P","s_videoGame_G8a2P","s_magazine_G8a2P","c_grandma_lati_a_G8a2P","s_clock_G8a2P","s_door_gen","c_crush2_M_a_G8a2P","s_teaCup_G8a2P","c_kidSister_lati_a_G8a2P","s_stairs_G8a2P","s_pictureDad_lati_gen"]},{"miniGameCards":[],"viewedAnimatic":true,"keyPoints":["s_mirror_lati_M_a_G8a3N","c_nurse_a_G8a3N","s_pamphlet1_G8a3N","s_pamphlet3_G8a3N"],"unlocked":true,"touchableObjects":["s_phone_G8a3N","s_poster_G8a3N","s_mirror_lati_M_a_G8a3N","s_door_G8a3N","c_nurse_a_G8a3N","s_pamphlet1_G8a3N","s_pamphlet2_G8a3N","s_pamphlet3_G8a3N"]},{"miniGameCards":[],"viewedAnimatic":true,"keyPoints":["s_kidsCouch_G8a3P","c_crush2_M_a_G8a3P"],"unlocked":true,"touchableObjects":["s_kidsCouch_G8a3P","s_window_G8a3P","c_cousin_M_a_G8a3P","c_crush2_M_a_G8a3P","c_friend1_M_a_G8a3P","s_kidStanding_G8a3P","c_crewKid1_M_a_G8a3P"]}],"stackSize":7,"resolved":true},{"challengeScenes":[{"miniGameCards":[],"viewedAnimatic":true,"keyPoints":["c_friend1_M_a_G8b0","c_kidSister_lati_a_G8b0","s_pillBottle_G8b0"],"unlocked":true,"touchableObjects":["c_friend1_M_a_G8b0","c_grandma_lati_a_G8b0","s_pictureMom_lati_gen","s_pictureDad_lati_gen","c_kidSister_lati_a_G8b0","s_pillBottle_G8b0"]},{"miniGameCards":[],"viewedAnimatic":true,"keyPoints":["c_grandma_lati_a_G8b1N","c_friend1_M_a_G8b1N","c_kidSister_lati_a_G8b1N"],"unlocked":true,"touchableObjects":["c_grandma_lati_a_G8b1N","c_friend1_M_a_G8b1N","s_pillBottle_G8b1N","c_kidSister_lati_a_G8b1N"]},{"miniGameCards":[],"viewedAnimatic":true,"keyPoints":["c_friend1_M_a_G8b1P","c_grandma_lati_a_G8b1P","s_pillBottle_M_G8b1P"],"unlocked":true,"touchableObjects":["c_friend1_M_a_G8b1P","c_kidSister_lati_a_G8b1P","c_grandma_lati_a_G8b1P","s_pillBottle_M_G8b1P"]},{"miniGameCards":[],"viewedAnimatic":true,"keyPoints":["c_teacherEng_G8b2N","c_crewKid2_M_a_G8b2N","s_clock_G8b2N","c_friend1_M_a_G8b2N","s_sandwichBagPills_G8b2N"],"unlocked":true,"touchableObjects":["s_kid1_G8b2N","s_kid3_G8b2N","s_kid4_G8b2N","s_kid5_G8b2N","s_kid2_G8b2N","c_teacherEng_G8b2N","c_crewKid2_M_a_G8b2N","s_clock_G8b2N","c_friend1_M_a_G8b2N","s_sandwichBagPills_G8b2N"]},{"miniGameCards":[],"viewedAnimatic":true,"keyPoints":["s_pillBottle_G8b2P","c_grandma_lati_a_G8b2P","c_friend1_M_a_G8b2P"],"unlocked":true,"touchableObjects":["c_kidSister_lati_a_G8b2P","s_pillBottle_G8b2P","s_videoGameScreen_G8b2P","c_grandma_lati_a_G8b2P","c_mom_lati_a_G8b2P","c_friend1_M_a_G8b2P"]}],"stackSize":5,"resolved":true},{"challengeScenes":[{"miniGameCards":[],"viewedAnimatic":true,"keyPoints":["s_clock_M_G9a0","s_cellPhone_M_G9a0","s_door_M_gen","s_bathingSuit_M_G9a0"],"unlocked":true,"touchableObjects":["s_clock_M_G9a0","s_calendar_M_gen","s_window_M_G9a0","s_cellPhone_M_G9a0","s_door_M_gen","s_bathingSuit_M_G9a0"]},{"miniGameCards":[],"viewedAnimatic":true,"keyPoints":["s_fence_G9a1N","c_cousin_M_a_G9a1N","s_kid3_G9a1N","c_policeOfficer_G9a1N"],"unlocked":true,"touchableObjects":["s_fence_G9a1N","s_kid4_G9a1N","c_cousinsBrothersFriend_a_G9a1N","s_potSmokeCloud_G9a1N","s_policeCar_G9a1N","s_bathingSuits_G9a1N","c_cousin_M_a_G9a1N","s_kid3_G9a1N","s_poolNight_ruleSign_G9a1N","c_policeOfficer_G9a1N"]},{"miniGameCards":[],"viewedAnimatic":true,"keyPoints":["s_door_M_gen","s_calendar_M_gen","c_cousin_M_a_G9a1P","s_joint_M_G9a1P","s_basketball_M_gen"],"unlocked":true,"touchableObjects":["s_door_M_gen","s_computer_M_gen","s_calendar_M_gen","c_cousin_M_a_G9a1P","s_joint_M_G9a1P","s_basketball_M_gen"]},{"miniGameCards":[],"viewedAnimatic":true,"keyPoints":["c_mom_lati_a_G9a2N","c_kidSister_lati_a_G9a2N","s_pictureDad_lati_M_gen","c_cousin_M_a_G9a2N"],"unlocked":true,"touchableObjects":["s_potSmokeCloud_M_G9a2N","s_cookieTrayEmpty_M_G9a2N","c_mom_lati_a_G9a2N","c_kidSister_lati_a_G9a2N","s_pictureDad_lati_M_gen","c_cousin_M_a_G9a2N"]},{"miniGameCards":[],"viewedAnimatic":true,"keyPoints":["c_cousin_M_a_G9a2P","c_mom_lati_a_G9a2P","s_pizzaBox_G9a2P","s_door_gen"],"unlocked":true,"touchableObjects":["c_kidSister_lati_a_G9a2P","c_cousin_M_a_G9a2P","c_mom_lati_a_G9a2P","s_tv_G9a2P","c_grandma_lati_a_G9a2P","s_pizzaBox_G9a2P","s_door_gen"]}],"stackSize":5,"resolved":true},{"challengeScenes":[{"miniGameCards":[],"viewedAnimatic":false,"keyPoints":[],"unlocked":true,"touchableObjects":[]},{"miniGameCards":[],"viewedAnimatic":false,"keyPoints":[],"unlocked":true,"touchableObjects":[]},{"miniGameCards":[],"viewedAnimatic":false,"keyPoints":[],"unlocked":false,"touchableObjects":[]},{"miniGameCards":[],"viewedAnimatic":false,"keyPoints":[],"unlocked":false,"touchableObjects":[]},{"miniGameCards":[],"viewedAnimatic":false,"keyPoints":[],"unlocked":false,"touchableObjects":[]}],"stackSize":5,"resolved":false},{"challengeScenes":[{"miniGameCards":[],"viewedAnimatic":false,"keyPoints":[],"unlocked":true,"touchableObjects":[]},{"miniGameCards":[],"viewedAnimatic":false,"keyPoints":[],"unlocked":true,"touchableObjects":[]},{"miniGameCards":[],"viewedAnimatic":false,"keyPoints":[],"unlocked":false,"touchableObjects":[]},{"miniGameCards":[],"viewedAnimatic":false,"keyPoints":[],"unlocked":true,"touchableObjects":[]},{"miniGameCards":[],"viewedAnimatic":false,"keyPoints":[],"unlocked":false,"touchableObjects":[]}],"stackSize":5,"resolved":false},{"challengeScenes":[{"miniGameCards":[],"viewedAnimatic":false,"keyPoints":[],"unlocked":false,"touchableObjects":[]},{"miniGameCards":[],"viewedAnimatic":false,"keyPoints":[],"unlocked":false,"touchableObjects":[]},{"miniGameCards":[],"viewedAnimatic":false,"keyPoints":[],"unlocked":false,"touchableObjects":[]},{"miniGameCards":[],"viewedAnimatic":false,"keyPoints":[],"unlocked":false,"touchableObjects":[]},{"miniGameCards":[],"viewedAnimatic":false,"keyPoints":[],"unlocked":false,"touchableObjects":[]}],"stackSize":5,"resolved":false},{"challengeScenes":[{"miniGameCards":[],"viewedAnimatic":true,"keyPoints":[],"unlocked":true,"touchableObjects":[]},{"miniGameCards":[],"viewedAnimatic":false,"keyPoints":[],"unlocked":true,"touchableObjects":[]},{"miniGameCards":[],"viewedAnimatic":false,"keyPoints":[],"unlocked":false,"touchableObjects":[]},{"miniGameCards":[],"viewedAnimatic":false,"keyPoints":[],"unlocked":false,"touchableObjects":[]},{"miniGameCards":[],"viewedAnimatic":false,"keyPoints":[],"unlocked":false,"touchableObjects":[]}],"stackSize":5,"resolved":false},{"challengeScenes":[{"miniGameCards":[],"viewedAnimatic":false,"keyPoints":[],"unlocked":false,"touchableObjects":[]},{"miniGameCards":[],"viewedAnimatic":false,"keyPoints":[],"unlocked":false,"touchableObjects":[]},{"miniGameCards":[],"viewedAnimatic":false,"keyPoints":[],"unlocked":false,"touchableObjects":[]},{"miniGameCards":[],"viewedAnimatic":false,"keyPoints":[],"unlocked":false,"touchableObjects":[]},{"miniGameCards":[],"viewedAnimatic":false,"keyPoints":[],"unlocked":false,"touchableObjects":[]}],"stackSize":5,"resolved":false},{"challengeScenes":[{"miniGameCards":[],"viewedAnimatic":true,"keyPoints":[],"unlocked":true,"touchableObjects":[]},{"miniGameCards":[],"viewedAnimatic":false,"keyPoints":[],"unlocked":true,"touchableObjects":[]},{"miniGameCards":[],"viewedAnimatic":false,"keyPoints":[],"unlocked":false,"touchableObjects":[]},{"miniGameCards":[],"viewedAnimatic":false,"keyPoints":[],"unlocked":true,"touchableObjects":[]},{"miniGameCards":[],"viewedAnimatic":false,"keyPoints":[],"unlocked":false,"touchableObjects":[]}],"stackSize":5,"resolved":false},{"challengeScenes":[{"miniGameCards":[],"viewedAnimatic":false,"keyPoints":[],"unlocked":false,"touchableObjects":[]},{"miniGameCards":[],"viewedAnimatic":false,"keyPoints":[],"unlocked":false,"touchableObjects":[]},{"miniGameCards":[],"viewedAnimatic":false,"keyPoints":[],"unlocked":false,"touchableObjects":[]},{"miniGameCards":[],"viewedAnimatic":false,"keyPoints":[],"unlocked":false,"touchableObjects":[]},{"miniGameCards":[],"viewedAnimatic":false,"keyPoints":[],"unlocked":false,"touchableObjects":[]}],"stackSize":5,"resolved":false},{"challengeScenes":[{"miniGameCards":[],"viewedAnimatic":false,"keyPoints":[],"unlocked":true,"touchableObjects":["c_friends_G0a0","c_player_lati_M_a_G0a0","c_family_lati_a_G0a0","c_education_G0a0"]},{"miniGameCards":[],"viewedAnimatic":false,"keyPoints":["c_job_G0a1N","c_family_lati_a_G0a1N","c_home_G0a1N"],"unlocked":true,"touchableObjects":["c_job_G0a1N","c_family_lati_a_G0a1N","c_home_G0a1N"]},{"miniGameCards":[],"viewedAnimatic":false,"keyPoints":["c_kidsister_lati_a_G0a1P","c_grandma_lati_a_G0a1P","c_Teacher_G0a1P","c_mom_lati_a_G0a1P","c_dad_lati_a_G0a1P","c_Nurse_G0a1P"],"unlocked":true,"touchableObjects":["c_cousins_M_a_G0a1P","c_friends_G0a1P","c_kidsister_lati_a_G0a1P","c_grandma_lati_a_G0a1P","c_Teacher_G0a1P","c_mom_lati_a_G0a1P","c_dad_lati_a_G0a1P","c_Nurse_G0a1P"]}],"stackSize":3,"resolved":true}],"sessionId":7,"epilogue":{"rating":1},"playerId":6607010,"session":[{"sceneId":"1P","stackId":12},{"sceneId":"1P","stackId":0},{"sceneId":"1P","stackId":1},{"sceneId":"1N","stackId":1},{"sceneId":"2P","stackId":1},{"sceneId":"1P","stackId":4},{"sceneId":"1N","stackId":4},{"sceneId":"2P","stackId":4},{"sceneId":"3P","stackId":2},{"sceneId":"1P","stackId":2},{"sceneId":"1N","stackId":2},{"sceneId":"2P","stackId":2},{"sceneId":"1P","stackId":3},{"sceneId":"1N","stackId":3},{"sceneId":"2P","stackId":3}],"minigames":[{"levelSaveData":[{"starRating":3,"unlocked":true},{"starRating":1,"unlocked":true},{"starRating":2,"unlocked":true},{"starRating":0,"unlocked":true},{"starRating":0,"unlocked":false},{"starRating":0,"unlocked":true},{"starRating":0,"unlocked":true},{"starRating":0,"unlocked":true},{"starRating":0,"unlocked":true},{"starRating":0,"unlocked":true}],"skillPoints":6},{"levelSaveData":[{"starRating":3,"unlocked":true},{"starRating":3,"unlocked":true},{"starRating":3,"unlocked":true},{"starRating":0,"unlocked":true},{"starRating":3,"unlocked":true},{"starRating":0,"unlocked":true},{"starRating":0,"unlocked":false},{"starRating":0,"unlocked":false},{"starRating":3,"unlocked":true},{"starRating":3,"unlocked":true}],"skillPoints":18},{"levelSaveData":[{"starRating":3,"unlocked":true},{"starRating":3,"unlocked":true},{"starRating":0,"unlocked":true},{"starRating":1,"unlocked":true},{"starRating":0,"unlocked":false},{"starRating":1,"unlocked":true},{"starRating":0,"unlocked":false},{"starRating":3,"unlocked":true},{"starRating":3,"unlocked":true},{"starRating":0,"unlocked":false}],"skillPoints":14},{"levelSaveData":[{"starRating":3,"unlocked":true},{"starRating":3,"unlocked":true},{"starRating":0,"unlocked":true},{"starRating":0,"unlocked":true},{"starRating":3,"unlocked":true},{"starRating":0,"unlocked":true},{"starRating":3,"unlocked":true},{"starRating":0,"unlocked":false},{"starRating":0,"unlocked":false},{"starRating":0,"unlocked":false}],"skillPoints":12},{"age":12,"name":"Jose","gender":0,"levelSaveData":[{"starRating":3,"unlocked":true},{"starRating":3,"chunks":[["1"],["0$$happy","0"],["5","3","0"],["0"]],"unlocked":true},{"starRating":3,"chunks":[["1"],["1$$baseball","4"],["13","0"]],"unlocked":true},{"starRating":3,"chunks":[["3"],["0"],["2"],["1"],["5","0"],["3"]],"unlocked":true},{"starRating":3,"chunks":[["1"],["3"],["2","20"],["1"],["4"],["7"]],"unlocked":true},{"starRating":0,"chunks":[[null],[null,null,null,null],[null],[null]],"unlocked":true},{"starRating":0,"chunks":[[null],[null],[null,null],[null,null],[null]],"unlocked":true},{"starRating":0,"chunks":[[null,null,null],[null,null,null],[null],[null],[null]],"unlocked":true},{"starRating":0,"chunks":[[null,null,null],[null,null,null],[null,null]],"unlocked":true},{"starRating":0,"chunks":[[null],[null],[null],[null],[null],[null]],"unlocked":false}],"visualAvatar":0,"id":2,"skillPoints":15}],"avatar":{"age":12,"name":"Jose","gender":0,"levelSaveData":[{"starRating":3,"unlocked":true},{"starRating":3,"chunks":[["1"],["0$$happy","0"],["5","3","0"],["0"]],"unlocked":true},{"starRating":3,"chunks":[["1"],["1$$baseball","4"],["13","0"]],"unlocked":true},{"starRating":3,"chunks":[["3"],["0"],["2"],["1"],["5","0"],["3"]],"unlocked":true},{"starRating":3,"chunks":[["1"],["3"],["2","20"],["1"],["4"],["7"]],"unlocked":true},{"starRating":0,"chunks":[[null],[null,null,null,null],[null],[null]],"unlocked":true},{"starRating":0,"chunks":[[null],[null],[null,null],[null,null],[null]],"unlocked":true},{"starRating":0,"chunks":[[null,null,null],[null,null,null],[null],[null],[null]],"unlocked":true},{"starRating":0,"chunks":[[null,null,null],[null,null,null],[null,null]],"unlocked":true},{"starRating":0,"chunks":[[null],[null],[null],[null],[null],[null]],"unlocked":false}],"visualAvatar":0,"id":2,"skillPoints":15}}
