6427017,0,0:0:0,7/8/2013 10:42:29am
6427017,600,0:0:6,3
6427017,601,0:0:10,0
6427017,602,0:0:11,3,0
6427017,603,0:0:14,0
6427017,604,0:0:34,0,melvin
6427017,605,0:0:39
6427017,212,0:0:54,0
6427017,212,0:0:54,1
6427017,212,0:0:55,0
6427017,210,0:0:56,893,302
6427017,211,0:1:2,624,204
6427017,210,0:1:4,664,150
6427017,211,0:1:5,646,221
6427017,210,0:1:7,819,138
6427017,211,0:1:7,809,147
6427017,213,0:1:7,12,c_education_G0a0,true
6427017,221,0:1:27,12
6427017,220,0:1:33,12
6427017,210,0:1:41,822,364
6427017,211,0:1:42,795,367
6427017,213,0:1:42,12,c_player_afri_M_a_G0a1N,true
6427017,212,0:1:46,1
6427017,212,0:1:46,2
6427017,210,0:1:48,900,278
6427017,207,0:1:49,12,0,-270
6427017,211,0:1:51,1109,197
6427017,213,0:1:51,12,c_family_afri_a_G0a1N,true
6427017,205,0:1:51,12,c_family_afri_a_G0a1N,false,false
6427017,210,0:2:6,1150,410
6427017,211,0:2:21,702,174
6427017,210,0:2:22,654,119
6427017,211,0:2:30,1333,441
6427017,207,0:2:30,12,-270,-330
6427017,210,0:2:31,1423,381
6427017,207,0:2:31,12,-330,-615
6427017,211,0:2:32,1696,160
6427017,207,0:2:32,12,-615,-690
6427017,210,0:2:33,1755,170
6427017,207,0:2:33,12,-690,-813
6427017,211,0:2:35,1835,393
6427017,210,0:2:36,1796,335
6427017,211,0:2:36,1742,233
6427017,210,0:2:45,1788,252
6427017,211,0:2:46,1835,322
6427017,210,0:2:47,1834,386
6427017,207,0:2:53,12,-813,0
6427017,211,0:2:55,634,253
6427017,210,0:2:57,705,103
6427017,211,0:2:58,674,176
6427017,210,0:3:5,741,252
6427017,211,0:3:5,393,343
6427017,210,0:3:8,591,438
6427017,211,0:3:10,649,380
6427017,210,0:3:10,659,117
6427017,211,0:3:10,659,116
6427017,210,0:3:11,663,180
6427017,211,0:3:11,667,180
6427017,212,0:3:15,1
6427017,210,0:3:18,597,310
6427017,211,0:3:20,645,351
6427017,212,0:3:21,0
6427017,213,0:3:28,12,c_job_G0a1N,true
6427017,205,0:3:28,12,c_job_G0a1N,false,false
6427017,210,0:3:42,759,357
6427017,211,0:3:43,516,295
6427017,213,0:3:43,12,c_job_G0a1N,true
6427017,205,0:3:43,12,c_job_G0a1N,false,true
6427017,210,0:3:47,897,298
6427017,211,0:3:47,1064,282
6427017,207,0:3:47,12,0,-60
6427017,210,0:3:49,1154,267
6427017,207,0:3:49,12,-60,-435
6427017,211,0:3:50,1176,432
6427017,210,0:3:55,1242,202
6427017,211,0:3:55,1000,275
6427017,213,0:3:55,12,c_player_afri_M_a_G0a1N,true
6427017,210,0:4:5,865,359
6427017,211,0:4:6,865,377
6427017,213,0:4:6,12,c_player_afri_M_a_G0a1N,true
6427017,210,0:4:9,1117,394
6427017,211,0:4:12,1562,507
6427017,207,0:4:12,12,-435,-555
6427017,210,0:4:13,1645,396
6427017,207,0:4:14,12,-555,-813
6427017,211,0:4:17,1835,228
6427017,210,0:4:18,1835,193
6427017,211,0:4:19,1832,252
6427017,210,0:4:20,1818,231
6427017,211,0:4:20,1828,222
6427017,210,0:4:20,1769,252
6427017,211,0:4:20,1831,218
6427017,210,0:4:21,1807,186
6427017,211,0:4:21,1807,186
6427017,210,0:4:32,1066,393
6427017,211,0:4:33,1533,355
6427017,210,0:4:33,918,395
6427017,207,0:4:34,12,-813,-378
6427017,211,0:4:36,690,169
6427017,213,0:4:36,12,c_job_G0a1N,true
6427017,205,0:4:36,12,c_job_G0a1N,false,true
6427017,210,0:4:39,820,323
6427017,211,0:4:40,1075,326
6427017,212,0:4:46,1
6427017,210,0:4:51,1122,402
6427017,211,0:4:53,1137,413
6427017,213,0:4:53,12,c_home_G0a1N,true
6427017,205,0:4:53,12,c_home_G0a1N,false,false
6427017,221,0:5:16,12
6427017,220,0:5:27,12
6427017,210,0:5:45,555,410
6427017,211,0:5:45,555,410
6427017,213,0:5:45,12,c_cousins_M_a_G0a1P,true
6427017,210,0:6:5,766,340
6427017,211,0:6:8,907,458
6427017,213,0:6:8,12,c_friends_G0a1P,true
6427017,210,0:6:12,850,379
6427017,207,0:6:14,12,0,-495
6427017,211,0:6:17,1401,161
6427017,210,0:6:17,1371,159
6427017,211,0:6:18,1371,165
6427017,210,0:6:18,1360,179
6427017,207,0:6:20,12,-495,-915
6427017,211,0:6:23,1799,229
6427017,213,0:6:23,12,c_dad_afri_a_G0a1P,true
6427017,205,0:6:23,12,c_dad_afri_a_G0a1P,false,false
6427017,210,0:6:39,1865,435
6427017,207,0:6:41,12,-915,-1125
6427017,211,0:6:43,1870,287
6427017,213,0:6:43,12,c_mom_afri_a_G0a1P,true
6427017,205,0:6:43,12,c_mom_afri_a_G0a1P,false,false
6427017,210,0:6:54,1865,453
6427017,211,0:7:5,1409,239
6427017,210,0:7:6,1376,182
6427017,211,0:7:6,1376,182
6427017,210,0:7:6,1077,480
6427017,207,0:7:7,12,-1125,-795
6427017,211,0:7:10,1094,472
6427017,213,0:7:10,12,c_friends_G0a1P,true
6427017,210,0:7:14,1644,350
6427017,207,0:7:16,12,-795,-1790
6427017,211,0:7:19,2619,370
6427017,210,0:7:21,2249,426
6427017,211,0:7:21,2249,428
6427017,210,0:7:22,2245,434
6427017,211,0:7:22,2243,434
6427017,210,0:7:23,2118,468
6427017,207,0:7:27,12,-1790,-530
6427017,211,0:7:28,975,347
6427017,212,0:7:29,0
6427017,210,0:7:31,1345,163
6427017,207,0:7:33,12,-530,-815
6427017,207,0:7:35,12,-815,-1040
6427017,211,0:7:35,1862,497
6427017,212,0:7:36,2
6427017,210,0:7:36,1835,458
6427017,211,0:7:38,1841,487
6427017,213,0:7:38,12,c_kidsister_afri_a_G0a1P,true
6427017,205,0:7:38,12,c_kidsister_afri_a_G0a1P,false,false
6427017,210,0:7:50,1523,364
6427017,211,0:7:52,1602,349
6427017,213,0:7:52,12,c_grandma_afri_a_G0a1P,true
6427017,205,0:7:52,12,c_grandma_afri_a_G0a1P,false,false
6427017,210,0:8:2,1377,194
6427017,211,0:8:3,1387,175
6427017,213,0:8:3,12,c_Teacher_G0a1P,true
6427017,205,0:8:3,12,c_Teacher_G0a1P,false,false
6427017,210,0:8:14,1299,242
6427017,211,0:8:18,1942,447
6427017,212,0:8:19,1
6427017,210,0:8:20,1271,214
6427017,211,0:8:21,1293,236
6427017,212,0:8:22,0
6427017,210,0:8:23,1256,201
6427017,211,0:8:25,1279,212
6427017,213,0:8:25,12,c_Nurse_G0a1P,true
6427017,205,0:8:25,12,c_Nurse_G0a1P,false,false
6427017,221,0:8:44,12
6427017,220,0:9:8,12
6427017,207,0:9:31,12,-1040,-1055
6427017,210,0:9:32,1819,231
6427017,211,0:9:33,1551,291
6427017,213,0:9:43,12,c_cousins_M_a_G0a1P,true
6427017,207,0:9:53,12,0,-15
6427017,210,0:9:53,827,314
6427017,211,0:9:54,590,355
6427017,213,0:9:54,12,c_cousins_M_a_G0a1P,true
6427017,207,0:9:57,12,-15,-60
6427017,210,0:9:57,1149,116
6427017,207,0:10:1,12,-60,-1790
6427017,211,0:10:3,2584,439
6427017,221,0:12:13,12
6427017,300,0:12:22
6427017,220,0:12:22,12
6427017,302,0:12:37,0,1,0,4
6427017,303,0:12:42,0,1,0,4
6427017,304,0:12:48,0,1,0,-1,,4,always tired
6427017,302,0:12:55,0,1,1,0
6427017,303,0:13:1,0,1,1,0
6427017,304,0:13:5,0,1,1,-1,,0,im nice
6427017,302,0:13:29,0,3,0,0
6427017,306,0:13:31,0,0,1
6427017,304,0:13:31,0,3,0,-1,,0,
6427017,302,0:13:41,0,0,0,1
6427017,304,0:13:46,0,0,0,-1,,1,
6427017,302,0:13:56,0,2,0,10
6427017,302,0:13:56,0,2,0,6
6427017,306,0:13:58,0,1,2
6427017,304,0:13:58,0,2,0,-1,,6,
6427017,303,0:14:5,0,2,0,6
6427017,304,0:14:12,0,2,0,6,,6,love music
6427017,302,0:14:21,0,2,1,8
6427017,303,0:14:25,0,2,1,8
6427017,304,0:14:52,0,2,1,-1,,8,love sports
6427017,302,0:14:58,0,2,2,17
6427017,303,0:15:2,0,2,2,17
6427017,306,0:15:9,0,2,3
6427017,304,0:15:9,0,2,2,-1,,17,like rap
6427017,210,0:15:31,1035,331
6427017,207,0:15:35,12,0,-1790
6427017,211,0:15:36,2801,361
6427017,210,0:15:43,2648,430
6427017,211,0:15:43,2626,432
6427017,210,0:15:45,2167,398
6427017,211,0:15:45,2167,398
6427017,210,0:15:49,2155,388
6427017,211,0:15:49,2162,430
6427017,210,0:15:49,2203,262
6427017,211,0:15:49,2207,264
6427017,210,0:15:50,2156,483
6427017,211,0:15:50,2449,490
6427017,210,0:15:51,2111,395
6427017,207,0:15:56,12,-1790,0
6427017,211,0:15:56,34,539
6427017,221,0:15:58,12
6427017,220,0:16:2,12
6427017,203,0:16:2,12
6427017,100,0:16:23,0
6427017,102,0:16:31,0
6427017,200,0:16:31,0,0,0,0,0,6
6427017,219,0:16:31,0
6427017,216,0:16:33,Stack_G7a0
6427017,217,0:17:10,Stack_G7a0,32,0.00
6427017,218,0:17:26,0
6427017,210,0:17:29,675,456
6427017,211,0:17:33,877,149
6427017,213,0:17:33,0,s_poePoster_gen,true
6427017,210,0:17:39,683,494
6427017,211,0:17:41,666,583
6427017,213,0:17:41,0,s_otherStudent1_G7a0,true
6427017,210,0:17:49,964,495
6427017,211,0:17:50,984,525
6427017,213,0:17:50,0,c_bestFriend_M_a_G7a0,false
6427017,210,0:18:2,1066,563
6427017,211,0:18:3,1095,588
6427017,213,0:18:3,0,s_vocabAssignment_G7a0,true
6427017,210,0:18:9,780,323
6427017,211,0:18:10,819,309
6427017,213,0:18:10,0,c_teacherEng_G7a0,false
6427017,212,0:18:17,1
6427017,210,0:18:17,798,265
6427017,207,0:18:20,0,-200,0
6427017,207,0:18:24,0,0,-518.45
6427017,211,0:18:27,1220,372
6427017,213,0:18:27,0,s_doorClassroom_G7a0,true
6427017,210,0:18:33,1050,525
6427017,211,0:18:34,1077,596
6427017,213,0:18:34,0,s_vocabAssignment_G7a0,true
6427017,210,0:18:37,980,480
6427017,211,0:18:38,987,495
6427017,212,0:18:39,0
6427017,210,0:18:40,1435,485
6427017,211,0:18:46,708,158
6427017,213,0:18:46,0,s_angelouPoster_gen,true
6427017,210,0:18:50,1225,472
6427017,211,0:18:58,1021,559
6427017,212,0:19:0,2
6427017,210,0:19:3,967,471
6427017,211,0:19:4,977,529
6427017,213,0:19:4,0,c_bestFriend_M_a_G7a0,false
6427017,1003,0:19:7,2
6427017,1004,0:19:13,0
6427017,900,0:19:17,0,[]
6427017,901,0:19:21,0,[PeopleData_id:0]
6427017,904,0:19:21,0,[PeopleData_id:0]
6427017,902,0:19:27,0,[PeopleData_id:0,PeopleData_data0Type]
6427017,903,0:19:32,0,[PeopleData_id0,PeopleData_data0Type]
6427017,902,0:19:32,0,[PeopleData_id:0,PeopleData_data1Type]
6427017,903,0:19:38,0,[PeopleData_id0,PeopleData_data1Type]
6427017,902,0:19:39,0,[PeopleData_id:0,PeopleData_data2Type]
6427017,903,0:19:42,0,[PeopleData_id0,PeopleData_data2Type]
6427017,902,0:19:44,0,[PeopleData_id:0,PeopleData_data2Type]
6427017,903,0:19:47,0,[PeopleData_id0,PeopleData_data2Type]
6427017,902,0:19:48,0,[PeopleData_id:0,PeopleData_data3Type]
6427017,903,0:19:52,0,[PeopleData_id0,PeopleData_data3Type]
6427017,901,0:19:54,0,[PeopleData_id:1]
6427017,902,0:19:56,0,[PeopleData_id:1,PeopleData_data0Type]
6427017,903,0:20:1,0,[PeopleData_id1,PeopleData_data0Type]
6427017,902,0:20:2,0,[PeopleData_id:1,PeopleData_data1Type]
6427017,903,0:20:6,0,[PeopleData_id1,PeopleData_data1Type]
6427017,902,0:20:6,0,[PeopleData_id:1,PeopleData_data2Type]
6427017,903,0:20:12,0,[PeopleData_id1,PeopleData_data2Type]
6427017,902,0:20:12,0,[PeopleData_id:1,PeopleData_data3Type]
6427017,903,0:20:20,0,[PeopleData_id1,PeopleData_data3Type]
6427017,901,0:20:21,0,[PeopleData_id:1]
6427017,904,0:20:22,0,[PeopleData_id:1]
6427017,905,0:20:24,0,[PeopleData_id:1,RankTypes_id:-1,RankTypes_id:0]
6427017,901,0:20:32,0,[PeopleData_id:3]
6427017,902,0:20:34,0,[PeopleData_id:3,PeopleData_data0Type]
6427017,902,0:20:37,0,[PeopleData_id:3,PeopleData_data1Type]
6427017,902,0:20:42,0,[PeopleData_id:3,PeopleData_data2Type]
6427017,903,0:20:48,0,[PeopleData_id3,PeopleData_data2Type]
6427017,901,0:20:49,0,[PeopleData_id:3]
6427017,904,0:20:49,0,[PeopleData_id:3]
6427017,905,0:20:51,0,[PeopleData_id:3,RankTypes_id:-1,RankTypes_id:4]
6427017,901,0:20:52,0,[PeopleData_id:3]
6427017,904,0:20:53,0,[PeopleData_id:3]
6427017,905,0:20:54,0,[PeopleData_id:3,RankTypes_id:4,RankTypes_id:3]
6427017,901,0:20:59,0,[PeopleData_id:4]
6427017,902,0:21:1,0,[PeopleData_id:4,PeopleData_data0Type]
6427017,902,0:21:4,0,[PeopleData_id:4,PeopleData_data1Type]
6427017,902,0:21:9,0,[PeopleData_id:4,PeopleData_data2Type]
6427017,902,0:21:13,0,[PeopleData_id:4,PeopleData_data3Type]
6427017,903,0:21:17,0,[PeopleData_id4,PeopleData_data3Type]
6427017,901,0:21:18,0,[PeopleData_id:4]
6427017,904,0:21:18,0,[PeopleData_id:4]
6427017,905,0:21:19,0,[PeopleData_id:4,RankTypes_id:-1,RankTypes_id:0]
6427017,901,0:21:21,0,[PeopleData_id:2]
6427017,902,0:21:23,0,[PeopleData_id:2,PeopleData_data0Type]
6427017,902,0:21:26,0,[PeopleData_id:2,PeopleData_data1Type]
6427017,902,0:21:30,0,[PeopleData_id:2,PeopleData_data2Type]
6427017,902,0:21:34,0,[PeopleData_id:2,PeopleData_data3Type]
6427017,903,0:21:38,0,[PeopleData_id2,PeopleData_data3Type]
6427017,901,0:21:39,0,[PeopleData_id:2]
6427017,904,0:21:39,0,[PeopleData_id:2]
6427017,905,0:21:41,0,[PeopleData_id:2,RankTypes_id:-1,RankTypes_id:1]
6427017,901,0:21:43,0,[PeopleData_id:0]
6427017,904,0:21:43,0,[PeopleData_id:0]
6427017,905,0:21:45,0,[PeopleData_id:0,RankTypes_id:-1,RankTypes_id:4]
6427017,906,0:21:45,0,[]
6427017,901,0:21:46,0,[PeopleData_id:3]
6427017,904,0:21:46,0,[PeopleData_id:3]
6427017,905,0:21:48,0,[PeopleData_id:3,RankTypes_id:3,RankTypes_id:4]
6427017,907,0:21:50,0,[]
6427017,908,0:21:50,0,[InvitationData_id:4,PeopleData_id:2,RankTypes_id:1]
6427017,909,0:22:2,0,[InvitationData_id:4,PeopleData_id:2,RankTypes_id:1,0]
6427017,910,0:22:4,0,[InvitationData_id:4,0,false]
6427017,908,0:22:4,0,[InvitationData_id:0,PeopleData_id:0,RankTypes_id:4]
6427017,909,0:22:9,0,[InvitationData_id:0,PeopleData_id:0,RankTypes_id:4,1]
6427017,910,0:22:11,0,[InvitationData_id:0,9,false]
6427017,908,0:22:11,0,[InvitationData_id:6,PeopleData_id:0,RankTypes_id:4]
6427017,909,0:22:17,0,[InvitationData_id:6,PeopleData_id:0,RankTypes_id:4,1]
6427017,910,0:22:18,0,[InvitationData_id:6,9,false]
6427017,908,0:22:18,0,[InvitationData_id:3,PeopleData_id:3,RankTypes_id:4]
6427017,909,0:22:24,0,[InvitationData_id:3,PeopleData_id:3,RankTypes_id:4,1]
6427017,910,0:22:25,0,[InvitationData_id:3,9,false]
6427017,908,0:22:25,0,[InvitationData_id:1,PeopleData_id:0,RankTypes_id:4]
6427017,909,0:22:31,0,[InvitationData_id:1,PeopleData_id:0,RankTypes_id:4,1]
6427017,910,0:22:32,0,[InvitationData_id:1,9,false]
6427017,908,0:22:32,0,[InvitationData_id:2,PeopleData_id:2,RankTypes_id:1]
6427017,909,0:22:41,0,[InvitationData_id:2,PeopleData_id:2,RankTypes_id:1,0]
6427017,910,0:22:42,0,[InvitationData_id:2,0,false]
6427017,908,0:22:42,0,[InvitationData_id:8,PeopleData_id:0,RankTypes_id:4]
6427017,909,0:22:47,0,[InvitationData_id:8,PeopleData_id:0,RankTypes_id:4,1]
6427017,910,0:22:48,0,[InvitationData_id:8,9,false]
6427017,908,0:22:48,0,[InvitationData_id:10,PeopleData_id:2,RankTypes_id:1]
6427017,909,0:23:0,0,[InvitationData_id:10,PeopleData_id:2,RankTypes_id:1,1]
6427017,910,0:23:10,0,[InvitationData_id:10,0,true]
6427017,911,0:23:12,0,[45,1,0,1]
6427017,1005,0:23:12,0,[2,0,2]
6427017,1000,0:23:15,0,[]
6427017,900,0:23:16,0,[]
6427017,901,0:23:18,0,[PeopleData_id:1]
6427017,904,0:23:18,0,[PeopleData_id:1]
6427017,902,0:23:20,0,[PeopleData_id:1,PeopleData_data0Type]
6427017,902,0:23:24,0,[PeopleData_id:1,PeopleData_data1Type]
6427017,902,0:23:28,0,[PeopleData_id:1,PeopleData_data3Type]
6427017,902,0:23:32,0,[PeopleData_id:1,PeopleData_data2Type]
6427017,903,0:23:35,0,[PeopleData_id1,PeopleData_data2Type]
6427017,901,0:23:36,0,[PeopleData_id:1]
6427017,904,0:23:36,0,[PeopleData_id:1]
6427017,905,0:23:36,0,[PeopleData_id:1,RankTypes_id:-1,RankTypes_id:0]
6427017,901,0:23:37,0,[PeopleData_id:4]
6427017,902,0:23:39,0,[PeopleData_id:4,PeopleData_data0Type]
6427017,902,0:23:44,0,[PeopleData_id:4,PeopleData_data1Type]
6427017,902,0:23:46,0,[PeopleData_id:4,PeopleData_data2Type]
6427017,902,0:23:55,0,[PeopleData_id:4,PeopleData_data3Type]
6427017,903,0:24:2,0,[PeopleData_id4,PeopleData_data3Type]
6427017,901,0:24:3,0,[PeopleData_id:4]
6427017,904,0:24:3,0,[PeopleData_id:4]
6427017,905,0:24:4,0,[PeopleData_id:4,RankTypes_id:-1,RankTypes_id:0]
6427017,901,0:24:6,0,[PeopleData_id:2]
6427017,902,0:24:8,0,[PeopleData_id:2,PeopleData_data0Type]
6427017,902,0:24:19,0,[PeopleData_id:2,PeopleData_data1Type]
6427017,903,0:24:22,0,[PeopleData_id2,PeopleData_data1Type]
6427017,901,0:24:23,0,[PeopleData_id:2]
6427017,904,0:24:23,0,[PeopleData_id:2]
6427017,905,0:24:25,0,[PeopleData_id:2,RankTypes_id:-1,RankTypes_id:0]
6427017,901,0:24:39,0,[PeopleData_id:0]
6427017,902,0:24:40,0,[PeopleData_id:0,PeopleData_data0Type]
6427017,902,0:24:44,0,[PeopleData_id:0,PeopleData_data1Type]
6427017,902,0:24:56,0,[PeopleData_id:0,PeopleData_data2Type]
6427017,902,0:24:59,0,[PeopleData_id:0,PeopleData_data3Type]
6427017,903,0:25:2,0,[PeopleData_id0,PeopleData_data3Type]
6427017,901,0:25:3,0,[PeopleData_id:0]
6427017,904,0:25:4,0,[PeopleData_id:0]
6427017,905,0:25:5,0,[PeopleData_id:0,RankTypes_id:-1,RankTypes_id:4]
6427017,901,0:25:6,0,[PeopleData_id:3]
6427017,904,0:25:6,0,[PeopleData_id:3]
6427017,902,0:25:7,0,[PeopleData_id:3,PeopleData_data0Type]
6427017,902,0:25:10,0,[PeopleData_id:3,PeopleData_data1Type]
6427017,902,0:25:13,0,[PeopleData_id:3,PeopleData_data2Type]
6427017,902,0:25:13,0,[PeopleData_id:3,PeopleData_data2Type]
6427017,903,0:25:15,0,[PeopleData_id3,PeopleData_data2Type]
6427017,901,0:25:16,0,[PeopleData_id:3]
6427017,904,0:25:16,0,[PeopleData_id:3]
6427017,905,0:25:17,0,[PeopleData_id:3,RankTypes_id:-1,RankTypes_id:4]
6427017,906,0:25:17,0,[]
6427017,907,0:25:20,0,[]
6427017,908,0:25:20,0,[InvitationData_id:6,PeopleData_id:0,RankTypes_id:4]
6427017,909,0:25:23,0,[InvitationData_id:6,PeopleData_id:0,RankTypes_id:4,1]
6427017,910,0:25:24,0,[InvitationData_id:6,9,false]
6427017,908,0:25:24,0,[InvitationData_id:1,PeopleData_id:0,RankTypes_id:4]
6427017,909,0:25:26,0,[InvitationData_id:1,PeopleData_id:0,RankTypes_id:4,1]
6427017,910,0:25:27,0,[InvitationData_id:1,9,false]
6427017,908,0:25:27,0,[InvitationData_id:0,PeopleData_id:0,RankTypes_id:4]
6427017,909,0:25:29,0,[InvitationData_id:0,PeopleData_id:0,RankTypes_id:4,1]
6427017,910,0:25:31,0,[InvitationData_id:0,9,false]
6427017,908,0:25:31,0,[InvitationData_id:3,PeopleData_id:3,RankTypes_id:4]
6427017,909,0:25:33,0,[InvitationData_id:3,PeopleData_id:3,RankTypes_id:4,1]
6427017,910,0:25:34,0,[InvitationData_id:3,9,false]
6427017,908,0:25:34,0,[InvitationData_id:8,PeopleData_id:0,RankTypes_id:4]
6427017,909,0:25:36,0,[InvitationData_id:8,PeopleData_id:0,RankTypes_id:4,1]
6427017,910,0:25:37,0,[InvitationData_id:8,9,false]
6427017,911,0:25:46,0,[45,0,0,0]
6427017,1005,0:25:46,0,[2,2,3]
6427017,1001,0:25:48,0,[]
6427017,1003,0:25:48,2
6427017,210,0:26:3,976,523
6427017,207,0:26:4,0,-200,0
6427017,211,0:26:6,232,464
6427017,213,0:26:6,0,c_crewKid1_M_G7a0,true
6427017,210,0:26:14,303,552
6427017,211,0:26:17,655,583
6427017,213,0:26:17,0,s_otherStudent1_G7a0,true
6427017,210,0:26:23,381,352
6427017,207,0:26:26,0,0,-240
6427017,207,0:26:29,0,-240,-465
6427017,207,0:26:29,0,-465,-518.45
6427017,211,0:26:31,1455,521
6427017,213,0:26:31,0,c_friend1_M_a_G7a0,true
6427017,210,0:26:44,1361,446
6427017,211,0:26:44,1332,491
6427017,212,0:26:45,1
6427017,210,0:26:47,1329,477
6427017,211,0:26:49,1267,511
6427017,210,0:26:50,1254,489
6427017,211,0:26:51,1246,506
6427017,212,0:26:52,0
6427017,210,0:26:52,1319,510
6427017,211,0:26:55,1084,627
6427017,213,0:26:55,0,s_vocabAssignment_G7a0,true
6427017,210,0:26:58,1028,554
6427017,207,0:27:4,0,-518.45,-218.45
6427017,207,0:27:6,0,-218.45,0
6427017,211,0:27:8,231,464
6427017,213,0:27:8,0,c_crewKid1_M_G7a0,true
6427017,212,0:27:13,1
6427017,210,0:27:15,72,503
6427017,211,0:27:18,838,353
6427017,212,0:27:19,2
6427017,210,0:27:20,788,297
6427017,211,0:27:21,812,308
6427017,213,0:27:21,0,c_teacherEng_G7a0,true
6427017,205,0:27:21,0,c_teacherEng_G7a0,false,false
6427017,210,0:27:26,1030,466
6427017,207,0:27:26,0,0,-75
6427017,207,0:27:26,0,-75,-150
6427017,211,0:27:28,968,510
6427017,213,0:27:28,0,c_bestFriend_M_a_G7a0,true
6427017,205,0:27:28,0,c_bestFriend_M_a_G7a0,false,false
6427017,210,0:27:45,303,102
6427017,207,0:27:51,0,-150,-450
6427017,207,0:27:52,0,-450,-518.45
6427017,211,0:27:54,1461,534
6427017,213,0:27:54,0,c_friend1_M_a_G7a0,true
6427017,210,0:28:15,1231,432
6427017,211,0:28:16,1217,339
6427017,213,0:28:16,0,s_doorClassroom_G7a0,true
6427017,210,0:28:18,1013,469
6427017,207,0:28:22,0,-518.45,-203.45
6427017,207,0:28:23,0,-203.45,0
6427017,211,0:28:23,81,560
6427017,212,0:28:24,1
6427017,210,0:28:25,89,525
6427017,207,0:28:30,0,0,-210
6427017,207,0:28:34,0,-210,-518.45
6427017,207,0:28:38,0,-518.45,-338.45
6427017,207,0:28:39,0,-338.45,-68.45
6427017,211,0:28:41,272,133
6427017,213,0:28:41,0,s_flag_gen,false
6427017,212,0:28:56,0
6427017,207,0:28:57,0,-68.45,-113.45
6427017,210,0:28:57,1047,526
6427017,207,0:28:58,0,-113.45,-293.45
6427017,207,0:28:59,0,-293.45,-473.45
6427017,207,0:29:0,0,-473.45,-518.45
6427017,207,0:29:5,0,-518.45,-128.45
6427017,207,0:29:8,0,-128.45,0
6427017,211,0:29:8,104,601
6427017,212,0:29:9,1
6427017,210,0:29:10,887,290
6427017,207,0:29:11,0,0,-390
6427017,211,0:29:12,1234,160
6427017,213,0:29:12,0,s_clock_G7a0,true
6427017,210,0:29:21,944,116
6427017,211,0:29:28,822,340
6427017,210,0:29:29,743,316
6427017,207,0:29:30,0,-390,-270
6427017,211,0:29:30,347,355
6427017,210,0:29:31,467,340
6427017,207,0:29:32,0,-270,0
6427017,211,0:29:32,39,446
6427017,212,0:29:33,2
6427017,210,0:29:34,91,541
6427017,211,0:29:40,672,484
6427017,210,0:29:41,726,424
6427017,207,0:29:43,0,0,-420
6427017,211,0:29:44,1293,450
6427017,210,0:29:44,1257,221
6427017,207,0:29:46,0,-420,-518.45
6427017,211,0:29:48,1462,559
6427017,213,0:29:48,0,c_friend1_M_a_G7a0,true
6427017,221,0:30:23,0
6427017,220,0:30:43,0
6427017,210,0:30:44,808,562
6427017,211,0:30:47,828,408
6427017,213,0:30:47,0,c_teacherEng_G7a0,true
6427017,205,0:30:47,0,c_teacherEng_G7a0,false,true
6427017,210,0:30:50,1023,507
6427017,211,0:30:53,1237,161
6427017,213,0:30:53,0,s_clock_G7a0,true
6427017,210,0:30:55,1385,517
6427017,211,0:30:57,1438,515
6427017,213,0:30:57,0,c_friend1_M_a_G7a0,true
6427017,210,0:31:0,1206,213
6427017,211,0:31:1,1216,310
6427017,213,0:31:1,0,s_doorClassroom_G7a0,true
6427017,210,0:31:3,1067,275
6427017,211,0:31:4,863,135
6427017,213,0:31:4,0,s_poePoster_gen,true
6427017,210,0:31:6,783,92
6427017,211,0:31:7,796,136
6427017,213,0:31:7,0,s_shakespearePoster_gen,true
6427017,210,0:31:11,526,97
6427017,207,0:31:11,0,-518.45,-353.45
6427017,211,0:31:12,618,124
6427017,212,0:31:13,1
6427017,210,0:31:14,615,99
6427017,211,0:31:15,597,135
6427017,213,0:31:15,0,s_atwoodPoster_gen,true
6427017,210,0:31:27,926,109
6427017,207,0:31:30,0,-353.45,-53.45
6427017,211,0:31:31,260,126
6427017,213,0:31:31,0,s_flag_gen,false
6427017,210,0:31:36,153,416
6427017,207,0:31:37,0,-53.45,0
6427017,211,0:31:41,627,249
6427017,210,0:31:42,839,241
6427017,207,0:31:43,0,0,-270
6427017,207,0:31:44,0,-270,-518.45
6427017,211,0:31:45,1504,-2
6427017,204,0:33:26,0
6427017,100,0:33:53,0
6427017,102,0:33:58,0
6427017,200,0:33:58,0,0,0,3,0,6
6427017,219,0:34:5,0
6427017,216,0:34:6,Stack_G7a1N
6427017,217,0:34:9,Stack_G7a1N,1.4,18
6427017,218,0:34:12,0
6427017,210,0:34:14,843,374
6427017,211,0:34:16,802,377
6427017,213,0:34:16,0,s_paperPlayers_G7a1N,false
6427017,221,0:34:25,0
6427017,300,0:34:29
6427017,220,0:34:29,0
6427017,304,0:34:35,0,2,1,8,love sports,8,love sports
6427017,103,0:34:44
6427017,105,0:34:52
6427017,703,0:34:54,[|| EpilogueItem ID: 0 unlocked: false ||,|| EpilogueItem ID: 1 unlocked: false ||,|| EpilogueItem ID: 2 unlocked: false ||,|| EpilogueItem ID: 3 unlocked: false ||,|| EpilogueItem ID: 4 unlocked: false ||,|| EpilogueItem ID: 5 unlocked: false ||,|| EpilogueItem ID: 6 unlocked: false ||,|| EpilogueItem ID: 7 unlocked: false ||,|| EpilogueItem ID: 8 unlocked: false ||,|| EpilogueItem ID: 9 unlocked: false ||,|| EpilogueItem ID: 10 unlocked: false ||,|| EpilogueItem ID: 11 unlocked: false ||,|| EpilogueItem ID: 12 unlocked: false ||,|| EpilogueItem ID: 13 unlocked: false ||,|| EpilogueItem ID: 14 unlocked: false ||,|| EpilogueItem ID: 15 unlocked: false ||,|| EpilogueItem ID: 16 unlocked: false ||,|| EpilogueItem ID: 17 unlocked: false ||,|| EpilogueItem ID: 18 unlocked: false ||,|| EpilogueItem ID: 19 unlocked: false ||,|| EpilogueItem ID: 20 unlocked: false ||,|| EpilogueItem ID: 21 unlocked: false ||,|| EpilogueItem ID: 22 unlocked: false ||,|| EpilogueItem ID: 23 unlocked: false ||,|| EpilogueItem ID: 24 unlocked: false ||],0
6427017,706,0:35:3,(x=0, y=-100, w=1024, h=768),(x=0, y=-100, w=1024, h=768)
6427017,706,0:35:7,(x=259, y=-100, w=1024, h=768),(x=2531, y=-100, w=1024, h=768)
6427017,706,0:35:8,(x=2350, y=-100, w=1024, h=768),(x=2322, y=-100, w=1024, h=768)
6427017,706,0:35:11,(x=2079, y=-100, w=1024, h=768),(x=1600, y=-100, w=1024, h=768)
6427017,706,0:35:14,(x=1555, y=-100, w=1024, h=768),(x=1552, y=-100, w=1024, h=768)
6427017,706,0:35:21,(x=1837, y=-100, w=1024, h=768),(x=2531, y=-100, w=1024, h=768)
6427017,706,0:35:22,(x=2531, y=-100, w=1024, h=768),(x=2531, y=-100, w=1024, h=768)
6427017,708,0:35:22
6427017,1,0:35:22,7/8/2013 11:17:51am,{"gameTime":2122786,"challengeStacks":[{"challengeScenes":[{"miniGameCards":[],"viewedAnimatic":true,"keyPoints":["c_teacherEng_G7a0","c_bestFriend_M_a_G7a0"],"unlocked":true,"touchableObjects":["s_poePoster_gen","s_otherStudent1_G7a0","s_vocabAssignment_G7a0","s_doorClassroom_G7a0","s_angelouPoster_gen","c_crewKid1_M_G7a0","c_friend1_M_a_G7a0","c_teacherEng_G7a0","c_bestFriend_M_a_G7a0","s_clock_G7a0","s_shakespearePoster_gen","s_atwoodPoster_gen"]},{"miniGameCards":[],"viewedAnimatic":true,"keyPoints":[],"unlocked":true,"touchableObjects":[]},{"miniGameCards":[],"viewedAnimatic":false,"keyPoints":[],"unlocked":false,"touchableObjects":[]}],"stackSize":3,"resolved":false},{"challengeScenes":[{"miniGameCards":[],"viewedAnimatic":false,"keyPoints":[],"unlocked":false,"touchableObjects":[]},{"miniGameCards":[],"viewedAnimatic":false,"keyPoints":[],"unlocked":false,"touchableObjects":[]},{"miniGameCards":[],"viewedAnimatic":false,"keyPoints":[],"unlocked":false,"touchableObjects":[]},{"miniGameCards":[],"viewedAnimatic":false,"keyPoints":[],"unlocked":false,"touchableObjects":[]},{"miniGameCards":[],"viewedAnimatic":false,"keyPoints":[],"unlocked":false,"touchableObjects":[]}],"stackSize":5,"resolved":false},{"challengeScenes":[{"miniGameCards":[],"viewedAnimatic":false,"keyPoints":[],"unlocked":false,"touchableObjects":[]},{"miniGameCards":[],"viewedAnimatic":false,"keyPoints":[],"unlocked":false,"touchableObjects":[]},{"miniGameCards":[],"viewedAnimatic":false,"keyPoints":[],"unlocked":false,"touchableObjects":[]},{"miniGameCards":[],"viewedAnimatic":false,"keyPoints":[],"unlocked":false,"touchableObjects":[]},{"miniGameCards":[],"viewedAnimatic":false,"keyPoints":[],"unlocked":false,"touchableObjects":[]},{"miniGameCards":[],"viewedAnimatic":false,"keyPoints":[],"unlocked":false,"touchableObjects":[]},{"miniGameCards":[],"viewedAnimatic":false,"keyPoints":[],"unlocked":false,"touchableObjects":[]}],"stackSize":7,"resolved":false},{"challengeScenes":[{"miniGameCards":[],"viewedAnimatic":false,"keyPoints":[],"unlocked":false,"touchableObjects":[]},{"miniGameCards":[],"viewedAnimatic":false,"keyPoints":[],"unlocked":false,"touchableObjects":[]},{"miniGameCards":[],"viewedAnimatic":false,"keyPoints":[],"unlocked":false,"touchableObjects":[]},{"miniGameCards":[],"viewedAnimatic":false,"keyPoints":[],"unlocked":false,"touchableObjects":[]},{"miniGameCards":[],"viewedAnimatic":false,"keyPoints":[],"unlocked":false,"touchableObjects":[]}],"stackSize":5,"resolved":false},{"challengeScenes":[{"miniGameCards":[],"viewedAnimatic":false,"keyPoints":[],"unlocked":false,"touchableObjects":[]},{"miniGameCards":[],"viewedAnimatic":false,"keyPoints":[],"unlocked":false,"touchableObjects":[]},{"miniGameCards":[],"viewedAnimatic":false,"keyPoints":[],"unlocked":false,"touchableObjects":[]},{"miniGameCards":[],"viewedAnimatic":false,"keyPoints":[],"unlocked":false,"touchableObjects":[]},{"miniGameCards":[],"viewedAnimatic":false,"keyPoints":[],"unlocked":false,"touchableObjects":[]}],"stackSize":5,"resolved":false},{"challengeScenes":[{"miniGameCards":[],"viewedAnimatic":false,"keyPoints":[],"unlocked":false,"touchableObjects":[]},{"miniGameCards":[],"viewedAnimatic":false,"keyPoints":[],"unlocked":false,"touchableObjects":[]},{"miniGameCards":[],"viewedAnimatic":false,"keyPoints":[],"unlocked":false,"touchableObjects":[]},{"miniGameCards":[],"viewedAnimatic":false,"keyPoints":[],"unlocked":false,"touchableObjects":[]},{"miniGameCards":[],"viewedAnimatic":false,"keyPoints":[],"unlocked":false,"touchableObjects":[]}],"stackSize":5,"resolved":false},{"challengeScenes":[{"miniGameCards":[],"viewedAnimatic":false,"keyPoints":[],"unlocked":false,"touchableObjects":[]},{"miniGameCards":[],"viewedAnimatic":false,"keyPoints":[],"unlocked":false,"touchableObjects":[]},{"miniGameCards":[],"viewedAnimatic":false,"keyPoints":[],"unlocked":false,"touchableObjects":[]},{"miniGameCards":[],"viewedAnimatic":false,"keyPoints":[],"unlocked":false,"touchableObjects":[]},{"miniGameCards":[],"viewedAnimatic":false,"keyPoints":[],"unlocked":false,"touchableObjects":[]}],"stackSize":5,"resolved":false},{"challengeScenes":[{"miniGameCards":[],"viewedAnimatic":false,"keyPoints":[],"unlocked":false,"touchableObjects":[]},{"miniGameCards":[],"viewedAnimatic":false,"keyPoints":[],"unlocked":false,"touchableObjects":[]},{"miniGameCards":[],"viewedAnimatic":false,"keyPoints":[],"unlocked":false,"touchableObjects":[]},{"miniGameCards":[],"viewedAnimatic":false,"keyPoints":[],"unlocked":false,"touchableObjects":[]},{"miniGameCards":[],"viewedAnimatic":false,"keyPoints":[],"unlocked":false,"touchableObjects":[]}],"stackSize":5,"resolved":false},{"challengeScenes":[{"miniGameCards":[],"viewedAnimatic":false,"keyPoints":[],"unlocked":false,"touchableObjects":[]},{"miniGameCards":[],"viewedAnimatic":false,"keyPoints":[],"unlocked":false,"touchableObjects":[]},{"miniGameCards":[],"viewedAnimatic":false,"keyPoints":[],"unlocked":false,"touchableObjects":[]},{"miniGameCards":[],"viewedAnimatic":false,"keyPoints":[],"unlocked":false,"touchableObjects":[]},{"miniGameCards":[],"viewedAnimatic":false,"keyPoints":[],"unlocked":false,"touchableObjects":[]}],"stackSize":5,"resolved":false},{"challengeScenes":[{"miniGameCards":[],"viewedAnimatic":false,"keyPoints":[],"unlocked":false,"touchableObjects":[]},{"miniGameCards":[],"viewedAnimatic":false,"keyPoints":[],"unlocked":false,"touchableObjects":[]},{"miniGameCards":[],"viewedAnimatic":false,"keyPoints":[],"unlocked":false,"touchableObjects":[]},{"miniGameCards":[],"viewedAnimatic":false,"keyPoints":[],"unlocked":false,"touchableObjects":[]},{"miniGameCards":[],"viewedAnimatic":false,"keyPoints":[],"unlocked":false,"touchableObjects":[]}],"stackSize":5,"resolved":false},{"challengeScenes":[{"miniGameCards":[],"viewedAnimatic":false,"keyPoints":[],"unlocked":false,"touchableObjects":[]},{"miniGameCards":[],"viewedAnimatic":false,"keyPoints":[],"unlocked":false,"touchableObjects":[]},{"miniGameCards":[],"viewedAnimatic":false,"keyPoints":[],"unlocked":false,"touchableObjects":[]},{"miniGameCards":[],"viewedAnimatic":false,"keyPoints":[],"unlocked":false,"touchableObjects":[]},{"miniGameCards":[],"viewedAnimatic":false,"keyPoints":[],"unlocked":false,"touchableObjects":[]}],"stackSize":5,"resolved":false},{"challengeScenes":[{"miniGameCards":[],"viewedAnimatic":false,"keyPoints":[],"unlocked":false,"touchableObjects":[]},{"miniGameCards":[],"viewedAnimatic":false,"keyPoints":[],"unlocked":false,"touchableObjects":[]},{"miniGameCards":[],"viewedAnimatic":false,"keyPoints":[],"unlocked":false,"touchableObjects":[]},{"miniGameCards":[],"viewedAnimatic":false,"keyPoints":[],"unlocked":false,"touchableObjects":[]},{"miniGameCards":[],"viewedAnimatic":false,"keyPoints":[],"unlocked":false,"touchableObjects":[]}],"stackSize":5,"resolved":false},{"challengeScenes":[{"miniGameCards":[],"viewedAnimatic":false,"keyPoints":[],"unlocked":true,"touchableObjects":["c_education_G0a0"]},{"miniGameCards":[],"viewedAnimatic":false,"keyPoints":["c_family_afri_a_G0a1N","c_job_G0a1N","c_home_G0a1N"],"unlocked":true,"touchableObjects":["c_player_afri_M_a_G0a1N","c_family_afri_a_G0a1N","c_job_G0a1N","c_home_G0a1N"]},{"miniGameCards":[],"viewedAnimatic":false,"keyPoints":["c_dad_afri_a_G0a1P","c_mom_afri_a_G0a1P","c_kidsister_afri_a_G0a1P","c_grandma_afri_a_G0a1P","c_Teacher_G0a1P","c_Nurse_G0a1P"],"unlocked":true,"touchableObjects":["c_cousins_M_a_G0a1P","c_friends_G0a1P","c_dad_afri_a_G0a1P","c_mom_afri_a_G0a1P","c_kidsister_afri_a_G0a1P","c_grandma_afri_a_G0a1P","c_Teacher_G0a1P","c_Nurse_G0a1P"]}],"stackSize":3,"resolved":true}],"sessionId":1,"epilogue":{"rating":0},"playerId":6427017,"session":[{"sceneId":"1P","stackId":12}],"minigames":[{"levelSaveData":[{"starRating":0,"unlocked":true},{"starRating":0,"unlocked":false},{"starRating":0,"unlocked":false},{"starRating":0,"unlocked":false},{"starRating":0,"unlocked":false},{"starRating":0,"unlocked":false},{"starRating":0,"unlocked":false},{"starRating":0,"unlocked":false},{"starRating":0,"unlocked":false},{"starRating":0,"unlocked":false}],"skillPoints":0},{"levelSaveData":[{"starRating":0,"unlocked":true},{"starRating":0,"unlocked":false},{"starRating":0,"unlocked":false},{"starRating":0,"unlocked":false},{"starRating":0,"unlocked":false},{"starRating":0,"unlocked":false},{"starRating":0,"unlocked":false},{"starRating":0,"unlocked":false},{"starRating":0,"unlocked":false},{"starRating":0,"unlocked":false}],"skillPoints":0},{"levelSaveData":[{"starRating":3,"unlocked":true},{"starRating":0,"unlocked":false},{"starRating":0,"unlocked":false},{"starRating":0,"unlocked":false},{"starRating":0,"unlocked":false},{"starRating":0,"unlocked":false},{"starRating":0,"unlocked":false},{"starRating":0,"unlocked":false},{"starRating":0,"unlocked":false},{"starRating":0,"unlocked":false}],"skillPoints":3},{"levelSaveData":[{"starRating":0,"unlocked":false},{"starRating":0,"unlocked":false},{"starRating":0,"unlocked":false},{"starRating":0,"unlocked":false},{"starRating":0,"unlocked":false},{"starRating":0,"unlocked":false},{"starRating":0,"unlocked":false},{"starRating":0,"unlocked":false},{"starRating":0,"unlocked":false},{"starRating":0,"unlocked":false}],"skillPoints":0},{"age":14,"name":"melvin","gender":0,"levelSaveData":[{"starRating":3,"unlocked":true},{"starRating":3,"chunks":[["1"],["4$$always tired","0$$im nice"],["6$$love music","8$$love sports","17$$like rap"],["0"]],"unlocked":true},{"starRating":0,"chunks":[[null],[null,null],[null,null]],"unlocked":false},{"starRating":0,"chunks":[[null],[null],[null],[null],[null,null],[null]],"unlocked":false},{"starRating":0,"chunks":[[null],[null],[null,null],[null],[null],[null]],"unlocked":false},{"starRating":0,"chunks":[[null],[null,null,null,null],[null],[null]],"unlocked":false},{"starRating":0,"chunks":[[null],[null],[null,null],[null,null],[null]],"unlocked":false},{"starRating":0,"chunks":[[null,null,null],[null,null,null],[null],[null],[null]],"unlocked":false},{"starRating":0,"chunks":[[null,null,null],[null,null,null],[null,null]],"unlocked":false},{"starRating":0,"chunks":[[null],[null],[null],[null],[null],[null]],"unlocked":false}],"visualAvatar":0,"id":0,"skillPoints":6}],"avatar":{"age":14,"name":"melvin","gender":0,"levelSaveData":[{"starRating":3,"unlocked":true},{"starRating":3,"chunks":[["1"],["4$$always tired","0$$im nice"],["6$$love music","8$$love sports","17$$like rap"],["0"]],"unlocked":true},{"starRating":0,"chunks":[[null],[null,null],[null,null]],"unlocked":false},{"starRating":0,"chunks":[[null],[null],[null],[null],[null,null],[null]],"unlocked":false},{"starRating":0,"chunks":[[null],[null],[null,null],[null],[null],[null]],"unlocked":false},{"starRating":0,"chunks":[[null],[null,null,null,null],[null],[null]],"unlocked":false},{"starRating":0,"chunks":[[null],[null],[null,null],[null,null],[null]],"unlocked":false},{"starRating":0,"chunks":[[null,null,null],[null,null,null],[null],[null],[null]],"unlocked":false},{"starRating":0,"chunks":[[null,null,null],[null,null,null],[null,null]],"unlocked":false},{"starRating":0,"chunks":[[null],[null],[null],[null],[null],[null]],"unlocked":false}],"visualAvatar":0,"id":0,"skillPoints":6}}
6427017,0,0:35:22,7/8/2013 11:18:02am
6427017,300,0:35:29
6427017,1003,0:35:34,3
6427017,1003,0:35:39,2
6427017,1003,0:35:43,1
6427017,1004,0:35:45,0
6427017,800,0:35:47,0,[]
6427017,801,0:35:51,0,[]
6427017,814,0:35:53,0,[1]
6427017,815,0:35:53,0,1,OpportunityCardData_id:7
6427017,815,0:35:57,0,1,OpportunityCardData_id:8
6427017,815,0:36:0,0,1,OpportunityCardData_id:9
6427017,815,0:36:4,0,1,OpportunityCardData_id:10
6427017,815,0:36:9,0,1,OpportunityCardData_id:11
6427017,815,0:36:14,0,1,OpportunityCardData_id:12
6427017,815,0:36:16,0,1,OpportunityCardData_id:7
6427017,815,0:36:22,0,1,OpportunityCardData_id:8
6427017,815,0:36:24,0,1,OpportunityCardData_id:9
6427017,815,0:36:25,0,1,OpportunityCardData_id:10
6427017,815,0:36:27,0,1,OpportunityCardData_id:9
6427017,815,0:36:29,0,1,OpportunityCardData_id:10
6427017,815,0:36:30,0,1,OpportunityCardData_id:11
6427017,816,0:36:31,0,1,OpportunityCardData_id:11
6427017,805,0:36:42,0,[OpportunityCardData_id:11]
6427017,807,0:36:44,0,[OpportunityCardData_id:11]
6427017,808,0:36:50,0,[OpportunityCardData_id:11]
6427017,809,0:36:57,0,[OpportunityCardData_id:11,Safe,false]
6427017,810,0:37:0,0,[OpportunityCardData_id:11,PriorityData_type:1,10,Safe,Safe]
6427017,814,0:37:8,0,[2]
6427017,815,0:37:8,0,2,OpportunityCardData_id:13
6427017,816,0:37:12,0,2,OpportunityCardData_id:13
6427017,805,0:37:15,0,[OpportunityCardData_id:13]
6427017,807,0:37:21,0,[OpportunityCardData_id:13]
6427017,808,0:37:23,0,[OpportunityCardData_id:13]
6427017,809,0:37:29,0,[OpportunityCardData_id:13,Safe,false]
6427017,810,0:37:32,0,[OpportunityCardData_id:13,PriorityData_type:2,15,Safe,Safe]
6427017,814,0:37:40,0,[1]
6427017,815,0:37:40,0,1,OpportunityCardData_id:7
6427017,815,0:37:43,0,1,OpportunityCardData_id:8
6427017,816,0:37:46,0,1,OpportunityCardData_id:8
6427017,805,0:37:48,0,[OpportunityCardData_id:8]
6427017,807,0:37:49,0,[OpportunityCardData_id:8]
6427017,808,0:37:52,0,[OpportunityCardData_id:8]
6427017,809,0:37:58,0,[OpportunityCardData_id:8,PriorityData_type:2,false]
6427017,810,0:38:5,0,[OpportunityCardData_id:8,PriorityData_type:1,20,PriorityData_type:2,20]
6427017,814,0:38:11,0,[2]
6427017,815,0:38:11,0,2,OpportunityCardData_id:14
6427017,815,0:38:16,0,2,OpportunityCardData_id:15
6427017,815,0:38:19,0,2,OpportunityCardData_id:14
6427017,816,0:38:20,0,2,OpportunityCardData_id:14
6427017,805,0:38:22,0,[OpportunityCardData_id:14]
6427017,807,0:38:23,0,[OpportunityCardData_id:14]
6427017,808,0:38:25,0,[OpportunityCardData_id:14]
6427017,809,0:38:31,0,[OpportunityCardData_id:14,PriorityData_type:3,false]
6427017,810,0:38:39,0,[OpportunityCardData_id:14,PriorityData_type:2,15,PriorityData_type:3,10]
6427017,814,0:38:48,0,[3]
6427017,815,0:38:48,0,3,OpportunityCardData_id:19
6427017,815,0:38:52,0,3,OpportunityCardData_id:20
6427017,815,0:38:55,0,3,OpportunityCardData_id:21
6427017,816,0:38:59,0,3,OpportunityCardData_id:21
6427017,805,0:39:0,0,[OpportunityCardData_id:21]
6427017,807,0:39:2,0,[OpportunityCardData_id:21]
6427017,808,0:39:4,0,[OpportunityCardData_id:21]
6427017,809,0:39:10,0,[OpportunityCardData_id:21,PriorityData_type:4,false]
6427017,810,0:39:20,0,[OpportunityCardData_id:21,PriorityData_type:3,20,PriorityData_type:4,10]
6427017,814,0:39:24,0,[4]
6427017,815,0:39:24,0,4,OpportunityCardData_id:22
6427017,815,0:39:28,0,4,OpportunityCardData_id:26
6427017,815,0:39:31,0,4,OpportunityCardData_id:27
6427017,815,0:39:34,0,4,OpportunityCardData_id:28
6427017,815,0:39:39,0,4,OpportunityCardData_id:29
6427017,815,0:39:42,0,4,OpportunityCardData_id:30
6427017,815,0:39:47,0,4,OpportunityCardData_id:31
6427017,815,0:39:49,0,4,OpportunityCardData_id:22
6427017,815,0:39:53,0,4,OpportunityCardData_id:26
6427017,816,0:39:56,0,4,OpportunityCardData_id:26
6427017,805,0:39:57,0,[OpportunityCardData_id:26]
6427017,807,0:39:58,0,[OpportunityCardData_id:26]
6427017,808,0:40:2,0,[OpportunityCardData_id:26]
6427017,809,0:40:6,0,[OpportunityCardData_id:26,Safe,false]
6427017,810,0:40:10,0,[OpportunityCardData_id:26,PriorityData_type:4,15,Safe,Safe]
6427017,814,0:40:13,0,[5]
6427017,815,0:40:13,0,5,OpportunityCardData_id:32
6427017,816,0:40:16,0,5,OpportunityCardData_id:32
6427017,805,0:40:17,0,[OpportunityCardData_id:32]
6427017,807,0:40:18,0,[OpportunityCardData_id:32]
6427017,808,0:40:20,0,[OpportunityCardData_id:32]
6427017,809,0:40:25,0,[OpportunityCardData_id:32,PriorityData_type:4,false]
6427017,810,0:40:28,0,[OpportunityCardData_id:32,PriorityData_type:5,20,PriorityData_type:4,5]
6427017,814,0:40:30,0,[4]
6427017,815,0:40:30,0,4,OpportunityCardData_id:22
6427017,817,0:40:34,0,4
6427017,814,0:40:42,0,[5]
6427017,815,0:40:42,0,5,OpportunityCardData_id:33
6427017,816,0:40:48,0,5,OpportunityCardData_id:33
6427017,805,0:40:50,0,[OpportunityCardData_id:33]
6427017,807,0:40:51,0,[OpportunityCardData_id:33]
6427017,808,0:40:53,0,[OpportunityCardData_id:33]
6427017,809,0:40:57,0,[OpportunityCardData_id:33,PriorityData_type:4,false]
6427017,810,0:40:59,0,[OpportunityCardData_id:33,PriorityData_type:5,15,PriorityData_type:4,10]
6427017,811,0:41:1,0,[OpportunityCardData_id:33,PriorityData_type:2,80,80,PriorityData_type:4,70,35]
6427017,1005,0:41:2,0,[1,0,2]
6427017,1001,0:41:7,0,[]
6427017,1003,0:41:7,1
6427017,100,0:42:32,0
6427017,102,0:42:35,0
6427017,200,0:42:35,0,0,2,3,0,6
6427017,210,0:42:37,635,491
6427017,211,0:42:39,649,582
6427017,213,0:42:39,0,s_otherStudent1_G7a0,true
6427017,210,0:42:42,829,351
6427017,211,0:42:44,898,121
6427017,213,0:42:44,0,s_poePoster_gen,true
6427017,210,0:42:47,980,400
6427017,211,0:42:51,1071,585
6427017,213,0:42:51,0,s_vocabAssignment_G7a0,true
6427017,212,0:42:54,0
6427017,210,0:42:55,1081,538
6427017,211,0:42:56,1077,576
6427017,213,0:42:56,0,s_vocabAssignment_G7a0,true
6427017,212,0:42:58,2
6427017,210,0:42:59,1070,573
6427017,211,0:43:0,1087,593
6427017,213,0:43:0,0,s_vocabAssignment_G7a0,true
6427017,210,0:43:3,1035,541
6427017,211,0:43:6,402,579
6427017,210,0:43:7,309,522
6427017,207,0:43:8,0,-200,0
6427017,207,0:43:15,0,0,-45
6427017,211,0:43:15,1026,154
6427017,207,0:43:15,0,-45,-60
6427017,207,0:43:15,0,-60,-75
6427017,210,0:43:15,964,178
6427017,207,0:43:15,0,-75,-165
6427017,211,0:43:16,1303,150
6427017,207,0:43:16,0,-165,-300
6427017,210,0:43:17,1363,125
6427017,207,0:43:17,0,-300,-390
6427017,211,0:43:19,1238,141
6427017,213,0:43:19,0,s_clock_G7a0,true
6427017,210,0:43:23,1243,45
6427017,207,0:43:23,0,-390,-518.45
6427017,211,0:43:28,1214,223
6427017,210,0:43:29,1258,248
6427017,211,0:43:29,1258,248
6427017,213,0:43:29,0,s_doorClassroom_G7a0,true
6427017,212,0:43:31,1
6427017,213,0:43:32,0,s_doorClassroom_G7a0,true
6427017,212,0:43:34,0
6427017,213,0:43:35,0,s_doorClassroom_G7a0,true
6427017,212,0:43:38,2
6427017,210,0:43:40,809,297
6427017,211,0:43:40,810,291
6427017,213,0:43:40,0,c_teacherEng_G7a0,true
6427017,205,0:43:40,0,c_teacherEng_G7a0,false,true
6427017,212,0:43:49,1
6427017,210,0:43:53,812,330
6427017,207,0:44:0,0,-518.45,-218.45
6427017,207,0:44:1,0,-218.45,0
6427017,211,0:44:1,221,437
6427017,221,0:44:3,0
6427017,208,0:44:9,0,c_bestFriend_M_a_G7a0
6427017,208,0:44:11,0,c_bestFriend_M_a_G7a0
6427017,208,0:44:19,0,c_teacherEng_G7a0
6427017,220,0:44:30,0
6427017,210,0:44:33,605,83
6427017,211,0:44:34,606,128
6427017,213,0:44:34,0,s_atwoodPoster_gen,true
6427017,210,0:44:38,688,124
6427017,211,0:44:39,691,117
6427017,213,0:44:39,0,s_angelouPoster_gen,true
6427017,210,0:44:42,790,125
6427017,211,0:44:42,786,119
6427017,213,0:44:42,0,s_shakespearePoster_gen,true
6427017,210,0:44:46,873,86
6427017,211,0:44:47,878,121
6427017,213,0:44:47,0,s_poePoster_gen,true
6427017,210,0:44:51,950,118
6427017,207,0:44:52,0,0,-300
6427017,211,0:44:53,1226,145
6427017,213,0:44:53,0,s_clock_G7a0,true
6427017,210,0:44:55,1246,257
6427017,211,0:44:56,1237,280
6427017,213,0:44:56,0,s_doorClassroom_G7a0,true
6427017,210,0:44:58,1181,456
6427017,207,0:44:59,0,-300,-518.45
6427017,211,0:45:0,1083,597
6427017,213,0:45:0,0,s_vocabAssignment_G7a0,true
6427017,210,0:45:3,948,423
6427017,211,0:45:5,684,580
6427017,213,0:45:5,0,s_otherStudent1_G7a0,true
6427017,210,0:45:7,719,568
6427017,207,0:45:8,0,-518.45,-323.45
6427017,207,0:45:9,0,-323.45,-128.45
6427017,211,0:45:10,256,492
6427017,210,0:45:11,225,423
6427017,211,0:45:11,239,471
6427017,213,0:45:11,0,c_crewKid1_M_G7a0,true
6427017,210,0:45:15,205,161
6427017,211,0:45:16,264,102
6427017,213,0:45:16,0,s_flag_gen,true
6427017,205,0:45:16,0,s_flag_gen,false,false
6427017,221,0:45:21,0
6427017,220,0:45:24,0
6427017,221,0:45:28,0
6427017,220,0:45:30,0
6427017,212,0:45:31,2
6427017,210,0:45:33,221,556
6427017,207,0:45:34,0,-128.45,0
6427017,211,0:45:35,250,457
6427017,213,0:45:35,0,c_crewKid1_M_G7a0,true
6427017,210,0:45:37,350,229
6427017,211,0:45:40,703,130
6427017,213,0:45:40,0,s_angelouPoster_gen,true
6427017,210,0:45:44,768,86
6427017,211,0:45:45,787,129
6427017,213,0:45:45,0,s_shakespearePoster_gen,true
6427017,210,0:45:47,849,58
6427017,211,0:45:48,878,119
6427017,213,0:45:48,0,s_poePoster_gen,true
6427017,210,0:45:50,1044,101
6427017,207,0:45:50,0,0,-135
6427017,207,0:45:53,0,-135,-450
6427017,207,0:45:55,0,-450,-518.45
6427017,211,0:45:56,1436,520
6427017,213,0:45:56,0,c_friend1_M_a_G7a0,true
6427017,210,0:46:26,1070,515
6427017,211,0:46:26,1070,515
6427017,213,0:46:26,0,s_vocabAssignment_G7a0,true
6427017,210,0:46:31,1218,476
6427017,211,0:46:35,973,491
6427017,213,0:46:35,0,c_bestFriend_M_a_G7a0,true
6427017,205,0:46:35,0,c_bestFriend_M_a_G7a0,false,true
6427017,221,0:46:39,0
6427017,220,0:46:41,0
6427017,210,0:46:43,991,313
6427017,211,0:46:44,1026,136
6427017,210,0:46:45,968,107
6427017,207,0:46:50,0,-518.45,0
6427017,207,0:46:59,0,0,-150
6427017,207,0:47:1,0,-150,-480
6427017,207,0:47:1,0,-480,-518.45
6427017,211,0:47:4,1241,474
6427017,213,0:47:4,0,s_doorClassroom_G7a0,true
6427017,212,0:47:7,1
6427017,210,0:47:8,1240,252
6427017,211,0:47:11,727,122
6427017,213,0:47:11,0,s_angelouPoster_gen,true
6427017,219,0:47:25,0
6427017,218,0:47:40,0
6427017,210,0:47:41,1070,564
6427017,211,0:47:43,1072,573
6427017,213,0:47:43,0,s_vocabAssignment_G7a0,true
6427017,210,0:49:0,1235,588
6427017,207,0:49:6,0,-518.45,-263.45
6427017,207,0:49:7,0,-263.45,0
6427017,207,0:49:16,0,0,-518.45
6427017,211,0:49:17,1202,134
6427017,213,0:49:17,0,s_clock_G7a0,true
6427017,221,0:49:21,0
6427017,220,0:55:2,0
6427017,212,0:55:4,2
6427017,221,0:55:13,0
6427017,220,0:55:16,0
6427017,210,0:55:23,1345,544
6427017,207,0:55:24,0,-400,-518.45
6427017,211,0:55:24,1441,534
6427017,210,0:55:25,1439,543
6427017,211,0:55:27,1215,491
6427017,213,0:55:27,0,s_otherStudent2_G7a1N,true
6427017,210,0:55:31,1084,539
6427017,211,0:55:32,1047,534
6427017,213,0:55:32,0,c_bestFriend_M_a_G7a1N,true
6427017,205,0:55:32,0,c_bestFriend_M_a_G7a1N,false,false
6427017,210,0:55:48,1033,500
6427017,211,0:55:49,861,396
6427017,213,0:55:49,0,c_teacherEng_G7a1N,true
6427017,205,0:55:49,0,c_teacherEng_G7a1N,false,false
6427017,210,0:56:0,749,498
6427017,211,0:56:1,671,595
6427017,213,0:56:1,0,s_otherStudent1_G7a1N,true
6427017,210,0:56:5,715,477
6427017,207,0:56:7,0,-518.45,0
6427017,211,0:56:9,244,478
6427017,213,0:56:9,0,c_crewKid1_M_G7a1N,true
6427017,210,0:56:15,343,584
6427017,211,0:56:19,271,144
6427017,213,0:56:19,0,s_flag_gen,true
6427017,210,0:56:27,586,239
6427017,211,0:56:30,625,139
6427017,213,0:56:30,0,s_atwoodPoster_gen,true
6427017,210,0:56:32,686,121
6427017,211,0:56:33,685,117
6427017,213,0:56:33,0,s_angelouPoster_gen,true
6427017,210,0:56:36,761,113
6427017,211,0:56:36,765,115
6427017,213,0:56:36,0,s_shakespearePoster_gen,true
6427017,210,0:56:43,858,77
6427017,211,0:56:44,877,121
6427017,213,0:56:44,0,s_poePoster_gen,true
6427017,210,0:56:46,952,88
6427017,207,0:56:47,0,0,-405
6427017,207,0:56:53,0,-405,-518.45
6427017,211,0:56:55,938,508
6427017,210,0:56:55,1010,485
6427017,207,0:57:1,0,-518.45,-293.45
6427017,207,0:57:2,0,-293.45,0
6427017,211,0:57:9,452,689
6427017,212,0:57:9,1
6427017,210,0:57:10,743,577
6427017,207,0:57:13,0,0,-285
6427017,207,0:57:15,0,-285,-518.45
6427017,211,0:57:17,1231,460
6427017,213,0:57:17,0,s_otherStudent2_G7a1N,true
6427017,210,0:57:21,1076,480
6427017,211,0:57:24,660,554
6427017,213,0:57:24,0,s_otherStudent1_G7a1N,true
6427017,210,0:57:26,715,480
6427017,211,0:57:27,415,495
6427017,207,0:57:27,0,-518.45,-398.45
6427017,210,0:57:27,324,499
6427017,207,0:57:28,0,-398.45,-218.45
6427017,207,0:57:28,0,-218.45,-158.45
6427017,207,0:57:29,0,-158.45,0
6427017,211,0:57:30,231,457
6427017,213,0:57:30,0,c_crewKid1_M_G7a1N,true
6427017,210,0:57:35,272,298
6427017,211,0:57:36,443,172
6427017,213,0:57:36,0,s_posterPlagiarism_gen,true
6427017,212,0:57:47,2
6427017,210,0:57:47,438,154
6427017,211,0:57:48,449,166
6427017,213,0:57:48,0,s_posterPlagiarism_gen,true
6427017,212,0:57:57,0
6427017,210,0:57:58,426,157
6427017,211,0:57:59,439,166
6427017,213,0:57:59,0,s_posterPlagiarism_gen,true
6427017,212,0:58:5,2
6427017,210,0:58:6,441,157
6427017,211,0:58:7,449,178
6427017,212,0:58:8,1
6427017,210,0:58:8,427,141
6427017,211,0:58:10,445,84
6427017,210,0:58:21,1277,584
6427017,211,0:58:25,1034,577
6427017,212,0:58:26,2
6427017,221,0:58:32,0
6427017,220,0:58:37,0
6427017,212,0:58:42,1
6427017,210,0:59:40,1410,561
6427017,207,0:59:40,0,-400,-518.45
6427017,211,0:59:51,462,510
6427017,207,0:59:51,0,-518.45,-443.45
6427017,210,0:59:52,375,469
6427017,207,0:59:52,0,-443.45,-68.45
6427017,207,0:59:53,0,-68.45,0
6427017,211,0:59:57,254,121
6427017,213,0:59:57,0,s_flag_gen,true
6427017,210,0:59:59,649,87
6427017,207,1:0:2,0,0,-518.45
6427017,211,1:0:3,1404,684
6427017,210,1:0:4,827,654
6427017,211,1:0:4,827,654
6427017,210,1:0:9,1095,345
6427017,207,1:0:10,0,-200,-245
6427017,211,1:0:11,1074,589
6427017,213,1:0:11,0,s_vocabAssignment_G7a0,true
6427017,210,1:0:13,1190,581
6427017,207,1:0:13,0,-245,-485
6427017,207,1:0:14,0,-485,-518.45
6427017,211,1:0:15,1458,522
6427017,210,1:0:15,1467,509
6427017,211,1:0:17,1224,286
6427017,213,1:0:17,0,s_doorClassroom_G7a0,true
6427017,210,1:2:6,1270,424
6427017,207,1:2:8,0,-400,-190
6427017,211,1:2:11,87,573
6427017,207,1:2:11,0,-190,-70
6427017,207,1:2:11,0,-70,0
6427017,210,1:2:11,1,585
6427017,211,1:2:23,753,89
6427017,210,1:2:23,786,93
6427017,211,1:2:26,890,107
6427017,213,1:2:26,0,s_poePoster_gen,true
6427017,210,1:2:29,929,270
6427017,207,1:2:30,0,0,-518.45
6427017,211,1:2:35,1540,280
6427017,210,1:6:12,842,369
6427017,211,1:6:13,836,379
6427017,210,1:6:13,828,382
6427017,211,1:6:17,827,389
6427017,213,1:6:17,0,s_paperPlayers_G7a1N,true
6427017,205,1:6:17,0,s_paperPlayers_G7a1N,false,false
6427017,221,1:6:42,0
6427017,220,1:6:44,0
6427017,219,1:6:44,0
6427017,216,1:6:44,Stack_G7a1P
6427017,217,1:6:56,Stack_G7a1P,7.7,0.00
6427017,218,1:7:0,0
6427017,210,1:7:6,729,403
6427017,211,1:7:7,728,384
6427017,213,1:7:7,0,c_teacherEng_G7a1P,false
6427017,221,1:7:13,0
6427017,220,1:7:16,0
6427017,210,1:7:17,1241,389
6427017,211,1:7:19,1221,167
6427017,213,1:7:19,0,s_clock_G7a1P,true
6427017,210,1:7:24,1168,153
6427017,211,1:7:27,888,141
6427017,213,1:7:27,0,s_poePoster_gen,true
6427017,210,1:7:29,796,82
6427017,211,1:7:30,789,143
6427017,213,1:7:30,0,s_shakespearePoster_gen,true
6427017,210,1:7:34,693,86
6427017,211,1:7:35,690,152
6427017,213,1:7:35,0,s_angelouPoster_gen,true
6427017,210,1:7:41,668,121
6427017,211,1:7:43,587,145
6427017,213,1:7:43,0,s_atwoodPoster_gen,true
6427017,210,1:7:52,693,373
6427017,211,1:7:54,660,365
6427017,213,1:7:54,0,s_paperPlayers_G7a1P,true
6427017,210,1:8:2,940,395
6427017,211,1:8:4,744,450
6427017,213,1:8:4,0,c_teacherEng_G7a1P,false
6427017,210,1:8:11,568,417
6427017,207,1:8:12,0,-400,0
6427017,207,1:8:16,0,0,-518
6427017,211,1:8:19,1519,346
6427017,213,1:8:19,0,s_paperEnglish_gen,true
6427017,205,1:8:20,0,s_paperEnglish_gen,false,false
6427017,210,1:8:27,1107,572
6427017,211,1:8:31,1229,251
6427017,210,1:8:32,1237,276
6427017,211,1:8:34,1092,291
6427017,212,1:8:35,2
6427017,210,1:8:36,960,372
6427017,211,1:8:38,914,334
6427017,221,1:8:38,0
6427017,220,1:8:43,0
6427017,212,1:8:44,0
6427017,210,1:8:44,1292,334
6427017,211,1:8:49,977,425
6427017,213,1:8:49,0,c_bestFriend_M_a_G7a1P,true
6427017,210,1:8:57,943,471
6427017,207,1:8:59,0,-518,0
6427017,207,1:9:3,0,0,-240
6427017,211,1:9:5,107,675
6427017,207,1:9:5,0,-240,-90
6427017,210,1:9:6,43,549
6427017,207,1:9:6,0,-90,0
6427017,211,1:9:11,1336,458
6427017,207,1:9:11,0,0,-390
6427017,212,1:9:12,1
6427017,210,1:9:13,755,407
6427017,211,1:9:14,748,375
6427017,213,1:9:14,0,c_teacherEng_G7a1P,false
6427017,210,1:9:18,1202,346
6427017,211,1:9:20,1112,271
6427017,221,1:9:21,0
6427017,220,1:9:24,0
6427017,212,1:9:25,2
6427017,210,1:9:25,1074,505
6427017,207,1:9:31,0,-390,-195
6427017,207,1:9:32,0,-195,0
6427017,211,1:9:34,261,136
6427017,213,1:9:34,0,s_flag_gen,true
6427017,205,1:9:34,0,s_flag_gen,false,false
6427017,210,1:9:52,395,530
6427017,207,1:9:52,0,-400,-325
6427017,207,1:9:53,0,-325,-235
6427017,207,1:9:54,0,-235,-55
6427017,207,1:9:56,0,-55,0
6427017,207,1:10:0,0,0,-518
6427017,211,1:10:8,256,180
6427017,207,1:10:8,0,-518,-173
6427017,221,1:10:8,0
6427017,220,1:10:12,0
6427017,212,1:10:13,1
6427017,210,1:10:14,1143,530
6427017,207,1:10:15,0,-173,-518
6427017,207,1:10:25,0,-518,-98
6427017,207,1:10:27,0,-98,0
6427017,211,1:10:29,232,407
6427017,213,1:10:29,0,s_papersDetention_gen,true
6427017,210,1:10:43,215,341
6427017,207,1:10:54,0,0,-315
6427017,211,1:10:55,1180,423
6427017,221,1:10:56,0
6427017,220,1:10:59,0
6427017,212,1:11:0,0
6427017,210,1:11:1,1109,421
6427017,211,1:11:4,956,449
6427017,213,1:11:4,0,c_bestFriend_M_a_G7a1P,true
6427017,210,1:11:11,1208,393
6427017,207,1:11:18,0,-315,-45
6427017,207,1:11:19,0,-45,0
6427017,207,1:11:23,0,0,-518
6427017,207,1:11:32,0,-518,-203
6427017,211,1:11:38,789,375
6427017,210,1:11:48,914,507
6427017,211,1:11:48,914,507
6427017,210,1:11:49,948,510
6427017,211,1:11:50,959,489
6427017,213,1:11:50,0,c_bestFriend_M_a_G7a1P,true
6427017,212,1:11:55,1
6427017,210,1:11:56,938,409
6427017,211,1:11:57,963,461
6427017,219,1:11:58,0
6427017,218,1:12:15,0
6427017,204,1:12:17,0
6427017,103,1:12:25
6427017,105,1:12:29
6427017,703,1:12:31,[|| EpilogueItem ID: 0 unlocked: false ||,|| EpilogueItem ID: 1 unlocked: false ||,|| EpilogueItem ID: 2 unlocked: false ||,|| EpilogueItem ID: 3 unlocked: false ||,|| EpilogueItem ID: 4 unlocked: false ||,|| EpilogueItem ID: 5 unlocked: false ||,|| EpilogueItem ID: 6 unlocked: false ||,|| EpilogueItem ID: 7 unlocked: false ||,|| EpilogueItem ID: 8 unlocked: false ||,|| EpilogueItem ID: 9 unlocked: false ||,|| EpilogueItem ID: 10 unlocked: false ||,|| EpilogueItem ID: 11 unlocked: false ||,|| EpilogueItem ID: 12 unlocked: false ||,|| EpilogueItem ID: 13 unlocked: false ||,|| EpilogueItem ID: 14 unlocked: false ||,|| EpilogueItem ID: 15 unlocked: false ||,|| EpilogueItem ID: 16 unlocked: false ||,|| EpilogueItem ID: 17 unlocked: false ||,|| EpilogueItem ID: 18 unlocked: false ||,|| EpilogueItem ID: 19 unlocked: false ||,|| EpilogueItem ID: 20 unlocked: false ||,|| EpilogueItem ID: 21 unlocked: false ||,|| EpilogueItem ID: 22 unlocked: false ||,|| EpilogueItem ID: 23 unlocked: false ||,|| EpilogueItem ID: 24 unlocked: false ||],0
6427017,706,1:12:40,(x=98, y=-100, w=1024, h=768),(x=874, y=-100, w=1024, h=768)
6427017,706,1:12:45,(x=17, y=-100, w=1024, h=768),(x=174, y=-100, w=1024, h=768)
6427017,706,1:12:50,(x=1763, y=-100, w=1024, h=768),(x=2531, y=-100, w=1024, h=768)
6427017,708,1:12:50
6427017,1,1:12:50,7/8/2013 11:55:30am,{"gameTime":4370695,"challengeStacks":[{"challengeScenes":[{"miniGameCards":[],"viewedAnimatic":true,"keyPoints":["c_teacherEng_G7a0","c_bestFriend_M_a_G7a0","s_flag_gen"],"unlocked":true,"touchableObjects":["s_poePoster_gen","s_otherStudent1_G7a0","s_vocabAssignment_G7a0","s_doorClassroom_G7a0","s_angelouPoster_gen","c_crewKid1_M_G7a0","c_friend1_M_a_G7a0","c_teacherEng_G7a0","c_bestFriend_M_a_G7a0","s_clock_G7a0","s_shakespearePoster_gen","s_atwoodPoster_gen","s_flag_gen"]},{"miniGameCards":[],"viewedAnimatic":true,"keyPoints":["c_bestFriend_M_a_G7a1N","c_teacherEng_G7a1N","s_paperPlayers_G7a1N"],"unlocked":true,"touchableObjects":["s_otherStudent2_G7a1N","c_bestFriend_M_a_G7a1N","c_teacherEng_G7a1N","s_otherStudent1_G7a1N","c_crewKid1_M_G7a1N","s_flag_gen","s_atwoodPoster_gen","s_angelouPoster_gen","s_shakespearePoster_gen","s_poePoster_gen","s_posterPlagiarism_gen","s_paperPlayers_G7a1N"]},{"miniGameCards":[],"viewedAnimatic":true,"keyPoints":["s_paperEnglish_gen","s_flag_gen"],"unlocked":true,"touchableObjects":["s_clock_G7a1P","s_poePoster_gen","s_shakespearePoster_gen","s_angelouPoster_gen","s_atwoodPoster_gen","s_paperPlayers_G7a1P","s_paperEnglish_gen","s_flag_gen","s_papersDetention_gen"]}],"stackSize":3,"resolved":false},{"challengeScenes":[{"miniGameCards":[],"viewedAnimatic":false,"keyPoints":[],"unlocked":false,"touchableObjects":[]},{"miniGameCards":[],"viewedAnimatic":false,"keyPoints":[],"unlocked":false,"touchableObjects":[]},{"miniGameCards":[],"viewedAnimatic":false,"keyPoints":[],"unlocked":false,"touchableObjects":[]},{"miniGameCards":[],"viewedAnimatic":false,"keyPoints":[],"unlocked":false,"touchableObjects":[]},{"miniGameCards":[],"viewedAnimatic":false,"keyPoints":[],"unlocked":false,"touchableObjects":[]}],"stackSize":5,"resolved":false},{"challengeScenes":[{"miniGameCards":[],"viewedAnimatic":false,"keyPoints":[],"unlocked":false,"touchableObjects":[]},{"miniGameCards":[],"viewedAnimatic":false,"keyPoints":[],"unlocked":false,"touchableObjects":[]},{"miniGameCards":[],"viewedAnimatic":false,"keyPoints":[],"unlocked":false,"touchableObjects":[]},{"miniGameCards":[],"viewedAnimatic":false,"keyPoints":[],"unlocked":false,"touchableObjects":[]},{"miniGameCards":[],"viewedAnimatic":false,"keyPoints":[],"unlocked":false,"touchableObjects":[]},{"miniGameCards":[],"viewedAnimatic":false,"keyPoints":[],"unlocked":false,"touchableObjects":[]},{"miniGameCards":[],"viewedAnimatic":false,"keyPoints":[],"unlocked":false,"touchableObjects":[]}],"stackSize":7,"resolved":false},{"challengeScenes":[{"miniGameCards":[],"viewedAnimatic":false,"keyPoints":[],"unlocked":false,"touchableObjects":[]},{"miniGameCards":[],"viewedAnimatic":false,"keyPoints":[],"unlocked":false,"touchableObjects":[]},{"miniGameCards":[],"viewedAnimatic":false,"keyPoints":[],"unlocked":false,"touchableObjects":[]},{"miniGameCards":[],"viewedAnimatic":false,"keyPoints":[],"unlocked":false,"touchableObjects":[]},{"miniGameCards":[],"viewedAnimatic":false,"keyPoints":[],"unlocked":false,"touchableObjects":[]}],"stackSize":5,"resolved":false},{"challengeScenes":[{"miniGameCards":[],"viewedAnimatic":false,"keyPoints":[],"unlocked":false,"touchableObjects":[]},{"miniGameCards":[],"viewedAnimatic":false,"keyPoints":[],"unlocked":false,"touchableObjects":[]},{"miniGameCards":[],"viewedAnimatic":false,"keyPoints":[],"unlocked":false,"touchableObjects":[]},{"miniGameCards":[],"viewedAnimatic":false,"keyPoints":[],"unlocked":false,"touchableObjects":[]},{"miniGameCards":[],"viewedAnimatic":false,"keyPoints":[],"unlocked":false,"touchableObjects":[]}],"stackSize":5,"resolved":false},{"challengeScenes":[{"miniGameCards":[],"viewedAnimatic":false,"keyPoints":[],"unlocked":false,"touchableObjects":[]},{"miniGameCards":[],"viewedAnimatic":false,"keyPoints":[],"unlocked":false,"touchableObjects":[]},{"miniGameCards":[],"viewedAnimatic":false,"keyPoints":[],"unlocked":false,"touchableObjects":[]},{"miniGameCards":[],"viewedAnimatic":false,"keyPoints":[],"unlocked":false,"touchableObjects":[]},{"miniGameCards":[],"viewedAnimatic":false,"keyPoints":[],"unlocked":false,"touchableObjects":[]}],"stackSize":5,"resolved":false},{"challengeScenes":[{"miniGameCards":[],"viewedAnimatic":false,"keyPoints":[],"unlocked":false,"touchableObjects":[]},{"miniGameCards":[],"viewedAnimatic":false,"keyPoints":[],"unlocked":false,"touchableObjects":[]},{"miniGameCards":[],"viewedAnimatic":false,"keyPoints":[],"unlocked":false,"touchableObjects":[]},{"miniGameCards":[],"viewedAnimatic":false,"keyPoints":[],"unlocked":false,"touchableObjects":[]},{"miniGameCards":[],"viewedAnimatic":false,"keyPoints":[],"unlocked":false,"touchableObjects":[]}],"stackSize":5,"resolved":false},{"challengeScenes":[{"miniGameCards":[],"viewedAnimatic":false,"keyPoints":[],"unlocked":false,"touchableObjects":[]},{"miniGameCards":[],"viewedAnimatic":false,"keyPoints":[],"unlocked":false,"touchableObjects":[]},{"miniGameCards":[],"viewedAnimatic":false,"keyPoints":[],"unlocked":false,"touchableObjects":[]},{"miniGameCards":[],"viewedAnimatic":false,"keyPoints":[],"unlocked":false,"touchableObjects":[]},{"miniGameCards":[],"viewedAnimatic":false,"keyPoints":[],"unlocked":false,"touchableObjects":[]}],"stackSize":5,"resolved":false},{"challengeScenes":[{"miniGameCards":[],"viewedAnimatic":false,"keyPoints":[],"unlocked":false,"touchableObjects":[]},{"miniGameCards":[],"viewedAnimatic":false,"keyPoints":[],"unlocked":false,"touchableObjects":[]},{"miniGameCards":[],"viewedAnimatic":false,"keyPoints":[],"unlocked":false,"touchableObjects":[]},{"miniGameCards":[],"viewedAnimatic":false,"keyPoints":[],"unlocked":false,"touchableObjects":[]},{"miniGameCards":[],"viewedAnimatic":false,"keyPoints":[],"unlocked":false,"touchableObjects":[]}],"stackSize":5,"resolved":false},{"challengeScenes":[{"miniGameCards":[],"viewedAnimatic":false,"keyPoints":[],"unlocked":false,"touchableObjects":[]},{"miniGameCards":[],"viewedAnimatic":false,"keyPoints":[],"unlocked":false,"touchableObjects":[]},{"miniGameCards":[],"viewedAnimatic":false,"keyPoints":[],"unlocked":false,"touchableObjects":[]},{"miniGameCards":[],"viewedAnimatic":false,"keyPoints":[],"unlocked":false,"touchableObjects":[]},{"miniGameCards":[],"viewedAnimatic":false,"keyPoints":[],"unlocked":false,"touchableObjects":[]}],"stackSize":5,"resolved":false},{"challengeScenes":[{"miniGameCards":[],"viewedAnimatic":false,"keyPoints":[],"unlocked":false,"touchableObjects":[]},{"miniGameCards":[],"viewedAnimatic":false,"keyPoints":[],"unlocked":false,"touchableObjects":[]},{"miniGameCards":[],"viewedAnimatic":false,"keyPoints":[],"unlocked":false,"touchableObjects":[]},{"miniGameCards":[],"viewedAnimatic":false,"keyPoints":[],"unlocked":false,"touchableObjects":[]},{"miniGameCards":[],"viewedAnimatic":false,"keyPoints":[],"unlocked":false,"touchableObjects":[]}],"stackSize":5,"resolved":false},{"challengeScenes":[{"miniGameCards":[],"viewedAnimatic":false,"keyPoints":[],"unlocked":false,"touchableObjects":[]},{"miniGameCards":[],"viewedAnimatic":false,"keyPoints":[],"unlocked":false,"touchableObjects":[]},{"miniGameCards":[],"viewedAnimatic":false,"keyPoints":[],"unlocked":false,"touchableObjects":[]},{"miniGameCards":[],"viewedAnimatic":false,"keyPoints":[],"unlocked":false,"touchableObjects":[]},{"miniGameCards":[],"viewedAnimatic":false,"keyPoints":[],"unlocked":false,"touchableObjects":[]}],"stackSize":5,"resolved":false},{"challengeScenes":[{"miniGameCards":[],"viewedAnimatic":false,"keyPoints":[],"unlocked":true,"touchableObjects":["c_education_G0a0"]},{"miniGameCards":[],"viewedAnimatic":false,"keyPoints":["c_family_afri_a_G0a1N","c_job_G0a1N","c_home_G0a1N"],"unlocked":true,"touchableObjects":["c_player_afri_M_a_G0a1N","c_family_afri_a_G0a1N","c_job_G0a1N","c_home_G0a1N"]},{"miniGameCards":[],"viewedAnimatic":false,"keyPoints":["c_dad_afri_a_G0a1P","c_mom_afri_a_G0a1P","c_kidsister_afri_a_G0a1P","c_grandma_afri_a_G0a1P","c_Teacher_G0a1P","c_Nurse_G0a1P"],"unlocked":true,"touchableObjects":["c_cousins_M_a_G0a1P","c_friends_G0a1P","c_dad_afri_a_G0a1P","c_mom_afri_a_G0a1P","c_kidsister_afri_a_G0a1P","c_grandma_afri_a_G0a1P","c_Teacher_G0a1P","c_Nurse_G0a1P"]}],"stackSize":3,"resolved":true}],"sessionId":2,"epilogue":{"rating":0},"playerId":6427017,"session":[{"sceneId":"1P","stackId":12},{"sceneId":"1P","stackId":0}],"minigames":[{"levelSaveData":[{"starRating":0,"unlocked":true},{"starRating":0,"unlocked":false},{"starRating":0,"unlocked":false},{"starRating":0,"unlocked":false},{"starRating":0,"unlocked":false},{"starRating":0,"unlocked":false},{"starRating":0,"unlocked":false},{"starRating":0,"unlocked":false},{"starRating":0,"unlocked":false},{"starRating":0,"unlocked":false}],"skillPoints":0},{"levelSaveData":[{"starRating":2,"unlocked":true},{"starRating":0,"unlocked":false},{"starRating":0,"unlocked":false},{"starRating":0,"unlocked":false},{"starRating":0,"unlocked":false},{"starRating":0,"unlocked":false},{"starRating":0,"unlocked":false},{"starRating":0,"unlocked":false},{"starRating":0,"unlocked":false},{"starRating":0,"unlocked":false}],"skillPoints":2},{"levelSaveData":[{"starRating":3,"unlocked":true},{"starRating":0,"unlocked":false},{"starRating":0,"unlocked":false},{"starRating":0,"unlocked":false},{"starRating":0,"unlocked":false},{"starRating":0,"unlocked":false},{"starRating":0,"unlocked":false},{"starRating":0,"unlocked":false},{"starRating":0,"unlocked":false},{"starRating":0,"unlocked":false}],"skillPoints":3},{"levelSaveData":[{"starRating":0,"unlocked":false},{"starRating":0,"unlocked":false},{"starRating":0,"unlocked":false},{"starRating":0,"unlocked":false},{"starRating":0,"unlocked":false},{"starRating":0,"unlocked":false},{"starRating":0,"unlocked":false},{"starRating":0,"unlocked":false},{"starRating":0,"unlocked":false},{"starRating":0,"unlocked":false}],"skillPoints":0},{"age":14,"name":"melvin","gender":0,"levelSaveData":[{"starRating":3,"unlocked":true},{"starRating":3,"chunks":[["1"],["4$$always tired","0$$im nice"],["6$$love music","8$$love sports","17$$like rap"],["0"]],"unlocked":true},{"starRating":0,"chunks":[[null],[null,null],[null,null]],"unlocked":false},{"starRating":0,"chunks":[[null],[null],[null],[null],[null,null],[null]],"unlocked":false},{"starRating":0,"chunks":[[null],[null],[null,null],[null],[null],[null]],"unlocked":false},{"starRating":0,"chunks":[[null],[null,null,null,null],[null],[null]],"unlocked":false},{"starRating":0,"chunks":[[null],[null],[null,null],[null,null],[null]],"unlocked":false},{"starRating":0,"chunks":[[null,null,null],[null,null,null],[null],[null],[null]],"unlocked":false},{"starRating":0,"chunks":[[null,null,null],[null,null,null],[null,null]],"unlocked":false},{"starRating":0,"chunks":[[null],[null],[null],[null],[null],[null]],"unlocked":false}],"visualAvatar":0,"id":0,"skillPoints":6}],"avatar":{"age":14,"name":"melvin","gender":0,"levelSaveData":[{"starRating":3,"unlocked":true},{"starRating":3,"chunks":[["1"],["4$$always tired","0$$im nice"],["6$$love music","8$$love sports","17$$like rap"],["0"]],"unlocked":true},{"starRating":0,"chunks":[[null],[null,null],[null,null]],"unlocked":false},{"starRating":0,"chunks":[[null],[null],[null],[null],[null,null],[null]],"unlocked":false},{"starRating":0,"chunks":[[null],[null],[null,null],[null],[null],[null]],"unlocked":false},{"starRating":0,"chunks":[[null],[null,null,null,null],[null],[null]],"unlocked":false},{"starRating":0,"chunks":[[null],[null],[null,null],[null,null],[null]],"unlocked":false},{"starRating":0,"chunks":[[null,null,null],[null,null,null],[null],[null],[null]],"unlocked":false},{"starRating":0,"chunks":[[null,null,null],[null,null,null],[null,null]],"unlocked":false},{"starRating":0,"chunks":[[null],[null],[null],[null],[null],[null]],"unlocked":false}],"visualAvatar":0,"id":0,"skillPoints":6}}
