6427042,0,1:59:52,4/4/2014 3:09:09pm
6427042,100,2:0:11,1
6427042,102,2:0:17,1
6427042,200,2:0:17,1,3,3,6,0,6
6427042,210,2:0:20,1153,242
6427042,211,2:0:21,996,502
6427042,210,2:0:25,833,477
6427042,207,2:0:30,1,-200,-95
6427042,211,2:0:31,849,276
6427042,212,2:0:32,1
6427042,212,2:0:33,2
6427042,210,2:0:36,726,253
6427042,211,2:0:37,618,299
6427042,213,2:0:37,1,c_teacherEng_G7b1N,true
6427042,210,2:0:41,769,403
6427042,207,2:0:42,1,-95,-155
6427042,211,2:0:43,1295,477
6427042,207,2:0:43,1,-155,-290
6427042,210,2:0:44,1326,433
6427042,207,2:0:44,1,-290,-500
6427042,211,2:0:45,1271,221
6427042,212,2:0:46,1
6427042,210,2:0:46,1242,190
6427042,207,2:0:48,1,-500,-755
6427042,207,2:0:49,1,-755,-950
6427042,207,2:0:51,1,-950,-1027
6427042,211,2:0:53,2041,495
6427042,210,2:0:53,2048,310
6427042,211,2:0:53,2048,310
6427042,210,2:0:54,1948,390
6427042,211,2:0:54,1926,429
6427042,212,2:0:54,0
6427042,210,2:0:55,1949,111
6427042,211,2:1:1,1285,199
6427042,213,2:1:1,1,s_graffiti_G7b1N,true
6427042,205,2:1:1,1,s_graffiti_G7b1N,false,true
6427042,221,2:1:7,1
6427042,220,2:1:17,1
6427042,210,2:1:19,1000,317
6427042,211,2:1:20,1071,470
6427042,210,2:1:22,1017,339
6427042,207,2:1:23,1,-500,-635
6427042,211,2:1:25,1566,502
6427042,210,2:1:26,1553,432
6427042,211,2:1:26,1511,593
6427042,212,2:1:26,1
6427042,210,2:1:27,1567,288
6427042,207,2:1:28,1,-635,-710
6427042,207,2:1:28,1,-710,-740
6427042,207,2:1:29,1,-740,-1031
6427042,207,2:1:32,1,-1031,-911
6427042,211,2:1:33,853,431
6427042,207,2:1:33,1,-911,-836
6427042,210,2:1:33,763,431
6427042,207,2:1:34,1,-836,-716
6427042,207,2:1:34,1,-716,-446
6427042,211,2:1:36,358,335
6427042,207,2:1:36,1,-446,-341
6427042,210,2:1:36,269,336
6427042,207,2:1:37,1,-341,-161
6427042,207,2:1:37,1,-161,0
6427042,211,2:1:39,192,472
6427042,213,2:1:39,1,c_kidSister_lati_a_G7b0,true
6427042,205,2:1:39,1,c_kidSister_lati_a_G7b0,false,true
6427042,221,2:1:43,1
6427042,220,2:1:45,1
6427042,1003,2:1:45,3
6427042,1004,2:1:46,0
6427042,500,2:1:49,0,[]
6427042,501,2:1:59,0,[]
6427042,502,2:2:17,0,[IntentionData_logId:2,true]
6427042,503,2:2:19,0,[]
6427042,504,2:2:24,0,[InfluenceData_logId:0]
6427042,504,2:2:26,0,[InfluenceData_logId:1]
6427042,504,2:2:29,0,[InfluenceData_logId:2]
6427042,504,2:2:32,0,[InfluenceData_logId:3]
6427042,504,2:2:35,0,[InfluenceData_logId:4]
6427042,504,2:2:38,0,[InfluenceData_logId:3]
6427042,504,2:2:41,0,[InfluenceData_logId:8]
6427042,504,2:2:43,0,[InfluenceData_logId:7]
6427042,504,2:2:45,0,[InfluenceData_logId:6]
6427042,504,2:2:49,0,[InfluenceData_logId:7]
6427042,505,2:2:50,0,[InfluenceData_logId:2,true,InfluenceData_logId:3,true,InfluenceData_logId:7,true]
6427042,506,2:2:52,0,[]
6427042,507,2:3:29,0,[OpponentAttackData_logId:3,OpponentAttackTypeData_logId:2,true,0]
6427042,508,2:3:34,0,[]
6427042,509,2:3:59,0,[RefusalData_logId:7,0]
6427042,510,2:4:4,0,[AvailableRefusalData_logId:7,0A]
6427042,510,2:4:7,0,[AvailableRefusalData_logId:7,0B]
6427042,510,2:4:20,0,[AvailableRefusalData_logId:7,1B]
6427042,510,2:4:28,0,[AvailableRefusalData_logId:7,2B]
6427042,510,2:4:42,0,[AvailableRefusalData_logId:7,0A]
6427042,510,2:4:46,0,[AvailableRefusalData_logId:7,1A]
6427042,510,2:4:50,0,[AvailableRefusalData_logId:7,0B]
6427042,510,2:4:52,0,[AvailableRefusalData_logId:7,0C]
6427042,510,2:4:53,0,[AvailableRefusalData_logId:7,0B]
6427042,510,2:4:59,0,[AvailableRefusalData_logId:7,0A]
6427042,510,2:5:1,0,[AvailableRefusalData_logId:7,2A]
6427042,511,2:5:4,0,[AvailableRefusalData_logId:7,0A,1A,2A,true,20]
6427042,512,2:5:13,0,[]
6427042,513,2:5:13,0,[30]
6427042,514,2:5:21,0,[]
6427042,507,2:5:59,0,[OpponentAttackData_logId:2,OpponentAttackTypeData_logId:4,true,0]
6427042,508,2:6:2,0,[]
6427042,509,2:6:17,0,[RefusalData_logId:2,2]
6427042,510,2:6:32,0,[AvailableRefusalData_logId:2,0C]
6427042,510,2:6:32,0,[AvailableRefusalData_logId:2,1B]
6427042,510,2:6:33,0,[AvailableRefusalData_logId:2,2B]
6427042,511,2:6:37,0,[AvailableRefusalData_logId:2,0C,1B,2B,false,0]
6427042,512,2:6:40,0,[]
6427042,513,2:6:40,0,[30]
6427042,514,2:6:46,0,[]
6427042,507,2:7:15,0,[OpponentAttackData_logId:1,OpponentAttackTypeData_logId:3,true,0]
6427042,508,2:7:19,0,[]
6427042,509,2:7:27,0,[RefusalData_logId:8,2]
6427042,510,2:7:36,0,[AvailableRefusalData_logId:8,0B]
6427042,510,2:7:41,0,[AvailableRefusalData_logId:8,1A]
6427042,510,2:7:43,0,[AvailableRefusalData_logId:8,2A]
6427042,510,2:7:45,0,[AvailableRefusalData_logId:8,0A]
6427042,511,2:7:47,0,[AvailableRefusalData_logId:8,0A,1A,2A,true,50]
6427042,512,2:7:53,0,[]
6427042,513,2:7:53,0,[0]
6427042,514,2:7:56,0,[]
6427042,507,2:8:15,0,[OpponentAttackData_logId:0,OpponentAttackTypeData_logId:1,true,0]
6427042,508,2:8:19,0,[]
6427042,509,2:8:23,0,[RefusalData_logId:4,1]
6427042,510,2:8:27,0,[AvailableRefusalData_logId:4,0B]
6427042,510,2:8:28,0,[AvailableRefusalData_logId:4,1C]
6427042,510,2:8:30,0,[AvailableRefusalData_logId:4,0A]
6427042,510,2:8:32,0,[AvailableRefusalData_logId:4,1A]
6427042,510,2:8:39,0,[AvailableRefusalData_logId:4,2C]
6427042,511,2:8:41,0,[AvailableRefusalData_logId:4,0A,1A,2C,false,0]
6427042,512,2:8:46,0,[]
6427042,513,2:8:46,0,[30]
6427042,514,2:8:49,0,[]
6427042,515,2:8:49,0,[60,30]
6427042,516,2:8:56,0,[]
6427042,517,2:9:0,0,[]
6427042,1005,2:9:0,0,[3,0,1]
6427042,1000,2:9:5,0,[]
6427042,500,2:9:6,0,[]
6427042,501,2:9:8,0,[]
6427042,502,2:9:11,0,[IntentionData_logId:2,true]
6427042,503,2:9:12,0,[]
6427042,504,2:9:15,0,[InfluenceData_logId:1]
6427042,504,2:9:18,0,[InfluenceData_logId:0]
6427042,504,2:9:19,0,[InfluenceData_logId:2]
6427042,504,2:9:20,0,[InfluenceData_logId:5]
6427042,504,2:9:22,0,[InfluenceData_logId:4]
6427042,504,2:9:25,0,[InfluenceData_logId:3]
6427042,504,2:9:27,0,[InfluenceData_logId:6]
6427042,504,2:9:29,0,[InfluenceData_logId:7]
6427042,504,2:9:32,0,[InfluenceData_logId:4]
6427042,505,2:9:35,0,[InfluenceData_logId:2,true,InfluenceData_logId:4,true,InfluenceData_logId:7,true]
6427042,506,2:9:37,0,[]
6427042,507,2:9:54,0,[OpponentAttackData_logId:0,OpponentAttackTypeData_logId:2,false,30]
6427042,508,2:9:57,0,[]
6427042,509,2:10:5,0,[RefusalData_logId:2,2]
6427042,510,2:10:10,0,[AvailableRefusalData_logId:2,0A]
6427042,510,2:10:10,0,[AvailableRefusalData_logId:2,1C]
6427042,510,2:10:12,0,[AvailableRefusalData_logId:2,1B]
6427042,510,2:10:14,0,[AvailableRefusalData_logId:2,2B]
6427042,510,2:10:19,0,[AvailableRefusalData_logId:2,2A]
6427042,510,2:10:20,0,[AvailableRefusalData_logId:2,1A]
6427042,510,2:10:25,0,[AvailableRefusalData_logId:2,1B]
6427042,510,2:10:26,0,[AvailableRefusalData_logId:2,2B]
6427042,511,2:10:27,0,[AvailableRefusalData_logId:2,0A,1B,2B,false,0]
6427042,512,2:10:31,0,[]
6427042,513,2:10:31,0,[30]
6427042,514,2:10:35,0,[]
6427042,507,2:10:43,0,[OpponentAttackData_logId:2,OpponentAttackTypeData_logId:4,true,0]
6427042,508,2:10:46,0,[]
6427042,509,2:10:56,0,[RefusalData_logId:8,2]
6427042,510,2:10:58,0,[AvailableRefusalData_logId:8,0A]
6427042,510,2:10:58,0,[AvailableRefusalData_logId:8,1A]
6427042,510,2:11:0,0,[AvailableRefusalData_logId:8,2A]
6427042,511,2:11:1,0,[AvailableRefusalData_logId:8,0A,1A,2A,true,50]
6427042,512,2:11:5,0,[]
6427042,513,2:11:5,0,[0]
6427042,514,2:11:8,0,[]
6427042,507,2:11:15,0,[OpponentAttackData_logId:1,OpponentAttackTypeData_logId:3,true,0]
6427042,508,2:11:18,0,[]
6427042,509,2:11:26,0,[RefusalData_logId:6,2]
6427042,510,2:11:29,0,[AvailableRefusalData_logId:6,0A]
6427042,510,2:11:32,0,[AvailableRefusalData_logId:6,0B]
6427042,510,2:11:36,0,[AvailableRefusalData_logId:6,2A]
6427042,510,2:11:39,0,[AvailableRefusalData_logId:6,0C]
6427042,510,2:11:42,0,[AvailableRefusalData_logId:6,1C]
6427042,510,2:12:2,0,[AvailableRefusalData_logId:6,2C]
6427042,510,2:12:4,0,[AvailableRefusalData_logId:6,2B]
6427042,511,2:12:7,0,[AvailableRefusalData_logId:6,0C,1C,2B,false,0]
6427042,512,2:12:10,0,[]
6427042,513,2:12:10,0,[30]
6427042,514,2:12:14,0,[]
6427042,507,2:12:33,0,[OpponentAttackData_logId:3,OpponentAttackTypeData_logId:2,true,0]
6427042,508,2:12:37,0,[]
6427042,509,2:12:43,0,[RefusalData_logId:4,1]
6427042,510,2:12:53,0,[AvailableRefusalData_logId:4,0A]
6427042,510,2:12:53,0,[AvailableRefusalData_logId:4,1A]
6427042,510,2:12:54,0,[AvailableRefusalData_logId:4,2A]
6427042,511,2:12:56,0,[AvailableRefusalData_logId:4,0A,1A,2A,true,30]
6427042,512,2:13:2,0,[]
6427042,513,2:13:2,0,[0]
6427042,514,2:13:4,0,[]
6427042,515,2:13:4,0,[60,20]
6427042,516,2:13:7,0,[]
6427042,517,2:13:14,0,[]
6427042,1000,2:13:20,0,[]
6427042,500,2:13:36,0,[]
6427042,501,2:13:38,0,[]
6427042,502,2:13:42,0,[IntentionData_logId:2,true]
6427042,503,2:13:43,0,[]
6427042,504,2:13:47,0,[InfluenceData_logId:2]
6427042,504,2:13:48,0,[InfluenceData_logId:3]
6427042,504,2:13:50,0,[InfluenceData_logId:6]
6427042,504,2:13:50,0,[InfluenceData_logId:6]
6427042,505,2:13:52,0,[InfluenceData_logId:2,true,InfluenceData_logId:3,true,InfluenceData_logId:6,true]
6427042,506,2:13:53,0,[]
6427042,507,2:14:2,0,[OpponentAttackData_logId:1,OpponentAttackTypeData_logId:3,true,0]
6427042,508,2:14:5,0,[]
6427042,509,2:14:11,0,[RefusalData_logId:2,2]
6427042,510,2:14:15,0,[AvailableRefusalData_logId:2,0A]
6427042,510,2:14:16,0,[AvailableRefusalData_logId:2,1A]
6427042,510,2:14:18,0,[AvailableRefusalData_logId:2,1B]
6427042,510,2:14:19,0,[AvailableRefusalData_logId:2,2B]
6427042,510,2:14:23,0,[AvailableRefusalData_logId:2,1A]
6427042,510,2:14:24,0,[AvailableRefusalData_logId:2,2A]
6427042,511,2:14:25,0,[AvailableRefusalData_logId:2,0A,1A,2A,true,50]
6427042,512,2:14:29,0,[]
6427042,513,2:14:29,0,[0]
6427042,514,2:14:33,0,[]
6427042,507,2:14:38,0,[OpponentAttackData_logId:2,OpponentAttackTypeData_logId:4,true,0]
6427042,508,2:14:41,0,[]
6427042,509,2:14:54,0,[RefusalData_logId:6,2]
6427042,510,2:15:2,0,[AvailableRefusalData_logId:6,0A]
6427042,510,2:15:4,0,[AvailableRefusalData_logId:6,1A]
6427042,510,2:15:6,0,[AvailableRefusalData_logId:6,2A]
6427042,511,2:15:8,0,[AvailableRefusalData_logId:6,0A,1A,2A,true,50]
6427042,512,2:15:12,0,[]
6427042,515,2:15:12,0,[150,0]
6427042,516,2:15:17,0,[]
6427042,517,2:15:18,0,[]
6427042,1005,2:15:18,0,[3,1,3]
6427042,1001,2:15:21,0,[]
6427042,1003,2:15:21,3
6427042,221,2:15:27,1
6427042,220,2:15:30,1
6427042,1003,2:15:30,3
6427042,221,2:15:34,1
6427042,220,2:15:36,1
6427042,204,2:15:39,1
6427042,100,2:15:41,1
6427042,102,2:15:44,1
6427042,200,2:15:44,1,3,3,6,3,6
6427042,221,2:15:46,1
6427042,220,2:15:48,1
6427042,219,2:15:48,1
6427042,216,2:15:49,Stack_G7b1P
6427042,217,2:16:13,Stack_G7b1P,19,0.33
6427042,218,2:16:16,1
6427042,210,2:16:18,708,432
6427042,207,2:16:19,1,-200,-350
6427042,211,2:16:20,1225,474
6427042,213,2:16:20,1,c_cousin_F_a_G7b1P,true
6427042,205,2:16:20,1,c_cousin_F_a_G7b1P,false,false
6427042,210,2:16:23,1115,340
6427042,207,2:16:24,1,-350,-575
6427042,211,2:16:25,1371,229
6427042,213,2:16:25,1,c_cousinsBrother_a_G7b1P,true
6427042,205,2:16:25,1,c_cousinsBrother_a_G7b1P,false,false
6427042,210,2:16:29,1226,284
6427042,207,2:16:31,1,-575,-785
6427042,207,2:16:32,1,-785,-995
6427042,207,2:16:35,1,-995,-320
6427042,207,2:16:37,1,-320,-20
6427042,207,2:16:39,1,-20,0
6427042,211,2:16:40,78,421
6427042,213,2:16:40,1,c_kidSister_lati_a_G7b1P,true
6427042,212,2:16:43,2
6427042,210,2:16:44,772,338
6427042,207,2:16:46,1,0,-375
6427042,207,2:16:47,1,-375,-825
6427042,207,2:16:48,1,-825,-990
6427042,211,2:16:49,1801,248
6427042,213,2:16:49,1,c_crush1_F_a_G7b1P,true
6427042,210,2:16:53,1618,214
6427042,207,2:16:55,1,-990,-285
6427042,207,2:16:56,1,-285,-30
6427042,207,2:16:58,1,-30,0
6427042,211,2:16:59,716,566
6427042,212,2:17:0,0
6427042,210,2:17:0,349,492
6427042,211,2:17:1,262,475
6427042,213,2:17:1,1,c_cousinsBrothersFriend_a_G7b1P,true
6427042,205,2:17:1,1,c_cousinsBrothersFriend_a_G7b1P,false,false
6427042,210,2:17:5,169,391
6427042,207,2:17:10,1,0,-360
6427042,207,2:17:13,1,-360,-960
6427042,211,2:17:13,1699,349
6427042,219,2:17:14,1
6427042,216,2:17:15,Stack_G7b2N
6427042,217,2:17:25,Stack_G7b2N,7.8,0.00
6427042,218,2:17:27,1
6427042,210,2:17:28,524,386
6427042,211,2:17:29,548,413
6427042,213,2:17:29,1,c_cousin_F_a_G7b2N,true
6427042,205,2:17:29,1,c_cousin_F_a_G7b2N,false,false
6427042,210,2:17:33,469,408
6427042,211,2:17:35,832,266
6427042,213,2:17:35,1,s_kid1_G7b2N,true
6427042,205,2:17:35,1,s_kid1_G7b2N,false,false
6427042,210,2:17:39,776,394
6427042,211,2:17:41,692,284
6427042,213,2:17:41,1,c_cousinsBrother_a_G7b2N,true
6427042,210,2:17:49,442,386
6427042,207,2:17:51,1,-106,-16
6427042,211,2:17:52,204,393
6427042,213,2:17:52,1,c_kidSister_lati_a_G7b2N,true
6427042,205,2:17:52,1,c_kidSister_lati_a_G7b2N,false,false
6427042,210,2:17:58,200,273
6427042,211,2:18:2,548,133
6427042,213,2:18:2,1,s_lifeguard_G7b2N,true
6427042,210,2:18:9,563,277
6427042,207,2:18:10,1,-16,-106
6427042,211,2:18:13,941,206
6427042,213,2:18:13,1,c_crewKid2_F_G7b2N,true
6427042,210,2:18:19,976,132
6427042,211,2:18:21,1128,319
6427042,210,2:18:22,1104,525
6427042,211,2:18:22,1127,540
6427042,212,2:18:23,1
6427042,210,2:18:23,915,285
6427042,211,2:18:24,940,396
6427042,213,2:18:24,1,c_crush1_F_a_G7b2N,true
6427042,205,2:18:24,1,c_crush1_F_a_G7b2N,false,false
6427042,210,2:18:27,888,328
6427042,211,2:18:35,285,449
6427042,213,2:18:35,1,s_cousinsBFgirlfriend_G7b2N,true
6427042,210,2:18:41,235,380
6427042,207,2:18:43,1,-106,0
6427042,207,2:18:47,1,0,-106
6427042,211,2:18:48,813,627
6427042,212,2:18:49,0
6427042,210,2:18:49,994,248
6427042,211,2:18:53,847,286
6427042,213,2:18:53,1,s_kid1_G7b2N,true
6427042,205,2:18:53,1,s_kid1_G7b2N,false,true
6427042,210,2:18:56,660,292
6427042,211,2:18:58,531,418
6427042,213,2:18:58,1,c_cousin_F_a_G7b2N,true
6427042,205,2:18:58,1,c_cousin_F_a_G7b2N,false,true
6427042,210,2:19:2,379,365
6427042,211,2:19:4,201,377
6427042,213,2:19:4,1,c_kidSister_lati_a_G7b2N,true
6427042,205,2:19:4,1,c_kidSister_lati_a_G7b2N,false,true
6427042,210,2:19:8,269,306
6427042,211,2:19:10,269,329
6427042,213,2:19:10,1,s_kidPool2_G7b2N,true
6427042,210,2:19:11,204,345
6427042,207,2:19:12,1,-106,0
6427042,211,2:19:13,547,371
6427042,213,2:19:13,1,c_cousin_F_a_G7b2N,true
6427042,205,2:19:13,1,c_cousin_F_a_G7b2N,false,true
6427042,221,2:19:26,1
6427042,300,2:19:28
6427042,220,2:19:28,1
6427042,301,2:19:33,1
6427042,302,2:19:38,1,1,0,5
6427042,302,2:19:39,1,1,0,8
6427042,302,2:19:44,1,1,0,5
6427042,302,2:19:48,1,1,0,0
6427042,305,2:19:50,1,1,0,-1,
6427042,305,2:19:52,1,1,1,-1,
6427042,302,2:20:4,1,2,0,6
6427042,302,2:20:8,1,2,0,12
6427042,302,2:20:9,1,2,0,9
6427042,304,2:20:10,1,2,0,-1,,9,
6427042,302,2:20:13,1,2,1,3
6427042,302,2:20:15,1,2,1,9
6427042,302,2:20:17,1,2,1,3
6427042,302,2:20:17,1,2,1,0
6427042,306,2:20:18,1,0,1
6427042,304,2:20:18,1,2,1,-1,,0,
6427042,302,2:20:26,1,2,0,3
6427042,302,2:20:28,1,2,0,9
6427042,302,2:20:30,1,2,0,6
6427042,304,2:20:31,1,2,0,9,,6,
6427042,303,2:20:35,1,2,0,6
6427042,304,2:20:40,1,2,0,6,,6,make up
6427042,303,2:20:44,1,2,1,0
6427042,304,2:20:48,1,2,1,0,,0,driving
6427042,302,2:20:55,1,0,0,0
6427042,304,2:20:57,1,0,0,-1,,0,
6427042,302,2:21:2,1,1,1,0
6427042,303,2:21:5,1,1,1,0
6427042,306,2:21:13,1,1,2
6427042,304,2:21:13,1,1,1,-1,,0,running
6427042,302,2:21:16,1,1,0,11
6427042,303,2:21:18,1,1,0,11
6427042,306,2:21:42,1,2,3
6427042,304,2:21:42,1,1,0,-1,,11,my laptop
6427042,221,2:21:52,1
6427042,220,2:21:55,1
6427042,210,2:21:56,448,401
6427042,207,2:21:58,1,-200,-20
6427042,211,2:21:59,266,445
6427042,213,2:21:59,1,c_cousinsBrothersFriend_a_G7b1P,true
6427042,205,2:21:59,1,c_cousinsBrothersFriend_a_G7b1P,false,true
6427042,221,2:22:4,1
6427042,220,2:22:9,1
6427042,210,2:22:9,154,340
6427042,207,2:22:10,1,-20,0
6427042,207,2:22:19,1,0,-450
6427042,207,2:22:23,1,-450,-780
6427042,207,2:22:25,1,-780,-1031
6427042,211,2:22:26,2027,253
6427042,213,2:22:26,1,s_poolDay_ruleSign_G7b1P,true
6427042,205,2:22:26,1,s_poolDay_ruleSign_G7b1P,false,false
6427042,221,2:22:31,1
6427042,220,2:22:33,1
6427042,219,2:22:33,1
6427042,216,2:22:35,Stack_G7b2P
6427042,217,2:22:49,Stack_G7b2P,12,0.00
6427042,218,2:22:52,1
6427042,210,2:22:54,493,446
6427042,211,2:22:55,646,501
6427042,210,2:22:57,912,252
6427042,207,2:22:58,1,-200,-50
6427042,211,2:23:3,534,213
6427042,213,2:23:3,1,s_calendar_F_gen,true
6427042,210,2:23:5,548,209
6427042,207,2:23:9,1,-50,-512
6427042,211,2:23:11,1347,573
6427042,213,2:23:11,1,s_computer_F_G7b2P,true
6427042,205,2:23:11,1,s_computer_F_G7b2P,false,false
6427042,210,2:23:14,1132,486
6427042,211,2:23:15,1049,549
6427042,213,2:23:15,1,c_cousin_F_a_G7b2P,true
6427042,205,2:23:15,1,c_cousin_F_a_G7b2P,false,false
6427042,210,2:23:19,1170,314
6427042,211,2:23:21,871,272
6427042,212,2:23:22,1
6427042,210,2:23:22,1405,373
6427042,211,2:23:26,994,274
6427042,213,2:23:26,1,s_pictureDad_lati_F_gen,true
6427042,205,2:23:26,1,s_pictureDad_lati_F_gen,false,false
6427042,210,2:23:29,1112,263
6427042,211,2:23:32,647,280
6427042,213,2:23:32,1,s_closet_F_G7b2P,true
6427042,210,2:23:36,786,355
6427042,207,2:23:38,1,-512,-302
6427042,207,2:23:40,1,-302,-137
6427042,207,2:23:41,1,-137,-2
6427042,207,2:23:41,1,-2,0
6427042,211,2:23:43,628,495
6427042,212,2:23:44,2
6427042,210,2:23:44,754,248
6427042,211,2:23:45,541,466
6427042,213,2:23:45,1,c_kidSister_lati_a_G7b2P,true
6427042,205,2:23:45,1,c_kidSister_lati_a_G7b2P,false,false
6427042,210,2:23:48,222,417
6427042,211,2:23:51,881,322
6427042,213,2:23:51,1,c_grandma_lati_a_G7b2P,true
6427042,221,2:23:56,1
6427042,220,2:23:59,1
6427042,1003,2:23:59,3
6427042,221,2:24:4,1
6427042,300,2:24:5
6427042,220,2:24:5,1
6427042,221,2:24:12,1
6427042,220,2:24:13,1
6427042,203,2:24:13,1
6427042,100,2:24:20,2
6427042,102,2:24:26,2
6427042,200,2:24:26,2,3,3,6,3,9
6427042,219,2:24:26,2
6427042,216,2:24:28,Stack_G8a0
6427042,217,2:24:49,Stack_G8a0,15,1.3
6427042,218,2:24:59,2
6427042,212,2:25:2,0
6427042,210,2:25:2,538,536
6427042,211,2:25:3,510,551
6427042,213,2:25:3,2,c_crush2_F_a_G8a0,true
6427042,205,2:25:3,2,c_crush2_F_a_G8a0,false,false
6427042,210,2:25:7,384,508
6427042,211,2:25:7,349,592
6427042,213,2:25:7,2,s_beerCooler_G8a0,true
6427042,210,2:25:11,484,389
6427042,211,2:25:13,643,350
6427042,213,2:25:13,2,s_beerSixpack_G8a0,true
6427042,210,2:25:15,766,332
6427042,211,2:25:20,917,335
6427042,213,2:25:20,2,c_cousin_F_a_G8a0,true
6427042,205,2:25:20,2,c_cousin_F_a_G8a0,false,false
6427042,210,2:25:26,942,474
6427042,207,2:25:29,2,-200,-492
6427042,211,2:25:30,1357,345
6427042,213,2:25:30,2,s_cigaretteKid1_G8a0,true
6427042,210,2:25:34,1191,286
6427042,211,2:25:35,1248,612
6427042,212,2:25:36,1
6427042,210,2:25:37,1365,237
6427042,211,2:25:41,798,492
6427042,213,2:25:41,2,s_bottleTable_G8a0,false
6427042,1003,2:25:44,1
6427042,1004,2:25:47,1
6427042,800,2:25:49,1,[]
6427042,801,2:26:0,1,[]
6427042,814,2:26:9,1,[3]
6427042,815,2:26:9,1,3,OpportunityCardData_id:19
6427042,816,2:26:11,1,3,OpportunityCardData_id:19
6427042,803,2:26:20,1,[OpportunityCardData_id:19,OpportunityCardConsequencesData_logId:0]
6427042,803,2:26:22,1,[OpportunityCardData_id:19,OpportunityCardConsequencesData_logId:1]
6427042,803,2:26:23,1,[OpportunityCardData_id:19,OpportunityCardConsequencesData_logId:2]
6427042,805,2:26:28,1,[OpportunityCardData_id:19]
6427042,806,2:26:32,1,[OpportunityCardData_id:19,PriorityData_type:0]
6427042,807,2:26:33,1,[OpportunityCardData_id:19]
6427042,808,2:26:36,1,[OpportunityCardData_id:19]
6427042,809,2:26:43,1,[OpportunityCardData_id:19,PriorityData_type:5,false]
6427042,810,2:26:45,1,[OpportunityCardData_id:19,PriorityData_type:3,25,PriorityData_type:5,15]
6427042,814,2:26:48,1,[3]
6427042,815,2:26:48,1,3,OpportunityCardData_id:20
6427042,816,2:26:50,1,3,OpportunityCardData_id:20
6427042,803,2:26:50,1,[OpportunityCardData_id:20,OpportunityCardConsequencesData_logId:0]
6427042,803,2:26:51,1,[OpportunityCardData_id:20,OpportunityCardConsequencesData_logId:1]
6427042,803,2:26:51,1,[OpportunityCardData_id:20,OpportunityCardConsequencesData_logId:2]
6427042,805,2:26:53,1,[OpportunityCardData_id:20]
6427042,806,2:26:54,1,[OpportunityCardData_id:20,PriorityData_type:0]
6427042,807,2:26:56,1,[OpportunityCardData_id:20]
6427042,808,2:26:58,1,[OpportunityCardData_id:20]
6427042,809,2:27:2,1,[OpportunityCardData_id:20,PriorityData_type:0,true]
6427042,810,2:27:3,1,[OpportunityCardData_id:20,PriorityData_type:3,15,Safe,Safe]
6427042,814,2:27:10,1,[0]
6427042,815,2:27:10,1,0,OpportunityCardData_id:0
6427042,817,2:27:13,1,0
6427042,814,2:27:14,1,[1]
6427042,815,2:27:14,1,1,OpportunityCardData_id:7
6427042,815,2:27:16,1,1,OpportunityCardData_id:8
6427042,816,2:27:20,1,1,OpportunityCardData_id:8
6427042,803,2:27:21,1,[OpportunityCardData_id:8,OpportunityCardConsequencesData_logId:0]
6427042,803,2:27:21,1,[OpportunityCardData_id:8,OpportunityCardConsequencesData_logId:1]
6427042,803,2:27:22,1,[OpportunityCardData_id:8,OpportunityCardConsequencesData_logId:2]
6427042,805,2:27:25,1,[OpportunityCardData_id:8]
6427042,806,2:27:34,1,[OpportunityCardData_id:8,PriorityData_type:2]
6427042,807,2:27:35,1,[OpportunityCardData_id:8]
6427042,808,2:27:37,1,[OpportunityCardData_id:8]
6427042,809,2:27:42,1,[OpportunityCardData_id:8,PriorityData_type:0,false]
6427042,810,2:27:43,1,[OpportunityCardData_id:8,PriorityData_type:1,15,PriorityData_type:0,20]
6427042,814,2:27:47,1,[1]
6427042,815,2:27:47,1,1,OpportunityCardData_id:7
6427042,816,2:27:52,1,1,OpportunityCardData_id:7
6427042,803,2:27:53,1,[OpportunityCardData_id:7,OpportunityCardConsequencesData_logId:0]
6427042,803,2:27:53,1,[OpportunityCardData_id:7,OpportunityCardConsequencesData_logId:1]
6427042,803,2:27:54,1,[OpportunityCardData_id:7,OpportunityCardConsequencesData_logId:2]
6427042,805,2:27:54,1,[OpportunityCardData_id:7]
6427042,806,2:27:58,1,[OpportunityCardData_id:7,PriorityData_type:2]
6427042,807,2:27:59,1,[OpportunityCardData_id:7]
6427042,808,2:28:1,1,[OpportunityCardData_id:7]
6427042,809,2:28:5,1,[OpportunityCardData_id:7,PriorityData_type:2,true]
6427042,810,2:28:6,1,[OpportunityCardData_id:7,PriorityData_type:1,10,Safe,Safe]
6427042,814,2:28:12,1,[4]
6427042,815,2:28:12,1,4,OpportunityCardData_id:22
6427042,816,2:28:18,1,4,OpportunityCardData_id:22
6427042,803,2:28:19,1,[OpportunityCardData_id:22,OpportunityCardConsequencesData_logId:0]
6427042,803,2:28:19,1,[OpportunityCardData_id:22,OpportunityCardConsequencesData_logId:1]
6427042,805,2:28:34,1,[OpportunityCardData_id:22]
6427042,806,2:28:37,1,[OpportunityCardData_id:22,PriorityData_type:5]
6427042,807,2:28:38,1,[OpportunityCardData_id:22]
6427042,808,2:28:40,1,[OpportunityCardData_id:22]
6427042,809,2:28:45,1,[OpportunityCardData_id:22,PriorityData_type:5,true]
6427042,810,2:28:46,1,[OpportunityCardData_id:22,PriorityData_type:4,15,Safe,Safe]
6427042,814,2:28:49,1,[5]
6427042,815,2:28:49,1,5,OpportunityCardData_id:32
6427042,817,2:28:50,1,5
6427042,814,2:28:51,1,[4]
6427042,815,2:28:51,1,4,OpportunityCardData_id:26
6427042,816,2:28:54,1,4,OpportunityCardData_id:26
6427042,803,2:28:55,1,[OpportunityCardData_id:26,OpportunityCardConsequencesData_logId:0]
6427042,803,2:28:55,1,[OpportunityCardData_id:26,OpportunityCardConsequencesData_logId:1]
6427042,803,2:28:55,1,[OpportunityCardData_id:26,OpportunityCardConsequencesData_logId:2]
6427042,805,2:29:5,1,[OpportunityCardData_id:26]
6427042,806,2:29:11,1,[OpportunityCardData_id:26,PriorityData_type:5]
6427042,807,2:29:12,1,[OpportunityCardData_id:26]
6427042,808,2:29:14,1,[OpportunityCardData_id:26]
6427042,809,2:29:18,1,[OpportunityCardData_id:26,Safe,false]
6427042,810,2:29:22,1,[OpportunityCardData_id:26,PriorityData_type:4,15,Safe,Safe]
6427042,814,2:29:26,1,[5]
6427042,815,2:29:26,1,5,OpportunityCardData_id:32
6427042,816,2:29:27,1,5,OpportunityCardData_id:32
6427042,803,2:29:28,1,[OpportunityCardData_id:32,OpportunityCardConsequencesData_logId:0]
6427042,803,2:29:29,1,[OpportunityCardData_id:32,OpportunityCardConsequencesData_logId:1]
6427042,805,2:29:31,1,[OpportunityCardData_id:32]
6427042,806,2:29:33,1,[OpportunityCardData_id:32,PriorityData_type:2]
6427042,807,2:29:34,1,[OpportunityCardData_id:32]
6427042,808,2:29:36,1,[OpportunityCardData_id:32]
6427042,809,2:29:41,1,[OpportunityCardData_id:32,Safe,false]
6427042,810,2:29:41,1,[OpportunityCardData_id:32,PriorityData_type:5,5,Safe,Safe]
6427042,814,2:29:44,1,[5]
6427042,815,2:29:44,1,5,OpportunityCardData_id:33
6427042,816,2:29:45,1,5,OpportunityCardData_id:33
6427042,803,2:29:46,1,[OpportunityCardData_id:33,OpportunityCardConsequencesData_logId:0]
6427042,803,2:29:46,1,[OpportunityCardData_id:33,OpportunityCardConsequencesData_logId:1]
6427042,803,2:29:46,1,[OpportunityCardData_id:33,OpportunityCardConsequencesData_logId:2]
6427042,805,2:29:58,1,[OpportunityCardData_id:33]
6427042,806,2:30:0,1,[OpportunityCardData_id:33,PriorityData_type:3]
6427042,807,2:30:1,1,[OpportunityCardData_id:33]
6427042,808,2:30:3,1,[OpportunityCardData_id:33]
6427042,809,2:30:7,1,[OpportunityCardData_id:33,Safe,false]
6427042,810,2:30:8,1,[OpportunityCardData_id:33,PriorityData_type:5,10,Safe,Safe]
6427042,814,2:30:11,1,[5]
6427042,815,2:30:11,1,5,OpportunityCardData_id:34
6427042,816,2:30:12,1,5,OpportunityCardData_id:34
6427042,805,2:30:13,1,[OpportunityCardData_id:34]
6427042,1002,2:30:19,1
6427042,1003,2:30:19,1
6427042,1004,2:30:21,1
6427042,800,2:30:25,1,[]
6427042,801,2:30:33,1,[]
6427042,814,2:30:34,1,[3]
6427042,815,2:30:34,1,3,OpportunityCardData_id:19
6427042,816,2:30:35,1,3,OpportunityCardData_id:19
6427042,803,2:30:36,1,[OpportunityCardData_id:19,OpportunityCardConsequencesData_logId:0]
6427042,803,2:30:37,1,[OpportunityCardData_id:19,OpportunityCardConsequencesData_logId:1]
6427042,803,2:30:37,1,[OpportunityCardData_id:19,OpportunityCardConsequencesData_logId:2]
6427042,805,2:30:38,1,[OpportunityCardData_id:19]
6427042,806,2:30:43,1,[OpportunityCardData_id:19,PriorityData_type:0]
6427042,806,2:30:48,1,[OpportunityCardData_id:19,PriorityData_type:2]
6427042,807,2:30:51,1,[OpportunityCardData_id:19]
6427042,808,2:30:52,1,[OpportunityCardData_id:19]
6427042,809,2:31:0,1,[OpportunityCardData_id:19,PriorityData_type:0,false]
6427042,810,2:31:3,1,[OpportunityCardData_id:19,PriorityData_type:3,25,PriorityData_type:0,35]
6427042,814,2:31:7,1,[3]
6427042,815,2:31:7,1,3,OpportunityCardData_id:20
6427042,816,2:31:9,1,3,OpportunityCardData_id:20
6427042,803,2:31:10,1,[OpportunityCardData_id:20,OpportunityCardConsequencesData_logId:0]
6427042,803,2:31:10,1,[OpportunityCardData_id:20,OpportunityCardConsequencesData_logId:1]
6427042,803,2:31:10,1,[OpportunityCardData_id:20,OpportunityCardConsequencesData_logId:2]
6427042,805,2:31:12,1,[OpportunityCardData_id:20]
6427042,806,2:31:13,1,[OpportunityCardData_id:20,PriorityData_type:0]
6427042,807,2:31:14,1,[OpportunityCardData_id:20]
6427042,808,2:31:16,1,[OpportunityCardData_id:20]
6427042,809,2:31:21,1,[OpportunityCardData_id:20,PriorityData_type:0,true]
6427042,810,2:31:22,1,[OpportunityCardData_id:20,PriorityData_type:3,15,Safe,Safe]
6427042,814,2:31:29,1,[0]
6427042,815,2:31:29,1,0,OpportunityCardData_id:0
6427042,816,2:31:30,1,0,OpportunityCardData_id:0
6427042,803,2:31:32,1,[OpportunityCardData_id:0,OpportunityCardConsequencesData_logId:1]
6427042,803,2:31:32,1,[OpportunityCardData_id:0,OpportunityCardConsequencesData_logId:0]
6427042,803,2:31:33,1,[OpportunityCardData_id:0,OpportunityCardConsequencesData_logId:2]
6427042,805,2:31:42,1,[OpportunityCardData_id:0]
6427042,806,2:31:45,1,[OpportunityCardData_id:0,PriorityData_type:2]
6427042,807,2:31:46,1,[OpportunityCardData_id:0]
6427042,808,2:31:48,1,[OpportunityCardData_id:0]
6427042,809,2:31:53,1,[OpportunityCardData_id:0,Safe,false]
6427042,810,2:31:54,1,[OpportunityCardData_id:0,PriorityData_type:0,15,Safe,Safe]
6427042,814,2:31:56,1,[0]
6427042,815,2:31:56,1,0,OpportunityCardData_id:1
6427042,816,2:31:58,1,0,OpportunityCardData_id:1
6427042,803,2:31:59,1,[OpportunityCardData_id:1,OpportunityCardConsequencesData_logId:0]
6427042,803,2:31:59,1,[OpportunityCardData_id:1,OpportunityCardConsequencesData_logId:1]
6427042,805,2:32:2,1,[OpportunityCardData_id:1]
6427042,806,2:32:5,1,[OpportunityCardData_id:1,PriorityData_type:2]
6427042,807,2:32:6,1,[OpportunityCardData_id:1]
6427042,808,2:32:8,1,[OpportunityCardData_id:1]
6427042,809,2:32:11,1,[OpportunityCardData_id:1,PriorityData_type:2,true]
6427042,810,2:32:12,1,[OpportunityCardData_id:1,PriorityData_type:0,15,Safe,Safe]
6427042,814,2:32:17,1,[0]
6427042,815,2:32:17,1,0,OpportunityCardData_id:2
6427042,816,2:32:19,1,0,OpportunityCardData_id:2
6427042,803,2:32:20,1,[OpportunityCardData_id:2,OpportunityCardConsequencesData_logId:0]
6427042,803,2:32:20,1,[OpportunityCardData_id:2,OpportunityCardConsequencesData_logId:1]
6427042,803,2:32:21,1,[OpportunityCardData_id:2,OpportunityCardConsequencesData_logId:2]
6427042,805,2:32:44,1,[OpportunityCardData_id:2]
6427042,806,2:32:48,1,[OpportunityCardData_id:2,PriorityData_type:4]
6427042,807,2:32:49,1,[OpportunityCardData_id:2]
6427042,808,2:32:51,1,[OpportunityCardData_id:2]
6427042,809,2:32:55,1,[OpportunityCardData_id:2,Safe,false]
6427042,810,2:32:56,1,[OpportunityCardData_id:2,PriorityData_type:0,10,Safe,Safe]
6427042,814,2:33:3,1,[0]
6427042,815,2:33:3,1,0,OpportunityCardData_id:3
6427042,815,2:33:6,1,0,OpportunityCardData_id:4
6427042,815,2:33:12,1,0,OpportunityCardData_id:5
6427042,816,2:33:15,1,0,OpportunityCardData_id:5
6427042,803,2:33:16,1,[OpportunityCardData_id:5,OpportunityCardConsequencesData_logId:0]
6427042,803,2:33:17,1,[OpportunityCardData_id:5,OpportunityCardConsequencesData_logId:1]
6427042,803,2:33:17,1,[OpportunityCardData_id:5,OpportunityCardConsequencesData_logId:2]
6427042,805,2:33:27,1,[OpportunityCardData_id:5]
6427042,806,2:33:28,1,[OpportunityCardData_id:5,PriorityData_type:1]
6427042,807,2:33:29,1,[OpportunityCardData_id:5]
6427042,808,2:33:31,1,[OpportunityCardData_id:5]
6427042,809,2:33:35,1,[OpportunityCardData_id:5,Safe,false]
6427042,810,2:33:36,1,[OpportunityCardData_id:5,PriorityData_type:0,10,Safe,Safe]
6427042,818,2:33:38,1,6
6427042,811,2:33:42,1,[OpportunityCardData_id:5,PriorityData_type:0,70,75,PriorityData_type:3,80,90]
6427042,1005,2:33:42,1,[1,0,3]
6427042,1001,2:33:43,1,[]
6427042,1003,2:33:43,1
6427042,1004,2:33:44,2
6427042,800,2:33:46,2,[]
6427042,801,2:33:47,2,[]
6427042,814,2:33:55,2,[0]
6427042,815,2:33:55,2,0,OpportunityCardData_id:0
6427042,817,2:33:58,2,0
6427042,814,2:34:1,2,[5]
6427042,815,2:34:1,2,5,OpportunityCardData_id:32
6427042,816,2:34:4,2,5,OpportunityCardData_id:32
6427042,803,2:34:5,2,[OpportunityCardData_id:32,OpportunityCardConsequencesData_logId:0]
6427042,803,2:34:5,2,[OpportunityCardData_id:32,OpportunityCardConsequencesData_logId:1]
6427042,803,2:34:5,2,[OpportunityCardData_id:32,OpportunityCardConsequencesData_logId:2]
6427042,805,2:34:6,2,[OpportunityCardData_id:32]
6427042,806,2:34:12,2,[OpportunityCardData_id:32,PriorityData_type:3]
6427042,807,2:34:14,2,[OpportunityCardData_id:32]
6427042,808,2:34:16,2,[OpportunityCardData_id:32]
6427042,809,2:34:21,2,[OpportunityCardData_id:32,Safe,false]
6427042,810,2:34:22,2,[OpportunityCardData_id:32,PriorityData_type:5,20,Safe,Safe]
6427042,814,2:34:26,2,[5]
6427042,815,2:34:26,2,5,OpportunityCardData_id:33
6427042,816,2:34:28,2,5,OpportunityCardData_id:33
6427042,803,2:34:30,2,[OpportunityCardData_id:33,OpportunityCardConsequencesData_logId:0]
6427042,803,2:34:30,2,[OpportunityCardData_id:33,OpportunityCardConsequencesData_logId:1]
6427042,803,2:34:30,2,[OpportunityCardData_id:33,OpportunityCardConsequencesData_logId:2]
6427042,805,2:34:34,2,[OpportunityCardData_id:33]
6427042,806,2:34:35,2,[OpportunityCardData_id:33,PriorityData_type:3]
6427042,807,2:34:36,2,[OpportunityCardData_id:33]
6427042,808,2:34:37,2,[OpportunityCardData_id:33]
6427042,809,2:34:42,2,[OpportunityCardData_id:33,Safe,false]
6427042,810,2:34:42,2,[OpportunityCardData_id:33,PriorityData_type:5,15,Safe,Safe]
6427042,814,2:34:50,2,[5]
6427042,815,2:34:50,2,5,OpportunityCardData_id:34
6427042,816,2:34:58,2,5,OpportunityCardData_id:34
6427042,803,2:34:59,2,[OpportunityCardData_id:34,OpportunityCardConsequencesData_logId:0]
6427042,803,2:35:0,2,[OpportunityCardData_id:34,OpportunityCardConsequencesData_logId:1]
6427042,803,2:35:4,2,[OpportunityCardData_id:34,OpportunityCardConsequencesData_logId:2]
6427042,805,2:35:9,2,[OpportunityCardData_id:34]
6427042,806,2:35:10,2,[OpportunityCardData_id:34,PriorityData_type:2]
6427042,807,2:35:11,2,[OpportunityCardData_id:34]
6427042,808,2:35:13,2,[OpportunityCardData_id:34]
6427042,809,2:35:17,2,[OpportunityCardData_id:34,Safe,false]
6427042,810,2:35:23,2,[OpportunityCardData_id:34,PriorityData_type:5,15,Safe,Safe]
6427042,814,2:35:31,2,[3]
6427042,815,2:35:31,2,3,OpportunityCardData_id:19
6427042,815,2:35:35,2,3,OpportunityCardData_id:20
6427042,816,2:35:39,2,3,OpportunityCardData_id:20
6427042,803,2:35:40,2,[OpportunityCardData_id:20,OpportunityCardConsequencesData_logId:0]
6427042,803,2:35:40,2,[OpportunityCardData_id:20,OpportunityCardConsequencesData_logId:1]
6427042,803,2:35:41,2,[OpportunityCardData_id:20,OpportunityCardConsequencesData_logId:2]
6427042,805,2:35:46,2,[OpportunityCardData_id:20]
6427042,806,2:36:1,2,[OpportunityCardData_id:20,PriorityData_type:0]
6427042,807,2:36:2,2,[OpportunityCardData_id:20]
6427042,808,2:36:3,2,[OpportunityCardData_id:20]
6427042,809,2:36:8,2,[OpportunityCardData_id:20,PriorityData_type:0,true]
6427042,810,2:36:9,2,[OpportunityCardData_id:20,PriorityData_type:3,15,Safe,Safe]
6427042,814,2:36:15,2,[3]
6427042,815,2:36:15,2,3,OpportunityCardData_id:19
6427042,816,2:36:16,2,3,OpportunityCardData_id:19
6427042,803,2:36:17,2,[OpportunityCardData_id:19,OpportunityCardConsequencesData_logId:0]
6427042,803,2:36:17,2,[OpportunityCardData_id:19,OpportunityCardConsequencesData_logId:1]
6427042,803,2:36:18,2,[OpportunityCardData_id:19,OpportunityCardConsequencesData_logId:2]
6427042,805,2:36:20,2,[OpportunityCardData_id:19]
6427042,806,2:36:21,2,[OpportunityCardData_id:19,PriorityData_type:2]
6427042,807,2:36:22,2,[OpportunityCardData_id:19]
6427042,808,2:36:24,2,[OpportunityCardData_id:19]
6427042,809,2:36:28,2,[OpportunityCardData_id:19,PriorityData_type:5,false]
6427042,810,2:36:30,2,[OpportunityCardData_id:19,PriorityData_type:3,15,PriorityData_type:5,20]
6427042,814,2:36:32,2,[5]
6427042,815,2:36:32,2,5,OpportunityCardData_id:35
6427042,816,2:36:34,2,5,OpportunityCardData_id:35
6427042,803,2:36:35,2,[OpportunityCardData_id:35,OpportunityCardConsequencesData_logId:0]
6427042,803,2:36:35,2,[OpportunityCardData_id:35,OpportunityCardConsequencesData_logId:1]
6427042,803,2:36:36,2,[OpportunityCardData_id:35,OpportunityCardConsequencesData_logId:2]
6427042,805,2:36:42,2,[OpportunityCardData_id:35]
6427042,806,2:36:45,2,[OpportunityCardData_id:35,PriorityData_type:2]
6427042,807,2:36:46,2,[OpportunityCardData_id:35]
6427042,808,2:36:47,2,[OpportunityCardData_id:35]
6427042,809,2:36:51,2,[OpportunityCardData_id:35,PriorityData_type:1,false]
6427042,810,2:36:53,2,[OpportunityCardData_id:35,PriorityData_type:5,20,PriorityData_type:1,10]
6427042,814,2:36:57,2,[3]
6427042,815,2:36:57,2,3,OpportunityCardData_id:21
6427042,816,2:37:0,2,3,OpportunityCardData_id:21
6427042,803,2:37:2,2,[OpportunityCardData_id:21,OpportunityCardConsequencesData_logId:0]
6427042,803,2:37:2,2,[OpportunityCardData_id:21,OpportunityCardConsequencesData_logId:1]
6427042,803,2:37:2,2,[OpportunityCardData_id:21,OpportunityCardConsequencesData_logId:2]
6427042,805,2:37:4,2,[OpportunityCardData_id:21]
6427042,806,2:37:9,2,[OpportunityCardData_id:21,PriorityData_type:4]
6427042,807,2:37:11,2,[OpportunityCardData_id:21]
6427042,808,2:37:13,2,[OpportunityCardData_id:21]
6427042,809,2:37:17,2,[OpportunityCardData_id:21,PriorityData_type:2,false]
6427042,810,2:37:18,2,[OpportunityCardData_id:21,PriorityData_type:3,20,PriorityData_type:2,20]
6427042,818,2:37:21,2,5
6427042,811,2:37:25,2,[OpportunityCardData_id:21,PriorityData_type:3,80,80,PriorityData_type:5,80,80]
6427042,1005,2:37:25,2,[1,0,3]
6427042,1001,2:37:28,2,[]
6427042,1003,2:37:28,1
6427042,1004,2:37:30,4
6427042,800,2:37:32,4,[]
6427042,801,2:37:37,4,[]
6427042,814,2:37:38,4,[4]
6427042,815,2:37:38,4,4,OpportunityCardData_id:24
6427042,815,2:37:40,4,4,OpportunityCardData_id:25
6427042,816,2:37:43,4,4,OpportunityCardData_id:25
6427042,803,2:37:44,4,[OpportunityCardData_id:25,OpportunityCardConsequencesData_logId:1]
6427042,803,2:37:45,4,[OpportunityCardData_id:25,OpportunityCardConsequencesData_logId:0]
6427042,803,2:37:51,4,[OpportunityCardData_id:25,OpportunityCardConsequencesData_logId:2]
6427042,805,2:37:52,4,[OpportunityCardData_id:25]
6427042,806,2:38:1,4,[OpportunityCardData_id:25,PriorityData_type:1]
6427042,807,2:38:2,4,[OpportunityCardData_id:25]
6427042,808,2:38:3,4,[OpportunityCardData_id:25]
6427042,809,2:38:7,4,[OpportunityCardData_id:25,Safe,false]
6427042,810,2:38:27,4,[OpportunityCardData_id:25,PriorityData_type:4,15,Safe,Safe]
6427042,814,2:38:33,4,[5]
6427042,815,2:38:33,4,5,OpportunityCardData_id:30
6427042,816,2:38:38,4,5,OpportunityCardData_id:30
6427042,803,2:38:39,4,[OpportunityCardData_id:30,OpportunityCardConsequencesData_logId:0]
6427042,803,2:38:40,4,[OpportunityCardData_id:30,OpportunityCardConsequencesData_logId:1]
6427042,803,2:38:41,4,[OpportunityCardData_id:30,OpportunityCardConsequencesData_logId:2]
6427042,805,2:38:43,4,[OpportunityCardData_id:30]
6427042,806,2:38:44,4,[OpportunityCardData_id:30,PriorityData_type:0]
6427042,807,2:38:45,4,[OpportunityCardData_id:30]
6427042,808,2:38:47,4,[OpportunityCardData_id:30]
6427042,809,2:38:51,4,[OpportunityCardData_id:30,PriorityData_type:0,true]
6427042,810,2:38:51,4,[OpportunityCardData_id:30,PriorityData_type:5,20,Safe,Safe]
6427042,814,2:39:7,4,[5]
6427042,815,2:39:7,4,5,OpportunityCardData_id:31
6427042,815,2:39:12,4,5,OpportunityCardData_id:32
6427042,816,2:39:14,4,5,OpportunityCardData_id:32
6427042,803,2:39:15,4,[OpportunityCardData_id:32,OpportunityCardConsequencesData_logId:0]
6427042,803,2:39:16,4,[OpportunityCardData_id:32,OpportunityCardConsequencesData_logId:1]
6427042,803,2:39:16,4,[OpportunityCardData_id:32,OpportunityCardConsequencesData_logId:2]
6427042,805,2:39:17,4,[OpportunityCardData_id:32]
6427042,806,2:39:23,4,[OpportunityCardData_id:32,PriorityData_type:2]
6427042,807,2:39:24,4,[OpportunityCardData_id:32]
6427042,808,2:39:26,4,[OpportunityCardData_id:32]
6427042,809,2:39:39,4,[OpportunityCardData_id:32,PriorityData_type:1,false]
6427042,810,2:39:42,4,[OpportunityCardData_id:32,PriorityData_type:5,15,PriorityData_type:1,10]
6427042,814,2:40:8,4,[5]
6427042,815,2:40:8,4,5,OpportunityCardData_id:31
6427042,815,2:40:10,4,5,OpportunityCardData_id:33
6427042,816,2:40:15,4,5,OpportunityCardData_id:33
6427042,803,2:40:17,4,[OpportunityCardData_id:33,OpportunityCardConsequencesData_logId:0]
6427042,803,2:40:17,4,[OpportunityCardData_id:33,OpportunityCardConsequencesData_logId:1]
6427042,805,2:40:18,4,[OpportunityCardData_id:33]
6427042,806,2:40:29,4,[OpportunityCardData_id:33,PriorityData_type:3]
6427042,807,2:40:29,4,[OpportunityCardData_id:33]
6427042,808,2:40:31,4,[OpportunityCardData_id:33]
6427042,809,2:40:35,4,[OpportunityCardData_id:33,Safe,false]
6427042,810,2:40:36,4,[OpportunityCardData_id:33,PriorityData_type:5,20,Safe,Safe]
6427042,814,2:40:44,4,[4]
6427042,815,2:40:44,4,4,OpportunityCardData_id:24
6427042,815,2:40:45,4,4,OpportunityCardData_id:26
6427042,816,2:40:47,4,4,OpportunityCardData_id:26
6427042,803,2:40:48,4,[OpportunityCardData_id:26,OpportunityCardConsequencesData_logId:0]
6427042,803,2:40:48,4,[OpportunityCardData_id:26,OpportunityCardConsequencesData_logId:1]
6427042,803,2:40:51,4,[OpportunityCardData_id:26,OpportunityCardConsequencesData_logId:2]
6427042,805,2:40:53,4,[OpportunityCardData_id:26]
6427042,806,2:40:57,4,[OpportunityCardData_id:26,PriorityData_type:0]
6427042,807,2:40:59,4,[OpportunityCardData_id:26]
6427042,808,2:41:1,4,[OpportunityCardData_id:26]
6427042,809,2:41:5,4,[OpportunityCardData_id:26,Safe,false]
6427042,810,2:41:6,4,[OpportunityCardData_id:26,PriorityData_type:4,15,Safe,Safe]
6427042,814,2:41:9,4,[4]
6427042,815,2:41:9,4,4,OpportunityCardData_id:24
6427042,815,2:41:10,4,4,OpportunityCardData_id:27
6427042,815,2:41:11,4,4,OpportunityCardData_id:28
6427042,815,2:41:11,4,4,OpportunityCardData_id:27
6427042,815,2:41:12,4,4,OpportunityCardData_id:24
6427042,815,2:41:13,4,4,OpportunityCardData_id:27
6427042,816,2:41:13,4,4,OpportunityCardData_id:27
6427042,803,2:41:14,4,[OpportunityCardData_id:27,OpportunityCardConsequencesData_logId:0]
6427042,803,2:41:15,4,[OpportunityCardData_id:27,OpportunityCardConsequencesData_logId:1]
6427042,803,2:41:15,4,[OpportunityCardData_id:27,OpportunityCardConsequencesData_logId:2]
6427042,805,2:41:16,4,[OpportunityCardData_id:27]
6427042,806,2:41:21,4,[OpportunityCardData_id:27,PriorityData_type:1]
6427042,807,2:41:22,4,[OpportunityCardData_id:27]
6427042,808,2:41:23,4,[OpportunityCardData_id:27]
6427042,809,2:41:28,4,[OpportunityCardData_id:27,PriorityData_type:1,true]
6427042,810,2:41:28,4,[OpportunityCardData_id:27,PriorityData_type:4,15,Safe,Safe]
6427042,818,2:41:29,4,6
6427042,811,2:41:31,4,[OpportunityCardData_id:27,PriorityData_type:5,70,80,PriorityData_type:4,70,80]
6427042,1005,2:41:31,4,[1,0,3]
6427042,1001,2:41:32,4,[]
6427042,1003,2:41:32,1
6427042,221,2:41:37,2
6427042,220,2:41:39,2
6427042,212,2:41:41,2
6427042,210,2:41:41,707,521
6427042,207,2:41:46,2,-200,-65
6427042,211,2:41:48,206,314
6427042,213,2:41:48,2,s_stairs_G8a0,true
6427042,210,2:41:50,228,284
6427042,207,2:41:51,2,-65,0
6427042,211,2:41:57,887,490
6427042,210,2:41:57,817,507
6427042,207,2:41:59,2,0,-150
6427042,211,2:42:0,1097,304
6427042,213,2:42:0,2,c_crewKid1_F_a_G8a0,true
6427042,210,2:42:5,819,377
6427042,211,2:42:10,549,543
6427042,210,2:42:10,536,578
6427042,211,2:42:10,526,602
6427042,210,2:42:11,590,484
6427042,207,2:42:14,2,-150,-492
6427042,211,2:42:18,1194,330
6427042,212,2:42:19,1
6427042,210,2:42:22,1385,187
6427042,211,2:42:23,1066,236
6427042,210,2:42:24,886,342
6427042,211,2:42:27,792,496
6427042,213,2:42:27,2,s_bottleTable_G8a0,true
6427042,210,2:42:30,769,578
6427042,211,2:42:32,913,503
6427042,219,2:42:32,2
6427042,216,2:42:34,Stack_G8a1N
6427042,217,2:42:44,Stack_G8a1N,4.0,0.67
6427042,218,2:42:49,2
6427042,210,2:42:56,656,498
6427042,211,2:42:58,987,401
6427042,210,2:42:59,253,499
6427042,207,2:42:59,2,-200,-155
6427042,211,2:43:0,241,417
6427042,213,2:43:0,2,s_waterHeater_gen,true
6427042,210,2:43:29,361,509
6427042,207,2:43:30,2,-155,-110
6427042,211,2:43:32,309,486
6427042,210,2:43:33,744,360
6427042,211,2:43:34,572,463
6427042,213,2:43:34,2,c_crush2_F_a_G8a1N,true
6427042,210,2:43:37,449,86
6427042,211,2:43:37,443,172
6427042,213,2:43:37,2,s_basementDoor_gen,true
6427042,205,2:43:37,2,s_basementDoor_gen,false,false
6427042,210,2:43:46,915,385
6427042,207,2:43:50,2,-110,-305
6427042,207,2:43:51,2,-305,-492
6427042,211,2:43:54,1496,606
6427042,212,2:43:55,0
6427042,210,2:43:55,1461,505
6427042,211,2:43:59,747,543
6427042,213,2:43:59,2,s_crush2Lips_F_G8a1N,true
6427042,205,2:43:59,2,s_crush2Lips_F_G8a1N,false,false
6427042,210,2:44:2,868,527
6427042,211,2:44:6,717,513
6427042,213,2:44:6,2,s_crush2Sore_F_G8a1N,true
6427042,205,2:44:6,2,s_crush2Sore_F_G8a1N,false,false
6427042,210,2:44:9,1144,219
6427042,207,2:44:12,2,-492,-87
6427042,207,2:44:13,2,-87,0
6427042,211,2:44:17,923,554
6427042,213,2:44:17,2,s_stairs_G8a1N,true
6427042,212,2:44:19,2
6427042,210,2:44:20,781,515
6427042,207,2:44:24,2,0,-315
6427042,207,2:44:25,2,-315,-492
6427042,211,2:44:25,1451,622
6427042,219,2:44:27,2
6427042,216,2:44:28,Stack_G8a3N
6427042,217,2:44:38,Stack_G8a3N,5.8,0.00
6427042,218,2:44:42,2
6427042,210,2:44:49,281,538
6427042,211,2:44:50,648,638
6427042,210,2:44:50,876,466
6427042,211,2:44:51,564,549
6427042,221,2:44:54,2
6427042,220,2:44:57,2
6427042,210,2:44:58,786,445
6427042,211,2:44:58,1017,615
6427042,213,2:44:58,2,s_stairs_G8a1N,true
6427042,212,2:45:2,0
6427042,210,2:45:9,527,541
6427042,207,2:45:14,2,-200,-492
6427042,211,2:45:14,1456,545
6427042,210,2:45:15,1254,567
6427042,211,2:45:17,1091,511
6427042,210,2:45:19,1219,340
6427042,207,2:45:21,2,-492,-267
6427042,211,2:45:22,1115,579
6427042,212,2:45:23,1
6427042,221,2:45:24,2
6427042,220,2:45:29,2
6427042,1003,2:45:29,3
6427042,1004,2:45:30,1
6427042,500,2:45:33,1,[]
6427042,501,2:46:1,1,[]
6427042,502,2:46:11,1,[IntentionData_logId:3,true]
6427042,503,2:46:12,1,[]
6427042,504,2:46:15,1,[InfluenceData_logId:1]
6427042,504,2:46:17,1,[InfluenceData_logId:0]
6427042,504,2:46:19,1,[InfluenceData_logId:3]
6427042,504,2:46:21,1,[InfluenceData_logId:5]
6427042,504,2:46:24,1,[InfluenceData_logId:4]
6427042,504,2:46:26,1,[InfluenceData_logId:5]
6427042,504,2:46:28,1,[InfluenceData_logId:8]
6427042,504,2:46:31,1,[InfluenceData_logId:7]
6427042,504,2:46:36,1,[InfluenceData_logId:6]
6427042,505,2:46:40,1,[InfluenceData_logId:0,true,InfluenceData_logId:5,true,InfluenceData_logId:6,true]
6427042,506,2:46:43,1,[]
6427042,507,2:46:56,1,[OpponentAttackData_logId:1,OpponentAttackTypeData_logId:1,true,0]
6427042,508,2:47:10,1,[]
6427042,509,2:47:17,1,[RefusalData_logId:4,2]
6427042,510,2:47:25,1,[AvailableRefusalData_logId:4,1A]
6427042,510,2:47:25,1,[AvailableRefusalData_logId:4,0A]
6427042,510,2:47:33,1,[AvailableRefusalData_logId:4,2A]
6427042,511,2:47:34,1,[AvailableRefusalData_logId:4,0A,1A,2A,true,50]
6427042,512,2:47:41,1,[]
6427042,513,2:47:41,1,[0]
6427042,514,2:47:46,1,[]
6427042,507,2:48:43,1,[OpponentAttackData_logId:3,OpponentAttackTypeData_logId:4,true,0]
6427042,508,2:48:47,1,[]
6427042,509,2:49:0,1,[RefusalData_logId:0,0]
6427042,510,2:49:6,1,[AvailableRefusalData_logId:0,0A]
6427042,510,2:49:7,1,[AvailableRefusalData_logId:0,1A]
6427042,510,2:49:9,1,[AvailableRefusalData_logId:0,2A]
6427042,511,2:49:25,1,[AvailableRefusalData_logId:0,0A,1A,2A,true,20]
6427042,512,2:49:30,1,[]
6427042,513,2:49:30,1,[30]
6427042,514,2:49:38,1,[]
6427042,507,2:49:49,1,[OpponentAttackData_logId:2,OpponentAttackTypeData_logId:3,true,0]
6427042,508,2:49:52,1,[]
6427042,509,2:50:24,1,[RefusalData_logId:7,2]
6427042,510,2:50:39,1,[AvailableRefusalData_logId:7,0B]
6427042,510,2:50:45,1,[AvailableRefusalData_logId:7,1B]
6427042,510,2:50:46,1,[AvailableRefusalData_logId:7,1C]
6427042,510,2:50:51,1,[AvailableRefusalData_logId:7,2A]
6427042,510,2:51:1,1,[AvailableRefusalData_logId:7,0A]
6427042,510,2:51:3,1,[AvailableRefusalData_logId:7,1A]
6427042,511,2:51:7,1,[AvailableRefusalData_logId:7,0A,1A,2A,true,50]
6427042,512,2:51:12,1,[]
6427042,515,2:51:12,1,[120,0]
6427042,516,2:51:18,1,[]
6427042,517,2:51:19,1,[]
6427042,1005,2:51:19,1,[3,0,3]
6427042,1001,2:51:20,1,[]
6427042,1003,2:51:20,3
6427042,1004,2:51:22,4
6427042,500,2:51:25,4,[]
6427042,501,2:51:30,4,[]
6427042,502,2:51:50,4,[IntentionData_logId:1,true]
6427042,503,2:51:52,4,[]
6427042,504,2:51:55,4,[InfluenceData_logId:0]
6427042,504,2:51:58,4,[InfluenceData_logId:2]
6427042,504,2:52:0,4,[InfluenceData_logId:1]
6427042,504,2:52:4,4,[InfluenceData_logId:0]
6427042,504,2:52:6,4,[InfluenceData_logId:4]
6427042,504,2:52:10,4,[InfluenceData_logId:3]
6427042,504,2:52:13,4,[InfluenceData_logId:5]
6427042,504,2:52:18,4,[InfluenceData_logId:4]
6427042,504,2:52:21,4,[InfluenceData_logId:8]
6427042,504,2:52:24,4,[InfluenceData_logId:7]
6427042,504,2:52:29,4,[InfluenceData_logId:6]
6427042,504,2:52:35,4,[InfluenceData_logId:7]
6427042,505,2:52:36,4,[InfluenceData_logId:0,true,InfluenceData_logId:4,true,InfluenceData_logId:7,true]
6427042,506,2:52:37,4,[]
6427042,507,2:52:49,4,[OpponentAttackData_logId:2,OpponentAttackTypeData_logId:4,true,0]
6427042,508,2:52:52,4,[]
6427042,509,2:53:1,4,[RefusalData_logId:6,2]
6427042,510,2:53:8,4,[AvailableRefusalData_logId:6,0A]
6427042,510,2:53:8,4,[AvailableRefusalData_logId:6,1A]
6427042,510,2:53:9,4,[AvailableRefusalData_logId:6,2A]
6427042,511,2:53:10,4,[AvailableRefusalData_logId:6,0A,1A,2A,true,50]
6427042,512,2:53:14,4,[]
6427042,513,2:53:14,4,[0]
6427042,514,2:53:17,4,[]
6427042,507,2:53:30,4,[OpponentAttackData_logId:0,OpponentAttackTypeData_logId:1,true,0]
6427042,508,2:53:33,4,[]
6427042,509,2:54:9,4,[RefusalData_logId:4,2]
6427042,510,2:54:22,4,[AvailableRefusalData_logId:4,0B]
6427042,510,2:54:30,4,[AvailableRefusalData_logId:4,2A]
6427042,510,2:54:35,4,[AvailableRefusalData_logId:4,0A]
6427042,510,2:54:42,4,[AvailableRefusalData_logId:4,1A]
6427042,511,2:54:44,4,[AvailableRefusalData_logId:4,0A,1A,2A,true,50]
6427042,512,2:54:49,4,[]
6427042,515,2:54:49,4,[150,0]
6427042,516,2:54:55,4,[]
6427042,517,2:54:57,4,[]
6427042,1005,2:54:57,4,[3,0,3]
6427042,1001,2:54:58,4,[]
6427042,1003,2:54:58,3
6427042,221,2:55:5,2
6427042,220,2:55:8,2
6427042,221,2:55:10,2
6427042,220,2:55:12,2
6427042,1003,2:55:12,3
6427042,221,2:55:17,2
6427042,300,2:55:18
6427042,220,2:55:18,2
6427042,301,2:55:20,2
6427042,302,2:55:28,2,2,0,4
6427042,302,2:55:38,2,2,0,12
6427042,302,2:55:39,2,2,0,13
6427042,302,2:55:40,2,2,0,15
6427042,304,2:55:41,2,2,0,-1,,15,
6427042,302,2:55:52,2,3,0,3
6427042,302,2:55:52,2,3,0,2
6427042,302,2:55:53,2,3,0,3
6427042,305,2:55:54,2,3,0,-1,
6427042,302,2:56:5,2,4,0,5
6427042,302,2:56:7,2,4,0,3
6427042,304,2:56:8,2,4,0,-1,,3,
6427042,302,2:56:17,2,4,1,3
6427042,302,2:56:22,2,4,1,4
6427042,306,2:56:23,2,0,1
6427042,304,2:56:23,2,4,1,-1,,4,
6427042,302,2:56:27,2,1,0,5
6427042,302,2:56:31,2,1,0,0
6427042,303,2:56:35,2,1,0,0
6427042,304,2:56:50,2,1,0,-1,,0,greman sheperd
6427042,302,2:56:54,2,0,0,5
6427042,303,2:56:56,2,0,0,5
6427042,306,2:57:3,2,1,2
6427042,304,2:57:3,2,0,0,-1,,5,jeep
6427042,302,2:57:7,2,0,0,8
6427042,302,2:57:9,2,0,0,5
6427042,302,2:57:11,2,0,0,3
6427042,302,2:57:12,2,0,0,4
6427042,302,2:57:15,2,0,0,10
6427042,302,2:57:17,2,0,0,7
6427042,302,2:57:18,2,0,0,4
6427042,304,2:57:20,2,0,0,5,jeep,4,jeep
6427042,302,2:57:28,2,5,0,5
6427042,302,2:57:34,2,5,0,2
6427042,305,2:57:37,2,5,0,-1,
6427042,302,2:57:38,2,5,0,4
6427042,302,2:57:38,2,5,0,2
6427042,304,2:57:39,2,5,0,-1,,2,
6427042,302,2:57:53,2,3,0,0
6427042,306,2:57:55,2,2,3
6427042,304,2:57:55,2,3,0,-1,,0,
6427042,221,2:58:2,2
6427042,220,2:58:5,2
6427042,210,2:58:5,837,384
6427042,211,2:58:7,721,469
6427042,213,2:58:7,2,c_crush2_F_a_G8a1N,true
6427042,212,2:58:10,0
6427042,210,2:58:11,735,398
6427042,211,2:58:21,446,541
6427042,213,2:58:21,2,s_dryer_G8a1N,true
6427042,210,2:58:23,510,525
6427042,211,2:58:23,535,513
6427042,213,2:58:23,2,s_dryer_G8a1N,true
6427042,210,2:58:23,455,595
6427042,207,2:58:30,2,-200,0
6427042,207,2:58:43,2,0,-60
6427042,207,2:58:45,2,-60,-492
6427042,211,2:58:48,991,662
6427042,210,2:58:50,372,455
6427042,211,2:58:51,414,482
6427042,213,2:58:51,2,c_nurse_a_G8a3N,true
6427042,1003,2:58:54,0
6427042,1004,2:58:55,1
6427042,400,3:0:13,1,[]
6427042,401,3:0:23,1,[StatementsData_logId:0]
6427042,402,3:0:24,1,[StatementsData_logId:0,true]
6427042,405,3:0:25,1,[StatementsData_logId:0]
6427042,406,3:0:42,1,[StatementsData_logId:0,2]
6427042,411,3:0:46,1,[StatementsData_logId:0]
6427042,401,3:0:57,1,[StatementsData_logId:1]
6427042,402,3:0:59,1,[StatementsData_logId:1,true]
6427042,405,3:1:0,1,[StatementsData_logId:1]
6427042,406,3:1:3,1,[StatementsData_logId:1,2]
6427042,411,3:1:4,1,[StatementsData_logId:1]
6427042,401,3:1:19,1,[StatementsData_logId:2]
6427042,404,3:1:20,1,[StatementsData_logId:2,false]
6427042,405,3:1:21,1,[StatementsData_logId:2]
6427042,406,3:1:23,1,[StatementsData_logId:2,-2]
6427042,411,3:1:24,1,[StatementsData_logId:2]
6427042,401,3:1:33,1,[StatementsData_logId:3]
6427042,402,3:1:35,1,[StatementsData_logId:3,true]
6427042,405,3:1:36,1,[StatementsData_logId:3]
6427042,406,3:1:40,1,[StatementsData_logId:3,2]
6427042,411,3:1:42,1,[StatementsData_logId:3]
6427042,401,3:1:55,1,[StatementsData_logId:4]
6427042,402,3:1:58,1,[StatementsData_logId:4,false]
6427042,405,3:1:59,1,[StatementsData_logId:4]
6427042,406,3:2:3,1,[StatementsData_logId:4,-2]
6427042,411,3:2:4,1,[StatementsData_logId:4]
6427042,401,3:2:15,1,[StatementsData_logId:5]
6427042,404,3:2:17,1,[StatementsData_logId:5,true]
6427042,406,3:2:19,1,[StatementsData_logId:5,2]
6427042,412,3:2:23,1,[StatementsData_logId:5]
6427042,413,3:2:26,1,[StatementsData_logId:5,DuelResponsesData_logId:6]
6427042,414,3:2:28,1,[StatementsData_logId:5,DuelResponsesData_logId:6]
6427042,415,3:2:42,1,[StatementsData_logId:5,DuelResponsesData_logId:6,DuelResponsesData_witty_player_response]
6427042,416,3:2:43,1,[StatementsData_logId:5,DuelResponsesData_logId:6]
6427042,417,3:2:45,1,[StatementsData_logId:5,DuelResponsesData_logId:6]
6427042,413,3:2:47,1,[StatementsData_logId:5,DuelResponsesData_logId:7]
6427042,414,3:2:50,1,[StatementsData_logId:5,DuelResponsesData_logId:7]
6427042,415,3:3:6,1,[StatementsData_logId:5,DuelResponsesData_logId:7,DuelResponsesData_witty_player_response]
6427042,416,3:3:7,1,[StatementsData_logId:5,DuelResponsesData_logId:7]
6427042,417,3:3:9,1,[StatementsData_logId:5,DuelResponsesData_logId:7]
6427042,413,3:3:19,1,[StatementsData_logId:5,DuelResponsesData_logId:8]
6427042,414,3:3:20,1,[StatementsData_logId:5,DuelResponsesData_logId:8]
6427042,415,3:3:26,1,[StatementsData_logId:5,DuelResponsesData_logId:8,DuelResponsesData_witty_player_response]
6427042,416,3:3:27,1,[StatementsData_logId:5,DuelResponsesData_logId:8]
6427042,417,3:3:29,1,[StatementsData_logId:5,DuelResponsesData_logId:8]
6427042,418,3:3:29,1,[StatementsData_logId:5,true]
6427042,419,3:3:35,1,[StatementsData_logId:5,4]
6427042,411,3:3:36,1,[StatementsData_logId:5]
6427042,420,3:3:36,1,[36]
6427042,1005,3:3:36,1,[0,0,1]
6427042,1000,3:3:40,1,[]
6427042,400,3:3:40,1,[]
6427042,401,3:3:43,1,[StatementsData_logId:0]
6427042,402,3:3:47,1,[StatementsData_logId:0,true]
6427042,405,3:3:48,1,[StatementsData_logId:0]
6427042,406,3:3:49,1,[StatementsData_logId:0,2]
6427042,411,3:3:50,1,[StatementsData_logId:0]
6427042,401,3:3:51,1,[StatementsData_logId:1]
6427042,402,3:3:54,1,[StatementsData_logId:1,true]
6427042,405,3:3:55,1,[StatementsData_logId:1]
6427042,406,3:3:56,1,[StatementsData_logId:1,2]
6427042,411,3:3:57,1,[StatementsData_logId:1]
6427042,401,3:4:14,1,[StatementsData_logId:2]
6427042,403,3:4:17,1,[StatementsData_logId:2,true]
6427042,405,3:4:18,1,[StatementsData_logId:2]
6427042,406,3:4:19,1,[StatementsData_logId:2,2]
6427042,407,3:4:19,1,[StatementsData_logId:2,FactCardData_id:25]
6427042,407,3:4:19,1,[StatementsData_logId:2,FactCardData_id:22]
6427042,407,3:4:19,1,[StatementsData_logId:2,FactCardData_id:20]
6427042,407,3:4:19,1,[StatementsData_logId:2,FactCardData_id:26]
6427042,407,3:4:19,1,[StatementsData_logId:2,FactCardData_id:23]
6427042,407,3:4:19,1,[StatementsData_logId:2,FactCardData_id:24]
6427042,407,3:4:23,1,[StatementsData_logId:2,FactCardData_id:25]
6427042,407,3:4:23,1,[StatementsData_logId:2,FactCardData_id:25]
6427042,407,3:4:25,1,[StatementsData_logId:2,FactCardData_id:20]
6427042,407,3:4:25,1,[StatementsData_logId:2,FactCardData_id:25]
6427042,407,3:4:25,1,[StatementsData_logId:2,FactCardData_id:20]
6427042,407,3:4:28,1,[StatementsData_logId:2,FactCardData_id:23]
6427042,407,3:4:28,1,[StatementsData_logId:2,FactCardData_id:20]
6427042,407,3:4:28,1,[StatementsData_logId:2,FactCardData_id:23]
6427042,407,3:4:38,1,[StatementsData_logId:2,FactCardData_id:24]
6427042,407,3:4:38,1,[StatementsData_logId:2,FactCardData_id:23]
6427042,407,3:4:38,1,[StatementsData_logId:2,FactCardData_id:24]
6427042,407,3:4:53,1,[StatementsData_logId:2,FactCardData_id:23]
6427042,407,3:4:53,1,[StatementsData_logId:2,FactCardData_id:24]
6427042,407,3:4:53,1,[StatementsData_logId:2,FactCardData_id:23]
6427042,407,3:4:56,1,[StatementsData_logId:2,FactCardData_id:25]
6427042,407,3:4:56,1,[StatementsData_logId:2,FactCardData_id:23]
6427042,407,3:4:56,1,[StatementsData_logId:2,FactCardData_id:25]
6427042,408,3:5:12,1,[StatementsData_logId:2,FactCardData_id:25,false]
6427042,406,3:5:20,1,[StatementsData_logId:2,-2]
6427042,411,3:5:21,1,[StatementsData_logId:2]
6427042,401,3:5:25,1,[StatementsData_logId:3]
6427042,402,3:5:28,1,[StatementsData_logId:3,true]
6427042,405,3:5:29,1,[StatementsData_logId:3]
6427042,406,3:5:30,1,[StatementsData_logId:3,2]
6427042,411,3:5:32,1,[StatementsData_logId:3]
6427042,401,3:5:34,1,[StatementsData_logId:4]
6427042,404,3:5:44,1,[StatementsData_logId:4,false]
6427042,405,3:5:45,1,[StatementsData_logId:4]
6427042,406,3:5:46,1,[StatementsData_logId:4,-2]
6427042,411,3:5:48,1,[StatementsData_logId:4]
6427042,401,3:5:59,1,[StatementsData_logId:5]
6427042,404,3:6:1,1,[StatementsData_logId:5,true]
6427042,406,3:6:2,1,[StatementsData_logId:5,2]
6427042,412,3:6:4,1,[StatementsData_logId:5]
6427042,413,3:6:4,1,[StatementsData_logId:5,DuelResponsesData_logId:6]
6427042,414,3:6:6,1,[StatementsData_logId:5,DuelResponsesData_logId:6]
6427042,415,3:6:9,1,[StatementsData_logId:5,DuelResponsesData_logId:6,DuelResponsesData_witty_player_response]
6427042,416,3:6:10,1,[StatementsData_logId:5,DuelResponsesData_logId:6]
6427042,417,3:6:11,1,[StatementsData_logId:5,DuelResponsesData_logId:6]
6427042,413,3:6:12,1,[StatementsData_logId:5,DuelResponsesData_logId:7]
6427042,414,3:6:13,1,[StatementsData_logId:5,DuelResponsesData_logId:7]
6427042,415,3:6:23,1,[StatementsData_logId:5,DuelResponsesData_logId:7,DuelResponsesData_witty_player_response]
6427042,416,3:6:24,1,[StatementsData_logId:5,DuelResponsesData_logId:7]
6427042,417,3:6:25,1,[StatementsData_logId:5,DuelResponsesData_logId:7]
6427042,413,3:6:26,1,[StatementsData_logId:5,DuelResponsesData_logId:8]
6427042,414,3:6:28,1,[StatementsData_logId:5,DuelResponsesData_logId:8]
6427042,415,3:6:53,1,[StatementsData_logId:5,DuelResponsesData_logId:8,DuelResponsesData_witty_player_response]
6427042,416,3:6:53,1,[StatementsData_logId:5,DuelResponsesData_logId:8]
6427042,417,3:6:55,1,[StatementsData_logId:5,DuelResponsesData_logId:8]
6427042,418,3:6:55,1,[StatementsData_logId:5,true]
6427042,419,3:6:59,1,[StatementsData_logId:5,4]
6427042,411,3:7:0,1,[StatementsData_logId:5]
6427042,420,3:7:0,1,[38]
6427042,1000,3:7:1,1,[]
6427042,400,3:7:2,1,[]
6427042,401,3:7:4,1,[StatementsData_logId:0]
6427042,402,3:7:17,1,[StatementsData_logId:0,true]
6427042,405,3:7:19,1,[StatementsData_logId:0]
6427042,406,3:7:21,1,[StatementsData_logId:0,2]
6427042,411,3:7:22,1,[StatementsData_logId:0]
6427042,401,3:7:24,1,[StatementsData_logId:1]
6427042,402,3:7:33,1,[StatementsData_logId:1,true]
6427042,405,3:7:34,1,[StatementsData_logId:1]
6427042,406,3:7:36,1,[StatementsData_logId:1,2]
6427042,411,3:7:38,1,[StatementsData_logId:1]
6427042,401,3:7:39,1,[StatementsData_logId:2]
6427042,402,3:8:24,1,[StatementsData_logId:2,false]
6427042,405,3:8:25,1,[StatementsData_logId:2]
6427042,406,3:8:35,1,[StatementsData_logId:2,-2]
6427042,411,3:8:36,1,[StatementsData_logId:2]
6427042,401,3:8:40,1,[StatementsData_logId:3]
6427042,402,3:8:41,1,[StatementsData_logId:3,true]
6427042,405,3:8:42,1,[StatementsData_logId:3]
6427042,406,3:8:47,1,[StatementsData_logId:3,2]
6427042,411,3:8:49,1,[StatementsData_logId:3]
6427042,401,3:8:51,1,[StatementsData_logId:4]
6427042,402,3:8:52,1,[StatementsData_logId:4,false]
6427042,405,3:8:53,1,[StatementsData_logId:4]
6427042,406,3:8:53,1,[StatementsData_logId:4,-2]
6427042,411,3:8:54,1,[StatementsData_logId:4]
6427042,1002,3:8:57,1
6427042,1003,3:8:57,0
6427042,103,3:9:2
6427042,105,3:9:5
6427042,703,3:9:7,[|| EpilogueItem ID: 0 unlocked: true ||,|| EpilogueItem ID: 1 unlocked: true ||,|| EpilogueItem ID: 2 unlocked: false ||,|| EpilogueItem ID: 3 unlocked: false ||,|| EpilogueItem ID: 4 unlocked: false ||,|| EpilogueItem ID: 5 unlocked: false ||,|| EpilogueItem ID: 6 unlocked: false ||,|| EpilogueItem ID: 7 unlocked: false ||,|| EpilogueItem ID: 8 unlocked: false ||,|| EpilogueItem ID: 9 unlocked: false ||,|| EpilogueItem ID: 10 unlocked: false ||,|| EpilogueItem ID: 11 unlocked: false ||,|| EpilogueItem ID: 12 unlocked: false ||,|| EpilogueItem ID: 13 unlocked: false ||,|| EpilogueItem ID: 14 unlocked: false ||,|| EpilogueItem ID: 15 unlocked: false ||,|| EpilogueItem ID: 16 unlocked: false ||,|| EpilogueItem ID: 17 unlocked: false ||,|| EpilogueItem ID: 18 unlocked: false ||,|| EpilogueItem ID: 19 unlocked: false ||,|| EpilogueItem ID: 20 unlocked: false ||,|| EpilogueItem ID: 21 unlocked: false ||,|| EpilogueItem ID: 22 unlocked: false ||,|| EpilogueItem ID: 23 unlocked: false ||,|| EpilogueItem ID: 24 unlocked: false ||],0.08
6427042,706,3:9:12,(x=1939, y=-100, w=1024, h=768),(x=2531, y=-100, w=1024, h=768)
6427042,708,3:9:12
6427042,1,3:9:12,4/4/2014 4:18:29pm,{"gameTime":11352651,"challengeStacks":[{"challengeScenes":[{"miniGameCards":[],"viewedAnimatic":true,"keyPoints":["c_teacherEng_G7a0","c_bestFriend_F_a_G7a0","s_flag_gen"],"unlocked":true,"touchableObjects":["s_vocabAssignment_G7a0","s_otherStudent1_G7a0","c_teacherEng_G7a0","c_crewKid1_F_G7a0","c_bestFriend_F_a_G7a0","s_doorClassroom_G7a0","c_friend1_F_a_G7a0","s_angelouPoster_gen","s_atwoodPoster_gen","s_flag_gen","s_clock_G7a0"]},{"miniGameCards":[],"viewedAnimatic":true,"keyPoints":["c_teacherEng_G7a1N","c_bestFriend_F_a_G7a1N","s_paperPlayers_G7a1N"],"unlocked":true,"touchableObjects":["c_crewKid1_F_G7a1N","s_otherStudent1_G7a1N","c_teacherEng_G7a1N","c_bestFriend_F_a_G7a1N","s_flag_gen","s_posterPlagiarism_gen","s_otherStudent2_G7a1N","s_paperPlayers_G7a1N"]},{"miniGameCards":[],"viewedAnimatic":true,"keyPoints":["c_teacherEng_G7a1P","s_flag_gen","c_bestFriend_F_a_G7a1P","s_paperEnglish_gen"],"unlocked":true,"touchableObjects":["c_teacherEng_G7a1P","s_flag_gen","s_clock_G7a1P","s_poePoster_gen","s_paperPlayers_G7a1P","s_angelouPoster_gen","s_atwoodPoster_gen","s_shakespearePoster_gen","c_bestFriend_F_a_G7a1P","s_paperEnglish_gen"]}],"stackSize":3,"resolved":true},{"challengeScenes":[{"miniGameCards":[],"viewedAnimatic":true,"keyPoints":["c_kidSister_lati_a_G7b0","s_backpack_F_G7b0","c_crewKid1_F_G7b0"],"unlocked":true,"touchableObjects":["s_snackBarWorker_G7b0","s_lifeguard_G7b0","c_cousinsBrother_a_G7b0","c_kidSister_lati_a_G7b0","c_crewKid2_F_G7b0","s_backpack_F_G7b0","c_crewKid1_F_G7b0","c_cousinsBrothersFriend_a_G7b0","c_cousinsBrothersFriendsGF_G7b0","c_cousin_F_a_G7b0"]},{"miniGameCards":[],"viewedAnimatic":true,"keyPoints":["c_crewKid1_F_G7b1N","c_kidSister_lati_a_G7b1N","s_sprayPaintCan_G7b1N","s_brokenCarWindow_G7b1N","s_graffiti_G7b1N"],"unlocked":true,"touchableObjects":["c_teacherEng_G7b1N","c_cousin_F_a_G7b1N","c_policeOfficer_G7b1N","s_cat_G7b1N","c_crewKid1_F_G7b1N","c_kidSister_lati_a_G7b1N","s_wreckedPlants_G7b1N","s_flag_G7b1N","s_sprayPaintCan_G7b1N","c_crewKid2_F_a_G7b1N","s_brokenCarWindow_G7b1N","s_graffiti_G7b1N"]},{"miniGameCards":[],"viewedAnimatic":true,"keyPoints":["c_cousin_F_a_G7b1P","c_cousinsBrother_a_G7b1P","c_cousinsBrothersFriend_a_G7b1P","s_poolDay_ruleSign_G7b1P"],"unlocked":true,"touchableObjects":["c_cousin_F_a_G7b1P","c_cousinsBrother_a_G7b1P","c_kidSister_lati_a_G7b1P","c_crush1_F_a_G7b1P","c_cousinsBrothersFriend_a_G7b1P","s_poolDay_ruleSign_G7b1P"]},{"miniGameCards":[],"viewedAnimatic":true,"keyPoints":["c_cousin_F_a_G7b2N","s_kid1_G7b2N","c_kidSister_lati_a_G7b2N","c_crush1_F_a_G7b2N"],"unlocked":true,"touchableObjects":["c_cousin_F_a_G7b2N","s_kid1_G7b2N","c_cousinsBrother_a_G7b2N","c_kidSister_lati_a_G7b2N","s_lifeguard_G7b2N","c_crewKid2_F_G7b2N","c_crush1_F_a_G7b2N","s_cousinsBFgirlfriend_G7b2N","s_kidPool2_G7b2N"]},{"miniGameCards":[],"viewedAnimatic":true,"keyPoints":["s_computer_F_G7b2P","c_cousin_F_a_G7b2P","s_pictureDad_lati_F_gen","c_kidSister_lati_a_G7b2P"],"unlocked":true,"touchableObjects":["s_calendar_F_gen","s_computer_F_G7b2P","c_cousin_F_a_G7b2P","s_pictureDad_lati_F_gen","s_closet_F_G7b2P","c_kidSister_lati_a_G7b2P","c_grandma_lati_a_G7b2P"]}],"stackSize":5,"resolved":true},{"challengeScenes":[{"miniGameCards":[],"viewedAnimatic":true,"keyPoints":["c_crush2_F_a_G8a0","c_cousin_F_a_G8a0"],"unlocked":true,"touchableObjects":["c_crush2_F_a_G8a0","s_beerCooler_G8a0","s_beerSixpack_G8a0","c_cousin_F_a_G8a0","s_cigaretteKid1_G8a0","s_stairs_G8a0","c_crewKid1_F_a_G8a0","s_bottleTable_G8a0"]},{"miniGameCards":[],"viewedAnimatic":true,"keyPoints":["s_basementDoor_gen","s_crush2Lips_F_G8a1N","s_crush2Sore_F_G8a1N"],"unlocked":true,"touchableObjects":["s_waterHeater_gen","c_crush2_F_a_G8a1N","s_basementDoor_gen","s_crush2Lips_F_G8a1N","s_crush2Sore_F_G8a1N","s_stairs_G8a1N","s_dryer_G8a1N"]},{"miniGameCards":[],"viewedAnimatic":false,"keyPoints":[],"unlocked":false,"touchableObjects":[]},{"miniGameCards":[],"viewedAnimatic":false,"keyPoints":[],"unlocked":false,"touchableObjects":[]},{"miniGameCards":[],"viewedAnimatic":false,"keyPoints":[],"unlocked":false,"touchableObjects":[]},{"miniGameCards":[],"viewedAnimatic":true,"keyPoints":[],"unlocked":true,"touchableObjects":[]},{"miniGameCards":[],"viewedAnimatic":false,"keyPoints":[],"unlocked":false,"touchableObjects":[]}],"stackSize":7,"resolved":false},{"challengeScenes":[{"miniGameCards":[],"viewedAnimatic":false,"keyPoints":[],"unlocked":false,"touchableObjects":[]},{"miniGameCards":[],"viewedAnimatic":false,"keyPoints":[],"unlocked":false,"touchableObjects":[]},{"miniGameCards":[],"viewedAnimatic":false,"keyPoints":[],"unlocked":false,"touchableObjects":[]},{"miniGameCards":[],"viewedAnimatic":false,"keyPoints":[],"unlocked":false,"touchableObjects":[]},{"miniGameCards":[],"viewedAnimatic":false,"keyPoints":[],"unlocked":false,"touchableObjects":[]}],"stackSize":5,"resolved":false},{"challengeScenes":[{"miniGameCards":[],"viewedAnimatic":false,"keyPoints":[],"unlocked":true,"touchableObjects":[]},{"miniGameCards":[],"viewedAnimatic":false,"keyPoints":[],"unlocked":true,"touchableObjects":[]},{"miniGameCards":[],"viewedAnimatic":false,"keyPoints":[],"unlocked":false,"touchableObjects":[]},{"miniGameCards":[],"viewedAnimatic":false,"keyPoints":[],"unlocked":false,"touchableObjects":[]},{"miniGameCards":[],"viewedAnimatic":false,"keyPoints":[],"unlocked":false,"touchableObjects":[]}],"stackSize":5,"resolved":false},{"challengeScenes":[{"miniGameCards":[],"viewedAnimatic":false,"keyPoints":[],"unlocked":false,"touchableObjects":[]},{"miniGameCards":[],"viewedAnimatic":false,"keyPoints":[],"unlocked":false,"touchableObjects":[]},{"miniGameCards":[],"viewedAnimatic":false,"keyPoints":[],"unlocked":false,"touchableObjects":[]},{"miniGameCards":[],"viewedAnimatic":false,"keyPoints":[],"unlocked":false,"touchableObjects":[]},{"miniGameCards":[],"viewedAnimatic":false,"keyPoints":[],"unlocked":false,"touchableObjects":[]}],"stackSize":5,"resolved":false},{"challengeScenes":[{"miniGameCards":[],"viewedAnimatic":false,"keyPoints":[],"unlocked":false,"touchableObjects":[]},{"miniGameCards":[],"viewedAnimatic":false,"keyPoints":[],"unlocked":false,"touchableObjects":[]},{"miniGameCards":[],"viewedAnimatic":false,"keyPoints":[],"unlocked":false,"touchableObjects":[]},{"miniGameCards":[],"viewedAnimatic":false,"keyPoints":[],"unlocked":false,"touchableObjects":[]},{"miniGameCards":[],"viewedAnimatic":false,"keyPoints":[],"unlocked":false,"touchableObjects":[]}],"stackSize":5,"resolved":false},{"challengeScenes":[{"miniGameCards":[],"viewedAnimatic":false,"keyPoints":[],"unlocked":false,"touchableObjects":[]},{"miniGameCards":[],"viewedAnimatic":false,"keyPoints":[],"unlocked":false,"touchableObjects":[]},{"miniGameCards":[],"viewedAnimatic":false,"keyPoints":[],"unlocked":false,"touchableObjects":[]},{"miniGameCards":[],"viewedAnimatic":false,"keyPoints":[],"unlocked":false,"touchableObjects":[]},{"miniGameCards":[],"viewedAnimatic":false,"keyPoints":[],"unlocked":false,"touchableObjects":[]}],"stackSize":5,"resolved":false},{"challengeScenes":[{"miniGameCards":[],"viewedAnimatic":false,"keyPoints":[],"unlocked":false,"touchableObjects":[]},{"miniGameCards":[],"viewedAnimatic":false,"keyPoints":[],"unlocked":false,"touchableObjects":[]},{"miniGameCards":[],"viewedAnimatic":false,"keyPoints":[],"unlocked":false,"touchableObjects":[]},{"miniGameCards":[],"viewedAnimatic":false,"keyPoints":[],"unlocked":false,"touchableObjects":[]},{"miniGameCards":[],"viewedAnimatic":false,"keyPoints":[],"unlocked":false,"touchableObjects":[]}],"stackSize":5,"resolved":false},{"challengeScenes":[{"miniGameCards":[],"viewedAnimatic":false,"keyPoints":[],"unlocked":false,"touchableObjects":[]},{"miniGameCards":[],"viewedAnimatic":false,"keyPoints":[],"unlocked":false,"touchableObjects":[]},{"miniGameCards":[],"viewedAnimatic":false,"keyPoints":[],"unlocked":false,"touchableObjects":[]},{"miniGameCards":[],"viewedAnimatic":false,"keyPoints":[],"unlocked":false,"touchableObjects":[]},{"miniGameCards":[],"viewedAnimatic":false,"keyPoints":[],"unlocked":false,"touchableObjects":[]}],"stackSize":5,"resolved":false},{"challengeScenes":[{"miniGameCards":[],"viewedAnimatic":false,"keyPoints":[],"unlocked":false,"touchableObjects":[]},{"miniGameCards":[],"viewedAnimatic":false,"keyPoints":[],"unlocked":false,"touchableObjects":[]},{"miniGameCards":[],"viewedAnimatic":false,"keyPoints":[],"unlocked":false,"touchableObjects":[]},{"miniGameCards":[],"viewedAnimatic":false,"keyPoints":[],"unlocked":false,"touchableObjects":[]},{"miniGameCards":[],"viewedAnimatic":false,"keyPoints":[],"unlocked":false,"touchableObjects":[]}],"stackSize":5,"resolved":false},{"challengeScenes":[{"miniGameCards":[],"viewedAnimatic":false,"keyPoints":[],"unlocked":false,"touchableObjects":[]},{"miniGameCards":[],"viewedAnimatic":false,"keyPoints":[],"unlocked":false,"touchableObjects":[]},{"miniGameCards":[],"viewedAnimatic":false,"keyPoints":[],"unlocked":false,"touchableObjects":[]},{"miniGameCards":[],"viewedAnimatic":false,"keyPoints":[],"unlocked":false,"touchableObjects":[]},{"miniGameCards":[],"viewedAnimatic":false,"keyPoints":[],"unlocked":false,"touchableObjects":[]}],"stackSize":5,"resolved":false},{"challengeScenes":[{"miniGameCards":[],"viewedAnimatic":false,"keyPoints":[],"unlocked":true,"touchableObjects":["c_education_G0a0","c_family_lati_a_G0a0","c_friends_G0a0"]},{"miniGameCards":[],"viewedAnimatic":false,"keyPoints":["c_family_lati_a_G0a1N","c_home_G0a1N","c_job_G0a1N"],"unlocked":true,"touchableObjects":["c_player_lati_F_a_G0a1N","c_family_lati_a_G0a1N","c_home_G0a1N","c_job_G0a1N"]},{"miniGameCards":[],"viewedAnimatic":false,"keyPoints":["c_kidsister_lati_a_G0a1P","c_grandma_lati_a_G0a1P","c_Teacher_G0a1P","c_mom_lati_a_G0a1P","c_dad_lati_a_G0a1P","c_Nurse_G0a1P"],"unlocked":true,"touchableObjects":["c_friends_G0a1P","c_cousins_F_a_G0a1P","c_kidsister_lati_a_G0a1P","c_grandma_lati_a_G0a1P","c_Teacher_G0a1P","c_mom_lati_a_G0a1P","c_dad_lati_a_G0a1P","c_Nurse_G0a1P"]}],"stackSize":3,"resolved":true}],"sessionId":4,"epilogue":{"rating":3},"playerId":6427042,"session":[{"sceneId":"1P","stackId":12},{"sceneId":"1P","stackId":0},{"sceneId":"1P","stackId":1},{"sceneId":"1N","stackId":1},{"sceneId":"2P","stackId":1}],"minigames":[{"levelSaveData":[{"starRating":3,"unlocked":true},{"starRating":1,"unlocked":true},{"starRating":0,"unlocked":true},{"starRating":0,"unlocked":false},{"starRating":0,"unlocked":false},{"starRating":0,"unlocked":false},{"starRating":0,"unlocked":false},{"starRating":0,"unlocked":false},{"starRating":0,"unlocked":false},{"starRating":0,"unlocked":false}],"skillPoints":4},{"levelSaveData":[{"starRating":3,"unlocked":true},{"starRating":3,"unlocked":true},{"starRating":3,"unlocked":true},{"starRating":0,"unlocked":false},{"starRating":3,"unlocked":true},{"starRating":0,"unlocked":false},{"starRating":0,"unlocked":false},{"starRating":0,"unlocked":false},{"starRating":0,"unlocked":false},{"starRating":0,"unlocked":false}],"skillPoints":12},{"levelSaveData":[{"starRating":3,"unlocked":true},{"starRating":3,"unlocked":true},{"starRating":0,"unlocked":true},{"starRating":0,"unlocked":false},{"starRating":0,"unlocked":false},{"starRating":0,"unlocked":false},{"starRating":0,"unlocked":false},{"starRating":0,"unlocked":false},{"starRating":0,"unlocked":true},{"starRating":0,"unlocked":false}],"skillPoints":6},{"levelSaveData":[{"starRating":3,"unlocked":true},{"starRating":3,"unlocked":true},{"starRating":0,"unlocked":false},{"starRating":0,"unlocked":false},{"starRating":3,"unlocked":true},{"starRating":0,"unlocked":false},{"starRating":0,"unlocked":false},{"starRating":0,"unlocked":false},{"starRating":0,"unlocked":false},{"starRating":0,"unlocked":false}],"skillPoints":9},{"age":14,"name":"erica","gender":1,"levelSaveData":[{"starRating":3,"unlocked":true},{"starRating":3,"chunks":[["3"],["0$$sweet","19$$sencetive"],["0$$family","12$$having fun","6$$music"],["3"]],"unlocked":true},{"starRating":3,"chunks":[["0"],["11$$my laptop","0$$running"],["6$$make up","0$$driving"]],"unlocked":true},{"starRating":3,"chunks":[["4$$jeep"],["0$$greman sheperd"],["15"],["0"],["3","4"],["2"]],"unlocked":true},{"starRating":0,"chunks":[[null],[null],[null,null],[null],[null],[null]],"unlocked":false},{"starRating":0,"chunks":[[null],[null,null,null,null],[null],[null]],"unlocked":false},{"starRating":0,"chunks":[[null],[null],[null,null],[null,null],[null]],"unlocked":false},{"starRating":0,"chunks":[[null,null,null],[null,null,null],[null],[null],[null]],"unlocked":false},{"starRating":0,"chunks":[[null,null,null],[null,null,null],[null,null]],"unlocked":false},{"starRating":0,"chunks":[[null],[null],[null],[null],[null],[null]],"unlocked":false}],"visualAvatar":0,"id":2,"skillPoints":12}],"avatar":{"age":14,"name":"erica","gender":1,"levelSaveData":[{"starRating":3,"unlocked":true},{"starRating":3,"chunks":[["3"],["0$$sweet","19$$sencetive"],["0$$family","12$$having fun","6$$music"],["3"]],"unlocked":true},{"starRating":3,"chunks":[["0"],["11$$my laptop","0$$running"],["6$$make up","0$$driving"]],"unlocked":true},{"starRating":3,"chunks":[["4$$jeep"],["0$$greman sheperd"],["15"],["0"],["3","4"],["2"]],"unlocked":true},{"starRating":0,"chunks":[[null],[null],[null,null],[null],[null],[null]],"unlocked":false},{"starRating":0,"chunks":[[null],[null,null,null,null],[null],[null]],"unlocked":false},{"starRating":0,"chunks":[[null],[null],[null,null],[null,null],[null]],"unlocked":false},{"starRating":0,"chunks":[[null,null,null],[null,null,null],[null],[null],[null]],"unlocked":false},{"starRating":0,"chunks":[[null,null,null],[null,null,null],[null,null]],"unlocked":false},{"starRating":0,"chunks":[[null],[null],[null],[null],[null],[null]],"unlocked":false}],"visualAvatar":0,"id":2,"skillPoints":12}}
