6427030,0,1:15:5,10/23/2013 4:38:21pm
6427030,100,1:15:13,0
6427030,102,1:15:14,0
6427030,200,1:15:14,0,1,3,2,0,6
6427030,210,1:15:25,582,240
6427030,211,1:15:26,575,238
6427030,210,1:15:27,706,405
6427030,211,1:15:28,670,373
6427030,213,1:15:28,0,s_paperPlayers_G7a1P,true
6427030,210,1:15:41,1247,360
6427030,207,1:15:41,0,-400,-475
6427030,207,1:15:41,0,-475,-518
6427030,211,1:15:44,1230,160
6427030,213,1:15:44,0,s_clock_G7a1P,true
6427030,210,1:15:52,1201,332
6427030,207,1:16:0,0,-518,-503
6427030,207,1:16:5,0,-503,-203
6427030,207,1:16:6,0,-203,-128
6427030,211,1:16:8,257,145
6427030,213,1:16:8,0,s_flag_gen,false
6427030,1003,1:16:10,2
6427030,1004,1:16:12,0
6427030,900,1:16:14,0,[]
6427030,901,1:16:17,0,[PeopleData_id:2]
6427030,902,1:16:19,0,[PeopleData_id:2,PeopleData_data0Type]
6427030,902,1:16:24,0,[PeopleData_id:2,PeopleData_data0Type]
6427030,902,1:16:25,0,[PeopleData_id:2,PeopleData_data1Type]
6427030,902,1:16:35,0,[PeopleData_id:2,PeopleData_data2Type]
6427030,902,1:16:40,0,[PeopleData_id:2,PeopleData_data3Type]
6427030,903,1:16:44,0,[PeopleData_id2,PeopleData_data3Type]
6427030,901,1:16:47,0,[PeopleData_id:2]
6427030,904,1:16:47,0,[PeopleData_id:2]
6427030,901,1:16:52,0,[PeopleData_id:2]
6427030,904,1:16:52,0,[PeopleData_id:2]
6427030,905,1:16:54,0,[PeopleData_id:2,RankTypes_id:-1,RankTypes_id:0]
6427030,901,1:16:57,0,[PeopleData_id:0]
6427030,902,1:16:58,0,[PeopleData_id:0,PeopleData_data0Type]
6427030,902,1:17:8,0,[PeopleData_id:0,PeopleData_data1Type]
6427030,902,1:17:13,0,[PeopleData_id:0,PeopleData_data2Type]
6427030,902,1:17:16,0,[PeopleData_id:0,PeopleData_data3Type]
6427030,903,1:17:21,0,[PeopleData_id0,PeopleData_data3Type]
6427030,901,1:17:22,0,[PeopleData_id:0]
6427030,904,1:17:22,0,[PeopleData_id:0]
6427030,905,1:17:24,0,[PeopleData_id:0,RankTypes_id:-1,RankTypes_id:4]
6427030,901,1:17:27,0,[PeopleData_id:4]
6427030,904,1:17:27,0,[PeopleData_id:4]
6427030,902,1:17:28,0,[PeopleData_id:4,PeopleData_data0Type]
6427030,902,1:17:32,0,[PeopleData_id:4,PeopleData_data1Type]
6427030,902,1:17:37,0,[PeopleData_id:4,PeopleData_data2Type]
6427030,902,1:17:43,0,[PeopleData_id:4,PeopleData_data3Type]
6427030,903,1:17:51,0,[PeopleData_id4,PeopleData_data3Type]
6427030,901,1:17:52,0,[PeopleData_id:4]
6427030,904,1:17:52,0,[PeopleData_id:4]
6427030,901,1:17:54,0,[PeopleData_id:4]
6427030,904,1:17:54,0,[PeopleData_id:4]
6427030,905,1:17:54,0,[PeopleData_id:4,RankTypes_id:-1,RankTypes_id:1]
6427030,901,1:17:57,0,[PeopleData_id:1]
6427030,902,1:17:58,0,[PeopleData_id:1,PeopleData_data0Type]
6427030,903,1:18:7,0,[PeopleData_id1,PeopleData_data0Type]
6427030,902,1:18:8,0,[PeopleData_id:1,PeopleData_data1Type]
6427030,903,1:18:18,0,[PeopleData_id1,PeopleData_data1Type]
6427030,902,1:18:19,0,[PeopleData_id:1,PeopleData_data3Type]
6427030,902,1:18:21,0,[PeopleData_id:1,PeopleData_data2Type]
6427030,902,1:18:26,0,[PeopleData_id:1,PeopleData_data3Type]
6427030,903,1:18:30,0,[PeopleData_id1,PeopleData_data3Type]
6427030,901,1:18:32,0,[PeopleData_id:1]
6427030,904,1:18:33,0,[PeopleData_id:1]
6427030,905,1:18:35,0,[PeopleData_id:1,RankTypes_id:-1,RankTypes_id:1]
6427030,901,1:18:36,0,[PeopleData_id:3]
6427030,904,1:18:36,0,[PeopleData_id:3]
6427030,902,1:18:38,0,[PeopleData_id:3,PeopleData_data0Type]
6427030,902,1:18:44,0,[PeopleData_id:3,PeopleData_data1Type]
6427030,902,1:18:48,0,[PeopleData_id:3,PeopleData_data2Type]
6427030,903,1:18:53,0,[PeopleData_id3,PeopleData_data2Type]
6427030,901,1:18:54,0,[PeopleData_id:3]
6427030,904,1:18:54,0,[PeopleData_id:3]
6427030,905,1:18:55,0,[PeopleData_id:3,RankTypes_id:-1,RankTypes_id:4]
6427030,906,1:18:55,0,[]
6427030,907,1:18:57,0,[]
6427030,908,1:18:57,0,[InvitationData_id:7,PeopleData_id:1,RankTypes_id:1]
6427030,909,1:19:7,0,[InvitationData_id:7,PeopleData_id:1,RankTypes_id:1,0]
6427030,910,1:19:9,0,[InvitationData_id:7,0,false]
6427030,908,1:19:9,0,[InvitationData_id:4,PeopleData_id:1,RankTypes_id:1]
6427030,909,1:19:28,0,[InvitationData_id:4,PeopleData_id:1,RankTypes_id:1,0]
6427030,910,1:19:29,0,[InvitationData_id:4,0,false]
6427030,908,1:19:29,0,[InvitationData_id:1,PeopleData_id:0,RankTypes_id:4]
6427030,909,1:19:39,0,[InvitationData_id:1,PeopleData_id:0,RankTypes_id:4,1]
6427030,910,1:19:42,0,[InvitationData_id:1,9,false]
6427030,908,1:19:42,0,[InvitationData_id:6,PeopleData_id:0,RankTypes_id:4]
6427030,909,1:19:54,0,[InvitationData_id:6,PeopleData_id:0,RankTypes_id:4,1]
6427030,910,1:19:55,0,[InvitationData_id:6,9,false]
6427030,908,1:19:55,0,[InvitationData_id:0,PeopleData_id:0,RankTypes_id:4]
6427030,909,1:20:8,0,[InvitationData_id:0,PeopleData_id:0,RankTypes_id:4,1]
6427030,910,1:20:9,0,[InvitationData_id:0,9,false]
6427030,908,1:20:9,0,[InvitationData_id:5,PeopleData_id:1,RankTypes_id:1]
6427030,909,1:20:20,0,[InvitationData_id:5,PeopleData_id:1,RankTypes_id:1,0]
6427030,910,1:20:22,0,[InvitationData_id:5,0,false]
6427030,908,1:20:22,0,[InvitationData_id:3,PeopleData_id:3,RankTypes_id:4]
6427030,909,1:20:39,0,[InvitationData_id:3,PeopleData_id:3,RankTypes_id:4,1]
6427030,910,1:20:41,0,[InvitationData_id:3,9,false]
6427030,908,1:20:41,0,[InvitationData_id:9,PeopleData_id:1,RankTypes_id:1]
6427030,909,1:20:48,0,[InvitationData_id:9,PeopleData_id:1,RankTypes_id:1,0]
6427030,910,1:20:50,0,[InvitationData_id:9,0,false]
6427030,908,1:20:50,0,[InvitationData_id:8,PeopleData_id:0,RankTypes_id:4]
6427030,909,1:20:55,0,[InvitationData_id:8,PeopleData_id:0,RankTypes_id:4,1]
6427030,910,1:21:2,0,[InvitationData_id:8,9,false]
6427030,911,1:21:5,0,[45,0,0,0]
6427030,1005,1:21:5,0,[2,2,3]
6427030,1001,1:21:7,0,[]
6427030,1003,1:21:7,2
6427030,210,1:21:15,505,352
6427030,207,1:21:16,0,-400,-25
6427030,211,1:21:17,253,111
6427030,213,1:21:17,0,s_flag_gen,true
6427030,205,1:21:17,0,s_flag_gen,false,false
6427030,221,1:21:28,0
6427030,208,1:21:31,0,s_flag_gen
6427030,208,1:21:32,0,c_teacherEng_G7a1P
6427030,220,1:21:35,0
6427030,221,1:21:37,0
6427030,220,1:21:40,0
6427030,212,1:21:41,0
6427030,210,1:21:42,912,398
6427030,211,1:21:44,652,354
6427030,213,1:21:44,0,s_paperPlayers_G7a1P,true
6427030,210,1:21:46,472,237
6427030,211,1:21:49,919,400
6427030,207,1:21:49,0,-25,-25
6427030,207,1:21:49,0,-25,-55
6427030,210,1:21:49,959,227
6427030,211,1:21:51,1424,247
6427030,207,1:21:51,0,-55,-460
6427030,210,1:21:54,1047,271
6427030,211,1:21:54,946,313
6427030,210,1:21:56,839,278
6427030,207,1:22:0,0,-200,-518.45
6427030,211,1:22:0,1471,486
6427030,207,1:22:8,0,-400,-400
6427030,210,1:22:10,1163,318
6427030,207,1:22:11,0,-400,-518
6427030,211,1:22:13,1083,136
6427030,210,1:22:15,827,159
6427030,211,1:22:20,957,530
6427030,213,1:22:20,0,c_bestFriend_M_a_G7a1P,true
6427030,1003,1:22:30,0
6427030,1004,1:22:31,0
6427030,400,1:22:34,0,[]
6427030,401,1:22:36,0,[StatementsData_logId:0]
6427030,403,1:22:38,0,[StatementsData_logId:0,true]
6427030,405,1:22:39,0,[StatementsData_logId:0]
6427030,406,1:22:43,0,[StatementsData_logId:0,2]
6427030,407,1:22:43,0,[StatementsData_logId:0,FactCardData_id:3]
6427030,407,1:22:43,0,[StatementsData_logId:0,FactCardData_id:6]
6427030,407,1:22:43,0,[StatementsData_logId:0,FactCardData_id:7]
6427030,407,1:22:43,0,[StatementsData_logId:0,FactCardData_id:4]
6427030,407,1:22:43,0,[StatementsData_logId:0,FactCardData_id:0]
6427030,407,1:22:43,0,[StatementsData_logId:0,FactCardData_id:5]
6427030,407,1:22:45,0,[StatementsData_logId:0,FactCardData_id:7]
6427030,407,1:22:45,0,[StatementsData_logId:0,FactCardData_id:7]
6427030,408,1:22:46,0,[StatementsData_logId:0,FactCardData_id:7,false]
6427030,406,1:22:58,0,[StatementsData_logId:0,-2]
6427030,411,1:23:0,0,[StatementsData_logId:0]
6427030,401,1:23:7,0,[StatementsData_logId:1]
6427030,402,1:23:12,0,[StatementsData_logId:1,true]
6427030,405,1:23:13,0,[StatementsData_logId:1]
6427030,406,1:23:20,0,[StatementsData_logId:1,2]
6427030,411,1:23:40,0,[StatementsData_logId:1]
6427030,401,1:23:51,0,[StatementsData_logId:2]
6427030,402,1:23:54,0,[StatementsData_logId:2,false]
6427030,405,1:23:57,0,[StatementsData_logId:2]
6427030,406,1:24:4,0,[StatementsData_logId:2,-2]
6427030,411,1:24:9,0,[StatementsData_logId:2]
6427030,401,1:24:20,0,[StatementsData_logId:3]
6427030,402,1:24:23,0,[StatementsData_logId:3,false]
6427030,405,1:24:24,0,[StatementsData_logId:3]
6427030,406,1:24:26,0,[StatementsData_logId:3,-2]
6427030,411,1:24:28,0,[StatementsData_logId:3]
6427030,401,1:24:34,0,[StatementsData_logId:4]
6427030,402,1:24:35,0,[StatementsData_logId:4,true]
6427030,405,1:24:36,0,[StatementsData_logId:4]
6427030,406,1:24:39,0,[StatementsData_logId:4,2]
6427030,411,1:24:41,0,[StatementsData_logId:4]
6427030,401,1:24:49,0,[StatementsData_logId:5]
6427030,402,1:24:52,0,[StatementsData_logId:5,false]
6427030,405,1:24:53,0,[StatementsData_logId:5]
6427030,406,1:25:7,0,[StatementsData_logId:5,-2]
6427030,411,1:25:8,0,[StatementsData_logId:5]
6427030,420,1:25:8,0,[30]
6427030,1001,1:25:9,0,[]
6427030,1003,1:25:9,0
6427030,1004,1:25:10,0
6427030,400,1:25:12,0,[]
6427030,401,1:25:14,0,[StatementsData_logId:0]
6427030,403,1:25:16,0,[StatementsData_logId:0,true]
6427030,405,1:25:17,0,[StatementsData_logId:0]
6427030,406,1:25:18,0,[StatementsData_logId:0,2]
6427030,407,1:25:18,0,[StatementsData_logId:0,FactCardData_id:3]
6427030,407,1:25:18,0,[StatementsData_logId:0,FactCardData_id:5]
6427030,407,1:25:18,0,[StatementsData_logId:0,FactCardData_id:6]
6427030,407,1:25:18,0,[StatementsData_logId:0,FactCardData_id:7]
6427030,407,1:25:18,0,[StatementsData_logId:0,FactCardData_id:4]
6427030,407,1:25:18,0,[StatementsData_logId:0,FactCardData_id:0]
6427030,407,1:25:20,0,[StatementsData_logId:0,FactCardData_id:3]
6427030,407,1:25:20,0,[StatementsData_logId:0,FactCardData_id:3]
6427030,407,1:25:26,0,[StatementsData_logId:0,FactCardData_id:7]
6427030,407,1:25:26,0,[StatementsData_logId:0,FactCardData_id:3]
6427030,407,1:25:26,0,[StatementsData_logId:0,FactCardData_id:7]
6427030,407,1:25:29,0,[StatementsData_logId:0,FactCardData_id:3]
6427030,407,1:25:29,0,[StatementsData_logId:0,FactCardData_id:7]
6427030,407,1:25:29,0,[StatementsData_logId:0,FactCardData_id:3]
6427030,408,1:25:32,0,[StatementsData_logId:0,FactCardData_id:3,false]
6427030,406,1:25:43,0,[StatementsData_logId:0,-2]
6427030,411,1:25:45,0,[StatementsData_logId:0]
6427030,401,1:25:51,0,[StatementsData_logId:1]
6427030,402,1:25:52,0,[StatementsData_logId:1,true]
6427030,405,1:25:53,0,[StatementsData_logId:1]
6427030,406,1:25:53,0,[StatementsData_logId:1,2]
6427030,411,1:25:56,0,[StatementsData_logId:1]
6427030,401,1:26:1,0,[StatementsData_logId:2]
6427030,404,1:26:2,0,[StatementsData_logId:2,true]
6427030,406,1:26:3,0,[StatementsData_logId:2,2]
6427030,412,1:26:9,0,[StatementsData_logId:2]
6427030,413,1:26:25,0,[StatementsData_logId:2,DuelResponsesData_logId:3]
6427030,414,1:26:30,0,[StatementsData_logId:2,DuelResponsesData_logId:3]
6427030,415,1:26:44,0,[StatementsData_logId:2,DuelResponsesData_logId:3,DuelResponsesData_lame_player_response]
6427030,416,1:26:45,0,[StatementsData_logId:2,DuelResponsesData_logId:3]
6427030,417,1:26:52,0,[StatementsData_logId:2,DuelResponsesData_logId:3]
6427030,413,1:27:13,0,[StatementsData_logId:2,DuelResponsesData_logId:4]
6427030,414,1:27:17,0,[StatementsData_logId:2,DuelResponsesData_logId:4]
6427030,415,1:27:35,0,[StatementsData_logId:2,DuelResponsesData_logId:4,DuelResponsesData_witty_player_response]
6427030,416,1:27:37,0,[StatementsData_logId:2,DuelResponsesData_logId:4]
6427030,417,1:27:43,0,[StatementsData_logId:2,DuelResponsesData_logId:4]
6427030,413,1:27:52,0,[StatementsData_logId:2,DuelResponsesData_logId:5]
6427030,414,1:27:59,0,[StatementsData_logId:2,DuelResponsesData_logId:5]
6427030,415,1:28:12,0,[StatementsData_logId:2,DuelResponsesData_logId:5,DuelResponsesData_lame_player_response]
6427030,416,1:28:13,0,[StatementsData_logId:2,DuelResponsesData_logId:5]
6427030,417,1:28:20,0,[StatementsData_logId:2,DuelResponsesData_logId:5]
6427030,418,1:28:20,0,[StatementsData_logId:2,false]
6427030,419,1:28:25,0,[StatementsData_logId:2,-4]
6427030,411,1:28:26,0,[StatementsData_logId:2]
6427030,401,1:28:38,0,[StatementsData_logId:3]
6427030,403,1:28:42,0,[StatementsData_logId:3,true]
6427030,405,1:28:43,0,[StatementsData_logId:3]
6427030,406,1:28:46,0,[StatementsData_logId:3,2]
6427030,407,1:28:46,0,[StatementsData_logId:3,FactCardData_id:3]
6427030,407,1:28:46,0,[StatementsData_logId:3,FactCardData_id:5]
6427030,407,1:28:46,0,[StatementsData_logId:3,FactCardData_id:0]
6427030,407,1:28:46,0,[StatementsData_logId:3,FactCardData_id:7]
6427030,407,1:28:46,0,[StatementsData_logId:3,FactCardData_id:4]
6427030,407,1:28:46,0,[StatementsData_logId:3,FactCardData_id:6]
6427030,407,1:29:7,0,[StatementsData_logId:3,FactCardData_id:3]
6427030,407,1:29:7,0,[StatementsData_logId:3,FactCardData_id:3]
6427030,407,1:29:8,0,[StatementsData_logId:3,FactCardData_id:0]
6427030,407,1:29:8,0,[StatementsData_logId:3,FactCardData_id:3]
6427030,407,1:29:8,0,[StatementsData_logId:3,FactCardData_id:0]
6427030,407,1:29:9,0,[StatementsData_logId:3,FactCardData_id:4]
6427030,407,1:29:9,0,[StatementsData_logId:3,FactCardData_id:0]
6427030,407,1:29:9,0,[StatementsData_logId:3,FactCardData_id:4]
6427030,407,1:29:9,0,[StatementsData_logId:3,FactCardData_id:5]
6427030,407,1:29:9,0,[StatementsData_logId:3,FactCardData_id:4]
6427030,407,1:29:9,0,[StatementsData_logId:3,FactCardData_id:5]
6427030,407,1:29:10,0,[StatementsData_logId:3,FactCardData_id:7]
6427030,407,1:29:10,0,[StatementsData_logId:3,FactCardData_id:5]
6427030,407,1:29:10,0,[StatementsData_logId:3,FactCardData_id:7]
6427030,407,1:29:10,0,[StatementsData_logId:3,FactCardData_id:0]
6427030,407,1:29:10,0,[StatementsData_logId:3,FactCardData_id:7]
6427030,407,1:29:10,0,[StatementsData_logId:3,FactCardData_id:0]
6427030,407,1:29:11,0,[StatementsData_logId:3,FactCardData_id:7]
6427030,407,1:29:11,0,[StatementsData_logId:3,FactCardData_id:0]
6427030,407,1:29:11,0,[StatementsData_logId:3,FactCardData_id:7]
6427030,407,1:29:11,0,[StatementsData_logId:3,FactCardData_id:0]
6427030,407,1:29:11,0,[StatementsData_logId:3,FactCardData_id:7]
6427030,407,1:29:11,0,[StatementsData_logId:3,FactCardData_id:0]
6427030,407,1:29:11,0,[StatementsData_logId:3,FactCardData_id:7]
6427030,407,1:29:11,0,[StatementsData_logId:3,FactCardData_id:0]
6427030,407,1:29:11,0,[StatementsData_logId:3,FactCardData_id:7]
6427030,407,1:29:11,0,[StatementsData_logId:3,FactCardData_id:0]
6427030,407,1:29:11,0,[StatementsData_logId:3,FactCardData_id:7]
6427030,407,1:29:11,0,[StatementsData_logId:3,FactCardData_id:0]
6427030,407,1:29:11,0,[StatementsData_logId:3,FactCardData_id:7]
6427030,407,1:29:11,0,[StatementsData_logId:3,FactCardData_id:0]
6427030,407,1:29:11,0,[StatementsData_logId:3,FactCardData_id:7]
6427030,407,1:29:12,0,[StatementsData_logId:3,FactCardData_id:0]
6427030,407,1:29:12,0,[StatementsData_logId:3,FactCardData_id:7]
6427030,407,1:29:12,0,[StatementsData_logId:3,FactCardData_id:0]
6427030,407,1:29:40,0,[StatementsData_logId:3,FactCardData_id:5]
6427030,407,1:29:40,0,[StatementsData_logId:3,FactCardData_id:0]
6427030,407,1:29:40,0,[StatementsData_logId:3,FactCardData_id:5]
6427030,407,1:29:41,0,[StatementsData_logId:3,FactCardData_id:3]
6427030,407,1:29:41,0,[StatementsData_logId:3,FactCardData_id:5]
6427030,407,1:29:41,0,[StatementsData_logId:3,FactCardData_id:3]
6427030,407,1:29:47,0,[StatementsData_logId:3,FactCardData_id:0]
6427030,407,1:29:47,0,[StatementsData_logId:3,FactCardData_id:3]
6427030,407,1:29:47,0,[StatementsData_logId:3,FactCardData_id:0]
6427030,407,1:29:51,0,[StatementsData_logId:3,FactCardData_id:4]
6427030,407,1:29:51,0,[StatementsData_logId:3,FactCardData_id:0]
6427030,407,1:29:51,0,[StatementsData_logId:3,FactCardData_id:4]
6427030,407,1:29:54,0,[StatementsData_logId:3,FactCardData_id:5]
6427030,407,1:29:54,0,[StatementsData_logId:3,FactCardData_id:4]
6427030,407,1:29:54,0,[StatementsData_logId:3,FactCardData_id:5]
6427030,407,1:29:56,0,[StatementsData_logId:3,FactCardData_id:7]
6427030,407,1:29:56,0,[StatementsData_logId:3,FactCardData_id:5]
6427030,407,1:29:56,0,[StatementsData_logId:3,FactCardData_id:7]
6427030,407,1:29:58,0,[StatementsData_logId:3,FactCardData_id:6]
6427030,407,1:29:58,0,[StatementsData_logId:3,FactCardData_id:7]
6427030,407,1:29:58,0,[StatementsData_logId:3,FactCardData_id:6]
6427030,408,1:30:0,0,[StatementsData_logId:3,FactCardData_id:6,false]
6427030,406,1:30:7,0,[StatementsData_logId:3,-2]
6427030,411,1:30:9,0,[StatementsData_logId:3]
6427030,401,1:30:13,0,[StatementsData_logId:4]
6427030,402,1:30:13,0,[StatementsData_logId:4,true]
6427030,405,1:30:14,0,[StatementsData_logId:4]
6427030,406,1:30:22,0,[StatementsData_logId:4,2]
6427030,411,1:30:25,0,[StatementsData_logId:4]
6427030,401,1:30:28,0,[StatementsData_logId:5]
6427030,404,1:30:29,0,[StatementsData_logId:5,true]
6427030,406,1:30:30,0,[StatementsData_logId:5,2]
6427030,412,1:30:33,0,[StatementsData_logId:5]
6427030,413,1:30:41,0,[StatementsData_logId:5,DuelResponsesData_logId:9]
6427030,414,1:30:45,0,[StatementsData_logId:5,DuelResponsesData_logId:9]
6427030,415,1:30:52,0,[StatementsData_logId:5,DuelResponsesData_logId:9,DuelResponsesData_lame_player_response]
6427030,416,1:30:53,0,[StatementsData_logId:5,DuelResponsesData_logId:9]
6427030,417,1:30:59,0,[StatementsData_logId:5,DuelResponsesData_logId:9]
6427030,413,1:31:4,0,[StatementsData_logId:5,DuelResponsesData_logId:10]
6427030,414,1:31:10,0,[StatementsData_logId:5,DuelResponsesData_logId:10]
6427030,415,1:31:30,0,[StatementsData_logId:5,DuelResponsesData_logId:10,DuelResponsesData_witty_player_response]
6427030,416,1:31:31,0,[StatementsData_logId:5,DuelResponsesData_logId:10]
6427030,417,1:31:35,0,[StatementsData_logId:5,DuelResponsesData_logId:10]
6427030,413,1:31:43,0,[StatementsData_logId:5,DuelResponsesData_logId:11]
6427030,414,1:31:50,0,[StatementsData_logId:5,DuelResponsesData_logId:11]
6427030,415,1:32:8,0,[StatementsData_logId:5,DuelResponsesData_logId:11,DuelResponsesData_witty_player_response]
6427030,416,1:32:8,0,[StatementsData_logId:5,DuelResponsesData_logId:11]
6427030,417,1:32:9,0,[StatementsData_logId:5,DuelResponsesData_logId:11]
6427030,418,1:32:9,0,[StatementsData_logId:5,true]
6427030,419,1:32:13,0,[StatementsData_logId:5,4]
6427030,411,1:32:16,0,[StatementsData_logId:5]
6427030,420,1:32:16,0,[40]
6427030,1000,1:32:18,0,[]
6427030,400,1:32:19,0,[]
6427030,401,1:32:27,0,[StatementsData_logId:0]
6427030,402,1:32:29,0,[StatementsData_logId:0,false]
6427030,405,1:32:29,0,[StatementsData_logId:0]
6427030,406,1:32:31,0,[StatementsData_logId:0,-2]
6427030,411,1:32:32,0,[StatementsData_logId:0]
6427030,401,1:32:33,0,[StatementsData_logId:1]
6427030,402,1:32:38,0,[StatementsData_logId:1,true]
6427030,405,1:32:39,0,[StatementsData_logId:1]
6427030,406,1:32:40,0,[StatementsData_logId:1,2]
6427030,411,1:32:41,0,[StatementsData_logId:1]
6427030,401,1:32:44,0,[StatementsData_logId:2]
6427030,404,1:32:45,0,[StatementsData_logId:2,true]
6427030,406,1:32:45,0,[StatementsData_logId:2,2]
6427030,412,1:32:51,0,[StatementsData_logId:2]
6427030,413,1:32:52,0,[StatementsData_logId:2,DuelResponsesData_logId:3]
6427030,414,1:32:57,0,[StatementsData_logId:2,DuelResponsesData_logId:3]
6427030,415,1:33:7,0,[StatementsData_logId:2,DuelResponsesData_logId:3,DuelResponsesData_ok_player_response]
6427030,416,1:33:8,0,[StatementsData_logId:2,DuelResponsesData_logId:3]
6427030,417,1:33:13,0,[StatementsData_logId:2,DuelResponsesData_logId:3]
6427030,413,1:33:21,0,[StatementsData_logId:2,DuelResponsesData_logId:4]
6427030,414,1:33:27,0,[StatementsData_logId:2,DuelResponsesData_logId:4]
6427030,415,1:33:42,0,[StatementsData_logId:2,DuelResponsesData_logId:4,DuelResponsesData_ok_player_response]
6427030,416,1:33:43,0,[StatementsData_logId:2,DuelResponsesData_logId:4]
6427030,417,1:33:49,0,[StatementsData_logId:2,DuelResponsesData_logId:4]
6427030,413,1:33:56,0,[StatementsData_logId:2,DuelResponsesData_logId:5]
6427030,414,1:33:59,0,[StatementsData_logId:2,DuelResponsesData_logId:5]
6427030,415,1:34:27,0,[StatementsData_logId:2,DuelResponsesData_logId:5,DuelResponsesData_ok_player_response]
6427030,416,1:34:29,0,[StatementsData_logId:2,DuelResponsesData_logId:5]
6427030,417,1:34:32,0,[StatementsData_logId:2,DuelResponsesData_logId:5]
6427030,418,1:34:32,0,[StatementsData_logId:2,false]
6427030,419,1:34:36,0,[StatementsData_logId:2,-4]
6427030,411,1:34:38,0,[StatementsData_logId:2]
6427030,401,1:34:43,0,[StatementsData_logId:3]
6427030,403,1:34:44,0,[StatementsData_logId:3,true]
6427030,405,1:34:44,0,[StatementsData_logId:3]
6427030,406,1:34:47,0,[StatementsData_logId:3,2]
6427030,407,1:34:47,0,[StatementsData_logId:3,FactCardData_id:0]
6427030,407,1:34:47,0,[StatementsData_logId:3,FactCardData_id:5]
6427030,407,1:34:47,0,[StatementsData_logId:3,FactCardData_id:3]
6427030,407,1:34:47,0,[StatementsData_logId:3,FactCardData_id:4]
6427030,407,1:34:47,0,[StatementsData_logId:3,FactCardData_id:7]
6427030,407,1:34:48,0,[StatementsData_logId:3,FactCardData_id:6]
6427030,407,1:34:51,0,[StatementsData_logId:3,FactCardData_id:5]
6427030,407,1:34:51,0,[StatementsData_logId:3,FactCardData_id:5]
6427030,408,1:34:51,0,[StatementsData_logId:3,FactCardData_id:5,false]
6427030,406,1:34:54,0,[StatementsData_logId:3,-2]
6427030,411,1:34:55,0,[StatementsData_logId:3]
6427030,401,1:35:0,0,[StatementsData_logId:4]
6427030,402,1:35:0,0,[StatementsData_logId:4,true]
6427030,405,1:35:1,0,[StatementsData_logId:4]
6427030,406,1:35:2,0,[StatementsData_logId:4,2]
6427030,411,1:35:3,0,[StatementsData_logId:4]
6427030,401,1:35:7,0,[StatementsData_logId:5]
6427030,404,1:35:8,0,[StatementsData_logId:5,true]
6427030,406,1:35:9,0,[StatementsData_logId:5,2]
6427030,412,1:35:13,0,[StatementsData_logId:5]
6427030,413,1:35:14,0,[StatementsData_logId:5,DuelResponsesData_logId:9]
6427030,414,1:35:21,0,[StatementsData_logId:5,DuelResponsesData_logId:9]
6427030,415,1:35:29,0,[StatementsData_logId:5,DuelResponsesData_logId:9,DuelResponsesData_witty_player_response]
6427030,416,1:35:30,0,[StatementsData_logId:5,DuelResponsesData_logId:9]
6427030,417,1:35:34,0,[StatementsData_logId:5,DuelResponsesData_logId:9]
6427030,413,1:35:38,0,[StatementsData_logId:5,DuelResponsesData_logId:10]
6427030,414,1:35:43,0,[StatementsData_logId:5,DuelResponsesData_logId:10]
6427030,415,1:35:49,0,[StatementsData_logId:5,DuelResponsesData_logId:10,DuelResponsesData_witty_player_response]
6427030,416,1:35:50,0,[StatementsData_logId:5,DuelResponsesData_logId:10]
6427030,417,1:35:54,0,[StatementsData_logId:5,DuelResponsesData_logId:10]
6427030,413,1:35:59,0,[StatementsData_logId:5,DuelResponsesData_logId:11]
6427030,414,1:36:5,0,[StatementsData_logId:5,DuelResponsesData_logId:11]
6427030,415,1:36:21,0,[StatementsData_logId:5,DuelResponsesData_logId:11,DuelResponsesData_ok_player_response]
6427030,416,1:36:22,0,[StatementsData_logId:5,DuelResponsesData_logId:11]
6427030,417,1:36:25,0,[StatementsData_logId:5,DuelResponsesData_logId:11]
6427030,418,1:36:25,0,[StatementsData_logId:5,true]
6427030,419,1:36:29,0,[StatementsData_logId:5,4]
6427030,411,1:36:32,0,[StatementsData_logId:5]
6427030,420,1:36:32,0,[38]
6427030,1001,1:36:37,0,[]
6427030,1003,1:36:37,0
6427030,210,1:36:43,1018,427
6427030,211,1:36:45,1313,496
6427030,212,1:36:46,1
6427030,210,1:36:47,974,440
6427030,207,1:36:52,0,-400,-115
6427030,211,1:36:55,775,495
6427030,213,1:36:55,0,c_teacherEng_G7a1P,true
6427030,205,1:36:55,0,c_teacherEng_G7a1P,false,true
6427030,207,1:36:59,0,-115,-85
6427030,210,1:36:59,111,443
6427030,207,1:36:59,0,-85,0
6427030,211,1:37:0,5,305
6427030,210,1:37:0,2,280
6427030,211,1:37:0,2,280
6427030,210,1:37:0,11,256
6427030,207,1:37:6,0,0,-300
6427030,207,1:37:8,0,-300,-518
6427030,207,1:37:12,0,-518,-278
6427030,207,1:37:16,0,-278,0
6427030,211,1:37:20,386,182
6427030,210,1:37:22,301,589
6427030,211,1:37:23,279,400
6427030,210,1:37:23,351,619
6427030,211,1:37:24,306,429
6427030,210,1:37:29,20,258
6427030,211,1:37:30,42,127
6427030,210,1:37:32,82,249
6427030,211,1:37:32,82,249
6427030,210,1:37:33,108,172
6427030,207,1:37:39,0,0,-345
6427030,211,1:37:40,1384,571
6427030,207,1:37:40,0,-345,-390
6427030,210,1:37:42,977,575
6427030,211,1:37:42,986,568
6427030,210,1:37:42,1134,413
6427030,211,1:37:43,1175,379
6427030,210,1:37:45,1196,373
6427030,211,1:37:45,1196,373
6427030,221,1:37:45,0
6427030,300,1:37:51
6427030,220,1:37:51,0
6427030,302,1:38:4,0,3,0,4
6427030,304,1:38:6,0,3,0,2,,4,
6427030,302,1:38:20,0,0,0,2
6427030,302,1:38:31,0,0,0,1
6427030,304,1:38:33,0,0,0,3,,1,
6427030,207,1:38:49,0,-400,-385
6427030,210,1:38:50,616,492
6427030,207,1:38:58,0,-385,-518
6427030,211,1:39:2,1541,271
6427030,210,1:39:3,1521,268
6427030,211,1:39:5,1468,537
6427030,210,1:39:6,1061,529
6427030,211,1:39:9,518,564
6427030,207,1:39:9,0,-518,-488
6427030,207,1:39:10,0,-488,-458
6427030,210,1:39:11,1252,295
6427030,211,1:39:17,1141,330
6427030,210,1:39:18,412,420
6427030,207,1:39:18,0,-458,-248
6427030,207,1:39:21,0,-248,-113
6427030,207,1:39:32,0,-113,-83
6427030,211,1:39:33,71,82
6427030,207,1:39:33,0,-83,-53
6427030,207,1:39:33,0,-53,-23
6427030,210,1:39:33,196,24
6427030,207,1:39:33,0,-23,0
6427030,211,1:39:35,318,142
6427030,210,1:39:35,119,255
6427030,207,1:39:42,0,0,-60
6427030,207,1:39:43,0,-60,-120
6427030,207,1:39:43,0,-120,-180
6427030,207,1:39:44,0,-180,-518
6427030,207,1:39:46,0,-518,-443
6427030,207,1:39:47,0,-443,-413
6427030,207,1:39:47,0,-413,-383
6427030,211,1:39:50,1313,471
6427030,207,1:39:50,0,-383,-398
6427030,210,1:39:50,1243,540
6427030,211,1:39:51,1509,525
6427030,207,1:39:51,0,-398,-503
6427030,207,1:39:51,0,-503,-518
6427030,210,1:39:51,1361,369
6427030,211,1:39:59,954,408
6427030,210,1:40:24,1519,408
6427030,211,1:40:24,1520,377
6427030,210,1:40:25,1524,267
6427030,211,1:40:26,1497,238
6427030,210,1:40:30,1540,120
6427030,211,1:40:30,1540,123
6427030,210,1:40:40,878,394
6427030,211,1:40:41,904,420
6427030,212,1:40:42,0
6427030,210,1:40:43,826,470
6427030,211,1:40:43,948,466
6427030,213,1:40:43,0,c_bestFriend_M_a_G7a1P,true
6427030,1003,1:40:56,0
6427030,1004,1:40:57,0
6427030,400,1:41:0,0,[]
6427030,401,1:41:3,0,[StatementsData_logId:0]
6427030,403,1:41:4,0,[StatementsData_logId:0,true]
6427030,405,1:41:4,0,[StatementsData_logId:0]
6427030,406,1:41:6,0,[StatementsData_logId:0,2]
6427030,407,1:41:6,0,[StatementsData_logId:0,FactCardData_id:5]
6427030,407,1:41:6,0,[StatementsData_logId:0,FactCardData_id:3]
6427030,407,1:41:6,0,[StatementsData_logId:0,FactCardData_id:0]
6427030,407,1:41:6,0,[StatementsData_logId:0,FactCardData_id:4]
6427030,407,1:41:6,0,[StatementsData_logId:0,FactCardData_id:7]
6427030,407,1:41:6,0,[StatementsData_logId:0,FactCardData_id:6]
6427030,407,1:41:9,0,[StatementsData_logId:0,FactCardData_id:4]
6427030,407,1:41:9,0,[StatementsData_logId:0,FactCardData_id:4]
6427030,408,1:41:9,0,[StatementsData_logId:0,FactCardData_id:4,false]
6427030,406,1:41:12,0,[StatementsData_logId:0,-2]
6427030,411,1:41:13,0,[StatementsData_logId:0]
6427030,401,1:41:14,0,[StatementsData_logId:1]
6427030,402,1:41:21,0,[StatementsData_logId:1,true]
6427030,405,1:41:21,0,[StatementsData_logId:1]
6427030,406,1:41:22,0,[StatementsData_logId:1,2]
6427030,411,1:41:24,0,[StatementsData_logId:1]
6427030,401,1:41:26,0,[StatementsData_logId:2]
6427030,404,1:41:27,0,[StatementsData_logId:2,true]
6427030,406,1:41:28,0,[StatementsData_logId:2,2]
6427030,412,1:41:32,0,[StatementsData_logId:2]
6427030,413,1:41:35,0,[StatementsData_logId:2,DuelResponsesData_logId:3]
6427030,414,1:41:41,0,[StatementsData_logId:2,DuelResponsesData_logId:3]
6427030,415,1:41:48,0,[StatementsData_logId:2,DuelResponsesData_logId:3,DuelResponsesData_ok_player_response]
6427030,416,1:41:48,0,[StatementsData_logId:2,DuelResponsesData_logId:3]
6427030,417,1:41:52,0,[StatementsData_logId:2,DuelResponsesData_logId:3]
6427030,413,1:42:18,0,[StatementsData_logId:2,DuelResponsesData_logId:4]
6427030,414,1:42:24,0,[StatementsData_logId:2,DuelResponsesData_logId:4]
6427030,415,1:42:42,0,[StatementsData_logId:2,DuelResponsesData_logId:4,DuelResponsesData_ok_player_response]
6427030,416,1:42:44,0,[StatementsData_logId:2,DuelResponsesData_logId:4]
6427030,417,1:42:49,0,[StatementsData_logId:2,DuelResponsesData_logId:4]
6427030,413,1:42:56,0,[StatementsData_logId:2,DuelResponsesData_logId:5]
6427030,414,1:43:1,0,[StatementsData_logId:2,DuelResponsesData_logId:5]
6427030,415,1:43:12,0,[StatementsData_logId:2,DuelResponsesData_logId:5,DuelResponsesData_ok_player_response]
6427030,416,1:43:13,0,[StatementsData_logId:2,DuelResponsesData_logId:5]
6427030,417,1:43:18,0,[StatementsData_logId:2,DuelResponsesData_logId:5]
6427030,418,1:43:18,0,[StatementsData_logId:2,false]
6427030,419,1:43:21,0,[StatementsData_logId:2,-4]
6427030,411,1:43:23,0,[StatementsData_logId:2]
6427030,401,1:43:29,0,[StatementsData_logId:3]
6427030,404,1:43:31,0,[StatementsData_logId:3,false]
6427030,405,1:43:33,0,[StatementsData_logId:3]
6427030,406,1:43:36,0,[StatementsData_logId:3,-2]
6427030,411,1:43:38,0,[StatementsData_logId:3]
6427030,401,1:43:45,0,[StatementsData_logId:4]
6427030,402,1:43:48,0,[StatementsData_logId:4,true]
6427030,405,1:43:49,0,[StatementsData_logId:4]
6427030,406,1:43:51,0,[StatementsData_logId:4,2]
6427030,411,1:43:53,0,[StatementsData_logId:4]
6427030,401,1:43:54,0,[StatementsData_logId:5]
6427030,404,1:43:54,0,[StatementsData_logId:5,true]
6427030,406,1:43:56,0,[StatementsData_logId:5,2]
6427030,412,1:43:57,0,[StatementsData_logId:5]
6427030,413,1:44:0,0,[StatementsData_logId:5,DuelResponsesData_logId:9]
6427030,414,1:44:4,0,[StatementsData_logId:5,DuelResponsesData_logId:9]
6427030,415,1:44:13,0,[StatementsData_logId:5,DuelResponsesData_logId:9,DuelResponsesData_ok_player_response]
6427030,416,1:44:14,0,[StatementsData_logId:5,DuelResponsesData_logId:9]
6427030,417,1:44:19,0,[StatementsData_logId:5,DuelResponsesData_logId:9]
6427030,413,1:44:23,0,[StatementsData_logId:5,DuelResponsesData_logId:10]
6427030,414,1:44:28,0,[StatementsData_logId:5,DuelResponsesData_logId:10]
6427030,415,1:44:30,0,[StatementsData_logId:5,DuelResponsesData_logId:10,DuelResponsesData_ok_player_response]
6427030,416,1:44:32,0,[StatementsData_logId:5,DuelResponsesData_logId:10]
6427030,417,1:44:36,0,[StatementsData_logId:5,DuelResponsesData_logId:10]
6427030,413,1:44:47,0,[StatementsData_logId:5,DuelResponsesData_logId:11]
6427030,414,1:44:50,0,[StatementsData_logId:5,DuelResponsesData_logId:11]
6427030,415,1:44:57,0,[StatementsData_logId:5,DuelResponsesData_logId:11,DuelResponsesData_ok_player_response]
6427030,416,1:44:58,0,[StatementsData_logId:5,DuelResponsesData_logId:11]
6427030,417,1:45:2,0,[StatementsData_logId:5,DuelResponsesData_logId:11]
6427030,418,1:45:2,0,[StatementsData_logId:5,false]
6427030,419,1:45:8,0,[StatementsData_logId:5,-4]
6427030,411,1:45:10,0,[StatementsData_logId:5]
6427030,420,1:45:10,0,[30]
6427030,1001,1:45:13,0,[]
6427030,1003,1:45:13,0
6427030,210,1:45:23,1396,419
6427030,207,1:45:23,0,-400,-518
6427030,211,1:45:25,1332,326
6427030,210,1:45:25,1122,245
6427030,207,1:45:30,0,-518,0
6427030,211,1:45:32,293,342
6427030,210,1:45:32,304,316
6427030,211,1:45:33,299,296
6427030,210,1:45:34,351,301
6427030,211,1:45:34,351,301
6427030,210,1:45:37,325,401
6427030,211,1:45:44,502,283
6427030,210,1:45:45,342,272
6427030,211,1:45:45,342,272
6427030,210,1:45:48,759,181
6427030,211,1:45:49,649,174
6427030,210,1:45:49,755,179
6427030,211,1:45:51,586,151
6427030,213,1:45:51,0,s_atwoodPoster_gen,true
6427030,210,1:45:54,652,130
6427030,211,1:45:55,687,139
6427030,213,1:45:55,0,s_angelouPoster_gen,true
6427030,210,1:46:1,770,109
6427030,211,1:46:1,770,109
6427030,210,1:46:2,751,152
6427030,211,1:46:3,775,147
6427030,213,1:46:3,0,s_shakespearePoster_gen,true
6427030,210,1:46:7,766,441
6427030,211,1:46:7,768,438
6427030,210,1:46:8,886,110
6427030,211,1:46:8,884,109
6427030,213,1:46:8,0,s_poePoster_gen,true
6427030,210,1:46:14,727,155
6427030,211,1:46:14,727,153
6427030,213,1:46:14,0,s_angelouPoster_gen,true
6427030,210,1:46:18,771,95
6427030,211,1:46:18,771,95
6427030,210,1:46:19,751,126
6427030,211,1:46:19,772,126
6427030,213,1:46:19,0,s_shakespearePoster_gen,true
6427030,210,1:46:24,688,121
6427030,211,1:46:25,688,121
6427030,210,1:46:25,665,124
6427030,211,1:46:26,688,138
6427030,213,1:46:26,0,s_angelouPoster_gen,true
6427030,210,1:46:29,592,152
6427030,211,1:46:30,601,145
6427030,213,1:46:30,0,s_atwoodPoster_gen,true
6427030,210,1:46:35,1040,393
6427030,207,1:46:35,0,0,-195
6427030,211,1:46:37,989,455
6427030,213,1:46:37,0,c_bestFriend_M_a_G7a1P,true
6427030,1003,1:46:40,0
6427030,1004,1:46:42,0
6427030,400,1:46:45,0,[]
6427030,401,1:46:46,0,[StatementsData_logId:0]
6427030,403,1:46:49,0,[StatementsData_logId:0,true]
6427030,405,1:46:51,0,[StatementsData_logId:0]
6427030,406,1:46:52,0,[StatementsData_logId:0,2]
6427030,407,1:46:52,0,[StatementsData_logId:0,FactCardData_id:7]
6427030,407,1:46:52,0,[StatementsData_logId:0,FactCardData_id:5]
6427030,407,1:46:52,0,[StatementsData_logId:0,FactCardData_id:4]
6427030,407,1:46:52,0,[StatementsData_logId:0,FactCardData_id:3]
6427030,407,1:46:52,0,[StatementsData_logId:0,FactCardData_id:0]
6427030,407,1:46:52,0,[StatementsData_logId:0,FactCardData_id:6]
6427030,407,1:46:59,0,[StatementsData_logId:0,FactCardData_id:4]
6427030,407,1:46:59,0,[StatementsData_logId:0,FactCardData_id:4]
6427030,408,1:47:3,0,[StatementsData_logId:0,FactCardData_id:4,false]
6427030,406,1:47:7,0,[StatementsData_logId:0,-2]
6427030,411,1:47:10,0,[StatementsData_logId:0]
6427030,401,1:47:11,0,[StatementsData_logId:1]
6427030,403,1:47:15,0,[StatementsData_logId:1,false]
6427030,405,1:47:16,0,[StatementsData_logId:1]
6427030,406,1:47:17,0,[StatementsData_logId:1,-2]
6427030,411,1:47:21,0,[StatementsData_logId:1]
6427030,401,1:47:22,0,[StatementsData_logId:2]
6427030,402,1:47:23,0,[StatementsData_logId:2,false]
6427030,405,1:47:23,0,[StatementsData_logId:2]
6427030,406,1:47:25,0,[StatementsData_logId:2,-2]
6427030,411,1:47:26,0,[StatementsData_logId:2]
6427030,401,1:47:27,0,[StatementsData_logId:3]
6427030,404,1:47:28,0,[StatementsData_logId:3,false]
6427030,405,1:47:29,0,[StatementsData_logId:3]
6427030,406,1:47:30,0,[StatementsData_logId:3,-2]
6427030,411,1:47:31,0,[StatementsData_logId:3]
6427030,401,1:47:32,0,[StatementsData_logId:4]
6427030,402,1:47:32,0,[StatementsData_logId:4,true]
6427030,405,1:47:33,0,[StatementsData_logId:4]
6427030,406,1:47:33,0,[StatementsData_logId:4,2]
6427030,411,1:47:34,0,[StatementsData_logId:4]
6427030,401,1:47:35,0,[StatementsData_logId:5]
6427030,402,1:47:36,0,[StatementsData_logId:5,false]
6427030,405,1:47:37,0,[StatementsData_logId:5]
6427030,406,1:47:38,0,[StatementsData_logId:5,-2]
6427030,411,1:47:39,0,[StatementsData_logId:5]
6427030,420,1:47:39,0,[26]
6427030,1000,1:47:40,0,[]
6427030,400,1:47:41,0,[]
6427030,401,1:47:43,0,[StatementsData_logId:0]
6427030,403,1:47:45,0,[StatementsData_logId:0,true]
6427030,405,1:47:46,0,[StatementsData_logId:0]
6427030,406,1:47:47,0,[StatementsData_logId:0,2]
6427030,407,1:47:47,0,[StatementsData_logId:0,FactCardData_id:7]
6427030,407,1:47:47,0,[StatementsData_logId:0,FactCardData_id:5]
6427030,407,1:47:47,0,[StatementsData_logId:0,FactCardData_id:3]
6427030,407,1:47:47,0,[StatementsData_logId:0,FactCardData_id:4]
6427030,407,1:47:47,0,[StatementsData_logId:0,FactCardData_id:0]
6427030,407,1:47:47,0,[StatementsData_logId:0,FactCardData_id:6]
6427030,407,1:47:49,0,[StatementsData_logId:0,FactCardData_id:7]
6427030,407,1:47:49,0,[StatementsData_logId:0,FactCardData_id:7]
6427030,408,1:47:53,0,[StatementsData_logId:0,FactCardData_id:7,false]
6427030,406,1:47:56,0,[StatementsData_logId:0,-2]
6427030,411,1:47:58,0,[StatementsData_logId:0]
6427030,401,1:48:1,0,[StatementsData_logId:1]
6427030,403,1:48:2,0,[StatementsData_logId:1,false]
6427030,405,1:48:2,0,[StatementsData_logId:1]
6427030,406,1:48:2,0,[StatementsData_logId:1,-2]
6427030,411,1:48:3,0,[StatementsData_logId:1]
6427030,401,1:48:3,0,[StatementsData_logId:2]
6427030,403,1:48:4,0,[StatementsData_logId:2,false]
6427030,405,1:48:4,0,[StatementsData_logId:2]
6427030,406,1:48:5,0,[StatementsData_logId:2,-2]
6427030,411,1:48:6,0,[StatementsData_logId:2]
6427030,401,1:48:6,0,[StatementsData_logId:3]
6427030,403,1:48:7,0,[StatementsData_logId:3,true]
6427030,405,1:48:7,0,[StatementsData_logId:3]
6427030,406,1:48:8,0,[StatementsData_logId:3,2]
6427030,407,1:48:8,0,[StatementsData_logId:3,FactCardData_id:6]
6427030,407,1:48:8,0,[StatementsData_logId:3,FactCardData_id:5]
6427030,407,1:48:8,0,[StatementsData_logId:3,FactCardData_id:4]
6427030,407,1:48:8,0,[StatementsData_logId:3,FactCardData_id:7]
6427030,407,1:48:8,0,[StatementsData_logId:3,FactCardData_id:0]
6427030,407,1:48:8,0,[StatementsData_logId:3,FactCardData_id:3]
6427030,407,1:48:10,0,[StatementsData_logId:3,FactCardData_id:3]
6427030,407,1:48:10,0,[StatementsData_logId:3,FactCardData_id:3]
6427030,408,1:48:11,0,[StatementsData_logId:3,FactCardData_id:3,false]
6427030,406,1:48:12,0,[StatementsData_logId:3,-2]
6427030,411,1:48:13,0,[StatementsData_logId:3]
6427030,401,1:48:13,0,[StatementsData_logId:4]
6427030,403,1:48:14,0,[StatementsData_logId:4,false]
6427030,405,1:48:14,0,[StatementsData_logId:4]
6427030,406,1:48:15,0,[StatementsData_logId:4,-2]
6427030,411,1:48:16,0,[StatementsData_logId:4]
6427030,401,1:48:16,0,[StatementsData_logId:5]
6427030,403,1:48:16,0,[StatementsData_logId:5,false]
6427030,405,1:48:17,0,[StatementsData_logId:5]
6427030,406,1:48:17,0,[StatementsData_logId:5,-2]
6427030,411,1:48:18,0,[StatementsData_logId:5]
6427030,420,1:48:18,0,[24]
6427030,1000,1:48:21,0,[]
6427030,400,1:48:22,0,[]
6427030,401,1:48:24,0,[StatementsData_logId:0]
6427030,403,1:48:24,0,[StatementsData_logId:0,true]
6427030,405,1:48:25,0,[StatementsData_logId:0]
6427030,406,1:48:27,0,[StatementsData_logId:0,2]
6427030,407,1:48:27,0,[StatementsData_logId:0,FactCardData_id:5]
6427030,407,1:48:27,0,[StatementsData_logId:0,FactCardData_id:0]
6427030,407,1:48:27,0,[StatementsData_logId:0,FactCardData_id:7]
6427030,407,1:48:27,0,[StatementsData_logId:0,FactCardData_id:3]
6427030,407,1:48:27,0,[StatementsData_logId:0,FactCardData_id:6]
6427030,407,1:48:27,0,[StatementsData_logId:0,FactCardData_id:4]
6427030,407,1:48:28,0,[StatementsData_logId:0,FactCardData_id:6]
6427030,407,1:48:28,0,[StatementsData_logId:0,FactCardData_id:6]
6427030,408,1:48:29,0,[StatementsData_logId:0,FactCardData_id:6,true]
6427030,409,1:48:29,0,[StatementsData_logId:0]
6427030,410,1:48:31,0,[StatementsData_logId:0,2]
6427030,412,1:48:35,0,[StatementsData_logId:0]
6427030,413,1:48:42,0,[StatementsData_logId:0,DuelResponsesData_logId:0]
6427030,414,1:48:49,0,[StatementsData_logId:0,DuelResponsesData_logId:0]
6427030,415,1:48:58,0,[StatementsData_logId:0,DuelResponsesData_logId:0,DuelResponsesData_ok_player_response]
6427030,416,1:48:59,0,[StatementsData_logId:0,DuelResponsesData_logId:0]
6427030,417,1:49:4,0,[StatementsData_logId:0,DuelResponsesData_logId:0]
6427030,413,1:49:14,0,[StatementsData_logId:0,DuelResponsesData_logId:1]
6427030,414,1:49:19,0,[StatementsData_logId:0,DuelResponsesData_logId:1]
6427030,415,1:49:27,0,[StatementsData_logId:0,DuelResponsesData_logId:1,DuelResponsesData_ok_player_response]
6427030,416,1:49:27,0,[StatementsData_logId:0,DuelResponsesData_logId:1]
6427030,417,1:49:31,0,[StatementsData_logId:0,DuelResponsesData_logId:1]
6427030,413,1:49:45,0,[StatementsData_logId:0,DuelResponsesData_logId:2]
6427030,414,1:49:49,0,[StatementsData_logId:0,DuelResponsesData_logId:2]
6427030,415,1:49:59,0,[StatementsData_logId:0,DuelResponsesData_logId:2,DuelResponsesData_witty_player_response]
6427030,416,1:50:0,0,[StatementsData_logId:0,DuelResponsesData_logId:2]
6427030,417,1:50:3,0,[StatementsData_logId:0,DuelResponsesData_logId:2]
6427030,418,1:50:3,0,[StatementsData_logId:0,true]
6427030,419,1:50:8,0,[StatementsData_logId:0,4]
6427030,411,1:50:10,0,[StatementsData_logId:0]
6427030,401,1:50:18,0,[StatementsData_logId:1]
6427030,402,1:50:20,0,[StatementsData_logId:1,true]
6427030,405,1:50:21,0,[StatementsData_logId:1]
6427030,406,1:50:25,0,[StatementsData_logId:1,2]
6427030,411,1:50:27,0,[StatementsData_logId:1]
6427030,401,1:50:30,0,[StatementsData_logId:2]
6427030,404,1:50:30,0,[StatementsData_logId:2,true]
6427030,406,1:50:31,0,[StatementsData_logId:2,2]
6427030,412,1:50:35,0,[StatementsData_logId:2]
6427030,413,1:50:37,0,[StatementsData_logId:2,DuelResponsesData_logId:3]
6427030,414,1:50:43,0,[StatementsData_logId:2,DuelResponsesData_logId:3]
6427030,415,1:50:57,0,[StatementsData_logId:2,DuelResponsesData_logId:3,DuelResponsesData_ok_player_response]
6427030,416,1:50:58,0,[StatementsData_logId:2,DuelResponsesData_logId:3]
6427030,417,1:51:3,0,[StatementsData_logId:2,DuelResponsesData_logId:3]
6427030,413,1:51:4,0,[StatementsData_logId:2,DuelResponsesData_logId:4]
6427030,414,1:51:7,0,[StatementsData_logId:2,DuelResponsesData_logId:4]
6427030,415,1:51:19,0,[StatementsData_logId:2,DuelResponsesData_logId:4,DuelResponsesData_ok_player_response]
6427030,416,1:51:21,0,[StatementsData_logId:2,DuelResponsesData_logId:4]
6427030,417,1:51:21,0,[StatementsData_logId:2,DuelResponsesData_logId:4]
6427030,413,1:51:32,0,[StatementsData_logId:2,DuelResponsesData_logId:5]
6427030,414,1:51:34,0,[StatementsData_logId:2,DuelResponsesData_logId:5]
6427030,415,1:51:45,0,[StatementsData_logId:2,DuelResponsesData_logId:5,DuelResponsesData_witty_player_response]
6427030,416,1:51:47,0,[StatementsData_logId:2,DuelResponsesData_logId:5]
6427030,417,1:51:52,0,[StatementsData_logId:2,DuelResponsesData_logId:5]
6427030,418,1:51:52,0,[StatementsData_logId:2,true]
6427030,419,1:51:56,0,[StatementsData_logId:2,4]
6427030,411,1:51:59,0,[StatementsData_logId:2]
6427030,401,1:52:4,0,[StatementsData_logId:3]
6427030,403,1:52:4,0,[StatementsData_logId:3,true]
6427030,405,1:52:5,0,[StatementsData_logId:3]
6427030,406,1:52:6,0,[StatementsData_logId:3,2]
6427030,407,1:52:6,0,[StatementsData_logId:3,FactCardData_id:5]
6427030,407,1:52:6,0,[StatementsData_logId:3,FactCardData_id:4]
6427030,407,1:52:6,0,[StatementsData_logId:3,FactCardData_id:0]
6427030,407,1:52:6,0,[StatementsData_logId:3,FactCardData_id:7]
6427030,407,1:52:6,0,[StatementsData_logId:3,FactCardData_id:3]
6427030,407,1:52:6,0,[StatementsData_logId:3,FactCardData_id:6]
6427030,407,1:52:13,0,[StatementsData_logId:3,FactCardData_id:5]
6427030,407,1:52:13,0,[StatementsData_logId:3,FactCardData_id:5]
6427030,408,1:52:16,0,[StatementsData_logId:3,FactCardData_id:5,false]
6427030,406,1:52:20,0,[StatementsData_logId:3,-2]
6427030,411,1:52:22,0,[StatementsData_logId:3]
6427030,401,1:52:28,0,[StatementsData_logId:4]
6427030,402,1:52:29,0,[StatementsData_logId:4,true]
6427030,405,1:52:29,0,[StatementsData_logId:4]
6427030,406,1:52:31,0,[StatementsData_logId:4,2]
6427030,411,1:52:34,0,[StatementsData_logId:4]
6427030,401,1:52:37,0,[StatementsData_logId:5]
6427030,404,1:52:37,0,[StatementsData_logId:5,true]
6427030,406,1:52:38,0,[StatementsData_logId:5,2]
6427030,412,1:52:43,0,[StatementsData_logId:5]
6427030,413,1:52:44,0,[StatementsData_logId:5,DuelResponsesData_logId:9]
6427030,414,1:52:50,0,[StatementsData_logId:5,DuelResponsesData_logId:9]
6427030,415,1:53:8,0,[StatementsData_logId:5,DuelResponsesData_logId:9,DuelResponsesData_lame_player_response]
6427030,416,1:53:9,0,[StatementsData_logId:5,DuelResponsesData_logId:9]
6427030,417,1:53:13,0,[StatementsData_logId:5,DuelResponsesData_logId:9]
6427030,413,1:53:16,0,[StatementsData_logId:5,DuelResponsesData_logId:10]
6427030,414,1:53:20,0,[StatementsData_logId:5,DuelResponsesData_logId:10]
6427030,415,1:53:25,0,[StatementsData_logId:5,DuelResponsesData_logId:10,DuelResponsesData_lame_player_response]
6427030,416,1:53:26,0,[StatementsData_logId:5,DuelResponsesData_logId:10]
6427030,417,1:53:29,0,[StatementsData_logId:5,DuelResponsesData_logId:10]
6427030,413,1:53:44,0,[StatementsData_logId:5,DuelResponsesData_logId:11]
6427030,414,1:53:47,0,[StatementsData_logId:5,DuelResponsesData_logId:11]
6427030,415,1:53:52,0,[StatementsData_logId:5,DuelResponsesData_logId:11,DuelResponsesData_ok_player_response]
6427030,416,1:53:53,0,[StatementsData_logId:5,DuelResponsesData_logId:11]
6427030,417,1:53:55,0,[StatementsData_logId:5,DuelResponsesData_logId:11]
6427030,418,1:53:55,0,[StatementsData_logId:5,false]
6427030,419,1:53:58,0,[StatementsData_logId:5,-4]
6427030,411,1:54:0,0,[StatementsData_logId:5]
6427030,420,1:54:0,0,[48]
6427030,1005,1:54:0,0,[0,1,2]
6427030,1001,1:54:3,0,[]
6427030,1003,1:54:3,0
6427030,210,1:54:7,959,423
6427030,211,1:54:9,1242,372
6427030,212,1:54:10,1
6427030,210,1:54:11,924,423
6427030,211,1:54:13,1197,290
6427030,210,1:54:14,1449,213
6427030,207,1:54:14,0,-400,-490
6427030,207,1:54:15,0,-490,-518
6427030,211,1:54:20,1270,202
6427030,210,1:54:20,1225,197
6427030,211,1:54:21,1527,136
6427030,210,1:54:23,1198,461
6427030,211,1:54:29,1185,666
6427030,210,1:54:30,1345,583
6427030,211,1:54:38,645,671
6427030,210,1:54:47,985,464
6427030,211,1:54:48,1202,518
6427030,210,1:54:49,1162,551
6427030,211,1:54:50,1041,347
6427030,210,1:54:51,649,299
6427030,207,1:54:52,0,-518,-263
6427030,207,1:54:54,0,-263,0
6427030,211,1:54:56,231,413
6427030,213,1:54:56,0,s_papersDetention_gen,true
6427030,210,1:55:2,260,380
6427030,211,1:55:15,503,287
6427030,210,1:55:18,501,291
6427030,211,1:55:22,561,214
6427030,210,1:55:34,805,500
6427030,207,1:55:34,0,0,-120
6427030,211,1:55:35,1195,416
6427030,207,1:55:35,0,-120,-240
6427030,212,1:55:36,2
6427030,210,1:55:36,1141,478
6427030,207,1:55:37,0,-240,-360
6427030,207,1:55:39,0,-360,-225
6427030,207,1:55:40,0,-225,-45
6427030,211,1:55:42,499,287
6427030,210,1:55:42,502,320
6427030,211,1:55:42,884,262
6427030,210,1:55:43,890,283
6427030,207,1:55:50,0,-45,0
6427030,211,1:55:51,267,147
6427030,213,1:55:51,0,s_flag_gen,true
6427030,205,1:55:51,0,s_flag_gen,false,true
6427030,221,1:55:56,0
6427030,220,1:56:4,0
6427030,210,1:56:5,785,485
6427030,211,1:56:5,763,498
6427030,212,1:56:6,1
6427030,221,1:56:8,0
6427030,220,1:56:10,0
6427030,212,1:56:11,0
6427030,221,1:56:12,0
6427030,220,1:56:14,0
6427030,221,1:56:15,0
6427030,220,1:56:20,0
6427030,210,1:56:21,299,586
6427030,211,1:56:21,302,589
6427030,210,1:56:22,295,615
6427030,211,1:56:22,295,615
6427030,207,1:56:23,0,0,-15
6427030,210,1:56:55,952,372
6427030,211,1:56:56,965,421
6427030,213,1:56:56,0,c_bestFriend_M_a_G7a1P,true
6427030,1003,1:56:59,0
6427030,1004,1:57:7,0
6427030,400,1:57:10,0,[]
6427030,401,1:57:12,0,[StatementsData_logId:0]
6427030,403,1:57:14,0,[StatementsData_logId:0,true]
6427030,405,1:57:14,0,[StatementsData_logId:0]
6427030,406,1:57:17,0,[StatementsData_logId:0,2]
6427030,407,1:57:17,0,[StatementsData_logId:0,FactCardData_id:7]
6427030,407,1:57:17,0,[StatementsData_logId:0,FactCardData_id:3]
6427030,407,1:57:17,0,[StatementsData_logId:0,FactCardData_id:0]
6427030,407,1:57:17,0,[StatementsData_logId:0,FactCardData_id:5]
6427030,407,1:57:17,0,[StatementsData_logId:0,FactCardData_id:6]
6427030,407,1:57:17,0,[StatementsData_logId:0,FactCardData_id:4]
6427030,407,1:57:21,0,[StatementsData_logId:0,FactCardData_id:7]
6427030,407,1:57:21,0,[StatementsData_logId:0,FactCardData_id:7]
6427030,408,1:57:22,0,[StatementsData_logId:0,FactCardData_id:7,false]
6427030,406,1:57:25,0,[StatementsData_logId:0,-2]
6427030,411,1:57:26,0,[StatementsData_logId:0]
6427030,401,1:57:27,0,[StatementsData_logId:1]
6427030,402,1:57:27,0,[StatementsData_logId:1,true]
6427030,405,1:57:28,0,[StatementsData_logId:1]
6427030,406,1:57:29,0,[StatementsData_logId:1,2]
6427030,411,1:57:30,0,[StatementsData_logId:1]
6427030,401,1:57:31,0,[StatementsData_logId:2]
6427030,402,1:57:31,0,[StatementsData_logId:2,false]
6427030,405,1:57:32,0,[StatementsData_logId:2]
6427030,406,1:57:32,0,[StatementsData_logId:2,-2]
6427030,411,1:57:33,0,[StatementsData_logId:2]
6427030,401,1:57:34,0,[StatementsData_logId:3]
6427030,403,1:57:34,0,[StatementsData_logId:3,true]
6427030,405,1:57:35,0,[StatementsData_logId:3]
6427030,406,1:57:36,0,[StatementsData_logId:3,2]
6427030,407,1:57:36,0,[StatementsData_logId:3,FactCardData_id:6]
6427030,407,1:57:36,0,[StatementsData_logId:3,FactCardData_id:0]
6427030,407,1:57:36,0,[StatementsData_logId:3,FactCardData_id:5]
6427030,407,1:57:36,0,[StatementsData_logId:3,FactCardData_id:7]
6427030,407,1:57:36,0,[StatementsData_logId:3,FactCardData_id:3]
6427030,407,1:57:36,0,[StatementsData_logId:3,FactCardData_id:4]
6427030,407,1:57:37,0,[StatementsData_logId:3,FactCardData_id:5]
6427030,407,1:57:37,0,[StatementsData_logId:3,FactCardData_id:5]
6427030,407,1:57:38,0,[StatementsData_logId:3,FactCardData_id:6]
6427030,407,1:57:38,0,[StatementsData_logId:3,FactCardData_id:5]
6427030,407,1:57:38,0,[StatementsData_logId:3,FactCardData_id:6]
6427030,407,1:57:40,0,[StatementsData_logId:3,FactCardData_id:3]
6427030,407,1:57:40,0,[StatementsData_logId:3,FactCardData_id:6]
6427030,407,1:57:40,0,[StatementsData_logId:3,FactCardData_id:3]
6427030,408,1:57:41,0,[StatementsData_logId:3,FactCardData_id:3,false]
6427030,406,1:57:42,0,[StatementsData_logId:3,-2]
6427030,411,1:57:44,0,[StatementsData_logId:3]
6427030,401,1:57:44,0,[StatementsData_logId:4]
6427030,404,1:57:45,0,[StatementsData_logId:4,false]
6427030,405,1:57:46,0,[StatementsData_logId:4]
6427030,406,1:57:46,0,[StatementsData_logId:4,-2]
6427030,411,1:57:47,0,[StatementsData_logId:4]
6427030,401,1:57:47,0,[StatementsData_logId:5]
6427030,402,1:57:48,0,[StatementsData_logId:5,false]
6427030,405,1:57:48,0,[StatementsData_logId:5]
6427030,406,1:57:49,0,[StatementsData_logId:5,-2]
6427030,411,1:57:50,0,[StatementsData_logId:5]
6427030,420,1:57:50,0,[28]
6427030,1001,1:57:51,0,[]
6427030,1003,1:57:51,0
6427030,210,1:58:21,663,457
6427030,211,1:58:23,768,415
6427030,207,1:58:45,0,-400,-415
6427030,210,1:58:45,1367,265
6427030,211,1:58:45,1342,272
6427030,210,1:58:46,1122,249
6427030,211,1:58:49,1232,155
6427030,213,1:58:49,0,s_clock_G7a1P,true
6427030,213,1:59:23,0,c_bestFriend_M_a_G7a1P,true
6427030,1003,2:2:17,0
6427030,1004,2:2:18,0
6427030,400,2:2:20,0,[]
6427030,401,2:2:22,0,[StatementsData_logId:0]
6427030,402,2:2:23,0,[StatementsData_logId:0,false]
6427030,405,2:2:34,0,[StatementsData_logId:0]
6427030,406,2:2:42,0,[StatementsData_logId:0,-2]
6427030,411,2:2:44,0,[StatementsData_logId:0]
6427030,401,2:2:45,0,[StatementsData_logId:1]
6427030,402,2:2:47,0,[StatementsData_logId:1,true]
6427030,405,2:2:47,0,[StatementsData_logId:1]
6427030,406,2:2:48,0,[StatementsData_logId:1,2]
6427030,411,2:2:56,0,[StatementsData_logId:1]
6427030,401,2:2:57,0,[StatementsData_logId:2]
6427030,403,2:2:58,0,[StatementsData_logId:2,false]
6427030,405,2:2:59,0,[StatementsData_logId:2]
6427030,406,2:3:2,0,[StatementsData_logId:2,-2]
6427030,411,2:3:3,0,[StatementsData_logId:2]
6427030,401,2:3:7,0,[StatementsData_logId:3]
6427030,404,2:3:7,0,[StatementsData_logId:3,false]
6427030,405,2:3:8,0,[StatementsData_logId:3]
6427030,406,2:3:9,0,[StatementsData_logId:3,-2]
6427030,411,2:3:10,0,[StatementsData_logId:3]
6427030,401,2:3:14,0,[StatementsData_logId:4]
6427030,404,2:3:14,0,[StatementsData_logId:4,false]
6427030,405,2:3:15,0,[StatementsData_logId:4]
6427030,406,2:3:17,0,[StatementsData_logId:4,-2]
6427030,411,2:3:18,0,[StatementsData_logId:4]
6427030,401,2:3:20,0,[StatementsData_logId:5]
6427030,403,2:3:21,0,[StatementsData_logId:5,false]
6427030,405,2:3:21,0,[StatementsData_logId:5]
6427030,406,2:3:22,0,[StatementsData_logId:5,-2]
6427030,411,2:3:23,0,[StatementsData_logId:5]
6427030,420,2:3:23,0,[24]
6427030,1001,2:3:35,0,[]
6427030,1003,2:3:35,0
6427030,210,2:4:10,1060,567
6427030,211,2:4:10,1078,568
6427030,213,2:4:10,0,s_vocabAssignment_G7a0,true
6427030,210,2:4:56,1046,582
6427030,211,2:4:56,1049,656
6427030,221,2:4:57,0
6427030,300,2:4:59
6427030,220,2:4:59,0
6427030,302,2:5:10,0,2,1,2
6427030,302,2:5:11,0,2,1,14
6427030,302,2:5:16,0,2,1,13
6427030,304,2:5:18,0,2,1,13,school,13,school
6427030,304,2:5:29,0,2,0,10,tecnalge,10,tecnalge
6427030,302,2:5:33,0,2,2,5
6427030,302,2:5:34,0,2,2,8
6427030,302,2:5:35,0,2,2,11
6427030,302,2:5:35,0,2,2,14
6427030,302,2:5:36,0,2,2,17
6427030,302,2:5:37,0,2,2,15
6427030,304,2:5:38,0,2,2,15,games,15,games
6427030,302,2:5:46,0,1,1,13
6427030,302,2:5:47,0,1,1,22
6427030,302,2:5:48,0,1,1,10
6427030,302,2:5:52,0,1,1,16
6427030,302,2:5:54,0,1,1,14
6427030,304,2:5:56,0,1,1,16,ungly,14,ungly
6427030,302,2:6:2,0,1,0,5
6427030,302,2:6:11,0,1,0,8
6427030,302,2:6:14,0,1,0,11
6427030,302,2:6:15,0,1,0,14
6427030,302,2:6:17,0,1,0,17
6427030,302,2:6:22,0,1,0,20
6427030,302,2:6:24,0,1,0,8
6427030,302,2:6:29,0,1,0,21
6427030,304,2:6:30,0,1,0,8,cry baby,21,cry baby
6427030,305,2:6:36,0,3,0,4,
6427030,304,2:6:41,0,2,1,13,school,13,school
6427030,303,2:6:46,0,2,2,15
6427030,304,2:8:18,0,2,2,15,games,15,s
6427030,303,2:8:22,0,2,2,15
6427030,304,2:8:25,0,2,2,15,s,15,s.cvml.dbr
6427030,305,2:8:29,0,2,2,15,s.cvml.dbr
6427030,305,2:8:31,0,2,2,15,s.cvml.dbr
6427030,305,2:8:36,0,2,2,15,s.cvml.dbr
6427030,303,2:8:40,0,2,2,15
6427030,305,2:9:2,0,2,2,15,s.cvml.dbr
6427030,305,2:9:9,0,2,2,15,s.cvml.dbr
6427030,305,2:9:13,0,2,1,13,school
6427030,210,2:10:53,983,504
6427030,211,2:10:53,1329,526
6427030,207,2:10:53,0,-400,-400
6427030,212,2:10:54,1
6427030,210,2:12:28,988,481
6427030,211,2:12:34,831,596
6427030,212,2:12:36,0
6427030,210,2:12:37,1000,395
6427030,211,2:12:39,984,471
6427030,213,2:12:39,0,c_bestFriend_M_a_G7a1P,true
6427030,1003,2:12:44,0
6427030,1004,2:12:46,0
6427030,400,2:12:49,0,[]
6427030,401,2:13:5,0,[StatementsData_logId:0]
6427030,403,2:13:7,0,[StatementsData_logId:0,true]
6427030,405,2:13:8,0,[StatementsData_logId:0]
6427030,406,2:13:12,0,[StatementsData_logId:0,2]
6427030,407,2:13:12,0,[StatementsData_logId:0,FactCardData_id:6]
6427030,407,2:13:12,0,[StatementsData_logId:0,FactCardData_id:3]
6427030,407,2:13:12,0,[StatementsData_logId:0,FactCardData_id:4]
6427030,407,2:13:12,0,[StatementsData_logId:0,FactCardData_id:7]
6427030,407,2:13:12,0,[StatementsData_logId:0,FactCardData_id:5]
6427030,407,2:13:12,0,[StatementsData_logId:0,FactCardData_id:0]
6427030,407,2:13:14,0,[StatementsData_logId:0,FactCardData_id:5]
6427030,407,2:13:14,0,[StatementsData_logId:0,FactCardData_id:5]
6427030,408,2:13:15,0,[StatementsData_logId:0,FactCardData_id:5,false]
6427030,406,2:13:20,0,[StatementsData_logId:0,-2]
6427030,411,2:13:21,0,[StatementsData_logId:0]
6427030,401,2:13:24,0,[StatementsData_logId:1]
6427030,402,2:13:25,0,[StatementsData_logId:1,true]
6427030,405,2:13:26,0,[StatementsData_logId:1]
6427030,406,2:13:28,0,[StatementsData_logId:1,2]
6427030,411,2:13:31,0,[StatementsData_logId:1]
6427030,401,2:13:33,0,[StatementsData_logId:2]
6427030,404,2:13:36,0,[StatementsData_logId:2,true]
6427030,406,2:13:39,0,[StatementsData_logId:2,2]
6427030,412,2:13:41,0,[StatementsData_logId:2]
6427030,413,2:13:42,0,[StatementsData_logId:2,DuelResponsesData_logId:3]
6427030,414,2:13:42,0,[StatementsData_logId:2,DuelResponsesData_logId:3]
6427030,415,2:13:42,0,[StatementsData_logId:2,DuelResponsesData_logId:3,DuelResponsesData_ok_player_response]
6427030,416,2:13:43,0,[StatementsData_logId:2,DuelResponsesData_logId:3]
6427030,417,2:13:48,0,[StatementsData_logId:2,DuelResponsesData_logId:3]
6427030,413,2:13:49,0,[StatementsData_logId:2,DuelResponsesData_logId:4]
6427030,414,2:13:50,0,[StatementsData_logId:2,DuelResponsesData_logId:4]
6427030,415,2:13:51,0,[StatementsData_logId:2,DuelResponsesData_logId:4,DuelResponsesData_lame_player_response]
6427030,416,2:13:52,0,[StatementsData_logId:2,DuelResponsesData_logId:4]
6427030,417,2:13:52,0,[StatementsData_logId:2,DuelResponsesData_logId:4]
6427030,413,2:13:52,0,[StatementsData_logId:2,DuelResponsesData_logId:5]
6427030,414,2:13:52,0,[StatementsData_logId:2,DuelResponsesData_logId:5]
6427030,415,2:13:53,0,[StatementsData_logId:2,DuelResponsesData_logId:5,DuelResponsesData_witty_player_response]
6427030,416,2:13:53,0,[StatementsData_logId:2,DuelResponsesData_logId:5]
6427030,417,2:13:53,0,[StatementsData_logId:2,DuelResponsesData_logId:5]
6427030,418,2:13:53,0,[StatementsData_logId:2,false]
6427030,419,2:13:54,0,[StatementsData_logId:2,-4]
6427030,411,2:13:56,0,[StatementsData_logId:2]
6427030,401,2:13:57,0,[StatementsData_logId:3]
6427030,403,2:14:6,0,[StatementsData_logId:3,true]
6427030,405,2:14:7,0,[StatementsData_logId:3]
6427030,406,2:14:8,0,[StatementsData_logId:3,2]
6427030,407,2:14:8,0,[StatementsData_logId:3,FactCardData_id:6]
6427030,407,2:14:8,0,[StatementsData_logId:3,FactCardData_id:7]
6427030,407,2:14:8,0,[StatementsData_logId:3,FactCardData_id:0]
6427030,407,2:14:8,0,[StatementsData_logId:3,FactCardData_id:3]
6427030,407,2:14:8,0,[StatementsData_logId:3,FactCardData_id:4]
6427030,407,2:14:8,0,[StatementsData_logId:3,FactCardData_id:5]
6427030,407,2:14:58,0,[StatementsData_logId:3,FactCardData_id:3]
6427030,407,2:14:58,0,[StatementsData_logId:3,FactCardData_id:3]
6427030,408,2:14:59,0,[StatementsData_logId:3,FactCardData_id:3,false]
6427030,406,2:15:20,0,[StatementsData_logId:3,-2]
6427030,411,2:15:21,0,[StatementsData_logId:3]
6427030,401,2:15:23,0,[StatementsData_logId:4]
6427030,402,2:15:39,0,[StatementsData_logId:4,true]
6427030,405,2:15:40,0,[StatementsData_logId:4]
6427030,406,2:15:44,0,[StatementsData_logId:4,2]
6427030,411,2:15:46,0,[StatementsData_logId:4]
6427030,401,2:15:48,0,[StatementsData_logId:5]
6427030,404,2:15:50,0,[StatementsData_logId:5,true]
6427030,406,2:15:53,0,[StatementsData_logId:5,2]
6427030,412,2:15:54,0,[StatementsData_logId:5]
6427030,413,2:15:54,0,[StatementsData_logId:5,DuelResponsesData_logId:9]
6427030,414,2:15:55,0,[StatementsData_logId:5,DuelResponsesData_logId:9]
6427030,415,2:15:55,0,[StatementsData_logId:5,DuelResponsesData_logId:9,DuelResponsesData_witty_player_response]
6427030,416,2:15:56,0,[StatementsData_logId:5,DuelResponsesData_logId:9]
6427030,417,2:15:58,0,[StatementsData_logId:5,DuelResponsesData_logId:9]
6427030,413,2:15:58,0,[StatementsData_logId:5,DuelResponsesData_logId:10]
6427030,414,2:15:59,0,[StatementsData_logId:5,DuelResponsesData_logId:10]
6427030,415,2:16:0,0,[StatementsData_logId:5,DuelResponsesData_logId:10,DuelResponsesData_lame_player_response]
6427030,416,2:16:1,0,[StatementsData_logId:5,DuelResponsesData_logId:10]
6427030,417,2:16:2,0,[StatementsData_logId:5,DuelResponsesData_logId:10]
6427030,413,2:16:3,0,[StatementsData_logId:5,DuelResponsesData_logId:11]
6427030,414,2:16:4,0,[StatementsData_logId:5,DuelResponsesData_logId:11]
6427030,415,2:16:5,0,[StatementsData_logId:5,DuelResponsesData_logId:11,DuelResponsesData_lame_player_response]
6427030,416,2:16:5,0,[StatementsData_logId:5,DuelResponsesData_logId:11]
6427030,417,2:16:6,0,[StatementsData_logId:5,DuelResponsesData_logId:11]
6427030,418,2:16:6,0,[StatementsData_logId:5,false]
6427030,419,2:16:7,0,[StatementsData_logId:5,-4]
6427030,411,2:16:9,0,[StatementsData_logId:5]
6427030,420,2:16:9,0,[32]
6427030,1000,2:16:13,0,[]
6427030,400,2:16:15,0,[]
6427030,401,2:16:16,0,[StatementsData_logId:0]
6427030,403,2:16:19,0,[StatementsData_logId:0,true]
6427030,405,2:16:21,0,[StatementsData_logId:0]
6427030,406,2:16:22,0,[StatementsData_logId:0,2]
6427030,407,2:16:22,0,[StatementsData_logId:0,FactCardData_id:7]
6427030,407,2:16:22,0,[StatementsData_logId:0,FactCardData_id:0]
6427030,407,2:16:22,0,[StatementsData_logId:0,FactCardData_id:6]
6427030,407,2:16:22,0,[StatementsData_logId:0,FactCardData_id:4]
6427030,407,2:16:22,0,[StatementsData_logId:0,FactCardData_id:5]
6427030,407,2:16:22,0,[StatementsData_logId:0,FactCardData_id:3]
6427030,407,2:16:24,0,[StatementsData_logId:0,FactCardData_id:0]
6427030,407,2:16:24,0,[StatementsData_logId:0,FactCardData_id:0]
6427030,408,2:16:26,0,[StatementsData_logId:0,FactCardData_id:0,false]
6427030,406,2:16:29,0,[StatementsData_logId:0,-2]
6427030,411,2:16:31,0,[StatementsData_logId:0]
6427030,401,2:16:34,0,[StatementsData_logId:1]
6427030,402,2:16:35,0,[StatementsData_logId:1,true]
6427030,405,2:16:36,0,[StatementsData_logId:1]
6427030,406,2:16:39,0,[StatementsData_logId:1,2]
6427030,411,2:16:43,0,[StatementsData_logId:1]
6427030,401,2:16:45,0,[StatementsData_logId:2]
6427030,404,2:16:46,0,[StatementsData_logId:2,true]
6427030,406,2:16:47,0,[StatementsData_logId:2,2]
6427030,412,2:16:49,0,[StatementsData_logId:2]
6427030,413,2:16:51,0,[StatementsData_logId:2,DuelResponsesData_logId:3]
6427030,414,2:16:52,0,[StatementsData_logId:2,DuelResponsesData_logId:3]
6427030,415,2:16:52,0,[StatementsData_logId:2,DuelResponsesData_logId:3,DuelResponsesData_ok_player_response]
6427030,416,2:16:55,0,[StatementsData_logId:2,DuelResponsesData_logId:3]
6427030,417,2:17:0,0,[StatementsData_logId:2,DuelResponsesData_logId:3]
6427030,413,2:17:1,0,[StatementsData_logId:2,DuelResponsesData_logId:4]
6427030,414,2:17:1,0,[StatementsData_logId:2,DuelResponsesData_logId:4]
6427030,415,2:17:2,0,[StatementsData_logId:2,DuelResponsesData_logId:4,DuelResponsesData_ok_player_response]
6427030,416,2:17:2,0,[StatementsData_logId:2,DuelResponsesData_logId:4]
6427030,417,2:17:2,0,[StatementsData_logId:2,DuelResponsesData_logId:4]
6427030,413,2:17:2,0,[StatementsData_logId:2,DuelResponsesData_logId:5]
6427030,414,2:17:3,0,[StatementsData_logId:2,DuelResponsesData_logId:5]
6427030,415,2:17:3,0,[StatementsData_logId:2,DuelResponsesData_logId:5,DuelResponsesData_lame_player_response]
6427030,416,2:17:3,0,[StatementsData_logId:2,DuelResponsesData_logId:5]
6427030,417,2:17:3,0,[StatementsData_logId:2,DuelResponsesData_logId:5]
6427030,418,2:17:3,0,[StatementsData_logId:2,false]
6427030,419,2:17:4,0,[StatementsData_logId:2,-4]
6427030,411,2:17:5,0,[StatementsData_logId:2]
6427030,401,2:17:9,0,[StatementsData_logId:3]
6427030,403,2:17:10,0,[StatementsData_logId:3,true]
6427030,405,2:17:12,0,[StatementsData_logId:3]
6427030,406,2:17:12,0,[StatementsData_logId:3,2]
6427030,407,2:17:12,0,[StatementsData_logId:3,FactCardData_id:4]
6427030,407,2:17:12,0,[StatementsData_logId:3,FactCardData_id:7]
6427030,407,2:17:12,0,[StatementsData_logId:3,FactCardData_id:6]
6427030,407,2:17:12,0,[StatementsData_logId:3,FactCardData_id:5]
6427030,407,2:17:12,0,[StatementsData_logId:3,FactCardData_id:0]
6427030,407,2:17:12,0,[StatementsData_logId:3,FactCardData_id:3]
6427030,407,2:17:14,0,[StatementsData_logId:3,FactCardData_id:6]
6427030,407,2:17:14,0,[StatementsData_logId:3,FactCardData_id:6]
6427030,408,2:17:15,0,[StatementsData_logId:3,FactCardData_id:6,false]
6427030,406,2:17:19,0,[StatementsData_logId:3,-2]
6427030,411,2:17:20,0,[StatementsData_logId:3]
6427030,401,2:17:21,0,[StatementsData_logId:4]
6427030,404,2:17:21,0,[StatementsData_logId:4,false]
6427030,405,2:17:22,0,[StatementsData_logId:4]
6427030,406,2:17:23,0,[StatementsData_logId:4,-2]
6427030,411,2:17:24,0,[StatementsData_logId:4]
6427030,401,2:17:25,0,[StatementsData_logId:5]
6427030,404,2:17:25,0,[StatementsData_logId:5,true]
6427030,406,2:17:26,0,[StatementsData_logId:5,2]
6427030,412,2:17:27,0,[StatementsData_logId:5]
6427030,413,2:17:29,0,[StatementsData_logId:5,DuelResponsesData_logId:9]
6427030,414,2:17:30,0,[StatementsData_logId:5,DuelResponsesData_logId:9]
6427030,415,2:17:31,0,[StatementsData_logId:5,DuelResponsesData_logId:9,DuelResponsesData_witty_player_response]
6427030,416,2:17:31,0,[StatementsData_logId:5,DuelResponsesData_logId:9]
6427030,417,2:17:31,0,[StatementsData_logId:5,DuelResponsesData_logId:9]
6427030,413,2:17:31,0,[StatementsData_logId:5,DuelResponsesData_logId:10]
6427030,414,2:17:32,0,[StatementsData_logId:5,DuelResponsesData_logId:10]
6427030,415,2:17:34,0,[StatementsData_logId:5,DuelResponsesData_logId:10,DuelResponsesData_ok_player_response]
6427030,416,2:17:34,0,[StatementsData_logId:5,DuelResponsesData_logId:10]
6427030,417,2:17:36,0,[StatementsData_logId:5,DuelResponsesData_logId:10]
6427030,413,2:17:37,0,[StatementsData_logId:5,DuelResponsesData_logId:11]
6427030,414,2:17:38,0,[StatementsData_logId:5,DuelResponsesData_logId:11]
6427030,415,2:17:38,0,[StatementsData_logId:5,DuelResponsesData_logId:11,DuelResponsesData_lame_player_response]
6427030,416,2:17:38,0,[StatementsData_logId:5,DuelResponsesData_logId:11]
6427030,417,2:17:39,0,[StatementsData_logId:5,DuelResponsesData_logId:11]
6427030,418,2:17:39,0,[StatementsData_logId:5,false]
6427030,419,2:17:39,0,[StatementsData_logId:5,-4]
6427030,411,2:17:40,0,[StatementsData_logId:5]
6427030,420,2:17:40,0,[28]
6427030,1001,2:17:42,0,[]
6427030,1003,2:17:42,0
6427030,210,2:17:57,1148,379
6427030,211,2:17:58,1215,278
6427030,210,2:17:58,1323,174
6427030,211,2:18:4,207,233
6427030,207,2:18:4,0,-400,-190
6427030,210,2:18:5,124,408
6427030,207,2:18:5,0,-190,0
6427030,211,2:18:6,398,532
6427030,210,2:18:53,602,422
6427030,211,2:18:53,602,422
6427030,210,2:18:53,628,367
6427030,207,2:19:8,0,0,-345
6427030,211,2:19:8,1262,693
6427030,212,2:19:9,1
6427030,210,2:19:10,959,325
6427030,211,2:19:16,1422,365
6427030,207,2:19:16,0,-345,-420
6427030,212,2:19:17,2
6427030,210,2:19:18,771,267
6427030,211,2:19:41,1288,457
6427030,210,2:19:41,1292,311
6427030,211,2:19:41,1317,271
6427030,210,2:19:41,1481,256
6427030,207,2:19:42,0,-420,-518
6427030,211,2:19:51,1152,394
6427030,210,2:19:52,1041,378
6427030,211,2:19:52,1041,378
6427030,210,2:19:52,1085,366
6427030,211,2:19:53,1277,472
6427030,210,2:19:53,1473,390
6427030,211,2:19:53,1480,380
6427030,210,2:19:54,1144,520
6427030,211,2:19:54,1138,506
6427030,210,2:19:55,1403,335
6427030,211,2:19:57,1016,384
6427030,210,2:19:58,1187,510
6427030,211,2:19:58,1489,433
6427030,210,2:19:58,1403,306
6427030,211,2:20:3,1103,239
6427030,210,2:20:10,1211,385
6427030,211,2:20:11,1203,424
6427030,210,2:20:24,1182,340
6427030,211,2:20:32,977,496
6427030,210,2:20:33,1099,385
6427030,207,2:20:34,0,-518,-518
6427030,211,2:20:34,1092,402
6427030,207,2:20:34,0,-518,-518
6427030,210,2:20:36,919,428
6427030,211,2:20:37,917,426
6427030,212,2:20:42,0
6427030,210,2:20:44,1111,324
6427030,211,2:20:46,1099,438
6427030,210,2:20:48,954,425
6427030,211,2:20:49,957,452
6427030,213,2:20:49,0,c_bestFriend_M_a_G7a1P,true
6427030,210,2:20:57,977,407
6427030,207,2:20:58,0,-518,-518
6427030,211,2:20:58,952,549
6427030,213,2:20:58,0,c_bestFriend_M_a_G7a1P,true
6427030,207,2:20:58,0,-518,-518
6427030,210,2:21:15,1279,260
6427030,211,2:21:15,1331,271
6427030,210,2:21:17,1434,441
6427030,211,2:21:21,1014,544
6427030,210,2:21:23,1458,400
6427030,207,2:21:24,0,-518,-518
6427030,211,2:21:24,1258,477
6427030,207,2:21:24,0,-518,-518
6427030,210,2:21:27,1329,434
6427030,211,2:21:27,1317,452
6427030,210,2:21:28,1375,403
6427030,211,2:21:28,1300,478
6427030,210,2:21:30,1240,364
6427030,211,2:21:30,1229,384
6427030,210,2:21:30,1216,337
6427030,211,2:21:30,1204,379
6427030,210,2:21:31,1195,340
6427030,211,2:21:31,1195,340
6427030,210,2:21:31,1319,210
6427030,211,2:21:31,1319,210
6427030,210,2:21:32,1180,224
6427030,211,2:21:32,1180,224
6427030,210,2:22:9,1162,311
6427030,211,2:22:9,1162,311
6427030,210,2:22:9,1129,199
6427030,211,2:22:11,1057,171
6427030,210,2:22:11,1005,156
6427030,211,2:22:21,1453,194
6427030,210,2:22:21,1099,466
6427030,211,2:22:23,1105,479
6427030,210,2:22:24,1083,454
6427030,211,2:23:9,652,683
6427030,210,2:23:26,1089,535
6427030,211,2:23:26,957,585
6427030,210,2:23:28,652,532
6427030,211,2:23:29,670,641
6427030,213,2:23:29,0,s_otherStudent1_G7a1N,true
6427030,204,2:23:44,0
6427030,100,2:23:47,0
6427030,102,2:23:49,0
6427030,200,2:23:49,0,2,3,3,0,6
6427030,204,2:23:54,0
6427030,103,2:23:58
6427030,105,2:23:59
6427030,703,2:24:1,[|| EpilogueItem ID: 0 unlocked: false ||,|| EpilogueItem ID: 1 unlocked: false ||,|| EpilogueItem ID: 2 unlocked: false ||,|| EpilogueItem ID: 3 unlocked: false ||,|| EpilogueItem ID: 4 unlocked: false ||,|| EpilogueItem ID: 5 unlocked: false ||,|| EpilogueItem ID: 6 unlocked: false ||,|| EpilogueItem ID: 7 unlocked: false ||,|| EpilogueItem ID: 8 unlocked: false ||,|| EpilogueItem ID: 9 unlocked: false ||,|| EpilogueItem ID: 10 unlocked: false ||,|| EpilogueItem ID: 11 unlocked: false ||,|| EpilogueItem ID: 12 unlocked: false ||,|| EpilogueItem ID: 13 unlocked: false ||,|| EpilogueItem ID: 14 unlocked: false ||,|| EpilogueItem ID: 15 unlocked: false ||,|| EpilogueItem ID: 16 unlocked: false ||,|| EpilogueItem ID: 17 unlocked: false ||,|| EpilogueItem ID: 18 unlocked: false ||,|| EpilogueItem ID: 19 unlocked: false ||,|| EpilogueItem ID: 20 unlocked: false ||,|| EpilogueItem ID: 21 unlocked: false ||,|| EpilogueItem ID: 22 unlocked: false ||,|| EpilogueItem ID: 23 unlocked: false ||,|| EpilogueItem ID: 24 unlocked: false ||],0
6427030,706,2:24:4,(x=3, y=-100, w=1024, h=768),(x=12, y=-100, w=1024, h=768)
6427030,706,2:24:5,(x=0, y=-100, w=1024, h=768),(x=0, y=-100, w=1024, h=768)
6427030,706,2:24:6,(x=17, y=-100, w=1024, h=768),(x=8, y=-100, w=1024, h=768)
6427030,706,2:24:7,(x=59, y=-100, w=1024, h=768),(x=394, y=-100, w=1024, h=768)
6427030,706,2:24:8,(x=137, y=-100, w=1024, h=768),(x=128, y=-100, w=1024, h=768)
6427030,706,2:24:10,(x=7, y=-100, w=1024, h=768),(x=50, y=-100, w=1024, h=768)
6427030,706,2:24:26,(x=1254, y=-100, w=1024, h=768),(x=1258, y=-100, w=1024, h=768)
6427030,706,2:24:30,(x=1584, y=-100, w=1024, h=768),(x=1888, y=-100, w=1024, h=768)
6427030,706,2:24:33,(x=2435, y=-100, w=1024, h=768),(x=2438, y=-100, w=1024, h=768)
6427030,706,2:24:36,(x=2531, y=-100, w=1024, h=768),(x=2531, y=-100, w=1024, h=768)
6427030,706,2:24:37,(x=2531, y=-100, w=1024, h=768),(x=2531, y=-100, w=1024, h=768)
6427030,707,2:24:38,2,1
6427030,706,2:24:38,(x=2531, y=-100, w=1024, h=768),(x=2531, y=-100, w=1024, h=768)
6427030,708,2:24:39
6427030,1,2:24:39,10/23/2013 5:47:55pm,{"gameTime":8679063,"challengeStacks":[{"challengeScenes":[{"miniGameCards":[],"viewedAnimatic":true,"keyPoints":["c_teacherEng_G7a0","s_flag_gen","c_bestFriend_M_a_G7a0"],"unlocked":true,"touchableObjects":["s_otherStudent1_G7a0","c_crewKid1_M_G7a0","s_doorClassroom_G7a0","c_friend1_M_a_G7a0","c_teacherEng_G7a0","s_vocabAssignment_G7a0","s_flag_gen","s_poePoster_gen","s_atwoodPoster_gen","c_bestFriend_M_a_G7a0"]},{"miniGameCards":[],"viewedAnimatic":true,"keyPoints":["c_teacherEng_G7a1N","c_bestFriend_M_a_G7a1N","s_paperPlayers_G7a1N"],"unlocked":true,"touchableObjects":["c_teacherEng_G7a1N","c_bestFriend_M_a_G7a1N","s_otherStudent2_G7a1N","s_otherStudent1_G7a1N","c_crewKid1_M_G7a1N","s_flag_gen","s_posterPlagiarism_gen","s_paperPlayers_G7a1N"]},{"miniGameCards":[],"viewedAnimatic":true,"keyPoints":["c_teacherEng_G7a1P","s_flag_gen"],"unlocked":true,"touchableObjects":["s_paperPlayers_G7a1P","c_teacherEng_G7a1P","s_clock_G7a1P","s_flag_gen","s_atwoodPoster_gen","s_angelouPoster_gen","s_shakespearePoster_gen","s_poePoster_gen","s_papersDetention_gen"]}],"stackSize":3,"resolved":false},{"challengeScenes":[{"miniGameCards":[],"viewedAnimatic":false,"keyPoints":[],"unlocked":false,"touchableObjects":[]},{"miniGameCards":[],"viewedAnimatic":false,"keyPoints":[],"unlocked":false,"touchableObjects":[]},{"miniGameCards":[],"viewedAnimatic":false,"keyPoints":[],"unlocked":false,"touchableObjects":[]},{"miniGameCards":[],"viewedAnimatic":false,"keyPoints":[],"unlocked":false,"touchableObjects":[]},{"miniGameCards":[],"viewedAnimatic":false,"keyPoints":[],"unlocked":false,"touchableObjects":[]}],"stackSize":5,"resolved":false},{"challengeScenes":[{"miniGameCards":[],"viewedAnimatic":false,"keyPoints":[],"unlocked":false,"touchableObjects":[]},{"miniGameCards":[],"viewedAnimatic":false,"keyPoints":[],"unlocked":false,"touchableObjects":[]},{"miniGameCards":[],"viewedAnimatic":false,"keyPoints":[],"unlocked":false,"touchableObjects":[]},{"miniGameCards":[],"viewedAnimatic":false,"keyPoints":[],"unlocked":false,"touchableObjects":[]},{"miniGameCards":[],"viewedAnimatic":false,"keyPoints":[],"unlocked":false,"touchableObjects":[]},{"miniGameCards":[],"viewedAnimatic":false,"keyPoints":[],"unlocked":false,"touchableObjects":[]},{"miniGameCards":[],"viewedAnimatic":false,"keyPoints":[],"unlocked":false,"touchableObjects":[]}],"stackSize":7,"resolved":false},{"challengeScenes":[{"miniGameCards":[],"viewedAnimatic":false,"keyPoints":[],"unlocked":false,"touchableObjects":[]},{"miniGameCards":[],"viewedAnimatic":false,"keyPoints":[],"unlocked":false,"touchableObjects":[]},{"miniGameCards":[],"viewedAnimatic":false,"keyPoints":[],"unlocked":false,"touchableObjects":[]},{"miniGameCards":[],"viewedAnimatic":false,"keyPoints":[],"unlocked":false,"touchableObjects":[]},{"miniGameCards":[],"viewedAnimatic":false,"keyPoints":[],"unlocked":false,"touchableObjects":[]}],"stackSize":5,"resolved":false},{"challengeScenes":[{"miniGameCards":[],"viewedAnimatic":false,"keyPoints":[],"unlocked":false,"touchableObjects":[]},{"miniGameCards":[],"viewedAnimatic":false,"keyPoints":[],"unlocked":false,"touchableObjects":[]},{"miniGameCards":[],"viewedAnimatic":false,"keyPoints":[],"unlocked":false,"touchableObjects":[]},{"miniGameCards":[],"viewedAnimatic":false,"keyPoints":[],"unlocked":false,"touchableObjects":[]},{"miniGameCards":[],"viewedAnimatic":false,"keyPoints":[],"unlocked":false,"touchableObjects":[]}],"stackSize":5,"resolved":false},{"challengeScenes":[{"miniGameCards":[],"viewedAnimatic":false,"keyPoints":[],"unlocked":false,"touchableObjects":[]},{"miniGameCards":[],"viewedAnimatic":false,"keyPoints":[],"unlocked":false,"touchableObjects":[]},{"miniGameCards":[],"viewedAnimatic":false,"keyPoints":[],"unlocked":false,"touchableObjects":[]},{"miniGameCards":[],"viewedAnimatic":false,"keyPoints":[],"unlocked":false,"touchableObjects":[]},{"miniGameCards":[],"viewedAnimatic":false,"keyPoints":[],"unlocked":false,"touchableObjects":[]}],"stackSize":5,"resolved":false},{"challengeScenes":[{"miniGameCards":[],"viewedAnimatic":false,"keyPoints":[],"unlocked":false,"touchableObjects":[]},{"miniGameCards":[],"viewedAnimatic":false,"keyPoints":[],"unlocked":false,"touchableObjects":[]},{"miniGameCards":[],"viewedAnimatic":false,"keyPoints":[],"unlocked":false,"touchableObjects":[]},{"miniGameCards":[],"viewedAnimatic":false,"keyPoints":[],"unlocked":false,"touchableObjects":[]},{"miniGameCards":[],"viewedAnimatic":false,"keyPoints":[],"unlocked":false,"touchableObjects":[]}],"stackSize":5,"resolved":false},{"challengeScenes":[{"miniGameCards":[],"viewedAnimatic":false,"keyPoints":[],"unlocked":false,"touchableObjects":[]},{"miniGameCards":[],"viewedAnimatic":false,"keyPoints":[],"unlocked":false,"touchableObjects":[]},{"miniGameCards":[],"viewedAnimatic":false,"keyPoints":[],"unlocked":false,"touchableObjects":[]},{"miniGameCards":[],"viewedAnimatic":false,"keyPoints":[],"unlocked":false,"touchableObjects":[]},{"miniGameCards":[],"viewedAnimatic":false,"keyPoints":[],"unlocked":false,"touchableObjects":[]}],"stackSize":5,"resolved":false},{"challengeScenes":[{"miniGameCards":[],"viewedAnimatic":false,"keyPoints":[],"unlocked":false,"touchableObjects":[]},{"miniGameCards":[],"viewedAnimatic":false,"keyPoints":[],"unlocked":false,"touchableObjects":[]},{"miniGameCards":[],"viewedAnimatic":false,"keyPoints":[],"unlocked":false,"touchableObjects":[]},{"miniGameCards":[],"viewedAnimatic":false,"keyPoints":[],"unlocked":false,"touchableObjects":[]},{"miniGameCards":[],"viewedAnimatic":false,"keyPoints":[],"unlocked":false,"touchableObjects":[]}],"stackSize":5,"resolved":false},{"challengeScenes":[{"miniGameCards":[],"viewedAnimatic":false,"keyPoints":[],"unlocked":false,"touchableObjects":[]},{"miniGameCards":[],"viewedAnimatic":false,"keyPoints":[],"unlocked":false,"touchableObjects":[]},{"miniGameCards":[],"viewedAnimatic":false,"keyPoints":[],"unlocked":false,"touchableObjects":[]},{"miniGameCards":[],"viewedAnimatic":false,"keyPoints":[],"unlocked":false,"touchableObjects":[]},{"miniGameCards":[],"viewedAnimatic":false,"keyPoints":[],"unlocked":false,"touchableObjects":[]}],"stackSize":5,"resolved":false},{"challengeScenes":[{"miniGameCards":[],"viewedAnimatic":false,"keyPoints":[],"unlocked":false,"touchableObjects":[]},{"miniGameCards":[],"viewedAnimatic":false,"keyPoints":[],"unlocked":false,"touchableObjects":[]},{"miniGameCards":[],"viewedAnimatic":false,"keyPoints":[],"unlocked":false,"touchableObjects":[]},{"miniGameCards":[],"viewedAnimatic":false,"keyPoints":[],"unlocked":false,"touchableObjects":[]},{"miniGameCards":[],"viewedAnimatic":false,"keyPoints":[],"unlocked":false,"touchableObjects":[]}],"stackSize":5,"resolved":false},{"challengeScenes":[{"miniGameCards":[],"viewedAnimatic":false,"keyPoints":[],"unlocked":false,"touchableObjects":[]},{"miniGameCards":[],"viewedAnimatic":false,"keyPoints":[],"unlocked":false,"touchableObjects":[]},{"miniGameCards":[],"viewedAnimatic":false,"keyPoints":[],"unlocked":false,"touchableObjects":[]},{"miniGameCards":[],"viewedAnimatic":false,"keyPoints":[],"unlocked":false,"touchableObjects":[]},{"miniGameCards":[],"viewedAnimatic":false,"keyPoints":[],"unlocked":false,"touchableObjects":[]}],"stackSize":5,"resolved":false},{"challengeScenes":[{"miniGameCards":[],"viewedAnimatic":false,"keyPoints":[],"unlocked":true,"touchableObjects":["c_education_G0a0","c_friends_G0a0","c_player_lati_M_a_G0a0"]},{"miniGameCards":[],"viewedAnimatic":false,"keyPoints":["c_job_G0a1N","c_home_G0a1N","c_family_lati_a_G0a1N"],"unlocked":true,"touchableObjects":["c_job_G0a1N","c_home_G0a1N","c_family_lati_a_G0a1N","c_player_lati_M_a_G0a1N"]},{"miniGameCards":[],"viewedAnimatic":false,"keyPoints":["c_grandma_lati_a_G0a1P","c_Teacher_G0a1P","c_kidsister_lati_a_G0a1P","c_dad_lati_a_G0a1P","c_mom_lati_a_G0a1P","c_Nurse_G0a1P"],"unlocked":true,"touchableObjects":["c_cousins_M_a_G0a1P","c_friends_G0a1P","c_grandma_lati_a_G0a1P","c_Teacher_G0a1P","c_kidsister_lati_a_G0a1P","c_dad_lati_a_G0a1P","c_mom_lati_a_G0a1P","c_Nurse_G0a1P"]}],"stackSize":3,"resolved":true}],"sessionId":2,"epilogue":{"rating":1},"playerId":6427030,"session":[{"sceneId":"1P","stackId":12},{"sceneId":"1P","stackId":0}],"minigames":[{"levelSaveData":[{"starRating":2,"unlocked":true},{"starRating":0,"unlocked":false},{"starRating":0,"unlocked":false},{"starRating":0,"unlocked":false},{"starRating":0,"unlocked":false},{"starRating":0,"unlocked":false},{"starRating":0,"unlocked":false},{"starRating":0,"unlocked":false},{"starRating":0,"unlocked":false},{"starRating":0,"unlocked":false}],"skillPoints":2},{"levelSaveData":[{"starRating":3,"unlocked":true},{"starRating":0,"unlocked":false},{"starRating":0,"unlocked":false},{"starRating":0,"unlocked":false},{"starRating":0,"unlocked":false},{"starRating":0,"unlocked":false},{"starRating":0,"unlocked":false},{"starRating":0,"unlocked":false},{"starRating":0,"unlocked":false},{"starRating":0,"unlocked":false}],"skillPoints":3},{"levelSaveData":[{"starRating":3,"unlocked":true},{"starRating":0,"unlocked":false},{"starRating":0,"unlocked":false},{"starRating":0,"unlocked":false},{"starRating":0,"unlocked":false},{"starRating":0,"unlocked":false},{"starRating":0,"unlocked":false},{"starRating":0,"unlocked":false},{"starRating":0,"unlocked":false},{"starRating":0,"unlocked":false}],"skillPoints":3},{"levelSaveData":[{"starRating":0,"unlocked":false},{"starRating":0,"unlocked":false},{"starRating":0,"unlocked":false},{"starRating":0,"unlocked":false},{"starRating":0,"unlocked":false},{"starRating":0,"unlocked":false},{"starRating":0,"unlocked":false},{"starRating":0,"unlocked":false},{"starRating":0,"unlocked":false},{"starRating":0,"unlocked":false}],"skillPoints":0},{"age":11,"name":"anthony","gender":0,"levelSaveData":[{"starRating":3,"unlocked":true},{"starRating":3,"chunks":[["1"],["21$$cry baby","14$$ungly"],["10$$tecnalge","13$$school","15$$s.cvml.dbr"],["4"]],"unlocked":true},{"starRating":0,"chunks":[[null],[null,null],[null,null]],"unlocked":false},{"starRating":0,"chunks":[[null],[null],[null],[null],[null,null],[null]],"unlocked":false},{"starRating":0,"chunks":[[null],[null],[null,null],[null],[null],[null]],"unlocked":false},{"starRating":0,"chunks":[[null],[null,null,null,null],[null],[null]],"unlocked":false},{"starRating":0,"chunks":[[null],[null],[null,null],[null,null],[null]],"unlocked":false},{"starRating":0,"chunks":[[null,null,null],[null,null,null],[null],[null],[null]],"unlocked":false},{"starRating":0,"chunks":[[null,null,null],[null,null,null],[null,null]],"unlocked":false},{"starRating":0,"chunks":[[null],[null],[null],[null],[null],[null]],"unlocked":false}],"visualAvatar":0,"id":2,"skillPoints":6}],"avatar":{"age":11,"name":"anthony","gender":0,"levelSaveData":[{"starRating":3,"unlocked":true},{"starRating":3,"chunks":[["1"],["21$$cry baby","14$$ungly"],["10$$tecnalge","13$$school","15$$s.cvml.dbr"],["4"]],"unlocked":true},{"starRating":0,"chunks":[[null],[null,null],[null,null]],"unlocked":false},{"starRating":0,"chunks":[[null],[null],[null],[null],[null,null],[null]],"unlocked":false},{"starRating":0,"chunks":[[null],[null],[null,null],[null],[null],[null]],"unlocked":false},{"starRating":0,"chunks":[[null],[null,null,null,null],[null],[null]],"unlocked":false},{"starRating":0,"chunks":[[null],[null],[null,null],[null,null],[null]],"unlocked":false},{"starRating":0,"chunks":[[null,null,null],[null,null,null],[null],[null],[null]],"unlocked":false},{"starRating":0,"chunks":[[null,null,null],[null,null,null],[null,null]],"unlocked":false},{"starRating":0,"chunks":[[null],[null],[null],[null],[null],[null]],"unlocked":false}],"visualAvatar":0,"id":2,"skillPoints":6}}
