6427035,0,3:23:57,10/31/2013 3:48:02pm
6427035,100,3:24:0,2
6427035,102,3:24:1,2
6427035,200,3:24:1,2,6,12,5,3,9
6427035,210,3:24:4,895,313
6427035,211,3:24:4,928,355
6427035,213,3:24:4,2,c_cousin_F_a_G8a0,true
6427035,205,3:24:4,2,c_cousin_F_a_G8a0,false,true
6427035,210,3:24:9,343,108
6427035,207,3:24:13,2,-200,0
6427035,211,3:24:14,452,387
6427035,221,3:24:15,2
6427035,220,3:24:17,2
6427035,1003,3:24:17,3
6427035,1004,3:24:20,1
6427035,500,3:24:24,1,[]
6427035,501,3:24:26,1,[]
6427035,502,3:24:48,1,[IntentionData_logId:3,true]
6427035,503,3:24:50,1,[]
6427035,504,3:24:54,1,[InfluenceData_logId:1]
6427035,504,3:24:59,1,[InfluenceData_logId:0]
6427035,504,3:25:2,1,[InfluenceData_logId:3]
6427035,504,3:25:5,1,[InfluenceData_logId:4]
6427035,504,3:25:7,1,[InfluenceData_logId:5]
6427035,504,3:25:8,1,[InfluenceData_logId:4]
6427035,504,3:25:10,1,[InfluenceData_logId:6]
6427035,505,3:25:11,1,[InfluenceData_logId:0,true,InfluenceData_logId:4,true,InfluenceData_logId:6,true]
6427035,506,3:25:13,1,[]
6427035,507,3:25:23,1,[OpponentAttackData_logId:2,OpponentAttackTypeData_logId:3,true,0]
6427035,508,3:25:26,1,[]
6427035,509,3:25:33,1,[RefusalData_logId:2,1]
6427035,510,3:25:38,1,[AvailableRefusalData_logId:2,0C]
6427035,510,3:25:39,1,[AvailableRefusalData_logId:2,1B]
6427035,510,3:25:43,1,[AvailableRefusalData_logId:2,0A]
6427035,510,3:25:48,1,[AvailableRefusalData_logId:2,1A]
6427035,510,3:25:51,1,[AvailableRefusalData_logId:2,2A]
6427035,511,3:26:6,1,[AvailableRefusalData_logId:2,0A,1A,2A,true,30]
6427035,512,3:26:9,1,[]
6427035,513,3:26:9,1,[0]
6427035,514,3:26:10,1,[]
6427035,507,3:26:36,1,[OpponentAttackData_logId:3,OpponentAttackTypeData_logId:4,true,0]
6427035,508,3:26:39,1,[]
6427035,509,3:26:43,1,[RefusalData_logId:0,0]
6427035,510,3:26:47,1,[AvailableRefusalData_logId:0,0C]
6427035,510,3:26:48,1,[AvailableRefusalData_logId:0,1C]
6427035,510,3:26:56,1,[AvailableRefusalData_logId:0,0B]
6427035,510,3:27:1,1,[AvailableRefusalData_logId:0,1B]
6427035,510,3:27:3,1,[AvailableRefusalData_logId:0,2A]
6427035,510,3:27:6,1,[AvailableRefusalData_logId:0,0A]
6427035,510,3:27:14,1,[AvailableRefusalData_logId:0,1A]
6427035,511,3:27:16,1,[AvailableRefusalData_logId:0,0A,1A,2A,true,20]
6427035,512,3:27:19,1,[]
6427035,513,3:27:19,1,[30]
6427035,514,3:27:23,1,[]
6427035,507,3:27:34,1,[OpponentAttackData_logId:1,OpponentAttackTypeData_logId:0,false,30]
6427035,508,3:27:37,1,[]
6427035,509,3:27:40,1,[RefusalData_logId:5,0]
6427035,510,3:27:44,1,[AvailableRefusalData_logId:5,0A]
6427035,510,3:27:50,1,[AvailableRefusalData_logId:5,1B]
6427035,510,3:27:57,1,[AvailableRefusalData_logId:5,0C]
6427035,510,3:27:59,1,[AvailableRefusalData_logId:5,1A]
6427035,510,3:28:0,1,[AvailableRefusalData_logId:5,1C]
6427035,510,3:28:6,1,[AvailableRefusalData_logId:5,0B]
6427035,510,3:28:8,1,[AvailableRefusalData_logId:5,1B]
6427035,510,3:28:18,1,[AvailableRefusalData_logId:5,2C]
6427035,511,3:28:29,1,[AvailableRefusalData_logId:5,0B,1B,2C,false,0]
6427035,512,3:28:31,1,[]
6427035,513,3:28:31,1,[30]
6427035,514,3:28:34,1,[]
6427035,507,3:28:53,1,[OpponentAttackData_logId:0,OpponentAttackTypeData_logId:0,false,30]
6427035,508,3:29:0,1,[]
6427035,509,3:29:4,1,[RefusalData_logId:4,2]
6427035,510,3:29:6,1,[AvailableRefusalData_logId:4,0B]
6427035,510,3:29:12,1,[AvailableRefusalData_logId:4,0C]
6427035,510,3:29:20,1,[AvailableRefusalData_logId:4,0A]
6427035,510,3:29:26,1,[AvailableRefusalData_logId:4,1A]
6427035,510,3:29:30,1,[AvailableRefusalData_logId:4,2A]
6427035,511,3:29:32,1,[AvailableRefusalData_logId:4,0A,1A,2A,true,50]
6427035,512,3:29:36,1,[]
6427035,515,3:29:36,1,[30,0]
6427035,516,3:29:42,1,[]
6427035,517,3:29:45,1,[]
6427035,1005,3:29:45,1,[3,0,1]
6427035,1000,3:29:47,1,[]
6427035,500,3:29:48,1,[]
6427035,501,3:29:49,1,[]
6427035,502,3:29:52,1,[IntentionData_logId:3,true]
6427035,503,3:29:54,1,[]
6427035,504,3:29:56,1,[InfluenceData_logId:2]
6427035,504,3:30:1,1,[InfluenceData_logId:5]
6427035,504,3:30:4,1,[InfluenceData_logId:4]
6427035,504,3:30:4,1,[InfluenceData_logId:6]
6427035,504,3:30:6,1,[InfluenceData_logId:4]
6427035,504,3:30:11,1,[InfluenceData_logId:3]
6427035,504,3:30:14,1,[InfluenceData_logId:1]
6427035,504,3:30:21,1,[InfluenceData_logId:5]
6427035,505,3:30:23,1,[InfluenceData_logId:1,true,InfluenceData_logId:5,true,InfluenceData_logId:6,true]
6427035,506,3:30:26,1,[]
6427035,507,3:30:32,1,[OpponentAttackData_logId:1,OpponentAttackTypeData_logId:3,false,30]
6427035,508,3:30:34,1,[]
6427035,509,3:30:37,1,[RefusalData_logId:5,0]
6427035,510,3:30:46,1,[AvailableRefusalData_logId:5,0C]
6427035,510,3:30:49,1,[AvailableRefusalData_logId:5,1B]
6427035,510,3:30:50,1,[AvailableRefusalData_logId:5,2B]
6427035,511,3:30:51,1,[AvailableRefusalData_logId:5,0C,1B,2B,false,0]
6427035,512,3:30:53,1,[]
6427035,513,3:30:53,1,[30]
6427035,514,3:30:55,1,[]
6427035,507,3:31:25,1,[OpponentAttackData_logId:2,OpponentAttackTypeData_logId:3,true,0]
6427035,508,3:31:27,1,[]
6427035,509,3:31:30,1,[RefusalData_logId:2,1]
6427035,510,3:31:32,1,[AvailableRefusalData_logId:2,0A]
6427035,510,3:31:33,1,[AvailableRefusalData_logId:2,1A]
6427035,510,3:31:36,1,[AvailableRefusalData_logId:2,2A]
6427035,510,3:31:42,1,[AvailableRefusalData_logId:2,0B]
6427035,510,3:31:49,1,[AvailableRefusalData_logId:2,1B]
6427035,510,3:31:53,1,[AvailableRefusalData_logId:2,2C]
6427035,510,3:31:58,1,[AvailableRefusalData_logId:2,0A]
6427035,510,3:32:7,1,[AvailableRefusalData_logId:2,1A]
6427035,510,3:32:10,1,[AvailableRefusalData_logId:2,2A]
6427035,511,3:32:12,1,[AvailableRefusalData_logId:2,0A,1A,2A,true,30]
6427035,512,3:32:15,1,[]
6427035,513,3:32:15,1,[0]
6427035,514,3:32:16,1,[]
6427035,507,3:32:24,1,[OpponentAttackData_logId:3,OpponentAttackTypeData_logId:1,false,30]
6427035,508,3:32:26,1,[]
6427035,509,3:32:28,1,[RefusalData_logId:4,2]
6427035,510,3:32:32,1,[AvailableRefusalData_logId:4,1A]
6427035,510,3:32:33,1,[AvailableRefusalData_logId:4,0B]
6427035,510,3:32:34,1,[AvailableRefusalData_logId:4,2A]
6427035,510,3:32:35,1,[AvailableRefusalData_logId:4,2B]
6427035,511,3:32:36,1,[AvailableRefusalData_logId:4,0B,1A,2B,false,0]
6427035,512,3:32:39,1,[]
6427035,513,3:32:39,1,[30]
6427035,514,3:32:41,1,[]
6427035,507,3:32:45,1,[OpponentAttackData_logId:0,OpponentAttackTypeData_logId:1,false,30]
6427035,508,3:32:47,1,[]
6427035,515,3:32:47,1,[0,70]
6427035,516,3:32:47,1,[]
6427035,517,3:32:49,1,[]
6427035,1000,3:32:51,1,[]
6427035,500,3:32:55,1,[]
6427035,501,3:33:3,1,[]
6427035,502,3:33:7,1,[IntentionData_logId:3,true]
6427035,503,3:33:8,1,[]
6427035,504,3:33:12,1,[InfluenceData_logId:2]
6427035,504,3:33:13,1,[InfluenceData_logId:5]
6427035,504,3:33:15,1,[InfluenceData_logId:6]
6427035,505,3:33:15,1,[InfluenceData_logId:2,false,InfluenceData_logId:5,true,InfluenceData_logId:6,true]
6427035,506,3:33:17,1,[]
6427035,507,3:33:32,1,[OpponentAttackData_logId:2,OpponentAttackTypeData_logId:3,true,0]
6427035,508,3:33:35,1,[]
6427035,509,3:33:55,1,[RefusalData_logId:5,0]
6427035,510,3:34:1,1,[AvailableRefusalData_logId:5,0C]
6427035,510,3:34:6,1,[AvailableRefusalData_logId:5,0A]
6427035,510,3:34:7,1,[AvailableRefusalData_logId:5,0B]
6427035,510,3:34:8,1,[AvailableRefusalData_logId:5,1B]
6427035,510,3:34:12,1,[AvailableRefusalData_logId:5,2B]
6427035,511,3:34:12,1,[AvailableRefusalData_logId:5,0B,1B,2B,false,0]
6427035,512,3:34:15,1,[]
6427035,513,3:34:15,1,[30]
6427035,514,3:34:17,1,[]
6427035,507,3:34:43,1,[OpponentAttackData_logId:3,OpponentAttackTypeData_logId:4,true,0]
6427035,508,3:34:46,1,[]
6427035,509,3:34:57,1,[RefusalData_logId:4,2]
6427035,510,3:35:7,1,[AvailableRefusalData_logId:4,0B]
6427035,510,3:35:10,1,[AvailableRefusalData_logId:4,0A]
6427035,510,3:35:12,1,[AvailableRefusalData_logId:4,1C]
6427035,510,3:35:16,1,[AvailableRefusalData_logId:4,1A]
6427035,510,3:35:20,1,[AvailableRefusalData_logId:4,2A]
6427035,511,3:35:22,1,[AvailableRefusalData_logId:4,0A,1A,2A,true,50]
6427035,512,3:35:25,1,[]
6427035,513,3:35:25,1,[0]
6427035,514,3:35:28,1,[]
6427035,507,3:35:40,1,[OpponentAttackData_logId:0,OpponentAttackTypeData_logId:2,true,0]
6427035,508,3:35:43,1,[]
6427035,509,3:35:48,1,[RefusalData_logId:0,0]
6427035,510,3:35:50,1,[AvailableRefusalData_logId:0,0B]
6427035,510,3:35:51,1,[AvailableRefusalData_logId:0,1B]
6427035,510,3:35:56,1,[AvailableRefusalData_logId:0,0A]
6427035,510,3:36:0,1,[AvailableRefusalData_logId:0,1A]
6427035,510,3:36:2,1,[AvailableRefusalData_logId:0,2A]
6427035,511,3:36:3,1,[AvailableRefusalData_logId:0,0A,1A,2A,true,20]
6427035,512,3:36:6,1,[]
6427035,513,3:36:6,1,[30]
6427035,514,3:36:9,1,[]
6427035,507,3:36:15,1,[OpponentAttackData_logId:1,OpponentAttackTypeData_logId:1,true,0]
6427035,508,3:36:17,1,[]
6427035,509,3:36:24,1,[RefusalData_logId:2,1]
6427035,510,3:36:26,1,[AvailableRefusalData_logId:2,0A]
6427035,510,3:36:27,1,[AvailableRefusalData_logId:2,1A]
6427035,510,3:36:28,1,[AvailableRefusalData_logId:2,2C]
6427035,510,3:36:29,1,[AvailableRefusalData_logId:2,2B]
6427035,510,3:36:30,1,[AvailableRefusalData_logId:2,2A]
6427035,511,3:36:31,1,[AvailableRefusalData_logId:2,0A,1A,2A,true,30]
6427035,512,3:36:34,1,[]
6427035,515,3:36:34,1,[80,0]
6427035,516,3:36:37,1,[]
6427035,517,3:36:38,1,[]
6427035,1005,3:36:38,1,[3,1,2]
6427035,1001,3:36:40,1,[]
6427035,1003,3:36:40,3
6427035,1004,3:36:42,4
6427035,500,3:36:47,4,[]
6427035,501,3:36:59,4,[]
6427035,502,3:37:3,4,[IntentionData_logId:1,true]
6427035,503,3:37:5,4,[]
6427035,504,3:37:8,4,[InfluenceData_logId:2]
6427035,504,3:37:12,4,[InfluenceData_logId:2]
6427035,504,3:37:16,4,[InfluenceData_logId:3]
6427035,504,3:37:20,4,[InfluenceData_logId:4]
6427035,504,3:37:24,4,[InfluenceData_logId:7]
6427035,505,3:37:26,4,[InfluenceData_logId:2,false,InfluenceData_logId:4,true,InfluenceData_logId:7,true]
6427035,506,3:37:28,4,[]
6427035,507,3:37:48,4,[OpponentAttackData_logId:1,OpponentAttackTypeData_logId:2,true,0]
6427035,508,3:37:50,4,[]
6427035,509,3:37:55,4,[RefusalData_logId:3,2]
6427035,510,3:37:57,4,[AvailableRefusalData_logId:3,0B]
6427035,510,3:37:59,4,[AvailableRefusalData_logId:3,1C]
6427035,510,3:38:3,4,[AvailableRefusalData_logId:3,0C]
6427035,510,3:38:5,4,[AvailableRefusalData_logId:3,1A]
6427035,510,3:38:7,4,[AvailableRefusalData_logId:3,0A]
6427035,510,3:38:10,4,[AvailableRefusalData_logId:3,2A]
6427035,511,3:38:11,4,[AvailableRefusalData_logId:3,0A,1A,2A,true,50]
6427035,512,3:38:14,4,[]
6427035,513,3:38:14,4,[0]
6427035,514,3:38:16,4,[]
6427035,507,3:38:44,4,[OpponentAttackData_logId:3,OpponentAttackTypeData_logId:3,true,0]
6427035,508,3:38:46,4,[]
6427035,509,3:38:51,4,[RefusalData_logId:2,1]
6427035,510,3:38:54,4,[AvailableRefusalData_logId:2,0B]
6427035,510,3:38:55,4,[AvailableRefusalData_logId:2,1B]
6427035,510,3:39:7,4,[AvailableRefusalData_logId:2,0A]
6427035,510,3:39:11,4,[AvailableRefusalData_logId:2,1A]
6427035,510,3:39:12,4,[AvailableRefusalData_logId:2,2A]
6427035,511,3:39:13,4,[AvailableRefusalData_logId:2,0A,1A,2A,true,30]
6427035,512,3:39:16,4,[]
6427035,513,3:39:16,4,[0]
6427035,514,3:39:17,4,[]
6427035,507,3:39:41,4,[OpponentAttackData_logId:2,OpponentAttackTypeData_logId:1,false,30]
6427035,508,3:39:43,4,[]
6427035,509,3:39:48,4,[RefusalData_logId:6,2]
6427035,510,3:39:53,4,[AvailableRefusalData_logId:6,0A]
6427035,510,3:39:57,4,[AvailableRefusalData_logId:6,1A]
6427035,510,3:40:5,4,[AvailableRefusalData_logId:6,2A]
6427035,511,3:40:6,4,[AvailableRefusalData_logId:6,0A,1A,2A,true,50]
6427035,512,3:40:10,4,[]
6427035,515,3:40:10,4,[110,0]
6427035,516,3:40:13,4,[]
6427035,517,3:40:14,4,[]
6427035,1005,3:40:14,4,[3,0,3]
6427035,1001,3:40:16,4,[]
6427035,1003,3:40:16,3
6427035,221,3:40:24,2
6427035,220,3:40:26,2
6427035,210,3:40:32,410,480
6427035,211,3:40:36,527,203
6427035,213,3:40:36,2,s_pamphlet3_G8a3N,true
6427035,205,3:40:36,2,s_pamphlet3_G8a3N,false,true
6427035,212,3:40:43,1
6427035,210,3:40:44,1086,481
6427035,207,3:40:46,2,-200,-455
6427035,207,3:40:47,2,-455,-492
6427035,211,3:40:47,1514,299
6427035,210,3:40:47,1454,413
6427035,211,3:40:49,1299,511
6427035,212,3:40:49,2
6427035,210,3:40:50,1300,474
6427035,207,3:40:56,2,-492,0
6427035,211,3:40:56,1,270
6427035,210,3:40:56,200,368
6427035,211,3:40:58,448,462
6427035,212,3:40:58,1
6427035,210,3:40:59,421,421
6427035,211,3:41:0,424,442
6427035,213,3:41:0,2,s_mirror_cauc_F_a_G8a3N,true
6427035,205,3:41:0,2,s_mirror_cauc_F_a_G8a3N,false,true
6427035,221,3:41:6,2
6427035,220,3:41:9,2
6427035,210,3:41:10,708,572
6427035,211,3:41:11,735,579
6427035,213,3:41:11,2,c_crush2_F_a_G8a1N,true
6427035,212,3:41:14,0
6427035,210,3:41:14,711,485
6427035,211,3:41:17,750,544
6427035,213,3:41:17,2,s_crush2Lips_F_G8a1N,true
6427035,205,3:41:17,2,s_crush2Lips_F_G8a1N,false,true
6427035,210,3:41:20,458,520
6427035,211,3:41:24,793,382
6427035,213,3:41:24,2,s_crush2Eyes_F_G8a1N,true
6427035,205,3:41:24,2,s_crush2Eyes_F_G8a1N,false,false
6427035,221,3:41:59,2
6427035,220,3:42:1,2
6427035,219,3:42:1,2
6427035,216,3:42:2,Stack_G8a3P
6427035,217,3:42:22,Stack_G8a3P,15,0.50
6427035,218,3:42:25,2
6427035,210,3:42:31,785,359
6427035,211,3:42:32,829,349
6427035,212,3:42:33,1
6427035,210,3:42:33,798,343
6427035,211,3:42:34,804,378
6427035,213,3:42:34,2,s_kidsCouch_G8a3P,true
6427035,205,3:42:34,2,s_kidsCouch_G8a3P,false,false
6427035,210,3:42:45,520,446
6427035,211,3:42:48,642,416
6427035,212,3:42:49,2
6427035,210,3:42:49,1096,447
6427035,211,3:42:50,1134,473
6427035,212,3:42:50,0
6427035,210,3:42:51,1119,462
6427035,211,3:42:51,1118,471
6427035,213,3:42:51,2,c_crush2_F_a_G8a3P,true
6427035,205,3:42:51,2,c_crush2_F_a_G8a3P,false,false
6427035,210,3:43:17,742,505
6427035,211,3:43:20,716,486
6427035,210,3:43:20,1274,266
6427035,207,3:43:21,2,-200,-492
6427035,211,3:43:22,1514,294
6427035,210,3:43:22,1385,343
6427035,211,3:43:23,1181,221
6427035,212,3:43:24,2
6427035,210,3:43:25,1208,206
6427035,211,3:43:26,1373,437
6427035,213,3:43:26,2,s_kidStanding_G8a3P,true
6427035,210,3:43:32,622,379
6427035,211,3:43:32,459,265
6427035,207,3:43:32,2,-492,-432
6427035,210,3:43:33,359,248
6427035,207,3:43:33,2,-432,0
6427035,211,3:43:37,54,537
6427035,212,3:43:39,1
6427035,210,3:43:39,33,244
6427035,211,3:43:43,64,463
6427035,210,3:43:43,10,427
6427035,211,3:43:44,75,262
6427035,213,3:43:44,2,c_cousin_F_a_G8a3P,true
6427035,212,3:43:56,2
6427035,210,3:43:57,103,212
6427035,211,3:43:57,174,244
6427035,213,3:43:57,2,c_crewKid1_F_a_G8a3P,true
6427035,210,3:44:9,296,612
6427035,211,3:44:11,398,632
6427035,221,3:44:41,2
6427035,220,3:44:43,2
6427035,219,3:44:43,2
6427035,216,3:44:44,Stack_G8a1P
6427035,217,3:45:5,Stack_G8a1P,17,0.00
6427035,218,3:45:8,2
6427035,210,3:45:9,1139,413
6427035,207,3:45:10,2,-200,-290
6427035,211,3:45:11,1010,507
6427035,213,3:45:11,2,c_crush2_F_a_G8a1P,false
6427035,1003,3:45:14,2
6427035,1004,3:45:16,8
6427035,900,3:45:18,8,[]
6427035,901,3:45:20,8,[PeopleData_id:3]
6427035,902,3:45:21,8,[PeopleData_id:3,PeopleData_data2Type]
6427035,903,3:45:23,8,[PeopleData_id3,PeopleData_data2Type]
6427035,902,3:45:24,8,[PeopleData_id:3,PeopleData_data2Type]
6427035,903,3:45:37,8,[PeopleData_id3,PeopleData_data2Type]
6427035,902,3:45:40,8,[PeopleData_id:3,PeopleData_data1Type]
6427035,903,3:45:50,8,[PeopleData_id3,PeopleData_data1Type]
6427035,902,3:45:51,8,[PeopleData_id:3,PeopleData_data0Type]
6427035,903,3:45:57,8,[PeopleData_id3,PeopleData_data0Type]
6427035,902,3:45:58,8,[PeopleData_id:3,PeopleData_data3Type]
6427035,903,3:46:13,8,[PeopleData_id3,PeopleData_data3Type]
6427035,901,3:46:13,8,[PeopleData_id:3]
6427035,904,3:46:14,8,[PeopleData_id:3]
6427035,905,3:46:15,8,[PeopleData_id:3,RankTypes_id:-1,RankTypes_id:3]
6427035,901,3:46:16,8,[PeopleData_id:7]
6427035,902,3:46:18,8,[PeopleData_id:7,PeopleData_data0Type]
6427035,902,3:46:22,8,[PeopleData_id:7,PeopleData_data0Type]
6427035,902,3:46:38,8,[PeopleData_id:7,PeopleData_data1Type]
6427035,902,3:46:49,8,[PeopleData_id:7,PeopleData_data2Type]
6427035,902,3:47:11,8,[PeopleData_id:7,PeopleData_data3Type]
6427035,903,3:47:16,8,[PeopleData_id7,PeopleData_data3Type]
6427035,901,3:47:17,8,[PeopleData_id:7]
6427035,904,3:47:17,8,[PeopleData_id:7]
6427035,905,3:47:18,8,[PeopleData_id:7,RankTypes_id:-1,RankTypes_id:4]
6427035,901,3:47:19,8,[PeopleData_id:4]
6427035,904,3:47:19,8,[PeopleData_id:4]
6427035,902,3:47:21,8,[PeopleData_id:4,PeopleData_data0Type]
6427035,902,3:47:32,8,[PeopleData_id:4,PeopleData_data1Type]
6427035,902,3:47:37,8,[PeopleData_id:4,PeopleData_data2Type]
6427035,902,3:47:45,8,[PeopleData_id:4,PeopleData_data2Type]
6427035,902,3:47:46,8,[PeopleData_id:4,PeopleData_data3Type]
6427035,903,3:48:1,8,[PeopleData_id4,PeopleData_data3Type]
6427035,901,3:48:3,8,[PeopleData_id:4]
6427035,904,3:48:3,8,[PeopleData_id:4]
6427035,905,3:48:3,8,[PeopleData_id:4,RankTypes_id:-1,RankTypes_id:0]
6427035,901,3:51:30,8,[PeopleData_id:8]
6427035,904,3:51:30,8,[PeopleData_id:8]
6427035,902,3:51:31,8,[PeopleData_id:8,PeopleData_data0Type]
6427035,903,3:51:38,8,[PeopleData_id8,PeopleData_data0Type]
6427035,902,3:51:40,8,[PeopleData_id:8,PeopleData_data1Type]
6427035,903,3:52:3,8,[PeopleData_id8,PeopleData_data1Type]
6427035,902,3:52:4,8,[PeopleData_id:8,PeopleData_data2Type]
6427035,902,3:52:15,8,[PeopleData_id:8,PeopleData_data3Type]
6427035,903,3:53:9,8,[PeopleData_id8,PeopleData_data3Type]
6427035,901,3:53:10,8,[PeopleData_id:8]
6427035,904,3:53:11,8,[PeopleData_id:8]
6427035,905,3:53:13,8,[PeopleData_id:8,RankTypes_id:-1,RankTypes_id:4]
6427035,901,3:53:25,8,[PeopleData_id:9]
6427035,902,3:53:26,8,[PeopleData_id:9,PeopleData_data0Type]
6427035,902,3:53:31,8,[PeopleData_id:9,PeopleData_data1Type]
6427035,902,3:53:34,8,[PeopleData_id:9,PeopleData_data2Type]
6427035,902,3:53:37,8,[PeopleData_id:9,PeopleData_data3Type]
6427035,903,3:53:41,8,[PeopleData_id9,PeopleData_data3Type]
6427035,901,3:53:42,8,[PeopleData_id:9]
6427035,904,3:53:42,8,[PeopleData_id:9]
6427035,905,3:53:43,8,[PeopleData_id:9,RankTypes_id:-1,RankTypes_id:3]
6427035,901,3:53:46,8,[PeopleData_id:9]
6427035,904,3:53:46,8,[PeopleData_id:9]
6427035,901,3:53:49,8,[PeopleData_id:9]
6427035,904,3:53:49,8,[PeopleData_id:9]
6427035,905,3:53:50,8,[PeopleData_id:9,RankTypes_id:3,RankTypes_id:2]
6427035,901,3:53:50,8,[PeopleData_id:9]
6427035,904,3:53:51,8,[PeopleData_id:9]
6427035,905,3:53:51,8,[PeopleData_id:9,RankTypes_id:2,RankTypes_id:3]
6427035,901,3:53:52,8,[PeopleData_id:1]
6427035,904,3:53:52,8,[PeopleData_id:1]
6427035,905,3:53:53,8,[PeopleData_id:1,RankTypes_id:-1,RankTypes_id:3]
6427035,901,3:53:54,8,[PeopleData_id:1]
6427035,904,3:53:54,8,[PeopleData_id:1]
6427035,901,3:53:56,8,[PeopleData_id:1]
6427035,904,3:53:56,8,[PeopleData_id:1]
6427035,901,3:53:58,8,[PeopleData_id:1]
6427035,904,3:53:58,8,[PeopleData_id:1]
6427035,902,3:54:3,8,[PeopleData_id:1,PeopleData_data0Type]
6427035,902,3:54:17,8,[PeopleData_id:1,PeopleData_data1Type]
6427035,903,3:54:19,8,[PeopleData_id1,PeopleData_data1Type]
6427035,901,3:54:20,8,[PeopleData_id:8]
6427035,904,3:54:20,8,[PeopleData_id:8]
6427035,905,3:54:23,8,[PeopleData_id:8,RankTypes_id:4,RankTypes_id:3]
6427035,901,3:54:23,8,[PeopleData_id:1]
6427035,904,3:54:23,8,[PeopleData_id:1]
6427035,905,3:54:24,8,[PeopleData_id:1,RankTypes_id:3,RankTypes_id:4]
6427035,901,3:54:24,8,[PeopleData_id:8]
6427035,904,3:54:24,8,[PeopleData_id:8]
6427035,905,3:54:25,8,[PeopleData_id:8,RankTypes_id:3,RankTypes_id:3]
6427035,901,3:54:25,8,[PeopleData_id:7]
6427035,905,3:54:26,8,[PeopleData_id:7,RankTypes_id:4,RankTypes_id:4]
6427035,901,3:54:29,8,[PeopleData_id:1]
6427035,905,3:54:29,8,[PeopleData_id:1,RankTypes_id:4,RankTypes_id:4]
6427035,902,3:54:31,8,[PeopleData_id:1,PeopleData_data2Type]
6427035,902,3:54:36,8,[PeopleData_id:1,PeopleData_data3Type]
6427035,903,3:54:38,8,[PeopleData_id1,PeopleData_data3Type]
6427035,901,3:54:39,8,[PeopleData_id:2]
6427035,902,3:54:40,8,[PeopleData_id:2,PeopleData_data0Type]
6427035,902,3:54:43,8,[PeopleData_id:2,PeopleData_data1Type]
6427035,902,3:54:46,8,[PeopleData_id:2,PeopleData_data2Type]
6427035,902,3:54:48,8,[PeopleData_id:2,PeopleData_data3Type]
6427035,902,3:54:49,8,[PeopleData_id:2,PeopleData_data1Type]
6427035,903,3:54:53,8,[PeopleData_id2,PeopleData_data1Type]
6427035,901,3:54:55,8,[PeopleData_id:2]
6427035,904,3:54:55,8,[PeopleData_id:2]
6427035,905,3:54:57,8,[PeopleData_id:2,RankTypes_id:-1,RankTypes_id:0]
6427035,901,3:54:58,8,[PeopleData_id:6]
6427035,904,3:54:58,8,[PeopleData_id:6]
6427035,902,3:54:59,8,[PeopleData_id:6,PeopleData_data0Type]
6427035,902,3:55:6,8,[PeopleData_id:6,PeopleData_data1Type]
6427035,902,3:55:15,8,[PeopleData_id:6,PeopleData_data2Type]
6427035,902,3:55:26,8,[PeopleData_id:6,PeopleData_data3Type]
6427035,903,3:55:31,8,[PeopleData_id6,PeopleData_data3Type]
6427035,901,3:55:33,8,[PeopleData_id:6]
6427035,904,3:55:33,8,[PeopleData_id:6]
6427035,905,3:55:35,8,[PeopleData_id:6,RankTypes_id:-1,RankTypes_id:1]
6427035,901,3:55:36,8,[PeopleData_id:6]
6427035,904,3:55:36,8,[PeopleData_id:6]
6427035,905,3:55:37,8,[PeopleData_id:6,RankTypes_id:1,RankTypes_id:0]
6427035,901,3:55:38,8,[PeopleData_id:5]
6427035,902,3:55:40,8,[PeopleData_id:5,PeopleData_data0Type]
6427035,902,3:55:45,8,[PeopleData_id:5,PeopleData_data1Type]
6427035,902,3:55:47,8,[PeopleData_id:5,PeopleData_data2Type]
6427035,902,3:55:50,8,[PeopleData_id:5,PeopleData_data1Type]
6427035,902,3:56:0,8,[PeopleData_id:5,PeopleData_data2Type]
6427035,902,3:56:6,8,[PeopleData_id:5,PeopleData_data3Type]
6427035,903,3:56:11,8,[PeopleData_id5,PeopleData_data3Type]
6427035,901,3:56:12,8,[PeopleData_id:5]
6427035,904,3:56:12,8,[PeopleData_id:5]
6427035,905,3:56:13,8,[PeopleData_id:5,RankTypes_id:-1,RankTypes_id:3]
6427035,901,3:56:14,8,[PeopleData_id:0]
6427035,902,3:56:15,8,[PeopleData_id:0,PeopleData_data0Type]
6427035,902,3:56:21,8,[PeopleData_id:0,PeopleData_data1Type]
6427035,902,3:56:24,8,[PeopleData_id:0,PeopleData_data2Type]
6427035,902,3:56:32,8,[PeopleData_id:0,PeopleData_data3Type]
6427035,903,3:56:43,8,[PeopleData_id0,PeopleData_data3Type]
6427035,901,3:56:44,8,[PeopleData_id:0]
6427035,904,3:56:44,8,[PeopleData_id:0]
6427035,905,3:56:45,8,[PeopleData_id:0,RankTypes_id:-1,RankTypes_id:0]
6427035,906,3:56:45,8,[]
6427035,907,3:56:46,8,[]
6427035,908,3:56:46,8,[InvitationData_id:11,PeopleData_id:1,RankTypes_id:4]
6427035,909,3:56:55,8,[InvitationData_id:11,PeopleData_id:1,RankTypes_id:4,1]
6427035,910,3:56:56,8,[InvitationData_id:11,9,false]
6427035,908,3:56:56,8,[InvitationData_id:1,PeopleData_id:3,RankTypes_id:3]
6427035,909,3:57:7,8,[InvitationData_id:1,PeopleData_id:3,RankTypes_id:3,1]
6427035,910,3:57:9,8,[InvitationData_id:1,0,true]
6427035,908,3:57:9,8,[InvitationData_id:7,PeopleData_id:7,RankTypes_id:4]
6427035,909,3:57:11,8,[InvitationData_id:7,PeopleData_id:7,RankTypes_id:4,1]
6427035,910,3:57:12,8,[InvitationData_id:7,9,false]
6427035,908,3:57:12,8,[InvitationData_id:4,PeopleData_id:3,RankTypes_id:3]
6427035,909,3:57:16,8,[InvitationData_id:4,PeopleData_id:3,RankTypes_id:3,0]
6427035,910,3:57:17,8,[InvitationData_id:4,-7,false]
6427035,908,3:57:17,8,[InvitationData_id:9,PeopleData_id:7,RankTypes_id:4]
6427035,909,3:57:22,8,[InvitationData_id:9,PeopleData_id:7,RankTypes_id:4,1]
6427035,910,3:57:23,8,[InvitationData_id:9,9,false]
6427035,908,3:57:23,8,[InvitationData_id:3,PeopleData_id:9,RankTypes_id:3]
6427035,909,3:57:26,8,[InvitationData_id:3,PeopleData_id:9,RankTypes_id:3,1]
6427035,910,3:57:27,8,[InvitationData_id:3,0,true]
6427035,908,3:57:27,8,[InvitationData_id:10,PeopleData_id:9,RankTypes_id:3]
6427035,909,3:57:28,8,[InvitationData_id:10,PeopleData_id:9,RankTypes_id:3,1]
6427035,910,3:57:29,8,[InvitationData_id:10,7,false]
6427035,908,3:57:29,8,[InvitationData_id:8,PeopleData_id:7,RankTypes_id:4]
6427035,909,3:57:33,8,[InvitationData_id:8,PeopleData_id:7,RankTypes_id:4,1]
6427035,910,3:57:34,8,[InvitationData_id:8,9,false]
6427035,908,3:57:34,8,[InvitationData_id:6,PeopleData_id:7,RankTypes_id:4]
6427035,909,3:57:35,8,[InvitationData_id:6,PeopleData_id:7,RankTypes_id:4,1]
6427035,910,3:57:36,8,[InvitationData_id:6,9,false]
6427035,911,3:57:38,8,[45,2,0,2]
6427035,1005,3:57:38,8,[2,0,1]
6427035,1000,3:57:40,8,[]
6427035,900,3:57:41,8,[]
6427035,901,3:57:42,8,[PeopleData_id:4]
6427035,904,3:57:42,8,[PeopleData_id:4]
6427035,901,3:57:47,8,[PeopleData_id:4]
6427035,904,3:57:47,8,[PeopleData_id:4]
6427035,905,3:57:48,8,[PeopleData_id:4,RankTypes_id:-1,RankTypes_id:3]
6427035,902,3:57:50,8,[PeopleData_id:4,PeopleData_data3Type]
6427035,903,3:57:53,8,[PeopleData_id4,PeopleData_data3Type]
6427035,901,3:57:53,8,[PeopleData_id:4]
6427035,904,3:57:53,8,[PeopleData_id:4]
6427035,905,3:57:54,8,[PeopleData_id:4,RankTypes_id:3,RankTypes_id:0]
6427035,901,3:57:55,8,[PeopleData_id:6]
6427035,904,3:57:55,8,[PeopleData_id:6]
6427035,901,3:57:55,8,[PeopleData_id:6]
6427035,901,3:57:56,8,[PeopleData_id:6]
6427035,904,3:57:56,8,[PeopleData_id:6]
6427035,905,3:57:56,8,[PeopleData_id:6,RankTypes_id:-1,RankTypes_id:3]
6427035,902,3:57:57,8,[PeopleData_id:6,PeopleData_data3Type]
6427035,902,3:58:0,8,[PeopleData_id:6,PeopleData_data2Type]
6427035,903,3:58:3,8,[PeopleData_id6,PeopleData_data2Type]
6427035,901,3:58:4,8,[PeopleData_id:6]
6427035,904,3:58:4,8,[PeopleData_id:6]
6427035,905,3:58:5,8,[PeopleData_id:6,RankTypes_id:3,RankTypes_id:0]
6427035,901,3:58:6,8,[PeopleData_id:2]
6427035,901,3:58:7,8,[PeopleData_id:2]
6427035,904,3:58:7,8,[PeopleData_id:2]
6427035,905,3:58:7,8,[PeopleData_id:2,RankTypes_id:-1,RankTypes_id:4]
6427035,902,3:58:9,8,[PeopleData_id:2,PeopleData_data3Type]
6427035,903,3:58:11,8,[PeopleData_id2,PeopleData_data3Type]
6427035,902,3:58:12,8,[PeopleData_id:2,PeopleData_data2Type]
6427035,902,3:58:14,8,[PeopleData_id:2,PeopleData_data0Type]
6427035,902,3:58:16,8,[PeopleData_id:2,PeopleData_data1Type]
6427035,903,3:58:18,8,[PeopleData_id2,PeopleData_data1Type]
6427035,901,3:58:18,8,[PeopleData_id:2]
6427035,904,3:58:18,8,[PeopleData_id:2]
6427035,905,3:58:19,8,[PeopleData_id:2,RankTypes_id:4,RankTypes_id:0]
6427035,901,3:58:20,8,[PeopleData_id:8]
6427035,904,3:58:20,8,[PeopleData_id:8]
6427035,905,3:58:21,8,[PeopleData_id:8,RankTypes_id:-1,RankTypes_id:4]
6427035,902,3:58:22,8,[PeopleData_id:8,PeopleData_data3Type]
6427035,902,3:58:25,8,[PeopleData_id:8,PeopleData_data2Type]
6427035,902,3:58:27,8,[PeopleData_id:8,PeopleData_data1Type]
6427035,902,3:58:28,8,[PeopleData_id:8,PeopleData_data0Type]
6427035,903,3:58:30,8,[PeopleData_id8,PeopleData_data0Type]
6427035,901,3:58:31,8,[PeopleData_id:7]
6427035,904,3:58:31,8,[PeopleData_id:7]
6427035,905,3:58:32,8,[PeopleData_id:7,RankTypes_id:-1,RankTypes_id:4]
6427035,902,3:58:33,8,[PeopleData_id:7,PeopleData_data3Type]
6427035,902,3:58:37,8,[PeopleData_id:7,PeopleData_data2Type]
6427035,902,3:58:39,8,[PeopleData_id:7,PeopleData_data1Type]
6427035,902,3:58:41,8,[PeopleData_id:7,PeopleData_data0Type]
6427035,903,3:58:45,8,[PeopleData_id7,PeopleData_data0Type]
6427035,901,3:58:46,8,[PeopleData_id:0]
6427035,904,3:58:46,8,[PeopleData_id:0]
6427035,905,3:58:47,8,[PeopleData_id:0,RankTypes_id:-1,RankTypes_id:3]
6427035,902,3:58:48,8,[PeopleData_id:0,PeopleData_data3Type]
6427035,902,3:58:49,8,[PeopleData_id:0,PeopleData_data2Type]
6427035,902,3:58:50,8,[PeopleData_id:0,PeopleData_data1Type]
6427035,902,3:58:50,8,[PeopleData_id:0,PeopleData_data0Type]
6427035,903,3:58:52,8,[PeopleData_id0,PeopleData_data0Type]
6427035,901,3:58:52,8,[PeopleData_id:8]
6427035,904,3:58:53,8,[PeopleData_id:8]
6427035,901,3:58:54,8,[PeopleData_id:0]
6427035,904,3:58:54,8,[PeopleData_id:0]
6427035,905,3:58:56,8,[PeopleData_id:0,RankTypes_id:3,RankTypes_id:1]
6427035,901,3:58:57,8,[PeopleData_id:5]
6427035,902,3:58:58,8,[PeopleData_id:5,PeopleData_data3Type]
6427035,902,3:59:1,8,[PeopleData_id:5,PeopleData_data2Type]
6427035,902,3:59:2,8,[PeopleData_id:5,PeopleData_data1Type]
6427035,902,3:59:4,8,[PeopleData_id:5,PeopleData_data0Type]
6427035,903,3:59:6,8,[PeopleData_id5,PeopleData_data0Type]
6427035,901,3:59:6,8,[PeopleData_id:5]
6427035,904,3:59:7,8,[PeopleData_id:5]
6427035,905,3:59:7,8,[PeopleData_id:5,RankTypes_id:-1,RankTypes_id:3]
6427035,901,3:59:8,8,[PeopleData_id:3]
6427035,904,3:59:8,8,[PeopleData_id:3]
6427035,902,3:59:10,8,[PeopleData_id:3,PeopleData_data3Type]
6427035,902,3:59:11,8,[PeopleData_id:3,PeopleData_data2Type]
6427035,902,3:59:12,8,[PeopleData_id:3,PeopleData_data1Type]
6427035,902,3:59:13,8,[PeopleData_id:3,PeopleData_data0Type]
6427035,903,3:59:15,8,[PeopleData_id3,PeopleData_data0Type]
6427035,901,3:59:16,8,[PeopleData_id:3]
6427035,904,3:59:16,8,[PeopleData_id:3]
6427035,901,3:59:18,8,[PeopleData_id:3]
6427035,904,3:59:18,8,[PeopleData_id:3]
6427035,905,3:59:19,8,[PeopleData_id:3,RankTypes_id:-1,RankTypes_id:3]
6427035,901,3:59:20,8,[PeopleData_id:9]
6427035,902,3:59:22,8,[PeopleData_id:9,PeopleData_data0Type]
6427035,902,3:59:22,8,[PeopleData_id:9,PeopleData_data0Type]
6427035,902,3:59:23,8,[PeopleData_id:9,PeopleData_data1Type]
6427035,902,3:59:23,8,[PeopleData_id:9,PeopleData_data1Type]
6427035,902,3:59:25,8,[PeopleData_id:9,PeopleData_data3Type]
6427035,902,3:59:27,8,[PeopleData_id:9,PeopleData_data2Type]
6427035,902,3:59:30,8,[PeopleData_id:9,PeopleData_data1Type]
6427035,903,3:59:33,8,[PeopleData_id9,PeopleData_data1Type]
6427035,901,3:59:34,8,[PeopleData_id:9]
6427035,904,3:59:34,8,[PeopleData_id:9]
6427035,905,3:59:35,8,[PeopleData_id:9,RankTypes_id:-1,RankTypes_id:3]
6427035,901,3:59:36,8,[PeopleData_id:1]
6427035,904,3:59:36,8,[PeopleData_id:1]
6427035,902,3:59:37,8,[PeopleData_id:1,PeopleData_data1Type]
6427035,902,3:59:38,8,[PeopleData_id:1,PeopleData_data2Type]
6427035,902,3:59:40,8,[PeopleData_id:1,PeopleData_data1Type]
6427035,902,3:59:44,8,[PeopleData_id:1,PeopleData_data2Type]
6427035,902,3:59:49,8,[PeopleData_id:1,PeopleData_data3Type]
6427035,902,3:59:51,8,[PeopleData_id:1,PeopleData_data0Type]
6427035,903,3:59:57,8,[PeopleData_id1,PeopleData_data0Type]
6427035,901,3:59:58,8,[PeopleData_id:1]
6427035,904,3:59:58,8,[PeopleData_id:1]
6427035,905,3:59:59,8,[PeopleData_id:1,RankTypes_id:-1,RankTypes_id:0]
6427035,906,3:59:59,8,[]
6427035,907,4:0:4,8,[]
6427035,908,4:0:4,8,[InvitationData_id:7,PeopleData_id:7,RankTypes_id:4]
6427035,909,4:0:8,8,[InvitationData_id:7,PeopleData_id:7,RankTypes_id:4,1]
6427035,910,4:0:9,8,[InvitationData_id:7,9,false]
6427035,908,4:0:9,8,[InvitationData_id:5,PeopleData_id:0,RankTypes_id:1]
6427035,909,4:0:15,8,[InvitationData_id:5,PeopleData_id:0,RankTypes_id:1,0]
6427035,910,4:0:16,8,[InvitationData_id:5,0,false]
6427035,908,4:0:16,8,[InvitationData_id:0,PeopleData_id:0,RankTypes_id:1]
6427035,909,4:0:22,8,[InvitationData_id:0,PeopleData_id:0,RankTypes_id:1,1]
6427035,910,4:0:24,8,[InvitationData_id:0,0,true]
6427035,908,4:0:24,8,[InvitationData_id:11,PeopleData_id:7,RankTypes_id:4]
6427035,909,4:0:26,8,[InvitationData_id:11,PeopleData_id:7,RankTypes_id:4,1]
6427035,910,4:0:27,8,[InvitationData_id:11,9,false]
6427035,908,4:0:27,8,[InvitationData_id:8,PeopleData_id:7,RankTypes_id:4]
6427035,909,4:0:29,8,[InvitationData_id:8,PeopleData_id:7,RankTypes_id:4,1]
6427035,910,4:0:30,8,[InvitationData_id:8,9,false]
6427035,908,4:0:30,8,[InvitationData_id:6,PeopleData_id:7,RankTypes_id:4]
6427035,909,4:0:31,8,[InvitationData_id:6,PeopleData_id:7,RankTypes_id:4,1]
6427035,910,4:0:32,8,[InvitationData_id:6,9,false]
6427035,908,4:0:32,8,[InvitationData_id:10,PeopleData_id:9,RankTypes_id:3]
6427035,909,4:0:35,8,[InvitationData_id:10,PeopleData_id:9,RankTypes_id:3,1]
6427035,910,4:0:37,8,[InvitationData_id:10,7,false]
6427035,908,4:0:37,8,[InvitationData_id:4,PeopleData_id:3,RankTypes_id:3]
6427035,909,4:0:42,8,[InvitationData_id:4,PeopleData_id:3,RankTypes_id:3,1]
6427035,910,4:0:43,8,[InvitationData_id:4,0,true]
6427035,908,4:0:43,8,[InvitationData_id:1,PeopleData_id:3,RankTypes_id:3]
6427035,909,4:0:46,8,[InvitationData_id:1,PeopleData_id:3,RankTypes_id:3,0]
6427035,910,4:0:47,8,[InvitationData_id:1,-7,false]
6427035,908,4:0:47,8,[InvitationData_id:9,PeopleData_id:7,RankTypes_id:4]
6427035,909,4:0:50,8,[InvitationData_id:9,PeopleData_id:7,RankTypes_id:4,1]
6427035,910,4:0:51,8,[InvitationData_id:9,9,false]
6427035,908,4:0:51,8,[InvitationData_id:12,PeopleData_id:0,RankTypes_id:1]
6427035,909,4:0:54,8,[InvitationData_id:12,PeopleData_id:0,RankTypes_id:1,1]
6427035,910,4:0:55,8,[InvitationData_id:12,3,false]
6427035,908,4:0:55,8,[InvitationData_id:3,PeopleData_id:9,RankTypes_id:3]
6427035,909,4:1:5,8,[InvitationData_id:3,PeopleData_id:9,RankTypes_id:3,0]
6427035,910,4:1:6,8,[InvitationData_id:3,-7,false]
6427035,911,4:1:7,8,[41,2,0,2]
6427035,1001,4:1:9,8,[]
6427035,1003,4:1:9,2
6427035,1004,4:1:11,2
6427035,900,4:1:14,2,[]
6427035,1002,4:1:21,2
6427035,1003,4:1:21,2
6427035,1004,4:1:23,8
6427035,900,4:1:34,8,[]
6427035,901,4:1:46,8,[PeopleData_id:8]
6427035,902,4:1:47,8,[PeopleData_id:8,PeopleData_data3Type]
6427035,902,4:1:51,8,[PeopleData_id:8,PeopleData_data2Type]
6427035,902,4:1:53,8,[PeopleData_id:8,PeopleData_data1Type]
6427035,902,4:1:54,8,[PeopleData_id:8,PeopleData_data0Type]
6427035,903,4:1:55,8,[PeopleData_id8,PeopleData_data0Type]
6427035,901,4:1:56,8,[PeopleData_id:8]
6427035,904,4:1:56,8,[PeopleData_id:8]
6427035,905,4:1:56,8,[PeopleData_id:8,RankTypes_id:-1,RankTypes_id:4]
6427035,901,4:1:58,8,[PeopleData_id:6]
6427035,902,4:1:59,8,[PeopleData_id:6,PeopleData_data3Type]
6427035,902,4:2:0,8,[PeopleData_id:6,PeopleData_data2Type]
6427035,902,4:2:8,8,[PeopleData_id:6,PeopleData_data1Type]
6427035,903,4:2:11,8,[PeopleData_id6,PeopleData_data1Type]
6427035,901,4:2:12,8,[PeopleData_id:6]
6427035,904,4:2:12,8,[PeopleData_id:6]
6427035,905,4:2:13,8,[PeopleData_id:6,RankTypes_id:-1,RankTypes_id:0]
6427035,901,4:2:14,8,[PeopleData_id:0]
6427035,902,4:2:15,8,[PeopleData_id:0,PeopleData_data0Type]
6427035,902,4:2:18,8,[PeopleData_id:0,PeopleData_data1Type]
6427035,902,4:2:20,8,[PeopleData_id:0,PeopleData_data2Type]
6427035,902,4:2:24,8,[PeopleData_id:0,PeopleData_data3Type]
6427035,903,4:2:26,8,[PeopleData_id0,PeopleData_data3Type]
6427035,901,4:2:27,8,[PeopleData_id:0]
6427035,904,4:2:27,8,[PeopleData_id:0]
6427035,905,4:2:28,8,[PeopleData_id:0,RankTypes_id:-1,RankTypes_id:3]
6427035,901,4:2:29,8,[PeopleData_id:2]
6427035,904,4:2:29,8,[PeopleData_id:2]
6427035,902,4:2:30,8,[PeopleData_id:2,PeopleData_data0Type]
6427035,903,4:2:33,8,[PeopleData_id2,PeopleData_data0Type]
6427035,901,4:2:34,8,[PeopleData_id:0]
6427035,904,4:2:34,8,[PeopleData_id:0]
6427035,905,4:2:34,8,[PeopleData_id:0,RankTypes_id:3,RankTypes_id:2]
6427035,901,4:2:36,8,[PeopleData_id:2]
6427035,902,4:2:37,8,[PeopleData_id:2,PeopleData_data1Type]
6427035,903,4:2:39,8,[PeopleData_id2,PeopleData_data1Type]
6427035,901,4:2:39,8,[PeopleData_id:2]
6427035,904,4:2:40,8,[PeopleData_id:2]
6427035,905,4:2:40,8,[PeopleData_id:2,RankTypes_id:-1,RankTypes_id:0]
6427035,901,4:2:42,8,[PeopleData_id:3]
6427035,904,4:2:42,8,[PeopleData_id:3]
6427035,902,4:2:44,8,[PeopleData_id:3,PeopleData_data0Type]
6427035,902,4:2:46,8,[PeopleData_id:3,PeopleData_data1Type]
6427035,902,4:2:47,8,[PeopleData_id:3,PeopleData_data2Type]
6427035,902,4:2:49,8,[PeopleData_id:3,PeopleData_data3Type]
6427035,903,4:2:50,8,[PeopleData_id3,PeopleData_data3Type]
6427035,901,4:2:52,8,[PeopleData_id:3]
6427035,904,4:2:52,8,[PeopleData_id:3]
6427035,905,4:2:53,8,[PeopleData_id:3,RankTypes_id:-1,RankTypes_id:4]
6427035,902,4:2:55,8,[PeopleData_id:3,PeopleData_data2Type]
6427035,902,4:3:2,8,[PeopleData_id:3,PeopleData_data1Type]
6427035,902,4:3:2,8,[PeopleData_id:3,PeopleData_data1Type]
6427035,902,4:3:6,8,[PeopleData_id:3,PeopleData_data0Type]
6427035,902,4:3:10,8,[PeopleData_id:3,PeopleData_data3Type]
6427035,903,4:3:16,8,[PeopleData_id3,PeopleData_data3Type]
6427035,901,4:3:17,8,[PeopleData_id:3]
6427035,904,4:3:17,8,[PeopleData_id:3]
6427035,905,4:3:18,8,[PeopleData_id:3,RankTypes_id:4,RankTypes_id:2]
6427035,901,4:3:21,8,[PeopleData_id:9]
6427035,904,4:3:21,8,[PeopleData_id:9]
6427035,902,4:3:24,8,[PeopleData_id:9,PeopleData_data0Type]
6427035,902,4:3:32,8,[PeopleData_id:9,PeopleData_data2Type]
6427035,902,4:3:32,8,[PeopleData_id:9,PeopleData_data1Type]
6427035,902,4:3:34,8,[PeopleData_id:9,PeopleData_data2Type]
6427035,902,4:3:35,8,[PeopleData_id:9,PeopleData_data3Type]
6427035,903,4:3:38,8,[PeopleData_id9,PeopleData_data3Type]
6427035,901,4:3:40,8,[PeopleData_id:9]
6427035,902,4:3:41,8,[PeopleData_id:9,PeopleData_data2Type]
6427035,903,4:3:47,8,[PeopleData_id9,PeopleData_data2Type]
6427035,901,4:3:48,8,[PeopleData_id:9]
6427035,904,4:3:48,8,[PeopleData_id:9]
6427035,905,4:3:49,8,[PeopleData_id:9,RankTypes_id:-1,RankTypes_id:2]
6427035,901,4:3:50,8,[PeopleData_id:7]
6427035,904,4:3:50,8,[PeopleData_id:7]
6427035,902,4:3:52,8,[PeopleData_id:7,PeopleData_data0Type]
6427035,902,4:3:56,8,[PeopleData_id:7,PeopleData_data1Type]
6427035,902,4:3:57,8,[PeopleData_id:7,PeopleData_data1Type]
6427035,903,4:4:0,8,[PeopleData_id7,PeopleData_data1Type]
6427035,902,4:4:1,8,[PeopleData_id:7,PeopleData_data2Type]
6427035,902,4:4:3,8,[PeopleData_id:7,PeopleData_data3Type]
6427035,903,4:4:6,8,[PeopleData_id7,PeopleData_data3Type]
6427035,901,4:4:7,8,[PeopleData_id:5]
6427035,901,4:4:8,8,[PeopleData_id:7]
6427035,901,4:4:12,8,[PeopleData_id:7]
6427035,904,4:4:12,8,[PeopleData_id:7]
6427035,905,4:4:13,8,[PeopleData_id:7,RankTypes_id:-1,RankTypes_id:3]
6427035,902,4:4:20,8,[PeopleData_id:7,PeopleData_data0Type]
6427035,903,4:4:23,8,[PeopleData_id7,PeopleData_data0Type]
6427035,901,4:4:24,8,[PeopleData_id:5]
6427035,902,4:4:25,8,[PeopleData_id:5,PeopleData_data0Type]
6427035,902,4:4:32,8,[PeopleData_id:5,PeopleData_data1Type]
6427035,902,4:4:34,8,[PeopleData_id:5,PeopleData_data2Type]
6427035,902,4:4:37,8,[PeopleData_id:5,PeopleData_data3Type]
6427035,903,4:4:38,8,[PeopleData_id5,PeopleData_data3Type]
6427035,901,4:4:39,8,[PeopleData_id:5]
6427035,904,4:4:40,8,[PeopleData_id:5]
6427035,905,4:4:40,8,[PeopleData_id:5,RankTypes_id:-1,RankTypes_id:4]
6427035,902,4:4:45,8,[PeopleData_id:5,PeopleData_data0Type]
6427035,902,4:4:48,8,[PeopleData_id:5,PeopleData_data1Type]
6427035,902,4:4:53,8,[PeopleData_id:5,PeopleData_data2Type]
6427035,902,4:4:55,8,[PeopleData_id:5,PeopleData_data3Type]
6427035,903,4:4:57,8,[PeopleData_id5,PeopleData_data3Type]
6427035,901,4:4:58,8,[PeopleData_id:1]
6427035,904,4:4:58,8,[PeopleData_id:1]
6427035,902,4:5:0,8,[PeopleData_id:1,PeopleData_data0Type]
6427035,902,4:5:3,8,[PeopleData_id:1,PeopleData_data1Type]
6427035,902,4:5:4,8,[PeopleData_id:1,PeopleData_data2Type]
6427035,902,4:5:5,8,[PeopleData_id:1,PeopleData_data3Type]
6427035,903,4:5:7,8,[PeopleData_id1,PeopleData_data3Type]
6427035,901,4:5:7,8,[PeopleData_id:1]
6427035,904,4:5:7,8,[PeopleData_id:1]
6427035,905,4:5:8,8,[PeopleData_id:1,RankTypes_id:-1,RankTypes_id:0]
6427035,902,4:5:9,8,[PeopleData_id:1,PeopleData_data0Type]
6427035,902,4:5:11,8,[PeopleData_id:1,PeopleData_data1Type]
6427035,903,4:5:16,8,[PeopleData_id1,PeopleData_data1Type]
6427035,902,4:5:18,8,[PeopleData_id:1,PeopleData_data2Type]
6427035,903,4:5:26,8,[PeopleData_id1,PeopleData_data2Type]
6427035,901,4:5:27,8,[PeopleData_id:1]
6427035,904,4:5:27,8,[PeopleData_id:1]
6427035,905,4:5:29,8,[PeopleData_id:1,RankTypes_id:0,RankTypes_id:3]
6427035,901,4:5:30,8,[PeopleData_id:1]
6427035,904,4:5:30,8,[PeopleData_id:1]
6427035,905,4:5:31,8,[PeopleData_id:1,RankTypes_id:3,RankTypes_id:2]
6427035,901,4:5:33,8,[PeopleData_id:4]
6427035,902,4:5:35,8,[PeopleData_id:4,PeopleData_data0Type]
6427035,902,4:5:38,8,[PeopleData_id:4,PeopleData_data1Type]
6427035,902,4:5:40,8,[PeopleData_id:4,PeopleData_data2Type]
6427035,902,4:5:42,8,[PeopleData_id:4,PeopleData_data3Type]
6427035,903,4:5:45,8,[PeopleData_id4,PeopleData_data3Type]
6427035,901,4:5:46,8,[PeopleData_id:4]
6427035,904,4:5:46,8,[PeopleData_id:4]
6427035,901,4:5:48,8,[PeopleData_id:4]
6427035,904,4:5:48,8,[PeopleData_id:4]
6427035,905,4:5:50,8,[PeopleData_id:4,RankTypes_id:-1,RankTypes_id:0]
6427035,906,4:5:50,8,[]
6427035,907,4:5:59,8,[]
6427035,908,4:5:59,8,[InvitationData_id:9,PeopleData_id:8,RankTypes_id:4]
6427035,909,4:6:3,8,[InvitationData_id:9,PeopleData_id:8,RankTypes_id:4,1]
6427035,910,4:6:4,8,[InvitationData_id:9,9,false]
6427035,908,4:6:4,8,[InvitationData_id:7,PeopleData_id:5,RankTypes_id:4]
6427035,909,4:6:7,8,[InvitationData_id:7,PeopleData_id:5,RankTypes_id:4,1]
6427035,910,4:6:9,8,[InvitationData_id:7,9,false]
6427035,908,4:6:9,8,[InvitationData_id:1,PeopleData_id:3,RankTypes_id:2]
6427035,901,4:6:10,8,[PeopleData_id:0]
6427035,909,4:6:17,8,[InvitationData_id:1,PeopleData_id:3,RankTypes_id:2,0]
6427035,910,4:6:18,8,[InvitationData_id:1,-2,false]
6427035,908,4:6:18,8,[InvitationData_id:6,PeopleData_id:8,RankTypes_id:4]
6427035,909,4:6:25,8,[InvitationData_id:6,PeopleData_id:8,RankTypes_id:4,1]
6427035,910,4:6:26,8,[InvitationData_id:6,9,false]
6427035,908,4:6:26,8,[InvitationData_id:3,PeopleData_id:0,RankTypes_id:2]
6427035,909,4:6:32,8,[InvitationData_id:3,PeopleData_id:0,RankTypes_id:2,1]
6427035,910,4:6:33,8,[InvitationData_id:3,0,true]
6427035,908,4:6:33,8,[InvitationData_id:12,PeopleData_id:0,RankTypes_id:2]
6427035,909,4:6:37,8,[InvitationData_id:12,PeopleData_id:0,RankTypes_id:2,0]
6427035,910,4:6:39,8,[InvitationData_id:12,-2,false]
6427035,908,4:6:39,8,[InvitationData_id:0,PeopleData_id:0,RankTypes_id:2]
6427035,909,4:6:45,8,[InvitationData_id:0,PeopleData_id:0,RankTypes_id:2,1]
6427035,910,4:6:46,8,[InvitationData_id:0,0,true]
6427035,908,4:6:46,8,[InvitationData_id:8,PeopleData_id:5,RankTypes_id:4]
6427035,909,4:6:49,8,[InvitationData_id:8,PeopleData_id:5,RankTypes_id:4,1]
6427035,910,4:6:52,8,[InvitationData_id:8,9,false]
6427035,908,4:6:52,8,[InvitationData_id:4,PeopleData_id:3,RankTypes_id:2]
6427035,909,4:6:56,8,[InvitationData_id:4,PeopleData_id:3,RankTypes_id:2,0]
6427035,910,4:6:58,8,[InvitationData_id:4,-2,false]
6427035,908,4:6:58,8,[InvitationData_id:11,PeopleData_id:7,RankTypes_id:3]
6427035,909,4:7:2,8,[InvitationData_id:11,PeopleData_id:7,RankTypes_id:3,1]
6427035,910,4:7:3,8,[InvitationData_id:11,7,false]
6427035,908,4:7:3,8,[InvitationData_id:5,PeopleData_id:0,RankTypes_id:2]
6427035,909,4:7:6,8,[InvitationData_id:5,PeopleData_id:0,RankTypes_id:2,0]
6427035,910,4:7:8,8,[InvitationData_id:5,-2,false]
6427035,908,4:7:8,8,[InvitationData_id:10,PeopleData_id:0,RankTypes_id:2]
6427035,909,4:7:11,8,[InvitationData_id:10,PeopleData_id:0,RankTypes_id:2,1]
6427035,910,4:7:13,8,[InvitationData_id:10,5,false]
6427035,911,4:7:14,8,[40,2,1,2]
6427035,1001,4:7:28,8,[]
6427035,1003,4:7:28,2
6427035,1004,4:7:43,2
6427035,900,4:7:45,2,[]
6427035,1002,4:7:56,2
6427035,1003,4:7:56,2
6427035,210,4:8:3,1252,412
6427035,207,4:8:3,2,-200,-335
6427035,211,4:8:5,1019,473
6427035,213,4:8:5,2,c_crush2_F_a_G8a1P,true
6427035,205,4:8:5,2,c_crush2_F_a_G8a1P,false,false
6427035,210,4:8:11,1412,530
6427035,207,4:8:11,2,-335,-492
6427035,211,4:8:12,1389,516
6427035,212,4:8:12,1
6427035,210,4:8:13,1386,432
6427035,211,4:8:14,1196,474
6427035,212,4:8:15,0
6427035,210,4:8:16,1168,427
6427035,211,4:8:18,758,443
6427035,210,4:8:25,1156,428
6427035,207,4:8:28,2,-492,-252
6427035,211,4:8:28,496,160
6427035,212,4:8:29,2
6427035,210,4:8:30,468,110
6427035,211,4:8:30,487,179
6427035,212,4:8:31,0
6427035,210,4:8:32,473,104
6427035,211,4:8:33,507,217
6427035,212,4:8:33,1
6427035,210,4:8:34,474,102
6427035,211,4:8:35,479,134
6427035,213,4:8:35,2,s_basementDoor_gen,true
6427035,205,4:8:35,2,s_basementDoor_gen,false,false
6427035,210,4:8:39,533,542
6427035,211,4:8:40,562,616
6427035,213,4:8:40,2,s_dirtyClothes_gen,true
6427035,205,4:8:40,2,s_dirtyClothes_gen,false,false
6427035,210,4:8:43,455,505
6427035,207,4:8:44,2,-252,-72
6427035,211,4:8:44,29,509
6427035,207,4:8:44,2,-72,-12
6427035,207,4:8:44,2,-12,0
6427035,210,4:8:45,3,508
6427035,207,4:8:47,2,0,-492
6427035,207,4:8:52,2,-492,-312
6427035,211,4:8:54,1252,561
6427035,212,4:8:55,0
6427035,210,4:8:56,1212,431
6427035,211,4:8:57,1167,522
6427035,221,4:8:58,2
6427035,220,4:9:1,2
6427035,210,4:9:3,1027,430
6427035,207,4:9:8,2,-312,-147
6427035,207,4:9:10,2,-147,-342
6427035,211,4:9:11,1168,442
6427035,213,4:9:11,2,s_spraypaintCrush2_F_G8a1P,true
6427035,219,4:9:15,2
6427035,216,4:9:16,Stack_G8a2N
6427035,217,4:9:27,Stack_G8a2N,4.3,1.7
6427035,216,4:9:28,Stack_G8a2N
6427035,217,4:9:35,Stack_G8a2N,4.3,1.7
6427035,218,4:9:39,2
6427035,210,4:9:40,1048,370
6427035,211,4:9:41,1038,427
6427035,213,4:9:41,2,s_fumes_G8a2N,true
6427035,210,4:9:50,489,97
6427035,207,4:9:52,2,-200,-275
6427035,211,4:9:52,1165,615
6427035,212,4:9:53,2
6427035,210,4:9:54,1085,461
6427035,211,4:9:55,1135,609
6427035,212,4:9:56,1
6427035,210,4:9:56,1058,378
6427035,211,4:9:58,1131,566
6427035,213,4:9:58,2,c_crush2_F_a_G8a2N,true
6427035,205,4:9:58,2,c_crush2_F_a_G8a2N,false,false
6427035,212,4:10:3,0
6427035,210,4:10:4,1094,503
6427035,211,4:10:6,635,517
6427035,212,4:10:7,2
6427035,210,4:10:7,1047,510
6427035,211,4:10:9,1224,677
6427035,212,4:10:9,0
6427035,210,4:10:10,1194,510
6427035,211,4:10:11,1212,534
6427035,213,4:10:11,2,s_spraypaintCan_G8a2N,true
6427035,205,4:10:11,2,s_spraypaintCan_G8a2N,false,false
6427035,210,4:10:19,701,484
6427035,207,4:10:20,2,-200,-492
6427035,211,4:10:25,1364,517
6427035,213,4:10:25,2,s_inhalantsShelf_gen,true
6427035,205,4:10:25,2,s_inhalantsShelf_gen,false,false
6427035,210,4:10:30,1447,553
6427035,211,4:10:31,1480,622
6427035,221,4:10:38,2
6427035,220,4:10:41,2
6427035,219,4:10:41,2
6427035,216,4:10:42,Stack_G8a2P
6427035,217,4:10:59,Stack_G8a2P,13,0.33
6427035,218,4:11:2,2
6427035,210,4:11:3,1118,279
6427035,207,4:11:8,2,-400,0
6427035,211,4:11:9,2,476
6427035,210,4:11:9,130,536
6427035,211,4:11:10,245,599
6427035,212,4:11:12,2
6427035,221,4:11:14,2
6427035,220,4:11:20,2
6427035,210,4:11:21,470,497
6427035,211,4:11:22,484,502
6427035,213,4:11:22,2,c_kidSister_cauc_a_G8a2P,true
6427035,205,4:11:22,2,c_kidSister_cauc_a_G8a2P,false,false
6427035,210,4:11:25,829,382
6427035,207,4:11:26,2,0,-300
6427035,211,4:11:27,1350,261
6427035,207,4:11:27,2,-300,-345
6427035,210,4:11:28,1386,302
6427035,207,4:11:29,2,-345,-995
6427035,211,4:11:31,1990,131
6427035,213,4:11:31,2,s_pictureDad_cauc_gen,true
6427035,205,4:11:31,2,s_pictureDad_cauc_gen,false,false
6427035,210,4:11:35,1826,150
6427035,211,4:11:36,1900,493
6427035,213,4:11:36,2,c_crush2_F_a_G8a2P,true
6427035,205,4:11:36,2,c_crush2_F_a_G8a2P,false,false
6427035,212,4:11:40,1
6427035,210,4:11:41,1753,235
6427035,211,4:11:45,1187,324
6427035,213,4:11:45,2,c_grandma_cauc_a_G8a2P,true
6427035,210,4:11:50,1549,536
6427035,211,4:11:52,955,202
6427035,207,4:11:52,2,-995,-935
6427035,210,4:11:53,929,205
6427035,207,4:11:53,2,-935,-860
6427035,207,4:11:55,2,-860,-380
6427035,207,4:11:57,2,-380,0
6427035,211,4:11:59,210,515
6427035,212,4:12:0,0
6427035,210,4:12:1,446,276
6427035,211,4:12:2,510,340
6427035,221,4:12:3,2
6427035,220,4:12:5,2
6427035,210,4:12:6,703,514
6427035,211,4:12:7,707,531
6427035,213,4:12:7,2,s_sistersToy_G8a2P,true
6427035,205,4:12:7,2,s_sistersToy_G8a2P,false,false
6427035,210,4:12:10,775,231
6427035,207,4:12:11,2,0,-90
6427035,207,4:12:12,2,-90,-345
6427035,211,4:12:20,1055,317
6427035,210,4:12:21,1051,255
6427035,211,4:12:23,1055,318
6427035,213,4:12:23,2,s_cigarette_G8a2P,true
6427035,210,4:12:29,1232,62
6427035,207,4:12:30,2,-345,-660
6427035,211,4:12:33,1375,625
6427035,213,4:12:33,2,s_ashtray_G8a2P,true
6427035,210,4:12:36,1549,189
6427035,207,4:12:37,2,-660,-990
6427035,207,4:12:41,2,-990,-995
6427035,211,4:12:42,2013,511
6427035,210,4:12:42,1902,546
6427035,211,4:12:44,1528,605
6427035,213,4:12:44,2,s_magazine_G8a2P,true
6427035,205,4:12:44,2,s_magazine_G8a2P,false,false
6427035,221,4:12:48,2
6427035,300,4:12:53
6427035,220,4:12:53,2
6427035,301,4:12:56,2
6427035,302,4:13:23,2,2,0,2
6427035,302,4:13:23,2,2,0,1
6427035,302,4:13:27,2,2,0,0
6427035,304,4:13:29,2,2,0,-1,,0,
6427035,305,4:13:38,2,3,0,-1,
6427035,302,4:13:45,2,2,0,11
6427035,302,4:13:48,2,2,0,13
6427035,305,4:13:49,2,2,0,0,
6427035,302,4:13:53,2,2,0,3
6427035,302,4:13:54,2,2,0,7
6427035,302,4:13:58,2,2,0,13
6427035,304,4:13:59,2,2,0,0,,13,
6427035,302,4:14:15,2,3,0,2
6427035,304,4:14:16,2,3,0,-1,,2,
6427035,305,4:14:24,2,4,0,-1,
6427035,302,4:14:30,2,4,0,5
6427035,306,4:14:31,2,0,1
6427035,304,4:14:31,2,4,0,-1,,5,
6427035,302,4:14:38,2,0,0,3
6427035,302,4:14:40,2,0,0,2
6427035,304,4:14:41,2,0,0,-1,,2,
6427035,302,4:14:45,2,4,1,1
6427035,302,4:14:47,2,4,1,4
6427035,306,4:14:49,2,1,2
6427035,304,4:14:49,2,4,1,-1,,4,
6427035,302,4:14:54,2,4,0,4
6427035,304,4:14:57,2,4,0,5,,4,
6427035,305,4:15:1,2,0,0,2,
6427035,303,4:15:9,2,0,0,2
6427035,304,4:15:42,2,0,0,2,,2,Be Ligthning
6427035,302,4:16:18,2,1,0,7
6427035,302,4:16:19,2,1,0,6
6427035,302,4:16:29,2,1,0,3
6427035,302,4:16:30,2,1,0,6
6427035,302,4:16:35,2,1,0,4
6427035,302,4:16:36,2,1,0,8
6427035,302,4:16:42,2,1,0,4
6427035,302,4:16:46,2,1,0,8
6427035,302,4:16:46,2,1,0,4
6427035,302,4:16:47,2,1,0,8
6427035,302,4:16:47,2,1,0,4
6427035,302,4:16:49,2,1,0,8
6427035,302,4:16:49,2,1,0,4
6427035,303,4:17:1,2,1,0,4
6427035,304,4:19:44,2,1,0,-1,,4,A FAMILY PET
6427035,302,4:21:49,2,5,0,5
6427035,302,4:21:51,2,5,0,2
6427035,306,4:21:53,2,2,3
6427035,304,4:21:53,2,5,0,-1,,2,
6427035,204,4:25:29,2
6427035,103,4:25:31
6427035,105,4:25:33
6427035,703,4:25:35,[|| EpilogueItem ID: 0 unlocked: true ||,|| EpilogueItem ID: 1 unlocked: true ||,|| EpilogueItem ID: 2 unlocked: false ||,|| EpilogueItem ID: 3 unlocked: false ||,|| EpilogueItem ID: 4 unlocked: false ||,|| EpilogueItem ID: 5 unlocked: false ||,|| EpilogueItem ID: 6 unlocked: false ||,|| EpilogueItem ID: 7 unlocked: false ||,|| EpilogueItem ID: 8 unlocked: false ||,|| EpilogueItem ID: 9 unlocked: false ||,|| EpilogueItem ID: 10 unlocked: false ||,|| EpilogueItem ID: 11 unlocked: false ||,|| EpilogueItem ID: 12 unlocked: false ||,|| EpilogueItem ID: 13 unlocked: false ||,|| EpilogueItem ID: 14 unlocked: false ||,|| EpilogueItem ID: 15 unlocked: false ||,|| EpilogueItem ID: 16 unlocked: false ||,|| EpilogueItem ID: 17 unlocked: false ||,|| EpilogueItem ID: 18 unlocked: false ||,|| EpilogueItem ID: 19 unlocked: false ||,|| EpilogueItem ID: 20 unlocked: false ||,|| EpilogueItem ID: 21 unlocked: false ||,|| EpilogueItem ID: 22 unlocked: false ||,|| EpilogueItem ID: 23 unlocked: false ||,|| EpilogueItem ID: 24 unlocked: false ||],0.08
6427035,706,4:25:37,(x=0, y=-100, w=1024, h=768),(x=0, y=-100, w=1024, h=768)
6427035,706,4:25:40,(x=1142, y=-100, w=1024, h=768),(x=2214, y=-100, w=1024, h=768)
6427035,706,4:25:41,(x=2531, y=-100, w=1024, h=768),(x=2531, y=-100, w=1024, h=768)
6427035,708,4:25:41
6427035,1,4:25:41,10/31/2013 4:49:45pm,{"gameTime":15941316,"challengeStacks":[{"challengeScenes":[{"miniGameCards":[],"viewedAnimatic":true,"keyPoints":["c_bestFriend_F_a_G7a0","c_teacherEng_G7a0","s_flag_gen"],"unlocked":true,"touchableObjects":["s_vocabAssignment_G7a0","s_doorClassroom_G7a0","s_angelouPoster_gen","s_shakespearePoster_gen","s_poePoster_gen","s_atwoodPoster_gen","c_crewKid1_F_G7a0","s_otherStudent1_G7a0","c_friend1_F_a_G7a0","c_bestFriend_F_a_G7a0","c_teacherEng_G7a0","s_flag_gen","s_clock_G7a0"]},{"miniGameCards":[],"viewedAnimatic":true,"keyPoints":["c_teacherEng_G7a1N","c_bestFriend_F_a_G7a1N","s_paperPlayers_G7a1N"],"unlocked":true,"touchableObjects":["s_flag_gen","c_crewKid1_F_G7a1N","c_teacherEng_G7a1N","s_otherStudent1_G7a1N","s_otherStudent2_G7a1N","s_posterPlagiarism_gen","s_shakespearePoster_gen","c_bestFriend_F_a_G7a1N","s_paperPlayers_G7a1N"]},{"miniGameCards":[],"viewedAnimatic":true,"keyPoints":["c_teacherEng_G7a1P","c_bestFriend_F_a_G7a1P","s_flag_gen","s_paperEnglish_gen"],"unlocked":true,"touchableObjects":["c_teacherEng_G7a1P","s_paperPlayers_G7a1P","c_bestFriend_F_a_G7a1P","s_clock_G7a1P","s_poePoster_gen","s_flag_gen","s_paperEnglish_gen"]}],"stackSize":3,"resolved":true},{"challengeScenes":[{"miniGameCards":[],"viewedAnimatic":true,"keyPoints":["s_backpack_F_G7b0","c_kidSister_cauc_a_G7b0","c_crewKid1_F_G7b0"],"unlocked":true,"touchableObjects":["c_cousin_F_a_G7b0","s_backpack_F_G7b0","s_snackBarWorker_G7b0","c_cousinsBrothersFriend_a_G7b0","c_kidSister_cauc_a_G7b0","c_crewKid1_F_G7b0","c_crewKid2_F_G7b0"]},{"miniGameCards":[],"viewedAnimatic":true,"keyPoints":["c_kidSister_cauc_a_G7b1N","s_brokenCarWindow_G7b1N","s_graffiti_G7b1N","s_sprayPaintCan_G7b1N","c_crewKid1_F_G7b1N"],"unlocked":true,"touchableObjects":["c_kidSister_cauc_a_G7b1N","c_teacherEng_G7b1N","s_brokenCarWindow_G7b1N","s_graffiti_G7b1N","s_cat_G7b1N","s_sprayPaintCan_G7b1N","s_flag_G7b1N","c_crewKid1_F_G7b1N","c_crewKid2_F_a_G7b1N"]},{"miniGameCards":[],"viewedAnimatic":true,"keyPoints":["c_cousin_F_a_G7b1P","c_cousinsBrother_a_G7b1P","c_cousinsBrothersFriend_a_G7b1P","s_poolDay_ruleSign_G7b1P"],"unlocked":true,"touchableObjects":["c_cousin_F_a_G7b1P","c_cousinsBrother_a_G7b1P","c_crush1_F_a_G7b1P","c_cousinsBrothersFriend_a_G7b1P","s_poolDay_ruleSign_G7b1P"]},{"miniGameCards":[],"viewedAnimatic":true,"keyPoints":["c_crush1_F_a_G7b2N","s_kid1_G7b2N","c_cousin_F_a_G7b2N","c_kidSister_cauc_a_G7b2N"],"unlocked":true,"touchableObjects":["c_cousinsBrothersFriend_a_G7b2N","c_crush1_F_a_G7b2N","s_kid1_G7b2N","c_cousin_F_a_G7b2N","c_kidSister_cauc_a_G7b2N","c_cousinsBrother_a_G7b2N"]},{"miniGameCards":[],"viewedAnimatic":true,"keyPoints":["c_kidSister_cauc_a_G7b2P","s_pictureDad_cauc_F_gen","c_cousin_F_a_G7b2P","s_computer_F_G7b2P"],"unlocked":true,"touchableObjects":["c_grandma_cauc_a_G7b2P","c_kidSister_cauc_a_G7b2P","s_pictureDad_cauc_F_gen","c_cousin_F_a_G7b2P","s_computer_F_G7b2P"]}],"stackSize":5,"resolved":true},{"challengeScenes":[{"miniGameCards":[],"viewedAnimatic":true,"keyPoints":["c_cousin_F_a_G8a0","c_crush2_F_a_G8a0","s_cellphone_G8a0","s_clock_G8a0","s_bottleCrush2_F_G8a0"],"unlocked":true,"touchableObjects":["c_cousin_F_a_G8a0","c_crush2_F_a_G8a0","s_cellphone_G8a0","s_beerSixpack_G8a0","s_clock_G8a0","s_bottleCrush2_F_G8a0","s_cigaretteKid1_G8a0","c_crewKid1_F_a_G8a0","s_stairs_G8a0","s_beerCooler_G8a0"]},{"miniGameCards":[],"viewedAnimatic":true,"keyPoints":["s_basementDoor_gen","s_dirtyClothes_gen","s_crush2Sore_F_G8a1N","s_crush2Lips_F_G8a1N","s_crush2Eyes_F_G8a1N"],"unlocked":true,"touchableObjects":["c_crush2_F_a_G8a1N","s_basementDoor_gen","s_dirtyClothes_gen","s_waterHeater_gen","s_crush2Sore_F_G8a1N","s_crush2Lips_F_G8a1N","s_crush2Eyes_F_G8a1N"]},{"miniGameCards":[],"viewedAnimatic":true,"keyPoints":["c_crush2_F_a_G8a1P","s_basementDoor_gen","s_dirtyClothes_gen","s_inhalantsShelf_gen"],"unlocked":true,"touchableObjects":["c_crush2_F_a_G8a1P","s_basementDoor_gen","s_dirtyClothes_gen","s_spraypaintCrush2_F_G8a1P","s_inhalantsShelf_gen"]},{"miniGameCards":[],"viewedAnimatic":true,"keyPoints":["c_crush2_F_a_G8a2N","s_spraypaintCan_G8a2N"],"unlocked":true,"touchableObjects":["s_fumes_G8a2N","c_crush2_F_a_G8a2N","s_spraypaintCan_G8a2N"]},{"miniGameCards":[],"viewedAnimatic":true,"keyPoints":["c_kidSister_cauc_a_G8a2P","s_pictureDad_cauc_gen","c_crush2_F_a_G8a2P","s_sistersToy_G8a2P","s_magazine_G8a2P"],"unlocked":true,"touchableObjects":["c_kidSister_cauc_a_G8a2P","s_pictureDad_cauc_gen","c_crush2_F_a_G8a2P","c_grandma_cauc_a_G8a2P","s_sistersToy_G8a2P","s_cigarette_G8a2P","s_ashtray_G8a2P","s_magazine_G8a2P"]},{"miniGameCards":[],"viewedAnimatic":true,"keyPoints":["c_nurse_a_G8a3N","s_pamphlet1_G8a3N","s_mirror_cauc_F_a_G8a3N","s_pamphlet3_G8a3N"],"unlocked":true,"touchableObjects":["c_nurse_a_G8a3N","s_door_G8a3N","s_pamphlet1_G8a3N","s_mirror_cauc_F_a_G8a3N","s_pamphlet3_G8a3N"]},{"miniGameCards":[],"viewedAnimatic":true,"keyPoints":["s_kidsCouch_G8a3P","c_crush2_F_a_G8a3P"],"unlocked":true,"touchableObjects":["s_kidsCouch_G8a3P","c_crush2_F_a_G8a3P","s_kidStanding_G8a3P","c_cousin_F_a_G8a3P","c_crewKid1_F_a_G8a3P"]}],"stackSize":7,"resolved":false},{"challengeScenes":[{"miniGameCards":[],"viewedAnimatic":false,"keyPoints":[],"unlocked":false,"touchableObjects":[]},{"miniGameCards":[],"viewedAnimatic":false,"keyPoints":[],"unlocked":false,"touchableObjects":[]},{"miniGameCards":[],"viewedAnimatic":false,"keyPoints":[],"unlocked":false,"touchableObjects":[]},{"miniGameCards":[],"viewedAnimatic":false,"keyPoints":[],"unlocked":false,"touchableObjects":[]},{"miniGameCards":[],"viewedAnimatic":false,"keyPoints":[],"unlocked":false,"touchableObjects":[]}],"stackSize":5,"resolved":false},{"challengeScenes":[{"miniGameCards":[],"viewedAnimatic":false,"keyPoints":[],"unlocked":true,"touchableObjects":[]},{"miniGameCards":[],"viewedAnimatic":false,"keyPoints":[],"unlocked":true,"touchableObjects":[]},{"miniGameCards":[],"viewedAnimatic":false,"keyPoints":[],"unlocked":false,"touchableObjects":[]},{"miniGameCards":[],"viewedAnimatic":false,"keyPoints":[],"unlocked":false,"touchableObjects":[]},{"miniGameCards":[],"viewedAnimatic":false,"keyPoints":[],"unlocked":false,"touchableObjects":[]}],"stackSize":5,"resolved":false},{"challengeScenes":[{"miniGameCards":[],"viewedAnimatic":false,"keyPoints":[],"unlocked":false,"touchableObjects":[]},{"miniGameCards":[],"viewedAnimatic":false,"keyPoints":[],"unlocked":false,"touchableObjects":[]},{"miniGameCards":[],"viewedAnimatic":false,"keyPoints":[],"unlocked":false,"touchableObjects":[]},{"miniGameCards":[],"viewedAnimatic":false,"keyPoints":[],"unlocked":false,"touchableObjects":[]},{"miniGameCards":[],"viewedAnimatic":false,"keyPoints":[],"unlocked":false,"touchableObjects":[]}],"stackSize":5,"resolved":false},{"challengeScenes":[{"miniGameCards":[],"viewedAnimatic":false,"keyPoints":[],"unlocked":false,"touchableObjects":[]},{"miniGameCards":[],"viewedAnimatic":false,"keyPoints":[],"unlocked":false,"touchableObjects":[]},{"miniGameCards":[],"viewedAnimatic":false,"keyPoints":[],"unlocked":false,"touchableObjects":[]},{"miniGameCards":[],"viewedAnimatic":false,"keyPoints":[],"unlocked":false,"touchableObjects":[]},{"miniGameCards":[],"viewedAnimatic":false,"keyPoints":[],"unlocked":false,"touchableObjects":[]}],"stackSize":5,"resolved":false},{"challengeScenes":[{"miniGameCards":[],"viewedAnimatic":false,"keyPoints":[],"unlocked":false,"touchableObjects":[]},{"miniGameCards":[],"viewedAnimatic":false,"keyPoints":[],"unlocked":false,"touchableObjects":[]},{"miniGameCards":[],"viewedAnimatic":false,"keyPoints":[],"unlocked":false,"touchableObjects":[]},{"miniGameCards":[],"viewedAnimatic":false,"keyPoints":[],"unlocked":false,"touchableObjects":[]},{"miniGameCards":[],"viewedAnimatic":false,"keyPoints":[],"unlocked":false,"touchableObjects":[]}],"stackSize":5,"resolved":false},{"challengeScenes":[{"miniGameCards":[],"viewedAnimatic":false,"keyPoints":[],"unlocked":false,"touchableObjects":[]},{"miniGameCards":[],"viewedAnimatic":false,"keyPoints":[],"unlocked":false,"touchableObjects":[]},{"miniGameCards":[],"viewedAnimatic":false,"keyPoints":[],"unlocked":false,"touchableObjects":[]},{"miniGameCards":[],"viewedAnimatic":false,"keyPoints":[],"unlocked":false,"touchableObjects":[]},{"miniGameCards":[],"viewedAnimatic":false,"keyPoints":[],"unlocked":false,"touchableObjects":[]}],"stackSize":5,"resolved":false},{"challengeScenes":[{"miniGameCards":[],"viewedAnimatic":false,"keyPoints":[],"unlocked":false,"touchableObjects":[]},{"miniGameCards":[],"viewedAnimatic":false,"keyPoints":[],"unlocked":false,"touchableObjects":[]},{"miniGameCards":[],"viewedAnimatic":false,"keyPoints":[],"unlocked":false,"touchableObjects":[]},{"miniGameCards":[],"viewedAnimatic":false,"keyPoints":[],"unlocked":false,"touchableObjects":[]},{"miniGameCards":[],"viewedAnimatic":false,"keyPoints":[],"unlocked":false,"touchableObjects":[]}],"stackSize":5,"resolved":false},{"challengeScenes":[{"miniGameCards":[],"viewedAnimatic":false,"keyPoints":[],"unlocked":false,"touchableObjects":[]},{"miniGameCards":[],"viewedAnimatic":false,"keyPoints":[],"unlocked":false,"touchableObjects":[]},{"miniGameCards":[],"viewedAnimatic":false,"keyPoints":[],"unlocked":false,"touchableObjects":[]},{"miniGameCards":[],"viewedAnimatic":false,"keyPoints":[],"unlocked":false,"touchableObjects":[]},{"miniGameCards":[],"viewedAnimatic":false,"keyPoints":[],"unlocked":false,"touchableObjects":[]}],"stackSize":5,"resolved":false},{"challengeScenes":[{"miniGameCards":[],"viewedAnimatic":false,"keyPoints":[],"unlocked":false,"touchableObjects":[]},{"miniGameCards":[],"viewedAnimatic":false,"keyPoints":[],"unlocked":false,"touchableObjects":[]},{"miniGameCards":[],"viewedAnimatic":false,"keyPoints":[],"unlocked":false,"touchableObjects":[]},{"miniGameCards":[],"viewedAnimatic":false,"keyPoints":[],"unlocked":false,"touchableObjects":[]},{"miniGameCards":[],"viewedAnimatic":false,"keyPoints":[],"unlocked":false,"touchableObjects":[]}],"stackSize":5,"resolved":false},{"challengeScenes":[{"miniGameCards":[],"viewedAnimatic":false,"keyPoints":[],"unlocked":true,"touchableObjects":["c_education_G0a0","c_friends_G0a0"]},{"miniGameCards":[],"viewedAnimatic":false,"keyPoints":["c_job_G0a1N","c_family_cauc_a_G0a1N","c_home_G0a1N"],"unlocked":true,"touchableObjects":["c_job_G0a1N","c_family_cauc_a_G0a1N","c_home_G0a1N"]},{"miniGameCards":[],"viewedAnimatic":false,"keyPoints":["c_Nurse_G0a1P","c_Teacher_G0a1P","c_grandma_cauc_a_G0a1P","c_kidsister_cauc_a_G0a1P","c_dad_cauc_a_G0a1P","c_mom_cauc_a_G0a1P"],"unlocked":true,"touchableObjects":["c_cousins_F_a_G0a1P","c_friends_G0a1P","c_Nurse_G0a1P","c_Teacher_G0a1P","c_grandma_cauc_a_G0a1P","c_kidsister_cauc_a_G0a1P","c_dad_cauc_a_G0a1P","c_mom_cauc_a_G0a1P"]}],"stackSize":3,"resolved":true}],"sessionId":4,"epilogue":{"rating":0},"playerId":6427035,"session":[{"sceneId":"1P","stackId":12},{"sceneId":"1P","stackId":0},{"sceneId":"1P","stackId":1},{"sceneId":"1N","stackId":1},{"sceneId":"2P","stackId":1},{"sceneId":"3P","stackId":2},{"sceneId":"1P","stackId":2},{"sceneId":"1N","stackId":2},{"sceneId":"2P","stackId":2}],"minigames":[{"levelSaveData":[{"starRating":3,"unlocked":true},{"starRating":2,"unlocked":true},{"starRating":1,"unlocked":true},{"starRating":0,"unlocked":false},{"starRating":0,"unlocked":false},{"starRating":0,"unlocked":false},{"starRating":0,"unlocked":false},{"starRating":0,"unlocked":false},{"starRating":0,"unlocked":false},{"starRating":0,"unlocked":false}],"skillPoints":6},{"levelSaveData":[{"starRating":3,"unlocked":true},{"starRating":3,"unlocked":true},{"starRating":3,"unlocked":true},{"starRating":0,"unlocked":false},{"starRating":3,"unlocked":true},{"starRating":0,"unlocked":false},{"starRating":0,"unlocked":false},{"starRating":0,"unlocked":false},{"starRating":0,"unlocked":false},{"starRating":0,"unlocked":false}],"skillPoints":12},{"levelSaveData":[{"starRating":3,"unlocked":true},{"starRating":2,"unlocked":true},{"starRating":0,"unlocked":true},{"starRating":0,"unlocked":false},{"starRating":0,"unlocked":false},{"starRating":0,"unlocked":false},{"starRating":0,"unlocked":false},{"starRating":0,"unlocked":false},{"starRating":1,"unlocked":true},{"starRating":0,"unlocked":false}],"skillPoints":6},{"levelSaveData":[{"starRating":3,"unlocked":true},{"starRating":2,"unlocked":true},{"starRating":0,"unlocked":false},{"starRating":0,"unlocked":false},{"starRating":3,"unlocked":true},{"starRating":0,"unlocked":false},{"starRating":0,"unlocked":false},{"starRating":0,"unlocked":false},{"starRating":0,"unlocked":false},{"starRating":0,"unlocked":false}],"skillPoints":8},{"age":11,"name":"angelis123","gender":1,"levelSaveData":[{"starRating":3,"unlocked":true},{"starRating":3,"chunks":[["1"],["0$$happyness","0$$I FEEL IN LOVE"],["1$$kindness","0$$family","6$$I LOVE GOOD MU"],["3"]],"unlocked":true},{"starRating":3,"chunks":[["0"],["5$$GOING OUT","1$$PLAYING SPORTS"],["8$$MAKING ART","7$$BE A SINGER"]],"unlocked":true},{"starRating":3,"chunks":[["2$$Be Ligthning"],["4$$A FAMILY PET"],["13"],["2"],["4","4"],["2"]],"unlocked":true},{"starRating":0,"chunks":[[null],[null],[null,null],[null],[null],[null]],"unlocked":false},{"starRating":0,"chunks":[[null],[null,null,null,null],[null],[null]],"unlocked":false},{"starRating":0,"chunks":[[null],[null],[null,null],[null,null],[null]],"unlocked":false},{"starRating":0,"chunks":[[null,null,null],[null,null,null],[null],[null],[null]],"unlocked":false},{"starRating":0,"chunks":[[null,null,null],[null,null,null],[null,null]],"unlocked":false},{"starRating":0,"chunks":[[null],[null],[null],[null],[null],[null]],"unlocked":false}],"visualAvatar":0,"id":1,"skillPoints":12}],"avatar":{"age":11,"name":"angelis123","gender":1,"levelSaveData":[{"starRating":3,"unlocked":true},{"starRating":3,"chunks":[["1"],["0$$happyness","0$$I FEEL IN LOVE"],["1$$kindness","0$$family","6$$I LOVE GOOD MU"],["3"]],"unlocked":true},{"starRating":3,"chunks":[["0"],["5$$GOING OUT","1$$PLAYING SPORTS"],["8$$MAKING ART","7$$BE A SINGER"]],"unlocked":true},{"starRating":3,"chunks":[["2$$Be Ligthning"],["4$$A FAMILY PET"],["13"],["2"],["4","4"],["2"]],"unlocked":true},{"starRating":0,"chunks":[[null],[null],[null,null],[null],[null],[null]],"unlocked":false},{"starRating":0,"chunks":[[null],[null,null,null,null],[null],[null]],"unlocked":false},{"starRating":0,"chunks":[[null],[null],[null,null],[null,null],[null]],"unlocked":false},{"starRating":0,"chunks":[[null,null,null],[null,null,null],[null],[null],[null]],"unlocked":false},{"starRating":0,"chunks":[[null,null,null],[null,null,null],[null,null]],"unlocked":false},{"starRating":0,"chunks":[[null],[null],[null],[null],[null],[null]],"unlocked":false}],"visualAvatar":0,"id":1,"skillPoints":12}}
