6427017,0,55:25:59,7/29/2013 10:44:41am
6427017,100,55:26:4,5
6427017,102,55:26:6,5
6427017,200,55:26:6,5,11,8,13,12,15
6427017,221,55:26:12,5
6427017,220,55:26:16,5
6427017,212,55:26:19,1
6427017,210,55:26:20,1042,369
6427017,211,55:26:21,1013,393
6427017,221,55:26:22,5
6427017,220,55:26:25,5
6427017,219,55:26:26,5
6427017,216,55:26:27,Stack_G9b1N
6427017,217,55:26:42,Stack_G9b1N,10,6.5
6427017,218,55:26:43,5
6427017,210,55:26:44,767,194
6427017,207,55:26:48,5,-200,-410
6427017,207,55:26:51,5,-410,-995
6427017,211,55:26:53,1623,452
6427017,213,55:26:53,5,s_coupleOnCouch_G9b1N,true
6427017,210,55:27:1,1596,170
6427017,211,55:27:2,1527,243
6427017,212,55:27:3,2
6427017,210,55:27:3,1589,321
6427017,211,55:27:7,1384,527
6427017,213,55:27:7,5,s_puddleFloor_G9b1N,true
6427017,210,55:27:10,1133,325
6427017,207,55:27:12,5,-995,-665
6427017,211,55:27:12,690,335
6427017,207,55:27:12,5,-665,-635
6427017,210,55:27:13,565,357
6427017,207,55:27:14,5,-635,0
6427017,211,55:27:16,321,481
6427017,212,55:27:17,1
6427017,210,55:27:18,311,448
6427017,211,55:27:19,314,467
6427017,212,55:27:20,0
6427017,210,55:27:21,326,478
6427017,211,55:27:26,1178,267
6427017,207,55:27:26,5,0,-225
6427017,207,55:27:27,5,-225,-195
6427017,210,55:27:28,1129,249
6427017,211,55:27:28,1129,249
6427017,210,55:27:29,1287,245
6427017,211,55:27:29,1302,245
6427017,207,55:27:29,5,-195,-285
6427017,210,55:27:30,1372,266
6427017,207,55:27:31,5,-285,-995
6427017,211,55:27:37,1487,581
6427017,213,55:27:37,5,s_beerBottle_G9b1N,true
6427017,1003,55:27:41,0
6427017,1004,55:27:43,5
6427017,400,55:27:46,5,[]
6427017,401,55:27:56,5,[StatementsData_logId:0]
6427017,404,55:27:58,5,[StatementsData_logId:0,false]
6427017,405,55:27:59,5,[StatementsData_logId:0]
6427017,406,55:28:5,5,[StatementsData_logId:0,-2]
6427017,411,55:28:7,5,[StatementsData_logId:0]
6427017,401,55:28:19,5,[StatementsData_logId:1]
6427017,404,55:28:20,5,[StatementsData_logId:1,true]
6427017,406,55:28:21,5,[StatementsData_logId:1,2]
6427017,412,55:28:23,5,[StatementsData_logId:1]
6427017,413,55:28:29,5,[StatementsData_logId:1,DuelResponsesData_logId:3]
6427017,414,55:28:30,5,[StatementsData_logId:1,DuelResponsesData_logId:3]
6427017,415,55:28:40,5,[StatementsData_logId:1,DuelResponsesData_logId:3,DuelResponsesData_witty_player_response]
6427017,416,55:28:41,5,[StatementsData_logId:1,DuelResponsesData_logId:3]
6427017,417,55:28:43,5,[StatementsData_logId:1,DuelResponsesData_logId:3]
6427017,413,55:28:51,5,[StatementsData_logId:1,DuelResponsesData_logId:4]
6427017,414,55:28:52,5,[StatementsData_logId:1,DuelResponsesData_logId:4]
6427017,415,55:29:7,5,[StatementsData_logId:1,DuelResponsesData_logId:4,DuelResponsesData_ok_player_response]
6427017,416,55:29:8,5,[StatementsData_logId:1,DuelResponsesData_logId:4]
6427017,417,55:29:9,5,[StatementsData_logId:1,DuelResponsesData_logId:4]
6427017,413,55:29:13,5,[StatementsData_logId:1,DuelResponsesData_logId:5]
6427017,414,55:29:15,5,[StatementsData_logId:1,DuelResponsesData_logId:5]
6427017,415,55:29:30,5,[StatementsData_logId:1,DuelResponsesData_logId:5,DuelResponsesData_witty_player_response]
6427017,416,55:29:31,5,[StatementsData_logId:1,DuelResponsesData_logId:5]
6427017,417,55:29:32,5,[StatementsData_logId:1,DuelResponsesData_logId:5]
6427017,418,55:29:32,5,[StatementsData_logId:1,true]
6427017,419,55:29:39,5,[StatementsData_logId:1,4]
6427017,411,55:29:45,5,[StatementsData_logId:1]
6427017,401,55:29:51,5,[StatementsData_logId:2]
6427017,403,55:29:52,5,[StatementsData_logId:2,true]
6427017,405,55:29:53,5,[StatementsData_logId:2]
6427017,406,55:29:54,5,[StatementsData_logId:2,2]
6427017,407,55:29:54,5,[StatementsData_logId:2,FactCardData_id:4]
6427017,407,55:29:54,5,[StatementsData_logId:2,FactCardData_id:27]
6427017,407,55:29:54,5,[StatementsData_logId:2,FactCardData_id:24]
6427017,407,55:29:54,5,[StatementsData_logId:2,FactCardData_id:1]
6427017,407,55:29:54,5,[StatementsData_logId:2,FactCardData_id:5]
6427017,407,55:29:54,5,[StatementsData_logId:2,FactCardData_id:26]
6427017,407,55:30:2,5,[StatementsData_logId:2,FactCardData_id:1]
6427017,407,55:30:2,5,[StatementsData_logId:2,FactCardData_id:1]
6427017,407,55:30:7,5,[StatementsData_logId:2,FactCardData_id:24]
6427017,407,55:30:7,5,[StatementsData_logId:2,FactCardData_id:1]
6427017,407,55:30:7,5,[StatementsData_logId:2,FactCardData_id:24]
6427017,407,55:30:13,5,[StatementsData_logId:2,FactCardData_id:5]
6427017,407,55:30:13,5,[StatementsData_logId:2,FactCardData_id:24]
6427017,407,55:30:13,5,[StatementsData_logId:2,FactCardData_id:5]
6427017,407,55:30:14,5,[StatementsData_logId:2,FactCardData_id:4]
6427017,407,55:30:14,5,[StatementsData_logId:2,FactCardData_id:5]
6427017,407,55:30:14,5,[StatementsData_logId:2,FactCardData_id:4]
6427017,407,55:30:16,5,[StatementsData_logId:2,FactCardData_id:26]
6427017,407,55:30:16,5,[StatementsData_logId:2,FactCardData_id:4]
6427017,407,55:30:16,5,[StatementsData_logId:2,FactCardData_id:26]
6427017,407,55:30:21,5,[StatementsData_logId:2,FactCardData_id:27]
6427017,407,55:30:21,5,[StatementsData_logId:2,FactCardData_id:26]
6427017,407,55:30:21,5,[StatementsData_logId:2,FactCardData_id:27]
6427017,407,55:30:26,5,[StatementsData_logId:2,FactCardData_id:26]
6427017,407,55:30:26,5,[StatementsData_logId:2,FactCardData_id:27]
6427017,407,55:30:26,5,[StatementsData_logId:2,FactCardData_id:26]
6427017,408,55:30:27,5,[StatementsData_logId:2,FactCardData_id:26,false]
6427017,406,55:30:41,5,[StatementsData_logId:2,-2]
6427017,411,55:30:42,5,[StatementsData_logId:2]
6427017,100,55:31:51,4
6427017,102,55:31:57,4
6427017,200,55:31:57,4,11,8,13,12,15
6427017,221,55:32:7,4
6427017,220,55:32:9,4
6427017,210,55:32:21,721,462
6427017,211,55:32:22,977,231
6427017,213,55:32:22,4,s_fence_G9a1N,true
6427017,205,55:32:22,4,s_fence_G9a1N,false,true
6427017,221,55:32:32,4
6427017,220,55:32:35,4
6427017,219,55:32:35,4
6427017,216,55:32:36,Stack_G9a2P
6427017,217,55:32:46,Stack_G9a2P,3.7,0.00
6427017,216,55:32:47,Stack_G9a2P
6427017,217,55:32:53,Stack_G9a2P,3.7,0.00
6427017,218,55:32:55,4
6427017,210,55:32:57,533,212
6427017,207,55:32:59,4,-200,0
6427017,211,55:33:0,205,370
6427017,213,55:33:0,4,s_tv_G9a2P,true
6427017,210,55:33:7,372,483
6427017,207,55:33:9,4,0,-90
6427017,211,55:33:10,951,407
6427017,213,55:33:10,4,c_kidSister_afri_a_G9a2P,true
6427017,210,55:33:15,890,432
6427017,211,55:33:15,956,413
6427017,213,55:33:15,4,c_kidSister_afri_a_G9a2P,true
6427017,221,55:33:17,4
6427017,220,55:33:20,4
6427017,212,55:33:21,1
6427017,210,55:33:21,994,423
6427017,211,55:33:24,766,255
6427017,213,55:33:24,4,s_door_gen,true
6427017,205,55:33:24,4,s_door_gen,false,false
6427017,210,55:33:33,968,400
6427017,207,55:33:34,4,-90,-315
6427017,211,55:33:35,1136,293
6427017,212,55:33:36,2
6427017,210,55:33:36,1135,266
6427017,211,55:33:37,1140,277
6427017,213,55:33:37,4,c_cousin_M_a_G9a2P,true
6427017,205,55:33:37,4,c_cousin_M_a_G9a2P,false,false
6427017,210,55:33:46,1007,334
6427017,211,55:33:49,492,213
6427017,213,55:33:49,4,c_mom_afri_a_G9a2P,true
6427017,205,55:33:49,4,c_mom_afri_a_G9a2P,false,false
6427017,210,55:33:58,802,350
6427017,207,55:34:2,4,-315,-995
6427017,211,55:34:3,1792,467
6427017,213,55:34:3,4,c_grandma_afri_a_G9a2P,true
6427017,210,55:34:16,1585,327
6427017,211,55:34:19,1461,613
6427017,212,55:34:19,1
6427017,210,55:34:20,1445,593
6427017,211,55:34:21,1442,597
6427017,213,55:34:21,4,s_pizzaBox_G9a2P,true
6427017,205,55:34:21,4,s_pizzaBox_G9a2P,false,false
6427017,221,55:34:30,4
6427017,220,55:34:31,4
6427017,210,55:34:33,1764,527
6427017,211,55:34:35,1983,170
6427017,213,55:34:35,4,s_pictureDad_afri_gen,true
6427017,221,55:34:40,4
6427017,220,55:34:43,4
6427017,210,55:34:44,1465,469
6427017,207,55:34:46,4,-995,-725
6427017,211,55:34:46,1002,335
6427017,210,55:34:48,817,481
6427017,207,55:34:51,4,-200,-500
6427017,211,55:34:52,1330,490
6427017,213,55:34:52,4,s_computer_M_gen,true
6427017,210,55:34:57,799,414
6427017,211,55:34:59,799,325
6427017,213,55:34:59,4,c_mom_afri_a_G9a2N,false
6427017,1003,55:35:3,1
6427017,1004,55:35:25,5
6427017,800,55:35:47,5,[]
6427017,801,55:35:53,5,[]
6427017,814,55:36:7,5,[3]
6427017,815,55:36:7,5,3,OpportunityCardData_id:19
6427017,815,55:36:9,5,3,OpportunityCardData_id:24
6427017,816,55:36:20,5,3,OpportunityCardData_id:24
6427017,803,55:36:21,5,[OpportunityCardData_id:24,OpportunityCardConsequencesData_logId:0]
6427017,803,55:36:21,5,[OpportunityCardData_id:24,OpportunityCardConsequencesData_logId:1]
6427017,803,55:36:22,5,[OpportunityCardData_id:24,OpportunityCardConsequencesData_logId:2]
6427017,805,55:36:23,5,[OpportunityCardData_id:24]
6427017,806,55:36:26,5,[OpportunityCardData_id:24,PriorityData_type:2]
6427017,807,55:36:29,5,[OpportunityCardData_id:24]
6427017,808,55:36:31,5,[OpportunityCardData_id:24]
6427017,809,55:36:36,5,[OpportunityCardData_id:24,Safe,false]
6427017,810,55:36:39,5,[OpportunityCardData_id:24,PriorityData_type:3,10,Safe,Safe]
6427017,814,55:36:43,5,[0]
6427017,815,55:36:43,5,0,OpportunityCardData_id:0
6427017,815,55:36:45,5,0,OpportunityCardData_id:1
6427017,816,55:36:47,5,0,OpportunityCardData_id:1
6427017,803,55:36:48,5,[OpportunityCardData_id:1,OpportunityCardConsequencesData_logId:0]
6427017,803,55:36:48,5,[OpportunityCardData_id:1,OpportunityCardConsequencesData_logId:1]
6427017,803,55:36:49,5,[OpportunityCardData_id:1,OpportunityCardConsequencesData_logId:2]
6427017,805,55:37:14,5,[OpportunityCardData_id:1]
6427017,807,55:40:49,5,[OpportunityCardData_id:1]
6427017,808,55:41:30,5,[OpportunityCardData_id:1]
6427017,809,55:41:38,5,[OpportunityCardData_id:1,PriorityData_type:3,false]
6427017,810,55:41:39,5,[OpportunityCardData_id:1,PriorityData_type:0,15,PriorityData_type:3,10]
6427017,1003,55:42:6,3
6427017,1004,55:42:8,2
6427017,500,55:42:30,2,[]
6427017,501,55:42:49,2,[]
6427017,502,55:42:59,2,[IntentionData_logId:1,false]
6427017,503,55:43:2,2,[]
6427017,504,55:43:7,2,[InfluenceData_logId:0]
6427017,504,55:43:10,2,[InfluenceData_logId:3]
6427017,504,55:43:13,2,[InfluenceData_logId:7]
6427017,505,55:43:17,2,[InfluenceData_logId:0,true,InfluenceData_logId:3,true,InfluenceData_logId:7,false]
6427017,506,55:43:19,2,[]
6427017,507,55:43:32,2,[OpponentAttackData_logId:0,OpponentAttackTypeData_logId:1,false,30]
6427017,508,55:43:34,2,[]
6427017,509,55:43:41,2,[RefusalData_logId:6,1]
6427017,103,55:45:4
6427017,105,55:45:6
6427017,703,55:45:8,[|| EpilogueItem ID: 0 unlocked: true ||,|| EpilogueItem ID: 1 unlocked: true ||,|| EpilogueItem ID: 2 unlocked: true ||,|| EpilogueItem ID: 3 unlocked: true ||,|| EpilogueItem ID: 4 unlocked: false ||,|| EpilogueItem ID: 5 unlocked: false ||,|| EpilogueItem ID: 6 unlocked: false ||,|| EpilogueItem ID: 7 unlocked: false ||,|| EpilogueItem ID: 8 unlocked: false ||,|| EpilogueItem ID: 9 unlocked: false ||,|| EpilogueItem ID: 10 unlocked: false ||,|| EpilogueItem ID: 11 unlocked: false ||,|| EpilogueItem ID: 12 unlocked: false ||,|| EpilogueItem ID: 13 unlocked: false ||,|| EpilogueItem ID: 14 unlocked: false ||,|| EpilogueItem ID: 15 unlocked: false ||,|| EpilogueItem ID: 16 unlocked: false ||,|| EpilogueItem ID: 17 unlocked: false ||,|| EpilogueItem ID: 18 unlocked: false ||,|| EpilogueItem ID: 19 unlocked: false ||,|| EpilogueItem ID: 20 unlocked: false ||,|| EpilogueItem ID: 21 unlocked: false ||,|| EpilogueItem ID: 22 unlocked: false ||,|| EpilogueItem ID: 23 unlocked: false ||,|| EpilogueItem ID: 24 unlocked: false ||],0.16
6427017,706,55:45:11,(x=151, y=-100, w=1024, h=768),(x=220, y=-100, w=1024, h=768)
6427017,706,55:45:12,(x=358, y=-100, w=1024, h=768),(x=366, y=-100, w=1024, h=768)
6427017,706,55:45:13,(x=479, y=-100, w=1024, h=768),(x=695, y=-100, w=1024, h=768)
6427017,706,55:45:16,(x=579, y=-100, w=1024, h=768),(x=384, y=-100, w=1024, h=768)
6427017,706,55:45:54,(x=579, y=-100, w=1024, h=768),(x=384, y=-100, w=1024, h=768)
6427017,706,55:45:55,(x=579, y=-100, w=1024, h=768),(x=384, y=-100, w=1024, h=768)
6427017,704,55:46:15,13
6427017,706,55:46:15,(x=385, y=-100, w=1024, h=768),(x=386, y=-100, w=1024, h=768)
6427017,705,55:46:19,13,true
6427017,704,55:46:20,14
6427017,706,55:46:20,(x=385, y=-100, w=1024, h=768),(x=386, y=-100, w=1024, h=768)
6427017,705,55:46:22,14,true
6427017,706,55:46:23,(x=32, y=-100, w=1024, h=768),(x=47, y=-100, w=1024, h=768)
6427017,704,55:46:24,12
6427017,706,55:46:24,(x=32, y=-100, w=1024, h=768),(x=47, y=-100, w=1024, h=768)
6427017,705,55:46:28,12,true
6427017,706,55:46:29,(x=247, y=-100, w=1024, h=768),(x=248, y=-100, w=1024, h=768)
6427017,704,55:46:29,1
6427017,706,55:46:29,(x=247, y=-100, w=1024, h=768),(x=248, y=-100, w=1024, h=768)
6427017,706,55:46:50,(x=849, y=-100, w=1024, h=768),(x=2531, y=-100, w=1024, h=768)
6427017,706,55:46:52,(x=2243, y=-100, w=1024, h=768),(x=2104, y=-100, w=1024, h=768)
6427017,706,55:46:53,(x=1867, y=-100, w=1024, h=768),(x=1853, y=-100, w=1024, h=768)
6427017,706,55:46:55,(x=1782, y=-100, w=1024, h=768),(x=1782, y=-100, w=1024, h=768)
6427017,706,55:47:6,(x=2231, y=-100, w=1024, h=768),(x=2531, y=-100, w=1024, h=768)
6427017,708,55:47:6
6427017,1,55:47:6,7/29/2013 11:05:48am,{"gameTime":200826352,"challengeStacks":[{"challengeScenes":[{"miniGameCards":[],"viewedAnimatic":true,"keyPoints":["c_teacherEng_G7a0","c_bestFriend_M_a_G7a0","s_flag_gen"],"unlocked":true,"touchableObjects":["s_poePoster_gen","s_otherStudent1_G7a0","s_vocabAssignment_G7a0","s_doorClassroom_G7a0","s_angelouPoster_gen","c_crewKid1_M_G7a0","c_friend1_M_a_G7a0","c_teacherEng_G7a0","c_bestFriend_M_a_G7a0","s_clock_G7a0","s_shakespearePoster_gen","s_atwoodPoster_gen","s_flag_gen"]},{"miniGameCards":[],"viewedAnimatic":true,"keyPoints":["c_bestFriend_M_a_G7a1N","c_teacherEng_G7a1N","s_paperPlayers_G7a1N"],"unlocked":true,"touchableObjects":["s_otherStudent2_G7a1N","c_bestFriend_M_a_G7a1N","c_teacherEng_G7a1N","s_otherStudent1_G7a1N","c_crewKid1_M_G7a1N","s_flag_gen","s_atwoodPoster_gen","s_angelouPoster_gen","s_shakespearePoster_gen","s_poePoster_gen","s_posterPlagiarism_gen","s_paperPlayers_G7a1N"]},{"miniGameCards":[],"viewedAnimatic":true,"keyPoints":["s_paperEnglish_gen","s_flag_gen","c_teacherEng_G7a1P","c_bestFriend_M_a_G7a1P"],"unlocked":true,"touchableObjects":["s_clock_G7a1P","s_poePoster_gen","s_shakespearePoster_gen","s_angelouPoster_gen","s_atwoodPoster_gen","s_paperPlayers_G7a1P","s_paperEnglish_gen","s_flag_gen","s_papersDetention_gen","c_teacherEng_G7a1P","c_bestFriend_M_a_G7a1P"]}],"stackSize":3,"resolved":true},{"challengeScenes":[{"miniGameCards":[],"viewedAnimatic":true,"keyPoints":["s_backpack_M_G7b0","c_kidSister_afri_a_G7b0","c_crewKid1_M_G7b0"],"unlocked":true,"touchableObjects":["c_crewKid2_M_G7b0","s_backpack_M_G7b0","c_cousinsBrother_a_G7b0","c_kidSister_afri_a_G7b0","c_crewKid1_M_G7b0","c_cousin_M_a_G7b0","s_lifeguard_G7b0","s_snackBarWorker_G7b0","c_cousinsBrothersFriend_a_G7b0"]},{"miniGameCards":[],"viewedAnimatic":true,"keyPoints":["c_crewKid1_M_G7b1N","s_graffiti_G7b1N","s_brokenCarWindow_G7b1N","c_kidSister_afri_a_G7b1N","s_sprayPaintCan_G7b1N"],"unlocked":true,"touchableObjects":["c_cousin_M_a_G7b1N","c_policeOfficer_G7b1N","s_wreckedPlants_G7b1N","s_cat_G7b1N","c_teacherEng_G7b1N","c_crewKid1_M_G7b1N","c_crewKid2_M_a_G7b1N","s_graffiti_G7b1N","s_brokenCarWindow_G7b1N","c_kidSister_afri_a_G7b1N","s_sprayPaintCan_G7b1N"]},{"miniGameCards":[],"viewedAnimatic":true,"keyPoints":["c_cousinsBrothersFriend_a_G7b1P","c_cousin_M_a_G7b1P","c_cousinsBrother_a_G7b1P","s_poolDay_ruleSign_G7b1P"],"unlocked":true,"touchableObjects":["c_cousinsBrothersFriend_a_G7b1P","c_kidSister_afri_a_G7b1P","c_cousin_M_a_G7b1P","c_cousinsBrother_a_G7b1P","c_crush1_M_a_G7b1P","s_poolDay_ruleSign_G7b1P"]},{"miniGameCards":[],"viewedAnimatic":true,"keyPoints":["s_kid1_G7b2N","c_kidSister_afri_a_G7b2N","c_crush1_M_a_G7b2N","c_cousin_M_a_G7b2N"],"unlocked":true,"touchableObjects":["c_cousinsBrother_a_G7b2N","s_kid1_G7b2N","s_lifeguard_G7b2N","c_kidSister_afri_a_G7b2N","s_kidPool2_G7b2N","c_crewKid2_M_G7b2N","c_crush1_M_a_G7b2N","c_cousin_M_a_G7b2N"]},{"miniGameCards":[],"viewedAnimatic":true,"keyPoints":["c_cousin_M_a_G7b2P","c_kidSister_afri_a_G7b2P","s_computer_M_G7b2P"],"unlocked":true,"touchableObjects":["c_cousin_M_a_G7b2P","c_grandma_afri_a_G7b2P","c_kidSister_afri_a_G7b2P","s_calendar_M_gen","s_computer_M_G7b2P"]}],"stackSize":5,"resolved":true},{"challengeScenes":[{"miniGameCards":[],"viewedAnimatic":true,"keyPoints":["c_crush2_M_a_G8a0","s_bottleCrush2_M_G8a0","c_cousin_M_a_G8a0","s_clock_G8a0","s_cellphone_G8a0"],"unlocked":true,"touchableObjects":["c_crush2_M_a_G8a0","c_friend1_M_G8a0","c_crewKid1_M_a_G8a0","s_stairs_G8a0","s_bottleCrush2_M_G8a0","s_beerSixpack_G8a0","c_cousin_M_a_G8a0","s_beerCooler_G8a0","s_clock_G8a0","s_bottleTable_G8a0","s_cellphone_G8a0"]},{"miniGameCards":[],"viewedAnimatic":true,"keyPoints":["s_crush2Lips_M_G8a1N","s_crush2Sore_M_G8a1N","s_dirtyClothes_gen","s_basementDoor_gen","s_crush2Eyes_M_G8a1N"],"unlocked":true,"touchableObjects":["c_crush2_M_a_G8a1N","s_inhalantsShelf_gen","s_stairs_G8a1N","s_crush2Lips_M_G8a1N","s_waterHeater_gen","s_crush2Sore_M_G8a1N","s_dirtyClothes_gen","s_basementDoor_gen","s_dryer_G8a1N","s_crush2Eyes_M_G8a1N"]},{"miniGameCards":[],"viewedAnimatic":true,"keyPoints":["c_crush2_M_a_G8a1P","s_dirtyClothes_gen","s_basementDoor_gen","s_inhalantsShelf_gen"],"unlocked":true,"touchableObjects":["s_spraypaintCrush2_M_G8a1P","c_crush2_M_a_G8a1P","s_waterHeater_gen","s_dirtyClothes_gen","s_basementDoor_gen","s_inhalantsShelf_gen"]},{"miniGameCards":[],"viewedAnimatic":true,"keyPoints":["c_crush2_M_a_G8a2N","s_spraypaintCan_G8a2N"],"unlocked":true,"touchableObjects":["s_fumes_G8a2N","c_friend1_M_a_G8a2N","c_crush2_M_a_G8a2N","s_spraypaintCan_G8a2N"]},{"miniGameCards":[],"viewedAnimatic":true,"keyPoints":["c_kidSister_afri_a_G8a2P","c_crush2_M_a_G8a2P","s_pictureDad_afri_gen","s_magazine_G8a2P","s_sistersToy_G8a2P"],"unlocked":true,"touchableObjects":["c_kidSister_afri_a_G8a2P","c_crush2_M_a_G8a2P","s_pictureDad_afri_gen","s_magazine_G8a2P","s_sistersToy_G8a2P"]},{"miniGameCards":[],"viewedAnimatic":true,"keyPoints":["s_mirror_afri_M_a_G8a3N","s_pamphlet3_G8a3N","c_nurse_a_G8a3N","s_pamphlet1_G8a3N"],"unlocked":true,"touchableObjects":["s_mirror_afri_M_a_G8a3N","s_phone_G8a3N","s_pamphlet3_G8a3N","c_nurse_a_G8a3N","s_door_G8a3N","s_poster_G8a3N","s_pamphlet1_G8a3N"]},{"miniGameCards":[],"viewedAnimatic":true,"keyPoints":["c_crush2_M_a_G8a3P","s_kidsCouch_G8a3P"],"unlocked":true,"touchableObjects":["c_crush2_M_a_G8a3P","s_kidsCouch_G8a3P","c_cousin_M_a_G8a3P","c_crewKid1_M_a_G8a3P","s_window_G8a3P","s_kidStanding_G8a3P","c_friend1_M_a_G8a3P"]}],"stackSize":7,"resolved":true},{"challengeScenes":[{"miniGameCards":[],"viewedAnimatic":true,"keyPoints":["c_kidSister_afri_a_G8b0","c_friend1_M_a_G8b0","s_pillBottle_G8b0"],"unlocked":true,"touchableObjects":["c_kidSister_afri_a_G8b0","c_grandma_afri_a_G8b0","c_friend1_M_a_G8b0","s_pictureMom_afri_gen","s_pictureDad_afri_gen","s_pillBottle_G8b0"]},{"miniGameCards":[],"viewedAnimatic":true,"keyPoints":["c_grandma_afri_a_G8b1N","c_kidSister_afri_a_G8b1N","c_friend1_M_a_G8b1N"],"unlocked":true,"touchableObjects":["c_grandma_afri_a_G8b1N","c_kidSister_afri_a_G8b1N","c_friend1_M_a_G8b1N","s_pillBottle_G8b1N"]},{"miniGameCards":[],"viewedAnimatic":true,"keyPoints":["c_friend1_M_a_G8b1P","s_pillBottle_M_G8b1P","c_grandma_afri_a_G8b1P"],"unlocked":true,"touchableObjects":["c_friend1_M_a_G8b1P","s_pillBottle_M_G8b1P","c_grandma_afri_a_G8b1P"]},{"miniGameCards":[],"viewedAnimatic":true,"keyPoints":["c_crewKid2_M_a_G8b2N","c_teacherEng_G8b2N","s_sandwichBagPills_G8b2N","c_friend1_M_a_G8b2N","s_clock_G8b2N"],"unlocked":true,"touchableObjects":["c_crewKid2_M_a_G8b2N","s_kid2_G8b2N","s_kid5_G8b2N","s_kid3_G8b2N","s_kid4_G8b2N","c_teacherEng_G8b2N","s_sandwichBagPills_G8b2N","c_friend1_M_a_G8b2N","s_kid1_G8b2N","s_clock_G8b2N"]},{"miniGameCards":[],"viewedAnimatic":true,"keyPoints":["c_friend1_M_a_G8b2P","c_grandma_afri_a_G8b2P","s_pillBottle_G8b2P"],"unlocked":true,"touchableObjects":["c_friend1_M_a_G8b2P","c_mom_afri_a_G8b2P","c_kidSister_afri_a_G8b2P","c_grandma_afri_a_G8b2P","s_pillBottle_G8b2P"]}],"stackSize":5,"resolved":true},{"challengeScenes":[{"miniGameCards":[],"viewedAnimatic":true,"keyPoints":["s_cellPhone_M_G9a0","s_door_M_gen","s_clock_M_G9a0","s_bathingSuit_M_G9a0"],"unlocked":true,"touchableObjects":["s_calendar_M_gen","s_cellPhone_M_G9a0","s_door_M_gen","s_clock_M_G9a0","s_bathingSuit_M_G9a0"]},{"miniGameCards":[],"viewedAnimatic":true,"keyPoints":["c_policeOfficer_G9a1N","s_fence_G9a1N","s_kid3_G9a1N","c_cousin_M_a_G9a1N"],"unlocked":true,"touchableObjects":["s_kid4_G9a1N","s_poolNight_ruleSign_G9a1N","s_potSmokeCloud_G9a1N","c_cousinsBrothersFriend_a_G9a1N","s_bathingSuits_G9a1N","c_policeOfficer_G9a1N","s_fence_G9a1N","s_kid3_G9a1N","c_cousin_M_a_G9a1N","s_policeCar_G9a1N"]},{"miniGameCards":[],"viewedAnimatic":true,"keyPoints":["s_calendar_M_gen","s_door_M_gen","c_cousin_M_a_G9a1P","s_joint_M_G9a1P","s_basketball_M_gen"],"unlocked":true,"touchableObjects":["s_calendar_M_gen","s_door_M_gen","s_computer_M_gen","c_cousin_M_a_G9a1P","s_joint_M_G9a1P","s_basketball_M_gen"]},{"miniGameCards":[],"viewedAnimatic":true,"keyPoints":["c_kidSister_afri_a_G9a2N","c_cousin_M_a_G9a2N","s_pictureDad_afri_M_gen"],"unlocked":true,"touchableObjects":["c_kidSister_afri_a_G9a2N","c_cousin_M_a_G9a2N","s_cookieTrayEmpty_M_G9a2N","s_potSmokeCloud_M_G9a2N","s_pictureDad_afri_M_gen"]},{"miniGameCards":[],"viewedAnimatic":true,"keyPoints":["s_door_gen","c_cousin_M_a_G9a2P","c_mom_afri_a_G9a2P","s_pizzaBox_G9a2P"],"unlocked":true,"touchableObjects":["s_tv_G9a2P","c_kidSister_afri_a_G9a2P","s_door_gen","c_cousin_M_a_G9a2P","c_mom_afri_a_G9a2P","c_grandma_afri_a_G9a2P","s_pizzaBox_G9a2P","s_pictureDad_afri_gen"]}],"stackSize":5,"resolved":false},{"challengeScenes":[{"miniGameCards":[],"viewedAnimatic":true,"keyPoints":["s_computer_M_gen"],"unlocked":true,"touchableObjects":["c_kidSister_afri_a_G9b0","c_cousin_M_a_G9b0","s_closet_M_G9b0","s_computer_M_gen","s_calendar_M_gen"]},{"miniGameCards":[],"viewedAnimatic":true,"keyPoints":[],"unlocked":true,"touchableObjects":["s_coupleOnCouch_G9b1N","s_puddleFloor_G9b1N"]},{"miniGameCards":[],"viewedAnimatic":false,"keyPoints":[],"unlocked":false,"touchableObjects":[]},{"miniGameCards":[],"viewedAnimatic":false,"keyPoints":[],"unlocked":false,"touchableObjects":[]},{"miniGameCards":[],"viewedAnimatic":false,"keyPoints":[],"unlocked":false,"touchableObjects":[]}],"stackSize":5,"resolved":false},{"challengeScenes":[{"miniGameCards":[],"viewedAnimatic":false,"keyPoints":[],"unlocked":false,"touchableObjects":[]},{"miniGameCards":[],"viewedAnimatic":false,"keyPoints":[],"unlocked":false,"touchableObjects":[]},{"miniGameCards":[],"viewedAnimatic":false,"keyPoints":[],"unlocked":false,"touchableObjects":[]},{"miniGameCards":[],"viewedAnimatic":false,"keyPoints":[],"unlocked":false,"touchableObjects":[]},{"miniGameCards":[],"viewedAnimatic":false,"keyPoints":[],"unlocked":false,"touchableObjects":[]}],"stackSize":5,"resolved":false},{"challengeScenes":[{"miniGameCards":[],"viewedAnimatic":false,"keyPoints":[],"unlocked":false,"touchableObjects":[]},{"miniGameCards":[],"viewedAnimatic":false,"keyPoints":[],"unlocked":false,"touchableObjects":[]},{"miniGameCards":[],"viewedAnimatic":false,"keyPoints":[],"unlocked":false,"touchableObjects":[]},{"miniGameCards":[],"viewedAnimatic":false,"keyPoints":[],"unlocked":false,"touchableObjects":[]},{"miniGameCards":[],"viewedAnimatic":false,"keyPoints":[],"unlocked":false,"touchableObjects":[]}],"stackSize":5,"resolved":false},{"challengeScenes":[{"miniGameCards":[],"viewedAnimatic":true,"keyPoints":[],"unlocked":true,"touchableObjects":[]},{"miniGameCards":[],"viewedAnimatic":true,"keyPoints":[],"unlocked":true,"touchableObjects":["s_computer_M_gen"]},{"miniGameCards":[],"viewedAnimatic":false,"keyPoints":[],"unlocked":false,"touchableObjects":[]},{"miniGameCards":[],"viewedAnimatic":false,"keyPoints":[],"unlocked":false,"touchableObjects":[]},{"miniGameCards":[],"viewedAnimatic":false,"keyPoints":[],"unlocked":false,"touchableObjects":[]}],"stackSize":5,"resolved":false},{"challengeScenes":[{"miniGameCards":[],"viewedAnimatic":false,"keyPoints":[],"unlocked":false,"touchableObjects":[]},{"miniGameCards":[],"viewedAnimatic":false,"keyPoints":[],"unlocked":false,"touchableObjects":[]},{"miniGameCards":[],"viewedAnimatic":false,"keyPoints":[],"unlocked":false,"touchableObjects":[]},{"miniGameCards":[],"viewedAnimatic":false,"keyPoints":[],"unlocked":false,"touchableObjects":[]},{"miniGameCards":[],"viewedAnimatic":false,"keyPoints":[],"unlocked":false,"touchableObjects":[]}],"stackSize":5,"resolved":false},{"challengeScenes":[{"miniGameCards":[],"viewedAnimatic":false,"keyPoints":[],"unlocked":false,"touchableObjects":[]},{"miniGameCards":[],"viewedAnimatic":false,"keyPoints":[],"unlocked":false,"touchableObjects":[]},{"miniGameCards":[],"viewedAnimatic":false,"keyPoints":[],"unlocked":false,"touchableObjects":[]},{"miniGameCards":[],"viewedAnimatic":false,"keyPoints":[],"unlocked":false,"touchableObjects":[]},{"miniGameCards":[],"viewedAnimatic":false,"keyPoints":[],"unlocked":false,"touchableObjects":[]}],"stackSize":5,"resolved":false},{"challengeScenes":[{"miniGameCards":[],"viewedAnimatic":false,"keyPoints":[],"unlocked":false,"touchableObjects":[]},{"miniGameCards":[],"viewedAnimatic":false,"keyPoints":[],"unlocked":false,"touchableObjects":[]},{"miniGameCards":[],"viewedAnimatic":false,"keyPoints":[],"unlocked":false,"touchableObjects":[]},{"miniGameCards":[],"viewedAnimatic":false,"keyPoints":[],"unlocked":false,"touchableObjects":[]},{"miniGameCards":[],"viewedAnimatic":false,"keyPoints":[],"unlocked":false,"touchableObjects":[]}],"stackSize":5,"resolved":false},{"challengeScenes":[{"miniGameCards":[],"viewedAnimatic":false,"keyPoints":[],"unlocked":true,"touchableObjects":["c_education_G0a0"]},{"miniGameCards":[],"viewedAnimatic":false,"keyPoints":["c_family_afri_a_G0a1N","c_job_G0a1N","c_home_G0a1N"],"unlocked":true,"touchableObjects":["c_player_afri_M_a_G0a1N","c_family_afri_a_G0a1N","c_job_G0a1N","c_home_G0a1N"]},{"miniGameCards":[],"viewedAnimatic":false,"keyPoints":["c_dad_afri_a_G0a1P","c_mom_afri_a_G0a1P","c_kidsister_afri_a_G0a1P","c_grandma_afri_a_G0a1P","c_Teacher_G0a1P","c_Nurse_G0a1P"],"unlocked":true,"touchableObjects":["c_cousins_M_a_G0a1P","c_friends_G0a1P","c_dad_afri_a_G0a1P","c_mom_afri_a_G0a1P","c_kidsister_afri_a_G0a1P","c_grandma_afri_a_G0a1P","c_Teacher_G0a1P","c_Nurse_G0a1P"]}],"stackSize":3,"resolved":true}],"sessionId":11,"epilogue":{"rating":2},"playerId":6427017,"session":[{"sceneId":"1P","stackId":12},{"sceneId":"1P","stackId":0},{"sceneId":"1P","stackId":1},{"sceneId":"1N","stackId":1},{"sceneId":"2P","stackId":1},{"sceneId":"1P","stackId":4},{"sceneId":"1N","stackId":4},{"sceneId":"3P","stackId":2},{"sceneId":"1P","stackId":2},{"sceneId":"1N","stackId":2},{"sceneId":"2P","stackId":2},{"sceneId":"1P","stackId":3},{"sceneId":"1N","stackId":3},{"sceneId":"2P","stackId":3},{"sceneId":"2P","stackId":4}],"minigames":[{"levelSaveData":[{"starRating":3,"unlocked":true},{"starRating":2,"unlocked":true},{"starRating":1,"unlocked":true},{"starRating":2,"unlocked":true},{"starRating":0,"unlocked":false},{"starRating":0,"unlocked":true},{"starRating":0,"unlocked":false},{"starRating":3,"unlocked":true},{"starRating":0,"unlocked":false},{"starRating":0,"unlocked":false}],"skillPoints":11},{"levelSaveData":[{"starRating":3,"unlocked":true},{"starRating":3,"unlocked":true},{"starRating":2,"unlocked":true},{"starRating":0,"unlocked":true},{"starRating":0,"unlocked":true},{"starRating":0,"unlocked":true},{"starRating":0,"unlocked":false},{"starRating":0,"unlocked":false},{"starRating":0,"unlocked":false},{"starRating":0,"unlocked":false}],"skillPoints":8},{"levelSaveData":[{"starRating":3,"unlocked":true},{"starRating":3,"unlocked":true},{"starRating":2,"unlocked":true},{"starRating":0,"unlocked":false},{"starRating":0,"unlocked":false},{"starRating":0,"unlocked":true},{"starRating":0,"unlocked":false},{"starRating":3,"unlocked":true},{"starRating":2,"unlocked":true},{"starRating":0,"unlocked":false}],"skillPoints":13},{"levelSaveData":[{"starRating":3,"unlocked":true},{"starRating":3,"unlocked":true},{"starRating":0,"unlocked":true},{"starRating":3,"unlocked":true},{"starRating":3,"unlocked":true},{"starRating":0,"unlocked":false},{"starRating":0,"unlocked":false},{"starRating":0,"unlocked":false},{"starRating":0,"unlocked":false},{"starRating":0,"unlocked":false}],"skillPoints":12},{"age":14,"name":"melvin","gender":0,"levelSaveData":[{"starRating":3,"unlocked":true},{"starRating":3,"chunks":[["1"],["4$$always tired","0$$im nice"],["6$$love music","8$$love sports","17$$like rap"],["0"]],"unlocked":true},{"starRating":3,"chunks":[["1"],["1$$sports","0$$good at runnin"],["0$$i want a car","5$$go go the nfl"]],"unlocked":true},{"starRating":3,"chunks":[["3"],["0"],["2"],["0"],["5","0"],["9"]],"unlocked":true},{"starRating":0,"chunks":[[null],[null],[null,null],[null],[null],[null]],"unlocked":true},{"starRating":0,"chunks":[[null],[null,null,null,null],[null],[null]],"unlocked":true},{"starRating":0,"chunks":[[null],[null],[null,null],[null,null],[null]],"unlocked":false},{"starRating":0,"chunks":[[null,null,null],[null,null,null],[null],[null],[null]],"unlocked":false},{"starRating":3,"chunks":[["6","7","5"],["0","2","1"],["0","1"]],"unlocked":true},{"starRating":0,"chunks":[[null],[null],[null],[null],[null],[null]],"unlocked":false}],"visualAvatar":0,"id":0,"skillPoints":15}],"avatar":{"age":14,"name":"melvin","gender":0,"levelSaveData":[{"starRating":3,"unlocked":true},{"starRating":3,"chunks":[["1"],["4$$always tired","0$$im nice"],["6$$love music","8$$love sports","17$$like rap"],["0"]],"unlocked":true},{"starRating":3,"chunks":[["1"],["1$$sports","0$$good at runnin"],["0$$i want a car","5$$go go the nfl"]],"unlocked":true},{"starRating":3,"chunks":[["3"],["0"],["2"],["0"],["5","0"],["9"]],"unlocked":true},{"starRating":0,"chunks":[[null],[null],[null,null],[null],[null],[null]],"unlocked":true},{"starRating":0,"chunks":[[null],[null,null,null,null],[null],[null]],"unlocked":true},{"starRating":0,"chunks":[[null],[null],[null,null],[null,null],[null]],"unlocked":false},{"starRating":0,"chunks":[[null,null,null],[null,null,null],[null],[null],[null]],"unlocked":false},{"starRating":3,"chunks":[["6","7","5"],["0","2","1"],["0","1"]],"unlocked":true},{"starRating":0,"chunks":[[null],[null],[null],[null],[null],[null]],"unlocked":false}],"visualAvatar":0,"id":0,"skillPoints":15}}
6427017,0,55:47:6,7/29/2013 11:06:17am
6427017,1003,55:48:26,3
6427017,1003,55:48:31,2
6427017,1004,55:48:35,5
6427017,900,55:48:47,5,[]
6427017,901,55:51:31,5,[PeopleData_id:5]
6427017,902,55:51:33,5,[PeopleData_id:5,PeopleData_data0Type]
6427017,902,55:51:39,5,[PeopleData_id:5,PeopleData_data1Type]
6427017,902,55:51:45,5,[PeopleData_id:5,PeopleData_data2Type]
6427017,902,55:51:51,5,[PeopleData_id:5,PeopleData_data2Type]
6427017,902,55:51:51,5,[PeopleData_id:5,PeopleData_data3Type]
6427017,903,55:51:55,5,[PeopleData_id5,PeopleData_data3Type]
6427017,901,55:51:56,5,[PeopleData_id:5]
6427017,904,55:51:56,5,[PeopleData_id:5]
6427017,905,55:51:57,5,[PeopleData_id:5,RankTypes_id:-1,RankTypes_id:2]
6427017,901,55:51:57,5,[PeopleData_id:1]
6427017,902,55:51:58,5,[PeopleData_id:1,PeopleData_data0Type]
6427017,902,55:52:1,5,[PeopleData_id:1,PeopleData_data1Type]
6427017,902,55:52:5,5,[PeopleData_id:1,PeopleData_data2Type]
6427017,902,55:52:9,5,[PeopleData_id:1,PeopleData_data3Type]
6427017,903,55:52:40,5,[PeopleData_id1,PeopleData_data3Type]
6427017,901,55:52:41,5,[PeopleData_id:6]
6427017,904,55:52:41,5,[PeopleData_id:6]
6427017,905,55:52:41,5,[PeopleData_id:6,RankTypes_id:-1,RankTypes_id:3]
6427017,901,55:52:42,5,[PeopleData_id:1]
6427017,904,55:52:42,5,[PeopleData_id:1]
6427017,902,55:52:44,5,[PeopleData_id:1,PeopleData_data0Type]
6427017,902,55:52:46,5,[PeopleData_id:1,PeopleData_data1Type]
6427017,902,55:52:50,5,[PeopleData_id:1,PeopleData_data2Type]
6427017,902,55:52:50,5,[PeopleData_id:1,PeopleData_data3Type]
6427017,903,55:52:51,5,[PeopleData_id1,PeopleData_data3Type]
6427017,901,55:52:52,5,[PeopleData_id:6]
6427017,904,55:52:52,5,[PeopleData_id:6]
6427017,901,55:52:54,5,[PeopleData_id:1]
6427017,904,55:52:54,5,[PeopleData_id:1]
6427017,905,55:52:55,5,[PeopleData_id:1,RankTypes_id:-1,RankTypes_id:3]
6427017,901,55:52:56,5,[PeopleData_id:6]
6427017,905,55:52:56,5,[PeopleData_id:6,RankTypes_id:3,RankTypes_id:3]
6427017,902,55:52:58,5,[PeopleData_id:6,PeopleData_data0Type]
6427017,902,55:53:2,5,[PeopleData_id:6,PeopleData_data1Type]
6427017,902,55:53:7,5,[PeopleData_id:6,PeopleData_data2Type]
6427017,902,55:53:13,5,[PeopleData_id:6,PeopleData_data3Type]
6427017,903,55:53:17,5,[PeopleData_id6,PeopleData_data3Type]
6427017,901,55:53:19,5,[PeopleData_id:6]
6427017,905,55:53:19,5,[PeopleData_id:6,RankTypes_id:3,RankTypes_id:3]
6427017,901,55:53:20,5,[PeopleData_id:0]
6427017,902,55:53:22,5,[PeopleData_id:0,PeopleData_data0Type]
6427017,902,55:53:24,5,[PeopleData_id:0,PeopleData_data1Type]
6427017,902,55:53:27,5,[PeopleData_id:0,PeopleData_data2Type]
6427017,902,55:53:30,5,[PeopleData_id:0,PeopleData_data3Type]
6427017,903,55:53:33,5,[PeopleData_id0,PeopleData_data3Type]
6427017,901,55:53:34,5,[PeopleData_id:0]
6427017,904,55:53:34,5,[PeopleData_id:0]
6427017,905,55:53:35,5,[PeopleData_id:0,RankTypes_id:-1,RankTypes_id:3]
6427017,901,55:53:36,5,[PeopleData_id:3]
6427017,902,55:53:43,5,[PeopleData_id:3,PeopleData_data0Type]
6427017,902,55:53:47,5,[PeopleData_id:3,PeopleData_data1Type]
6427017,902,55:53:51,5,[PeopleData_id:3,PeopleData_data2Type]
6427017,903,55:54:5,5,[PeopleData_id3,PeopleData_data2Type]
6427017,901,55:54:7,5,[PeopleData_id:3]
6427017,904,55:54:7,5,[PeopleData_id:3]
6427017,905,55:54:8,5,[PeopleData_id:3,RankTypes_id:-1,RankTypes_id:1]
6427017,901,55:54:10,5,[PeopleData_id:7]
6427017,904,55:54:10,5,[PeopleData_id:7]
6427017,902,55:54:11,5,[PeopleData_id:7,PeopleData_data0Type]
6427017,902,55:54:15,5,[PeopleData_id:7,PeopleData_data1Type]
6427017,902,55:54:18,5,[PeopleData_id:7,PeopleData_data2Type]
6427017,902,55:54:22,5,[PeopleData_id:7,PeopleData_data3Type]
6427017,903,55:54:24,5,[PeopleData_id7,PeopleData_data3Type]
6427017,901,55:54:25,5,[PeopleData_id:7]
6427017,904,55:54:25,5,[PeopleData_id:7]
6427017,905,55:54:26,5,[PeopleData_id:7,RankTypes_id:-1,RankTypes_id:0]
6427017,901,55:54:27,5,[PeopleData_id:2]
6427017,902,55:54:28,5,[PeopleData_id:2,PeopleData_data0Type]
6427017,902,55:54:32,5,[PeopleData_id:2,PeopleData_data1Type]
6427017,902,55:54:38,5,[PeopleData_id:2,PeopleData_data2Type]
6427017,903,55:54:44,5,[PeopleData_id2,PeopleData_data2Type]
6427017,901,55:54:45,5,[PeopleData_id:2]
6427017,904,55:54:45,5,[PeopleData_id:2]
6427017,905,55:54:46,5,[PeopleData_id:2,RankTypes_id:-1,RankTypes_id:0]
6427017,901,55:54:46,5,[PeopleData_id:4]
6427017,904,55:54:46,5,[PeopleData_id:4]
6427017,902,55:54:47,5,[PeopleData_id:4,PeopleData_data0Type]
6427017,902,55:54:51,5,[PeopleData_id:4,PeopleData_data1Type]
6427017,902,55:54:55,5,[PeopleData_id:4,PeopleData_data2Type]
6427017,902,55:54:59,5,[PeopleData_id:4,PeopleData_data3Type]
6427017,903,55:55:6,5,[PeopleData_id4,PeopleData_data3Type]
6427017,901,55:55:6,5,[PeopleData_id:4]
6427017,904,55:55:6,5,[PeopleData_id:4]
6427017,905,55:55:7,5,[PeopleData_id:4,RankTypes_id:-1,RankTypes_id:0]
6427017,906,55:55:7,5,[]
6427017,907,55:55:9,5,[]
6427017,908,55:55:9,5,[InvitationData_id:2,PeopleData_id:1,RankTypes_id:3]
6427017,909,55:55:12,5,[InvitationData_id:2,PeopleData_id:1,RankTypes_id:3,1]
6427017,910,55:55:13,5,[InvitationData_id:2,7,false]
6427017,908,55:55:13,5,[InvitationData_id:6,PeopleData_id:0,RankTypes_id:3]
6427017,909,55:55:18,5,[InvitationData_id:6,PeopleData_id:0,RankTypes_id:3,1]
6427017,910,55:55:20,5,[InvitationData_id:6,7,false]
6427017,908,55:55:20,5,[InvitationData_id:3,PeopleData_id:3,RankTypes_id:1]
6427017,909,55:55:25,5,[InvitationData_id:3,PeopleData_id:3,RankTypes_id:1,0]
6427017,910,55:55:32,5,[InvitationData_id:3,0,false]
6427017,908,55:55:32,5,[InvitationData_id:5,PeopleData_id:3,RankTypes_id:1]
6427017,909,55:55:36,5,[InvitationData_id:5,PeopleData_id:3,RankTypes_id:1,0]
6427017,910,55:55:43,5,[InvitationData_id:5,0,false]
6427017,908,55:55:43,5,[InvitationData_id:11,PeopleData_id:0,RankTypes_id:3]
6427017,909,55:55:47,5,[InvitationData_id:11,PeopleData_id:0,RankTypes_id:3,1]
6427017,910,55:55:48,5,[InvitationData_id:11,7,false]
6427017,908,55:55:48,5,[InvitationData_id:10,PeopleData_id:3,RankTypes_id:1]
6427017,909,55:55:54,5,[InvitationData_id:10,PeopleData_id:3,RankTypes_id:1,0]
6427017,910,55:55:59,5,[InvitationData_id:10,0,false]
6427017,908,55:55:59,5,[InvitationData_id:4,PeopleData_id:3,RankTypes_id:1]
6427017,909,55:56:8,5,[InvitationData_id:4,PeopleData_id:3,RankTypes_id:1,0]
6427017,910,55:56:9,5,[InvitationData_id:4,0,false]
6427017,908,55:56:9,5,[InvitationData_id:8,PeopleData_id:1,RankTypes_id:3]
6427017,909,56:3:24,5,[InvitationData_id:8,PeopleData_id:1,RankTypes_id:3,1]
6427017,910,56:3:29,5,[InvitationData_id:8,7,false]
6427017,908,56:3:29,5,[InvitationData_id:1,PeopleData_id:1,RankTypes_id:3]
6427017,909,56:3:36,5,[InvitationData_id:1,PeopleData_id:1,RankTypes_id:3,1]
6427017,910,56:3:37,5,[InvitationData_id:1,7,false]
6427017,908,56:3:37,5,[InvitationData_id:7,PeopleData_id:5,RankTypes_id:2]
6427017,909,56:3:42,5,[InvitationData_id:7,PeopleData_id:5,RankTypes_id:2,1]
6427017,910,56:3:44,5,[InvitationData_id:7,5,false]
6427017,908,56:3:44,5,[InvitationData_id:0,PeopleData_id:6,RankTypes_id:3]
6427017,909,56:3:52,5,[InvitationData_id:0,PeopleData_id:6,RankTypes_id:3,1]
6427017,910,56:3:54,5,[InvitationData_id:0,7,false]
6427017,911,56:3:57,5,[47,0,0,0]
6427017,1005,56:3:57,5,[2,0,3]
6427017,1001,56:3:59,5,[]
6427017,1003,56:3:59,2
6427017,100,56:4:6,4
6427017,102,56:4:8,4
6427017,200,56:4:8,4,11,8,16,12,15
6427017,210,56:4:20,799,345
6427017,211,56:4:21,800,355
6427017,213,56:4:21,4,c_mom_afri_a_G9a2N,false
6427017,1003,56:4:25,1
6427017,1004,56:4:31,5
6427017,800,56:4:34,5,[]
6427017,801,56:4:36,5,[]
6427017,814,56:4:37,5,[1]
6427017,815,56:4:37,5,1,OpportunityCardData_id:7
6427017,816,56:4:39,5,1,OpportunityCardData_id:7
6427017,805,56:4:40,5,[OpportunityCardData_id:7]
6427017,806,56:4:42,5,[OpportunityCardData_id:7,PriorityData_type:4]
6427017,807,56:4:43,5,[OpportunityCardData_id:7]
6427017,808,56:4:45,5,[OpportunityCardData_id:7]
6427017,809,56:4:48,5,[OpportunityCardData_id:7,PriorityData_type:4,true]
6427017,810,56:4:49,5,[OpportunityCardData_id:7,PriorityData_type:1,20,Safe,Safe]
6427017,814,56:4:53,5,[5]
6427017,815,56:4:53,5,5,OpportunityCardData_id:31
6427017,816,56:4:55,5,5,OpportunityCardData_id:31
6427017,805,56:4:56,5,[OpportunityCardData_id:31]
6427017,806,56:5:0,5,[OpportunityCardData_id:31,PriorityData_type:4]
6427017,807,56:5:0,5,[OpportunityCardData_id:31]
6427017,808,56:5:2,5,[OpportunityCardData_id:31]
6427017,809,56:5:7,5,[OpportunityCardData_id:31,PriorityData_type:2,false]
6427017,810,56:5:7,5,[OpportunityCardData_id:31,PriorityData_type:5,20,PriorityData_type:2,5]
6427017,814,56:5:11,5,[2]
6427017,815,56:5:11,5,2,OpportunityCardData_id:13
6427017,816,56:5:15,5,2,OpportunityCardData_id:13
6427017,805,56:5:16,5,[OpportunityCardData_id:13]
6427017,806,56:5:18,5,[OpportunityCardData_id:13,PriorityData_type:3]
6427017,807,56:5:19,5,[OpportunityCardData_id:13]
6427017,808,56:5:21,5,[OpportunityCardData_id:13]
6427017,809,56:5:24,5,[OpportunityCardData_id:13,Safe,false]
6427017,810,56:5:25,5,[OpportunityCardData_id:13,PriorityData_type:2,5,Safe,Safe]
6427017,814,56:5:32,5,[3]
6427017,815,56:5:32,5,3,OpportunityCardData_id:19
6427017,815,56:5:35,5,3,OpportunityCardData_id:24
6427017,816,56:5:37,5,3,OpportunityCardData_id:24
6427017,805,56:5:38,5,[OpportunityCardData_id:24]
6427017,806,56:5:39,5,[OpportunityCardData_id:24,PriorityData_type:4]
6427017,807,56:5:40,5,[OpportunityCardData_id:24]
6427017,808,56:5:45,5,[OpportunityCardData_id:24]
6427017,809,56:5:50,5,[OpportunityCardData_id:24,PriorityData_type:4,true]
6427017,810,56:5:51,5,[OpportunityCardData_id:24,PriorityData_type:3,10,Safe,Safe]
6427017,814,56:5:55,5,[4]
6427017,815,56:5:55,5,4,OpportunityCardData_id:25
6427017,815,56:6:1,5,4,OpportunityCardData_id:26
6427017,815,56:6:4,5,4,OpportunityCardData_id:27
6427017,815,56:6:6,5,4,OpportunityCardData_id:28
6427017,815,56:6:9,5,4,OpportunityCardData_id:29
6427017,816,56:6:11,5,4,OpportunityCardData_id:29
6427017,803,56:6:12,5,[OpportunityCardData_id:29,OpportunityCardConsequencesData_logId:0]
6427017,803,56:6:13,5,[OpportunityCardData_id:29,OpportunityCardConsequencesData_logId:1]
6427017,805,56:6:18,5,[OpportunityCardData_id:29]
6427017,806,56:6:21,5,[OpportunityCardData_id:29,PriorityData_type:5]
6427017,807,56:6:22,5,[OpportunityCardData_id:29]
6427017,808,56:6:23,5,[OpportunityCardData_id:29]
6427017,809,56:6:28,5,[OpportunityCardData_id:29,Safe,false]
6427017,810,56:6:29,5,[OpportunityCardData_id:29,PriorityData_type:4,10,Safe,Safe]
6427017,814,56:6:34,5,[1]
6427017,815,56:6:34,5,1,OpportunityCardData_id:8
6427017,816,56:6:36,5,1,OpportunityCardData_id:8
6427017,805,56:6:37,5,[OpportunityCardData_id:8]
6427017,806,56:6:42,5,[OpportunityCardData_id:8,PriorityData_type:5]
6427017,807,56:6:44,5,[OpportunityCardData_id:8]
6427017,808,56:6:51,5,[OpportunityCardData_id:8]
6427017,809,56:6:55,5,[OpportunityCardData_id:8,PriorityData_type:2,false]
6427017,810,56:6:56,5,[OpportunityCardData_id:8,PriorityData_type:1,20,PriorityData_type:2,20]
6427017,814,56:7:9,5,[2]
6427017,815,56:7:9,5,2,OpportunityCardData_id:14
6427017,815,56:7:13,5,2,OpportunityCardData_id:15
6427017,815,56:7:14,5,2,OpportunityCardData_id:16
6427017,815,56:7:14,5,2,OpportunityCardData_id:17
6427017,815,56:7:14,5,2,OpportunityCardData_id:18
6427017,815,56:7:15,5,2,OpportunityCardData_id:17
6427017,815,56:7:15,5,2,OpportunityCardData_id:16
6427017,816,56:7:17,5,2,OpportunityCardData_id:16
6427017,803,56:7:18,5,[OpportunityCardData_id:16,OpportunityCardConsequencesData_logId:0]
6427017,803,56:7:18,5,[OpportunityCardData_id:16,OpportunityCardConsequencesData_logId:1]
6427017,803,56:7:19,5,[OpportunityCardData_id:16,OpportunityCardConsequencesData_logId:2]
6427017,805,56:7:28,5,[OpportunityCardData_id:16]
6427017,806,56:7:30,5,[OpportunityCardData_id:16,PriorityData_type:3]
6427017,807,56:7:30,5,[OpportunityCardData_id:16]
6427017,808,56:7:32,5,[OpportunityCardData_id:16]
6427017,809,56:7:37,5,[OpportunityCardData_id:16,PriorityData_type:1,false]
6427017,810,56:7:37,5,[OpportunityCardData_id:16,PriorityData_type:2,10,PriorityData_type:1,10]
6427017,814,56:7:50,5,[2]
6427017,815,56:7:50,5,2,OpportunityCardData_id:14
6427017,815,56:7:52,5,2,OpportunityCardData_id:18
6427017,815,56:7:53,5,2,OpportunityCardData_id:14
6427017,817,56:7:55,5,2
6427017,814,56:7:58,5,[3]
6427017,815,56:7:58,5,3,OpportunityCardData_id:19
6427017,815,56:7:59,5,3,OpportunityCardData_id:20
6427017,816,56:8:3,5,3,OpportunityCardData_id:20
6427017,803,56:8:4,5,[OpportunityCardData_id:20,OpportunityCardConsequencesData_logId:0]
6427017,803,56:8:5,5,[OpportunityCardData_id:20,OpportunityCardConsequencesData_logId:2]
6427017,803,56:8:5,5,[OpportunityCardData_id:20,OpportunityCardConsequencesData_logId:1]
6427017,805,56:8:10,5,[OpportunityCardData_id:20]
6427017,806,56:8:11,5,[OpportunityCardData_id:20,PriorityData_type:2]
6427017,807,56:8:13,5,[OpportunityCardData_id:20]
6427017,808,56:8:17,5,[OpportunityCardData_id:20]
6427017,809,56:8:23,5,[OpportunityCardData_id:20,PriorityData_type:2,true]
6427017,810,56:8:25,5,[OpportunityCardData_id:20,PriorityData_type:3,15,Safe,Safe]
6427017,814,56:8:29,5,[3]
6427017,815,56:8:29,5,3,OpportunityCardData_id:19
6427017,815,56:8:31,5,3,OpportunityCardData_id:21
6427017,815,56:8:31,5,3,OpportunityCardData_id:22
6427017,815,56:8:32,5,3,OpportunityCardData_id:23
6427017,817,56:8:36,5,3
6427017,814,56:8:40,5,[4]
6427017,815,56:8:40,5,4,OpportunityCardData_id:25
6427017,815,56:8:42,5,4,OpportunityCardData_id:30
6427017,815,56:8:44,5,4,OpportunityCardData_id:28
6427017,815,56:8:46,5,4,OpportunityCardData_id:27
6427017,815,56:8:47,5,4,OpportunityCardData_id:26
6427017,815,56:8:49,5,4,OpportunityCardData_id:25
6427017,816,56:8:51,5,4,OpportunityCardData_id:25
6427017,803,56:8:52,5,[OpportunityCardData_id:25,OpportunityCardConsequencesData_logId:0]
6427017,803,56:8:53,5,[OpportunityCardData_id:25,OpportunityCardConsequencesData_logId:1]
6427017,804,56:8:57,5,[OpportunityCardData_id:25]
6427017,814,56:9:0,5,[4]
6427017,815,56:9:0,5,4,OpportunityCardData_id:26
6427017,816,56:9:2,5,4,OpportunityCardData_id:26
6427017,803,56:9:3,5,[OpportunityCardData_id:26,OpportunityCardConsequencesData_logId:0]
6427017,803,56:9:3,5,[OpportunityCardData_id:26,OpportunityCardConsequencesData_logId:1]
6427017,803,56:9:3,5,[OpportunityCardData_id:26,OpportunityCardConsequencesData_logId:2]
6427017,805,56:9:5,5,[OpportunityCardData_id:26]
6427017,806,56:9:6,5,[OpportunityCardData_id:26,PriorityData_type:2]
6427017,807,56:9:7,5,[OpportunityCardData_id:26]
6427017,808,56:9:8,5,[OpportunityCardData_id:26]
6427017,809,56:9:12,5,[OpportunityCardData_id:26,Safe,false]
6427017,810,56:9:13,5,[OpportunityCardData_id:26,PriorityData_type:4,15,Safe,Safe]
6427017,814,56:9:20,5,[1]
6427017,815,56:9:20,5,1,OpportunityCardData_id:9
6427017,815,56:9:40,5,1,OpportunityCardData_id:10
6427017,816,56:9:44,5,1,OpportunityCardData_id:10
6427017,803,56:9:45,5,[OpportunityCardData_id:10,OpportunityCardConsequencesData_logId:0]
6427017,803,56:9:46,5,[OpportunityCardData_id:10,OpportunityCardConsequencesData_logId:1]
6427017,803,56:9:46,5,[OpportunityCardData_id:10,OpportunityCardConsequencesData_logId:2]
6427017,805,56:9:48,5,[OpportunityCardData_id:10]
6427017,806,56:9:50,5,[OpportunityCardData_id:10,PriorityData_type:2]
6427017,807,56:9:51,5,[OpportunityCardData_id:10]
6427017,808,56:9:53,5,[OpportunityCardData_id:10]
6427017,809,56:9:58,5,[OpportunityCardData_id:10,Safe,false]
6427017,810,56:9:58,5,[OpportunityCardData_id:10,PriorityData_type:1,5,Safe,Safe]
6427017,814,56:10:2,5,[4]
6427017,815,56:10:2,5,4,OpportunityCardData_id:27
6427017,816,56:10:5,5,4,OpportunityCardData_id:27
6427017,803,56:10:7,5,[OpportunityCardData_id:27,OpportunityCardConsequencesData_logId:0]
6427017,803,56:10:7,5,[OpportunityCardData_id:27,OpportunityCardConsequencesData_logId:1]
6427017,803,56:10:8,5,[OpportunityCardData_id:27,OpportunityCardConsequencesData_logId:2]
6427017,805,56:10:18,5,[OpportunityCardData_id:27]
6427017,806,56:10:20,5,[OpportunityCardData_id:27,PriorityData_type:5]
6427017,807,56:10:21,5,[OpportunityCardData_id:27]
6427017,808,56:10:23,5,[OpportunityCardData_id:27]
6427017,809,56:10:28,5,[OpportunityCardData_id:27,Safe,false]
6427017,810,56:10:29,5,[OpportunityCardData_id:27,PriorityData_type:4,15,Safe,Safe]
6427017,818,56:10:40,5,0
6427017,811,56:10:42,5,[OpportunityCardData_id:27,PriorityData_type:1,70,70,PriorityData_type:4,70,75]
6427017,1005,56:10:42,5,[1,0,3]
6427017,1001,56:10:44,5,[]
6427017,1003,56:10:44,1
6427017,210,56:10:50,819,460
6427017,211,56:10:52,805,463
6427017,213,56:10:52,4,c_mom_afri_a_G9a2N,true
6427017,205,56:10:52,4,c_mom_afri_a_G9a2N,false,false
6427017,221,56:11:20,4
6427017,220,56:11:21,4
6427017,203,56:11:21,4
6427017,100,56:12:6,10
6427017,102,56:12:13,10
6427017,200,56:12:13,10,11,11,16,12,15
6427017,219,56:12:13,10
6427017,216,56:12:14,Stack_G12a0
6427017,217,56:12:26,Stack_G12a0,11,0.00
6427017,218,56:12:31,10
6427017,210,56:12:32,798,437
6427017,211,56:12:34,963,142
6427017,212,56:12:36,2
6427017,210,56:12:37,928,186
6427017,211,56:12:39,742,401
6427017,213,56:12:39,10,c_mom_afri_G12a0,false
6427017,212,56:12:43,0
6427017,210,56:12:45,703,420
6427017,211,56:12:52,828,239
6427017,221,56:12:53,10
6427017,220,56:12:55,10
6427017,219,56:12:56,10
6427017,216,56:12:56,Stack_G12a1N
6427017,217,56:13:14,Stack_G12a1N,15,1.5
6427017,218,56:13:16,10
6427017,210,56:13:17,419,455
6427017,207,56:13:17,10,-200,0
6427017,211,56:13:18,210,427
6427017,212,56:13:19,2
6427017,210,56:13:19,294,468
6427017,211,56:13:21,280,464
6427017,213,56:13:21,10,c_crush1_M_G12a1N,false
6427017,210,56:13:25,838,407
6427017,207,56:13:26,10,0,-330
6427017,207,56:13:27,10,-330,-512
6427017,211,56:13:29,886,325
6427017,212,56:13:29,1
6427017,210,56:13:30,895,424
6427017,211,56:13:31,895,424
6427017,212,56:13:31,0
6427017,210,56:13:32,901,321
6427017,211,56:13:33,901,318
6427017,219,56:13:34,10
6427017,216,56:13:35,Stack_G12a2N
6427017,217,56:13:50,Stack_G12a2N,13,0.00
6427017,218,56:13:53,10
6427017,210,56:13:55,800,411
6427017,207,56:13:57,10,-200,-995
6427017,211,56:13:58,1637,405
6427017,212,56:14:0,2
6427017,210,56:14:1,1649,440
6427017,207,56:14:7,10,-995,-215
6427017,211,56:14:8,521,271
6427017,212,56:14:9,1
6427017,210,56:14:10,537,340
6427017,211,56:14:13,577,361
6427017,210,56:14:18,1054,441
6427017,207,56:14:19,10,-215,-680
6427017,211,56:14:20,1493,625
6427017,212,56:14:20,2
6427017,210,56:14:22,1504,610
6427017,211,56:14:23,1505,629
6427017,212,56:14:23,0
6427017,210,56:14:24,1497,622
6427017,211,56:14:25,1492,634
6427017,212,56:14:26,1
6427017,210,56:14:27,1503,596
6427017,207,56:14:31,10,-680,-605
6427017,211,56:14:34,918,355
6427017,210,56:14:40,459,470
6427017,207,56:14:41,10,-200,0
6427017,211,56:14:45,876,109
6427017,221,56:14:48,10
6427017,220,56:14:52,10
6427017,221,56:15:2,10
6427017,300,56:15:5
6427017,220,56:15:5,10
6427017,301,56:15:8,3
6427017,302,56:15:17,3,2,1,17
6427017,304,56:15:23,3,2,1,-1,,17,
6427017,302,56:15:30,3,4,0,1
6427017,304,56:15:31,3,4,0,-1,,1,
6427017,302,56:15:33,3,2,0,0
6427017,302,56:15:39,3,2,0,5
6427017,302,56:15:43,3,2,0,14
6427017,302,56:15:46,3,2,0,8
6427017,302,56:15:55,3,2,0,7
6427017,303,56:16:3,3,2,0,7
6427017,306,56:16:5,3,0,1
6427017,304,56:16:5,3,2,0,-1,,7,cool
6427017,302,56:16:14,3,3,0,1
6427017,304,56:16:15,3,3,0,-1,,1,
6427017,302,56:16:18,3,0,0,5
6427017,302,56:16:23,3,0,0,6
6427017,303,56:16:26,3,0,0,6
6427017,306,56:16:31,3,1,2
6427017,304,56:16:31,3,0,0,-1,,6,music
6427017,302,56:16:36,3,1,0,0
6427017,304,56:16:38,3,1,0,-1,,0,
6427017,302,56:16:48,3,5,0,4
6427017,303,56:16:50,3,5,0,4
6427017,306,56:17:0,3,2,3
6427017,304,56:17:0,3,5,0,-1,,4,be a rock star
6427017,301,56:17:8,4
6427017,302,56:17:17,4,0,0,5
6427017,302,56:17:19,4,0,0,11
6427017,302,56:17:23,4,0,0,5
6427017,302,56:17:25,4,0,0,3
6427017,304,56:17:26,4,0,0,-1,,3,
6427017,302,56:17:33,4,1,0,10
6427017,302,56:17:40,4,1,0,6
6427017,304,56:17:40,4,1,0,-1,,6,
6427017,302,56:17:47,4,1,1,4
6427017,306,56:17:48,4,0,1
6427017,304,56:17:48,4,1,1,-1,,4,
6427017,302,56:17:59,4,1,2,4
6427017,304,56:18:0,4,1,2,-1,,4,
6427017,302,56:18:10,4,1,3,0
6427017,306,56:18:10,4,1,2
6427017,304,56:18:10,4,1,3,-1,,0,
6427017,302,56:18:20,4,2,0,7
6427017,304,56:18:21,4,2,0,-1,,7,
6427017,302,56:18:29,4,3,0,2
6427017,303,56:18:34,4,3,0,2
6427017,306,56:18:48,4,2,3
6427017,304,56:18:48,4,3,0,-1,,2,white house
6427017,301,56:18:51,5
6427017,302,56:19:2,5,4,0,2
6427017,303,56:19:6,5,4,0,2
6427017,304,56:19:9,5,4,0,-1,,2,ki
6427017,303,56:19:15,5,4,0,2
6427017,304,56:19:38,5,4,0,2,ki,2,me wufe kids
6427017,100,56:19:56,10
6427017,102,56:20:12,10
6427017,200,56:20:12,10,11,11,16,12,21
6427017,221,56:20:14,10
6427017,220,56:20:15,10
6427017,210,56:20:20,910,330
6427017,211,56:20:20,907,322
6427017,210,56:20:20,1274,311
6427017,207,56:20:21,10,-200,-710
6427017,211,56:20:24,1303,417
6427017,204,56:20:45,10
6427017,100,56:21:11,4
6427017,101,56:21:17,4
6427017,103,56:21:18
6427017,105,56:21:19
6427017,703,56:21:21,[|| EpilogueItem ID: 0 unlocked: true ||,|| EpilogueItem ID: 1 unlocked: true ||,|| EpilogueItem ID: 2 unlocked: true ||,|| EpilogueItem ID: 3 unlocked: true ||,|| EpilogueItem ID: 4 unlocked: true ||,|| EpilogueItem ID: 5 unlocked: false ||,|| EpilogueItem ID: 6 unlocked: false ||,|| EpilogueItem ID: 7 unlocked: false ||,|| EpilogueItem ID: 8 unlocked: false ||,|| EpilogueItem ID: 9 unlocked: false ||,|| EpilogueItem ID: 10 unlocked: false ||,|| EpilogueItem ID: 11 unlocked: false ||,|| EpilogueItem ID: 12 unlocked: false ||,|| EpilogueItem ID: 13 unlocked: true ||,|| EpilogueItem ID: 14 unlocked: false ||,|| EpilogueItem ID: 15 unlocked: false ||,|| EpilogueItem ID: 16 unlocked: false ||,|| EpilogueItem ID: 17 unlocked: false ||,|| EpilogueItem ID: 18 unlocked: false ||,|| EpilogueItem ID: 19 unlocked: false ||,|| EpilogueItem ID: 20 unlocked: false ||,|| EpilogueItem ID: 21 unlocked: false ||,|| EpilogueItem ID: 22 unlocked: false ||,|| EpilogueItem ID: 23 unlocked: false ||,|| EpilogueItem ID: 24 unlocked: false ||],0.24
6427017,706,56:21:24,(x=2110, y=-100, w=1024, h=768),(x=2531, y=-100, w=1024, h=768)
6427017,708,56:21:24
6427017,1,56:21:24,7/29/2013 11:40:35am,{"gameTime":202884231,"challengeStacks":[{"challengeScenes":[{"miniGameCards":[],"viewedAnimatic":true,"keyPoints":["c_teacherEng_G7a0","c_bestFriend_M_a_G7a0","s_flag_gen"],"unlocked":true,"touchableObjects":["s_poePoster_gen","s_otherStudent1_G7a0","s_vocabAssignment_G7a0","s_doorClassroom_G7a0","s_angelouPoster_gen","c_crewKid1_M_G7a0","c_friend1_M_a_G7a0","c_teacherEng_G7a0","c_bestFriend_M_a_G7a0","s_clock_G7a0","s_shakespearePoster_gen","s_atwoodPoster_gen","s_flag_gen"]},{"miniGameCards":[],"viewedAnimatic":true,"keyPoints":["c_bestFriend_M_a_G7a1N","c_teacherEng_G7a1N","s_paperPlayers_G7a1N"],"unlocked":true,"touchableObjects":["s_otherStudent2_G7a1N","c_bestFriend_M_a_G7a1N","c_teacherEng_G7a1N","s_otherStudent1_G7a1N","c_crewKid1_M_G7a1N","s_flag_gen","s_atwoodPoster_gen","s_angelouPoster_gen","s_shakespearePoster_gen","s_poePoster_gen","s_posterPlagiarism_gen","s_paperPlayers_G7a1N"]},{"miniGameCards":[],"viewedAnimatic":true,"keyPoints":["s_paperEnglish_gen","s_flag_gen","c_teacherEng_G7a1P","c_bestFriend_M_a_G7a1P"],"unlocked":true,"touchableObjects":["s_clock_G7a1P","s_poePoster_gen","s_shakespearePoster_gen","s_angelouPoster_gen","s_atwoodPoster_gen","s_paperPlayers_G7a1P","s_paperEnglish_gen","s_flag_gen","s_papersDetention_gen","c_teacherEng_G7a1P","c_bestFriend_M_a_G7a1P"]}],"stackSize":3,"resolved":true},{"challengeScenes":[{"miniGameCards":[],"viewedAnimatic":true,"keyPoints":["s_backpack_M_G7b0","c_kidSister_afri_a_G7b0","c_crewKid1_M_G7b0"],"unlocked":true,"touchableObjects":["c_crewKid2_M_G7b0","s_backpack_M_G7b0","c_cousinsBrother_a_G7b0","c_kidSister_afri_a_G7b0","c_crewKid1_M_G7b0","c_cousin_M_a_G7b0","s_lifeguard_G7b0","s_snackBarWorker_G7b0","c_cousinsBrothersFriend_a_G7b0"]},{"miniGameCards":[],"viewedAnimatic":true,"keyPoints":["c_crewKid1_M_G7b1N","s_graffiti_G7b1N","s_brokenCarWindow_G7b1N","c_kidSister_afri_a_G7b1N","s_sprayPaintCan_G7b1N"],"unlocked":true,"touchableObjects":["c_cousin_M_a_G7b1N","c_policeOfficer_G7b1N","s_wreckedPlants_G7b1N","s_cat_G7b1N","c_teacherEng_G7b1N","c_crewKid1_M_G7b1N","c_crewKid2_M_a_G7b1N","s_graffiti_G7b1N","s_brokenCarWindow_G7b1N","c_kidSister_afri_a_G7b1N","s_sprayPaintCan_G7b1N"]},{"miniGameCards":[],"viewedAnimatic":true,"keyPoints":["c_cousinsBrothersFriend_a_G7b1P","c_cousin_M_a_G7b1P","c_cousinsBrother_a_G7b1P","s_poolDay_ruleSign_G7b1P"],"unlocked":true,"touchableObjects":["c_cousinsBrothersFriend_a_G7b1P","c_kidSister_afri_a_G7b1P","c_cousin_M_a_G7b1P","c_cousinsBrother_a_G7b1P","c_crush1_M_a_G7b1P","s_poolDay_ruleSign_G7b1P"]},{"miniGameCards":[],"viewedAnimatic":true,"keyPoints":["s_kid1_G7b2N","c_kidSister_afri_a_G7b2N","c_crush1_M_a_G7b2N","c_cousin_M_a_G7b2N"],"unlocked":true,"touchableObjects":["c_cousinsBrother_a_G7b2N","s_kid1_G7b2N","s_lifeguard_G7b2N","c_kidSister_afri_a_G7b2N","s_kidPool2_G7b2N","c_crewKid2_M_G7b2N","c_crush1_M_a_G7b2N","c_cousin_M_a_G7b2N"]},{"miniGameCards":[],"viewedAnimatic":true,"keyPoints":["c_cousin_M_a_G7b2P","c_kidSister_afri_a_G7b2P","s_computer_M_G7b2P"],"unlocked":true,"touchableObjects":["c_cousin_M_a_G7b2P","c_grandma_afri_a_G7b2P","c_kidSister_afri_a_G7b2P","s_calendar_M_gen","s_computer_M_G7b2P"]}],"stackSize":5,"resolved":true},{"challengeScenes":[{"miniGameCards":[],"viewedAnimatic":true,"keyPoints":["c_crush2_M_a_G8a0","s_bottleCrush2_M_G8a0","c_cousin_M_a_G8a0","s_clock_G8a0","s_cellphone_G8a0"],"unlocked":true,"touchableObjects":["c_crush2_M_a_G8a0","c_friend1_M_G8a0","c_crewKid1_M_a_G8a0","s_stairs_G8a0","s_bottleCrush2_M_G8a0","s_beerSixpack_G8a0","c_cousin_M_a_G8a0","s_beerCooler_G8a0","s_clock_G8a0","s_bottleTable_G8a0","s_cellphone_G8a0"]},{"miniGameCards":[],"viewedAnimatic":true,"keyPoints":["s_crush2Lips_M_G8a1N","s_crush2Sore_M_G8a1N","s_dirtyClothes_gen","s_basementDoor_gen","s_crush2Eyes_M_G8a1N"],"unlocked":true,"touchableObjects":["c_crush2_M_a_G8a1N","s_inhalantsShelf_gen","s_stairs_G8a1N","s_crush2Lips_M_G8a1N","s_waterHeater_gen","s_crush2Sore_M_G8a1N","s_dirtyClothes_gen","s_basementDoor_gen","s_dryer_G8a1N","s_crush2Eyes_M_G8a1N"]},{"miniGameCards":[],"viewedAnimatic":true,"keyPoints":["c_crush2_M_a_G8a1P","s_dirtyClothes_gen","s_basementDoor_gen","s_inhalantsShelf_gen"],"unlocked":true,"touchableObjects":["s_spraypaintCrush2_M_G8a1P","c_crush2_M_a_G8a1P","s_waterHeater_gen","s_dirtyClothes_gen","s_basementDoor_gen","s_inhalantsShelf_gen"]},{"miniGameCards":[],"viewedAnimatic":true,"keyPoints":["c_crush2_M_a_G8a2N","s_spraypaintCan_G8a2N"],"unlocked":true,"touchableObjects":["s_fumes_G8a2N","c_friend1_M_a_G8a2N","c_crush2_M_a_G8a2N","s_spraypaintCan_G8a2N"]},{"miniGameCards":[],"viewedAnimatic":true,"keyPoints":["c_kidSister_afri_a_G8a2P","c_crush2_M_a_G8a2P","s_pictureDad_afri_gen","s_magazine_G8a2P","s_sistersToy_G8a2P"],"unlocked":true,"touchableObjects":["c_kidSister_afri_a_G8a2P","c_crush2_M_a_G8a2P","s_pictureDad_afri_gen","s_magazine_G8a2P","s_sistersToy_G8a2P"]},{"miniGameCards":[],"viewedAnimatic":true,"keyPoints":["s_mirror_afri_M_a_G8a3N","s_pamphlet3_G8a3N","c_nurse_a_G8a3N","s_pamphlet1_G8a3N"],"unlocked":true,"touchableObjects":["s_mirror_afri_M_a_G8a3N","s_phone_G8a3N","s_pamphlet3_G8a3N","c_nurse_a_G8a3N","s_door_G8a3N","s_poster_G8a3N","s_pamphlet1_G8a3N"]},{"miniGameCards":[],"viewedAnimatic":true,"keyPoints":["c_crush2_M_a_G8a3P","s_kidsCouch_G8a3P"],"unlocked":true,"touchableObjects":["c_crush2_M_a_G8a3P","s_kidsCouch_G8a3P","c_cousin_M_a_G8a3P","c_crewKid1_M_a_G8a3P","s_window_G8a3P","s_kidStanding_G8a3P","c_friend1_M_a_G8a3P"]}],"stackSize":7,"resolved":true},{"challengeScenes":[{"miniGameCards":[],"viewedAnimatic":true,"keyPoints":["c_kidSister_afri_a_G8b0","c_friend1_M_a_G8b0","s_pillBottle_G8b0"],"unlocked":true,"touchableObjects":["c_kidSister_afri_a_G8b0","c_grandma_afri_a_G8b0","c_friend1_M_a_G8b0","s_pictureMom_afri_gen","s_pictureDad_afri_gen","s_pillBottle_G8b0"]},{"miniGameCards":[],"viewedAnimatic":true,"keyPoints":["c_grandma_afri_a_G8b1N","c_kidSister_afri_a_G8b1N","c_friend1_M_a_G8b1N"],"unlocked":true,"touchableObjects":["c_grandma_afri_a_G8b1N","c_kidSister_afri_a_G8b1N","c_friend1_M_a_G8b1N","s_pillBottle_G8b1N"]},{"miniGameCards":[],"viewedAnimatic":true,"keyPoints":["c_friend1_M_a_G8b1P","s_pillBottle_M_G8b1P","c_grandma_afri_a_G8b1P"],"unlocked":true,"touchableObjects":["c_friend1_M_a_G8b1P","s_pillBottle_M_G8b1P","c_grandma_afri_a_G8b1P"]},{"miniGameCards":[],"viewedAnimatic":true,"keyPoints":["c_crewKid2_M_a_G8b2N","c_teacherEng_G8b2N","s_sandwichBagPills_G8b2N","c_friend1_M_a_G8b2N","s_clock_G8b2N"],"unlocked":true,"touchableObjects":["c_crewKid2_M_a_G8b2N","s_kid2_G8b2N","s_kid5_G8b2N","s_kid3_G8b2N","s_kid4_G8b2N","c_teacherEng_G8b2N","s_sandwichBagPills_G8b2N","c_friend1_M_a_G8b2N","s_kid1_G8b2N","s_clock_G8b2N"]},{"miniGameCards":[],"viewedAnimatic":true,"keyPoints":["c_friend1_M_a_G8b2P","c_grandma_afri_a_G8b2P","s_pillBottle_G8b2P"],"unlocked":true,"touchableObjects":["c_friend1_M_a_G8b2P","c_mom_afri_a_G8b2P","c_kidSister_afri_a_G8b2P","c_grandma_afri_a_G8b2P","s_pillBottle_G8b2P"]}],"stackSize":5,"resolved":true},{"challengeScenes":[{"miniGameCards":[],"viewedAnimatic":true,"keyPoints":["s_cellPhone_M_G9a0","s_door_M_gen","s_clock_M_G9a0","s_bathingSuit_M_G9a0"],"unlocked":true,"touchableObjects":["s_calendar_M_gen","s_cellPhone_M_G9a0","s_door_M_gen","s_clock_M_G9a0","s_bathingSuit_M_G9a0"]},{"miniGameCards":[],"viewedAnimatic":true,"keyPoints":["c_policeOfficer_G9a1N","s_fence_G9a1N","s_kid3_G9a1N","c_cousin_M_a_G9a1N"],"unlocked":true,"touchableObjects":["s_kid4_G9a1N","s_poolNight_ruleSign_G9a1N","s_potSmokeCloud_G9a1N","c_cousinsBrothersFriend_a_G9a1N","s_bathingSuits_G9a1N","c_policeOfficer_G9a1N","s_fence_G9a1N","s_kid3_G9a1N","c_cousin_M_a_G9a1N","s_policeCar_G9a1N"]},{"miniGameCards":[],"viewedAnimatic":true,"keyPoints":["s_calendar_M_gen","s_door_M_gen","c_cousin_M_a_G9a1P","s_joint_M_G9a1P","s_basketball_M_gen"],"unlocked":true,"touchableObjects":["s_calendar_M_gen","s_door_M_gen","s_computer_M_gen","c_cousin_M_a_G9a1P","s_joint_M_G9a1P","s_basketball_M_gen"]},{"miniGameCards":[],"viewedAnimatic":true,"keyPoints":["c_kidSister_afri_a_G9a2N","c_cousin_M_a_G9a2N","s_pictureDad_afri_M_gen","c_mom_afri_a_G9a2N"],"unlocked":true,"touchableObjects":["c_kidSister_afri_a_G9a2N","c_cousin_M_a_G9a2N","s_cookieTrayEmpty_M_G9a2N","s_potSmokeCloud_M_G9a2N","s_pictureDad_afri_M_gen","c_mom_afri_a_G9a2N"]},{"miniGameCards":[],"viewedAnimatic":true,"keyPoints":["s_door_gen","c_cousin_M_a_G9a2P","c_mom_afri_a_G9a2P","s_pizzaBox_G9a2P"],"unlocked":true,"touchableObjects":["s_tv_G9a2P","c_kidSister_afri_a_G9a2P","s_door_gen","c_cousin_M_a_G9a2P","c_mom_afri_a_G9a2P","c_grandma_afri_a_G9a2P","s_pizzaBox_G9a2P","s_pictureDad_afri_gen"]}],"stackSize":5,"resolved":true},{"challengeScenes":[{"miniGameCards":[],"viewedAnimatic":true,"keyPoints":["s_computer_M_gen"],"unlocked":true,"touchableObjects":["c_kidSister_afri_a_G9b0","c_cousin_M_a_G9b0","s_closet_M_G9b0","s_computer_M_gen","s_calendar_M_gen"]},{"miniGameCards":[],"viewedAnimatic":true,"keyPoints":[],"unlocked":true,"touchableObjects":["s_coupleOnCouch_G9b1N","s_puddleFloor_G9b1N"]},{"miniGameCards":[],"viewedAnimatic":false,"keyPoints":[],"unlocked":false,"touchableObjects":[]},{"miniGameCards":[],"viewedAnimatic":false,"keyPoints":[],"unlocked":false,"touchableObjects":[]},{"miniGameCards":[],"viewedAnimatic":false,"keyPoints":[],"unlocked":false,"touchableObjects":[]}],"stackSize":5,"resolved":false},{"challengeScenes":[{"miniGameCards":[],"viewedAnimatic":false,"keyPoints":[],"unlocked":true,"touchableObjects":[]},{"miniGameCards":[],"viewedAnimatic":false,"keyPoints":[],"unlocked":true,"touchableObjects":[]},{"miniGameCards":[],"viewedAnimatic":false,"keyPoints":[],"unlocked":false,"touchableObjects":[]},{"miniGameCards":[],"viewedAnimatic":false,"keyPoints":[],"unlocked":true,"touchableObjects":[]},{"miniGameCards":[],"viewedAnimatic":false,"keyPoints":[],"unlocked":false,"touchableObjects":[]}],"stackSize":5,"resolved":false},{"challengeScenes":[{"miniGameCards":[],"viewedAnimatic":false,"keyPoints":[],"unlocked":false,"touchableObjects":[]},{"miniGameCards":[],"viewedAnimatic":false,"keyPoints":[],"unlocked":false,"touchableObjects":[]},{"miniGameCards":[],"viewedAnimatic":false,"keyPoints":[],"unlocked":false,"touchableObjects":[]},{"miniGameCards":[],"viewedAnimatic":false,"keyPoints":[],"unlocked":false,"touchableObjects":[]},{"miniGameCards":[],"viewedAnimatic":false,"keyPoints":[],"unlocked":false,"touchableObjects":[]}],"stackSize":5,"resolved":false},{"challengeScenes":[{"miniGameCards":[],"viewedAnimatic":true,"keyPoints":[],"unlocked":true,"touchableObjects":[]},{"miniGameCards":[],"viewedAnimatic":true,"keyPoints":[],"unlocked":true,"touchableObjects":["s_computer_M_gen"]},{"miniGameCards":[],"viewedAnimatic":false,"keyPoints":[],"unlocked":false,"touchableObjects":[]},{"miniGameCards":[],"viewedAnimatic":false,"keyPoints":[],"unlocked":false,"touchableObjects":[]},{"miniGameCards":[],"viewedAnimatic":false,"keyPoints":[],"unlocked":false,"touchableObjects":[]}],"stackSize":5,"resolved":false},{"challengeScenes":[{"miniGameCards":[],"viewedAnimatic":false,"keyPoints":[],"unlocked":false,"touchableObjects":[]},{"miniGameCards":[],"viewedAnimatic":false,"keyPoints":[],"unlocked":false,"touchableObjects":[]},{"miniGameCards":[],"viewedAnimatic":false,"keyPoints":[],"unlocked":false,"touchableObjects":[]},{"miniGameCards":[],"viewedAnimatic":false,"keyPoints":[],"unlocked":false,"touchableObjects":[]},{"miniGameCards":[],"viewedAnimatic":false,"keyPoints":[],"unlocked":false,"touchableObjects":[]}],"stackSize":5,"resolved":false},{"challengeScenes":[{"miniGameCards":[],"viewedAnimatic":true,"keyPoints":[],"unlocked":true,"touchableObjects":[]},{"miniGameCards":[],"viewedAnimatic":true,"keyPoints":[],"unlocked":true,"touchableObjects":[]},{"miniGameCards":[],"viewedAnimatic":false,"keyPoints":[],"unlocked":false,"touchableObjects":[]},{"miniGameCards":[],"viewedAnimatic":true,"keyPoints":[],"unlocked":true,"touchableObjects":[]},{"miniGameCards":[],"viewedAnimatic":false,"keyPoints":[],"unlocked":false,"touchableObjects":[]}],"stackSize":5,"resolved":false},{"challengeScenes":[{"miniGameCards":[],"viewedAnimatic":false,"keyPoints":[],"unlocked":false,"touchableObjects":[]},{"miniGameCards":[],"viewedAnimatic":false,"keyPoints":[],"unlocked":false,"touchableObjects":[]},{"miniGameCards":[],"viewedAnimatic":false,"keyPoints":[],"unlocked":false,"touchableObjects":[]},{"miniGameCards":[],"viewedAnimatic":false,"keyPoints":[],"unlocked":false,"touchableObjects":[]},{"miniGameCards":[],"viewedAnimatic":false,"keyPoints":[],"unlocked":false,"touchableObjects":[]}],"stackSize":5,"resolved":false},{"challengeScenes":[{"miniGameCards":[],"viewedAnimatic":false,"keyPoints":[],"unlocked":true,"touchableObjects":["c_education_G0a0"]},{"miniGameCards":[],"viewedAnimatic":false,"keyPoints":["c_family_afri_a_G0a1N","c_job_G0a1N","c_home_G0a1N"],"unlocked":true,"touchableObjects":["c_player_afri_M_a_G0a1N","c_family_afri_a_G0a1N","c_job_G0a1N","c_home_G0a1N"]},{"miniGameCards":[],"viewedAnimatic":false,"keyPoints":["c_dad_afri_a_G0a1P","c_mom_afri_a_G0a1P","c_kidsister_afri_a_G0a1P","c_grandma_afri_a_G0a1P","c_Teacher_G0a1P","c_Nurse_G0a1P"],"unlocked":true,"touchableObjects":["c_cousins_M_a_G0a1P","c_friends_G0a1P","c_dad_afri_a_G0a1P","c_mom_afri_a_G0a1P","c_kidsister_afri_a_G0a1P","c_grandma_afri_a_G0a1P","c_Teacher_G0a1P","c_Nurse_G0a1P"]}],"stackSize":3,"resolved":true}],"sessionId":12,"epilogue":{"rating":2},"playerId":6427017,"session":[{"sceneId":"1P","stackId":12},{"sceneId":"1P","stackId":0},{"sceneId":"1P","stackId":1},{"sceneId":"1N","stackId":1},{"sceneId":"2P","stackId":1},{"sceneId":"1P","stackId":4},{"sceneId":"1N","stackId":4},{"sceneId":"3P","stackId":2},{"sceneId":"1P","stackId":2},{"sceneId":"1N","stackId":2},{"sceneId":"2P","stackId":2},{"sceneId":"1P","stackId":3},{"sceneId":"1N","stackId":3},{"sceneId":"2P","stackId":3},{"sceneId":"2P","stackId":4}],"minigames":[{"levelSaveData":[{"starRating":3,"unlocked":true},{"starRating":2,"unlocked":true},{"starRating":1,"unlocked":true},{"starRating":2,"unlocked":true},{"starRating":0,"unlocked":false},{"starRating":0,"unlocked":true},{"starRating":0,"unlocked":true},{"starRating":3,"unlocked":true},{"starRating":0,"unlocked":true},{"starRating":0,"unlocked":true}],"skillPoints":11},{"levelSaveData":[{"starRating":3,"unlocked":true},{"starRating":3,"unlocked":true},{"starRating":2,"unlocked":true},{"starRating":0,"unlocked":true},{"starRating":0,"unlocked":true},{"starRating":3,"unlocked":true},{"starRating":0,"unlocked":false},{"starRating":0,"unlocked":false},{"starRating":0,"unlocked":true},{"starRating":0,"unlocked":true}],"skillPoints":11},{"levelSaveData":[{"starRating":3,"unlocked":true},{"starRating":3,"unlocked":true},{"starRating":2,"unlocked":true},{"starRating":0,"unlocked":true},{"starRating":0,"unlocked":false},{"starRating":3,"unlocked":true},{"starRating":0,"unlocked":false},{"starRating":3,"unlocked":true},{"starRating":2,"unlocked":true},{"starRating":0,"unlocked":false}],"skillPoints":16},{"levelSaveData":[{"starRating":3,"unlocked":true},{"starRating":3,"unlocked":true},{"starRating":0,"unlocked":true},{"starRating":3,"unlocked":true},{"starRating":3,"unlocked":true},{"starRating":0,"unlocked":true},{"starRating":0,"unlocked":true},{"starRating":0,"unlocked":false},{"starRating":0,"unlocked":false},{"starRating":0,"unlocked":false}],"skillPoints":12},{"age":14,"name":"melvin","gender":0,"levelSaveData":[{"starRating":3,"unlocked":true},{"starRating":3,"chunks":[["1"],["4$$always tired","0$$im nice"],["6$$love music","8$$love sports","17$$like rap"],["0"]],"unlocked":true},{"starRating":3,"chunks":[["1"],["1$$sports","0$$good at runnin"],["0$$i want a car","5$$go go the nfl"]],"unlocked":true},{"starRating":3,"chunks":[["3"],["0"],["2"],["0"],["5","0"],["9"]],"unlocked":true},{"starRating":3,"chunks":[["6$$music"],["0"],["7$$cool","17"],["1"],["1"],["4$$be a rock star"]],"unlocked":true},{"starRating":3,"chunks":[["3"],["6","4","4","0"],["7"],["2$$white house"]],"unlocked":true},{"starRating":0,"chunks":[[null],[null],[null,null],[null,null],["2$$me wufe kids"]],"unlocked":true},{"starRating":0,"chunks":[[null,null,null],[null,null,null],[null],[null],[null]],"unlocked":true},{"starRating":3,"chunks":[["6","7","5"],["0","2","1"],["0","1"]],"unlocked":true},{"starRating":0,"chunks":[[null],[null],[null],[null],[null],[null]],"unlocked":false}],"visualAvatar":0,"id":0,"skillPoints":21}],"avatar":{"age":14,"name":"melvin","gender":0,"levelSaveData":[{"starRating":3,"unlocked":true},{"starRating":3,"chunks":[["1"],["4$$always tired","0$$im nice"],["6$$love music","8$$love sports","17$$like rap"],["0"]],"unlocked":true},{"starRating":3,"chunks":[["1"],["1$$sports","0$$good at runnin"],["0$$i want a car","5$$go go the nfl"]],"unlocked":true},{"starRating":3,"chunks":[["3"],["0"],["2"],["0"],["5","0"],["9"]],"unlocked":true},{"starRating":3,"chunks":[["6$$music"],["0"],["7$$cool","17"],["1"],["1"],["4$$be a rock star"]],"unlocked":true},{"starRating":3,"chunks":[["3"],["6","4","4","0"],["7"],["2$$white house"]],"unlocked":true},{"starRating":0,"chunks":[[null],[null],[null,null],[null,null],["2$$me wufe kids"]],"unlocked":true},{"starRating":0,"chunks":[[null,null,null],[null,null,null],[null],[null],[null]],"unlocked":true},{"starRating":3,"chunks":[["6","7","5"],["0","2","1"],["0","1"]],"unlocked":true},{"starRating":0,"chunks":[[null],[null],[null],[null],[null],[null]],"unlocked":false}],"visualAvatar":0,"id":0,"skillPoints":21}}
