6427041,0,5:13:36,5/14/2014 3:26:52pm
6427041,100,5:14:25,4
6427041,102,5:14:26,4
6427041,200,5:14:26,4,7,12,10,7,12
6427041,210,5:14:29,724,580
6427041,211,5:14:29,723,624
6427041,221,5:14:38,4
6427041,220,5:14:40,4
6427041,1003,5:14:40,3
6427041,1004,5:14:44,4
6427041,500,5:14:49,4,[]
6427041,501,5:14:51,4,[]
6427041,502,5:14:55,4,[IntentionData_logId:1,true]
6427041,503,5:14:58,4,[]
6427041,504,5:15:1,4,[InfluenceData_logId:2]
6427041,504,5:15:2,4,[InfluenceData_logId:1]
6427041,504,5:15:2,4,[InfluenceData_logId:0]
6427041,504,5:15:3,4,[InfluenceData_logId:3]
6427041,504,5:15:3,4,[InfluenceData_logId:5]
6427041,504,5:15:3,4,[InfluenceData_logId:5]
6427041,504,5:15:4,4,[InfluenceData_logId:4]
6427041,504,5:15:4,4,[InfluenceData_logId:6]
6427041,504,5:15:5,4,[InfluenceData_logId:7]
6427041,505,5:15:9,4,[InfluenceData_logId:0,true,InfluenceData_logId:4,true,InfluenceData_logId:7,true]
6427041,506,5:15:11,4,[]
6427041,507,5:15:18,4,[OpponentAttackData_logId:3,OpponentAttackTypeData_logId:3,true,0]
6427041,508,5:15:20,4,[]
6427041,509,5:15:30,4,[RefusalData_logId:6,2]
6427041,510,5:15:40,4,[AvailableRefusalData_logId:6,0A]
6427041,510,5:15:40,4,[AvailableRefusalData_logId:6,1A]
6427041,510,5:15:41,4,[AvailableRefusalData_logId:6,2A]
6427041,511,5:15:42,4,[AvailableRefusalData_logId:6,0A,1A,2A,true,50]
6427041,512,5:15:45,4,[]
6427041,513,5:15:45,4,[0]
6427041,514,5:15:46,4,[]
6427041,507,5:16:0,4,[OpponentAttackData_logId:2,OpponentAttackTypeData_logId:4,true,0]
6427041,508,5:16:2,4,[]
6427041,509,5:16:9,4,[RefusalData_logId:3,2]
6427041,510,5:16:39,4,[AvailableRefusalData_logId:3,0A]
6427041,510,5:16:45,4,[AvailableRefusalData_logId:3,2A]
6427041,510,5:16:45,4,[AvailableRefusalData_logId:3,1A]
6427041,511,5:16:48,4,[AvailableRefusalData_logId:3,0A,1A,2A,true,50]
6427041,512,5:16:51,4,[]
6427041,515,5:16:51,4,[150,0]
6427041,516,5:16:51,4,[]
6427041,517,5:16:53,4,[]
6427041,1005,5:16:53,4,[3,2,3]
6427041,1001,5:16:54,4,[]
6427041,1003,5:16:54,3
6427041,221,5:17:1,4
6427041,300,5:17:3
6427041,220,5:17:3,4
6427041,221,5:17:13,4
6427041,220,5:17:14,4
6427041,219,5:17:14,4
6427041,216,5:17:15,Stack_G9a2P
6427041,217,5:17:21,Stack_G9a2P,3.7,0.00
6427041,218,5:17:22,4
6427041,221,5:17:25,4
6427041,220,5:17:26,4
6427041,210,5:17:27,963,410
6427041,211,5:17:28,1200,254
6427041,207,5:17:28,4,-200,-230
6427041,210,5:17:29,1325,165
6427041,207,5:17:30,4,-230,-995
6427041,211,5:17:34,1970,155
6427041,213,5:17:34,4,s_pictureDad_afri_gen,true
6427041,210,5:17:37,1827,155
6427041,211,5:17:40,1454,612
6427041,213,5:17:40,4,s_pizzaBox_G9a2P,true
6427041,205,5:17:40,4,s_pizzaBox_G9a2P,false,false
6427041,210,5:17:43,1660,301
6427041,207,5:17:48,4,-995,0
6427041,211,5:17:51,746,314
6427041,213,5:17:51,4,s_door_gen,true
6427041,205,5:17:51,4,s_door_gen,false,false
6427041,210,5:17:55,1079,444
6427041,207,5:17:56,4,0,-180
6427041,211,5:17:56,970,487
6427041,213,5:17:56,4,c_kidSister_afri_a_G9a2P,true
6427041,221,5:17:58,4
6427041,220,5:17:59,4
6427041,212,5:18:0,2
6427041,210,5:18:1,962,437
6427041,207,5:18:2,4,-180,-345
6427041,211,5:18:3,1141,335
6427041,213,5:18:3,4,c_cousin_F_a_G9a2P,true
6427041,205,5:18:3,4,c_cousin_F_a_G9a2P,false,false
6427041,210,5:18:7,629,338
6427041,211,5:18:7,488,281
6427041,213,5:18:7,4,c_mom_afri_a_G9a2P,true
6427041,205,5:18:7,4,c_mom_afri_a_G9a2P,false,false
6427041,221,5:18:11,4
6427041,220,5:18:13,4
6427041,1003,5:18:13,3
6427041,1004,5:18:21,1
6427041,500,5:18:34,1,[]
6427041,501,5:18:36,1,[]
6427041,502,5:18:40,1,[IntentionData_logId:3,true]
6427041,503,5:18:42,1,[]
6427041,504,5:18:44,1,[InfluenceData_logId:0]
6427041,504,5:18:45,1,[InfluenceData_logId:1]
6427041,504,5:18:46,1,[InfluenceData_logId:5]
6427041,504,5:18:46,1,[InfluenceData_logId:4]
6427041,504,5:18:47,1,[InfluenceData_logId:3]
6427041,504,5:18:47,1,[InfluenceData_logId:8]
6427041,504,5:18:48,1,[InfluenceData_logId:7]
6427041,504,5:18:48,1,[InfluenceData_logId:6]
6427041,505,5:18:50,1,[InfluenceData_logId:1,true,InfluenceData_logId:3,false,InfluenceData_logId:6,true]
6427041,506,5:18:51,1,[]
6427041,507,5:19:0,1,[OpponentAttackData_logId:3,OpponentAttackTypeData_logId:2,false,30]
6427041,508,5:19:2,1,[]
6427041,509,5:19:8,1,[RefusalData_logId:4,2]
6427041,510,5:19:17,1,[AvailableRefusalData_logId:4,0C]
6427041,510,5:19:18,1,[AvailableRefusalData_logId:4,1B]
6427041,510,5:19:19,1,[AvailableRefusalData_logId:4,2B]
6427041,510,5:19:33,1,[AvailableRefusalData_logId:4,0A]
6427041,510,5:19:37,1,[AvailableRefusalData_logId:4,1A]
6427041,510,5:19:37,1,[AvailableRefusalData_logId:4,2A]
6427041,511,5:19:38,1,[AvailableRefusalData_logId:4,0A,1A,2A,true,50]
6427041,512,5:19:41,1,[]
6427041,513,5:19:41,1,[0]
6427041,514,5:19:42,1,[]
6427041,507,5:19:48,1,[OpponentAttackData_logId:1,OpponentAttackTypeData_logId:2,false,30]
6427041,508,5:19:50,1,[]
6427041,509,5:19:56,1,[RefusalData_logId:0,0]
6427041,510,5:19:59,1,[AvailableRefusalData_logId:0,0A]
6427041,510,5:20:2,1,[AvailableRefusalData_logId:0,2A]
6427041,510,5:20:3,1,[AvailableRefusalData_logId:0,1A]
6427041,511,5:20:4,1,[AvailableRefusalData_logId:0,0A,1A,2A,true,20]
6427041,512,5:20:7,1,[]
6427041,513,5:20:7,1,[30]
6427041,514,5:20:9,1,[]
6427041,507,5:20:14,1,[OpponentAttackData_logId:0,OpponentAttackTypeData_logId:3,false,30]
6427041,508,5:20:16,1,[]
6427041,509,5:20:21,1,[RefusalData_logId:7,2]
6427041,510,5:20:24,1,[AvailableRefusalData_logId:7,0B]
6427041,510,5:20:28,1,[AvailableRefusalData_logId:7,1B]
6427041,510,5:20:30,1,[AvailableRefusalData_logId:7,1A]
6427041,510,5:20:31,1,[AvailableRefusalData_logId:7,0A]
6427041,510,5:20:33,1,[AvailableRefusalData_logId:7,2A]
6427041,511,5:20:34,1,[AvailableRefusalData_logId:7,0A,1A,2A,true,50]
6427041,512,5:20:37,1,[]
6427041,515,5:20:37,1,[20,0]
6427041,516,5:20:38,1,[]
6427041,517,5:20:39,1,[]
6427041,1000,5:20:40,1,[]
6427041,500,5:20:42,1,[]
6427041,501,5:20:45,1,[]
6427041,502,5:20:48,1,[IntentionData_logId:3,true]
6427041,503,5:20:49,1,[]
6427041,504,5:20:52,1,[InfluenceData_logId:7]
6427041,504,5:20:53,1,[InfluenceData_logId:8]
6427041,504,5:20:53,1,[InfluenceData_logId:6]
6427041,504,5:20:53,1,[InfluenceData_logId:5]
6427041,504,5:20:54,1,[InfluenceData_logId:4]
6427041,504,5:20:54,1,[InfluenceData_logId:3]
6427041,504,5:20:54,1,[InfluenceData_logId:2]
6427041,504,5:20:55,1,[InfluenceData_logId:1]
6427041,504,5:20:55,1,[InfluenceData_logId:0]
6427041,504,5:20:56,1,[InfluenceData_logId:6]
6427041,505,5:20:57,1,[InfluenceData_logId:0,true,InfluenceData_logId:3,false,InfluenceData_logId:6,true]
6427041,506,5:20:59,1,[]
6427041,507,5:21:9,1,[OpponentAttackData_logId:2,OpponentAttackTypeData_logId:2,false,30]
6427041,508,5:21:11,1,[]
6427041,509,5:21:18,1,[RefusalData_logId:0,0]
6427041,510,5:21:19,1,[AvailableRefusalData_logId:0,0A]
6427041,510,5:21:21,1,[AvailableRefusalData_logId:0,1A]
6427041,510,5:21:23,1,[AvailableRefusalData_logId:0,2A]
6427041,511,5:21:23,1,[AvailableRefusalData_logId:0,0A,1A,2A,true,20]
6427041,512,5:21:26,1,[]
6427041,513,5:21:26,1,[30]
6427041,514,5:21:28,1,[]
6427041,507,5:21:41,1,[OpponentAttackData_logId:0,OpponentAttackTypeData_logId:2,true,0]
6427041,508,5:21:43,1,[]
6427041,509,5:21:49,1,[RefusalData_logId:2,1]
6427041,510,5:21:50,1,[AvailableRefusalData_logId:2,0A]
6427041,510,5:21:58,1,[AvailableRefusalData_logId:2,1A]
6427041,510,5:21:58,1,[AvailableRefusalData_logId:2,2A]
6427041,511,5:21:59,1,[AvailableRefusalData_logId:2,0A,1A,2A,true,30]
6427041,512,5:22:2,1,[]
6427041,513,5:22:2,1,[0]
6427041,514,5:22:3,1,[]
6427041,507,5:22:8,1,[OpponentAttackData_logId:1,OpponentAttackTypeData_logId:2,false,30]
6427041,508,5:22:10,1,[]
6427041,509,5:22:14,1,[RefusalData_logId:7,2]
6427041,510,5:22:16,1,[AvailableRefusalData_logId:7,0A]
6427041,510,5:22:18,1,[AvailableRefusalData_logId:7,1A]
6427041,510,5:22:18,1,[AvailableRefusalData_logId:7,2A]
6427041,511,5:22:19,1,[AvailableRefusalData_logId:7,0A,1A,2A,true,50]
6427041,512,5:22:21,1,[]
6427041,515,5:22:21,1,[50,0]
6427041,516,5:22:22,1,[]
6427041,517,5:22:24,1,[]
6427041,1000,5:22:24,1,[]
6427041,500,5:22:25,1,[]
6427041,501,5:22:27,1,[]
6427041,502,5:22:29,1,[IntentionData_logId:3,true]
6427041,503,5:22:30,1,[]
6427041,504,5:22:31,1,[InfluenceData_logId:7]
6427041,504,5:22:32,1,[InfluenceData_logId:6]
6427041,504,5:22:33,1,[InfluenceData_logId:1]
6427041,504,5:22:34,1,[InfluenceData_logId:0]
6427041,504,5:22:35,1,[InfluenceData_logId:2]
6427041,504,5:22:35,1,[InfluenceData_logId:3]
6427041,504,5:22:36,1,[InfluenceData_logId:4]
6427041,504,5:22:36,1,[InfluenceData_logId:7]
6427041,505,5:22:38,1,[InfluenceData_logId:2,false,InfluenceData_logId:4,true,InfluenceData_logId:7,true]
6427041,506,5:22:42,1,[]
6427041,507,5:22:54,1,[OpponentAttackData_logId:2,OpponentAttackTypeData_logId:3,true,0]
6427041,508,5:22:57,1,[]
6427041,509,5:23:6,1,[RefusalData_logId:0,0]
6427041,510,5:23:20,1,[AvailableRefusalData_logId:0,0C]
6427041,510,5:23:21,1,[AvailableRefusalData_logId:0,1A]
6427041,510,5:23:22,1,[AvailableRefusalData_logId:0,2A]
6427041,511,5:23:22,1,[AvailableRefusalData_logId:0,0C,1A,2A,false,0]
6427041,512,5:23:24,1,[]
6427041,513,5:23:24,1,[30]
6427041,514,5:23:26,1,[]
6427041,507,5:23:38,1,[OpponentAttackData_logId:3,OpponentAttackTypeData_logId:4,true,0]
6427041,508,5:23:40,1,[]
6427041,509,5:23:46,1,[RefusalData_logId:7,2]
6427041,510,5:23:53,1,[AvailableRefusalData_logId:7,0A]
6427041,510,5:23:54,1,[AvailableRefusalData_logId:7,1A]
6427041,510,5:23:55,1,[AvailableRefusalData_logId:7,2A]
6427041,511,5:23:57,1,[AvailableRefusalData_logId:7,0A,1A,2A,true,50]
6427041,512,5:24:0,1,[]
6427041,513,5:24:0,1,[0]
6427041,514,5:24:0,1,[]
6427041,507,5:24:9,1,[OpponentAttackData_logId:0,OpponentAttackTypeData_logId:2,true,0]
6427041,508,5:24:11,1,[]
6427041,509,5:24:16,1,[RefusalData_logId:2,1]
6427041,510,5:24:18,1,[AvailableRefusalData_logId:2,0A]
6427041,510,5:24:23,1,[AvailableRefusalData_logId:2,1A]
6427041,510,5:24:24,1,[AvailableRefusalData_logId:2,2A]
6427041,511,5:24:25,1,[AvailableRefusalData_logId:2,0A,1A,2A,true,30]
6427041,512,5:24:28,1,[]
6427041,513,5:24:28,1,[0]
6427041,514,5:24:29,1,[]
6427041,507,5:24:37,1,[OpponentAttackData_logId:1,OpponentAttackTypeData_logId:1,true,0]
6427041,508,5:24:40,1,[]
6427041,509,5:24:42,1,[RefusalData_logId:5,0]
6427041,510,5:24:53,1,[AvailableRefusalData_logId:5,0B]
6427041,510,5:24:54,1,[AvailableRefusalData_logId:5,1A]
6427041,510,5:24:55,1,[AvailableRefusalData_logId:5,0A]
6427041,510,5:24:56,1,[AvailableRefusalData_logId:5,2A]
6427041,511,5:25:1,1,[AvailableRefusalData_logId:5,0A,1A,2A,true,20]
6427041,512,5:25:3,1,[]
6427041,515,5:25:3,1,[110,0]
6427041,516,5:25:5,1,[]
6427041,517,5:25:7,1,[]
6427041,1005,5:25:7,1,[3,2,3]
6427041,1001,5:25:8,1,[]
6427041,1003,5:25:8,3
6427041,210,5:25:15,954,436
6427041,207,5:25:16,4,-200,-335
6427041,211,5:25:16,1008,523
6427041,213,5:25:16,4,c_kidSister_afri_a_G9a2P,true
6427041,221,5:25:18,4
6427041,300,5:25:20
6427041,220,5:25:20,4
6427041,301,5:25:27,2
6427041,301,5:25:30,0
6427041,221,5:25:39,4
6427041,300,5:25:42
6427041,220,5:25:42,4
6427041,221,5:25:46,4
6427041,220,5:25:47,4
6427041,203,5:25:47,4
6427041,100,5:25:54,6
6427041,102,5:25:56,6
6427041,200,5:25:56,6,7,12,10,9,12
6427041,219,5:25:56,6
6427041,216,5:25:57,Stack_G10a0
6427041,217,5:26:11,Stack_G10a0,13,0.00
6427041,218,5:26:13,6
6427041,210,5:26:14,704,502
6427041,211,5:26:15,693,532
6427041,213,5:26:15,6,c_crush1_F_b_G10a0,false
6427041,1003,5:26:19,2
6427041,1004,5:26:21,3
6427041,900,5:26:23,3,[]
6427041,1002,5:26:26,3
6427041,1003,5:26:26,2
6427041,210,5:26:30,976,308
6427041,207,5:26:32,6,-200,-512
6427041,211,5:26:34,524,378
6427041,207,5:26:34,6,-512,-497
6427041,210,5:26:35,467,451
6427041,207,5:26:36,6,-497,0
6427041,211,5:26:39,521,328
6427041,221,5:26:40,6
6427041,220,5:26:43,6
6427041,212,5:26:44,0
6427041,210,5:26:45,1087,450
6427041,207,5:26:45,6,0,-195
6427041,211,5:26:47,1318,487
6427041,207,5:26:47,6,-195,-315
6427041,210,5:26:47,1389,455
6427041,207,5:26:47,6,-315,-512
6427041,211,5:26:49,1258,369
6427041,213,5:26:49,6,s_window_F_G10a0,true
6427041,1003,5:26:53,0
6427041,1004,5:26:55,8
6427041,400,5:26:57,8,[]
6427041,1002,5:27:1,8
6427041,1003,5:27:1,0
6427041,100,5:27:4,10
6427041,102,5:27:5,10
6427041,200,5:27:5,10,7,12,10,9,12
6427041,219,5:27:5,10
6427041,216,5:27:6,Stack_G12a0
6427041,217,5:27:18,Stack_G12a0,10,1.0
6427041,218,5:27:22,10
6427041,210,5:27:23,949,165
6427041,211,5:27:25,575,497
6427041,221,5:27:25,10
6427041,220,5:27:27,10
6427041,210,5:27:28,687,452
6427041,211,5:27:31,748,319
6427041,210,5:27:31,556,262
6427041,211,5:27:32,502,255
6427041,210,5:27:32,565,188
6427041,211,5:27:35,339,626
6427041,213,5:27:35,10,s_magazine_G12a0,true
6427041,1003,5:27:38,0
6427041,1004,5:27:40,6
6427041,400,5:27:42,6,[]
6427041,100,5:27:47,10
6427041,102,5:27:48,10
6427041,200,5:27:48,10,7,12,10,9,12
6427041,210,5:27:50,751,354
6427041,211,5:27:50,768,340
6427041,219,5:27:52,10
6427041,216,5:27:53,Stack_G12a1N
6427041,217,5:28:12,Stack_G12a1N,17,0.00
6427041,218,5:28:13,10
6427041,210,5:28:14,820,475
6427041,211,5:28:15,652,673
6427041,219,5:28:15,10
6427041,216,5:28:16,Stack_G12a2N
6427041,217,5:28:31,Stack_G12a2N,13,0.00
6427041,218,5:28:33,10
6427041,210,5:28:33,1116,301
6427041,207,5:28:34,10,-200,-260
6427041,207,5:28:36,10,-260,-845
6427041,207,5:28:37,10,-845,-995
6427041,211,5:28:37,1971,393
6427041,210,5:28:42,754,465
6427041,211,5:28:43,950,214
6427041,210,5:28:43,911,175
6427041,211,5:28:44,345,641
6427041,213,5:28:44,10,s_magazine_G12a0,true
6427041,1003,5:28:47,0
6427041,1004,5:28:55,8
6427041,400,5:28:57,8,[]
6427041,401,5:28:59,8,[StatementsData_logId:0]
6427041,403,5:29:5,8,[StatementsData_logId:0,false]
6427041,405,5:29:6,8,[StatementsData_logId:0]
6427041,406,5:29:7,8,[StatementsData_logId:0,-2]
6427041,411,5:29:8,8,[StatementsData_logId:0]
6427041,401,5:29:10,8,[StatementsData_logId:1]
6427041,403,5:29:15,8,[StatementsData_logId:1,false]
6427041,405,5:29:16,8,[StatementsData_logId:1]
6427041,406,5:29:17,8,[StatementsData_logId:1,-2]
6427041,411,5:29:18,8,[StatementsData_logId:1]
6427041,401,5:29:20,8,[StatementsData_logId:2]
6427041,403,5:29:23,8,[StatementsData_logId:2,true]
6427041,405,5:29:24,8,[StatementsData_logId:2]
6427041,406,5:29:25,8,[StatementsData_logId:2,2]
6427041,407,5:29:25,8,[StatementsData_logId:2,FactCardData_id:2]
6427041,407,5:29:25,8,[StatementsData_logId:2,FactCardData_id:0]
6427041,407,5:29:25,8,[StatementsData_logId:2,FactCardData_id:7]
6427041,407,5:29:25,8,[StatementsData_logId:2,FactCardData_id:4]
6427041,407,5:29:25,8,[StatementsData_logId:2,FactCardData_id:3]
6427041,407,5:29:25,8,[StatementsData_logId:2,FactCardData_id:5]
6427041,407,5:29:26,8,[StatementsData_logId:2,FactCardData_id:2]
6427041,407,5:29:26,8,[StatementsData_logId:2,FactCardData_id:2]
6427041,408,5:29:27,8,[StatementsData_logId:2,FactCardData_id:2,false]
6427041,406,5:29:30,8,[StatementsData_logId:2,-2]
6427041,411,5:29:32,8,[StatementsData_logId:2]
6427041,100,5:29:44,2
6427041,102,5:29:45,2
6427041,200,5:29:45,2,7,12,10,9,12
6427041,210,5:29:47,1107,541
6427041,207,5:29:48,2,-200,-275
6427041,211,5:29:49,981,640
6427041,221,5:29:50,2
6427041,220,5:29:52,2
6427041,1003,5:29:52,3
6427041,1004,5:29:57,5
6427041,500,5:29:59,5,[]
6427041,501,5:30:0,5,[]
6427041,502,5:30:6,5,[IntentionData_logId:2,true]
6427041,503,5:30:7,5,[]
6427041,504,5:30:9,5,[InfluenceData_logId:8]
6427041,504,5:30:10,5,[InfluenceData_logId:7]
6427041,504,5:30:10,5,[InfluenceData_logId:6]
6427041,504,5:30:11,5,[InfluenceData_logId:5]
6427041,504,5:30:12,5,[InfluenceData_logId:3]
6427041,504,5:30:12,5,[InfluenceData_logId:4]
6427041,504,5:30:13,5,[InfluenceData_logId:0]
6427041,504,5:30:13,5,[InfluenceData_logId:2]
6427041,504,5:30:13,5,[InfluenceData_logId:1]
6427041,504,5:30:14,5,[InfluenceData_logId:2]
6427041,505,5:30:15,5,[InfluenceData_logId:2,true,InfluenceData_logId:4,false,InfluenceData_logId:6,true]
6427041,506,5:30:18,5,[]
6427041,507,5:30:24,5,[OpponentAttackData_logId:0,OpponentAttackTypeData_logId:4,false,30]
6427041,508,5:30:26,5,[]
6427041,100,5:30:48,10
6427041,102,5:30:50,10
6427041,200,5:30:50,10,7,12,10,9,12
6427041,210,5:30:58,774,424
6427041,211,5:30:59,548,359
6427041,221,5:31:2,10
6427041,220,5:31:3,10
6427041,210,5:31:4,752,474
6427041,211,5:31:7,359,437
6427041,213,5:31:7,10,s_clock_F_G12a1N,true
6427041,210,5:31:11,1115,309
6427041,207,5:31:11,10,-200,-230
6427041,207,5:31:13,10,-230,-365
6427041,211,5:31:13,1399,472
6427041,207,5:31:13,10,-365,-410
6427041,210,5:31:14,1460,254
6427041,207,5:31:14,10,-410,-485
6427041,211,5:31:15,1441,394
6427041,207,5:31:15,10,-485,-500
6427041,207,5:31:15,10,-500,-512
6427041,210,5:31:15,1411,339
6427041,211,5:31:17,543,291
6427041,207,5:31:17,10,-512,-497
6427041,210,5:31:18,471,307
6427041,207,5:31:19,10,-497,0
6427041,211,5:31:21,386,325
6427041,212,5:31:23,2
6427041,210,5:31:24,380,514
6427041,211,5:31:24,278,496
6427041,213,5:31:24,10,c_crush1_F_G12a1N,false
6427041,1003,5:31:27,2
6427041,221,5:31:37,10
6427041,220,5:31:38,10
6427041,212,5:31:39,1
6427041,210,5:31:40,1082,461
6427041,211,5:31:45,557,197
6427041,213,5:31:45,10,s_calendar_F_gen,false
6427041,1003,5:31:48,1
6427041,1004,5:31:51,8
6427041,800,5:31:53,8,[]
6427041,801,5:31:54,8,[]
6427041,814,5:31:58,8,[3]
6427041,815,5:31:58,8,3,OpportunityCardData_id:19
6427041,816,5:31:59,8,3,OpportunityCardData_id:19
6427041,805,5:32:1,8,[OpportunityCardData_id:19]
6427041,806,5:32:3,8,[OpportunityCardData_id:19,PriorityData_type:5]
6427041,807,5:32:4,8,[OpportunityCardData_id:19]
6427041,808,5:32:7,8,[OpportunityCardData_id:19]
6427041,809,5:32:12,8,[OpportunityCardData_id:19,PriorityData_type:2,false]
6427041,810,5:32:13,8,[OpportunityCardData_id:19,PriorityData_type:3,15,PriorityData_type:2,25]
6427041,814,5:32:17,8,[0]
6427041,815,5:32:17,8,0,OpportunityCardData_id:0
6427041,816,5:32:18,8,0,OpportunityCardData_id:0
6427041,805,5:32:19,8,[OpportunityCardData_id:0]
6427041,806,5:32:21,8,[OpportunityCardData_id:0,PriorityData_type:1]
6427041,807,5:32:22,8,[OpportunityCardData_id:0]
6427041,808,5:32:24,8,[OpportunityCardData_id:0]
6427041,809,5:32:30,8,[OpportunityCardData_id:0,Safe,false]
6427041,810,5:32:31,8,[OpportunityCardData_id:0,PriorityData_type:0,15,Safe,Safe]
6427041,814,5:32:34,8,[0]
6427041,815,5:32:34,8,0,OpportunityCardData_id:1
6427041,816,5:32:35,8,0,OpportunityCardData_id:1
6427041,805,5:32:36,8,[OpportunityCardData_id:1]
6427041,806,5:32:37,8,[OpportunityCardData_id:1,PriorityData_type:1]
6427041,807,5:32:38,8,[OpportunityCardData_id:1]
6427041,808,5:32:41,8,[OpportunityCardData_id:1]
6427041,809,5:32:48,8,[OpportunityCardData_id:1,Safe,false]
6427041,810,5:32:48,8,[OpportunityCardData_id:1,PriorityData_type:0,15,Safe,Safe]
6427041,814,5:32:52,8,[3]
6427041,815,5:32:52,8,3,OpportunityCardData_id:20
6427041,816,5:32:53,8,3,OpportunityCardData_id:20
6427041,805,5:32:53,8,[OpportunityCardData_id:20]
6427041,806,5:32:55,8,[OpportunityCardData_id:20,PriorityData_type:4]
6427041,807,5:32:55,8,[OpportunityCardData_id:20]
6427041,808,5:32:58,8,[OpportunityCardData_id:20]
6427041,809,5:33:4,8,[OpportunityCardData_id:20,PriorityData_type:1,false]
6427041,810,5:33:5,8,[OpportunityCardData_id:20,PriorityData_type:3,15,PriorityData_type:1,5]
6427041,814,5:33:7,8,[3]
6427041,815,5:33:7,8,3,OpportunityCardData_id:21
6427041,816,5:33:8,8,3,OpportunityCardData_id:21
6427041,805,5:33:8,8,[OpportunityCardData_id:21]
6427041,806,5:33:10,8,[OpportunityCardData_id:21,PriorityData_type:4]
6427041,807,5:33:11,8,[OpportunityCardData_id:21]
6427041,808,5:33:13,8,[OpportunityCardData_id:21]
6427041,809,5:33:21,8,[OpportunityCardData_id:21,PriorityData_type:2,false]
6427041,810,5:33:22,8,[OpportunityCardData_id:21,PriorityData_type:3,20,PriorityData_type:2,20]
6427041,812,5:33:23,8,[OpportunityCardData_id:21,PriorityData_type:2]
6427041,813,5:33:27,8,[]
6427041,1000,5:33:32,8,[]
6427041,800,5:33:33,8,[]
6427041,801,5:33:34,8,[]
6427041,814,5:33:36,8,[0]
6427041,815,5:33:36,8,0,OpportunityCardData_id:0
6427041,816,5:33:38,8,0,OpportunityCardData_id:0
6427041,805,5:33:39,8,[OpportunityCardData_id:0]
6427041,806,5:33:41,8,[OpportunityCardData_id:0,PriorityData_type:1]
6427041,807,5:33:42,8,[OpportunityCardData_id:0]
6427041,808,5:33:44,8,[OpportunityCardData_id:0]
6427041,809,5:33:51,8,[OpportunityCardData_id:0,Safe,false]
6427041,810,5:33:52,8,[OpportunityCardData_id:0,PriorityData_type:0,15,Safe,Safe]
6427041,814,5:33:55,8,[0]
6427041,815,5:33:55,8,0,OpportunityCardData_id:1
6427041,816,5:33:56,8,0,OpportunityCardData_id:1
6427041,805,5:33:57,8,[OpportunityCardData_id:1]
6427041,806,5:33:59,8,[OpportunityCardData_id:1,PriorityData_type:1]
6427041,807,5:34:0,8,[OpportunityCardData_id:1]
6427041,808,5:34:1,8,[OpportunityCardData_id:1]
6427041,809,5:34:6,8,[OpportunityCardData_id:1,Safe,false]
6427041,810,5:34:6,8,[OpportunityCardData_id:1,PriorityData_type:0,15,Safe,Safe]
6427041,814,5:34:9,8,[3]
6427041,815,5:34:9,8,3,OpportunityCardData_id:19
6427041,816,5:34:10,8,3,OpportunityCardData_id:19
6427041,805,5:34:12,8,[OpportunityCardData_id:19]
6427041,806,5:34:13,8,[OpportunityCardData_id:19,PriorityData_type:4]
6427041,807,5:34:14,8,[OpportunityCardData_id:19]
6427041,808,5:34:16,8,[OpportunityCardData_id:19]
6427041,809,5:34:21,8,[OpportunityCardData_id:19,PriorityData_type:0,false]
6427041,810,5:34:21,8,[OpportunityCardData_id:19,PriorityData_type:3,15,PriorityData_type:0,35]
6427041,814,5:34:24,8,[0]
6427041,815,5:34:24,8,0,OpportunityCardData_id:2
6427041,815,5:34:26,8,0,OpportunityCardData_id:3
6427041,816,5:34:27,8,0,OpportunityCardData_id:3
6427041,805,5:34:28,8,[OpportunityCardData_id:3]
6427041,806,5:34:28,8,[OpportunityCardData_id:3,PriorityData_type:3]
6427041,807,5:34:30,8,[OpportunityCardData_id:3]
6427041,808,5:34:31,8,[OpportunityCardData_id:3]
6427041,809,5:34:37,8,[OpportunityCardData_id:3,PriorityData_type:1,false]
6427041,810,5:34:37,8,[OpportunityCardData_id:3,PriorityData_type:0,10,PriorityData_type:1,10]
6427041,814,5:34:39,8,[0]
6427041,815,5:34:39,8,0,OpportunityCardData_id:2
6427041,815,5:34:41,8,0,OpportunityCardData_id:4
6427041,816,5:34:43,8,0,OpportunityCardData_id:4
6427041,805,5:34:44,8,[OpportunityCardData_id:4]
6427041,806,5:34:45,8,[OpportunityCardData_id:4,PriorityData_type:5]
6427041,807,5:34:46,8,[OpportunityCardData_id:4]
6427041,808,5:34:48,8,[OpportunityCardData_id:4]
6427041,809,5:34:55,8,[OpportunityCardData_id:4,PriorityData_type:3,false]
6427041,810,5:34:56,8,[OpportunityCardData_id:4,PriorityData_type:0,25,PriorityData_type:3,10]
6427041,814,5:34:58,8,[3]
6427041,815,5:34:58,8,3,OpportunityCardData_id:20
6427041,816,5:34:59,8,3,OpportunityCardData_id:20
6427041,805,5:35:1,8,[OpportunityCardData_id:20]
6427041,806,5:35:1,8,[OpportunityCardData_id:20,PriorityData_type:2]
6427041,807,5:35:2,8,[OpportunityCardData_id:20]
6427041,808,5:35:4,8,[OpportunityCardData_id:20]
6427041,809,5:35:9,8,[OpportunityCardData_id:20,PriorityData_type:2,true]
6427041,810,5:35:9,8,[OpportunityCardData_id:20,PriorityData_type:3,15,Safe,Safe]
6427041,814,5:35:11,8,[3]
6427041,815,5:35:11,8,3,OpportunityCardData_id:21
6427041,816,5:35:13,8,3,OpportunityCardData_id:21
6427041,805,5:35:14,8,[OpportunityCardData_id:21]
6427041,806,5:35:15,8,[OpportunityCardData_id:21,PriorityData_type:2]
6427041,807,5:35:16,8,[OpportunityCardData_id:21]
6427041,808,5:35:18,8,[OpportunityCardData_id:21]
6427041,809,5:35:24,8,[OpportunityCardData_id:21,Safe,false]
6427041,810,5:35:25,8,[OpportunityCardData_id:21,PriorityData_type:3,20,Safe,Safe]
6427041,814,5:35:27,8,[3]
6427041,815,5:35:27,8,3,OpportunityCardData_id:22
6427041,816,5:35:28,8,3,OpportunityCardData_id:22
6427041,805,5:35:29,8,[OpportunityCardData_id:22]
6427041,806,5:35:31,8,[OpportunityCardData_id:22,PriorityData_type:4]
6427041,807,5:35:32,8,[OpportunityCardData_id:22]
6427041,808,5:35:34,8,[OpportunityCardData_id:22]
6427041,809,5:35:40,8,[OpportunityCardData_id:22,PriorityData_type:2,false]
6427041,810,5:35:40,8,[OpportunityCardData_id:22,PriorityData_type:3,10,PriorityData_type:2,15]
6427041,818,5:35:42,8,4
6427041,811,5:35:43,8,[OpportunityCardData_id:22,PriorityData_type:0,70,70,PriorityData_type:3,70,70]
6427041,1005,5:35:43,8,[1,0,3]
6427041,1001,5:35:45,8,[]
6427041,1003,5:35:45,1
6427041,1004,5:35:47,9
6427041,800,5:35:48,9,[]
6427041,801,5:35:50,9,[]
6427041,814,5:35:52,9,[4]
6427041,815,5:35:52,9,4,OpportunityCardData_id:24
6427041,815,5:35:53,9,4,OpportunityCardData_id:25
6427041,816,5:35:54,9,4,OpportunityCardData_id:25
6427041,805,5:35:54,9,[OpportunityCardData_id:25]
6427041,806,5:35:56,9,[OpportunityCardData_id:25,PriorityData_type:5]
6427041,807,5:35:56,9,[OpportunityCardData_id:25]
6427041,808,5:35:58,9,[OpportunityCardData_id:25]
6427041,809,5:36:3,9,[OpportunityCardData_id:25,PriorityData_type:2,false]
6427041,810,5:36:4,9,[OpportunityCardData_id:25,PriorityData_type:4,10,PriorityData_type:2,20]
6427041,814,5:36:6,9,[4]
6427041,815,5:36:6,9,4,OpportunityCardData_id:24
6427041,815,5:36:7,9,4,OpportunityCardData_id:26
6427041,816,5:36:8,9,4,OpportunityCardData_id:26
6427041,805,5:36:8,9,[OpportunityCardData_id:26]
6427041,806,5:36:9,9,[OpportunityCardData_id:26,PriorityData_type:5]
6427041,807,5:36:10,9,[OpportunityCardData_id:26]
6427041,808,5:36:12,9,[OpportunityCardData_id:26]
6427041,809,5:36:17,9,[OpportunityCardData_id:26,PriorityData_type:0,false]
6427041,810,5:36:18,9,[OpportunityCardData_id:26,PriorityData_type:4,20,PriorityData_type:0,25]
6427041,814,5:36:20,9,[3]
6427041,815,5:36:20,9,3,OpportunityCardData_id:17
6427041,817,5:36:22,9,3
6427041,814,5:36:22,9,[4]
6427041,815,5:36:22,9,4,OpportunityCardData_id:24
6427041,815,5:36:23,9,4,OpportunityCardData_id:27
6427041,815,5:36:25,9,4,OpportunityCardData_id:28
6427041,815,5:36:25,9,4,OpportunityCardData_id:29
6427041,815,5:36:26,9,4,OpportunityCardData_id:31
6427041,815,5:36:26,9,4,OpportunityCardData_id:24
6427041,815,5:36:26,9,4,OpportunityCardData_id:27
6427041,817,5:36:27,9,4
6427041,814,5:36:28,9,[0]
6427041,815,5:36:28,9,0,OpportunityCardData_id:0
6427041,816,5:36:29,9,0,OpportunityCardData_id:0
6427041,805,5:36:30,9,[OpportunityCardData_id:0]
6427041,806,5:36:31,9,[OpportunityCardData_id:0,PriorityData_type:3]
6427041,807,5:36:32,9,[OpportunityCardData_id:0]
6427041,808,5:36:35,9,[OpportunityCardData_id:0]
6427041,809,5:36:39,9,[OpportunityCardData_id:0,Safe,false]
6427041,810,5:36:40,9,[OpportunityCardData_id:0,PriorityData_type:0,15,Safe,Safe]
6427041,814,5:36:43,9,[0]
6427041,815,5:36:43,9,0,OpportunityCardData_id:1
6427041,815,5:36:44,9,0,OpportunityCardData_id:2
6427041,816,5:36:45,9,0,OpportunityCardData_id:2
6427041,805,5:36:46,9,[OpportunityCardData_id:2]
6427041,806,5:36:48,9,[OpportunityCardData_id:2,PriorityData_type:3]
6427041,807,5:36:49,9,[OpportunityCardData_id:2]
6427041,808,5:36:51,9,[OpportunityCardData_id:2]
6427041,809,5:36:55,9,[OpportunityCardData_id:2,PriorityData_type:3,true]
6427041,810,5:36:57,9,[OpportunityCardData_id:2,PriorityData_type:0,10,Safe,Safe]
6427041,814,5:36:59,9,[0]
6427041,815,5:36:59,9,0,OpportunityCardData_id:1
6427041,815,5:37:1,9,0,OpportunityCardData_id:3
6427041,815,5:37:2,9,0,OpportunityCardData_id:4
6427041,815,5:37:2,9,0,OpportunityCardData_id:5
6427041,817,5:37:3,9,0
6427041,1002,5:37:5,9
6427041,1003,5:37:5,1
6427041,210,5:37:9,422,516
6427041,211,5:37:12,523,215
6427041,213,5:37:12,10,s_calendar_F_gen,false
6427041,1003,5:37:16,1
6427041,204,5:37:44,10
6427041,100,5:38:7,6
6427041,102,5:38:8,6
6427041,200,5:38:8,6,7,15,10,9,12
6427041,219,5:38:12,6
6427041,216,5:38:14,Stack_G10a1N
6427041,217,5:38:24,Stack_G10a1N,7.7,0.33
6427041,218,5:38:25,6
6427041,210,5:38:26,801,559
6427041,211,5:38:28,1264,312
6427041,207,5:38:28,6,-200,-260
6427041,210,5:38:29,1356,300
6427041,207,5:38:29,6,-260,-410
6427041,207,5:38:30,6,-410,-512
6427041,211,5:38:31,1180,602
6427041,219,5:38:31,6
6427041,216,5:38:32,Stack_G10a2N
6427041,217,5:38:46,Stack_G10a2N,13,0.00
6427041,218,5:38:48,6
6427041,210,5:38:49,996,408
6427041,207,5:38:51,6,-200,-365
6427041,211,5:38:51,1193,526
6427041,210,5:38:51,1130,487
6427041,211,5:38:52,1138,497
6427041,213,5:38:52,6,s_phone_G10a2N,true
6427041,205,5:38:52,6,s_phone_G10a2N,false,false
6427041,210,5:38:56,1444,386
6427041,207,5:38:56,6,-365,-492
6427041,207,5:39:0,6,-492,-417
6427041,211,5:39:1,656,335
6427041,213,5:39:1,6,c_nurse_G10a2N,true
6427041,205,5:39:1,6,c_nurse_G10a2N,false,false
6427041,210,5:39:4,955,420
6427041,207,5:39:6,6,-417,-282
6427041,211,5:39:9,683,139
6427041,210,5:39:9,357,329
6427041,211,5:39:9,139,447
6427041,207,5:39:9,6,-282,-117
6427041,210,5:39:10,43,508
6427041,207,5:39:10,6,-117,0
6427041,211,5:39:13,400,201
6427041,212,5:39:14,2
6427041,210,5:39:15,584,481
6427041,211,5:39:16,773,342
6427041,213,5:39:16,6,s_cot_G10a2N,false
6427041,1003,5:39:19,2
6427041,1004,5:39:21,3
6427041,900,5:39:23,3,[]
6427041,1002,5:39:25,3
6427041,1003,5:39:25,2
6427041,221,5:39:32,6
6427041,220,5:39:37,6
6427041,1003,5:39:37,3
6427041,221,5:39:42,6
6427041,220,5:39:46,6
6427041,210,5:39:47,487,467
6427041,211,5:39:47,512,495
6427041,212,5:39:49,0
6427041,207,5:39:49,6,-200,-245
6427041,210,5:39:49,1179,394
6427041,211,5:39:54,510,490
6427041,210,5:39:55,719,321
6427041,207,5:39:57,6,-245,0
6427041,211,5:39:59,209,627
6427041,221,5:40:0,6
6427041,220,5:40:1,6
6427041,212,5:40:2,2
6427041,210,5:40:3,182,444
6427041,211,5:40:3,181,462
6427041,213,5:40:3,6,c_crush1_F_b_G10a1N,false
6427041,1003,5:40:6,2
6427041,1004,5:40:10,3
6427041,900,5:40:12,3,[]
6427041,901,5:40:13,3,[PeopleData_id:4]
6427041,904,5:40:13,3,[PeopleData_id:4]
6427041,902,5:40:15,3,[PeopleData_id:4,PeopleData_data2Type]
6427041,902,5:40:21,3,[PeopleData_id:4,PeopleData_data1Type]
6427041,902,5:40:24,3,[PeopleData_id:4,PeopleData_data0Type]
6427041,903,5:40:27,3,[PeopleData_id4,PeopleData_data0Type]
6427041,901,5:40:28,3,[PeopleData_id:4]
6427041,904,5:40:28,3,[PeopleData_id:4]
6427041,905,5:40:29,3,[PeopleData_id:4,RankTypes_id:-1,RankTypes_id:1]
6427041,901,5:40:30,3,[PeopleData_id:0]
6427041,902,5:40:31,3,[PeopleData_id:0,PeopleData_data3Type]
6427041,902,5:40:36,3,[PeopleData_id:0,PeopleData_data2Type]
6427041,902,5:40:42,3,[PeopleData_id:0,PeopleData_data2Type]
6427041,902,5:40:44,3,[PeopleData_id:0,PeopleData_data1Type]
6427041,902,5:40:49,3,[PeopleData_id:0,PeopleData_data1Type]
6427041,902,5:40:50,3,[PeopleData_id:0,PeopleData_data0Type]
6427041,903,5:40:54,3,[PeopleData_id0,PeopleData_data0Type]
6427041,901,5:40:55,3,[PeopleData_id:0]
6427041,904,5:40:55,3,[PeopleData_id:0]
6427041,905,5:40:56,3,[PeopleData_id:0,RankTypes_id:-1,RankTypes_id:4]
6427041,901,5:40:56,3,[PeopleData_id:3]
6427041,902,5:40:57,3,[PeopleData_id:3,PeopleData_data3Type]
6427041,902,5:41:0,3,[PeopleData_id:3,PeopleData_data2Type]
6427041,902,5:41:4,3,[PeopleData_id:3,PeopleData_data1Type]
6427041,902,5:41:7,3,[PeopleData_id:3,PeopleData_data1Type]
6427041,902,5:41:9,3,[PeopleData_id:3,PeopleData_data0Type]
6427041,903,5:41:14,3,[PeopleData_id3,PeopleData_data0Type]
6427041,901,5:41:14,3,[PeopleData_id:3]
6427041,904,5:41:15,3,[PeopleData_id:3]
6427041,905,5:41:15,3,[PeopleData_id:3,RankTypes_id:-1,RankTypes_id:4]
6427041,901,5:41:16,3,[PeopleData_id:1]
6427041,904,5:41:16,3,[PeopleData_id:1]
6427041,902,5:41:17,3,[PeopleData_id:1,PeopleData_data2Type]
6427041,902,5:41:20,3,[PeopleData_id:1,PeopleData_data1Type]
6427041,902,5:41:25,3,[PeopleData_id:1,PeopleData_data0Type]
6427041,903,5:41:28,3,[PeopleData_id1,PeopleData_data0Type]
6427041,901,5:41:28,3,[PeopleData_id:1]
6427041,904,5:41:28,3,[PeopleData_id:1]
6427041,905,5:41:29,3,[PeopleData_id:1,RankTypes_id:-1,RankTypes_id:3]
6427041,901,5:41:29,3,[PeopleData_id:2]
6427041,902,5:41:30,3,[PeopleData_id:2,PeopleData_data1Type]
6427041,902,5:41:34,3,[PeopleData_id:2,PeopleData_data0Type]
6427041,903,5:41:39,3,[PeopleData_id2,PeopleData_data0Type]
6427041,901,5:41:40,3,[PeopleData_id:5]
6427041,904,5:41:40,3,[PeopleData_id:5]
6427041,901,5:41:43,3,[PeopleData_id:2]
6427041,904,5:41:43,3,[PeopleData_id:2]
6427041,905,5:41:43,3,[PeopleData_id:2,RankTypes_id:-1,RankTypes_id:0]
6427041,902,5:41:44,3,[PeopleData_id:2,PeopleData_data1Type]
6427041,903,5:41:46,3,[PeopleData_id2,PeopleData_data1Type]
6427041,901,5:41:46,3,[PeopleData_id:5]
6427041,902,5:41:47,3,[PeopleData_id:5,PeopleData_data3Type]
6427041,903,5:41:49,3,[PeopleData_id5,PeopleData_data3Type]
6427041,901,5:41:49,3,[PeopleData_id:2]
6427041,904,5:41:49,3,[PeopleData_id:2]
6427041,905,5:41:50,3,[PeopleData_id:2,RankTypes_id:0,RankTypes_id:1]
6427041,901,5:41:50,3,[PeopleData_id:5]
6427041,902,5:41:51,3,[PeopleData_id:5,PeopleData_data3Type]
6427041,902,5:41:56,3,[PeopleData_id:5,PeopleData_data2Type]
6427041,902,5:42:1,3,[PeopleData_id:5,PeopleData_data1Type]
6427041,902,5:42:6,3,[PeopleData_id:5,PeopleData_data1Type]
6427041,902,5:42:7,3,[PeopleData_id:5,PeopleData_data0Type]
6427041,903,5:42:13,3,[PeopleData_id5,PeopleData_data0Type]
6427041,901,5:42:14,3,[PeopleData_id:5]
6427041,904,5:42:14,3,[PeopleData_id:5]
6427041,905,5:42:15,3,[PeopleData_id:5,RankTypes_id:-1,RankTypes_id:0]
6427041,906,5:42:15,3,[]
6427041,907,5:42:15,3,[]
6427041,908,5:42:16,3,[InvitationData_id:4,PeopleData_id:0,RankTypes_id:4]
6427041,909,5:42:22,3,[InvitationData_id:4,PeopleData_id:0,RankTypes_id:4,1]
6427041,910,5:42:23,3,[InvitationData_id:4,9,false]
6427041,908,5:42:23,3,[InvitationData_id:5,PeopleData_id:3,RankTypes_id:4]
6427041,909,5:42:30,3,[InvitationData_id:5,PeopleData_id:3,RankTypes_id:4,1]
6427041,910,5:42:30,3,[InvitationData_id:5,9,false]
6427041,908,5:42:30,3,[InvitationData_id:10,PeopleData_id:3,RankTypes_id:4]
6427041,909,5:42:33,3,[InvitationData_id:10,PeopleData_id:3,RankTypes_id:4,1]
6427041,910,5:42:34,3,[InvitationData_id:10,9,false]
6427041,908,5:42:34,3,[InvitationData_id:2,PeopleData_id:0,RankTypes_id:4]
6427041,909,5:42:36,3,[InvitationData_id:2,PeopleData_id:0,RankTypes_id:4,1]
6427041,910,5:42:39,3,[InvitationData_id:2,0,true]
6427041,908,5:42:39,3,[InvitationData_id:11,PeopleData_id:4,RankTypes_id:1]
6427041,909,5:42:52,3,[InvitationData_id:11,PeopleData_id:4,RankTypes_id:1,1]
6427041,910,5:42:53,3,[InvitationData_id:11,0,true]
6427041,908,5:42:53,3,[InvitationData_id:3,PeopleData_id:0,RankTypes_id:4]
6427041,909,5:42:56,3,[InvitationData_id:3,PeopleData_id:0,RankTypes_id:4,1]
6427041,910,5:42:57,3,[InvitationData_id:3,9,false]
6427041,908,5:42:57,3,[InvitationData_id:9,PeopleData_id:4,RankTypes_id:1]
6427041,909,5:43:3,3,[InvitationData_id:9,PeopleData_id:4,RankTypes_id:1,1]
6427041,910,5:43:4,3,[InvitationData_id:9,0,true]
6427041,912,5:43:5,3,[]
6427041,1000,5:43:7,3,[]
6427041,900,5:43:8,3,[]
6427041,901,5:43:10,3,[PeopleData_id:2]
6427041,902,5:43:11,3,[PeopleData_id:2,PeopleData_data1Type]
6427041,902,5:43:12,3,[PeopleData_id:2,PeopleData_data0Type]
6427041,903,5:43:14,3,[PeopleData_id2,PeopleData_data0Type]
6427041,901,5:43:15,3,[PeopleData_id:2]
6427041,904,5:43:15,3,[PeopleData_id:2]
6427041,905,5:43:16,3,[PeopleData_id:2,RankTypes_id:-1,RankTypes_id:0]
6427041,901,5:43:17,3,[PeopleData_id:5]
6427041,902,5:43:17,3,[PeopleData_id:5,PeopleData_data3Type]
6427041,902,5:43:20,3,[PeopleData_id:5,PeopleData_data2Type]
6427041,902,5:43:23,3,[PeopleData_id:5,PeopleData_data1Type]
6427041,903,5:43:24,3,[PeopleData_id5,PeopleData_data1Type]
6427041,901,5:43:25,3,[PeopleData_id:5]
6427041,904,5:43:25,3,[PeopleData_id:5]
6427041,905,5:43:25,3,[PeopleData_id:5,RankTypes_id:-1,RankTypes_id:1]
6427041,901,5:43:26,3,[PeopleData_id:1]
6427041,904,5:43:26,3,[PeopleData_id:1]
6427041,902,5:43:27,3,[PeopleData_id:1,PeopleData_data2Type]
6427041,903,5:43:31,3,[PeopleData_id1,PeopleData_data2Type]
6427041,901,5:43:31,3,[PeopleData_id:1]
6427041,904,5:43:31,3,[PeopleData_id:1]
6427041,905,5:43:32,3,[PeopleData_id:1,RankTypes_id:-1,RankTypes_id:4]
6427041,901,5:43:33,3,[PeopleData_id:4]
6427041,904,5:43:33,3,[PeopleData_id:4]
6427041,902,5:43:34,3,[PeopleData_id:4,PeopleData_data2Type]
6427041,902,5:43:36,3,[PeopleData_id:4,PeopleData_data1Type]
6427041,902,5:43:39,3,[PeopleData_id:4,PeopleData_data0Type]
6427041,903,5:43:45,3,[PeopleData_id4,PeopleData_data0Type]
6427041,901,5:43:45,3,[PeopleData_id:4]
6427041,904,5:43:45,3,[PeopleData_id:4]
6427041,905,5:43:47,3,[PeopleData_id:4,RankTypes_id:-1,RankTypes_id:0]
6427041,901,5:43:49,3,[PeopleData_id:0]
6427041,902,5:43:51,3,[PeopleData_id:0,PeopleData_data3Type]
6427041,902,5:43:57,3,[PeopleData_id:0,PeopleData_data2Type]
6427041,902,5:44:40,3,[PeopleData_id:0,PeopleData_data1Type]
6427041,902,5:44:42,3,[PeopleData_id:0,PeopleData_data1Type]
6427041,902,5:44:44,3,[PeopleData_id:0,PeopleData_data0Type]
6427041,903,5:44:45,3,[PeopleData_id0,PeopleData_data0Type]
6427041,901,5:44:46,3,[PeopleData_id:3]
6427041,904,5:44:46,3,[PeopleData_id:3]
6427041,905,5:44:47,3,[PeopleData_id:3,RankTypes_id:-1,RankTypes_id:4]
6427041,901,5:44:48,3,[PeopleData_id:0]
6427041,902,5:44:49,3,[PeopleData_id:0,PeopleData_data3Type]
6427041,902,5:44:51,3,[PeopleData_id:0,PeopleData_data2Type]
6427041,902,5:44:53,3,[PeopleData_id:0,PeopleData_data1Type]
6427041,902,5:44:58,3,[PeopleData_id:0,PeopleData_data0Type]
6427041,903,5:45:0,3,[PeopleData_id0,PeopleData_data0Type]
6427041,901,5:45:0,3,[PeopleData_id:0]
6427041,904,5:45:1,3,[PeopleData_id:0]
6427041,901,5:45:2,3,[PeopleData_id:0]
6427041,904,5:45:2,3,[PeopleData_id:0]
6427041,905,5:45:3,3,[PeopleData_id:0,RankTypes_id:-1,RankTypes_id:3]
6427041,906,5:45:3,3,[]
6427041,901,5:45:4,3,[PeopleData_id:3]
6427041,904,5:45:4,3,[PeopleData_id:3]
6427041,905,5:45:4,3,[PeopleData_id:3,RankTypes_id:4,RankTypes_id:4]
6427041,901,5:45:4,3,[PeopleData_id:3]
6427041,904,5:45:5,3,[PeopleData_id:3]
6427041,905,5:45:6,3,[PeopleData_id:3,RankTypes_id:4,RankTypes_id:2]
6427041,901,5:45:6,3,[PeopleData_id:0]
6427041,904,5:45:6,3,[PeopleData_id:0]
6427041,905,5:45:7,3,[PeopleData_id:0,RankTypes_id:3,RankTypes_id:3]
6427041,901,5:45:7,3,[PeopleData_id:3]
6427041,905,5:45:7,3,[PeopleData_id:3,RankTypes_id:2,RankTypes_id:2]
6427041,902,5:45:8,3,[PeopleData_id:3,PeopleData_data3Type]
6427041,902,5:45:11,3,[PeopleData_id:3,PeopleData_data2Type]
6427041,902,5:45:13,3,[PeopleData_id:3,PeopleData_data1Type]
6427041,902,5:45:14,3,[PeopleData_id:3,PeopleData_data0Type]
6427041,903,5:45:17,3,[PeopleData_id3,PeopleData_data0Type]
6427041,901,5:45:17,3,[PeopleData_id:3]
6427041,904,5:45:17,3,[PeopleData_id:3]
6427041,905,5:45:18,3,[PeopleData_id:3,RankTypes_id:2,RankTypes_id:3]
6427041,901,5:45:19,3,[PeopleData_id:0]
6427041,904,5:45:19,3,[PeopleData_id:0]
6427041,905,5:45:19,3,[PeopleData_id:0,RankTypes_id:3,RankTypes_id:4]
6427041,907,5:45:20,3,[]
6427041,908,5:45:21,3,[InvitationData_id:1,PeopleData_id:5,RankTypes_id:1]
6427041,909,5:45:25,3,[InvitationData_id:1,PeopleData_id:5,RankTypes_id:1,1]
6427041,910,5:45:26,3,[InvitationData_id:1,0,true]
6427041,908,5:45:26,3,[InvitationData_id:2,PeopleData_id:0,RankTypes_id:4]
6427041,100,5:47:13,10
6427041,102,5:47:15,10
6427041,200,5:47:15,10,7,15,10,9,12
6427041,221,5:47:28,10
6427041,300,5:47:31
6427041,220,5:47:31,10
6427041,301,5:47:33,5
6427041,302,5:47:39,5,4,0,1
6427041,303,5:47:42,5,4,0,1
6427041,304,5:48:11,5,4,0,-1,,1,husband 1 kid
6427041,302,5:48:20,5,2,1,6
6427041,302,5:48:21,5,2,1,11
6427041,303,5:48:23,5,2,1,11
6427041,304,5:48:24,5,2,1,-1,,11,mom
6427041,302,5:48:35,5,2,0,18
6427041,303,5:48:37,5,2,0,18
6427041,306,5:48:38,5,0,1
6427041,304,5:48:38,5,2,0,-1,,18,dad
6427041,302,5:48:44,5,0,0,2
6427041,302,5:48:44,5,0,0,3
6427041,304,5:48:46,5,0,0,-1,,3,
6427041,302,5:48:52,5,1,0,3
6427041,306,5:48:52,5,1,2
6427041,304,5:48:52,5,1,0,-1,,3,
6427041,302,5:48:56,5,3,0,1
6427041,304,5:48:57,5,3,0,-1,,1,
6427041,304,5:49:0,5,3,0,1,,1,
6427041,302,5:49:8,5,3,1,1
6427041,306,5:49:8,5,2,3
6427041,304,5:49:8,5,3,1,-1,,1,
6427041,301,5:49:11,6
6427041,302,5:50:32,6,0,0,2
6427041,302,5:50:33,6,0,0,1
6427041,304,5:50:33,6,0,0,-1,,1,
6427041,302,5:50:42,6,0,1,5
6427041,304,5:50:43,6,0,1,-1,,5,
6427041,302,5:50:45,6,0,2,2
6427041,306,5:50:46,6,0,1
6427041,304,5:50:46,6,0,2,-1,,2,
6427041,302,5:50:52,6,1,0,6
6427041,304,5:50:53,6,1,0,-1,,6,
6427041,302,5:50:59,6,1,1,7
6427041,304,5:50:59,6,1,1,-1,,7,
6427041,302,5:51:2,6,1,2,3
6427041,302,5:51:6,6,1,2,4
6427041,306,5:51:7,6,1,2
6427041,304,5:51:7,6,1,2,-1,,4,
6427041,302,5:51:12,6,2,0,0
6427041,304,5:51:13,6,2,0,-1,,0,
6427041,302,5:51:17,6,3,0,3
6427041,303,5:51:18,6,3,0,3
6427041,304,5:51:21,6,3,0,-1,,3,eat fruit
6427041,302,5:51:36,6,4,0,4
6427041,303,5:51:39,6,4,0,4
6427041,306,5:51:50,6,2,3
6427041,304,5:51:50,6,4,0,-1,,4,eating healthy
6427041,221,5:52:1,10
6427041,300,5:52:2
6427041,220,5:52:2,10
6427041,221,5:52:22,10
6427041,220,5:52:24,10
6427041,210,5:52:25,750,367
6427041,211,5:52:26,749,389
6427041,213,5:52:26,10,c_mom_afri_G12a0,false
6427041,1003,5:52:28,2
6427041,1004,5:52:31,3
6427041,900,5:52:33,3,[]
6427041,1002,5:52:37,3
6427041,1003,5:52:37,2
6427041,1004,5:52:39,2
6427041,1002,5:52:44,2
6427041,1003,5:52:44,2
6427041,210,5:52:48,778,153
6427041,211,5:52:49,415,690
6427041,210,5:53:8,395,390
6427041,211,5:53:9,543,249
6427041,212,5:53:10,1
6427041,210,5:53:11,468,153
6427041,211,5:53:11,533,176
6427041,213,5:53:11,10,s_calendar_F_gen,false
6427041,1003,5:53:16,1
6427041,1004,5:53:18,9
6427041,800,5:53:20,9,[]
6427041,801,5:53:21,9,[]
6427041,814,5:53:22,9,[0]
6427041,815,5:53:22,9,0,OpportunityCardData_id:0
6427041,816,5:53:24,9,0,OpportunityCardData_id:0
6427041,805,5:53:26,9,[OpportunityCardData_id:0]
6427041,806,5:53:27,9,[OpportunityCardData_id:0,PriorityData_type:2]
6427041,807,5:53:28,9,[OpportunityCardData_id:0]
6427041,808,5:53:30,9,[OpportunityCardData_id:0]
6427041,809,5:53:36,9,[OpportunityCardData_id:0,PriorityData_type:4,false]
6427041,810,5:53:38,9,[OpportunityCardData_id:0,PriorityData_type:0,15,PriorityData_type:4,5]
6427041,814,5:53:40,9,[0]
6427041,815,5:53:40,9,0,OpportunityCardData_id:1
6427041,815,5:53:41,9,0,OpportunityCardData_id:2
6427041,816,5:53:42,9,0,OpportunityCardData_id:2
6427041,805,5:53:43,9,[OpportunityCardData_id:2]
6427041,806,5:53:44,9,[OpportunityCardData_id:2,PriorityData_type:2]
6427041,807,5:53:45,9,[OpportunityCardData_id:2]
6427041,808,5:53:48,9,[OpportunityCardData_id:2]
6427041,809,5:53:53,9,[OpportunityCardData_id:2,PriorityData_type:2,true]
6427041,810,5:53:54,9,[OpportunityCardData_id:2,PriorityData_type:0,10,Safe,Safe]
6427041,814,5:53:56,9,[4]
6427041,815,5:53:56,9,4,OpportunityCardData_id:24
6427041,815,5:54:0,9,4,OpportunityCardData_id:25
6427041,816,5:54:1,9,4,OpportunityCardData_id:25
6427041,805,5:54:3,9,[OpportunityCardData_id:25]
6427041,806,5:54:4,9,[OpportunityCardData_id:25,PriorityData_type:2]
6427041,807,5:54:5,9,[OpportunityCardData_id:25]
6427041,808,5:54:7,9,[OpportunityCardData_id:25]
6427041,809,5:54:11,9,[OpportunityCardData_id:25,PriorityData_type:3,false]
6427041,810,5:54:12,9,[OpportunityCardData_id:25,PriorityData_type:4,10,PriorityData_type:3,20]
6427041,812,5:54:13,9,[OpportunityCardData_id:25,PriorityData_type:3]
6427041,813,5:54:14,9,[]
6427041,1000,5:54:15,9,[]
6427041,800,5:54:16,9,[]
6427041,1003,5:54:21,1
6427041,1003,5:54:28,3
6427041,1004,5:54:29,6
6427041,500,5:54:31,6,[]
6427041,501,5:54:37,6,[]
6427041,502,5:54:44,6,[IntentionData_logId:4,true]
6427041,503,5:54:45,6,[]
6427041,504,5:54:47,6,[InfluenceData_logId:3]
6427041,504,5:54:48,6,[InfluenceData_logId:2]
6427041,504,5:54:49,6,[InfluenceData_logId:1]
6427041,504,5:54:49,6,[InfluenceData_logId:0]
6427041,504,5:54:50,6,[InfluenceData_logId:8]
6427041,504,5:54:51,6,[InfluenceData_logId:6]
6427041,504,5:54:51,6,[InfluenceData_logId:7]
6427041,504,5:54:52,6,[InfluenceData_logId:2]
6427041,505,5:54:53,6,[InfluenceData_logId:2,false,InfluenceData_logId:3,true,InfluenceData_logId:7,true]
6427041,506,5:54:56,6,[]
6427041,507,5:55:5,6,[OpponentAttackData_logId:3,OpponentAttackTypeData_logId:4,false,30]
6427041,508,5:55:6,6,[]
6427041,509,5:55:16,6,[RefusalData_logId:9,2]
6427041,510,5:55:17,6,[AvailableRefusalData_logId:9,0A]
6427041,510,5:55:19,6,[AvailableRefusalData_logId:9,0C]
6427041,510,5:55:22,6,[AvailableRefusalData_logId:9,0B]
6427041,510,5:55:22,6,[AvailableRefusalData_logId:9,0A]
6427041,510,5:55:28,6,[AvailableRefusalData_logId:9,0B]
6427041,510,5:55:29,6,[AvailableRefusalData_logId:9,1B]
6427041,510,5:55:30,6,[AvailableRefusalData_logId:9,2B]
6427041,510,5:55:35,6,[AvailableRefusalData_logId:9,0A]
6427041,510,5:55:35,6,[AvailableRefusalData_logId:9,1C]
6427041,510,5:55:36,6,[AvailableRefusalData_logId:9,1A]
6427041,510,5:55:37,6,[AvailableRefusalData_logId:9,2A]
6427041,511,5:55:38,6,[AvailableRefusalData_logId:9,0A,1A,2A,true,50]
6427041,512,5:55:41,6,[]
6427041,513,5:55:41,6,[0]
6427041,514,5:55:42,6,[]
6427041,507,5:55:46,6,[OpponentAttackData_logId:2,OpponentAttackTypeData_logId:4,true,0]
6427041,508,5:55:48,6,[]
6427041,509,5:56:0,6,[RefusalData_logId:0,2]
6427041,510,5:56:25,6,[AvailableRefusalData_logId:0,0A]
6427041,510,5:56:26,6,[AvailableRefusalData_logId:0,1A]
6427041,510,5:56:27,6,[AvailableRefusalData_logId:0,2B]
6427041,511,5:56:27,6,[AvailableRefusalData_logId:0,0A,1A,2B,false,0]
6427041,512,5:56:29,6,[]
6427041,513,5:56:29,6,[30]
6427041,514,5:56:32,6,[]
6427041,507,5:57:7,6,[OpponentAttackData_logId:0,OpponentAttackTypeData_logId:0,false,30]
6427041,508,5:57:9,6,[]
6427041,509,5:57:12,6,[RefusalData_logId:7,0]
6427041,510,5:57:13,6,[AvailableRefusalData_logId:7,0C]
6427041,510,5:57:16,6,[AvailableRefusalData_logId:7,0A]
6427041,510,5:57:19,6,[AvailableRefusalData_logId:7,1A]
6427041,510,5:57:21,6,[AvailableRefusalData_logId:7,2A]
6427041,511,5:57:22,6,[AvailableRefusalData_logId:7,0A,1A,2A,true,20]
6427041,512,5:57:24,6,[]
6427041,513,5:57:24,6,[30]
6427041,514,5:57:27,6,[]
6427041,507,5:57:33,6,[OpponentAttackData_logId:1,OpponentAttackTypeData_logId:0,false,30]
6427041,508,5:57:35,6,[]
6427041,515,5:57:35,6,[0,30]
6427041,516,5:57:36,6,[]
6427041,517,5:57:38,6,[]
6427041,1000,5:57:42,6,[]
6427041,500,5:57:43,6,[]
6427041,501,5:57:44,6,[]
6427041,502,5:57:48,6,[IntentionData_logId:4,true]
6427041,503,5:57:50,6,[]
6427041,504,5:57:52,6,[InfluenceData_logId:7]
6427041,504,5:57:52,6,[InfluenceData_logId:6]
6427041,504,5:57:52,6,[InfluenceData_logId:3]
6427041,504,5:57:53,6,[InfluenceData_logId:5]
6427041,504,5:57:53,6,[InfluenceData_logId:4]
6427041,504,5:57:53,6,[InfluenceData_logId:0]
6427041,504,5:57:54,6,[InfluenceData_logId:2]
6427041,504,5:57:54,6,[InfluenceData_logId:1]
6427041,504,5:57:55,6,[InfluenceData_logId:2]
6427041,504,5:57:56,6,[InfluenceData_logId:1]
6427041,505,5:57:56,6,[InfluenceData_logId:1,true,InfluenceData_logId:4,false,InfluenceData_logId:6,true]
6427041,506,5:57:59,6,[]
6427041,507,5:58:17,6,[OpponentAttackData_logId:1,OpponentAttackTypeData_logId:4,false,30]
6427041,508,5:58:19,6,[]
6427041,509,5:58:24,6,[RefusalData_logId:0,2]
6427041,510,5:58:27,6,[AvailableRefusalData_logId:0,0B]
6427041,510,5:58:29,6,[AvailableRefusalData_logId:0,1B]
6427041,510,5:58:32,6,[AvailableRefusalData_logId:0,1A]
6427041,510,5:58:34,6,[AvailableRefusalData_logId:0,0A]
6427041,510,5:58:37,6,[AvailableRefusalData_logId:0,2A]
6427041,511,5:58:37,6,[AvailableRefusalData_logId:0,0A,1A,2A,true,50]
6427041,512,5:58:40,6,[]
6427041,513,5:58:40,6,[0]
6427041,514,5:58:41,6,[]
6427041,507,5:58:45,6,[OpponentAttackData_logId:2,OpponentAttackTypeData_logId:4,true,0]
6427041,508,5:58:47,6,[]
6427041,509,5:58:54,6,[RefusalData_logId:7,0]
6427041,510,5:58:58,6,[AvailableRefusalData_logId:7,0A]
6427041,510,5:59:2,6,[AvailableRefusalData_logId:7,0C]
6427041,510,5:59:2,6,[AvailableRefusalData_logId:7,0B]
6427041,510,5:59:7,6,[AvailableRefusalData_logId:7,0C]
6427041,510,5:59:9,6,[AvailableRefusalData_logId:7,1B]
6427041,510,5:59:15,6,[AvailableRefusalData_logId:7,2B]
6427041,510,5:59:17,6,[AvailableRefusalData_logId:7,0B]
6427041,511,5:59:18,6,[AvailableRefusalData_logId:7,0B,1B,2B,false,0]
6427041,512,5:59:20,6,[]
6427041,513,5:59:20,6,[30]
6427041,514,5:59:23,6,[]
6427041,507,5:59:28,6,[OpponentAttackData_logId:3,OpponentAttackTypeData_logId:2,false,30]
6427041,508,5:59:30,6,[]
6427041,509,5:59:34,6,[RefusalData_logId:9,2]
6427041,510,5:59:36,6,[AvailableRefusalData_logId:9,0A]
6427041,510,5:59:37,6,[AvailableRefusalData_logId:9,0B]
6427041,510,5:59:39,6,[AvailableRefusalData_logId:9,0C]
6427041,510,5:59:40,6,[AvailableRefusalData_logId:9,0A]
6427041,510,5:59:41,6,[AvailableRefusalData_logId:9,1C]
6427041,510,5:59:51,6,[AvailableRefusalData_logId:9,0B]
6427041,510,5:59:52,6,[AvailableRefusalData_logId:9,0C]
6427041,510,5:59:54,6,[AvailableRefusalData_logId:9,0B]
6427041,510,5:59:56,6,[AvailableRefusalData_logId:9,0A]
6427041,510,5:59:58,6,[AvailableRefusalData_logId:9,1A]
6427041,510,6:0:0,6,[AvailableRefusalData_logId:9,2A]
6427041,511,6:0:5,6,[AvailableRefusalData_logId:9,0A,1A,2A,true,50]
6427041,512,6:0:8,6,[]
6427041,515,6:0:8,6,[50,0]
6427041,516,6:0:10,6,[]
6427041,517,6:0:12,6,[]
6427041,1005,6:0:12,6,[3,0,1]
6427041,1001,6:0:13,6,[]
6427041,1003,6:0:13,3
6427041,1004,6:0:15,5
6427041,500,6:0:18,5,[]
6427041,501,6:0:20,5,[]
6427041,502,6:0:24,5,[IntentionData_logId:2,true]
6427041,503,6:0:26,5,[]
6427041,504,6:0:27,5,[InfluenceData_logId:7]
6427041,504,6:0:28,5,[InfluenceData_logId:6]
6427041,504,6:0:29,5,[InfluenceData_logId:3]
6427041,504,6:0:29,5,[InfluenceData_logId:5]
6427041,504,6:0:29,5,[InfluenceData_logId:4]
6427041,504,6:0:29,5,[InfluenceData_logId:2]
6427041,504,6:0:30,5,[InfluenceData_logId:0]
6427041,504,6:0:30,5,[InfluenceData_logId:6]
6427041,505,6:0:31,5,[InfluenceData_logId:0,true,InfluenceData_logId:4,false,InfluenceData_logId:6,true]
6427041,506,6:0:32,5,[]
6427041,507,6:0:43,5,[OpponentAttackData_logId:0,OpponentAttackTypeData_logId:4,false,30]
6427041,508,6:0:45,5,[]
6427041,509,6:0:51,5,[RefusalData_logId:4,2]
6427041,510,6:1:5,5,[AvailableRefusalData_logId:4,0C]
6427041,510,6:1:6,5,[AvailableRefusalData_logId:4,1A]
6427041,510,6:1:6,5,[AvailableRefusalData_logId:4,2A]
6427041,511,6:1:7,5,[AvailableRefusalData_logId:4,0C,1A,2A,false,0]
6427041,512,6:1:9,5,[]
6427041,513,6:1:9,5,[30]
6427041,514,6:1:11,5,[]
6427041,507,6:1:18,5,[OpponentAttackData_logId:2,OpponentAttackTypeData_logId:4,false,30]
6427041,100,6:1:25,6
6427041,102,6:1:27,6
6427041,200,6:1:27,6,7,15,10,10,18
6427041,210,6:1:30,275,585
6427041,207,6:1:30,6,-200,-140
6427041,211,6:1:31,816,686
6427041,221,6:1:32,6
6427041,220,6:1:33,6
6427041,210,6:1:34,777,454
6427041,211,6:1:34,955,609
6427041,213,6:1:34,6,s_chairClothes_F_G10a0,true
6427041,210,6:1:36,1188,392
6427041,211,6:1:36,1236,332
6427041,207,6:1:36,6,-140,-215
6427041,207,6:1:36,6,-215,-260
6427041,210,6:1:36,1158,308
6427041,207,6:1:38,6,-260,-395
6427041,211,6:1:40,882,255
6427041,213,6:1:40,6,s_door_F_gen,true
6427041,204,6:1:43,6
6427041,103,6:1:46
6427041,105,6:1:47
6427041,703,6:1:50,[|| EpilogueItem ID: 0 unlocked: true ||,|| EpilogueItem ID: 1 unlocked: true ||,|| EpilogueItem ID: 2 unlocked: false ||,|| EpilogueItem ID: 3 unlocked: false ||,|| EpilogueItem ID: 4 unlocked: true ||,|| EpilogueItem ID: 5 unlocked: false ||,|| EpilogueItem ID: 6 unlocked: false ||,|| EpilogueItem ID: 7 unlocked: false ||,|| EpilogueItem ID: 8 unlocked: false ||,|| EpilogueItem ID: 9 unlocked: false ||,|| EpilogueItem ID: 10 unlocked: false ||,|| EpilogueItem ID: 11 unlocked: false ||,|| EpilogueItem ID: 12 unlocked: false ||,|| EpilogueItem ID: 13 unlocked: false ||,|| EpilogueItem ID: 14 unlocked: false ||,|| EpilogueItem ID: 15 unlocked: false ||,|| EpilogueItem ID: 16 unlocked: false ||,|| EpilogueItem ID: 17 unlocked: false ||,|| EpilogueItem ID: 18 unlocked: false ||,|| EpilogueItem ID: 19 unlocked: false ||,|| EpilogueItem ID: 20 unlocked: false ||,|| EpilogueItem ID: 21 unlocked: false ||,|| EpilogueItem ID: 22 unlocked: false ||,|| EpilogueItem ID: 23 unlocked: false ||,|| EpilogueItem ID: 24 unlocked: false ||],0.12
6427041,706,6:1:51,(x=65, y=-100, w=1024, h=768),(x=108, y=-100, w=1024, h=768)
6427041,706,6:1:52,(x=211, y=-100, w=1024, h=768),(x=1003, y=-100, w=1024, h=768)
6427041,706,6:1:54,(x=2531, y=-100, w=1024, h=768),(x=2531, y=-100, w=1024, h=768)
6427041,708,6:1:54
6427041,1,6:1:54,5/14/2014 4:15:11pm,{"gameTime":21714954,"challengeStacks":[{"challengeScenes":[{"miniGameCards":[],"viewedAnimatic":true,"keyPoints":["c_teacherEng_G7a0","c_bestFriend_F_a_G7a0","s_flag_gen"],"unlocked":true,"touchableObjects":["c_teacherEng_G7a0","c_bestFriend_F_a_G7a0","c_friend1_F_a_G7a0","s_doorClassroom_G7a0","s_otherStudent1_G7a0","c_crewKid1_F_G7a0","s_atwoodPoster_gen","s_clock_G7a0","s_poePoster_gen","s_vocabAssignment_G7a0","s_angelouPoster_gen","s_flag_gen"]},{"miniGameCards":[],"viewedAnimatic":true,"keyPoints":["c_bestFriend_F_a_G7a1N","c_teacherEng_G7a1N","s_paperPlayers_G7a1N"],"unlocked":true,"touchableObjects":["s_otherStudent2_G7a1N","s_otherStudent1_G7a1N","c_crewKid1_F_G7a1N","s_atwoodPoster_gen","c_bestFriend_F_a_G7a1N","c_teacherEng_G7a1N","s_paperPlayers_G7a1N"]},{"miniGameCards":[],"viewedAnimatic":true,"keyPoints":["c_teacherEng_G7a1P","s_flag_gen","s_paperEnglish_gen","c_bestFriend_F_a_G7a1P"],"unlocked":true,"touchableObjects":["c_teacherEng_G7a1P","s_clock_G7a1P","s_flag_gen","s_paperEnglish_gen","c_bestFriend_F_a_G7a1P"]}],"stackSize":3,"resolved":true},{"challengeScenes":[{"miniGameCards":[],"viewedAnimatic":true,"keyPoints":["s_backpack_F_G7b0","c_kidSister_afri_a_G7b0","c_crewKid1_F_G7b0"],"unlocked":true,"touchableObjects":["s_backpack_F_G7b0","s_snackBarWorker_G7b0","c_kidSister_afri_a_G7b0","c_cousin_F_a_G7b0","s_lifeguard_G7b0","c_crewKid2_F_G7b0","c_cousinsBrother_a_G7b0","c_crewKid1_F_G7b0"]},{"miniGameCards":[],"viewedAnimatic":true,"keyPoints":["s_brokenCarWindow_G7b1N","s_graffiti_G7b1N","s_sprayPaintCan_G7b1N","c_kidSister_afri_a_G7b1N","c_crewKid1_F_G7b1N"],"unlocked":true,"touchableObjects":["s_brokenCarWindow_G7b1N","s_graffiti_G7b1N","s_sprayPaintCan_G7b1N","c_kidSister_afri_a_G7b1N","s_flag_G7b1N","c_teacherEng_G7b1N","c_crewKid1_F_G7b1N"]},{"miniGameCards":[],"viewedAnimatic":true,"keyPoints":["c_cousin_F_a_G7b1P","c_cousinsBrother_a_G7b1P","s_poolDay_ruleSign_G7b1P","c_cousinsBrothersFriend_a_G7b1P"],"unlocked":true,"touchableObjects":["c_cousin_F_a_G7b1P","c_cousinsBrother_a_G7b1P","s_poolDay_ruleSign_G7b1P","c_cousinsBrothersFriend_a_G7b1P","c_kidSister_afri_a_G7b1P"]},{"miniGameCards":[],"viewedAnimatic":true,"keyPoints":["s_kid1_G7b2N","c_cousin_F_a_G7b2N","c_kidSister_afri_a_G7b2N","c_crush1_F_a_G7b2N"],"unlocked":true,"touchableObjects":["s_kid1_G7b2N","c_cousin_F_a_G7b2N","c_kidSister_afri_a_G7b2N","c_crush1_F_a_G7b2N","s_cousinsBFgirlfriend_G7b2N"]},{"miniGameCards":[],"viewedAnimatic":true,"keyPoints":["c_cousin_F_a_G7b2P","s_computer_F_G7b2P","c_kidSister_afri_a_G7b2P","s_pictureDad_afri_F_gen"],"unlocked":true,"touchableObjects":["c_cousin_F_a_G7b2P","s_computer_F_G7b2P","s_closet_F_G7b2P","c_grandma_afri_a_G7b2P","c_kidSister_afri_a_G7b2P","s_pictureDad_afri_F_gen"]}],"stackSize":5,"resolved":true},{"challengeScenes":[{"miniGameCards":[],"viewedAnimatic":true,"keyPoints":["c_cousin_F_a_G8a0","c_crush2_F_a_G8a0","s_cellphone_G8a0","s_clock_G8a0"],"unlocked":true,"touchableObjects":["c_cousin_F_a_G8a0","s_beerCooler_G8a0","c_crush2_F_a_G8a0","s_cigaretteKid1_G8a0","c_crewKid1_F_a_G8a0","s_cellphone_G8a0","s_clock_G8a0","s_bottleTable_G8a0"]},{"miniGameCards":[],"viewedAnimatic":true,"keyPoints":["s_crush2Lips_F_G8a1N","s_basementDoor_gen"],"unlocked":true,"touchableObjects":["s_crush2Lips_F_G8a1N","s_dryer_G8a1N","s_stairs_G8a1N","s_basementDoor_gen"]},{"miniGameCards":[],"viewedAnimatic":false,"keyPoints":[],"unlocked":false,"touchableObjects":[]},{"miniGameCards":[],"viewedAnimatic":false,"keyPoints":[],"unlocked":false,"touchableObjects":[]},{"miniGameCards":[],"viewedAnimatic":false,"keyPoints":[],"unlocked":false,"touchableObjects":[]},{"miniGameCards":[],"viewedAnimatic":true,"keyPoints":["s_mirror_afri_F_a_G8a3N"],"unlocked":true,"touchableObjects":["s_mirror_afri_F_a_G8a3N"]},{"miniGameCards":[],"viewedAnimatic":false,"keyPoints":[],"unlocked":false,"touchableObjects":[]}],"stackSize":7,"resolved":false},{"challengeScenes":[{"miniGameCards":[],"viewedAnimatic":false,"keyPoints":[],"unlocked":false,"touchableObjects":[]},{"miniGameCards":[],"viewedAnimatic":false,"keyPoints":[],"unlocked":false,"touchableObjects":[]},{"miniGameCards":[],"viewedAnimatic":false,"keyPoints":[],"unlocked":false,"touchableObjects":[]},{"miniGameCards":[],"viewedAnimatic":false,"keyPoints":[],"unlocked":false,"touchableObjects":[]},{"miniGameCards":[],"viewedAnimatic":false,"keyPoints":[],"unlocked":false,"touchableObjects":[]}],"stackSize":5,"resolved":false},{"challengeScenes":[{"miniGameCards":[],"viewedAnimatic":true,"keyPoints":["s_bathingSuit_F_G9a0","s_door_F_gen","s_clock_F_G9a0","s_cellPhone_F_G9a0"],"unlocked":true,"touchableObjects":["s_bathingSuit_F_G9a0","s_door_F_gen","s_clock_F_G9a0","s_cellPhone_F_G9a0"]},{"miniGameCards":[],"viewedAnimatic":true,"keyPoints":["c_policeOfficer_G9a1N","s_kid3_G9a1N","s_fence_G9a1N","c_cousin_F_a_G9a1N"],"unlocked":true,"touchableObjects":["c_policeOfficer_G9a1N","s_kid3_G9a1N","s_poolNight_ruleSign_G9a1N","s_potSmokeCloud_G9a1N","s_policeCar_G9a1N","s_fence_G9a1N","c_cousin_F_a_G9a1N"]},{"miniGameCards":[],"viewedAnimatic":true,"keyPoints":["s_door_F_gen","c_cousin_F_a_G9a1P","s_calendar_F_gen","s_poster_F_gen","s_joint_F_G9a1P"],"unlocked":true,"touchableObjects":["s_door_F_gen","s_computer_F_gen","c_cousin_F_a_G9a1P","s_calendar_F_gen","s_poster_F_gen","s_joint_F_G9a1P"]},{"miniGameCards":[],"viewedAnimatic":true,"keyPoints":["c_cousin_F_a_G9a2N","s_potSmokeCloud_F_G9a2N","c_mom_afri_a_G9a2N","c_kidSister_afri_a_G9a2N","s_pictureDad_afri_F_gen"],"unlocked":true,"touchableObjects":["s_cookieTrayEmpty_F_G9a2N","c_cousin_F_a_G9a2N","s_potSmokeCloud_F_G9a2N","c_mom_afri_a_G9a2N","c_kidSister_afri_a_G9a2N","s_pictureDad_afri_F_gen"]},{"miniGameCards":[],"viewedAnimatic":true,"keyPoints":["s_pizzaBox_G9a2P","s_door_gen","c_cousin_F_a_G9a2P","c_mom_afri_a_G9a2P"],"unlocked":true,"touchableObjects":["s_pictureDad_afri_gen","s_pizzaBox_G9a2P","s_door_gen","c_kidSister_afri_a_G9a2P","c_cousin_F_a_G9a2P","c_mom_afri_a_G9a2P"]}],"stackSize":5,"resolved":true},{"challengeScenes":[{"miniGameCards":[],"viewedAnimatic":false,"keyPoints":[],"unlocked":false,"touchableObjects":[]},{"miniGameCards":[],"viewedAnimatic":false,"keyPoints":[],"unlocked":false,"touchableObjects":[]},{"miniGameCards":[],"viewedAnimatic":false,"keyPoints":[],"unlocked":false,"touchableObjects":[]},{"miniGameCards":[],"viewedAnimatic":false,"keyPoints":[],"unlocked":false,"touchableObjects":[]},{"miniGameCards":[],"viewedAnimatic":false,"keyPoints":[],"unlocked":false,"touchableObjects":[]}],"stackSize":5,"resolved":false},{"challengeScenes":[{"miniGameCards":[],"viewedAnimatic":true,"keyPoints":[],"unlocked":true,"touchableObjects":["s_chairClothes_F_G10a0","s_door_F_gen"]},{"miniGameCards":[],"viewedAnimatic":true,"keyPoints":[],"unlocked":true,"touchableObjects":[]},{"miniGameCards":[],"viewedAnimatic":false,"keyPoints":[],"unlocked":false,"touchableObjects":[]},{"miniGameCards":[],"viewedAnimatic":true,"keyPoints":["s_phone_G10a2N","c_nurse_G10a2N"],"unlocked":true,"touchableObjects":["s_phone_G10a2N","c_nurse_G10a2N"]},{"miniGameCards":[],"viewedAnimatic":false,"keyPoints":[],"unlocked":false,"touchableObjects":[]}],"stackSize":5,"resolved":false},{"challengeScenes":[{"miniGameCards":[],"viewedAnimatic":false,"keyPoints":[],"unlocked":false,"touchableObjects":[]},{"miniGameCards":[],"viewedAnimatic":false,"keyPoints":[],"unlocked":false,"touchableObjects":[]},{"miniGameCards":[],"viewedAnimatic":false,"keyPoints":[],"unlocked":false,"touchableObjects":[]},{"miniGameCards":[],"viewedAnimatic":false,"keyPoints":[],"unlocked":false,"touchableObjects":[]},{"miniGameCards":[],"viewedAnimatic":false,"keyPoints":[],"unlocked":false,"touchableObjects":[]}],"stackSize":5,"resolved":false},{"challengeScenes":[{"miniGameCards":[],"viewedAnimatic":false,"keyPoints":[],"unlocked":false,"touchableObjects":[]},{"miniGameCards":[],"viewedAnimatic":false,"keyPoints":[],"unlocked":false,"touchableObjects":[]},{"miniGameCards":[],"viewedAnimatic":false,"keyPoints":[],"unlocked":false,"touchableObjects":[]},{"miniGameCards":[],"viewedAnimatic":false,"keyPoints":[],"unlocked":false,"touchableObjects":[]},{"miniGameCards":[],"viewedAnimatic":false,"keyPoints":[],"unlocked":false,"touchableObjects":[]}],"stackSize":5,"resolved":false},{"challengeScenes":[{"miniGameCards":[],"viewedAnimatic":false,"keyPoints":[],"unlocked":false,"touchableObjects":[]},{"miniGameCards":[],"viewedAnimatic":false,"keyPoints":[],"unlocked":false,"touchableObjects":[]},{"miniGameCards":[],"viewedAnimatic":false,"keyPoints":[],"unlocked":false,"touchableObjects":[]},{"miniGameCards":[],"viewedAnimatic":false,"keyPoints":[],"unlocked":false,"touchableObjects":[]},{"miniGameCards":[],"viewedAnimatic":false,"keyPoints":[],"unlocked":false,"touchableObjects":[]}],"stackSize":5,"resolved":false},{"challengeScenes":[{"miniGameCards":[],"viewedAnimatic":true,"keyPoints":[],"unlocked":true,"touchableObjects":[]},{"miniGameCards":[],"viewedAnimatic":true,"keyPoints":[],"unlocked":true,"touchableObjects":[]},{"miniGameCards":[],"viewedAnimatic":false,"keyPoints":[],"unlocked":false,"touchableObjects":[]},{"miniGameCards":[],"viewedAnimatic":true,"keyPoints":[],"unlocked":true,"touchableObjects":[]},{"miniGameCards":[],"viewedAnimatic":false,"keyPoints":[],"unlocked":false,"touchableObjects":[]}],"stackSize":5,"resolved":false},{"challengeScenes":[{"miniGameCards":[],"viewedAnimatic":false,"keyPoints":[],"unlocked":false,"touchableObjects":[]},{"miniGameCards":[],"viewedAnimatic":false,"keyPoints":[],"unlocked":false,"touchableObjects":[]},{"miniGameCards":[],"viewedAnimatic":false,"keyPoints":[],"unlocked":false,"touchableObjects":[]},{"miniGameCards":[],"viewedAnimatic":false,"keyPoints":[],"unlocked":false,"touchableObjects":[]},{"miniGameCards":[],"viewedAnimatic":false,"keyPoints":[],"unlocked":false,"touchableObjects":[]}],"stackSize":5,"resolved":false},{"challengeScenes":[{"miniGameCards":[],"viewedAnimatic":false,"keyPoints":[],"unlocked":true,"touchableObjects":["c_education_G0a0","c_friends_G0a0"]},{"miniGameCards":[],"viewedAnimatic":false,"keyPoints":["c_family_afri_a_G0a1N","c_home_G0a1N","c_job_G0a1N"],"unlocked":true,"touchableObjects":["c_family_afri_a_G0a1N","c_home_G0a1N","c_job_G0a1N"]},{"miniGameCards":[],"viewedAnimatic":false,"keyPoints":["c_kidsister_afri_a_G0a1P","c_grandma_afri_a_G0a1P","c_Teacher_G0a1P","c_mom_afri_a_G0a1P","c_dad_afri_a_G0a1P","c_Nurse_G0a1P"],"unlocked":true,"touchableObjects":["c_kidsister_afri_a_G0a1P","c_grandma_afri_a_G0a1P","c_friends_G0a1P","c_Teacher_G0a1P","c_mom_afri_a_G0a1P","c_dad_afri_a_G0a1P","c_Nurse_G0a1P"]}],"stackSize":3,"resolved":true}],"sessionId":10,"epilogue":{"rating":0},"playerId":6427041,"session":[{"sceneId":"1P","stackId":12},{"sceneId":"1P","stackId":0},{"sceneId":"1P","stackId":1},{"sceneId":"1N","stackId":1},{"sceneId":"2P","stackId":1},{"sceneId":"1P","stackId":4},{"sceneId":"1N","stackId":4},{"sceneId":"2P","stackId":4}],"minigames":[{"levelSaveData":[{"starRating":3,"unlocked":true},{"starRating":2,"unlocked":true},{"starRating":2,"unlocked":true},{"starRating":0,"unlocked":false},{"starRating":0,"unlocked":false},{"starRating":0,"unlocked":false},{"starRating":0,"unlocked":true},{"starRating":0,"unlocked":false},{"starRating":0,"unlocked":true},{"starRating":0,"unlocked":true}],"skillPoints":7},{"levelSaveData":[{"starRating":3,"unlocked":true},{"starRating":3,"unlocked":true},{"starRating":3,"unlocked":true},{"starRating":0,"unlocked":false},{"starRating":3,"unlocked":true},{"starRating":0,"unlocked":false},{"starRating":0,"unlocked":false},{"starRating":0,"unlocked":false},{"starRating":3,"unlocked":true},{"starRating":0,"unlocked":true}],"skillPoints":15},{"levelSaveData":[{"starRating":3,"unlocked":true},{"starRating":3,"unlocked":true},{"starRating":1,"unlocked":true},{"starRating":0,"unlocked":true},{"starRating":0,"unlocked":false},{"starRating":0,"unlocked":false},{"starRating":0,"unlocked":false},{"starRating":0,"unlocked":false},{"starRating":3,"unlocked":true},{"starRating":0,"unlocked":false}],"skillPoints":10},{"levelSaveData":[{"starRating":3,"unlocked":true},{"starRating":3,"unlocked":true},{"starRating":0,"unlocked":false},{"starRating":0,"unlocked":false},{"starRating":3,"unlocked":true},{"starRating":0,"unlocked":true},{"starRating":1,"unlocked":true},{"starRating":0,"unlocked":false},{"starRating":0,"unlocked":false},{"starRating":0,"unlocked":false}],"skillPoints":10},{"age":11,"name":"armani","gender":1,"levelSaveData":[{"starRating":3,"unlocked":true},{"starRating":3,"chunks":[["1"],["20$$funny","7$$cool"],["12$$having fun","17$$like singing","8$$like wining "],["0"]],"unlocked":true},{"starRating":3,"chunks":[["0"],["5$$love makeup","6$$playing musci"],["8$$love drawing","9$$luv to swim"]],"unlocked":true},{"starRating":3,"chunks":[["11"],["4$$dog"],["6"],["0"],["3","4"],["8"]],"unlocked":true},{"starRating":0,"chunks":[[null],[null],[null,null],[null],[null],[null]],"unlocked":false},{"starRating":0,"chunks":[[null],[null,null,null,null],[null],[null]],"unlocked":false},{"starRating":3,"chunks":[["3"],["3"],["18$$dad","11$$mom"],["1","1"],["1$$husband 1 kid"]],"unlocked":true},{"starRating":3,"chunks":[["1","5","2"],["6","7","4"],["0"],["3$$eat fruit"],["4$$eating healthy"]],"unlocked":true},{"starRating":0,"chunks":[[null,null,null],[null,null,null],[null,null]],"unlocked":false},{"starRating":0,"chunks":[[null],[null],[null],[null],[null],[null]],"unlocked":false}],"visualAvatar":0,"id":0,"skillPoints":18}],"avatar":{"age":11,"name":"armani","gender":1,"levelSaveData":[{"starRating":3,"unlocked":true},{"starRating":3,"chunks":[["1"],["20$$funny","7$$cool"],["12$$having fun","17$$like singing","8$$like wining "],["0"]],"unlocked":true},{"starRating":3,"chunks":[["0"],["5$$love makeup","6$$playing musci"],["8$$love drawing","9$$luv to swim"]],"unlocked":true},{"starRating":3,"chunks":[["11"],["4$$dog"],["6"],["0"],["3","4"],["8"]],"unlocked":true},{"starRating":0,"chunks":[[null],[null],[null,null],[null],[null],[null]],"unlocked":false},{"starRating":0,"chunks":[[null],[null,null,null,null],[null],[null]],"unlocked":false},{"starRating":3,"chunks":[["3"],["3"],["18$$dad","11$$mom"],["1","1"],["1$$husband 1 kid"]],"unlocked":true},{"starRating":3,"chunks":[["1","5","2"],["6","7","4"],["0"],["3$$eat fruit"],["4$$eating healthy"]],"unlocked":true},{"starRating":0,"chunks":[[null,null,null],[null,null,null],[null,null]],"unlocked":false},{"starRating":0,"chunks":[[null],[null],[null],[null],[null],[null]],"unlocked":false}],"visualAvatar":0,"id":0,"skillPoints":18}}
