6607011,0,3:57:23,3/26/2014 4:10:24pm
6607011,100,3:57:48,2
6607011,102,3:58:16,2
6607011,200,3:58:16,2,8,9,8,3,9
6607011,210,3:58:39,885,389
6607011,211,3:58:39,885,389
6607011,210,3:58:39,648,451
6607011,211,3:58:39,917,437
6607011,210,3:58:40,376,505
6607011,207,3:58:41,2,-200,0
6607011,211,3:58:43,170,421
6607011,213,3:58:43,2,s_stairs_G8a0,true
6607011,210,3:58:48,117,554
6607011,211,3:58:50,396,158
6607011,210,3:58:50,352,277
6607011,211,3:58:53,504,580
6607011,213,3:58:53,2,s_bottleCrush2_F_G8a0,true
6607011,205,3:58:53,2,s_bottleCrush2_F_G8a0,false,true
6607011,210,3:58:58,559,541
6607011,211,3:58:59,524,395
6607011,213,3:58:59,2,c_friend1_F_G8a0,true
6607011,210,3:59:1,361,427
6607011,211,3:59:3,637,363
6607011,213,3:59:3,2,s_beerSixpack_G8a0,true
6607011,210,3:59:6,693,423
6607011,207,3:59:10,2,0,-90
6607011,211,3:59:12,1142,134
6607011,207,3:59:12,2,-90,-135
6607011,210,3:59:13,1226,210
6607011,207,3:59:14,2,-135,-492
6607011,211,3:59:15,1089,333
6607011,213,3:59:15,2,c_crewKid1_F_a_G8a0,true
6607011,210,3:59:22,1086,492
6607011,211,3:59:33,1512,292
6607011,210,3:59:33,1473,332
6607011,211,3:59:33,1473,332
6607011,210,3:59:34,1448,376
6607011,211,3:59:35,1403,573
6607011,210,3:59:36,1209,423
6607011,211,3:59:37,1068,581
6607011,212,3:59:38,1
6607011,210,3:59:38,1384,583
6607011,211,3:59:47,1373,479
6607011,210,3:59:47,1438,463
6607011,211,3:59:53,888,500
6607011,213,3:59:53,2,s_cellphone_G8a0,true
6607011,205,3:59:53,2,s_cellphone_G8a0,false,true
6607011,210,3:59:57,976,514
6607011,211,3:59:59,791,499
6607011,213,3:59:59,2,s_bottleTable_G8a0,true
6607011,210,4:0:4,950,529
6607011,207,4:0:6,2,-492,0
6607011,211,4:0:8,221,371
6607011,213,4:0:8,2,s_stairs_G8a0,true
6607011,210,4:0:11,349,302
6607011,211,4:0:11,391,131
6607011,213,4:0:11,2,s_clock_G8a0,true
6607011,205,4:0:11,2,s_clock_G8a0,false,true
6607011,212,4:0:16,0
6607011,212,4:0:17,1
6607011,212,4:0:17,2
6607011,221,4:0:18,2
6607011,220,4:0:20,2
6607011,212,4:0:21,1
6607011,210,4:0:21,716,539
6607011,211,4:0:29,658,345
6607011,213,4:0:29,2,s_beerSixpack_G8a0,true
6607011,210,4:0:31,617,369
6607011,211,4:0:33,593,637
6607011,212,4:0:36,2
6607011,210,4:0:37,976,570
6607011,207,4:0:38,2,-200,0
6607011,211,4:0:45,275,659
6607011,213,4:0:45,2,s_waterHeater_gen,true
6607011,210,4:0:48,374,558
6607011,211,4:0:49,416,566
6607011,213,4:0:49,2,s_dryer_G8a1N,true
6607011,210,4:0:51,329,542
6607011,211,4:0:54,591,379
6607011,213,4:0:54,2,c_crush2_F_a_G8a1N,true
6607011,210,4:0:56,376,350
6607011,207,4:0:59,2,0,-135
6607011,207,4:1:1,2,-135,-492
6607011,211,4:1:3,1373,501
6607011,210,4:1:4,1375,488
6607011,211,4:1:5,1352,498
6607011,213,4:1:5,2,s_inhalantsShelf_gen,true
6607011,210,4:1:7,1074,546
6607011,211,4:1:13,1207,589
6607011,212,4:1:15,1
6607011,210,4:1:16,1442,518
6607011,207,4:1:22,2,-492,0
6607011,211,4:1:25,466,140
6607011,213,4:1:25,2,s_basementDoor_gen,true
6607011,205,4:1:25,2,s_basementDoor_gen,false,true
6607011,210,4:1:28,398,391
6607011,211,4:1:30,576,609
6607011,213,4:1:30,2,s_dirtyClothes_gen,true
6607011,205,4:1:31,2,s_dirtyClothes_gen,false,true
6607011,212,4:1:34,0
6607011,210,4:1:37,806,512
6607011,211,4:1:37,738,542
6607011,213,4:1:37,2,s_crush2Lips_F_G8a1N,true
6607011,205,4:1:37,2,s_crush2Lips_F_G8a1N,false,true
6607011,210,4:1:42,374,538
6607011,207,4:1:45,2,0,-492
6607011,211,4:1:50,1126,575
6607011,221,4:1:52,2
6607011,220,4:1:55,2
6607011,210,4:1:59,742,495
6607011,211,4:2:0,895,447
6607011,213,4:2:0,2,c_nurse_a_G8a3N,true
6607011,205,4:2:0,2,c_nurse_a_G8a3N,false,false
6607011,210,4:2:10,945,525
6607011,211,4:2:11,1298,301
6607011,207,4:2:11,2,-200,-290
6607011,210,4:2:12,1369,238
6607011,207,4:2:12,2,-290,-492
6607011,211,4:2:16,1147,500
6607011,213,4:2:16,2,s_phone_G8a3N,true
6607011,210,4:2:19,1100,471
6607011,207,4:2:25,2,-492,0
6607011,211,4:2:27,179,566
6607011,213,4:2:27,2,s_pamphlet1_G8a3N,true
6607011,205,4:2:27,2,s_pamphlet1_G8a3N,false,false
6607011,210,4:2:39,277,523
6607011,211,4:2:43,252,277
6607011,213,4:2:43,2,s_door_G8a3N,true
6607011,210,4:2:44,513,380
6607011,211,4:2:45,363,233
6607011,210,4:2:46,377,245
6607011,211,4:2:48,449,204
6607011,213,4:2:48,2,s_pamphlet2_G8a3N,true
6607011,210,4:3:0,442,238
6607011,211,4:3:2,531,194
6607011,213,4:3:2,2,s_pamphlet3_G8a3N,true
6607011,205,4:3:2,2,s_pamphlet3_G8a3N,false,false
6607011,210,4:3:15,521,326
6607011,211,4:3:19,585,256
6607011,221,4:3:22,2
6607011,220,4:3:23,2
6607011,210,4:3:27,1068,472
6607011,211,4:3:29,629,619
6607011,213,4:3:29,2,c_nurse_a_G8a3N,true
6607011,205,4:3:29,2,c_nurse_a_G8a3N,false,true
6607011,210,4:3:32,787,264
6607011,207,4:3:36,2,-200,-492
6607011,211,4:3:37,1514,402
6607011,210,4:3:37,1514,411
6607011,211,4:3:43,1514,508
6607011,210,4:3:43,1511,564
6607011,211,4:3:44,1494,584
6607011,212,4:3:44,1
6607011,210,4:3:45,1494,567
6607011,211,4:3:48,918,198
6607011,221,4:3:57,2
6607011,300,4:3:59
6607011,220,4:3:59,2
6607011,301,4:4:1,2
6607011,302,4:4:12,2,2,0,13
6607011,302,4:4:14,2,2,0,10
6607011,302,4:4:19,2,2,0,2
6607011,302,4:4:25,2,2,0,9
6607011,302,4:4:27,2,2,0,2
6607011,304,4:4:30,2,2,0,-1,,2,
6607011,302,4:4:39,2,3,0,0
6607011,304,4:4:40,2,3,0,-1,,0,
6607011,302,4:4:49,2,5,0,7
6607011,302,4:4:50,2,5,0,8
6607011,302,4:5:8,2,5,0,5
6607011,306,4:5:11,2,0,1
6607011,304,4:5:11,2,5,0,-1,,5,
6607011,302,4:5:17,2,4,0,5
6607011,304,4:5:23,2,4,0,-1,,5,
6607011,302,4:5:29,2,4,1,1
6607011,306,4:5:34,2,1,2
6607011,304,4:5:34,2,4,1,-1,,1,
6607011,302,4:5:38,2,0,0,11
6607011,302,4:5:49,2,0,0,4
6607011,302,4:6:0,2,0,0,5
6607011,302,4:6:1,2,0,0,4
6607011,304,4:6:5,2,0,0,-1,,4,
6607011,304,4:6:9,2,4,0,5,,5,
6607011,304,4:6:10,2,4,1,1,,1,
6607011,304,4:6:11,2,5,0,5,,5,
6607011,305,4:6:18,2,0,0,4,
6607011,302,4:6:21,2,1,0,10
6607011,302,4:6:25,2,1,0,5
6607011,302,4:6:27,2,1,0,11
6607011,302,4:6:28,2,1,0,10
6607011,306,4:6:29,2,2,3
6607011,304,4:6:29,2,1,0,-1,,10,
6607011,302,4:6:40,2,5,0,8
6607011,304,4:6:42,2,5,0,5,,8,
6607011,221,4:6:52,2
6607011,220,4:6:54,2
6607011,1003,4:6:54,3
6607011,1004,4:6:55,1
6607011,500,4:7:6,1,[]
6607011,501,4:7:9,1,[]
6607011,502,4:7:20,1,[IntentionData_logId:3,true]
6607011,503,4:7:21,1,[]
6607011,504,4:7:24,1,[InfluenceData_logId:2]
6607011,504,4:7:26,1,[InfluenceData_logId:1]
6607011,504,4:7:30,1,[InfluenceData_logId:0]
6607011,504,4:7:33,1,[InfluenceData_logId:3]
6607011,504,4:7:34,1,[InfluenceData_logId:4]
6607011,504,4:7:38,1,[InfluenceData_logId:3]
6607011,504,4:7:42,1,[InfluenceData_logId:5]
6607011,504,4:7:45,1,[InfluenceData_logId:6]
6607011,504,4:7:49,1,[InfluenceData_logId:8]
6607011,504,4:7:52,1,[InfluenceData_logId:7]
6607011,504,4:7:58,1,[InfluenceData_logId:6]
6607011,505,4:8:0,1,[InfluenceData_logId:0,true,InfluenceData_logId:5,true,InfluenceData_logId:6,true]
6607011,506,4:8:2,1,[]
6607011,507,4:8:21,1,[OpponentAttackData_logId:0,OpponentAttackTypeData_logId:2,true,0]
6607011,508,4:8:24,1,[]
6607011,509,4:8:36,1,[RefusalData_logId:0,0]
6607011,510,4:8:39,1,[AvailableRefusalData_logId:0,0C]
6607011,510,4:8:41,1,[AvailableRefusalData_logId:0,1A]
6607011,510,4:8:42,1,[AvailableRefusalData_logId:0,2A]
6607011,511,4:9:12,1,[AvailableRefusalData_logId:0,0C,1A,2A,false,0]
6607011,512,4:9:16,1,[]
6607011,513,4:9:16,1,[30]
6607011,514,4:9:19,1,[]
6607011,507,4:9:31,1,[OpponentAttackData_logId:1,OpponentAttackTypeData_logId:1,true,0]
6607011,508,4:9:34,1,[]
6607011,509,4:9:46,1,[RefusalData_logId:5,0]
6607011,510,4:9:54,1,[AvailableRefusalData_logId:5,0B]
6607011,510,4:9:55,1,[AvailableRefusalData_logId:5,1B]
6607011,510,4:9:58,1,[AvailableRefusalData_logId:5,2B]
6607011,510,4:9:59,1,[AvailableRefusalData_logId:5,2C]
6607011,510,4:10:0,1,[AvailableRefusalData_logId:5,2B]
6607011,510,4:10:2,1,[AvailableRefusalData_logId:5,0A]
6607011,510,4:10:3,1,[AvailableRefusalData_logId:5,1A]
6607011,510,4:10:3,1,[AvailableRefusalData_logId:5,2A]
6607011,511,4:10:8,1,[AvailableRefusalData_logId:5,0A,1A,2A,true,20]
6607011,512,4:10:11,1,[]
6607011,513,4:10:11,1,[30]
6607011,514,4:10:14,1,[]
6607011,507,4:10:34,1,[OpponentAttackData_logId:3,OpponentAttackTypeData_logId:4,true,0]
6607011,508,4:10:37,1,[]
6607011,509,4:10:45,1,[RefusalData_logId:7,2]
6607011,510,4:10:51,1,[AvailableRefusalData_logId:7,0B]
6607011,510,4:10:55,1,[AvailableRefusalData_logId:7,1C]
6607011,510,4:10:57,1,[AvailableRefusalData_logId:7,0A]
6607011,510,4:11:0,1,[AvailableRefusalData_logId:7,1A]
6607011,510,4:11:2,1,[AvailableRefusalData_logId:7,2A]
6607011,511,4:11:15,1,[AvailableRefusalData_logId:7,0A,1A,2A,true,50]
6607011,512,4:11:18,1,[]
6607011,513,4:11:18,1,[0]
6607011,514,4:11:23,1,[]
6607011,507,4:11:36,1,[OpponentAttackData_logId:2,OpponentAttackTypeData_logId:0,false,30]
6607011,508,4:11:41,1,[]
6607011,509,4:11:47,1,[RefusalData_logId:4,2]
6607011,510,4:12:5,1,[AvailableRefusalData_logId:4,0A]
6607011,510,4:12:8,1,[AvailableRefusalData_logId:4,1B]
6607011,510,4:12:8,1,[AvailableRefusalData_logId:4,2B]
6607011,510,4:12:9,1,[AvailableRefusalData_logId:4,0C]
6607011,510,4:12:19,1,[AvailableRefusalData_logId:4,1A]
6607011,510,4:12:20,1,[AvailableRefusalData_logId:4,2A]
6607011,510,4:12:23,1,[AvailableRefusalData_logId:4,0A]
6607011,511,4:12:25,1,[AvailableRefusalData_logId:4,0A,1A,2A,true,50]
6607011,512,4:12:28,1,[]
6607011,515,4:12:28,1,[60,0]
6607011,516,4:12:31,1,[]
6607011,517,4:12:39,1,[]
6607011,1005,4:12:39,1,[3,0,2]
6607011,1000,4:12:41,1,[]
6607011,500,4:12:42,1,[]
6607011,501,4:12:43,1,[]
6607011,502,4:12:50,1,[IntentionData_logId:3,true]
6607011,503,4:12:51,1,[]
6607011,504,4:12:54,1,[InfluenceData_logId:1]
6607011,504,4:12:55,1,[InfluenceData_logId:0]
6607011,504,4:12:58,1,[InfluenceData_logId:5]
6607011,504,4:13:0,1,[InfluenceData_logId:6]
6607011,505,4:13:2,1,[InfluenceData_logId:0,true,InfluenceData_logId:5,true,InfluenceData_logId:6,true]
6607011,506,4:13:4,1,[]
6607011,507,4:13:10,1,[OpponentAttackData_logId:2,OpponentAttackTypeData_logId:3,true,0]
6607011,508,4:13:12,1,[]
6607011,509,4:13:25,1,[RefusalData_logId:5,0]
6607011,510,4:13:29,1,[AvailableRefusalData_logId:5,0B]
6607011,510,4:13:29,1,[AvailableRefusalData_logId:5,1B]
6607011,510,4:13:30,1,[AvailableRefusalData_logId:5,2B]
6607011,510,4:13:33,1,[AvailableRefusalData_logId:5,0A]
6607011,510,4:13:33,1,[AvailableRefusalData_logId:5,1A]
6607011,510,4:13:34,1,[AvailableRefusalData_logId:5,2A]
6607011,511,4:13:38,1,[AvailableRefusalData_logId:5,0A,1A,2A,true,20]
6607011,512,4:13:41,1,[]
6607011,513,4:13:41,1,[30]
6607011,514,4:13:43,1,[]
6607011,507,4:13:49,1,[OpponentAttackData_logId:0,OpponentAttackTypeData_logId:2,true,0]
6607011,508,4:13:51,1,[]
6607011,509,4:13:57,1,[RefusalData_logId:4,2]
6607011,510,4:14:2,1,[AvailableRefusalData_logId:4,0A]
6607011,510,4:14:3,1,[AvailableRefusalData_logId:4,1A]
6607011,510,4:14:3,1,[AvailableRefusalData_logId:4,2A]
6607011,511,4:14:4,1,[AvailableRefusalData_logId:4,0A,1A,2A,true,50]
6607011,512,4:14:8,1,[]
6607011,513,4:14:8,1,[0]
6607011,514,4:14:12,1,[]
6607011,507,4:14:19,1,[OpponentAttackData_logId:3,OpponentAttackTypeData_logId:4,true,0]
6607011,508,4:14:21,1,[]
6607011,509,4:14:25,1,[RefusalData_logId:0,0]
6607011,510,4:14:27,1,[AvailableRefusalData_logId:0,0A]
6607011,510,4:14:28,1,[AvailableRefusalData_logId:0,1A]
6607011,510,4:14:29,1,[AvailableRefusalData_logId:0,2A]
6607011,511,4:14:32,1,[AvailableRefusalData_logId:0,0A,1A,2A,true,20]
6607011,512,4:14:35,1,[]
6607011,513,4:14:35,1,[30]
6607011,514,4:14:38,1,[]
6607011,507,4:14:46,1,[OpponentAttackData_logId:1,OpponentAttackTypeData_logId:1,true,0]
6607011,508,4:14:48,1,[]
6607011,509,4:14:54,1,[RefusalData_logId:7,2]
6607011,510,4:14:57,1,[AvailableRefusalData_logId:7,0A]
6607011,510,4:14:58,1,[AvailableRefusalData_logId:7,1A]
6607011,510,4:14:59,1,[AvailableRefusalData_logId:7,2A]
6607011,511,4:15:11,1,[AvailableRefusalData_logId:7,0A,1A,2A,true,50]
6607011,512,4:15:14,1,[]
6607011,515,4:15:14,1,[90,0]
6607011,516,4:15:16,1,[]
6607011,517,4:15:18,1,[]
6607011,1000,4:15:19,1,[]
6607011,500,4:15:20,1,[]
6607011,501,4:15:21,1,[]
6607011,502,4:15:30,1,[IntentionData_logId:3,true]
6607011,503,4:15:31,1,[]
6607011,504,4:15:34,1,[InfluenceData_logId:0]
6607011,504,4:15:35,1,[InfluenceData_logId:5]
6607011,504,4:15:38,1,[InfluenceData_logId:6]
6607011,505,4:15:39,1,[InfluenceData_logId:0,true,InfluenceData_logId:5,true,InfluenceData_logId:6,true]
6607011,506,4:15:42,1,[]
6607011,507,4:15:49,1,[OpponentAttackData_logId:1,OpponentAttackTypeData_logId:1,true,0]
6607011,508,4:15:51,1,[]
6607011,509,4:15:59,1,[RefusalData_logId:5,0]
6607011,510,4:16:1,1,[AvailableRefusalData_logId:5,0A]
6607011,510,4:16:1,1,[AvailableRefusalData_logId:5,1A]
6607011,510,4:16:2,1,[AvailableRefusalData_logId:5,2B]
6607011,510,4:16:2,1,[AvailableRefusalData_logId:5,2A]
6607011,510,4:16:4,1,[AvailableRefusalData_logId:5,0C]
6607011,510,4:16:6,1,[AvailableRefusalData_logId:5,1C]
6607011,510,4:16:8,1,[AvailableRefusalData_logId:5,2B]
6607011,510,4:16:9,1,[AvailableRefusalData_logId:5,2C]
6607011,510,4:16:10,1,[AvailableRefusalData_logId:5,0A]
6607011,510,4:16:11,1,[AvailableRefusalData_logId:5,0B]
6607011,510,4:16:12,1,[AvailableRefusalData_logId:5,1B]
6607011,510,4:16:12,1,[AvailableRefusalData_logId:5,2B]
6607011,511,4:16:13,1,[AvailableRefusalData_logId:5,0B,1B,2B,false,0]
6607011,512,4:16:17,1,[]
6607011,513,4:16:17,1,[30]
6607011,514,4:16:19,1,[]
6607011,507,4:16:24,1,[OpponentAttackData_logId:2,OpponentAttackTypeData_logId:3,true,0]
6607011,508,4:16:26,1,[]
6607011,509,4:16:34,1,[RefusalData_logId:7,2]
6607011,510,4:16:36,1,[AvailableRefusalData_logId:7,0B]
6607011,510,4:16:37,1,[AvailableRefusalData_logId:7,0A]
6607011,510,4:16:39,1,[AvailableRefusalData_logId:7,1C]
6607011,510,4:16:39,1,[AvailableRefusalData_logId:7,1A]
6607011,510,4:16:40,1,[AvailableRefusalData_logId:7,2A]
6607011,511,4:16:41,1,[AvailableRefusalData_logId:7,0A,1A,2A,true,50]
6607011,512,4:16:44,1,[]
6607011,513,4:16:44,1,[0]
6607011,514,4:16:47,1,[]
6607011,507,4:16:52,1,[OpponentAttackData_logId:3,OpponentAttackTypeData_logId:4,true,0]
6607011,508,4:16:54,1,[]
6607011,509,4:17:0,1,[RefusalData_logId:4,2]
6607011,510,4:17:1,1,[AvailableRefusalData_logId:4,0A]
6607011,510,4:17:2,1,[AvailableRefusalData_logId:4,1A]
6607011,510,4:17:2,1,[AvailableRefusalData_logId:4,2A]
6607011,511,4:17:4,1,[AvailableRefusalData_logId:4,0A,1A,2A,true,50]
6607011,512,4:17:7,1,[]
6607011,515,4:17:7,1,[120,0]
6607011,516,4:17:8,1,[]
6607011,517,4:17:9,1,[]
6607011,1005,4:17:9,1,[3,2,3]
6607011,1001,4:17:11,1,[]
6607011,1003,4:17:11,3
6607011,1004,4:17:12,4
6607011,500,4:17:23,4,[]
6607011,501,4:17:25,4,[]
6607011,502,4:17:38,4,[IntentionData_logId:1,true]
6607011,503,4:17:39,4,[]
6607011,504,4:17:42,4,[InfluenceData_logId:1]
6607011,504,4:17:45,4,[InfluenceData_logId:2]
6607011,504,4:17:51,4,[InfluenceData_logId:0]
6607011,504,4:17:53,4,[InfluenceData_logId:1]
6607011,504,4:17:56,4,[InfluenceData_logId:4]
6607011,504,4:17:59,4,[InfluenceData_logId:5]
6607011,504,4:18:0,4,[InfluenceData_logId:3]
6607011,504,4:18:2,4,[InfluenceData_logId:4]
6607011,504,4:18:5,4,[InfluenceData_logId:1]
6607011,504,4:18:9,4,[InfluenceData_logId:6]
6607011,504,4:18:11,4,[InfluenceData_logId:7]
6607011,504,4:18:16,4,[InfluenceData_logId:8]
6607011,504,4:18:21,4,[InfluenceData_logId:6]
6607011,504,4:18:22,4,[InfluenceData_logId:7]
6607011,504,4:18:24,4,[InfluenceData_logId:2]
6607011,504,4:18:25,4,[InfluenceData_logId:0]
6607011,504,4:18:26,4,[InfluenceData_logId:1]
6607011,505,4:18:28,4,[InfluenceData_logId:1,false,InfluenceData_logId:4,true,InfluenceData_logId:7,true]
6607011,506,4:18:30,4,[]
6607011,507,4:18:43,4,[OpponentAttackData_logId:3,OpponentAttackTypeData_logId:3,true,0]
6607011,508,4:18:45,4,[]
6607011,509,4:19:5,4,[RefusalData_logId:6,2]
6607011,510,4:19:6,4,[AvailableRefusalData_logId:6,0A]
6607011,510,4:19:8,4,[AvailableRefusalData_logId:6,1A]
6607011,510,4:19:10,4,[AvailableRefusalData_logId:6,2A]
6607011,510,4:19:11,4,[AvailableRefusalData_logId:6,0B]
6607011,510,4:19:11,4,[AvailableRefusalData_logId:6,1C]
6607011,510,4:19:14,4,[AvailableRefusalData_logId:6,0C]
6607011,510,4:19:15,4,[AvailableRefusalData_logId:6,1B]
6607011,510,4:19:19,4,[AvailableRefusalData_logId:6,1A]
6607011,510,4:19:20,4,[AvailableRefusalData_logId:6,0A]
6607011,511,4:19:28,4,[AvailableRefusalData_logId:6,0A,1A,2A,true,50]
6607011,512,4:19:31,4,[]
6607011,513,4:19:31,4,[0]
6607011,514,4:19:33,4,[]
6607011,507,4:19:39,4,[OpponentAttackData_logId:0,OpponentAttackTypeData_logId:1,true,0]
6607011,508,4:19:42,4,[]
6607011,509,4:19:48,4,[RefusalData_logId:4,2]
6607011,510,4:19:51,4,[AvailableRefusalData_logId:4,1B]
6607011,510,4:19:51,4,[AvailableRefusalData_logId:4,0B]
6607011,510,4:19:52,4,[AvailableRefusalData_logId:4,2B]
6607011,510,4:20:3,4,[AvailableRefusalData_logId:4,0A]
6607011,510,4:20:4,4,[AvailableRefusalData_logId:4,1A]
6607011,510,4:20:4,4,[AvailableRefusalData_logId:4,2A]
6607011,511,4:20:5,4,[AvailableRefusalData_logId:4,0A,1A,2A,true,50]
6607011,512,4:20:7,4,[]
6607011,515,4:20:7,4,[140,0]
6607011,516,4:20:8,4,[]
6607011,517,4:20:10,4,[]
6607011,1005,4:20:10,4,[3,0,3]
6607011,1001,4:20:11,4,[]
6607011,1003,4:20:11,3
6607011,221,4:20:16,2
6607011,220,4:20:18,2
6607011,210,4:20:20,1024,409
6607011,211,4:20:21,889,565
6607011,213,4:20:21,2,s_stairs_G8a1N,true
6607011,221,4:20:25,2
6607011,220,4:20:29,2
6607011,210,4:20:29,570,588
6607011,211,4:20:30,1005,593
6607011,221,4:20:31,2
6607011,220,4:20:35,2
6607011,210,4:20:35,645,547
6607011,211,4:20:36,67,492
6607011,207,4:20:36,2,-200,-50
6607011,212,4:20:37,0
6607011,210,4:20:38,159,562
6607011,207,4:20:38,2,-50,0
6607011,211,4:20:45,284,664
6607011,213,4:20:45,2,s_beerCooler_G8a0,true
6607011,210,4:20:49,362,538
6607011,211,4:20:55,631,270
6607011,210,4:20:55,618,240
6607011,211,4:20:59,488,555
6607011,213,4:20:59,2,c_crush2_F_a_G8a0,true
6607011,205,4:20:59,2,c_crush2_F_a_G8a0,false,true
6607011,210,4:21:2,377,612
6607011,211,4:21:3,340,613
6607011,213,4:21:3,2,s_beerCooler_G8a0,true
6607011,210,4:21:6,630,536
6607011,211,4:21:11,785,627
6607011,213,4:21:11,2,s_bottleFloor_G8a0,true
6607011,210,4:21:15,876,580
6607011,207,4:21:19,2,0,-75
6607011,211,4:21:20,905,396
6607011,213,4:21:20,2,c_cousin_F_a_G8a0,true
6607011,205,4:21:20,2,c_cousin_F_a_G8a0,false,true
6607011,210,4:21:23,580,484
6607011,207,4:21:24,2,-75,0
6607011,211,4:21:28,718,501
6607011,221,4:21:29,2
6607011,220,4:21:31,2
6607011,212,4:21:32,1
6607011,210,4:21:32,687,580
6607011,211,4:21:36,389,187
6607011,213,4:21:36,2,s_clock_G8a0,true
6607011,205,4:21:36,2,s_clock_G8a0,false,true
6607011,210,4:21:39,389,229
6607011,211,4:21:47,782,505
6607011,213,4:21:47,2,s_bottleTable_G8a0,true
6607011,210,4:21:52,656,501
6607011,211,4:21:57,882,499
6607011,213,4:21:57,2,s_cellphone_G8a0,true
6607011,205,4:21:57,2,s_cellphone_G8a0,false,true
6607011,210,4:22:0,886,559
6607011,207,4:22:7,2,0,-492
6607011,211,4:22:21,896,499
6607011,213,4:22:21,2,s_cellphone_G8a0,true
6607011,205,4:22:21,2,s_cellphone_G8a0,false,true
6607011,212,4:22:24,0
6607011,210,4:22:25,1377,505
6607011,211,4:22:26,1386,547
6607011,213,4:22:26,2,s_cigaretteKid1_G8a0,true
6607011,210,4:22:29,1190,511
6607011,211,4:22:36,1476,141
6607011,210,4:22:36,1496,151
6607011,211,4:22:37,1441,355
6607011,210,4:22:37,1360,332
6607011,211,4:22:38,1231,425
6607011,210,4:22:39,1214,483
6607011,211,4:22:41,1392,522
6607011,213,4:22:41,2,s_cigaretteKid1_G8a0,true
6607011,212,4:22:48,1
6607011,210,4:22:49,376,507
6607011,207,4:22:50,2,-200,0
6607011,211,4:22:57,541,627
6607011,213,4:22:57,2,s_dirtyClothes_gen,true
6607011,205,4:22:57,2,s_dirtyClothes_gen,false,true
6607011,210,4:23:1,523,559
6607011,211,4:23:4,445,157
6607011,213,4:23:4,2,s_basementDoor_gen,true
6607011,205,4:23:4,2,s_basementDoor_gen,false,true
6607011,210,4:23:8,380,321
6607011,211,4:23:12,717,514
6607011,213,4:23:12,2,c_crush2_F_a_G8a1N,true
6607011,210,4:23:13,746,483
6607011,207,4:23:19,2,0,-105
6607011,207,4:23:22,2,-105,-492
6607011,207,4:23:35,2,-492,-462
6607011,211,4:23:42,1359,592
6607011,212,4:23:42,0
6607011,207,4:23:43,2,-462,-492
6607011,210,4:23:43,1496,549
6607011,211,4:23:44,1512,622
6607011,210,4:23:45,1506,608
6607011,211,4:23:45,1507,622
6607011,212,4:23:46,1
6607011,210,4:23:47,1512,578
6607011,211,4:23:51,1369,322
6607011,212,4:23:51,0
6607011,210,4:23:52,1364,524
6607011,211,4:23:59,716,520
6607011,213,4:23:59,2,s_crush2Sore_F_G8a1N,true
6607011,205,4:23:59,2,s_crush2Sore_F_G8a1N,false,false
6607011,210,4:24:4,835,563
6607011,211,4:24:4,763,556
6607011,213,4:24:4,2,s_crush2Lips_F_G8a1N,true
6607011,205,4:24:4,2,s_crush2Lips_F_G8a1N,false,true
6607011,213,4:24:7,2,s_stairs_G8a1N,true
6607011,212,4:24:11,1
6607011,221,4:24:12,2
6607011,220,4:24:15,2
6607011,0,4:23:59,3/26/2014 4:37:57pm
6607011,100,4:24:2,2
6607011,101,4:24:4,2
6607011,100,4:24:5,4
6607011,102,4:24:6,4
6607011,200,4:24:6,4,8,9,8,9,12
6607011,210,4:24:8,809,512
6607011,207,4:24:10,4,-200,0
6607011,211,4:24:10,3,612
6607011,204,4:24:13,4
6607011,100,4:24:14,2
6607011,102,4:24:15,2
6607011,200,4:24:15,2,8,9,8,9,12
6607011,221,4:24:23,2
6607011,220,4:24:24,2
6607011,221,4:24:25,2
6607011,220,4:24:29,2
6607011,212,4:24:30,0
6607011,210,4:24:31,242,530
6607011,207,4:24:32,2,-200,0
6607011,211,4:24:34,209,693
6607011,213,4:24:34,2,s_waterHeater_gen,true
6607011,210,4:24:37,167,588
6607011,211,4:24:54,633,419
6607011,213,4:24:54,2,s_crush2Eyes_F_G8a1N,true
6607011,205,4:24:54,2,s_crush2Eyes_F_G8a1N,false,false
6607011,210,4:25:2,639,369
6607011,211,4:25:3,649,419
6607011,213,4:25:3,2,s_crush2Eyes_F_G8a1N,true
6607011,205,4:25:3,2,s_crush2Eyes_F_G8a1N,false,true
6607011,221,4:25:7,2
6607011,220,4:25:9,2
6607011,219,4:25:9,2
6607011,216,4:25:11,Stack_G8a3P
6607011,217,4:25:27,Stack_G8a3P,15,0.50
6607011,218,4:25:31,2
6607011,210,4:25:32,808,372
6607011,207,4:25:34,2,-200,0
6607011,211,4:25:35,2,596
6607011,210,4:25:36,43,618
6607011,211,4:25:37,38,630
6607011,212,4:25:37,2
6607011,210,4:25:38,69,587
6607011,211,4:25:41,191,245
6607011,213,4:25:41,2,c_crewKid1_F_a_G8a3P,true
6607011,210,4:25:48,205,383
6607011,211,4:25:52,528,476
6607011,213,4:25:52,2,c_friend1_F_a_G8a3P,true
6607011,210,4:25:58,485,504
6607011,207,4:26:3,2,0,-492
6607011,211,4:26:8,1355,408
6607011,213,4:26:8,2,s_kidStanding_G8a3P,true
6607011,210,4:26:15,1352,479
6607011,211,4:26:18,1514,241
6607011,210,4:26:19,1497,462
6607011,211,4:26:19,1492,477
6607011,210,4:26:19,1321,353
6607011,211,4:26:20,1129,495
6607011,210,4:26:21,1170,513
6607011,211,4:26:22,1515,221
6607011,210,4:26:23,1507,554
6607011,211,4:26:24,1487,593
6607011,212,4:26:24,1
6607011,210,4:26:25,1486,515
6607011,211,4:26:31,820,428
6607011,213,4:26:31,2,s_kidsCouch_G8a3P,true
6607011,205,4:26:31,2,s_kidsCouch_G8a3P,false,false
6607011,210,4:26:39,870,563
6607011,211,4:26:44,918,292
6607011,213,4:26:44,2,s_window_G8a3P,true
6607011,210,4:26:52,912,371
6607011,207,4:26:54,2,-492,0
6607011,211,4:26:56,761,343
6607011,213,4:26:56,2,s_kidsCouch_G8a3P,true
6607011,205,4:26:56,2,s_kidsCouch_G8a3P,false,true
6607011,210,4:27:0,486,430
6607011,211,4:27:1,49,350
6607011,213,4:27:1,2,c_cousin_F_a_G8a3P,true
6607011,210,4:27:6,314,568
6607011,211,4:27:12,2,360
6607011,210,4:27:12,121,337
6607011,211,4:27:14,669,588
6607011,212,4:27:15,0
6607011,210,4:27:16,232,311
6607011,211,4:27:18,317,382
6607011,212,4:27:19,1
6607011,212,4:27:22,0
6607011,210,4:27:24,192,216
6607011,207,4:27:35,2,0,-492
6607011,211,4:27:37,1116,423
6607011,213,4:27:37,2,c_crush2_F_a_G8a3P,true
6607011,205,4:27:37,2,c_crush2_F_a_G8a3P,false,false
6607011,210,4:27:44,1236,310
6607011,211,4:27:50,1326,489
6607011,221,4:28:4,2
6607011,220,4:28:6,2
6607011,219,4:28:6,2
6607011,216,4:28:7,Stack_G8a1P
6607011,217,4:28:18,Stack_G8a1P,9.8,7.5
6607011,218,4:28:20,2
6607011,210,4:28:21,771,483
6607011,207,4:28:23,2,-200,0
6607011,211,4:28:24,261,488
6607011,213,4:28:24,2,s_waterHeater_gen,true
6607011,210,4:28:27,233,585
6607011,211,4:28:34,1124,581
6607011,207,4:28:34,2,0,-120
6607011,210,4:28:35,1208,552
6607011,207,4:28:36,2,-120,-492
6607011,211,4:28:38,1175,448
6607011,213,4:28:38,2,s_spraypaintCrush2_F_G8a1P,true
6607011,210,4:28:45,799,320
6607011,207,4:28:47,2,-492,-357
6607011,207,4:28:48,2,-357,-492
6607011,211,4:28:51,1372,496
6607011,210,4:28:51,1363,509
6607011,211,4:28:52,1355,497
6607011,213,4:28:52,2,s_inhalantsShelf_gen,true
6607011,205,4:28:52,2,s_inhalantsShelf_gen,false,false
6607011,210,4:29:2,1340,438
6607011,211,4:29:2,1348,498
6607011,213,4:29:2,2,s_inhalantsShelf_gen,true
6607011,205,4:29:2,2,s_inhalantsShelf_gen,false,true
6607011,210,4:29:6,1285,534
6607011,211,4:29:11,1309,553
6607011,212,4:29:12,1
6607011,210,4:29:13,1486,537
6607011,211,4:29:21,593,623
6607011,213,4:29:21,2,s_dirtyClothes_gen,true
6607011,205,4:29:21,2,s_dirtyClothes_gen,false,false
6607011,210,4:29:25,1052,401
6607011,211,4:29:26,589,600
6607011,213,4:29:26,2,s_dirtyClothes_gen,true
6607011,205,4:29:26,2,s_dirtyClothes_gen,false,true
6607011,210,4:29:29,713,533
6607011,211,4:29:37,990,371
6607011,210,4:29:37,1110,252
6607011,207,4:29:43,2,-492,0
6607011,211,4:29:47,492,175
6607011,213,4:29:47,2,s_basementDoor_gen,true
6607011,205,4:29:47,2,s_basementDoor_gen,false,false
6607011,210,4:29:59,547,462
6607011,211,4:30:1,403,300
6607011,213,4:30:1,2,s_basementDoor_gen,true
6607011,205,4:30:1,2,s_basementDoor_gen,false,true
6607011,212,4:30:4,2
6607011,210,4:30:5,55,476
6607011,211,4:30:13,946,570
6607011,213,4:30:13,2,c_crush2_F_a_G8a1P,true
6607011,205,4:30:13,2,c_crush2_F_a_G8a1P,false,false
6607011,210,4:30:23,826,462
6607011,211,4:30:24,1128,433
6607011,207,4:30:24,2,0,-120
6607011,210,4:30:24,1191,429
6607011,207,4:30:25,2,-120,-492
6607011,211,4:30:32,1411,495
6607011,219,4:30:34,2
6607011,216,4:30:35,Stack_G8a2N
6607011,217,4:30:41,Stack_G8a2N,4.3,1.7
6607011,218,4:30:43,2
6607011,210,4:30:45,1077,385
6607011,207,4:30:48,2,-200,0
6607011,211,4:30:51,498,170
6607011,213,4:30:51,2,c_friend1_F_a_G8a2N,true
6607011,210,4:30:55,195,330
6607011,211,4:31:2,1112,132
6607011,207,4:31:2,2,0,-105
6607011,210,4:31:3,1201,150
6607011,207,4:31:4,2,-105,-492
6607011,211,4:31:20,627,515
6607011,212,4:31:20,1
6607011,210,4:31:21,1141,588
6607011,211,4:31:25,1109,574
6607011,210,4:31:26,1117,564
6607011,211,4:31:26,1114,578
6607011,213,4:31:26,2,c_crush2_F_a_G8a2N,true
6607011,205,4:31:26,2,c_crush2_F_a_G8a2N,false,false
6607011,210,4:31:35,988,561
6607011,207,4:31:40,2,-492,-42
6607011,207,4:31:40,2,-42,0
6607011,207,4:31:46,2,0,-180
6607011,211,4:31:47,829,593
6607011,212,4:31:47,2
6607011,210,4:31:48,947,480
6607011,211,4:31:49,1064,580
6607011,212,4:31:49,0
6607011,210,4:31:50,1073,394
6607011,211,4:31:50,1039,445
6607011,213,4:31:50,2,s_fumes_G8a2N,true
6607011,210,4:31:56,792,553
6607011,207,4:31:57,2,-180,0
6607011,211,4:32:6,1172,136
6607011,207,4:32:6,2,0,-165
6607011,210,4:32:8,1226,267
6607011,207,4:32:8,2,-165,-492
6607011,211,4:32:15,790,609
6607011,212,4:32:17,1
6607011,210,4:32:17,1466,482
6607011,211,4:32:18,960,607
6607011,221,4:32:21,2
6607011,220,4:32:24,2
6607011,212,4:32:27,0
6607011,221,4:32:32,2
6607011,220,4:32:33,2
6607011,210,4:32:36,1255,534
6607011,207,4:32:36,2,-200,-290
6607011,207,4:32:39,2,-290,0
6607011,207,4:32:43,2,0,-285
6607011,211,4:32:44,182,185
6607011,207,4:32:44,2,-285,-165
6607011,210,4:32:45,135,185
6607011,207,4:32:46,2,-165,0
6607011,211,4:32:55,445,541
6607011,210,4:32:56,111,217
6607011,207,4:33:3,2,0,-492
6607011,211,4:33:16,1051,397
6607011,213,4:33:16,2,s_fumes_G8a2N,true
6607011,210,4:33:19,1069,434
6607011,211,4:33:26,1211,534
6607011,213,4:33:26,2,s_spraypaintCan_G8a2N,true
6607011,205,4:33:26,2,s_spraypaintCan_G8a2N,false,false
6607011,210,4:33:34,1272,378
6607011,211,4:33:36,1336,569
6607011,221,4:33:38,2
6607011,220,4:33:39,2
6607011,219,4:33:40,2
6607011,216,4:33:40,Stack_G8a2P
6607011,217,4:33:55,Stack_G8a2P,13,0.33
6607011,218,4:33:57,2
6607011,210,4:33:59,1063,289
6607011,211,4:34:0,675,528
6607011,213,4:34:0,2,s_sistersToy_G8a2P,true
6607011,205,4:34:1,2,s_sistersToy_G8a2P,false,false
6607011,210,4:34:7,1171,547
6607011,211,4:34:9,657,76
6607011,204,4:34:10,2
6607011,103,4:34:12
6607011,105,4:34:12
6607011,703,4:34:15,[|| EpilogueItem ID: 0 unlocked: true ||,|| EpilogueItem ID: 1 unlocked: true ||,|| EpilogueItem ID: 2 unlocked: false ||,|| EpilogueItem ID: 3 unlocked: false ||,|| EpilogueItem ID: 4 unlocked: false ||,|| EpilogueItem ID: 5 unlocked: false ||,|| EpilogueItem ID: 6 unlocked: false ||,|| EpilogueItem ID: 7 unlocked: false ||,|| EpilogueItem ID: 8 unlocked: false ||,|| EpilogueItem ID: 9 unlocked: false ||,|| EpilogueItem ID: 10 unlocked: false ||,|| EpilogueItem ID: 11 unlocked: false ||,|| EpilogueItem ID: 12 unlocked: false ||,|| EpilogueItem ID: 13 unlocked: false ||,|| EpilogueItem ID: 14 unlocked: false ||,|| EpilogueItem ID: 15 unlocked: false ||,|| EpilogueItem ID: 16 unlocked: false ||,|| EpilogueItem ID: 17 unlocked: false ||,|| EpilogueItem ID: 18 unlocked: false ||,|| EpilogueItem ID: 19 unlocked: false ||,|| EpilogueItem ID: 20 unlocked: false ||,|| EpilogueItem ID: 21 unlocked: false ||,|| EpilogueItem ID: 22 unlocked: false ||,|| EpilogueItem ID: 23 unlocked: false ||,|| EpilogueItem ID: 24 unlocked: false ||],0.08
6607011,706,4:34:16,(x=907, y=-100, w=1024, h=768),(x=2531, y=-100, w=1024, h=768)
6607011,706,4:34:18,(x=888, y=-100, w=1024, h=768),(x=888, y=-100, w=1024, h=768)
6607011,706,4:34:24,(x=1233, y=-100, w=1024, h=768),(x=1266, y=-100, w=1024, h=768)
6607011,704,4:34:24,18
6607011,706,4:34:24,(x=1233, y=-100, w=1024, h=768),(x=1266, y=-100, w=1024, h=768)
6607011,705,4:34:28,18,true
6607011,706,4:34:31,(x=2531, y=-100, w=1024, h=768),(x=2531, y=-100, w=1024, h=768)
6607011,706,4:34:32,(x=2520, y=-100, w=1024, h=768),(x=2442, y=-100, w=1024, h=768)
6607011,706,4:34:33,(x=2531, y=-100, w=1024, h=768),(x=2531, y=-100, w=1024, h=768)
6607011,707,4:34:33,3,2
6607011,706,4:34:33,(x=2531, y=-100, w=1024, h=768),(x=2531, y=-100, w=1024, h=768)
6607011,708,4:34:33
6607011,1,4:34:33,3/26/2014 4:48:31pm,{"gameTime":16473912,"challengeStacks":[{"challengeScenes":[{"miniGameCards":[],"viewedAnimatic":true,"keyPoints":["c_bestFriend_F_a_G7a0","c_teacherEng_G7a0","s_flag_gen"],"unlocked":true,"touchableObjects":["c_bestFriend_F_a_G7a0","c_crewKid1_F_G7a0","s_otherStudent1_G7a0","c_friend1_F_a_G7a0","s_vocabAssignment_G7a0","s_angelouPoster_gen","s_shakespearePoster_gen","s_poePoster_gen","s_doorClassroom_G7a0","c_teacherEng_G7a0","s_atwoodPoster_gen","s_flag_gen","s_clock_G7a0"]},{"miniGameCards":[],"viewedAnimatic":true,"keyPoints":["c_teacherEng_G7a1N","c_bestFriend_F_a_G7a1N","s_paperPlayers_G7a1N"],"unlocked":true,"touchableObjects":["c_teacherEng_G7a1N","c_bestFriend_F_a_G7a1N","s_otherStudent2_G7a1N","s_otherStudent1_G7a1N","c_crewKid1_F_G7a1N","s_posterPlagiarism_gen","s_atwoodPoster_gen","s_angelouPoster_gen","s_shakespearePoster_gen","s_poePoster_gen","s_flag_gen","s_paperPlayers_G7a1N"]},{"miniGameCards":[],"viewedAnimatic":true,"keyPoints":["s_flag_gen","s_paperEnglish_gen","c_bestFriend_F_a_G7a1P","c_teacherEng_G7a1P"],"unlocked":true,"touchableObjects":["s_clock_G7a1P","s_paperPlayers_G7a1P","s_flag_gen","s_atwoodPoster_gen","s_angelouPoster_gen","s_shakespearePoster_gen","s_poePoster_gen","s_paperEnglish_gen","c_bestFriend_F_a_G7a1P","c_teacherEng_G7a1P"]}],"stackSize":3,"resolved":true},{"challengeScenes":[{"miniGameCards":[],"viewedAnimatic":true,"keyPoints":["c_kidSister_lati_a_G7b0","s_backpack_F_G7b0","c_crewKid1_F_G7b0"],"unlocked":true,"touchableObjects":["c_crewKid2_F_G7b0","s_snackBarWorker_G7b0","s_lifeguard_G7b0","c_cousinsBrother_a_G7b0","c_kidSister_lati_a_G7b0","s_backpack_F_G7b0","c_cousinsBrothersFriend_a_G7b0","c_cousinsBrothersFriendsGF_G7b0","c_cousin_F_a_G7b0","c_crewKid1_F_G7b0"]},{"miniGameCards":[],"viewedAnimatic":true,"keyPoints":["c_crewKid1_F_G7b1N","c_kidSister_lati_a_G7b1N","s_sprayPaintCan_G7b1N","s_brokenCarWindow_G7b1N","s_graffiti_G7b1N"],"unlocked":true,"touchableObjects":["c_policeOfficer_G7b1N","c_teacherEng_G7b1N","c_cousin_F_a_G7b1N","c_crewKid1_F_G7b1N","s_cat_G7b1N","c_crewKid2_F_a_G7b1N","c_kidSister_lati_a_G7b1N","s_flag_G7b1N","s_sprayPaintCan_G7b1N","s_brokenCarWindow_G7b1N","s_graffiti_G7b1N"]},{"miniGameCards":[],"viewedAnimatic":true,"keyPoints":["c_cousinsBrothersFriend_a_G7b1P","c_cousinsBrother_a_G7b1P","c_cousin_F_a_G7b1P","s_poolDay_ruleSign_G7b1P"],"unlocked":true,"touchableObjects":["c_kidSister_lati_a_G7b1P","c_cousinsBrothersFriend_a_G7b1P","c_crush1_F_a_G7b1P","c_cousinsBrother_a_G7b1P","c_cousin_F_a_G7b1P","s_poolDay_ruleSign_G7b1P"]},{"miniGameCards":[],"viewedAnimatic":true,"keyPoints":["c_kidSister_lati_a_G7b2N","c_cousin_F_a_G7b2N","s_kid1_G7b2N","c_crush1_F_a_G7b2N"],"unlocked":true,"touchableObjects":["s_kidPool1_G7b2N","c_kidSister_lati_a_G7b2N","s_kidPool2_G7b2N","s_lifeguard_G7b2N","c_cousin_F_a_G7b2N","c_cousinsBrother_a_G7b2N","s_kid1_G7b2N","c_crewKid2_F_G7b2N","c_crush1_F_a_G7b2N","s_cousinsBFgirlfriend_G7b2N","c_cousinsBrothersFriend_a_G7b2N"]},{"miniGameCards":[],"viewedAnimatic":true,"keyPoints":["c_kidSister_lati_a_G7b2P","c_cousin_F_a_G7b2P","s_computer_F_G7b2P","s_pictureDad_lati_F_gen"],"unlocked":true,"touchableObjects":["c_kidSister_lati_a_G7b2P","s_calendar_F_gen","c_grandma_lati_a_G7b2P","s_closet_F_G7b2P","c_cousin_F_a_G7b2P","s_computer_F_G7b2P","s_pictureDad_lati_F_gen"]}],"stackSize":5,"resolved":true},{"challengeScenes":[{"miniGameCards":[],"viewedAnimatic":true,"keyPoints":["s_cellphone_G8a0","s_clock_G8a0","c_cousin_F_a_G8a0","c_crush2_F_a_G8a0","s_bottleCrush2_F_G8a0"],"unlocked":true,"touchableObjects":["s_stairs_G8a0","c_friend1_F_G8a0","s_beerSixpack_G8a0","c_crewKid1_F_a_G8a0","s_cellphone_G8a0","s_clock_G8a0","s_cigaretteKid1_G8a0","c_cousin_F_a_G8a0","c_crush2_F_a_G8a0","s_beerCooler_G8a0","s_bottleFloor_G8a0","s_bottleTable_G8a0","s_bottleCrush2_F_G8a0"]},{"miniGameCards":[],"viewedAnimatic":true,"keyPoints":["s_crush2Lips_F_G8a1N","s_basementDoor_gen","s_dirtyClothes_gen","s_crush2Sore_F_G8a1N","s_crush2Eyes_F_G8a1N"],"unlocked":true,"touchableObjects":["c_crush2_F_a_G8a1N","s_crush2Lips_F_G8a1N","s_waterHeater_gen","s_dryer_G8a1N","s_inhalantsShelf_gen","s_stairs_G8a1N","s_basementDoor_gen","s_dirtyClothes_gen","s_crush2Sore_F_G8a1N","s_crush2Eyes_F_G8a1N"]},{"miniGameCards":[],"viewedAnimatic":true,"keyPoints":["s_inhalantsShelf_gen","s_dirtyClothes_gen","s_basementDoor_gen","c_crush2_F_a_G8a1P"],"unlocked":true,"touchableObjects":["s_waterHeater_gen","s_spraypaintCrush2_F_G8a1P","s_inhalantsShelf_gen","s_dirtyClothes_gen","s_basementDoor_gen","c_crush2_F_a_G8a1P"]},{"miniGameCards":[],"viewedAnimatic":true,"keyPoints":["c_crush2_F_a_G8a2N","s_spraypaintCan_G8a2N"],"unlocked":true,"touchableObjects":["c_friend1_F_a_G8a2N","c_crush2_F_a_G8a2N","s_fumes_G8a2N","s_spraypaintCan_G8a2N"]},{"miniGameCards":[],"viewedAnimatic":true,"keyPoints":["s_sistersToy_G8a2P"],"unlocked":true,"touchableObjects":["s_sistersToy_G8a2P"]},{"miniGameCards":[],"viewedAnimatic":true,"keyPoints":["s_mirror_lati_F_a_G8a3N","c_nurse_a_G8a3N","s_pamphlet1_G8a3N","s_pamphlet3_G8a3N"],"unlocked":true,"touchableObjects":["s_door_G8a3N","s_poster_G8a3N","s_phone_G8a3N","s_mirror_lati_F_a_G8a3N","c_nurse_a_G8a3N","s_pamphlet1_G8a3N","s_pamphlet2_G8a3N","s_pamphlet3_G8a3N"]},{"miniGameCards":[],"viewedAnimatic":true,"keyPoints":["s_kidsCouch_G8a3P","c_crush2_F_a_G8a3P"],"unlocked":true,"touchableObjects":["c_crewKid1_F_a_G8a3P","c_friend1_F_a_G8a3P","s_kidStanding_G8a3P","s_kidsCouch_G8a3P","s_window_G8a3P","c_cousin_F_a_G8a3P","c_crush2_F_a_G8a3P"]}],"stackSize":7,"resolved":false},{"challengeScenes":[{"miniGameCards":[],"viewedAnimatic":false,"keyPoints":[],"unlocked":false,"touchableObjects":[]},{"miniGameCards":[],"viewedAnimatic":false,"keyPoints":[],"unlocked":false,"touchableObjects":[]},{"miniGameCards":[],"viewedAnimatic":false,"keyPoints":[],"unlocked":false,"touchableObjects":[]},{"miniGameCards":[],"viewedAnimatic":false,"keyPoints":[],"unlocked":false,"touchableObjects":[]},{"miniGameCards":[],"viewedAnimatic":false,"keyPoints":[],"unlocked":false,"touchableObjects":[]}],"stackSize":5,"resolved":false},{"challengeScenes":[{"miniGameCards":[],"viewedAnimatic":true,"keyPoints":[],"unlocked":true,"touchableObjects":[]},{"miniGameCards":[],"viewedAnimatic":false,"keyPoints":[],"unlocked":true,"touchableObjects":[]},{"miniGameCards":[],"viewedAnimatic":false,"keyPoints":[],"unlocked":false,"touchableObjects":[]},{"miniGameCards":[],"viewedAnimatic":false,"keyPoints":[],"unlocked":false,"touchableObjects":[]},{"miniGameCards":[],"viewedAnimatic":false,"keyPoints":[],"unlocked":false,"touchableObjects":[]}],"stackSize":5,"resolved":false},{"challengeScenes":[{"miniGameCards":[],"viewedAnimatic":false,"keyPoints":[],"unlocked":false,"touchableObjects":[]},{"miniGameCards":[],"viewedAnimatic":false,"keyPoints":[],"unlocked":false,"touchableObjects":[]},{"miniGameCards":[],"viewedAnimatic":false,"keyPoints":[],"unlocked":false,"touchableObjects":[]},{"miniGameCards":[],"viewedAnimatic":false,"keyPoints":[],"unlocked":false,"touchableObjects":[]},{"miniGameCards":[],"viewedAnimatic":false,"keyPoints":[],"unlocked":false,"touchableObjects":[]}],"stackSize":5,"resolved":false},{"challengeScenes":[{"miniGameCards":[],"viewedAnimatic":false,"keyPoints":[],"unlocked":false,"touchableObjects":[]},{"miniGameCards":[],"viewedAnimatic":false,"keyPoints":[],"unlocked":false,"touchableObjects":[]},{"miniGameCards":[],"viewedAnimatic":false,"keyPoints":[],"unlocked":false,"touchableObjects":[]},{"miniGameCards":[],"viewedAnimatic":false,"keyPoints":[],"unlocked":false,"touchableObjects":[]},{"miniGameCards":[],"viewedAnimatic":false,"keyPoints":[],"unlocked":false,"touchableObjects":[]}],"stackSize":5,"resolved":false},{"challengeScenes":[{"miniGameCards":[],"viewedAnimatic":false,"keyPoints":[],"unlocked":false,"touchableObjects":[]},{"miniGameCards":[],"viewedAnimatic":false,"keyPoints":[],"unlocked":false,"touchableObjects":[]},{"miniGameCards":[],"viewedAnimatic":false,"keyPoints":[],"unlocked":false,"touchableObjects":[]},{"miniGameCards":[],"viewedAnimatic":false,"keyPoints":[],"unlocked":false,"touchableObjects":[]},{"miniGameCards":[],"viewedAnimatic":false,"keyPoints":[],"unlocked":false,"touchableObjects":[]}],"stackSize":5,"resolved":false},{"challengeScenes":[{"miniGameCards":[],"viewedAnimatic":false,"keyPoints":[],"unlocked":false,"touchableObjects":[]},{"miniGameCards":[],"viewedAnimatic":false,"keyPoints":[],"unlocked":false,"touchableObjects":[]},{"miniGameCards":[],"viewedAnimatic":false,"keyPoints":[],"unlocked":false,"touchableObjects":[]},{"miniGameCards":[],"viewedAnimatic":false,"keyPoints":[],"unlocked":false,"touchableObjects":[]},{"miniGameCards":[],"viewedAnimatic":false,"keyPoints":[],"unlocked":false,"touchableObjects":[]}],"stackSize":5,"resolved":false},{"challengeScenes":[{"miniGameCards":[],"viewedAnimatic":false,"keyPoints":[],"unlocked":false,"touchableObjects":[]},{"miniGameCards":[],"viewedAnimatic":false,"keyPoints":[],"unlocked":false,"touchableObjects":[]},{"miniGameCards":[],"viewedAnimatic":false,"keyPoints":[],"unlocked":false,"touchableObjects":[]},{"miniGameCards":[],"viewedAnimatic":false,"keyPoints":[],"unlocked":false,"touchableObjects":[]},{"miniGameCards":[],"viewedAnimatic":false,"keyPoints":[],"unlocked":false,"touchableObjects":[]}],"stackSize":5,"resolved":false},{"challengeScenes":[{"miniGameCards":[],"viewedAnimatic":false,"keyPoints":[],"unlocked":false,"touchableObjects":[]},{"miniGameCards":[],"viewedAnimatic":false,"keyPoints":[],"unlocked":false,"touchableObjects":[]},{"miniGameCards":[],"viewedAnimatic":false,"keyPoints":[],"unlocked":false,"touchableObjects":[]},{"miniGameCards":[],"viewedAnimatic":false,"keyPoints":[],"unlocked":false,"touchableObjects":[]},{"miniGameCards":[],"viewedAnimatic":false,"keyPoints":[],"unlocked":false,"touchableObjects":[]}],"stackSize":5,"resolved":false},{"challengeScenes":[{"miniGameCards":[],"viewedAnimatic":false,"keyPoints":[],"unlocked":false,"touchableObjects":[]},{"miniGameCards":[],"viewedAnimatic":false,"keyPoints":[],"unlocked":false,"touchableObjects":[]},{"miniGameCards":[],"viewedAnimatic":false,"keyPoints":[],"unlocked":false,"touchableObjects":[]},{"miniGameCards":[],"viewedAnimatic":false,"keyPoints":[],"unlocked":false,"touchableObjects":[]},{"miniGameCards":[],"viewedAnimatic":false,"keyPoints":[],"unlocked":false,"touchableObjects":[]}],"stackSize":5,"resolved":false},{"challengeScenes":[{"miniGameCards":[],"viewedAnimatic":false,"keyPoints":[],"unlocked":true,"touchableObjects":["c_player_lati_F_a_G0a0","c_family_lati_a_G0a0","c_friends_G0a0","c_education_G0a0"]},{"miniGameCards":[],"viewedAnimatic":false,"keyPoints":["c_family_lati_a_G0a1N","c_home_G0a1N","c_job_G0a1N"],"unlocked":true,"touchableObjects":["c_family_lati_a_G0a1N","c_home_G0a1N","c_player_lati_F_a_G0a1N","c_job_G0a1N"]},{"miniGameCards":[],"viewedAnimatic":false,"keyPoints":["c_dad_lati_a_G0a1P","c_grandma_lati_a_G0a1P","c_Teacher_G0a1P","c_Nurse_G0a1P","c_kidsister_lati_a_G0a1P","c_mom_lati_a_G0a1P"],"unlocked":true,"touchableObjects":["c_cousins_F_a_G0a1P","c_dad_lati_a_G0a1P","c_friends_G0a1P","c_grandma_lati_a_G0a1P","c_Teacher_G0a1P","c_Nurse_G0a1P","c_kidsister_lati_a_G0a1P","c_mom_lati_a_G0a1P"]}],"stackSize":3,"resolved":true}],"sessionId":7,"epilogue":{"rating":2},"playerId":6607011,"session":[{"sceneId":"1P","stackId":12},{"sceneId":"1P","stackId":0},{"sceneId":"1P","stackId":1},{"sceneId":"1N","stackId":1},{"sceneId":"2P","stackId":1},{"sceneId":"3P","stackId":2},{"sceneId":"1P","stackId":2},{"sceneId":"1N","stackId":2},{"sceneId":"2P","stackId":2}],"minigames":[{"levelSaveData":[{"starRating":3,"unlocked":true},{"starRating":3,"unlocked":true},{"starRating":2,"unlocked":true},{"starRating":0,"unlocked":false},{"starRating":0,"unlocked":false},{"starRating":0,"unlocked":false},{"starRating":0,"unlocked":false},{"starRating":0,"unlocked":false},{"starRating":0,"unlocked":false},{"starRating":0,"unlocked":false}],"skillPoints":8},{"levelSaveData":[{"starRating":3,"unlocked":true},{"starRating":3,"unlocked":true},{"starRating":3,"unlocked":true},{"starRating":0,"unlocked":false},{"starRating":0,"unlocked":true},{"starRating":0,"unlocked":false},{"starRating":0,"unlocked":false},{"starRating":0,"unlocked":false},{"starRating":0,"unlocked":false},{"starRating":0,"unlocked":false}],"skillPoints":9},{"levelSaveData":[{"starRating":3,"unlocked":true},{"starRating":3,"unlocked":true},{"starRating":2,"unlocked":true},{"starRating":0,"unlocked":false},{"starRating":0,"unlocked":false},{"starRating":0,"unlocked":false},{"starRating":0,"unlocked":false},{"starRating":0,"unlocked":false},{"starRating":0,"unlocked":true},{"starRating":0,"unlocked":false}],"skillPoints":8},{"levelSaveData":[{"starRating":3,"unlocked":true},{"starRating":3,"unlocked":true},{"starRating":0,"unlocked":false},{"starRating":0,"unlocked":false},{"starRating":3,"unlocked":true},{"starRating":0,"unlocked":false},{"starRating":0,"unlocked":false},{"starRating":0,"unlocked":false},{"starRating":0,"unlocked":false},{"starRating":0,"unlocked":false}],"skillPoints":9},{"age":13,"name":"Steph","gender":1,"levelSaveData":[{"starRating":3,"unlocked":true},{"starRating":3,"chunks":[["1"],["14$$Smart","0$$ Helpful"],["14$$Healthy","17$$Singer","13$$Dancer"],["3"]],"unlocked":true},{"starRating":3,"chunks":[["1"],["6$$Dancing","3$$Cooking"],["3$$Photograph","1$$Track/Running"]],"unlocked":true},{"starRating":3,"chunks":[["4"],["10"],["2"],["0"],["5","1"],["8"]],"unlocked":true},{"starRating":0,"chunks":[[null],[null],[null,null],[null],[null],[null]],"unlocked":false},{"starRating":0,"chunks":[[null],[null,null,null,null],[null],[null]],"unlocked":false},{"starRating":0,"chunks":[[null],[null],[null,null],[null,null],[null]],"unlocked":false},{"starRating":0,"chunks":[[null,null,null],[null,null,null],[null],[null],[null]],"unlocked":false},{"starRating":0,"chunks":[[null,null,null],[null,null,null],[null,null]],"unlocked":false},{"starRating":0,"chunks":[[null],[null],[null],[null],[null],[null]],"unlocked":false}],"visualAvatar":0,"id":2,"skillPoints":12}],"avatar":{"age":13,"name":"Steph","gender":1,"levelSaveData":[{"starRating":3,"unlocked":true},{"starRating":3,"chunks":[["1"],["14$$Smart","0$$ Helpful"],["14$$Healthy","17$$Singer","13$$Dancer"],["3"]],"unlocked":true},{"starRating":3,"chunks":[["1"],["6$$Dancing","3$$Cooking"],["3$$Photograph","1$$Track/Running"]],"unlocked":true},{"starRating":3,"chunks":[["4"],["10"],["2"],["0"],["5","1"],["8"]],"unlocked":true},{"starRating":0,"chunks":[[null],[null],[null,null],[null],[null],[null]],"unlocked":false},{"starRating":0,"chunks":[[null],[null,null,null,null],[null],[null]],"unlocked":false},{"starRating":0,"chunks":[[null],[null],[null,null],[null,null],[null]],"unlocked":false},{"starRating":0,"chunks":[[null,null,null],[null,null,null],[null],[null],[null]],"unlocked":false},{"starRating":0,"chunks":[[null,null,null],[null,null,null],[null,null]],"unlocked":false},{"starRating":0,"chunks":[[null],[null],[null],[null],[null],[null]],"unlocked":false}],"visualAvatar":0,"id":2,"skillPoints":12}}
