6427042,0,4:13:4,4/25/2014 3:34:06pm
6427042,100,4:13:56,6
6427042,101,4:13:58,6
6427042,100,4:14:0,6
6427042,101,4:14:2,6
6427042,100,4:14:3,10
6427042,102,4:14:10,10
6427042,200,4:14:10,10,9,12,11,9,12
6427042,219,4:14:11,10
6427042,216,4:14:12,Stack_G12a0
6427042,217,4:14:24,Stack_G12a0,10,1.0
6427042,218,4:14:25,10
6427042,210,4:14:28,770,378
6427042,211,4:14:28,797,366
6427042,210,4:14:28,678,381
6427042,211,4:14:33,-12,384
6427042,212,4:14:36,1
6427042,210,4:14:37,902,149
6427042,211,4:14:38,890,263
6427042,212,4:14:39,2
6427042,221,4:14:41,10
6427042,220,4:14:45,10
6427042,219,4:14:45,10
6427042,216,4:14:46,Stack_G12a1N
6427042,217,4:15:37,Stack_G12a1N,17,0.00
6427042,218,4:15:39,10
6427042,210,4:15:44,1002,428
6427042,211,4:15:46,388,544
6427042,213,4:15:46,10,c_crush1_F_G12a1N,false
6427042,1003,4:15:49,2
6427042,1004,4:15:52,3
6427042,900,4:15:55,3,[]
6427042,901,4:15:57,3,[PeopleData_id:0]
6427042,904,4:15:57,3,[PeopleData_id:0]
6427042,902,4:15:58,3,[PeopleData_id:0,PeopleData_data0Type]
6427042,902,4:16:2,3,[PeopleData_id:0,PeopleData_data1Type]
6427042,902,4:16:5,3,[PeopleData_id:0,PeopleData_data2Type]
6427042,903,4:16:8,3,[PeopleData_id0,PeopleData_data2Type]
6427042,901,4:16:9,3,[PeopleData_id:0]
6427042,904,4:16:9,3,[PeopleData_id:0]
6427042,905,4:16:10,3,[PeopleData_id:0,RankTypes_id:-1,RankTypes_id:4]
6427042,901,4:16:10,3,[PeopleData_id:3]
6427042,902,4:16:11,3,[PeopleData_id:3,PeopleData_data0Type]
6427042,902,4:16:13,3,[PeopleData_id:3,PeopleData_data1Type]
6427042,902,4:16:14,3,[PeopleData_id:3,PeopleData_data2Type]
6427042,902,4:16:17,3,[PeopleData_id:3,PeopleData_data3Type]
6427042,903,4:16:19,3,[PeopleData_id3,PeopleData_data3Type]
6427042,901,4:16:20,3,[PeopleData_id:3]
6427042,904,4:16:20,3,[PeopleData_id:3]
6427042,905,4:16:20,3,[PeopleData_id:3,RankTypes_id:-1,RankTypes_id:4]
6427042,901,4:16:21,3,[PeopleData_id:1]
6427042,902,4:16:21,3,[PeopleData_id:1,PeopleData_data0Type]
6427042,902,4:16:27,3,[PeopleData_id:1,PeopleData_data1Type]
6427042,902,4:16:30,3,[PeopleData_id:1,PeopleData_data2Type]
6427042,903,4:16:32,3,[PeopleData_id1,PeopleData_data2Type]
6427042,901,4:16:34,3,[PeopleData_id:3]
6427042,905,4:16:34,3,[PeopleData_id:3,RankTypes_id:4,RankTypes_id:4]
6427042,902,4:16:35,3,[PeopleData_id:3,PeopleData_data0Type]
6427042,902,4:16:36,3,[PeopleData_id:3,PeopleData_data1Type]
6427042,902,4:16:37,3,[PeopleData_id:3,PeopleData_data2Type]
6427042,902,4:16:37,3,[PeopleData_id:3,PeopleData_data3Type]
6427042,903,4:16:38,3,[PeopleData_id3,PeopleData_data3Type]
6427042,901,4:16:39,3,[PeopleData_id:1]
6427042,904,4:16:39,3,[PeopleData_id:1]
6427042,905,4:16:40,3,[PeopleData_id:1,RankTypes_id:-1,RankTypes_id:3]
6427042,901,4:16:40,3,[PeopleData_id:5]
6427042,902,4:16:41,3,[PeopleData_id:5,PeopleData_data0Type]
6427042,902,4:16:43,3,[PeopleData_id:5,PeopleData_data2Type]
6427042,902,4:16:46,3,[PeopleData_id:5,PeopleData_data1Type]
6427042,902,4:16:47,3,[PeopleData_id:5,PeopleData_data3Type]
6427042,903,4:16:48,3,[PeopleData_id5,PeopleData_data3Type]
6427042,901,4:16:49,3,[PeopleData_id:5]
6427042,904,4:16:49,3,[PeopleData_id:5]
6427042,905,4:16:50,3,[PeopleData_id:5,RankTypes_id:-1,RankTypes_id:1]
6427042,901,4:16:51,3,[PeopleData_id:2]
6427042,902,4:16:51,3,[PeopleData_id:2,PeopleData_data0Type]
6427042,903,4:16:56,3,[PeopleData_id2,PeopleData_data0Type]
6427042,901,4:16:57,3,[PeopleData_id:2]
6427042,904,4:16:57,3,[PeopleData_id:2]
6427042,905,4:16:58,3,[PeopleData_id:2,RankTypes_id:-1,RankTypes_id:1]
6427042,901,4:16:58,3,[PeopleData_id:2]
6427042,904,4:16:58,3,[PeopleData_id:2]
6427042,905,4:16:59,3,[PeopleData_id:2,RankTypes_id:1,RankTypes_id:0]
6427042,901,4:16:59,3,[PeopleData_id:4]
6427042,902,4:17:2,3,[PeopleData_id:4,PeopleData_data0Type]
6427042,902,4:17:8,3,[PeopleData_id:4,PeopleData_data1Type]
6427042,902,4:17:10,3,[PeopleData_id:4,PeopleData_data2Type]
6427042,903,4:17:12,3,[PeopleData_id4,PeopleData_data2Type]
6427042,901,4:17:13,3,[PeopleData_id:4]
6427042,904,4:17:13,3,[PeopleData_id:4]
6427042,905,4:17:14,3,[PeopleData_id:4,RankTypes_id:-1,RankTypes_id:0]
6427042,906,4:17:14,3,[]
6427042,907,4:17:15,3,[]
6427042,908,4:17:15,3,[InvitationData_id:4,PeopleData_id:0,RankTypes_id:4]
6427042,909,4:17:21,3,[InvitationData_id:4,PeopleData_id:0,RankTypes_id:4,1]
6427042,910,4:17:22,3,[InvitationData_id:4,9,false]
6427042,908,4:17:22,3,[InvitationData_id:10,PeopleData_id:3,RankTypes_id:4]
6427042,909,4:17:27,3,[InvitationData_id:10,PeopleData_id:3,RankTypes_id:4,1]
6427042,910,4:17:27,3,[InvitationData_id:10,9,false]
6427042,908,4:17:27,3,[InvitationData_id:3,PeopleData_id:0,RankTypes_id:4]
6427042,909,4:17:29,3,[InvitationData_id:3,PeopleData_id:0,RankTypes_id:4,1]
6427042,910,4:17:30,3,[InvitationData_id:3,9,false]
6427042,908,4:17:30,3,[InvitationData_id:6,PeopleData_id:0,RankTypes_id:4]
6427042,909,4:17:31,3,[InvitationData_id:6,PeopleData_id:0,RankTypes_id:4,1]
6427042,910,4:17:32,3,[InvitationData_id:6,9,false]
6427042,908,4:17:32,3,[InvitationData_id:0,PeopleData_id:0,RankTypes_id:4]
6427042,909,4:17:33,3,[InvitationData_id:0,PeopleData_id:0,RankTypes_id:4,1]
6427042,910,4:17:34,3,[InvitationData_id:0,9,false]
6427042,908,4:17:34,3,[InvitationData_id:2,PeopleData_id:0,RankTypes_id:4]
6427042,909,4:17:35,3,[InvitationData_id:2,PeopleData_id:0,RankTypes_id:4,1]
6427042,910,4:17:41,3,[InvitationData_id:2,0,true]
6427042,908,4:17:41,3,[InvitationData_id:1,PeopleData_id:5,RankTypes_id:1]
6427042,909,4:17:50,3,[InvitationData_id:1,PeopleData_id:5,RankTypes_id:1,1]
6427042,910,4:17:59,3,[InvitationData_id:1,0,true]
6427042,908,4:17:59,3,[InvitationData_id:5,PeopleData_id:3,RankTypes_id:4]
6427042,909,4:18:2,3,[InvitationData_id:5,PeopleData_id:3,RankTypes_id:4,1]
6427042,910,4:18:3,3,[InvitationData_id:5,9,false]
6427042,908,4:18:3,3,[InvitationData_id:8,PeopleData_id:5,RankTypes_id:1]
6427042,909,4:18:9,3,[InvitationData_id:8,PeopleData_id:5,RankTypes_id:1,0]
6427042,910,4:18:10,3,[InvitationData_id:8,0,false]
6427042,911,4:18:11,3,[54,2,0,2]
6427042,1005,4:18:11,3,[2,0,1]
6427042,1000,4:18:13,3,[]
6427042,900,4:18:13,3,[]
6427042,901,4:18:15,3,[PeopleData_id:5]
6427042,904,4:18:15,3,[PeopleData_id:5]
6427042,902,4:18:16,3,[PeopleData_id:5,PeopleData_data0Type]
6427042,902,4:18:18,3,[PeopleData_id:5,PeopleData_data1Type]
6427042,903,4:18:23,3,[PeopleData_id5,PeopleData_data1Type]
6427042,901,4:18:23,3,[PeopleData_id:5]
6427042,904,4:18:23,3,[PeopleData_id:5]
6427042,905,4:18:24,3,[PeopleData_id:5,RankTypes_id:-1,RankTypes_id:0]
6427042,901,4:18:25,3,[PeopleData_id:0]
6427042,904,4:18:25,3,[PeopleData_id:0]
6427042,902,4:18:25,3,[PeopleData_id:0,PeopleData_data0Type]
6427042,902,4:18:31,3,[PeopleData_id:0,PeopleData_data1Type]
6427042,903,4:18:33,3,[PeopleData_id0,PeopleData_data1Type]
6427042,901,4:18:33,3,[PeopleData_id:0]
6427042,904,4:18:33,3,[PeopleData_id:0]
6427042,905,4:18:34,3,[PeopleData_id:0,RankTypes_id:-1,RankTypes_id:4]
6427042,901,4:18:34,3,[PeopleData_id:3]
6427042,904,4:18:34,3,[PeopleData_id:3]
6427042,902,4:18:35,3,[PeopleData_id:3,PeopleData_data0Type]
6427042,902,4:18:37,3,[PeopleData_id:3,PeopleData_data1Type]
6427042,902,4:18:37,3,[PeopleData_id:3,PeopleData_data2Type]
6427042,902,4:18:39,3,[PeopleData_id:3,PeopleData_data3Type]
6427042,903,4:18:40,3,[PeopleData_id3,PeopleData_data3Type]
6427042,901,4:18:41,3,[PeopleData_id:3]
6427042,904,4:18:41,3,[PeopleData_id:3]
6427042,905,4:18:42,3,[PeopleData_id:3,RankTypes_id:-1,RankTypes_id:4]
6427042,901,4:18:42,3,[PeopleData_id:0]
6427042,904,4:18:42,3,[PeopleData_id:0]
6427042,905,4:18:42,3,[PeopleData_id:0,RankTypes_id:4,RankTypes_id:4]
6427042,902,4:18:43,3,[PeopleData_id:0,PeopleData_data0Type]
6427042,902,4:18:45,3,[PeopleData_id:0,PeopleData_data1Type]
6427042,902,4:18:47,3,[PeopleData_id:0,PeopleData_data2Type]
6427042,903,4:18:58,3,[PeopleData_id0,PeopleData_data2Type]
6427042,901,4:18:58,3,[PeopleData_id:1]
6427042,904,4:18:58,3,[PeopleData_id:1]
6427042,902,4:18:59,3,[PeopleData_id:1,PeopleData_data0Type]
6427042,902,4:19:3,3,[PeopleData_id:1,PeopleData_data1Type]
6427042,902,4:19:7,3,[PeopleData_id:1,PeopleData_data2Type]
6427042,902,4:19:14,3,[PeopleData_id:1,PeopleData_data0Type]
6427042,902,4:19:15,3,[PeopleData_id:1,PeopleData_data1Type]
6427042,902,4:19:17,3,[PeopleData_id:1,PeopleData_data2Type]
6427042,903,4:19:18,3,[PeopleData_id1,PeopleData_data2Type]
6427042,901,4:19:18,3,[PeopleData_id:1]
6427042,904,4:19:18,3,[PeopleData_id:1]
6427042,905,4:19:19,3,[PeopleData_id:1,RankTypes_id:-1,RankTypes_id:3]
6427042,901,4:19:19,3,[PeopleData_id:2]
6427042,904,4:19:20,3,[PeopleData_id:2]
6427042,902,4:19:20,3,[PeopleData_id:2,PeopleData_data0Type]
6427042,902,4:19:22,3,[PeopleData_id:2,PeopleData_data1Type]
6427042,903,4:19:24,3,[PeopleData_id2,PeopleData_data1Type]
6427042,902,4:19:25,3,[PeopleData_id:2,PeopleData_data0Type]
6427042,902,4:19:26,3,[PeopleData_id:2,PeopleData_data1Type]
6427042,903,4:19:26,3,[PeopleData_id2,PeopleData_data1Type]
6427042,901,4:19:27,3,[PeopleData_id:2]
6427042,901,4:19:27,3,[PeopleData_id:2]
6427042,904,4:19:27,3,[PeopleData_id:2]
6427042,905,4:19:28,3,[PeopleData_id:2,RankTypes_id:-1,RankTypes_id:0]
6427042,901,4:19:28,3,[PeopleData_id:4]
6427042,904,4:19:28,3,[PeopleData_id:4]
6427042,902,4:19:29,3,[PeopleData_id:4,PeopleData_data0Type]
6427042,902,4:19:32,3,[PeopleData_id:4,PeopleData_data1Type]
6427042,902,4:19:35,3,[PeopleData_id:4,PeopleData_data2Type]
6427042,902,4:19:36,3,[PeopleData_id:4,PeopleData_data0Type]
6427042,903,4:19:38,3,[PeopleData_id4,PeopleData_data0Type]
6427042,901,4:19:39,3,[PeopleData_id:4]
6427042,904,4:19:39,3,[PeopleData_id:4]
6427042,905,4:19:39,3,[PeopleData_id:4,RankTypes_id:-1,RankTypes_id:0]
6427042,906,4:19:39,3,[]
6427042,907,4:19:40,3,[]
6427042,908,4:19:40,3,[InvitationData_id:2,PeopleData_id:0,RankTypes_id:4]
6427042,909,4:19:48,3,[InvitationData_id:2,PeopleData_id:0,RankTypes_id:4,0]
6427042,910,4:19:49,3,[InvitationData_id:2,-11,false]
6427042,908,4:19:49,3,[InvitationData_id:0,PeopleData_id:0,RankTypes_id:4]
6427042,909,4:19:54,3,[InvitationData_id:0,PeopleData_id:0,RankTypes_id:4,1]
6427042,910,4:19:55,3,[InvitationData_id:0,9,false]
6427042,908,4:19:55,3,[InvitationData_id:3,PeopleData_id:0,RankTypes_id:4]
6427042,909,4:20:0,3,[InvitationData_id:3,PeopleData_id:0,RankTypes_id:4,1]
6427042,910,4:20:3,3,[InvitationData_id:3,9,false]
6427042,908,4:20:3,3,[InvitationData_id:4,PeopleData_id:0,RankTypes_id:4]
6427042,909,4:20:6,3,[InvitationData_id:4,PeopleData_id:0,RankTypes_id:4,1]
6427042,910,4:20:7,3,[InvitationData_id:4,9,false]
6427042,908,4:20:7,3,[InvitationData_id:5,PeopleData_id:3,RankTypes_id:4]
6427042,909,4:20:8,3,[InvitationData_id:5,PeopleData_id:3,RankTypes_id:4,1]
6427042,910,4:20:9,3,[InvitationData_id:5,9,false]
6427042,908,4:20:9,3,[InvitationData_id:6,PeopleData_id:0,RankTypes_id:4]
6427042,909,4:20:16,3,[InvitationData_id:6,PeopleData_id:0,RankTypes_id:4,1]
6427042,910,4:20:17,3,[InvitationData_id:6,9,false]
6427042,908,4:20:17,3,[InvitationData_id:10,PeopleData_id:3,RankTypes_id:4]
6427042,909,4:20:29,3,[InvitationData_id:10,PeopleData_id:3,RankTypes_id:4,0]
6427042,910,4:20:31,3,[InvitationData_id:10,-11,false]
6427042,911,4:20:36,3,[23,0,1,0]
6427042,1005,4:20:36,3,[2,1,2]
6427042,1000,4:20:40,3,[]
6427042,900,4:20:41,3,[]
6427042,901,4:20:41,3,[PeopleData_id:0]
6427042,904,4:20:41,3,[PeopleData_id:0]
6427042,902,4:20:47,3,[PeopleData_id:0,PeopleData_data0Type]
6427042,902,4:20:48,3,[PeopleData_id:0,PeopleData_data1Type]
6427042,903,4:20:49,3,[PeopleData_id0,PeopleData_data1Type]
6427042,901,4:20:50,3,[PeopleData_id:0]
6427042,904,4:20:50,3,[PeopleData_id:0]
6427042,905,4:20:51,3,[PeopleData_id:0,RankTypes_id:-1,RankTypes_id:4]
6427042,901,4:20:51,3,[PeopleData_id:2]
6427042,902,4:20:52,3,[PeopleData_id:2,PeopleData_data0Type]
6427042,902,4:20:53,3,[PeopleData_id:2,PeopleData_data1Type]
6427042,903,4:20:53,3,[PeopleData_id2,PeopleData_data1Type]
6427042,901,4:20:54,3,[PeopleData_id:2]
6427042,904,4:20:54,3,[PeopleData_id:2]
6427042,905,4:20:54,3,[PeopleData_id:2,RankTypes_id:-1,RankTypes_id:0]
6427042,901,4:20:55,3,[PeopleData_id:4]
6427042,904,4:20:55,3,[PeopleData_id:4]
6427042,902,4:20:56,3,[PeopleData_id:4,PeopleData_data0Type]
6427042,903,4:20:59,3,[PeopleData_id4,PeopleData_data0Type]
6427042,901,4:21:0,3,[PeopleData_id:4]
6427042,904,4:21:0,3,[PeopleData_id:4]
6427042,905,4:21:0,3,[PeopleData_id:4,RankTypes_id:-1,RankTypes_id:0]
6427042,901,4:21:1,3,[PeopleData_id:1]
6427042,904,4:21:1,3,[PeopleData_id:1]
6427042,902,4:21:2,3,[PeopleData_id:1,PeopleData_data0Type]
6427042,902,4:21:4,3,[PeopleData_id:1,PeopleData_data1Type]
6427042,902,4:21:5,3,[PeopleData_id:1,PeopleData_data2Type]
6427042,903,4:21:5,3,[PeopleData_id1,PeopleData_data2Type]
6427042,901,4:21:6,3,[PeopleData_id:1]
6427042,904,4:21:6,3,[PeopleData_id:1]
6427042,905,4:21:6,3,[PeopleData_id:1,RankTypes_id:-1,RankTypes_id:4]
6427042,901,4:21:7,3,[PeopleData_id:3]
6427042,902,4:21:8,3,[PeopleData_id:3,PeopleData_data0Type]
6427042,902,4:21:9,3,[PeopleData_id:3,PeopleData_data1Type]
6427042,902,4:21:10,3,[PeopleData_id:3,PeopleData_data2Type]
6427042,902,4:21:11,3,[PeopleData_id:3,PeopleData_data3Type]
6427042,903,4:21:12,3,[PeopleData_id3,PeopleData_data3Type]
6427042,901,4:21:13,3,[PeopleData_id:0]
6427042,904,4:21:13,3,[PeopleData_id:0]
6427042,901,4:21:14,3,[PeopleData_id:0]
6427042,904,4:21:15,3,[PeopleData_id:0]
6427042,905,4:21:15,3,[PeopleData_id:0,RankTypes_id:4,RankTypes_id:3]
6427042,901,4:21:16,3,[PeopleData_id:3]
6427042,904,4:21:16,3,[PeopleData_id:3]
6427042,905,4:21:16,3,[PeopleData_id:3,RankTypes_id:-1,RankTypes_id:4]
6427042,901,4:21:17,3,[PeopleData_id:3]
6427042,905,4:21:17,3,[PeopleData_id:3,RankTypes_id:4,RankTypes_id:4]
6427042,902,4:21:18,3,[PeopleData_id:3,PeopleData_data0Type]
6427042,902,4:21:18,3,[PeopleData_id:3,PeopleData_data1Type]
6427042,902,4:21:19,3,[PeopleData_id:3,PeopleData_data2Type]
6427042,902,4:21:19,3,[PeopleData_id:3,PeopleData_data3Type]
6427042,902,4:21:20,3,[PeopleData_id:3,PeopleData_data3Type]
6427042,903,4:21:20,3,[PeopleData_id3,PeopleData_data3Type]
6427042,901,4:21:21,3,[PeopleData_id:5]
6427042,904,4:21:21,3,[PeopleData_id:5]
6427042,902,4:21:22,3,[PeopleData_id:5,PeopleData_data0Type]
6427042,903,4:21:24,3,[PeopleData_id5,PeopleData_data0Type]
6427042,901,4:21:25,3,[PeopleData_id:5]
6427042,904,4:21:25,3,[PeopleData_id:5]
6427042,905,4:21:25,3,[PeopleData_id:5,RankTypes_id:-1,RankTypes_id:0]
6427042,906,4:21:25,3,[]
6427042,907,4:21:26,3,[]
6427042,908,4:21:26,3,[InvitationData_id:4,PeopleData_id:0,RankTypes_id:3]
6427042,909,4:21:29,3,[InvitationData_id:4,PeopleData_id:0,RankTypes_id:3,1]
6427042,910,4:21:29,3,[InvitationData_id:4,7,false]
6427042,908,4:21:29,3,[InvitationData_id:5,PeopleData_id:3,RankTypes_id:4]
6427042,909,4:21:32,3,[InvitationData_id:5,PeopleData_id:3,RankTypes_id:4,1]
6427042,910,4:21:32,3,[InvitationData_id:5,9,false]
6427042,908,4:21:32,3,[InvitationData_id:3,PeopleData_id:3,RankTypes_id:4]
6427042,909,4:21:34,3,[InvitationData_id:3,PeopleData_id:3,RankTypes_id:4,1]
6427042,910,4:21:34,3,[InvitationData_id:3,9,false]
6427042,908,4:21:34,3,[InvitationData_id:6,PeopleData_id:3,RankTypes_id:4]
6427042,909,4:21:37,3,[InvitationData_id:6,PeopleData_id:3,RankTypes_id:4,1]
6427042,910,4:21:38,3,[InvitationData_id:6,9,false]
6427042,908,4:21:38,3,[InvitationData_id:10,PeopleData_id:3,RankTypes_id:4]
6427042,909,4:21:41,3,[InvitationData_id:10,PeopleData_id:3,RankTypes_id:4,1]
6427042,910,4:21:42,3,[InvitationData_id:10,9,false]
6427042,908,4:21:42,3,[InvitationData_id:0,PeopleData_id:1,RankTypes_id:4]
6427042,909,4:21:46,3,[InvitationData_id:0,PeopleData_id:1,RankTypes_id:4,1]
6427042,910,4:21:47,3,[InvitationData_id:0,9,false]
6427042,908,4:21:47,3,[InvitationData_id:2,PeopleData_id:0,RankTypes_id:3]
6427042,909,4:21:53,3,[InvitationData_id:2,PeopleData_id:0,RankTypes_id:3,0]
6427042,910,4:21:57,3,[InvitationData_id:2,-7,false]
6427042,911,4:21:59,3,[45,0,0,0]
6427042,1005,4:21:59,3,[2,2,3]
6427042,1001,4:22:1,3,[]
6427042,1003,4:22:1,2
6427042,210,4:22:12,1067,165
6427042,211,4:22:15,321,508
6427042,213,4:22:15,10,c_crush1_F_G12a1N,false
6427042,1003,4:22:19,2
6427042,1004,4:22:24,2
6427042,900,4:22:25,2,[]
6427042,901,4:22:26,2,[PeopleData_id:6]
6427042,904,4:22:26,2,[PeopleData_id:6]
6427042,902,4:22:27,2,[PeopleData_id:6,PeopleData_data0Type]
6427042,902,4:22:30,2,[PeopleData_id:6,PeopleData_data1Type]
6427042,902,4:22:35,2,[PeopleData_id:6,PeopleData_data1Type]
6427042,902,4:22:36,2,[PeopleData_id:6,PeopleData_data2Type]
6427042,903,4:22:38,2,[PeopleData_id6,PeopleData_data2Type]
6427042,901,4:22:38,2,[PeopleData_id:6]
6427042,904,4:22:38,2,[PeopleData_id:6]
6427042,905,4:22:39,2,[PeopleData_id:6,RankTypes_id:-1,RankTypes_id:0]
6427042,901,4:22:39,2,[PeopleData_id:5]
6427042,904,4:22:40,2,[PeopleData_id:5]
6427042,902,4:22:40,2,[PeopleData_id:5,PeopleData_data0Type]
6427042,903,4:22:43,2,[PeopleData_id5,PeopleData_data0Type]
6427042,901,4:22:44,2,[PeopleData_id:5]
6427042,904,4:22:44,2,[PeopleData_id:5]
6427042,905,4:22:45,2,[PeopleData_id:5,RankTypes_id:-1,RankTypes_id:0]
6427042,901,4:22:45,2,[PeopleData_id:1]
6427042,904,4:22:45,2,[PeopleData_id:1]
6427042,902,4:22:46,2,[PeopleData_id:1,PeopleData_data0Type]
6427042,902,4:22:49,2,[PeopleData_id:1,PeopleData_data1Type]
6427042,903,4:22:51,2,[PeopleData_id1,PeopleData_data1Type]
6427042,901,4:22:52,2,[PeopleData_id:1]
6427042,904,4:22:52,2,[PeopleData_id:1]
6427042,905,4:22:52,2,[PeopleData_id:1,RankTypes_id:-1,RankTypes_id:0]
6427042,901,4:22:53,2,[PeopleData_id:3]
6427042,902,4:22:53,2,[PeopleData_id:3,PeopleData_data0Type]
6427042,902,4:22:57,2,[PeopleData_id:3,PeopleData_data1Type]
6427042,902,4:23:1,2,[PeopleData_id:3,PeopleData_data2Type]
6427042,902,4:23:4,2,[PeopleData_id:3,PeopleData_data3Type]
6427042,903,4:23:5,2,[PeopleData_id3,PeopleData_data3Type]
6427042,901,4:23:7,2,[PeopleData_id:3]
6427042,904,4:23:7,2,[PeopleData_id:3]
6427042,905,4:23:7,2,[PeopleData_id:3,RankTypes_id:-1,RankTypes_id:4]
6427042,901,4:23:8,2,[PeopleData_id:0]
6427042,902,4:23:9,2,[PeopleData_id:0,PeopleData_data0Type]
6427042,902,4:23:9,2,[PeopleData_id:0,PeopleData_data0Type]
6427042,902,4:23:10,2,[PeopleData_id:0,PeopleData_data1Type]
6427042,902,4:23:14,2,[PeopleData_id:0,PeopleData_data2Type]
6427042,902,4:23:15,2,[PeopleData_id:0,PeopleData_data3Type]
6427042,903,4:23:17,2,[PeopleData_id0,PeopleData_data3Type]
6427042,901,4:23:17,2,[PeopleData_id:0]
6427042,904,4:23:17,2,[PeopleData_id:0]
6427042,905,4:23:18,2,[PeopleData_id:0,RankTypes_id:-1,RankTypes_id:4]
6427042,901,4:23:18,2,[PeopleData_id:2]
6427042,902,4:23:20,2,[PeopleData_id:2,PeopleData_data0Type]
6427042,902,4:23:23,2,[PeopleData_id:2,PeopleData_data1Type]
6427042,902,4:23:24,2,[PeopleData_id:2,PeopleData_data1Type]
6427042,903,4:23:25,2,[PeopleData_id2,PeopleData_data1Type]
6427042,901,4:23:26,2,[PeopleData_id:2]
6427042,904,4:23:26,2,[PeopleData_id:2]
6427042,905,4:23:27,2,[PeopleData_id:2,RankTypes_id:-1,RankTypes_id:0]
6427042,901,4:23:27,2,[PeopleData_id:4]
6427042,904,4:23:27,2,[PeopleData_id:4]
6427042,902,4:23:28,2,[PeopleData_id:4,PeopleData_data0Type]
6427042,902,4:23:31,2,[PeopleData_id:4,PeopleData_data1Type]
6427042,902,4:23:35,2,[PeopleData_id:4,PeopleData_data2Type]
6427042,903,4:23:35,2,[PeopleData_id4,PeopleData_data2Type]
6427042,901,4:23:36,2,[PeopleData_id:4]
6427042,904,4:23:36,2,[PeopleData_id:4]
6427042,905,4:23:37,2,[PeopleData_id:4,RankTypes_id:-1,RankTypes_id:3]
6427042,906,4:23:37,2,[]
6427042,907,4:23:37,2,[]
6427042,908,4:23:37,2,[InvitationData_id:4,PeopleData_id:3,RankTypes_id:4]
6427042,909,4:23:41,2,[InvitationData_id:4,PeopleData_id:3,RankTypes_id:4,1]
6427042,910,4:23:55,2,[InvitationData_id:4,9,false]
6427042,908,4:23:55,2,[InvitationData_id:5,PeopleData_id:4,RankTypes_id:3]
6427042,909,4:23:59,2,[InvitationData_id:5,PeopleData_id:4,RankTypes_id:3,1]
6427042,910,4:24:0,2,[InvitationData_id:5,7,false]
6427042,908,4:24:0,2,[InvitationData_id:3,PeopleData_id:0,RankTypes_id:4]
6427042,909,4:24:3,2,[InvitationData_id:3,PeopleData_id:0,RankTypes_id:4,1]
6427042,910,4:24:4,2,[InvitationData_id:3,9,false]
6427042,908,4:24:4,2,[InvitationData_id:2,PeopleData_id:3,RankTypes_id:4]
6427042,909,4:24:8,2,[InvitationData_id:2,PeopleData_id:3,RankTypes_id:4,1]
6427042,910,4:24:8,2,[InvitationData_id:2,9,false]
6427042,908,4:24:9,2,[InvitationData_id:9,PeopleData_id:0,RankTypes_id:4]
6427042,909,4:24:13,2,[InvitationData_id:9,PeopleData_id:0,RankTypes_id:4,1]
6427042,910,4:24:14,2,[InvitationData_id:9,9,false]
6427042,908,4:24:14,2,[InvitationData_id:10,PeopleData_id:0,RankTypes_id:4]
6427042,909,4:24:20,2,[InvitationData_id:10,PeopleData_id:0,RankTypes_id:4,1]
6427042,910,4:24:22,2,[InvitationData_id:10,0,true]
6427042,908,4:24:22,2,[InvitationData_id:0,PeopleData_id:3,RankTypes_id:4]
6427042,909,4:24:28,2,[InvitationData_id:0,PeopleData_id:3,RankTypes_id:4,1]
6427042,910,4:24:29,2,[InvitationData_id:0,9,false]
6427042,911,4:24:30,2,[52,1,0,1]
6427042,1001,4:24:32,2,[]
6427042,1003,4:24:32,2
6427042,210,4:24:36,499,243
6427042,211,4:24:37,672,545
6427042,221,4:24:39,10
6427042,220,4:24:41,10
6427042,1003,4:24:41,3
6427042,1004,4:24:44,5
6427042,500,4:25:16,5,[]
6427042,501,4:25:21,5,[]
6427042,502,4:25:38,5,[IntentionData_logId:2,true]
6427042,503,4:25:39,5,[]
6427042,504,4:25:42,5,[InfluenceData_logId:0]
6427042,504,4:25:45,5,[InfluenceData_logId:2]
6427042,504,4:25:48,5,[InfluenceData_logId:1]
6427042,504,4:25:50,5,[InfluenceData_logId:2]
6427042,504,4:25:51,5,[InfluenceData_logId:5]
6427042,504,4:25:53,5,[InfluenceData_logId:4]
6427042,504,4:25:57,5,[InfluenceData_logId:3]
6427042,504,4:25:59,5,[InfluenceData_logId:5]
6427042,504,4:26:0,5,[InfluenceData_logId:8]
6427042,504,4:26:5,5,[InfluenceData_logId:6]
6427042,504,4:26:7,5,[InfluenceData_logId:7]
6427042,504,4:26:9,5,[InfluenceData_logId:6]
6427042,505,4:26:13,5,[InfluenceData_logId:2,true,InfluenceData_logId:5,true,InfluenceData_logId:6,true]
6427042,506,4:26:15,5,[]
6427042,507,4:26:34,5,[OpponentAttackData_logId:1,OpponentAttackTypeData_logId:1,false,30]
6427042,508,4:26:40,5,[]
6427042,509,4:26:45,5,[RefusalData_logId:2,2]
6427042,510,4:26:51,5,[AvailableRefusalData_logId:2,1B]
6427042,510,4:26:52,5,[AvailableRefusalData_logId:2,0B]
6427042,510,4:27:4,5,[AvailableRefusalData_logId:2,0A]
6427042,510,4:27:7,5,[AvailableRefusalData_logId:2,1A]
6427042,510,4:27:10,5,[AvailableRefusalData_logId:2,2A]
6427042,511,4:27:13,5,[AvailableRefusalData_logId:2,0A,1A,2A,true,50]
6427042,512,4:27:17,5,[]
6427042,513,4:27:17,5,[0]
6427042,514,4:27:19,5,[]
6427042,507,4:27:28,5,[OpponentAttackData_logId:3,OpponentAttackTypeData_logId:3,true,0]
6427042,508,4:27:31,5,[]
6427042,509,4:27:41,5,[RefusalData_logId:4,2]
6427042,510,4:27:47,5,[AvailableRefusalData_logId:4,1B]
6427042,510,4:27:48,5,[AvailableRefusalData_logId:4,0B]
6427042,510,4:27:50,5,[AvailableRefusalData_logId:4,2B]
6427042,510,4:28:0,5,[AvailableRefusalData_logId:4,0A]
6427042,510,4:28:0,5,[AvailableRefusalData_logId:4,1A]
6427042,510,4:28:1,5,[AvailableRefusalData_logId:4,2A]
6427042,511,4:28:2,5,[AvailableRefusalData_logId:4,0A,1A,2A,true,50]
6427042,512,4:28:6,5,[]
6427042,515,4:28:6,5,[120,0]
6427042,516,4:28:11,5,[]
6427042,517,4:28:13,5,[]
6427042,1005,4:28:13,5,[3,0,3]
6427042,1001,4:28:14,5,[]
6427042,1003,4:28:14,3
6427042,1004,4:28:16,6
6427042,500,4:28:18,6,[]
6427042,501,4:28:23,6,[]
6427042,502,4:28:36,6,[IntentionData_logId:4,true]
6427042,503,4:28:37,6,[]
6427042,504,4:28:41,6,[InfluenceData_logId:0]
6427042,504,4:28:44,6,[InfluenceData_logId:1]
6427042,504,4:28:48,6,[InfluenceData_logId:4]
6427042,504,4:28:52,6,[InfluenceData_logId:5]
6427042,504,4:28:56,6,[InfluenceData_logId:3]
6427042,504,4:29:0,6,[InfluenceData_logId:8]
6427042,504,4:29:7,6,[InfluenceData_logId:6]
6427042,505,4:29:12,6,[InfluenceData_logId:1,true,InfluenceData_logId:3,true,InfluenceData_logId:6,true]
6427042,506,4:29:13,6,[]
6427042,507,4:29:26,6,[OpponentAttackData_logId:2,OpponentAttackTypeData_logId:4,true,0]
6427042,508,4:29:29,6,[]
6427042,509,4:29:40,6,[RefusalData_logId:9,2]
6427042,510,4:29:42,6,[AvailableRefusalData_logId:9,0B]
6427042,510,4:29:51,6,[AvailableRefusalData_logId:9,1A]
6427042,510,4:29:55,6,[AvailableRefusalData_logId:9,0C]
6427042,510,4:30:0,6,[AvailableRefusalData_logId:9,0A]
6427042,510,4:30:5,6,[AvailableRefusalData_logId:9,2A]
6427042,511,4:30:8,6,[AvailableRefusalData_logId:9,0A,1A,2A,true,50]
6427042,512,4:30:16,6,[]
6427042,513,4:30:16,6,[0]
6427042,514,4:30:23,6,[]
6427042,507,4:30:58,6,[OpponentAttackData_logId:1,OpponentAttackTypeData_logId:0,false,30]
6427042,508,4:31:3,6,[]
6427042,509,4:31:11,6,[RefusalData_logId:0,2]
6427042,510,4:31:12,6,[AvailableRefusalData_logId:0,1B]
6427042,510,4:31:13,6,[AvailableRefusalData_logId:0,0C]
6427042,510,4:31:13,6,[AvailableRefusalData_logId:0,0A]
6427042,510,4:31:15,6,[AvailableRefusalData_logId:0,1A]
6427042,510,4:31:18,6,[AvailableRefusalData_logId:0,2A]
6427042,511,4:31:35,6,[AvailableRefusalData_logId:0,0A,1A,2A,true,50]
6427042,512,4:31:38,6,[]
6427042,515,4:31:38,6,[120,0]
6427042,516,4:31:41,6,[]
6427042,517,4:31:42,6,[]
6427042,1005,4:31:42,6,[3,0,3]
6427042,1001,4:31:43,6,[]
6427042,1003,4:31:43,3
6427042,210,4:31:48,465,379
6427042,211,4:31:50,353,564
6427042,213,4:31:50,10,c_crush1_F_G12a1N,false
6427042,1003,4:31:53,2
6427042,1004,4:31:55,2
6427042,900,4:31:57,2,[]
6427042,901,4:31:57,2,[PeopleData_id:0]
6427042,902,4:31:58,2,[PeopleData_id:0,PeopleData_data0Type]
6427042,903,4:32:1,2,[PeopleData_id0,PeopleData_data0Type]
6427042,901,4:32:1,2,[PeopleData_id:0]
6427042,904,4:32:1,2,[PeopleData_id:0]
6427042,905,4:32:1,2,[PeopleData_id:0,RankTypes_id:-1,RankTypes_id:4]
6427042,901,4:32:2,2,[PeopleData_id:5]
6427042,902,4:32:2,2,[PeopleData_id:5,PeopleData_data0Type]
6427042,903,4:32:5,2,[PeopleData_id5,PeopleData_data0Type]
6427042,901,4:32:5,2,[PeopleData_id:5]
6427042,904,4:32:5,2,[PeopleData_id:5]
6427042,905,4:32:5,2,[PeopleData_id:5,RankTypes_id:-1,RankTypes_id:0]
6427042,901,4:32:6,2,[PeopleData_id:6]
6427042,902,4:32:7,2,[PeopleData_id:6,PeopleData_data0Type]
6427042,902,4:32:8,2,[PeopleData_id:6,PeopleData_data1Type]
6427042,902,4:32:11,2,[PeopleData_id:6,PeopleData_data2Type]
6427042,903,4:32:12,2,[PeopleData_id6,PeopleData_data2Type]
6427042,901,4:32:13,2,[PeopleData_id:6]
6427042,904,4:32:13,2,[PeopleData_id:6]
6427042,905,4:32:13,2,[PeopleData_id:6,RankTypes_id:-1,RankTypes_id:0]
6427042,901,4:32:14,2,[PeopleData_id:3]
6427042,902,4:32:14,2,[PeopleData_id:3,PeopleData_data0Type]
6427042,902,4:32:16,2,[PeopleData_id:3,PeopleData_data1Type]
6427042,902,4:32:19,2,[PeopleData_id:3,PeopleData_data2Type]
6427042,903,4:32:27,2,[PeopleData_id3,PeopleData_data2Type]
6427042,901,4:32:28,2,[PeopleData_id:3]
6427042,904,4:32:28,2,[PeopleData_id:3]
6427042,905,4:32:29,2,[PeopleData_id:3,RankTypes_id:-1,RankTypes_id:4]
6427042,901,4:32:29,2,[PeopleData_id:4]
6427042,902,4:32:30,2,[PeopleData_id:4,PeopleData_data0Type]
6427042,902,4:32:32,2,[PeopleData_id:4,PeopleData_data1Type]
6427042,902,4:32:35,2,[PeopleData_id:4,PeopleData_data2Type]
6427042,903,4:32:36,2,[PeopleData_id4,PeopleData_data2Type]
6427042,901,4:32:37,2,[PeopleData_id:4]
6427042,904,4:32:37,2,[PeopleData_id:4]
6427042,905,4:32:38,2,[PeopleData_id:4,RankTypes_id:-1,RankTypes_id:2]
6427042,901,4:32:39,2,[PeopleData_id:2]
6427042,902,4:32:40,2,[PeopleData_id:2,PeopleData_data0Type]
6427042,903,4:32:51,2,[PeopleData_id2,PeopleData_data0Type]
6427042,901,4:32:51,2,[PeopleData_id:2]
6427042,904,4:32:51,2,[PeopleData_id:2]
6427042,905,4:32:52,2,[PeopleData_id:2,RankTypes_id:-1,RankTypes_id:0]
6427042,901,4:32:52,2,[PeopleData_id:1]
6427042,904,4:32:52,2,[PeopleData_id:1]
6427042,902,4:32:54,2,[PeopleData_id:1,PeopleData_data0Type]
6427042,902,4:32:55,2,[PeopleData_id:1,PeopleData_data1Type]
6427042,903,4:32:57,2,[PeopleData_id1,PeopleData_data1Type]
6427042,901,4:32:57,2,[PeopleData_id:1]
6427042,904,4:32:57,2,[PeopleData_id:1]
6427042,905,4:32:58,2,[PeopleData_id:1,RankTypes_id:-1,RankTypes_id:0]
6427042,906,4:32:58,2,[]
6427042,907,4:32:59,2,[]
6427042,908,4:32:59,2,[InvitationData_id:5,PeopleData_id:4,RankTypes_id:2]
6427042,909,4:33:7,2,[InvitationData_id:5,PeopleData_id:4,RankTypes_id:2,1]
6427042,910,4:33:7,2,[InvitationData_id:5,5,false]
6427042,908,4:33:7,2,[InvitationData_id:4,PeopleData_id:3,RankTypes_id:4]
6427042,909,4:33:13,2,[InvitationData_id:4,PeopleData_id:3,RankTypes_id:4,1]
6427042,910,4:33:13,2,[InvitationData_id:4,9,false]
6427042,908,4:33:13,2,[InvitationData_id:0,PeopleData_id:3,RankTypes_id:4]
6427042,909,4:33:29,2,[InvitationData_id:0,PeopleData_id:3,RankTypes_id:4,1]
6427042,910,4:33:30,2,[InvitationData_id:0,9,false]
6427042,908,4:33:30,2,[InvitationData_id:3,PeopleData_id:0,RankTypes_id:4]
6427042,909,4:33:34,2,[InvitationData_id:3,PeopleData_id:0,RankTypes_id:4,1]
6427042,910,4:33:35,2,[InvitationData_id:3,9,false]
6427042,908,4:33:35,2,[InvitationData_id:10,PeopleData_id:0,RankTypes_id:4]
6427042,909,4:33:45,2,[InvitationData_id:10,PeopleData_id:0,RankTypes_id:4,1]
6427042,910,4:33:50,2,[InvitationData_id:10,0,true]
6427042,908,4:33:50,2,[InvitationData_id:9,PeopleData_id:0,RankTypes_id:4]
6427042,909,4:33:53,2,[InvitationData_id:9,PeopleData_id:0,RankTypes_id:4,1]
6427042,910,4:33:55,2,[InvitationData_id:9,9,false]
6427042,908,4:33:55,2,[InvitationData_id:2,PeopleData_id:3,RankTypes_id:4]
6427042,909,4:33:59,2,[InvitationData_id:2,PeopleData_id:3,RankTypes_id:4,1]
6427042,910,4:34:0,2,[InvitationData_id:2,9,false]
6427042,911,4:34:1,2,[50,1,0,1]
6427042,1000,4:34:2,2,[]
6427042,900,4:34:10,2,[]
6427042,901,4:34:11,2,[PeopleData_id:4]
6427042,902,4:34:11,2,[PeopleData_id:4,PeopleData_data0Type]
6427042,902,4:34:13,2,[PeopleData_id:4,PeopleData_data1Type]
6427042,902,4:34:14,2,[PeopleData_id:4,PeopleData_data2Type]
6427042,903,4:34:15,2,[PeopleData_id4,PeopleData_data2Type]
6427042,901,4:34:15,2,[PeopleData_id:4]
6427042,904,4:34:15,2,[PeopleData_id:4]
6427042,905,4:34:16,2,[PeopleData_id:4,RankTypes_id:-1,RankTypes_id:2]
6427042,901,4:34:17,2,[PeopleData_id:6]
6427042,902,4:34:18,2,[PeopleData_id:6,PeopleData_data0Type]
6427042,902,4:34:20,2,[PeopleData_id:6,PeopleData_data1Type]
6427042,902,4:34:22,2,[PeopleData_id:6,PeopleData_data2Type]
6427042,903,4:34:22,2,[PeopleData_id6,PeopleData_data2Type]
6427042,901,4:34:23,2,[PeopleData_id:6]
6427042,904,4:34:23,2,[PeopleData_id:6]
6427042,905,4:34:24,2,[PeopleData_id:6,RankTypes_id:-1,RankTypes_id:0]
6427042,901,4:34:33,2,[PeopleData_id:3]
6427042,902,4:34:34,2,[PeopleData_id:3,PeopleData_data0Type]
6427042,902,4:34:35,2,[PeopleData_id:3,PeopleData_data1Type]
6427042,903,4:34:37,2,[PeopleData_id3,PeopleData_data1Type]
6427042,901,4:34:37,2,[PeopleData_id:3]
6427042,904,4:34:37,2,[PeopleData_id:3]
6427042,905,4:34:38,2,[PeopleData_id:3,RankTypes_id:-1,RankTypes_id:4]
6427042,901,4:34:38,2,[PeopleData_id:0]
6427042,902,4:34:39,2,[PeopleData_id:0,PeopleData_data0Type]
6427042,903,4:34:41,2,[PeopleData_id0,PeopleData_data0Type]
6427042,901,4:34:42,2,[PeopleData_id:0]
6427042,904,4:34:42,2,[PeopleData_id:0]
6427042,905,4:34:42,2,[PeopleData_id:0,RankTypes_id:-1,RankTypes_id:4]
6427042,901,4:34:43,2,[PeopleData_id:1]
6427042,902,4:34:44,2,[PeopleData_id:1,PeopleData_data0Type]
6427042,902,4:34:45,2,[PeopleData_id:1,PeopleData_data1Type]
6427042,903,4:34:46,2,[PeopleData_id1,PeopleData_data1Type]
6427042,901,4:34:47,2,[PeopleData_id:1]
6427042,904,4:34:47,2,[PeopleData_id:1]
6427042,905,4:34:47,2,[PeopleData_id:1,RankTypes_id:-1,RankTypes_id:0]
6427042,901,4:34:48,2,[PeopleData_id:2]
6427042,902,4:34:48,2,[PeopleData_id:2,PeopleData_data0Type]
6427042,903,4:34:50,2,[PeopleData_id2,PeopleData_data0Type]
6427042,901,4:34:52,2,[PeopleData_id:2]
6427042,904,4:34:52,2,[PeopleData_id:2]
6427042,905,4:34:52,2,[PeopleData_id:2,RankTypes_id:-1,RankTypes_id:0]
6427042,901,4:34:52,2,[PeopleData_id:5]
6427042,902,4:34:53,2,[PeopleData_id:5,PeopleData_data0Type]
6427042,902,4:34:54,2,[PeopleData_id:5,PeopleData_data1Type]
6427042,903,4:34:55,2,[PeopleData_id5,PeopleData_data1Type]
6427042,901,4:34:55,2,[PeopleData_id:5]
6427042,904,4:34:55,2,[PeopleData_id:5]
6427042,905,4:34:56,2,[PeopleData_id:5,RankTypes_id:-1,RankTypes_id:0]
6427042,906,4:34:56,2,[]
6427042,907,4:34:57,2,[]
6427042,908,4:34:57,2,[InvitationData_id:0,PeopleData_id:3,RankTypes_id:4]
6427042,909,4:35:0,2,[InvitationData_id:0,PeopleData_id:3,RankTypes_id:4,1]
6427042,910,4:35:1,2,[InvitationData_id:0,9,false]
6427042,908,4:35:1,2,[InvitationData_id:9,PeopleData_id:0,RankTypes_id:4]
6427042,909,4:35:4,2,[InvitationData_id:9,PeopleData_id:0,RankTypes_id:4,1]
6427042,910,4:35:4,2,[InvitationData_id:9,9,false]
6427042,908,4:35:4,2,[InvitationData_id:3,PeopleData_id:0,RankTypes_id:4]
6427042,909,4:35:6,2,[InvitationData_id:3,PeopleData_id:0,RankTypes_id:4,1]
6427042,910,4:35:7,2,[InvitationData_id:3,9,false]
6427042,908,4:35:7,2,[InvitationData_id:10,PeopleData_id:0,RankTypes_id:4]
6427042,909,4:35:11,2,[InvitationData_id:10,PeopleData_id:0,RankTypes_id:4,0]
6427042,910,4:35:12,2,[InvitationData_id:10,-11,false]
6427042,908,4:35:12,2,[InvitationData_id:4,PeopleData_id:3,RankTypes_id:4]
6427042,909,4:35:15,2,[InvitationData_id:4,PeopleData_id:3,RankTypes_id:4,1]
6427042,910,4:35:16,2,[InvitationData_id:4,9,false]
6427042,908,4:35:16,2,[InvitationData_id:5,PeopleData_id:4,RankTypes_id:2]
6427042,909,4:35:18,2,[InvitationData_id:5,PeopleData_id:4,RankTypes_id:2,1]
6427042,910,4:35:19,2,[InvitationData_id:5,5,false]
6427042,908,4:35:19,2,[InvitationData_id:2,PeopleData_id:3,RankTypes_id:4]
6427042,909,4:35:24,2,[InvitationData_id:2,PeopleData_id:3,RankTypes_id:4,1]
6427042,910,4:35:25,2,[InvitationData_id:2,9,false]
6427042,911,4:35:26,2,[39,0,0,0]
6427042,1005,4:35:26,2,[2,2,3]
6427042,1001,4:35:27,2,[]
6427042,1003,4:35:27,2
6427042,210,4:35:30,594,367
6427042,211,4:35:32,356,539
6427042,213,4:35:32,10,c_crush1_F_G12a1N,false
6427042,1003,4:35:36,2
6427042,210,4:35:40,882,221
6427042,207,4:35:41,10,-200,-512
6427042,211,4:35:43,1180,532
6427042,221,4:35:44,10
6427042,220,4:35:45,10
6427042,1003,4:35:45,3
6427042,219,4:35:50,10
6427042,216,4:35:52,Stack_G12a2N
6427042,217,4:36:6,Stack_G12a2N,13,0.00
6427042,218,4:36:7,10
6427042,210,4:36:8,567,393
6427042,211,4:36:11,1116,348
6427042,213,4:36:11,10,c_grandma_lati_G12a2N,false
6427042,1003,4:36:14,2
6427042,210,4:36:18,834,284
6427042,211,4:36:20,1895,410
6427042,207,4:36:20,10,-200,-920
6427042,210,4:36:20,1718,407
6427042,211,4:36:23,1799,512
6427042,213,4:36:23,10,c_mom_lati_G12a2N,false
6427042,1003,4:36:35,2
6427042,210,4:36:38,1017,347
6427042,211,4:36:39,1205,683
6427042,207,4:36:39,10,-200,-260
6427042,212,4:36:39,1
6427042,210,4:36:39,1149,351
6427042,207,4:36:40,10,-260,-230
6427042,211,4:36:42,777,280
6427042,213,4:36:42,10,s_door_gen,false
6427042,1003,4:36:45,1
6427042,1004,4:36:47,8
6427042,800,4:36:49,8,[]
6427042,801,4:36:52,8,[]
6427042,814,4:36:55,8,[0]
6427042,815,4:36:55,8,0,OpportunityCardData_id:0
6427042,816,4:36:58,8,0,OpportunityCardData_id:0
6427042,803,4:36:59,8,[OpportunityCardData_id:0,OpportunityCardConsequencesData_logId:0]
6427042,803,4:37:1,8,[OpportunityCardData_id:0,OpportunityCardConsequencesData_logId:1]
6427042,805,4:37:4,8,[OpportunityCardData_id:0]
6427042,806,4:37:25,8,[OpportunityCardData_id:0,PriorityData_type:3]
6427042,807,4:37:27,8,[OpportunityCardData_id:0]
6427042,808,4:37:38,8,[OpportunityCardData_id:0]
6427042,809,4:37:42,8,[OpportunityCardData_id:0,Safe,false]
6427042,810,4:37:43,8,[OpportunityCardData_id:0,PriorityData_type:0,15,Safe,Safe]
6427042,814,4:37:46,8,[0]
6427042,815,4:37:46,8,0,OpportunityCardData_id:1
6427042,815,4:37:48,8,0,OpportunityCardData_id:2
6427042,815,4:37:49,8,0,OpportunityCardData_id:1
6427042,816,4:37:51,8,0,OpportunityCardData_id:1
6427042,803,4:37:52,8,[OpportunityCardData_id:1,OpportunityCardConsequencesData_logId:0]
6427042,803,4:37:53,8,[OpportunityCardData_id:1,OpportunityCardConsequencesData_logId:1]
6427042,805,4:38:1,8,[OpportunityCardData_id:1]
6427042,806,4:38:4,8,[OpportunityCardData_id:1,PriorityData_type:1]
6427042,807,4:38:4,8,[OpportunityCardData_id:1]
6427042,808,4:38:6,8,[OpportunityCardData_id:1]
6427042,809,4:38:10,8,[OpportunityCardData_id:1,PriorityData_type:3,false]
6427042,810,4:38:11,8,[OpportunityCardData_id:1,PriorityData_type:0,15,PriorityData_type:3,5]
6427042,814,4:38:21,8,[3]
6427042,815,4:38:21,8,3,OpportunityCardData_id:19
6427042,816,4:38:24,8,3,OpportunityCardData_id:19
6427042,803,4:38:25,8,[OpportunityCardData_id:19,OpportunityCardConsequencesData_logId:0]
6427042,803,4:38:26,8,[OpportunityCardData_id:19,OpportunityCardConsequencesData_logId:1]
6427042,803,4:38:27,8,[OpportunityCardData_id:19,OpportunityCardConsequencesData_logId:2]
6427042,805,4:38:29,8,[OpportunityCardData_id:19]
6427042,806,4:38:33,8,[OpportunityCardData_id:19,PriorityData_type:0]
6427042,807,4:38:34,8,[OpportunityCardData_id:19]
6427042,808,4:38:35,8,[OpportunityCardData_id:19]
6427042,809,4:38:40,8,[OpportunityCardData_id:19,PriorityData_type:5,false]
6427042,810,4:38:41,8,[OpportunityCardData_id:19,PriorityData_type:3,15,PriorityData_type:5,25]
6427042,812,4:38:43,8,[OpportunityCardData_id:19,PriorityData_type:5]
6427042,813,4:38:46,8,[]
6427042,1001,4:38:50,8,[]
6427042,1003,4:38:50,1
6427042,1004,4:38:52,8
6427042,800,4:38:53,8,[]
6427042,801,4:38:54,8,[]
6427042,814,4:38:59,8,[0]
6427042,815,4:38:59,8,0,OpportunityCardData_id:0
6427042,816,4:39:2,8,0,OpportunityCardData_id:0
6427042,803,4:39:2,8,[OpportunityCardData_id:0,OpportunityCardConsequencesData_logId:0]
6427042,803,4:39:3,8,[OpportunityCardData_id:0,OpportunityCardConsequencesData_logId:1]
6427042,805,4:39:3,8,[OpportunityCardData_id:0]
6427042,806,4:39:10,8,[OpportunityCardData_id:0,PriorityData_type:3]
6427042,807,4:39:11,8,[OpportunityCardData_id:0]
6427042,808,4:39:13,8,[OpportunityCardData_id:0]
6427042,809,4:39:16,8,[OpportunityCardData_id:0,PriorityData_type:4,false]
6427042,810,4:39:20,8,[OpportunityCardData_id:0,PriorityData_type:0,15,PriorityData_type:4,5]
6427042,814,4:39:23,8,[0]
6427042,815,4:39:23,8,0,OpportunityCardData_id:1
6427042,816,4:39:24,8,0,OpportunityCardData_id:1
6427042,803,4:39:25,8,[OpportunityCardData_id:1,OpportunityCardConsequencesData_logId:0]
6427042,803,4:39:25,8,[OpportunityCardData_id:1,OpportunityCardConsequencesData_logId:1]
6427042,805,4:39:27,8,[OpportunityCardData_id:1]
6427042,806,4:39:28,8,[OpportunityCardData_id:1,PriorityData_type:1]
6427042,806,4:39:29,8,[OpportunityCardData_id:1,PriorityData_type:3]
6427042,807,4:39:29,8,[OpportunityCardData_id:1]
6427042,808,4:39:31,8,[OpportunityCardData_id:1]
6427042,809,4:39:36,8,[OpportunityCardData_id:1,PriorityData_type:3,true]
6427042,810,4:39:37,8,[OpportunityCardData_id:1,PriorityData_type:0,15,Safe,Safe]
6427042,814,4:39:42,8,[3]
6427042,815,4:39:42,8,3,OpportunityCardData_id:19
6427042,815,4:39:44,8,3,OpportunityCardData_id:20
6427042,816,4:39:47,8,3,OpportunityCardData_id:20
6427042,803,4:39:48,8,[OpportunityCardData_id:20,OpportunityCardConsequencesData_logId:0]
6427042,803,4:39:49,8,[OpportunityCardData_id:20,OpportunityCardConsequencesData_logId:1]
6427042,803,4:39:50,8,[OpportunityCardData_id:20,OpportunityCardConsequencesData_logId:2]
6427042,805,4:39:52,8,[OpportunityCardData_id:20]
6427042,806,4:39:57,8,[OpportunityCardData_id:20,PriorityData_type:0]
6427042,807,4:39:59,8,[OpportunityCardData_id:20]
6427042,808,4:40:1,8,[OpportunityCardData_id:20]
6427042,809,4:40:6,8,[OpportunityCardData_id:20,PriorityData_type:0,true]
6427042,810,4:40:7,8,[OpportunityCardData_id:20,PriorityData_type:3,15,Safe,Safe]
6427042,814,4:40:11,8,[3]
6427042,815,4:40:11,8,3,OpportunityCardData_id:19
6427042,815,4:40:12,8,3,OpportunityCardData_id:21
6427042,816,4:40:17,8,3,OpportunityCardData_id:21
6427042,803,4:40:18,8,[OpportunityCardData_id:21,OpportunityCardConsequencesData_logId:0]
6427042,803,4:40:18,8,[OpportunityCardData_id:21,OpportunityCardConsequencesData_logId:1]
6427042,805,4:40:20,8,[OpportunityCardData_id:21]
6427042,806,4:40:26,8,[OpportunityCardData_id:21,PriorityData_type:4]
6427042,806,4:40:28,8,[OpportunityCardData_id:21,PriorityData_type:2]
6427042,806,4:40:29,8,[OpportunityCardData_id:21,PriorityData_type:4]
6427042,807,4:40:33,8,[OpportunityCardData_id:21]
6427042,808,4:40:35,8,[OpportunityCardData_id:21]
6427042,809,4:40:40,8,[OpportunityCardData_id:21,Safe,false]
6427042,810,4:40:54,8,[OpportunityCardData_id:21,PriorityData_type:3,20,Safe,Safe]
6427042,814,4:40:57,8,[3]
6427042,815,4:40:57,8,3,OpportunityCardData_id:19
6427042,815,4:40:59,8,3,OpportunityCardData_id:22
6427042,815,4:41:1,8,3,OpportunityCardData_id:23
6427042,815,4:41:6,8,3,OpportunityCardData_id:22
6427042,815,4:41:7,8,3,OpportunityCardData_id:23
6427042,815,4:41:7,8,3,OpportunityCardData_id:24
6427042,816,4:41:10,8,3,OpportunityCardData_id:24
6427042,803,4:41:11,8,[OpportunityCardData_id:24,OpportunityCardConsequencesData_logId:0]
6427042,803,4:41:12,8,[OpportunityCardData_id:24,OpportunityCardConsequencesData_logId:1]
6427042,805,4:41:13,8,[OpportunityCardData_id:24]
6427042,806,4:41:18,8,[OpportunityCardData_id:24,PriorityData_type:0]
6427042,807,4:41:18,8,[OpportunityCardData_id:24]
6427042,808,4:41:30,8,[OpportunityCardData_id:24]
6427042,809,4:41:35,8,[OpportunityCardData_id:24,PriorityData_type:5,false]
6427042,810,4:41:36,8,[OpportunityCardData_id:24,PriorityData_type:3,10,PriorityData_type:5,25]
6427042,812,4:41:37,8,[OpportunityCardData_id:24,PriorityData_type:5]
6427042,813,4:41:38,8,[]
6427042,1001,4:41:42,8,[]
6427042,1003,4:41:42,1
6427042,1004,4:41:43,9
6427042,800,4:41:45,9,[]
6427042,801,4:41:47,9,[]
6427042,814,4:41:48,9,[0]
6427042,815,4:41:48,9,0,OpportunityCardData_id:0
6427042,815,4:41:53,9,0,OpportunityCardData_id:1
6427042,815,4:41:54,9,0,OpportunityCardData_id:2
6427042,816,4:41:57,9,0,OpportunityCardData_id:2
6427042,803,4:41:58,9,[OpportunityCardData_id:2,OpportunityCardConsequencesData_logId:1]
6427042,803,4:42:0,9,[OpportunityCardData_id:2,OpportunityCardConsequencesData_logId:2]
6427042,805,4:42:2,9,[OpportunityCardData_id:2]
6427042,806,4:42:12,9,[OpportunityCardData_id:2,PriorityData_type:2]
6427042,807,4:42:16,9,[OpportunityCardData_id:2]
6427042,808,4:42:17,9,[OpportunityCardData_id:2]
6427042,809,4:42:23,9,[OpportunityCardData_id:2,PriorityData_type:2,true]
6427042,810,4:42:24,9,[OpportunityCardData_id:2,PriorityData_type:0,10,Safe,Safe]
6427042,814,4:42:28,9,[4]
6427042,815,4:42:28,9,4,OpportunityCardData_id:24
6427042,815,4:42:29,9,4,OpportunityCardData_id:25
6427042,815,4:42:31,9,4,OpportunityCardData_id:26
6427042,815,4:42:33,9,4,OpportunityCardData_id:27
6427042,815,4:42:34,9,4,OpportunityCardData_id:28
6427042,815,4:42:35,9,4,OpportunityCardData_id:29
6427042,815,4:42:36,9,4,OpportunityCardData_id:31
6427042,815,4:42:36,9,4,OpportunityCardData_id:24
6427042,815,4:42:37,9,4,OpportunityCardData_id:25
6427042,815,4:42:41,9,4,OpportunityCardData_id:26
6427042,815,4:42:43,9,4,OpportunityCardData_id:27
6427042,815,4:42:43,9,4,OpportunityCardData_id:26
6427042,816,4:42:44,9,4,OpportunityCardData_id:26
6427042,803,4:42:45,9,[OpportunityCardData_id:26,OpportunityCardConsequencesData_logId:0]
6427042,805,4:42:50,9,[OpportunityCardData_id:26]
6427042,806,4:42:55,9,[OpportunityCardData_id:26,PriorityData_type:0]
6427042,807,4:42:56,9,[OpportunityCardData_id:26]
6427042,808,4:42:58,9,[OpportunityCardData_id:26]
6427042,809,4:43:1,9,[OpportunityCardData_id:26,PriorityData_type:0,true]
6427042,810,4:43:2,9,[OpportunityCardData_id:26,PriorityData_type:4,20,Safe,Safe]
6427042,814,4:43:5,9,[4]
6427042,815,4:43:5,9,4,OpportunityCardData_id:24
6427042,815,4:43:6,9,4,OpportunityCardData_id:25
6427042,816,4:43:7,9,4,OpportunityCardData_id:25
6427042,803,4:43:8,9,[OpportunityCardData_id:25,OpportunityCardConsequencesData_logId:1]
6427042,803,4:43:11,9,[OpportunityCardData_id:25,OpportunityCardConsequencesData_logId:2]
6427042,805,4:43:13,9,[OpportunityCardData_id:25]
6427042,806,4:43:16,9,[OpportunityCardData_id:25,PriorityData_type:0]
6427042,806,4:43:18,9,[OpportunityCardData_id:25,PriorityData_type:3]
6427042,806,4:43:21,9,[OpportunityCardData_id:25,PriorityData_type:2]
6427042,807,4:43:22,9,[OpportunityCardData_id:25]
6427042,808,4:43:23,9,[OpportunityCardData_id:25]
6427042,809,4:43:27,9,[OpportunityCardData_id:25,PriorityData_type:3,false]
6427042,810,4:43:28,9,[OpportunityCardData_id:25,PriorityData_type:4,10,PriorityData_type:3,20]
6427042,812,4:43:30,9,[OpportunityCardData_id:25,PriorityData_type:3]
6427042,813,4:43:31,9,[]
6427042,1000,4:43:33,9,[]
6427042,800,4:43:34,9,[]
6427042,801,4:43:41,9,[]
6427042,814,4:43:49,9,[2]
6427042,815,4:43:49,9,2,OpportunityCardData_id:11
6427042,816,4:43:52,9,2,OpportunityCardData_id:11
6427042,803,4:43:53,9,[OpportunityCardData_id:11,OpportunityCardConsequencesData_logId:0]
6427042,805,4:44:1,9,[OpportunityCardData_id:11]
6427042,806,4:44:1,9,[OpportunityCardData_id:11,PriorityData_type:0]
6427042,806,4:44:2,9,[OpportunityCardData_id:11,PriorityData_type:3]
6427042,806,4:44:3,9,[OpportunityCardData_id:11,PriorityData_type:1]
6427042,807,4:44:5,9,[OpportunityCardData_id:11]
6427042,808,4:44:7,9,[OpportunityCardData_id:11]
6427042,809,4:44:11,9,[OpportunityCardData_id:11,PriorityData_type:4,false]
6427042,810,4:44:12,9,[OpportunityCardData_id:11,PriorityData_type:2,5,PriorityData_type:4,15]
6427042,814,4:44:16,9,[4]
6427042,815,4:44:16,9,4,OpportunityCardData_id:24
6427042,815,4:44:17,9,4,OpportunityCardData_id:25
6427042,815,4:44:18,9,4,OpportunityCardData_id:26
6427042,816,4:44:19,9,4,OpportunityCardData_id:26
6427042,803,4:44:21,9,[OpportunityCardData_id:26,OpportunityCardConsequencesData_logId:1]
6427042,805,4:44:24,9,[OpportunityCardData_id:26]
6427042,806,4:44:25,9,[OpportunityCardData_id:26,PriorityData_type:2]
6427042,807,4:44:26,9,[OpportunityCardData_id:26]
6427042,808,4:44:28,9,[OpportunityCardData_id:26]
6427042,809,4:44:32,9,[OpportunityCardData_id:26,PriorityData_type:0,false]
6427042,810,4:44:33,9,[OpportunityCardData_id:26,PriorityData_type:4,20,PriorityData_type:0,25]
6427042,814,4:44:37,9,[0]
6427042,815,4:44:37,9,0,OpportunityCardData_id:0
6427042,815,4:44:39,9,0,OpportunityCardData_id:1
6427042,815,4:44:40,9,0,OpportunityCardData_id:2
6427042,816,4:44:41,9,0,OpportunityCardData_id:2
6427042,803,4:44:42,9,[OpportunityCardData_id:2,OpportunityCardConsequencesData_logId:1]
6427042,803,4:44:43,9,[OpportunityCardData_id:2,OpportunityCardConsequencesData_logId:0]
6427042,805,4:44:46,9,[OpportunityCardData_id:2]
6427042,806,4:44:47,9,[OpportunityCardData_id:2,PriorityData_type:2]
6427042,806,4:44:47,9,[OpportunityCardData_id:2,PriorityData_type:3]
6427042,807,4:44:49,9,[OpportunityCardData_id:2]
6427042,808,4:44:50,9,[OpportunityCardData_id:2]
6427042,809,4:44:54,9,[OpportunityCardData_id:2,PriorityData_type:2,false]
6427042,810,4:44:55,9,[OpportunityCardData_id:2,PriorityData_type:0,10,PriorityData_type:2,10]
6427042,814,4:45:5,9,[0]
6427042,815,4:45:5,9,0,OpportunityCardData_id:0
6427042,815,4:45:6,9,0,OpportunityCardData_id:1
6427042,815,4:45:6,9,0,OpportunityCardData_id:0
6427042,816,4:45:7,9,0,OpportunityCardData_id:0
6427042,803,4:45:8,9,[OpportunityCardData_id:0,OpportunityCardConsequencesData_logId:0]
6427042,803,4:45:8,9,[OpportunityCardData_id:0,OpportunityCardConsequencesData_logId:1]
6427042,803,4:45:8,9,[OpportunityCardData_id:0,OpportunityCardConsequencesData_logId:2]
6427042,805,4:45:10,9,[OpportunityCardData_id:0]
6427042,806,4:45:17,9,[OpportunityCardData_id:0,PriorityData_type:1]
6427042,806,4:45:25,9,[OpportunityCardData_id:0,PriorityData_type:3]
6427042,807,4:45:26,9,[OpportunityCardData_id:0]
6427042,808,4:45:29,9,[OpportunityCardData_id:0]
6427042,809,4:45:33,9,[OpportunityCardData_id:0,Safe,false]
6427042,810,4:45:34,9,[OpportunityCardData_id:0,PriorityData_type:0,15,Safe,Safe]
6427042,814,4:45:37,9,[0]
6427042,815,4:45:37,9,0,OpportunityCardData_id:1
6427042,815,4:45:38,9,0,OpportunityCardData_id:3
6427042,815,4:45:38,9,0,OpportunityCardData_id:4
6427042,815,4:45:39,9,0,OpportunityCardData_id:5
6427042,815,4:45:40,9,0,OpportunityCardData_id:1
6427042,815,4:45:41,9,0,OpportunityCardData_id:3
6427042,815,4:45:41,9,0,OpportunityCardData_id:4
6427042,815,4:45:42,9,0,OpportunityCardData_id:5
6427042,815,4:45:42,9,0,OpportunityCardData_id:1
6427042,815,4:45:42,9,0,OpportunityCardData_id:3
6427042,815,4:45:43,9,0,OpportunityCardData_id:4
6427042,815,4:45:43,9,0,OpportunityCardData_id:5
6427042,815,4:45:43,9,0,OpportunityCardData_id:1
6427042,815,4:45:43,9,0,OpportunityCardData_id:3
6427042,815,4:45:43,9,0,OpportunityCardData_id:4
6427042,815,4:45:44,9,0,OpportunityCardData_id:5
6427042,815,4:45:44,9,0,OpportunityCardData_id:1
6427042,817,4:45:47,9,0
6427042,814,4:45:49,9,[2]
6427042,815,4:45:49,9,2,OpportunityCardData_id:12
6427042,815,4:45:53,9,2,OpportunityCardData_id:13
6427042,816,4:45:57,9,2,OpportunityCardData_id:13
6427042,803,4:45:57,9,[OpportunityCardData_id:13,OpportunityCardConsequencesData_logId:1]
6427042,803,4:46:0,9,[OpportunityCardData_id:13,OpportunityCardConsequencesData_logId:0]
6427042,805,4:46:3,9,[OpportunityCardData_id:13]
6427042,806,4:46:3,9,[OpportunityCardData_id:13,PriorityData_type:3]
6427042,807,4:46:5,9,[OpportunityCardData_id:13]
6427042,808,4:46:7,9,[OpportunityCardData_id:13]
6427042,809,4:46:11,9,[OpportunityCardData_id:13,Safe,false]
6427042,810,4:46:12,9,[OpportunityCardData_id:13,PriorityData_type:2,10,Safe,Safe]
6427042,814,4:46:17,9,[4]
6427042,815,4:46:17,9,4,OpportunityCardData_id:24
6427042,815,4:46:18,9,4,OpportunityCardData_id:25
6427042,815,4:46:18,9,4,OpportunityCardData_id:27
6427042,815,4:46:19,9,4,OpportunityCardData_id:25
6427042,816,4:46:20,9,4,OpportunityCardData_id:25
6427042,803,4:46:20,9,[OpportunityCardData_id:25,OpportunityCardConsequencesData_logId:0]
6427042,803,4:46:21,9,[OpportunityCardData_id:25,OpportunityCardConsequencesData_logId:1]
6427042,803,4:46:21,9,[OpportunityCardData_id:25,OpportunityCardConsequencesData_logId:2]
6427042,805,4:46:26,9,[OpportunityCardData_id:25]
6427042,806,4:46:27,9,[OpportunityCardData_id:25,PriorityData_type:3]
6427042,807,4:46:28,9,[OpportunityCardData_id:25]
6427042,808,4:46:29,9,[OpportunityCardData_id:25]
6427042,809,4:46:34,9,[OpportunityCardData_id:25,Safe,false]
6427042,810,4:46:34,9,[OpportunityCardData_id:25,PriorityData_type:4,10,Safe,Safe]
6427042,814,4:46:39,9,[4]
6427042,815,4:46:39,9,4,OpportunityCardData_id:24
6427042,815,4:46:41,9,4,OpportunityCardData_id:27
6427042,815,4:46:41,9,4,OpportunityCardData_id:28
6427042,815,4:46:42,9,4,OpportunityCardData_id:29
6427042,815,4:46:43,9,4,OpportunityCardData_id:31
6427042,815,4:46:43,9,4,OpportunityCardData_id:24
6427042,815,4:46:44,9,4,OpportunityCardData_id:27
6427042,817,4:46:45,9,4
6427042,814,4:46:46,9,[0]
6427042,815,4:46:46,9,0,OpportunityCardData_id:1
6427042,815,4:46:47,9,0,OpportunityCardData_id:3
6427042,815,4:46:47,9,0,OpportunityCardData_id:4
6427042,815,4:46:48,9,0,OpportunityCardData_id:5
6427042,815,4:46:48,9,0,OpportunityCardData_id:1
6427042,817,4:46:50,9,0
6427042,814,4:46:51,9,[2]
6427042,815,4:46:51,9,2,OpportunityCardData_id:12
6427042,815,4:46:52,9,2,OpportunityCardData_id:14
6427042,816,4:46:55,9,2,OpportunityCardData_id:14
6427042,803,4:46:56,9,[OpportunityCardData_id:14,OpportunityCardConsequencesData_logId:0]
6427042,803,4:46:57,9,[OpportunityCardData_id:14,OpportunityCardConsequencesData_logId:1]
6427042,805,4:46:59,9,[OpportunityCardData_id:14]
6427042,806,4:47:3,9,[OpportunityCardData_id:14,PriorityData_type:4]
6427042,807,4:47:6,9,[OpportunityCardData_id:14]
6427042,808,4:47:8,9,[OpportunityCardData_id:14]
6427042,809,4:47:12,9,[OpportunityCardData_id:14,PriorityData_type:3,false]
6427042,810,4:47:13,9,[OpportunityCardData_id:14,PriorityData_type:2,5,PriorityData_type:3,5]
6427042,814,4:47:16,9,[0]
6427042,815,4:47:17,9,0,OpportunityCardData_id:1
6427042,815,4:47:18,9,0,OpportunityCardData_id:3
6427042,815,4:47:18,9,0,OpportunityCardData_id:1
6427042,816,4:47:21,9,0,OpportunityCardData_id:1
6427042,803,4:47:22,9,[OpportunityCardData_id:1,OpportunityCardConsequencesData_logId:0]
6427042,803,4:47:24,9,[OpportunityCardData_id:1,OpportunityCardConsequencesData_logId:1]
6427042,805,4:47:26,9,[OpportunityCardData_id:1]
6427042,806,4:47:29,9,[OpportunityCardData_id:1,PriorityData_type:2]
6427042,807,4:47:30,9,[OpportunityCardData_id:1]
6427042,808,4:47:33,9,[OpportunityCardData_id:1]
6427042,809,4:47:36,9,[OpportunityCardData_id:1,Safe,false]
6427042,810,4:47:43,9,[OpportunityCardData_id:1,PriorityData_type:0,20,Safe,Safe]
6427042,814,4:48:1,9,[4]
6427042,815,4:48:1,9,4,OpportunityCardData_id:24
6427042,815,4:48:2,9,4,OpportunityCardData_id:27
6427042,815,4:48:2,9,4,OpportunityCardData_id:28
6427042,817,4:48:3,9,4
6427042,814,4:48:5,9,[3]
6427042,815,4:48:5,9,3,OpportunityCardData_id:17
6427042,815,4:48:10,9,3,OpportunityCardData_id:18
6427042,816,4:48:12,9,3,OpportunityCardData_id:18
6427042,803,4:48:13,9,[OpportunityCardData_id:18,OpportunityCardConsequencesData_logId:0]
6427042,803,4:48:14,9,[OpportunityCardData_id:18,OpportunityCardConsequencesData_logId:1]
6427042,805,4:48:19,9,[OpportunityCardData_id:18]
6427042,806,4:48:20,9,[OpportunityCardData_id:18,PriorityData_type:2]
6427042,807,4:48:21,9,[OpportunityCardData_id:18]
6427042,808,4:48:23,9,[OpportunityCardData_id:18]
6427042,809,4:48:28,9,[OpportunityCardData_id:18,Safe,false]
6427042,810,4:48:28,9,[OpportunityCardData_id:18,PriorityData_type:3,10,Safe,Safe]
6427042,814,4:48:32,9,[3]
6427042,815,4:48:32,9,3,OpportunityCardData_id:17
6427042,815,4:48:33,9,3,OpportunityCardData_id:19
6427042,815,4:48:33,9,3,OpportunityCardData_id:20
6427042,815,4:48:34,9,3,OpportunityCardData_id:19
6427042,816,4:48:36,9,3,OpportunityCardData_id:19
6427042,803,4:48:38,9,[OpportunityCardData_id:19,OpportunityCardConsequencesData_logId:0]
6427042,803,4:48:39,9,[OpportunityCardData_id:19,OpportunityCardConsequencesData_logId:1]
6427042,805,4:48:41,9,[OpportunityCardData_id:19]
6427042,806,4:48:43,9,[OpportunityCardData_id:19,PriorityData_type:1]
6427042,807,4:48:43,9,[OpportunityCardData_id:19]
6427042,808,4:48:45,9,[OpportunityCardData_id:19]
6427042,809,4:48:49,9,[OpportunityCardData_id:19,Safe,false]
6427042,810,4:48:50,9,[OpportunityCardData_id:19,PriorityData_type:3,10,Safe,Safe]
6427042,814,4:48:53,9,[4]
6427042,815,4:48:53,9,4,OpportunityCardData_id:24
6427042,815,4:48:54,9,4,OpportunityCardData_id:27
6427042,815,4:48:55,9,4,OpportunityCardData_id:28
6427042,815,4:48:55,9,4,OpportunityCardData_id:29
6427042,815,4:48:55,9,4,OpportunityCardData_id:31
6427042,817,4:48:56,9,4
6427042,814,4:48:57,9,[3]
6427042,815,4:48:57,9,3,OpportunityCardData_id:17
6427042,815,4:49:41,9,3,OpportunityCardData_id:20
6427042,815,4:49:42,9,3,OpportunityCardData_id:21
6427042,816,4:49:45,9,3,OpportunityCardData_id:21
6427042,803,4:49:46,9,[OpportunityCardData_id:21,OpportunityCardConsequencesData_logId:0]
6427042,803,4:49:47,9,[OpportunityCardData_id:21,OpportunityCardConsequencesData_logId:1]
6427042,805,4:49:50,9,[OpportunityCardData_id:21]
6427042,806,4:49:50,9,[OpportunityCardData_id:21,PriorityData_type:2]
6427042,807,4:49:51,9,[OpportunityCardData_id:21]
6427042,808,4:49:53,9,[OpportunityCardData_id:21]
6427042,809,4:50:0,9,[OpportunityCardData_id:21,Safe,false]
6427042,810,4:50:1,9,[OpportunityCardData_id:21,PriorityData_type:3,10,Safe,Safe]
6427042,814,4:50:8,9,[4]
6427042,815,4:50:8,9,4,OpportunityCardData_id:24
6427042,815,4:50:12,9,4,OpportunityCardData_id:27
6427042,815,4:50:16,9,4,OpportunityCardData_id:28
6427042,815,4:50:18,9,4,OpportunityCardData_id:29
6427042,815,4:50:20,9,4,OpportunityCardData_id:28
6427042,816,4:50:21,9,4,OpportunityCardData_id:28
6427042,803,4:50:22,9,[OpportunityCardData_id:28,OpportunityCardConsequencesData_logId:1]
6427042,803,4:50:23,9,[OpportunityCardData_id:28,OpportunityCardConsequencesData_logId:0]
6427042,805,4:50:28,9,[OpportunityCardData_id:28]
6427042,806,4:50:28,9,[OpportunityCardData_id:28,PriorityData_type:2]
6427042,807,4:50:30,9,[OpportunityCardData_id:28]
6427042,808,4:50:32,9,[OpportunityCardData_id:28]
6427042,809,4:50:36,9,[OpportunityCardData_id:28,Safe,false]
6427042,810,4:50:36,9,[OpportunityCardData_id:28,PriorityData_type:4,15,Safe,Safe]
6427042,814,4:50:39,9,[4]
6427042,815,4:50:39,9,4,OpportunityCardData_id:24
6427042,815,4:50:41,9,4,OpportunityCardData_id:27
6427042,815,4:50:42,9,4,OpportunityCardData_id:29
6427042,815,4:50:42,9,4,OpportunityCardData_id:31
6427042,815,4:50:44,9,4,OpportunityCardData_id:24
6427042,815,4:50:45,9,4,OpportunityCardData_id:31
6427042,816,4:50:46,9,4,OpportunityCardData_id:31
6427042,803,4:50:47,9,[OpportunityCardData_id:31,OpportunityCardConsequencesData_logId:0]
6427042,803,4:50:49,9,[OpportunityCardData_id:31,OpportunityCardConsequencesData_logId:1]
6427042,805,4:50:52,9,[OpportunityCardData_id:31]
6427042,806,4:50:53,9,[OpportunityCardData_id:31,PriorityData_type:2]
6427042,807,4:50:53,9,[OpportunityCardData_id:31]
6427042,808,4:50:55,9,[OpportunityCardData_id:31]
6427042,809,4:51:0,9,[OpportunityCardData_id:31,Safe,false]
6427042,810,4:51:0,9,[OpportunityCardData_id:31,PriorityData_type:4,15,Safe,Safe]
6427042,818,4:51:1,9,3
6427042,811,4:51:3,9,[OpportunityCardData_id:31,PriorityData_type:0,70,70,PriorityData_type:4,70,80]
6427042,1005,4:51:3,9,[1,0,3]
6427042,1001,4:51:4,9,[]
6427042,1003,4:51:4,1
6427042,1004,4:51:7,8
6427042,800,4:51:8,8,[]
6427042,801,4:51:10,8,[]
6427042,814,4:51:21,8,[0]
6427042,815,4:51:21,8,0,OpportunityCardData_id:0
6427042,816,4:51:24,8,0,OpportunityCardData_id:0
6427042,803,4:51:24,8,[OpportunityCardData_id:0,OpportunityCardConsequencesData_logId:0]
6427042,803,4:51:25,8,[OpportunityCardData_id:0,OpportunityCardConsequencesData_logId:1]
6427042,805,4:51:28,8,[OpportunityCardData_id:0]
6427042,806,4:51:29,8,[OpportunityCardData_id:0,PriorityData_type:3]
6427042,807,4:51:30,8,[OpportunityCardData_id:0]
6427042,808,4:51:32,8,[OpportunityCardData_id:0]
6427042,809,4:51:35,8,[OpportunityCardData_id:0,PriorityData_type:5,false]
6427042,810,4:51:36,8,[OpportunityCardData_id:0,PriorityData_type:0,15,PriorityData_type:5,10]
6427042,814,4:51:41,8,[3]
6427042,815,4:51:41,8,3,OpportunityCardData_id:19
6427042,815,4:51:44,8,3,OpportunityCardData_id:20
6427042,816,4:51:46,8,3,OpportunityCardData_id:20
6427042,803,4:51:47,8,[OpportunityCardData_id:20,OpportunityCardConsequencesData_logId:1]
6427042,803,4:51:48,8,[OpportunityCardData_id:20,OpportunityCardConsequencesData_logId:0]
6427042,803,4:51:49,8,[OpportunityCardData_id:20,OpportunityCardConsequencesData_logId:2]
6427042,805,4:51:50,8,[OpportunityCardData_id:20]
6427042,806,4:51:51,8,[OpportunityCardData_id:20,PriorityData_type:0]
6427042,807,4:51:53,8,[OpportunityCardData_id:20]
6427042,808,4:51:54,8,[OpportunityCardData_id:20]
6427042,809,4:51:59,8,[OpportunityCardData_id:20,PriorityData_type:0,true]
6427042,810,4:52:1,8,[OpportunityCardData_id:20,PriorityData_type:3,15,Safe,Safe]
6427042,814,4:52:30,8,[0]
6427042,815,4:52:30,8,0,OpportunityCardData_id:1
6427042,815,4:52:32,8,0,OpportunityCardData_id:2
6427042,815,4:52:33,8,0,OpportunityCardData_id:1
6427042,816,4:52:34,8,0,OpportunityCardData_id:1
6427042,803,4:52:35,8,[OpportunityCardData_id:1,OpportunityCardConsequencesData_logId:0]
6427042,803,4:52:36,8,[OpportunityCardData_id:1,OpportunityCardConsequencesData_logId:1]
6427042,805,4:52:37,8,[OpportunityCardData_id:1]
6427042,806,4:52:39,8,[OpportunityCardData_id:1,PriorityData_type:1]
6427042,806,4:52:40,8,[OpportunityCardData_id:1,PriorityData_type:3]
6427042,807,4:52:41,8,[OpportunityCardData_id:1]
6427042,808,4:52:42,8,[OpportunityCardData_id:1]
6427042,809,4:52:47,8,[OpportunityCardData_id:1,PriorityData_type:1,false]
6427042,810,4:52:48,8,[OpportunityCardData_id:1,PriorityData_type:0,15,PriorityData_type:1,15]
6427042,814,4:52:51,8,[1]
6427042,815,4:52:51,8,1,OpportunityCardData_id:7
6427042,816,4:52:56,8,1,OpportunityCardData_id:7
6427042,803,4:52:57,8,[OpportunityCardData_id:7,OpportunityCardConsequencesData_logId:0]
6427042,803,4:52:57,8,[OpportunityCardData_id:7,OpportunityCardConsequencesData_logId:1]
6427042,803,4:52:57,8,[OpportunityCardData_id:7,OpportunityCardConsequencesData_logId:2]
6427042,805,4:53:5,8,[OpportunityCardData_id:7]
6427042,806,4:53:16,8,[OpportunityCardData_id:7,PriorityData_type:0]
6427042,806,4:53:16,8,[OpportunityCardData_id:7,PriorityData_type:4]
6427042,807,4:53:17,8,[OpportunityCardData_id:7]
6427042,808,4:53:19,8,[OpportunityCardData_id:7]
6427042,809,4:53:23,8,[OpportunityCardData_id:7,PriorityData_type:0,false]
6427042,810,4:53:24,8,[OpportunityCardData_id:7,PriorityData_type:1,20,PriorityData_type:0,25]
6427042,814,4:53:27,8,[0]
6427042,815,4:53:27,8,0,OpportunityCardData_id:2
6427042,815,4:53:28,8,0,OpportunityCardData_id:3
6427042,816,4:53:31,8,0,OpportunityCardData_id:3
6427042,803,4:53:32,8,[OpportunityCardData_id:3,OpportunityCardConsequencesData_logId:0]
6427042,803,4:53:33,8,[OpportunityCardData_id:3,OpportunityCardConsequencesData_logId:1]
6427042,803,4:53:33,8,[OpportunityCardData_id:3,OpportunityCardConsequencesData_logId:2]
6427042,805,4:53:39,8,[OpportunityCardData_id:3]
6427042,806,4:53:42,8,[OpportunityCardData_id:3,PriorityData_type:4]
6427042,807,4:53:43,8,[OpportunityCardData_id:3]
6427042,808,4:53:44,8,[OpportunityCardData_id:3]
6427042,809,4:53:48,8,[OpportunityCardData_id:3,PriorityData_type:2,false]
6427042,810,4:53:49,8,[OpportunityCardData_id:3,PriorityData_type:0,10,PriorityData_type:2,10]
6427042,814,4:53:58,8,[0]
6427042,815,4:53:58,8,0,OpportunityCardData_id:2
6427042,815,4:54:1,8,0,OpportunityCardData_id:4
6427042,816,4:54:3,8,0,OpportunityCardData_id:4
6427042,803,4:54:4,8,[OpportunityCardData_id:4,OpportunityCardConsequencesData_logId:0]
6427042,803,4:54:4,8,[OpportunityCardData_id:4,OpportunityCardConsequencesData_logId:1]
6427042,805,4:54:7,8,[OpportunityCardData_id:4]
6427042,806,4:54:20,8,[OpportunityCardData_id:4,PriorityData_type:3]
6427042,807,4:54:29,8,[OpportunityCardData_id:4]
6427042,808,4:54:31,8,[OpportunityCardData_id:4]
6427042,809,4:54:35,8,[OpportunityCardData_id:4,Safe,false]
6427042,810,4:54:36,8,[OpportunityCardData_id:4,PriorityData_type:0,25,Safe,Safe]
6427042,814,4:54:39,8,[3]
6427042,815,4:54:39,8,3,OpportunityCardData_id:19
6427042,815,4:54:42,8,3,OpportunityCardData_id:21
6427042,815,4:54:44,8,3,OpportunityCardData_id:22
6427042,816,4:54:47,8,3,OpportunityCardData_id:22
6427042,803,4:54:48,8,[OpportunityCardData_id:22,OpportunityCardConsequencesData_logId:0]
6427042,803,4:54:48,8,[OpportunityCardData_id:22,OpportunityCardConsequencesData_logId:1]
6427042,803,4:54:49,8,[OpportunityCardData_id:22,OpportunityCardConsequencesData_logId:2]
6427042,805,4:54:50,8,[OpportunityCardData_id:22]
6427042,806,4:55:6,8,[OpportunityCardData_id:22,PriorityData_type:4]
6427042,807,4:55:12,8,[OpportunityCardData_id:22]
6427042,808,4:55:16,8,[OpportunityCardData_id:22]
6427042,809,4:55:21,8,[OpportunityCardData_id:22,Safe,false]
6427042,810,4:55:24,8,[OpportunityCardData_id:22,PriorityData_type:3,10,Safe,Safe]
6427042,814,4:55:27,8,[3]
6427042,815,4:55:27,8,3,OpportunityCardData_id:19
6427042,815,4:55:29,8,3,OpportunityCardData_id:21
6427042,815,4:55:30,8,3,OpportunityCardData_id:23
6427042,816,4:55:32,8,3,OpportunityCardData_id:23
6427042,803,4:55:33,8,[OpportunityCardData_id:23,OpportunityCardConsequencesData_logId:0]
6427042,803,4:55:34,8,[OpportunityCardData_id:23,OpportunityCardConsequencesData_logId:1]
6427042,803,4:55:35,8,[OpportunityCardData_id:23,OpportunityCardConsequencesData_logId:2]
6427042,805,4:55:42,8,[OpportunityCardData_id:23]
6427042,806,4:55:49,8,[OpportunityCardData_id:23,PriorityData_type:4]
6427042,806,4:56:26,8,[OpportunityCardData_id:23,PriorityData_type:0]
6427042,807,4:56:28,8,[OpportunityCardData_id:23]
6427042,808,4:56:30,8,[OpportunityCardData_id:23]
6427042,809,4:56:34,8,[OpportunityCardData_id:23,PriorityData_type:0,true]
6427042,810,4:56:35,8,[OpportunityCardData_id:23,PriorityData_type:3,10,Safe,Safe]
6427042,814,4:56:39,8,[3]
6427042,815,4:56:39,8,3,OpportunityCardData_id:19
6427042,815,4:56:41,8,3,OpportunityCardData_id:21
6427042,816,4:56:43,8,3,OpportunityCardData_id:21
6427042,803,4:56:44,8,[OpportunityCardData_id:21,OpportunityCardConsequencesData_logId:0]
6427042,803,4:56:45,8,[OpportunityCardData_id:21,OpportunityCardConsequencesData_logId:1]
6427042,805,4:56:46,8,[OpportunityCardData_id:21]
6427042,806,4:56:48,8,[OpportunityCardData_id:21,PriorityData_type:2]
6427042,807,4:56:51,8,[OpportunityCardData_id:21]
6427042,808,4:56:53,8,[OpportunityCardData_id:21]
6427042,809,4:56:57,8,[OpportunityCardData_id:21,PriorityData_type:4,false]
6427042,810,4:57:0,8,[OpportunityCardData_id:21,PriorityData_type:3,20,PriorityData_type:4,10]
6427042,818,4:57:2,8,3
6427042,811,4:57:3,8,[OpportunityCardData_id:21,PriorityData_type:0,70,80,PriorityData_type:3,70,75]
6427042,1005,4:57:3,8,[1,0,3]
6427042,1001,4:57:4,8,[]
6427042,1003,4:57:4,1
6427042,210,4:57:8,501,272
6427042,211,4:57:10,1140,387
6427042,212,4:57:10,0
6427042,210,4:57:11,1117,260
6427042,207,4:57:13,10,-200,-440
6427042,207,4:57:14,10,-440,-530
6427042,211,4:57:15,1209,115
6427042,213,4:57:15,10,s_clock_G12a2N,true
6427042,1003,4:57:18,0
6427042,1004,4:57:20,6
6427042,400,4:57:22,6,[]
6427042,401,4:57:35,6,[StatementsData_logId:0]
6427042,402,4:57:36,6,[StatementsData_logId:0,true]
6427042,405,4:57:37,6,[StatementsData_logId:0]
6427042,406,4:57:40,6,[StatementsData_logId:0,2]
6427042,411,4:57:42,6,[StatementsData_logId:0]
6427042,401,4:58:1,6,[StatementsData_logId:1]
6427042,403,4:58:3,6,[StatementsData_logId:1,true]
6427042,405,4:58:4,6,[StatementsData_logId:1]
6427042,406,4:58:5,6,[StatementsData_logId:1,2]
6427042,407,4:58:5,6,[StatementsData_logId:1,FactCardData_id:4]
6427042,407,4:58:5,6,[StatementsData_logId:1,FactCardData_id:2]
6427042,407,4:58:5,6,[StatementsData_logId:1,FactCardData_id:5]
6427042,407,4:58:5,6,[StatementsData_logId:1,FactCardData_id:10]
6427042,407,4:58:5,6,[StatementsData_logId:1,FactCardData_id:13]
6427042,407,4:58:5,6,[StatementsData_logId:1,FactCardData_id:9]
6427042,407,4:58:11,6,[StatementsData_logId:1,FactCardData_id:9]
6427042,407,4:58:11,6,[StatementsData_logId:1,FactCardData_id:9]
6427042,408,4:58:13,6,[StatementsData_logId:1,FactCardData_id:9,true]
6427042,409,4:58:13,6,[StatementsData_logId:1]
6427042,410,4:58:21,6,[StatementsData_logId:1,2]
6427042,412,4:58:24,6,[StatementsData_logId:1]
6427042,413,4:58:28,6,[StatementsData_logId:1,DuelResponsesData_logId:0]
6427042,414,4:58:34,6,[StatementsData_logId:1,DuelResponsesData_logId:0]
6427042,415,4:58:50,6,[StatementsData_logId:1,DuelResponsesData_logId:0,DuelResponsesData_witty_player_response]
6427042,416,4:58:50,6,[StatementsData_logId:1,DuelResponsesData_logId:0]
6427042,417,4:58:57,6,[StatementsData_logId:1,DuelResponsesData_logId:0]
6427042,413,4:59:1,6,[StatementsData_logId:1,DuelResponsesData_logId:1]
6427042,414,4:59:4,6,[StatementsData_logId:1,DuelResponsesData_logId:1]
6427042,415,4:59:14,6,[StatementsData_logId:1,DuelResponsesData_logId:1,DuelResponsesData_ok_player_response]
6427042,416,4:59:15,6,[StatementsData_logId:1,DuelResponsesData_logId:1]
6427042,417,4:59:20,6,[StatementsData_logId:1,DuelResponsesData_logId:1]
6427042,413,4:59:28,6,[StatementsData_logId:1,DuelResponsesData_logId:2]
6427042,414,4:59:29,6,[StatementsData_logId:1,DuelResponsesData_logId:2]
6427042,415,4:59:32,6,[StatementsData_logId:1,DuelResponsesData_logId:2,DuelResponsesData_witty_player_response]
6427042,416,4:59:33,6,[StatementsData_logId:1,DuelResponsesData_logId:2]
6427042,417,4:59:36,6,[StatementsData_logId:1,DuelResponsesData_logId:2]
6427042,418,4:59:36,6,[StatementsData_logId:1,true]
6427042,419,4:59:49,6,[StatementsData_logId:1,4]
6427042,411,4:59:50,6,[StatementsData_logId:1]
6427042,401,4:59:59,6,[StatementsData_logId:2]
6427042,402,5:1:44,6,[StatementsData_logId:2,true]
6427042,405,5:1:45,6,[StatementsData_logId:2]
6427042,406,5:1:47,6,[StatementsData_logId:2,2]
6427042,411,5:1:48,6,[StatementsData_logId:2]
6427042,401,5:2:2,6,[StatementsData_logId:3]
6427042,403,5:3:25,6,[StatementsData_logId:3,false]
6427042,405,5:3:26,6,[StatementsData_logId:3]
6427042,406,5:3:28,6,[StatementsData_logId:3,-2]
6427042,411,5:3:30,6,[StatementsData_logId:3]
6427042,401,5:3:37,6,[StatementsData_logId:4]
6427042,402,5:3:38,6,[StatementsData_logId:4,true]
6427042,405,5:3:39,6,[StatementsData_logId:4]
6427042,406,5:3:40,6,[StatementsData_logId:4,2]
6427042,411,5:3:41,6,[StatementsData_logId:4]
6427042,401,5:3:48,6,[StatementsData_logId:5]
6427042,403,5:3:49,6,[StatementsData_logId:5,true]
6427042,405,5:3:52,6,[StatementsData_logId:5]
6427042,406,5:3:53,6,[StatementsData_logId:5,2]
6427042,407,5:3:53,6,[StatementsData_logId:5,FactCardData_id:2]
6427042,407,5:3:53,6,[StatementsData_logId:5,FactCardData_id:5]
6427042,407,5:3:53,6,[StatementsData_logId:5,FactCardData_id:4]
6427042,407,5:3:53,6,[StatementsData_logId:5,FactCardData_id:9]
6427042,407,5:3:53,6,[StatementsData_logId:5,FactCardData_id:13]
6427042,407,5:3:53,6,[StatementsData_logId:5,FactCardData_id:10]
6427042,407,5:3:57,6,[StatementsData_logId:5,FactCardData_id:4]
6427042,407,5:3:57,6,[StatementsData_logId:5,FactCardData_id:4]
6427042,407,5:4:2,6,[StatementsData_logId:5,FactCardData_id:13]
6427042,407,5:4:2,6,[StatementsData_logId:5,FactCardData_id:4]
6427042,407,5:4:2,6,[StatementsData_logId:5,FactCardData_id:13]
6427042,407,5:4:3,6,[StatementsData_logId:5,FactCardData_id:9]
6427042,407,5:4:3,6,[StatementsData_logId:5,FactCardData_id:13]
6427042,407,5:4:3,6,[StatementsData_logId:5,FactCardData_id:9]
6427042,407,5:4:4,6,[StatementsData_logId:5,FactCardData_id:5]
6427042,407,5:4:4,6,[StatementsData_logId:5,FactCardData_id:9]
6427042,407,5:4:4,6,[StatementsData_logId:5,FactCardData_id:5]
6427042,407,5:4:9,6,[StatementsData_logId:5,FactCardData_id:10]
6427042,407,5:4:9,6,[StatementsData_logId:5,FactCardData_id:5]
6427042,407,5:4:9,6,[StatementsData_logId:5,FactCardData_id:10]
6427042,407,5:4:11,6,[StatementsData_logId:5,FactCardData_id:2]
6427042,407,5:4:11,6,[StatementsData_logId:5,FactCardData_id:10]
6427042,407,5:4:11,6,[StatementsData_logId:5,FactCardData_id:2]
6427042,407,5:4:13,6,[StatementsData_logId:5,FactCardData_id:5]
6427042,407,5:4:13,6,[StatementsData_logId:5,FactCardData_id:2]
6427042,407,5:4:13,6,[StatementsData_logId:5,FactCardData_id:5]
6427042,408,5:4:14,6,[StatementsData_logId:5,FactCardData_id:5,true]
6427042,409,5:4:14,6,[StatementsData_logId:5]
6427042,410,5:4:15,6,[StatementsData_logId:5,2]
6427042,412,5:4:22,6,[StatementsData_logId:5]
6427042,413,5:4:26,6,[StatementsData_logId:5,DuelResponsesData_logId:3]
6427042,414,5:4:27,6,[StatementsData_logId:5,DuelResponsesData_logId:3]
6427042,415,5:4:38,6,[StatementsData_logId:5,DuelResponsesData_logId:3,DuelResponsesData_witty_player_response]
6427042,416,5:4:39,6,[StatementsData_logId:5,DuelResponsesData_logId:3]
6427042,417,5:5:9,6,[StatementsData_logId:5,DuelResponsesData_logId:3]
6427042,413,5:5:14,6,[StatementsData_logId:5,DuelResponsesData_logId:4]
6427042,414,5:5:15,6,[StatementsData_logId:5,DuelResponsesData_logId:4]
6427042,415,5:5:19,6,[StatementsData_logId:5,DuelResponsesData_logId:4,DuelResponsesData_witty_player_response]
6427042,416,5:5:19,6,[StatementsData_logId:5,DuelResponsesData_logId:4]
6427042,417,5:5:22,6,[StatementsData_logId:5,DuelResponsesData_logId:4]
6427042,413,5:5:32,6,[StatementsData_logId:5,DuelResponsesData_logId:5]
6427042,414,5:5:35,6,[StatementsData_logId:5,DuelResponsesData_logId:5]
6427042,415,5:5:46,6,[StatementsData_logId:5,DuelResponsesData_logId:5,DuelResponsesData_witty_player_response]
6427042,416,5:5:47,6,[StatementsData_logId:5,DuelResponsesData_logId:5]
6427042,417,5:5:48,6,[StatementsData_logId:5,DuelResponsesData_logId:5]
6427042,418,5:5:48,6,[StatementsData_logId:5,true]
6427042,419,5:5:56,6,[StatementsData_logId:5,4]
6427042,411,5:6:0,6,[StatementsData_logId:5]
6427042,401,5:6:29,6,[StatementsData_logId:6]
6427042,402,5:6:44,6,[StatementsData_logId:6,false]
6427042,405,5:6:47,6,[StatementsData_logId:6]
6427042,406,5:6:47,6,[StatementsData_logId:6,-2]
6427042,411,5:6:49,6,[StatementsData_logId:6]
6427042,401,5:6:52,6,[StatementsData_logId:7]
6427042,404,5:6:52,6,[StatementsData_logId:7,false]
6427042,405,5:6:53,6,[StatementsData_logId:7]
6427042,406,5:6:58,6,[StatementsData_logId:7,-2]
6427042,411,5:6:59,6,[StatementsData_logId:7]
6427042,401,5:7:15,6,[StatementsData_logId:8]
6427042,402,5:7:19,6,[StatementsData_logId:8,false]
6427042,405,5:7:20,6,[StatementsData_logId:8]
6427042,406,5:7:21,6,[StatementsData_logId:8,-2]
6427042,411,5:7:22,6,[StatementsData_logId:8]
6427042,420,5:7:22,6,[54]
6427042,1005,5:7:22,6,[0,0,1]
6427042,1001,5:7:31,6,[]
6427042,1003,5:7:31,0
6427042,210,5:7:37,949,291
6427042,207,5:7:41,10,-200,-800
6427042,211,5:7:41,1831,407
6427042,207,5:7:41,10,-800,-830
6427042,207,5:7:42,10,-830,-875
6427042,210,5:7:42,1785,409
6427042,211,5:7:42,1276,561
6427042,221,5:7:49,10
6427042,300,5:7:51
6427042,220,5:7:51,10
6427042,301,5:7:53,5
6427042,302,5:8:5,5,4,0,5
6427042,302,5:8:7,5,4,0,2
6427042,302,5:8:7,5,4,0,3
6427042,304,5:8:9,5,4,0,-1,,3,
6427042,302,5:8:13,5,4,0,2
6427042,303,5:8:18,5,4,0,2
6427042,304,5:8:45,5,4,0,3,,2,husband, 2 kid
6427042,302,5:8:54,5,2,0,5
6427042,302,5:8:55,5,2,0,8
6427042,302,5:8:59,5,2,0,20
6427042,302,5:9:0,5,2,0,17
6427042,302,5:9:1,5,2,0,14
6427042,302,5:9:2,5,2,0,11
6427042,302,5:9:3,5,2,0,8
6427042,305,5:9:5,5,2,0,-1,
6427042,302,5:9:8,5,2,0,5
6427042,302,5:9:10,5,2,0,11
6427042,302,5:9:11,5,2,0,8
6427042,303,5:9:13,5,2,0,8
6427042,304,5:9:15,5,2,0,-1,,8,mom
6427042,302,5:9:18,5,2,1,5
6427042,302,5:9:24,5,2,1,17
6427042,302,5:9:26,5,2,1,20
6427042,302,5:9:31,5,2,1,14
6427042,302,5:9:34,5,2,1,5
6427042,302,5:9:35,5,2,1,8
6427042,302,5:9:39,5,2,1,17
6427042,302,5:9:40,5,2,1,20
6427042,302,5:9:42,5,2,1,23
6427042,302,5:9:43,5,2,1,18
6427042,303,5:9:45,5,2,1,18
6427042,306,5:9:48,5,0,1
6427042,304,5:9:48,5,2,1,-1,,18,dad
6427042,302,5:9:55,5,0,0,2
6427042,304,5:9:56,5,0,0,-1,,2,
6427042,302,5:10:2,5,1,0,3
6427042,306,5:10:5,5,1,2
6427042,304,5:10:5,5,1,0,-1,,3,
6427042,302,5:10:15,5,3,0,1
6427042,305,5:10:18,5,3,0,-1,
6427042,305,5:10:20,5,3,0,-1,
6427042,204,5:10:25,10
6427042,103,5:10:30
6427042,105,5:10:32
6427042,703,5:10:34,[|| EpilogueItem ID: 0 unlocked: true ||,|| EpilogueItem ID: 1 unlocked: true ||,|| EpilogueItem ID: 2 unlocked: false ||,|| EpilogueItem ID: 3 unlocked: false ||,|| EpilogueItem ID: 4 unlocked: true ||,|| EpilogueItem ID: 5 unlocked: false ||,|| EpilogueItem ID: 6 unlocked: false ||,|| EpilogueItem ID: 7 unlocked: false ||,|| EpilogueItem ID: 8 unlocked: false ||,|| EpilogueItem ID: 9 unlocked: false ||,|| EpilogueItem ID: 10 unlocked: false ||,|| EpilogueItem ID: 11 unlocked: false ||,|| EpilogueItem ID: 12 unlocked: false ||,|| EpilogueItem ID: 13 unlocked: false ||,|| EpilogueItem ID: 14 unlocked: false ||,|| EpilogueItem ID: 15 unlocked: false ||,|| EpilogueItem ID: 16 unlocked: false ||,|| EpilogueItem ID: 17 unlocked: false ||,|| EpilogueItem ID: 18 unlocked: false ||,|| EpilogueItem ID: 19 unlocked: false ||,|| EpilogueItem ID: 20 unlocked: false ||,|| EpilogueItem ID: 21 unlocked: false ||,|| EpilogueItem ID: 22 unlocked: false ||,|| EpilogueItem ID: 23 unlocked: false ||,|| EpilogueItem ID: 24 unlocked: false ||],0.12
6427042,706,5:10:39,(x=455, y=-100, w=1024, h=768),(x=638, y=-100, w=1024, h=768)
6427042,706,5:10:42,(x=1699, y=-100, w=1024, h=768),(x=2030, y=-100, w=1024, h=768)
6427042,706,5:10:51,(x=2378, y=-100, w=1024, h=768),(x=2531, y=-100, w=1024, h=768)
6427042,708,5:10:52
6427042,1,5:10:52,4/25/2014 4:31:54pm,{"gameTime":18652505,"challengeStacks":[{"challengeScenes":[{"miniGameCards":[],"viewedAnimatic":true,"keyPoints":["c_teacherEng_G7a0","c_bestFriend_F_a_G7a0","s_flag_gen"],"unlocked":true,"touchableObjects":["s_vocabAssignment_G7a0","s_otherStudent1_G7a0","c_teacherEng_G7a0","c_crewKid1_F_G7a0","c_bestFriend_F_a_G7a0","s_doorClassroom_G7a0","c_friend1_F_a_G7a0","s_angelouPoster_gen","s_atwoodPoster_gen","s_flag_gen","s_clock_G7a0"]},{"miniGameCards":[],"viewedAnimatic":true,"keyPoints":["c_teacherEng_G7a1N","c_bestFriend_F_a_G7a1N","s_paperPlayers_G7a1N"],"unlocked":true,"touchableObjects":["c_crewKid1_F_G7a1N","s_otherStudent1_G7a1N","c_teacherEng_G7a1N","c_bestFriend_F_a_G7a1N","s_flag_gen","s_posterPlagiarism_gen","s_otherStudent2_G7a1N","s_paperPlayers_G7a1N"]},{"miniGameCards":[],"viewedAnimatic":true,"keyPoints":["c_teacherEng_G7a1P","s_flag_gen","c_bestFriend_F_a_G7a1P","s_paperEnglish_gen"],"unlocked":true,"touchableObjects":["c_teacherEng_G7a1P","s_flag_gen","s_clock_G7a1P","s_poePoster_gen","s_paperPlayers_G7a1P","s_angelouPoster_gen","s_atwoodPoster_gen","s_shakespearePoster_gen","c_bestFriend_F_a_G7a1P","s_paperEnglish_gen"]}],"stackSize":3,"resolved":true},{"challengeScenes":[{"miniGameCards":[],"viewedAnimatic":true,"keyPoints":["c_kidSister_lati_a_G7b0","s_backpack_F_G7b0","c_crewKid1_F_G7b0"],"unlocked":true,"touchableObjects":["s_snackBarWorker_G7b0","s_lifeguard_G7b0","c_cousinsBrother_a_G7b0","c_kidSister_lati_a_G7b0","c_crewKid2_F_G7b0","s_backpack_F_G7b0","c_crewKid1_F_G7b0","c_cousinsBrothersFriend_a_G7b0","c_cousinsBrothersFriendsGF_G7b0","c_cousin_F_a_G7b0"]},{"miniGameCards":[],"viewedAnimatic":true,"keyPoints":["c_crewKid1_F_G7b1N","c_kidSister_lati_a_G7b1N","s_sprayPaintCan_G7b1N","s_brokenCarWindow_G7b1N","s_graffiti_G7b1N"],"unlocked":true,"touchableObjects":["c_teacherEng_G7b1N","c_cousin_F_a_G7b1N","c_policeOfficer_G7b1N","s_cat_G7b1N","c_crewKid1_F_G7b1N","c_kidSister_lati_a_G7b1N","s_wreckedPlants_G7b1N","s_flag_G7b1N","s_sprayPaintCan_G7b1N","c_crewKid2_F_a_G7b1N","s_brokenCarWindow_G7b1N","s_graffiti_G7b1N"]},{"miniGameCards":[],"viewedAnimatic":true,"keyPoints":["c_cousin_F_a_G7b1P","c_cousinsBrother_a_G7b1P","c_cousinsBrothersFriend_a_G7b1P","s_poolDay_ruleSign_G7b1P"],"unlocked":true,"touchableObjects":["c_cousin_F_a_G7b1P","c_cousinsBrother_a_G7b1P","c_kidSister_lati_a_G7b1P","c_crush1_F_a_G7b1P","c_cousinsBrothersFriend_a_G7b1P","s_poolDay_ruleSign_G7b1P"]},{"miniGameCards":[],"viewedAnimatic":true,"keyPoints":["c_cousin_F_a_G7b2N","s_kid1_G7b2N","c_kidSister_lati_a_G7b2N","c_crush1_F_a_G7b2N"],"unlocked":true,"touchableObjects":["c_cousin_F_a_G7b2N","s_kid1_G7b2N","c_cousinsBrother_a_G7b2N","c_kidSister_lati_a_G7b2N","s_lifeguard_G7b2N","c_crewKid2_F_G7b2N","c_crush1_F_a_G7b2N","s_cousinsBFgirlfriend_G7b2N","s_kidPool2_G7b2N"]},{"miniGameCards":[],"viewedAnimatic":true,"keyPoints":["s_computer_F_G7b2P","c_cousin_F_a_G7b2P","s_pictureDad_lati_F_gen","c_kidSister_lati_a_G7b2P"],"unlocked":true,"touchableObjects":["s_calendar_F_gen","s_computer_F_G7b2P","c_cousin_F_a_G7b2P","s_pictureDad_lati_F_gen","s_closet_F_G7b2P","c_kidSister_lati_a_G7b2P","c_grandma_lati_a_G7b2P"]}],"stackSize":5,"resolved":true},{"challengeScenes":[{"miniGameCards":[],"viewedAnimatic":true,"keyPoints":["c_crush2_F_a_G8a0","c_cousin_F_a_G8a0"],"unlocked":true,"touchableObjects":["c_crush2_F_a_G8a0","s_beerCooler_G8a0","s_beerSixpack_G8a0","c_cousin_F_a_G8a0","s_cigaretteKid1_G8a0","s_stairs_G8a0","c_crewKid1_F_a_G8a0","s_bottleTable_G8a0"]},{"miniGameCards":[],"viewedAnimatic":true,"keyPoints":["s_basementDoor_gen","s_crush2Lips_F_G8a1N","s_crush2Sore_F_G8a1N"],"unlocked":true,"touchableObjects":["s_waterHeater_gen","c_crush2_F_a_G8a1N","s_basementDoor_gen","s_crush2Lips_F_G8a1N","s_crush2Sore_F_G8a1N","s_stairs_G8a1N","s_dryer_G8a1N"]},{"miniGameCards":[],"viewedAnimatic":false,"keyPoints":[],"unlocked":false,"touchableObjects":[]},{"miniGameCards":[],"viewedAnimatic":false,"keyPoints":[],"unlocked":false,"touchableObjects":[]},{"miniGameCards":[],"viewedAnimatic":false,"keyPoints":[],"unlocked":false,"touchableObjects":[]},{"miniGameCards":[],"viewedAnimatic":true,"keyPoints":[],"unlocked":true,"touchableObjects":[]},{"miniGameCards":[],"viewedAnimatic":false,"keyPoints":[],"unlocked":false,"touchableObjects":[]}],"stackSize":7,"resolved":false},{"challengeScenes":[{"miniGameCards":[],"viewedAnimatic":false,"keyPoints":[],"unlocked":false,"touchableObjects":[]},{"miniGameCards":[],"viewedAnimatic":false,"keyPoints":[],"unlocked":false,"touchableObjects":[]},{"miniGameCards":[],"viewedAnimatic":false,"keyPoints":[],"unlocked":false,"touchableObjects":[]},{"miniGameCards":[],"viewedAnimatic":false,"keyPoints":[],"unlocked":false,"touchableObjects":[]},{"miniGameCards":[],"viewedAnimatic":false,"keyPoints":[],"unlocked":false,"touchableObjects":[]}],"stackSize":5,"resolved":false},{"challengeScenes":[{"miniGameCards":[],"viewedAnimatic":true,"keyPoints":["s_cellPhone_F_G9a0","s_door_F_gen","s_bathingSuit_F_G9a0","s_clock_F_G9a0"],"unlocked":true,"touchableObjects":["s_cellPhone_F_G9a0","s_door_F_gen","s_bathingSuit_F_G9a0","s_window_F_G9a0","s_clock_F_G9a0"]},{"miniGameCards":[],"viewedAnimatic":true,"keyPoints":["c_cousin_F_a_G9a1N","s_kid3_G9a1N","c_policeOfficer_G9a1N","s_fence_G9a1N"],"unlocked":true,"touchableObjects":["c_cousinsBrothersFriend_a_G9a1N","s_kid4_G9a1N","s_potSmokeCloud_G9a1N","c_cousin_F_a_G9a1N","s_bathingSuits_G9a1N","s_kid3_G9a1N","c_policeOfficer_G9a1N","s_policeCar_G9a1N","s_fence_G9a1N"]},{"miniGameCards":[],"viewedAnimatic":true,"keyPoints":["s_joint_F_G9a1P","s_door_F_gen","s_calendar_F_gen","c_cousin_F_a_G9a1P","s_poster_F_gen"],"unlocked":true,"touchableObjects":["s_joint_F_G9a1P","s_door_F_gen","s_calendar_F_gen","c_cousin_F_a_G9a1P","s_computer_F_gen","s_poster_F_gen"]},{"miniGameCards":[],"viewedAnimatic":true,"keyPoints":["s_potSmokeCloud_F_G9a2N","c_mom_lati_a_G9a2N","c_kidSister_lati_a_G9a2N","s_pictureDad_lati_F_gen","c_cousin_F_a_G9a2N"],"unlocked":true,"touchableObjects":["s_potSmokeCloud_F_G9a2N","c_mom_lati_a_G9a2N","c_kidSister_lati_a_G9a2N","s_cookieTrayEmpty_F_G9a2N","s_pictureDad_lati_F_gen","c_cousin_F_a_G9a2N"]},{"miniGameCards":[],"viewedAnimatic":true,"keyPoints":["s_door_gen","s_pizzaBox_G9a2P","c_mom_lati_a_G9a2P","c_cousin_F_a_G9a2P"],"unlocked":true,"touchableObjects":["s_door_gen","s_pizzaBox_G9a2P","c_mom_lati_a_G9a2P","c_kidSister_lati_a_G9a2P","c_cousin_F_a_G9a2P"]}],"stackSize":5,"resolved":true},{"challengeScenes":[{"miniGameCards":[],"viewedAnimatic":false,"keyPoints":[],"unlocked":false,"touchableObjects":[]},{"miniGameCards":[],"viewedAnimatic":false,"keyPoints":[],"unlocked":false,"touchableObjects":[]},{"miniGameCards":[],"viewedAnimatic":false,"keyPoints":[],"unlocked":false,"touchableObjects":[]},{"miniGameCards":[],"viewedAnimatic":false,"keyPoints":[],"unlocked":false,"touchableObjects":[]},{"miniGameCards":[],"viewedAnimatic":false,"keyPoints":[],"unlocked":false,"touchableObjects":[]}],"stackSize":5,"resolved":false},{"challengeScenes":[{"miniGameCards":[],"viewedAnimatic":true,"keyPoints":[],"unlocked":true,"touchableObjects":[]},{"miniGameCards":[],"viewedAnimatic":true,"keyPoints":[],"unlocked":true,"touchableObjects":[]},{"miniGameCards":[],"viewedAnimatic":false,"keyPoints":[],"unlocked":false,"touchableObjects":[]},{"miniGameCards":[],"viewedAnimatic":true,"keyPoints":[],"unlocked":true,"touchableObjects":[]},{"miniGameCards":[],"viewedAnimatic":false,"keyPoints":[],"unlocked":false,"touchableObjects":[]}],"stackSize":5,"resolved":false},{"challengeScenes":[{"miniGameCards":[],"viewedAnimatic":false,"keyPoints":[],"unlocked":false,"touchableObjects":[]},{"miniGameCards":[],"viewedAnimatic":false,"keyPoints":[],"unlocked":false,"touchableObjects":[]},{"miniGameCards":[],"viewedAnimatic":false,"keyPoints":[],"unlocked":false,"touchableObjects":[]},{"miniGameCards":[],"viewedAnimatic":false,"keyPoints":[],"unlocked":false,"touchableObjects":[]},{"miniGameCards":[],"viewedAnimatic":false,"keyPoints":[],"unlocked":false,"touchableObjects":[]}],"stackSize":5,"resolved":false},{"challengeScenes":[{"miniGameCards":[],"viewedAnimatic":false,"keyPoints":[],"unlocked":false,"touchableObjects":[]},{"miniGameCards":[],"viewedAnimatic":false,"keyPoints":[],"unlocked":false,"touchableObjects":[]},{"miniGameCards":[],"viewedAnimatic":false,"keyPoints":[],"unlocked":false,"touchableObjects":[]},{"miniGameCards":[],"viewedAnimatic":false,"keyPoints":[],"unlocked":false,"touchableObjects":[]},{"miniGameCards":[],"viewedAnimatic":false,"keyPoints":[],"unlocked":false,"touchableObjects":[]}],"stackSize":5,"resolved":false},{"challengeScenes":[{"miniGameCards":[],"viewedAnimatic":false,"keyPoints":[],"unlocked":false,"touchableObjects":[]},{"miniGameCards":[],"viewedAnimatic":false,"keyPoints":[],"unlocked":false,"touchableObjects":[]},{"miniGameCards":[],"viewedAnimatic":false,"keyPoints":[],"unlocked":false,"touchableObjects":[]},{"miniGameCards":[],"viewedAnimatic":false,"keyPoints":[],"unlocked":false,"touchableObjects":[]},{"miniGameCards":[],"viewedAnimatic":false,"keyPoints":[],"unlocked":false,"touchableObjects":[]}],"stackSize":5,"resolved":false},{"challengeScenes":[{"miniGameCards":[],"viewedAnimatic":true,"keyPoints":[],"unlocked":true,"touchableObjects":[]},{"miniGameCards":[],"viewedAnimatic":true,"keyPoints":[],"unlocked":true,"touchableObjects":[]},{"miniGameCards":[],"viewedAnimatic":false,"keyPoints":[],"unlocked":false,"touchableObjects":[]},{"miniGameCards":[],"viewedAnimatic":true,"keyPoints":[],"unlocked":true,"touchableObjects":[]},{"miniGameCards":[],"viewedAnimatic":false,"keyPoints":[],"unlocked":false,"touchableObjects":[]}],"stackSize":5,"resolved":false},{"challengeScenes":[{"miniGameCards":[],"viewedAnimatic":false,"keyPoints":[],"unlocked":false,"touchableObjects":[]},{"miniGameCards":[],"viewedAnimatic":false,"keyPoints":[],"unlocked":false,"touchableObjects":[]},{"miniGameCards":[],"viewedAnimatic":false,"keyPoints":[],"unlocked":false,"touchableObjects":[]},{"miniGameCards":[],"viewedAnimatic":false,"keyPoints":[],"unlocked":false,"touchableObjects":[]},{"miniGameCards":[],"viewedAnimatic":false,"keyPoints":[],"unlocked":false,"touchableObjects":[]}],"stackSize":5,"resolved":false},{"challengeScenes":[{"miniGameCards":[],"viewedAnimatic":false,"keyPoints":[],"unlocked":true,"touchableObjects":["c_education_G0a0","c_family_lati_a_G0a0","c_friends_G0a0"]},{"miniGameCards":[],"viewedAnimatic":false,"keyPoints":["c_family_lati_a_G0a1N","c_home_G0a1N","c_job_G0a1N"],"unlocked":true,"touchableObjects":["c_player_lati_F_a_G0a1N","c_family_lati_a_G0a1N","c_home_G0a1N","c_job_G0a1N"]},{"miniGameCards":[],"viewedAnimatic":false,"keyPoints":["c_kidsister_lati_a_G0a1P","c_grandma_lati_a_G0a1P","c_Teacher_G0a1P","c_mom_lati_a_G0a1P","c_dad_lati_a_G0a1P","c_Nurse_G0a1P"],"unlocked":true,"touchableObjects":["c_friends_G0a1P","c_cousins_F_a_G0a1P","c_kidsister_lati_a_G0a1P","c_grandma_lati_a_G0a1P","c_Teacher_G0a1P","c_mom_lati_a_G0a1P","c_dad_lati_a_G0a1P","c_Nurse_G0a1P"]}],"stackSize":3,"resolved":true}],"sessionId":6,"epilogue":{"rating":3},"playerId":6427042,"session":[{"sceneId":"1P","stackId":12},{"sceneId":"1P","stackId":0},{"sceneId":"1P","stackId":1},{"sceneId":"1N","stackId":1},{"sceneId":"2P","stackId":1},{"sceneId":"1P","stackId":4},{"sceneId":"1N","stackId":4},{"sceneId":"2P","stackId":4}],"minigames":[{"levelSaveData":[{"starRating":3,"unlocked":true},{"starRating":3,"unlocked":true},{"starRating":3,"unlocked":true},{"starRating":0,"unlocked":false},{"starRating":0,"unlocked":false},{"starRating":0,"unlocked":false},{"starRating":1,"unlocked":true},{"starRating":0,"unlocked":false},{"starRating":0,"unlocked":true},{"starRating":0,"unlocked":true}],"skillPoints":10},{"levelSaveData":[{"starRating":3,"unlocked":true},{"starRating":3,"unlocked":true},{"starRating":3,"unlocked":true},{"starRating":0,"unlocked":false},{"starRating":3,"unlocked":true},{"starRating":0,"unlocked":false},{"starRating":0,"unlocked":false},{"starRating":0,"unlocked":false},{"starRating":3,"unlocked":true},{"starRating":3,"unlocked":true}],"skillPoints":18},{"levelSaveData":[{"starRating":3,"unlocked":true},{"starRating":3,"unlocked":true},{"starRating":3,"unlocked":true},{"starRating":3,"unlocked":true},{"starRating":0,"unlocked":false},{"starRating":0,"unlocked":false},{"starRating":0,"unlocked":false},{"starRating":0,"unlocked":false},{"starRating":3,"unlocked":true},{"starRating":0,"unlocked":false}],"skillPoints":15},{"levelSaveData":[{"starRating":3,"unlocked":true},{"starRating":3,"unlocked":true},{"starRating":0,"unlocked":false},{"starRating":0,"unlocked":false},{"starRating":3,"unlocked":true},{"starRating":3,"unlocked":true},{"starRating":3,"unlocked":true},{"starRating":0,"unlocked":false},{"starRating":0,"unlocked":false},{"starRating":0,"unlocked":false}],"skillPoints":15},{"age":14,"name":"erica","gender":1,"levelSaveData":[{"starRating":3,"unlocked":true},{"starRating":3,"chunks":[["3"],["0$$sweet","19$$sencetive"],["0$$family","12$$having fun","6$$music"],["3"]],"unlocked":true},{"starRating":3,"chunks":[["0"],["11$$my laptop","0$$running"],["6$$make up","0$$driving"]],"unlocked":true},{"starRating":3,"chunks":[["4$$jeep"],["0$$greman sheperd"],["15"],["0"],["3","4"],["2"]],"unlocked":true},{"starRating":0,"chunks":[[null],[null],[null,null],[null],[null],[null]],"unlocked":false},{"starRating":0,"chunks":[[null],[null,null,null,null],[null],[null]],"unlocked":false},{"starRating":2,"chunks":[["2"],["3"],["8$$mom","18$$dad"],[null,null],["2$$husband, 2 kid"]],"unlocked":true},{"starRating":0,"chunks":[[null,null,null],[null,null,null],[null],[null],[null]],"unlocked":true},{"starRating":0,"chunks":[[null,null,null],[null,null,null],[null,null]],"unlocked":false},{"starRating":0,"chunks":[[null],[null],[null],[null],[null],[null]],"unlocked":false}],"visualAvatar":0,"id":2,"skillPoints":14}],"avatar":{"age":14,"name":"erica","gender":1,"levelSaveData":[{"starRating":3,"unlocked":true},{"starRating":3,"chunks":[["3"],["0$$sweet","19$$sencetive"],["0$$family","12$$having fun","6$$music"],["3"]],"unlocked":true},{"starRating":3,"chunks":[["0"],["11$$my laptop","0$$running"],["6$$make up","0$$driving"]],"unlocked":true},{"starRating":3,"chunks":[["4$$jeep"],["0$$greman sheperd"],["15"],["0"],["3","4"],["2"]],"unlocked":true},{"starRating":0,"chunks":[[null],[null],[null,null],[null],[null],[null]],"unlocked":false},{"starRating":0,"chunks":[[null],[null,null,null,null],[null],[null]],"unlocked":false},{"starRating":2,"chunks":[["2"],["3"],["8$$mom","18$$dad"],[null,null],["2$$husband, 2 kid"]],"unlocked":true},{"starRating":0,"chunks":[[null,null,null],[null,null,null],[null],[null],[null]],"unlocked":true},{"starRating":0,"chunks":[[null,null,null],[null,null,null],[null,null]],"unlocked":false},{"starRating":0,"chunks":[[null],[null],[null],[null],[null],[null]],"unlocked":false}],"visualAvatar":0,"id":2,"skillPoints":14}}
