6607001,0,0:44:41,2/12/2014 4:03:55pm
6607001,100,0:46:8,0
6607001,102,0:46:10,0
6607001,200,0:46:10,0,0,3,3,0,6
6607001,207,0:46:17,0,-200,-215
6607001,212,0:46:18,2
6607001,207,0:46:25,0,-215,-245
6607001,210,0:46:25,1040,452
6607001,211,0:46:25,910,479
6607001,210,0:46:25,904,482
6607001,211,0:46:26,995,551
6607001,213,0:46:26,0,c_bestFriend_F_a_G7a0,true
6607001,205,0:46:26,0,c_bestFriend_F_a_G7a0,false,true
6607001,210,0:46:31,856,490
6607001,211,0:46:31,550,661
6607001,210,0:46:32,666,575
6607001,211,0:46:34,670,594
6607001,213,0:46:34,0,s_otherStudent1_G7a0,true
6607001,212,0:46:43,1
6607001,212,0:46:44,0
6607001,207,0:46:44,0,-245,-305
6607001,210,0:46:44,1204,523
6607001,211,0:46:45,869,603
6607001,210,0:46:51,1309,633
6607001,211,0:46:51,1234,647
6607001,212,0:46:52,2
6607001,210,0:46:52,1147,503
6607001,211,0:46:53,884,408
6607001,213,0:46:53,0,c_teacherEng_G7a1N,true
6607001,205,0:46:53,0,c_teacherEng_G7a1N,false,true
6607001,212,0:46:59,1
6607001,212,0:46:59,0
6607001,213,0:47:0,0,s_otherStudent2_G7a1N,true
6607001,212,0:47:3,1
6607001,210,0:47:4,1014,524
6607001,211,0:47:4,800,590
6607001,210,0:47:4,719,542
6607001,211,0:47:5,1232,478
6607001,213,0:47:5,0,s_otherStudent2_G7a1N,true
6607001,221,0:47:13,0
6607001,220,0:47:19,0
6607001,210,0:47:20,872,521
6607001,211,0:47:20,998,560
6607001,210,0:47:24,633,506
6607001,211,0:47:25,356,573
6607001,210,0:47:30,779,495
6607001,207,0:47:31,0,-200,0
6607001,207,0:47:36,0,0,-518.45
6607001,211,0:47:39,1170,597
6607001,212,0:47:40,2
6607001,210,0:47:41,1151,558
6607001,211,0:47:43,1219,560
6607001,212,0:47:44,1
6607001,210,0:47:46,1247,481
6607001,207,0:47:49,0,-518.45,-23.45
6607001,211,0:47:52,218,488
6607001,213,0:47:52,0,c_crewKid1_F_G7a0,true
6607001,210,0:47:56,510,398
6607001,211,0:47:57,273,158
6607001,213,0:47:57,0,s_flag_gen,true
6607001,205,0:47:57,0,s_flag_gen,false,true
6607001,212,0:48:3,0
6607001,212,0:48:13,1
6607001,210,0:48:14,1286,518
6607001,211,0:48:15,750,404
6607001,213,0:48:15,0,c_teacherEng_G7a1P,true
6607001,205,0:48:15,0,c_teacherEng_G7a1P,false,true
6607001,210,0:48:21,1269,469
6607001,207,0:48:24,0,-400,-25
6607001,211,0:48:28,625,156
6607001,213,0:48:28,0,s_atwoodPoster_gen,true
6607001,212,0:48:41,0
6607001,210,0:48:42,688,445
6607001,211,0:48:43,665,368
6607001,213,0:48:43,0,s_paperPlayers_G7a1P,true
6607001,210,0:48:58,462,399
6607001,211,0:49:2,854,137
6607001,213,0:49:2,0,s_poePoster_gen,true
6607001,210,0:49:4,966,103
6607001,207,0:49:4,0,-25,-175
6607001,207,0:49:5,0,-175,-430
6607001,211,0:49:7,1202,141
6607001,213,0:49:7,0,s_clock_G7a1P,true
6607001,210,0:49:9,1381,243
6607001,207,0:49:9,0,-430,-490
6607001,207,0:49:9,0,-490,-518
6607001,211,0:49:11,983,483
6607001,213,0:49:11,0,c_bestFriend_F_a_G7a1P,true
6607001,1003,0:49:15,0
6607001,1004,0:49:16,0
6607001,400,0:49:31,0,[]
6607001,401,0:49:40,0,[StatementsData_logId:0]
6607001,402,0:49:41,0,[StatementsData_logId:0,false]
6607001,405,0:49:44,0,[StatementsData_logId:0]
6607001,406,0:49:48,0,[StatementsData_logId:0,-2]
6607001,411,0:49:56,0,[StatementsData_logId:0]
6607001,401,0:49:59,0,[StatementsData_logId:1]
6607001,402,0:50:1,0,[StatementsData_logId:1,true]
6607001,405,0:50:5,0,[StatementsData_logId:1]
6607001,406,0:50:11,0,[StatementsData_logId:1,2]
6607001,411,0:50:14,0,[StatementsData_logId:1]
6607001,401,0:50:19,0,[StatementsData_logId:2]
6607001,403,0:50:36,0,[StatementsData_logId:2,false]
6607001,405,0:50:39,0,[StatementsData_logId:2]
6607001,406,0:50:46,0,[StatementsData_logId:2,-2]
6607001,411,0:50:48,0,[StatementsData_logId:2]
6607001,401,0:50:54,0,[StatementsData_logId:3]
6607001,403,0:50:56,0,[StatementsData_logId:3,true]
6607001,405,0:50:57,0,[StatementsData_logId:3]
6607001,406,0:51:1,0,[StatementsData_logId:3,2]
6607001,407,0:51:1,0,[StatementsData_logId:3,FactCardData_id:4]
6607001,407,0:51:1,0,[StatementsData_logId:3,FactCardData_id:5]
6607001,407,0:51:1,0,[StatementsData_logId:3,FactCardData_id:7]
6607001,407,0:51:1,0,[StatementsData_logId:3,FactCardData_id:0]
6607001,407,0:51:1,0,[StatementsData_logId:3,FactCardData_id:3]
6607001,407,0:51:1,0,[StatementsData_logId:3,FactCardData_id:6]
6607001,407,0:51:16,0,[StatementsData_logId:3,FactCardData_id:3]
6607001,407,0:51:16,0,[StatementsData_logId:3,FactCardData_id:3]
6607001,407,0:51:26,0,[StatementsData_logId:3,FactCardData_id:7]
6607001,407,0:51:26,0,[StatementsData_logId:3,FactCardData_id:3]
6607001,407,0:51:26,0,[StatementsData_logId:3,FactCardData_id:7]
6607001,407,0:51:30,0,[StatementsData_logId:3,FactCardData_id:4]
6607001,407,0:51:30,0,[StatementsData_logId:3,FactCardData_id:7]
6607001,407,0:51:30,0,[StatementsData_logId:3,FactCardData_id:4]
6607001,407,0:51:34,0,[StatementsData_logId:3,FactCardData_id:5]
6607001,407,0:51:34,0,[StatementsData_logId:3,FactCardData_id:4]
6607001,407,0:51:34,0,[StatementsData_logId:3,FactCardData_id:5]
6607001,407,0:51:37,0,[StatementsData_logId:3,FactCardData_id:0]
6607001,407,0:51:37,0,[StatementsData_logId:3,FactCardData_id:5]
6607001,407,0:51:37,0,[StatementsData_logId:3,FactCardData_id:0]
6607001,407,0:51:46,0,[StatementsData_logId:3,FactCardData_id:6]
6607001,407,0:51:46,0,[StatementsData_logId:3,FactCardData_id:0]
6607001,407,0:51:46,0,[StatementsData_logId:3,FactCardData_id:6]
6607001,407,0:51:49,0,[StatementsData_logId:3,FactCardData_id:0]
6607001,407,0:51:49,0,[StatementsData_logId:3,FactCardData_id:6]
6607001,407,0:51:49,0,[StatementsData_logId:3,FactCardData_id:0]
6607001,408,0:51:51,0,[StatementsData_logId:3,FactCardData_id:0,true]
6607001,409,0:51:51,0,[StatementsData_logId:3]
6607001,410,0:51:53,0,[StatementsData_logId:3,2]
6607001,412,0:51:58,0,[StatementsData_logId:3]
6607001,413,0:52:1,0,[StatementsData_logId:3,DuelResponsesData_logId:6]
6607001,414,0:52:3,0,[StatementsData_logId:3,DuelResponsesData_logId:6]
6607001,415,0:52:23,0,[StatementsData_logId:3,DuelResponsesData_logId:6,DuelResponsesData_witty_player_response]
6607001,416,0:52:25,0,[StatementsData_logId:3,DuelResponsesData_logId:6]
6607001,417,0:52:27,0,[StatementsData_logId:3,DuelResponsesData_logId:6]
6607001,413,0:52:32,0,[StatementsData_logId:3,DuelResponsesData_logId:7]
6607001,414,0:52:34,0,[StatementsData_logId:3,DuelResponsesData_logId:7]
6607001,415,0:52:51,0,[StatementsData_logId:3,DuelResponsesData_logId:7,DuelResponsesData_ok_player_response]
6607001,416,0:52:52,0,[StatementsData_logId:3,DuelResponsesData_logId:7]
6607001,417,0:52:55,0,[StatementsData_logId:3,DuelResponsesData_logId:7]
6607001,413,0:53:2,0,[StatementsData_logId:3,DuelResponsesData_logId:8]
6607001,414,0:53:3,0,[StatementsData_logId:3,DuelResponsesData_logId:8]
6607001,415,0:53:17,0,[StatementsData_logId:3,DuelResponsesData_logId:8,DuelResponsesData_ok_player_response]
6607001,416,0:53:18,0,[StatementsData_logId:3,DuelResponsesData_logId:8]
6607001,417,0:53:21,0,[StatementsData_logId:3,DuelResponsesData_logId:8]
6607001,418,0:53:21,0,[StatementsData_logId:3,true]
6607001,419,0:53:24,0,[StatementsData_logId:3,4]
6607001,411,0:53:26,0,[StatementsData_logId:3]
6607001,401,0:53:34,0,[StatementsData_logId:4]
6607001,402,0:53:37,0,[StatementsData_logId:4,true]
6607001,405,0:53:38,0,[StatementsData_logId:4]
6607001,406,0:53:42,0,[StatementsData_logId:4,2]
6607001,411,0:53:44,0,[StatementsData_logId:4]
6607001,401,0:53:50,0,[StatementsData_logId:5]
6607001,404,0:53:52,0,[StatementsData_logId:5,true]
6607001,406,0:53:54,0,[StatementsData_logId:5,2]
6607001,412,0:53:57,0,[StatementsData_logId:5]
6607001,413,0:54:1,0,[StatementsData_logId:5,DuelResponsesData_logId:9]
6607001,414,0:54:3,0,[StatementsData_logId:5,DuelResponsesData_logId:9]
6607001,415,0:54:10,0,[StatementsData_logId:5,DuelResponsesData_logId:9,DuelResponsesData_ok_player_response]
6607001,416,0:54:11,0,[StatementsData_logId:5,DuelResponsesData_logId:9]
6607001,417,0:54:12,0,[StatementsData_logId:5,DuelResponsesData_logId:9]
6607001,413,0:54:17,0,[StatementsData_logId:5,DuelResponsesData_logId:10]
6607001,414,0:54:19,0,[StatementsData_logId:5,DuelResponsesData_logId:10]
6607001,415,0:54:33,0,[StatementsData_logId:5,DuelResponsesData_logId:10,DuelResponsesData_witty_player_response]
6607001,416,0:54:34,0,[StatementsData_logId:5,DuelResponsesData_logId:10]
6607001,417,0:54:36,0,[StatementsData_logId:5,DuelResponsesData_logId:10]
6607001,413,0:54:42,0,[StatementsData_logId:5,DuelResponsesData_logId:11]
6607001,414,0:54:44,0,[StatementsData_logId:5,DuelResponsesData_logId:11]
6607001,415,0:54:58,0,[StatementsData_logId:5,DuelResponsesData_logId:11,DuelResponsesData_ok_player_response]
6607001,416,0:54:58,0,[StatementsData_logId:5,DuelResponsesData_logId:11]
6607001,417,0:55:0,0,[StatementsData_logId:5,DuelResponsesData_logId:11]
6607001,418,0:55:0,0,[StatementsData_logId:5,true]
6607001,419,0:55:2,0,[StatementsData_logId:5,4]
6607001,411,0:55:3,0,[StatementsData_logId:5]
6607001,420,0:55:3,0,[46]
6607001,1005,0:55:3,0,[0,0,2]
6607001,1000,0:55:10,0,[]
6607001,400,0:55:10,0,[]
6607001,401,0:55:12,0,[StatementsData_logId:0]
6607001,402,0:55:15,0,[StatementsData_logId:0,false]
6607001,405,0:55:16,0,[StatementsData_logId:0]
6607001,406,0:55:19,0,[StatementsData_logId:0,-2]
6607001,411,0:55:21,0,[StatementsData_logId:0]
6607001,401,0:55:22,0,[StatementsData_logId:1]
6607001,402,0:55:25,0,[StatementsData_logId:1,true]
6607001,405,0:55:26,0,[StatementsData_logId:1]
6607001,406,0:55:27,0,[StatementsData_logId:1,2]
6607001,411,0:55:28,0,[StatementsData_logId:1]
6607001,401,0:55:29,0,[StatementsData_logId:2]
6607001,402,0:55:33,0,[StatementsData_logId:2,false]
6607001,405,0:55:34,0,[StatementsData_logId:2]
6607001,406,0:55:37,0,[StatementsData_logId:2,-2]
6607001,411,0:55:38,0,[StatementsData_logId:2]
6607001,401,0:55:40,0,[StatementsData_logId:3]
6607001,403,0:55:45,0,[StatementsData_logId:3,true]
6607001,405,0:55:46,0,[StatementsData_logId:3]
6607001,406,0:55:48,0,[StatementsData_logId:3,2]
6607001,407,0:55:48,0,[StatementsData_logId:3,FactCardData_id:4]
6607001,407,0:55:48,0,[StatementsData_logId:3,FactCardData_id:7]
6607001,407,0:55:48,0,[StatementsData_logId:3,FactCardData_id:5]
6607001,407,0:55:48,0,[StatementsData_logId:3,FactCardData_id:3]
6607001,407,0:55:48,0,[StatementsData_logId:3,FactCardData_id:0]
6607001,407,0:55:48,0,[StatementsData_logId:3,FactCardData_id:6]
6607001,407,0:55:50,0,[StatementsData_logId:3,FactCardData_id:3]
6607001,407,0:55:50,0,[StatementsData_logId:3,FactCardData_id:3]
6607001,407,0:55:53,0,[StatementsData_logId:3,FactCardData_id:6]
6607001,407,0:55:53,0,[StatementsData_logId:3,FactCardData_id:3]
6607001,407,0:55:53,0,[StatementsData_logId:3,FactCardData_id:6]
6607001,407,0:55:56,0,[StatementsData_logId:3,FactCardData_id:7]
6607001,407,0:55:56,0,[StatementsData_logId:3,FactCardData_id:6]
6607001,407,0:55:56,0,[StatementsData_logId:3,FactCardData_id:7]
6607001,408,0:56:0,0,[StatementsData_logId:3,FactCardData_id:7,false]
6607001,406,0:56:8,0,[StatementsData_logId:3,-2]
6607001,411,0:56:9,0,[StatementsData_logId:3]
6607001,401,0:56:11,0,[StatementsData_logId:4]
6607001,402,0:56:12,0,[StatementsData_logId:4,true]
6607001,405,0:56:12,0,[StatementsData_logId:4]
6607001,406,0:56:15,0,[StatementsData_logId:4,2]
6607001,411,0:56:16,0,[StatementsData_logId:4]
6607001,401,0:56:21,0,[StatementsData_logId:5]
6607001,403,0:56:22,0,[StatementsData_logId:5,false]
6607001,405,0:56:23,0,[StatementsData_logId:5]
6607001,406,0:56:29,0,[StatementsData_logId:5,-2]
6607001,411,0:56:30,0,[StatementsData_logId:5]
6607001,420,0:56:30,0,[30]
6607001,1000,0:56:32,0,[]
6607001,400,0:56:34,0,[]
6607001,401,0:56:39,0,[StatementsData_logId:0]
6607001,403,0:56:40,0,[StatementsData_logId:0,true]
6607001,405,0:56:41,0,[StatementsData_logId:0]
6607001,406,0:56:42,0,[StatementsData_logId:0,2]
6607001,407,0:56:42,0,[StatementsData_logId:0,FactCardData_id:0]
6607001,407,0:56:42,0,[StatementsData_logId:0,FactCardData_id:6]
6607001,407,0:56:42,0,[StatementsData_logId:0,FactCardData_id:7]
6607001,407,0:56:42,0,[StatementsData_logId:0,FactCardData_id:3]
6607001,407,0:56:42,0,[StatementsData_logId:0,FactCardData_id:4]
6607001,407,0:56:42,0,[StatementsData_logId:0,FactCardData_id:5]
6607001,407,0:56:45,0,[StatementsData_logId:0,FactCardData_id:5]
6607001,407,0:56:45,0,[StatementsData_logId:0,FactCardData_id:5]
6607001,407,0:56:47,0,[StatementsData_logId:0,FactCardData_id:3]
6607001,407,0:56:47,0,[StatementsData_logId:0,FactCardData_id:5]
6607001,407,0:56:47,0,[StatementsData_logId:0,FactCardData_id:3]
6607001,407,0:56:48,0,[StatementsData_logId:0,FactCardData_id:6]
6607001,407,0:56:48,0,[StatementsData_logId:0,FactCardData_id:3]
6607001,407,0:56:48,0,[StatementsData_logId:0,FactCardData_id:6]
6607001,408,0:56:51,0,[StatementsData_logId:0,FactCardData_id:6,true]
6607001,409,0:56:51,0,[StatementsData_logId:0]
6607001,410,0:56:53,0,[StatementsData_logId:0,2]
6607001,412,0:56:55,0,[StatementsData_logId:0]
6607001,413,0:57:1,0,[StatementsData_logId:0,DuelResponsesData_logId:0]
6607001,414,0:57:3,0,[StatementsData_logId:0,DuelResponsesData_logId:0]
6607001,415,0:57:15,0,[StatementsData_logId:0,DuelResponsesData_logId:0,DuelResponsesData_ok_player_response]
6607001,416,0:57:16,0,[StatementsData_logId:0,DuelResponsesData_logId:0]
6607001,417,0:57:18,0,[StatementsData_logId:0,DuelResponsesData_logId:0]
6607001,413,0:57:23,0,[StatementsData_logId:0,DuelResponsesData_logId:1]
6607001,414,0:57:24,0,[StatementsData_logId:0,DuelResponsesData_logId:1]
6607001,415,0:57:37,0,[StatementsData_logId:0,DuelResponsesData_logId:1,DuelResponsesData_ok_player_response]
6607001,416,0:57:37,0,[StatementsData_logId:0,DuelResponsesData_logId:1]
6607001,417,0:57:39,0,[StatementsData_logId:0,DuelResponsesData_logId:1]
6607001,413,0:57:48,0,[StatementsData_logId:0,DuelResponsesData_logId:2]
6607001,414,0:57:51,0,[StatementsData_logId:0,DuelResponsesData_logId:2]
6607001,415,0:58:6,0,[StatementsData_logId:0,DuelResponsesData_logId:2,DuelResponsesData_witty_player_response]
6607001,416,0:58:7,0,[StatementsData_logId:0,DuelResponsesData_logId:2]
6607001,417,0:58:10,0,[StatementsData_logId:0,DuelResponsesData_logId:2]
6607001,418,0:58:10,0,[StatementsData_logId:0,true]
6607001,419,0:58:14,0,[StatementsData_logId:0,4]
6607001,411,0:58:15,0,[StatementsData_logId:0]
6607001,401,0:58:18,0,[StatementsData_logId:1]
6607001,402,0:58:18,0,[StatementsData_logId:1,true]
6607001,405,0:58:20,0,[StatementsData_logId:1]
6607001,406,0:58:27,0,[StatementsData_logId:1,2]
6607001,411,0:58:28,0,[StatementsData_logId:1]
6607001,401,0:58:33,0,[StatementsData_logId:2]
6607001,404,0:58:38,0,[StatementsData_logId:2,true]
6607001,406,0:58:39,0,[StatementsData_logId:2,2]
6607001,412,0:58:41,0,[StatementsData_logId:2]
6607001,413,0:58:44,0,[StatementsData_logId:2,DuelResponsesData_logId:3]
6607001,414,0:58:45,0,[StatementsData_logId:2,DuelResponsesData_logId:3]
6607001,415,0:58:59,0,[StatementsData_logId:2,DuelResponsesData_logId:3,DuelResponsesData_ok_player_response]
6607001,416,0:59:0,0,[StatementsData_logId:2,DuelResponsesData_logId:3]
6607001,417,0:59:2,0,[StatementsData_logId:2,DuelResponsesData_logId:3]
6607001,413,0:59:8,0,[StatementsData_logId:2,DuelResponsesData_logId:4]
6607001,414,0:59:11,0,[StatementsData_logId:2,DuelResponsesData_logId:4]
6607001,415,0:59:22,0,[StatementsData_logId:2,DuelResponsesData_logId:4,DuelResponsesData_witty_player_response]
6607001,416,0:59:23,0,[StatementsData_logId:2,DuelResponsesData_logId:4]
6607001,417,0:59:25,0,[StatementsData_logId:2,DuelResponsesData_logId:4]
6607001,413,0:59:32,0,[StatementsData_logId:2,DuelResponsesData_logId:5]
6607001,414,0:59:33,0,[StatementsData_logId:2,DuelResponsesData_logId:5]
6607001,415,0:59:47,0,[StatementsData_logId:2,DuelResponsesData_logId:5,DuelResponsesData_witty_player_response]
6607001,416,0:59:48,0,[StatementsData_logId:2,DuelResponsesData_logId:5]
6607001,417,0:59:50,0,[StatementsData_logId:2,DuelResponsesData_logId:5]
6607001,418,0:59:50,0,[StatementsData_logId:2,true]
6607001,419,1:0:0,0,[StatementsData_logId:2,4]
6607001,411,1:0:2,0,[StatementsData_logId:2]
6607001,401,1:0:6,0,[StatementsData_logId:3]
6607001,403,1:0:9,0,[StatementsData_logId:3,true]
6607001,405,1:0:10,0,[StatementsData_logId:3]
6607001,406,1:0:11,0,[StatementsData_logId:3,2]
6607001,407,1:0:11,0,[StatementsData_logId:3,FactCardData_id:5]
6607001,407,1:0:11,0,[StatementsData_logId:3,FactCardData_id:3]
6607001,407,1:0:11,0,[StatementsData_logId:3,FactCardData_id:0]
6607001,407,1:0:11,0,[StatementsData_logId:3,FactCardData_id:6]
6607001,407,1:0:11,0,[StatementsData_logId:3,FactCardData_id:7]
6607001,407,1:0:11,0,[StatementsData_logId:3,FactCardData_id:4]
6607001,407,1:0:13,0,[StatementsData_logId:3,FactCardData_id:6]
6607001,407,1:0:13,0,[StatementsData_logId:3,FactCardData_id:6]
6607001,407,1:0:15,0,[StatementsData_logId:3,FactCardData_id:7]
6607001,407,1:0:15,0,[StatementsData_logId:3,FactCardData_id:6]
6607001,407,1:0:15,0,[StatementsData_logId:3,FactCardData_id:7]
6607001,408,1:0:18,0,[StatementsData_logId:3,FactCardData_id:7,false]
6607001,406,1:0:29,0,[StatementsData_logId:3,-2]
6607001,411,1:0:30,0,[StatementsData_logId:3]
6607001,401,1:0:31,0,[StatementsData_logId:4]
6607001,402,1:0:38,0,[StatementsData_logId:4,true]
6607001,405,1:0:39,0,[StatementsData_logId:4]
6607001,406,1:0:43,0,[StatementsData_logId:4,2]
6607001,411,1:0:44,0,[StatementsData_logId:4]
6607001,401,1:0:47,0,[StatementsData_logId:5]
6607001,403,1:0:54,0,[StatementsData_logId:5,false]
6607001,405,1:0:55,0,[StatementsData_logId:5]
6607001,406,1:0:57,0,[StatementsData_logId:5,-2]
6607001,411,1:0:58,0,[StatementsData_logId:5]
6607001,420,1:0:58,0,[48]
6607001,1000,1:1:2,0,[]
6607001,400,1:1:3,0,[]
6607001,401,1:1:5,0,[StatementsData_logId:0]
6607001,403,1:1:8,0,[StatementsData_logId:0,true]
6607001,405,1:1:8,0,[StatementsData_logId:0]
6607001,406,1:1:9,0,[StatementsData_logId:0,2]
6607001,407,1:1:9,0,[StatementsData_logId:0,FactCardData_id:0]
6607001,407,1:1:9,0,[StatementsData_logId:0,FactCardData_id:3]
6607001,407,1:1:9,0,[StatementsData_logId:0,FactCardData_id:5]
6607001,407,1:1:9,0,[StatementsData_logId:0,FactCardData_id:6]
6607001,407,1:1:9,0,[StatementsData_logId:0,FactCardData_id:4]
6607001,407,1:1:9,0,[StatementsData_logId:0,FactCardData_id:7]
6607001,407,1:1:11,0,[StatementsData_logId:0,FactCardData_id:4]
6607001,407,1:1:11,0,[StatementsData_logId:0,FactCardData_id:4]
6607001,407,1:1:16,0,[StatementsData_logId:0,FactCardData_id:5]
6607001,407,1:1:16,0,[StatementsData_logId:0,FactCardData_id:4]
6607001,407,1:1:16,0,[StatementsData_logId:0,FactCardData_id:5]
6607001,407,1:1:17,0,[StatementsData_logId:0,FactCardData_id:0]
6607001,407,1:1:17,0,[StatementsData_logId:0,FactCardData_id:5]
6607001,407,1:1:17,0,[StatementsData_logId:0,FactCardData_id:0]
6607001,407,1:1:20,0,[StatementsData_logId:0,FactCardData_id:3]
6607001,407,1:1:20,0,[StatementsData_logId:0,FactCardData_id:0]
6607001,407,1:1:20,0,[StatementsData_logId:0,FactCardData_id:3]
6607001,407,1:1:22,0,[StatementsData_logId:0,FactCardData_id:6]
6607001,407,1:1:22,0,[StatementsData_logId:0,FactCardData_id:3]
6607001,407,1:1:22,0,[StatementsData_logId:0,FactCardData_id:6]
6607001,408,1:1:24,0,[StatementsData_logId:0,FactCardData_id:6,true]
6607001,409,1:1:24,0,[StatementsData_logId:0]
6607001,410,1:1:25,0,[StatementsData_logId:0,2]
6607001,412,1:1:27,0,[StatementsData_logId:0]
6607001,413,1:1:30,0,[StatementsData_logId:0,DuelResponsesData_logId:0]
6607001,414,1:1:32,0,[StatementsData_logId:0,DuelResponsesData_logId:0]
6607001,415,1:1:41,0,[StatementsData_logId:0,DuelResponsesData_logId:0,DuelResponsesData_ok_player_response]
6607001,416,1:1:42,0,[StatementsData_logId:0,DuelResponsesData_logId:0]
6607001,417,1:1:44,0,[StatementsData_logId:0,DuelResponsesData_logId:0]
6607001,413,1:1:48,0,[StatementsData_logId:0,DuelResponsesData_logId:1]
6607001,414,1:1:50,0,[StatementsData_logId:0,DuelResponsesData_logId:1]
6607001,415,1:1:55,0,[StatementsData_logId:0,DuelResponsesData_logId:1,DuelResponsesData_ok_player_response]
6607001,416,1:1:56,0,[StatementsData_logId:0,DuelResponsesData_logId:1]
6607001,417,1:1:57,0,[StatementsData_logId:0,DuelResponsesData_logId:1]
6607001,413,1:2:0,0,[StatementsData_logId:0,DuelResponsesData_logId:2]
6607001,414,1:2:2,0,[StatementsData_logId:0,DuelResponsesData_logId:2]
6607001,415,1:2:7,0,[StatementsData_logId:0,DuelResponsesData_logId:2,DuelResponsesData_witty_player_response]
6607001,416,1:2:8,0,[StatementsData_logId:0,DuelResponsesData_logId:2]
6607001,417,1:2:10,0,[StatementsData_logId:0,DuelResponsesData_logId:2]
6607001,418,1:2:10,0,[StatementsData_logId:0,true]
6607001,419,1:2:14,0,[StatementsData_logId:0,4]
6607001,411,1:2:15,0,[StatementsData_logId:0]
6607001,401,1:2:18,0,[StatementsData_logId:1]
6607001,402,1:2:18,0,[StatementsData_logId:1,true]
6607001,405,1:2:20,0,[StatementsData_logId:1]
6607001,406,1:2:24,0,[StatementsData_logId:1,2]
6607001,411,1:2:26,0,[StatementsData_logId:1]
6607001,401,1:2:31,0,[StatementsData_logId:2]
6607001,403,1:2:52,0,[StatementsData_logId:2,false]
6607001,405,1:2:53,0,[StatementsData_logId:2]
6607001,406,1:2:57,0,[StatementsData_logId:2,-2]
6607001,411,1:2:59,0,[StatementsData_logId:2]
6607001,401,1:3:0,0,[StatementsData_logId:3]
6607001,403,1:3:2,0,[StatementsData_logId:3,true]
6607001,405,1:3:3,0,[StatementsData_logId:3]
6607001,406,1:3:5,0,[StatementsData_logId:3,2]
6607001,407,1:3:5,0,[StatementsData_logId:3,FactCardData_id:4]
6607001,407,1:3:5,0,[StatementsData_logId:3,FactCardData_id:6]
6607001,407,1:3:5,0,[StatementsData_logId:3,FactCardData_id:3]
6607001,407,1:3:5,0,[StatementsData_logId:3,FactCardData_id:7]
6607001,407,1:3:5,0,[StatementsData_logId:3,FactCardData_id:0]
6607001,407,1:3:5,0,[StatementsData_logId:3,FactCardData_id:5]
6607001,407,1:3:6,0,[StatementsData_logId:3,FactCardData_id:3]
6607001,407,1:3:6,0,[StatementsData_logId:3,FactCardData_id:3]
6607001,407,1:3:9,0,[StatementsData_logId:3,FactCardData_id:6]
6607001,407,1:3:9,0,[StatementsData_logId:3,FactCardData_id:3]
6607001,407,1:3:9,0,[StatementsData_logId:3,FactCardData_id:6]
6607001,407,1:3:11,0,[StatementsData_logId:3,FactCardData_id:7]
6607001,407,1:3:11,0,[StatementsData_logId:3,FactCardData_id:6]
6607001,407,1:3:11,0,[StatementsData_logId:3,FactCardData_id:7]
6607001,408,1:3:14,0,[StatementsData_logId:3,FactCardData_id:7,false]
6607001,406,1:3:18,0,[StatementsData_logId:3,-2]
6607001,411,1:3:20,0,[StatementsData_logId:3]
6607001,401,1:3:20,0,[StatementsData_logId:4]
6607001,402,1:3:22,0,[StatementsData_logId:4,true]
6607001,405,1:3:23,0,[StatementsData_logId:4]
6607001,406,1:3:24,0,[StatementsData_logId:4,2]
6607001,411,1:3:25,0,[StatementsData_logId:4]
6607001,401,1:3:26,0,[StatementsData_logId:5]
6607001,403,1:3:29,0,[StatementsData_logId:5,false]
6607001,405,1:3:34,0,[StatementsData_logId:5]
6607001,406,1:3:35,0,[StatementsData_logId:5,-2]
6607001,411,1:3:35,0,[StatementsData_logId:5]
6607001,420,1:3:35,0,[40]
6607001,1000,1:3:39,0,[]
6607001,400,1:3:40,0,[]
6607001,401,1:3:41,0,[StatementsData_logId:0]
6607001,403,1:3:42,0,[StatementsData_logId:0,true]
6607001,405,1:3:43,0,[StatementsData_logId:0]
6607001,406,1:3:44,0,[StatementsData_logId:0,2]
6607001,407,1:3:44,0,[StatementsData_logId:0,FactCardData_id:7]
6607001,407,1:3:44,0,[StatementsData_logId:0,FactCardData_id:6]
6607001,407,1:3:44,0,[StatementsData_logId:0,FactCardData_id:4]
6607001,407,1:3:44,0,[StatementsData_logId:0,FactCardData_id:0]
6607001,407,1:3:44,0,[StatementsData_logId:0,FactCardData_id:5]
6607001,407,1:3:44,0,[StatementsData_logId:0,FactCardData_id:3]
6607001,407,1:3:46,0,[StatementsData_logId:0,FactCardData_id:0]
6607001,407,1:3:46,0,[StatementsData_logId:0,FactCardData_id:0]
6607001,407,1:3:48,0,[StatementsData_logId:0,FactCardData_id:3]
6607001,407,1:3:48,0,[StatementsData_logId:0,FactCardData_id:0]
6607001,407,1:3:48,0,[StatementsData_logId:0,FactCardData_id:3]
6607001,407,1:3:50,0,[StatementsData_logId:0,FactCardData_id:6]
6607001,407,1:3:50,0,[StatementsData_logId:0,FactCardData_id:3]
6607001,407,1:3:50,0,[StatementsData_logId:0,FactCardData_id:6]
6607001,408,1:3:52,0,[StatementsData_logId:0,FactCardData_id:6,true]
6607001,409,1:3:52,0,[StatementsData_logId:0]
6607001,410,1:3:55,0,[StatementsData_logId:0,2]
6607001,412,1:3:56,0,[StatementsData_logId:0]
6607001,413,1:3:58,0,[StatementsData_logId:0,DuelResponsesData_logId:0]
6607001,414,1:4:0,0,[StatementsData_logId:0,DuelResponsesData_logId:0]
6607001,415,1:4:5,0,[StatementsData_logId:0,DuelResponsesData_logId:0,DuelResponsesData_ok_player_response]
6607001,416,1:4:5,0,[StatementsData_logId:0,DuelResponsesData_logId:0]
6607001,417,1:4:7,0,[StatementsData_logId:0,DuelResponsesData_logId:0]
6607001,413,1:4:9,0,[StatementsData_logId:0,DuelResponsesData_logId:1]
6607001,414,1:4:10,0,[StatementsData_logId:0,DuelResponsesData_logId:1]
6607001,415,1:4:14,0,[StatementsData_logId:0,DuelResponsesData_logId:1,DuelResponsesData_ok_player_response]
6607001,416,1:4:14,0,[StatementsData_logId:0,DuelResponsesData_logId:1]
6607001,417,1:4:16,0,[StatementsData_logId:0,DuelResponsesData_logId:1]
6607001,413,1:4:17,0,[StatementsData_logId:0,DuelResponsesData_logId:2]
6607001,414,1:4:18,0,[StatementsData_logId:0,DuelResponsesData_logId:2]
6607001,415,1:4:24,0,[StatementsData_logId:0,DuelResponsesData_logId:2,DuelResponsesData_witty_player_response]
6607001,416,1:4:25,0,[StatementsData_logId:0,DuelResponsesData_logId:2]
6607001,417,1:4:28,0,[StatementsData_logId:0,DuelResponsesData_logId:2]
6607001,418,1:4:28,0,[StatementsData_logId:0,true]
6607001,419,1:4:33,0,[StatementsData_logId:0,4]
6607001,411,1:4:35,0,[StatementsData_logId:0]
6607001,401,1:4:37,0,[StatementsData_logId:1]
6607001,402,1:4:38,0,[StatementsData_logId:1,true]
6607001,405,1:4:39,0,[StatementsData_logId:1]
6607001,406,1:4:41,0,[StatementsData_logId:1,2]
6607001,411,1:4:42,0,[StatementsData_logId:1]
6607001,401,1:4:44,0,[StatementsData_logId:2]
6607001,404,1:4:47,0,[StatementsData_logId:2,true]
6607001,406,1:4:48,0,[StatementsData_logId:2,2]
6607001,412,1:4:50,0,[StatementsData_logId:2]
6607001,413,1:4:52,0,[StatementsData_logId:2,DuelResponsesData_logId:3]
6607001,414,1:4:53,0,[StatementsData_logId:2,DuelResponsesData_logId:3]
6607001,415,1:5:2,0,[StatementsData_logId:2,DuelResponsesData_logId:3,DuelResponsesData_ok_player_response]
6607001,416,1:5:2,0,[StatementsData_logId:2,DuelResponsesData_logId:3]
6607001,417,1:5:4,0,[StatementsData_logId:2,DuelResponsesData_logId:3]
6607001,413,1:5:7,0,[StatementsData_logId:2,DuelResponsesData_logId:4]
6607001,414,1:5:8,0,[StatementsData_logId:2,DuelResponsesData_logId:4]
6607001,415,1:5:37,0,[StatementsData_logId:2,DuelResponsesData_logId:4,DuelResponsesData_witty_player_response]
6607001,416,1:5:38,0,[StatementsData_logId:2,DuelResponsesData_logId:4]
6607001,417,1:5:40,0,[StatementsData_logId:2,DuelResponsesData_logId:4]
6607001,413,1:5:44,0,[StatementsData_logId:2,DuelResponsesData_logId:5]
6607001,414,1:5:45,0,[StatementsData_logId:2,DuelResponsesData_logId:5]
6607001,415,1:5:56,0,[StatementsData_logId:2,DuelResponsesData_logId:5,DuelResponsesData_witty_player_response]
6607001,416,1:5:56,0,[StatementsData_logId:2,DuelResponsesData_logId:5]
6607001,417,1:5:58,0,[StatementsData_logId:2,DuelResponsesData_logId:5]
6607001,418,1:5:58,0,[StatementsData_logId:2,true]
6607001,419,1:6:5,0,[StatementsData_logId:2,4]
6607001,411,1:6:6,0,[StatementsData_logId:2]
6607001,401,1:6:8,0,[StatementsData_logId:3]
6607001,403,1:6:10,0,[StatementsData_logId:3,true]
6607001,405,1:6:11,0,[StatementsData_logId:3]
6607001,406,1:6:12,0,[StatementsData_logId:3,2]
6607001,407,1:6:12,0,[StatementsData_logId:3,FactCardData_id:7]
6607001,407,1:6:12,0,[StatementsData_logId:3,FactCardData_id:0]
6607001,407,1:6:12,0,[StatementsData_logId:3,FactCardData_id:6]
6607001,407,1:6:12,0,[StatementsData_logId:3,FactCardData_id:4]
6607001,407,1:6:12,0,[StatementsData_logId:3,FactCardData_id:5]
6607001,407,1:6:12,0,[StatementsData_logId:3,FactCardData_id:3]
6607001,407,1:6:14,0,[StatementsData_logId:3,FactCardData_id:6]
6607001,407,1:6:14,0,[StatementsData_logId:3,FactCardData_id:6]
6607001,407,1:6:15,0,[StatementsData_logId:3,FactCardData_id:5]
6607001,407,1:6:15,0,[StatementsData_logId:3,FactCardData_id:6]
6607001,407,1:6:15,0,[StatementsData_logId:3,FactCardData_id:5]
6607001,407,1:6:16,0,[StatementsData_logId:3,FactCardData_id:3]
6607001,407,1:6:16,0,[StatementsData_logId:3,FactCardData_id:5]
6607001,407,1:6:16,0,[StatementsData_logId:3,FactCardData_id:3]
6607001,407,1:6:17,0,[StatementsData_logId:3,FactCardData_id:4]
6607001,407,1:6:17,0,[StatementsData_logId:3,FactCardData_id:3]
6607001,407,1:6:17,0,[StatementsData_logId:3,FactCardData_id:4]
6607001,407,1:6:19,0,[StatementsData_logId:3,FactCardData_id:0]
6607001,407,1:6:19,0,[StatementsData_logId:3,FactCardData_id:4]
6607001,407,1:6:19,0,[StatementsData_logId:3,FactCardData_id:0]
6607001,407,1:6:25,0,[StatementsData_logId:3,FactCardData_id:7]
6607001,407,1:6:25,0,[StatementsData_logId:3,FactCardData_id:0]
6607001,407,1:6:25,0,[StatementsData_logId:3,FactCardData_id:7]
6607001,407,1:6:28,0,[StatementsData_logId:3,FactCardData_id:0]
6607001,407,1:6:28,0,[StatementsData_logId:3,FactCardData_id:7]
6607001,407,1:6:28,0,[StatementsData_logId:3,FactCardData_id:0]
6607001,408,1:6:29,0,[StatementsData_logId:3,FactCardData_id:0,true]
6607001,409,1:6:29,0,[StatementsData_logId:3]
6607001,410,1:6:30,0,[StatementsData_logId:3,2]
6607001,412,1:6:34,0,[StatementsData_logId:3]
6607001,413,1:6:36,0,[StatementsData_logId:3,DuelResponsesData_logId:6]
6607001,414,1:6:37,0,[StatementsData_logId:3,DuelResponsesData_logId:6]
6607001,415,1:6:48,0,[StatementsData_logId:3,DuelResponsesData_logId:6,DuelResponsesData_ok_player_response]
6607001,416,1:6:48,0,[StatementsData_logId:3,DuelResponsesData_logId:6]
6607001,417,1:6:50,0,[StatementsData_logId:3,DuelResponsesData_logId:6]
6607001,413,1:6:52,0,[StatementsData_logId:3,DuelResponsesData_logId:7]
6607001,414,1:6:53,0,[StatementsData_logId:3,DuelResponsesData_logId:7]
6607001,415,1:7:8,0,[StatementsData_logId:3,DuelResponsesData_logId:7,DuelResponsesData_ok_player_response]
6607001,416,1:7:9,0,[StatementsData_logId:3,DuelResponsesData_logId:7]
6607001,417,1:7:10,0,[StatementsData_logId:3,DuelResponsesData_logId:7]
6607001,413,1:7:14,0,[StatementsData_logId:3,DuelResponsesData_logId:8]
6607001,414,1:7:15,0,[StatementsData_logId:3,DuelResponsesData_logId:8]
6607001,415,1:7:19,0,[StatementsData_logId:3,DuelResponsesData_logId:8,DuelResponsesData_ok_player_response]
6607001,416,1:7:20,0,[StatementsData_logId:3,DuelResponsesData_logId:8]
6607001,417,1:7:22,0,[StatementsData_logId:3,DuelResponsesData_logId:8]
6607001,418,1:7:22,0,[StatementsData_logId:3,true]
6607001,419,1:7:25,0,[StatementsData_logId:3,4]
6607001,411,1:7:26,0,[StatementsData_logId:3]
6607001,401,1:7:28,0,[StatementsData_logId:4]
6607001,402,1:7:29,0,[StatementsData_logId:4,true]
6607001,405,1:7:30,0,[StatementsData_logId:4]
6607001,406,1:7:31,0,[StatementsData_logId:4,2]
6607001,411,1:7:32,0,[StatementsData_logId:4]
6607001,401,1:7:34,0,[StatementsData_logId:5]
6607001,402,1:7:37,0,[StatementsData_logId:5,false]
6607001,405,1:7:38,0,[StatementsData_logId:5]
6607001,406,1:8:0,0,[StatementsData_logId:5,-2]
6607001,411,1:8:3,0,[StatementsData_logId:5]
6607001,420,1:8:3,0,[56]
6607001,1001,1:8:10,0,[]
6607001,1003,1:8:10,0
6607001,1004,1:8:14,0
6607001,400,1:8:16,0,[]
6607001,401,1:8:17,0,[StatementsData_logId:0]
6607001,402,1:8:18,0,[StatementsData_logId:0,false]
6607001,1002,1:8:26,0
6607001,1003,1:8:26,0
6607001,1004,1:8:30,0
6607001,400,1:8:31,0,[]
6607001,401,1:8:32,0,[StatementsData_logId:0]
6607001,403,1:8:33,0,[StatementsData_logId:0,true]
6607001,405,1:8:35,0,[StatementsData_logId:0]
6607001,406,1:8:36,0,[StatementsData_logId:0,2]
6607001,407,1:8:36,0,[StatementsData_logId:0,FactCardData_id:0]
6607001,407,1:8:36,0,[StatementsData_logId:0,FactCardData_id:6]
6607001,407,1:8:36,0,[StatementsData_logId:0,FactCardData_id:7]
6607001,407,1:8:36,0,[StatementsData_logId:0,FactCardData_id:4]
6607001,407,1:8:36,0,[StatementsData_logId:0,FactCardData_id:5]
6607001,407,1:8:36,0,[StatementsData_logId:0,FactCardData_id:3]
6607001,407,1:8:37,0,[StatementsData_logId:0,FactCardData_id:6]
6607001,407,1:8:37,0,[StatementsData_logId:0,FactCardData_id:6]
6607001,408,1:8:39,0,[StatementsData_logId:0,FactCardData_id:6,true]
6607001,409,1:8:39,0,[StatementsData_logId:0]
6607001,410,1:8:39,0,[StatementsData_logId:0,2]
6607001,412,1:8:41,0,[StatementsData_logId:0]
6607001,413,1:8:42,0,[StatementsData_logId:0,DuelResponsesData_logId:0]
6607001,414,1:8:43,0,[StatementsData_logId:0,DuelResponsesData_logId:0]
6607001,415,1:8:53,0,[StatementsData_logId:0,DuelResponsesData_logId:0,DuelResponsesData_ok_player_response]
6607001,416,1:8:54,0,[StatementsData_logId:0,DuelResponsesData_logId:0]
6607001,417,1:8:56,0,[StatementsData_logId:0,DuelResponsesData_logId:0]
6607001,413,1:9:0,0,[StatementsData_logId:0,DuelResponsesData_logId:1]
6607001,414,1:9:7,0,[StatementsData_logId:0,DuelResponsesData_logId:1]
6607001,415,1:9:18,0,[StatementsData_logId:0,DuelResponsesData_logId:1,DuelResponsesData_ok_player_response]
6607001,416,1:9:19,0,[StatementsData_logId:0,DuelResponsesData_logId:1]
6607001,417,1:9:20,0,[StatementsData_logId:0,DuelResponsesData_logId:1]
6607001,413,1:9:22,0,[StatementsData_logId:0,DuelResponsesData_logId:2]
6607001,414,1:9:25,0,[StatementsData_logId:0,DuelResponsesData_logId:2]
6607001,415,1:9:28,0,[StatementsData_logId:0,DuelResponsesData_logId:2,DuelResponsesData_witty_player_response]
6607001,416,1:9:30,0,[StatementsData_logId:0,DuelResponsesData_logId:2]
6607001,417,1:9:32,0,[StatementsData_logId:0,DuelResponsesData_logId:2]
6607001,418,1:9:32,0,[StatementsData_logId:0,true]
6607001,419,1:9:34,0,[StatementsData_logId:0,4]
6607001,411,1:9:35,0,[StatementsData_logId:0]
6607001,401,1:9:38,0,[StatementsData_logId:1]
6607001,402,1:9:38,0,[StatementsData_logId:1,true]
6607001,405,1:9:39,0,[StatementsData_logId:1]
6607001,406,1:9:41,0,[StatementsData_logId:1,2]
6607001,411,1:9:42,0,[StatementsData_logId:1]
6607001,401,1:9:43,0,[StatementsData_logId:2]
6607001,403,1:9:46,0,[StatementsData_logId:2,false]
6607001,405,1:9:47,0,[StatementsData_logId:2]
6607001,406,1:10:0,0,[StatementsData_logId:2,-2]
6607001,411,1:10:1,0,[StatementsData_logId:2]
6607001,401,1:10:6,0,[StatementsData_logId:3]
6607001,403,1:10:7,0,[StatementsData_logId:3,true]
6607001,405,1:10:8,0,[StatementsData_logId:3]
6607001,406,1:10:9,0,[StatementsData_logId:3,2]
6607001,407,1:10:9,0,[StatementsData_logId:3,FactCardData_id:7]
6607001,407,1:10:9,0,[StatementsData_logId:3,FactCardData_id:4]
6607001,407,1:10:9,0,[StatementsData_logId:3,FactCardData_id:6]
6607001,407,1:10:9,0,[StatementsData_logId:3,FactCardData_id:5]
6607001,407,1:10:9,0,[StatementsData_logId:3,FactCardData_id:3]
6607001,407,1:10:9,0,[StatementsData_logId:3,FactCardData_id:0]
6607001,407,1:10:11,0,[StatementsData_logId:3,FactCardData_id:4]
6607001,407,1:10:11,0,[StatementsData_logId:3,FactCardData_id:4]
6607001,407,1:10:12,0,[StatementsData_logId:3,FactCardData_id:7]
6607001,407,1:10:12,0,[StatementsData_logId:3,FactCardData_id:4]
6607001,407,1:10:12,0,[StatementsData_logId:3,FactCardData_id:7]
6607001,408,1:10:15,0,[StatementsData_logId:3,FactCardData_id:7,false]
6607001,1002,1:10:21,0
6607001,1003,1:10:21,0
6607001,1004,1:10:30,0
6607001,400,1:10:31,0,[]
6607001,401,1:10:42,0,[StatementsData_logId:0]
6607001,403,1:10:42,0,[StatementsData_logId:0,true]
6607001,405,1:10:43,0,[StatementsData_logId:0]
6607001,406,1:11:8,0,[StatementsData_logId:0,2]
6607001,407,1:11:8,0,[StatementsData_logId:0,FactCardData_id:5]
6607001,407,1:11:8,0,[StatementsData_logId:0,FactCardData_id:4]
6607001,407,1:11:8,0,[StatementsData_logId:0,FactCardData_id:7]
6607001,407,1:11:8,0,[StatementsData_logId:0,FactCardData_id:3]
6607001,407,1:11:8,0,[StatementsData_logId:0,FactCardData_id:0]
6607001,407,1:11:8,0,[StatementsData_logId:0,FactCardData_id:6]
6607001,407,1:11:12,0,[StatementsData_logId:0,FactCardData_id:4]
6607001,407,1:11:12,0,[StatementsData_logId:0,FactCardData_id:4]
6607001,407,1:11:13,0,[StatementsData_logId:0,FactCardData_id:5]
6607001,407,1:11:13,0,[StatementsData_logId:0,FactCardData_id:4]
6607001,407,1:11:13,0,[StatementsData_logId:0,FactCardData_id:5]
6607001,407,1:11:16,0,[StatementsData_logId:0,FactCardData_id:7]
6607001,407,1:11:16,0,[StatementsData_logId:0,FactCardData_id:5]
6607001,407,1:11:16,0,[StatementsData_logId:0,FactCardData_id:7]
6607001,408,1:11:19,0,[StatementsData_logId:0,FactCardData_id:7,false]
6607001,1002,1:11:27,0
6607001,1003,1:11:27,0
6607001,1004,1:11:35,0
6607001,400,1:11:37,0,[]
6607001,401,1:11:39,0,[StatementsData_logId:0]
6607001,403,1:11:40,0,[StatementsData_logId:0,true]
6607001,405,1:11:41,0,[StatementsData_logId:0]
6607001,406,1:11:42,0,[StatementsData_logId:0,2]
6607001,407,1:11:42,0,[StatementsData_logId:0,FactCardData_id:3]
6607001,407,1:11:42,0,[StatementsData_logId:0,FactCardData_id:5]
6607001,407,1:11:42,0,[StatementsData_logId:0,FactCardData_id:6]
6607001,407,1:11:42,0,[StatementsData_logId:0,FactCardData_id:0]
6607001,407,1:11:42,0,[StatementsData_logId:0,FactCardData_id:7]
6607001,407,1:11:42,0,[StatementsData_logId:0,FactCardData_id:4]
6607001,407,1:11:43,0,[StatementsData_logId:0,FactCardData_id:5]
6607001,407,1:11:43,0,[StatementsData_logId:0,FactCardData_id:5]
6607001,407,1:11:43,0,[StatementsData_logId:0,FactCardData_id:0]
6607001,407,1:11:43,0,[StatementsData_logId:0,FactCardData_id:5]
6607001,407,1:11:43,0,[StatementsData_logId:0,FactCardData_id:0]
6607001,407,1:11:44,0,[StatementsData_logId:0,FactCardData_id:3]
6607001,407,1:11:44,0,[StatementsData_logId:0,FactCardData_id:0]
6607001,407,1:11:44,0,[StatementsData_logId:0,FactCardData_id:3]
6607001,407,1:11:45,0,[StatementsData_logId:0,FactCardData_id:6]
6607001,407,1:11:45,0,[StatementsData_logId:0,FactCardData_id:3]
6607001,407,1:11:45,0,[StatementsData_logId:0,FactCardData_id:6]
6607001,408,1:11:47,0,[StatementsData_logId:0,FactCardData_id:6,true]
6607001,409,1:11:47,0,[StatementsData_logId:0]
6607001,410,1:11:48,0,[StatementsData_logId:0,2]
6607001,412,1:11:49,0,[StatementsData_logId:0]
6607001,413,1:11:50,0,[StatementsData_logId:0,DuelResponsesData_logId:0]
6607001,414,1:11:51,0,[StatementsData_logId:0,DuelResponsesData_logId:0]
6607001,415,1:11:56,0,[StatementsData_logId:0,DuelResponsesData_logId:0,DuelResponsesData_ok_player_response]
6607001,416,1:11:56,0,[StatementsData_logId:0,DuelResponsesData_logId:0]
6607001,417,1:11:59,0,[StatementsData_logId:0,DuelResponsesData_logId:0]
6607001,413,1:12:1,0,[StatementsData_logId:0,DuelResponsesData_logId:1]
6607001,414,1:12:2,0,[StatementsData_logId:0,DuelResponsesData_logId:1]
6607001,415,1:12:10,0,[StatementsData_logId:0,DuelResponsesData_logId:1,DuelResponsesData_witty_player_response]
6607001,416,1:12:11,0,[StatementsData_logId:0,DuelResponsesData_logId:1]
6607001,417,1:12:13,0,[StatementsData_logId:0,DuelResponsesData_logId:1]
6607001,413,1:12:14,0,[StatementsData_logId:0,DuelResponsesData_logId:2]
6607001,414,1:12:17,0,[StatementsData_logId:0,DuelResponsesData_logId:2]
6607001,415,1:12:18,0,[StatementsData_logId:0,DuelResponsesData_logId:2,DuelResponsesData_witty_player_response]
6607001,416,1:12:19,0,[StatementsData_logId:0,DuelResponsesData_logId:2]
6607001,417,1:12:21,0,[StatementsData_logId:0,DuelResponsesData_logId:2]
6607001,418,1:12:21,0,[StatementsData_logId:0,true]
6607001,419,1:12:25,0,[StatementsData_logId:0,4]
6607001,411,1:12:33,0,[StatementsData_logId:0]
6607001,401,1:12:35,0,[StatementsData_logId:1]
6607001,402,1:12:36,0,[StatementsData_logId:1,true]
6607001,405,1:12:37,0,[StatementsData_logId:1]
6607001,406,1:12:39,0,[StatementsData_logId:1,2]
6607001,411,1:12:40,0,[StatementsData_logId:1]
6607001,401,1:12:41,0,[StatementsData_logId:2]
6607001,404,1:12:42,0,[StatementsData_logId:2,true]
6607001,406,1:12:44,0,[StatementsData_logId:2,2]
6607001,412,1:12:45,0,[StatementsData_logId:2]
6607001,413,1:12:48,0,[StatementsData_logId:2,DuelResponsesData_logId:3]
6607001,414,1:12:49,0,[StatementsData_logId:2,DuelResponsesData_logId:3]
6607001,415,1:12:55,0,[StatementsData_logId:2,DuelResponsesData_logId:3,DuelResponsesData_ok_player_response]
6607001,416,1:12:56,0,[StatementsData_logId:2,DuelResponsesData_logId:3]
6607001,417,1:12:57,0,[StatementsData_logId:2,DuelResponsesData_logId:3]
6607001,413,1:12:59,0,[StatementsData_logId:2,DuelResponsesData_logId:4]
6607001,414,1:13:6,0,[StatementsData_logId:2,DuelResponsesData_logId:4]
6607001,415,1:13:22,0,[StatementsData_logId:2,DuelResponsesData_logId:4,DuelResponsesData_witty_player_response]
6607001,416,1:13:23,0,[StatementsData_logId:2,DuelResponsesData_logId:4]
6607001,417,1:13:24,0,[StatementsData_logId:2,DuelResponsesData_logId:4]
6607001,413,1:13:27,0,[StatementsData_logId:2,DuelResponsesData_logId:5]
6607001,414,1:13:28,0,[StatementsData_logId:2,DuelResponsesData_logId:5]
6607001,415,1:13:45,0,[StatementsData_logId:2,DuelResponsesData_logId:5,DuelResponsesData_witty_player_response]
6607001,416,1:13:45,0,[StatementsData_logId:2,DuelResponsesData_logId:5]
6607001,417,1:13:47,0,[StatementsData_logId:2,DuelResponsesData_logId:5]
6607001,418,1:13:47,0,[StatementsData_logId:2,true]
6607001,419,1:13:52,0,[StatementsData_logId:2,4]
6607001,411,1:13:53,0,[StatementsData_logId:2]
6607001,401,1:13:55,0,[StatementsData_logId:3]
6607001,403,1:13:56,0,[StatementsData_logId:3,true]
6607001,405,1:13:59,0,[StatementsData_logId:3]
6607001,406,1:14:1,0,[StatementsData_logId:3,2]
6607001,407,1:14:1,0,[StatementsData_logId:3,FactCardData_id:4]
6607001,407,1:14:1,0,[StatementsData_logId:3,FactCardData_id:0]
6607001,407,1:14:1,0,[StatementsData_logId:3,FactCardData_id:6]
6607001,407,1:14:1,0,[StatementsData_logId:3,FactCardData_id:5]
6607001,407,1:14:1,0,[StatementsData_logId:3,FactCardData_id:7]
6607001,407,1:14:1,0,[StatementsData_logId:3,FactCardData_id:3]
6607001,407,1:14:2,0,[StatementsData_logId:3,FactCardData_id:6]
6607001,407,1:14:2,0,[StatementsData_logId:3,FactCardData_id:6]
6607001,407,1:14:4,0,[StatementsData_logId:3,FactCardData_id:4]
6607001,407,1:14:4,0,[StatementsData_logId:3,FactCardData_id:6]
6607001,407,1:14:4,0,[StatementsData_logId:3,FactCardData_id:4]
6607001,407,1:14:5,0,[StatementsData_logId:3,FactCardData_id:7]
6607001,407,1:14:5,0,[StatementsData_logId:3,FactCardData_id:4]
6607001,407,1:14:5,0,[StatementsData_logId:3,FactCardData_id:7]
6607001,408,1:14:7,0,[StatementsData_logId:3,FactCardData_id:7,false]
6607001,406,1:14:12,0,[StatementsData_logId:3,-2]
6607001,411,1:14:14,0,[StatementsData_logId:3]
6607001,401,1:14:19,0,[StatementsData_logId:4]
6607001,402,1:14:19,0,[StatementsData_logId:4,true]
6607001,405,1:14:20,0,[StatementsData_logId:4]
6607001,406,1:14:22,0,[StatementsData_logId:4,2]
6607001,411,1:14:23,0,[StatementsData_logId:4]
6607001,401,1:14:25,0,[StatementsData_logId:5]
6607001,404,1:14:31,0,[StatementsData_logId:5,true]
6607001,406,1:14:32,0,[StatementsData_logId:5,2]
6607001,412,1:14:33,0,[StatementsData_logId:5]
6607001,413,1:14:36,0,[StatementsData_logId:5,DuelResponsesData_logId:9]
6607001,414,1:14:41,0,[StatementsData_logId:5,DuelResponsesData_logId:9]
6607001,415,1:14:55,0,[StatementsData_logId:5,DuelResponsesData_logId:9,DuelResponsesData_ok_player_response]
6607001,416,1:14:55,0,[StatementsData_logId:5,DuelResponsesData_logId:9]
6607001,417,1:14:57,0,[StatementsData_logId:5,DuelResponsesData_logId:9]
6607001,413,1:14:59,0,[StatementsData_logId:5,DuelResponsesData_logId:10]
6607001,414,1:15:0,0,[StatementsData_logId:5,DuelResponsesData_logId:10]
6607001,415,1:15:12,0,[StatementsData_logId:5,DuelResponsesData_logId:10,DuelResponsesData_witty_player_response]
6607001,416,1:15:12,0,[StatementsData_logId:5,DuelResponsesData_logId:10]
6607001,417,1:15:14,0,[StatementsData_logId:5,DuelResponsesData_logId:10]
6607001,413,1:15:17,0,[StatementsData_logId:5,DuelResponsesData_logId:11]
6607001,414,1:15:20,0,[StatementsData_logId:5,DuelResponsesData_logId:11]
6607001,415,1:15:30,0,[StatementsData_logId:5,DuelResponsesData_logId:11,DuelResponsesData_witty_player_response]
6607001,416,1:15:30,0,[StatementsData_logId:5,DuelResponsesData_logId:11]
6607001,417,1:15:33,0,[StatementsData_logId:5,DuelResponsesData_logId:11]
6607001,418,1:15:33,0,[StatementsData_logId:5,true]
6607001,419,1:15:36,0,[StatementsData_logId:5,4]
6607001,411,1:15:37,0,[StatementsData_logId:5]
6607001,420,1:15:37,0,[56]
6607001,1001,1:15:41,0,[]
6607001,1003,1:15:41,0
6607001,221,1:15:45,0
6607001,300,1:15:52
6607001,220,1:15:52,0
6607001,304,1:16:10,0,0,0,3,,3,
6607001,302,1:16:22,0,3,0,1
6607001,304,1:16:25,0,3,0,3,,1,
6607001,302,1:16:33,0,1,0,8
6607001,302,1:16:36,0,1,0,17
6607001,302,1:16:38,0,1,0,20
6607001,303,1:16:39,0,1,0,20
6607001,304,1:16:41,0,1,0,14,caring,20,fun
6607001,221,1:16:47,0
6607001,220,1:16:53,0
6607001,221,1:16:54,0
6607001,220,1:17:1,0
6607001,210,1:17:2,785,498
6607001,211,1:17:4,975,496
6607001,213,1:17:4,0,c_bestFriend_F_a_G7a1P,true
6607001,1003,1:17:10,0
6607001,1004,1:17:11,0
6607001,400,1:17:12,0,[]
6607001,401,1:17:13,0,[StatementsData_logId:0]
6607001,403,1:17:15,0,[StatementsData_logId:0,true]
6607001,405,1:17:17,0,[StatementsData_logId:0]
6607001,406,1:17:18,0,[StatementsData_logId:0,2]
6607001,407,1:17:18,0,[StatementsData_logId:0,FactCardData_id:0]
6607001,407,1:17:18,0,[StatementsData_logId:0,FactCardData_id:7]
6607001,407,1:17:18,0,[StatementsData_logId:0,FactCardData_id:4]
6607001,407,1:17:18,0,[StatementsData_logId:0,FactCardData_id:6]
6607001,407,1:17:18,0,[StatementsData_logId:0,FactCardData_id:3]
6607001,407,1:17:18,0,[StatementsData_logId:0,FactCardData_id:5]
6607001,407,1:17:19,0,[StatementsData_logId:0,FactCardData_id:0]
6607001,407,1:17:19,0,[StatementsData_logId:0,FactCardData_id:0]
6607001,407,1:17:20,0,[StatementsData_logId:0,FactCardData_id:3]
6607001,407,1:17:20,0,[StatementsData_logId:0,FactCardData_id:0]
6607001,407,1:17:20,0,[StatementsData_logId:0,FactCardData_id:3]
6607001,407,1:17:21,0,[StatementsData_logId:0,FactCardData_id:4]
6607001,407,1:17:21,0,[StatementsData_logId:0,FactCardData_id:3]
6607001,407,1:17:21,0,[StatementsData_logId:0,FactCardData_id:4]
6607001,407,1:17:22,0,[StatementsData_logId:0,FactCardData_id:7]
6607001,407,1:17:22,0,[StatementsData_logId:0,FactCardData_id:4]
6607001,407,1:17:22,0,[StatementsData_logId:0,FactCardData_id:7]
6607001,408,1:17:25,0,[StatementsData_logId:0,FactCardData_id:7,false]
6607001,406,1:17:29,0,[StatementsData_logId:0,-2]
6607001,411,1:17:30,0,[StatementsData_logId:0]
6607001,401,1:17:33,0,[StatementsData_logId:1]
6607001,402,1:17:34,0,[StatementsData_logId:1,true]
6607001,405,1:17:34,0,[StatementsData_logId:1]
6607001,406,1:17:36,0,[StatementsData_logId:1,2]
6607001,411,1:17:37,0,[StatementsData_logId:1]
6607001,401,1:17:38,0,[StatementsData_logId:2]
6607001,404,1:17:39,0,[StatementsData_logId:2,true]
6607001,406,1:17:40,0,[StatementsData_logId:2,2]
6607001,412,1:17:41,0,[StatementsData_logId:2]
6607001,413,1:17:43,0,[StatementsData_logId:2,DuelResponsesData_logId:3]
6607001,414,1:17:43,0,[StatementsData_logId:2,DuelResponsesData_logId:3]
6607001,415,1:17:47,0,[StatementsData_logId:2,DuelResponsesData_logId:3,DuelResponsesData_witty_player_response]
6607001,416,1:17:48,0,[StatementsData_logId:2,DuelResponsesData_logId:3]
6607001,417,1:17:50,0,[StatementsData_logId:2,DuelResponsesData_logId:3]
6607001,413,1:17:52,0,[StatementsData_logId:2,DuelResponsesData_logId:4]
6607001,414,1:17:54,0,[StatementsData_logId:2,DuelResponsesData_logId:4]
6607001,415,1:18:0,0,[StatementsData_logId:2,DuelResponsesData_logId:4,DuelResponsesData_witty_player_response]
6607001,416,1:18:0,0,[StatementsData_logId:2,DuelResponsesData_logId:4]
6607001,417,1:18:2,0,[StatementsData_logId:2,DuelResponsesData_logId:4]
6607001,413,1:18:6,0,[StatementsData_logId:2,DuelResponsesData_logId:5]
6607001,414,1:18:7,0,[StatementsData_logId:2,DuelResponsesData_logId:5]
6607001,415,1:18:11,0,[StatementsData_logId:2,DuelResponsesData_logId:5,DuelResponsesData_witty_player_response]
6607001,416,1:18:11,0,[StatementsData_logId:2,DuelResponsesData_logId:5]
6607001,417,1:18:13,0,[StatementsData_logId:2,DuelResponsesData_logId:5]
6607001,418,1:18:13,0,[StatementsData_logId:2,true]
6607001,419,1:18:19,0,[StatementsData_logId:2,4]
6607001,411,1:18:21,0,[StatementsData_logId:2]
6607001,401,1:18:22,0,[StatementsData_logId:3]
6607001,403,1:18:24,0,[StatementsData_logId:3,true]
6607001,405,1:18:25,0,[StatementsData_logId:3]
6607001,406,1:18:26,0,[StatementsData_logId:3,2]
6607001,407,1:18:26,0,[StatementsData_logId:3,FactCardData_id:6]
6607001,407,1:18:26,0,[StatementsData_logId:3,FactCardData_id:3]
6607001,407,1:18:26,0,[StatementsData_logId:3,FactCardData_id:5]
6607001,407,1:18:26,0,[StatementsData_logId:3,FactCardData_id:4]
6607001,407,1:18:26,0,[StatementsData_logId:3,FactCardData_id:0]
6607001,407,1:18:26,0,[StatementsData_logId:3,FactCardData_id:7]
6607001,407,1:18:28,0,[StatementsData_logId:3,FactCardData_id:6]
6607001,407,1:18:28,0,[StatementsData_logId:3,FactCardData_id:6]
6607001,407,1:18:31,0,[StatementsData_logId:3,FactCardData_id:3]
6607001,407,1:18:31,0,[StatementsData_logId:3,FactCardData_id:6]
6607001,407,1:18:31,0,[StatementsData_logId:3,FactCardData_id:3]
6607001,407,1:18:32,0,[StatementsData_logId:3,FactCardData_id:4]
6607001,407,1:18:32,0,[StatementsData_logId:3,FactCardData_id:3]
6607001,407,1:18:32,0,[StatementsData_logId:3,FactCardData_id:4]
6607001,407,1:18:33,0,[StatementsData_logId:3,FactCardData_id:7]
6607001,407,1:18:33,0,[StatementsData_logId:3,FactCardData_id:4]
6607001,407,1:18:33,0,[StatementsData_logId:3,FactCardData_id:7]
6607001,407,1:18:44,0,[StatementsData_logId:3,FactCardData_id:0]
6607001,407,1:18:44,0,[StatementsData_logId:3,FactCardData_id:7]
6607001,407,1:18:44,0,[StatementsData_logId:3,FactCardData_id:0]
6607001,407,1:18:47,0,[StatementsData_logId:3,FactCardData_id:5]
6607001,407,1:18:47,0,[StatementsData_logId:3,FactCardData_id:0]
6607001,407,1:18:47,0,[StatementsData_logId:3,FactCardData_id:5]
6607001,407,1:18:48,0,[StatementsData_logId:3,FactCardData_id:0]
6607001,407,1:18:48,0,[StatementsData_logId:3,FactCardData_id:5]
6607001,407,1:18:48,0,[StatementsData_logId:3,FactCardData_id:0]
6607001,408,1:18:49,0,[StatementsData_logId:3,FactCardData_id:0,true]
6607001,409,1:18:49,0,[StatementsData_logId:3]
6607001,410,1:18:52,0,[StatementsData_logId:3,2]
6607001,412,1:18:53,0,[StatementsData_logId:3]
6607001,413,1:18:54,0,[StatementsData_logId:3,DuelResponsesData_logId:6]
6607001,414,1:18:55,0,[StatementsData_logId:3,DuelResponsesData_logId:6]
6607001,415,1:19:2,0,[StatementsData_logId:3,DuelResponsesData_logId:6,DuelResponsesData_ok_player_response]
6607001,416,1:19:2,0,[StatementsData_logId:3,DuelResponsesData_logId:6]
6607001,417,1:19:3,0,[StatementsData_logId:3,DuelResponsesData_logId:6]
6607001,413,1:19:5,0,[StatementsData_logId:3,DuelResponsesData_logId:7]
6607001,414,1:19:6,0,[StatementsData_logId:3,DuelResponsesData_logId:7]
6607001,415,1:19:12,0,[StatementsData_logId:3,DuelResponsesData_logId:7,DuelResponsesData_witty_player_response]
6607001,416,1:19:15,0,[StatementsData_logId:3,DuelResponsesData_logId:7]
6607001,417,1:19:17,0,[StatementsData_logId:3,DuelResponsesData_logId:7]
6607001,413,1:19:20,0,[StatementsData_logId:3,DuelResponsesData_logId:8]
6607001,414,1:19:21,0,[StatementsData_logId:3,DuelResponsesData_logId:8]
6607001,415,1:19:33,0,[StatementsData_logId:3,DuelResponsesData_logId:8,DuelResponsesData_ok_player_response]
6607001,416,1:19:33,0,[StatementsData_logId:3,DuelResponsesData_logId:8]
6607001,417,1:19:34,0,[StatementsData_logId:3,DuelResponsesData_logId:8]
6607001,418,1:19:34,0,[StatementsData_logId:3,true]
6607001,419,1:19:37,0,[StatementsData_logId:3,4]
6607001,411,1:19:39,0,[StatementsData_logId:3]
6607001,401,1:19:41,0,[StatementsData_logId:4]
6607001,402,1:19:42,0,[StatementsData_logId:4,true]
6607001,405,1:19:42,0,[StatementsData_logId:4]
6607001,406,1:19:45,0,[StatementsData_logId:4,2]
6607001,411,1:19:46,0,[StatementsData_logId:4]
6607001,401,1:19:49,0,[StatementsData_logId:5]
6607001,404,1:19:54,0,[StatementsData_logId:5,true]
6607001,406,1:19:55,0,[StatementsData_logId:5,2]
6607001,412,1:19:57,0,[StatementsData_logId:5]
6607001,413,1:19:59,0,[StatementsData_logId:5,DuelResponsesData_logId:9]
6607001,414,1:20:0,0,[StatementsData_logId:5,DuelResponsesData_logId:9]
6607001,415,1:20:13,0,[StatementsData_logId:5,DuelResponsesData_logId:9,DuelResponsesData_ok_player_response]
6607001,416,1:20:13,0,[StatementsData_logId:5,DuelResponsesData_logId:9]
6607001,417,1:20:14,0,[StatementsData_logId:5,DuelResponsesData_logId:9]
6607001,413,1:20:15,0,[StatementsData_logId:5,DuelResponsesData_logId:10]
6607001,414,1:20:17,0,[StatementsData_logId:5,DuelResponsesData_logId:10]
6607001,415,1:20:25,0,[StatementsData_logId:5,DuelResponsesData_logId:10,DuelResponsesData_ok_player_response]
6607001,416,1:20:26,0,[StatementsData_logId:5,DuelResponsesData_logId:10]
6607001,417,1:20:27,0,[StatementsData_logId:5,DuelResponsesData_logId:10]
6607001,413,1:20:31,0,[StatementsData_logId:5,DuelResponsesData_logId:11]
6607001,414,1:20:32,0,[StatementsData_logId:5,DuelResponsesData_logId:11]
6607001,415,1:20:38,0,[StatementsData_logId:5,DuelResponsesData_logId:11,DuelResponsesData_witty_player_response]
6607001,416,1:20:39,0,[StatementsData_logId:5,DuelResponsesData_logId:11]
6607001,417,1:20:41,0,[StatementsData_logId:5,DuelResponsesData_logId:11]
6607001,418,1:20:41,0,[StatementsData_logId:5,true]
6607001,419,1:20:46,0,[StatementsData_logId:5,4]
6607001,411,1:20:47,0,[StatementsData_logId:5]
6607001,420,1:20:47,0,[56]
6607001,1000,1:20:49,0,[]
6607001,400,1:20:58,0,[]
6607001,401,1:21:6,0,[StatementsData_logId:0]
6607001,403,1:21:17,0,[StatementsData_logId:0,true]
6607001,405,1:21:18,0,[StatementsData_logId:0]
6607001,406,1:21:19,0,[StatementsData_logId:0,2]
6607001,407,1:21:19,0,[StatementsData_logId:0,FactCardData_id:5]
6607001,407,1:21:19,0,[StatementsData_logId:0,FactCardData_id:6]
6607001,407,1:21:19,0,[StatementsData_logId:0,FactCardData_id:0]
6607001,407,1:21:19,0,[StatementsData_logId:0,FactCardData_id:7]
6607001,407,1:21:19,0,[StatementsData_logId:0,FactCardData_id:3]
6607001,407,1:21:19,0,[StatementsData_logId:0,FactCardData_id:4]
6607001,407,1:21:21,0,[StatementsData_logId:0,FactCardData_id:6]
6607001,407,1:21:21,0,[StatementsData_logId:0,FactCardData_id:6]
6607001,408,1:21:22,0,[StatementsData_logId:0,FactCardData_id:6,true]
6607001,409,1:21:22,0,[StatementsData_logId:0]
6607001,410,1:21:23,0,[StatementsData_logId:0,2]
6607001,412,1:21:25,0,[StatementsData_logId:0]
6607001,413,1:21:26,0,[StatementsData_logId:0,DuelResponsesData_logId:0]
6607001,414,1:21:27,0,[StatementsData_logId:0,DuelResponsesData_logId:0]
6607001,415,1:21:33,0,[StatementsData_logId:0,DuelResponsesData_logId:0,DuelResponsesData_ok_player_response]
6607001,416,1:21:33,0,[StatementsData_logId:0,DuelResponsesData_logId:0]
6607001,417,1:21:35,0,[StatementsData_logId:0,DuelResponsesData_logId:0]
6607001,413,1:21:38,0,[StatementsData_logId:0,DuelResponsesData_logId:1]
6607001,414,1:21:39,0,[StatementsData_logId:0,DuelResponsesData_logId:1]
6607001,415,1:21:42,0,[StatementsData_logId:0,DuelResponsesData_logId:1,DuelResponsesData_witty_player_response]
6607001,416,1:21:42,0,[StatementsData_logId:0,DuelResponsesData_logId:1]
6607001,417,1:21:44,0,[StatementsData_logId:0,DuelResponsesData_logId:1]
6607001,413,1:21:45,0,[StatementsData_logId:0,DuelResponsesData_logId:2]
6607001,414,1:21:46,0,[StatementsData_logId:0,DuelResponsesData_logId:2]
6607001,415,1:21:51,0,[StatementsData_logId:0,DuelResponsesData_logId:2,DuelResponsesData_witty_player_response]
6607001,416,1:21:52,0,[StatementsData_logId:0,DuelResponsesData_logId:2]
6607001,417,1:21:54,0,[StatementsData_logId:0,DuelResponsesData_logId:2]
6607001,418,1:21:54,0,[StatementsData_logId:0,true]
6607001,419,1:21:56,0,[StatementsData_logId:0,4]
6607001,411,1:21:57,0,[StatementsData_logId:0]
6607001,401,1:21:59,0,[StatementsData_logId:1]
6607001,402,1:22:0,0,[StatementsData_logId:1,true]
6607001,405,1:22:0,0,[StatementsData_logId:1]
6607001,406,1:22:1,0,[StatementsData_logId:1,2]
6607001,411,1:22:2,0,[StatementsData_logId:1]
6607001,401,1:22:4,0,[StatementsData_logId:2]
6607001,404,1:22:5,0,[StatementsData_logId:2,true]
6607001,406,1:22:6,0,[StatementsData_logId:2,2]
6607001,412,1:22:7,0,[StatementsData_logId:2]
6607001,413,1:22:11,0,[StatementsData_logId:2,DuelResponsesData_logId:3]
6607001,414,1:22:12,0,[StatementsData_logId:2,DuelResponsesData_logId:3]
6607001,415,1:22:14,0,[StatementsData_logId:2,DuelResponsesData_logId:3,DuelResponsesData_ok_player_response]
6607001,416,1:22:14,0,[StatementsData_logId:2,DuelResponsesData_logId:3]
6607001,417,1:22:15,0,[StatementsData_logId:2,DuelResponsesData_logId:3]
6607001,413,1:22:19,0,[StatementsData_logId:2,DuelResponsesData_logId:4]
6607001,414,1:22:27,0,[StatementsData_logId:2,DuelResponsesData_logId:4]
6607001,415,1:22:34,0,[StatementsData_logId:2,DuelResponsesData_logId:4,DuelResponsesData_witty_player_response]
6607001,416,1:22:35,0,[StatementsData_logId:2,DuelResponsesData_logId:4]
6607001,417,1:22:36,0,[StatementsData_logId:2,DuelResponsesData_logId:4]
6607001,413,1:22:40,0,[StatementsData_logId:2,DuelResponsesData_logId:5]
6607001,414,1:22:41,0,[StatementsData_logId:2,DuelResponsesData_logId:5]
6607001,415,1:22:49,0,[StatementsData_logId:2,DuelResponsesData_logId:5,DuelResponsesData_witty_player_response]
6607001,416,1:22:49,0,[StatementsData_logId:2,DuelResponsesData_logId:5]
6607001,417,1:22:50,0,[StatementsData_logId:2,DuelResponsesData_logId:5]
6607001,418,1:22:50,0,[StatementsData_logId:2,true]
6607001,419,1:23:3,0,[StatementsData_logId:2,4]
6607001,411,1:23:4,0,[StatementsData_logId:2]
6607001,401,1:23:5,0,[StatementsData_logId:3]
6607001,403,1:23:7,0,[StatementsData_logId:3,true]
6607001,405,1:23:8,0,[StatementsData_logId:3]
6607001,406,1:23:9,0,[StatementsData_logId:3,2]
6607001,407,1:23:9,0,[StatementsData_logId:3,FactCardData_id:6]
6607001,407,1:23:9,0,[StatementsData_logId:3,FactCardData_id:4]
6607001,407,1:23:9,0,[StatementsData_logId:3,FactCardData_id:0]
6607001,407,1:23:9,0,[StatementsData_logId:3,FactCardData_id:3]
6607001,407,1:23:9,0,[StatementsData_logId:3,FactCardData_id:7]
6607001,407,1:23:9,0,[StatementsData_logId:3,FactCardData_id:5]
6607001,407,1:23:12,0,[StatementsData_logId:3,FactCardData_id:6]
6607001,407,1:23:12,0,[StatementsData_logId:3,FactCardData_id:6]
6607001,407,1:23:19,0,[StatementsData_logId:3,FactCardData_id:7]
6607001,407,1:23:19,0,[StatementsData_logId:3,FactCardData_id:6]
6607001,407,1:23:19,0,[StatementsData_logId:3,FactCardData_id:7]
6607001,407,1:23:21,0,[StatementsData_logId:3,FactCardData_id:5]
6607001,407,1:23:21,0,[StatementsData_logId:3,FactCardData_id:7]
6607001,407,1:23:21,0,[StatementsData_logId:3,FactCardData_id:5]
6607001,407,1:23:21,0,[StatementsData_logId:3,FactCardData_id:3]
6607001,407,1:23:21,0,[StatementsData_logId:3,FactCardData_id:5]
6607001,407,1:23:21,0,[StatementsData_logId:3,FactCardData_id:3]
6607001,407,1:23:22,0,[StatementsData_logId:3,FactCardData_id:4]
6607001,407,1:23:22,0,[StatementsData_logId:3,FactCardData_id:3]
6607001,407,1:23:22,0,[StatementsData_logId:3,FactCardData_id:4]
6607001,407,1:23:36,0,[StatementsData_logId:3,FactCardData_id:0]
6607001,407,1:23:36,0,[StatementsData_logId:3,FactCardData_id:4]
6607001,407,1:23:36,0,[StatementsData_logId:3,FactCardData_id:0]
6607001,407,1:23:38,0,[StatementsData_logId:3,FactCardData_id:7]
6607001,407,1:23:38,0,[StatementsData_logId:3,FactCardData_id:0]
6607001,407,1:23:38,0,[StatementsData_logId:3,FactCardData_id:7]
6607001,407,1:23:52,0,[StatementsData_logId:3,FactCardData_id:6]
6607001,407,1:23:52,0,[StatementsData_logId:3,FactCardData_id:7]
6607001,407,1:23:52,0,[StatementsData_logId:3,FactCardData_id:6]
6607001,407,1:24:17,0,[StatementsData_logId:3,FactCardData_id:3]
6607001,407,1:24:17,0,[StatementsData_logId:3,FactCardData_id:6]
6607001,407,1:24:17,0,[StatementsData_logId:3,FactCardData_id:3]
6607001,407,1:24:20,0,[StatementsData_logId:3,FactCardData_id:4]
6607001,407,1:24:20,0,[StatementsData_logId:3,FactCardData_id:3]
6607001,407,1:24:20,0,[StatementsData_logId:3,FactCardData_id:4]
6607001,407,1:24:23,0,[StatementsData_logId:3,FactCardData_id:5]
6607001,407,1:24:23,0,[StatementsData_logId:3,FactCardData_id:4]
6607001,407,1:24:23,0,[StatementsData_logId:3,FactCardData_id:5]
6607001,407,1:24:24,0,[StatementsData_logId:3,FactCardData_id:7]
6607001,407,1:24:24,0,[StatementsData_logId:3,FactCardData_id:5]
6607001,407,1:24:24,0,[StatementsData_logId:3,FactCardData_id:7]
6607001,408,1:24:25,0,[StatementsData_logId:3,FactCardData_id:7,false]
6607001,1002,1:24:31,0
6607001,1003,1:24:31,0
6607001,1004,1:24:32,0
6607001,400,1:24:34,0,[]
6607001,401,1:24:35,0,[StatementsData_logId:0]
6607001,403,1:24:36,0,[StatementsData_logId:0,true]
6607001,405,1:24:36,0,[StatementsData_logId:0]
6607001,406,1:24:38,0,[StatementsData_logId:0,2]
6607001,407,1:24:38,0,[StatementsData_logId:0,FactCardData_id:4]
6607001,407,1:24:38,0,[StatementsData_logId:0,FactCardData_id:6]
6607001,407,1:24:38,0,[StatementsData_logId:0,FactCardData_id:7]
6607001,407,1:24:38,0,[StatementsData_logId:0,FactCardData_id:0]
6607001,407,1:24:38,0,[StatementsData_logId:0,FactCardData_id:5]
6607001,407,1:24:38,0,[StatementsData_logId:0,FactCardData_id:3]
6607001,407,1:24:40,0,[StatementsData_logId:0,FactCardData_id:7]
6607001,407,1:24:40,0,[StatementsData_logId:0,FactCardData_id:7]
6607001,407,1:24:42,0,[StatementsData_logId:0,FactCardData_id:6]
6607001,407,1:24:42,0,[StatementsData_logId:0,FactCardData_id:7]
6607001,407,1:24:42,0,[StatementsData_logId:0,FactCardData_id:6]
6607001,408,1:24:44,0,[StatementsData_logId:0,FactCardData_id:6,true]
6607001,409,1:24:44,0,[StatementsData_logId:0]
6607001,410,1:24:45,0,[StatementsData_logId:0,2]
6607001,412,1:24:45,0,[StatementsData_logId:0]
6607001,413,1:24:46,0,[StatementsData_logId:0,DuelResponsesData_logId:0]
6607001,414,1:24:47,0,[StatementsData_logId:0,DuelResponsesData_logId:0]
6607001,415,1:24:53,0,[StatementsData_logId:0,DuelResponsesData_logId:0,DuelResponsesData_ok_player_response]
6607001,416,1:24:54,0,[StatementsData_logId:0,DuelResponsesData_logId:0]
6607001,417,1:24:56,0,[StatementsData_logId:0,DuelResponsesData_logId:0]
6607001,413,1:24:59,0,[StatementsData_logId:0,DuelResponsesData_logId:1]
6607001,414,1:25:0,0,[StatementsData_logId:0,DuelResponsesData_logId:1]
6607001,415,1:25:4,0,[StatementsData_logId:0,DuelResponsesData_logId:1,DuelResponsesData_witty_player_response]
6607001,416,1:25:4,0,[StatementsData_logId:0,DuelResponsesData_logId:1]
6607001,417,1:25:6,0,[StatementsData_logId:0,DuelResponsesData_logId:1]
6607001,413,1:25:7,0,[StatementsData_logId:0,DuelResponsesData_logId:2]
6607001,414,1:25:8,0,[StatementsData_logId:0,DuelResponsesData_logId:2]
6607001,415,1:25:10,0,[StatementsData_logId:0,DuelResponsesData_logId:2,DuelResponsesData_witty_player_response]
6607001,416,1:25:10,0,[StatementsData_logId:0,DuelResponsesData_logId:2]
6607001,417,1:25:12,0,[StatementsData_logId:0,DuelResponsesData_logId:2]
6607001,418,1:25:12,0,[StatementsData_logId:0,true]
6607001,419,1:25:13,0,[StatementsData_logId:0,4]
6607001,411,1:25:14,0,[StatementsData_logId:0]
6607001,401,1:25:16,0,[StatementsData_logId:1]
6607001,402,1:25:17,0,[StatementsData_logId:1,true]
6607001,405,1:25:18,0,[StatementsData_logId:1]
6607001,406,1:25:24,0,[StatementsData_logId:1,2]
6607001,411,1:25:25,0,[StatementsData_logId:1]
6607001,401,1:25:26,0,[StatementsData_logId:2]
6607001,404,1:25:27,0,[StatementsData_logId:2,true]
6607001,406,1:25:28,0,[StatementsData_logId:2,2]
6607001,412,1:25:29,0,[StatementsData_logId:2]
6607001,413,1:25:37,0,[StatementsData_logId:2,DuelResponsesData_logId:3]
6607001,414,1:25:39,0,[StatementsData_logId:2,DuelResponsesData_logId:3]
6607001,415,1:26:30,0,[StatementsData_logId:2,DuelResponsesData_logId:3,DuelResponsesData_ok_player_response]
6607001,416,1:26:31,0,[StatementsData_logId:2,DuelResponsesData_logId:3]
6607001,417,1:26:32,0,[StatementsData_logId:2,DuelResponsesData_logId:3]
6607001,413,1:26:33,0,[StatementsData_logId:2,DuelResponsesData_logId:4]
6607001,414,1:26:34,0,[StatementsData_logId:2,DuelResponsesData_logId:4]
6607001,415,1:26:39,0,[StatementsData_logId:2,DuelResponsesData_logId:4,DuelResponsesData_witty_player_response]
6607001,416,1:26:40,0,[StatementsData_logId:2,DuelResponsesData_logId:4]
6607001,417,1:26:41,0,[StatementsData_logId:2,DuelResponsesData_logId:4]
6607001,413,1:26:42,0,[StatementsData_logId:2,DuelResponsesData_logId:5]
6607001,414,1:26:43,0,[StatementsData_logId:2,DuelResponsesData_logId:5]
6607001,415,1:26:47,0,[StatementsData_logId:2,DuelResponsesData_logId:5,DuelResponsesData_witty_player_response]
6607001,416,1:26:47,0,[StatementsData_logId:2,DuelResponsesData_logId:5]
6607001,417,1:26:48,0,[StatementsData_logId:2,DuelResponsesData_logId:5]
6607001,418,1:26:48,0,[StatementsData_logId:2,true]
6607001,419,1:26:51,0,[StatementsData_logId:2,4]
6607001,411,1:26:52,0,[StatementsData_logId:2]
6607001,401,1:26:53,0,[StatementsData_logId:3]
6607001,403,1:26:54,0,[StatementsData_logId:3,true]
6607001,405,1:26:57,0,[StatementsData_logId:3]
6607001,406,1:26:58,0,[StatementsData_logId:3,2]
6607001,407,1:26:58,0,[StatementsData_logId:3,FactCardData_id:0]
6607001,407,1:26:58,0,[StatementsData_logId:3,FactCardData_id:5]
6607001,407,1:26:58,0,[StatementsData_logId:3,FactCardData_id:4]
6607001,407,1:26:58,0,[StatementsData_logId:3,FactCardData_id:7]
6607001,407,1:26:58,0,[StatementsData_logId:3,FactCardData_id:3]
6607001,407,1:26:58,0,[StatementsData_logId:3,FactCardData_id:6]
6607001,407,1:27:11,0,[StatementsData_logId:3,FactCardData_id:6]
6607001,407,1:27:11,0,[StatementsData_logId:3,FactCardData_id:6]
6607001,407,1:27:13,0,[StatementsData_logId:3,FactCardData_id:3]
6607001,407,1:27:13,0,[StatementsData_logId:3,FactCardData_id:6]
6607001,407,1:27:13,0,[StatementsData_logId:3,FactCardData_id:3]
6607001,407,1:27:14,0,[StatementsData_logId:3,FactCardData_id:4]
6607001,407,1:27:14,0,[StatementsData_logId:3,FactCardData_id:3]
6607001,407,1:27:14,0,[StatementsData_logId:3,FactCardData_id:4]
6607001,407,1:27:15,0,[StatementsData_logId:3,FactCardData_id:0]
6607001,407,1:27:15,0,[StatementsData_logId:3,FactCardData_id:4]
6607001,407,1:27:15,0,[StatementsData_logId:3,FactCardData_id:0]
6607001,407,1:27:17,0,[StatementsData_logId:3,FactCardData_id:5]
6607001,407,1:27:17,0,[StatementsData_logId:3,FactCardData_id:0]
6607001,407,1:27:17,0,[StatementsData_logId:3,FactCardData_id:5]
6607001,407,1:27:19,0,[StatementsData_logId:3,FactCardData_id:7]
6607001,407,1:27:19,0,[StatementsData_logId:3,FactCardData_id:5]
6607001,407,1:27:19,0,[StatementsData_logId:3,FactCardData_id:7]
6607001,407,1:27:21,0,[StatementsData_logId:3,FactCardData_id:0]
6607001,407,1:27:21,0,[StatementsData_logId:3,FactCardData_id:7]
6607001,407,1:27:21,0,[StatementsData_logId:3,FactCardData_id:0]
6607001,408,1:27:22,0,[StatementsData_logId:3,FactCardData_id:0,true]
6607001,409,1:27:22,0,[StatementsData_logId:3]
6607001,410,1:27:23,0,[StatementsData_logId:3,2]
6607001,412,1:27:24,0,[StatementsData_logId:3]
6607001,413,1:27:25,0,[StatementsData_logId:3,DuelResponsesData_logId:6]
6607001,414,1:27:26,0,[StatementsData_logId:3,DuelResponsesData_logId:6]
6607001,415,1:27:32,0,[StatementsData_logId:3,DuelResponsesData_logId:6,DuelResponsesData_ok_player_response]
6607001,416,1:27:33,0,[StatementsData_logId:3,DuelResponsesData_logId:6]
6607001,417,1:27:34,0,[StatementsData_logId:3,DuelResponsesData_logId:6]
6607001,413,1:27:35,0,[StatementsData_logId:3,DuelResponsesData_logId:7]
6607001,414,1:27:36,0,[StatementsData_logId:3,DuelResponsesData_logId:7]
6607001,415,1:27:39,0,[StatementsData_logId:3,DuelResponsesData_logId:7,DuelResponsesData_witty_player_response]
6607001,416,1:27:39,0,[StatementsData_logId:3,DuelResponsesData_logId:7]
6607001,417,1:27:40,0,[StatementsData_logId:3,DuelResponsesData_logId:7]
6607001,413,1:27:42,0,[StatementsData_logId:3,DuelResponsesData_logId:8]
6607001,414,1:27:43,0,[StatementsData_logId:3,DuelResponsesData_logId:8]
6607001,415,1:27:57,0,[StatementsData_logId:3,DuelResponsesData_logId:8,DuelResponsesData_witty_player_response]
6607001,416,1:27:57,0,[StatementsData_logId:3,DuelResponsesData_logId:8]
6607001,417,1:27:59,0,[StatementsData_logId:3,DuelResponsesData_logId:8]
6607001,418,1:27:59,0,[StatementsData_logId:3,true]
6607001,419,1:28:2,0,[StatementsData_logId:3,4]
6607001,411,1:28:3,0,[StatementsData_logId:3]
6607001,401,1:28:5,0,[StatementsData_logId:4]
6607001,402,1:28:8,0,[StatementsData_logId:4,true]
6607001,405,1:28:10,0,[StatementsData_logId:4]
6607001,406,1:28:13,0,[StatementsData_logId:4,2]
6607001,411,1:28:13,0,[StatementsData_logId:4]
6607001,401,1:28:16,0,[StatementsData_logId:5]
6607001,404,1:28:21,0,[StatementsData_logId:5,true]
6607001,406,1:28:22,0,[StatementsData_logId:5,2]
6607001,412,1:28:23,0,[StatementsData_logId:5]
6607001,413,1:28:29,0,[StatementsData_logId:5,DuelResponsesData_logId:9]
6607001,414,1:28:38,0,[StatementsData_logId:5,DuelResponsesData_logId:9]
6607001,415,1:28:42,0,[StatementsData_logId:5,DuelResponsesData_logId:9,DuelResponsesData_ok_player_response]
6607001,416,1:28:43,0,[StatementsData_logId:5,DuelResponsesData_logId:9]
6607001,417,1:28:44,0,[StatementsData_logId:5,DuelResponsesData_logId:9]
6607001,413,1:28:44,0,[StatementsData_logId:5,DuelResponsesData_logId:10]
6607001,414,1:28:45,0,[StatementsData_logId:5,DuelResponsesData_logId:10]
6607001,415,1:28:58,0,[StatementsData_logId:5,DuelResponsesData_logId:10,DuelResponsesData_witty_player_response]
6607001,416,1:28:59,0,[StatementsData_logId:5,DuelResponsesData_logId:10]
6607001,417,1:29:0,0,[StatementsData_logId:5,DuelResponsesData_logId:10]
6607001,413,1:29:1,0,[StatementsData_logId:5,DuelResponsesData_logId:11]
6607001,414,1:29:2,0,[StatementsData_logId:5,DuelResponsesData_logId:11]
6607001,415,1:29:5,0,[StatementsData_logId:5,DuelResponsesData_logId:11,DuelResponsesData_witty_player_response]
6607001,416,1:29:6,0,[StatementsData_logId:5,DuelResponsesData_logId:11]
6607001,417,1:29:7,0,[StatementsData_logId:5,DuelResponsesData_logId:11]
6607001,418,1:29:7,0,[StatementsData_logId:5,true]
6607001,419,1:29:10,0,[StatementsData_logId:5,4]
6607001,411,1:29:12,0,[StatementsData_logId:5]
6607001,420,1:29:12,0,[64]
6607001,1005,1:29:12,0,[0,2,3]
6607001,1001,1:29:16,0,[]
6607001,1003,1:29:16,0
6607001,210,1:29:20,936,440
6607001,211,1:29:21,967,467
6607001,213,1:29:21,0,c_bestFriend_F_a_G7a1P,true
6607001,205,1:29:21,0,c_bestFriend_F_a_G7a1P,false,false
6607001,210,1:29:27,1146,447
6607001,207,1:29:31,0,-400,-115
6607001,211,1:29:36,1160,424
6607001,207,1:29:36,0,-115,-175
6607001,212,1:29:36,1
6607001,210,1:29:37,985,473
6607001,211,1:29:38,772,440
6607001,213,1:29:38,0,c_teacherEng_G7a1P,true
6607001,205,1:29:38,0,c_teacherEng_G7a1P,false,true
6607001,210,1:29:42,1062,513
6607001,207,1:29:44,0,-175,0
6607001,207,1:29:51,0,0,-300
6607001,211,1:29:51,982,390
6607001,210,1:29:51,945,429
6607001,211,1:29:52,970,418
6607001,210,1:29:52,962,417
6607001,207,1:29:55,0,-300,-405
6607001,211,1:29:55,1203,156
6607001,213,1:29:55,0,s_clock_G7a1P,true
6607001,210,1:29:58,1263,163
6607001,207,1:29:59,0,-405,-518
6607001,211,1:30:0,1493,332
6607001,213,1:30:0,0,s_paperEnglish_gen,true
6607001,205,1:30:0,0,s_paperEnglish_gen,false,false
6607001,221,1:30:6,0
6607001,220,1:30:8,0
6607001,203,1:30:8,0
6607001,100,1:30:16,1
6607001,102,1:30:21,1
6607001,200,1:30:21,1,3,3,3,0,6
6607001,219,1:30:21,1
6607001,216,1:30:22,Stack_G7b0
6607001,217,1:30:45,Stack_G7b0,20,1.0
6607001,218,1:30:51,1
6607001,210,1:30:52,941,427
6607001,211,1:30:53,677,486
6607001,213,1:30:53,1,c_crewKid2_F_G7b0,true
6607001,212,1:30:56,2
6607001,210,1:30:57,684,459
6607001,211,1:30:58,1014,416
6607001,213,1:30:58,1,c_crewKid1_F_G7b0,false
6607001,1003,1:31:2,2
6607001,1004,1:31:4,1
6607001,900,1:31:10,1,[]
6607001,901,1:31:12,1,[PeopleData_id:4]
6607001,904,1:31:12,1,[PeopleData_id:4]
6607001,902,1:31:14,1,[PeopleData_id:4,PeopleData_data0Type]
6607001,902,1:31:18,1,[PeopleData_id:4,PeopleData_data0Type]
6607001,902,1:31:20,1,[PeopleData_id:4,PeopleData_data1Type]
6607001,902,1:31:22,1,[PeopleData_id:4,PeopleData_data1Type]
6607001,902,1:31:23,1,[PeopleData_id:4,PeopleData_data2Type]
6607001,902,1:31:26,1,[PeopleData_id:4,PeopleData_data2Type]
6607001,902,1:31:27,1,[PeopleData_id:4,PeopleData_data3Type]
6607001,903,1:31:30,1,[PeopleData_id4,PeopleData_data3Type]
6607001,901,1:31:31,1,[PeopleData_id:4]
6607001,904,1:31:31,1,[PeopleData_id:4]
6607001,905,1:31:32,1,[PeopleData_id:4,RankTypes_id:-1,RankTypes_id:4]
6607001,901,1:31:33,1,[PeopleData_id:6]
6607001,902,1:31:34,1,[PeopleData_id:6,PeopleData_data0Type]
6607001,902,1:31:37,1,[PeopleData_id:6,PeopleData_data1Type]
6607001,902,1:31:40,1,[PeopleData_id:6,PeopleData_data1Type]
6607001,902,1:31:41,1,[PeopleData_id:6,PeopleData_data2Type]
6607001,902,1:31:44,1,[PeopleData_id:6,PeopleData_data2Type]
6607001,902,1:31:45,1,[PeopleData_id:6,PeopleData_data3Type]
6607001,903,1:31:47,1,[PeopleData_id6,PeopleData_data3Type]
6607001,901,1:31:48,1,[PeopleData_id:6]
6607001,904,1:31:48,1,[PeopleData_id:6]
6607001,905,1:31:50,1,[PeopleData_id:6,RankTypes_id:-1,RankTypes_id:3]
6607001,901,1:31:50,1,[PeopleData_id:3]
6607001,902,1:31:51,1,[PeopleData_id:3,PeopleData_data0Type]
6607001,902,1:31:55,1,[PeopleData_id:3,PeopleData_data0Type]
6607001,902,1:31:55,1,[PeopleData_id:3,PeopleData_data1Type]
6607001,902,1:31:57,1,[PeopleData_id:3,PeopleData_data1Type]
6607001,902,1:31:58,1,[PeopleData_id:3,PeopleData_data2Type]
6607001,902,1:32:1,1,[PeopleData_id:3,PeopleData_data2Type]
6607001,902,1:32:1,1,[PeopleData_id:3,PeopleData_data3Type]
6607001,903,1:32:6,1,[PeopleData_id3,PeopleData_data3Type]
6607001,901,1:32:6,1,[PeopleData_id:3]
6607001,904,1:32:6,1,[PeopleData_id:3]
6607001,905,1:32:7,1,[PeopleData_id:3,RankTypes_id:-1,RankTypes_id:0]
6607001,901,1:32:8,1,[PeopleData_id:5]
6607001,904,1:32:8,1,[PeopleData_id:5]
6607001,902,1:32:10,1,[PeopleData_id:5,PeopleData_data0Type]
6607001,902,1:32:13,1,[PeopleData_id:5,PeopleData_data1Type]
6607001,902,1:32:15,1,[PeopleData_id:5,PeopleData_data1Type]
6607001,902,1:32:15,1,[PeopleData_id:5,PeopleData_data2Type]
6607001,903,1:32:18,1,[PeopleData_id5,PeopleData_data2Type]
6607001,901,1:32:18,1,[PeopleData_id:5]
6607001,904,1:32:18,1,[PeopleData_id:5]
6607001,905,1:32:19,1,[PeopleData_id:5,RankTypes_id:-1,RankTypes_id:4]
6607001,901,1:32:20,1,[PeopleData_id:1]
6607001,902,1:32:21,1,[PeopleData_id:1,PeopleData_data0Type]
6607001,903,1:32:24,1,[PeopleData_id1,PeopleData_data0Type]
6607001,901,1:32:26,1,[PeopleData_id:1]
6607001,902,1:32:26,1,[PeopleData_id:1,PeopleData_data1Type]
6607001,902,1:32:29,1,[PeopleData_id:1,PeopleData_data2Type]
6607001,902,1:32:31,1,[PeopleData_id:1,PeopleData_data3Type]
6607001,903,1:32:33,1,[PeopleData_id1,PeopleData_data3Type]
6607001,901,1:32:33,1,[PeopleData_id:1]
6607001,904,1:32:33,1,[PeopleData_id:1]
6607001,905,1:32:35,1,[PeopleData_id:1,RankTypes_id:-1,RankTypes_id:3]
6607001,901,1:32:35,1,[PeopleData_id:2]
6607001,902,1:32:36,1,[PeopleData_id:2,PeopleData_data0Type]
6607001,902,1:32:42,1,[PeopleData_id:2,PeopleData_data0Type]
6607001,902,1:32:43,1,[PeopleData_id:2,PeopleData_data1Type]
6607001,902,1:32:46,1,[PeopleData_id:2,PeopleData_data2Type]
6607001,902,1:32:49,1,[PeopleData_id:2,PeopleData_data3Type]
6607001,903,1:32:52,1,[PeopleData_id2,PeopleData_data3Type]
6607001,901,1:32:53,1,[PeopleData_id:2]
6607001,904,1:32:53,1,[PeopleData_id:2]
6607001,905,1:32:53,1,[PeopleData_id:2,RankTypes_id:-1,RankTypes_id:0]
6607001,901,1:32:54,1,[PeopleData_id:0]
6607001,902,1:32:55,1,[PeopleData_id:0,PeopleData_data0Type]
6607001,902,1:33:0,1,[PeopleData_id:0,PeopleData_data1Type]
6607001,902,1:33:3,1,[PeopleData_id:0,PeopleData_data2Type]
6607001,903,1:33:7,1,[PeopleData_id0,PeopleData_data2Type]
6607001,901,1:33:8,1,[PeopleData_id:0]
6607001,904,1:33:8,1,[PeopleData_id:0]
6607001,905,1:33:8,1,[PeopleData_id:0,RankTypes_id:-1,RankTypes_id:0]
6607001,906,1:33:8,1,[]
6607001,907,1:33:34,1,[]
6607001,908,1:33:34,1,[InvitationData_id:8,PeopleData_id:5,RankTypes_id:4]
6607001,909,1:33:41,1,[InvitationData_id:8,PeopleData_id:5,RankTypes_id:4,1]
6607001,910,1:33:44,1,[InvitationData_id:8,9,false]
6607001,908,1:33:44,1,[InvitationData_id:5,PeopleData_id:6,RankTypes_id:3]
6607001,909,1:33:52,1,[InvitationData_id:5,PeopleData_id:6,RankTypes_id:3,1]
6607001,910,1:33:53,1,[InvitationData_id:5,7,false]
6607001,908,1:33:53,1,[InvitationData_id:0,PeopleData_id:4,RankTypes_id:4]
6607001,909,1:33:56,1,[InvitationData_id:0,PeopleData_id:4,RankTypes_id:4,1]
6607001,910,1:33:57,1,[InvitationData_id:0,9,false]
6607001,908,1:33:57,1,[InvitationData_id:9,PeopleData_id:4,RankTypes_id:4]
6607001,909,1:34:1,1,[InvitationData_id:9,PeopleData_id:4,RankTypes_id:4,1]
6607001,910,1:34:6,1,[InvitationData_id:9,0,true]
6607001,908,1:34:6,1,[InvitationData_id:2,PeopleData_id:4,RankTypes_id:4]
6607001,909,1:34:12,1,[InvitationData_id:2,PeopleData_id:4,RankTypes_id:4,0]
6607001,910,1:34:16,1,[InvitationData_id:2,-11,false]
6607001,908,1:34:16,1,[InvitationData_id:3,PeopleData_id:4,RankTypes_id:4]
6607001,909,1:34:20,1,[InvitationData_id:3,PeopleData_id:4,RankTypes_id:4,1]
6607001,910,1:34:21,1,[InvitationData_id:3,9,false]
6607001,908,1:34:21,1,[InvitationData_id:6,PeopleData_id:4,RankTypes_id:4]
6607001,909,1:34:30,1,[InvitationData_id:6,PeopleData_id:4,RankTypes_id:4,0]
6607001,910,1:34:32,1,[InvitationData_id:6,-11,false]
6607001,908,1:34:32,1,[InvitationData_id:1,PeopleData_id:4,RankTypes_id:4]
6607001,909,1:34:53,1,[InvitationData_id:1,PeopleData_id:4,RankTypes_id:4,1]
6607001,910,1:34:53,1,[InvitationData_id:1,9,false]
6607001,908,1:34:53,1,[InvitationData_id:10,PeopleData_id:4,RankTypes_id:4]
6607001,909,1:35:8,1,[InvitationData_id:10,PeopleData_id:4,RankTypes_id:4,1]
6607001,910,1:35:9,1,[InvitationData_id:10,9,false]
6607001,911,1:35:13,1,[30,1,1,1]
6607001,1005,1:35:14,1,[2,0,2]
6607001,1000,1:35:16,1,[]
6607001,900,1:35:17,1,[]
6607001,901,1:35:18,1,[PeopleData_id:5]
6607001,904,1:35:18,1,[PeopleData_id:5]
6607001,902,1:35:19,1,[PeopleData_id:5,PeopleData_data0Type]
6607001,902,1:35:22,1,[PeopleData_id:5,PeopleData_data1Type]
6607001,902,1:35:24,1,[PeopleData_id:5,PeopleData_data2Type]
6607001,903,1:35:25,1,[PeopleData_id5,PeopleData_data2Type]
6607001,901,1:35:26,1,[PeopleData_id:5]
6607001,904,1:35:26,1,[PeopleData_id:5]
6607001,905,1:35:28,1,[PeopleData_id:5,RankTypes_id:-1,RankTypes_id:3]
6607001,901,1:35:28,1,[PeopleData_id:2]
6607001,902,1:35:29,1,[PeopleData_id:2,PeopleData_data0Type]
6607001,902,1:35:39,1,[PeopleData_id:2,PeopleData_data1Type]
6607001,903,1:35:41,1,[PeopleData_id2,PeopleData_data1Type]
6607001,901,1:35:42,1,[PeopleData_id:2]
6607001,904,1:35:42,1,[PeopleData_id:2]
6607001,905,1:35:43,1,[PeopleData_id:2,RankTypes_id:-1,RankTypes_id:0]
6607001,901,1:35:44,1,[PeopleData_id:1]
6607001,902,1:35:45,1,[PeopleData_id:1,PeopleData_data0Type]
6607001,902,1:35:47,1,[PeopleData_id:1,PeopleData_data1Type]
6607001,902,1:35:48,1,[PeopleData_id:1,PeopleData_data2Type]
6607001,902,1:35:50,1,[PeopleData_id:1,PeopleData_data2Type]
6607001,902,1:35:50,1,[PeopleData_id:1,PeopleData_data3Type]
6607001,903,1:35:51,1,[PeopleData_id1,PeopleData_data3Type]
6607001,901,1:35:52,1,[PeopleData_id:1]
6607001,904,1:35:52,1,[PeopleData_id:1]
6607001,905,1:35:55,1,[PeopleData_id:1,RankTypes_id:-1,RankTypes_id:3]
6607001,901,1:36:0,1,[PeopleData_id:4]
6607001,103,1:36:26
6607001,105,1:36:27
6607001,703,1:36:29,[|| EpilogueItem ID: 0 unlocked: true ||,|| EpilogueItem ID: 1 unlocked: false ||,|| EpilogueItem ID: 2 unlocked: false ||,|| EpilogueItem ID: 3 unlocked: false ||,|| EpilogueItem ID: 4 unlocked: false ||,|| EpilogueItem ID: 5 unlocked: false ||,|| EpilogueItem ID: 6 unlocked: false ||,|| EpilogueItem ID: 7 unlocked: false ||,|| EpilogueItem ID: 8 unlocked: false ||,|| EpilogueItem ID: 9 unlocked: false ||,|| EpilogueItem ID: 10 unlocked: false ||,|| EpilogueItem ID: 11 unlocked: false ||,|| EpilogueItem ID: 12 unlocked: false ||,|| EpilogueItem ID: 13 unlocked: false ||,|| EpilogueItem ID: 14 unlocked: false ||,|| EpilogueItem ID: 15 unlocked: false ||,|| EpilogueItem ID: 16 unlocked: false ||,|| EpilogueItem ID: 17 unlocked: false ||,|| EpilogueItem ID: 18 unlocked: false ||,|| EpilogueItem ID: 19 unlocked: false ||,|| EpilogueItem ID: 20 unlocked: false ||,|| EpilogueItem ID: 21 unlocked: false ||,|| EpilogueItem ID: 22 unlocked: false ||,|| EpilogueItem ID: 23 unlocked: false ||,|| EpilogueItem ID: 24 unlocked: false ||],0.04
6607001,706,1:36:34,(x=288, y=-100, w=1024, h=768),(x=562, y=-100, w=1024, h=768)
6607001,704,1:36:35,18
6607001,705,1:36:36,18,true
6607001,706,1:36:37,(x=984, y=-100, w=1024, h=768),(x=2531, y=-100, w=1024, h=768)
6607001,708,1:36:37
6607001,1,1:36:37,2/12/2014 4:55:50pm,{"gameTime":5797081,"challengeStacks":[{"challengeScenes":[{"miniGameCards":[],"viewedAnimatic":true,"keyPoints":["c_teacherEng_G7a0","c_bestFriend_F_a_G7a0","s_flag_gen"],"unlocked":true,"touchableObjects":["s_otherStudent1_G7a0","s_vocabAssignment_G7a0","c_crewKid1_F_G7a0","s_doorClassroom_G7a0","c_teacherEng_G7a0","c_friend1_F_a_G7a0","s_angelouPoster_gen","s_shakespearePoster_gen","s_poePoster_gen","c_bestFriend_F_a_G7a0","s_clock_G7a0","s_flag_gen"]},{"miniGameCards":[],"viewedAnimatic":true,"keyPoints":["c_teacherEng_G7a1N","c_bestFriend_F_a_G7a1N","s_paperPlayers_G7a1N"],"unlocked":true,"touchableObjects":["c_teacherEng_G7a1N","s_otherStudent2_G7a1N","c_bestFriend_F_a_G7a1N","s_otherStudent1_G7a1N","c_crewKid1_F_G7a1N","s_flag_gen","s_paperPlayers_G7a1N"]},{"miniGameCards":[],"viewedAnimatic":true,"keyPoints":["s_flag_gen","c_teacherEng_G7a1P","c_bestFriend_F_a_G7a1P","s_paperEnglish_gen"],"unlocked":true,"touchableObjects":["s_flag_gen","c_teacherEng_G7a1P","s_clock_G7a1P","s_atwoodPoster_gen","s_paperPlayers_G7a1P","s_poePoster_gen","c_bestFriend_F_a_G7a1P","s_paperEnglish_gen"]}],"stackSize":3,"resolved":true},{"challengeScenes":[{"miniGameCards":[],"viewedAnimatic":true,"keyPoints":[],"unlocked":true,"touchableObjects":["c_crewKid2_F_G7b0"]},{"miniGameCards":[],"viewedAnimatic":false,"keyPoints":[],"unlocked":true,"touchableObjects":[]},{"miniGameCards":[],"viewedAnimatic":false,"keyPoints":[],"unlocked":false,"touchableObjects":[]},{"miniGameCards":[],"viewedAnimatic":false,"keyPoints":[],"unlocked":false,"touchableObjects":[]},{"miniGameCards":[],"viewedAnimatic":false,"keyPoints":[],"unlocked":false,"touchableObjects":[]}],"stackSize":5,"resolved":false},{"challengeScenes":[{"miniGameCards":[],"viewedAnimatic":false,"keyPoints":[],"unlocked":false,"touchableObjects":[]},{"miniGameCards":[],"viewedAnimatic":false,"keyPoints":[],"unlocked":false,"touchableObjects":[]},{"miniGameCards":[],"viewedAnimatic":false,"keyPoints":[],"unlocked":false,"touchableObjects":[]},{"miniGameCards":[],"viewedAnimatic":false,"keyPoints":[],"unlocked":false,"touchableObjects":[]},{"miniGameCards":[],"viewedAnimatic":false,"keyPoints":[],"unlocked":false,"touchableObjects":[]},{"miniGameCards":[],"viewedAnimatic":false,"keyPoints":[],"unlocked":false,"touchableObjects":[]},{"miniGameCards":[],"viewedAnimatic":false,"keyPoints":[],"unlocked":false,"touchableObjects":[]}],"stackSize":7,"resolved":false},{"challengeScenes":[{"miniGameCards":[],"viewedAnimatic":false,"keyPoints":[],"unlocked":false,"touchableObjects":[]},{"miniGameCards":[],"viewedAnimatic":false,"keyPoints":[],"unlocked":false,"touchableObjects":[]},{"miniGameCards":[],"viewedAnimatic":false,"keyPoints":[],"unlocked":false,"touchableObjects":[]},{"miniGameCards":[],"viewedAnimatic":false,"keyPoints":[],"unlocked":false,"touchableObjects":[]},{"miniGameCards":[],"viewedAnimatic":false,"keyPoints":[],"unlocked":false,"touchableObjects":[]}],"stackSize":5,"resolved":false},{"challengeScenes":[{"miniGameCards":[],"viewedAnimatic":false,"keyPoints":[],"unlocked":false,"touchableObjects":[]},{"miniGameCards":[],"viewedAnimatic":false,"keyPoints":[],"unlocked":false,"touchableObjects":[]},{"miniGameCards":[],"viewedAnimatic":false,"keyPoints":[],"unlocked":false,"touchableObjects":[]},{"miniGameCards":[],"viewedAnimatic":false,"keyPoints":[],"unlocked":false,"touchableObjects":[]},{"miniGameCards":[],"viewedAnimatic":false,"keyPoints":[],"unlocked":false,"touchableObjects":[]}],"stackSize":5,"resolved":false},{"challengeScenes":[{"miniGameCards":[],"viewedAnimatic":false,"keyPoints":[],"unlocked":false,"touchableObjects":[]},{"miniGameCards":[],"viewedAnimatic":false,"keyPoints":[],"unlocked":false,"touchableObjects":[]},{"miniGameCards":[],"viewedAnimatic":false,"keyPoints":[],"unlocked":false,"touchableObjects":[]},{"miniGameCards":[],"viewedAnimatic":false,"keyPoints":[],"unlocked":false,"touchableObjects":[]},{"miniGameCards":[],"viewedAnimatic":false,"keyPoints":[],"unlocked":false,"touchableObjects":[]}],"stackSize":5,"resolved":false},{"challengeScenes":[{"miniGameCards":[],"viewedAnimatic":false,"keyPoints":[],"unlocked":false,"touchableObjects":[]},{"miniGameCards":[],"viewedAnimatic":false,"keyPoints":[],"unlocked":false,"touchableObjects":[]},{"miniGameCards":[],"viewedAnimatic":false,"keyPoints":[],"unlocked":false,"touchableObjects":[]},{"miniGameCards":[],"viewedAnimatic":false,"keyPoints":[],"unlocked":false,"touchableObjects":[]},{"miniGameCards":[],"viewedAnimatic":false,"keyPoints":[],"unlocked":false,"touchableObjects":[]}],"stackSize":5,"resolved":false},{"challengeScenes":[{"miniGameCards":[],"viewedAnimatic":false,"keyPoints":[],"unlocked":false,"touchableObjects":[]},{"miniGameCards":[],"viewedAnimatic":false,"keyPoints":[],"unlocked":false,"touchableObjects":[]},{"miniGameCards":[],"viewedAnimatic":false,"keyPoints":[],"unlocked":false,"touchableObjects":[]},{"miniGameCards":[],"viewedAnimatic":false,"keyPoints":[],"unlocked":false,"touchableObjects":[]},{"miniGameCards":[],"viewedAnimatic":false,"keyPoints":[],"unlocked":false,"touchableObjects":[]}],"stackSize":5,"resolved":false},{"challengeScenes":[{"miniGameCards":[],"viewedAnimatic":false,"keyPoints":[],"unlocked":false,"touchableObjects":[]},{"miniGameCards":[],"viewedAnimatic":false,"keyPoints":[],"unlocked":false,"touchableObjects":[]},{"miniGameCards":[],"viewedAnimatic":false,"keyPoints":[],"unlocked":false,"touchableObjects":[]},{"miniGameCards":[],"viewedAnimatic":false,"keyPoints":[],"unlocked":false,"touchableObjects":[]},{"miniGameCards":[],"viewedAnimatic":false,"keyPoints":[],"unlocked":false,"touchableObjects":[]}],"stackSize":5,"resolved":false},{"challengeScenes":[{"miniGameCards":[],"viewedAnimatic":false,"keyPoints":[],"unlocked":false,"touchableObjects":[]},{"miniGameCards":[],"viewedAnimatic":false,"keyPoints":[],"unlocked":false,"touchableObjects":[]},{"miniGameCards":[],"viewedAnimatic":false,"keyPoints":[],"unlocked":false,"touchableObjects":[]},{"miniGameCards":[],"viewedAnimatic":false,"keyPoints":[],"unlocked":false,"touchableObjects":[]},{"miniGameCards":[],"viewedAnimatic":false,"keyPoints":[],"unlocked":false,"touchableObjects":[]}],"stackSize":5,"resolved":false},{"challengeScenes":[{"miniGameCards":[],"viewedAnimatic":false,"keyPoints":[],"unlocked":false,"touchableObjects":[]},{"miniGameCards":[],"viewedAnimatic":false,"keyPoints":[],"unlocked":false,"touchableObjects":[]},{"miniGameCards":[],"viewedAnimatic":false,"keyPoints":[],"unlocked":false,"touchableObjects":[]},{"miniGameCards":[],"viewedAnimatic":false,"keyPoints":[],"unlocked":false,"touchableObjects":[]},{"miniGameCards":[],"viewedAnimatic":false,"keyPoints":[],"unlocked":false,"touchableObjects":[]}],"stackSize":5,"resolved":false},{"challengeScenes":[{"miniGameCards":[],"viewedAnimatic":false,"keyPoints":[],"unlocked":false,"touchableObjects":[]},{"miniGameCards":[],"viewedAnimatic":false,"keyPoints":[],"unlocked":false,"touchableObjects":[]},{"miniGameCards":[],"viewedAnimatic":false,"keyPoints":[],"unlocked":false,"touchableObjects":[]},{"miniGameCards":[],"viewedAnimatic":false,"keyPoints":[],"unlocked":false,"touchableObjects":[]},{"miniGameCards":[],"viewedAnimatic":false,"keyPoints":[],"unlocked":false,"touchableObjects":[]}],"stackSize":5,"resolved":false},{"challengeScenes":[{"miniGameCards":[],"viewedAnimatic":false,"keyPoints":[],"unlocked":true,"touchableObjects":[]},{"miniGameCards":[],"viewedAnimatic":false,"keyPoints":["c_family_lati_a_G0a1N","c_home_G0a1N","c_job_G0a1N"],"unlocked":true,"touchableObjects":["c_player_lati_F_a_G0a1N","c_family_lati_a_G0a1N","c_home_G0a1N","c_job_G0a1N"]},{"miniGameCards":[],"viewedAnimatic":false,"keyPoints":["c_Nurse_G0a1P","c_dad_lati_a_G0a1P","c_mom_lati_a_G0a1P","c_Teacher_G0a1P","c_grandma_lati_a_G0a1P","c_kidsister_lati_a_G0a1P"],"unlocked":true,"touchableObjects":["c_cousins_F_a_G0a1P","c_friends_G0a1P","c_Nurse_G0a1P","c_dad_lati_a_G0a1P","c_mom_lati_a_G0a1P","c_Teacher_G0a1P","c_grandma_lati_a_G0a1P","c_kidsister_lati_a_G0a1P"]}],"stackSize":3,"resolved":true}],"sessionId":2,"epilogue":{"rating":0},"playerId":6607001,"session":[{"sceneId":"1P","stackId":12},{"sceneId":"1P","stackId":0}],"minigames":[{"levelSaveData":[{"starRating":3,"unlocked":true},{"starRating":0,"unlocked":false},{"starRating":0,"unlocked":false},{"starRating":0,"unlocked":false},{"starRating":0,"unlocked":false},{"starRating":0,"unlocked":false},{"starRating":0,"unlocked":false},{"starRating":0,"unlocked":false},{"starRating":0,"unlocked":false},{"starRating":0,"unlocked":false}],"skillPoints":3},{"levelSaveData":[{"starRating":3,"unlocked":true},{"starRating":0,"unlocked":false},{"starRating":0,"unlocked":false},{"starRating":0,"unlocked":false},{"starRating":0,"unlocked":true},{"starRating":0,"unlocked":false},{"starRating":0,"unlocked":false},{"starRating":0,"unlocked":false},{"starRating":0,"unlocked":false},{"starRating":0,"unlocked":false}],"skillPoints":3},{"levelSaveData":[{"starRating":3,"unlocked":true},{"starRating":2,"unlocked":true},{"starRating":0,"unlocked":false},{"starRating":0,"unlocked":false},{"starRating":0,"unlocked":false},{"starRating":0,"unlocked":false},{"starRating":0,"unlocked":false},{"starRating":0,"unlocked":false},{"starRating":0,"unlocked":false},{"starRating":0,"unlocked":false}],"skillPoints":5},{"levelSaveData":[{"starRating":0,"unlocked":true},{"starRating":0,"unlocked":false},{"starRating":0,"unlocked":false},{"starRating":0,"unlocked":false},{"starRating":0,"unlocked":false},{"starRating":0,"unlocked":false},{"starRating":0,"unlocked":false},{"starRating":0,"unlocked":false},{"starRating":0,"unlocked":false},{"starRating":0,"unlocked":false}],"skillPoints":0},{"age":14,"name":"meowqueen ","gender":1,"id":2,"levelSaveData":[{"starRating":3,"unlocked":true},{"starRating":3,"chunks":[["3"],["20$$fun","20$$happy"],["6$$love music","1$$im caring","13$$love school"],["1"]],"unlocked":true},{"starRating":0,"chunks":[[null],[null,null],[null,null]],"unlocked":true},{"starRating":0,"chunks":[[null],[null],[null],[null],[null,null],[null]],"unlocked":false},{"starRating":0,"chunks":[[null],[null],[null,null],[null],[null],[null]],"unlocked":false},{"starRating":0,"chunks":[[null],[null,null,null,null],[null],[null]],"unlocked":false},{"starRating":0,"chunks":[[null],[null],[null,null],[null,null],[null]],"unlocked":false},{"starRating":0,"chunks":[[null,null,null],[null,null,null],[null],[null],[null]],"unlocked":false},{"starRating":0,"chunks":[[null,null,null],[null,null,null],[null,null]],"unlocked":false},{"starRating":0,"chunks":[[null],[null],[null],[null],[null],[null]],"unlocked":false}],"visualAvatar":0,"skillPoints":6}],"avatar":{"age":14,"name":"meowqueen ","gender":1,"id":2,"levelSaveData":[{"starRating":3,"unlocked":true},{"starRating":3,"chunks":[["3"],["20$$fun","20$$happy"],["6$$love music","1$$im caring","13$$love school"],["1"]],"unlocked":true},{"starRating":0,"chunks":[[null],[null,null],[null,null]],"unlocked":true},{"starRating":0,"chunks":[[null],[null],[null],[null],[null,null],[null]],"unlocked":false},{"starRating":0,"chunks":[[null],[null],[null,null],[null],[null],[null]],"unlocked":false},{"starRating":0,"chunks":[[null],[null,null,null,null],[null],[null]],"unlocked":false},{"starRating":0,"chunks":[[null],[null],[null,null],[null,null],[null]],"unlocked":false},{"starRating":0,"chunks":[[null,null,null],[null,null,null],[null],[null],[null]],"unlocked":false},{"starRating":0,"chunks":[[null,null,null],[null,null,null],[null,null]],"unlocked":false},{"starRating":0,"chunks":[[null],[null],[null],[null],[null],[null]],"unlocked":false}],"visualAvatar":0,"skillPoints":6}}
