6607010,0,2:8:50,2/27/2014 4:13:06pm
6607010,100,2:8:56,4
6607010,102,2:8:57,4
6607010,200,2:8:57,4,4,6,6,4,9
6607010,219,2:8:57,4
6607010,216,2:8:58,Stack_G9a0
6607010,217,2:9:20,Stack_G9a0,17,0.00
6607010,218,2:9:22,4
6607010,210,2:9:23,740,392
6607010,211,2:9:27,1048,612
6607010,210,2:9:28,709,571
6607010,211,2:9:31,356,438
6607010,213,2:9:31,4,s_clock_M_G9a0,true
6607010,1003,2:9:34,0
6607010,1004,2:9:35,2
6607010,400,2:9:37,2,[]
6607010,401,2:9:55,2,[StatementsData_logId:0]
6607010,403,2:9:57,2,[StatementsData_logId:0,true]
6607010,405,2:9:58,2,[StatementsData_logId:0]
6607010,406,2:9:59,2,[StatementsData_logId:0,2]
6607010,407,2:9:59,2,[StatementsData_logId:0,FactCardData_id:24]
6607010,407,2:9:59,2,[StatementsData_logId:0,FactCardData_id:22]
6607010,407,2:9:59,2,[StatementsData_logId:0,FactCardData_id:21]
6607010,407,2:9:59,2,[StatementsData_logId:0,FactCardData_id:18]
6607010,407,2:9:59,2,[StatementsData_logId:0,FactCardData_id:19]
6607010,407,2:9:59,2,[StatementsData_logId:0,FactCardData_id:20]
6607010,407,2:10:1,2,[StatementsData_logId:0,FactCardData_id:24]
6607010,407,2:10:1,2,[StatementsData_logId:0,FactCardData_id:24]
6607010,407,2:10:4,2,[StatementsData_logId:0,FactCardData_id:21]
6607010,407,2:10:4,2,[StatementsData_logId:0,FactCardData_id:24]
6607010,407,2:10:4,2,[StatementsData_logId:0,FactCardData_id:21]
6607010,408,2:10:7,2,[StatementsData_logId:0,FactCardData_id:21,true]
6607010,409,2:10:7,2,[StatementsData_logId:0]
6607010,410,2:10:8,2,[StatementsData_logId:0,2]
6607010,412,2:10:10,2,[StatementsData_logId:0]
6607010,413,2:10:12,2,[StatementsData_logId:0,DuelResponsesData_logId:0]
6607010,414,2:10:13,2,[StatementsData_logId:0,DuelResponsesData_logId:0]
6607010,415,2:10:18,2,[StatementsData_logId:0,DuelResponsesData_logId:0,DuelResponsesData_ok_player_response]
6607010,416,2:10:19,2,[StatementsData_logId:0,DuelResponsesData_logId:0]
6607010,417,2:10:20,2,[StatementsData_logId:0,DuelResponsesData_logId:0]
6607010,413,2:10:27,2,[StatementsData_logId:0,DuelResponsesData_logId:1]
6607010,414,2:10:28,2,[StatementsData_logId:0,DuelResponsesData_logId:1]
6607010,415,2:10:34,2,[StatementsData_logId:0,DuelResponsesData_logId:1,DuelResponsesData_witty_player_response]
6607010,416,2:10:34,2,[StatementsData_logId:0,DuelResponsesData_logId:1]
6607010,417,2:10:35,2,[StatementsData_logId:0,DuelResponsesData_logId:1]
6607010,413,2:10:41,2,[StatementsData_logId:0,DuelResponsesData_logId:2]
6607010,414,2:10:42,2,[StatementsData_logId:0,DuelResponsesData_logId:2]
6607010,415,2:10:56,2,[StatementsData_logId:0,DuelResponsesData_logId:2,DuelResponsesData_witty_player_response]
6607010,416,2:10:57,2,[StatementsData_logId:0,DuelResponsesData_logId:2]
6607010,417,2:10:58,2,[StatementsData_logId:0,DuelResponsesData_logId:2]
6607010,418,2:10:58,2,[StatementsData_logId:0,true]
6607010,419,2:10:59,2,[StatementsData_logId:0,4]
6607010,411,2:11:0,2,[StatementsData_logId:0]
6607010,401,2:11:8,2,[StatementsData_logId:1]
6607010,402,2:11:10,2,[StatementsData_logId:1,true]
6607010,405,2:11:11,2,[StatementsData_logId:1]
6607010,406,2:11:11,2,[StatementsData_logId:1,2]
6607010,411,2:11:13,2,[StatementsData_logId:1]
6607010,401,2:11:16,2,[StatementsData_logId:2]
6607010,404,2:11:18,2,[StatementsData_logId:2,true]
6607010,406,2:11:19,2,[StatementsData_logId:2,2]
6607010,412,2:11:21,2,[StatementsData_logId:2]
6607010,413,2:11:25,2,[StatementsData_logId:2,DuelResponsesData_logId:3]
6607010,414,2:11:26,2,[StatementsData_logId:2,DuelResponsesData_logId:3]
6607010,415,2:11:29,2,[StatementsData_logId:2,DuelResponsesData_logId:3,DuelResponsesData_witty_player_response]
6607010,416,2:11:30,2,[StatementsData_logId:2,DuelResponsesData_logId:3]
6607010,417,2:11:31,2,[StatementsData_logId:2,DuelResponsesData_logId:3]
6607010,413,2:11:34,2,[StatementsData_logId:2,DuelResponsesData_logId:4]
6607010,414,2:11:34,2,[StatementsData_logId:2,DuelResponsesData_logId:4]
6607010,415,2:11:43,2,[StatementsData_logId:2,DuelResponsesData_logId:4,DuelResponsesData_ok_player_response]
6607010,416,2:11:44,2,[StatementsData_logId:2,DuelResponsesData_logId:4]
6607010,417,2:11:44,2,[StatementsData_logId:2,DuelResponsesData_logId:4]
6607010,413,2:11:48,2,[StatementsData_logId:2,DuelResponsesData_logId:5]
6607010,414,2:11:48,2,[StatementsData_logId:2,DuelResponsesData_logId:5]
6607010,415,2:11:56,2,[StatementsData_logId:2,DuelResponsesData_logId:5,DuelResponsesData_ok_player_response]
6607010,416,2:11:57,2,[StatementsData_logId:2,DuelResponsesData_logId:5]
6607010,417,2:11:58,2,[StatementsData_logId:2,DuelResponsesData_logId:5]
6607010,418,2:11:58,2,[StatementsData_logId:2,true]
6607010,419,2:12:0,2,[StatementsData_logId:2,4]
6607010,411,2:12:1,2,[StatementsData_logId:2]
6607010,401,2:12:5,2,[StatementsData_logId:3]
6607010,402,2:12:8,2,[StatementsData_logId:3,true]
6607010,405,2:12:9,2,[StatementsData_logId:3]
6607010,406,2:12:11,2,[StatementsData_logId:3,2]
6607010,411,2:12:12,2,[StatementsData_logId:3]
6607010,401,2:12:18,2,[StatementsData_logId:4]
6607010,403,2:12:20,2,[StatementsData_logId:4,true]
6607010,405,2:12:20,2,[StatementsData_logId:4]
6607010,406,2:12:22,2,[StatementsData_logId:4,2]
6607010,407,2:12:22,2,[StatementsData_logId:4,FactCardData_id:22]
6607010,407,2:12:22,2,[StatementsData_logId:4,FactCardData_id:20]
6607010,407,2:12:22,2,[StatementsData_logId:4,FactCardData_id:24]
6607010,407,2:12:22,2,[StatementsData_logId:4,FactCardData_id:21]
6607010,407,2:12:22,2,[StatementsData_logId:4,FactCardData_id:19]
6607010,407,2:12:22,2,[StatementsData_logId:4,FactCardData_id:18]
6607010,407,2:12:23,2,[StatementsData_logId:4,FactCardData_id:22]
6607010,407,2:12:23,2,[StatementsData_logId:4,FactCardData_id:22]
6607010,407,2:12:25,2,[StatementsData_logId:4,FactCardData_id:20]
6607010,407,2:12:25,2,[StatementsData_logId:4,FactCardData_id:22]
6607010,407,2:12:25,2,[StatementsData_logId:4,FactCardData_id:20]
6607010,407,2:12:29,2,[StatementsData_logId:4,FactCardData_id:21]
6607010,407,2:12:29,2,[StatementsData_logId:4,FactCardData_id:20]
6607010,407,2:12:29,2,[StatementsData_logId:4,FactCardData_id:21]
6607010,407,2:12:31,2,[StatementsData_logId:4,FactCardData_id:18]
6607010,407,2:12:31,2,[StatementsData_logId:4,FactCardData_id:21]
6607010,407,2:12:31,2,[StatementsData_logId:4,FactCardData_id:18]
6607010,407,2:12:32,2,[StatementsData_logId:4,FactCardData_id:19]
6607010,407,2:12:32,2,[StatementsData_logId:4,FactCardData_id:18]
6607010,407,2:12:32,2,[StatementsData_logId:4,FactCardData_id:19]
6607010,407,2:12:43,2,[StatementsData_logId:4,FactCardData_id:24]
6607010,407,2:12:43,2,[StatementsData_logId:4,FactCardData_id:19]
6607010,407,2:12:43,2,[StatementsData_logId:4,FactCardData_id:24]
6607010,407,2:12:53,2,[StatementsData_logId:4,FactCardData_id:22]
6607010,407,2:12:53,2,[StatementsData_logId:4,FactCardData_id:24]
6607010,407,2:12:53,2,[StatementsData_logId:4,FactCardData_id:22]
6607010,407,2:12:58,2,[StatementsData_logId:4,FactCardData_id:20]
6607010,407,2:12:58,2,[StatementsData_logId:4,FactCardData_id:22]
6607010,407,2:12:58,2,[StatementsData_logId:4,FactCardData_id:20]
6607010,408,2:13:0,2,[StatementsData_logId:4,FactCardData_id:20,true]
6607010,409,2:13:0,2,[StatementsData_logId:4]
6607010,410,2:13:1,2,[StatementsData_logId:4,2]
6607010,412,2:13:2,2,[StatementsData_logId:4]
6607010,413,2:13:6,2,[StatementsData_logId:4,DuelResponsesData_logId:6]
6607010,414,2:13:7,2,[StatementsData_logId:4,DuelResponsesData_logId:6]
6607010,415,2:13:11,2,[StatementsData_logId:4,DuelResponsesData_logId:6,DuelResponsesData_witty_player_response]
6607010,416,2:13:12,2,[StatementsData_logId:4,DuelResponsesData_logId:6]
6607010,417,2:13:13,2,[StatementsData_logId:4,DuelResponsesData_logId:6]
6607010,413,2:13:17,2,[StatementsData_logId:4,DuelResponsesData_logId:7]
6607010,414,2:13:17,2,[StatementsData_logId:4,DuelResponsesData_logId:7]
6607010,415,2:13:30,2,[StatementsData_logId:4,DuelResponsesData_logId:7,DuelResponsesData_witty_player_response]
6607010,416,2:13:30,2,[StatementsData_logId:4,DuelResponsesData_logId:7]
6607010,417,2:13:31,2,[StatementsData_logId:4,DuelResponsesData_logId:7]
6607010,413,2:13:33,2,[StatementsData_logId:4,DuelResponsesData_logId:8]
6607010,414,2:13:34,2,[StatementsData_logId:4,DuelResponsesData_logId:8]
6607010,415,2:13:40,2,[StatementsData_logId:4,DuelResponsesData_logId:8,DuelResponsesData_ok_player_response]
6607010,416,2:13:40,2,[StatementsData_logId:4,DuelResponsesData_logId:8]
6607010,417,2:13:41,2,[StatementsData_logId:4,DuelResponsesData_logId:8]
6607010,418,2:13:41,2,[StatementsData_logId:4,true]
6607010,419,2:13:43,2,[StatementsData_logId:4,4]
6607010,411,2:13:44,2,[StatementsData_logId:4]
6607010,401,2:13:52,2,[StatementsData_logId:5]
6607010,403,2:13:56,2,[StatementsData_logId:5,true]
6607010,405,2:13:57,2,[StatementsData_logId:5]
6607010,406,2:13:58,2,[StatementsData_logId:5,2]
6607010,407,2:13:58,2,[StatementsData_logId:5,FactCardData_id:20]
6607010,407,2:13:58,2,[StatementsData_logId:5,FactCardData_id:18]
6607010,407,2:13:58,2,[StatementsData_logId:5,FactCardData_id:22]
6607010,407,2:13:58,2,[StatementsData_logId:5,FactCardData_id:21]
6607010,407,2:13:58,2,[StatementsData_logId:5,FactCardData_id:24]
6607010,407,2:13:58,2,[StatementsData_logId:5,FactCardData_id:19]
6607010,407,2:13:59,2,[StatementsData_logId:5,FactCardData_id:19]
6607010,407,2:13:59,2,[StatementsData_logId:5,FactCardData_id:19]
6607010,407,2:14:4,2,[StatementsData_logId:5,FactCardData_id:21]
6607010,407,2:14:4,2,[StatementsData_logId:5,FactCardData_id:19]
6607010,407,2:14:4,2,[StatementsData_logId:5,FactCardData_id:21]
6607010,407,2:14:7,2,[StatementsData_logId:5,FactCardData_id:18]
6607010,407,2:14:7,2,[StatementsData_logId:5,FactCardData_id:21]
6607010,407,2:14:7,2,[StatementsData_logId:5,FactCardData_id:18]
6607010,407,2:14:11,2,[StatementsData_logId:5,FactCardData_id:20]
6607010,407,2:14:11,2,[StatementsData_logId:5,FactCardData_id:18]
6607010,407,2:14:11,2,[StatementsData_logId:5,FactCardData_id:20]
6607010,407,2:14:12,2,[StatementsData_logId:5,FactCardData_id:22]
6607010,407,2:14:12,2,[StatementsData_logId:5,FactCardData_id:20]
6607010,407,2:14:12,2,[StatementsData_logId:5,FactCardData_id:22]
6607010,408,2:14:15,2,[StatementsData_logId:5,FactCardData_id:22,false]
6607010,406,2:14:22,2,[StatementsData_logId:5,-2]
6607010,411,2:14:24,2,[StatementsData_logId:5]
6607010,401,2:14:29,2,[StatementsData_logId:6]
6607010,402,2:14:36,2,[StatementsData_logId:6,true]
6607010,405,2:14:37,2,[StatementsData_logId:6]
6607010,406,2:14:38,2,[StatementsData_logId:6,2]
6607010,411,2:14:39,2,[StatementsData_logId:6]
6607010,420,2:14:39,2,[64]
6607010,1005,2:14:39,2,[0,0,2]
6607010,1001,2:14:41,2,[]
6607010,1003,2:14:41,0
6607010,210,2:14:46,498,416
6607010,211,2:14:46,348,445
6607010,213,2:14:46,4,s_clock_M_G9a0,true
6607010,205,2:14:47,4,s_clock_M_G9a0,false,false
6607010,210,2:14:50,546,229
6607010,211,2:14:51,525,199
6607010,213,2:14:51,4,s_calendar_M_gen,true
6607010,210,2:14:52,291,267
6607010,207,2:14:53,4,-200,0
6607010,207,2:14:58,4,0,-285
6607010,207,2:14:59,4,-285,-512
6607010,211,2:15:0,1464,549
6607010,210,2:15:0,1417,418
6607010,211,2:15:2,1263,368
6607010,213,2:15:2,4,s_window_M_G9a0,true
6607010,210,2:15:4,1305,257
6607010,211,2:15:5,1133,380
6607010,212,2:15:6,2
6607010,210,2:15:7,1144,327
6607010,207,2:15:14,4,-512,-272
6607010,207,2:15:16,4,-272,-2
6607010,211,2:15:17,267,609
6607010,213,2:15:17,4,s_cellPhone_M_G9a0,false
6607010,1003,2:15:20,2
6607010,1004,2:15:22,8
6607010,900,2:15:24,8,[]
6607010,901,2:15:25,8,[PeopleData_id:9]
6607010,904,2:15:25,8,[PeopleData_id:9]
6607010,902,2:15:26,8,[PeopleData_id:9,PeopleData_data3Type]
6607010,902,2:15:29,8,[PeopleData_id:9,PeopleData_data2Type]
6607010,902,2:15:31,8,[PeopleData_id:9,PeopleData_data1Type]
6607010,902,2:15:35,8,[PeopleData_id:9,PeopleData_data0Type]
6607010,903,2:15:38,8,[PeopleData_id9,PeopleData_data0Type]
6607010,901,2:15:39,8,[PeopleData_id:9]
6607010,904,2:15:39,8,[PeopleData_id:9]
6607010,905,2:15:43,8,[PeopleData_id:9,RankTypes_id:-1,RankTypes_id:2]
6607010,901,2:15:43,8,[PeopleData_id:3]
6607010,904,2:15:43,8,[PeopleData_id:3]
6607010,902,2:15:45,8,[PeopleData_id:3,PeopleData_data3Type]
6607010,902,2:15:47,8,[PeopleData_id:3,PeopleData_data2Type]
6607010,902,2:15:51,8,[PeopleData_id:3,PeopleData_data1Type]
6607010,902,2:15:54,8,[PeopleData_id:3,PeopleData_data0Type]
6607010,903,2:15:56,8,[PeopleData_id3,PeopleData_data0Type]
6607010,901,2:15:56,8,[PeopleData_id:3]
6607010,904,2:15:56,8,[PeopleData_id:3]
6607010,905,2:15:59,8,[PeopleData_id:3,RankTypes_id:-1,RankTypes_id:1]
6607010,901,2:15:59,8,[PeopleData_id:2]
6607010,902,2:16:0,8,[PeopleData_id:2,PeopleData_data3Type]
6607010,902,2:16:3,8,[PeopleData_id:2,PeopleData_data2Type]
6607010,902,2:16:4,8,[PeopleData_id:2,PeopleData_data3Type]
6607010,902,2:16:7,8,[PeopleData_id:2,PeopleData_data2Type]
6607010,902,2:16:10,8,[PeopleData_id:2,PeopleData_data1Type]
6607010,902,2:16:15,8,[PeopleData_id:2,PeopleData_data0Type]
6607010,903,2:16:17,8,[PeopleData_id2,PeopleData_data0Type]
6607010,901,2:16:18,8,[PeopleData_id:2]
6607010,904,2:16:18,8,[PeopleData_id:2]
6607010,905,2:16:20,8,[PeopleData_id:2,RankTypes_id:-1,RankTypes_id:0]
6607010,901,2:16:21,8,[PeopleData_id:4]
6607010,902,2:16:23,8,[PeopleData_id:4,PeopleData_data3Type]
6607010,902,2:16:28,8,[PeopleData_id:4,PeopleData_data2Type]
6607010,903,2:16:29,8,[PeopleData_id4,PeopleData_data2Type]
6607010,901,2:16:30,8,[PeopleData_id:4]
6607010,904,2:16:30,8,[PeopleData_id:4]
6607010,905,2:16:31,8,[PeopleData_id:4,RankTypes_id:-1,RankTypes_id:0]
6607010,901,2:16:32,8,[PeopleData_id:8]
6607010,902,2:16:32,8,[PeopleData_id:8,PeopleData_data3Type]
6607010,902,2:16:35,8,[PeopleData_id:8,PeopleData_data2Type]
6607010,902,2:16:39,8,[PeopleData_id:8,PeopleData_data1Type]
6607010,902,2:16:41,8,[PeopleData_id:8,PeopleData_data0Type]
6607010,903,2:16:42,8,[PeopleData_id8,PeopleData_data0Type]
6607010,901,2:16:43,8,[PeopleData_id:8]
6607010,904,2:16:43,8,[PeopleData_id:8]
6607010,905,2:16:44,8,[PeopleData_id:8,RankTypes_id:-1,RankTypes_id:4]
6607010,902,2:16:45,8,[PeopleData_id:8,PeopleData_data3Type]
6607010,902,2:16:47,8,[PeopleData_id:8,PeopleData_data2Type]
6607010,902,2:16:49,8,[PeopleData_id:8,PeopleData_data1Type]
6607010,903,2:16:50,8,[PeopleData_id8,PeopleData_data1Type]
6607010,901,2:16:52,8,[PeopleData_id:5]
6607010,902,2:16:53,8,[PeopleData_id:5,PeopleData_data3Type]
6607010,902,2:16:56,8,[PeopleData_id:5,PeopleData_data2Type]
6607010,902,2:16:57,8,[PeopleData_id:5,PeopleData_data1Type]
6607010,903,2:16:58,8,[PeopleData_id5,PeopleData_data1Type]
6607010,901,2:16:59,8,[PeopleData_id:5]
6607010,904,2:16:59,8,[PeopleData_id:5]
6607010,902,2:17:2,8,[PeopleData_id:5,PeopleData_data0Type]
6607010,902,2:17:6,8,[PeopleData_id:5,PeopleData_data1Type]
6607010,903,2:17:6,8,[PeopleData_id5,PeopleData_data1Type]
6607010,901,2:17:7,8,[PeopleData_id:5]
6607010,904,2:17:7,8,[PeopleData_id:5]
6607010,905,2:17:7,8,[PeopleData_id:5,RankTypes_id:-1,RankTypes_id:4]
6607010,901,2:17:8,8,[PeopleData_id:7]
6607010,904,2:17:8,8,[PeopleData_id:7]
6607010,902,2:17:10,8,[PeopleData_id:7,PeopleData_data3Type]
6607010,902,2:17:11,8,[PeopleData_id:7,PeopleData_data2Type]
6607010,902,2:17:16,8,[PeopleData_id:7,PeopleData_data1Type]
6607010,902,2:17:19,8,[PeopleData_id:7,PeopleData_data0Type]
6607010,903,2:17:20,8,[PeopleData_id7,PeopleData_data0Type]
6607010,901,2:17:20,8,[PeopleData_id:7]
6607010,904,2:17:20,8,[PeopleData_id:7]
6607010,905,2:17:21,8,[PeopleData_id:7,RankTypes_id:-1,RankTypes_id:3]
6607010,901,2:17:21,8,[PeopleData_id:0]
6607010,902,2:17:22,8,[PeopleData_id:0,PeopleData_data3Type]
6607010,902,2:17:26,8,[PeopleData_id:0,PeopleData_data1Type]
6607010,902,2:17:31,8,[PeopleData_id:0,PeopleData_data1Type]
6607010,902,2:17:33,8,[PeopleData_id:0,PeopleData_data0Type]
6607010,903,2:17:34,8,[PeopleData_id0,PeopleData_data0Type]
6607010,901,2:17:35,8,[PeopleData_id:0]
6607010,904,2:17:35,8,[PeopleData_id:0]
6607010,905,2:17:37,8,[PeopleData_id:0,RankTypes_id:-1,RankTypes_id:1]
6607010,901,2:17:37,8,[PeopleData_id:0]
6607010,904,2:17:37,8,[PeopleData_id:0]
6607010,905,2:17:38,8,[PeopleData_id:0,RankTypes_id:1,RankTypes_id:2]
6607010,901,2:17:39,8,[PeopleData_id:1]
6607010,902,2:17:39,8,[PeopleData_id:1,PeopleData_data3Type]
6607010,902,2:17:44,8,[PeopleData_id:1,PeopleData_data2Type]
6607010,902,2:17:49,8,[PeopleData_id:1,PeopleData_data1Type]
6607010,902,2:17:55,8,[PeopleData_id:1,PeopleData_data0Type]
6607010,903,2:17:59,8,[PeopleData_id1,PeopleData_data0Type]
6607010,901,2:18:0,8,[PeopleData_id:1]
6607010,904,2:18:0,8,[PeopleData_id:1]
6607010,905,2:18:2,8,[PeopleData_id:1,RankTypes_id:-1,RankTypes_id:1]
6607010,901,2:18:3,8,[PeopleData_id:6]
6607010,902,2:18:4,8,[PeopleData_id:6,PeopleData_data3Type]
6607010,902,2:18:10,8,[PeopleData_id:6,PeopleData_data2Type]
6607010,902,2:18:13,8,[PeopleData_id:6,PeopleData_data1Type]
6607010,902,2:18:14,8,[PeopleData_id:6,PeopleData_data0Type]
6607010,903,2:18:15,8,[PeopleData_id6,PeopleData_data0Type]
6607010,901,2:18:17,8,[PeopleData_id:6]
6607010,904,2:18:17,8,[PeopleData_id:6]
6607010,905,2:18:18,8,[PeopleData_id:6,RankTypes_id:-1,RankTypes_id:0]
6607010,906,2:18:18,8,[]
6607010,907,2:18:19,8,[]
6607010,908,2:18:19,8,[InvitationData_id:9,PeopleData_id:8,RankTypes_id:4]
6607010,909,2:18:30,8,[InvitationData_id:9,PeopleData_id:8,RankTypes_id:4,1]
6607010,910,2:18:31,8,[InvitationData_id:9,9,false]
6607010,908,2:18:31,8,[InvitationData_id:11,PeopleData_id:7,RankTypes_id:3]
6607010,909,2:18:36,8,[InvitationData_id:11,PeopleData_id:7,RankTypes_id:3,1]
6607010,910,2:18:36,8,[InvitationData_id:11,7,false]
6607010,908,2:18:36,8,[InvitationData_id:3,PeopleData_id:0,RankTypes_id:2]
6607010,909,2:18:42,8,[InvitationData_id:3,PeopleData_id:0,RankTypes_id:2,0]
6607010,910,2:18:43,8,[InvitationData_id:3,-2,false]
6607010,908,2:18:43,8,[InvitationData_id:10,PeopleData_id:0,RankTypes_id:2]
6607010,909,2:18:49,8,[InvitationData_id:10,PeopleData_id:0,RankTypes_id:2,1]
6607010,910,2:18:50,8,[InvitationData_id:10,5,false]
6607010,908,2:18:50,8,[InvitationData_id:5,PeopleData_id:0,RankTypes_id:2]
6607010,909,2:18:54,8,[InvitationData_id:5,PeopleData_id:0,RankTypes_id:2,0]
6607010,910,2:18:54,8,[InvitationData_id:5,-2,false]
6607010,908,2:18:54,8,[InvitationData_id:4,PeopleData_id:3,RankTypes_id:1]
6607010,909,2:19:0,8,[InvitationData_id:4,PeopleData_id:3,RankTypes_id:1,0]
6607010,910,2:19:0,8,[InvitationData_id:4,0,false]
6607010,908,2:19:0,8,[InvitationData_id:6,PeopleData_id:8,RankTypes_id:4]
6607010,909,2:19:5,8,[InvitationData_id:6,PeopleData_id:8,RankTypes_id:4,1]
6607010,910,2:19:6,8,[InvitationData_id:6,9,false]
6607010,908,2:19:6,8,[InvitationData_id:12,PeopleData_id:0,RankTypes_id:2]
6607010,909,2:19:13,8,[InvitationData_id:12,PeopleData_id:0,RankTypes_id:2,1]
6607010,910,2:19:14,8,[InvitationData_id:12,5,false]
6607010,908,2:19:14,8,[InvitationData_id:1,PeopleData_id:3,RankTypes_id:1]
6607010,909,2:19:19,8,[InvitationData_id:1,PeopleData_id:3,RankTypes_id:1,0]
6607010,910,2:19:20,8,[InvitationData_id:1,0,false]
6607010,908,2:19:20,8,[InvitationData_id:8,PeopleData_id:5,RankTypes_id:4]
6607010,909,2:19:30,8,[InvitationData_id:8,PeopleData_id:5,RankTypes_id:4,1]
6607010,910,2:19:31,8,[InvitationData_id:8,9,false]
6607010,908,2:19:31,8,[InvitationData_id:0,PeopleData_id:0,RankTypes_id:2]
6607010,909,2:19:36,8,[InvitationData_id:0,PeopleData_id:0,RankTypes_id:2,0]
6607010,910,2:19:37,8,[InvitationData_id:0,-2,false]
6607010,908,2:19:37,8,[InvitationData_id:7,PeopleData_id:5,RankTypes_id:4]
6607010,909,2:19:49,8,[InvitationData_id:7,PeopleData_id:5,RankTypes_id:4,1]
6607010,910,2:19:50,8,[InvitationData_id:7,9,false]
6607010,911,2:19:51,8,[47,0,0,0]
6607010,1005,2:19:51,8,[2,0,3]
6607010,1001,2:19:53,8,[]
6607010,1003,2:19:53,2
6607010,210,2:19:59,1025,510
6607010,211,2:20:2,272,602
6607010,213,2:20:2,4,s_cellPhone_M_G9a0,true
6607010,205,2:20:2,4,s_cellPhone_M_G9a0,false,false
6607010,210,2:20:5,1058,571
6607010,207,2:20:7,4,-200,-470
6607010,207,2:20:12,4,-470,-290
6607010,207,2:20:14,4,-290,-230
6607010,207,2:20:15,4,-230,0
6607010,211,2:20:16,559,568
6607010,212,2:20:17,0
6607010,212,2:20:18,1
6607010,210,2:20:18,795,457
6607010,211,2:20:19,874,348
6607010,213,2:20:19,4,s_door_M_gen,true
6607010,205,2:20:19,4,s_door_M_gen,false,false
6607010,210,2:20:23,803,345
6607010,207,2:20:29,4,0,-225
6607010,207,2:20:30,4,-225,-512
6607010,211,2:20:30,1454,583
6607010,210,2:20:30,1338,544
6607010,211,2:20:43,894,307
6607010,213,2:20:43,4,s_door_M_gen,true
6607010,205,2:20:43,4,s_door_M_gen,false,true
6607010,210,2:20:47,665,269
6607010,207,2:20:48,4,-512,-347
6607010,207,2:20:50,4,-347,0
6607010,211,2:20:52,422,432
6607010,212,2:20:53,0
6607010,210,2:20:54,1076,527
6607010,207,2:20:55,4,0,-512
6607010,207,2:21:3,4,-512,0
6607010,211,2:21:3,7,464
6607010,210,2:21:3,90,394
6607010,211,2:21:6,338,426
6607010,213,2:21:6,4,s_clock_M_G9a0,true
6607010,205,2:21:6,4,s_clock_M_G9a0,false,true
6607010,210,2:21:10,619,327
6607010,207,2:21:14,4,0,-150
6607010,207,2:21:16,4,-150,-270
6607010,211,2:21:16,1330,550
6607010,207,2:21:16,4,-270,-360
6607010,221,2:21:18,4
6607010,220,2:21:19,4
6607010,219,2:21:20,4
6607010,216,2:21:21,Stack_G9a1N
6607010,217,2:21:28,Stack_G9a1N,6.1,2.5
6607010,218,2:21:30,4
6607010,210,2:21:31,950,322
6607010,211,2:21:33,951,180
6607010,213,2:21:33,4,s_fence_G9a1N,true
6607010,205,2:21:33,4,s_fence_G9a1N,false,false
6607010,210,2:21:36,746,396
6607010,211,2:21:37,630,315
6607010,213,2:21:37,4,s_kid4_G9a1N,true
6607010,210,2:21:39,583,277
6607010,207,2:21:41,4,-200,-35
6607010,207,2:21:42,4,-35,0
6607010,207,2:21:47,4,0,-405
6607010,211,2:21:49,1105,423
6607010,213,2:21:49,4,c_cousinsBrothersFriend_a_G9a1N,true
6607010,210,2:21:51,1283,379
6607010,207,2:21:52,4,-405,-585
6607010,207,2:21:53,4,-585,-735
6607010,207,2:21:54,4,-735,-1031.4
6607010,211,2:21:56,1575,170
6607010,213,2:21:56,4,s_potSmokeCloud_G9a1N,true
6607010,210,2:21:58,1573,273
6607010,207,2:22:3,4,-1031.4,-731.4
6607010,211,2:22:5,927,403
6607010,212,2:22:6,2
6607010,210,2:22:7,1446,276
6607010,211,2:22:9,1777,422
6607010,207,2:22:9,4,-731.4,-776.4
6607010,207,2:22:9,4,-776.4,-851.4
6607010,210,2:22:9,1949,291
6607010,207,2:22:10,4,-851.4,-956.4
6607010,207,2:22:12,4,-956.4,-671.4
6607010,211,2:22:15,824,208
6607010,213,2:22:15,4,s_policeCar_G9a1N,true
6607010,210,2:22:17,874,420
6607010,207,2:22:18,4,-671.4,-401.4
6607010,211,2:22:20,554,311
6607010,213,2:22:20,4,s_bathingSuits_G9a1N,true
6607010,210,2:22:23,675,351
6607010,207,2:22:25,4,-401.4,0
6607010,211,2:22:28,358,363
6607010,213,2:22:28,4,c_cousin_M_a_G9a1N,true
6607010,205,2:22:28,4,c_cousin_M_a_G9a1N,false,false
6607010,210,2:22:31,67,326
6607010,211,2:22:32,10,547
6607010,210,2:22:33,91,623
6607010,211,2:22:34,774,489
6607010,212,2:22:35,1
6607010,210,2:22:35,915,505
6607010,211,2:22:38,623,320
6607010,213,2:22:38,4,s_kid4_G9a1N,true
6607010,210,2:22:40,527,180
6607010,211,2:22:41,255,382
6607010,213,2:22:41,4,s_kid3_G9a1N,true
6607010,205,2:22:41,4,s_kid3_G9a1N,false,false
6607010,210,2:22:45,95,480
6607010,207,2:22:49,4,0,-300
6607010,207,2:22:50,4,-300,-645
6607010,207,2:22:52,4,-645,-1031.4
6607010,207,2:22:53,4,-1031.4,-1031.4
6607010,211,2:22:54,2039,271
6607010,213,2:22:54,4,s_poolNight_ruleSign_G9a1N,true
6607010,210,2:22:56,1731,302
6607010,207,2:23:0,4,-1031.4,-701.4
6607010,207,2:23:1,4,-701.4,-611.4
6607010,211,2:23:2,948,211
6607010,210,2:23:3,939,190
6607010,211,2:23:4,944,206
6607010,213,2:23:4,4,c_policeOfficer_G9a1N,true
6607010,205,2:23:4,4,c_policeOfficer_G9a1N,false,false
6607010,210,2:23:10,988,493
6607010,211,2:23:11,1018,573
6607010,213,2:23:11,4,s_bathingSuit_M_G9a0,true
6607010,205,2:23:11,4,s_bathingSuit_M_G9a0,false,false
6607010,221,2:23:16,4
6607010,220,2:23:18,4
6607010,1003,2:23:18,3
6607010,1004,2:23:19,4
6607010,500,2:23:22,4,[]
6607010,501,2:23:24,4,[]
6607010,502,2:23:28,4,[IntentionData_logId:1,true]
6607010,503,2:23:29,4,[]
6607010,504,2:23:31,4,[InfluenceData_logId:3]
6607010,504,2:23:33,4,[InfluenceData_logId:5]
6607010,504,2:23:35,4,[InfluenceData_logId:4]
6607010,504,2:23:37,4,[InfluenceData_logId:8]
6607010,504,2:23:40,4,[InfluenceData_logId:6]
6607010,504,2:23:43,4,[InfluenceData_logId:7]
6607010,504,2:23:45,4,[InfluenceData_logId:6]
6607010,504,2:23:47,4,[InfluenceData_logId:2]
6607010,504,2:23:49,4,[InfluenceData_logId:0]
6607010,504,2:23:51,4,[InfluenceData_logId:1]
6607010,504,2:23:53,4,[InfluenceData_logId:0]
6607010,504,2:23:55,4,[InfluenceData_logId:6]
6607010,505,2:23:59,4,[InfluenceData_logId:0,true,InfluenceData_logId:4,true,InfluenceData_logId:6,true]
6607010,506,2:24:0,4,[]
6607010,507,2:24:16,4,[OpponentAttackData_logId:1,OpponentAttackTypeData_logId:2,true,0]
6607010,508,2:24:18,4,[]
6607010,509,2:24:23,4,[RefusalData_logId:3,2]
6607010,510,2:24:30,4,[AvailableRefusalData_logId:3,0C]
6607010,510,2:24:31,4,[AvailableRefusalData_logId:3,0B]
6607010,510,2:24:32,4,[AvailableRefusalData_logId:3,1B]
6607010,510,2:24:33,4,[AvailableRefusalData_logId:3,2B]
6607010,511,2:24:34,4,[AvailableRefusalData_logId:3,0B,1B,2B,false,0]
6607010,512,2:24:36,4,[]
6607010,513,2:24:36,4,[30]
6607010,514,2:24:39,4,[]
6607010,507,2:24:48,4,[OpponentAttackData_logId:0,OpponentAttackTypeData_logId:1,true,0]
6607010,508,2:24:51,4,[]
6607010,509,2:24:55,4,[RefusalData_logId:2,1]
6607010,510,2:24:59,4,[AvailableRefusalData_logId:2,0A]
6607010,510,2:24:59,4,[AvailableRefusalData_logId:2,1A]
6607010,510,2:24:59,4,[AvailableRefusalData_logId:2,2A]
6607010,511,2:25:0,4,[AvailableRefusalData_logId:2,0A,1A,2A,true,30]
6607010,512,2:25:3,4,[]
6607010,513,2:25:3,4,[0]
6607010,514,2:25:4,4,[]
6607010,507,2:25:22,4,[OpponentAttackData_logId:3,OpponentAttackTypeData_logId:3,true,0]
6607010,508,2:25:25,4,[]
6607010,509,2:25:28,4,[RefusalData_logId:6,2]
6607010,510,2:25:29,4,[AvailableRefusalData_logId:6,0B]
6607010,510,2:25:31,4,[AvailableRefusalData_logId:6,0C]
6607010,510,2:25:33,4,[AvailableRefusalData_logId:6,0A]
6607010,510,2:25:35,4,[AvailableRefusalData_logId:6,1A]
6607010,510,2:25:36,4,[AvailableRefusalData_logId:6,2A]
6607010,511,2:25:37,4,[AvailableRefusalData_logId:6,0A,1A,2A,true,50]
6607010,512,2:25:40,4,[]
6607010,513,2:25:40,4,[0]
6607010,514,2:25:41,4,[]
6607010,507,2:25:52,4,[OpponentAttackData_logId:2,OpponentAttackTypeData_logId:4,true,0]
6607010,508,2:25:54,4,[]
6607010,509,2:25:57,4,[RefusalData_logId:4,2]
6607010,510,2:26:7,4,[AvailableRefusalData_logId:4,0A]
6607010,510,2:26:11,4,[AvailableRefusalData_logId:4,1A]
6607010,510,2:26:11,4,[AvailableRefusalData_logId:4,2A]
6607010,511,2:26:12,4,[AvailableRefusalData_logId:4,0A,1A,2A,true,50]
6607010,512,2:26:14,4,[]
6607010,515,2:26:14,4,[120,0]
6607010,516,2:26:15,4,[]
6607010,517,2:26:17,4,[]
6607010,1005,2:26:17,4,[3,0,3]
6607010,1001,2:26:18,4,[]
6607010,1003,2:26:18,3
6607010,221,2:26:23,4
6607010,300,2:26:24
6607010,220,2:26:24,4
6607010,301,2:26:28,2
6607010,302,2:26:38,2,2,0,13
6607010,302,2:26:39,2,2,0,14
6607010,302,2:26:44,2,2,0,5
6607010,302,2:26:47,2,2,0,2
6607010,304,2:26:47,2,2,0,-1,,2,
6607010,302,2:26:55,2,3,0,0
6607010,302,2:26:57,2,3,0,1
6607010,304,2:26:58,2,3,0,-1,,1,
6607010,302,2:27:4,2,4,0,5
6607010,302,2:27:6,2,4,0,3
6607010,302,2:27:13,2,4,0,5
6607010,306,2:27:14,2,0,1
6607010,304,2:27:14,2,4,0,-1,,5,
6607010,302,2:27:23,2,4,1,0
6607010,304,2:27:24,2,4,1,-1,,0,
6607010,302,2:27:32,2,1,0,0
6607010,306,2:27:34,2,1,2
6607010,304,2:27:34,2,1,0,-1,,0,
6607010,302,2:27:38,2,5,0,5
6607010,302,2:27:41,2,5,0,3
6607010,304,2:27:43,2,5,0,-1,,3,
6607010,302,2:27:49,2,0,0,3
6607010,306,2:27:50,2,2,3
6607010,304,2:27:50,2,0,0,-1,,3,
6607010,221,2:27:57,4
6607010,220,2:27:59,4
6607010,219,2:27:59,4
6607010,216,2:27:59,Stack_G9a1P
6607010,217,2:28:8,Stack_G9a1P,7.3,0.00
6607010,218,2:28:10,4
6607010,210,2:28:10,1193,314
6607010,207,2:28:11,4,-200,-395
6607010,211,2:28:14,894,329
6607010,213,2:28:14,4,s_door_M_gen,true
6607010,205,2:28:14,4,s_door_M_gen,false,false
6607010,210,2:28:17,1245,568
6607010,211,2:28:19,1341,569
6607010,213,2:28:19,4,s_computer_M_gen,true
6607010,210,2:28:20,648,270
6607010,211,2:28:21,530,178
6607010,213,2:28:21,4,s_calendar_M_gen,false
6607010,1003,2:28:24,1
6607010,1004,2:28:26,2
6607010,800,2:28:28,2,[]
6607010,801,2:28:29,2,[]
6607010,814,2:28:33,2,[3]
6607010,815,2:28:33,2,3,OpportunityCardData_id:19
6607010,815,2:28:34,2,3,OpportunityCardData_id:20
6607010,815,2:28:38,2,3,OpportunityCardData_id:21
6607010,816,2:28:42,2,3,OpportunityCardData_id:21
6607010,803,2:28:43,2,[OpportunityCardData_id:21,OpportunityCardConsequencesData_logId:0]
6607010,803,2:28:43,2,[OpportunityCardData_id:21,OpportunityCardConsequencesData_logId:1]
6607010,803,2:28:43,2,[OpportunityCardData_id:21,OpportunityCardConsequencesData_logId:2]
6607010,805,2:28:44,2,[OpportunityCardData_id:21]
6607010,806,2:28:47,2,[OpportunityCardData_id:21,PriorityData_type:5]
6607010,807,2:28:48,2,[OpportunityCardData_id:21]
6607010,808,2:28:49,2,[OpportunityCardData_id:21]
6607010,809,2:28:53,2,[OpportunityCardData_id:21,PriorityData_type:4,false]
6607010,810,2:28:55,2,[OpportunityCardData_id:21,PriorityData_type:3,20,PriorityData_type:4,10]
6607010,814,2:28:58,2,[3]
6607010,815,2:28:58,2,3,OpportunityCardData_id:19
6607010,815,2:28:59,2,3,OpportunityCardData_id:25
6607010,815,2:29:3,2,3,OpportunityCardData_id:24
6607010,816,2:29:7,2,3,OpportunityCardData_id:24
6607010,805,2:29:8,2,[OpportunityCardData_id:24]
6607010,806,2:29:10,2,[OpportunityCardData_id:24,PriorityData_type:4]
6607010,807,2:29:11,2,[OpportunityCardData_id:24]
6607010,808,2:29:13,2,[OpportunityCardData_id:24]
6607010,809,2:29:17,2,[OpportunityCardData_id:24,Safe,false]
6607010,810,2:29:18,2,[OpportunityCardData_id:24,PriorityData_type:3,10,Safe,Safe]
6607010,814,2:29:21,2,[3]
6607010,815,2:29:21,2,3,OpportunityCardData_id:19
6607010,815,2:29:22,2,3,OpportunityCardData_id:20
6607010,815,2:29:22,2,3,OpportunityCardData_id:23
6607010,815,2:29:23,2,3,OpportunityCardData_id:25
6607010,815,2:29:24,2,3,OpportunityCardData_id:23
6607010,815,2:29:25,2,3,OpportunityCardData_id:25
6607010,815,2:29:27,2,3,OpportunityCardData_id:19
6607010,815,2:29:28,2,3,OpportunityCardData_id:20
6607010,815,2:29:29,2,3,OpportunityCardData_id:19
6607010,816,2:29:30,2,3,OpportunityCardData_id:19
6607010,805,2:29:31,2,[OpportunityCardData_id:19]
6607010,806,2:29:32,2,[OpportunityCardData_id:19,PriorityData_type:4]
6607010,807,2:29:33,2,[OpportunityCardData_id:19]
6607010,808,2:29:35,2,[OpportunityCardData_id:19]
6607010,809,2:29:39,2,[OpportunityCardData_id:19,PriorityData_type:5,false]
6607010,810,2:29:40,2,[OpportunityCardData_id:19,PriorityData_type:3,15,PriorityData_type:5,20]
6607010,814,2:29:44,2,[3]
6607010,815,2:29:44,2,3,OpportunityCardData_id:20
6607010,815,2:29:45,2,3,OpportunityCardData_id:23
6607010,815,2:29:46,2,3,OpportunityCardData_id:25
6607010,815,2:29:47,2,3,OpportunityCardData_id:20
6607010,815,2:29:49,2,3,OpportunityCardData_id:23
6607010,815,2:29:50,2,3,OpportunityCardData_id:25
6607010,815,2:29:51,2,3,OpportunityCardData_id:23
6607010,816,2:29:52,2,3,OpportunityCardData_id:23
6607010,805,2:29:53,2,[OpportunityCardData_id:23]
6607010,806,2:29:55,2,[OpportunityCardData_id:23,PriorityData_type:5]
6607010,807,2:29:56,2,[OpportunityCardData_id:23]
6607010,808,2:29:58,2,[OpportunityCardData_id:23]
6607010,809,2:30:2,2,[OpportunityCardData_id:23,Safe,false]
6607010,810,2:30:3,2,[OpportunityCardData_id:23,PriorityData_type:3,10,Safe,Safe]
6607010,814,2:30:5,2,[5]
6607010,815,2:30:5,2,5,OpportunityCardData_id:32
6607010,816,2:30:7,2,5,OpportunityCardData_id:32
6607010,805,2:30:8,2,[OpportunityCardData_id:32]
6607010,806,2:30:11,2,[OpportunityCardData_id:32,PriorityData_type:2]
6607010,806,2:30:12,2,[OpportunityCardData_id:32,PriorityData_type:3]
6607010,807,2:30:13,2,[OpportunityCardData_id:32]
6607010,808,2:30:14,2,[OpportunityCardData_id:32]
6607010,809,2:30:19,2,[OpportunityCardData_id:32,Safe,false]
6607010,810,2:30:19,2,[OpportunityCardData_id:32,PriorityData_type:5,20,Safe,Safe]
6607010,814,2:30:21,2,[5]
6607010,815,2:30:21,2,5,OpportunityCardData_id:33
6607010,815,2:30:22,2,5,OpportunityCardData_id:34
6607010,816,2:30:24,2,5,OpportunityCardData_id:34
6607010,805,2:30:25,2,[OpportunityCardData_id:34]
6607010,806,2:30:31,2,[OpportunityCardData_id:34,PriorityData_type:3]
6607010,807,2:30:31,2,[OpportunityCardData_id:34]
6607010,808,2:30:33,2,[OpportunityCardData_id:34]
6607010,809,2:30:37,2,[OpportunityCardData_id:34,PriorityData_type:3,true]
6607010,810,2:30:38,2,[OpportunityCardData_id:34,PriorityData_type:5,15,Safe,Safe]
6607010,814,2:30:40,2,[5]
6607010,815,2:30:40,2,5,OpportunityCardData_id:33
6607010,815,2:30:41,2,5,OpportunityCardData_id:35
6607010,816,2:30:43,2,5,OpportunityCardData_id:35
6607010,805,2:30:44,2,[OpportunityCardData_id:35]
6607010,806,2:30:45,2,[OpportunityCardData_id:35,PriorityData_type:3]
6607010,807,2:30:46,2,[OpportunityCardData_id:35]
6607010,808,2:30:47,2,[OpportunityCardData_id:35]
6607010,809,2:30:51,2,[OpportunityCardData_id:35,PriorityData_type:4,false]
6607010,810,2:30:53,2,[OpportunityCardData_id:35,PriorityData_type:5,20,PriorityData_type:4,10]
6607010,814,2:30:55,2,[5]
6607010,815,2:30:55,2,5,OpportunityCardData_id:33
6607010,815,2:30:57,2,5,OpportunityCardData_id:36
6607010,815,2:30:58,2,5,OpportunityCardData_id:37
6607010,815,2:30:59,2,5,OpportunityCardData_id:33
6607010,816,2:31:0,2,5,OpportunityCardData_id:33
6607010,805,2:31:1,2,[OpportunityCardData_id:33]
6607010,806,2:31:6,2,[OpportunityCardData_id:33,PriorityData_type:4]
6607010,807,2:31:7,2,[OpportunityCardData_id:33]
6607010,808,2:31:9,2,[OpportunityCardData_id:33]
6607010,809,2:31:13,2,[OpportunityCardData_id:33,PriorityData_type:4,true]
6607010,810,2:31:14,2,[OpportunityCardData_id:33,PriorityData_type:5,15,Safe,Safe]
6607010,818,2:31:15,2,4
6607010,811,2:31:16,2,[OpportunityCardData_id:33,PriorityData_type:3,80,85,PriorityData_type:5,80,80]
6607010,1005,2:31:16,2,[1,0,3]
6607010,1001,2:31:18,2,[]
6607010,1003,2:31:18,1
6607010,210,2:31:21,1019,491
6607010,211,2:31:25,520,194
6607010,213,2:31:25,4,s_calendar_M_gen,true
6607010,205,2:31:25,4,s_calendar_M_gen,false,false
6607010,210,2:31:28,412,374
6607010,207,2:31:32,4,-200,0
6607010,207,2:31:35,4,0,-435
6607010,207,2:31:37,4,-435,-512
6607010,211,2:31:39,951,212
6607010,213,2:31:39,4,s_door_M_gen,true
6607010,205,2:31:39,4,s_door_M_gen,false,true
6607010,212,2:31:42,2
6607010,210,2:31:43,1466,422
6607010,211,2:31:45,1298,368
6607010,213,2:31:45,4,c_cousin_M_a_G9a1P,true
6607010,205,2:31:45,4,c_cousin_M_a_G9a1P,false,false
6607010,210,2:31:48,1054,292
6607010,207,2:31:51,4,-512,-287
6607010,207,2:31:54,4,-287,-32
6607010,207,2:31:57,4,-32,-512
6607010,211,2:31:57,1487,595
6607010,212,2:31:58,0
6607010,210,2:31:59,1319,539
6607010,211,2:32:0,1212,338
6607010,213,2:32:0,4,s_joint_M_G9a1P,true
6607010,205,2:32:0,4,s_joint_M_G9a1P,false,false
6607010,210,2:32:4,1048,321
6607010,211,2:32:6,1079,508
6607010,213,2:32:6,4,s_basketball_M_gen,true
6607010,205,2:32:6,4,s_basketball_M_gen,false,false
6607010,219,2:32:15,4
6607010,216,2:32:15,Stack_G9a2N
6607010,217,2:32:22,Stack_G9a2N,4.0,0.00
6607010,218,2:32:24,4
6607010,210,2:32:25,773,293
6607010,211,2:32:26,601,184
6607010,213,2:32:26,4,s_potSmokeCloud_M_G9a2N,true
6607010,210,2:32:29,858,362
6607010,211,2:32:36,989,276
6607010,210,2:32:36,982,257
6607010,207,2:32:38,4,-200,-440
6607010,207,2:32:39,4,-440,-512
6607010,207,2:32:43,4,-512,-47
6607010,211,2:32:43,300,586
6607010,213,2:32:43,4,s_cookieTrayEmpty_M_G9a2N,true
6607010,210,2:32:47,282,461
6607010,211,2:32:49,443,453
6607010,212,2:32:50,1
6607010,210,2:32:51,865,461
6607010,211,2:32:51,797,289
6607010,213,2:32:51,4,c_mom_lati_a_G9a2N,true
6607010,205,2:32:51,4,c_mom_lati_a_G9a2N,false,false
6607010,210,2:32:55,912,319
6607010,211,2:32:55,913,341
6607010,213,2:32:55,4,c_kidSister_lati_a_G9a2N,true
6607010,205,2:32:55,4,c_kidSister_lati_a_G9a2N,false,false
6607010,210,2:32:58,911,389
6607010,207,2:32:59,4,-47,-437
6607010,207,2:33:3,4,-437,-212
6607010,207,2:33:4,4,-212,0
6607010,207,2:33:8,4,0,-270
6607010,207,2:33:11,4,-270,-390
6607010,211,2:33:12,983,287
6607010,213,2:33:12,4,s_pictureDad_lati_M_gen,true
6607010,205,2:33:12,4,s_pictureDad_lati_M_gen,false,false
6607010,210,2:33:15,1248,293
6607010,211,2:33:16,1267,333
6607010,212,2:33:16,2
6607010,210,2:33:17,840,524
6607010,211,2:33:18,544,489
6607010,213,2:33:18,4,c_cousin_M_a_G9a2N,true
6607010,205,2:33:18,4,c_cousin_M_a_G9a2N,false,false
6607010,221,2:33:26,4
6607010,220,2:33:29,4
6607010,1003,2:33:29,3
6607010,1004,2:33:36,1
6607010,500,2:33:38,1,[]
6607010,501,2:33:40,1,[]
6607010,502,2:33:45,1,[IntentionData_logId:3,true]
6607010,503,2:33:46,1,[]
6607010,504,2:33:49,1,[InfluenceData_logId:1]
6607010,504,2:33:50,1,[InfluenceData_logId:4]
6607010,504,2:33:52,1,[InfluenceData_logId:5]
6607010,504,2:33:54,1,[InfluenceData_logId:3]
6607010,504,2:33:55,1,[InfluenceData_logId:4]
6607010,504,2:33:56,1,[InfluenceData_logId:6]
6607010,504,2:33:58,1,[InfluenceData_logId:8]
6607010,504,2:34:1,1,[InfluenceData_logId:7]
6607010,504,2:34:3,1,[InfluenceData_logId:8]
6607010,505,2:34:3,1,[InfluenceData_logId:1,true,InfluenceData_logId:4,true,InfluenceData_logId:8,true]
6607010,506,2:34:4,1,[]
6607010,507,2:34:15,1,[OpponentAttackData_logId:3,OpponentAttackTypeData_logId:0,false,30]
6607010,508,2:34:17,1,[]
6607010,509,2:34:20,1,[RefusalData_logId:5,0]
6607010,510,2:34:22,1,[AvailableRefusalData_logId:5,0B]
6607010,510,2:34:24,1,[AvailableRefusalData_logId:5,1B]
6607010,510,2:34:27,1,[AvailableRefusalData_logId:5,0C]
6607010,510,2:34:29,1,[AvailableRefusalData_logId:5,1C]
6607010,510,2:34:31,1,[AvailableRefusalData_logId:5,1A]
6607010,510,2:34:34,1,[AvailableRefusalData_logId:5,0A]
6607010,510,2:34:39,1,[AvailableRefusalData_logId:5,2A]
6607010,511,2:34:39,1,[AvailableRefusalData_logId:5,0A,1A,2A,true,20]
6607010,512,2:34:42,1,[]
6607010,513,2:34:42,1,[30]
6607010,514,2:34:45,1,[]
6607010,507,2:34:50,1,[OpponentAttackData_logId:1,OpponentAttackTypeData_logId:1,true,0]
6607010,508,2:34:52,1,[]
6607010,509,2:34:55,1,[RefusalData_logId:4,2]
6607010,510,2:34:58,1,[AvailableRefusalData_logId:4,0B]
6607010,510,2:34:59,1,[AvailableRefusalData_logId:4,0C]
6607010,510,2:35:3,1,[AvailableRefusalData_logId:4,0A]
6607010,510,2:35:9,1,[AvailableRefusalData_logId:4,1A]
6607010,510,2:35:11,1,[AvailableRefusalData_logId:4,2A]
6607010,511,2:35:21,1,[AvailableRefusalData_logId:4,0A,1A,2A,true,50]
6607010,512,2:35:24,1,[]
6607010,513,2:35:24,1,[0]
6607010,514,2:35:27,1,[]
6607010,507,2:35:35,1,[OpponentAttackData_logId:2,OpponentAttackTypeData_logId:3,true,0]
6607010,508,2:35:37,1,[]
6607010,509,2:35:40,1,[RefusalData_logId:2,1]
6607010,510,2:35:42,1,[AvailableRefusalData_logId:2,0A]
6607010,510,2:35:43,1,[AvailableRefusalData_logId:2,1A]
6607010,510,2:35:45,1,[AvailableRefusalData_logId:2,2A]
6607010,511,2:35:46,1,[AvailableRefusalData_logId:2,0A,1A,2A,true,30]
6607010,512,2:35:48,1,[]
6607010,515,2:35:48,1,[90,0]
6607010,516,2:35:49,1,[]
6607010,517,2:35:50,1,[]
6607010,1001,2:35:56,1,[]
6607010,1003,2:35:56,3
6607010,1004,2:35:58,0
6607010,500,2:36:0,0,[]
6607010,501,2:36:2,0,[]
6607010,502,2:36:16,0,[IntentionData_logId:2,true]
6607010,503,2:36:17,0,[]
6607010,504,2:36:19,0,[InfluenceData_logId:0]
6607010,504,2:36:20,0,[InfluenceData_logId:2]
6607010,504,2:36:21,0,[InfluenceData_logId:1]
6607010,504,2:36:22,0,[InfluenceData_logId:4]
6607010,504,2:36:23,0,[InfluenceData_logId:3]
6607010,504,2:36:24,0,[InfluenceData_logId:4]
6607010,504,2:36:24,0,[InfluenceData_logId:7]
6607010,504,2:36:27,0,[InfluenceData_logId:6]
6607010,505,2:36:29,0,[InfluenceData_logId:1,true,InfluenceData_logId:4,true,InfluenceData_logId:6,true]
6607010,506,2:36:30,0,[]
6607010,507,2:36:44,0,[OpponentAttackData_logId:3,OpponentAttackTypeData_logId:2,true,0]
6607010,508,2:36:47,0,[]
6607010,509,2:36:51,0,[RefusalData_logId:2,2]
6607010,510,2:36:55,0,[AvailableRefusalData_logId:2,0A]
6607010,510,2:36:55,0,[AvailableRefusalData_logId:2,1A]
6607010,510,2:36:56,0,[AvailableRefusalData_logId:2,2A]
6607010,511,2:36:57,0,[AvailableRefusalData_logId:2,0A,1A,2A,true,50]
6607010,512,2:36:59,0,[]
6607010,513,2:36:59,0,[0]
6607010,514,2:37:1,0,[]
6607010,507,2:37:7,0,[OpponentAttackData_logId:0,OpponentAttackTypeData_logId:1,true,0]
6607010,508,2:37:9,0,[]
6607010,509,2:37:12,0,[RefusalData_logId:8,2]
6607010,510,2:37:15,0,[AvailableRefusalData_logId:8,0A]
6607010,510,2:37:16,0,[AvailableRefusalData_logId:8,1A]
6607010,510,2:37:18,0,[AvailableRefusalData_logId:8,2A]
6607010,511,2:37:18,0,[AvailableRefusalData_logId:8,0A,1A,2A,true,50]
6607010,512,2:37:21,0,[]
6607010,515,2:37:21,0,[150,0]
6607010,516,2:37:22,0,[]
6607010,517,2:37:23,0,[]
6607010,1005,2:37:23,0,[3,2,3]
6607010,1001,2:37:24,0,[]
6607010,1003,2:37:24,3
6607010,210,2:37:28,1012,585
6607010,211,2:37:29,1069,602
6607010,221,2:37:29,4
6607010,220,2:37:31,4
6607010,219,2:37:31,4
6607010,216,2:37:31,Stack_G9a2P
6607010,217,2:37:38,Stack_G9a2P,3.7,0.00
6607010,218,2:37:49,4
6607010,210,2:37:50,981,419
6607010,211,2:37:51,971,457
6607010,213,2:37:51,4,c_kidSister_lati_a_G9a2P,true
6607010,210,2:37:52,1089,287
6607010,211,2:37:53,1137,291
6607010,213,2:37:53,4,c_cousin_M_a_G9a2P,true
6607010,205,2:37:53,4,c_cousin_M_a_G9a2P,false,false
6607010,210,2:37:57,901,290
6607010,211,2:37:58,475,238
6607010,213,2:37:58,4,c_mom_lati_a_G9a2P,true
6607010,205,2:37:58,4,c_mom_lati_a_G9a2P,false,false
6607010,210,2:38:2,255,465
6607010,207,2:38:2,4,-200,-65
6607010,211,2:38:3,197,406
6607010,213,2:38:3,4,s_tv_G9a2P,true
6607010,210,2:38:4,836,534
6607010,207,2:38:6,4,-65,0
6607010,207,2:38:11,4,0,-510
6607010,207,2:38:13,4,-510,-995
6607010,211,2:38:14,1767,495
6607010,213,2:38:14,4,c_grandma_lati_a_G9a2P,true
6607010,210,2:38:15,1931,181
6607010,211,2:38:19,1436,173
6607010,210,2:38:19,1277,129
6607010,211,2:38:20,1215,126
6607010,212,2:38:21,1
6607010,210,2:38:22,1822,462
6607010,211,2:38:23,1493,599
6607010,213,2:38:23,4,s_pizzaBox_G9a2P,true
6607010,205,2:38:23,4,s_pizzaBox_G9a2P,false,false
6607010,210,2:38:26,1249,467
6607010,207,2:38:27,4,-995,-545
6607010,207,2:38:29,4,-545,-395
6607010,211,2:38:29,760,282
6607010,213,2:38:29,4,s_door_gen,true
6607010,205,2:38:29,4,s_door_gen,false,false
6607010,221,2:38:33,4
6607010,220,2:38:35,4
6607010,1003,2:38:35,3
6607010,1004,2:38:37,1
6607010,500,2:38:39,1,[]
6607010,501,2:38:40,1,[]
6607010,502,2:38:45,1,[IntentionData_logId:3,true]
6607010,503,2:38:46,1,[]
6607010,504,2:38:48,1,[InfluenceData_logId:1]
6607010,504,2:38:49,1,[InfluenceData_logId:3]
6607010,504,2:38:50,1,[InfluenceData_logId:5]
6607010,504,2:38:52,1,[InfluenceData_logId:4]
6607010,504,2:38:53,1,[InfluenceData_logId:6]
6607010,505,2:38:55,1,[InfluenceData_logId:1,true,InfluenceData_logId:4,true,InfluenceData_logId:6,true]
6607010,506,2:38:56,1,[]
6607010,507,2:39:4,1,[OpponentAttackData_logId:1,OpponentAttackTypeData_logId:1,true,0]
6607010,508,2:39:6,1,[]
6607010,509,2:39:10,1,[RefusalData_logId:2,1]
6607010,510,2:39:12,1,[AvailableRefusalData_logId:2,0A]
6607010,510,2:39:13,1,[AvailableRefusalData_logId:2,1A]
6607010,510,2:39:14,1,[AvailableRefusalData_logId:2,2A]
6607010,511,2:39:14,1,[AvailableRefusalData_logId:2,0A,1A,2A,true,30]
6607010,512,2:39:17,1,[]
6607010,513,2:39:17,1,[0]
6607010,514,2:39:19,1,[]
6607010,507,2:39:23,1,[OpponentAttackData_logId:0,OpponentAttackTypeData_logId:2,true,0]
6607010,508,2:39:26,1,[]
6607010,509,2:39:28,1,[RefusalData_logId:5,0]
6607010,510,2:39:30,1,[AvailableRefusalData_logId:5,0B]
6607010,510,2:39:31,1,[AvailableRefusalData_logId:5,1B]
6607010,510,2:39:32,1,[AvailableRefusalData_logId:5,1A]
6607010,510,2:39:34,1,[AvailableRefusalData_logId:5,0C]
6607010,510,2:39:35,1,[AvailableRefusalData_logId:5,0A]
6607010,510,2:39:37,1,[AvailableRefusalData_logId:5,2B]
6607010,510,2:39:37,1,[AvailableRefusalData_logId:5,2A]
6607010,511,2:39:38,1,[AvailableRefusalData_logId:5,0A,1A,2A,true,20]
6607010,512,2:39:41,1,[]
6607010,513,2:39:41,1,[30]
6607010,514,2:39:44,1,[]
6607010,507,2:39:59,1,[OpponentAttackData_logId:3,OpponentAttackTypeData_logId:4,true,0]
6607010,508,2:40:1,1,[]
6607010,509,2:40:4,1,[RefusalData_logId:4,2]
6607010,510,2:40:7,1,[AvailableRefusalData_logId:4,0A]
6607010,510,2:40:8,1,[AvailableRefusalData_logId:4,1A]
6607010,510,2:40:9,1,[AvailableRefusalData_logId:4,2A]
6607010,511,2:40:10,1,[AvailableRefusalData_logId:4,0A,1A,2A,true,50]
6607010,512,2:40:13,1,[]
6607010,515,2:40:13,1,[120,0]
6607010,516,2:40:14,1,[]
6607010,517,2:40:15,1,[]
6607010,1005,2:40:15,1,[3,2,3]
6607010,1001,2:40:16,1,[]
6607010,1003,2:40:16,3
6607010,221,2:40:24,4
6607010,220,2:40:26,4
6607010,203,2:40:26,4
6607010,100,2:40:43,10
6607010,102,2:40:47,10
6607010,200,2:40:47,10,6,9,9,9,12
6607010,219,2:40:48,10
6607010,216,2:40:49,Stack_G12a0
6607010,217,2:40:59,Stack_G12a0,10,0.77
6607010,218,2:41:1,10
6607010,210,2:41:2,754,450
6607010,211,2:41:7,202,121
6607010,213,2:41:7,10,s_clock_G12a0,false
6607010,1003,2:41:10,1
6607010,1004,2:41:14,8
6607010,800,2:41:16,8,[]
6607010,801,2:41:17,8,[]
6607010,814,2:41:20,8,[3]
6607010,815,2:41:20,8,3,OpportunityCardData_id:19
6607010,815,2:41:21,8,3,OpportunityCardData_id:20
6607010,816,2:41:23,8,3,OpportunityCardData_id:20
6607010,805,2:41:24,8,[OpportunityCardData_id:20]
6607010,806,2:41:27,8,[OpportunityCardData_id:20,PriorityData_type:0]
6607010,807,2:41:28,8,[OpportunityCardData_id:20]
6607010,808,2:41:30,8,[OpportunityCardData_id:20]
6607010,809,2:41:34,8,[OpportunityCardData_id:20,Safe,false]
6607010,810,2:41:35,8,[OpportunityCardData_id:20,PriorityData_type:3,15,Safe,Safe]
6607010,814,2:41:39,8,[3]
6607010,815,2:41:39,8,3,OpportunityCardData_id:19
6607010,815,2:41:40,8,3,OpportunityCardData_id:21
6607010,815,2:41:43,8,3,OpportunityCardData_id:22
6607010,815,2:41:45,8,3,OpportunityCardData_id:23
6607010,815,2:41:48,8,3,OpportunityCardData_id:24
6607010,815,2:41:50,8,3,OpportunityCardData_id:25
6607010,816,2:41:53,8,3,OpportunityCardData_id:25
6607010,804,2:41:58,8,[OpportunityCardData_id:25]
6607010,814,2:41:59,8,[3]
6607010,815,2:41:59,8,3,OpportunityCardData_id:19
6607010,815,2:42:0,8,3,OpportunityCardData_id:21
6607010,815,2:42:1,8,3,OpportunityCardData_id:22
6607010,815,2:42:2,8,3,OpportunityCardData_id:21
6607010,816,2:42:3,8,3,OpportunityCardData_id:21
6607010,805,2:42:4,8,[OpportunityCardData_id:21]
6607010,806,2:42:5,8,[OpportunityCardData_id:21,PriorityData_type:0]
6607010,807,2:42:7,8,[OpportunityCardData_id:21]
6607010,808,2:42:8,8,[OpportunityCardData_id:21]
6607010,809,2:42:12,8,[OpportunityCardData_id:21,Safe,false]
6607010,810,2:42:13,8,[OpportunityCardData_id:21,PriorityData_type:3,20,Safe,Safe]
6607010,814,2:42:17,8,[3]
6607010,815,2:42:17,8,3,OpportunityCardData_id:19
6607010,815,2:42:18,8,3,OpportunityCardData_id:22
6607010,815,2:42:19,8,3,OpportunityCardData_id:23
6607010,815,2:42:20,8,3,OpportunityCardData_id:24
6607010,815,2:42:20,8,3,OpportunityCardData_id:19
6607010,816,2:42:21,8,3,OpportunityCardData_id:19
6607010,805,2:42:22,8,[OpportunityCardData_id:19]
6607010,806,2:42:24,8,[OpportunityCardData_id:19,PriorityData_type:0]
6607010,807,2:42:25,8,[OpportunityCardData_id:19]
6607010,808,2:42:33,8,[OpportunityCardData_id:19]
6607010,809,2:42:37,8,[OpportunityCardData_id:19,Safe,false]
6607010,810,2:42:38,8,[OpportunityCardData_id:19,PriorityData_type:3,15,Safe,Safe]
6607010,814,2:42:41,8,[0]
6607010,815,2:42:41,8,0,OpportunityCardData_id:0
6607010,815,2:42:46,8,0,OpportunityCardData_id:1
6607010,816,2:42:47,8,0,OpportunityCardData_id:1
6607010,805,2:42:48,8,[OpportunityCardData_id:1]
6607010,806,2:42:50,8,[OpportunityCardData_id:1,PriorityData_type:3]
6607010,807,2:42:51,8,[OpportunityCardData_id:1]
6607010,808,2:42:53,8,[OpportunityCardData_id:1]
6607010,809,2:42:57,8,[OpportunityCardData_id:1,PriorityData_type:3,true]
6607010,810,2:42:58,8,[OpportunityCardData_id:1,PriorityData_type:0,15,Safe,Safe]
6607010,814,2:43:0,8,[0]
6607010,815,2:43:1,8,0,OpportunityCardData_id:0
6607010,815,2:43:2,8,0,OpportunityCardData_id:2
6607010,815,2:43:3,8,0,OpportunityCardData_id:3
6607010,815,2:43:3,8,0,OpportunityCardData_id:4
6607010,815,2:43:5,8,0,OpportunityCardData_id:5
6607010,815,2:43:6,8,0,OpportunityCardData_id:4
6607010,816,2:43:7,8,0,OpportunityCardData_id:4
6607010,803,2:43:8,8,[OpportunityCardData_id:4,OpportunityCardConsequencesData_logId:0]
6607010,803,2:43:9,8,[OpportunityCardData_id:4,OpportunityCardConsequencesData_logId:1]
6607010,805,2:43:10,8,[OpportunityCardData_id:4]
6607010,806,2:43:12,8,[OpportunityCardData_id:4,PriorityData_type:3]
6607010,807,2:43:13,8,[OpportunityCardData_id:4]
6607010,808,2:43:15,8,[OpportunityCardData_id:4]
6607010,809,2:43:18,8,[OpportunityCardData_id:4,PriorityData_type:3,true]
6607010,810,2:43:19,8,[OpportunityCardData_id:4,PriorityData_type:0,25,Safe,Safe]
6607010,818,2:43:20,8,6
6607010,811,2:43:22,8,[OpportunityCardData_id:4,PriorityData_type:0,70,80,PriorityData_type:3,70,70]
6607010,1005,2:43:22,8,[1,0,3]
6607010,1001,2:43:23,8,[]
6607010,1003,2:43:23,1
6607010,1004,2:43:26,9
6607010,800,2:43:30,9,[]
6607010,801,2:43:31,9,[]
6607010,814,2:43:33,9,[0]
6607010,815,2:43:33,9,0,OpportunityCardData_id:0
6607010,815,2:43:33,9,0,OpportunityCardData_id:1
6607010,815,2:43:34,9,0,OpportunityCardData_id:2
6607010,815,2:43:34,9,0,OpportunityCardData_id:3
6607010,815,2:43:35,9,0,OpportunityCardData_id:4
6607010,815,2:43:36,9,0,OpportunityCardData_id:5
6607010,815,2:43:36,9,0,OpportunityCardData_id:0
6607010,815,2:43:37,9,0,OpportunityCardData_id:1
6607010,815,2:43:38,9,0,OpportunityCardData_id:0
6607010,816,2:43:39,9,0,OpportunityCardData_id:0
6607010,805,2:43:40,9,[OpportunityCardData_id:0]
6607010,806,2:43:40,9,[OpportunityCardData_id:0,PriorityData_type:4]
6607010,807,2:43:42,9,[OpportunityCardData_id:0]
6607010,808,2:43:44,9,[OpportunityCardData_id:0]
6607010,809,2:43:48,9,[OpportunityCardData_id:0,Safe,false]
6607010,810,2:43:49,9,[OpportunityCardData_id:0,PriorityData_type:0,15,Safe,Safe]
6607010,814,2:43:52,9,[0]
6607010,815,2:43:52,9,0,OpportunityCardData_id:1
6607010,815,2:43:53,9,0,OpportunityCardData_id:2
6607010,816,2:43:57,9,0,OpportunityCardData_id:2
6607010,805,2:43:58,9,[OpportunityCardData_id:2]
6607010,806,2:44:0,9,[OpportunityCardData_id:2,PriorityData_type:3]
6607010,807,2:44:1,9,[OpportunityCardData_id:2]
6607010,808,2:44:3,9,[OpportunityCardData_id:2]
6607010,809,2:44:8,9,[OpportunityCardData_id:2,PriorityData_type:4,false]
6607010,810,2:44:9,9,[OpportunityCardData_id:2,PriorityData_type:0,10,PriorityData_type:4,15]
6607010,814,2:44:12,9,[4]
6607010,815,2:44:12,9,4,OpportunityCardData_id:24
6607010,815,2:44:13,9,4,OpportunityCardData_id:25
6607010,815,2:44:14,9,4,OpportunityCardData_id:26
6607010,815,2:44:16,9,4,OpportunityCardData_id:27
6607010,815,2:44:17,9,4,OpportunityCardData_id:28
6607010,815,2:44:18,9,4,OpportunityCardData_id:29
6607010,815,2:44:18,9,4,OpportunityCardData_id:31
6607010,815,2:44:19,9,4,OpportunityCardData_id:24
6607010,815,2:44:20,9,4,OpportunityCardData_id:25
6607010,816,2:44:20,9,4,OpportunityCardData_id:25
6607010,805,2:44:21,9,[OpportunityCardData_id:25]
6607010,806,2:44:25,9,[OpportunityCardData_id:25,PriorityData_type:0]
6607010,807,2:44:26,9,[OpportunityCardData_id:25]
6607010,808,2:44:28,9,[OpportunityCardData_id:25]
6607010,809,2:44:32,9,[OpportunityCardData_id:25,PriorityData_type:3,false]
6607010,810,2:44:33,9,[OpportunityCardData_id:25,PriorityData_type:4,10,PriorityData_type:3,20]
6607010,812,2:44:34,9,[OpportunityCardData_id:25,PriorityData_type:3]
6607010,813,2:44:36,9,[]
6607010,1000,2:44:38,9,[]
6607010,800,2:44:39,9,[]
6607010,801,2:44:40,9,[]
6607010,814,2:44:41,9,[4]
6607010,815,2:44:41,9,4,OpportunityCardData_id:24
6607010,815,2:44:42,9,4,OpportunityCardData_id:25
6607010,815,2:44:42,9,4,OpportunityCardData_id:26
6607010,815,2:44:43,9,4,OpportunityCardData_id:25
6607010,816,2:44:44,9,4,OpportunityCardData_id:25
6607010,805,2:44:45,9,[OpportunityCardData_id:25]
6607010,806,2:44:47,9,[OpportunityCardData_id:25,PriorityData_type:0]
6607010,807,2:44:48,9,[OpportunityCardData_id:25]
6607010,808,2:44:50,9,[OpportunityCardData_id:25]
6607010,809,2:44:54,9,[OpportunityCardData_id:25,PriorityData_type:3,false]
6607010,810,2:44:56,9,[OpportunityCardData_id:25,PriorityData_type:4,10,PriorityData_type:3,20]
6607010,812,2:44:57,9,[OpportunityCardData_id:25,PriorityData_type:3]
6607010,813,2:44:58,9,[]
6607010,1000,2:45:0,9,[]
6607010,800,2:45:1,9,[]
6607010,801,2:45:2,9,[]
6607010,814,2:45:3,9,[4]
6607010,815,2:45:3,9,4,OpportunityCardData_id:24
6607010,815,2:45:4,9,4,OpportunityCardData_id:25
6607010,816,2:45:5,9,4,OpportunityCardData_id:25
6607010,803,2:45:7,9,[OpportunityCardData_id:25,OpportunityCardConsequencesData_logId:1]
6607010,803,2:45:7,9,[OpportunityCardData_id:25,OpportunityCardConsequencesData_logId:0]
6607010,805,2:45:8,9,[OpportunityCardData_id:25]
6607010,806,2:45:9,9,[OpportunityCardData_id:25,PriorityData_type:0]
6607010,807,2:45:10,9,[OpportunityCardData_id:25]
6607010,808,2:45:11,9,[OpportunityCardData_id:25]
6607010,809,2:45:15,9,[OpportunityCardData_id:25,PriorityData_type:3,false]
6607010,810,2:45:17,9,[OpportunityCardData_id:25,PriorityData_type:4,10,PriorityData_type:3,20]
6607010,812,2:45:18,9,[OpportunityCardData_id:25,PriorityData_type:3]
6607010,813,2:45:20,9,[]
6607010,1000,2:45:21,9,[]
6607010,800,2:45:22,9,[]
6607010,801,2:45:22,9,[]
6607010,814,2:45:24,9,[4]
6607010,815,2:45:24,9,4,OpportunityCardData_id:24
6607010,815,2:45:24,9,4,OpportunityCardData_id:25
6607010,816,2:45:25,9,4,OpportunityCardData_id:25
6607010,805,2:45:26,9,[OpportunityCardData_id:25]
6607010,806,2:45:28,9,[OpportunityCardData_id:25,PriorityData_type:3]
6607010,807,2:45:28,9,[OpportunityCardData_id:25]
6607010,808,2:45:30,9,[OpportunityCardData_id:25]
6607010,809,2:45:34,9,[OpportunityCardData_id:25,Safe,false]
6607010,810,2:45:35,9,[OpportunityCardData_id:25,PriorityData_type:4,10,Safe,Safe]
6607010,814,2:45:37,9,[4]
6607010,815,2:45:37,9,4,OpportunityCardData_id:24
6607010,815,2:45:38,9,4,OpportunityCardData_id:26
6607010,815,2:45:38,9,4,OpportunityCardData_id:27
6607010,815,2:45:40,9,4,OpportunityCardData_id:26
6607010,816,2:45:41,9,4,OpportunityCardData_id:26
6607010,805,2:45:42,9,[OpportunityCardData_id:26]
6607010,806,2:45:45,9,[OpportunityCardData_id:26,PriorityData_type:3]
6607010,807,2:45:46,9,[OpportunityCardData_id:26]
6607010,808,2:45:48,9,[OpportunityCardData_id:26]
6607010,809,2:45:52,9,[OpportunityCardData_id:26,PriorityData_type:2,false]
6607010,810,2:45:53,9,[OpportunityCardData_id:26,PriorityData_type:4,20,PriorityData_type:2,25]
6607010,814,2:45:56,9,[4]
6607010,815,2:45:56,9,4,OpportunityCardData_id:24
6607010,815,2:45:57,9,4,OpportunityCardData_id:27
6607010,815,2:45:58,9,4,OpportunityCardData_id:28
6607010,815,2:45:58,9,4,OpportunityCardData_id:29
6607010,815,2:45:58,9,4,OpportunityCardData_id:31
6607010,815,2:45:59,9,4,OpportunityCardData_id:24
6607010,815,2:46:0,9,4,OpportunityCardData_id:27
6607010,815,2:46:0,9,4,OpportunityCardData_id:24
6607010,817,2:46:1,9,4
6607010,814,2:46:2,9,[0]
6607010,815,2:46:2,9,0,OpportunityCardData_id:0
6607010,815,2:46:3,9,0,OpportunityCardData_id:1
6607010,815,2:46:4,9,0,OpportunityCardData_id:2
6607010,815,2:46:5,9,0,OpportunityCardData_id:3
6607010,815,2:46:6,9,0,OpportunityCardData_id:4
6607010,815,2:46:9,9,0,OpportunityCardData_id:5
6607010,815,2:46:9,9,0,OpportunityCardData_id:0
6607010,816,2:46:11,9,0,OpportunityCardData_id:0
6607010,805,2:46:12,9,[OpportunityCardData_id:0]
6607010,806,2:46:15,9,[OpportunityCardData_id:0,PriorityData_type:2]
6607010,807,2:46:16,9,[OpportunityCardData_id:0]
6607010,808,2:46:18,9,[OpportunityCardData_id:0]
6607010,809,2:46:24,9,[OpportunityCardData_id:0,Safe,false]
6607010,810,2:46:25,9,[OpportunityCardData_id:0,PriorityData_type:0,15,Safe,Safe]
6607010,814,2:46:30,9,[0]
6607010,815,2:46:30,9,0,OpportunityCardData_id:1
6607010,815,2:46:31,9,0,OpportunityCardData_id:2
6607010,816,2:46:32,9,0,OpportunityCardData_id:2
6607010,805,2:46:33,9,[OpportunityCardData_id:2]
6607010,806,2:46:35,9,[OpportunityCardData_id:2,PriorityData_type:2]
6607010,807,2:46:36,9,[OpportunityCardData_id:2]
6607010,808,2:46:38,9,[OpportunityCardData_id:2]
6607010,809,2:46:42,9,[OpportunityCardData_id:2,Safe,false]
6607010,810,2:46:42,9,[OpportunityCardData_id:2,PriorityData_type:0,10,Safe,Safe]
6607010,814,2:46:44,9,[4]
6607010,815,2:46:44,9,4,OpportunityCardData_id:24
6607010,815,2:46:45,9,4,OpportunityCardData_id:27
6607010,815,2:46:45,9,4,OpportunityCardData_id:28
6607010,815,2:46:46,9,4,OpportunityCardData_id:29
6607010,815,2:46:46,9,4,OpportunityCardData_id:31
6607010,817,2:46:46,9,4
6607010,1002,2:47:17,9
6607010,1003,2:47:17,1
6607010,103,2:47:20
6607010,105,2:47:21
6607010,703,2:47:24,[|| EpilogueItem ID: 0 unlocked: true ||,|| EpilogueItem ID: 1 unlocked: true ||,|| EpilogueItem ID: 2 unlocked: false ||,|| EpilogueItem ID: 3 unlocked: false ||,|| EpilogueItem ID: 4 unlocked: true ||,|| EpilogueItem ID: 5 unlocked: false ||,|| EpilogueItem ID: 6 unlocked: false ||,|| EpilogueItem ID: 7 unlocked: false ||,|| EpilogueItem ID: 8 unlocked: false ||,|| EpilogueItem ID: 9 unlocked: false ||,|| EpilogueItem ID: 10 unlocked: false ||,|| EpilogueItem ID: 11 unlocked: false ||,|| EpilogueItem ID: 12 unlocked: false ||,|| EpilogueItem ID: 13 unlocked: false ||,|| EpilogueItem ID: 14 unlocked: false ||,|| EpilogueItem ID: 15 unlocked: false ||,|| EpilogueItem ID: 16 unlocked: false ||,|| EpilogueItem ID: 17 unlocked: false ||,|| EpilogueItem ID: 18 unlocked: false ||,|| EpilogueItem ID: 19 unlocked: false ||,|| EpilogueItem ID: 20 unlocked: false ||,|| EpilogueItem ID: 21 unlocked: false ||,|| EpilogueItem ID: 22 unlocked: false ||,|| EpilogueItem ID: 23 unlocked: false ||,|| EpilogueItem ID: 24 unlocked: false ||],0.12
6607010,706,2:47:26,(x=1979, y=-100, w=1024, h=768),(x=2466, y=-100, w=1024, h=768)
6607010,706,2:47:28,(x=2531, y=-100, w=1024, h=768),(x=2531, y=-100, w=1024, h=768)
6607010,708,2:47:28
6607010,1,2:47:28,2/27/2014 4:51:43pm,{"gameTime":10048348,"challengeStacks":[{"challengeScenes":[{"miniGameCards":[],"viewedAnimatic":true,"keyPoints":["c_teacherEng_G7a0","c_bestFriend_M_a_G7a0","s_flag_gen"],"unlocked":true,"touchableObjects":["s_otherStudent1_G7a0","s_shakespearePoster_gen","c_friend1_M_a_G7a0","s_doorClassroom_G7a0","s_clock_G7a0","s_poePoster_gen","s_angelouPoster_gen","c_crewKid1_M_G7a0","s_vocabAssignment_G7a0","s_atwoodPoster_gen","c_teacherEng_G7a0","c_bestFriend_M_a_G7a0","s_flag_gen"]},{"miniGameCards":[],"viewedAnimatic":true,"keyPoints":["c_teacherEng_G7a1N","c_bestFriend_M_a_G7a1N","s_paperPlayers_G7a1N"],"unlocked":true,"touchableObjects":["c_crewKid1_M_G7a1N","s_otherStudent1_G7a1N","s_shakespearePoster_gen","s_poePoster_gen","s_angelouPoster_gen","s_atwoodPoster_gen","s_otherStudent2_G7a1N","s_posterPlagiarism_gen","s_flag_gen","c_teacherEng_G7a1N","c_bestFriend_M_a_G7a1N","s_paperPlayers_G7a1N"]},{"miniGameCards":[],"viewedAnimatic":true,"keyPoints":["c_teacherEng_G7a1P","s_flag_gen","c_bestFriend_M_a_G7a1P","s_paperEnglish_gen"],"unlocked":true,"touchableObjects":["s_clock_G7a1P","c_teacherEng_G7a1P","s_paperPlayers_G7a1P","s_flag_gen","s_atwoodPoster_gen","c_bestFriend_M_a_G7a1P","s_paperEnglish_gen"]}],"stackSize":3,"resolved":true},{"challengeScenes":[{"miniGameCards":[],"viewedAnimatic":true,"keyPoints":["c_kidSister_lati_a_G7b0","c_crewKid1_M_G7b0","s_backpack_M_G7b0"],"unlocked":true,"touchableObjects":["c_crewKid2_M_G7b0","c_cousinsBrother_a_G7b0","s_lifeguard_G7b0","c_kidSister_lati_a_G7b0","s_snackBarWorker_G7b0","c_cousin_M_a_G7b0","c_crewKid1_M_G7b0","c_cousinsBrothersFriend_a_G7b0","s_backpack_M_G7b0"]},{"miniGameCards":[],"viewedAnimatic":true,"keyPoints":["c_kidSister_lati_a_G7b1N","c_crewKid1_M_G7b1N","s_sprayPaintCan_G7b1N","s_brokenCarWindow_G7b1N","s_graffiti_G7b1N"],"unlocked":true,"touchableObjects":["c_kidSister_lati_a_G7b1N","s_wreckedPlants_G7b1N","s_cat_G7b1N","s_flag_G7b1N","c_teacherEng_G7b1N","c_crewKid1_M_G7b1N","c_policeOfficer_G7b1N","s_sprayPaintCan_G7b1N","s_brokenCarWindow_G7b1N","s_graffiti_G7b1N"]},{"miniGameCards":[],"viewedAnimatic":true,"keyPoints":["c_cousinsBrothersFriend_a_G7b1P","s_poolDay_ruleSign_G7b1P","c_cousin_M_a_G7b1P","c_cousinsBrother_a_G7b1P"],"unlocked":true,"touchableObjects":["c_cousinsBrothersFriend_a_G7b1P","c_crush1_M_a_G7b1P","c_kidSister_lati_a_G7b1P","s_poolDay_ruleSign_G7b1P","c_cousin_M_a_G7b1P","c_cousinsBrother_a_G7b1P"]},{"miniGameCards":[],"viewedAnimatic":true,"keyPoints":["c_crush1_M_a_G7b2N","s_kid1_G7b2N","c_cousin_M_a_G7b2N","c_kidSister_lati_a_G7b2N"],"unlocked":true,"touchableObjects":["c_crush1_M_a_G7b2N","c_crewKid2_M_G7b2N","s_lifeguard_G7b2N","s_cousinsBFgirlfriend_G7b2N","s_kidPool1_G7b2N","s_kidPool2_G7b2N","s_kid1_G7b2N","c_cousin_M_a_G7b2N","c_cousinsBrothersFriend_a_G7b2N","c_cousinsBrother_a_G7b2N","c_kidSister_lati_a_G7b2N"]},{"miniGameCards":[],"viewedAnimatic":true,"keyPoints":["c_cousin_M_a_G7b2P","s_computer_M_G7b2P","c_kidSister_lati_a_G7b2P"],"unlocked":true,"touchableObjects":["c_cousin_M_a_G7b2P","s_calendar_M_gen","s_computer_M_G7b2P","s_closet_M_G7b2P","c_grandma_lati_a_G7b2P","c_kidSister_lati_a_G7b2P"]}],"stackSize":5,"resolved":true},{"challengeScenes":[{"miniGameCards":[],"viewedAnimatic":true,"keyPoints":["s_clock_G8a0","c_cousin_M_a_G8a0","c_crush2_M_a_G8a0"],"unlocked":true,"touchableObjects":["c_friend1_M_G8a0","s_beerSixpack_G8a0","c_crewKid1_M_a_G8a0","s_stairs_G8a0","s_bottleTable_G8a0","s_clock_G8a0","s_cigaretteKid1_G8a0","c_cousin_M_a_G8a0","c_crush2_M_a_G8a0","s_beerCooler_G8a0"]},{"miniGameCards":[],"viewedAnimatic":true,"keyPoints":["s_dirtyClothes_gen","s_basementDoor_gen","s_crush2Lips_M_G8a1N"],"unlocked":true,"touchableObjects":["c_crush2_M_a_G8a1N","s_stairs_G8a1N","s_dirtyClothes_gen","s_waterHeater_gen","s_basementDoor_gen","s_inhalantsShelf_gen","s_crush2Lips_M_G8a1N","s_dryer_G8a1N"]},{"miniGameCards":[],"viewedAnimatic":false,"keyPoints":[],"unlocked":false,"touchableObjects":[]},{"miniGameCards":[],"viewedAnimatic":false,"keyPoints":[],"unlocked":false,"touchableObjects":[]},{"miniGameCards":[],"viewedAnimatic":false,"keyPoints":[],"unlocked":false,"touchableObjects":[]},{"miniGameCards":[],"viewedAnimatic":true,"keyPoints":["s_mirror_lati_M_a_G8a3N"],"unlocked":true,"touchableObjects":["s_phone_G8a3N","s_poster_G8a3N","s_mirror_lati_M_a_G8a3N","s_door_G8a3N"]},{"miniGameCards":[],"viewedAnimatic":false,"keyPoints":[],"unlocked":false,"touchableObjects":[]}],"stackSize":7,"resolved":false},{"challengeScenes":[{"miniGameCards":[],"viewedAnimatic":false,"keyPoints":[],"unlocked":false,"touchableObjects":[]},{"miniGameCards":[],"viewedAnimatic":false,"keyPoints":[],"unlocked":false,"touchableObjects":[]},{"miniGameCards":[],"viewedAnimatic":false,"keyPoints":[],"unlocked":false,"touchableObjects":[]},{"miniGameCards":[],"viewedAnimatic":false,"keyPoints":[],"unlocked":false,"touchableObjects":[]},{"miniGameCards":[],"viewedAnimatic":false,"keyPoints":[],"unlocked":false,"touchableObjects":[]}],"stackSize":5,"resolved":false},{"challengeScenes":[{"miniGameCards":[],"viewedAnimatic":true,"keyPoints":["s_clock_M_G9a0","s_cellPhone_M_G9a0","s_door_M_gen","s_bathingSuit_M_G9a0"],"unlocked":true,"touchableObjects":["s_clock_M_G9a0","s_calendar_M_gen","s_window_M_G9a0","s_cellPhone_M_G9a0","s_door_M_gen","s_bathingSuit_M_G9a0"]},{"miniGameCards":[],"viewedAnimatic":true,"keyPoints":["s_fence_G9a1N","c_cousin_M_a_G9a1N","s_kid3_G9a1N","c_policeOfficer_G9a1N"],"unlocked":true,"touchableObjects":["s_fence_G9a1N","s_kid4_G9a1N","c_cousinsBrothersFriend_a_G9a1N","s_potSmokeCloud_G9a1N","s_policeCar_G9a1N","s_bathingSuits_G9a1N","c_cousin_M_a_G9a1N","s_kid3_G9a1N","s_poolNight_ruleSign_G9a1N","c_policeOfficer_G9a1N"]},{"miniGameCards":[],"viewedAnimatic":true,"keyPoints":["s_door_M_gen","s_calendar_M_gen","c_cousin_M_a_G9a1P","s_joint_M_G9a1P","s_basketball_M_gen"],"unlocked":true,"touchableObjects":["s_door_M_gen","s_computer_M_gen","s_calendar_M_gen","c_cousin_M_a_G9a1P","s_joint_M_G9a1P","s_basketball_M_gen"]},{"miniGameCards":[],"viewedAnimatic":true,"keyPoints":["c_mom_lati_a_G9a2N","c_kidSister_lati_a_G9a2N","s_pictureDad_lati_M_gen","c_cousin_M_a_G9a2N"],"unlocked":true,"touchableObjects":["s_potSmokeCloud_M_G9a2N","s_cookieTrayEmpty_M_G9a2N","c_mom_lati_a_G9a2N","c_kidSister_lati_a_G9a2N","s_pictureDad_lati_M_gen","c_cousin_M_a_G9a2N"]},{"miniGameCards":[],"viewedAnimatic":true,"keyPoints":["c_cousin_M_a_G9a2P","c_mom_lati_a_G9a2P","s_pizzaBox_G9a2P","s_door_gen"],"unlocked":true,"touchableObjects":["c_kidSister_lati_a_G9a2P","c_cousin_M_a_G9a2P","c_mom_lati_a_G9a2P","s_tv_G9a2P","c_grandma_lati_a_G9a2P","s_pizzaBox_G9a2P","s_door_gen"]}],"stackSize":5,"resolved":true},{"challengeScenes":[{"miniGameCards":[],"viewedAnimatic":false,"keyPoints":[],"unlocked":false,"touchableObjects":[]},{"miniGameCards":[],"viewedAnimatic":false,"keyPoints":[],"unlocked":false,"touchableObjects":[]},{"miniGameCards":[],"viewedAnimatic":false,"keyPoints":[],"unlocked":false,"touchableObjects":[]},{"miniGameCards":[],"viewedAnimatic":false,"keyPoints":[],"unlocked":false,"touchableObjects":[]},{"miniGameCards":[],"viewedAnimatic":false,"keyPoints":[],"unlocked":false,"touchableObjects":[]}],"stackSize":5,"resolved":false},{"challengeScenes":[{"miniGameCards":[],"viewedAnimatic":false,"keyPoints":[],"unlocked":true,"touchableObjects":[]},{"miniGameCards":[],"viewedAnimatic":false,"keyPoints":[],"unlocked":true,"touchableObjects":[]},{"miniGameCards":[],"viewedAnimatic":false,"keyPoints":[],"unlocked":false,"touchableObjects":[]},{"miniGameCards":[],"viewedAnimatic":false,"keyPoints":[],"unlocked":true,"touchableObjects":[]},{"miniGameCards":[],"viewedAnimatic":false,"keyPoints":[],"unlocked":false,"touchableObjects":[]}],"stackSize":5,"resolved":false},{"challengeScenes":[{"miniGameCards":[],"viewedAnimatic":false,"keyPoints":[],"unlocked":false,"touchableObjects":[]},{"miniGameCards":[],"viewedAnimatic":false,"keyPoints":[],"unlocked":false,"touchableObjects":[]},{"miniGameCards":[],"viewedAnimatic":false,"keyPoints":[],"unlocked":false,"touchableObjects":[]},{"miniGameCards":[],"viewedAnimatic":false,"keyPoints":[],"unlocked":false,"touchableObjects":[]},{"miniGameCards":[],"viewedAnimatic":false,"keyPoints":[],"unlocked":false,"touchableObjects":[]}],"stackSize":5,"resolved":false},{"challengeScenes":[{"miniGameCards":[],"viewedAnimatic":false,"keyPoints":[],"unlocked":false,"touchableObjects":[]},{"miniGameCards":[],"viewedAnimatic":false,"keyPoints":[],"unlocked":false,"touchableObjects":[]},{"miniGameCards":[],"viewedAnimatic":false,"keyPoints":[],"unlocked":false,"touchableObjects":[]},{"miniGameCards":[],"viewedAnimatic":false,"keyPoints":[],"unlocked":false,"touchableObjects":[]},{"miniGameCards":[],"viewedAnimatic":false,"keyPoints":[],"unlocked":false,"touchableObjects":[]}],"stackSize":5,"resolved":false},{"challengeScenes":[{"miniGameCards":[],"viewedAnimatic":false,"keyPoints":[],"unlocked":false,"touchableObjects":[]},{"miniGameCards":[],"viewedAnimatic":false,"keyPoints":[],"unlocked":false,"touchableObjects":[]},{"miniGameCards":[],"viewedAnimatic":false,"keyPoints":[],"unlocked":false,"touchableObjects":[]},{"miniGameCards":[],"viewedAnimatic":false,"keyPoints":[],"unlocked":false,"touchableObjects":[]},{"miniGameCards":[],"viewedAnimatic":false,"keyPoints":[],"unlocked":false,"touchableObjects":[]}],"stackSize":5,"resolved":false},{"challengeScenes":[{"miniGameCards":[],"viewedAnimatic":true,"keyPoints":[],"unlocked":true,"touchableObjects":[]},{"miniGameCards":[],"viewedAnimatic":false,"keyPoints":[],"unlocked":true,"touchableObjects":[]},{"miniGameCards":[],"viewedAnimatic":false,"keyPoints":[],"unlocked":false,"touchableObjects":[]},{"miniGameCards":[],"viewedAnimatic":false,"keyPoints":[],"unlocked":true,"touchableObjects":[]},{"miniGameCards":[],"viewedAnimatic":false,"keyPoints":[],"unlocked":false,"touchableObjects":[]}],"stackSize":5,"resolved":false},{"challengeScenes":[{"miniGameCards":[],"viewedAnimatic":false,"keyPoints":[],"unlocked":false,"touchableObjects":[]},{"miniGameCards":[],"viewedAnimatic":false,"keyPoints":[],"unlocked":false,"touchableObjects":[]},{"miniGameCards":[],"viewedAnimatic":false,"keyPoints":[],"unlocked":false,"touchableObjects":[]},{"miniGameCards":[],"viewedAnimatic":false,"keyPoints":[],"unlocked":false,"touchableObjects":[]},{"miniGameCards":[],"viewedAnimatic":false,"keyPoints":[],"unlocked":false,"touchableObjects":[]}],"stackSize":5,"resolved":false},{"challengeScenes":[{"miniGameCards":[],"viewedAnimatic":false,"keyPoints":[],"unlocked":true,"touchableObjects":["c_friends_G0a0","c_player_lati_M_a_G0a0","c_family_lati_a_G0a0","c_education_G0a0"]},{"miniGameCards":[],"viewedAnimatic":false,"keyPoints":["c_job_G0a1N","c_family_lati_a_G0a1N","c_home_G0a1N"],"unlocked":true,"touchableObjects":["c_job_G0a1N","c_family_lati_a_G0a1N","c_home_G0a1N"]},{"miniGameCards":[],"viewedAnimatic":false,"keyPoints":["c_kidsister_lati_a_G0a1P","c_grandma_lati_a_G0a1P","c_Teacher_G0a1P","c_mom_lati_a_G0a1P","c_dad_lati_a_G0a1P","c_Nurse_G0a1P"],"unlocked":true,"touchableObjects":["c_cousins_M_a_G0a1P","c_friends_G0a1P","c_kidsister_lati_a_G0a1P","c_grandma_lati_a_G0a1P","c_Teacher_G0a1P","c_mom_lati_a_G0a1P","c_dad_lati_a_G0a1P","c_Nurse_G0a1P"]}],"stackSize":3,"resolved":true}],"sessionId":5,"epilogue":{"rating":2},"playerId":6607010,"session":[{"sceneId":"1P","stackId":12},{"sceneId":"1P","stackId":0},{"sceneId":"1P","stackId":1},{"sceneId":"1N","stackId":1},{"sceneId":"2P","stackId":1},{"sceneId":"1P","stackId":4},{"sceneId":"1N","stackId":4},{"sceneId":"2P","stackId":4}],"minigames":[{"levelSaveData":[{"starRating":3,"unlocked":true},{"starRating":1,"unlocked":true},{"starRating":2,"unlocked":true},{"starRating":0,"unlocked":false},{"starRating":0,"unlocked":false},{"starRating":0,"unlocked":false},{"starRating":0,"unlocked":true},{"starRating":0,"unlocked":false},{"starRating":0,"unlocked":true},{"starRating":0,"unlocked":true}],"skillPoints":6},{"levelSaveData":[{"starRating":3,"unlocked":true},{"starRating":0,"unlocked":true},{"starRating":3,"unlocked":true},{"starRating":0,"unlocked":false},{"starRating":3,"unlocked":true},{"starRating":0,"unlocked":false},{"starRating":0,"unlocked":false},{"starRating":0,"unlocked":false},{"starRating":3,"unlocked":true},{"starRating":0,"unlocked":true}],"skillPoints":12},{"levelSaveData":[{"starRating":3,"unlocked":true},{"starRating":3,"unlocked":true},{"starRating":0,"unlocked":true},{"starRating":0,"unlocked":true},{"starRating":0,"unlocked":false},{"starRating":0,"unlocked":false},{"starRating":0,"unlocked":false},{"starRating":0,"unlocked":false},{"starRating":3,"unlocked":true},{"starRating":0,"unlocked":false}],"skillPoints":9},{"levelSaveData":[{"starRating":3,"unlocked":true},{"starRating":3,"unlocked":true},{"starRating":0,"unlocked":false},{"starRating":0,"unlocked":false},{"starRating":3,"unlocked":true},{"starRating":0,"unlocked":true},{"starRating":0,"unlocked":true},{"starRating":0,"unlocked":false},{"starRating":0,"unlocked":false},{"starRating":0,"unlocked":false}],"skillPoints":9},{"age":12,"name":"Jose","gender":0,"levelSaveData":[{"starRating":3,"unlocked":true},{"starRating":3,"chunks":[["1"],["0$$happy","0"],["5","3","0"],["0"]],"unlocked":true},{"starRating":3,"chunks":[["1"],["1$$baseball","4"],["13","0"]],"unlocked":true},{"starRating":3,"chunks":[["3"],["0"],["2"],["1"],["5","0"],["3"]],"unlocked":true},{"starRating":0,"chunks":[[null],[null],[null,null],[null],[null],[null]],"unlocked":false},{"starRating":0,"chunks":[[null],[null,null,null,null],[null],[null]],"unlocked":false},{"starRating":0,"chunks":[[null],[null],[null,null],[null,null],[null]],"unlocked":true},{"starRating":0,"chunks":[[null,null,null],[null,null,null],[null],[null],[null]],"unlocked":true},{"starRating":0,"chunks":[[null,null,null],[null,null,null],[null,null]],"unlocked":false},{"starRating":0,"chunks":[[null],[null],[null],[null],[null],[null]],"unlocked":false}],"visualAvatar":0,"id":2,"skillPoints":12}],"avatar":{"age":12,"name":"Jose","gender":0,"levelSaveData":[{"starRating":3,"unlocked":true},{"starRating":3,"chunks":[["1"],["0$$happy","0"],["5","3","0"],["0"]],"unlocked":true},{"starRating":3,"chunks":[["1"],["1$$baseball","4"],["13","0"]],"unlocked":true},{"starRating":3,"chunks":[["3"],["0"],["2"],["1"],["5","0"],["3"]],"unlocked":true},{"starRating":0,"chunks":[[null],[null],[null,null],[null],[null],[null]],"unlocked":false},{"starRating":0,"chunks":[[null],[null,null,null,null],[null],[null]],"unlocked":false},{"starRating":0,"chunks":[[null],[null],[null,null],[null,null],[null]],"unlocked":true},{"starRating":0,"chunks":[[null,null,null],[null,null,null],[null],[null],[null]],"unlocked":true},{"starRating":0,"chunks":[[null,null,null],[null,null,null],[null,null]],"unlocked":false},{"starRating":0,"chunks":[[null],[null],[null],[null],[null],[null]],"unlocked":false}],"visualAvatar":0,"id":2,"skillPoints":12}}
