6427031,0,0:0:0,10/23/2013 3:54:42pm
6427031,600,0:0:12,0
6427031,601,0:0:14,0
6427031,602,0:0:15,0,0
6427031,603,0:0:18,0
6427031,604,0:0:36,0,joeezzy
6427031,605,0:0:40
6427031,210,0:0:45,425,329
6427031,211,0:0:48,180,335
6427031,210,0:0:50,437,345
6427031,211,0:0:51,240,551
6427031,210,0:0:52,357,496
6427031,211,0:0:52,357,496
6427031,210,0:0:55,908,454
6427031,211,0:0:56,927,381
6427031,213,0:0:56,12,c_player_afri_M_a_G0a0,true
6427031,210,0:1:1,250,236
6427031,211,0:1:3,195,262
6427031,210,0:1:6,722,408
6427031,211,0:1:6,699,433
6427031,210,0:1:26,610,444
6427031,211,0:1:27,564,413
6427031,210,0:1:27,631,439
6427031,211,0:1:30,666,471
6427031,212,0:1:33,1
6427031,212,0:1:36,0
6427031,210,0:1:38,584,346
6427031,211,0:1:38,580,272
6427031,213,0:1:38,12,c_education_G0a0,true
6427031,210,0:1:43,916,434
6427031,211,0:1:44,1519,395
6427031,207,0:1:44,12,0,-540
6427031,212,0:1:45,2
6427031,210,0:1:46,984,316
6427031,211,0:1:47,1136,207
6427031,213,0:1:47,12,c_family_afri_a_G0a0,true
6427031,210,0:1:54,1095,496
6427031,211,0:1:54,1210,520
6427031,210,0:1:55,1200,520
6427031,207,0:1:58,12,-540,-825
6427031,211,0:2:0,1741,692
6427031,212,0:2:1,1
6427031,210,0:2:5,1079,402
6427031,211,0:2:6,1212,559
6427031,213,0:2:6,12,c_friends_G0a0,true
6427031,210,0:2:12,1701,427
6427031,207,0:2:13,12,-825,-1035
6427031,211,0:2:13,2005,422
6427031,210,0:2:25,889,422
6427031,207,0:2:25,12,0,-195
6427031,211,0:2:26,820,427
6427031,213,0:2:26,12,c_player_afri_M_a_G0a1N,true
6427031,212,0:2:41,0
6427031,210,0:2:43,450,361
6427031,211,0:2:44,679,179
6427031,213,0:2:44,12,c_job_G0a1N,true
6427031,205,0:2:44,12,c_job_G0a1N,false,false
6427031,212,0:2:52,2
6427031,210,0:2:53,452,372
6427031,211,0:2:54,1102,174
6427031,213,0:2:54,12,c_family_afri_a_G0a1N,true
6427031,205,0:2:54,12,c_family_afri_a_G0a1N,false,false
6427031,212,0:3:7,1
6427031,210,0:3:10,452,376
6427031,211,0:3:11,1075,431
6427031,213,0:3:11,12,c_home_G0a1N,true
6427031,205,0:3:11,12,c_home_G0a1N,false,false
6427031,221,0:3:25,12
6427031,220,0:3:34,12
6427031,210,0:3:42,574,405
6427031,211,0:3:43,520,71
6427031,210,0:3:49,893,130
6427031,207,0:3:50,12,0,-330
6427031,211,0:3:52,614,165
6427031,221,0:3:56,12
6427031,220,0:4:6,12
6427031,221,0:4:7,12
6427031,220,0:4:12,12
6427031,210,0:4:15,1413,608
6427031,207,0:4:15,12,-330,-660
6427031,211,0:4:18,1115,463
6427031,213,0:4:18,12,c_friends_G0a1P,true
6427031,210,0:4:27,1225,405
6427031,207,0:4:29,12,-660,-900
6427031,211,0:4:30,1795,205
6427031,213,0:4:30,12,c_dad_afri_a_G0a1P,true
6427031,205,0:4:30,12,c_dad_afri_a_G0a1P,false,false
6427031,210,0:4:36,1661,95
6427031,207,0:4:41,12,-900,-1110
6427031,211,0:4:42,1902,298
6427031,213,0:4:42,12,c_mom_afri_a_G0a1P,true
6427031,205,0:4:42,12,c_mom_afri_a_G0a1P,false,false
6427031,210,0:4:48,1613,389
6427031,207,0:4:50,12,-1110,-795
6427031,207,0:4:52,12,-795,-240
6427031,211,0:4:53,663,390
6427031,213,0:4:53,12,c_cousins_M_a_G0a1P,true
6427031,210,0:5:2,751,404
6427031,211,0:5:4,1136,210
6427031,221,0:5:19,12
6427031,220,0:5:24,12
6427031,210,0:5:25,781,340
6427031,211,0:5:26,746,259
6427031,213,0:5:26,12,c_cousins_M_a_G0a1P,true
6427031,210,0:5:28,750,181
6427031,207,0:5:32,12,0,-1790
6427031,207,0:5:37,12,-1790,-1175
6427031,207,0:5:46,12,-1175,-500
6427031,207,0:5:54,12,-500,-1790
6427031,211,0:5:55,2809,520
6427031,210,0:5:56,2233,293
6427031,207,0:5:59,12,-1790,-1610
6427031,211,0:6:0,1854,476
6427031,210,0:6:2,1749,396
6427031,207,0:6:3,12,-1610,-1205
6427031,211,0:6:5,1453,417
6427031,213,0:6:5,12,c_friends_G0a1P,true
6427031,210,0:6:10,1672,410
6427031,211,0:6:13,1314,222
6427031,210,0:6:14,1676,298
6427031,207,0:6:17,12,-1205,-605
6427031,207,0:6:19,12,-605,0
6427031,211,0:6:22,332,549
6427031,221,0:6:24,12
6427031,300,0:6:33
6427031,220,0:6:33,12
6427031,305,0:6:37,0,0,0,-1,
6427031,210,0:6:42,642,362
6427031,211,0:6:44,740,374
6427031,213,0:6:44,12,c_cousins_M_a_G0a1P,true
6427031,210,0:6:47,826,159
6427031,207,0:6:48,12,0,-600
6427031,207,0:6:55,12,-600,-885
6427031,211,0:6:56,1777,364
6427031,213,0:6:56,12,c_dad_afri_a_G0a1P,true
6427031,205,0:6:56,12,c_dad_afri_a_G0a1P,false,true
6427031,210,0:7:9,1531,356
6427031,211,0:7:11,2599,277
6427031,207,0:7:11,12,-885,-1650
6427031,210,0:7:13,2406,279
6427031,207,0:7:15,12,-1650,-1790
6427031,211,0:7:17,2653,507
6427031,210,0:7:18,2662,505
6427031,211,0:7:18,2662,505
6427031,210,0:7:19,2371,466
6427031,211,0:7:19,2371,466
6427031,210,0:7:19,2271,445
6427031,211,0:7:19,2271,445
6427031,212,0:7:22,0
6427031,210,0:7:23,2452,373
6427031,207,0:7:25,12,-1790,-1580
6427031,207,0:7:27,12,-1580,-1115
6427031,211,0:7:28,1285,239
6427031,213,0:7:28,12,c_Nurse_G0a1P,true
6427031,205,0:7:28,12,c_Nurse_G0a1P,false,false
6427031,210,0:7:32,1543,335
6427031,207,0:7:35,12,-1115,-380
6427031,207,0:7:37,12,-380,-95
6427031,211,0:7:38,897,447
6427031,213,0:7:38,12,c_friends_G0a1P,true
6427031,212,0:7:40,2
6427031,210,0:7:41,847,420
6427031,207,0:7:43,12,-95,-545
6427031,211,0:7:44,1394,233
6427031,213,0:7:44,12,c_Teacher_G0a1P,true
6427031,205,0:7:44,12,c_Teacher_G0a1P,false,false
6427031,210,0:7:48,1305,345
6427031,207,0:7:49,12,-545,-815
6427031,207,0:7:51,12,-815,-1025
6427031,211,0:7:52,1643,425
6427031,213,0:7:52,12,c_grandma_afri_a_G0a1P,true
6427031,205,0:7:52,12,c_grandma_afri_a_G0a1P,false,false
6427031,210,0:7:55,1643,477
6427031,211,0:7:56,1856,466
6427031,213,0:7:56,12,c_kidsister_afri_a_G0a1P,true
6427031,205,0:7:56,12,c_kidsister_afri_a_G0a1P,false,false
6427031,221,0:8:7,12
6427031,220,0:8:9,12
6427031,210,0:8:10,1844,452
6427031,211,0:8:10,1918,457
6427031,212,0:8:11,0
6427031,210,0:8:12,1873,516
6427031,211,0:8:13,1762,518
6427031,210,0:8:14,1930,511
6427031,211,0:8:14,2137,492
6427031,207,0:8:14,12,-1025,-1130
6427031,210,0:8:15,2124,495
6427031,211,0:8:15,2227,491
6427031,207,0:8:15,12,-1130,-1205
6427031,210,0:8:16,2150,474
6427031,211,0:8:17,2662,475
6427031,207,0:8:17,12,-1205,-1655
6427031,210,0:8:18,2265,435
6427031,211,0:8:18,2257,434
6427031,210,0:8:19,2140,467
6427031,211,0:8:19,2114,410
6427031,221,0:8:19,12
6427031,300,0:8:21
6427031,220,0:8:21,12
6427031,305,0:8:24,0,0,0,-1,
6427031,302,0:8:30,0,1,0,0
6427031,305,0:8:32,0,1,0,-1,
6427031,210,0:8:56,930,370
6427031,211,0:8:57,930,370
6427031,213,0:8:57,12,c_friends_G0a1P,true
6427031,210,0:8:59,726,111
6427031,211,0:9:0,1218,160
6427031,207,0:9:0,12,0,-210
6427031,210,0:9:1,1246,159
6427031,207,0:9:2,12,-210,-675
6427031,211,0:9:5,1296,237
6427031,213,0:9:5,12,c_Nurse_G0a1P,true
6427031,205,0:9:5,12,c_Nurse_G0a1P,false,true
6427031,221,0:14:31,12
6427031,300,0:14:34
6427031,220,0:14:34,12
6427031,302,0:14:40,0,1,0,3
6427031,303,0:14:46,0,1,0,3
6427031,304,0:14:50,0,1,0,-1,,3,jojo
6427031,302,0:14:54,0,1,1,0
6427031,302,0:14:56,0,1,1,5
6427031,302,0:14:59,0,1,1,20
6427031,302,0:14:59,0,1,1,15
6427031,303,0:15:4,0,1,1,15
6427031,304,0:15:9,0,1,1,-1,,15,jo
6427031,305,0:15:15,0,3,0,-1,
6427031,302,0:15:23,0,0,0,3
6427031,306,0:15:28,0,0,1
6427031,304,0:15:28,0,0,0,-1,,3,
6427031,302,0:15:44,0,3,0,1
6427031,304,0:15:45,0,3,0,-1,,1,
6427031,302,0:15:52,0,2,0,5
6427031,302,0:15:52,0,2,0,8
6427031,302,0:15:54,0,2,0,14
6427031,302,0:16:3,0,2,0,5
6427031,302,0:16:3,0,2,0,2
6427031,306,0:16:13,0,1,2
6427031,304,0:16:13,0,2,0,-1,,2,
6427031,302,0:16:21,0,2,1,15
6427031,304,0:16:23,0,2,1,-1,,15,
6427031,302,0:16:28,0,2,2,9
6427031,302,0:16:30,0,2,2,17
6427031,306,0:16:32,0,2,3
6427031,304,0:16:32,0,2,2,-1,,17,
6427031,304,0:16:40,0,2,2,17,,17,
6427031,221,0:16:55,12
6427031,220,0:16:57,12
6427031,203,0:16:57,12
6427031,100,0:17:6,0
6427031,102,0:17:8,0
6427031,200,0:17:8,0,0,0,0,0,6
6427031,219,0:17:8,0
6427031,216,0:17:10,Stack_G7a0
6427031,217,0:17:25,Stack_G7a0,15,16
6427031,218,0:17:30,0
6427031,204,0:17:31,0
6427031,100,0:17:32,0
6427031,102,0:17:33,0
6427031,200,0:17:33,0,0,0,0,0,6
6427031,210,0:17:40,805,544
6427031,211,0:17:42,830,394
6427031,213,0:17:42,0,c_teacherEng_G7a0,false
6427031,1003,0:17:48,2
6427031,1004,0:17:49,0
6427031,900,0:17:51,0,[]
6427031,901,0:17:56,0,[PeopleData_id:2]
6427031,904,0:17:57,0,[PeopleData_id:2]
6427031,901,0:17:57,0,[PeopleData_id:2]
6427031,904,0:17:57,0,[PeopleData_id:2]
6427031,901,0:18:2,0,[PeopleData_id:2]
6427031,904,0:18:2,0,[PeopleData_id:2]
6427031,1002,0:18:6,0
6427031,1003,0:18:7,2
6427031,204,0:18:12,0
6427031,100,0:18:16,0
6427031,102,0:18:19,0
6427031,200,0:18:19,0,0,0,0,0,6
6427031,212,0:18:24,1
6427031,210,0:18:25,1058,315
6427031,211,0:18:29,636,579
6427031,213,0:18:29,0,s_otherStudent1_G7a0,true
6427031,210,0:18:32,771,345
6427031,207,0:18:36,0,-200,0
6427031,211,0:18:38,1126,513
6427031,207,0:18:38,0,0,-120
6427031,210,0:18:39,1184,523
6427031,207,0:18:39,0,-120,-360
6427031,207,0:18:40,0,-360,-480
6427031,207,0:18:42,0,-480,-518.45
6427031,211,0:18:45,1220,371
6427031,213,0:18:45,0,s_doorClassroom_G7a0,true
6427031,210,0:18:48,1161,257
6427031,211,0:18:53,822,296
6427031,212,0:18:53,2
6427031,210,0:18:54,992,240
6427031,211,0:18:55,824,317
6427031,213,0:18:55,0,c_teacherEng_G7a0,false
6427031,210,0:19:2,1065,331
6427031,211,0:19:3,973,505
6427031,213,0:19:3,0,c_bestFriend_M_a_G7a0,false
6427031,212,0:19:7,0
6427031,210,0:19:8,1461,482
6427031,207,0:19:21,0,-518.45,0
6427031,207,0:19:29,0,0,-405
6427031,207,0:19:31,0,-405,-518.45
6427031,211,0:19:35,1171,456
6427031,213,0:19:35,0,s_doorClassroom_G7a0,true
6427031,221,0:19:41,0
6427031,220,0:19:44,0
6427031,212,0:19:47,1
6427031,210,0:19:48,698,430
6427031,211,0:19:52,982,529
6427031,212,0:19:53,2
6427031,210,0:19:53,749,335
6427031,211,0:19:58,794,364
6427031,213,0:19:58,0,c_teacherEng_G7a0,false
6427031,1003,0:20:5,2
6427031,1004,0:20:6,0
6427031,900,0:20:10,0,[]
6427031,901,0:20:13,0,[PeopleData_id:4]
6427031,904,0:20:13,0,[PeopleData_id:4]
6427031,902,0:20:15,0,[PeopleData_id:4,PeopleData_data0Type]
6427031,903,0:20:20,0,[PeopleData_id4,PeopleData_data0Type]
6427031,902,0:20:20,0,[PeopleData_id:4,PeopleData_data1Type]
6427031,903,0:20:23,0,[PeopleData_id4,PeopleData_data1Type]
6427031,902,0:20:23,0,[PeopleData_id:4,PeopleData_data2Type]
6427031,902,0:20:30,0,[PeopleData_id:4,PeopleData_data3Type]
6427031,903,0:20:37,0,[PeopleData_id4,PeopleData_data3Type]
6427031,902,0:20:43,0,[PeopleData_id:4,PeopleData_data1Type]
6427031,903,0:20:44,0,[PeopleData_id4,PeopleData_data1Type]
6427031,901,0:20:50,0,[PeopleData_id:1]
6427031,904,0:20:50,0,[PeopleData_id:1]
6427031,902,0:20:51,0,[PeopleData_id:1,PeopleData_data0Type]
6427031,903,0:21:3,0,[PeopleData_id1,PeopleData_data0Type]
6427031,901,0:21:5,0,[PeopleData_id:1]
6427031,904,0:21:5,0,[PeopleData_id:1]
6427031,905,0:21:9,0,[PeopleData_id:1,RankTypes_id:-1,RankTypes_id:0]
6427031,902,0:21:12,0,[PeopleData_id:1,PeopleData_data1Type]
6427031,902,0:21:19,0,[PeopleData_id:1,PeopleData_data2Type]
6427031,903,0:21:26,0,[PeopleData_id1,PeopleData_data2Type]
6427031,901,0:21:27,0,[PeopleData_id:1]
6427031,904,0:21:27,0,[PeopleData_id:1]
6427031,905,0:21:31,0,[PeopleData_id:1,RankTypes_id:0,RankTypes_id:0]
6427031,901,0:21:33,0,[PeopleData_id:3]
6427031,904,0:21:33,0,[PeopleData_id:3]
6427031,902,0:21:34,0,[PeopleData_id:3,PeopleData_data0Type]
6427031,903,0:21:38,0,[PeopleData_id3,PeopleData_data0Type]
6427031,902,0:21:39,0,[PeopleData_id:3,PeopleData_data1Type]
6427031,902,0:21:46,0,[PeopleData_id:3,PeopleData_data2Type]
6427031,903,0:21:51,0,[PeopleData_id3,PeopleData_data2Type]
6427031,901,0:21:52,0,[PeopleData_id:3]
6427031,904,0:21:52,0,[PeopleData_id:3]
6427031,905,0:21:54,0,[PeopleData_id:3,RankTypes_id:-1,RankTypes_id:3]
6427031,901,0:21:56,0,[PeopleData_id:4]
6427031,902,0:21:57,0,[PeopleData_id:4,PeopleData_data0Type]
6427031,902,0:22:1,0,[PeopleData_id:4,PeopleData_data1Type]
6427031,902,0:22:6,0,[PeopleData_id:4,PeopleData_data2Type]
6427031,902,0:22:10,0,[PeopleData_id:4,PeopleData_data3Type]
6427031,903,0:22:15,0,[PeopleData_id4,PeopleData_data3Type]
6427031,901,0:22:17,0,[PeopleData_id:2]
6427031,904,0:22:17,0,[PeopleData_id:2]
6427031,905,0:22:18,0,[PeopleData_id:2,RankTypes_id:-1,RankTypes_id:0]
6427031,901,0:22:19,0,[PeopleData_id:2]
6427031,904,0:22:20,0,[PeopleData_id:2]
6427031,905,0:22:20,0,[PeopleData_id:2,RankTypes_id:0,RankTypes_id:1]
6427031,901,0:22:21,0,[PeopleData_id:2]
6427031,904,0:22:21,0,[PeopleData_id:2]
6427031,905,0:22:21,0,[PeopleData_id:2,RankTypes_id:1,RankTypes_id:2]
6427031,901,0:22:23,0,[PeopleData_id:2]
6427031,904,0:22:23,0,[PeopleData_id:2]
6427031,905,0:22:25,0,[PeopleData_id:2,RankTypes_id:2,RankTypes_id:0]
6427031,901,0:22:26,0,[PeopleData_id:4]
6427031,902,0:22:27,0,[PeopleData_id:4,PeopleData_data0Type]
6427031,902,0:22:30,0,[PeopleData_id:4,PeopleData_data1Type]
6427031,902,0:22:33,0,[PeopleData_id:4,PeopleData_data2Type]
6427031,902,0:22:36,0,[PeopleData_id:4,PeopleData_data3Type]
6427031,903,0:22:42,0,[PeopleData_id4,PeopleData_data3Type]
6427031,901,0:22:43,0,[PeopleData_id:4]
6427031,904,0:22:43,0,[PeopleData_id:4]
6427031,905,0:22:43,0,[PeopleData_id:4,RankTypes_id:-1,RankTypes_id:1]
6427031,901,0:22:44,0,[PeopleData_id:4]
6427031,904,0:22:44,0,[PeopleData_id:4]
6427031,905,0:22:44,0,[PeopleData_id:4,RankTypes_id:1,RankTypes_id:2]
6427031,901,0:22:45,0,[PeopleData_id:0]
6427031,902,0:22:46,0,[PeopleData_id:0,PeopleData_data0Type]
6427031,902,0:22:51,0,[PeopleData_id:0,PeopleData_data2Type]
6427031,902,0:22:51,0,[PeopleData_id:0,PeopleData_data1Type]
6427031,902,0:22:56,0,[PeopleData_id:0,PeopleData_data2Type]
6427031,902,0:22:57,0,[PeopleData_id:0,PeopleData_data3Type]
6427031,903,0:22:58,0,[PeopleData_id0,PeopleData_data3Type]
6427031,901,0:22:58,0,[PeopleData_id:0]
6427031,904,0:22:58,0,[PeopleData_id:0]
6427031,905,0:22:59,0,[PeopleData_id:0,RankTypes_id:-1,RankTypes_id:4]
6427031,906,0:22:59,0,[]
6427031,907,0:23:2,0,[]
6427031,908,0:23:2,0,[InvitationData_id:0,PeopleData_id:0,RankTypes_id:4]
6427031,901,0:23:12,0,[PeopleData_id:0]
6427031,902,0:23:14,0,[PeopleData_id:0,PeopleData_data0Type]
6427031,909,0:23:19,0,[InvitationData_id:0,PeopleData_id:0,RankTypes_id:4,1]
6427031,910,0:23:21,0,[InvitationData_id:0,9,false]
6427031,908,0:23:21,0,[InvitationData_id:8,PeopleData_id:0,RankTypes_id:4]
6427031,909,0:23:26,0,[InvitationData_id:8,PeopleData_id:0,RankTypes_id:4,1]
6427031,910,0:23:28,0,[InvitationData_id:8,9,false]
6427031,908,0:23:28,0,[InvitationData_id:6,PeopleData_id:0,RankTypes_id:4]
6427031,909,0:23:36,0,[InvitationData_id:6,PeopleData_id:0,RankTypes_id:4,1]
6427031,910,0:23:38,0,[InvitationData_id:6,9,false]
6427031,908,0:23:38,0,[InvitationData_id:1,PeopleData_id:0,RankTypes_id:4]
6427031,909,0:23:42,0,[InvitationData_id:1,PeopleData_id:0,RankTypes_id:4,1]
6427031,910,0:23:43,0,[InvitationData_id:1,9,false]
6427031,908,0:23:43,0,[InvitationData_id:4,PeopleData_id:4,RankTypes_id:2]
6427031,909,0:23:51,0,[InvitationData_id:4,PeopleData_id:4,RankTypes_id:2,0]
6427031,910,0:23:54,0,[InvitationData_id:4,-2,false]
6427031,908,0:23:54,0,[InvitationData_id:5,PeopleData_id:4,RankTypes_id:2]
6427031,909,0:24:0,0,[InvitationData_id:5,PeopleData_id:4,RankTypes_id:2,0]
6427031,910,0:24:3,0,[InvitationData_id:5,-2,false]
6427031,908,0:24:3,0,[InvitationData_id:9,PeopleData_id:4,RankTypes_id:2]
6427031,909,0:24:8,0,[InvitationData_id:9,PeopleData_id:4,RankTypes_id:2,0]
6427031,910,0:24:15,0,[InvitationData_id:9,-2,false]
6427031,908,0:24:15,0,[InvitationData_id:3,PeopleData_id:3,RankTypes_id:3]
6427031,909,0:24:25,0,[InvitationData_id:3,PeopleData_id:3,RankTypes_id:3,1]
6427031,910,0:24:27,0,[InvitationData_id:3,7,false]
6427031,911,0:24:32,0,[37,0,0,0]
6427031,1005,0:24:32,0,[2,0,3]
6427031,1001,0:24:34,0,[]
6427031,1003,0:24:34,2
6427031,210,0:24:38,868,332
6427031,211,0:24:39,824,328
6427031,213,0:24:39,0,c_teacherEng_G7a0,true
6427031,205,0:24:39,0,c_teacherEng_G7a0,false,false
6427031,210,0:24:45,942,229
6427031,211,0:24:46,659,581
6427031,213,0:24:46,0,s_otherStudent1_G7a0,true
6427031,210,0:24:49,689,562
6427031,211,0:24:51,979,510
6427031,213,0:24:51,0,c_bestFriend_M_a_G7a0,true
6427031,205,0:24:51,0,c_bestFriend_M_a_G7a0,false,false
6427031,210,0:24:55,831,431
6427031,207,0:24:57,0,-200,0
6427031,207,0:25:3,0,0,-240
6427031,207,0:25:5,0,-240,-330
6427031,211,0:25:6,1246,423
6427031,213,0:25:6,0,s_doorClassroom_G7a0,true
6427031,212,0:25:8,1
6427031,210,0:25:8,1388,473
6427031,207,0:25:8,0,-330,-465
6427031,211,0:25:14,1090,583
6427031,213,0:25:14,0,s_vocabAssignment_G7a0,true
6427031,210,0:25:19,1126,167
6427031,207,0:25:20,0,-465,-518.45
6427031,211,0:25:21,1035,509
6427031,221,0:25:22,0
6427031,220,0:25:26,0
6427031,212,0:25:27,2
6427031,210,0:25:28,1428,484
6427031,207,0:25:34,0,-518.45,0
6427031,211,0:25:36,2,439
6427031,210,0:25:37,43,101
6427031,211,0:25:41,820,484
6427031,213,0:25:41,0,c_teacherEng_G7a0,true
6427031,205,0:25:41,0,c_teacherEng_G7a0,false,true
6427031,221,0:25:45,0
6427031,220,0:25:47,0
6427031,219,0:25:48,0
6427031,216,0:25:49,Stack_G7a1N
6427031,217,0:26:12,Stack_G7a1N,20,0.00
6427031,218,0:26:13,0
6427031,210,0:26:14,927,393
6427031,211,0:26:15,862,380
6427031,213,0:26:15,0,c_teacherEng_G7a1N,true
6427031,205,0:26:15,0,c_teacherEng_G7a1N,false,false
6427031,210,0:26:18,1088,460
6427031,211,0:26:20,1047,512
6427031,213,0:26:20,0,c_bestFriend_M_a_G7a1N,true
6427031,205,0:26:20,0,c_bestFriend_M_a_G7a1N,false,false
6427031,210,0:26:24,865,497
6427031,207,0:26:26,0,-400,0
6427031,207,0:26:29,0,0,-518.45
6427031,211,0:26:31,1244,357
6427031,212,0:26:32,1
6427031,210,0:26:33,1229,272
6427031,211,0:26:36,1087,523
6427031,212,0:26:37,0
6427031,210,0:26:37,1327,483
6427031,207,0:26:43,0,-518.45,0
6427031,211,0:26:45,238,534
6427031,213,0:26:45,0,c_crewKid1_M_G7a1N,true
6427031,212,0:26:53,1
6427031,210,0:26:53,668,518
6427031,211,0:26:56,664,610
6427031,213,0:26:56,0,s_otherStudent1_G7a1N,true
6427031,212,0:27:1,2
6427031,210,0:27:1,722,538
6427031,211,0:27:4,257,131
6427031,213,0:27:4,0,s_flag_gen,true
6427031,210,0:27:11,469,307
6427031,211,0:27:13,647,142
6427031,210,0:27:13,636,162
6427031,211,0:27:13,597,127
6427031,213,0:27:13,0,s_atwoodPoster_gen,true
6427031,210,0:27:18,675,85
6427031,211,0:27:19,703,128
6427031,213,0:27:19,0,s_angelouPoster_gen,true
6427031,210,0:27:23,730,257
6427031,211,0:27:23,788,109
6427031,213,0:27:23,0,s_shakespearePoster_gen,true
6427031,210,0:27:25,731,384
6427031,211,0:27:26,888,140
6427031,213,0:27:26,0,s_poePoster_gen,true
6427031,210,0:27:28,715,364
6427031,211,0:27:33,952,539
6427031,212,0:27:33,1
6427031,210,0:27:33,873,477
6427031,211,0:27:37,785,306
6427031,213,0:27:37,0,s_paperPlayers_G7a1N,false
6427031,1003,0:27:40,1
6427031,1004,0:27:41,0
6427031,800,0:27:43,0,[]
6427031,801,0:27:45,0,[]
6427031,814,0:27:46,0,[1]
6427031,815,0:27:46,0,1,OpportunityCardData_id:7
6427031,815,0:27:47,0,1,OpportunityCardData_id:8
6427031,815,0:27:48,0,1,OpportunityCardData_id:9
6427031,815,0:27:49,0,1,OpportunityCardData_id:10
6427031,815,0:27:49,0,1,OpportunityCardData_id:11
6427031,815,0:27:49,0,1,OpportunityCardData_id:10
6427031,816,0:27:50,0,1,OpportunityCardData_id:10
6427031,803,0:27:51,0,[OpportunityCardData_id:10,OpportunityCardConsequencesData_logId:0]
6427031,803,0:27:56,0,[OpportunityCardData_id:10,OpportunityCardConsequencesData_logId:1]
6427031,804,0:28:1,0,[OpportunityCardData_id:10]
6427031,814,0:28:2,0,[0]
6427031,815,0:28:2,0,0,OpportunityCardData_id:0
6427031,816,0:28:9,0,0,OpportunityCardData_id:0
6427031,803,0:28:11,0,[OpportunityCardData_id:0,OpportunityCardConsequencesData_logId:2]
6427031,803,0:28:14,0,[OpportunityCardData_id:0,OpportunityCardConsequencesData_logId:1]
6427031,803,0:28:15,0,[OpportunityCardData_id:0,OpportunityCardConsequencesData_logId:0]
6427031,805,0:28:18,0,[OpportunityCardData_id:0]
6427031,1002,0:28:24,0
6427031,1003,0:28:24,1
6427031,1004,0:28:25,0
6427031,800,0:28:27,0,[]
6427031,801,0:28:30,0,[]
6427031,814,0:28:31,0,[4]
6427031,815,0:28:31,0,4,OpportunityCardData_id:22
6427031,815,0:28:35,0,4,OpportunityCardData_id:26
6427031,815,0:28:35,0,4,OpportunityCardData_id:27
6427031,816,0:28:36,0,4,OpportunityCardData_id:27
6427031,803,0:28:38,0,[OpportunityCardData_id:27,OpportunityCardConsequencesData_logId:0]
6427031,803,0:28:42,0,[OpportunityCardData_id:27,OpportunityCardConsequencesData_logId:1]
6427031,803,0:28:46,0,[OpportunityCardData_id:27,OpportunityCardConsequencesData_logId:2]
6427031,804,0:28:52,0,[OpportunityCardData_id:27]
6427031,814,0:28:57,0,[4]
6427031,815,0:28:57,0,4,OpportunityCardData_id:22
6427031,815,0:28:58,0,4,OpportunityCardData_id:31
6427031,815,0:29:0,0,4,OpportunityCardData_id:22
6427031,816,0:29:2,0,4,OpportunityCardData_id:22
6427031,804,0:29:4,0,[OpportunityCardData_id:22]
6427031,814,0:29:5,0,[4]
6427031,815,0:29:5,0,4,OpportunityCardData_id:26
6427031,815,0:29:6,0,4,OpportunityCardData_id:28
6427031,816,0:29:7,0,4,OpportunityCardData_id:28
6427031,805,0:29:10,0,[OpportunityCardData_id:28]
6427031,806,0:29:11,0,[OpportunityCardData_id:28,PriorityData_type:1]
6427031,806,0:29:16,0,[OpportunityCardData_id:28,PriorityData_type:3]
6427031,806,0:29:17,0,[OpportunityCardData_id:28,PriorityData_type:1]
6427031,807,0:29:19,0,[OpportunityCardData_id:28]
6427031,808,0:29:29,0,[OpportunityCardData_id:28]
6427031,809,0:29:35,0,[OpportunityCardData_id:28,PriorityData_type:2,false]
6427031,810,0:29:37,0,[OpportunityCardData_id:28,PriorityData_type:4,15,PriorityData_type:2,10]
6427031,814,0:29:45,0,[2]
6427031,815,0:29:45,0,2,OpportunityCardData_id:13
6427031,815,0:29:47,0,2,OpportunityCardData_id:14
6427031,815,0:29:47,0,2,OpportunityCardData_id:15
6427031,816,0:29:49,0,2,OpportunityCardData_id:15
6427031,805,0:29:50,0,[OpportunityCardData_id:15]
6427031,806,0:29:53,0,[OpportunityCardData_id:15,PriorityData_type:4]
6427031,807,0:29:54,0,[OpportunityCardData_id:15]
6427031,808,0:29:57,0,[OpportunityCardData_id:15]
6427031,809,0:30:2,0,[OpportunityCardData_id:15,Safe,false]
6427031,810,0:30:5,0,[OpportunityCardData_id:15,PriorityData_type:2,15,Safe,Safe]
6427031,814,0:30:11,0,[2]
6427031,815,0:30:11,0,2,OpportunityCardData_id:13
6427031,815,0:30:12,0,2,OpportunityCardData_id:14
6427031,815,0:30:13,0,2,OpportunityCardData_id:16
6427031,815,0:30:13,0,2,OpportunityCardData_id:17
6427031,815,0:30:14,0,2,OpportunityCardData_id:18
6427031,816,0:30:15,0,2,OpportunityCardData_id:18
6427031,805,0:30:16,0,[OpportunityCardData_id:18]
6427031,806,0:30:20,0,[OpportunityCardData_id:18,PriorityData_type:3]
6427031,806,0:30:21,0,[OpportunityCardData_id:18,PriorityData_type:4]
6427031,807,0:30:22,0,[OpportunityCardData_id:18]
6427031,808,0:30:24,0,[OpportunityCardData_id:18]
6427031,809,0:30:29,0,[OpportunityCardData_id:18,Safe,false]
6427031,810,0:30:31,0,[OpportunityCardData_id:18,PriorityData_type:2,15,Safe,Safe]
6427031,814,0:30:36,0,[4]
6427031,815,0:30:36,0,4,OpportunityCardData_id:26
6427031,815,0:30:38,0,4,OpportunityCardData_id:29
6427031,815,0:30:39,0,4,OpportunityCardData_id:26
6427031,815,0:30:42,0,4,OpportunityCardData_id:31
6427031,816,0:30:43,0,4,OpportunityCardData_id:31
6427031,805,0:30:44,0,[OpportunityCardData_id:31]
6427031,806,0:30:46,0,[OpportunityCardData_id:31,PriorityData_type:0]
6427031,807,0:30:47,0,[OpportunityCardData_id:31]
6427031,808,0:30:50,0,[OpportunityCardData_id:31]
6427031,809,0:30:54,0,[OpportunityCardData_id:31,Safe,false]
6427031,810,0:30:59,0,[OpportunityCardData_id:31,PriorityData_type:4,10,Safe,Safe]
6427031,818,0:31:1,0,2
6427031,811,0:31:2,0,[OpportunityCardData_id:31,PriorityData_type:2,80,90,PriorityData_type:4,70,70]
6427031,1005,0:31:2,0,[1,0,3]
6427031,1001,0:31:4,0,[]
6427031,1003,0:31:4,1
6427031,210,0:31:8,1234,338
6427031,211,0:31:10,788,306
6427031,213,0:31:10,0,s_paperPlayers_G7a1N,true
6427031,205,0:31:11,0,s_paperPlayers_G7a1N,false,false
6427031,210,0:31:14,979,427
6427031,207,0:31:17,0,-400,-130
6427031,207,0:31:22,0,-130,-370
6427031,211,0:31:26,1464,286
6427031,207,0:31:26,0,-370,-460
6427031,207,0:31:26,0,-460,-490
6427031,221,0:31:45,0
6427031,220,0:31:49,0
6427031,210,0:31:49,898,484
6427031,207,0:31:53,0,-200,-485
6427031,211,0:31:53,1168,431
6427031,212,0:31:55,0
6427031,207,0:31:55,0,-485,-518.45
6427031,210,0:31:55,1478,504
6427031,207,0:32:1,0,-518.45,-113.45
6427031,211,0:32:3,253,507
6427031,213,0:32:3,0,c_crewKid1_M_G7a0,true
6427031,210,0:32:10,659,522
6427031,211,0:32:10,666,566
6427031,213,0:32:10,0,s_otherStudent1_G7a0,true
6427031,210,0:32:16,569,332
6427031,207,0:32:19,0,-113.45,0
6427031,211,0:32:20,255,136
6427031,212,0:32:21,2
6427031,210,0:32:22,251,100
6427031,211,0:32:23,273,113
6427031,212,0:32:30,1
6427031,221,0:32:32,0
6427031,220,0:32:35,0
6427031,207,0:32:36,0,0,0
6427031,210,0:32:36,1013,306
6427031,207,0:32:36,0,0,-45
6427031,211,0:32:40,253,121
6427031,213,0:32:40,0,s_flag_gen,true
6427031,205,0:32:40,0,s_flag_gen,false,false
6427031,210,0:32:46,1076,471
6427031,207,0:32:46,0,-45,-120
6427031,211,0:32:46,1027,488
6427031,221,0:32:49,0
6427031,300,0:32:49
6427031,220,0:32:49,0
6427031,302,0:32:59,0,1,0,8
6427031,302,0:33:1,0,1,0,11
6427031,302,0:33:5,0,1,0,20
6427031,302,0:33:7,0,1,0,5
6427031,302,0:33:8,0,1,0,7
6427031,304,0:33:9,0,1,0,3,jojo,7,jojo
6427031,221,0:33:33,0
6427031,220,0:33:36,0
6427031,219,0:33:36,0
6427031,216,0:33:37,Stack_G7a1P
6427031,217,0:33:47,Stack_G7a1P,7.7,0.00
6427031,218,0:33:49,0
6427031,210,0:33:50,1015,441
6427031,211,0:33:52,758,372
6427031,213,0:33:52,0,c_teacherEng_G7a1P,true
6427031,205,0:33:52,0,c_teacherEng_G7a1P,false,false
6427031,210,0:33:56,897,323
6427031,207,0:33:58,0,-400,-40
6427031,207,0:34:4,0,-40,-518
6427031,211,0:34:8,1243,345
6427031,212,0:34:9,2
6427031,210,0:34:9,1169,503
6427031,207,0:34:16,0,-518,-8
6427031,207,0:34:21,0,-8,-518
6427031,211,0:34:22,1317,602
6427031,212,0:34:24,0
6427031,210,0:34:24,1417,513
6427031,211,0:34:26,968,386
6427031,213,0:34:26,0,c_bestFriend_M_a_G7a1P,true
6427031,1003,0:34:30,0
6427031,1004,0:34:31,0
6427031,400,0:34:33,0,[]
6427031,401,0:34:36,0,[StatementsData_logId:0]
6427031,402,0:34:37,0,[StatementsData_logId:0,false]
6427031,405,0:34:38,0,[StatementsData_logId:0]
6427031,406,0:34:44,0,[StatementsData_logId:0,-2]
6427031,411,0:34:46,0,[StatementsData_logId:0]
6427031,401,0:34:47,0,[StatementsData_logId:1]
6427031,402,0:35:1,0,[StatementsData_logId:1,true]
6427031,405,0:35:6,0,[StatementsData_logId:1]
6427031,406,0:35:16,0,[StatementsData_logId:1,2]
6427031,411,0:35:18,0,[StatementsData_logId:1]
6427031,401,0:35:31,0,[StatementsData_logId:2]
6427031,403,0:35:38,0,[StatementsData_logId:2,false]
6427031,405,0:35:41,0,[StatementsData_logId:2]
6427031,406,0:35:52,0,[StatementsData_logId:2,-2]
6427031,411,0:35:55,0,[StatementsData_logId:2]
6427031,401,0:36:10,0,[StatementsData_logId:3]
6427031,404,0:36:13,0,[StatementsData_logId:3,false]
6427031,405,0:36:16,0,[StatementsData_logId:3]
6427031,406,0:36:26,0,[StatementsData_logId:3,-2]
6427031,411,0:36:30,0,[StatementsData_logId:3]
6427031,401,0:36:35,0,[StatementsData_logId:4]
6427031,403,0:36:40,0,[StatementsData_logId:4,false]
6427031,405,0:36:41,0,[StatementsData_logId:4]
6427031,1002,0:36:44,0
6427031,1003,0:36:44,0
6427031,1004,0:36:45,0
6427031,400,0:36:58,0,[]
6427031,401,0:37:13,0,[StatementsData_logId:0]
6427031,404,0:37:23,0,[StatementsData_logId:0,false]
6427031,405,0:37:24,0,[StatementsData_logId:0]
6427031,406,0:37:36,0,[StatementsData_logId:0,-2]
6427031,411,0:37:38,0,[StatementsData_logId:0]
6427031,401,0:37:45,0,[StatementsData_logId:1]
6427031,402,0:37:47,0,[StatementsData_logId:1,true]
6427031,405,0:37:48,0,[StatementsData_logId:1]
6427031,406,0:37:55,0,[StatementsData_logId:1,2]
6427031,411,0:37:57,0,[StatementsData_logId:1]
6427031,401,0:38:2,0,[StatementsData_logId:2]
6427031,404,0:38:3,0,[StatementsData_logId:2,true]
6427031,406,0:38:4,0,[StatementsData_logId:2,2]
6427031,412,0:38:7,0,[StatementsData_logId:2]
6427031,413,0:38:16,0,[StatementsData_logId:2,DuelResponsesData_logId:3]
6427031,414,0:38:17,0,[StatementsData_logId:2,DuelResponsesData_logId:3]
6427031,415,0:38:31,0,[StatementsData_logId:2,DuelResponsesData_logId:3,DuelResponsesData_ok_player_response]
6427031,416,0:38:32,0,[StatementsData_logId:2,DuelResponsesData_logId:3]
6427031,417,0:38:37,0,[StatementsData_logId:2,DuelResponsesData_logId:3]
6427031,413,0:38:46,0,[StatementsData_logId:2,DuelResponsesData_logId:4]
6427031,414,0:38:50,0,[StatementsData_logId:2,DuelResponsesData_logId:4]
6427031,415,0:39:10,0,[StatementsData_logId:2,DuelResponsesData_logId:4,DuelResponsesData_ok_player_response]
6427031,416,0:39:11,0,[StatementsData_logId:2,DuelResponsesData_logId:4]
6427031,417,0:39:16,0,[StatementsData_logId:2,DuelResponsesData_logId:4]
6427031,413,0:39:25,0,[StatementsData_logId:2,DuelResponsesData_logId:5]
6427031,414,0:39:30,0,[StatementsData_logId:2,DuelResponsesData_logId:5]
6427031,415,0:39:55,0,[StatementsData_logId:2,DuelResponsesData_logId:5,DuelResponsesData_ok_player_response]
6427031,416,0:39:56,0,[StatementsData_logId:2,DuelResponsesData_logId:5]
6427031,417,0:39:59,0,[StatementsData_logId:2,DuelResponsesData_logId:5]
6427031,418,0:39:59,0,[StatementsData_logId:2,false]
6427031,419,0:40:5,0,[StatementsData_logId:2,-4]
6427031,411,0:40:8,0,[StatementsData_logId:2]
6427031,401,0:40:18,0,[StatementsData_logId:3]
6427031,403,0:40:25,0,[StatementsData_logId:3,true]
6427031,405,0:40:26,0,[StatementsData_logId:3]
6427031,406,0:40:29,0,[StatementsData_logId:3,2]
6427031,407,0:40:29,0,[StatementsData_logId:3,FactCardData_id:3]
6427031,407,0:40:29,0,[StatementsData_logId:3,FactCardData_id:7]
6427031,407,0:40:30,0,[StatementsData_logId:3,FactCardData_id:6]
6427031,407,0:40:30,0,[StatementsData_logId:3,FactCardData_id:0]
6427031,407,0:40:30,0,[StatementsData_logId:3,FactCardData_id:5]
6427031,407,0:40:30,0,[StatementsData_logId:3,FactCardData_id:4]
6427031,407,0:40:51,0,[StatementsData_logId:3,FactCardData_id:3]
6427031,407,0:40:51,0,[StatementsData_logId:3,FactCardData_id:3]
6427031,408,0:40:58,0,[StatementsData_logId:3,FactCardData_id:3,false]
6427031,406,0:41:12,0,[StatementsData_logId:3,-2]
6427031,411,0:41:15,0,[StatementsData_logId:3]
6427031,401,0:41:20,0,[StatementsData_logId:4]
6427031,402,0:41:23,0,[StatementsData_logId:4,true]
6427031,405,0:41:24,0,[StatementsData_logId:4]
6427031,406,0:41:36,0,[StatementsData_logId:4,2]
6427031,411,0:41:38,0,[StatementsData_logId:4]
6427031,401,0:41:53,0,[StatementsData_logId:5]
6427031,402,0:41:54,0,[StatementsData_logId:5,false]
6427031,405,0:41:55,0,[StatementsData_logId:5]
6427031,406,0:41:57,0,[StatementsData_logId:5,-2]
6427031,411,0:41:59,0,[StatementsData_logId:5]
6427031,420,0:41:59,0,[30]
6427031,1000,0:42:1,0,[]
6427031,400,0:42:2,0,[]
6427031,401,0:42:22,0,[StatementsData_logId:0]
6427031,403,0:42:32,0,[StatementsData_logId:0,true]
6427031,405,0:42:33,0,[StatementsData_logId:0]
6427031,406,0:42:36,0,[StatementsData_logId:0,2]
6427031,407,0:42:36,0,[StatementsData_logId:0,FactCardData_id:7]
6427031,407,0:42:36,0,[StatementsData_logId:0,FactCardData_id:6]
6427031,407,0:42:36,0,[StatementsData_logId:0,FactCardData_id:4]
6427031,407,0:42:36,0,[StatementsData_logId:0,FactCardData_id:3]
6427031,407,0:42:36,0,[StatementsData_logId:0,FactCardData_id:0]
6427031,407,0:42:36,0,[StatementsData_logId:0,FactCardData_id:5]
6427031,407,0:42:55,0,[StatementsData_logId:0,FactCardData_id:0]
6427031,407,0:42:55,0,[StatementsData_logId:0,FactCardData_id:0]
6427031,408,0:43:5,0,[StatementsData_logId:0,FactCardData_id:0,false]
6427031,406,0:43:9,0,[StatementsData_logId:0,-2]
6427031,411,0:43:11,0,[StatementsData_logId:0]
6427031,401,0:43:12,0,[StatementsData_logId:1]
6427031,402,0:43:17,0,[StatementsData_logId:1,true]
6427031,405,0:43:17,0,[StatementsData_logId:1]
6427031,406,0:43:23,0,[StatementsData_logId:1,2]
6427031,411,0:43:47,0,[StatementsData_logId:1]
6427031,401,0:43:59,0,[StatementsData_logId:2]
6427031,403,0:44:23,0,[StatementsData_logId:2,false]
6427031,405,0:44:24,0,[StatementsData_logId:2]
6427031,1002,0:44:30,0
6427031,1003,0:44:30,0
6427031,210,0:44:34,1031,404
6427031,211,0:44:37,940,413
6427031,210,0:44:38,974,370
6427031,211,0:44:38,986,384
6427031,210,0:44:39,956,398
6427031,211,0:44:39,957,400
6427031,213,0:44:39,0,c_bestFriend_M_a_G7a1P,true
6427031,210,0:44:49,967,378
6427031,211,0:44:50,967,378
6427031,210,0:44:51,973,478
6427031,211,0:44:51,972,472
6427031,213,0:44:51,0,c_bestFriend_M_a_G7a1P,true
6427031,221,0:45:9,0
6427031,220,0:45:18,0
6427031,212,0:45:20,2
6427031,210,0:45:21,1176,495
6427031,211,0:45:25,666,225
6427031,212,0:45:26,0
6427031,207,0:45:26,0,-400,-430
6427031,210,0:45:26,1268,504
6427031,211,0:45:27,935,470
6427031,213,0:45:27,0,c_bestFriend_M_a_G7a1P,true
6427031,1003,0:45:31,0
6427031,1004,0:45:32,0
6427031,400,0:45:35,0,[]
6427031,401,0:45:40,0,[StatementsData_logId:0]
6427031,402,0:45:41,0,[StatementsData_logId:0,false]
6427031,405,0:45:43,0,[StatementsData_logId:0]
6427031,406,0:45:46,0,[StatementsData_logId:0,-2]
6427031,411,0:46:9,0,[StatementsData_logId:0]
6427031,401,0:46:11,0,[StatementsData_logId:1]
6427031,402,0:46:20,0,[StatementsData_logId:1,true]
6427031,405,0:46:22,0,[StatementsData_logId:1]
6427031,406,0:46:39,0,[StatementsData_logId:1,2]
6427031,411,0:46:40,0,[StatementsData_logId:1]
6427031,401,0:46:44,0,[StatementsData_logId:2]
6427031,403,0:46:49,0,[StatementsData_logId:2,false]
6427031,405,0:46:50,0,[StatementsData_logId:2]
6427031,1002,0:46:55,0
6427031,1003,0:46:55,0
6427031,1004,0:46:56,0
6427031,400,0:46:58,0,[]
6427031,401,0:47:6,0,[StatementsData_logId:0]
6427031,403,0:47:12,0,[StatementsData_logId:0,true]
6427031,405,0:47:13,0,[StatementsData_logId:0]
6427031,406,0:47:17,0,[StatementsData_logId:0,2]
6427031,407,0:47:17,0,[StatementsData_logId:0,FactCardData_id:0]
6427031,407,0:47:17,0,[StatementsData_logId:0,FactCardData_id:7]
6427031,407,0:47:17,0,[StatementsData_logId:0,FactCardData_id:5]
6427031,407,0:47:17,0,[StatementsData_logId:0,FactCardData_id:4]
6427031,407,0:47:17,0,[StatementsData_logId:0,FactCardData_id:6]
6427031,407,0:47:17,0,[StatementsData_logId:0,FactCardData_id:3]
6427031,407,0:47:42,0,[StatementsData_logId:0,FactCardData_id:3]
6427031,407,0:47:42,0,[StatementsData_logId:0,FactCardData_id:3]
6427031,408,0:47:45,0,[StatementsData_logId:0,FactCardData_id:3,false]
6427031,1002,0:47:57,0
6427031,1003,0:47:57,0
6427031,1004,0:47:58,0
6427031,400,0:48:1,0,[]
6427031,401,0:48:3,0,[StatementsData_logId:0]
6427031,403,0:48:4,0,[StatementsData_logId:0,true]
6427031,405,0:48:5,0,[StatementsData_logId:0]
6427031,406,0:48:9,0,[StatementsData_logId:0,2]
6427031,407,0:48:9,0,[StatementsData_logId:0,FactCardData_id:3]
6427031,407,0:48:9,0,[StatementsData_logId:0,FactCardData_id:0]
6427031,407,0:48:9,0,[StatementsData_logId:0,FactCardData_id:4]
6427031,407,0:48:9,0,[StatementsData_logId:0,FactCardData_id:7]
6427031,407,0:48:9,0,[StatementsData_logId:0,FactCardData_id:6]
6427031,407,0:48:9,0,[StatementsData_logId:0,FactCardData_id:5]
6427031,407,0:48:11,0,[StatementsData_logId:0,FactCardData_id:3]
6427031,407,0:48:11,0,[StatementsData_logId:0,FactCardData_id:3]
6427031,408,0:48:12,0,[StatementsData_logId:0,FactCardData_id:3,false]
6427031,406,0:48:16,0,[StatementsData_logId:0,-2]
6427031,411,0:48:17,0,[StatementsData_logId:0]
6427031,401,0:48:20,0,[StatementsData_logId:1]
6427031,402,0:48:22,0,[StatementsData_logId:1,true]
6427031,405,0:48:23,0,[StatementsData_logId:1]
6427031,406,0:48:26,0,[StatementsData_logId:1,2]
6427031,411,0:48:37,0,[StatementsData_logId:1]
6427031,401,0:48:40,0,[StatementsData_logId:2]
6427031,404,0:48:43,0,[StatementsData_logId:2,true]
6427031,406,0:48:44,0,[StatementsData_logId:2,2]
6427031,412,0:48:50,0,[StatementsData_logId:2]
6427031,413,0:48:57,0,[StatementsData_logId:2,DuelResponsesData_logId:3]
6427031,414,0:49:0,0,[StatementsData_logId:2,DuelResponsesData_logId:3]
6427031,415,0:49:9,0,[StatementsData_logId:2,DuelResponsesData_logId:3,DuelResponsesData_ok_player_response]
6427031,416,0:49:10,0,[StatementsData_logId:2,DuelResponsesData_logId:3]
6427031,417,0:49:12,0,[StatementsData_logId:2,DuelResponsesData_logId:3]
6427031,413,0:49:13,0,[StatementsData_logId:2,DuelResponsesData_logId:4]
6427031,414,0:49:16,0,[StatementsData_logId:2,DuelResponsesData_logId:4]
6427031,415,0:49:30,0,[StatementsData_logId:2,DuelResponsesData_logId:4,DuelResponsesData_ok_player_response]
6427031,416,0:49:31,0,[StatementsData_logId:2,DuelResponsesData_logId:4]
6427031,417,0:49:34,0,[StatementsData_logId:2,DuelResponsesData_logId:4]
6427031,413,0:49:43,0,[StatementsData_logId:2,DuelResponsesData_logId:5]
6427031,414,0:49:47,0,[StatementsData_logId:2,DuelResponsesData_logId:5]
6427031,415,0:50:2,0,[StatementsData_logId:2,DuelResponsesData_logId:5,DuelResponsesData_witty_player_response]
6427031,416,0:50:3,0,[StatementsData_logId:2,DuelResponsesData_logId:5]
6427031,417,0:50:7,0,[StatementsData_logId:2,DuelResponsesData_logId:5]
6427031,418,0:50:7,0,[StatementsData_logId:2,true]
6427031,419,0:50:21,0,[StatementsData_logId:2,4]
6427031,411,0:50:23,0,[StatementsData_logId:2]
6427031,401,0:50:27,0,[StatementsData_logId:3]
6427031,404,0:50:31,0,[StatementsData_logId:3,false]
6427031,405,0:50:32,0,[StatementsData_logId:3]
6427031,406,0:50:44,0,[StatementsData_logId:3,-2]
6427031,411,0:50:45,0,[StatementsData_logId:3]
6427031,401,0:50:49,0,[StatementsData_logId:4]
6427031,402,0:50:50,0,[StatementsData_logId:4,true]
6427031,405,0:50:51,0,[StatementsData_logId:4]
6427031,406,0:50:54,0,[StatementsData_logId:4,2]
6427031,411,0:50:55,0,[StatementsData_logId:4]
6427031,401,0:51:4,0,[StatementsData_logId:5]
6427031,402,0:51:6,0,[StatementsData_logId:5,false]
6427031,405,0:51:7,0,[StatementsData_logId:5]
6427031,406,0:51:9,0,[StatementsData_logId:5,-2]
6427031,411,0:51:11,0,[StatementsData_logId:5]
6427031,420,0:51:11,0,[38]
6427031,1005,0:51:11,0,[0,0,1]
6427031,1001,0:51:13,0,[]
6427031,1003,0:51:13,0
6427031,210,0:51:17,977,408
6427031,211,0:51:18,965,406
6427031,213,0:51:18,0,c_bestFriend_M_a_G7a1P,true
6427031,1003,0:51:21,0
6427031,1004,0:51:23,0
6427031,400,0:51:25,0,[]
6427031,401,0:51:27,0,[StatementsData_logId:0]
6427031,403,0:51:29,0,[StatementsData_logId:0,true]
6427031,405,0:51:29,0,[StatementsData_logId:0]
6427031,406,0:51:32,0,[StatementsData_logId:0,2]
6427031,407,0:51:32,0,[StatementsData_logId:0,FactCardData_id:0]
6427031,407,0:51:32,0,[StatementsData_logId:0,FactCardData_id:7]
6427031,407,0:51:32,0,[StatementsData_logId:0,FactCardData_id:4]
6427031,407,0:51:32,0,[StatementsData_logId:0,FactCardData_id:5]
6427031,407,0:51:32,0,[StatementsData_logId:0,FactCardData_id:3]
6427031,407,0:51:32,0,[StatementsData_logId:0,FactCardData_id:6]
6427031,407,0:51:34,0,[StatementsData_logId:0,FactCardData_id:0]
6427031,407,0:51:34,0,[StatementsData_logId:0,FactCardData_id:0]
6427031,407,0:51:35,0,[StatementsData_logId:0,FactCardData_id:4]
6427031,407,0:51:35,0,[StatementsData_logId:0,FactCardData_id:0]
6427031,407,0:51:35,0,[StatementsData_logId:0,FactCardData_id:4]
6427031,408,0:51:43,0,[StatementsData_logId:0,FactCardData_id:4,false]
6427031,406,0:51:47,0,[StatementsData_logId:0,-2]
6427031,411,0:51:48,0,[StatementsData_logId:0]
6427031,401,0:51:52,0,[StatementsData_logId:1]
6427031,402,0:51:53,0,[StatementsData_logId:1,true]
6427031,405,0:51:54,0,[StatementsData_logId:1]
6427031,406,0:51:57,0,[StatementsData_logId:1,2]
6427031,411,0:51:57,0,[StatementsData_logId:1]
6427031,401,0:52:4,0,[StatementsData_logId:2]
6427031,403,0:52:6,0,[StatementsData_logId:2,false]
6427031,405,0:52:7,0,[StatementsData_logId:2]
6427031,1002,0:52:10,0
6427031,1003,0:52:10,0
6427031,1004,0:52:12,0
6427031,400,0:52:13,0,[]
6427031,401,0:52:15,0,[StatementsData_logId:0]
6427031,403,0:52:16,0,[StatementsData_logId:0,true]
6427031,405,0:52:17,0,[StatementsData_logId:0]
6427031,406,0:52:20,0,[StatementsData_logId:0,2]
6427031,407,0:52:20,0,[StatementsData_logId:0,FactCardData_id:3]
6427031,407,0:52:20,0,[StatementsData_logId:0,FactCardData_id:4]
6427031,407,0:52:20,0,[StatementsData_logId:0,FactCardData_id:5]
6427031,407,0:52:20,0,[StatementsData_logId:0,FactCardData_id:7]
6427031,407,0:52:20,0,[StatementsData_logId:0,FactCardData_id:0]
6427031,407,0:52:20,0,[StatementsData_logId:0,FactCardData_id:6]
6427031,407,0:52:24,0,[StatementsData_logId:0,FactCardData_id:0]
6427031,407,0:52:24,0,[StatementsData_logId:0,FactCardData_id:0]
6427031,408,0:52:32,0,[StatementsData_logId:0,FactCardData_id:0,false]
6427031,406,0:52:35,0,[StatementsData_logId:0,-2]
6427031,411,0:52:36,0,[StatementsData_logId:0]
6427031,401,0:52:38,0,[StatementsData_logId:1]
6427031,402,0:52:40,0,[StatementsData_logId:1,true]
6427031,405,0:52:40,0,[StatementsData_logId:1]
6427031,406,0:52:42,0,[StatementsData_logId:1,2]
6427031,411,0:52:44,0,[StatementsData_logId:1]
6427031,401,0:52:50,0,[StatementsData_logId:2]
6427031,403,0:52:51,0,[StatementsData_logId:2,false]
6427031,405,0:52:52,0,[StatementsData_logId:2]
6427031,1002,0:52:55,0
6427031,1003,0:52:55,0
6427031,1004,0:52:56,0
6427031,400,0:52:58,0,[]
6427031,401,0:53:1,0,[StatementsData_logId:0]
6427031,403,0:53:4,0,[StatementsData_logId:0,true]
6427031,405,0:53:4,0,[StatementsData_logId:0]
6427031,406,0:53:6,0,[StatementsData_logId:0,2]
6427031,407,0:53:6,0,[StatementsData_logId:0,FactCardData_id:4]
6427031,407,0:53:6,0,[StatementsData_logId:0,FactCardData_id:7]
6427031,407,0:53:6,0,[StatementsData_logId:0,FactCardData_id:6]
6427031,407,0:53:6,0,[StatementsData_logId:0,FactCardData_id:5]
6427031,407,0:53:6,0,[StatementsData_logId:0,FactCardData_id:3]
6427031,407,0:53:6,0,[StatementsData_logId:0,FactCardData_id:0]
6427031,407,0:53:7,0,[StatementsData_logId:0,FactCardData_id:7]
6427031,407,0:53:7,0,[StatementsData_logId:0,FactCardData_id:7]
6427031,408,0:53:8,0,[StatementsData_logId:0,FactCardData_id:7,false]
6427031,406,0:53:12,0,[StatementsData_logId:0,-2]
6427031,411,0:53:13,0,[StatementsData_logId:0]
6427031,401,0:53:14,0,[StatementsData_logId:1]
6427031,402,0:53:15,0,[StatementsData_logId:1,true]
6427031,405,0:53:16,0,[StatementsData_logId:1]
6427031,406,0:53:17,0,[StatementsData_logId:1,2]
6427031,411,0:53:18,0,[StatementsData_logId:1]
6427031,401,0:53:19,0,[StatementsData_logId:2]
6427031,404,0:53:24,0,[StatementsData_logId:2,true]
6427031,406,0:53:25,0,[StatementsData_logId:2,2]
6427031,412,0:53:31,0,[StatementsData_logId:2]
6427031,413,0:53:34,0,[StatementsData_logId:2,DuelResponsesData_logId:3]
6427031,414,0:53:38,0,[StatementsData_logId:2,DuelResponsesData_logId:3]
6427031,415,0:53:47,0,[StatementsData_logId:2,DuelResponsesData_logId:3,DuelResponsesData_ok_player_response]
6427031,416,0:53:47,0,[StatementsData_logId:2,DuelResponsesData_logId:3]
6427031,417,0:53:50,0,[StatementsData_logId:2,DuelResponsesData_logId:3]
6427031,413,0:53:54,0,[StatementsData_logId:2,DuelResponsesData_logId:4]
6427031,414,0:53:56,0,[StatementsData_logId:2,DuelResponsesData_logId:4]
6427031,415,0:54:13,0,[StatementsData_logId:2,DuelResponsesData_logId:4,DuelResponsesData_witty_player_response]
6427031,416,0:54:14,0,[StatementsData_logId:2,DuelResponsesData_logId:4]
6427031,417,0:54:17,0,[StatementsData_logId:2,DuelResponsesData_logId:4]
6427031,413,0:54:21,0,[StatementsData_logId:2,DuelResponsesData_logId:5]
6427031,414,0:54:24,0,[StatementsData_logId:2,DuelResponsesData_logId:5]
6427031,415,0:54:55,0,[StatementsData_logId:2,DuelResponsesData_logId:5,DuelResponsesData_witty_player_response]
6427031,416,0:54:56,0,[StatementsData_logId:2,DuelResponsesData_logId:5]
6427031,417,0:54:59,0,[StatementsData_logId:2,DuelResponsesData_logId:5]
6427031,418,0:54:59,0,[StatementsData_logId:2,true]
6427031,419,0:55:3,0,[StatementsData_logId:2,4]
6427031,411,0:55:5,0,[StatementsData_logId:2]
6427031,401,0:55:10,0,[StatementsData_logId:3]
6427031,403,0:55:10,0,[StatementsData_logId:3,true]
6427031,405,0:55:11,0,[StatementsData_logId:3]
6427031,406,0:55:14,0,[StatementsData_logId:3,2]
6427031,407,0:55:14,0,[StatementsData_logId:3,FactCardData_id:4]
6427031,407,0:55:14,0,[StatementsData_logId:3,FactCardData_id:0]
6427031,407,0:55:14,0,[StatementsData_logId:3,FactCardData_id:6]
6427031,407,0:55:14,0,[StatementsData_logId:3,FactCardData_id:7]
6427031,407,0:55:14,0,[StatementsData_logId:3,FactCardData_id:3]
6427031,407,0:55:14,0,[StatementsData_logId:3,FactCardData_id:5]
6427031,407,0:55:19,0,[StatementsData_logId:3,FactCardData_id:4]
6427031,407,0:55:19,0,[StatementsData_logId:3,FactCardData_id:4]
6427031,407,0:55:21,0,[StatementsData_logId:3,FactCardData_id:0]
6427031,407,0:55:21,0,[StatementsData_logId:3,FactCardData_id:4]
6427031,407,0:55:21,0,[StatementsData_logId:3,FactCardData_id:0]
6427031,407,0:55:24,0,[StatementsData_logId:3,FactCardData_id:3]
6427031,407,0:55:24,0,[StatementsData_logId:3,FactCardData_id:0]
6427031,407,0:55:24,0,[StatementsData_logId:3,FactCardData_id:3]
6427031,407,0:55:26,0,[StatementsData_logId:3,FactCardData_id:6]
6427031,407,0:55:26,0,[StatementsData_logId:3,FactCardData_id:3]
6427031,407,0:55:26,0,[StatementsData_logId:3,FactCardData_id:6]
6427031,407,0:55:29,0,[StatementsData_logId:3,FactCardData_id:7]
6427031,407,0:55:29,0,[StatementsData_logId:3,FactCardData_id:6]
6427031,407,0:55:29,0,[StatementsData_logId:3,FactCardData_id:7]
6427031,407,0:55:31,0,[StatementsData_logId:3,FactCardData_id:5]
6427031,407,0:55:31,0,[StatementsData_logId:3,FactCardData_id:7]
6427031,407,0:55:31,0,[StatementsData_logId:3,FactCardData_id:5]
6427031,407,0:55:37,0,[StatementsData_logId:3,FactCardData_id:3]
6427031,407,0:55:37,0,[StatementsData_logId:3,FactCardData_id:5]
6427031,407,0:55:37,0,[StatementsData_logId:3,FactCardData_id:3]
6427031,407,0:55:41,0,[StatementsData_logId:3,FactCardData_id:6]
6427031,407,0:55:41,0,[StatementsData_logId:3,FactCardData_id:3]
6427031,407,0:55:41,0,[StatementsData_logId:3,FactCardData_id:6]
6427031,407,0:55:47,0,[StatementsData_logId:3,FactCardData_id:4]
6427031,407,0:55:47,0,[StatementsData_logId:3,FactCardData_id:6]
6427031,407,0:55:47,0,[StatementsData_logId:3,FactCardData_id:4]
6427031,408,0:55:53,0,[StatementsData_logId:3,FactCardData_id:4,false]
6427031,406,0:55:56,0,[StatementsData_logId:3,-2]
6427031,411,0:55:58,0,[StatementsData_logId:3]
6427031,401,0:56:1,0,[StatementsData_logId:4]
6427031,402,0:56:2,0,[StatementsData_logId:4,true]
6427031,405,0:56:3,0,[StatementsData_logId:4]
6427031,406,0:56:7,0,[StatementsData_logId:4,2]
6427031,411,0:56:8,0,[StatementsData_logId:4]
6427031,401,0:56:13,0,[StatementsData_logId:5]
6427031,402,0:56:16,0,[StatementsData_logId:5,false]
6427031,405,0:56:16,0,[StatementsData_logId:5]
6427031,406,0:56:19,0,[StatementsData_logId:5,-2]
6427031,411,0:56:21,0,[StatementsData_logId:5]
6427031,420,0:56:21,0,[40]
6427031,1001,0:56:30,0,[]
6427031,1003,0:56:30,0
6427031,1004,0:56:58,0
6427031,400,0:57:1,0,[]
6427031,401,0:57:5,0,[StatementsData_logId:0]
6427031,403,0:57:13,0,[StatementsData_logId:0,true]
6427031,405,0:57:15,0,[StatementsData_logId:0]
6427031,406,0:57:18,0,[StatementsData_logId:0,2]
6427031,407,0:57:18,0,[StatementsData_logId:0,FactCardData_id:7]
6427031,407,0:57:18,0,[StatementsData_logId:0,FactCardData_id:3]
6427031,407,0:57:18,0,[StatementsData_logId:0,FactCardData_id:6]
6427031,407,0:57:18,0,[StatementsData_logId:0,FactCardData_id:4]
6427031,407,0:57:18,0,[StatementsData_logId:0,FactCardData_id:5]
6427031,407,0:57:18,0,[StatementsData_logId:0,FactCardData_id:0]
6427031,407,0:57:28,0,[StatementsData_logId:0,FactCardData_id:7]
6427031,407,0:57:28,0,[StatementsData_logId:0,FactCardData_id:7]
6427031,407,0:57:33,0,[StatementsData_logId:0,FactCardData_id:0]
6427031,407,0:57:33,0,[StatementsData_logId:0,FactCardData_id:7]
6427031,407,0:57:33,0,[StatementsData_logId:0,FactCardData_id:0]
6427031,407,0:57:34,0,[StatementsData_logId:0,FactCardData_id:6]
6427031,407,0:57:34,0,[StatementsData_logId:0,FactCardData_id:0]
6427031,407,0:57:34,0,[StatementsData_logId:0,FactCardData_id:6]
6427031,408,0:57:55,0,[StatementsData_logId:0,FactCardData_id:6,true]
6427031,409,0:57:55,0,[StatementsData_logId:0]
6427031,410,0:57:57,0,[StatementsData_logId:0,2]
6427031,412,0:58:1,0,[StatementsData_logId:0]
6427031,413,0:58:6,0,[StatementsData_logId:0,DuelResponsesData_logId:0]
6427031,414,0:58:7,0,[StatementsData_logId:0,DuelResponsesData_logId:0]
6427031,415,0:58:22,0,[StatementsData_logId:0,DuelResponsesData_logId:0,DuelResponsesData_witty_player_response]
6427031,416,0:58:23,0,[StatementsData_logId:0,DuelResponsesData_logId:0]
6427031,417,0:58:27,0,[StatementsData_logId:0,DuelResponsesData_logId:0]
6427031,413,0:58:28,0,[StatementsData_logId:0,DuelResponsesData_logId:1]
6427031,414,0:58:29,0,[StatementsData_logId:0,DuelResponsesData_logId:1]
6427031,415,0:58:45,0,[StatementsData_logId:0,DuelResponsesData_logId:1,DuelResponsesData_witty_player_response]
6427031,416,0:58:47,0,[StatementsData_logId:0,DuelResponsesData_logId:1]
6427031,417,0:58:50,0,[StatementsData_logId:0,DuelResponsesData_logId:1]
6427031,413,0:58:55,0,[StatementsData_logId:0,DuelResponsesData_logId:2]
6427031,414,0:58:56,0,[StatementsData_logId:0,DuelResponsesData_logId:2]
6427031,415,0:59:2,0,[StatementsData_logId:0,DuelResponsesData_logId:2,DuelResponsesData_witty_player_response]
6427031,416,0:59:3,0,[StatementsData_logId:0,DuelResponsesData_logId:2]
6427031,417,0:59:5,0,[StatementsData_logId:0,DuelResponsesData_logId:2]
6427031,418,0:59:5,0,[StatementsData_logId:0,true]
6427031,419,0:59:7,0,[StatementsData_logId:0,4]
6427031,411,0:59:9,0,[StatementsData_logId:0]
6427031,401,0:59:13,0,[StatementsData_logId:1]
6427031,402,0:59:14,0,[StatementsData_logId:1,true]
6427031,405,0:59:16,0,[StatementsData_logId:1]
6427031,406,0:59:19,0,[StatementsData_logId:1,2]
6427031,411,0:59:20,0,[StatementsData_logId:1]
6427031,401,0:59:38,0,[StatementsData_logId:2]
6427031,404,0:59:40,0,[StatementsData_logId:2,true]
6427031,406,0:59:42,0,[StatementsData_logId:2,2]
6427031,412,0:59:44,0,[StatementsData_logId:2]
6427031,413,0:59:50,0,[StatementsData_logId:2,DuelResponsesData_logId:3]
6427031,414,0:59:53,0,[StatementsData_logId:2,DuelResponsesData_logId:3]
6427031,415,1:0:0,0,[StatementsData_logId:2,DuelResponsesData_logId:3,DuelResponsesData_ok_player_response]
6427031,416,1:0:9,0,[StatementsData_logId:2,DuelResponsesData_logId:3]
6427031,417,1:0:14,0,[StatementsData_logId:2,DuelResponsesData_logId:3]
6427031,413,1:0:16,0,[StatementsData_logId:2,DuelResponsesData_logId:4]
6427031,414,1:0:17,0,[StatementsData_logId:2,DuelResponsesData_logId:4]
6427031,415,1:0:22,0,[StatementsData_logId:2,DuelResponsesData_logId:4,DuelResponsesData_witty_player_response]
6427031,416,1:0:23,0,[StatementsData_logId:2,DuelResponsesData_logId:4]
6427031,417,1:0:28,0,[StatementsData_logId:2,DuelResponsesData_logId:4]
6427031,413,1:0:35,0,[StatementsData_logId:2,DuelResponsesData_logId:5]
6427031,414,1:0:38,0,[StatementsData_logId:2,DuelResponsesData_logId:5]
6427031,415,1:0:52,0,[StatementsData_logId:2,DuelResponsesData_logId:5,DuelResponsesData_ok_player_response]
6427031,416,1:0:52,0,[StatementsData_logId:2,DuelResponsesData_logId:5]
6427031,417,1:0:55,0,[StatementsData_logId:2,DuelResponsesData_logId:5]
6427031,418,1:0:55,0,[StatementsData_logId:2,true]
6427031,419,1:0:59,0,[StatementsData_logId:2,4]
6427031,411,1:1:1,0,[StatementsData_logId:2]
6427031,401,1:1:5,0,[StatementsData_logId:3]
6427031,403,1:1:9,0,[StatementsData_logId:3,true]
6427031,405,1:1:11,0,[StatementsData_logId:3]
6427031,406,1:1:13,0,[StatementsData_logId:3,2]
6427031,407,1:1:13,0,[StatementsData_logId:3,FactCardData_id:4]
6427031,407,1:1:13,0,[StatementsData_logId:3,FactCardData_id:5]
6427031,407,1:1:13,0,[StatementsData_logId:3,FactCardData_id:6]
6427031,407,1:1:13,0,[StatementsData_logId:3,FactCardData_id:0]
6427031,407,1:1:13,0,[StatementsData_logId:3,FactCardData_id:7]
6427031,407,1:1:13,0,[StatementsData_logId:3,FactCardData_id:3]
6427031,407,1:1:23,0,[StatementsData_logId:3,FactCardData_id:4]
6427031,407,1:1:23,0,[StatementsData_logId:3,FactCardData_id:4]
6427031,407,1:1:30,0,[StatementsData_logId:3,FactCardData_id:6]
6427031,407,1:1:30,0,[StatementsData_logId:3,FactCardData_id:4]
6427031,407,1:1:30,0,[StatementsData_logId:3,FactCardData_id:6]
6427031,407,1:1:36,0,[StatementsData_logId:3,FactCardData_id:7]
6427031,407,1:1:36,0,[StatementsData_logId:3,FactCardData_id:6]
6427031,407,1:1:36,0,[StatementsData_logId:3,FactCardData_id:7]
6427031,407,1:1:38,0,[StatementsData_logId:3,FactCardData_id:5]
6427031,407,1:1:38,0,[StatementsData_logId:3,FactCardData_id:7]
6427031,407,1:1:38,0,[StatementsData_logId:3,FactCardData_id:5]
6427031,407,1:1:41,0,[StatementsData_logId:3,FactCardData_id:0]
6427031,407,1:1:41,0,[StatementsData_logId:3,FactCardData_id:5]
6427031,407,1:1:41,0,[StatementsData_logId:3,FactCardData_id:0]
6427031,407,1:1:46,0,[StatementsData_logId:3,FactCardData_id:4]
6427031,407,1:1:46,0,[StatementsData_logId:3,FactCardData_id:0]
6427031,407,1:1:46,0,[StatementsData_logId:3,FactCardData_id:4]
6427031,408,1:1:47,0,[StatementsData_logId:3,FactCardData_id:4,false]
6427031,406,1:1:51,0,[StatementsData_logId:3,-2]
6427031,411,1:1:53,0,[StatementsData_logId:3]
6427031,401,1:1:56,0,[StatementsData_logId:4]
6427031,402,1:1:57,0,[StatementsData_logId:4,true]
6427031,405,1:1:57,0,[StatementsData_logId:4]
6427031,406,1:2:1,0,[StatementsData_logId:4,2]
6427031,411,1:2:2,0,[StatementsData_logId:4]
6427031,401,1:2:5,0,[StatementsData_logId:5]
6427031,402,1:2:11,0,[StatementsData_logId:5,false]
6427031,405,1:2:11,0,[StatementsData_logId:5]
6427031,406,1:2:19,0,[StatementsData_logId:5,-2]
6427031,411,1:2:25,0,[StatementsData_logId:5]
6427031,420,1:2:25,0,[48]
6427031,1005,1:2:25,0,[0,1,2]
6427031,1001,1:2:31,0,[]
6427031,1003,1:2:31,0
6427031,210,1:2:39,954,398
6427031,211,1:2:40,961,403
6427031,213,1:2:40,0,c_bestFriend_M_a_G7a1P,true
6427031,1003,1:2:48,0
6427031,1004,1:2:49,0
6427031,400,1:2:51,0,[]
6427031,401,1:2:53,0,[StatementsData_logId:0]
6427031,403,1:2:54,0,[StatementsData_logId:0,true]
6427031,405,1:2:55,0,[StatementsData_logId:0]
6427031,406,1:2:57,0,[StatementsData_logId:0,2]
6427031,407,1:2:57,0,[StatementsData_logId:0,FactCardData_id:4]
6427031,407,1:2:57,0,[StatementsData_logId:0,FactCardData_id:3]
6427031,407,1:2:57,0,[StatementsData_logId:0,FactCardData_id:6]
6427031,407,1:2:57,0,[StatementsData_logId:0,FactCardData_id:0]
6427031,407,1:2:57,0,[StatementsData_logId:0,FactCardData_id:7]
6427031,407,1:2:57,0,[StatementsData_logId:0,FactCardData_id:5]
6427031,407,1:2:59,0,[StatementsData_logId:0,FactCardData_id:6]
6427031,407,1:2:59,0,[StatementsData_logId:0,FactCardData_id:6]
6427031,408,1:3:5,0,[StatementsData_logId:0,FactCardData_id:6,true]
6427031,409,1:3:5,0,[StatementsData_logId:0]
6427031,410,1:3:8,0,[StatementsData_logId:0,2]
6427031,412,1:3:13,0,[StatementsData_logId:0]
6427031,413,1:3:15,0,[StatementsData_logId:0,DuelResponsesData_logId:0]
6427031,414,1:3:18,0,[StatementsData_logId:0,DuelResponsesData_logId:0]
6427031,415,1:3:35,0,[StatementsData_logId:0,DuelResponsesData_logId:0,DuelResponsesData_ok_player_response]
6427031,416,1:3:36,0,[StatementsData_logId:0,DuelResponsesData_logId:0]
6427031,417,1:3:37,0,[StatementsData_logId:0,DuelResponsesData_logId:0]
6427031,413,1:3:39,0,[StatementsData_logId:0,DuelResponsesData_logId:1]
6427031,414,1:3:41,0,[StatementsData_logId:0,DuelResponsesData_logId:1]
6427031,415,1:3:42,0,[StatementsData_logId:0,DuelResponsesData_logId:1,DuelResponsesData_witty_player_response]
6427031,416,1:3:42,0,[StatementsData_logId:0,DuelResponsesData_logId:1]
6427031,417,1:3:44,0,[StatementsData_logId:0,DuelResponsesData_logId:1]
6427031,413,1:3:45,0,[StatementsData_logId:0,DuelResponsesData_logId:2]
6427031,414,1:3:47,0,[StatementsData_logId:0,DuelResponsesData_logId:2]
6427031,415,1:3:53,0,[StatementsData_logId:0,DuelResponsesData_logId:2,DuelResponsesData_lame_player_response]
6427031,416,1:3:53,0,[StatementsData_logId:0,DuelResponsesData_logId:2]
6427031,417,1:3:56,0,[StatementsData_logId:0,DuelResponsesData_logId:2]
6427031,418,1:3:56,0,[StatementsData_logId:0,false]
6427031,419,1:3:58,0,[StatementsData_logId:0,-4]
6427031,411,1:4:0,0,[StatementsData_logId:0]
6427031,1002,1:4:3,0
6427031,1003,1:4:3,0
6427031,210,1:4:7,990,478
6427031,211,1:4:8,977,483
6427031,213,1:4:8,0,c_bestFriend_M_a_G7a1P,true
6427031,204,1:4:14,0
6427031,103,1:4:35
6427031,104,1:5:25
6427031,103,1:5:28
6427031,105,1:5:32
6427031,703,1:5:34,[|| EpilogueItem ID: 0 unlocked: false ||,|| EpilogueItem ID: 1 unlocked: false ||,|| EpilogueItem ID: 2 unlocked: false ||,|| EpilogueItem ID: 3 unlocked: false ||,|| EpilogueItem ID: 4 unlocked: false ||,|| EpilogueItem ID: 5 unlocked: false ||,|| EpilogueItem ID: 6 unlocked: false ||,|| EpilogueItem ID: 7 unlocked: false ||,|| EpilogueItem ID: 8 unlocked: false ||,|| EpilogueItem ID: 9 unlocked: false ||,|| EpilogueItem ID: 10 unlocked: false ||,|| EpilogueItem ID: 11 unlocked: false ||,|| EpilogueItem ID: 12 unlocked: false ||,|| EpilogueItem ID: 13 unlocked: false ||,|| EpilogueItem ID: 14 unlocked: false ||,|| EpilogueItem ID: 15 unlocked: false ||,|| EpilogueItem ID: 16 unlocked: false ||,|| EpilogueItem ID: 17 unlocked: false ||,|| EpilogueItem ID: 18 unlocked: false ||,|| EpilogueItem ID: 19 unlocked: false ||,|| EpilogueItem ID: 20 unlocked: false ||,|| EpilogueItem ID: 21 unlocked: false ||,|| EpilogueItem ID: 22 unlocked: false ||,|| EpilogueItem ID: 23 unlocked: false ||,|| EpilogueItem ID: 24 unlocked: false ||],0
6427031,706,1:5:36,(x=2531, y=-100, w=1024, h=768),(x=2531, y=-100, w=1024, h=768)
6427031,707,1:5:36,0,4
6427031,706,1:5:36,(x=2531, y=-100, w=1024, h=768),(x=2531, y=-100, w=1024, h=768)
6427031,708,1:5:37
6427031,1,1:5:37,10/23/2013 5:00:20pm,{"gameTime":3937749,"challengeStacks":[{"challengeScenes":[{"miniGameCards":[],"viewedAnimatic":true,"keyPoints":["c_teacherEng_G7a0","c_bestFriend_M_a_G7a0","s_flag_gen"],"unlocked":true,"touchableObjects":["s_otherStudent1_G7a0","s_doorClassroom_G7a0","c_teacherEng_G7a0","c_bestFriend_M_a_G7a0","s_vocabAssignment_G7a0","c_crewKid1_M_G7a0","s_flag_gen"]},{"miniGameCards":[],"viewedAnimatic":true,"keyPoints":["c_teacherEng_G7a1N","c_bestFriend_M_a_G7a1N","s_paperPlayers_G7a1N"],"unlocked":true,"touchableObjects":["c_teacherEng_G7a1N","c_bestFriend_M_a_G7a1N","c_crewKid1_M_G7a1N","s_otherStudent1_G7a1N","s_flag_gen","s_atwoodPoster_gen","s_angelouPoster_gen","s_shakespearePoster_gen","s_poePoster_gen","s_paperPlayers_G7a1N"]},{"miniGameCards":[],"viewedAnimatic":true,"keyPoints":["c_teacherEng_G7a1P"],"unlocked":true,"touchableObjects":["c_teacherEng_G7a1P"]}],"stackSize":3,"resolved":false},{"challengeScenes":[{"miniGameCards":[],"viewedAnimatic":false,"keyPoints":[],"unlocked":false,"touchableObjects":[]},{"miniGameCards":[],"viewedAnimatic":false,"keyPoints":[],"unlocked":false,"touchableObjects":[]},{"miniGameCards":[],"viewedAnimatic":false,"keyPoints":[],"unlocked":false,"touchableObjects":[]},{"miniGameCards":[],"viewedAnimatic":false,"keyPoints":[],"unlocked":false,"touchableObjects":[]},{"miniGameCards":[],"viewedAnimatic":false,"keyPoints":[],"unlocked":false,"touchableObjects":[]}],"stackSize":5,"resolved":false},{"challengeScenes":[{"miniGameCards":[],"viewedAnimatic":false,"keyPoints":[],"unlocked":false,"touchableObjects":[]},{"miniGameCards":[],"viewedAnimatic":false,"keyPoints":[],"unlocked":false,"touchableObjects":[]},{"miniGameCards":[],"viewedAnimatic":false,"keyPoints":[],"unlocked":false,"touchableObjects":[]},{"miniGameCards":[],"viewedAnimatic":false,"keyPoints":[],"unlocked":false,"touchableObjects":[]},{"miniGameCards":[],"viewedAnimatic":false,"keyPoints":[],"unlocked":false,"touchableObjects":[]},{"miniGameCards":[],"viewedAnimatic":false,"keyPoints":[],"unlocked":false,"touchableObjects":[]},{"miniGameCards":[],"viewedAnimatic":false,"keyPoints":[],"unlocked":false,"touchableObjects":[]}],"stackSize":7,"resolved":false},{"challengeScenes":[{"miniGameCards":[],"viewedAnimatic":false,"keyPoints":[],"unlocked":false,"touchableObjects":[]},{"miniGameCards":[],"viewedAnimatic":false,"keyPoints":[],"unlocked":false,"touchableObjects":[]},{"miniGameCards":[],"viewedAnimatic":false,"keyPoints":[],"unlocked":false,"touchableObjects":[]},{"miniGameCards":[],"viewedAnimatic":false,"keyPoints":[],"unlocked":false,"touchableObjects":[]},{"miniGameCards":[],"viewedAnimatic":false,"keyPoints":[],"unlocked":false,"touchableObjects":[]}],"stackSize":5,"resolved":false},{"challengeScenes":[{"miniGameCards":[],"viewedAnimatic":false,"keyPoints":[],"unlocked":false,"touchableObjects":[]},{"miniGameCards":[],"viewedAnimatic":false,"keyPoints":[],"unlocked":false,"touchableObjects":[]},{"miniGameCards":[],"viewedAnimatic":false,"keyPoints":[],"unlocked":false,"touchableObjects":[]},{"miniGameCards":[],"viewedAnimatic":false,"keyPoints":[],"unlocked":false,"touchableObjects":[]},{"miniGameCards":[],"viewedAnimatic":false,"keyPoints":[],"unlocked":false,"touchableObjects":[]}],"stackSize":5,"resolved":false},{"challengeScenes":[{"miniGameCards":[],"viewedAnimatic":false,"keyPoints":[],"unlocked":false,"touchableObjects":[]},{"miniGameCards":[],"viewedAnimatic":false,"keyPoints":[],"unlocked":false,"touchableObjects":[]},{"miniGameCards":[],"viewedAnimatic":false,"keyPoints":[],"unlocked":false,"touchableObjects":[]},{"miniGameCards":[],"viewedAnimatic":false,"keyPoints":[],"unlocked":false,"touchableObjects":[]},{"miniGameCards":[],"viewedAnimatic":false,"keyPoints":[],"unlocked":false,"touchableObjects":[]}],"stackSize":5,"resolved":false},{"challengeScenes":[{"miniGameCards":[],"viewedAnimatic":false,"keyPoints":[],"unlocked":false,"touchableObjects":[]},{"miniGameCards":[],"viewedAnimatic":false,"keyPoints":[],"unlocked":false,"touchableObjects":[]},{"miniGameCards":[],"viewedAnimatic":false,"keyPoints":[],"unlocked":false,"touchableObjects":[]},{"miniGameCards":[],"viewedAnimatic":false,"keyPoints":[],"unlocked":false,"touchableObjects":[]},{"miniGameCards":[],"viewedAnimatic":false,"keyPoints":[],"unlocked":false,"touchableObjects":[]}],"stackSize":5,"resolved":false},{"challengeScenes":[{"miniGameCards":[],"viewedAnimatic":false,"keyPoints":[],"unlocked":false,"touchableObjects":[]},{"miniGameCards":[],"viewedAnimatic":false,"keyPoints":[],"unlocked":false,"touchableObjects":[]},{"miniGameCards":[],"viewedAnimatic":false,"keyPoints":[],"unlocked":false,"touchableObjects":[]},{"miniGameCards":[],"viewedAnimatic":false,"keyPoints":[],"unlocked":false,"touchableObjects":[]},{"miniGameCards":[],"viewedAnimatic":false,"keyPoints":[],"unlocked":false,"touchableObjects":[]}],"stackSize":5,"resolved":false},{"challengeScenes":[{"miniGameCards":[],"viewedAnimatic":false,"keyPoints":[],"unlocked":false,"touchableObjects":[]},{"miniGameCards":[],"viewedAnimatic":false,"keyPoints":[],"unlocked":false,"touchableObjects":[]},{"miniGameCards":[],"viewedAnimatic":false,"keyPoints":[],"unlocked":false,"touchableObjects":[]},{"miniGameCards":[],"viewedAnimatic":false,"keyPoints":[],"unlocked":false,"touchableObjects":[]},{"miniGameCards":[],"viewedAnimatic":false,"keyPoints":[],"unlocked":false,"touchableObjects":[]}],"stackSize":5,"resolved":false},{"challengeScenes":[{"miniGameCards":[],"viewedAnimatic":false,"keyPoints":[],"unlocked":false,"touchableObjects":[]},{"miniGameCards":[],"viewedAnimatic":false,"keyPoints":[],"unlocked":false,"touchableObjects":[]},{"miniGameCards":[],"viewedAnimatic":false,"keyPoints":[],"unlocked":false,"touchableObjects":[]},{"miniGameCards":[],"viewedAnimatic":false,"keyPoints":[],"unlocked":false,"touchableObjects":[]},{"miniGameCards":[],"viewedAnimatic":false,"keyPoints":[],"unlocked":false,"touchableObjects":[]}],"stackSize":5,"resolved":false},{"challengeScenes":[{"miniGameCards":[],"viewedAnimatic":false,"keyPoints":[],"unlocked":false,"touchableObjects":[]},{"miniGameCards":[],"viewedAnimatic":false,"keyPoints":[],"unlocked":false,"touchableObjects":[]},{"miniGameCards":[],"viewedAnimatic":false,"keyPoints":[],"unlocked":false,"touchableObjects":[]},{"miniGameCards":[],"viewedAnimatic":false,"keyPoints":[],"unlocked":false,"touchableObjects":[]},{"miniGameCards":[],"viewedAnimatic":false,"keyPoints":[],"unlocked":false,"touchableObjects":[]}],"stackSize":5,"resolved":false},{"challengeScenes":[{"miniGameCards":[],"viewedAnimatic":false,"keyPoints":[],"unlocked":false,"touchableObjects":[]},{"miniGameCards":[],"viewedAnimatic":false,"keyPoints":[],"unlocked":false,"touchableObjects":[]},{"miniGameCards":[],"viewedAnimatic":false,"keyPoints":[],"unlocked":false,"touchableObjects":[]},{"miniGameCards":[],"viewedAnimatic":false,"keyPoints":[],"unlocked":false,"touchableObjects":[]},{"miniGameCards":[],"viewedAnimatic":false,"keyPoints":[],"unlocked":false,"touchableObjects":[]}],"stackSize":5,"resolved":false},{"challengeScenes":[{"miniGameCards":[],"viewedAnimatic":false,"keyPoints":[],"unlocked":true,"touchableObjects":["c_player_afri_M_a_G0a0","c_education_G0a0","c_family_afri_a_G0a0","c_friends_G0a0"]},{"miniGameCards":[],"viewedAnimatic":false,"keyPoints":["c_job_G0a1N","c_family_afri_a_G0a1N","c_home_G0a1N"],"unlocked":true,"touchableObjects":["c_player_afri_M_a_G0a1N","c_job_G0a1N","c_family_afri_a_G0a1N","c_home_G0a1N"]},{"miniGameCards":[],"viewedAnimatic":false,"keyPoints":["c_dad_afri_a_G0a1P","c_mom_afri_a_G0a1P","c_Nurse_G0a1P","c_Teacher_G0a1P","c_grandma_afri_a_G0a1P","c_kidsister_afri_a_G0a1P"],"unlocked":true,"touchableObjects":["c_friends_G0a1P","c_dad_afri_a_G0a1P","c_mom_afri_a_G0a1P","c_cousins_M_a_G0a1P","c_Nurse_G0a1P","c_Teacher_G0a1P","c_grandma_afri_a_G0a1P","c_kidsister_afri_a_G0a1P"]}],"stackSize":3,"resolved":true}],"sessionId":1,"epilogue":{"rating":4},"playerId":6427031,"session":[{"sceneId":"1P","stackId":12},{"sceneId":"1P","stackId":0}],"minigames":[{"levelSaveData":[{"starRating":2,"unlocked":true},{"starRating":0,"unlocked":false},{"starRating":0,"unlocked":false},{"starRating":0,"unlocked":false},{"starRating":0,"unlocked":false},{"starRating":0,"unlocked":false},{"starRating":0,"unlocked":false},{"starRating":0,"unlocked":false},{"starRating":0,"unlocked":false},{"starRating":0,"unlocked":false}],"skillPoints":2},{"levelSaveData":[{"starRating":3,"unlocked":true},{"starRating":0,"unlocked":false},{"starRating":0,"unlocked":false},{"starRating":0,"unlocked":false},{"starRating":0,"unlocked":false},{"starRating":0,"unlocked":false},{"starRating":0,"unlocked":false},{"starRating":0,"unlocked":false},{"starRating":0,"unlocked":false},{"starRating":0,"unlocked":false}],"skillPoints":3},{"levelSaveData":[{"starRating":3,"unlocked":true},{"starRating":0,"unlocked":false},{"starRating":0,"unlocked":false},{"starRating":0,"unlocked":false},{"starRating":0,"unlocked":false},{"starRating":0,"unlocked":false},{"starRating":0,"unlocked":false},{"starRating":0,"unlocked":false},{"starRating":0,"unlocked":false},{"starRating":0,"unlocked":false}],"skillPoints":3},{"levelSaveData":[{"starRating":0,"unlocked":false},{"starRating":0,"unlocked":false},{"starRating":0,"unlocked":false},{"starRating":0,"unlocked":false},{"starRating":0,"unlocked":false},{"starRating":0,"unlocked":false},{"starRating":0,"unlocked":false},{"starRating":0,"unlocked":false},{"starRating":0,"unlocked":false},{"starRating":0,"unlocked":false}],"skillPoints":0},{"age":11,"name":"joeezzy","gender":0,"levelSaveData":[{"starRating":3,"unlocked":true},{"starRating":3,"chunks":[["3"],["7$$jojo","15$$jo"],["2","15","17"],["1"]],"unlocked":true},{"starRating":0,"chunks":[[null],[null,null],[null,null]],"unlocked":false},{"starRating":0,"chunks":[[null],[null],[null],[null],[null,null],[null]],"unlocked":false},{"starRating":0,"chunks":[[null],[null],[null,null],[null],[null],[null]],"unlocked":false},{"starRating":0,"chunks":[[null],[null,null,null,null],[null],[null]],"unlocked":false},{"starRating":0,"chunks":[[null],[null],[null,null],[null,null],[null]],"unlocked":false},{"starRating":0,"chunks":[[null,null,null],[null,null,null],[null],[null],[null]],"unlocked":false},{"starRating":0,"chunks":[[null,null,null],[null,null,null],[null,null]],"unlocked":false},{"starRating":0,"chunks":[[null],[null],[null],[null],[null],[null]],"unlocked":false}],"visualAvatar":0,"id":0,"skillPoints":6}],"avatar":{"age":11,"name":"joeezzy","gender":0,"levelSaveData":[{"starRating":3,"unlocked":true},{"starRating":3,"chunks":[["3"],["7$$jojo","15$$jo"],["2","15","17"],["1"]],"unlocked":true},{"starRating":0,"chunks":[[null],[null,null],[null,null]],"unlocked":false},{"starRating":0,"chunks":[[null],[null],[null],[null],[null,null],[null]],"unlocked":false},{"starRating":0,"chunks":[[null],[null],[null,null],[null],[null],[null]],"unlocked":false},{"starRating":0,"chunks":[[null],[null,null,null,null],[null],[null]],"unlocked":false},{"starRating":0,"chunks":[[null],[null],[null,null],[null,null],[null]],"unlocked":false},{"starRating":0,"chunks":[[null,null,null],[null,null,null],[null],[null],[null]],"unlocked":false},{"starRating":0,"chunks":[[null,null,null],[null,null,null],[null,null]],"unlocked":false},{"starRating":0,"chunks":[[null],[null],[null],[null],[null],[null]],"unlocked":false}],"visualAvatar":0,"id":0,"skillPoints":6}}
