6427024,0,0:0:0,7/8/2013 9:18:45am
6427024,600,0:0:6,3
6427024,601,0:0:7,0
6427024,602,0:0:9,3,0
6427024,603,0:0:11,0
6427024,604,0:0:20,0,brandon
6427024,605,0:0:23
6427024,210,0:0:28,827,279
6427024,211,0:0:28,822,243
6427024,210,0:0:41,411,373
6427024,211,0:0:41,411,373
6427024,210,0:0:41,353,488
6427024,211,0:0:41,346,486
6427024,210,0:0:55,446,517
6427024,211,0:0:56,446,517
6427024,210,0:0:58,400,359
6427024,211,0:0:58,399,330
6427024,210,0:0:59,422,471
6427024,211,0:1:2,495,544
6427024,210,0:1:25,335,492
6427024,211,0:1:26,490,452
6427024,210,0:1:26,323,502
6427024,211,0:1:38,467,462
6427024,210,0:1:44,263,491
6427024,211,0:1:49,200,309
6427024,210,0:1:52,215,520
6427024,211,0:1:56,847,520
6427024,213,0:1:56,12,c_player_afri_M_a_G0a0,true
6427024,210,0:2:3,653,507
6427024,211,0:2:5,788,193
6427024,210,0:2:5,876,344
6427024,211,0:2:9,781,690
6427024,213,0:2:9,12,c_player_afri_M_a_G0a0,true
6427024,210,0:2:15,322,497
6427024,211,0:2:19,594,252
6427024,210,0:2:28,252,519
6427024,211,0:2:32,774,110
6427024,210,0:2:33,749,151
6427024,211,0:2:34,689,164
6427024,210,0:2:43,529,582
6427024,211,0:2:50,550,283
6427024,210,0:2:55,656,372
6427024,211,0:2:57,477,294
6427024,210,0:3:0,247,486
6427024,211,0:3:4,725,176
6427024,207,0:3:13,12,0,-45
6427024,210,0:3:14,351,487
6427024,211,0:3:14,316,415
6427024,210,0:3:15,663,317
6427024,211,0:3:15,760,329
6427024,210,0:3:16,619,449
6427024,211,0:3:16,652,490
6427024,210,0:3:17,594,460
6427024,211,0:3:22,902,432
6427024,213,0:3:22,12,c_player_afri_M_a_G0a0,true
6427024,210,0:3:31,294,519
6427024,211,0:3:32,877,529
6427024,213,0:3:32,12,c_player_afri_M_a_G0a0,true
6427024,210,0:3:35,202,510
6427024,211,0:3:36,847,577
6427024,213,0:3:36,12,c_player_afri_M_a_G0a0,true
6427024,210,0:3:39,256,500
6427024,211,0:3:40,415,485
6427024,210,0:3:40,327,491
6427024,211,0:3:41,372,507
6427024,221,0:3:43,12
6427024,220,0:3:45,12
6427024,210,0:3:48,1029,85
6427024,207,0:3:48,12,0,-60
6427024,211,0:3:49,882,18
6427024,210,0:3:49,1108,109
6427024,207,0:3:49,12,-60,-150
6427024,211,0:3:49,996,62
6427024,210,0:3:50,1188,150
6427024,207,0:3:50,12,-150,-225
6427024,211,0:3:50,1065,125
6427024,207,0:3:51,12,-225,-270
6427024,210,0:3:51,1207,155
6427024,211,0:3:51,1121,155
6427024,213,0:3:51,12,c_family_afri_a_G0a1N,true
6427024,205,0:3:51,12,c_family_afri_a_G0a1N,false,false
6427024,210,0:3:58,836,295
6427024,211,0:3:59,773,272
6427024,207,0:3:59,12,0,-30
6427024,210,0:3:59,910,266
6427024,211,0:3:59,726,228
6427024,210,0:4:0,1069,234
6427024,207,0:4:0,12,-30,-105
6427024,211,0:4:0,869,172
6427024,207,0:4:0,12,-105,-165
6427024,210,0:4:0,1106,138
6427024,211,0:4:0,934,96
6427024,207,0:4:1,12,-165,-210
6427024,210,0:4:1,1085,86
6427024,211,0:4:1,895,44
6427024,210,0:4:2,1292,67
6427024,207,0:4:2,12,-210,-300
6427024,211,0:4:2,1122,47
6427024,207,0:4:2,12,-300,-360
6427024,210,0:4:2,1282,99
6427024,211,0:4:3,1192,83
6427024,210,0:4:3,783,402
6427024,211,0:4:5,1139,253
6427024,213,0:4:5,12,c_family_afri_a_G0a0,true
6427024,210,0:4:11,1224,317
6427024,211,0:4:13,1124,261
6427024,213,0:4:13,12,c_family_afri_a_G0a0,true
6427024,210,0:4:18,296,471
6427024,207,0:4:18,12,-360,-255
6427024,211,0:4:19,601,466
6427024,210,0:4:20,190,500
6427024,207,0:4:20,12,-255,-120
6427024,211,0:4:20,367,452
6427024,210,0:4:25,255,500
6427024,207,0:4:26,12,-120,-375
6427024,211,0:4:27,1153,228
6427024,213,0:4:27,12,c_family_afri_a_G0a0,true
6427024,210,0:4:32,1144,243
6427024,211,0:4:32,1063,218
6427024,210,0:4:32,1185,194
6427024,211,0:4:32,1112,168
6427024,213,0:4:32,12,c_family_afri_a_G0a0,true
6427024,210,0:4:37,1031,429
6427024,211,0:4:38,1160,458
6427024,210,0:4:39,1007,415
6427024,211,0:4:40,1259,520
6427024,210,0:4:41,604,455
6427024,211,0:4:42,853,502
6427024,213,0:4:42,12,c_player_afri_M_a_G0a0,true
6427024,210,0:4:45,755,383
6427024,211,0:4:45,805,393
6427024,213,0:4:45,12,c_player_afri_M_a_G0a0,true
6427024,207,0:4:47,12,-375,-420
6427024,207,0:4:47,12,-420,-480
6427024,207,0:4:48,12,-480,-540
6427024,207,0:4:48,12,-540,-585
6427024,207,0:4:49,12,-585,-600
6427024,207,0:4:50,12,-600,-645
6427024,210,0:4:50,1726,350
6427024,211,0:4:50,1726,350
6427024,207,0:4:50,12,-645,-705
6427024,207,0:4:50,12,-705,-750
6427024,207,0:4:51,12,-750,-795
6427024,207,0:4:51,12,-795,-840
6427024,207,0:4:52,12,-840,-885
6427024,207,0:4:52,12,-885,-930
6427024,207,0:4:52,12,-930,-975
6427024,207,0:4:53,12,-975,-1035
6427024,210,0:4:53,1998,332
6427024,211,0:4:53,1949,359
6427024,210,0:4:53,1955,340
6427024,211,0:4:53,1955,340
6427024,207,0:4:54,12,-1035,-990
6427024,207,0:4:54,12,-990,-945
6427024,207,0:4:55,12,-945,-900
6427024,207,0:4:55,12,-900,-855
6427024,207,0:4:56,12,-855,-810
6427024,207,0:4:56,12,-810,-750
6427024,207,0:4:56,12,-750,-720
6427024,207,0:4:56,12,-720,-675
6427024,210,0:4:56,607,310
6427024,211,0:4:56,607,310
6427024,207,0:4:56,12,-675,-600
6427024,207,0:4:57,12,-600,-540
6427024,210,0:4:57,489,311
6427024,211,0:4:57,489,311
6427024,207,0:4:57,12,-540,-480
6427024,210,0:4:57,412,311
6427024,211,0:4:57,412,311
6427024,207,0:4:57,12,-480,-405
6427024,207,0:4:57,12,-405,-345
6427024,210,0:4:57,280,331
6427024,211,0:4:57,280,331
6427024,207,0:4:57,12,-345,-270
6427024,207,0:4:58,12,-270,-225
6427024,210,0:4:58,164,333
6427024,211,0:4:58,100,333
6427024,207,0:4:58,12,-225,-90
6427024,207,0:4:58,12,-90,-30
6427024,210,0:4:59,273,500
6427024,207,0:5:1,12,-30,-375
6427024,211,0:5:2,1162,464
6427024,207,0:5:5,12,-375,-420
6427024,207,0:5:5,12,-420,-465
6427024,207,0:5:5,12,-465,-480
6427024,207,0:5:6,12,-480,-525
6427024,207,0:5:6,12,-525,-570
6427024,210,0:5:6,1662,284
6427024,211,0:5:6,1677,284
6427024,207,0:5:6,12,-570,-660
6427024,210,0:5:11,1184,397
6427024,211,0:5:11,1491,382
6427024,210,0:5:12,1388,359
6427024,211,0:5:14,1260,283
6427024,213,0:5:14,12,c_family_afri_a_G0a0,true
6427024,210,0:5:30,30,215
6427024,211,0:5:30,29,194
6427024,210,0:5:31,215,496
6427024,211,0:5:33,309,358
6427024,207,0:5:37,12,0,-60
6427024,210,0:5:37,999,417
6427024,211,0:5:37,972,447
6427024,207,0:5:37,12,-60,-105
6427024,207,0:5:38,12,-105,-150
6427024,207,0:5:38,12,-150,-180
6427024,207,0:5:38,12,-180,-210
6427024,207,0:5:38,12,-210,-270
6427024,207,0:5:39,12,-270,-315
6427024,207,0:5:39,12,-315,-375
6427024,207,0:5:40,12,-375,-405
6427024,210,0:5:40,1485,383
6427024,211,0:5:40,1485,383
6427024,207,0:5:40,12,-405,-480
6427024,210,0:5:41,1562,386
6427024,207,0:5:41,12,-480,-813
6427024,211,0:5:42,1824,393
6427024,210,0:5:44,744,225
6427024,207,0:5:45,12,-813,0
6427024,211,0:5:46,7,218
6427024,210,0:5:56,1097,139
6427024,211,0:5:56,1396,136
6427024,207,0:5:56,12,0,-375
6427024,207,0:5:57,12,-375,-390
6427024,210,0:5:57,1120,445
6427024,211,0:5:59,1151,221
6427024,213,0:5:59,12,c_family_afri_a_G0a1N,true
6427024,205,0:5:59,12,c_family_afri_a_G0a1N,false,true
6427024,210,0:6:4,1472,238
6427024,211,0:6:5,1697,236
6427024,207,0:6:5,12,-390,-690
6427024,210,0:6:5,621,78
6427024,211,0:6:7,66,78
6427024,207,0:6:7,12,-690,-60
6427024,210,0:6:7,279,409
6427024,207,0:6:8,12,-60,-240
6427024,211,0:6:11,920,596
6427024,213,0:6:11,12,c_player_afri_M_a_G0a1N,true
6427024,210,0:6:16,1016,213
6427024,211,0:6:16,1067,216
6427024,213,0:6:16,12,c_family_afri_a_G0a1N,true
6427024,205,0:6:16,12,c_family_afri_a_G0a1N,false,true
6427024,210,0:6:20,671,160
6427024,207,0:6:25,12,-240,-813
6427024,211,0:6:28,1212,447
6427024,210,0:6:35,740,180
6427024,207,0:6:37,12,-813,0
6427024,211,0:6:38,15,165
6427024,210,0:6:46,662,141
6427024,211,0:6:46,673,178
6427024,210,0:6:46,353,395
6427024,211,0:6:49,594,231
6427024,210,0:6:51,331,395
6427024,211,0:6:53,637,246
6427024,210,0:6:54,335,401
6427024,211,0:7:7,693,270
6427024,210,0:7:10,365,371
6427024,211,0:7:11,665,202
6427024,210,0:7:12,288,389
6427024,211,0:7:13,599,193
6427024,207,0:7:16,12,0,-45
6427024,207,0:7:16,12,-45,-90
6427024,219,0:7:17,12
6427024,218,0:7:20,12
6427024,210,0:7:27,400,492
6427024,211,0:7:29,1060,201
6427024,207,0:7:29,12,0,-60
6427024,210,0:7:30,1137,191
6427024,207,0:7:30,12,-60,-330
6427024,207,0:7:33,12,-330,-960
6427024,211,0:7:39,1301,517
6427024,210,0:7:40,888,348
6427024,211,0:7:42,175,360
6427024,207,0:7:42,12,-960,-150
6427024,210,0:7:43,268,490
6427024,207,0:7:46,12,-150,-375
6427024,211,0:7:48,218,306
6427024,207,0:7:48,12,-375,-195
6427024,210,0:7:49,926,577
6427024,211,0:7:49,926,577
6427024,213,0:7:49,12,c_player_afri_M_a_G0a0,true
6427024,210,0:7:53,1130,132
6427024,211,0:7:53,1129,133
6427024,210,0:7:55,629,465
6427024,211,0:7:56,768,484
6427024,210,0:7:57,321,503
6427024,211,0:7:59,862,540
6427024,213,0:7:59,12,c_player_afri_M_a_G0a0,true
6427024,207,0:8:5,12,-195,-165
6427024,210,0:8:6,94,136
6427024,207,0:8:6,12,-165,0
6427024,211,0:8:7,10,121
6427024,210,0:8:10,253,525
6427024,211,0:8:15,1097,294
6427024,207,0:8:15,12,0,-90
6427024,210,0:8:15,1164,221
6427024,207,0:8:15,12,-90,-240
6427024,211,0:8:17,1411,410
6427024,207,0:8:17,12,-240,-405
6427024,210,0:8:17,1490,406
6427024,207,0:8:18,12,-405,-900
6427024,211,0:8:19,1820,339
6427024,210,0:8:19,1987,334
6427024,207,0:8:19,12,-900,-1035
6427024,211,0:8:20,2056,365
6427024,210,0:8:21,2000,373
6427024,211,0:8:22,1897,389
6427024,210,0:8:28,1961,32
6427024,211,0:8:28,1982,9
6427024,210,0:8:31,974,182
6427024,207,0:8:33,12,-1035,0
6427024,211,0:8:34,15,178
6427024,210,0:8:35,312,442
6427024,211,0:8:39,385,692
6427024,221,0:8:41,12
6427024,220,0:8:57,12
6427024,210,0:9:7,443,426
6427024,207,0:9:11,12,0,-90
6427024,211,0:9:13,841,393
6427024,213,0:9:13,12,c_player_afri_M_a_G0a1N,true
6427024,210,0:9:15,910,218
6427024,211,0:9:16,772,165
6427024,210,0:9:16,1174,180
6427024,207,0:9:17,12,-90,-540
6427024,211,0:9:18,1178,194
6427024,213,0:9:18,12,c_family_afri_a_G0a1N,true
6427024,205,0:9:18,12,c_family_afri_a_G0a1N,false,true
6427024,210,0:9:23,1252,195
6427024,211,0:9:23,1211,146
6427024,213,0:9:23,12,c_family_afri_a_G0a1N,true
6427024,205,0:9:23,12,c_family_afri_a_G0a1N,false,true
6427024,210,0:9:27,1157,433
6427024,211,0:9:31,1246,413
6427024,210,0:9:36,1617,534
6427024,207,0:9:37,12,-540,-813
6427024,211,0:9:38,1824,510
6427024,210,0:9:38,1394,291
6427024,211,0:9:38,1503,276
6427024,210,0:9:40,745,317
6427024,211,0:9:41,125,316
6427024,207,0:9:41,12,-813,-123
6427024,207,0:9:41,12,-123,-63
6427024,207,0:9:42,12,-63,0
6427024,210,0:9:42,1,314
6427024,211,0:9:43,1,310
6427024,212,0:9:57,1
6427024,210,0:9:59,842,239
6427024,207,0:10:1,12,0,-420
6427024,211,0:10:2,1132,437
6427024,213,0:10:2,12,c_home_G0a1N,true
6427024,205,0:10:2,12,c_home_G0a1N,false,false
6427024,212,0:10:7,2
6427024,212,0:10:10,0
6427024,210,0:10:11,572,442
6427024,211,0:10:12,665,245
6427024,213,0:10:12,12,c_job_G0a1N,true
6427024,205,0:10:12,12,c_job_G0a1N,false,false
6427024,212,0:10:20,2
6427024,210,0:10:22,732,325
6427024,211,0:10:22,586,282
6427024,210,0:10:23,1098,141
6427024,211,0:10:23,1128,141
6427024,207,0:10:23,12,0,-105
6427024,210,0:10:24,1181,146
6427024,211,0:10:24,1376,146
6427024,207,0:10:24,12,-105,-360
6427024,210,0:10:25,1055,378
6427024,211,0:10:25,1150,202
6427024,213,0:10:25,12,c_family_afri_a_G0a0,true
6427024,212,0:10:31,0
6427024,210,0:10:32,639,462
6427024,211,0:10:33,648,237
6427024,213,0:10:33,12,c_education_G0a0,true
6427024,212,0:10:43,1
6427024,210,0:10:44,1096,505
6427024,211,0:10:44,1147,453
6427024,213,0:10:44,12,c_friends_G0a0,true
6427024,210,0:10:58,1097,193
6427024,211,0:10:59,1667,184
6427024,207,0:10:59,12,0,-645
6427024,210,0:11:0,1741,204
6427024,207,0:11:0,12,-645,-813
6427024,211,0:11:0,1834,204
6427024,210,0:11:2,1627,491
6427024,211,0:11:2,1630,499
6427024,210,0:11:3,1627,488
6427024,211,0:11:3,1627,488
6427024,212,0:11:9,2
6427024,213,0:11:11,12,c_player_afri_M_a_G0a0,true
6427024,210,0:11:13,1051,151
6427024,211,0:11:14,1352,179
6427024,207,0:11:14,12,0,-360
6427024,210,0:11:15,1139,427
6427024,211,0:11:17,1220,273
6427024,213,0:11:17,12,c_family_afri_a_G0a0,true
6427024,210,0:11:37,1051,74
6427024,211,0:11:37,1081,76
6427024,207,0:11:37,12,0,-60
6427024,210,0:11:38,1154,74
6427024,211,0:11:38,1289,74
6427024,207,0:11:38,12,-60,-270
6427024,210,0:11:39,1364,86
6427024,211,0:11:39,1662,85
6427024,207,0:11:39,12,-270,-645
6427024,210,0:11:40,1720,105
6427024,207,0:11:40,12,-645,-813
6427024,211,0:11:40,1828,105
6427024,210,0:11:41,1822,116
6427024,211,0:11:42,1810,116
6427024,210,0:11:44,746,277
6427024,207,0:11:45,12,-813,0
6427024,211,0:11:46,13,313
6427024,221,0:12:9,12
6427024,220,0:12:12,12
6427024,207,0:12:16,12,0,-30
6427024,210,0:12:16,1117,255
6427024,211,0:12:16,1261,250
6427024,207,0:12:16,12,-30,-240
6427024,207,0:12:19,12,-240,-195
6427024,210,0:12:19,124,107
6427024,207,0:12:19,12,-195,0
6427024,211,0:12:20,7,112
6427024,212,0:12:22,1
6427024,210,0:12:25,560,547
6427024,211,0:12:26,917,535
6427024,213,0:12:26,12,c_friends_G0a1P,true
6427024,210,0:12:29,1062,252
6427024,207,0:12:33,12,0,-1790
6427024,211,0:12:33,2760,255
6427024,210,0:12:34,1717,100
6427024,207,0:12:38,12,-1790,0
6427024,211,0:12:38,5,99
6427024,212,0:12:39,2
6427024,210,0:12:41,915,487
6427024,211,0:12:42,651,507
6427024,213,0:12:42,12,c_cousins_M_a_G0a1P,true
6427024,210,0:12:46,1089,121
6427024,211,0:12:47,1302,141
6427024,207,0:12:47,12,0,-285
6427024,210,0:12:47,1349,233
6427024,211,0:12:48,1644,198
6427024,207,0:12:48,12,-285,-645
6427024,212,0:12:49,1
6427024,212,0:12:50,0
6427024,210,0:12:51,1471,358
6427024,211,0:12:53,1365,471
6427024,213,0:12:53,12,c_friends_G0a1P,true
6427024,210,0:12:56,1743,402
6427024,211,0:12:58,2290,382
6427024,207,0:12:58,12,-645,-1305
6427024,212,0:12:59,1
6427024,210,0:13:0,2209,523
6427024,211,0:13:2,1874,280
6427024,213,0:13:2,12,c_mom_afri_a_G0a1P,true
6427024,205,0:13:2,12,c_mom_afri_a_G0a1P,false,false
6427024,210,0:13:6,2056,461
6427024,211,0:13:8,1780,267
6427024,213,0:13:8,12,c_dad_afri_a_G0a1P,true
6427024,205,0:13:8,12,c_dad_afri_a_G0a1P,false,false
6427024,212,0:13:43,0
6427024,210,0:13:44,1749,345
6427024,211,0:13:48,1392,507
6427024,213,0:13:48,12,c_friends_G0a1P,true
6427024,210,0:13:50,1233,386
6427024,211,0:13:51,758,389
6427024,207,0:13:51,12,-1305,-705
6427024,212,0:13:53,1
6427024,210,0:13:54,1474,514
6427024,207,0:14:0,12,-705,-480
6427024,211,0:14:2,889,551
6427024,213,0:14:2,12,c_friends_G0a1P,true
6427024,212,0:14:5,2
6427024,210,0:14:6,1186,514
6427024,211,0:14:7,902,529
6427024,213,0:14:7,12,c_friends_G0a1P,true
6427024,210,0:14:10,1380,120
6427024,211,0:14:11,1364,221
6427024,213,0:14:11,12,c_Teacher_G0a1P,true
6427024,205,0:14:11,12,c_Teacher_G0a1P,false,false
6427024,210,0:14:15,1341,381
6427024,207,0:14:17,12,-480,-720
6427024,211,0:14:18,1607,345
6427024,213,0:14:18,12,c_grandma_afri_a_G0a1P,true
6427024,205,0:14:18,12,c_grandma_afri_a_G0a1P,false,false
6427024,210,0:14:22,1572,447
6427024,207,0:14:25,12,-720,-930
6427024,211,0:14:28,1854,535
6427024,213,0:14:28,12,c_kidsister_afri_a_G0a1P,true
6427024,205,0:14:28,12,c_kidsister_afri_a_G0a1P,false,false
6427024,212,0:14:32,0
6427024,210,0:14:33,1771,521
6427024,211,0:14:35,1292,325
6427024,213,0:14:35,12,c_Nurse_G0a1P,true
6427024,205,0:14:35,12,c_Nurse_G0a1P,false,false
6427024,221,0:14:40,12
6427024,300,0:14:46
6427024,220,0:14:46,12
6427024,221,0:15:3,12
6427024,220,0:15:7,12
6427024,210,0:15:8,706,342
6427024,211,0:15:9,619,347
6427024,213,0:15:9,12,c_cousins_M_a_G0a1P,true
6427024,221,0:15:16,12
6427024,300,0:15:17
6427024,220,0:15:17,12
6427024,304,0:15:22,0,1,1,-1,,0,
6427024,304,0:15:24,0,3,0,-1,,0,
6427024,306,0:15:25,0,0,1
6427024,304,0:15:25,0,0,0,-1,,0,
6427024,304,0:15:28,0,1,0,-1,,0,
6427024,306,0:15:31,0,1,2
6427024,304,0:15:31,0,2,2,-1,,0,
6427024,210,0:15:40,1062,430
6427024,211,0:15:40,1257,430
6427024,207,0:15:40,12,0,-240
6427024,210,0:15:41,171,364
6427024,207,0:15:41,12,-240,0
6427024,211,0:15:42,6,371
6427024,212,0:15:45,2
6427024,210,0:15:46,907,501
6427024,207,0:15:49,12,0,-300
6427024,211,0:15:50,1181,275
6427024,213,0:15:50,12,c_family_afri_a_G0a0,true
6427024,210,0:16:3,1083,131
6427024,211,0:16:4,1422,139
6427024,207,0:16:4,12,0,-405
6427024,221,0:16:17,12
6427024,220,0:16:20,12
6427024,221,0:16:21,12
6427024,300,0:16:44
6427024,220,0:16:44,12
6427024,304,0:16:48,0,2,0,-1,,0,
6427024,302,0:16:52,0,2,1,4
6427024,306,0:16:55,0,2,3
6427024,304,0:16:55,0,2,1,-1,,4,
6427024,221,0:17:1,12
6427024,220,0:17:2,12
6427024,203,0:17:2,12
6427024,1003,0:17:5,3
6427024,100,0:17:11,0
6427024,102,0:17:13,0
6427024,200,0:17:13,0,0,0,0,0,6
6427024,219,0:17:13,0
6427024,216,0:17:15,Stack_G7a0
6427024,217,0:17:55,Stack_G7a0,32,0.00
6427024,218,0:17:57,0
6427024,213,0:18:0,0,s_vocabAssignment_G7a0,true
6427024,212,0:18:4,1
6427024,210,0:18:5,951,583
6427024,211,0:18:11,608,153
6427024,213,0:18:11,0,s_atwoodPoster_gen,true
6427024,210,0:18:17,818,423
6427024,207,0:18:26,0,-200,-518.45
6427024,211,0:18:37,1373,495
6427024,212,0:18:37,2
6427024,210,0:18:38,1451,534
6427024,211,0:18:39,1453,534
6427024,213,0:18:39,0,c_friend1_M_a_G7a0,true
6427024,210,0:18:43,1392,534
6427024,207,0:18:46,0,-518.45,-443.45
6427024,211,0:18:48,813,354
6427024,213,0:18:48,0,c_teacherEng_G7a0,false
6427024,219,0:18:53,0
6427024,216,0:18:54,Stack_G7a1N
6427024,217,0:18:58,Stack_G7a1N,2.1,17
6427024,218,0:18:59,0
6427024,212,0:19:3,1
6427024,210,0:19:4,1110,510
6427024,207,0:19:11,0,-400,-518.45
6427024,211,0:19:14,1069,305
6427024,212,0:19:14,2
6427024,210,0:19:15,1209,423
6427024,211,0:19:16,825,447
6427024,213,0:19:16,0,c_teacherEng_G7a1N,false
6427024,1003,0:19:20,2
6427024,1004,0:19:21,0
6427024,900,0:19:24,0,[]
6427024,901,0:19:31,0,[PeopleData_id:4]
6427024,904,0:19:31,0,[PeopleData_id:4]
6427024,902,0:19:37,0,[PeopleData_id:4,PeopleData_data0Type]
6427024,902,0:19:37,0,[PeopleData_id:4,PeopleData_data0Type]
6427024,903,0:19:38,0,[PeopleData_id4,PeopleData_data0Type]
6427024,902,0:19:41,0,[PeopleData_id:4,PeopleData_data2Type]
6427024,903,0:19:42,0,[PeopleData_id4,PeopleData_data2Type]
6427024,902,0:19:49,0,[PeopleData_id:4,PeopleData_data3Type]
6427024,903,0:19:50,0,[PeopleData_id4,PeopleData_data3Type]
6427024,902,0:19:52,0,[PeopleData_id:4,PeopleData_data1Type]
6427024,903,0:19:54,0,[PeopleData_id4,PeopleData_data1Type]
6427024,901,0:20:7,0,[PeopleData_id:4]
6427024,904,0:20:7,0,[PeopleData_id:4]
6427024,902,0:20:9,0,[PeopleData_id:4,PeopleData_data0Type]
6427024,902,0:20:10,0,[PeopleData_id:4,PeopleData_data0Type]
6427024,903,0:20:10,0,[PeopleData_id4,PeopleData_data0Type]
6427024,902,0:20:11,0,[PeopleData_id:4,PeopleData_data1Type]
6427024,903,0:20:13,0,[PeopleData_id4,PeopleData_data1Type]
6427024,901,0:20:22,0,[PeopleData_id:2]
6427024,902,0:20:24,0,[PeopleData_id:2,PeopleData_data1Type]
6427024,903,0:20:26,0,[PeopleData_id2,PeopleData_data1Type]
6427024,901,0:20:29,0,[PeopleData_id:4]
6427024,902,0:20:32,0,[PeopleData_id:4,PeopleData_data3Type]
6427024,903,0:20:39,0,[PeopleData_id4,PeopleData_data3Type]
6427024,901,0:20:51,0,[PeopleData_id:0]
6427024,902,0:20:58,0,[PeopleData_id:0,PeopleData_data0Type]
6427024,903,0:21:0,0,[PeopleData_id0,PeopleData_data0Type]
6427024,901,0:21:11,0,[PeopleData_id:4]
6427024,901,0:21:17,0,[PeopleData_id:4]
6427024,902,0:21:21,0,[PeopleData_id:4,PeopleData_data3Type]
6427024,903,0:21:31,0,[PeopleData_id4,PeopleData_data3Type]
6427024,901,0:21:49,0,[PeopleData_id:4]
6427024,904,0:21:49,0,[PeopleData_id:4]
6427024,901,0:21:49,0,[PeopleData_id:4]
6427024,902,0:21:50,0,[PeopleData_id:4,PeopleData_data0Type]
6427024,903,0:21:55,0,[PeopleData_id4,PeopleData_data0Type]
6427024,901,0:22:14,0,[PeopleData_id:2]
6427024,902,0:22:17,0,[PeopleData_id:2,PeopleData_data1Type]
6427024,903,0:22:22,0,[PeopleData_id2,PeopleData_data1Type]
6427024,902,0:22:45,0,[PeopleData_id:2,PeopleData_data3Type]
6427024,903,0:22:48,0,[PeopleData_id2,PeopleData_data3Type]
6427024,902,0:22:50,0,[PeopleData_id:2,PeopleData_data2Type]
6427024,902,0:22:50,0,[PeopleData_id:2,PeopleData_data1Type]
6427024,902,0:22:52,0,[PeopleData_id:2,PeopleData_data0Type]
6427024,903,0:22:55,0,[PeopleData_id2,PeopleData_data0Type]
6427024,901,0:23:0,0,[PeopleData_id:4]
6427024,904,0:23:0,0,[PeopleData_id:4]
6427024,901,0:23:6,0,[PeopleData_id:4]
6427024,902,0:23:7,0,[PeopleData_id:4,PeopleData_data1Type]
6427024,903,0:23:14,0,[PeopleData_id4,PeopleData_data1Type]
6427024,901,0:23:15,0,[PeopleData_id:4]
6427024,904,0:23:15,0,[PeopleData_id:4]
6427024,905,0:23:16,0,[PeopleData_id:4,RankTypes_id:-1,RankTypes_id:1]
6427024,901,0:23:18,0,[PeopleData_id:2]
6427024,904,0:23:19,0,[PeopleData_id:2]
6427024,902,0:23:19,0,[PeopleData_id:2,PeopleData_data3Type]
6427024,903,0:23:24,0,[PeopleData_id2,PeopleData_data3Type]
6427024,901,0:23:25,0,[PeopleData_id:2]
6427024,904,0:23:25,0,[PeopleData_id:2]
6427024,905,0:23:26,0,[PeopleData_id:2,RankTypes_id:-1,RankTypes_id:2]
6427024,901,0:23:28,0,[PeopleData_id:3]
6427024,904,0:23:28,0,[PeopleData_id:3]
6427024,902,0:23:30,0,[PeopleData_id:3,PeopleData_data2Type]
6427024,903,0:23:36,0,[PeopleData_id3,PeopleData_data2Type]
6427024,901,0:23:37,0,[PeopleData_id:3]
6427024,904,0:23:37,0,[PeopleData_id:3]
6427024,905,0:23:39,0,[PeopleData_id:3,RankTypes_id:-1,RankTypes_id:2]
6427024,901,0:23:41,0,[PeopleData_id:1]
6427024,902,0:23:43,0,[PeopleData_id:1,PeopleData_data2Type]
6427024,903,0:23:48,0,[PeopleData_id1,PeopleData_data2Type]
6427024,901,0:23:49,0,[PeopleData_id:1]
6427024,904,0:23:49,0,[PeopleData_id:1]
6427024,905,0:23:51,0,[PeopleData_id:1,RankTypes_id:-1,RankTypes_id:0]
6427024,901,0:23:53,0,[PeopleData_id:0]
6427024,902,0:23:55,0,[PeopleData_id:0,PeopleData_data1Type]
6427024,903,0:24:2,0,[PeopleData_id0,PeopleData_data1Type]
6427024,902,0:24:2,0,[PeopleData_id:0,PeopleData_data0Type]
6427024,903,0:24:8,0,[PeopleData_id0,PeopleData_data0Type]
6427024,902,0:24:9,0,[PeopleData_id:0,PeopleData_data2Type]
6427024,903,0:24:13,0,[PeopleData_id0,PeopleData_data2Type]
6427024,902,0:24:14,0,[PeopleData_id:0,PeopleData_data0Type]
6427024,903,0:24:19,0,[PeopleData_id0,PeopleData_data0Type]
6427024,902,0:24:23,0,[PeopleData_id:0,PeopleData_data1Type]
6427024,903,0:24:26,0,[PeopleData_id0,PeopleData_data1Type]
6427024,902,0:24:27,0,[PeopleData_id:0,PeopleData_data2Type]
6427024,903,0:24:29,0,[PeopleData_id0,PeopleData_data2Type]
6427024,902,0:24:30,0,[PeopleData_id:0,PeopleData_data3Type]
6427024,903,0:24:36,0,[PeopleData_id0,PeopleData_data3Type]
6427024,901,0:24:37,0,[PeopleData_id:0]
6427024,904,0:24:37,0,[PeopleData_id:0]
6427024,905,0:24:39,0,[PeopleData_id:0,RankTypes_id:-1,RankTypes_id:3]
6427024,906,0:24:39,0,[]
6427024,907,0:24:41,0,[]
6427024,908,0:24:41,0,[InvitationData_id:6,PeopleData_id:0,RankTypes_id:3]
6427024,901,0:24:49,0,[PeopleData_id:3]
6427024,901,0:24:50,0,[PeopleData_id:3]
6427024,901,0:24:51,0,[PeopleData_id:0]
6427024,901,0:24:52,0,[PeopleData_id:2]
6427024,909,0:25:2,0,[InvitationData_id:6,PeopleData_id:0,RankTypes_id:3,0]
6427024,910,0:25:4,0,[InvitationData_id:6,-7,false]
6427024,908,0:25:4,0,[InvitationData_id:0,PeopleData_id:0,RankTypes_id:3]
6427024,909,0:25:8,0,[InvitationData_id:0,PeopleData_id:0,RankTypes_id:3,1]
6427024,910,0:25:9,0,[InvitationData_id:0,7,false]
6427024,908,0:25:9,0,[InvitationData_id:8,PeopleData_id:0,RankTypes_id:3]
6427024,909,0:25:13,0,[InvitationData_id:8,PeopleData_id:0,RankTypes_id:3,1]
6427024,910,0:25:16,0,[InvitationData_id:8,7,false]
6427024,908,0:25:16,0,[InvitationData_id:3,PeopleData_id:3,RankTypes_id:2]
6427024,909,0:25:21,0,[InvitationData_id:3,PeopleData_id:3,RankTypes_id:2,1]
6427024,910,0:25:23,0,[InvitationData_id:3,5,false]
6427024,908,0:25:23,0,[InvitationData_id:1,PeopleData_id:0,RankTypes_id:3]
6427024,909,0:25:28,0,[InvitationData_id:1,PeopleData_id:0,RankTypes_id:3,0]
6427024,910,0:25:30,0,[InvitationData_id:1,-7,false]
6427024,908,0:25:30,0,[InvitationData_id:10,PeopleData_id:2,RankTypes_id:2]
6427024,909,0:25:37,0,[InvitationData_id:10,PeopleData_id:2,RankTypes_id:2,1]
6427024,910,0:25:39,0,[InvitationData_id:10,0,true]
6427024,908,0:25:39,0,[InvitationData_id:2,PeopleData_id:2,RankTypes_id:2]
6427024,909,0:25:43,0,[InvitationData_id:2,PeopleData_id:2,RankTypes_id:2,0]
6427024,910,0:25:44,0,[InvitationData_id:2,-2,false]
6427024,908,0:25:44,0,[InvitationData_id:4,PeopleData_id:2,RankTypes_id:2]
6427024,909,0:25:47,0,[InvitationData_id:4,PeopleData_id:2,RankTypes_id:2,1]
6427024,910,0:25:49,0,[InvitationData_id:4,0,true]
6427024,908,0:25:49,0,[InvitationData_id:9,PeopleData_id:4,RankTypes_id:1]
6427024,909,0:25:55,0,[InvitationData_id:9,PeopleData_id:4,RankTypes_id:1,1]
6427024,910,0:25:56,0,[InvitationData_id:9,0,true]
6427024,912,0:25:57,0,[]
6427024,1000,0:26:0,0,[]
6427024,900,0:26:3,0,[]
6427024,901,0:26:6,0,[PeopleData_id:3]
6427024,904,0:26:6,0,[PeopleData_id:3]
6427024,902,0:26:9,0,[PeopleData_id:3,PeopleData_data2Type]
6427024,903,0:26:13,0,[PeopleData_id3,PeopleData_data2Type]
6427024,901,0:26:14,0,[PeopleData_id:3]
6427024,904,0:26:14,0,[PeopleData_id:3]
6427024,905,0:26:15,0,[PeopleData_id:3,RankTypes_id:-1,RankTypes_id:2]
6427024,902,0:26:16,0,[PeopleData_id:3,PeopleData_data2Type]
6427024,903,0:26:18,0,[PeopleData_id3,PeopleData_data2Type]
6427024,901,0:26:18,0,[PeopleData_id:2]
6427024,902,0:26:20,0,[PeopleData_id:2,PeopleData_data2Type]
6427024,903,0:26:30,0,[PeopleData_id2,PeopleData_data2Type]
6427024,901,0:26:30,0,[PeopleData_id:2]
6427024,904,0:26:31,0,[PeopleData_id:2]
6427024,905,0:26:31,0,[PeopleData_id:2,RankTypes_id:-1,RankTypes_id:0]
6427024,902,0:26:32,0,[PeopleData_id:2,PeopleData_data3Type]
6427024,903,0:26:37,0,[PeopleData_id2,PeopleData_data3Type]
6427024,901,0:26:38,0,[PeopleData_id:1]
6427024,902,0:26:39,0,[PeopleData_id:1,PeopleData_data3Type]
6427024,903,0:26:45,0,[PeopleData_id1,PeopleData_data3Type]
6427024,901,0:26:46,0,[PeopleData_id:1]
6427024,904,0:26:46,0,[PeopleData_id:1]
6427024,905,0:26:46,0,[PeopleData_id:1,RankTypes_id:-1,RankTypes_id:3]
6427024,901,0:26:59,0,[PeopleData_id:0]
6427024,904,0:26:59,0,[PeopleData_id:0]
6427024,902,0:27:1,0,[PeopleData_id:0,PeopleData_data0Type]
6427024,903,0:27:4,0,[PeopleData_id0,PeopleData_data0Type]
6427024,901,0:27:5,0,[PeopleData_id:0]
6427024,904,0:27:5,0,[PeopleData_id:0]
6427024,905,0:27:6,0,[PeopleData_id:0,RankTypes_id:-1,RankTypes_id:3]
6427024,902,0:27:9,0,[PeopleData_id:0,PeopleData_data3Type]
6427024,903,0:27:13,0,[PeopleData_id0,PeopleData_data3Type]
6427024,901,0:27:13,0,[PeopleData_id:4]
6427024,904,0:27:13,0,[PeopleData_id:4]
6427024,902,0:27:14,0,[PeopleData_id:4,PeopleData_data0Type]
6427024,903,0:27:17,0,[PeopleData_id4,PeopleData_data0Type]
6427024,901,0:27:19,0,[PeopleData_id:4]
6427024,904,0:27:19,0,[PeopleData_id:4]
6427024,905,0:27:20,0,[PeopleData_id:4,RankTypes_id:-1,RankTypes_id:3]
6427024,906,0:27:20,0,[]
6427024,907,0:27:22,0,[]
6427024,908,0:27:22,0,[InvitationData_id:8,PeopleData_id:0,RankTypes_id:3]
6427024,909,0:27:26,0,[InvitationData_id:8,PeopleData_id:0,RankTypes_id:3,1]
6427024,910,0:27:28,0,[InvitationData_id:8,7,false]
6427024,908,0:27:28,0,[InvitationData_id:6,PeopleData_id:0,RankTypes_id:3]
6427024,909,0:27:33,0,[InvitationData_id:6,PeopleData_id:0,RankTypes_id:3,1]
6427024,910,0:27:35,0,[InvitationData_id:6,7,false]
6427024,908,0:27:35,0,[InvitationData_id:9,PeopleData_id:4,RankTypes_id:3]
6427024,909,0:27:38,0,[InvitationData_id:9,PeopleData_id:4,RankTypes_id:3,1]
6427024,910,0:27:39,0,[InvitationData_id:9,0,true]
6427024,908,0:27:39,0,[InvitationData_id:1,PeopleData_id:0,RankTypes_id:3]
6427024,909,0:27:42,0,[InvitationData_id:1,PeopleData_id:0,RankTypes_id:3,1]
6427024,910,0:27:43,0,[InvitationData_id:1,7,false]
6427024,908,0:27:43,0,[InvitationData_id:0,PeopleData_id:0,RankTypes_id:3]
6427024,909,0:27:46,0,[InvitationData_id:0,PeopleData_id:0,RankTypes_id:3,1]
6427024,910,0:27:47,0,[InvitationData_id:0,7,false]
6427024,908,0:27:47,0,[InvitationData_id:5,PeopleData_id:4,RankTypes_id:3]
6427024,901,0:27:57,0,[PeopleData_id:2]
6427024,901,0:27:58,0,[PeopleData_id:3]
6427024,901,0:28:0,0,[PeopleData_id:4]
6427024,909,0:28:1,0,[InvitationData_id:5,PeopleData_id:4,RankTypes_id:3,0]
6427024,910,0:28:2,0,[InvitationData_id:5,-7,false]
6427024,908,0:28:2,0,[InvitationData_id:4,PeopleData_id:4,RankTypes_id:3]
6427024,909,0:28:5,0,[InvitationData_id:4,PeopleData_id:4,RankTypes_id:3,1]
6427024,910,0:28:7,0,[InvitationData_id:4,0,true]
6427024,908,0:28:7,0,[InvitationData_id:7,PeopleData_id:1,RankTypes_id:3]
6427024,909,0:28:10,0,[InvitationData_id:7,PeopleData_id:1,RankTypes_id:3,1]
6427024,910,0:28:11,0,[InvitationData_id:7,0,true]
6427024,912,0:28:13,0,[]
6427024,1001,0:28:15,0,[]
6427024,1003,0:28:15,2
6427024,1004,0:28:16,0
6427024,900,0:28:18,0,[]
6427024,901,0:28:20,0,[PeopleData_id:4]
6427024,904,0:28:20,0,[PeopleData_id:4]
6427024,902,0:28:21,0,[PeopleData_id:4,PeopleData_data0Type]
6427024,903,0:28:23,0,[PeopleData_id4,PeopleData_data0Type]
6427024,901,0:28:24,0,[PeopleData_id:4]
6427024,904,0:28:24,0,[PeopleData_id:4]
6427024,905,0:28:25,0,[PeopleData_id:4,RankTypes_id:-1,RankTypes_id:3]
6427024,902,0:28:26,0,[PeopleData_id:4,PeopleData_data0Type]
6427024,903,0:28:27,0,[PeopleData_id4,PeopleData_data0Type]
6427024,901,0:28:28,0,[PeopleData_id:4]
6427024,904,0:28:28,0,[PeopleData_id:4]
6427024,905,0:28:29,0,[PeopleData_id:4,RankTypes_id:3,RankTypes_id:4]
6427024,901,0:28:29,0,[PeopleData_id:4]
6427024,904,0:28:29,0,[PeopleData_id:4]
6427024,905,0:28:30,0,[PeopleData_id:4,RankTypes_id:4,RankTypes_id:3]
6427024,901,0:28:31,0,[PeopleData_id:0]
6427024,902,0:28:32,0,[PeopleData_id:0,PeopleData_data0Type]
6427024,903,0:28:35,0,[PeopleData_id0,PeopleData_data0Type]
6427024,901,0:28:36,0,[PeopleData_id:0]
6427024,904,0:28:36,0,[PeopleData_id:0]
6427024,905,0:28:37,0,[PeopleData_id:0,RankTypes_id:-1,RankTypes_id:2]
6427024,902,0:28:38,0,[PeopleData_id:0,PeopleData_data0Type]
6427024,903,0:28:39,0,[PeopleData_id0,PeopleData_data0Type]
6427024,901,0:28:40,0,[PeopleData_id:1]
6427024,902,0:28:40,0,[PeopleData_id:1,PeopleData_data0Type]
6427024,903,0:28:44,0,[PeopleData_id1,PeopleData_data0Type]
6427024,901,0:28:44,0,[PeopleData_id:1]
6427024,904,0:28:44,0,[PeopleData_id:1]
6427024,905,0:28:45,0,[PeopleData_id:1,RankTypes_id:-1,RankTypes_id:0]
6427024,902,0:28:46,0,[PeopleData_id:1,PeopleData_data0Type]
6427024,903,0:28:47,0,[PeopleData_id1,PeopleData_data0Type]
6427024,901,0:28:47,0,[PeopleData_id:3]
6427024,902,0:29:9,0,[PeopleData_id:3,PeopleData_data0Type]
6427024,903,0:29:15,0,[PeopleData_id3,PeopleData_data0Type]
6427024,901,0:29:15,0,[PeopleData_id:3]
6427024,904,0:29:16,0,[PeopleData_id:3]
6427024,905,0:29:16,0,[PeopleData_id:3,RankTypes_id:-1,RankTypes_id:4]
6427024,901,0:29:18,0,[PeopleData_id:2]
6427024,902,0:29:18,0,[PeopleData_id:2,PeopleData_data2Type]
6427024,903,0:29:23,0,[PeopleData_id2,PeopleData_data2Type]
6427024,901,0:29:23,0,[PeopleData_id:2]
6427024,904,0:29:23,0,[PeopleData_id:2]
6427024,905,0:29:24,0,[PeopleData_id:2,RankTypes_id:-1,RankTypes_id:0]
6427024,906,0:29:24,0,[]
6427024,907,0:29:25,0,[]
6427024,908,0:29:25,0,[InvitationData_id:3,PeopleData_id:3,RankTypes_id:4]
6427024,909,0:29:28,0,[InvitationData_id:3,PeopleData_id:3,RankTypes_id:4,1]
6427024,910,0:29:29,0,[InvitationData_id:3,9,false]
6427024,908,0:29:29,0,[InvitationData_id:9,PeopleData_id:4,RankTypes_id:3]
6427024,909,0:29:31,0,[InvitationData_id:9,PeopleData_id:4,RankTypes_id:3,1]
6427024,910,0:29:35,0,[InvitationData_id:9,0,true]
6427024,908,0:29:35,0,[InvitationData_id:1,PeopleData_id:0,RankTypes_id:2]
6427024,909,0:29:38,0,[InvitationData_id:1,PeopleData_id:0,RankTypes_id:2,1]
6427024,910,0:29:39,0,[InvitationData_id:1,5,false]
6427024,908,0:29:39,0,[InvitationData_id:6,PeopleData_id:3,RankTypes_id:4]
6427024,909,0:29:41,0,[InvitationData_id:6,PeopleData_id:3,RankTypes_id:4,1]
6427024,910,0:29:42,0,[InvitationData_id:6,9,false]
6427024,908,0:29:42,0,[InvitationData_id:0,PeopleData_id:3,RankTypes_id:4]
6427024,909,0:29:45,0,[InvitationData_id:0,PeopleData_id:3,RankTypes_id:4,1]
6427024,910,0:29:45,0,[InvitationData_id:0,9,false]
6427024,908,0:29:45,0,[InvitationData_id:5,PeopleData_id:4,RankTypes_id:3]
6427024,909,0:30:4,0,[InvitationData_id:5,PeopleData_id:4,RankTypes_id:3,0]
6427024,910,0:30:5,0,[InvitationData_id:5,-7,false]
6427024,908,0:30:5,0,[InvitationData_id:8,PeopleData_id:3,RankTypes_id:4]
6427024,909,0:30:10,0,[InvitationData_id:8,PeopleData_id:3,RankTypes_id:4,1]
6427024,910,0:30:11,0,[InvitationData_id:8,9,false]
6427024,908,0:30:11,0,[InvitationData_id:4,PeopleData_id:4,RankTypes_id:3]
6427024,909,0:30:15,0,[InvitationData_id:4,PeopleData_id:4,RankTypes_id:3,0]
6427024,910,0:30:17,0,[InvitationData_id:4,-7,false]
6427024,911,0:30:20,0,[27,1,0,1]
6427024,1005,0:30:20,0,[2,0,2]
6427024,1001,0:30:22,0,[]
6427024,1003,0:30:22,2
6427024,1004,0:30:27,0
6427024,900,0:30:29,0,[]
6427024,901,0:30:33,0,[PeopleData_id:4]
6427024,902,0:30:33,0,[PeopleData_id:4,PeopleData_data1Type]
6427024,903,0:30:36,0,[PeopleData_id4,PeopleData_data1Type]
6427024,901,0:30:36,0,[PeopleData_id:4]
6427024,904,0:30:37,0,[PeopleData_id:4]
6427024,905,0:30:37,0,[PeopleData_id:4,RankTypes_id:-1,RankTypes_id:2]
6427024,902,0:30:38,0,[PeopleData_id:4,PeopleData_data1Type]
6427024,903,0:30:38,0,[PeopleData_id4,PeopleData_data1Type]
6427024,901,0:30:39,0,[PeopleData_id:1]
6427024,904,0:30:39,0,[PeopleData_id:1]
6427024,902,0:30:40,0,[PeopleData_id:1,PeopleData_data0Type]
6427024,903,0:30:42,0,[PeopleData_id1,PeopleData_data0Type]
6427024,901,0:30:43,0,[PeopleData_id:1]
6427024,904,0:30:43,0,[PeopleData_id:1]
6427024,905,0:30:43,0,[PeopleData_id:1,RankTypes_id:-1,RankTypes_id:0]
6427024,902,0:30:44,0,[PeopleData_id:1,PeopleData_data0Type]
6427024,903,0:30:46,0,[PeopleData_id1,PeopleData_data0Type]
6427024,901,0:30:47,0,[PeopleData_id:3]
6427024,902,0:30:48,0,[PeopleData_id:3,PeopleData_data0Type]
6427024,902,0:30:48,0,[PeopleData_id:3,PeopleData_data0Type]
6427024,903,0:30:51,0,[PeopleData_id3,PeopleData_data0Type]
6427024,901,0:30:52,0,[PeopleData_id:3]
6427024,904,0:30:52,0,[PeopleData_id:3]
6427024,905,0:30:53,0,[PeopleData_id:3,RankTypes_id:-1,RankTypes_id:4]
6427024,902,0:30:53,0,[PeopleData_id:3,PeopleData_data0Type]
6427024,903,0:30:54,0,[PeopleData_id3,PeopleData_data0Type]
6427024,901,0:30:55,0,[PeopleData_id:2]
6427024,902,0:30:55,0,[PeopleData_id:2,PeopleData_data0Type]
6427024,903,0:31:1,0,[PeopleData_id2,PeopleData_data0Type]
6427024,901,0:31:2,0,[PeopleData_id:2]
6427024,904,0:31:2,0,[PeopleData_id:2]
6427024,905,0:31:3,0,[PeopleData_id:2,RankTypes_id:-1,RankTypes_id:3]
6427024,901,0:31:4,0,[PeopleData_id:0]
6427024,904,0:31:4,0,[PeopleData_id:0]
6427024,902,0:31:5,0,[PeopleData_id:0,PeopleData_data1Type]
6427024,903,0:31:9,0,[PeopleData_id0,PeopleData_data1Type]
6427024,901,0:31:10,0,[PeopleData_id:0]
6427024,904,0:31:10,0,[PeopleData_id:0]
6427024,905,0:31:10,0,[PeopleData_id:0,RankTypes_id:-1,RankTypes_id:3]
6427024,906,0:31:10,0,[]
6427024,907,0:31:12,0,[]
6427024,908,0:31:12,0,[InvitationData_id:0,PeopleData_id:3,RankTypes_id:4]
6427024,909,0:31:14,0,[InvitationData_id:0,PeopleData_id:3,RankTypes_id:4,1]
6427024,910,0:31:15,0,[InvitationData_id:0,9,false]
6427024,908,0:31:15,0,[InvitationData_id:5,PeopleData_id:4,RankTypes_id:2]
6427024,909,0:31:18,0,[InvitationData_id:5,PeopleData_id:4,RankTypes_id:2,0]
6427024,910,0:31:19,0,[InvitationData_id:5,-2,false]
6427024,908,0:31:19,0,[InvitationData_id:6,PeopleData_id:3,RankTypes_id:4]
6427024,909,0:31:21,0,[InvitationData_id:6,PeopleData_id:3,RankTypes_id:4,1]
6427024,910,0:31:22,0,[InvitationData_id:6,9,false]
6427024,908,0:31:22,0,[InvitationData_id:2,PeopleData_id:2,RankTypes_id:3]
6427024,909,0:31:25,0,[InvitationData_id:2,PeopleData_id:2,RankTypes_id:3,0]
6427024,910,0:31:26,0,[InvitationData_id:2,-7,false]
6427024,908,0:31:26,0,[InvitationData_id:4,PeopleData_id:2,RankTypes_id:3]
6427024,909,0:31:32,0,[InvitationData_id:4,PeopleData_id:2,RankTypes_id:3,0]
6427024,910,0:31:33,0,[InvitationData_id:4,-7,false]
6427024,908,0:31:33,0,[InvitationData_id:10,PeopleData_id:2,RankTypes_id:3]
6427024,909,0:31:37,0,[InvitationData_id:10,PeopleData_id:2,RankTypes_id:3,1]
6427024,910,0:31:42,0,[InvitationData_id:10,0,true]
6427024,908,0:31:42,0,[InvitationData_id:8,PeopleData_id:3,RankTypes_id:4]
6427024,909,0:31:45,0,[InvitationData_id:8,PeopleData_id:3,RankTypes_id:4,1]
6427024,910,0:31:46,0,[InvitationData_id:8,9,false]
6427024,908,0:31:46,0,[InvitationData_id:1,PeopleData_id:0,RankTypes_id:3]
6427024,909,0:31:49,0,[InvitationData_id:1,PeopleData_id:0,RankTypes_id:3,1]
6427024,910,0:31:51,0,[InvitationData_id:1,7,false]
6427024,908,0:31:51,0,[InvitationData_id:3,PeopleData_id:3,RankTypes_id:4]
6427024,909,0:31:57,0,[InvitationData_id:3,PeopleData_id:3,RankTypes_id:4,1]
6427024,910,0:31:58,0,[InvitationData_id:3,9,false]
6427024,908,0:31:58,0,[InvitationData_id:9,PeopleData_id:4,RankTypes_id:2]
6427024,909,0:32:2,0,[InvitationData_id:9,PeopleData_id:4,RankTypes_id:2,0]
6427024,910,0:32:3,0,[InvitationData_id:9,-2,false]
6427024,911,0:32:14,0,[25,1,0,1]
6427024,1001,0:32:19,0,[]
6427024,1003,0:32:19,2
6427024,1004,0:32:20,0
6427024,900,0:32:26,0,[]
6427024,901,0:32:27,0,[PeopleData_id:0]
6427024,902,0:32:28,0,[PeopleData_id:0,PeopleData_data2Type]
6427024,903,0:32:32,0,[PeopleData_id0,PeopleData_data2Type]
6427024,901,0:32:33,0,[PeopleData_id:0]
6427024,904,0:32:33,0,[PeopleData_id:0]
6427024,905,0:32:34,0,[PeopleData_id:0,RankTypes_id:-1,RankTypes_id:3]
6427024,901,0:32:36,0,[PeopleData_id:3]
6427024,904,0:32:36,0,[PeopleData_id:3]
6427024,902,0:32:37,0,[PeopleData_id:3,PeopleData_data2Type]
6427024,903,0:32:43,0,[PeopleData_id3,PeopleData_data2Type]
6427024,901,0:32:43,0,[PeopleData_id:3]
6427024,904,0:32:43,0,[PeopleData_id:3]
6427024,905,0:32:44,0,[PeopleData_id:3,RankTypes_id:-1,RankTypes_id:1]
6427024,902,0:32:45,0,[PeopleData_id:3,PeopleData_data2Type]
6427024,903,0:32:46,0,[PeopleData_id3,PeopleData_data2Type]
6427024,901,0:32:46,0,[PeopleData_id:4]
6427024,904,0:32:46,0,[PeopleData_id:4]
6427024,902,0:32:47,0,[PeopleData_id:4,PeopleData_data1Type]
6427024,903,0:32:52,0,[PeopleData_id4,PeopleData_data1Type]
6427024,901,0:32:53,0,[PeopleData_id:4]
6427024,904,0:32:53,0,[PeopleData_id:4]
6427024,905,0:32:55,0,[PeopleData_id:4,RankTypes_id:-1,RankTypes_id:2]
6427024,901,0:32:56,0,[PeopleData_id:2]
6427024,902,0:32:57,0,[PeopleData_id:2,PeopleData_data0Type]
6427024,903,0:33:0,0,[PeopleData_id2,PeopleData_data0Type]
6427024,901,0:33:0,0,[PeopleData_id:2]
6427024,904,0:33:0,0,[PeopleData_id:2]
6427024,905,0:33:1,0,[PeopleData_id:2,RankTypes_id:-1,RankTypes_id:3]
6427024,901,0:33:2,0,[PeopleData_id:1]
6427024,904,0:33:2,0,[PeopleData_id:1]
6427024,902,0:33:3,0,[PeopleData_id:1,PeopleData_data0Type]
6427024,903,0:33:6,0,[PeopleData_id1,PeopleData_data0Type]
6427024,901,0:33:6,0,[PeopleData_id:1]
6427024,904,0:33:6,0,[PeopleData_id:1]
6427024,905,0:33:7,0,[PeopleData_id:1,RankTypes_id:-1,RankTypes_id:0]
6427024,906,0:33:7,0,[]
6427024,907,0:33:8,0,[]
6427024,908,0:33:8,0,[InvitationData_id:6,PeopleData_id:0,RankTypes_id:3]
6427024,909,0:33:11,0,[InvitationData_id:6,PeopleData_id:0,RankTypes_id:3,1]
6427024,910,0:33:12,0,[InvitationData_id:6,7,false]
6427024,908,0:33:12,0,[InvitationData_id:0,PeopleData_id:0,RankTypes_id:3]
6427024,909,0:33:15,0,[InvitationData_id:0,PeopleData_id:0,RankTypes_id:3,1]
6427024,910,0:33:15,0,[InvitationData_id:0,7,false]
6427024,908,0:33:15,0,[InvitationData_id:5,PeopleData_id:4,RankTypes_id:2]
6427024,909,0:33:19,0,[InvitationData_id:5,PeopleData_id:4,RankTypes_id:2,0]
6427024,910,0:33:19,0,[InvitationData_id:5,-2,false]
6427024,908,0:33:19,0,[InvitationData_id:1,PeopleData_id:0,RankTypes_id:3]
6427024,909,0:33:22,0,[InvitationData_id:1,PeopleData_id:0,RankTypes_id:3,1]
6427024,910,0:33:23,0,[InvitationData_id:1,7,false]
6427024,908,0:33:23,0,[InvitationData_id:10,PeopleData_id:2,RankTypes_id:3]
6427024,909,0:33:26,0,[InvitationData_id:10,PeopleData_id:2,RankTypes_id:3,0]
6427024,910,0:33:27,0,[InvitationData_id:10,-7,false]
6427024,908,0:33:27,0,[InvitationData_id:9,PeopleData_id:4,RankTypes_id:2]
6427024,909,0:33:30,0,[InvitationData_id:9,PeopleData_id:4,RankTypes_id:2,0]
6427024,910,0:33:31,0,[InvitationData_id:9,-2,false]
6427024,908,0:33:31,0,[InvitationData_id:2,PeopleData_id:2,RankTypes_id:3]
6427024,909,0:33:33,0,[InvitationData_id:2,PeopleData_id:2,RankTypes_id:3,0]
6427024,910,0:33:33,0,[InvitationData_id:2,-7,false]
6427024,908,0:33:33,0,[InvitationData_id:8,PeopleData_id:0,RankTypes_id:3]
6427024,909,0:33:36,0,[InvitationData_id:8,PeopleData_id:0,RankTypes_id:3,1]
6427024,910,0:33:37,0,[InvitationData_id:8,7,false]
6427024,908,0:33:37,0,[InvitationData_id:3,PeopleData_id:3,RankTypes_id:1]
6427024,909,0:33:40,0,[InvitationData_id:3,PeopleData_id:3,RankTypes_id:1,1]
6427024,910,0:33:41,0,[InvitationData_id:3,3,false]
6427024,908,0:33:41,0,[InvitationData_id:4,PeopleData_id:2,RankTypes_id:3]
6427024,909,0:33:43,0,[InvitationData_id:4,PeopleData_id:2,RankTypes_id:3,0]
6427024,910,0:33:44,0,[InvitationData_id:4,-7,false]
6427024,911,0:34:1,0,[6,0,0,0]
6427024,1001,0:34:6,0,[]
6427024,1003,0:34:6,2
6427024,210,0:34:25,1058,420
6427024,211,0:34:26,856,432
6427024,213,0:34:26,0,c_teacherEng_G7a1N,true
6427024,205,0:34:26,0,c_teacherEng_G7a1N,false,false
6427024,212,0:34:31,1
6427024,210,0:34:32,1266,551
6427024,207,0:34:35,0,-400,-505
6427024,207,0:34:41,0,-505,-220
6427024,207,0:34:43,0,-220,0
6427024,211,0:34:49,798,479
6427024,212,0:34:50,0
6427024,210,0:34:50,1071,542
6427024,207,0:34:50,0,0,-150
6427024,211,0:34:50,1063,470
6427024,210,0:34:51,1028,511
6427024,211,0:34:53,367,573
6427024,210,0:34:58,395,76
6427024,211,0:35:0,428,73
6427024,210,0:35:0,679,223
6427024,207,0:35:5,0,-150,-518.45
6427024,211,0:35:7,1222,374
6427024,212,0:35:8,2
6427024,210,0:35:9,1292,529
6427024,211,0:35:10,858,500
6427024,213,0:35:10,0,c_teacherEng_G7a1N,true
6427024,205,0:35:10,0,c_teacherEng_G7a1N,false,true
6427024,212,0:35:14,1
6427024,210,0:35:16,1350,540
6427024,211,0:35:18,1206,502
6427024,213,0:35:18,0,s_otherStudent2_G7a1N,true
6427024,204,0:35:23,0
6427024,100,0:35:26,0
6427024,102,0:35:27,0
6427024,200,0:35:27,0,0,0,2,0,6
6427024,212,0:35:35,2
6427024,210,0:35:35,1306,562
6427024,207,0:35:36,0,-400,-475
6427024,211,0:35:37,861,534
6427024,213,0:35:37,0,c_teacherEng_G7a1N,true
6427024,205,0:35:37,0,c_teacherEng_G7a1N,false,true
6427024,210,0:35:41,1178,548
6427024,211,0:35:43,1050,526
6427024,213,0:35:43,0,c_bestFriend_M_a_G7a1N,true
6427024,205,0:35:43,0,c_bestFriend_M_a_G7a1N,false,false
6427024,210,0:35:46,1225,506
6427024,207,0:35:47,0,-475,-518.45
6427024,207,0:35:51,0,-518.45,-293.45
6427024,207,0:35:53,0,-293.45,-98.45
6427024,207,0:35:53,0,-98.45,0
6427024,211,0:35:56,342,558
6427024,212,0:35:57,0
6427024,210,0:35:57,895,540
6427024,207,0:36:6,0,0,-135
6427024,207,0:36:6,0,-135,-195
6427024,207,0:36:8,0,-195,-518.45
6427024,211,0:36:14,861,461
6427024,210,0:36:15,1007,475
6427024,207,0:36:17,0,-518.45,-308.45
6427024,211,0:36:19,683,580
6427024,213,0:36:19,0,s_otherStudent1_G7a1N,true
6427024,212,0:36:24,1
6427024,210,0:36:24,1186,491
6427024,207,0:36:34,0,-308.45,-413.45
6427024,207,0:36:40,0,-413.45,0
6427024,207,0:36:51,0,0,-240
6427024,211,0:36:51,1154,691
6427024,210,0:36:53,1014,507
6427024,211,0:36:54,993,484
6427024,212,0:36:57,0
6427024,210,0:36:58,995,400
6427024,211,0:36:59,1134,243
6427024,210,0:37:1,989,329
6427024,211,0:37:3,612,170
6427024,213,0:37:3,0,s_atwoodPoster_gen,true
6427024,212,0:37:22,2
6427024,210,0:37:24,1063,539
6427024,211,0:37:25,1057,530
6427024,213,0:37:25,0,c_bestFriend_M_a_G7a1N,true
6427024,205,0:37:25,0,c_bestFriend_M_a_G7a1N,false,true
6427024,210,0:37:29,976,516
6427024,207,0:37:30,0,-240,-315
6427024,207,0:37:31,0,-315,-518.45
6427024,211,0:37:36,462,584
6427024,207,0:37:36,0,-518.45,-443.45
6427024,210,0:37:36,408,536
6427024,207,0:37:37,0,-443.45,-338.45
6427024,207,0:37:38,0,-338.45,0
6427024,211,0:37:45,827,348
6427024,213,0:37:45,0,c_teacherEng_G7a1N,true
6427024,205,0:37:45,0,c_teacherEng_G7a1N,false,true
6427024,210,0:37:51,1092,383
6427024,211,0:37:51,1410,365
6427024,207,0:37:51,0,0,-405
6427024,210,0:37:52,1321,137
6427024,211,0:37:57,596,154
6427024,213,0:37:57,0,s_atwoodPoster_gen,true
6427024,212,0:38:1,1
6427024,210,0:38:1,1179,121
6427024,211,0:38:3,564,224
6427024,212,0:38:4,0
6427024,210,0:38:5,1174,77
6427024,211,0:38:7,630,169
6427024,213,0:38:7,0,s_atwoodPoster_gen,true
6427024,210,0:38:9,914,463
6427024,211,0:38:14,1465,559
6427024,207,0:38:14,0,-405,-480
6427024,207,0:38:14,0,-480,-518.45
6427024,210,0:38:14,1475,498
6427024,211,0:38:20,1331,390
6427024,210,0:38:22,1146,325
6427024,207,0:38:23,0,-518.45,-413.45
6427024,207,0:38:25,0,-413.45,-233.45
6427024,211,0:38:25,461,212
6427024,213,0:38:25,0,s_posterPlagiarism_gen,true
6427024,212,0:38:30,2
6427024,210,0:38:30,718,359
6427024,211,0:38:32,480,68
6427024,212,0:38:33,0
6427024,210,0:38:34,809,422
6427024,211,0:38:38,686,597
6427024,213,0:38:38,0,s_otherStudent1_G7a1N,true
6427024,210,0:38:46,822,271
6427024,211,0:38:46,914,271
6427024,210,0:38:47,919,252
6427024,211,0:38:47,919,252
6427024,207,0:38:48,0,-233.45,-203.45
6427024,207,0:38:48,0,-203.45,-173.45
6427024,210,0:38:48,106,316
6427024,211,0:38:48,91,314
6427024,207,0:38:48,0,-173.45,-83.45
6427024,207,0:38:48,0,-83.45,-23.45
6427024,207,0:38:48,0,-23.45,0
6427024,210,0:38:50,233,432
6427024,211,0:38:53,201,481
6427024,213,0:38:53,0,c_crewKid1_M_G7a1N,true
6427024,212,0:39:7,1
6427024,210,0:39:8,953,568
6427024,207,0:39:9,0,0,-518.45
6427024,211,0:39:10,1320,505
6427024,212,0:39:10,2
6427024,210,0:39:11,1432,542
6427024,211,0:39:13,1223,493
6427024,213,0:39:13,0,s_otherStudent2_G7a1N,true
6427024,210,0:39:17,1106,438
6427024,211,0:39:18,1031,529
6427024,213,0:39:18,0,c_bestFriend_M_a_G7a1N,true
6427024,205,0:39:18,0,c_bestFriend_M_a_G7a1N,false,true
6427024,210,0:39:21,1138,456
6427024,211,0:39:29,806,347
6427024,210,0:39:56,890,417
6427024,211,0:39:58,703,575
6427024,213,0:39:58,0,s_otherStudent1_G7a1N,true
6427024,212,0:40:3,0
6427024,210,0:40:5,961,564
6427024,211,0:40:12,940,316
6427024,212,0:40:13,1
6427024,210,0:40:14,1018,427
6427024,211,0:40:17,784,311
6427024,213,0:40:17,0,s_paperPlayers_G7a1N,false
6427024,1003,0:40:22,1
6427024,1004,0:40:24,0
6427024,800,0:40:26,0,[]
6427024,801,0:40:28,0,[]
6427024,814,0:40:31,0,[3]
6427024,815,0:40:31,0,3,OpportunityCardData_id:19
6427024,816,0:40:34,0,3,OpportunityCardData_id:19
6427024,803,0:40:35,0,[OpportunityCardData_id:19,OpportunityCardConsequencesData_logId:0]
6427024,803,0:40:36,0,[OpportunityCardData_id:19,OpportunityCardConsequencesData_logId:1]
6427024,803,0:40:36,0,[OpportunityCardData_id:19,OpportunityCardConsequencesData_logId:2]
6427024,805,0:40:38,0,[OpportunityCardData_id:19]
6427024,807,0:40:39,0,[OpportunityCardData_id:19]
6427024,808,0:40:42,0,[OpportunityCardData_id:19]
6427024,809,0:40:52,0,[OpportunityCardData_id:19,PriorityData_type:2,false]
6427024,810,0:40:55,0,[OpportunityCardData_id:19,PriorityData_type:3,15,PriorityData_type:2,25]
6427024,814,0:41:2,0,[3]
6427024,815,0:41:2,0,3,OpportunityCardData_id:20
6427024,816,0:41:3,0,3,OpportunityCardData_id:20
6427024,1002,0:41:6,0
6427024,1003,0:41:6,1
6427024,1004,0:41:7,0
6427024,800,0:41:9,0,[]
6427024,801,0:41:10,0,[]
6427024,814,0:41:11,0,[3]
6427024,815,0:41:12,0,3,OpportunityCardData_id:19
6427024,816,0:41:12,0,3,OpportunityCardData_id:19
6427024,805,0:41:24,0,[OpportunityCardData_id:19]
6427024,807,0:41:25,0,[OpportunityCardData_id:19]
6427024,808,0:41:27,0,[OpportunityCardData_id:19]
6427024,809,0:41:36,0,[OpportunityCardData_id:19,PriorityData_type:2,false]
6427024,810,0:41:38,0,[OpportunityCardData_id:19,PriorityData_type:3,15,PriorityData_type:2,25]
6427024,814,0:45:39,0,[3]
6427024,815,0:45:39,0,3,OpportunityCardData_id:20
6427024,816,0:45:40,0,3,OpportunityCardData_id:20
6427024,805,0:45:46,0,[OpportunityCardData_id:20]
6427024,807,0:45:47,0,[OpportunityCardData_id:20]
6427024,808,0:45:49,0,[OpportunityCardData_id:20]
6427024,809,0:46:0,0,[OpportunityCardData_id:20,PriorityData_type:0,false]
6427024,810,0:46:4,0,[OpportunityCardData_id:20,PriorityData_type:3,15,PriorityData_type:0,25]
6427024,814,0:46:7,0,[4]
6427024,815,0:46:8,0,4,OpportunityCardData_id:22
6427024,816,0:46:9,0,4,OpportunityCardData_id:22
6427024,805,0:46:9,0,[OpportunityCardData_id:22]
6427024,807,0:46:10,0,[OpportunityCardData_id:22]
6427024,808,0:46:22,0,[OpportunityCardData_id:22]
6427024,809,0:46:28,0,[OpportunityCardData_id:22,Safe,false]
6427024,810,0:46:34,0,[OpportunityCardData_id:22,PriorityData_type:4,15,Safe,Safe]
6427024,814,0:46:41,0,[0]
6427024,815,0:46:41,0,0,OpportunityCardData_id:0
6427024,816,0:46:42,0,0,OpportunityCardData_id:0
6427024,805,0:46:43,0,[OpportunityCardData_id:0]
6427024,807,0:46:44,0,[OpportunityCardData_id:0]
6427024,808,0:46:49,0,[OpportunityCardData_id:0]
6427024,809,0:46:56,0,[OpportunityCardData_id:0,PriorityData_type:1,false]
6427024,810,0:46:59,0,[OpportunityCardData_id:0,PriorityData_type:0,15,PriorityData_type:1,20]
6427024,814,0:47:12,0,[0]
6427024,815,0:47:12,0,0,OpportunityCardData_id:1
6427024,815,0:47:17,0,0,OpportunityCardData_id:2
6427024,815,0:47:18,0,0,OpportunityCardData_id:3
6427024,815,0:47:19,0,0,OpportunityCardData_id:4
6427024,816,0:47:23,0,0,OpportunityCardData_id:4
6427024,803,0:47:25,0,[OpportunityCardData_id:4,OpportunityCardConsequencesData_logId:0]
6427024,803,0:47:29,0,[OpportunityCardData_id:4,OpportunityCardConsequencesData_logId:1]
6427024,805,0:47:36,0,[OpportunityCardData_id:4]
6427024,806,0:47:39,0,[OpportunityCardData_id:4,PriorityData_type:1]
6427024,806,0:47:40,0,[OpportunityCardData_id:4,PriorityData_type:5]
6427024,806,0:47:41,0,[OpportunityCardData_id:4,PriorityData_type:1]
6427024,807,0:47:42,0,[OpportunityCardData_id:4]
6427024,808,0:47:46,0,[OpportunityCardData_id:4]
6427024,809,0:47:56,0,[OpportunityCardData_id:4,PriorityData_type:3,false]
6427024,810,0:47:59,0,[OpportunityCardData_id:4,PriorityData_type:0,25,PriorityData_type:3,15]
6427024,814,0:48:10,0,[2]
6427024,815,0:48:10,0,2,OpportunityCardData_id:13
6427024,815,0:48:11,0,2,OpportunityCardData_id:14
6427024,815,0:48:12,0,2,OpportunityCardData_id:15
6427024,815,0:48:14,0,2,OpportunityCardData_id:16
6427024,815,0:48:16,0,2,OpportunityCardData_id:17
6427024,815,0:48:18,0,2,OpportunityCardData_id:18
6427024,816,0:48:23,0,2,OpportunityCardData_id:18
6427024,803,0:48:24,0,[OpportunityCardData_id:18,OpportunityCardConsequencesData_logId:0]
6427024,803,0:48:27,0,[OpportunityCardData_id:18,OpportunityCardConsequencesData_logId:1]
6427024,805,0:48:30,0,[OpportunityCardData_id:18]
6427024,806,0:48:33,0,[OpportunityCardData_id:18,PriorityData_type:3]
6427024,807,0:48:34,0,[OpportunityCardData_id:18]
6427024,808,0:48:38,0,[OpportunityCardData_id:18]
6427024,809,0:48:44,0,[OpportunityCardData_id:18,Safe,false]
6427024,810,0:48:46,0,[OpportunityCardData_id:18,PriorityData_type:2,15,Safe,Safe]
6427024,814,0:48:49,0,[0]
6427024,815,0:48:49,0,0,OpportunityCardData_id:1
6427024,815,0:48:51,0,0,OpportunityCardData_id:6
6427024,815,0:48:53,0,0,OpportunityCardData_id:5
6427024,815,0:48:54,0,0,OpportunityCardData_id:3
6427024,815,0:48:55,0,0,OpportunityCardData_id:2
6427024,815,0:48:57,0,0,OpportunityCardData_id:1
6427024,815,0:48:58,0,0,OpportunityCardData_id:6
6427024,816,0:49:1,0,0,OpportunityCardData_id:6
6427024,803,0:49:2,0,[OpportunityCardData_id:6,OpportunityCardConsequencesData_logId:0]
6427024,803,0:49:4,0,[OpportunityCardData_id:6,OpportunityCardConsequencesData_logId:1]
6427024,803,0:49:6,0,[OpportunityCardData_id:6,OpportunityCardConsequencesData_logId:2]
6427024,805,0:49:8,0,[OpportunityCardData_id:6]
6427024,806,0:49:11,0,[OpportunityCardData_id:6,PriorityData_type:3]
6427024,807,0:49:11,0,[OpportunityCardData_id:6]
6427024,808,0:49:14,0,[OpportunityCardData_id:6]
6427024,809,0:49:22,0,[OpportunityCardData_id:6,PriorityData_type:3,true]
6427024,810,0:49:28,0,[OpportunityCardData_id:6,PriorityData_type:0,10,Safe,Safe]
6427024,814,0:49:31,0,[5]
6427024,815,0:49:31,0,5,OpportunityCardData_id:32
6427024,815,0:49:35,0,5,OpportunityCardData_id:33
6427024,815,0:49:39,0,5,OpportunityCardData_id:34
6427024,815,0:49:41,0,5,OpportunityCardData_id:35
6427024,815,0:49:44,0,5,OpportunityCardData_id:36
6427024,816,0:49:50,0,5,OpportunityCardData_id:36
6427024,803,0:49:51,0,[OpportunityCardData_id:36,OpportunityCardConsequencesData_logId:0]
6427024,803,0:49:51,0,[OpportunityCardData_id:36,OpportunityCardConsequencesData_logId:1]
6427024,805,0:49:55,0,[OpportunityCardData_id:36]
6427024,806,0:49:57,0,[OpportunityCardData_id:36,PriorityData_type:3]
6427024,807,0:49:58,0,[OpportunityCardData_id:36]
6427024,808,0:49:59,0,[OpportunityCardData_id:36]
6427024,809,0:50:7,0,[OpportunityCardData_id:36,PriorityData_type:4,false]
6427024,810,0:50:14,0,[OpportunityCardData_id:36,PriorityData_type:5,5,PriorityData_type:4,10]
6427024,811,0:50:24,0,[OpportunityCardData_id:36,PriorityData_type:2,80,60,PriorityData_type:4,70,50]
6427024,1005,0:50:24,0,[1,0,1]
6427024,1001,0:50:27,0,[]
6427024,1003,0:50:27,1
6427024,210,0:50:46,1319,505
6427024,207,0:50:47,0,-400,-518.45
6427024,207,0:50:55,0,-518.45,-443.45
6427024,207,0:50:57,0,-443.45,-203.45
6427024,207,0:51:0,0,-203.45,-8.45
6427024,207,0:51:3,0,-8.45,0
6427024,211,0:51:4,6,620
6427024,210,0:51:4,18,604
6427024,211,0:51:8,819,147
6427024,213,0:51:8,0,s_shakespearePoster_gen,true
6427024,212,0:51:17,2
6427024,210,0:51:17,885,503
6427024,207,0:51:18,0,0,-255
6427024,207,0:51:19,0,-255,-420
6427024,207,0:51:19,0,-420,-518.45
6427024,207,0:51:24,0,-518.45,-413.45
6427024,207,0:51:25,0,-413.45,-218.45
6427024,207,0:51:27,0,-218.45,0
6427024,211,0:51:29,257,131
6427024,213,0:51:29,0,s_flag_gen,true
6427024,212,0:51:33,1
6427024,210,0:51:33,837,522
6427024,211,0:51:35,269,136
6427024,213,0:51:35,0,s_flag_gen,true
6427024,212,0:51:37,0
6427024,210,0:51:38,791,283
6427024,211,0:51:40,435,170
6427024,213,0:51:40,0,s_posterPlagiarism_gen,true
6427024,210,0:51:45,741,393
6427024,211,0:51:53,676,479
6427024,212,0:51:54,2
6427024,210,0:51:54,788,532
6427024,211,0:51:55,681,498
6427024,212,0:51:56,0
6427024,210,0:51:56,830,548
6427024,211,0:51:57,686,496
6427024,212,0:51:58,1
6427024,210,0:51:59,703,481
6427024,211,0:52:0,672,482
6427024,210,0:52:15,780,264
6427024,211,0:52:17,803,361
6427024,213,0:52:17,0,s_paperPlayers_G7a1N,false
6427024,1003,0:52:22,1
6427024,1004,0:52:24,0
6427024,800,0:52:25,0,[]
6427024,801,0:52:27,0,[]
6427024,814,0:52:33,0,[2]
6427024,815,0:52:33,0,2,OpportunityCardData_id:13
6427024,816,0:52:37,0,2,OpportunityCardData_id:13
6427024,803,0:52:38,0,[OpportunityCardData_id:13,OpportunityCardConsequencesData_logId:0]
6427024,803,0:52:39,0,[OpportunityCardData_id:13,OpportunityCardConsequencesData_logId:1]
6427024,803,0:52:39,0,[OpportunityCardData_id:13,OpportunityCardConsequencesData_logId:2]
6427024,805,0:52:40,0,[OpportunityCardData_id:13]
6427024,806,0:52:40,0,[OpportunityCardData_id:13,PriorityData_type:3]
6427024,807,0:52:41,0,[OpportunityCardData_id:13]
6427024,808,0:52:43,0,[OpportunityCardData_id:13]
6427024,809,0:52:48,0,[OpportunityCardData_id:13,Safe,false]
6427024,810,0:52:51,0,[OpportunityCardData_id:13,PriorityData_type:2,15,Safe,Safe]
6427024,814,0:53:4,0,[1]
6427024,815,0:53:4,0,1,OpportunityCardData_id:7
6427024,815,0:53:6,0,1,OpportunityCardData_id:8
6427024,816,0:53:7,0,1,OpportunityCardData_id:8
6427024,805,0:53:8,0,[OpportunityCardData_id:8]
6427024,806,0:53:9,0,[OpportunityCardData_id:8,PriorityData_type:3]
6427024,807,0:53:10,0,[OpportunityCardData_id:8]
6427024,808,0:53:12,0,[OpportunityCardData_id:8]
6427024,809,0:53:16,0,[OpportunityCardData_id:8,PriorityData_type:0,false]
6427024,810,0:53:23,0,[OpportunityCardData_id:8,PriorityData_type:1,20,PriorityData_type:0,25]
6427024,814,0:53:33,0,[0]
6427024,815,0:53:33,0,0,OpportunityCardData_id:0
6427024,815,0:53:34,0,0,OpportunityCardData_id:1
6427024,816,0:53:36,0,0,OpportunityCardData_id:1
6427024,805,0:53:37,0,[OpportunityCardData_id:1]
6427024,807,0:53:38,0,[OpportunityCardData_id:1]
6427024,808,0:53:40,0,[OpportunityCardData_id:1]
6427024,809,0:53:44,0,[OpportunityCardData_id:1,Safe,false]
6427024,810,0:53:46,0,[OpportunityCardData_id:1,PriorityData_type:0,15,Safe,Safe]
6427024,814,0:53:56,0,[4]
6427024,815,0:53:56,0,4,OpportunityCardData_id:22
6427024,815,0:53:58,0,4,OpportunityCardData_id:26
6427024,815,0:54:0,0,4,OpportunityCardData_id:27
6427024,815,0:54:2,0,4,OpportunityCardData_id:28
6427024,815,0:54:8,0,4,OpportunityCardData_id:29
6427024,815,0:54:9,0,4,OpportunityCardData_id:30
6427024,815,0:54:19,0,4,OpportunityCardData_id:31
6427024,815,0:54:22,0,4,OpportunityCardData_id:22
6427024,815,0:54:24,0,4,OpportunityCardData_id:26
6427024,815,0:54:28,0,4,OpportunityCardData_id:27
6427024,816,0:54:30,0,4,OpportunityCardData_id:27
6427024,805,0:54:35,0,[OpportunityCardData_id:27]
6427024,806,0:54:36,0,[OpportunityCardData_id:27,PriorityData_type:2]
6427024,807,0:54:37,0,[OpportunityCardData_id:27]
6427024,808,0:54:40,0,[OpportunityCardData_id:27]
6427024,809,0:54:45,0,[OpportunityCardData_id:27,Safe,false]
6427024,810,0:54:46,0,[OpportunityCardData_id:27,PriorityData_type:4,15,Safe,Safe]
6427024,814,0:54:50,0,[0]
6427024,815,0:54:50,0,0,OpportunityCardData_id:0
6427024,815,0:54:51,0,0,OpportunityCardData_id:2
6427024,816,0:54:52,0,0,OpportunityCardData_id:2
6427024,805,0:54:54,0,[OpportunityCardData_id:2]
6427024,807,0:54:55,0,[OpportunityCardData_id:2]
6427024,808,0:54:57,0,[OpportunityCardData_id:2]
6427024,809,0:55:2,0,[OpportunityCardData_id:2,PriorityData_type:2,false]
6427024,810,0:55:3,0,[OpportunityCardData_id:2,PriorityData_type:0,10,PriorityData_type:2,10]
6427024,814,0:55:8,0,[5]
6427024,815,0:55:9,0,5,OpportunityCardData_id:32
6427024,816,0:55:10,0,5,OpportunityCardData_id:32
6427024,805,0:55:11,0,[OpportunityCardData_id:32]
6427024,807,0:55:12,0,[OpportunityCardData_id:32]
6427024,808,0:55:14,0,[OpportunityCardData_id:32]
6427024,809,0:55:20,0,[OpportunityCardData_id:32,Safe,false]
6427024,810,0:55:24,0,[OpportunityCardData_id:32,PriorityData_type:5,20,Safe,Safe]
6427024,814,0:55:35,0,[2]
6427024,815,0:55:35,0,2,OpportunityCardData_id:14
6427024,815,0:55:36,0,2,OpportunityCardData_id:15
6427024,816,0:55:38,0,2,OpportunityCardData_id:15
6427024,805,0:55:39,0,[OpportunityCardData_id:15]
6427024,807,0:55:41,0,[OpportunityCardData_id:15]
6427024,808,0:55:43,0,[OpportunityCardData_id:15]
6427024,809,0:55:48,0,[OpportunityCardData_id:15,PriorityData_type:3,false]
6427024,810,0:55:50,0,[OpportunityCardData_id:15,PriorityData_type:2,15,PriorityData_type:3,10]
6427024,814,0:55:53,0,[2]
6427024,815,0:55:53,0,2,OpportunityCardData_id:14
6427024,815,0:55:54,0,2,OpportunityCardData_id:16
6427024,816,0:55:54,0,2,OpportunityCardData_id:16
6427024,804,0:56:0,0,[OpportunityCardData_id:16]
6427024,811,0:56:5,0,[OpportunityCardData_id:16,PriorityData_type:2,80,90,PriorityData_type:4,70,60]
6427024,1005,0:56:5,0,[1,1,2]
6427024,1001,0:56:9,0,[]
6427024,1003,0:56:9,1
6427024,1003,0:56:20,2
6427024,1004,0:56:22,0
6427024,900,0:56:25,0,[]
6427024,1003,0:56:30,1
6427024,300,0:56:33
6427024,1003,0:56:39,0
6427024,1004,0:56:40,0
6427024,400,0:56:42,0,[]
6427024,401,0:56:46,0,[StatementsData_logId:0]
6427024,404,0:57:4,0,[StatementsData_logId:0,false]
6427024,405,0:57:7,0,[StatementsData_logId:0]
6427024,406,0:57:14,0,[StatementsData_logId:0,-2]
6427024,411,0:57:16,0,[StatementsData_logId:0]
6427024,401,0:57:24,0,[StatementsData_logId:1]
6427024,402,0:57:25,0,[StatementsData_logId:1,true]
6427024,405,0:57:28,0,[StatementsData_logId:1]
6427024,406,0:57:30,0,[StatementsData_logId:1,2]
6427024,411,0:57:31,0,[StatementsData_logId:1]
6427024,401,0:57:42,0,[StatementsData_logId:2]
6427024,403,0:57:43,0,[StatementsData_logId:2,false]
6427024,405,0:57:45,0,[StatementsData_logId:2]
6427024,406,0:57:54,0,[StatementsData_logId:2,-2]
6427024,411,0:57:55,0,[StatementsData_logId:2]
6427024,401,0:58:12,0,[StatementsData_logId:3]
6427024,402,0:58:16,0,[StatementsData_logId:3,false]
6427024,405,0:58:18,0,[StatementsData_logId:3]
6427024,406,0:58:33,0,[StatementsData_logId:3,-2]
6427024,411,0:58:34,0,[StatementsData_logId:3]
6427024,401,0:58:40,0,[StatementsData_logId:4]
6427024,402,0:58:41,0,[StatementsData_logId:4,true]
6427024,405,0:58:42,0,[StatementsData_logId:4]
6427024,406,0:58:48,0,[StatementsData_logId:4,2]
6427024,411,0:58:50,0,[StatementsData_logId:4]
6427024,401,0:59:1,0,[StatementsData_logId:5]
6427024,404,0:59:3,0,[StatementsData_logId:5,true]
6427024,406,0:59:4,0,[StatementsData_logId:5,2]
6427024,412,0:59:9,0,[StatementsData_logId:5]
6427024,413,0:59:14,0,[StatementsData_logId:5,DuelResponsesData_logId:9]
6427024,414,0:59:17,0,[StatementsData_logId:5,DuelResponsesData_logId:9]
6427024,415,0:59:25,0,[StatementsData_logId:5,DuelResponsesData_logId:9,DuelResponsesData_ok_player_response]
6427024,416,0:59:26,0,[StatementsData_logId:5,DuelResponsesData_logId:9]
6427024,417,0:59:27,0,[StatementsData_logId:5,DuelResponsesData_logId:9]
6427024,413,0:59:29,0,[StatementsData_logId:5,DuelResponsesData_logId:10]
6427024,414,0:59:30,0,[StatementsData_logId:5,DuelResponsesData_logId:10]
6427024,415,0:59:37,0,[StatementsData_logId:5,DuelResponsesData_logId:10,DuelResponsesData_ok_player_response]
6427024,416,0:59:38,0,[StatementsData_logId:5,DuelResponsesData_logId:10]
6427024,417,0:59:39,0,[StatementsData_logId:5,DuelResponsesData_logId:10]
6427024,413,0:59:40,0,[StatementsData_logId:5,DuelResponsesData_logId:11]
6427024,414,0:59:40,0,[StatementsData_logId:5,DuelResponsesData_logId:11]
6427024,415,0:59:40,0,[StatementsData_logId:5,DuelResponsesData_logId:11,DuelResponsesData_lame_player_response]
6427024,416,0:59:41,0,[StatementsData_logId:5,DuelResponsesData_logId:11]
6427024,417,0:59:41,0,[StatementsData_logId:5,DuelResponsesData_logId:11]
6427024,418,0:59:41,0,[StatementsData_logId:5,false]
6427024,419,0:59:42,0,[StatementsData_logId:5,-4]
6427024,411,0:59:43,0,[StatementsData_logId:5]
6427024,420,0:59:43,0,[28]
6427024,1000,0:59:50,0,[]
6427024,400,0:59:52,0,[]
6427024,401,1:0:4,0,[StatementsData_logId:0]
6427024,402,1:0:5,0,[StatementsData_logId:0,false]
6427024,405,1:0:6,0,[StatementsData_logId:0]
6427024,406,1:0:19,0,[StatementsData_logId:0,-2]
6427024,411,1:0:36,0,[StatementsData_logId:0]
6427024,401,1:0:42,0,[StatementsData_logId:1]
6427024,402,1:0:44,0,[StatementsData_logId:1,true]
6427024,405,1:0:45,0,[StatementsData_logId:1]
6427024,406,1:0:52,0,[StatementsData_logId:1,2]
6427024,411,1:0:54,0,[StatementsData_logId:1]
6427024,401,1:1:4,0,[StatementsData_logId:2]
6427024,402,1:1:5,0,[StatementsData_logId:2,false]
6427024,405,1:1:6,0,[StatementsData_logId:2]
6427024,406,1:1:11,0,[StatementsData_logId:2,-2]
6427024,411,1:1:14,0,[StatementsData_logId:2]
6427024,401,1:1:15,0,[StatementsData_logId:3]
6427024,403,1:1:24,0,[StatementsData_logId:3,true]
6427024,405,1:1:24,0,[StatementsData_logId:3]
6427024,406,1:1:30,0,[StatementsData_logId:3,2]
6427024,407,1:1:30,0,[StatementsData_logId:3,FactCardData_id:6]
6427024,407,1:1:30,0,[StatementsData_logId:3,FactCardData_id:3]
6427024,407,1:1:30,0,[StatementsData_logId:3,FactCardData_id:0]
6427024,407,1:1:30,0,[StatementsData_logId:3,FactCardData_id:7]
6427024,407,1:1:30,0,[StatementsData_logId:3,FactCardData_id:4]
6427024,407,1:1:30,0,[StatementsData_logId:3,FactCardData_id:5]
6427024,407,1:1:56,0,[StatementsData_logId:3,FactCardData_id:4]
6427024,407,1:1:56,0,[StatementsData_logId:3,FactCardData_id:4]
6427024,408,1:1:57,0,[StatementsData_logId:3,FactCardData_id:4,false]
6427024,406,1:2:18,0,[StatementsData_logId:3,-2]
6427024,411,1:2:21,0,[StatementsData_logId:3]
6427024,401,1:2:30,0,[StatementsData_logId:4]
6427024,402,1:2:31,0,[StatementsData_logId:4,true]
6427024,405,1:2:32,0,[StatementsData_logId:4]
6427024,406,1:2:33,0,[StatementsData_logId:4,2]
6427024,411,1:2:35,0,[StatementsData_logId:4]
6427024,401,1:3:22,0,[StatementsData_logId:5]
6427024,403,1:3:25,0,[StatementsData_logId:5,false]
6427024,405,1:3:27,0,[StatementsData_logId:5]
6427024,406,1:3:29,0,[StatementsData_logId:5,-2]
6427024,411,1:3:32,0,[StatementsData_logId:5]
6427024,420,1:3:32,0,[30]
6427024,1001,1:3:36,0,[]
6427024,1003,1:3:36,0
6427024,1003,1:3:40,3
6427024,1003,1:3:47,2
6427024,1003,1:3:50,1
6427024,1003,1:3:57,3
6427024,300,1:3:59
6427024,304,1:4:15,0,1,0,0,,0,
6427024,103,1:4:30
6427024,105,1:4:33
6427024,703,1:4:35,[|| EpilogueItem ID: 0 unlocked: false ||,|| EpilogueItem ID: 1 unlocked: false ||,|| EpilogueItem ID: 2 unlocked: false ||,|| EpilogueItem ID: 3 unlocked: false ||,|| EpilogueItem ID: 4 unlocked: false ||,|| EpilogueItem ID: 5 unlocked: false ||,|| EpilogueItem ID: 6 unlocked: false ||,|| EpilogueItem ID: 7 unlocked: false ||,|| EpilogueItem ID: 8 unlocked: false ||,|| EpilogueItem ID: 9 unlocked: false ||,|| EpilogueItem ID: 10 unlocked: false ||,|| EpilogueItem ID: 11 unlocked: false ||,|| EpilogueItem ID: 12 unlocked: false ||,|| EpilogueItem ID: 13 unlocked: false ||,|| EpilogueItem ID: 14 unlocked: false ||,|| EpilogueItem ID: 15 unlocked: false ||,|| EpilogueItem ID: 16 unlocked: false ||,|| EpilogueItem ID: 17 unlocked: false ||,|| EpilogueItem ID: 18 unlocked: false ||,|| EpilogueItem ID: 19 unlocked: false ||,|| EpilogueItem ID: 20 unlocked: false ||,|| EpilogueItem ID: 21 unlocked: false ||,|| EpilogueItem ID: 22 unlocked: false ||,|| EpilogueItem ID: 23 unlocked: false ||,|| EpilogueItem ID: 24 unlocked: false ||],0
6427024,706,1:4:37,(x=586, y=-100, w=1024, h=768),(x=590, y=-100, w=1024, h=768)
6427024,706,1:4:38,(x=849, y=-100, w=1024, h=768),(x=846, y=-100, w=1024, h=768)
6427024,706,1:4:42,(x=817, y=-100, w=1024, h=768),(x=360, y=-100, w=1024, h=768)
6427024,706,1:4:45,(x=556, y=-100, w=1024, h=768),(x=812, y=-100, w=1024, h=768)
6427024,706,1:4:49,(x=1006, y=-100, w=1024, h=768),(x=1630, y=-100, w=1024, h=768)
6427024,706,1:4:51,(x=1557, y=-100, w=1024, h=768),(x=1556, y=-100, w=1024, h=768)
6427024,706,1:4:52,(x=1543, y=-100, w=1024, h=768),(x=1455, y=-100, w=1024, h=768)
6427024,706,1:4:55,(x=2475, y=-100, w=1024, h=768),(x=2475, y=-100, w=1024, h=768)
6427024,706,1:4:55,(x=2483, y=-100, w=1024, h=768),(x=2484, y=-100, w=1024, h=768)
6427024,708,1:4:56
6427024,1,1:4:56,7/8/2013 10:23:42am,{"gameTime":3896546,"challengeStacks":[{"challengeScenes":[{"miniGameCards":[],"viewedAnimatic":true,"keyPoints":[],"unlocked":true,"touchableObjects":["s_vocabAssignment_G7a0","s_atwoodPoster_gen","c_friend1_M_a_G7a0"]},{"miniGameCards":[],"viewedAnimatic":true,"keyPoints":["c_teacherEng_G7a1N","c_bestFriend_M_a_G7a1N"],"unlocked":true,"touchableObjects":["c_teacherEng_G7a1N","s_otherStudent2_G7a1N","c_bestFriend_M_a_G7a1N","s_otherStudent1_G7a1N","s_atwoodPoster_gen","s_posterPlagiarism_gen","c_crewKid1_M_G7a1N","s_shakespearePoster_gen","s_flag_gen"]},{"miniGameCards":[],"viewedAnimatic":false,"keyPoints":[],"unlocked":false,"touchableObjects":[]}],"stackSize":3,"resolved":false},{"challengeScenes":[{"miniGameCards":[],"viewedAnimatic":false,"keyPoints":[],"unlocked":false,"touchableObjects":[]},{"miniGameCards":[],"viewedAnimatic":false,"keyPoints":[],"unlocked":false,"touchableObjects":[]},{"miniGameCards":[],"viewedAnimatic":false,"keyPoints":[],"unlocked":false,"touchableObjects":[]},{"miniGameCards":[],"viewedAnimatic":false,"keyPoints":[],"unlocked":false,"touchableObjects":[]},{"miniGameCards":[],"viewedAnimatic":false,"keyPoints":[],"unlocked":false,"touchableObjects":[]}],"stackSize":5,"resolved":false},{"challengeScenes":[{"miniGameCards":[],"viewedAnimatic":false,"keyPoints":[],"unlocked":false,"touchableObjects":[]},{"miniGameCards":[],"viewedAnimatic":false,"keyPoints":[],"unlocked":false,"touchableObjects":[]},{"miniGameCards":[],"viewedAnimatic":false,"keyPoints":[],"unlocked":false,"touchableObjects":[]},{"miniGameCards":[],"viewedAnimatic":false,"keyPoints":[],"unlocked":false,"touchableObjects":[]},{"miniGameCards":[],"viewedAnimatic":false,"keyPoints":[],"unlocked":false,"touchableObjects":[]},{"miniGameCards":[],"viewedAnimatic":false,"keyPoints":[],"unlocked":false,"touchableObjects":[]},{"miniGameCards":[],"viewedAnimatic":false,"keyPoints":[],"unlocked":false,"touchableObjects":[]}],"stackSize":7,"resolved":false},{"challengeScenes":[{"miniGameCards":[],"viewedAnimatic":false,"keyPoints":[],"unlocked":false,"touchableObjects":[]},{"miniGameCards":[],"viewedAnimatic":false,"keyPoints":[],"unlocked":false,"touchableObjects":[]},{"miniGameCards":[],"viewedAnimatic":false,"keyPoints":[],"unlocked":false,"touchableObjects":[]},{"miniGameCards":[],"viewedAnimatic":false,"keyPoints":[],"unlocked":false,"touchableObjects":[]},{"miniGameCards":[],"viewedAnimatic":false,"keyPoints":[],"unlocked":false,"touchableObjects":[]}],"stackSize":5,"resolved":false},{"challengeScenes":[{"miniGameCards":[],"viewedAnimatic":false,"keyPoints":[],"unlocked":false,"touchableObjects":[]},{"miniGameCards":[],"viewedAnimatic":false,"keyPoints":[],"unlocked":false,"touchableObjects":[]},{"miniGameCards":[],"viewedAnimatic":false,"keyPoints":[],"unlocked":false,"touchableObjects":[]},{"miniGameCards":[],"viewedAnimatic":false,"keyPoints":[],"unlocked":false,"touchableObjects":[]},{"miniGameCards":[],"viewedAnimatic":false,"keyPoints":[],"unlocked":false,"touchableObjects":[]}],"stackSize":5,"resolved":false},{"challengeScenes":[{"miniGameCards":[],"viewedAnimatic":false,"keyPoints":[],"unlocked":false,"touchableObjects":[]},{"miniGameCards":[],"viewedAnimatic":false,"keyPoints":[],"unlocked":false,"touchableObjects":[]},{"miniGameCards":[],"viewedAnimatic":false,"keyPoints":[],"unlocked":false,"touchableObjects":[]},{"miniGameCards":[],"viewedAnimatic":false,"keyPoints":[],"unlocked":false,"touchableObjects":[]},{"miniGameCards":[],"viewedAnimatic":false,"keyPoints":[],"unlocked":false,"touchableObjects":[]}],"stackSize":5,"resolved":false},{"challengeScenes":[{"miniGameCards":[],"viewedAnimatic":false,"keyPoints":[],"unlocked":false,"touchableObjects":[]},{"miniGameCards":[],"viewedAnimatic":false,"keyPoints":[],"unlocked":false,"touchableObjects":[]},{"miniGameCards":[],"viewedAnimatic":false,"keyPoints":[],"unlocked":false,"touchableObjects":[]},{"miniGameCards":[],"viewedAnimatic":false,"keyPoints":[],"unlocked":false,"touchableObjects":[]},{"miniGameCards":[],"viewedAnimatic":false,"keyPoints":[],"unlocked":false,"touchableObjects":[]}],"stackSize":5,"resolved":false},{"challengeScenes":[{"miniGameCards":[],"viewedAnimatic":false,"keyPoints":[],"unlocked":false,"touchableObjects":[]},{"miniGameCards":[],"viewedAnimatic":false,"keyPoints":[],"unlocked":false,"touchableObjects":[]},{"miniGameCards":[],"viewedAnimatic":false,"keyPoints":[],"unlocked":false,"touchableObjects":[]},{"miniGameCards":[],"viewedAnimatic":false,"keyPoints":[],"unlocked":false,"touchableObjects":[]},{"miniGameCards":[],"viewedAnimatic":false,"keyPoints":[],"unlocked":false,"touchableObjects":[]}],"stackSize":5,"resolved":false},{"challengeScenes":[{"miniGameCards":[],"viewedAnimatic":false,"keyPoints":[],"unlocked":false,"touchableObjects":[]},{"miniGameCards":[],"viewedAnimatic":false,"keyPoints":[],"unlocked":false,"touchableObjects":[]},{"miniGameCards":[],"viewedAnimatic":false,"keyPoints":[],"unlocked":false,"touchableObjects":[]},{"miniGameCards":[],"viewedAnimatic":false,"keyPoints":[],"unlocked":false,"touchableObjects":[]},{"miniGameCards":[],"viewedAnimatic":false,"keyPoints":[],"unlocked":false,"touchableObjects":[]}],"stackSize":5,"resolved":false},{"challengeScenes":[{"miniGameCards":[],"viewedAnimatic":false,"keyPoints":[],"unlocked":false,"touchableObjects":[]},{"miniGameCards":[],"viewedAnimatic":false,"keyPoints":[],"unlocked":false,"touchableObjects":[]},{"miniGameCards":[],"viewedAnimatic":false,"keyPoints":[],"unlocked":false,"touchableObjects":[]},{"miniGameCards":[],"viewedAnimatic":false,"keyPoints":[],"unlocked":false,"touchableObjects":[]},{"miniGameCards":[],"viewedAnimatic":false,"keyPoints":[],"unlocked":false,"touchableObjects":[]}],"stackSize":5,"resolved":false},{"challengeScenes":[{"miniGameCards":[],"viewedAnimatic":false,"keyPoints":[],"unlocked":false,"touchableObjects":[]},{"miniGameCards":[],"viewedAnimatic":false,"keyPoints":[],"unlocked":false,"touchableObjects":[]},{"miniGameCards":[],"viewedAnimatic":false,"keyPoints":[],"unlocked":false,"touchableObjects":[]},{"miniGameCards":[],"viewedAnimatic":false,"keyPoints":[],"unlocked":false,"touchableObjects":[]},{"miniGameCards":[],"viewedAnimatic":false,"keyPoints":[],"unlocked":false,"touchableObjects":[]}],"stackSize":5,"resolved":false},{"challengeScenes":[{"miniGameCards":[],"viewedAnimatic":false,"keyPoints":[],"unlocked":false,"touchableObjects":[]},{"miniGameCards":[],"viewedAnimatic":false,"keyPoints":[],"unlocked":false,"touchableObjects":[]},{"miniGameCards":[],"viewedAnimatic":false,"keyPoints":[],"unlocked":false,"touchableObjects":[]},{"miniGameCards":[],"viewedAnimatic":false,"keyPoints":[],"unlocked":false,"touchableObjects":[]},{"miniGameCards":[],"viewedAnimatic":false,"keyPoints":[],"unlocked":false,"touchableObjects":[]}],"stackSize":5,"resolved":false},{"challengeScenes":[{"miniGameCards":[],"viewedAnimatic":false,"keyPoints":[],"unlocked":true,"touchableObjects":["c_player_afri_M_a_G0a0","c_family_afri_a_G0a0","c_education_G0a0","c_friends_G0a0"]},{"miniGameCards":[],"viewedAnimatic":false,"keyPoints":["c_family_afri_a_G0a1N","c_home_G0a1N","c_job_G0a1N"],"unlocked":true,"touchableObjects":["c_family_afri_a_G0a1N","c_player_afri_M_a_G0a1N","c_home_G0a1N","c_job_G0a1N"]},{"miniGameCards":[],"viewedAnimatic":false,"keyPoints":["c_mom_afri_a_G0a1P","c_dad_afri_a_G0a1P","c_Teacher_G0a1P","c_grandma_afri_a_G0a1P","c_kidsister_afri_a_G0a1P","c_Nurse_G0a1P"],"unlocked":true,"touchableObjects":["c_friends_G0a1P","c_cousins_M_a_G0a1P","c_mom_afri_a_G0a1P","c_dad_afri_a_G0a1P","c_Teacher_G0a1P","c_grandma_afri_a_G0a1P","c_kidsister_afri_a_G0a1P","c_Nurse_G0a1P"]}],"stackSize":3,"resolved":true}],"sessionId":1,"epilogue":{"rating":0},"playerId":6427024,"session":[{"sceneId":"1P","stackId":12}],"minigames":[{"levelSaveData":[{"starRating":0,"unlocked":true},{"starRating":0,"unlocked":false},{"starRating":0,"unlocked":false},{"starRating":0,"unlocked":false},{"starRating":0,"unlocked":false},{"starRating":0,"unlocked":false},{"starRating":0,"unlocked":false},{"starRating":0,"unlocked":false},{"starRating":0,"unlocked":false},{"starRating":0,"unlocked":false}],"skillPoints":0},{"levelSaveData":[{"starRating":2,"unlocked":true},{"starRating":0,"unlocked":false},{"starRating":0,"unlocked":false},{"starRating":0,"unlocked":false},{"starRating":0,"unlocked":false},{"starRating":0,"unlocked":false},{"starRating":0,"unlocked":false},{"starRating":0,"unlocked":false},{"starRating":0,"unlocked":false},{"starRating":0,"unlocked":false}],"skillPoints":2},{"levelSaveData":[{"starRating":2,"unlocked":true},{"starRating":0,"unlocked":false},{"starRating":0,"unlocked":false},{"starRating":0,"unlocked":false},{"starRating":0,"unlocked":false},{"starRating":0,"unlocked":false},{"starRating":0,"unlocked":false},{"starRating":0,"unlocked":false},{"starRating":0,"unlocked":false},{"starRating":0,"unlocked":false}],"skillPoints":2},{"levelSaveData":[{"starRating":0,"unlocked":false},{"starRating":0,"unlocked":false},{"starRating":0,"unlocked":false},{"starRating":0,"unlocked":false},{"starRating":0,"unlocked":false},{"starRating":0,"unlocked":false},{"starRating":0,"unlocked":false},{"starRating":0,"unlocked":false},{"starRating":0,"unlocked":false},{"starRating":0,"unlocked":false}],"skillPoints":0},{"age":14,"name":"brandon","gender":0,"levelSaveData":[{"starRating":3,"unlocked":true},{"starRating":3,"chunks":[["0"],["0","0"],["0","4","0"],["0"]],"unlocked":true},{"starRating":0,"chunks":[[null],[null,null],[null,null]],"unlocked":false},{"starRating":0,"chunks":[[null],[null],[null],[null],[null,null],[null]],"unlocked":false},{"starRating":0,"chunks":[[null],[null],[null,null],[null],[null],[null]],"unlocked":false},{"starRating":0,"chunks":[[null],[null,null,null,null],[null],[null]],"unlocked":false},{"starRating":0,"chunks":[[null],[null],[null,null],[null,null],[null]],"unlocked":false},{"starRating":0,"chunks":[[null,null,null],[null,null,null],[null],[null],[null]],"unlocked":false},{"starRating":0,"chunks":[[null,null,null],[null,null,null],[null,null]],"unlocked":false},{"starRating":0,"chunks":[[null],[null],[null],[null],[null],[null]],"unlocked":false}],"visualAvatar":0,"id":0,"skillPoints":6}],"avatar":{"age":14,"name":"brandon","gender":0,"levelSaveData":[{"starRating":3,"unlocked":true},{"starRating":3,"chunks":[["0"],["0","0"],["0","4","0"],["0"]],"unlocked":true},{"starRating":0,"chunks":[[null],[null,null],[null,null]],"unlocked":false},{"starRating":0,"chunks":[[null],[null],[null],[null],[null,null],[null]],"unlocked":false},{"starRating":0,"chunks":[[null],[null],[null,null],[null],[null],[null]],"unlocked":false},{"starRating":0,"chunks":[[null],[null,null,null,null],[null],[null]],"unlocked":false},{"starRating":0,"chunks":[[null],[null],[null,null],[null,null],[null]],"unlocked":false},{"starRating":0,"chunks":[[null,null,null],[null,null,null],[null],[null],[null]],"unlocked":false},{"starRating":0,"chunks":[[null,null,null],[null,null,null],[null,null]],"unlocked":false},{"starRating":0,"chunks":[[null],[null],[null],[null],[null],[null]],"unlocked":false}],"visualAvatar":0,"id":0,"skillPoints":6}}
