6607006,0,3:14:38,3/5/2014 4:00:05pm
6607006,100,3:14:44,4
6607006,102,3:14:46,4
6607006,200,3:14:46,4,3,6,6,3,9
6607006,219,3:14:47,4
6607006,216,3:14:48,Stack_G9a0
6607006,217,3:15:8,Stack_G9a0,17,0.50
6607006,218,3:15:11,4
6607006,210,3:15:14,757,406
6607006,207,3:15:15,4,-200,0
6607006,211,3:15:16,3,348
6607006,210,3:15:17,14,564
6607006,211,3:15:21,869,282
6607006,213,3:15:21,4,s_door_F_gen,true
6607006,205,3:15:21,4,s_door_F_gen,false,false
6607006,210,3:15:38,775,444
6607006,207,3:15:39,4,0,-225
6607006,211,3:15:40,991,572
6607006,213,3:15:40,4,s_bathingSuit_F_G9a0,true
6607006,205,3:15:40,4,s_bathingSuit_F_G9a0,false,false
6607006,212,3:15:51,0
6607006,210,3:15:52,1054,505
6607006,207,3:15:53,4,-225,-450
6607006,207,3:15:55,4,-450,-512
6607006,211,3:15:56,1288,346
6607006,213,3:15:56,4,s_window_F_G9a0,true
6607006,210,3:16:1,1146,369
6607006,207,3:16:5,4,-512,-137
6607006,207,3:16:6,4,-137,0
6607006,211,3:16:7,3,466
6607006,210,3:16:7,131,531
6607006,211,3:16:9,354,434
6607006,213,3:16:9,4,s_clock_F_G9a0,true
6607006,1003,3:16:14,0
6607006,1004,3:16:18,1
6607006,400,3:16:34,1,[]
6607006,401,3:16:46,1,[StatementsData_logId:0]
6607006,402,3:16:49,1,[StatementsData_logId:0,true]
6607006,405,3:16:50,1,[StatementsData_logId:0]
6607006,406,3:16:58,1,[StatementsData_logId:0,2]
6607006,411,3:16:59,1,[StatementsData_logId:0]
6607006,401,3:17:10,1,[StatementsData_logId:1]
6607006,404,3:17:15,1,[StatementsData_logId:1,false]
6607006,405,3:17:16,1,[StatementsData_logId:1]
6607006,406,3:17:18,1,[StatementsData_logId:1,-2]
6607006,411,3:17:19,1,[StatementsData_logId:1]
6607006,401,3:17:26,1,[StatementsData_logId:2]
6607006,403,3:17:28,1,[StatementsData_logId:2,true]
6607006,405,3:17:29,1,[StatementsData_logId:2]
6607006,406,3:17:31,1,[StatementsData_logId:2,2]
6607006,407,3:17:31,1,[StatementsData_logId:2,FactCardData_id:22]
6607006,407,3:17:31,1,[StatementsData_logId:2,FactCardData_id:23]
6607006,407,3:17:31,1,[StatementsData_logId:2,FactCardData_id:26]
6607006,407,3:17:31,1,[StatementsData_logId:2,FactCardData_id:20]
6607006,407,3:17:31,1,[StatementsData_logId:2,FactCardData_id:24]
6607006,407,3:17:31,1,[StatementsData_logId:2,FactCardData_id:25]
6607006,407,3:17:41,1,[StatementsData_logId:2,FactCardData_id:22]
6607006,407,3:17:41,1,[StatementsData_logId:2,FactCardData_id:22]
6607006,407,3:17:44,1,[StatementsData_logId:2,FactCardData_id:26]
6607006,407,3:17:44,1,[StatementsData_logId:2,FactCardData_id:22]
6607006,407,3:17:44,1,[StatementsData_logId:2,FactCardData_id:26]
6607006,407,3:17:53,1,[StatementsData_logId:2,FactCardData_id:24]
6607006,407,3:17:53,1,[StatementsData_logId:2,FactCardData_id:26]
6607006,407,3:17:53,1,[StatementsData_logId:2,FactCardData_id:24]
6607006,407,3:18:0,1,[StatementsData_logId:2,FactCardData_id:23]
6607006,407,3:18:0,1,[StatementsData_logId:2,FactCardData_id:24]
6607006,407,3:18:0,1,[StatementsData_logId:2,FactCardData_id:23]
6607006,407,3:18:3,1,[StatementsData_logId:2,FactCardData_id:20]
6607006,407,3:18:3,1,[StatementsData_logId:2,FactCardData_id:23]
6607006,407,3:18:3,1,[StatementsData_logId:2,FactCardData_id:20]
6607006,407,3:18:4,1,[StatementsData_logId:2,FactCardData_id:25]
6607006,407,3:18:4,1,[StatementsData_logId:2,FactCardData_id:20]
6607006,407,3:18:4,1,[StatementsData_logId:2,FactCardData_id:25]
6607006,407,3:18:12,1,[StatementsData_logId:2,FactCardData_id:24]
6607006,407,3:18:12,1,[StatementsData_logId:2,FactCardData_id:25]
6607006,407,3:18:12,1,[StatementsData_logId:2,FactCardData_id:24]
6607006,408,3:18:13,1,[StatementsData_logId:2,FactCardData_id:24,true]
6607006,409,3:18:13,1,[StatementsData_logId:2]
6607006,410,3:18:15,1,[StatementsData_logId:2,2]
6607006,412,3:18:18,1,[StatementsData_logId:2]
6607006,413,3:18:22,1,[StatementsData_logId:2,DuelResponsesData_logId:0]
6607006,414,3:18:23,1,[StatementsData_logId:2,DuelResponsesData_logId:0]
6607006,415,3:18:40,1,[StatementsData_logId:2,DuelResponsesData_logId:0,DuelResponsesData_witty_player_response]
6607006,416,3:18:40,1,[StatementsData_logId:2,DuelResponsesData_logId:0]
6607006,417,3:18:42,1,[StatementsData_logId:2,DuelResponsesData_logId:0]
6607006,413,3:18:49,1,[StatementsData_logId:2,DuelResponsesData_logId:1]
6607006,414,3:18:50,1,[StatementsData_logId:2,DuelResponsesData_logId:1]
6607006,415,3:18:59,1,[StatementsData_logId:2,DuelResponsesData_logId:1,DuelResponsesData_witty_player_response]
6607006,416,3:19:0,1,[StatementsData_logId:2,DuelResponsesData_logId:1]
6607006,417,3:19:1,1,[StatementsData_logId:2,DuelResponsesData_logId:1]
6607006,413,3:19:5,1,[StatementsData_logId:2,DuelResponsesData_logId:2]
6607006,414,3:19:6,1,[StatementsData_logId:2,DuelResponsesData_logId:2]
6607006,415,3:19:24,1,[StatementsData_logId:2,DuelResponsesData_logId:2,DuelResponsesData_witty_player_response]
6607006,416,3:19:25,1,[StatementsData_logId:2,DuelResponsesData_logId:2]
6607006,417,3:19:26,1,[StatementsData_logId:2,DuelResponsesData_logId:2]
6607006,418,3:19:26,1,[StatementsData_logId:2,true]
6607006,419,3:19:27,1,[StatementsData_logId:2,4]
6607006,411,3:19:29,1,[StatementsData_logId:2]
6607006,401,3:19:37,1,[StatementsData_logId:3]
6607006,402,3:19:38,1,[StatementsData_logId:3,true]
6607006,405,3:19:38,1,[StatementsData_logId:3]
6607006,406,3:19:39,1,[StatementsData_logId:3,2]
6607006,411,3:19:41,1,[StatementsData_logId:3]
6607006,401,3:19:57,1,[StatementsData_logId:4]
6607006,404,3:20:7,1,[StatementsData_logId:4,false]
6607006,405,3:20:8,1,[StatementsData_logId:4]
6607006,406,3:20:9,1,[StatementsData_logId:4,-2]
6607006,411,3:20:10,1,[StatementsData_logId:4]
6607006,401,3:20:19,1,[StatementsData_logId:5]
6607006,404,3:20:22,1,[StatementsData_logId:5,true]
6607006,406,3:20:23,1,[StatementsData_logId:5,2]
6607006,412,3:20:24,1,[StatementsData_logId:5]
6607006,413,3:20:27,1,[StatementsData_logId:5,DuelResponsesData_logId:6]
6607006,414,3:20:28,1,[StatementsData_logId:5,DuelResponsesData_logId:6]
6607006,415,3:20:41,1,[StatementsData_logId:5,DuelResponsesData_logId:6,DuelResponsesData_witty_player_response]
6607006,416,3:20:42,1,[StatementsData_logId:5,DuelResponsesData_logId:6]
6607006,417,3:20:43,1,[StatementsData_logId:5,DuelResponsesData_logId:6]
6607006,413,3:20:46,1,[StatementsData_logId:5,DuelResponsesData_logId:7]
6607006,414,3:20:48,1,[StatementsData_logId:5,DuelResponsesData_logId:7]
6607006,415,3:21:9,1,[StatementsData_logId:5,DuelResponsesData_logId:7,DuelResponsesData_witty_player_response]
6607006,416,3:21:9,1,[StatementsData_logId:5,DuelResponsesData_logId:7]
6607006,417,3:21:10,1,[StatementsData_logId:5,DuelResponsesData_logId:7]
6607006,413,3:21:18,1,[StatementsData_logId:5,DuelResponsesData_logId:8]
6607006,414,3:21:19,1,[StatementsData_logId:5,DuelResponsesData_logId:8]
6607006,415,3:21:37,1,[StatementsData_logId:5,DuelResponsesData_logId:8,DuelResponsesData_witty_player_response]
6607006,416,3:21:38,1,[StatementsData_logId:5,DuelResponsesData_logId:8]
6607006,417,3:21:38,1,[StatementsData_logId:5,DuelResponsesData_logId:8]
6607006,418,3:21:38,1,[StatementsData_logId:5,true]
6607006,419,3:21:40,1,[StatementsData_logId:5,4]
6607006,411,3:21:42,1,[StatementsData_logId:5]
6607006,420,3:21:42,1,[42]
6607006,1005,3:21:42,1,[0,0,2]
6607006,1000,3:21:45,1,[]
6607006,400,3:21:46,1,[]
6607006,401,3:21:56,1,[StatementsData_logId:0]
6607006,402,3:22:0,1,[StatementsData_logId:0,true]
6607006,405,3:22:0,1,[StatementsData_logId:0]
6607006,406,3:22:1,1,[StatementsData_logId:0,2]
6607006,411,3:22:2,1,[StatementsData_logId:0]
6607006,401,3:22:11,1,[StatementsData_logId:1]
6607006,402,3:22:13,1,[StatementsData_logId:1,true]
6607006,405,3:22:14,1,[StatementsData_logId:1]
6607006,406,3:22:15,1,[StatementsData_logId:1,2]
6607006,411,3:22:16,1,[StatementsData_logId:1]
6607006,401,3:22:22,1,[StatementsData_logId:2]
6607006,403,3:22:23,1,[StatementsData_logId:2,true]
6607006,405,3:22:24,1,[StatementsData_logId:2]
6607006,406,3:22:25,1,[StatementsData_logId:2,2]
6607006,407,3:22:25,1,[StatementsData_logId:2,FactCardData_id:26]
6607006,407,3:22:25,1,[StatementsData_logId:2,FactCardData_id:23]
6607006,407,3:22:25,1,[StatementsData_logId:2,FactCardData_id:22]
6607006,407,3:22:25,1,[StatementsData_logId:2,FactCardData_id:20]
6607006,407,3:22:25,1,[StatementsData_logId:2,FactCardData_id:24]
6607006,407,3:22:25,1,[StatementsData_logId:2,FactCardData_id:25]
6607006,407,3:22:28,1,[StatementsData_logId:2,FactCardData_id:24]
6607006,407,3:22:28,1,[StatementsData_logId:2,FactCardData_id:24]
6607006,407,3:22:36,1,[StatementsData_logId:2,FactCardData_id:22]
6607006,407,3:22:36,1,[StatementsData_logId:2,FactCardData_id:24]
6607006,407,3:22:36,1,[StatementsData_logId:2,FactCardData_id:22]
6607006,407,3:22:38,1,[StatementsData_logId:2,FactCardData_id:26]
6607006,407,3:22:38,1,[StatementsData_logId:2,FactCardData_id:22]
6607006,407,3:22:38,1,[StatementsData_logId:2,FactCardData_id:26]
6607006,407,3:22:43,1,[StatementsData_logId:2,FactCardData_id:23]
6607006,407,3:22:43,1,[StatementsData_logId:2,FactCardData_id:26]
6607006,407,3:22:43,1,[StatementsData_logId:2,FactCardData_id:23]
6607006,407,3:22:45,1,[StatementsData_logId:2,FactCardData_id:20]
6607006,407,3:22:45,1,[StatementsData_logId:2,FactCardData_id:23]
6607006,407,3:22:45,1,[StatementsData_logId:2,FactCardData_id:20]
6607006,407,3:22:46,1,[StatementsData_logId:2,FactCardData_id:25]
6607006,407,3:22:46,1,[StatementsData_logId:2,FactCardData_id:20]
6607006,407,3:22:46,1,[StatementsData_logId:2,FactCardData_id:25]
6607006,407,3:22:48,1,[StatementsData_logId:2,FactCardData_id:24]
6607006,407,3:22:48,1,[StatementsData_logId:2,FactCardData_id:25]
6607006,407,3:22:48,1,[StatementsData_logId:2,FactCardData_id:24]
6607006,408,3:22:49,1,[StatementsData_logId:2,FactCardData_id:24,true]
6607006,409,3:22:49,1,[StatementsData_logId:2]
6607006,410,3:22:50,1,[StatementsData_logId:2,2]
6607006,412,3:22:52,1,[StatementsData_logId:2]
6607006,413,3:23:8,1,[StatementsData_logId:2,DuelResponsesData_logId:0]
6607006,414,3:23:10,1,[StatementsData_logId:2,DuelResponsesData_logId:0]
6607006,415,3:23:22,1,[StatementsData_logId:2,DuelResponsesData_logId:0,DuelResponsesData_witty_player_response]
6607006,416,3:23:22,1,[StatementsData_logId:2,DuelResponsesData_logId:0]
6607006,417,3:23:23,1,[StatementsData_logId:2,DuelResponsesData_logId:0]
6607006,413,3:23:26,1,[StatementsData_logId:2,DuelResponsesData_logId:1]
6607006,414,3:23:32,1,[StatementsData_logId:2,DuelResponsesData_logId:1]
6607006,415,3:23:35,1,[StatementsData_logId:2,DuelResponsesData_logId:1,DuelResponsesData_witty_player_response]
6607006,416,3:23:36,1,[StatementsData_logId:2,DuelResponsesData_logId:1]
6607006,417,3:23:37,1,[StatementsData_logId:2,DuelResponsesData_logId:1]
6607006,413,3:23:40,1,[StatementsData_logId:2,DuelResponsesData_logId:2]
6607006,414,3:23:41,1,[StatementsData_logId:2,DuelResponsesData_logId:2]
6607006,415,3:23:52,1,[StatementsData_logId:2,DuelResponsesData_logId:2,DuelResponsesData_witty_player_response]
6607006,416,3:23:52,1,[StatementsData_logId:2,DuelResponsesData_logId:2]
6607006,417,3:23:53,1,[StatementsData_logId:2,DuelResponsesData_logId:2]
6607006,418,3:23:53,1,[StatementsData_logId:2,true]
6607006,419,3:23:54,1,[StatementsData_logId:2,4]
6607006,411,3:23:56,1,[StatementsData_logId:2]
6607006,401,3:24:5,1,[StatementsData_logId:3]
6607006,402,3:24:6,1,[StatementsData_logId:3,true]
6607006,405,3:24:6,1,[StatementsData_logId:3]
6607006,406,3:24:12,1,[StatementsData_logId:3,2]
6607006,411,3:24:14,1,[StatementsData_logId:3]
6607006,401,3:24:23,1,[StatementsData_logId:4]
6607006,403,3:24:26,1,[StatementsData_logId:4,true]
6607006,405,3:24:27,1,[StatementsData_logId:4]
6607006,406,3:24:27,1,[StatementsData_logId:4,2]
6607006,407,3:24:27,1,[StatementsData_logId:4,FactCardData_id:22]
6607006,407,3:24:27,1,[StatementsData_logId:4,FactCardData_id:25]
6607006,407,3:24:27,1,[StatementsData_logId:4,FactCardData_id:26]
6607006,407,3:24:27,1,[StatementsData_logId:4,FactCardData_id:23]
6607006,407,3:24:27,1,[StatementsData_logId:4,FactCardData_id:20]
6607006,407,3:24:27,1,[StatementsData_logId:4,FactCardData_id:24]
6607006,407,3:24:30,1,[StatementsData_logId:4,FactCardData_id:22]
6607006,407,3:24:30,1,[StatementsData_logId:4,FactCardData_id:22]
6607006,407,3:24:36,1,[StatementsData_logId:4,FactCardData_id:26]
6607006,407,3:24:36,1,[StatementsData_logId:4,FactCardData_id:22]
6607006,407,3:24:36,1,[StatementsData_logId:4,FactCardData_id:26]
6607006,407,3:24:38,1,[StatementsData_logId:4,FactCardData_id:20]
6607006,407,3:24:38,1,[StatementsData_logId:4,FactCardData_id:26]
6607006,407,3:24:38,1,[StatementsData_logId:4,FactCardData_id:20]
6607006,407,3:24:45,1,[StatementsData_logId:4,FactCardData_id:25]
6607006,407,3:24:45,1,[StatementsData_logId:4,FactCardData_id:20]
6607006,407,3:24:45,1,[StatementsData_logId:4,FactCardData_id:25]
6607006,407,3:24:49,1,[StatementsData_logId:4,FactCardData_id:23]
6607006,407,3:24:49,1,[StatementsData_logId:4,FactCardData_id:25]
6607006,407,3:24:49,1,[StatementsData_logId:4,FactCardData_id:23]
6607006,407,3:25:7,1,[StatementsData_logId:4,FactCardData_id:24]
6607006,407,3:25:7,1,[StatementsData_logId:4,FactCardData_id:23]
6607006,407,3:25:7,1,[StatementsData_logId:4,FactCardData_id:24]
6607006,407,3:25:8,1,[StatementsData_logId:4,FactCardData_id:23]
6607006,407,3:25:8,1,[StatementsData_logId:4,FactCardData_id:24]
6607006,407,3:25:8,1,[StatementsData_logId:4,FactCardData_id:23]
6607006,408,3:25:9,1,[StatementsData_logId:4,FactCardData_id:23,true]
6607006,409,3:25:9,1,[StatementsData_logId:4]
6607006,410,3:25:10,1,[StatementsData_logId:4,2]
6607006,412,3:25:12,1,[StatementsData_logId:4]
6607006,413,3:25:15,1,[StatementsData_logId:4,DuelResponsesData_logId:3]
6607006,414,3:25:16,1,[StatementsData_logId:4,DuelResponsesData_logId:3]
6607006,415,3:25:33,1,[StatementsData_logId:4,DuelResponsesData_logId:3,DuelResponsesData_witty_player_response]
6607006,416,3:25:34,1,[StatementsData_logId:4,DuelResponsesData_logId:3]
6607006,417,3:25:35,1,[StatementsData_logId:4,DuelResponsesData_logId:3]
6607006,413,3:25:42,1,[StatementsData_logId:4,DuelResponsesData_logId:4]
6607006,414,3:25:43,1,[StatementsData_logId:4,DuelResponsesData_logId:4]
6607006,415,3:25:58,1,[StatementsData_logId:4,DuelResponsesData_logId:4,DuelResponsesData_witty_player_response]
6607006,416,3:25:58,1,[StatementsData_logId:4,DuelResponsesData_logId:4]
6607006,417,3:25:59,1,[StatementsData_logId:4,DuelResponsesData_logId:4]
6607006,413,3:26:3,1,[StatementsData_logId:4,DuelResponsesData_logId:5]
6607006,414,3:26:4,1,[StatementsData_logId:4,DuelResponsesData_logId:5]
6607006,415,3:26:17,1,[StatementsData_logId:4,DuelResponsesData_logId:5,DuelResponsesData_witty_player_response]
6607006,416,3:26:18,1,[StatementsData_logId:4,DuelResponsesData_logId:5]
6607006,417,3:26:19,1,[StatementsData_logId:4,DuelResponsesData_logId:5]
6607006,418,3:26:19,1,[StatementsData_logId:4,true]
6607006,419,3:26:20,1,[StatementsData_logId:4,4]
6607006,411,3:26:24,1,[StatementsData_logId:4]
6607006,401,3:26:36,1,[StatementsData_logId:5]
6607006,404,3:26:37,1,[StatementsData_logId:5,true]
6607006,406,3:26:38,1,[StatementsData_logId:5,2]
6607006,412,3:26:40,1,[StatementsData_logId:5]
6607006,413,3:26:42,1,[StatementsData_logId:5,DuelResponsesData_logId:6]
6607006,414,3:26:43,1,[StatementsData_logId:5,DuelResponsesData_logId:6]
6607006,415,3:26:51,1,[StatementsData_logId:5,DuelResponsesData_logId:6,DuelResponsesData_witty_player_response]
6607006,416,3:26:51,1,[StatementsData_logId:5,DuelResponsesData_logId:6]
6607006,417,3:26:53,1,[StatementsData_logId:5,DuelResponsesData_logId:6]
6607006,413,3:26:56,1,[StatementsData_logId:5,DuelResponsesData_logId:7]
6607006,414,3:26:57,1,[StatementsData_logId:5,DuelResponsesData_logId:7]
6607006,415,3:27:17,1,[StatementsData_logId:5,DuelResponsesData_logId:7,DuelResponsesData_ok_player_response]
6607006,416,3:27:17,1,[StatementsData_logId:5,DuelResponsesData_logId:7]
6607006,417,3:27:19,1,[StatementsData_logId:5,DuelResponsesData_logId:7]
6607006,413,3:27:24,1,[StatementsData_logId:5,DuelResponsesData_logId:8]
6607006,414,3:27:25,1,[StatementsData_logId:5,DuelResponsesData_logId:8]
6607006,415,3:27:48,1,[StatementsData_logId:5,DuelResponsesData_logId:8,DuelResponsesData_lame_player_response]
6607006,416,3:27:48,1,[StatementsData_logId:5,DuelResponsesData_logId:8]
6607006,417,3:27:50,1,[StatementsData_logId:5,DuelResponsesData_logId:8]
6607006,418,3:27:50,1,[StatementsData_logId:5,true]
6607006,419,3:27:53,1,[StatementsData_logId:5,4]
6607006,411,3:27:54,1,[StatementsData_logId:5]
6607006,420,3:27:54,1,[56]
6607006,1005,3:27:54,1,[0,2,3]
6607006,1001,3:27:56,1,[]
6607006,1003,3:27:56,0
6607006,210,3:28:0,793,504
6607006,211,3:28:2,352,436
6607006,213,3:28:2,4,s_clock_F_G9a0,true
6607006,205,3:28:2,4,s_clock_F_G9a0,false,false
6607006,212,3:28:12,2
6607006,210,3:28:13,1083,514
6607006,207,3:28:13,4,-200,-335
6607006,211,3:28:16,992,276
6607006,210,3:28:17,951,304
6607006,211,3:28:19,566,163
6607006,210,3:28:20,562,209
6607006,211,3:28:20,553,211
6607006,213,3:28:20,4,s_calendar_F_gen,true
6607006,210,3:28:28,836,384
6607006,207,3:28:31,4,-335,-470
6607006,207,3:28:32,4,-470,-512
6607006,211,3:28:38,274,545
6607006,207,3:28:38,4,-512,-257
6607006,210,3:28:38,260,524
6607006,207,3:28:38,4,-257,-197
6607006,207,3:28:39,4,-197,0
6607006,211,3:28:42,271,601
6607006,213,3:28:42,4,s_cellPhone_F_G9a0,false
6607006,1003,3:28:51,2
6607006,1004,3:28:57,8
6607006,900,3:29:13,8,[]
6607006,901,3:29:15,8,[PeopleData_id:7]
6607006,902,3:29:16,8,[PeopleData_id:7,PeopleData_data0Type]
6607006,902,3:29:25,8,[PeopleData_id:7,PeopleData_data1Type]
6607006,902,3:29:30,8,[PeopleData_id:7,PeopleData_data2Type]
6607006,902,3:29:39,8,[PeopleData_id:7,PeopleData_data3Type]
6607006,903,3:29:42,8,[PeopleData_id7,PeopleData_data3Type]
6607006,901,3:29:44,8,[PeopleData_id:7]
6607006,904,3:29:44,8,[PeopleData_id:7]
6607006,905,3:29:44,8,[PeopleData_id:7,RankTypes_id:-1,RankTypes_id:3]
6607006,901,3:29:45,8,[PeopleData_id:3]
6607006,902,3:29:46,8,[PeopleData_id:3,PeopleData_data0Type]
6607006,902,3:29:52,8,[PeopleData_id:3,PeopleData_data1Type]
6607006,902,3:29:58,8,[PeopleData_id:3,PeopleData_data2Type]
6607006,902,3:30:2,8,[PeopleData_id:3,PeopleData_data3Type]
6607006,903,3:30:20,8,[PeopleData_id3,PeopleData_data3Type]
6607006,901,3:30:21,8,[PeopleData_id:3]
6607006,904,3:30:21,8,[PeopleData_id:3]
6607006,905,3:30:23,8,[PeopleData_id:3,RankTypes_id:-1,RankTypes_id:2]
6607006,901,3:30:23,8,[PeopleData_id:2]
6607006,902,3:30:24,8,[PeopleData_id:2,PeopleData_data0Type]
6607006,902,3:30:35,8,[PeopleData_id:2,PeopleData_data1Type]
6607006,902,3:30:42,8,[PeopleData_id:2,PeopleData_data2Type]
6607006,902,3:30:48,8,[PeopleData_id:2,PeopleData_data3Type]
6607006,903,3:30:54,8,[PeopleData_id2,PeopleData_data3Type]
6607006,901,3:30:55,8,[PeopleData_id:2]
6607006,904,3:30:55,8,[PeopleData_id:2]
6607006,905,3:30:57,8,[PeopleData_id:2,RankTypes_id:-1,RankTypes_id:0]
6607006,901,3:30:58,8,[PeopleData_id:5]
6607006,902,3:30:59,8,[PeopleData_id:5,PeopleData_data0Type]
6607006,902,3:31:8,8,[PeopleData_id:5,PeopleData_data1Type]
6607006,902,3:31:14,8,[PeopleData_id:5,PeopleData_data2Type]
6607006,902,3:31:19,8,[PeopleData_id:5,PeopleData_data3Type]
6607006,903,3:31:25,8,[PeopleData_id5,PeopleData_data3Type]
6607006,901,3:31:25,8,[PeopleData_id:5]
6607006,904,3:31:25,8,[PeopleData_id:5]
6607006,905,3:31:26,8,[PeopleData_id:5,RankTypes_id:-1,RankTypes_id:3]
6607006,901,3:31:27,8,[PeopleData_id:1]
6607006,902,3:31:27,8,[PeopleData_id:1,PeopleData_data0Type]
6607006,903,3:31:31,8,[PeopleData_id1,PeopleData_data0Type]
6607006,901,3:31:39,8,[PeopleData_id:6]
6607006,904,3:31:39,8,[PeopleData_id:6]
6607006,902,3:31:40,8,[PeopleData_id:6,PeopleData_data0Type]
6607006,903,3:31:43,8,[PeopleData_id6,PeopleData_data0Type]
6607006,902,3:31:47,8,[PeopleData_id:6,PeopleData_data0Type]
6607006,902,3:31:56,8,[PeopleData_id:6,PeopleData_data1Type]
6607006,902,3:32:0,8,[PeopleData_id:6,PeopleData_data2Type]
6607006,902,3:32:10,8,[PeopleData_id:6,PeopleData_data3Type]
6607006,903,3:32:16,8,[PeopleData_id6,PeopleData_data3Type]
6607006,901,3:32:20,8,[PeopleData_id:6]
6607006,904,3:32:20,8,[PeopleData_id:6]
6607006,905,3:32:22,8,[PeopleData_id:6,RankTypes_id:-1,RankTypes_id:1]
6607006,901,3:32:22,8,[PeopleData_id:9]
6607006,902,3:32:23,8,[PeopleData_id:9,PeopleData_data0Type]
6607006,902,3:32:31,8,[PeopleData_id:9,PeopleData_data1Type]
6607006,902,3:32:46,8,[PeopleData_id:9,PeopleData_data2Type]
6607006,902,3:32:50,8,[PeopleData_id:9,PeopleData_data3Type]
6607006,903,3:32:55,8,[PeopleData_id9,PeopleData_data3Type]
6607006,901,3:32:56,8,[PeopleData_id:9]
6607006,904,3:32:56,8,[PeopleData_id:9]
6607006,905,3:32:58,8,[PeopleData_id:9,RankTypes_id:-1,RankTypes_id:3]
6607006,901,3:32:59,8,[PeopleData_id:1]
6607006,902,3:32:59,8,[PeopleData_id:1,PeopleData_data0Type]
6607006,902,3:33:8,8,[PeopleData_id:1,PeopleData_data1Type]
6607006,902,3:33:9,8,[PeopleData_id:1,PeopleData_data2Type]
6607006,902,3:33:10,8,[PeopleData_id:1,PeopleData_data3Type]
6607006,902,3:33:11,8,[PeopleData_id:1,PeopleData_data1Type]
6607006,902,3:33:20,8,[PeopleData_id:1,PeopleData_data2Type]
6607006,902,3:33:24,8,[PeopleData_id:1,PeopleData_data1Type]
6607006,902,3:33:30,8,[PeopleData_id:1,PeopleData_data2Type]
6607006,902,3:33:43,8,[PeopleData_id:1,PeopleData_data3Type]
6607006,903,3:33:50,8,[PeopleData_id1,PeopleData_data3Type]
6607006,901,3:33:51,8,[PeopleData_id:1]
6607006,904,3:33:51,8,[PeopleData_id:1]
6607006,905,3:33:53,8,[PeopleData_id:1,RankTypes_id:-1,RankTypes_id:3]
6607006,901,3:33:54,8,[PeopleData_id:4]
6607006,902,3:33:55,8,[PeopleData_id:4,PeopleData_data0Type]
6607006,903,3:33:57,8,[PeopleData_id4,PeopleData_data0Type]
6607006,901,3:33:57,8,[PeopleData_id:7]
6607006,904,3:33:57,8,[PeopleData_id:7]
6607006,905,3:33:58,8,[PeopleData_id:7,RankTypes_id:3,RankTypes_id:4]
6607006,902,3:33:59,8,[PeopleData_id:7,PeopleData_data0Type]
6607006,903,3:34:2,8,[PeopleData_id7,PeopleData_data0Type]
6607006,901,3:34:3,8,[PeopleData_id:4]
6607006,904,3:34:3,8,[PeopleData_id:4]
6607006,902,3:34:4,8,[PeopleData_id:4,PeopleData_data0Type]
6607006,902,3:34:8,8,[PeopleData_id:4,PeopleData_data2Type]
6607006,902,3:34:9,8,[PeopleData_id:4,PeopleData_data1Type]
6607006,903,3:34:12,8,[PeopleData_id4,PeopleData_data1Type]
6607006,902,3:34:12,8,[PeopleData_id:4,PeopleData_data2Type]
6607006,902,3:34:18,8,[PeopleData_id:4,PeopleData_data3Type]
6607006,903,3:34:25,8,[PeopleData_id4,PeopleData_data3Type]
6607006,901,3:34:27,8,[PeopleData_id:4]
6607006,904,3:34:27,8,[PeopleData_id:4]
6607006,905,3:34:29,8,[PeopleData_id:4,RankTypes_id:-1,RankTypes_id:1]
6607006,901,3:34:30,8,[PeopleData_id:0]
6607006,902,3:34:31,8,[PeopleData_id:0,PeopleData_data0Type]
6607006,902,3:34:38,8,[PeopleData_id:0,PeopleData_data1Type]
6607006,902,3:34:43,8,[PeopleData_id:0,PeopleData_data2Type]
6607006,902,3:34:49,8,[PeopleData_id:0,PeopleData_data2Type]
6607006,902,3:34:50,8,[PeopleData_id:0,PeopleData_data3Type]
6607006,903,3:34:56,8,[PeopleData_id0,PeopleData_data3Type]
6607006,901,3:34:57,8,[PeopleData_id:0]
6607006,904,3:34:57,8,[PeopleData_id:0]
6607006,905,3:34:58,8,[PeopleData_id:0,RankTypes_id:-1,RankTypes_id:0]
6607006,901,3:34:59,8,[PeopleData_id:8]
6607006,902,3:35:1,8,[PeopleData_id:8,PeopleData_data0Type]
6607006,902,3:35:6,8,[PeopleData_id:8,PeopleData_data1Type]
6607006,902,3:35:13,8,[PeopleData_id:8,PeopleData_data2Type]
6607006,902,3:35:18,8,[PeopleData_id:8,PeopleData_data3Type]
6607006,903,3:35:22,8,[PeopleData_id8,PeopleData_data3Type]
6607006,901,3:35:23,8,[PeopleData_id:8]
6607006,904,3:35:23,8,[PeopleData_id:8]
6607006,905,3:35:23,8,[PeopleData_id:8,RankTypes_id:-1,RankTypes_id:4]
6607006,906,3:35:23,8,[]
6607006,901,3:35:25,8,[PeopleData_id:1]
6607006,905,3:35:25,8,[PeopleData_id:1,RankTypes_id:3,RankTypes_id:3]
6607006,902,3:35:26,8,[PeopleData_id:1,PeopleData_data0Type]
6607006,902,3:35:29,8,[PeopleData_id:1,PeopleData_data1Type]
6607006,902,3:35:33,8,[PeopleData_id:1,PeopleData_data2Type]
6607006,902,3:35:36,8,[PeopleData_id:1,PeopleData_data3Type]
6607006,903,3:35:37,8,[PeopleData_id1,PeopleData_data3Type]
6607006,901,3:35:38,8,[PeopleData_id:1]
6607006,904,3:35:38,8,[PeopleData_id:1]
6607006,905,3:35:40,8,[PeopleData_id:1,RankTypes_id:3,RankTypes_id:2]
6607006,901,3:35:40,8,[PeopleData_id:9]
6607006,905,3:35:40,8,[PeopleData_id:9,RankTypes_id:3,RankTypes_id:3]
6607006,902,3:35:41,8,[PeopleData_id:9,PeopleData_data0Type]
6607006,902,3:35:55,8,[PeopleData_id:9,PeopleData_data1Type]
6607006,902,3:36:0,8,[PeopleData_id:9,PeopleData_data2Type]
6607006,902,3:36:5,8,[PeopleData_id:9,PeopleData_data3Type]
6607006,903,3:36:8,8,[PeopleData_id9,PeopleData_data3Type]
6607006,901,3:36:9,8,[PeopleData_id:9]
6607006,904,3:36:9,8,[PeopleData_id:9]
6607006,905,3:36:10,8,[PeopleData_id:9,RankTypes_id:3,RankTypes_id:2]
6607006,901,3:36:11,8,[PeopleData_id:5]
6607006,905,3:36:11,8,[PeopleData_id:5,RankTypes_id:3,RankTypes_id:3]
6607006,902,3:36:11,8,[PeopleData_id:5,PeopleData_data0Type]
6607006,902,3:36:22,8,[PeopleData_id:5,PeopleData_data1Type]
6607006,902,3:36:28,8,[PeopleData_id:5,PeopleData_data2Type]
6607006,902,3:36:32,8,[PeopleData_id:5,PeopleData_data3Type]
6607006,903,3:36:37,8,[PeopleData_id5,PeopleData_data3Type]
6607006,901,3:36:38,8,[PeopleData_id:5]
6607006,904,3:36:38,8,[PeopleData_id:5]
6607006,905,3:36:38,8,[PeopleData_id:5,RankTypes_id:3,RankTypes_id:3]
6607006,907,3:36:44,8,[]
6607006,908,3:36:44,8,[InvitationData_id:7,PeopleData_id:7,RankTypes_id:4]
6607006,909,3:36:49,8,[InvitationData_id:7,PeopleData_id:7,RankTypes_id:4,1]
6607006,910,3:36:50,8,[InvitationData_id:7,9,false]
6607006,908,3:36:50,8,[InvitationData_id:5,PeopleData_id:4,RankTypes_id:1]
6607006,901,3:36:56,8,[PeopleData_id:4]
6607006,902,3:36:57,8,[PeopleData_id:4,PeopleData_data0Type]
6607006,902,3:37:2,8,[PeopleData_id:4,PeopleData_data2Type]
6607006,902,3:37:2,8,[PeopleData_id:4,PeopleData_data1Type]
6607006,902,3:37:4,8,[PeopleData_id:4,PeopleData_data2Type]
6607006,902,3:37:6,8,[PeopleData_id:4,PeopleData_data3Type]
6607006,909,3:37:10,8,[InvitationData_id:5,PeopleData_id:4,RankTypes_id:1,0]
6607006,910,3:37:12,8,[InvitationData_id:5,0,false]
6607006,908,3:37:12,8,[InvitationData_id:3,PeopleData_id:9,RankTypes_id:2]
6607006,901,3:37:21,8,[PeopleData_id:9]
6607006,902,3:37:23,8,[PeopleData_id:9,PeopleData_data0Type]
6607006,902,3:37:32,8,[PeopleData_id:9,PeopleData_data1Type]
6607006,902,3:37:39,8,[PeopleData_id:9,PeopleData_data2Type]
6607006,902,3:37:44,8,[PeopleData_id:9,PeopleData_data3Type]
6607006,909,3:37:50,8,[InvitationData_id:3,PeopleData_id:9,RankTypes_id:2,1]
6607006,910,3:38:4,8,[InvitationData_id:3,0,true]
6607006,908,3:38:4,8,[InvitationData_id:10,PeopleData_id:9,RankTypes_id:2]
6607006,901,3:38:20,8,[PeopleData_id:9]
6607006,902,3:38:22,8,[PeopleData_id:9,PeopleData_data0Type]
6607006,902,3:38:25,8,[PeopleData_id:9,PeopleData_data1Type]
6607006,902,3:38:27,8,[PeopleData_id:9,PeopleData_data2Type]
6607006,902,3:38:27,8,[PeopleData_id:9,PeopleData_data3Type]
6607006,909,3:38:29,8,[InvitationData_id:10,PeopleData_id:9,RankTypes_id:2,0]
6607006,910,3:38:37,8,[InvitationData_id:10,-2,false]
6607006,908,3:38:37,8,[InvitationData_id:11,PeopleData_id:7,RankTypes_id:4]
6607006,909,3:38:58,8,[InvitationData_id:11,PeopleData_id:7,RankTypes_id:4,1]
6607006,910,3:38:59,8,[InvitationData_id:11,9,false]
6607006,908,3:38:59,8,[InvitationData_id:0,PeopleData_id:6,RankTypes_id:1]
6607006,909,3:39:4,8,[InvitationData_id:0,PeopleData_id:6,RankTypes_id:1,0]
6607006,910,3:39:12,8,[InvitationData_id:0,0,false]
6607006,908,3:39:12,8,[InvitationData_id:8,PeopleData_id:7,RankTypes_id:4]
6607006,901,3:39:29,8,[PeopleData_id:0]
6607006,902,3:39:30,8,[PeopleData_id:0,PeopleData_data0Type]
6607006,902,3:39:33,8,[PeopleData_id:0,PeopleData_data1Type]
6607006,902,3:39:34,8,[PeopleData_id:0,PeopleData_data2Type]
6607006,902,3:39:35,8,[PeopleData_id:0,PeopleData_data3Type]
6607006,909,3:39:37,8,[InvitationData_id:8,PeopleData_id:7,RankTypes_id:4,1]
6607006,910,3:39:43,8,[InvitationData_id:8,9,false]
6607006,908,3:39:43,8,[InvitationData_id:1,PeopleData_id:3,RankTypes_id:2]
6607006,909,3:39:52,8,[InvitationData_id:1,PeopleData_id:3,RankTypes_id:2,1]
6607006,910,3:40:1,8,[InvitationData_id:1,0,true]
6607006,908,3:40:1,8,[InvitationData_id:6,PeopleData_id:7,RankTypes_id:4]
6607006,909,3:40:28,8,[InvitationData_id:6,PeopleData_id:7,RankTypes_id:4,1]
6607006,910,3:40:32,8,[InvitationData_id:6,9,false]
6607006,908,3:40:32,8,[InvitationData_id:2,PeopleData_id:4,RankTypes_id:1]
6607006,909,3:40:39,8,[InvitationData_id:2,PeopleData_id:4,RankTypes_id:1,0]
6607006,910,3:40:45,8,[InvitationData_id:2,0,false]
6607006,908,3:40:45,8,[InvitationData_id:4,PeopleData_id:3,RankTypes_id:2]
6607006,901,3:41:2,8,[PeopleData_id:6]
6607006,902,3:41:3,8,[PeopleData_id:6,PeopleData_data0Type]
6607006,902,3:41:8,8,[PeopleData_id:6,PeopleData_data1Type]
6607006,902,3:41:10,8,[PeopleData_id:6,PeopleData_data2Type]
6607006,902,3:41:17,8,[PeopleData_id:6,PeopleData_data3Type]
6607006,901,3:41:19,8,[PeopleData_id:4]
6607006,902,3:41:20,8,[PeopleData_id:4,PeopleData_data0Type]
6607006,902,3:41:23,8,[PeopleData_id:4,PeopleData_data1Type]
6607006,902,3:41:24,8,[PeopleData_id:4,PeopleData_data2Type]
6607006,902,3:41:25,8,[PeopleData_id:4,PeopleData_data3Type]
6607006,909,3:41:28,8,[InvitationData_id:4,PeopleData_id:3,RankTypes_id:2,0]
6607006,910,3:41:39,8,[InvitationData_id:4,-2,false]
6607006,908,3:41:39,8,[InvitationData_id:9,PeopleData_id:7,RankTypes_id:4]
6607006,901,3:41:51,8,[PeopleData_id:9]
6607006,902,3:41:52,8,[PeopleData_id:9,PeopleData_data0Type]
6607006,902,3:41:55,8,[PeopleData_id:9,PeopleData_data1Type]
6607006,902,3:41:56,8,[PeopleData_id:9,PeopleData_data2Type]
6607006,902,3:41:57,8,[PeopleData_id:9,PeopleData_data3Type]
6607006,902,3:41:58,8,[PeopleData_id:9,PeopleData_data2Type]
6607006,901,3:42:0,8,[PeopleData_id:4]
6607006,902,3:42:1,8,[PeopleData_id:4,PeopleData_data0Type]
6607006,902,3:42:1,8,[PeopleData_id:4,PeopleData_data1Type]
6607006,902,3:42:2,8,[PeopleData_id:4,PeopleData_data2Type]
6607006,902,3:42:2,8,[PeopleData_id:4,PeopleData_data3Type]
6607006,901,3:42:4,8,[PeopleData_id:0]
6607006,902,3:42:5,8,[PeopleData_id:0,PeopleData_data0Type]
6607006,902,3:42:5,8,[PeopleData_id:0,PeopleData_data1Type]
6607006,902,3:42:5,8,[PeopleData_id:0,PeopleData_data2Type]
6607006,902,3:42:5,8,[PeopleData_id:0,PeopleData_data3Type]
6607006,909,3:42:10,8,[InvitationData_id:9,PeopleData_id:7,RankTypes_id:4,1]
6607006,910,3:42:16,8,[InvitationData_id:9,9,false]
6607006,911,3:42:19,8,[41,2,1,2]
6607006,1005,3:42:19,8,[2,0,1]
6607006,1000,3:42:20,8,[]
6607006,900,3:42:22,8,[]
6607006,901,3:42:32,8,[PeopleData_id:1]
6607006,904,3:42:32,8,[PeopleData_id:1]
6607006,901,3:42:37,8,[PeopleData_id:0]
6607006,904,3:42:37,8,[PeopleData_id:0]
6607006,901,3:42:37,8,[PeopleData_id:0]
6607006,904,3:42:37,8,[PeopleData_id:0]
6607006,905,3:42:38,8,[PeopleData_id:0,RankTypes_id:-1,RankTypes_id:4]
6607006,901,3:42:38,8,[PeopleData_id:9]
6607006,904,3:42:38,8,[PeopleData_id:9]
6607006,905,3:42:38,8,[PeopleData_id:9,RankTypes_id:-1,RankTypes_id:4]
6607006,901,3:42:41,8,[PeopleData_id:9]
6607006,905,3:42:41,8,[PeopleData_id:9,RankTypes_id:4,RankTypes_id:4]
6607006,901,3:42:41,8,[PeopleData_id:0]
6607006,905,3:42:41,8,[PeopleData_id:0,RankTypes_id:4,RankTypes_id:4]
6607006,902,3:42:42,8,[PeopleData_id:0,PeopleData_data0Type]
6607006,902,3:42:47,8,[PeopleData_id:0,PeopleData_data1Type]
6607006,902,3:42:55,8,[PeopleData_id:0,PeopleData_data2Type]
6607006,902,3:43:0,8,[PeopleData_id:0,PeopleData_data3Type]
6607006,903,3:43:3,8,[PeopleData_id0,PeopleData_data3Type]
6607006,901,3:43:5,8,[PeopleData_id:0]
6607006,904,3:43:5,8,[PeopleData_id:0]
6607006,905,3:43:6,8,[PeopleData_id:0,RankTypes_id:4,RankTypes_id:1]
6607006,901,3:43:14,8,[PeopleData_id:6]
6607006,904,3:43:14,8,[PeopleData_id:6]
6607006,901,3:43:15,8,[PeopleData_id:6]
6607006,902,3:43:16,8,[PeopleData_id:6,PeopleData_data0Type]
6607006,902,3:43:25,8,[PeopleData_id:6,PeopleData_data1Type]
6607006,902,3:43:29,8,[PeopleData_id:6,PeopleData_data1Type]
6607006,902,3:43:29,8,[PeopleData_id:6,PeopleData_data2Type]
6607006,902,3:43:36,8,[PeopleData_id:6,PeopleData_data2Type]
6607006,902,3:43:36,8,[PeopleData_id:6,PeopleData_data3Type]
6607006,903,3:43:43,8,[PeopleData_id6,PeopleData_data3Type]
6607006,901,3:43:44,8,[PeopleData_id:6]
6607006,904,3:43:44,8,[PeopleData_id:6]
6607006,905,3:43:48,8,[PeopleData_id:6,RankTypes_id:-1,RankTypes_id:0]
6607006,901,3:43:49,8,[PeopleData_id:8]
6607006,902,3:43:49,8,[PeopleData_id:8,PeopleData_data0Type]
6607006,902,3:43:54,8,[PeopleData_id:8,PeopleData_data1Type]
6607006,902,3:44:1,8,[PeopleData_id:8,PeopleData_data2Type]
6607006,902,3:44:7,8,[PeopleData_id:8,PeopleData_data3Type]
6607006,903,3:44:9,8,[PeopleData_id8,PeopleData_data3Type]
6607006,901,3:44:10,8,[PeopleData_id:8]
6607006,904,3:44:10,8,[PeopleData_id:8]
6607006,905,3:44:11,8,[PeopleData_id:8,RankTypes_id:-1,RankTypes_id:4]
6607006,901,3:44:12,8,[PeopleData_id:9]
6607006,905,3:44:12,8,[PeopleData_id:9,RankTypes_id:4,RankTypes_id:4]
6607006,902,3:44:12,8,[PeopleData_id:9,PeopleData_data0Type]
6607006,902,3:44:17,8,[PeopleData_id:9,PeopleData_data1Type]
6607006,902,3:44:19,8,[PeopleData_id:9,PeopleData_data2Type]
6607006,902,3:44:23,8,[PeopleData_id:9,PeopleData_data3Type]
6607006,903,3:44:29,8,[PeopleData_id9,PeopleData_data3Type]
6607006,902,3:44:34,8,[PeopleData_id:9,PeopleData_data2Type]
6607006,903,3:45:1,8,[PeopleData_id9,PeopleData_data2Type]
6607006,901,3:45:3,8,[PeopleData_id:9]
6607006,905,3:45:3,8,[PeopleData_id:9,RankTypes_id:4,RankTypes_id:4]
6607006,902,3:45:4,8,[PeopleData_id:9,PeopleData_data3Type]
6607006,902,3:45:6,8,[PeopleData_id:9,PeopleData_data2Type]
6607006,903,3:45:7,8,[PeopleData_id9,PeopleData_data2Type]
6607006,901,3:45:9,8,[PeopleData_id:9]
6607006,904,3:45:9,8,[PeopleData_id:9]
6607006,905,3:45:9,8,[PeopleData_id:9,RankTypes_id:4,RankTypes_id:3]
6607006,901,3:45:10,8,[PeopleData_id:7]
6607006,904,3:45:10,8,[PeopleData_id:7]
6607006,902,3:45:11,8,[PeopleData_id:7,PeopleData_data0Type]
6607006,902,3:45:15,8,[PeopleData_id:7,PeopleData_data1Type]
6607006,902,3:45:17,8,[PeopleData_id:7,PeopleData_data2Type]
6607006,902,3:45:17,8,[PeopleData_id:7,PeopleData_data3Type]
6607006,903,3:45:19,8,[PeopleData_id7,PeopleData_data3Type]
6607006,901,3:45:20,8,[PeopleData_id:7]
6607006,904,3:45:20,8,[PeopleData_id:7]
6607006,905,3:45:20,8,[PeopleData_id:7,RankTypes_id:-1,RankTypes_id:4]
6607006,901,3:45:21,8,[PeopleData_id:5]
6607006,902,3:45:22,8,[PeopleData_id:5,PeopleData_data0Type]
6607006,902,3:45:27,8,[PeopleData_id:5,PeopleData_data1Type]
6607006,902,3:45:33,8,[PeopleData_id:5,PeopleData_data2Type]
6607006,902,3:45:39,8,[PeopleData_id:5,PeopleData_data3Type]
6607006,903,3:45:43,8,[PeopleData_id5,PeopleData_data3Type]
6607006,901,3:45:44,8,[PeopleData_id:5]
6607006,904,3:45:44,8,[PeopleData_id:5]
6607006,905,3:45:45,8,[PeopleData_id:5,RankTypes_id:-1,RankTypes_id:3]
6607006,901,3:45:46,8,[PeopleData_id:3]
6607006,902,3:45:47,8,[PeopleData_id:3,PeopleData_data0Type]
6607006,902,3:45:51,8,[PeopleData_id:3,PeopleData_data1Type]
6607006,902,3:45:57,8,[PeopleData_id:3,PeopleData_data2Type]
6607006,902,3:45:59,8,[PeopleData_id:3,PeopleData_data3Type]
6607006,903,3:46:1,8,[PeopleData_id3,PeopleData_data3Type]
6607006,901,3:46:1,8,[PeopleData_id:3]
6607006,904,3:46:1,8,[PeopleData_id:3]
6607006,905,3:46:2,8,[PeopleData_id:3,RankTypes_id:-1,RankTypes_id:2]
6607006,901,3:46:3,8,[PeopleData_id:4]
6607006,902,3:46:4,8,[PeopleData_id:4,PeopleData_data0Type]
6607006,902,3:46:7,8,[PeopleData_id:4,PeopleData_data1Type]
6607006,902,3:46:8,8,[PeopleData_id:4,PeopleData_data2Type]
6607006,902,3:46:8,8,[PeopleData_id:4,PeopleData_data3Type]
6607006,903,3:46:9,8,[PeopleData_id4,PeopleData_data3Type]
6607006,901,3:46:10,8,[PeopleData_id:4]
6607006,904,3:46:10,8,[PeopleData_id:4]
6607006,905,3:46:10,8,[PeopleData_id:4,RankTypes_id:-1,RankTypes_id:2]
6607006,902,3:46:11,8,[PeopleData_id:4,PeopleData_data0Type]
6607006,902,3:46:11,8,[PeopleData_id:4,PeopleData_data1Type]
6607006,902,3:46:12,8,[PeopleData_id:4,PeopleData_data2Type]
6607006,902,3:46:14,8,[PeopleData_id:4,PeopleData_data3Type]
6607006,903,3:46:15,8,[PeopleData_id4,PeopleData_data3Type]
6607006,901,3:46:16,8,[PeopleData_id:4]
6607006,904,3:46:16,8,[PeopleData_id:4]
6607006,905,3:46:17,8,[PeopleData_id:4,RankTypes_id:2,RankTypes_id:1]
6607006,901,3:46:18,8,[PeopleData_id:2]
6607006,902,3:46:19,8,[PeopleData_id:2,PeopleData_data0Type]
6607006,902,3:46:29,8,[PeopleData_id:2,PeopleData_data1Type]
6607006,902,3:46:36,8,[PeopleData_id:2,PeopleData_data2Type]
6607006,902,3:46:38,8,[PeopleData_id:2,PeopleData_data3Type]
6607006,903,3:46:43,8,[PeopleData_id2,PeopleData_data3Type]
6607006,901,3:46:43,8,[PeopleData_id:2]
6607006,904,3:46:43,8,[PeopleData_id:2]
6607006,905,3:46:44,8,[PeopleData_id:2,RankTypes_id:-1,RankTypes_id:0]
6607006,901,3:46:45,8,[PeopleData_id:1]
6607006,902,3:46:45,8,[PeopleData_id:1,PeopleData_data0Type]
6607006,902,3:46:53,8,[PeopleData_id:1,PeopleData_data1Type]
6607006,902,3:47:2,8,[PeopleData_id:1,PeopleData_data2Type]
6607006,902,3:47:11,8,[PeopleData_id:1,PeopleData_data3Type]
6607006,903,3:47:15,8,[PeopleData_id1,PeopleData_data3Type]
6607006,901,3:47:17,8,[PeopleData_id:1]
6607006,904,3:47:17,8,[PeopleData_id:1]
6607006,905,3:47:19,8,[PeopleData_id:1,RankTypes_id:-1,RankTypes_id:2]
6607006,906,3:47:19,8,[]
6607006,907,3:47:20,8,[]
6607006,908,3:47:20,8,[InvitationData_id:3,PeopleData_id:9,RankTypes_id:3]
6607006,909,3:47:35,8,[InvitationData_id:3,PeopleData_id:9,RankTypes_id:3,0]
6607006,910,3:47:44,8,[InvitationData_id:3,-7,false]
6607006,908,3:47:44,8,[InvitationData_id:6,PeopleData_id:7,RankTypes_id:4]
6607006,909,3:47:50,8,[InvitationData_id:6,PeopleData_id:7,RankTypes_id:4,1]
6607006,910,3:47:51,8,[InvitationData_id:6,9,false]
6607006,908,3:47:51,8,[InvitationData_id:0,PeopleData_id:0,RankTypes_id:1]
6607006,909,3:48:6,8,[InvitationData_id:0,PeopleData_id:0,RankTypes_id:1,0]
6607006,910,3:48:12,8,[InvitationData_id:0,0,false]
6607006,908,3:48:12,8,[InvitationData_id:2,PeopleData_id:4,RankTypes_id:1]
6607006,909,3:48:19,8,[InvitationData_id:2,PeopleData_id:4,RankTypes_id:1,0]
6607006,910,3:48:24,8,[InvitationData_id:2,0,false]
6607006,908,3:48:24,8,[InvitationData_id:9,PeopleData_id:7,RankTypes_id:4]
6607006,909,3:48:34,8,[InvitationData_id:9,PeopleData_id:7,RankTypes_id:4,1]
6607006,910,3:48:35,8,[InvitationData_id:9,9,false]
6607006,908,3:48:35,8,[InvitationData_id:5,PeopleData_id:0,RankTypes_id:1]
6607006,909,3:48:53,8,[InvitationData_id:5,PeopleData_id:0,RankTypes_id:1,0]
6607006,910,3:49:0,8,[InvitationData_id:5,0,false]
6607006,908,3:49:0,8,[InvitationData_id:10,PeopleData_id:9,RankTypes_id:3]
6607006,909,3:49:10,8,[InvitationData_id:10,PeopleData_id:9,RankTypes_id:3,1]
6607006,910,3:49:15,8,[InvitationData_id:10,7,false]
6607006,908,3:49:15,8,[InvitationData_id:12,PeopleData_id:0,RankTypes_id:1]
6607006,901,3:49:21,8,[PeopleData_id:0]
6607006,902,3:49:22,8,[PeopleData_id:0,PeopleData_data0Type]
6607006,902,3:49:29,8,[PeopleData_id:0,PeopleData_data1Type]
6607006,902,3:49:40,8,[PeopleData_id:0,PeopleData_data2Type]
6607006,902,3:49:44,8,[PeopleData_id:0,PeopleData_data3Type]
6607006,909,3:49:54,8,[InvitationData_id:12,PeopleData_id:0,RankTypes_id:1,0]
6607006,910,3:50:21,8,[InvitationData_id:12,0,false]
6607006,908,3:50:21,8,[InvitationData_id:4,PeopleData_id:3,RankTypes_id:2]
6607006,901,3:50:34,8,[PeopleData_id:3]
6607006,902,3:50:34,8,[PeopleData_id:3,PeopleData_data0Type]
6607006,902,3:50:37,8,[PeopleData_id:3,PeopleData_data1Type]
6607006,902,3:50:40,8,[PeopleData_id:3,PeopleData_data2Type]
6607006,902,3:50:41,8,[PeopleData_id:3,PeopleData_data3Type]
6607006,901,3:50:44,8,[PeopleData_id:4]
6607006,902,3:50:45,8,[PeopleData_id:4,PeopleData_data0Type]
6607006,902,3:50:46,8,[PeopleData_id:4,PeopleData_data1Type]
6607006,902,3:50:47,8,[PeopleData_id:4,PeopleData_data2Type]
6607006,902,3:50:48,8,[PeopleData_id:4,PeopleData_data1Type]
6607006,902,3:50:51,8,[PeopleData_id:4,PeopleData_data2Type]
6607006,902,3:50:52,8,[PeopleData_id:4,PeopleData_data3Type]
6607006,901,3:50:55,8,[PeopleData_id:6]
6607006,902,3:50:56,8,[PeopleData_id:6,PeopleData_data0Type]
6607006,902,3:50:56,8,[PeopleData_id:6,PeopleData_data1Type]
6607006,902,3:50:56,8,[PeopleData_id:6,PeopleData_data2Type]
6607006,902,3:50:56,8,[PeopleData_id:6,PeopleData_data3Type]
6607006,909,3:50:58,8,[InvitationData_id:4,PeopleData_id:3,RankTypes_id:2,0]
6607006,910,3:51:10,8,[InvitationData_id:4,-2,false]
6607006,908,3:51:10,8,[InvitationData_id:11,PeopleData_id:7,RankTypes_id:4]
6607006,909,3:51:20,8,[InvitationData_id:11,PeopleData_id:7,RankTypes_id:4,1]
6607006,910,3:51:27,8,[InvitationData_id:11,9,false]
6607006,908,3:51:27,8,[InvitationData_id:8,PeopleData_id:7,RankTypes_id:4]
6607006,909,3:51:34,8,[InvitationData_id:8,PeopleData_id:7,RankTypes_id:4,1]
6607006,910,3:51:35,8,[InvitationData_id:8,9,false]
6607006,908,3:51:35,8,[InvitationData_id:1,PeopleData_id:3,RankTypes_id:2]
6607006,909,3:51:41,8,[InvitationData_id:1,PeopleData_id:3,RankTypes_id:2,0]
6607006,910,3:51:48,8,[InvitationData_id:1,-2,false]
6607006,908,3:51:48,8,[InvitationData_id:7,PeopleData_id:7,RankTypes_id:4]
6607006,909,3:51:53,8,[InvitationData_id:7,PeopleData_id:7,RankTypes_id:4,1]
6607006,910,3:51:54,8,[InvitationData_id:7,9,false]
6607006,911,3:51:56,8,[41,0,1,0]
6607006,1005,3:51:56,8,[2,1,3]
6607006,1001,3:51:57,8,[]
6607006,1003,3:51:57,2
6607006,1004,3:52:8,2
6607006,900,3:52:45,2,[]
6607006,901,3:52:46,2,[PeopleData_id:4]
6607006,902,3:52:48,2,[PeopleData_id:4,PeopleData_data0Type]
6607006,902,3:52:54,2,[PeopleData_id:4,PeopleData_data1Type]
6607006,902,3:53:0,2,[PeopleData_id:4,PeopleData_data2Type]
6607006,903,3:53:2,2,[PeopleData_id4,PeopleData_data2Type]
6607006,901,3:53:3,2,[PeopleData_id:4]
6607006,904,3:53:3,2,[PeopleData_id:4]
6607006,905,3:53:4,2,[PeopleData_id:4,RankTypes_id:-1,RankTypes_id:3]
6607006,901,3:53:5,2,[PeopleData_id:1]
6607006,902,3:53:6,2,[PeopleData_id:1,PeopleData_data0Type]
6607006,902,3:53:10,2,[PeopleData_id:1,PeopleData_data1Type]
6607006,902,3:53:16,2,[PeopleData_id:1,PeopleData_data2Type]
6607006,903,3:53:24,2,[PeopleData_id1,PeopleData_data2Type]
6607006,901,3:53:25,2,[PeopleData_id:1]
6607006,904,3:53:25,2,[PeopleData_id:1]
6607006,905,3:53:26,2,[PeopleData_id:1,RankTypes_id:-1,RankTypes_id:1]
6607006,901,3:53:27,2,[PeopleData_id:1]
6607006,904,3:53:27,2,[PeopleData_id:1]
6607006,905,3:53:27,2,[PeopleData_id:1,RankTypes_id:1,RankTypes_id:2]
6607006,901,3:53:28,2,[PeopleData_id:3]
6607006,902,3:53:29,2,[PeopleData_id:3,PeopleData_data0Type]
6607006,902,3:53:32,2,[PeopleData_id:3,PeopleData_data1Type]
6607006,902,3:53:37,2,[PeopleData_id:3,PeopleData_data2Type]
6607006,902,3:53:45,2,[PeopleData_id:3,PeopleData_data3Type]
6607006,903,3:53:52,2,[PeopleData_id3,PeopleData_data3Type]
6607006,901,3:53:54,2,[PeopleData_id:3]
6607006,904,3:53:54,2,[PeopleData_id:3]
6607006,905,3:53:54,2,[PeopleData_id:3,RankTypes_id:-1,RankTypes_id:3]
6607006,901,3:53:55,2,[PeopleData_id:5]
6607006,902,3:53:56,2,[PeopleData_id:5,PeopleData_data0Type]
6607006,902,3:53:59,2,[PeopleData_id:5,PeopleData_data1Type]
6607006,902,3:54:1,2,[PeopleData_id:5,PeopleData_data2Type]
6607006,902,3:54:11,2,[PeopleData_id:5,PeopleData_data3Type]
6607006,903,3:54:15,2,[PeopleData_id5,PeopleData_data3Type]
6607006,901,3:54:16,2,[PeopleData_id:5]
6607006,904,3:54:17,2,[PeopleData_id:5]
6607006,905,3:54:18,2,[PeopleData_id:5,RankTypes_id:-1,RankTypes_id:0]
6607006,901,3:54:19,2,[PeopleData_id:6]
6607006,902,3:54:20,2,[PeopleData_id:6,PeopleData_data0Type]
6607006,902,3:54:23,2,[PeopleData_id:6,PeopleData_data1Type]
6607006,902,3:54:28,2,[PeopleData_id:6,PeopleData_data2Type]
6607006,903,3:54:34,2,[PeopleData_id6,PeopleData_data2Type]
6607006,902,3:54:36,2,[PeopleData_id:6,PeopleData_data2Type]
6607006,903,3:54:38,2,[PeopleData_id6,PeopleData_data2Type]
6607006,901,3:54:39,2,[PeopleData_id:6]
6607006,904,3:54:39,2,[PeopleData_id:6]
6607006,905,3:54:40,2,[PeopleData_id:6,RankTypes_id:-1,RankTypes_id:1]
6607006,901,3:54:41,2,[PeopleData_id:2]
6607006,902,3:54:43,2,[PeopleData_id:2,PeopleData_data0Type]
6607006,902,3:54:43,2,[PeopleData_id:2,PeopleData_data0Type]
6607006,903,3:54:45,2,[PeopleData_id2,PeopleData_data0Type]
6607006,901,3:54:59,2,[PeopleData_id:5]
6607006,904,3:54:59,2,[PeopleData_id:5]
6607006,905,3:55:0,2,[PeopleData_id:5,RankTypes_id:0,RankTypes_id:1]
6607006,902,3:55:22,2,[PeopleData_id:5,PeopleData_data0Type]
6607006,902,3:55:25,2,[PeopleData_id:5,PeopleData_data1Type]
6607006,902,3:55:25,2,[PeopleData_id:5,PeopleData_data2Type]
6607006,902,3:55:26,2,[PeopleData_id:5,PeopleData_data3Type]
6607006,903,3:55:27,2,[PeopleData_id5,PeopleData_data3Type]
6607006,901,3:55:28,2,[PeopleData_id:6]
6607006,904,3:55:28,2,[PeopleData_id:6]
6607006,905,3:55:28,2,[PeopleData_id:6,RankTypes_id:1,RankTypes_id:0]
6607006,901,3:55:28,2,[PeopleData_id:5]
6607006,904,3:55:28,2,[PeopleData_id:5]
6607006,905,3:55:29,2,[PeopleData_id:5,RankTypes_id:1,RankTypes_id:0]
6607006,901,3:55:29,2,[PeopleData_id:2]
6607006,902,3:55:30,2,[PeopleData_id:2,PeopleData_data0Type]
6607006,902,3:55:37,2,[PeopleData_id:2,PeopleData_data1Type]
6607006,902,3:55:52,2,[PeopleData_id:2,PeopleData_data2Type]
6607006,902,3:55:56,2,[PeopleData_id:2,PeopleData_data3Type]
6607006,903,3:56:0,2,[PeopleData_id2,PeopleData_data3Type]
6607006,901,3:56:1,2,[PeopleData_id:2]
6607006,904,3:56:1,2,[PeopleData_id:2]
6607006,905,3:56:3,2,[PeopleData_id:2,RankTypes_id:-1,RankTypes_id:2]
6607006,901,3:56:4,2,[PeopleData_id:0]
6607006,902,3:56:6,2,[PeopleData_id:0,PeopleData_data0Type]
6607006,902,3:56:12,2,[PeopleData_id:0,PeopleData_data1Type]
6607006,902,3:56:20,2,[PeopleData_id:0,PeopleData_data2Type]
6607006,902,3:56:41,2,[PeopleData_id:0,PeopleData_data3Type]
6607006,903,3:56:45,2,[PeopleData_id0,PeopleData_data3Type]
6607006,901,3:56:47,2,[PeopleData_id:0]
6607006,904,3:56:47,2,[PeopleData_id:0]
6607006,905,3:56:48,2,[PeopleData_id:0,RankTypes_id:-1,RankTypes_id:2]
6607006,906,3:56:48,2,[]
6607006,901,3:56:49,2,[PeopleData_id:3]
6607006,904,3:56:50,2,[PeopleData_id:3]
6607006,901,3:56:52,2,[PeopleData_id:4]
6607006,904,3:56:52,2,[PeopleData_id:4]
6607006,901,3:56:53,2,[PeopleData_id:4]
6607006,904,3:56:53,2,[PeopleData_id:4]
6607006,905,3:56:54,2,[PeopleData_id:4,RankTypes_id:3,RankTypes_id:4]
6607006,901,3:56:54,2,[PeopleData_id:4]
6607006,904,3:56:54,2,[PeopleData_id:4]
6607006,905,3:56:54,2,[PeopleData_id:4,RankTypes_id:4,RankTypes_id:3]
6607006,901,3:56:54,2,[PeopleData_id:3]
6607006,904,3:56:55,2,[PeopleData_id:3]
6607006,905,3:56:55,2,[PeopleData_id:3,RankTypes_id:3,RankTypes_id:4]
6607006,901,3:56:55,2,[PeopleData_id:4]
6607006,904,3:56:55,2,[PeopleData_id:4]
6607006,905,3:56:56,2,[PeopleData_id:4,RankTypes_id:3,RankTypes_id:4]
6607006,902,3:56:57,2,[PeopleData_id:4,PeopleData_data0Type]
6607006,902,3:57:1,2,[PeopleData_id:4,PeopleData_data1Type]
6607006,902,3:57:4,2,[PeopleData_id:4,PeopleData_data2Type]
6607006,903,3:57:6,2,[PeopleData_id4,PeopleData_data2Type]
6607006,901,3:57:6,2,[PeopleData_id:4]
6607006,905,3:57:6,2,[PeopleData_id:4,RankTypes_id:4,RankTypes_id:4]
6607006,902,3:57:7,2,[PeopleData_id:4,PeopleData_data0Type]
6607006,902,3:57:9,2,[PeopleData_id:4,PeopleData_data1Type]
6607006,903,3:57:12,2,[PeopleData_id4,PeopleData_data1Type]
6607006,901,3:57:13,2,[PeopleData_id:3]
6607006,904,3:57:13,2,[PeopleData_id:3]
6607006,905,3:57:13,2,[PeopleData_id:3,RankTypes_id:4,RankTypes_id:4]
6607006,902,3:57:14,2,[PeopleData_id:3,PeopleData_data0Type]
6607006,902,3:57:14,2,[PeopleData_id:3,PeopleData_data1Type]
6607006,902,3:57:16,2,[PeopleData_id:3,PeopleData_data0Type]
6607006,902,3:57:19,2,[PeopleData_id:3,PeopleData_data1Type]
6607006,902,3:57:23,2,[PeopleData_id:3,PeopleData_data2Type]
6607006,902,3:57:26,2,[PeopleData_id:3,PeopleData_data3Type]
6607006,903,3:57:31,2,[PeopleData_id3,PeopleData_data3Type]
6607006,907,3:57:33,2,[]
6607006,908,3:57:33,2,[InvitationData_id:10,PeopleData_id:2,RankTypes_id:2]
6607006,909,3:57:42,2,[InvitationData_id:10,PeopleData_id:2,RankTypes_id:2,0]
6607006,910,3:57:43,2,[InvitationData_id:10,-2,false]
6607006,908,3:57:43,2,[InvitationData_id:2,PeopleData_id:3,RankTypes_id:4]
6607006,909,3:57:59,2,[InvitationData_id:2,PeopleData_id:3,RankTypes_id:4,1]
6607006,910,3:58:0,2,[InvitationData_id:2,9,false]
6607006,908,3:58:0,2,[InvitationData_id:3,PeopleData_id:0,RankTypes_id:2]
6607006,901,3:58:5,2,[PeopleData_id:0]
6607006,902,3:58:6,2,[PeopleData_id:0,PeopleData_data0Type]
6607006,909,3:58:10,2,[InvitationData_id:3,PeopleData_id:0,RankTypes_id:2,1]
6607006,910,3:58:12,2,[InvitationData_id:3,5,false]
6607006,908,3:58:12,2,[InvitationData_id:0,PeopleData_id:3,RankTypes_id:4]
6607006,909,3:58:16,2,[InvitationData_id:0,PeopleData_id:3,RankTypes_id:4,0]
6607006,910,3:58:20,2,[InvitationData_id:0,-11,false]
6607006,908,3:58:20,2,[InvitationData_id:1,PeopleData_id:1,RankTypes_id:2]
6607006,909,3:58:29,2,[InvitationData_id:1,PeopleData_id:1,RankTypes_id:2,1]
6607006,910,3:58:31,2,[InvitationData_id:1,0,true]
6607006,908,3:58:31,2,[InvitationData_id:4,PeopleData_id:3,RankTypes_id:4]
6607006,909,3:58:40,2,[InvitationData_id:4,PeopleData_id:3,RankTypes_id:4,1]
6607006,910,3:58:41,2,[InvitationData_id:4,9,false]
6607006,908,3:58:41,2,[InvitationData_id:8,PeopleData_id:2,RankTypes_id:2]
6607006,909,3:58:48,2,[InvitationData_id:8,PeopleData_id:2,RankTypes_id:2,0]
6607006,910,3:58:53,2,[InvitationData_id:8,-2,false]
6607006,908,3:58:53,2,[InvitationData_id:7,PeopleData_id:1,RankTypes_id:2]
6607006,901,3:59:0,2,[PeopleData_id:1]
6607006,902,3:59:1,2,[PeopleData_id:1,PeopleData_data0Type]
6607006,902,3:59:3,2,[PeopleData_id:1,PeopleData_data1Type]
6607006,902,3:59:4,2,[PeopleData_id:1,PeopleData_data2Type]
6607006,901,3:59:5,2,[PeopleData_id:5]
6607006,902,3:59:6,2,[PeopleData_id:5,PeopleData_data0Type]
6607006,902,3:59:9,2,[PeopleData_id:5,PeopleData_data1Type]
6607006,902,3:59:10,2,[PeopleData_id:5,PeopleData_data2Type]
6607006,902,3:59:11,2,[PeopleData_id:5,PeopleData_data3Type]
6607006,909,3:59:14,2,[InvitationData_id:7,PeopleData_id:1,RankTypes_id:2,0]
6607006,910,3:59:22,2,[InvitationData_id:7,-2,false]
6607006,908,3:59:22,2,[InvitationData_id:9,PeopleData_id:3,RankTypes_id:4]
6607006,909,3:59:30,2,[InvitationData_id:9,PeopleData_id:3,RankTypes_id:4,1]
6607006,910,3:59:31,2,[InvitationData_id:9,9,false]
6607006,908,3:59:31,2,[InvitationData_id:5,PeopleData_id:4,RankTypes_id:4]
6607006,909,3:59:36,2,[InvitationData_id:5,PeopleData_id:4,RankTypes_id:4,0]
6607006,910,3:59:39,2,[InvitationData_id:5,-11,false]
6607006,911,3:59:41,2,[4,1,2,1]
6607006,1005,3:59:41,2,[2,0,1]
6607006,1001,3:59:43,2,[]
6607006,1003,3:59:43,2
6607006,210,3:59:47,810,456
6607006,207,3:59:49,4,-200,-5
6607006,211,3:59:50,274,607
6607006,213,3:59:50,4,s_cellPhone_F_G9a0,true
6607006,205,3:59:50,4,s_cellPhone_F_G9a0,false,false
6607006,221,4:0:3,4
6607006,220,4:0:5,4
6607006,219,4:0:6,4
6607006,216,4:0:7,Stack_G9a1N
6607006,217,4:0:18,Stack_G9a1N,8.7,0.00
6607006,218,4:0:20,4
6607006,210,4:0:21,1035,379
6607006,211,4:0:25,622,323
6607006,213,4:0:25,4,s_kid4_G9a1N,true
6607006,210,4:0:27,975,460
6607006,211,4:0:28,1117,420
6607006,213,4:0:28,4,c_cousinsBrothersFriend_a_G9a1N,true
6607006,210,4:0:34,795,428
6607006,207,4:0:35,4,-200,0
6607006,211,4:0:40,361,348
6607006,213,4:0:40,4,c_cousin_F_a_G9a1N,true
6607006,205,4:0:40,4,c_cousin_F_a_G9a1N,false,false
6607006,212,4:0:55,1
6607006,210,4:0:56,695,457
6607006,211,4:0:56,248,379
6607006,213,4:0:56,4,s_kid3_G9a1N,true
6607006,205,4:0:56,4,s_kid3_G9a1N,false,false
6607006,207,4:1:10,4,0,0
6607006,210,4:1:10,888,412
6607006,207,4:1:17,4,0,-1031.4
6607006,211,4:1:18,2020,301
6607006,213,4:1:18,4,s_poolNight_ruleSign_G9a1N,true
6607006,210,4:1:23,1822,403
6607006,211,4:1:28,1611,196
6607006,213,4:1:28,4,s_potSmokeCloud_G9a1N,true
6607006,212,4:1:31,2
6607006,207,4:1:31,4,-1031.4,-1031.4
6607006,210,4:1:31,1914,478
6607006,207,4:1:38,4,-1031.4,-416.4
6607006,207,4:1:45,4,-416.4,0
6607006,211,4:1:46,100,521
6607006,212,4:1:47,0
6607006,210,4:1:47,644,486
6607006,207,4:1:51,4,0,-120
6607006,211,4:1:54,842,202
6607006,213,4:1:54,4,s_policeCar_G9a1N,true
6607006,210,4:1:59,836,195
6607006,211,4:2:0,684,200
6607006,213,4:2:0,4,s_fence_G9a1N,true
6607006,205,4:2:0,4,s_fence_G9a1N,false,false
6607006,207,4:2:10,4,-120,-135
6607006,210,4:2:10,1015,420
6607006,207,4:2:13,4,-135,-810
6607006,207,4:2:14,4,-810,-855
6607006,207,4:2:19,4,-855,-510
6607006,211,4:2:22,956,193
6607006,213,4:2:22,4,s_fence_G9a1N,true
6607006,205,4:2:22,4,s_fence_G9a1N,false,true
6607006,210,4:2:25,991,345
6607006,207,4:2:32,4,-510,-1031.4
6607006,207,4:2:40,4,-1031.4,-446.4
6607006,211,4:2:42,628,330
6607006,213,4:2:42,4,s_kid4_G9a1N,true
6607006,210,4:2:44,706,406
6607006,211,4:2:50,548,312
6607006,213,4:2:50,4,s_bathingSuits_G9a1N,true
6607006,210,4:2:53,816,449
6607006,211,4:2:54,390,523
6607006,207,4:2:54,4,-446.4,-371.4
6607006,210,4:2:55,360,529
6607006,207,4:2:55,4,-371.4,-281.4
6607006,207,4:2:55,4,-281.4,0
6607006,211,4:3:0,260,287
6607006,212,4:3:1,1
6607006,210,4:3:1,605,483
6607006,211,4:3:2,242,333
6607006,210,4:3:2,343,421
6607006,211,4:3:3,241,346
6607006,213,4:3:3,4,s_kid3_G9a1N,true
6607006,205,4:3:3,4,s_kid3_G9a1N,false,true
6607006,221,4:3:8,4
6607006,220,4:3:11,4
6607006,210,4:3:15,894,504
6607006,211,4:3:19,950,189
6607006,213,4:3:19,4,c_policeOfficer_G9a1N,true
6607006,205,4:3:19,4,c_policeOfficer_G9a1N,false,false
6607006,221,4:3:37,4
6607006,220,4:3:44,4
6607006,1003,4:3:44,3
6607006,1004,4:3:46,1
6607006,500,4:4:15,1,[]
6607006,501,4:4:24,1,[]
6607006,502,4:4:43,1,[IntentionData_logId:3,true]
6607006,503,4:4:46,1,[]
6607006,504,4:4:53,1,[InfluenceData_logId:5]
6607006,504,4:4:57,1,[InfluenceData_logId:6]
6607006,504,4:5:1,1,[InfluenceData_logId:8]
6607006,504,4:5:6,1,[InfluenceData_logId:7]
6607006,504,4:5:13,1,[InfluenceData_logId:4]
6607006,504,4:5:17,1,[InfluenceData_logId:5]
6607006,504,4:5:21,1,[InfluenceData_logId:1]
6607006,504,4:5:24,1,[InfluenceData_logId:2]
6607006,504,4:5:27,1,[InfluenceData_logId:0]
6607006,504,4:5:30,1,[InfluenceData_logId:6]
6607006,504,4:5:36,1,[InfluenceData_logId:8]
6607006,505,4:5:40,1,[InfluenceData_logId:0,true,InfluenceData_logId:5,true,InfluenceData_logId:8,true]
6607006,506,4:5:48,1,[]
6607006,507,4:6:56,1,[OpponentAttackData_logId:0,OpponentAttackTypeData_logId:1,false,30]
6607006,508,4:7:2,1,[]
6607006,509,4:7:22,1,[RefusalData_logId:2,1]
6607006,510,4:8:53,1,[AvailableRefusalData_logId:2,0B]
6607006,510,4:8:53,1,[AvailableRefusalData_logId:2,1B]
6607006,510,4:8:54,1,[AvailableRefusalData_logId:2,2C]
6607006,511,4:8:55,1,[AvailableRefusalData_logId:2,0B,1B,2C,false,0]
6607006,512,4:8:58,1,[]
6607006,513,4:8:58,1,[30]
6607006,514,4:9:4,1,[]
6607006,507,4:9:40,1,[OpponentAttackData_logId:2,OpponentAttackTypeData_logId:1,false,30]
6607006,508,4:9:42,1,[]
6607006,509,4:9:52,1,[RefusalData_logId:7,2]
6607006,510,4:10:45,1,[AvailableRefusalData_logId:7,0A]
6607006,510,4:10:49,1,[AvailableRefusalData_logId:7,1A]
6607006,510,4:10:51,1,[AvailableRefusalData_logId:7,2A]
6607006,511,4:10:52,1,[AvailableRefusalData_logId:7,0A,1A,2A,true,50]
6607006,512,4:10:57,1,[]
6607006,513,4:10:57,1,[0]
6607006,514,4:11:5,1,[]
6607006,1002,4:11:29,1
6607006,1003,4:11:29,3
6607006,103,4:11:32
6607006,105,4:11:34
6607006,703,4:11:36,[|| EpilogueItem ID: 0 unlocked: true ||,|| EpilogueItem ID: 1 unlocked: true ||,|| EpilogueItem ID: 2 unlocked: false ||,|| EpilogueItem ID: 3 unlocked: false ||,|| EpilogueItem ID: 4 unlocked: false ||,|| EpilogueItem ID: 5 unlocked: false ||,|| EpilogueItem ID: 6 unlocked: false ||,|| EpilogueItem ID: 7 unlocked: false ||,|| EpilogueItem ID: 8 unlocked: false ||,|| EpilogueItem ID: 9 unlocked: false ||,|| EpilogueItem ID: 10 unlocked: false ||,|| EpilogueItem ID: 11 unlocked: false ||,|| EpilogueItem ID: 12 unlocked: false ||,|| EpilogueItem ID: 13 unlocked: false ||,|| EpilogueItem ID: 14 unlocked: false ||,|| EpilogueItem ID: 15 unlocked: false ||,|| EpilogueItem ID: 16 unlocked: false ||,|| EpilogueItem ID: 17 unlocked: false ||,|| EpilogueItem ID: 18 unlocked: false ||,|| EpilogueItem ID: 19 unlocked: false ||,|| EpilogueItem ID: 20 unlocked: false ||,|| EpilogueItem ID: 21 unlocked: false ||,|| EpilogueItem ID: 22 unlocked: false ||,|| EpilogueItem ID: 23 unlocked: false ||,|| EpilogueItem ID: 24 unlocked: false ||],0.08
6607006,706,4:11:38,(x=587, y=-100, w=1024, h=768),(x=673, y=-100, w=1024, h=768)
6607006,706,4:11:39,(x=1204, y=-100, w=1024, h=768),(x=1288, y=-100, w=1024, h=768)
6607006,706,4:11:40,(x=2531, y=-100, w=1024, h=768),(x=2531, y=-100, w=1024, h=768)
6607006,706,4:11:46,(x=2531, y=-100, w=1024, h=768),(x=2531, y=-100, w=1024, h=768)
6607006,707,4:11:47,0,1
6607006,706,4:11:47,(x=2531, y=-100, w=1024, h=768),(x=2531, y=-100, w=1024, h=768)
6607006,707,4:11:47,1,2
6607006,706,4:11:47,(x=2531, y=-100, w=1024, h=768),(x=2531, y=-100, w=1024, h=768)
6607006,707,4:11:48,2,3
6607006,706,4:11:48,(x=2531, y=-100, w=1024, h=768),(x=2531, y=-100, w=1024, h=768)
6607006,707,4:11:48,3,4
6607006,706,4:11:49,(x=2531, y=-100, w=1024, h=768),(x=2531, y=-100, w=1024, h=768)
6607006,707,4:11:50,4,0
6607006,706,4:11:51,(x=2519, y=-100, w=1024, h=768),(x=2406, y=-100, w=1024, h=768)
6607006,708,4:11:51
6607006,1,4:11:51,3/5/2014 4:57:19pm,{"gameTime":15111818,"challengeStacks":[{"challengeScenes":[{"miniGameCards":[],"viewedAnimatic":true,"keyPoints":["c_teacherEng_G7a0","c_bestFriend_F_a_G7a0","s_flag_gen"],"unlocked":true,"touchableObjects":["s_otherStudent1_G7a0","c_crewKid1_F_G7a0","s_vocabAssignment_G7a0","s_doorClassroom_G7a0","c_teacherEng_G7a0","c_bestFriend_F_a_G7a0","s_flag_gen","c_friend1_F_a_G7a0","s_clock_G7a0"]},{"miniGameCards":[],"viewedAnimatic":true,"keyPoints":["c_bestFriend_F_a_G7a1N","c_teacherEng_G7a1N","s_paperPlayers_G7a1N"],"unlocked":true,"touchableObjects":["c_bestFriend_F_a_G7a1N","c_teacherEng_G7a1N","s_otherStudent2_G7a1N","s_otherStudent1_G7a1N","s_flag_gen","s_posterPlagiarism_gen","s_paperPlayers_G7a1N"]},{"miniGameCards":[],"viewedAnimatic":true,"keyPoints":["c_teacherEng_G7a1P","s_flag_gen","c_bestFriend_F_a_G7a1P","s_paperEnglish_gen"],"unlocked":true,"touchableObjects":["c_teacherEng_G7a1P","s_flag_gen","s_clock_G7a1P","s_shakespearePoster_gen","c_bestFriend_F_a_G7a1P","s_paperPlayers_G7a1P","s_poePoster_gen","s_angelouPoster_gen","s_atwoodPoster_gen","s_paperEnglish_gen"]}],"stackSize":3,"resolved":true},{"challengeScenes":[{"miniGameCards":[],"viewedAnimatic":true,"keyPoints":["c_kidSister_lati_a_G7b0","c_crewKid1_F_G7b0","s_backpack_F_G7b0"],"unlocked":true,"touchableObjects":["c_kidSister_lati_a_G7b0","c_cousin_F_a_G7b0","c_crewKid2_F_G7b0","c_crewKid1_F_G7b0","s_lifeguard_G7b0","c_cousinsBrother_a_G7b0","s_backpack_F_G7b0"]},{"miniGameCards":[],"viewedAnimatic":true,"keyPoints":["s_sprayPaintCan_G7b1N","c_kidSister_lati_a_G7b1N","s_brokenCarWindow_G7b1N","s_graffiti_G7b1N","c_crewKid1_F_G7b1N"],"unlocked":true,"touchableObjects":["s_sprayPaintCan_G7b1N","c_kidSister_lati_a_G7b1N","c_teacherEng_G7b1N","s_brokenCarWindow_G7b1N","s_graffiti_G7b1N","s_cat_G7b1N","c_cousin_F_a_G7b1N","c_policeOfficer_G7b1N","s_flag_G7b1N","c_crewKid2_F_a_G7b1N","c_crewKid1_F_G7b1N"]},{"miniGameCards":[],"viewedAnimatic":true,"keyPoints":["c_cousin_F_a_G7b1P","c_cousinsBrothersFriend_a_G7b1P","c_cousinsBrother_a_G7b1P","s_poolDay_ruleSign_G7b1P"],"unlocked":true,"touchableObjects":["c_cousin_F_a_G7b1P","c_cousinsBrothersFriend_a_G7b1P","c_kidSister_lati_a_G7b1P","c_cousinsBrother_a_G7b1P","c_crush1_F_a_G7b1P","s_poolDay_ruleSign_G7b1P"]},{"miniGameCards":[],"viewedAnimatic":true,"keyPoints":["c_crush1_F_a_G7b2N","s_kid1_G7b2N","c_cousin_F_a_G7b2N","c_kidSister_lati_a_G7b2N"],"unlocked":true,"touchableObjects":["c_crush1_F_a_G7b2N","s_cousinsBFgirlfriend_G7b2N","c_cousinsBrother_a_G7b2N","s_kid1_G7b2N","c_cousinsBrothersFriend_a_G7b2N","c_cousin_F_a_G7b2N","c_crewKid2_F_G7b2N","c_kidSister_lati_a_G7b2N"]},{"miniGameCards":[],"viewedAnimatic":true,"keyPoints":["s_computer_F_G7b2P","c_cousin_F_a_G7b2P","c_kidSister_lati_a_G7b2P","s_pictureDad_lati_F_gen"],"unlocked":true,"touchableObjects":["s_closet_F_G7b2P","s_computer_F_G7b2P","c_cousin_F_a_G7b2P","c_kidSister_lati_a_G7b2P","c_grandma_lati_a_G7b2P","s_calendar_F_gen","s_pictureDad_lati_F_gen"]}],"stackSize":5,"resolved":true},{"challengeScenes":[{"miniGameCards":[],"viewedAnimatic":true,"keyPoints":["s_cellphone_G8a0","c_cousin_F_a_G8a0","c_crush2_F_a_G8a0","s_clock_G8a0"],"unlocked":true,"touchableObjects":["s_beerSixpack_G8a0","c_friend1_F_G8a0","s_bottleTable_G8a0","s_cellphone_G8a0","c_crewKid1_F_a_G8a0","s_cigaretteKid1_G8a0","c_cousin_F_a_G8a0","c_crush2_F_a_G8a0","s_stairs_G8a0","s_beerCooler_G8a0","s_clock_G8a0"]},{"miniGameCards":[],"viewedAnimatic":true,"keyPoints":["s_dirtyClothes_gen","s_basementDoor_gen"],"unlocked":true,"touchableObjects":["c_crush2_F_a_G8a1N","s_dirtyClothes_gen","s_basementDoor_gen","s_waterHeater_gen","s_inhalantsShelf_gen","s_stairs_G8a1N"]},{"miniGameCards":[],"viewedAnimatic":false,"keyPoints":[],"unlocked":false,"touchableObjects":[]},{"miniGameCards":[],"viewedAnimatic":false,"keyPoints":[],"unlocked":false,"touchableObjects":[]},{"miniGameCards":[],"viewedAnimatic":false,"keyPoints":[],"unlocked":false,"touchableObjects":[]},{"miniGameCards":[],"viewedAnimatic":false,"keyPoints":[],"unlocked":true,"touchableObjects":[]},{"miniGameCards":[],"viewedAnimatic":false,"keyPoints":[],"unlocked":false,"touchableObjects":[]}],"stackSize":7,"resolved":false},{"challengeScenes":[{"miniGameCards":[],"viewedAnimatic":false,"keyPoints":[],"unlocked":false,"touchableObjects":[]},{"miniGameCards":[],"viewedAnimatic":false,"keyPoints":[],"unlocked":false,"touchableObjects":[]},{"miniGameCards":[],"viewedAnimatic":false,"keyPoints":[],"unlocked":false,"touchableObjects":[]},{"miniGameCards":[],"viewedAnimatic":false,"keyPoints":[],"unlocked":false,"touchableObjects":[]},{"miniGameCards":[],"viewedAnimatic":false,"keyPoints":[],"unlocked":false,"touchableObjects":[]}],"stackSize":5,"resolved":false},{"challengeScenes":[{"miniGameCards":[],"viewedAnimatic":true,"keyPoints":["s_door_F_gen","s_bathingSuit_F_G9a0","s_clock_F_G9a0","s_cellPhone_F_G9a0"],"unlocked":true,"touchableObjects":["s_door_F_gen","s_bathingSuit_F_G9a0","s_window_F_G9a0","s_clock_F_G9a0","s_calendar_F_gen","s_cellPhone_F_G9a0"]},{"miniGameCards":[],"viewedAnimatic":true,"keyPoints":["c_cousin_F_a_G9a1N","s_kid3_G9a1N","s_fence_G9a1N","c_policeOfficer_G9a1N"],"unlocked":true,"touchableObjects":["s_kid4_G9a1N","c_cousinsBrothersFriend_a_G9a1N","c_cousin_F_a_G9a1N","s_kid3_G9a1N","s_poolNight_ruleSign_G9a1N","s_potSmokeCloud_G9a1N","s_policeCar_G9a1N","s_fence_G9a1N","s_bathingSuits_G9a1N","c_policeOfficer_G9a1N"]},{"miniGameCards":[],"viewedAnimatic":false,"keyPoints":[],"unlocked":false,"touchableObjects":[]},{"miniGameCards":[],"viewedAnimatic":false,"keyPoints":[],"unlocked":false,"touchableObjects":[]},{"miniGameCards":[],"viewedAnimatic":false,"keyPoints":[],"unlocked":false,"touchableObjects":[]}],"stackSize":5,"resolved":false},{"challengeScenes":[{"miniGameCards":[],"viewedAnimatic":false,"keyPoints":[],"unlocked":false,"touchableObjects":[]},{"miniGameCards":[],"viewedAnimatic":false,"keyPoints":[],"unlocked":false,"touchableObjects":[]},{"miniGameCards":[],"viewedAnimatic":false,"keyPoints":[],"unlocked":false,"touchableObjects":[]},{"miniGameCards":[],"viewedAnimatic":false,"keyPoints":[],"unlocked":false,"touchableObjects":[]},{"miniGameCards":[],"viewedAnimatic":false,"keyPoints":[],"unlocked":false,"touchableObjects":[]}],"stackSize":5,"resolved":false},{"challengeScenes":[{"miniGameCards":[],"viewedAnimatic":false,"keyPoints":[],"unlocked":false,"touchableObjects":[]},{"miniGameCards":[],"viewedAnimatic":false,"keyPoints":[],"unlocked":false,"touchableObjects":[]},{"miniGameCards":[],"viewedAnimatic":false,"keyPoints":[],"unlocked":false,"touchableObjects":[]},{"miniGameCards":[],"viewedAnimatic":false,"keyPoints":[],"unlocked":false,"touchableObjects":[]},{"miniGameCards":[],"viewedAnimatic":false,"keyPoints":[],"unlocked":false,"touchableObjects":[]}],"stackSize":5,"resolved":false},{"challengeScenes":[{"miniGameCards":[],"viewedAnimatic":false,"keyPoints":[],"unlocked":false,"touchableObjects":[]},{"miniGameCards":[],"viewedAnimatic":false,"keyPoints":[],"unlocked":false,"touchableObjects":[]},{"miniGameCards":[],"viewedAnimatic":false,"keyPoints":[],"unlocked":false,"touchableObjects":[]},{"miniGameCards":[],"viewedAnimatic":false,"keyPoints":[],"unlocked":false,"touchableObjects":[]},{"miniGameCards":[],"viewedAnimatic":false,"keyPoints":[],"unlocked":false,"touchableObjects":[]}],"stackSize":5,"resolved":false},{"challengeScenes":[{"miniGameCards":[],"viewedAnimatic":false,"keyPoints":[],"unlocked":false,"touchableObjects":[]},{"miniGameCards":[],"viewedAnimatic":false,"keyPoints":[],"unlocked":false,"touchableObjects":[]},{"miniGameCards":[],"viewedAnimatic":false,"keyPoints":[],"unlocked":false,"touchableObjects":[]},{"miniGameCards":[],"viewedAnimatic":false,"keyPoints":[],"unlocked":false,"touchableObjects":[]},{"miniGameCards":[],"viewedAnimatic":false,"keyPoints":[],"unlocked":false,"touchableObjects":[]}],"stackSize":5,"resolved":false},{"challengeScenes":[{"miniGameCards":[],"viewedAnimatic":false,"keyPoints":[],"unlocked":false,"touchableObjects":[]},{"miniGameCards":[],"viewedAnimatic":false,"keyPoints":[],"unlocked":false,"touchableObjects":[]},{"miniGameCards":[],"viewedAnimatic":false,"keyPoints":[],"unlocked":false,"touchableObjects":[]},{"miniGameCards":[],"viewedAnimatic":false,"keyPoints":[],"unlocked":false,"touchableObjects":[]},{"miniGameCards":[],"viewedAnimatic":false,"keyPoints":[],"unlocked":false,"touchableObjects":[]}],"stackSize":5,"resolved":false},{"challengeScenes":[{"miniGameCards":[],"viewedAnimatic":false,"keyPoints":[],"unlocked":false,"touchableObjects":[]},{"miniGameCards":[],"viewedAnimatic":false,"keyPoints":[],"unlocked":false,"touchableObjects":[]},{"miniGameCards":[],"viewedAnimatic":false,"keyPoints":[],"unlocked":false,"touchableObjects":[]},{"miniGameCards":[],"viewedAnimatic":false,"keyPoints":[],"unlocked":false,"touchableObjects":[]},{"miniGameCards":[],"viewedAnimatic":false,"keyPoints":[],"unlocked":false,"touchableObjects":[]}],"stackSize":5,"resolved":false},{"challengeScenes":[{"miniGameCards":[],"viewedAnimatic":false,"keyPoints":[],"unlocked":false,"touchableObjects":[]},{"miniGameCards":[],"viewedAnimatic":false,"keyPoints":[],"unlocked":false,"touchableObjects":[]},{"miniGameCards":[],"viewedAnimatic":false,"keyPoints":[],"unlocked":false,"touchableObjects":[]},{"miniGameCards":[],"viewedAnimatic":false,"keyPoints":[],"unlocked":false,"touchableObjects":[]},{"miniGameCards":[],"viewedAnimatic":false,"keyPoints":[],"unlocked":false,"touchableObjects":[]}],"stackSize":5,"resolved":false},{"challengeScenes":[{"miniGameCards":[],"viewedAnimatic":false,"keyPoints":[],"unlocked":true,"touchableObjects":[]},{"miniGameCards":[],"viewedAnimatic":false,"keyPoints":["c_job_G0a1N","c_family_lati_a_G0a1N","c_home_G0a1N"],"unlocked":true,"touchableObjects":["c_player_lati_F_a_G0a1N","c_job_G0a1N","c_family_lati_a_G0a1N","c_home_G0a1N"]},{"miniGameCards":[],"viewedAnimatic":false,"keyPoints":["c_grandma_lati_a_G0a1P","c_Teacher_G0a1P","c_dad_lati_a_G0a1P","c_mom_lati_a_G0a1P","c_Nurse_G0a1P","c_kidsister_lati_a_G0a1P"],"unlocked":true,"touchableObjects":["c_grandma_lati_a_G0a1P","c_friends_G0a1P","c_Teacher_G0a1P","c_dad_lati_a_G0a1P","c_mom_lati_a_G0a1P","c_Nurse_G0a1P","c_kidsister_lati_a_G0a1P","c_cousins_F_a_G0a1P"]}],"stackSize":3,"resolved":true}],"sessionId":5,"epilogue":{"rating":0},"playerId":6607006,"session":[{"sceneId":"1P","stackId":12},{"sceneId":"1P","stackId":0},{"sceneId":"1P","stackId":1},{"sceneId":"1N","stackId":1},{"sceneId":"2P","stackId":1}],"minigames":[{"levelSaveData":[{"starRating":3,"unlocked":true},{"starRating":3,"unlocked":true},{"starRating":0,"unlocked":true},{"starRating":0,"unlocked":false},{"starRating":0,"unlocked":false},{"starRating":0,"unlocked":false},{"starRating":0,"unlocked":false},{"starRating":0,"unlocked":false},{"starRating":0,"unlocked":false},{"starRating":0,"unlocked":false}],"skillPoints":6},{"levelSaveData":[{"starRating":3,"unlocked":true},{"starRating":3,"unlocked":true},{"starRating":0,"unlocked":true},{"starRating":0,"unlocked":false},{"starRating":0,"unlocked":true},{"starRating":0,"unlocked":false},{"starRating":0,"unlocked":false},{"starRating":0,"unlocked":false},{"starRating":0,"unlocked":false},{"starRating":0,"unlocked":false}],"skillPoints":6},{"levelSaveData":[{"starRating":3,"unlocked":true},{"starRating":3,"unlocked":true},{"starRating":1,"unlocked":true},{"starRating":0,"unlocked":false},{"starRating":0,"unlocked":false},{"starRating":0,"unlocked":false},{"starRating":0,"unlocked":false},{"starRating":0,"unlocked":false},{"starRating":3,"unlocked":true},{"starRating":0,"unlocked":false}],"skillPoints":10},{"levelSaveData":[{"starRating":3,"unlocked":true},{"starRating":0,"unlocked":true},{"starRating":0,"unlocked":false},{"starRating":0,"unlocked":false},{"starRating":0,"unlocked":true},{"starRating":0,"unlocked":false},{"starRating":0,"unlocked":false},{"starRating":0,"unlocked":false},{"starRating":0,"unlocked":false},{"starRating":0,"unlocked":false}],"skillPoints":3},{"age":13,"name":"yenifer","gender":1,"levelSaveData":[{"starRating":3,"unlocked":true},{"starRating":3,"chunks":[["1"],["20$$shy","6$$worread"],["13$$study","5$$caring","2$$helthy"],["2"]],"unlocked":true},{"starRating":3,"chunks":[["1"],["7$$art","6$$singing"],["4$$cooking","8$$art still"]],"unlocked":true},{"starRating":0,"chunks":[[null],[null],[null],[null],[null,null],[null]],"unlocked":true},{"starRating":0,"chunks":[[null],[null],[null,null],[null],[null],[null]],"unlocked":false},{"starRating":0,"chunks":[[null],[null,null,null,null],[null],[null]],"unlocked":false},{"starRating":0,"chunks":[[null],[null],[null,null],[null,null],[null]],"unlocked":false},{"starRating":0,"chunks":[[null,null,null],[null,null,null],[null],[null],[null]],"unlocked":false},{"starRating":0,"chunks":[[null,null,null],[null,null,null],[null,null]],"unlocked":false},{"starRating":0,"chunks":[[null],[null],[null],[null],[null],[null]],"unlocked":false}],"visualAvatar":0,"id":2,"skillPoints":9}],"avatar":{"age":13,"name":"yenifer","gender":1,"levelSaveData":[{"starRating":3,"unlocked":true},{"starRating":3,"chunks":[["1"],["20$$shy","6$$worread"],["13$$study","5$$caring","2$$helthy"],["2"]],"unlocked":true},{"starRating":3,"chunks":[["1"],["7$$art","6$$singing"],["4$$cooking","8$$art still"]],"unlocked":true},{"starRating":0,"chunks":[[null],[null],[null],[null],[null,null],[null]],"unlocked":true},{"starRating":0,"chunks":[[null],[null],[null,null],[null],[null],[null]],"unlocked":false},{"starRating":0,"chunks":[[null],[null,null,null,null],[null],[null]],"unlocked":false},{"starRating":0,"chunks":[[null],[null],[null,null],[null,null],[null]],"unlocked":false},{"starRating":0,"chunks":[[null,null,null],[null,null,null],[null],[null],[null]],"unlocked":false},{"starRating":0,"chunks":[[null,null,null],[null,null,null],[null,null]],"unlocked":false},{"starRating":0,"chunks":[[null],[null],[null],[null],[null],[null]],"unlocked":false}],"visualAvatar":0,"id":2,"skillPoints":9}}
