6427018,0,1:10:57,7/15/2013 10:36:34am
6427018,103,1:12:56
6427018,104,1:14:5
6427018,100,1:14:28,0
6427018,102,1:14:32,0
6427018,200,1:14:32,0,1,2,3,0,6
6427018,210,1:14:47,963,291
6427018,211,1:14:47,963,291
6427018,210,1:14:51,996,508
6427018,211,1:14:52,1107,671
6427018,210,1:14:59,875,321
6427018,211,1:14:59,868,321
6427018,207,1:15:8,0,-200,-230
6427018,210,1:15:22,659,338
6427018,207,1:15:23,0,-200,0
6427018,211,1:15:24,264,128
6427018,212,1:15:24,1
6427018,210,1:15:25,311,168
6427018,211,1:15:30,267,127
6427018,213,1:15:30,0,s_flag_gen,true
6427018,205,1:15:30,0,s_flag_gen,false,true
6427018,210,1:15:34,362,249
6427018,211,1:15:35,260,111
6427018,213,1:15:35,0,s_flag_gen,true
6427018,205,1:15:35,0,s_flag_gen,false,true
6427018,212,1:15:38,0
6427018,210,1:15:39,294,147
6427018,211,1:15:43,671,588
6427018,213,1:15:43,0,s_otherStudent1_G7a0,true
6427018,210,1:15:48,455,255
6427018,211,1:15:49,239,335
6427018,210,1:15:49,589,209
6427018,211,1:15:49,589,209
6427018,210,1:15:52,455,360
6427018,211,1:15:52,382,340
6427018,210,1:15:52,899,400
6427018,211,1:15:53,1110,413
6427018,207,1:15:53,0,0,-105
6427018,207,1:15:54,0,-105,-150
6427018,210,1:15:54,1065,429
6427018,211,1:15:54,990,427
6427018,221,1:15:58,0
6427018,300,1:16:0
6427018,220,1:16:0,0
6427018,221,1:16:5,0
6427018,220,1:16:12,0
6427018,210,1:16:13,1465,432
6427018,211,1:16:13,1465,432
6427018,207,1:16:13,0,-400,-460
6427018,210,1:16:15,951,389
6427018,211,1:16:17,1031,407
6427018,204,1:16:21,0
6427018,1003,1:16:24,3
6427018,1003,1:16:34,0
6427018,103,1:16:39
6427018,104,1:16:43
6427018,103,1:16:53
6427018,105,1:16:54
6427018,703,1:16:57,[|| EpilogueItem ID: 0 unlocked: false ||,|| EpilogueItem ID: 1 unlocked: false ||,|| EpilogueItem ID: 2 unlocked: false ||,|| EpilogueItem ID: 3 unlocked: false ||,|| EpilogueItem ID: 4 unlocked: false ||,|| EpilogueItem ID: 5 unlocked: false ||,|| EpilogueItem ID: 6 unlocked: false ||,|| EpilogueItem ID: 7 unlocked: false ||,|| EpilogueItem ID: 8 unlocked: false ||,|| EpilogueItem ID: 9 unlocked: false ||,|| EpilogueItem ID: 10 unlocked: false ||,|| EpilogueItem ID: 11 unlocked: false ||,|| EpilogueItem ID: 12 unlocked: false ||,|| EpilogueItem ID: 13 unlocked: false ||,|| EpilogueItem ID: 14 unlocked: false ||,|| EpilogueItem ID: 15 unlocked: false ||,|| EpilogueItem ID: 16 unlocked: false ||,|| EpilogueItem ID: 17 unlocked: false ||,|| EpilogueItem ID: 18 unlocked: false ||,|| EpilogueItem ID: 19 unlocked: false ||,|| EpilogueItem ID: 20 unlocked: false ||,|| EpilogueItem ID: 21 unlocked: false ||,|| EpilogueItem ID: 22 unlocked: false ||,|| EpilogueItem ID: 23 unlocked: false ||,|| EpilogueItem ID: 24 unlocked: false ||],0
6427018,706,1:17:1,(x=0, y=-100, w=1024, h=768),(x=0, y=-100, w=1024, h=768)
6427018,706,1:17:2,(x=1, y=-100, w=1024, h=768),(x=2, y=-100, w=1024, h=768)
6427018,706,1:17:4,(x=372, y=-100, w=1024, h=768),(x=402, y=-100, w=1024, h=768)
6427018,706,1:17:5,(x=618, y=-100, w=1024, h=768),(x=2249, y=-100, w=1024, h=768)
6427018,706,1:17:6,(x=1997, y=-100, w=1024, h=768),(x=1952, y=-100, w=1024, h=768)
6427018,706,1:17:7,(x=1561, y=-100, w=1024, h=768),(x=1505, y=-100, w=1024, h=768)
6427018,706,1:17:15,(x=1332, y=-100, w=1024, h=768),(x=1336, y=-100, w=1024, h=768)
6427018,706,1:17:15,(x=1332, y=-100, w=1024, h=768),(x=1336, y=-100, w=1024, h=768)
6427018,706,1:17:16,(x=1332, y=-100, w=1024, h=768),(x=1336, y=-100, w=1024, h=768)
6427018,706,1:17:17,(x=1332, y=-100, w=1024, h=768),(x=1336, y=-100, w=1024, h=768)
6427018,706,1:17:19,(x=2070, y=-100, w=1024, h=768),(x=2531, y=-100, w=1024, h=768)
6427018,708,1:17:19
6427018,1,1:17:19,7/15/2013 10:42:56am,{"gameTime":4639520,"challengeStacks":[{"challengeScenes":[{"miniGameCards":[],"viewedAnimatic":true,"keyPoints":["c_bestFriend_M_a_G7a0","c_teacherEng_G7a0","s_flag_gen"],"unlocked":true,"touchableObjects":["s_vocabAssignment_G7a0","c_bestFriend_M_a_G7a0","s_otherStudent1_G7a0","c_crewKid1_M_G7a0","s_angelouPoster_gen","s_shakespearePoster_gen","s_poePoster_gen","c_teacherEng_G7a0","s_clock_G7a0","s_doorClassroom_G7a0","c_friend1_M_a_G7a0","s_atwoodPoster_gen","s_flag_gen"]},{"miniGameCards":[],"viewedAnimatic":true,"keyPoints":["c_teacherEng_G7a1N","c_bestFriend_M_a_G7a1N","s_paperPlayers_G7a1N"],"unlocked":true,"touchableObjects":["s_otherStudent2_G7a1N","c_teacherEng_G7a1N","c_bestFriend_M_a_G7a1N","s_otherStudent1_G7a1N","c_crewKid1_M_G7a1N","s_flag_gen","s_paperPlayers_G7a1N"]},{"miniGameCards":[],"viewedAnimatic":true,"keyPoints":[],"unlocked":true,"touchableObjects":["s_paperPlayers_G7a1P","s_clock_G7a1P","s_angelouPoster_gen","s_poePoster_gen"]}],"stackSize":3,"resolved":false},{"challengeScenes":[{"miniGameCards":[],"viewedAnimatic":false,"keyPoints":[],"unlocked":false,"touchableObjects":[]},{"miniGameCards":[],"viewedAnimatic":false,"keyPoints":[],"unlocked":false,"touchableObjects":[]},{"miniGameCards":[],"viewedAnimatic":false,"keyPoints":[],"unlocked":false,"touchableObjects":[]},{"miniGameCards":[],"viewedAnimatic":false,"keyPoints":[],"unlocked":false,"touchableObjects":[]},{"miniGameCards":[],"viewedAnimatic":false,"keyPoints":[],"unlocked":false,"touchableObjects":[]}],"stackSize":5,"resolved":false},{"challengeScenes":[{"miniGameCards":[],"viewedAnimatic":false,"keyPoints":[],"unlocked":false,"touchableObjects":[]},{"miniGameCards":[],"viewedAnimatic":false,"keyPoints":[],"unlocked":false,"touchableObjects":[]},{"miniGameCards":[],"viewedAnimatic":false,"keyPoints":[],"unlocked":false,"touchableObjects":[]},{"miniGameCards":[],"viewedAnimatic":false,"keyPoints":[],"unlocked":false,"touchableObjects":[]},{"miniGameCards":[],"viewedAnimatic":false,"keyPoints":[],"unlocked":false,"touchableObjects":[]},{"miniGameCards":[],"viewedAnimatic":false,"keyPoints":[],"unlocked":false,"touchableObjects":[]},{"miniGameCards":[],"viewedAnimatic":false,"keyPoints":[],"unlocked":false,"touchableObjects":[]}],"stackSize":7,"resolved":false},{"challengeScenes":[{"miniGameCards":[],"viewedAnimatic":false,"keyPoints":[],"unlocked":false,"touchableObjects":[]},{"miniGameCards":[],"viewedAnimatic":false,"keyPoints":[],"unlocked":false,"touchableObjects":[]},{"miniGameCards":[],"viewedAnimatic":false,"keyPoints":[],"unlocked":false,"touchableObjects":[]},{"miniGameCards":[],"viewedAnimatic":false,"keyPoints":[],"unlocked":false,"touchableObjects":[]},{"miniGameCards":[],"viewedAnimatic":false,"keyPoints":[],"unlocked":false,"touchableObjects":[]}],"stackSize":5,"resolved":false},{"challengeScenes":[{"miniGameCards":[],"viewedAnimatic":false,"keyPoints":[],"unlocked":false,"touchableObjects":[]},{"miniGameCards":[],"viewedAnimatic":false,"keyPoints":[],"unlocked":false,"touchableObjects":[]},{"miniGameCards":[],"viewedAnimatic":false,"keyPoints":[],"unlocked":false,"touchableObjects":[]},{"miniGameCards":[],"viewedAnimatic":false,"keyPoints":[],"unlocked":false,"touchableObjects":[]},{"miniGameCards":[],"viewedAnimatic":false,"keyPoints":[],"unlocked":false,"touchableObjects":[]}],"stackSize":5,"resolved":false},{"challengeScenes":[{"miniGameCards":[],"viewedAnimatic":false,"keyPoints":[],"unlocked":false,"touchableObjects":[]},{"miniGameCards":[],"viewedAnimatic":false,"keyPoints":[],"unlocked":false,"touchableObjects":[]},{"miniGameCards":[],"viewedAnimatic":false,"keyPoints":[],"unlocked":false,"touchableObjects":[]},{"miniGameCards":[],"viewedAnimatic":false,"keyPoints":[],"unlocked":false,"touchableObjects":[]},{"miniGameCards":[],"viewedAnimatic":false,"keyPoints":[],"unlocked":false,"touchableObjects":[]}],"stackSize":5,"resolved":false},{"challengeScenes":[{"miniGameCards":[],"viewedAnimatic":false,"keyPoints":[],"unlocked":false,"touchableObjects":[]},{"miniGameCards":[],"viewedAnimatic":false,"keyPoints":[],"unlocked":false,"touchableObjects":[]},{"miniGameCards":[],"viewedAnimatic":false,"keyPoints":[],"unlocked":false,"touchableObjects":[]},{"miniGameCards":[],"viewedAnimatic":false,"keyPoints":[],"unlocked":false,"touchableObjects":[]},{"miniGameCards":[],"viewedAnimatic":false,"keyPoints":[],"unlocked":false,"touchableObjects":[]}],"stackSize":5,"resolved":false},{"challengeScenes":[{"miniGameCards":[],"viewedAnimatic":false,"keyPoints":[],"unlocked":false,"touchableObjects":[]},{"miniGameCards":[],"viewedAnimatic":false,"keyPoints":[],"unlocked":false,"touchableObjects":[]},{"miniGameCards":[],"viewedAnimatic":false,"keyPoints":[],"unlocked":false,"touchableObjects":[]},{"miniGameCards":[],"viewedAnimatic":false,"keyPoints":[],"unlocked":false,"touchableObjects":[]},{"miniGameCards":[],"viewedAnimatic":false,"keyPoints":[],"unlocked":false,"touchableObjects":[]}],"stackSize":5,"resolved":false},{"challengeScenes":[{"miniGameCards":[],"viewedAnimatic":false,"keyPoints":[],"unlocked":false,"touchableObjects":[]},{"miniGameCards":[],"viewedAnimatic":false,"keyPoints":[],"unlocked":false,"touchableObjects":[]},{"miniGameCards":[],"viewedAnimatic":false,"keyPoints":[],"unlocked":false,"touchableObjects":[]},{"miniGameCards":[],"viewedAnimatic":false,"keyPoints":[],"unlocked":false,"touchableObjects":[]},{"miniGameCards":[],"viewedAnimatic":false,"keyPoints":[],"unlocked":false,"touchableObjects":[]}],"stackSize":5,"resolved":false},{"challengeScenes":[{"miniGameCards":[],"viewedAnimatic":false,"keyPoints":[],"unlocked":false,"touchableObjects":[]},{"miniGameCards":[],"viewedAnimatic":false,"keyPoints":[],"unlocked":false,"touchableObjects":[]},{"miniGameCards":[],"viewedAnimatic":false,"keyPoints":[],"unlocked":false,"touchableObjects":[]},{"miniGameCards":[],"viewedAnimatic":false,"keyPoints":[],"unlocked":false,"touchableObjects":[]},{"miniGameCards":[],"viewedAnimatic":false,"keyPoints":[],"unlocked":false,"touchableObjects":[]}],"stackSize":5,"resolved":false},{"challengeScenes":[{"miniGameCards":[],"viewedAnimatic":false,"keyPoints":[],"unlocked":false,"touchableObjects":[]},{"miniGameCards":[],"viewedAnimatic":false,"keyPoints":[],"unlocked":false,"touchableObjects":[]},{"miniGameCards":[],"viewedAnimatic":false,"keyPoints":[],"unlocked":false,"touchableObjects":[]},{"miniGameCards":[],"viewedAnimatic":false,"keyPoints":[],"unlocked":false,"touchableObjects":[]},{"miniGameCards":[],"viewedAnimatic":false,"keyPoints":[],"unlocked":false,"touchableObjects":[]}],"stackSize":5,"resolved":false},{"challengeScenes":[{"miniGameCards":[],"viewedAnimatic":false,"keyPoints":[],"unlocked":false,"touchableObjects":[]},{"miniGameCards":[],"viewedAnimatic":false,"keyPoints":[],"unlocked":false,"touchableObjects":[]},{"miniGameCards":[],"viewedAnimatic":false,"keyPoints":[],"unlocked":false,"touchableObjects":[]},{"miniGameCards":[],"viewedAnimatic":false,"keyPoints":[],"unlocked":false,"touchableObjects":[]},{"miniGameCards":[],"viewedAnimatic":false,"keyPoints":[],"unlocked":false,"touchableObjects":[]}],"stackSize":5,"resolved":false},{"challengeScenes":[{"miniGameCards":[],"viewedAnimatic":false,"keyPoints":[],"unlocked":true,"touchableObjects":["c_family_cauc_a_G0a0","c_friends_G0a0","c_education_G0a0"]},{"miniGameCards":[],"viewedAnimatic":false,"keyPoints":["c_job_G0a1N","c_home_G0a1N","c_family_cauc_a_G0a1N"],"unlocked":true,"touchableObjects":["c_job_G0a1N","c_home_G0a1N","c_family_cauc_a_G0a1N"]},{"miniGameCards":[],"viewedAnimatic":false,"keyPoints":["c_grandma_cauc_a_G0a1P","c_dad_cauc_a_G0a1P","c_mom_cauc_a_G0a1P","c_kidsister_cauc_a_G0a1P","c_Teacher_G0a1P","c_Nurse_G0a1P"],"unlocked":true,"touchableObjects":["c_grandma_cauc_a_G0a1P","c_dad_cauc_a_G0a1P","c_friends_G0a1P","c_mom_cauc_a_G0a1P","c_kidsister_cauc_a_G0a1P","c_Teacher_G0a1P","c_cousins_M_a_G0a1P","c_Nurse_G0a1P"]}],"stackSize":3,"resolved":true}],"sessionId":3,"epilogue":{"rating":0},"playerId":6427018,"session":[{"sceneId":"1P","stackId":12},{"sceneId":"1P","stackId":0}],"minigames":[{"levelSaveData":[{"starRating":1,"unlocked":true},{"starRating":0,"unlocked":false},{"starRating":0,"unlocked":false},{"starRating":0,"unlocked":false},{"starRating":0,"unlocked":false},{"starRating":0,"unlocked":false},{"starRating":0,"unlocked":false},{"starRating":0,"unlocked":false},{"starRating":0,"unlocked":false},{"starRating":0,"unlocked":false}],"skillPoints":1},{"levelSaveData":[{"starRating":2,"unlocked":true},{"starRating":0,"unlocked":false},{"starRating":0,"unlocked":false},{"starRating":0,"unlocked":false},{"starRating":0,"unlocked":false},{"starRating":0,"unlocked":false},{"starRating":0,"unlocked":false},{"starRating":0,"unlocked":false},{"starRating":0,"unlocked":false},{"starRating":0,"unlocked":false}],"skillPoints":2},{"levelSaveData":[{"starRating":3,"unlocked":true},{"starRating":0,"unlocked":false},{"starRating":0,"unlocked":false},{"starRating":0,"unlocked":false},{"starRating":0,"unlocked":false},{"starRating":0,"unlocked":false},{"starRating":0,"unlocked":false},{"starRating":0,"unlocked":false},{"starRating":0,"unlocked":false},{"starRating":0,"unlocked":false}],"skillPoints":3},{"levelSaveData":[{"starRating":0,"unlocked":false},{"starRating":0,"unlocked":false},{"starRating":0,"unlocked":false},{"starRating":0,"unlocked":false},{"starRating":0,"unlocked":false},{"starRating":0,"unlocked":false},{"starRating":0,"unlocked":false},{"starRating":0,"unlocked":false},{"starRating":0,"unlocked":false},{"starRating":0,"unlocked":false}],"skillPoints":0},{"age":13,"name":"marquis","gender":0,"levelSaveData":[{"starRating":3,"unlocked":true},{"starRating":3,"chunks":[["1"],["0$$god","15$$music"],["16$$books","11$$run","8$$champion"],["0"]],"unlocked":true},{"starRating":0,"chunks":[[null],[null,null],[null,null]],"unlocked":false},{"starRating":0,"chunks":[[null],[null],[null],[null],[null,null],[null]],"unlocked":false},{"starRating":0,"chunks":[[null],[null],[null,null],[null],[null],[null]],"unlocked":false},{"starRating":0,"chunks":[[null],[null,null,null,null],[null],[null]],"unlocked":false},{"starRating":0,"chunks":[[null],[null],[null,null],[null,null],[null]],"unlocked":false},{"starRating":0,"chunks":[[null,null,null],[null,null,null],[null],[null],[null]],"unlocked":false},{"starRating":0,"chunks":[[null,null,null],[null,null,null],[null,null]],"unlocked":false},{"starRating":0,"chunks":[[null],[null],[null],[null],[null],[null]],"unlocked":false}],"visualAvatar":0,"id":1,"skillPoints":6}],"avatar":{"age":13,"name":"marquis","gender":0,"levelSaveData":[{"starRating":3,"unlocked":true},{"starRating":3,"chunks":[["1"],["0$$god","15$$music"],["16$$books","11$$run","8$$champion"],["0"]],"unlocked":true},{"starRating":0,"chunks":[[null],[null,null],[null,null]],"unlocked":false},{"starRating":0,"chunks":[[null],[null],[null],[null],[null,null],[null]],"unlocked":false},{"starRating":0,"chunks":[[null],[null],[null,null],[null],[null],[null]],"unlocked":false},{"starRating":0,"chunks":[[null],[null,null,null,null],[null],[null]],"unlocked":false},{"starRating":0,"chunks":[[null],[null],[null,null],[null,null],[null]],"unlocked":false},{"starRating":0,"chunks":[[null,null,null],[null,null,null],[null],[null],[null]],"unlocked":false},{"starRating":0,"chunks":[[null,null,null],[null,null,null],[null,null]],"unlocked":false},{"starRating":0,"chunks":[[null],[null],[null],[null],[null],[null]],"unlocked":false}],"visualAvatar":0,"id":1,"skillPoints":6}}
6427018,0,1:17:19,7/15/2013 10:43:05am
6427018,100,1:21:44,0
6427018,102,1:21:47,0
6427018,200,1:21:47,0,1,2,3,0,6
6427018,204,1:21:56,0
6427018,100,1:22:4,0
6427018,102,1:22:8,0
6427018,200,1:22:8,0,1,2,3,0,6
6427018,210,1:22:17,577,215
6427018,211,1:22:18,745,507
6427018,210,1:22:18,662,596
6427018,211,1:22:20,1116,582
6427018,213,1:22:20,0,s_vocabAssignment_G7a0,true
6427018,210,1:22:22,961,481
6427018,211,1:22:23,1263,476
6427018,207,1:22:23,0,-200,-260
6427018,210,1:22:23,1298,489
6427018,207,1:22:23,0,-260,-335
6427018,211,1:22:24,1203,495
6427018,213,1:22:24,0,s_doorClassroom_G7a0,true
6427018,210,1:22:26,1166,466
6427018,211,1:22:27,1216,390
6427018,213,1:22:27,0,s_doorClassroom_G7a0,true
6427018,210,1:22:30,1003,393
6427018,211,1:22:31,975,195
6427018,210,1:22:31,965,121
6427018,211,1:22:33,1237,158
6427018,213,1:22:33,0,s_clock_G7a0,true
6427018,210,1:22:45,683,442
6427018,211,1:22:45,793,437
6427018,210,1:22:45,630,359
6427018,207,1:22:47,0,-335,0
6427018,211,1:22:54,237,461
6427018,213,1:22:54,0,c_crewKid1_M_G7a0,true
6427018,210,1:22:56,655,556
6427018,211,1:22:56,691,571
6427018,213,1:22:56,0,s_otherStudent1_G7a0,true
6427018,210,1:23:0,918,381
6427018,211,1:23:0,918,381
6427018,210,1:23:0,821,301
6427018,211,1:23:1,828,272
6427018,212,1:23:2,1
6427018,210,1:23:2,823,283
6427018,211,1:23:3,846,368
6427018,212,1:23:3,2
6427018,210,1:23:4,821,328
6427018,211,1:23:4,839,381
6427018,213,1:23:4,0,c_teacherEng_G7a0,true
6427018,205,1:23:4,0,c_teacherEng_G7a0,false,true
6427018,221,1:23:21,0
6427018,220,1:24:31,0
6427018,210,1:24:33,1050,267
6427018,211,1:24:34,1140,68
6427018,204,1:24:36,0
6427018,100,1:24:43,0
6427018,102,1:24:45,0
6427018,200,1:24:45,0,1,2,3,0,6
6427018,213,1:24:53,0,c_teacherEng_G7a0,true
6427018,205,1:24:53,0,c_teacherEng_G7a0,false,true
6427018,212,1:25:19,0
6427018,212,1:25:21,2
6427018,210,1:25:49,727,330
6427018,211,1:25:51,912,374
6427018,210,1:25:53,421,346
6427018,207,1:25:54,0,-200,0
6427018,211,1:25:56,201,346
6427018,210,1:25:57,1044,425
6427018,207,1:25:59,0,0,-518.45
6427018,211,1:26:0,1507,425
6427018,210,1:26:32,1087,142
6427018,211,1:26:37,1455,512
6427018,213,1:26:37,0,c_friend1_M_a_G7a0,true
6427018,204,1:26:49,0
6427018,1003,1:26:56,0
6427018,1004,1:26:57,0
6427018,400,1:27:0,0,[]
6427018,401,1:27:1,0,[StatementsData_logId:0]
6427018,403,1:27:5,0,[StatementsData_logId:0,true]
6427018,405,1:27:6,0,[StatementsData_logId:0]
6427018,406,1:27:8,0,[StatementsData_logId:0,2]
6427018,407,1:27:8,0,[StatementsData_logId:0,FactCardData_id:4]
6427018,407,1:27:8,0,[StatementsData_logId:0,FactCardData_id:6]
6427018,407,1:27:8,0,[StatementsData_logId:0,FactCardData_id:5]
6427018,407,1:27:8,0,[StatementsData_logId:0,FactCardData_id:7]
6427018,407,1:27:8,0,[StatementsData_logId:0,FactCardData_id:0]
6427018,407,1:27:8,0,[StatementsData_logId:0,FactCardData_id:3]
6427018,407,1:27:16,0,[StatementsData_logId:0,FactCardData_id:7]
6427018,407,1:27:16,0,[StatementsData_logId:0,FactCardData_id:7]
6427018,407,1:27:19,0,[StatementsData_logId:0,FactCardData_id:0]
6427018,407,1:27:19,0,[StatementsData_logId:0,FactCardData_id:7]
6427018,407,1:27:19,0,[StatementsData_logId:0,FactCardData_id:0]
6427018,407,1:27:20,0,[StatementsData_logId:0,FactCardData_id:5]
6427018,407,1:27:20,0,[StatementsData_logId:0,FactCardData_id:0]
6427018,407,1:27:20,0,[StatementsData_logId:0,FactCardData_id:5]
6427018,407,1:27:21,0,[StatementsData_logId:0,FactCardData_id:4]
6427018,407,1:27:21,0,[StatementsData_logId:0,FactCardData_id:5]
6427018,407,1:27:21,0,[StatementsData_logId:0,FactCardData_id:4]
6427018,407,1:27:22,0,[StatementsData_logId:0,FactCardData_id:6]
6427018,407,1:27:22,0,[StatementsData_logId:0,FactCardData_id:4]
6427018,407,1:27:22,0,[StatementsData_logId:0,FactCardData_id:6]
6427018,407,1:27:23,0,[StatementsData_logId:0,FactCardData_id:7]
6427018,407,1:27:23,0,[StatementsData_logId:0,FactCardData_id:6]
6427018,407,1:27:23,0,[StatementsData_logId:0,FactCardData_id:7]
6427018,408,1:27:26,0,[StatementsData_logId:0,FactCardData_id:7,false]
6427018,406,1:27:29,0,[StatementsData_logId:0,-2]
6427018,411,1:27:30,0,[StatementsData_logId:0]
6427018,401,1:27:33,0,[StatementsData_logId:1]
6427018,404,1:27:33,0,[StatementsData_logId:1,false]
6427018,405,1:27:35,0,[StatementsData_logId:1]
6427018,406,1:27:35,0,[StatementsData_logId:1,-2]
6427018,411,1:27:37,0,[StatementsData_logId:1]
6427018,1002,1:27:40,0
6427018,1003,1:27:40,0
6427018,1003,1:28:40,1
6427018,1003,1:28:48,0
6427018,1004,1:28:49,0
6427018,400,1:28:50,0,[]
6427018,401,1:28:51,0,[StatementsData_logId:0]
6427018,403,1:28:54,0,[StatementsData_logId:0,true]
6427018,405,1:28:55,0,[StatementsData_logId:0]
6427018,406,1:28:55,0,[StatementsData_logId:0,2]
6427018,407,1:28:55,0,[StatementsData_logId:0,FactCardData_id:0]
6427018,407,1:28:55,0,[StatementsData_logId:0,FactCardData_id:7]
6427018,407,1:28:55,0,[StatementsData_logId:0,FactCardData_id:5]
6427018,407,1:28:55,0,[StatementsData_logId:0,FactCardData_id:4]
6427018,407,1:28:55,0,[StatementsData_logId:0,FactCardData_id:3]
6427018,407,1:28:55,0,[StatementsData_logId:0,FactCardData_id:6]
6427018,407,1:28:57,0,[StatementsData_logId:0,FactCardData_id:5]
6427018,407,1:28:57,0,[StatementsData_logId:0,FactCardData_id:5]
6427018,407,1:28:58,0,[StatementsData_logId:0,FactCardData_id:3]
6427018,407,1:28:58,0,[StatementsData_logId:0,FactCardData_id:5]
6427018,407,1:28:58,0,[StatementsData_logId:0,FactCardData_id:3]
6427018,408,1:28:58,0,[StatementsData_logId:0,FactCardData_id:3,false]
6427018,406,1:28:59,0,[StatementsData_logId:0,-2]
6427018,411,1:29:0,0,[StatementsData_logId:0]
6427018,401,1:29:1,0,[StatementsData_logId:1]
6427018,402,1:29:2,0,[StatementsData_logId:1,true]
6427018,405,1:29:2,0,[StatementsData_logId:1]
6427018,406,1:29:3,0,[StatementsData_logId:1,2]
6427018,411,1:29:4,0,[StatementsData_logId:1]
6427018,401,1:29:5,0,[StatementsData_logId:2]
6427018,404,1:29:15,0,[StatementsData_logId:2,true]
6427018,406,1:29:15,0,[StatementsData_logId:2,2]
6427018,412,1:29:16,0,[StatementsData_logId:2]
6427018,413,1:29:17,0,[StatementsData_logId:2,DuelResponsesData_logId:3]
6427018,414,1:29:19,0,[StatementsData_logId:2,DuelResponsesData_logId:3]
6427018,415,1:29:21,0,[StatementsData_logId:2,DuelResponsesData_logId:3,DuelResponsesData_ok_player_response]
6427018,416,1:29:22,0,[StatementsData_logId:2,DuelResponsesData_logId:3]
6427018,417,1:29:22,0,[StatementsData_logId:2,DuelResponsesData_logId:3]
6427018,413,1:29:23,0,[StatementsData_logId:2,DuelResponsesData_logId:4]
6427018,414,1:29:24,0,[StatementsData_logId:2,DuelResponsesData_logId:4]
6427018,415,1:29:27,0,[StatementsData_logId:2,DuelResponsesData_logId:4,DuelResponsesData_witty_player_response]
6427018,416,1:29:27,0,[StatementsData_logId:2,DuelResponsesData_logId:4]
6427018,417,1:29:29,0,[StatementsData_logId:2,DuelResponsesData_logId:4]
6427018,413,1:29:30,0,[StatementsData_logId:2,DuelResponsesData_logId:5]
6427018,414,1:29:31,0,[StatementsData_logId:2,DuelResponsesData_logId:5]
6427018,415,1:29:33,0,[StatementsData_logId:2,DuelResponsesData_logId:5,DuelResponsesData_lame_player_response]
6427018,416,1:29:34,0,[StatementsData_logId:2,DuelResponsesData_logId:5]
6427018,417,1:29:35,0,[StatementsData_logId:2,DuelResponsesData_logId:5]
6427018,418,1:29:35,0,[StatementsData_logId:2,false]
6427018,419,1:29:37,0,[StatementsData_logId:2,-4]
6427018,411,1:29:38,0,[StatementsData_logId:2]
6427018,401,1:29:39,0,[StatementsData_logId:3]
6427018,404,1:29:51,0,[StatementsData_logId:3,false]
6427018,405,1:29:52,0,[StatementsData_logId:3]
6427018,406,1:29:52,0,[StatementsData_logId:3,-2]
6427018,411,1:30:16,0,[StatementsData_logId:3]
6427018,401,1:30:17,0,[StatementsData_logId:4]
6427018,403,1:30:18,0,[StatementsData_logId:4,false]
6427018,405,1:30:19,0,[StatementsData_logId:4]
6427018,406,1:30:19,0,[StatementsData_logId:4,-2]
6427018,411,1:30:20,0,[StatementsData_logId:4]
6427018,401,1:30:21,0,[StatementsData_logId:5]
6427018,402,1:30:22,0,[StatementsData_logId:5,false]
6427018,405,1:30:22,0,[StatementsData_logId:5]
6427018,406,1:30:23,0,[StatementsData_logId:5,-2]
6427018,411,1:30:24,0,[StatementsData_logId:5]
6427018,420,1:30:24,0,[26]
6427018,1000,1:30:24,0,[]
6427018,400,1:30:25,0,[]
6427018,401,1:30:26,0,[StatementsData_logId:0]
6427018,402,1:30:27,0,[StatementsData_logId:0,false]
6427018,405,1:30:27,0,[StatementsData_logId:0]
6427018,406,1:30:28,0,[StatementsData_logId:0,-2]
6427018,411,1:30:29,0,[StatementsData_logId:0]
6427018,401,1:30:30,0,[StatementsData_logId:1]
6427018,402,1:30:30,0,[StatementsData_logId:1,true]
6427018,405,1:30:31,0,[StatementsData_logId:1]
6427018,406,1:30:31,0,[StatementsData_logId:1,2]
6427018,100,1:31:58,0
6427018,102,1:32:0,0
6427018,200,1:32:0,0,1,2,3,0,6
6427018,212,1:32:12,0
6427018,212,1:32:14,1
6427018,212,1:32:14,2
6427018,210,1:32:28,1005,508
6427018,211,1:32:29,1230,152
6427018,213,1:32:29,0,s_clock_G7a1P,true
6427018,210,1:32:32,1136,377
6427018,207,1:32:32,0,-400,-518
6427018,211,1:32:35,460,377
6427018,207,1:32:35,0,-518,-443
6427018,207,1:32:35,0,-443,-413
6427018,210,1:32:35,545,386
6427018,211,1:32:36,650,377
6427018,213,1:32:36,0,s_paperPlayers_G7a1P,true
6427018,210,1:33:22,1004,469
6427018,211,1:33:23,1023,447
6427018,212,1:33:24,1
6427018,210,1:33:24,957,442
6427018,211,1:33:26,968,459
6427018,212,1:33:27,0
6427018,210,1:33:28,965,484
6427018,211,1:33:28,970,457
6427018,213,1:33:28,0,c_bestFriend_M_a_G7a1P,true
6427018,1003,1:33:32,0
6427018,1004,1:33:38,0
6427018,400,1:33:40,0,[]
6427018,401,1:33:41,0,[StatementsData_logId:0]
6427018,403,1:33:45,0,[StatementsData_logId:0,true]
6427018,405,1:33:46,0,[StatementsData_logId:0]
6427018,406,1:33:46,0,[StatementsData_logId:0,2]
6427018,407,1:33:46,0,[StatementsData_logId:0,FactCardData_id:7]
6427018,407,1:33:46,0,[StatementsData_logId:0,FactCardData_id:5]
6427018,407,1:33:46,0,[StatementsData_logId:0,FactCardData_id:6]
6427018,407,1:33:46,0,[StatementsData_logId:0,FactCardData_id:0]
6427018,407,1:33:46,0,[StatementsData_logId:0,FactCardData_id:3]
6427018,407,1:33:46,0,[StatementsData_logId:0,FactCardData_id:4]
6427018,407,1:33:48,0,[StatementsData_logId:0,FactCardData_id:7]
6427018,407,1:33:48,0,[StatementsData_logId:0,FactCardData_id:7]
6427018,407,1:33:52,0,[StatementsData_logId:0,FactCardData_id:0]
6427018,407,1:33:52,0,[StatementsData_logId:0,FactCardData_id:7]
6427018,407,1:33:52,0,[StatementsData_logId:0,FactCardData_id:0]
6427018,408,1:33:53,0,[StatementsData_logId:0,FactCardData_id:0,false]
6427018,406,1:33:58,0,[StatementsData_logId:0,-2]
6427018,411,1:34:2,0,[StatementsData_logId:0]
6427018,100,1:34:7,0
6427018,102,1:34:9,0
6427018,200,1:34:9,0,1,2,3,0,6
6427018,210,1:34:12,1044,481
6427018,211,1:34:13,961,440
6427018,213,1:34:13,0,c_bestFriend_M_a_G7a1P,true
6427018,1003,1:34:16,0
6427018,1004,1:34:17,0
6427018,400,1:34:18,0,[]
6427018,401,1:34:19,0,[StatementsData_logId:0]
6427018,403,1:34:20,0,[StatementsData_logId:0,true]
6427018,405,1:34:21,0,[StatementsData_logId:0]
6427018,406,1:34:21,0,[StatementsData_logId:0,2]
6427018,407,1:34:21,0,[StatementsData_logId:0,FactCardData_id:7]
6427018,407,1:34:21,0,[StatementsData_logId:0,FactCardData_id:3]
6427018,407,1:34:21,0,[StatementsData_logId:0,FactCardData_id:0]
6427018,407,1:34:21,0,[StatementsData_logId:0,FactCardData_id:4]
6427018,407,1:34:21,0,[StatementsData_logId:0,FactCardData_id:6]
6427018,407,1:34:21,0,[StatementsData_logId:0,FactCardData_id:5]
6427018,407,1:34:23,0,[StatementsData_logId:0,FactCardData_id:5]
6427018,407,1:34:23,0,[StatementsData_logId:0,FactCardData_id:5]
6427018,407,1:34:24,0,[StatementsData_logId:0,FactCardData_id:4]
6427018,407,1:34:24,0,[StatementsData_logId:0,FactCardData_id:5]
6427018,407,1:34:24,0,[StatementsData_logId:0,FactCardData_id:4]
6427018,407,1:34:25,0,[StatementsData_logId:0,FactCardData_id:3]
6427018,407,1:34:25,0,[StatementsData_logId:0,FactCardData_id:4]
6427018,407,1:34:25,0,[StatementsData_logId:0,FactCardData_id:3]
6427018,407,1:34:26,0,[StatementsData_logId:0,FactCardData_id:7]
6427018,407,1:34:26,0,[StatementsData_logId:0,FactCardData_id:3]
6427018,407,1:34:26,0,[StatementsData_logId:0,FactCardData_id:7]
6427018,407,1:34:27,0,[StatementsData_logId:0,FactCardData_id:0]
6427018,407,1:34:27,0,[StatementsData_logId:0,FactCardData_id:7]
6427018,407,1:34:27,0,[StatementsData_logId:0,FactCardData_id:0]
6427018,407,1:34:28,0,[StatementsData_logId:0,FactCardData_id:6]
6427018,407,1:34:28,0,[StatementsData_logId:0,FactCardData_id:0]
6427018,407,1:34:28,0,[StatementsData_logId:0,FactCardData_id:6]
6427018,408,1:34:30,0,[StatementsData_logId:0,FactCardData_id:6,true]
6427018,409,1:34:30,0,[StatementsData_logId:0]
6427018,410,1:34:33,0,[StatementsData_logId:0,2]
6427018,412,1:34:36,0,[StatementsData_logId:0]
6427018,413,1:34:38,0,[StatementsData_logId:0,DuelResponsesData_logId:0]
6427018,414,1:34:39,0,[StatementsData_logId:0,DuelResponsesData_logId:0]
6427018,415,1:34:42,0,[StatementsData_logId:0,DuelResponsesData_logId:0,DuelResponsesData_ok_player_response]
6427018,416,1:34:43,0,[StatementsData_logId:0,DuelResponsesData_logId:0]
6427018,417,1:34:44,0,[StatementsData_logId:0,DuelResponsesData_logId:0]
6427018,413,1:34:45,0,[StatementsData_logId:0,DuelResponsesData_logId:1]
6427018,414,1:34:45,0,[StatementsData_logId:0,DuelResponsesData_logId:1]
6427018,415,1:34:56,0,[StatementsData_logId:0,DuelResponsesData_logId:1,DuelResponsesData_witty_player_response]
6427018,416,1:34:57,0,[StatementsData_logId:0,DuelResponsesData_logId:1]
6427018,417,1:34:58,0,[StatementsData_logId:0,DuelResponsesData_logId:1]
6427018,413,1:34:59,0,[StatementsData_logId:0,DuelResponsesData_logId:2]
6427018,414,1:35:0,0,[StatementsData_logId:0,DuelResponsesData_logId:2]
6427018,415,1:35:31,0,[StatementsData_logId:0,DuelResponsesData_logId:2,DuelResponsesData_witty_player_response]
6427018,416,1:35:31,0,[StatementsData_logId:0,DuelResponsesData_logId:2]
6427018,417,1:35:33,0,[StatementsData_logId:0,DuelResponsesData_logId:2]
6427018,418,1:35:33,0,[StatementsData_logId:0,true]
6427018,419,1:35:37,0,[StatementsData_logId:0,4]
6427018,411,1:35:39,0,[StatementsData_logId:0]
6427018,401,1:35:41,0,[StatementsData_logId:1]
6427018,402,1:35:42,0,[StatementsData_logId:1,true]
6427018,405,1:35:43,0,[StatementsData_logId:1]
6427018,406,1:35:45,0,[StatementsData_logId:1,2]
6427018,411,1:35:46,0,[StatementsData_logId:1]
6427018,401,1:35:48,0,[StatementsData_logId:2]
6427018,403,1:35:56,0,[StatementsData_logId:2,false]
6427018,405,1:35:57,0,[StatementsData_logId:2]
6427018,406,1:36:1,0,[StatementsData_logId:2,-2]
6427018,411,1:36:2,0,[StatementsData_logId:2]
6427018,401,1:36:4,0,[StatementsData_logId:3]
6427018,402,1:36:10,0,[StatementsData_logId:3,false]
6427018,405,1:36:10,0,[StatementsData_logId:3]
6427018,406,1:36:12,0,[StatementsData_logId:3,-2]
6427018,411,1:36:13,0,[StatementsData_logId:3]
6427018,401,1:36:16,0,[StatementsData_logId:4]
6427018,402,1:36:17,0,[StatementsData_logId:4,true]
6427018,405,1:36:17,0,[StatementsData_logId:4]
6427018,406,1:36:18,0,[StatementsData_logId:4,2]
6427018,411,1:36:19,0,[StatementsData_logId:4]
6427018,401,1:36:20,0,[StatementsData_logId:5]
6427018,402,1:36:26,0,[StatementsData_logId:5,false]
6427018,405,1:36:27,0,[StatementsData_logId:5]
6427018,406,1:36:28,0,[StatementsData_logId:5,-2]
6427018,411,1:36:29,0,[StatementsData_logId:5]
6427018,420,1:36:29,0,[38]
6427018,1001,1:36:51,0,[]
6427018,1003,1:36:51,0
6427018,100,1:38:35,0
6427018,102,1:38:36,0
6427018,200,1:38:36,0,1,2,3,0,6
6427018,210,1:38:37,791,500
6427018,211,1:38:38,978,528
6427018,210,1:38:40,1086,473
6427018,211,1:38:40,957,453
6427018,213,1:38:40,0,c_bestFriend_M_a_G7a1P,true
6427018,1003,1:38:43,0
6427018,1004,1:38:45,0
6427018,400,1:39:29,0,[]
6427018,401,1:39:54,0,[StatementsData_logId:0]
6427018,403,1:40:14,0,[StatementsData_logId:0,true]
6427018,405,1:40:17,0,[StatementsData_logId:0]
6427018,406,1:40:19,0,[StatementsData_logId:0,2]
6427018,407,1:40:19,0,[StatementsData_logId:0,FactCardData_id:6]
6427018,407,1:40:19,0,[StatementsData_logId:0,FactCardData_id:5]
6427018,407,1:40:19,0,[StatementsData_logId:0,FactCardData_id:4]
6427018,407,1:40:19,0,[StatementsData_logId:0,FactCardData_id:7]
6427018,407,1:40:19,0,[StatementsData_logId:0,FactCardData_id:0]
6427018,407,1:40:19,0,[StatementsData_logId:0,FactCardData_id:3]
6427018,407,1:40:27,0,[StatementsData_logId:0,FactCardData_id:3]
6427018,407,1:40:27,0,[StatementsData_logId:0,FactCardData_id:3]
6427018,407,1:40:28,0,[StatementsData_logId:0,FactCardData_id:7]
6427018,407,1:40:28,0,[StatementsData_logId:0,FactCardData_id:3]
6427018,407,1:40:28,0,[StatementsData_logId:0,FactCardData_id:7]
6427018,407,1:40:30,0,[StatementsData_logId:0,FactCardData_id:5]
6427018,407,1:40:30,0,[StatementsData_logId:0,FactCardData_id:7]
6427018,407,1:40:30,0,[StatementsData_logId:0,FactCardData_id:5]
6427018,407,1:40:32,0,[StatementsData_logId:0,FactCardData_id:6]
6427018,407,1:40:32,0,[StatementsData_logId:0,FactCardData_id:5]
6427018,407,1:40:32,0,[StatementsData_logId:0,FactCardData_id:6]
6427018,407,1:40:35,0,[StatementsData_logId:0,FactCardData_id:0]
6427018,407,1:40:35,0,[StatementsData_logId:0,FactCardData_id:6]
6427018,407,1:40:35,0,[StatementsData_logId:0,FactCardData_id:0]
6427018,407,1:40:36,0,[StatementsData_logId:0,FactCardData_id:4]
6427018,407,1:40:36,0,[StatementsData_logId:0,FactCardData_id:0]
6427018,407,1:40:36,0,[StatementsData_logId:0,FactCardData_id:4]
6427018,407,1:40:38,0,[StatementsData_logId:0,FactCardData_id:6]
6427018,407,1:40:38,0,[StatementsData_logId:0,FactCardData_id:4]
6427018,407,1:40:38,0,[StatementsData_logId:0,FactCardData_id:6]
6427018,408,1:40:39,0,[StatementsData_logId:0,FactCardData_id:6,true]
6427018,409,1:40:39,0,[StatementsData_logId:0]
6427018,410,1:40:40,0,[StatementsData_logId:0,2]
6427018,412,1:40:46,0,[StatementsData_logId:0]
6427018,413,1:40:58,0,[StatementsData_logId:0,DuelResponsesData_logId:0]
6427018,414,1:41:24,0,[StatementsData_logId:0,DuelResponsesData_logId:0]
6427018,415,1:41:51,0,[StatementsData_logId:0,DuelResponsesData_logId:0,DuelResponsesData_witty_player_response]
6427018,416,1:41:53,0,[StatementsData_logId:0,DuelResponsesData_logId:0]
6427018,417,1:41:56,0,[StatementsData_logId:0,DuelResponsesData_logId:0]
6427018,413,1:42:39,0,[StatementsData_logId:0,DuelResponsesData_logId:1]
6427018,414,1:42:40,0,[StatementsData_logId:0,DuelResponsesData_logId:1]
6427018,415,1:42:53,0,[StatementsData_logId:0,DuelResponsesData_logId:1,DuelResponsesData_lame_player_response]
6427018,416,1:42:53,0,[StatementsData_logId:0,DuelResponsesData_logId:1]
6427018,417,1:42:55,0,[StatementsData_logId:0,DuelResponsesData_logId:1]
6427018,413,1:42:57,0,[StatementsData_logId:0,DuelResponsesData_logId:2]
6427018,414,1:42:57,0,[StatementsData_logId:0,DuelResponsesData_logId:2]
6427018,415,1:43:2,0,[StatementsData_logId:0,DuelResponsesData_logId:2,DuelResponsesData_witty_player_response]
6427018,416,1:43:3,0,[StatementsData_logId:0,DuelResponsesData_logId:2]
6427018,417,1:43:4,0,[StatementsData_logId:0,DuelResponsesData_logId:2]
6427018,418,1:43:4,0,[StatementsData_logId:0,true]
6427018,419,1:43:11,0,[StatementsData_logId:0,4]
6427018,411,1:43:14,0,[StatementsData_logId:0]
6427018,401,1:43:17,0,[StatementsData_logId:1]
6427018,402,1:43:18,0,[StatementsData_logId:1,true]
6427018,405,1:43:19,0,[StatementsData_logId:1]
6427018,406,1:43:22,0,[StatementsData_logId:1,2]
6427018,411,1:43:23,0,[StatementsData_logId:1]
6427018,401,1:43:25,0,[StatementsData_logId:2]
6427018,404,1:43:28,0,[StatementsData_logId:2,true]
6427018,406,1:43:29,0,[StatementsData_logId:2,2]
6427018,412,1:43:29,0,[StatementsData_logId:2]
6427018,413,1:43:32,0,[StatementsData_logId:2,DuelResponsesData_logId:3]
6427018,414,1:43:34,0,[StatementsData_logId:2,DuelResponsesData_logId:3]
6427018,415,1:43:47,0,[StatementsData_logId:2,DuelResponsesData_logId:3,DuelResponsesData_ok_player_response]
6427018,416,1:43:48,0,[StatementsData_logId:2,DuelResponsesData_logId:3]
6427018,417,1:43:49,0,[StatementsData_logId:2,DuelResponsesData_logId:3]
6427018,413,1:43:50,0,[StatementsData_logId:2,DuelResponsesData_logId:4]
6427018,414,1:43:52,0,[StatementsData_logId:2,DuelResponsesData_logId:4]
6427018,415,1:44:8,0,[StatementsData_logId:2,DuelResponsesData_logId:4,DuelResponsesData_ok_player_response]
6427018,416,1:44:9,0,[StatementsData_logId:2,DuelResponsesData_logId:4]
6427018,417,1:44:11,0,[StatementsData_logId:2,DuelResponsesData_logId:4]
6427018,413,1:44:12,0,[StatementsData_logId:2,DuelResponsesData_logId:5]
6427018,414,1:44:13,0,[StatementsData_logId:2,DuelResponsesData_logId:5]
6427018,415,1:44:22,0,[StatementsData_logId:2,DuelResponsesData_logId:5,DuelResponsesData_ok_player_response]
6427018,416,1:44:23,0,[StatementsData_logId:2,DuelResponsesData_logId:5]
6427018,417,1:44:24,0,[StatementsData_logId:2,DuelResponsesData_logId:5]
6427018,418,1:44:24,0,[StatementsData_logId:2,false]
6427018,419,1:44:29,0,[StatementsData_logId:2,-4]
6427018,411,1:44:30,0,[StatementsData_logId:2]
6427018,401,1:44:33,0,[StatementsData_logId:3]
6427018,404,1:44:37,0,[StatementsData_logId:3,false]
6427018,405,1:44:38,0,[StatementsData_logId:3]
6427018,406,1:44:40,0,[StatementsData_logId:3,-2]
6427018,411,1:44:42,0,[StatementsData_logId:3]
6427018,401,1:44:44,0,[StatementsData_logId:4]
6427018,402,1:44:44,0,[StatementsData_logId:4,true]
6427018,405,1:44:45,0,[StatementsData_logId:4]
6427018,406,1:44:46,0,[StatementsData_logId:4,2]
6427018,411,1:44:47,0,[StatementsData_logId:4]
6427018,401,1:44:50,0,[StatementsData_logId:5]
6427018,404,1:44:57,0,[StatementsData_logId:5,true]
6427018,406,1:44:58,0,[StatementsData_logId:5,2]
6427018,412,1:45:0,0,[StatementsData_logId:5]
6427018,413,1:45:2,0,[StatementsData_logId:5,DuelResponsesData_logId:9]
6427018,414,1:45:3,0,[StatementsData_logId:5,DuelResponsesData_logId:9]
6427018,415,1:45:17,0,[StatementsData_logId:5,DuelResponsesData_logId:9,DuelResponsesData_witty_player_response]
6427018,416,1:45:18,0,[StatementsData_logId:5,DuelResponsesData_logId:9]
6427018,417,1:45:19,0,[StatementsData_logId:5,DuelResponsesData_logId:9]
6427018,413,1:45:19,0,[StatementsData_logId:5,DuelResponsesData_logId:10]
6427018,414,1:45:20,0,[StatementsData_logId:5,DuelResponsesData_logId:10]
6427018,415,1:45:26,0,[StatementsData_logId:5,DuelResponsesData_logId:10,DuelResponsesData_lame_player_response]
6427018,416,1:45:28,0,[StatementsData_logId:5,DuelResponsesData_logId:10]
6427018,417,1:45:28,0,[StatementsData_logId:5,DuelResponsesData_logId:10]
6427018,413,1:45:29,0,[StatementsData_logId:5,DuelResponsesData_logId:11]
6427018,414,1:45:30,0,[StatementsData_logId:5,DuelResponsesData_logId:11]
6427018,415,1:45:46,0,[StatementsData_logId:5,DuelResponsesData_logId:11,DuelResponsesData_ok_player_response]
6427018,416,1:45:46,0,[StatementsData_logId:5,DuelResponsesData_logId:11]
6427018,417,1:45:48,0,[StatementsData_logId:5,DuelResponsesData_logId:11]
6427018,418,1:45:48,0,[StatementsData_logId:5,false]
6427018,419,1:45:49,0,[StatementsData_logId:5,-4]
6427018,411,1:45:50,0,[StatementsData_logId:5]
6427018,420,1:45:50,0,[38]
6427018,103,1:47:27
6427018,105,1:48:37
6427018,703,1:48:40,[|| EpilogueItem ID: 0 unlocked: false ||,|| EpilogueItem ID: 1 unlocked: false ||,|| EpilogueItem ID: 2 unlocked: false ||,|| EpilogueItem ID: 3 unlocked: false ||,|| EpilogueItem ID: 4 unlocked: false ||,|| EpilogueItem ID: 5 unlocked: false ||,|| EpilogueItem ID: 6 unlocked: false ||,|| EpilogueItem ID: 7 unlocked: false ||,|| EpilogueItem ID: 8 unlocked: false ||,|| EpilogueItem ID: 9 unlocked: false ||,|| EpilogueItem ID: 10 unlocked: false ||,|| EpilogueItem ID: 11 unlocked: false ||,|| EpilogueItem ID: 12 unlocked: false ||,|| EpilogueItem ID: 13 unlocked: false ||,|| EpilogueItem ID: 14 unlocked: false ||,|| EpilogueItem ID: 15 unlocked: false ||,|| EpilogueItem ID: 16 unlocked: false ||,|| EpilogueItem ID: 17 unlocked: false ||,|| EpilogueItem ID: 18 unlocked: false ||,|| EpilogueItem ID: 19 unlocked: false ||,|| EpilogueItem ID: 20 unlocked: false ||,|| EpilogueItem ID: 21 unlocked: false ||,|| EpilogueItem ID: 22 unlocked: false ||,|| EpilogueItem ID: 23 unlocked: false ||,|| EpilogueItem ID: 24 unlocked: false ||],0
6427018,706,1:49:6,(x=2531, y=-100, w=1024, h=768),(x=2531, y=-100, w=1024, h=768)
6427018,708,1:49:6
6427018,1,1:49:6,7/15/2013 11:14:52am,{"gameTime":6546524,"challengeStacks":[{"challengeScenes":[{"miniGameCards":[],"viewedAnimatic":true,"keyPoints":["c_bestFriend_M_a_G7a0","c_teacherEng_G7a0","s_flag_gen"],"unlocked":true,"touchableObjects":["s_vocabAssignment_G7a0","c_bestFriend_M_a_G7a0","s_otherStudent1_G7a0","c_crewKid1_M_G7a0","s_angelouPoster_gen","s_shakespearePoster_gen","s_poePoster_gen","c_teacherEng_G7a0","s_clock_G7a0","s_doorClassroom_G7a0","c_friend1_M_a_G7a0","s_atwoodPoster_gen","s_flag_gen"]},{"miniGameCards":[],"viewedAnimatic":true,"keyPoints":["c_teacherEng_G7a1N","c_bestFriend_M_a_G7a1N","s_paperPlayers_G7a1N"],"unlocked":true,"touchableObjects":["s_otherStudent2_G7a1N","c_teacherEng_G7a1N","c_bestFriend_M_a_G7a1N","s_otherStudent1_G7a1N","c_crewKid1_M_G7a1N","s_flag_gen","s_paperPlayers_G7a1N"]},{"miniGameCards":[],"viewedAnimatic":true,"keyPoints":[],"unlocked":true,"touchableObjects":["s_paperPlayers_G7a1P","s_clock_G7a1P","s_angelouPoster_gen","s_poePoster_gen"]}],"stackSize":3,"resolved":false},{"challengeScenes":[{"miniGameCards":[],"viewedAnimatic":false,"keyPoints":[],"unlocked":false,"touchableObjects":[]},{"miniGameCards":[],"viewedAnimatic":false,"keyPoints":[],"unlocked":false,"touchableObjects":[]},{"miniGameCards":[],"viewedAnimatic":false,"keyPoints":[],"unlocked":false,"touchableObjects":[]},{"miniGameCards":[],"viewedAnimatic":false,"keyPoints":[],"unlocked":false,"touchableObjects":[]},{"miniGameCards":[],"viewedAnimatic":false,"keyPoints":[],"unlocked":false,"touchableObjects":[]}],"stackSize":5,"resolved":false},{"challengeScenes":[{"miniGameCards":[],"viewedAnimatic":false,"keyPoints":[],"unlocked":false,"touchableObjects":[]},{"miniGameCards":[],"viewedAnimatic":false,"keyPoints":[],"unlocked":false,"touchableObjects":[]},{"miniGameCards":[],"viewedAnimatic":false,"keyPoints":[],"unlocked":false,"touchableObjects":[]},{"miniGameCards":[],"viewedAnimatic":false,"keyPoints":[],"unlocked":false,"touchableObjects":[]},{"miniGameCards":[],"viewedAnimatic":false,"keyPoints":[],"unlocked":false,"touchableObjects":[]},{"miniGameCards":[],"viewedAnimatic":false,"keyPoints":[],"unlocked":false,"touchableObjects":[]},{"miniGameCards":[],"viewedAnimatic":false,"keyPoints":[],"unlocked":false,"touchableObjects":[]}],"stackSize":7,"resolved":false},{"challengeScenes":[{"miniGameCards":[],"viewedAnimatic":false,"keyPoints":[],"unlocked":false,"touchableObjects":[]},{"miniGameCards":[],"viewedAnimatic":false,"keyPoints":[],"unlocked":false,"touchableObjects":[]},{"miniGameCards":[],"viewedAnimatic":false,"keyPoints":[],"unlocked":false,"touchableObjects":[]},{"miniGameCards":[],"viewedAnimatic":false,"keyPoints":[],"unlocked":false,"touchableObjects":[]},{"miniGameCards":[],"viewedAnimatic":false,"keyPoints":[],"unlocked":false,"touchableObjects":[]}],"stackSize":5,"resolved":false},{"challengeScenes":[{"miniGameCards":[],"viewedAnimatic":false,"keyPoints":[],"unlocked":false,"touchableObjects":[]},{"miniGameCards":[],"viewedAnimatic":false,"keyPoints":[],"unlocked":false,"touchableObjects":[]},{"miniGameCards":[],"viewedAnimatic":false,"keyPoints":[],"unlocked":false,"touchableObjects":[]},{"miniGameCards":[],"viewedAnimatic":false,"keyPoints":[],"unlocked":false,"touchableObjects":[]},{"miniGameCards":[],"viewedAnimatic":false,"keyPoints":[],"unlocked":false,"touchableObjects":[]}],"stackSize":5,"resolved":false},{"challengeScenes":[{"miniGameCards":[],"viewedAnimatic":false,"keyPoints":[],"unlocked":false,"touchableObjects":[]},{"miniGameCards":[],"viewedAnimatic":false,"keyPoints":[],"unlocked":false,"touchableObjects":[]},{"miniGameCards":[],"viewedAnimatic":false,"keyPoints":[],"unlocked":false,"touchableObjects":[]},{"miniGameCards":[],"viewedAnimatic":false,"keyPoints":[],"unlocked":false,"touchableObjects":[]},{"miniGameCards":[],"viewedAnimatic":false,"keyPoints":[],"unlocked":false,"touchableObjects":[]}],"stackSize":5,"resolved":false},{"challengeScenes":[{"miniGameCards":[],"viewedAnimatic":false,"keyPoints":[],"unlocked":false,"touchableObjects":[]},{"miniGameCards":[],"viewedAnimatic":false,"keyPoints":[],"unlocked":false,"touchableObjects":[]},{"miniGameCards":[],"viewedAnimatic":false,"keyPoints":[],"unlocked":false,"touchableObjects":[]},{"miniGameCards":[],"viewedAnimatic":false,"keyPoints":[],"unlocked":false,"touchableObjects":[]},{"miniGameCards":[],"viewedAnimatic":false,"keyPoints":[],"unlocked":false,"touchableObjects":[]}],"stackSize":5,"resolved":false},{"challengeScenes":[{"miniGameCards":[],"viewedAnimatic":false,"keyPoints":[],"unlocked":false,"touchableObjects":[]},{"miniGameCards":[],"viewedAnimatic":false,"keyPoints":[],"unlocked":false,"touchableObjects":[]},{"miniGameCards":[],"viewedAnimatic":false,"keyPoints":[],"unlocked":false,"touchableObjects":[]},{"miniGameCards":[],"viewedAnimatic":false,"keyPoints":[],"unlocked":false,"touchableObjects":[]},{"miniGameCards":[],"viewedAnimatic":false,"keyPoints":[],"unlocked":false,"touchableObjects":[]}],"stackSize":5,"resolved":false},{"challengeScenes":[{"miniGameCards":[],"viewedAnimatic":false,"keyPoints":[],"unlocked":false,"touchableObjects":[]},{"miniGameCards":[],"viewedAnimatic":false,"keyPoints":[],"unlocked":false,"touchableObjects":[]},{"miniGameCards":[],"viewedAnimatic":false,"keyPoints":[],"unlocked":false,"touchableObjects":[]},{"miniGameCards":[],"viewedAnimatic":false,"keyPoints":[],"unlocked":false,"touchableObjects":[]},{"miniGameCards":[],"viewedAnimatic":false,"keyPoints":[],"unlocked":false,"touchableObjects":[]}],"stackSize":5,"resolved":false},{"challengeScenes":[{"miniGameCards":[],"viewedAnimatic":false,"keyPoints":[],"unlocked":false,"touchableObjects":[]},{"miniGameCards":[],"viewedAnimatic":false,"keyPoints":[],"unlocked":false,"touchableObjects":[]},{"miniGameCards":[],"viewedAnimatic":false,"keyPoints":[],"unlocked":false,"touchableObjects":[]},{"miniGameCards":[],"viewedAnimatic":false,"keyPoints":[],"unlocked":false,"touchableObjects":[]},{"miniGameCards":[],"viewedAnimatic":false,"keyPoints":[],"unlocked":false,"touchableObjects":[]}],"stackSize":5,"resolved":false},{"challengeScenes":[{"miniGameCards":[],"viewedAnimatic":false,"keyPoints":[],"unlocked":false,"touchableObjects":[]},{"miniGameCards":[],"viewedAnimatic":false,"keyPoints":[],"unlocked":false,"touchableObjects":[]},{"miniGameCards":[],"viewedAnimatic":false,"keyPoints":[],"unlocked":false,"touchableObjects":[]},{"miniGameCards":[],"viewedAnimatic":false,"keyPoints":[],"unlocked":false,"touchableObjects":[]},{"miniGameCards":[],"viewedAnimatic":false,"keyPoints":[],"unlocked":false,"touchableObjects":[]}],"stackSize":5,"resolved":false},{"challengeScenes":[{"miniGameCards":[],"viewedAnimatic":false,"keyPoints":[],"unlocked":false,"touchableObjects":[]},{"miniGameCards":[],"viewedAnimatic":false,"keyPoints":[],"unlocked":false,"touchableObjects":[]},{"miniGameCards":[],"viewedAnimatic":false,"keyPoints":[],"unlocked":false,"touchableObjects":[]},{"miniGameCards":[],"viewedAnimatic":false,"keyPoints":[],"unlocked":false,"touchableObjects":[]},{"miniGameCards":[],"viewedAnimatic":false,"keyPoints":[],"unlocked":false,"touchableObjects":[]}],"stackSize":5,"resolved":false},{"challengeScenes":[{"miniGameCards":[],"viewedAnimatic":false,"keyPoints":[],"unlocked":true,"touchableObjects":["c_family_cauc_a_G0a0","c_friends_G0a0","c_education_G0a0"]},{"miniGameCards":[],"viewedAnimatic":false,"keyPoints":["c_job_G0a1N","c_home_G0a1N","c_family_cauc_a_G0a1N"],"unlocked":true,"touchableObjects":["c_job_G0a1N","c_home_G0a1N","c_family_cauc_a_G0a1N"]},{"miniGameCards":[],"viewedAnimatic":false,"keyPoints":["c_grandma_cauc_a_G0a1P","c_dad_cauc_a_G0a1P","c_mom_cauc_a_G0a1P","c_kidsister_cauc_a_G0a1P","c_Teacher_G0a1P","c_Nurse_G0a1P"],"unlocked":true,"touchableObjects":["c_grandma_cauc_a_G0a1P","c_dad_cauc_a_G0a1P","c_friends_G0a1P","c_mom_cauc_a_G0a1P","c_kidsister_cauc_a_G0a1P","c_Teacher_G0a1P","c_cousins_M_a_G0a1P","c_Nurse_G0a1P"]}],"stackSize":3,"resolved":true}],"sessionId":4,"epilogue":{"rating":0},"playerId":6427018,"session":[{"sceneId":"1P","stackId":12},{"sceneId":"1P","stackId":0}],"minigames":[{"levelSaveData":[{"starRating":1,"unlocked":true},{"starRating":0,"unlocked":false},{"starRating":0,"unlocked":false},{"starRating":0,"unlocked":false},{"starRating":0,"unlocked":false},{"starRating":0,"unlocked":false},{"starRating":0,"unlocked":false},{"starRating":0,"unlocked":false},{"starRating":0,"unlocked":false},{"starRating":0,"unlocked":false}],"skillPoints":1},{"levelSaveData":[{"starRating":2,"unlocked":true},{"starRating":0,"unlocked":false},{"starRating":0,"unlocked":false},{"starRating":0,"unlocked":false},{"starRating":0,"unlocked":false},{"starRating":0,"unlocked":false},{"starRating":0,"unlocked":false},{"starRating":0,"unlocked":false},{"starRating":0,"unlocked":false},{"starRating":0,"unlocked":false}],"skillPoints":2},{"levelSaveData":[{"starRating":3,"unlocked":true},{"starRating":0,"unlocked":false},{"starRating":0,"unlocked":false},{"starRating":0,"unlocked":false},{"starRating":0,"unlocked":false},{"starRating":0,"unlocked":false},{"starRating":0,"unlocked":false},{"starRating":0,"unlocked":false},{"starRating":0,"unlocked":false},{"starRating":0,"unlocked":false}],"skillPoints":3},{"levelSaveData":[{"starRating":0,"unlocked":false},{"starRating":0,"unlocked":false},{"starRating":0,"unlocked":false},{"starRating":0,"unlocked":false},{"starRating":0,"unlocked":false},{"starRating":0,"unlocked":false},{"starRating":0,"unlocked":false},{"starRating":0,"unlocked":false},{"starRating":0,"unlocked":false},{"starRating":0,"unlocked":false}],"skillPoints":0},{"age":13,"name":"marquis","gender":0,"levelSaveData":[{"starRating":3,"unlocked":true},{"starRating":3,"chunks":[["1"],["0$$god","15$$music"],["16$$books","11$$run","8$$champion"],["0"]],"unlocked":true},{"starRating":0,"chunks":[[null],[null,null],[null,null]],"unlocked":false},{"starRating":0,"chunks":[[null],[null],[null],[null],[null,null],[null]],"unlocked":false},{"starRating":0,"chunks":[[null],[null],[null,null],[null],[null],[null]],"unlocked":false},{"starRating":0,"chunks":[[null],[null,null,null,null],[null],[null]],"unlocked":false},{"starRating":0,"chunks":[[null],[null],[null,null],[null,null],[null]],"unlocked":false},{"starRating":0,"chunks":[[null,null,null],[null,null,null],[null],[null],[null]],"unlocked":false},{"starRating":0,"chunks":[[null,null,null],[null,null,null],[null,null]],"unlocked":false},{"starRating":0,"chunks":[[null],[null],[null],[null],[null],[null]],"unlocked":false}],"visualAvatar":0,"id":1,"skillPoints":6}],"avatar":{"age":13,"name":"marquis","gender":0,"levelSaveData":[{"starRating":3,"unlocked":true},{"starRating":3,"chunks":[["1"],["0$$god","15$$music"],["16$$books","11$$run","8$$champion"],["0"]],"unlocked":true},{"starRating":0,"chunks":[[null],[null,null],[null,null]],"unlocked":false},{"starRating":0,"chunks":[[null],[null],[null],[null],[null,null],[null]],"unlocked":false},{"starRating":0,"chunks":[[null],[null],[null,null],[null],[null],[null]],"unlocked":false},{"starRating":0,"chunks":[[null],[null,null,null,null],[null],[null]],"unlocked":false},{"starRating":0,"chunks":[[null],[null],[null,null],[null,null],[null]],"unlocked":false},{"starRating":0,"chunks":[[null,null,null],[null,null,null],[null],[null],[null]],"unlocked":false},{"starRating":0,"chunks":[[null,null,null],[null,null,null],[null,null]],"unlocked":false},{"starRating":0,"chunks":[[null],[null],[null],[null],[null],[null]],"unlocked":false}],"visualAvatar":0,"id":1,"skillPoints":6}}
6427018,0,1:49:6,7/15/2013 11:14:57am
6427018,1003,1:49:8,3
6427018,100,1:49:25,0
6427018,101,1:49:29,0
6427018,100,1:51:5,0
6427018,102,1:51:8,0
6427018,200,1:51:8,0,1,2,3,0,6
6427018,210,1:52:9,843,124
6427018,211,1:52:10,843,124
6427018,210,1:55:18,402,85
6427018,211,1:55:22,652,328
6427018,207,2:4:1,0,-200,-170
6427018,210,2:4:5,95,335
6427018,211,2:4:5,5,335
6427018,207,2:4:5,0,-170,-5
6427018,210,2:5:4,1125,504
6427018,211,2:5:5,1122,525
6427018,207,2:5:5,0,-200,-200
6427018,210,2:5:5,1291,517
6427018,207,2:5:6,0,-200,-410
6427018,211,2:5:6,1312,484
6427018,210,2:5:6,1247,495
6427018,207,2:5:7,0,-410,-518.45
6427018,211,2:5:8,1352,515
6427018,210,2:5:11,1128,530
6427018,207,2:5:12,0,-400,-518
6427018,211,2:5:14,1377,555
6427018,210,2:5:29,1539,325
6427018,211,2:5:29,1539,325
6427018,210,2:8:58,1469,449
6427018,211,2:9:0,1449,410
6427018,210,2:9:0,1507,349
6427018,211,2:9:1,1252,559
6427018,210,2:9:1,1339,539
6427018,211,2:9:1,1250,543
6427018,210,2:9:2,1308,533
6427018,211,2:9:2,1244,533
6427018,210,2:9:2,1332,508
6427018,211,2:9:2,1240,520
6427018,210,2:9:3,912,495
6427018,211,2:9:3,944,518
6427018,213,2:9:3,0,c_bestFriend_M_a_G7a1P,true
6427018,210,2:9:15,740,385
6427018,211,2:9:16,770,427
6427018,212,2:9:16,1
6427018,210,2:9:17,750,421
6427018,211,2:9:17,754,421
6427018,213,2:9:17,0,c_teacherEng_G7a1P,false
6427018,1003,2:9:26,1
6427018,1004,2:9:27,0
6427018,800,2:9:30,0,[]
6427018,801,2:9:31,0,[]
6427018,814,2:9:32,0,[0]
6427018,815,2:9:32,0,0,OpportunityCardData_id:0
6427018,816,2:9:33,0,0,OpportunityCardData_id:0
6427018,803,2:9:35,0,[OpportunityCardData_id:0,OpportunityCardConsequencesData_logId:0]
6427018,803,2:9:37,0,[OpportunityCardData_id:0,OpportunityCardConsequencesData_logId:1]
6427018,805,2:9:38,0,[OpportunityCardData_id:0]
6427018,807,2:9:39,0,[OpportunityCardData_id:0]
6427018,808,2:9:41,0,[OpportunityCardData_id:0]
6427018,809,2:9:45,0,[OpportunityCardData_id:0,PriorityData_type:5,false]
6427018,810,2:9:46,0,[OpportunityCardData_id:0,PriorityData_type:0,15,PriorityData_type:5,10]
6427018,814,2:9:48,0,[4]
6427018,815,2:9:48,0,4,OpportunityCardData_id:22
6427018,816,2:9:48,0,4,OpportunityCardData_id:22
6427018,805,2:9:59,0,[OpportunityCardData_id:22]
6427018,806,2:10:1,0,[OpportunityCardData_id:22,PriorityData_type:2]
6427018,807,2:10:1,0,[OpportunityCardData_id:22]
6427018,808,2:10:4,0,[OpportunityCardData_id:22]
6427018,809,2:10:8,0,[OpportunityCardData_id:22,Safe,false]
6427018,810,2:10:9,0,[OpportunityCardData_id:22,PriorityData_type:4,15,Safe,Safe]
6427018,814,2:10:16,0,[1]
6427018,815,2:10:16,0,1,OpportunityCardData_id:7
6427018,815,2:10:17,0,1,OpportunityCardData_id:8
6427018,815,2:10:18,0,1,OpportunityCardData_id:7
6427018,816,2:10:18,0,1,OpportunityCardData_id:7
6427018,803,2:10:20,0,[OpportunityCardData_id:7,OpportunityCardConsequencesData_logId:1]
6427018,804,2:10:22,0,[OpportunityCardData_id:7]
6427018,814,2:10:23,0,[1]
6427018,815,2:10:23,0,1,OpportunityCardData_id:8
6427018,815,2:10:24,0,1,OpportunityCardData_id:9
6427018,815,2:10:25,0,1,OpportunityCardData_id:10
6427018,815,2:10:26,0,1,OpportunityCardData_id:11
6427018,815,2:10:26,0,1,OpportunityCardData_id:12
6427018,815,2:10:27,0,1,OpportunityCardData_id:8
6427018,815,2:10:28,0,1,OpportunityCardData_id:9
6427018,815,2:10:29,0,1,OpportunityCardData_id:10
6427018,815,2:10:29,0,1,OpportunityCardData_id:11
6427018,815,2:10:31,0,1,OpportunityCardData_id:12
6427018,815,2:10:32,0,1,OpportunityCardData_id:8
6427018,815,2:10:33,0,1,OpportunityCardData_id:9
6427018,815,2:10:34,0,1,OpportunityCardData_id:10
6427018,815,2:10:36,0,1,OpportunityCardData_id:11
6427018,816,2:10:39,0,1,OpportunityCardData_id:11
6427018,805,2:10:40,0,[OpportunityCardData_id:11]
6427018,807,2:10:41,0,[OpportunityCardData_id:11]
6427018,808,2:10:42,0,[OpportunityCardData_id:11]
6427018,809,2:10:46,0,[OpportunityCardData_id:11,Safe,false]
6427018,810,2:10:47,0,[OpportunityCardData_id:11,PriorityData_type:1,10,Safe,Safe]
6427018,814,2:10:51,0,[3]
6427018,815,2:10:51,0,3,OpportunityCardData_id:19
6427018,816,2:10:52,0,3,OpportunityCardData_id:19
6427018,805,2:10:54,0,[OpportunityCardData_id:19]
6427018,806,2:10:56,0,[OpportunityCardData_id:19,PriorityData_type:1]
6427018,806,2:10:57,0,[OpportunityCardData_id:19,PriorityData_type:0]
6427018,806,2:10:57,0,[OpportunityCardData_id:19,PriorityData_type:4]
6427018,807,2:10:58,0,[OpportunityCardData_id:19]
6427018,808,2:11:0,0,[OpportunityCardData_id:19]
6427018,809,2:11:5,0,[OpportunityCardData_id:19,PriorityData_type:0,false]
6427018,810,2:11:6,0,[OpportunityCardData_id:19,PriorityData_type:3,15,PriorityData_type:0,35]
6427018,814,2:11:8,0,[0]
6427018,815,2:11:8,0,0,OpportunityCardData_id:1
6427018,816,2:11:10,0,0,OpportunityCardData_id:1
6427018,805,2:11:11,0,[OpportunityCardData_id:1]
6427018,807,2:11:13,0,[OpportunityCardData_id:1]
6427018,808,2:11:14,0,[OpportunityCardData_id:1]
6427018,809,2:11:20,0,[OpportunityCardData_id:1,PriorityData_type:3,false]
6427018,810,2:11:21,0,[OpportunityCardData_id:1,PriorityData_type:0,15,PriorityData_type:3,5]
6427018,814,2:11:24,0,[0]
6427018,815,2:11:24,0,0,OpportunityCardData_id:2
6427018,816,2:11:25,0,0,OpportunityCardData_id:2
6427018,803,2:11:26,0,[OpportunityCardData_id:2,OpportunityCardConsequencesData_logId:2]
6427018,805,2:11:27,0,[OpportunityCardData_id:2]
6427018,806,2:11:28,0,[OpportunityCardData_id:2,PriorityData_type:3]
6427018,807,2:11:28,0,[OpportunityCardData_id:2]
6427018,808,2:11:30,0,[OpportunityCardData_id:2]
6427018,809,2:11:33,0,[OpportunityCardData_id:2,PriorityData_type:5,false]
6427018,810,2:11:34,0,[OpportunityCardData_id:2,PriorityData_type:0,10,PriorityData_type:5,10]
