6427002,0,0:0:0,3/7/2013 4:52:22pm
6427002,600,0:2:37,2
6427002,601,0:2:38,1
6427002,602,0:2:39,2,1
6427002,603,0:2:44,0
6427002,604,0:3:18,0,Renée
6427002,605,0:3:28
6427002,210,0:4:56,841,364
6427002,211,0:4:57,841,364
6427002,213,0:4:57,12,c_player_afri_F_a_G0a0,true
6427002,212,0:5:0,1
6427002,212,0:5:0,0
6427002,210,0:5:1,834,445
6427002,211,0:5:6,671,210
6427002,213,0:5:6,12,c_education_G0a0,true
6427002,210,0:5:17,866,370
6427002,211,0:5:18,661,485
6427002,212,0:5:19,1
6427002,210,0:5:21,851,384
6427002,211,0:5:22,857,405
6427002,213,0:5:22,12,c_player_afri_F_a_G0a0,true
6427002,212,0:5:26,2
6427002,210,0:5:27,873,384
6427002,211,0:5:27,806,382
6427002,213,0:5:27,12,c_player_afri_F_a_G0a0,true
6427002,210,0:6:5,846,467
6427002,211,0:6:5,782,435
6427002,213,0:6:5,12,c_player_afri_F_a_G0a1N,true
6427002,212,0:6:9,1
6427002,210,0:6:9,821,494
6427002,211,0:6:10,774,465
6427002,213,0:6:10,12,c_player_afri_F_a_G0a1N,true
6427002,212,0:6:12,0
6427002,210,0:6:12,827,486
6427002,211,0:6:13,793,443
6427002,213,0:6:13,12,c_player_afri_F_a_G0a1N,true
6427002,210,0:6:16,863,371
6427002,211,0:6:17,574,380
6427002,210,0:6:19,907,334
6427002,211,0:6:21,660,178
6427002,213,0:6:21,12,c_job_G0a1N,true
6427002,205,0:6:21,12,c_job_G0a1N,false,false
6427002,212,0:6:30,1
6427002,210,0:6:30,890,491
6427002,211,0:6:32,670,207
6427002,210,0:6:32,834,405
6427002,211,0:6:32,814,363
6427002,213,0:6:32,12,c_player_afri_F_a_G0a1N,true
6427002,212,0:6:35,2
6427002,210,0:6:39,769,444
6427002,207,0:6:44,12,0,-210
6427002,211,0:6:46,777,286
6427002,213,0:6:46,12,c_player_afri_F_a_G0a1N,true
6427002,210,0:6:48,649,459
6427002,211,0:6:48,741,447
6427002,213,0:6:48,12,c_player_afri_F_a_G0a1N,true
6427002,210,0:6:51,706,531
6427002,211,0:6:51,789,530
6427002,213,0:6:51,12,c_player_afri_F_a_G0a1N,true
6427002,212,0:6:56,1
6427002,210,0:6:56,807,483
6427002,211,0:6:58,653,481
6427002,212,0:6:59,0
6427002,210,0:7:0,860,496
6427002,211,0:7:2,659,182
6427002,213,0:7:2,12,c_job_G0a1N,true
6427002,205,0:7:2,12,c_job_G0a1N,false,true
6427002,212,0:7:6,2
6427002,210,0:7:11,784,509
6427002,211,0:7:16,1092,252
6427002,213,0:7:16,12,c_family_afri_a_G0a1N,true
6427002,205,0:7:16,12,c_family_afri_a_G0a1N,false,false
6427002,212,0:7:23,1
6427002,210,0:7:24,841,454
6427002,211,0:7:26,1103,462
6427002,213,0:7:26,12,c_home_G0a1N,true
6427002,205,0:7:26,12,c_home_G0a1N,false,false
6427002,221,0:7:36,12
6427002,220,0:7:50,12
6427002,212,0:8:4,2
6427002,210,0:8:5,769,407
6427002,211,0:8:6,769,407
6427002,213,0:8:6,12,c_cousins_F_a_G0a1P,true
6427002,212,0:8:9,1
6427002,210,0:8:10,910,487
6427002,211,0:8:10,881,463
6427002,213,0:8:10,12,c_friends_G0a1P,true
6427002,212,0:8:14,0
6427002,207,0:8:15,12,0,-45
6427002,210,0:8:16,961,488
6427002,211,0:8:17,1045,436
6427002,207,0:8:17,12,-45,-105
6427002,212,0:8:18,2
6427002,210,0:8:19,1000,525
6427002,211,0:8:19,1020,486
6427002,213,0:8:19,12,c_friends_G0a1P,true
6427002,210,0:8:22,602,452
6427002,211,0:8:22,491,474
6427002,213,0:8:23,12,c_cousins_F_a_G0a1P,true
6427002,212,0:8:25,1
6427002,210,0:8:26,826,478
6427002,207,0:8:28,12,-105,-405
6427002,207,0:8:30,12,-405,-495
6427002,207,0:8:32,12,-495,-795
6427002,207,0:8:34,12,-795,-975
6427002,211,0:8:35,1757,309
6427002,213,0:8:35,12,c_dad_afri_a_G0a1P,true
6427002,205,0:8:35,12,c_dad_afri_a_G0a1P,false,false
6427002,212,0:8:39,2
6427002,210,0:8:40,1853,466
6427002,211,0:8:40,1861,458
6427002,213,0:8:40,12,c_kidsister_afri_a_G0a1P,true
6427002,205,0:8:40,12,c_kidsister_afri_a_G0a1P,false,false
6427002,212,0:8:45,0
6427002,210,0:8:46,1851,447
6427002,207,0:8:51,12,-975,-660
6427002,207,0:8:53,12,-660,-345
6427002,207,0:8:56,12,-345,-510
6427002,211,0:8:57,1276,207
6427002,213,0:8:57,12,c_Nurse_G0a1P,true
6427002,205,0:8:57,12,c_Nurse_G0a1P,false,false
6427002,212,0:9:4,1
6427002,210,0:9:4,1305,532
6427002,207,0:9:8,12,-510,-1395
6427002,211,0:9:10,1909,301
6427002,213,0:9:10,12,c_mom_afri_a_G0a1P,true
6427002,205,0:9:10,12,c_mom_afri_a_G0a1P,false,false
6427002,212,0:9:14,0
6427002,210,0:9:15,1801,508
6427002,207,0:9:19,12,-1395,-1140
6427002,207,0:9:22,12,-1140,-930
6427002,207,0:9:23,12,-930,-600
6427002,207,0:9:26,12,-600,-315
6427002,211,0:9:28,735,472
6427002,213,0:9:28,12,c_cousins_F_a_G0a1P,true
6427002,210,0:9:36,667,376
6427002,211,0:9:36,587,355
6427002,210,0:9:38,914,448
6427002,211,0:9:38,915,462
6427002,213,0:9:38,12,c_friends_G0a1P,true
6427002,212,0:9:42,1
6427002,210,0:9:43,1205,316
6427002,207,0:9:44,12,-315,-540
6427002,207,0:9:48,12,-540,-720
6427002,207,0:9:49,12,-720,-945
6427002,211,0:9:56,1796,242
6427002,213,0:9:56,12,c_dad_afri_a_G0a1P,true
6427002,205,0:9:56,12,c_dad_afri_a_G0a1P,false,true
6427002,213,0:10:0,12,c_dad_afri_a_G0a1P,true
6427002,205,0:10:0,12,c_dad_afri_a_G0a1P,false,true
6427002,212,0:10:4,2
6427002,210,0:10:6,1665,384
6427002,211,0:10:7,1646,352
6427002,213,0:10:7,12,c_grandma_afri_a_G0a1P,true
6427002,205,0:10:7,12,c_grandma_afri_a_G0a1P,false,false
6427002,207,0:10:11,12,-945,-990
6427002,212,0:10:12,0
6427002,210,0:10:13,1370,328
6427002,211,0:10:17,1303,253
6427002,213,0:10:17,12,c_Nurse_G0a1P,true
6427002,205,0:10:17,12,c_Nurse_G0a1P,false,true
6427002,212,0:10:21,2
6427002,210,0:10:21,1444,178
6427002,211,0:10:22,1423,178
6427002,213,0:10:22,12,c_Teacher_G0a1P,true
6427002,205,0:10:22,12,c_Teacher_G0a1P,false,false
6427002,221,0:10:29,12
6427002,300,0:10:35
6427002,220,0:10:35,12
6427002,302,0:10:53,0,1,0,6
6427002,302,0:10:54,0,1,0,9
6427002,302,0:10:57,0,1,0,20
6427002,303,0:11:2,0,1,0,20
6427002,304,0:11:5,0,1,0,-1,,20,Jolly!
6427002,302,0:11:10,0,1,1,3
6427002,303,0:11:13,0,1,1,3
6427002,304,0:11:16,0,1,1,-1,,3,Mean
6427002,302,0:11:23,0,3,0,0
6427002,302,0:11:26,0,3,0,1
6427002,306,0:11:26,0,0,1
6427002,304,0:11:26,0,3,0,-1,,1,
6427002,302,0:11:36,0,0,0,1
6427002,304,0:11:38,0,0,0,-1,,1,
6427002,302,0:11:40,0,0,0,0
6427002,304,0:11:42,0,0,0,1,,0,
6427002,302,0:11:49,0,2,0,3
6427002,302,0:11:53,0,2,0,10
6427002,303,0:12:0,0,2,0,10
6427002,306,0:12:5,0,1,2
6427002,304,0:12:5,0,2,0,-1,,10,Technology
6427002,302,0:12:8,0,2,2,3
6427002,302,0:12:9,0,2,2,12
6427002,302,0:12:14,0,2,2,9
6427002,303,0:12:17,0,2,2,9
6427002,304,0:12:20,0,2,2,-1,,9,Shoe Lover
6427002,305,0:12:31,0,2,1,-1,
6427002,305,0:12:33,0,2,1,-1,
6427002,302,0:12:48,0,2,1,2
6427002,303,0:12:53,0,2,1,2
6427002,306,0:12:54,0,2,3
6427002,304,0:12:54,0,2,1,-1,,2,Food
6427002,221,0:13:7,12
6427002,220,0:13:9,12
6427002,203,0:13:9,12
6427002,100,0:13:16,0
6427002,102,0:13:23,0
6427002,200,0:13:23,0,0,0,0,0,6
6427002,219,0:13:23,0
6427002,216,0:13:25,Stack_G7a0
6427002,217,0:13:57,Stack_G7a0,30,1.4
6427002,218,0:14:8,0
6427002,213,0:14:11,0,c_teacherEng_G7a0,false
6427002,1003,0:14:19,2
6427002,1004,0:14:20,0
6427002,900,0:14:25,0,[]
6427002,901,0:14:41,0,[PeopleData_id:3]
6427002,902,0:14:44,0,[PeopleData_id:3,PeopleData_data1Type]
6427002,903,0:14:49,0,[PeopleData_id3,PeopleData_data1Type]
6427002,100,0:14:57,0
6427002,102,0:14:58,0
6427002,200,0:14:58,0,0,0,0,0,6
6427002,221,0:15:9,0
6427002,220,0:15:15,0
6427002,212,0:15:17,1
6427002,210,0:15:17,969,473
6427002,211,0:15:19,669,593
6427002,213,0:15:19,0,s_otherStudent1_G7a0,true
6427002,210,0:15:25,678,432
6427002,211,0:15:26,665,599
6427002,213,0:15:26,0,s_otherStudent1_G7a0,true
6427002,210,0:15:30,588,537
6427002,207,0:15:33,0,-200,-380
6427002,211,0:15:34,1072,602
6427002,213,0:15:34,0,s_vocabAssignment_G7a0,true
6427002,210,0:15:38,1066,501
6427002,207,0:15:39,0,-380,-518.45
6427002,211,0:15:40,1340,529
6427002,212,0:15:41,0
6427002,210,0:15:41,1219,453
6427002,211,0:15:42,1216,397
6427002,213,0:15:42,0,s_doorClassroom_G7a0,true
6427002,210,0:15:46,1063,404
6427002,211,0:15:48,1080,586
6427002,213,0:15:48,0,s_vocabAssignment_G7a0,true
6427002,210,0:15:50,890,465
6427002,211,0:15:51,466,567
6427002,207,0:15:51,0,-518.45,-443.45
6427002,210,0:15:51,403,543
6427002,207,0:15:51,0,-443.45,-353.45
6427002,207,0:15:52,0,-353.45,-203.45
6427002,207,0:15:53,0,-203.45,-38.45
6427002,211,0:15:54,223,502
6427002,213,0:15:54,0,c_crewKid1_F_G7a0,true
6427002,210,0:15:58,312,471
6427002,207,0:16:0,0,-38.45,0
6427002,211,0:16:2,555,388
6427002,221,0:16:3,0
6427002,300,0:16:7
6427002,220,0:16:7,0
6427002,212,0:16:24,1
6427002,210,0:16:24,1025,446
6427002,211,0:16:27,636,584
6427002,213,0:16:27,0,s_otherStudent1_G7a0,true
6427002,210,0:16:29,582,441
6427002,207,0:16:30,0,-200,-35
6427002,207,0:16:35,0,-35,-215
6427002,207,0:16:36,0,-215,-395
6427002,207,0:16:37,0,-395,-518.45
6427002,211,0:16:38,878,504
6427002,210,0:16:45,909,477
6427002,211,0:16:47,1081,591
6427002,213,0:16:47,0,s_vocabAssignment_G7a0,true
6427002,212,0:16:50,2
6427002,210,0:16:51,1363,475
6427002,211,0:16:54,984,534
6427002,213,0:16:54,0,c_bestFriend_F_a_G7a0,false
6427002,1003,0:17:0,2
6427002,1004,0:17:2,0
6427002,900,0:17:4,0,[]
6427002,901,0:17:18,0,[PeopleData_id:2]
6427002,902,0:17:21,0,[PeopleData_id:2,PeopleData_data0Type]
6427002,903,0:17:24,0,[PeopleData_id2,PeopleData_data0Type]
6427002,901,0:17:26,0,[PeopleData_id:0]
6427002,902,0:17:27,0,[PeopleData_id:0,PeopleData_data0Type]
6427002,903,0:17:30,0,[PeopleData_id0,PeopleData_data0Type]
6427002,901,0:17:31,0,[PeopleData_id:1]
6427002,902,0:17:34,0,[PeopleData_id:1,PeopleData_data0Type]
6427002,903,0:17:36,0,[PeopleData_id1,PeopleData_data0Type]
6427002,901,0:17:37,0,[PeopleData_id:2]
6427002,902,0:17:39,0,[PeopleData_id:2,PeopleData_data0Type]
6427002,903,0:17:41,0,[PeopleData_id2,PeopleData_data0Type]
6427002,902,0:17:44,0,[PeopleData_id:2,PeopleData_data3Type]
6427002,903,0:17:46,0,[PeopleData_id2,PeopleData_data3Type]
6427002,902,0:17:55,0,[PeopleData_id:2,PeopleData_data1Type]
6427002,903,0:17:56,0,[PeopleData_id2,PeopleData_data1Type]
6427002,901,0:18:2,0,[PeopleData_id:2]
6427002,901,0:18:3,0,[PeopleData_id:3]
6427002,904,0:18:3,0,[PeopleData_id:3]
6427002,902,0:18:4,0,[PeopleData_id:3,PeopleData_data0Type]
6427002,903,0:18:6,0,[PeopleData_id3,PeopleData_data0Type]
6427002,902,0:18:21,0,[PeopleData_id:3,PeopleData_data2Type]
6427002,903,0:18:22,0,[PeopleData_id3,PeopleData_data2Type]
6427002,901,0:18:25,0,[PeopleData_id:3]
6427002,902,0:18:26,0,[PeopleData_id:3,PeopleData_data2Type]
6427002,902,0:18:28,0,[PeopleData_id:3,PeopleData_data1Type]
6427002,902,0:18:29,0,[PeopleData_id:3,PeopleData_data0Type]
6427002,903,0:18:31,0,[PeopleData_id3,PeopleData_data0Type]
6427002,901,0:18:32,0,[PeopleData_id:3]
6427002,904,0:18:32,0,[PeopleData_id:3]
6427002,901,0:18:35,0,[PeopleData_id:1]
6427002,902,0:18:36,0,[PeopleData_id:1,PeopleData_data0Type]
6427002,903,0:18:37,0,[PeopleData_id1,PeopleData_data0Type]
6427002,902,0:18:38,0,[PeopleData_id:1,PeopleData_data1Type]
6427002,903,0:18:40,0,[PeopleData_id1,PeopleData_data1Type]
6427002,902,0:18:41,0,[PeopleData_id:1,PeopleData_data2Type]
6427002,903,0:18:44,0,[PeopleData_id1,PeopleData_data2Type]
6427002,902,0:18:44,0,[PeopleData_id:1,PeopleData_data3Type]
6427002,903,0:18:49,0,[PeopleData_id1,PeopleData_data3Type]
6427002,901,0:18:52,0,[PeopleData_id:1]
6427002,904,0:18:52,0,[PeopleData_id:1]
6427002,905,0:18:53,0,[PeopleData_id:1,RankTypes_id:-1,RankTypes_id:2]
6427002,901,0:18:56,0,[PeopleData_id:0]
6427002,902,0:18:57,0,[PeopleData_id:0,PeopleData_data1Type]
6427002,903,0:18:59,0,[PeopleData_id0,PeopleData_data1Type]
6427002,902,0:18:59,0,[PeopleData_id:0,PeopleData_data0Type]
6427002,903,0:19:1,0,[PeopleData_id0,PeopleData_data0Type]
6427002,902,0:19:1,0,[PeopleData_id:0,PeopleData_data2Type]
6427002,903,0:19:3,0,[PeopleData_id0,PeopleData_data2Type]
6427002,902,0:19:4,0,[PeopleData_id:0,PeopleData_data3Type]
6427002,903,0:19:7,0,[PeopleData_id0,PeopleData_data3Type]
6427002,901,0:19:9,0,[PeopleData_id:0]
6427002,904,0:19:9,0,[PeopleData_id:0]
6427002,901,0:19:11,0,[PeopleData_id:3]
6427002,902,0:19:11,0,[PeopleData_id:3,PeopleData_data0Type]
6427002,903,0:19:15,0,[PeopleData_id3,PeopleData_data0Type]
6427002,901,0:19:24,0,[PeopleData_id:2]
6427002,902,0:19:25,0,[PeopleData_id:2,PeopleData_data0Type]
6427002,903,0:19:26,0,[PeopleData_id2,PeopleData_data0Type]
6427002,902,0:19:27,0,[PeopleData_id:2,PeopleData_data1Type]
6427002,903,0:19:29,0,[PeopleData_id2,PeopleData_data1Type]
6427002,902,0:19:29,0,[PeopleData_id:2,PeopleData_data2Type]
6427002,903,0:19:32,0,[PeopleData_id2,PeopleData_data2Type]
6427002,902,0:19:32,0,[PeopleData_id:2,PeopleData_data3Type]
6427002,903,0:19:36,0,[PeopleData_id2,PeopleData_data3Type]
6427002,901,0:19:38,0,[PeopleData_id:4]
6427002,902,0:19:38,0,[PeopleData_id:4,PeopleData_data0Type]
6427002,903,0:19:40,0,[PeopleData_id4,PeopleData_data0Type]
6427002,902,0:19:40,0,[PeopleData_id:4,PeopleData_data1Type]
6427002,903,0:19:42,0,[PeopleData_id4,PeopleData_data1Type]
6427002,901,0:19:44,0,[PeopleData_id:4]
6427002,904,0:19:44,0,[PeopleData_id:4]
6427002,905,0:19:45,0,[PeopleData_id:4,RankTypes_id:-1,RankTypes_id:2]
6427002,901,0:19:50,0,[PeopleData_id:3]
6427002,904,0:19:50,0,[PeopleData_id:3]
6427002,905,0:19:51,0,[PeopleData_id:3,RankTypes_id:-1,RankTypes_id:1]
6427002,901,0:19:53,0,[PeopleData_id:0]
6427002,904,0:19:53,0,[PeopleData_id:0]
6427002,905,0:19:54,0,[PeopleData_id:0,RankTypes_id:-1,RankTypes_id:1]
6427002,901,0:19:54,0,[PeopleData_id:3]
6427002,904,0:19:54,0,[PeopleData_id:3]
6427002,905,0:19:55,0,[PeopleData_id:3,RankTypes_id:1,RankTypes_id:3]
6427002,901,0:19:55,0,[PeopleData_id:0]
6427002,904,0:19:55,0,[PeopleData_id:0]
6427002,905,0:19:56,0,[PeopleData_id:0,RankTypes_id:1,RankTypes_id:3]
6427002,901,0:19:56,0,[PeopleData_id:3]
6427002,904,0:19:56,0,[PeopleData_id:3]
6427002,905,0:19:56,0,[PeopleData_id:3,RankTypes_id:3,RankTypes_id:4]
6427002,901,0:20:1,0,[PeopleData_id:0]
6427002,904,0:20:1,0,[PeopleData_id:0]
6427002,905,0:20:2,0,[PeopleData_id:0,RankTypes_id:3,RankTypes_id:3]
6427002,901,0:20:2,0,[PeopleData_id:2]
6427002,904,0:20:2,0,[PeopleData_id:2]
6427002,905,0:20:3,0,[PeopleData_id:2,RankTypes_id:-1,RankTypes_id:3]
6427002,906,0:20:3,0,[]
6427002,901,0:20:4,0,[PeopleData_id:2]
6427002,904,0:20:4,0,[PeopleData_id:2]
6427002,905,0:20:5,0,[PeopleData_id:2,RankTypes_id:3,RankTypes_id:4]
6427002,902,0:20:7,0,[PeopleData_id:2,PeopleData_data0Type]
6427002,903,0:20:9,0,[PeopleData_id2,PeopleData_data0Type]
6427002,901,0:20:20,0,[PeopleData_id:1]
6427002,904,0:20:20,0,[PeopleData_id:1]
6427002,905,0:20:20,0,[PeopleData_id:1,RankTypes_id:2,RankTypes_id:3]
6427002,901,0:20:24,0,[PeopleData_id:4]
6427002,904,0:20:24,0,[PeopleData_id:4]
6427002,905,0:20:25,0,[PeopleData_id:4,RankTypes_id:2,RankTypes_id:3]
6427002,901,0:20:25,0,[PeopleData_id:4]
6427002,904,0:20:25,0,[PeopleData_id:4]
6427002,901,0:20:28,0,[PeopleData_id:1]
6427002,904,0:20:28,0,[PeopleData_id:1]
6427002,905,0:20:29,0,[PeopleData_id:1,RankTypes_id:3,RankTypes_id:3]
6427002,901,0:20:31,0,[PeopleData_id:1]
6427002,904,0:20:31,0,[PeopleData_id:1]
6427002,905,0:20:31,0,[PeopleData_id:1,RankTypes_id:3,RankTypes_id:2]
6427002,901,0:20:31,0,[PeopleData_id:4]
6427002,904,0:20:31,0,[PeopleData_id:4]
6427002,905,0:20:32,0,[PeopleData_id:4,RankTypes_id:3,RankTypes_id:2]
6427002,907,0:20:32,0,[]
6427002,908,0:20:32,0,[InvitationData_id:8,PeopleData_id:3,RankTypes_id:4]
6427002,909,0:20:38,0,[InvitationData_id:8,PeopleData_id:3,RankTypes_id:4,1]
6427002,910,0:20:41,0,[InvitationData_id:8,9,false]
6427002,908,0:20:41,0,[InvitationData_id:4,PeopleData_id:2,RankTypes_id:4]
6427002,909,0:20:48,0,[InvitationData_id:4,PeopleData_id:2,RankTypes_id:4,0]
6427002,910,0:20:56,0,[InvitationData_id:4,-11,false]
6427002,908,0:20:56,0,[InvitationData_id:0,PeopleData_id:3,RankTypes_id:4]
6427002,909,0:20:58,0,[InvitationData_id:0,PeopleData_id:3,RankTypes_id:4,1]
6427002,910,0:21:0,0,[InvitationData_id:0,9,false]
6427002,908,0:21:0,0,[InvitationData_id:7,PeopleData_id:1,RankTypes_id:2]
6427002,909,0:21:4,0,[InvitationData_id:7,PeopleData_id:1,RankTypes_id:2,0]
6427002,910,0:21:7,0,[InvitationData_id:7,-2,false]
6427002,908,0:21:7,0,[InvitationData_id:10,PeopleData_id:2,RankTypes_id:4]
6427002,909,0:21:12,0,[InvitationData_id:10,PeopleData_id:2,RankTypes_id:4,1]
6427002,910,0:21:17,0,[InvitationData_id:10,0,true]
6427002,908,0:21:17,0,[InvitationData_id:1,PeopleData_id:0,RankTypes_id:3]
6427002,909,0:21:20,0,[InvitationData_id:1,PeopleData_id:0,RankTypes_id:3,1]
6427002,910,0:21:21,0,[InvitationData_id:1,7,false]
6427002,908,0:21:21,0,[InvitationData_id:3,PeopleData_id:3,RankTypes_id:4]
6427002,909,0:21:24,0,[InvitationData_id:3,PeopleData_id:3,RankTypes_id:4,1]
6427002,910,0:21:25,0,[InvitationData_id:3,9,false]
6427002,908,0:21:25,0,[InvitationData_id:2,PeopleData_id:2,RankTypes_id:4]
6427002,909,0:21:28,0,[InvitationData_id:2,PeopleData_id:2,RankTypes_id:4,0]
6427002,910,0:21:29,0,[InvitationData_id:2,-11,false]
6427002,908,0:21:29,0,[InvitationData_id:6,PeopleData_id:2,RankTypes_id:4]
6427002,909,0:21:34,0,[InvitationData_id:6,PeopleData_id:2,RankTypes_id:4,1]
6427002,910,0:21:36,0,[InvitationData_id:6,9,false]
6427002,908,0:21:36,0,[InvitationData_id:9,PeopleData_id:1,RankTypes_id:2]
6427002,909,0:21:39,0,[InvitationData_id:9,PeopleData_id:1,RankTypes_id:2,0]
6427002,910,0:21:42,0,[InvitationData_id:9,-2,false]
6427002,908,0:21:42,0,[InvitationData_id:5,PeopleData_id:1,RankTypes_id:2]
6427002,909,0:21:44,0,[InvitationData_id:5,PeopleData_id:1,RankTypes_id:2,0]
6427002,910,0:21:46,0,[InvitationData_id:5,-2,false]
6427002,911,0:21:46,0,[15,1,0,1]
6427002,1005,0:21:46,0,[2,0,1]
6427002,1001,0:21:50,0,[]
6427002,1003,0:21:50,2
6427002,1004,0:21:51,0
6427002,900,0:21:53,0,[]
6427002,901,0:21:57,0,[PeopleData_id:0]
6427002,902,0:21:58,0,[PeopleData_id:0,PeopleData_data0Type]
6427002,903,0:21:59,0,[PeopleData_id0,PeopleData_data0Type]
6427002,902,0:22:1,0,[PeopleData_id:0,PeopleData_data1Type]
6427002,903,0:22:2,0,[PeopleData_id0,PeopleData_data1Type]
6427002,901,0:22:3,0,[PeopleData_id:0]
6427002,904,0:22:3,0,[PeopleData_id:0]
6427002,905,0:22:5,0,[PeopleData_id:0,RankTypes_id:-1,RankTypes_id:3]
6427002,901,0:22:6,0,[PeopleData_id:3]
6427002,902,0:22:7,0,[PeopleData_id:3,PeopleData_data1Type]
6427002,903,0:22:9,0,[PeopleData_id3,PeopleData_data1Type]
6427002,902,0:22:9,0,[PeopleData_id:3,PeopleData_data0Type]
6427002,903,0:22:11,0,[PeopleData_id3,PeopleData_data0Type]
6427002,902,0:22:11,0,[PeopleData_id:3,PeopleData_data2Type]
6427002,903,0:22:14,0,[PeopleData_id3,PeopleData_data2Type]
6427002,901,0:22:15,0,[PeopleData_id:3]
6427002,904,0:22:15,0,[PeopleData_id:3]
6427002,905,0:22:15,0,[PeopleData_id:3,RankTypes_id:-1,RankTypes_id:4]
6427002,901,0:22:16,0,[PeopleData_id:1]
6427002,902,0:22:18,0,[PeopleData_id:1,PeopleData_data2Type]
6427002,903,0:22:19,0,[PeopleData_id1,PeopleData_data2Type]
6427002,901,0:22:21,0,[PeopleData_id:1]
6427002,904,0:22:21,0,[PeopleData_id:1]
6427002,905,0:22:21,0,[PeopleData_id:1,RankTypes_id:-1,RankTypes_id:2]
6427002,901,0:22:22,0,[PeopleData_id:2]
6427002,902,0:22:22,0,[PeopleData_id:2,PeopleData_data1Type]
6427002,903,0:22:24,0,[PeopleData_id2,PeopleData_data1Type]
6427002,901,0:22:25,0,[PeopleData_id:2]
6427002,904,0:22:25,0,[PeopleData_id:2]
6427002,905,0:22:26,0,[PeopleData_id:2,RankTypes_id:-1,RankTypes_id:3]
6427002,901,0:22:26,0,[PeopleData_id:4]
6427002,902,0:22:27,0,[PeopleData_id:4,PeopleData_data2Type]
6427002,903,0:22:29,0,[PeopleData_id4,PeopleData_data2Type]
6427002,901,0:22:29,0,[PeopleData_id:4]
6427002,904,0:22:29,0,[PeopleData_id:4]
6427002,905,0:22:30,0,[PeopleData_id:4,RankTypes_id:-1,RankTypes_id:4]
6427002,906,0:22:30,0,[]
6427002,907,0:22:31,0,[]
6427002,908,0:22:31,0,[InvitationData_id:8,PeopleData_id:3,RankTypes_id:4]
6427002,909,0:22:37,0,[InvitationData_id:8,PeopleData_id:3,RankTypes_id:4,0]
6427002,910,0:22:39,0,[InvitationData_id:8,-11,false]
6427002,908,0:22:39,0,[InvitationData_id:3,PeopleData_id:3,RankTypes_id:4]
6427002,909,0:22:41,0,[InvitationData_id:3,PeopleData_id:3,RankTypes_id:4,1]
6427002,910,0:22:42,0,[InvitationData_id:3,9,false]
6427002,908,0:22:42,0,[InvitationData_id:7,PeopleData_id:1,RankTypes_id:2]
6427002,909,0:22:44,0,[InvitationData_id:7,PeopleData_id:1,RankTypes_id:2,0]
6427002,910,0:22:46,0,[InvitationData_id:7,-2,false]
6427002,908,0:22:46,0,[InvitationData_id:10,PeopleData_id:2,RankTypes_id:3]
6427002,909,0:22:49,0,[InvitationData_id:10,PeopleData_id:2,RankTypes_id:3,1]
6427002,910,0:22:50,0,[InvitationData_id:10,0,true]
6427002,908,0:22:50,0,[InvitationData_id:6,PeopleData_id:3,RankTypes_id:4]
6427002,909,0:22:54,0,[InvitationData_id:6,PeopleData_id:3,RankTypes_id:4,1]
6427002,910,0:22:54,0,[InvitationData_id:6,9,false]
6427002,908,0:22:54,0,[InvitationData_id:1,PeopleData_id:0,RankTypes_id:3]
6427002,909,0:22:57,0,[InvitationData_id:1,PeopleData_id:0,RankTypes_id:3,1]
6427002,910,0:22:57,0,[InvitationData_id:1,7,false]
6427002,908,0:22:57,0,[InvitationData_id:4,PeopleData_id:4,RankTypes_id:4]
6427002,909,0:23:0,0,[InvitationData_id:4,PeopleData_id:4,RankTypes_id:4,0]
6427002,910,0:23:1,0,[InvitationData_id:4,-11,false]
6427002,908,0:23:1,0,[InvitationData_id:9,PeopleData_id:4,RankTypes_id:4]
6427002,909,0:23:3,0,[InvitationData_id:9,PeopleData_id:4,RankTypes_id:4,0]
6427002,910,0:23:5,0,[InvitationData_id:9,-11,false]
6427002,908,0:23:5,0,[InvitationData_id:0,PeopleData_id:3,RankTypes_id:4]
6427002,909,0:23:7,0,[InvitationData_id:0,PeopleData_id:3,RankTypes_id:4,1]
6427002,910,0:23:7,0,[InvitationData_id:0,9,false]
6427002,908,0:23:7,0,[InvitationData_id:5,PeopleData_id:4,RankTypes_id:4]
6427002,909,0:23:10,0,[InvitationData_id:5,PeopleData_id:4,RankTypes_id:4,0]
6427002,910,0:23:11,0,[InvitationData_id:5,-11,false]
6427002,908,0:23:11,0,[InvitationData_id:2,PeopleData_id:2,RankTypes_id:3]
6427002,909,0:23:13,0,[InvitationData_id:2,PeopleData_id:2,RankTypes_id:3,0]
6427002,910,0:23:13,0,[InvitationData_id:2,-7,false]
6427002,911,0:23:23,0,[-19,1,1,1]
6427002,1001,0:23:24,0,[]
6427002,1003,0:23:24,2
6427002,1004,0:23:25,0
6427002,900,0:23:26,0,[]
6427002,901,0:23:28,0,[PeopleData_id:3]
6427002,902,0:23:29,0,[PeopleData_id:3,PeopleData_data0Type]
6427002,903,0:23:30,0,[PeopleData_id3,PeopleData_data0Type]
6427002,902,0:23:31,0,[PeopleData_id:3,PeopleData_data1Type]
6427002,903,0:23:32,0,[PeopleData_id3,PeopleData_data1Type]
6427002,902,0:23:33,0,[PeopleData_id:3,PeopleData_data2Type]
6427002,903,0:23:33,0,[PeopleData_id3,PeopleData_data2Type]
6427002,901,0:23:34,0,[PeopleData_id:3]
6427002,904,0:23:34,0,[PeopleData_id:3]
6427002,905,0:23:34,0,[PeopleData_id:3,RankTypes_id:-1,RankTypes_id:4]
6427002,901,0:23:35,0,[PeopleData_id:0]
6427002,902,0:23:36,0,[PeopleData_id:0,PeopleData_data0Type]
6427002,902,0:23:38,0,[PeopleData_id:0,PeopleData_data1Type]
6427002,902,0:23:39,0,[PeopleData_id:0,PeopleData_data2Type]
6427002,902,0:23:40,0,[PeopleData_id:0,PeopleData_data3Type]
6427002,903,0:23:41,0,[PeopleData_id0,PeopleData_data3Type]
6427002,901,0:23:42,0,[PeopleData_id:0]
6427002,904,0:23:43,0,[PeopleData_id:0]
6427002,905,0:23:43,0,[PeopleData_id:0,RankTypes_id:-1,RankTypes_id:4]
6427002,901,0:23:44,0,[PeopleData_id:2]
6427002,902,0:23:45,0,[PeopleData_id:2,PeopleData_data2Type]
6427002,903,0:23:46,0,[PeopleData_id2,PeopleData_data2Type]
6427002,901,0:23:47,0,[PeopleData_id:2]
6427002,904,0:23:47,0,[PeopleData_id:2]
6427002,901,0:23:48,0,[PeopleData_id:2]
6427002,904,0:23:48,0,[PeopleData_id:2]
6427002,905,0:23:48,0,[PeopleData_id:2,RankTypes_id:-1,RankTypes_id:0]
6427002,901,0:23:50,0,[PeopleData_id:4]
6427002,904,0:23:50,0,[PeopleData_id:4]
6427002,902,0:23:50,0,[PeopleData_id:4,PeopleData_data2Type]
6427002,903,0:23:51,0,[PeopleData_id4,PeopleData_data2Type]
6427002,902,0:23:52,0,[PeopleData_id:4,PeopleData_data1Type]
6427002,903,0:23:53,0,[PeopleData_id4,PeopleData_data1Type]
6427002,902,0:23:53,0,[PeopleData_id:4,PeopleData_data0Type]
6427002,903,0:23:54,0,[PeopleData_id4,PeopleData_data0Type]
6427002,902,0:23:54,0,[PeopleData_id:4,PeopleData_data3Type]
6427002,903,0:23:56,0,[PeopleData_id4,PeopleData_data3Type]
6427002,901,0:23:56,0,[PeopleData_id:4]
6427002,904,0:23:56,0,[PeopleData_id:4]
6427002,901,0:23:57,0,[PeopleData_id:4]
6427002,904,0:23:57,0,[PeopleData_id:4]
6427002,905,0:23:58,0,[PeopleData_id:4,RankTypes_id:-1,RankTypes_id:0]
6427002,901,0:23:58,0,[PeopleData_id:1]
6427002,904,0:23:58,0,[PeopleData_id:1]
6427002,905,0:23:59,0,[PeopleData_id:1,RankTypes_id:-1,RankTypes_id:0]
6427002,906,0:23:59,0,[]
6427002,907,0:23:59,0,[]
6427002,908,0:23:59,0,[InvitationData_id:1,PeopleData_id:0,RankTypes_id:4]
6427002,909,0:24:1,0,[InvitationData_id:1,PeopleData_id:0,RankTypes_id:4,1]
6427002,910,0:24:2,0,[InvitationData_id:1,9,false]
6427002,908,0:24:2,0,[InvitationData_id:6,PeopleData_id:0,RankTypes_id:4]
6427002,909,0:24:4,0,[InvitationData_id:6,PeopleData_id:0,RankTypes_id:4,1]
6427002,910,0:24:5,0,[InvitationData_id:6,9,false]
6427002,908,0:24:5,0,[InvitationData_id:3,PeopleData_id:3,RankTypes_id:4]
6427002,909,0:24:6,0,[InvitationData_id:3,PeopleData_id:3,RankTypes_id:4,1]
6427002,910,0:24:7,0,[InvitationData_id:3,9,false]
6427002,908,0:24:7,0,[InvitationData_id:0,PeopleData_id:0,RankTypes_id:4]
6427002,909,0:24:8,0,[InvitationData_id:0,PeopleData_id:0,RankTypes_id:4,1]
6427002,910,0:24:9,0,[InvitationData_id:0,9,false]
6427002,908,0:24:9,0,[InvitationData_id:8,PeopleData_id:0,RankTypes_id:4]
6427002,909,0:24:10,0,[InvitationData_id:8,PeopleData_id:0,RankTypes_id:4,1]
6427002,910,0:24:10,0,[InvitationData_id:8,9,false]
6427002,911,0:24:12,0,[45,0,0,0]
6427002,1005,0:24:12,0,[2,1,3]
6427002,1001,0:24:14,0,[]
6427002,1003,0:24:14,2
6427002,221,0:24:24,0
6427002,220,0:24:27,0
6427002,210,0:24:33,983,487
6427002,211,0:24:33,966,500
6427002,213,0:24:33,0,c_bestFriend_F_a_G7a0,true
6427002,205,0:24:33,0,c_bestFriend_F_a_G7a0,false,false
6427002,210,0:24:40,711,520
6427002,207,0:24:41,0,-200,-35
6427002,211,0:24:45,838,390
6427002,213,0:24:45,0,c_teacherEng_G7a0,true
6427002,205,0:24:45,0,c_teacherEng_G7a0,false,false
6427002,210,0:24:49,514,467
6427002,207,0:24:50,0,-35,-410
6427002,207,0:24:51,0,-410,-518.45
6427002,207,0:24:57,0,-518.45,-68.45
6427002,211,0:24:58,312,604
6427002,212,0:24:59,1
6427002,210,0:24:59,832,477
6427002,207,0:25:2,0,-68.45,0
6427002,207,0:25:6,0,0,-518.45
6427002,211,0:25:11,914,567
6427002,212,0:25:12,0
6427002,210,0:25:12,1417,488
6427002,211,0:25:13,1335,475
6427002,210,0:25:13,1301,442
6427002,207,0:25:18,0,-518.45,-203.45
6427002,207,0:25:19,0,-203.45,0
6427002,211,0:25:20,230,455
6427002,213,0:25:20,0,c_crewKid1_F_G7a0,true
6427002,212,0:25:22,2
6427002,210,0:25:23,370,474
6427002,211,0:25:28,808,382
6427002,213,0:25:28,0,c_teacherEng_G7a0,true
6427002,205,0:25:28,0,c_teacherEng_G7a0,false,true
6427002,212,0:25:32,1
6427002,210,0:25:32,802,374
6427002,211,0:25:36,695,129
6427002,213,0:25:36,0,s_angelouPoster_gen,true
6427002,210,0:25:39,574,91
6427002,211,0:25:39,623,121
6427002,213,0:25:39,0,s_atwoodPoster_gen,true
6427002,210,0:25:43,822,105
6427002,207,0:25:44,0,0,-165
6427002,211,0:25:45,885,131
6427002,213,0:25:45,0,s_poePoster_gen,true
6427002,212,0:25:48,0
6427002,210,0:25:48,992,486
6427002,207,0:25:51,0,-165,-420
6427002,207,0:25:53,0,-420,-518.45
6427002,207,0:26:0,0,-518.45,-173.45
6427002,207,0:26:2,0,-173.45,0
6427002,211,0:26:3,5,583
6427002,221,0:26:6,0
6427002,220,0:26:12,0
6427002,212,0:26:17,1
6427002,210,0:26:22,435,489
6427002,207,0:26:26,0,0,-210
6427002,207,0:26:30,0,-210,-390
6427002,207,0:26:31,0,-390,-518.45
6427002,211,0:26:34,1233,165
6427002,213,0:26:34,0,s_clock_G7a0,true
6427002,212,0:26:41,2
6427002,210,0:26:41,1231,312
6427002,211,0:26:44,1379,457
6427002,212,0:26:45,0
6427002,210,0:26:45,1158,307
6427002,211,0:26:47,786,279
6427002,210,0:26:47,877,402
6427002,207,0:26:52,0,-518.45,-173.45
6427002,207,0:26:53,0,-173.45,0
6427002,211,0:26:55,161,546
6427002,213,0:26:55,0,c_crewKid1_F_G7a0,true
6427002,221,0:27:7,0
6427002,220,0:27:9,0
6427002,212,0:27:10,1
6427002,207,0:27:13,0,0,-45
6427002,210,0:27:15,1113,503
6427002,211,0:27:15,1262,494
6427002,207,0:27:15,0,-45,-240
6427002,210,0:27:15,1287,466
6427002,207,0:27:15,0,-240,-330
6427002,211,0:27:17,1079,549
6427002,213,0:27:17,0,s_vocabAssignment_G7a0,true
6427002,210,0:27:28,1417,476
6427002,207,0:27:28,0,-330,-480
6427002,207,0:27:28,0,-480,-518.45
6427002,207,0:27:37,0,-518.45,0
6427002,211,0:27:39,244,148
6427002,213,0:27:39,0,s_flag_gen,false
6427002,1003,0:27:42,1
6427002,1004,0:27:43,0
6427002,800,0:27:45,0,[]
6427002,801,0:27:47,0,[]
6427002,814,0:27:53,0,[4]
6427002,815,0:27:53,0,4,OpportunityCardData_id:22
6427002,816,0:27:57,0,4,OpportunityCardData_id:22
6427002,805,0:28:1,0,[OpportunityCardData_id:22]
6427002,807,0:28:7,0,[OpportunityCardData_id:22]
6427002,808,0:28:9,0,[OpportunityCardData_id:22]
6427002,809,0:28:28,0,[OpportunityCardData_id:22,Safe,false]
6427002,810,0:28:29,0,[OpportunityCardData_id:22,PriorityData_type:4,15,Safe,Safe]
6427002,814,0:28:39,0,[2]
6427002,815,0:28:39,0,2,OpportunityCardData_id:13
6427002,815,0:28:42,0,2,OpportunityCardData_id:14
6427002,815,0:28:44,0,2,OpportunityCardData_id:15
6427002,815,0:28:47,0,2,OpportunityCardData_id:16
6427002,815,0:28:49,0,2,OpportunityCardData_id:15
6427002,816,0:28:50,0,2,OpportunityCardData_id:15
6427002,805,0:28:51,0,[OpportunityCardData_id:15]
6427002,807,0:28:53,0,[OpportunityCardData_id:15]
6427002,808,0:28:56,0,[OpportunityCardData_id:15]
6427002,809,0:29:1,0,[OpportunityCardData_id:15,Safe,false]
6427002,810,0:29:2,0,[OpportunityCardData_id:15,PriorityData_type:2,15,Safe,Safe]
6427002,814,0:29:9,0,[4]
6427002,815,0:29:9,0,4,OpportunityCardData_id:26
6427002,815,0:29:12,0,4,OpportunityCardData_id:27
6427002,815,0:29:19,0,4,OpportunityCardData_id:28
6427002,815,0:29:24,0,4,OpportunityCardData_id:27
6427002,815,0:29:25,0,4,OpportunityCardData_id:28
6427002,815,0:29:25,0,4,OpportunityCardData_id:29
6427002,815,0:29:27,0,4,OpportunityCardData_id:30
6427002,815,0:29:30,0,4,OpportunityCardData_id:31
6427002,815,0:29:31,0,4,OpportunityCardData_id:26
6427002,815,0:29:33,0,4,OpportunityCardData_id:27
6427002,816,0:29:34,0,4,OpportunityCardData_id:27
6427002,805,0:29:36,0,[OpportunityCardData_id:27]
6427002,807,0:29:37,0,[OpportunityCardData_id:27]
6427002,808,0:29:39,0,[OpportunityCardData_id:27]
6427002,809,0:29:43,0,[OpportunityCardData_id:27,PriorityData_type:5,false]
6427002,810,0:29:46,0,[OpportunityCardData_id:27,PriorityData_type:4,15,PriorityData_type:5,15]
6427002,818,0:29:49,0,5
6427002,811,0:29:51,0,[OpportunityCardData_id:27,PriorityData_type:2,80,85,PriorityData_type:4,70,75]
6427002,1005,0:29:51,0,[1,0,3]
6427002,1001,0:29:52,0,[]
6427002,1003,0:29:52,1
6427002,210,0:29:58,736,485
6427002,207,0:29:59,0,-200,-50
6427002,211,0:29:59,278,140
6427002,213,0:29:59,0,s_flag_gen,true
6427002,205,0:30:0,0,s_flag_gen,false,false
6427002,221,0:30:4,0
6427002,220,0:30:7,0
6427002,212,0:30:9,2
6427002,210,0:30:10,524,362
6427002,211,0:30:14,692,382
6427002,210,0:30:17,323,426
6427002,211,0:30:17,269,405
6427002,210,0:30:17,425,468
6427002,207,0:30:20,0,-50,-230
6427002,207,0:30:22,0,-230,-518.45
6427002,211,0:30:29,1450,565
6427002,213,0:30:29,0,c_friend1_F_a_G7a0,true
6427002,210,0:30:38,952,475
6427002,211,0:30:42,1246,580
6427002,212,0:30:43,1
6427002,210,0:30:43,1446,520
6427002,211,0:30:44,1465,535
6427002,212,0:30:44,0
6427002,210,0:30:44,1464,539
6427002,207,0:30:52,0,-518.45,-218.45
6427002,207,0:30:55,0,-218.45,0
6427002,211,0:30:59,2,612
6427002,212,0:30:59,1
6427002,210,0:31:0,803,448
6427002,211,0:31:1,824,443
6427002,212,0:31:4,0
6427002,210,0:31:5,822,347
6427002,207,0:31:11,0,0,-518.45
6427002,211,0:31:12,1453,504
6427002,212,0:31:12,1
6427002,212,0:31:13,2
6427002,210,0:31:13,1413,511
6427002,211,0:31:14,1447,543
6427002,212,0:31:14,1
6427002,210,0:31:14,1444,508
6427002,207,0:31:18,0,-518.45,-293.45
6427002,211,0:31:19,638,482
6427002,210,0:31:30,851,379
6427002,211,0:31:30,858,457
6427002,210,0:31:30,863,448
6427002,207,0:31:32,0,-293.45,-68.45
6427002,207,0:31:33,0,-68.45,0
6427002,211,0:31:33,37,589
6427002,210,0:31:33,69,568
6427002,211,0:31:41,616,355
6427002,212,0:31:42,2
6427002,210,0:31:44,210,121
6427002,207,0:31:46,0,0,-180
6427002,207,0:31:49,0,-180,-518.45
6427002,211,0:31:56,975,403
6427002,221,0:32:5,0
6427002,220,0:32:10,0
6427002,219,0:32:13,0
6427002,216,0:32:14,Stack_G7a1N
6427002,217,0:32:25,Stack_G7a1N,8.8,11
6427002,218,0:32:30,0
6427002,210,0:32:34,1022,431
6427002,211,0:32:34,1044,564
6427002,213,0:32:34,0,c_bestFriend_F_a_G7a1N,true
6427002,205,0:32:34,0,c_bestFriend_F_a_G7a1N,false,false
6427002,210,0:32:40,871,448
6427002,211,0:32:40,851,476
6427002,213,0:32:40,0,c_teacherEng_G7a1N,true
6427002,205,0:32:40,0,c_teacherEng_G7a1N,false,false
6427002,210,0:32:44,1266,498
6427002,207,0:32:44,0,-400,-518.45
6427002,211,0:32:46,1215,490
6427002,213,0:32:46,0,s_otherStudent2_G7a1N,true
6427002,210,0:32:48,849,423
6427002,211,0:32:49,608,587
6427002,213,0:32:49,0,s_otherStudent1_G7a1N,true
6427002,210,0:32:51,742,423
6427002,207,0:32:54,0,-518.45,0
6427002,211,0:32:55,233,489
6427002,210,0:32:56,185,452
6427002,211,0:32:56,222,482
6427002,213,0:32:56,0,c_crewKid1_F_G7a1N,true
6427002,210,0:33:0,376,446
6427002,211,0:33:4,240,141
6427002,213,0:33:4,0,s_flag_gen,true
6427002,212,0:33:9,1
6427002,210,0:33:9,526,327
6427002,211,0:33:10,253,160
6427002,213,0:33:10,0,s_flag_gen,true
6427002,210,0:33:12,694,559
6427002,211,0:33:17,778,326
6427002,213,0:33:17,0,s_paperPlayers_G7a1N,true
6427002,205,0:33:17,0,s_paperPlayers_G7a1N,false,false
6427002,221,0:33:25,0
6427002,220,0:33:29,0
6427002,219,0:33:29,0
6427002,216,0:33:30,Stack_G7a1P
6427002,217,0:33:39,Stack_G7a1P,7.7,0.00
6427002,218,0:33:41,0
6427002,210,0:33:44,965,451
6427002,211,0:33:45,1006,491
6427002,221,0:33:45,0
6427002,220,0:33:47,0
6427002,212,0:33:48,0
6427002,210,0:33:48,1033,490
6427002,211,0:33:50,962,476
6427002,213,0:33:50,0,c_bestFriend_F_a_G7a1P,true
6427002,1003,0:33:54,0
6427002,1004,0:33:55,0
6427002,400,0:34:8,0,[]
6427002,401,0:34:15,0,[StatementsData_logId:0]
6427002,402,0:34:19,0,[StatementsData_logId:0,false]
6427002,405,0:34:21,0,[StatementsData_logId:0]
6427002,406,0:34:25,0,[StatementsData_logId:0,-2]
6427002,411,0:34:27,0,[StatementsData_logId:0]
6427002,401,0:34:33,0,[StatementsData_logId:1]
6427002,402,0:34:39,0,[StatementsData_logId:1,true]
6427002,405,0:34:40,0,[StatementsData_logId:1]
6427002,406,0:34:41,0,[StatementsData_logId:1,2]
6427002,411,0:34:44,0,[StatementsData_logId:1]
6427002,401,0:34:50,0,[StatementsData_logId:2]
6427002,402,0:34:55,0,[StatementsData_logId:2,false]
6427002,405,0:34:56,0,[StatementsData_logId:2]
6427002,406,0:34:58,0,[StatementsData_logId:2,-2]
6427002,411,0:35:0,0,[StatementsData_logId:2]
6427002,401,0:35:4,0,[StatementsData_logId:3]
6427002,403,0:35:8,0,[StatementsData_logId:3,true]
6427002,405,0:35:9,0,[StatementsData_logId:3]
6427002,406,0:35:13,0,[StatementsData_logId:3,2]
6427002,407,0:35:13,0,[StatementsData_logId:3,FactCardData_id:4]
6427002,407,0:35:13,0,[StatementsData_logId:3,FactCardData_id:6]
6427002,407,0:35:13,0,[StatementsData_logId:3,FactCardData_id:0]
6427002,407,0:35:13,0,[StatementsData_logId:3,FactCardData_id:3]
6427002,407,0:35:13,0,[StatementsData_logId:3,FactCardData_id:5]
6427002,407,0:35:13,0,[StatementsData_logId:3,FactCardData_id:7]
6427002,407,0:35:30,0,[StatementsData_logId:3,FactCardData_id:0]
6427002,407,0:35:30,0,[StatementsData_logId:3,FactCardData_id:0]
6427002,408,0:35:36,0,[StatementsData_logId:3,FactCardData_id:0,true]
6427002,409,0:35:36,0,[StatementsData_logId:3]
6427002,410,0:35:37,0,[StatementsData_logId:3,2]
6427002,412,0:35:40,0,[StatementsData_logId:3]
6427002,413,0:35:43,0,[StatementsData_logId:3,DuelResponsesData_logId:6]
6427002,414,0:35:46,0,[StatementsData_logId:3,DuelResponsesData_logId:6]
6427002,415,0:35:59,0,[StatementsData_logId:3,DuelResponsesData_logId:6,DuelResponsesData_witty_player_response]
6427002,416,0:36:0,0,[StatementsData_logId:3,DuelResponsesData_logId:6]
6427002,417,0:36:1,0,[StatementsData_logId:3,DuelResponsesData_logId:6]
6427002,413,0:36:5,0,[StatementsData_logId:3,DuelResponsesData_logId:7]
6427002,414,0:36:7,0,[StatementsData_logId:3,DuelResponsesData_logId:7]
6427002,415,0:36:18,0,[StatementsData_logId:3,DuelResponsesData_logId:7,DuelResponsesData_ok_player_response]
6427002,416,0:36:18,0,[StatementsData_logId:3,DuelResponsesData_logId:7]
6427002,417,0:36:19,0,[StatementsData_logId:3,DuelResponsesData_logId:7]
6427002,413,0:36:21,0,[StatementsData_logId:3,DuelResponsesData_logId:8]
6427002,414,0:36:24,0,[StatementsData_logId:3,DuelResponsesData_logId:8]
6427002,415,0:36:37,0,[StatementsData_logId:3,DuelResponsesData_logId:8,DuelResponsesData_witty_player_response]
6427002,416,0:36:37,0,[StatementsData_logId:3,DuelResponsesData_logId:8]
6427002,417,0:36:38,0,[StatementsData_logId:3,DuelResponsesData_logId:8]
6427002,418,0:36:38,0,[StatementsData_logId:3,true]
6427002,419,0:36:42,0,[StatementsData_logId:3,4]
6427002,411,0:36:45,0,[StatementsData_logId:3]
6427002,401,0:36:46,0,[StatementsData_logId:4]
6427002,402,0:37:7,0,[StatementsData_logId:4,true]
6427002,405,0:37:8,0,[StatementsData_logId:4]
6427002,406,0:37:9,0,[StatementsData_logId:4,2]
6427002,411,0:37:11,0,[StatementsData_logId:4]
6427002,401,0:37:16,0,[StatementsData_logId:5]
6427002,404,0:37:18,0,[StatementsData_logId:5,true]
6427002,406,0:37:19,0,[StatementsData_logId:5,2]
6427002,412,0:37:21,0,[StatementsData_logId:5]
6427002,413,0:37:24,0,[StatementsData_logId:5,DuelResponsesData_logId:9]
6427002,414,0:37:25,0,[StatementsData_logId:5,DuelResponsesData_logId:9]
6427002,415,0:37:39,0,[StatementsData_logId:5,DuelResponsesData_logId:9,DuelResponsesData_lame_player_response]
6427002,416,0:37:39,0,[StatementsData_logId:5,DuelResponsesData_logId:9]
6427002,417,0:37:40,0,[StatementsData_logId:5,DuelResponsesData_logId:9]
6427002,413,0:37:44,0,[StatementsData_logId:5,DuelResponsesData_logId:10]
6427002,414,0:37:45,0,[StatementsData_logId:5,DuelResponsesData_logId:10]
6427002,415,0:37:51,0,[StatementsData_logId:5,DuelResponsesData_logId:10,DuelResponsesData_witty_player_response]
6427002,416,0:37:52,0,[StatementsData_logId:5,DuelResponsesData_logId:10]
6427002,417,0:37:52,0,[StatementsData_logId:5,DuelResponsesData_logId:10]
6427002,413,0:37:56,0,[StatementsData_logId:5,DuelResponsesData_logId:11]
6427002,414,0:37:57,0,[StatementsData_logId:5,DuelResponsesData_logId:11]
6427002,415,0:38:0,0,[StatementsData_logId:5,DuelResponsesData_logId:11,DuelResponsesData_ok_player_response]
6427002,416,0:38:1,0,[StatementsData_logId:5,DuelResponsesData_logId:11]
6427002,417,0:38:2,0,[StatementsData_logId:5,DuelResponsesData_logId:11]
6427002,418,0:38:2,0,[StatementsData_logId:5,false]
6427002,419,0:38:3,0,[StatementsData_logId:5,-4]
6427002,411,0:38:5,0,[StatementsData_logId:5]
6427002,420,0:38:5,0,[38]
6427002,1005,0:38:5,0,[0,0,1]
6427002,1000,0:38:7,0,[]
6427002,400,0:38:8,0,[]
6427002,401,0:38:8,0,[StatementsData_logId:0]
6427002,403,0:38:15,0,[StatementsData_logId:0,true]
6427002,405,0:38:15,0,[StatementsData_logId:0]
6427002,406,0:38:16,0,[StatementsData_logId:0,2]
6427002,407,0:38:16,0,[StatementsData_logId:0,FactCardData_id:4]
6427002,407,0:38:16,0,[StatementsData_logId:0,FactCardData_id:7]
6427002,407,0:38:16,0,[StatementsData_logId:0,FactCardData_id:5]
6427002,407,0:38:16,0,[StatementsData_logId:0,FactCardData_id:3]
6427002,407,0:38:16,0,[StatementsData_logId:0,FactCardData_id:6]
6427002,407,0:38:16,0,[StatementsData_logId:0,FactCardData_id:0]
6427002,407,0:38:19,0,[StatementsData_logId:0,FactCardData_id:4]
6427002,407,0:38:19,0,[StatementsData_logId:0,FactCardData_id:4]
6427002,407,0:38:27,0,[StatementsData_logId:0,FactCardData_id:7]
6427002,407,0:38:27,0,[StatementsData_logId:0,FactCardData_id:4]
6427002,407,0:38:27,0,[StatementsData_logId:0,FactCardData_id:7]
6427002,407,0:38:29,0,[StatementsData_logId:0,FactCardData_id:3]
6427002,407,0:38:29,0,[StatementsData_logId:0,FactCardData_id:7]
6427002,407,0:38:29,0,[StatementsData_logId:0,FactCardData_id:3]
6427002,407,0:38:30,0,[StatementsData_logId:0,FactCardData_id:0]
6427002,407,0:38:30,0,[StatementsData_logId:0,FactCardData_id:3]
6427002,407,0:38:30,0,[StatementsData_logId:0,FactCardData_id:0]
6427002,407,0:38:44,0,[StatementsData_logId:0,FactCardData_id:6]
6427002,407,0:38:44,0,[StatementsData_logId:0,FactCardData_id:0]
6427002,407,0:38:44,0,[StatementsData_logId:0,FactCardData_id:6]
6427002,408,0:38:48,0,[StatementsData_logId:0,FactCardData_id:6,true]
6427002,409,0:38:48,0,[StatementsData_logId:0]
6427002,410,0:38:49,0,[StatementsData_logId:0,2]
6427002,412,0:38:51,0,[StatementsData_logId:0]
6427002,413,0:38:54,0,[StatementsData_logId:0,DuelResponsesData_logId:0]
6427002,414,0:38:55,0,[StatementsData_logId:0,DuelResponsesData_logId:0]
6427002,415,0:39:12,0,[StatementsData_logId:0,DuelResponsesData_logId:0,DuelResponsesData_witty_player_response]
6427002,416,0:39:13,0,[StatementsData_logId:0,DuelResponsesData_logId:0]
6427002,417,0:39:14,0,[StatementsData_logId:0,DuelResponsesData_logId:0]
6427002,413,0:39:18,0,[StatementsData_logId:0,DuelResponsesData_logId:1]
6427002,414,0:39:18,0,[StatementsData_logId:0,DuelResponsesData_logId:1]
6427002,415,0:39:23,0,[StatementsData_logId:0,DuelResponsesData_logId:1,DuelResponsesData_witty_player_response]
6427002,416,0:39:23,0,[StatementsData_logId:0,DuelResponsesData_logId:1]
6427002,417,0:39:24,0,[StatementsData_logId:0,DuelResponsesData_logId:1]
6427002,413,0:39:25,0,[StatementsData_logId:0,DuelResponsesData_logId:2]
6427002,414,0:39:26,0,[StatementsData_logId:0,DuelResponsesData_logId:2]
6427002,415,0:39:38,0,[StatementsData_logId:0,DuelResponsesData_logId:2,DuelResponsesData_witty_player_response]
6427002,416,0:39:39,0,[StatementsData_logId:0,DuelResponsesData_logId:2]
6427002,417,0:39:39,0,[StatementsData_logId:0,DuelResponsesData_logId:2]
6427002,418,0:39:39,0,[StatementsData_logId:0,true]
6427002,419,0:39:41,0,[StatementsData_logId:0,4]
6427002,411,0:39:42,0,[StatementsData_logId:0]
6427002,401,0:39:43,0,[StatementsData_logId:1]
6427002,402,0:39:47,0,[StatementsData_logId:1,true]
6427002,405,0:39:48,0,[StatementsData_logId:1]
6427002,406,0:39:49,0,[StatementsData_logId:1,2]
6427002,411,0:39:51,0,[StatementsData_logId:1]
6427002,401,0:39:53,0,[StatementsData_logId:2]
6427002,404,0:39:55,0,[StatementsData_logId:2,true]
6427002,406,0:39:55,0,[StatementsData_logId:2,2]
6427002,412,0:39:57,0,[StatementsData_logId:2]
6427002,413,0:39:59,0,[StatementsData_logId:2,DuelResponsesData_logId:3]
6427002,414,0:39:59,0,[StatementsData_logId:2,DuelResponsesData_logId:3]
6427002,415,0:40:13,0,[StatementsData_logId:2,DuelResponsesData_logId:3,DuelResponsesData_ok_player_response]
6427002,416,0:40:13,0,[StatementsData_logId:2,DuelResponsesData_logId:3]
6427002,417,0:40:14,0,[StatementsData_logId:2,DuelResponsesData_logId:3]
6427002,413,0:40:15,0,[StatementsData_logId:2,DuelResponsesData_logId:4]
6427002,414,0:40:16,0,[StatementsData_logId:2,DuelResponsesData_logId:4]
6427002,415,0:40:30,0,[StatementsData_logId:2,DuelResponsesData_logId:4,DuelResponsesData_witty_player_response]
6427002,416,0:40:30,0,[StatementsData_logId:2,DuelResponsesData_logId:4]
6427002,417,0:40:31,0,[StatementsData_logId:2,DuelResponsesData_logId:4]
6427002,413,0:40:33,0,[StatementsData_logId:2,DuelResponsesData_logId:5]
6427002,414,0:40:34,0,[StatementsData_logId:2,DuelResponsesData_logId:5]
6427002,415,0:40:41,0,[StatementsData_logId:2,DuelResponsesData_logId:5,DuelResponsesData_witty_player_response]
6427002,416,0:40:42,0,[StatementsData_logId:2,DuelResponsesData_logId:5]
6427002,417,0:40:43,0,[StatementsData_logId:2,DuelResponsesData_logId:5]
6427002,418,0:40:43,0,[StatementsData_logId:2,true]
6427002,419,0:40:45,0,[StatementsData_logId:2,4]
6427002,411,0:40:46,0,[StatementsData_logId:2]
6427002,401,0:40:48,0,[StatementsData_logId:3]
6427002,403,0:40:50,0,[StatementsData_logId:3,true]
6427002,405,0:40:51,0,[StatementsData_logId:3]
6427002,406,0:40:52,0,[StatementsData_logId:3,2]
6427002,407,0:40:52,0,[StatementsData_logId:3,FactCardData_id:7]
6427002,407,0:40:52,0,[StatementsData_logId:3,FactCardData_id:4]
6427002,407,0:40:52,0,[StatementsData_logId:3,FactCardData_id:3]
6427002,407,0:40:52,0,[StatementsData_logId:3,FactCardData_id:6]
6427002,407,0:40:52,0,[StatementsData_logId:3,FactCardData_id:0]
6427002,407,0:40:52,0,[StatementsData_logId:3,FactCardData_id:5]
6427002,407,0:40:53,0,[StatementsData_logId:3,FactCardData_id:7]
6427002,407,0:40:53,0,[StatementsData_logId:3,FactCardData_id:7]
6427002,408,0:40:55,0,[StatementsData_logId:3,FactCardData_id:7,false]
6427002,406,0:40:58,0,[StatementsData_logId:3,-2]
6427002,411,0:40:59,0,[StatementsData_logId:3]
6427002,401,0:41:3,0,[StatementsData_logId:4]
6427002,402,0:41:4,0,[StatementsData_logId:4,true]
6427002,405,0:41:5,0,[StatementsData_logId:4]
6427002,406,0:41:6,0,[StatementsData_logId:4,2]
6427002,411,0:41:8,0,[StatementsData_logId:4]
6427002,401,0:41:10,0,[StatementsData_logId:5]
6427002,404,0:41:12,0,[StatementsData_logId:5,true]
6427002,406,0:41:13,0,[StatementsData_logId:5,2]
6427002,412,0:41:15,0,[StatementsData_logId:5]
6427002,413,0:41:17,0,[StatementsData_logId:5,DuelResponsesData_logId:9]
6427002,414,0:41:18,0,[StatementsData_logId:5,DuelResponsesData_logId:9]
6427002,415,0:41:22,0,[StatementsData_logId:5,DuelResponsesData_logId:9,DuelResponsesData_witty_player_response]
6427002,416,0:41:23,0,[StatementsData_logId:5,DuelResponsesData_logId:9]
6427002,417,0:41:24,0,[StatementsData_logId:5,DuelResponsesData_logId:9]
6427002,413,0:41:26,0,[StatementsData_logId:5,DuelResponsesData_logId:10]
6427002,414,0:41:27,0,[StatementsData_logId:5,DuelResponsesData_logId:10]
6427002,415,0:41:38,0,[StatementsData_logId:5,DuelResponsesData_logId:10,DuelResponsesData_witty_player_response]
6427002,416,0:41:38,0,[StatementsData_logId:5,DuelResponsesData_logId:10]
6427002,417,0:41:39,0,[StatementsData_logId:5,DuelResponsesData_logId:10]
6427002,413,0:41:41,0,[StatementsData_logId:5,DuelResponsesData_logId:11]
6427002,414,0:41:42,0,[StatementsData_logId:5,DuelResponsesData_logId:11]
6427002,415,0:41:48,0,[StatementsData_logId:5,DuelResponsesData_logId:11,DuelResponsesData_witty_player_response]
6427002,416,0:41:49,0,[StatementsData_logId:5,DuelResponsesData_logId:11]
6427002,417,0:41:49,0,[StatementsData_logId:5,DuelResponsesData_logId:11]
6427002,418,0:41:49,0,[StatementsData_logId:5,true]
6427002,419,0:41:52,0,[StatementsData_logId:5,4]
6427002,411,0:41:53,0,[StatementsData_logId:5]
6427002,420,0:41:53,0,[56]
6427002,1005,0:41:53,0,[0,1,2]
6427002,1000,0:41:58,0,[]
6427002,400,0:41:59,0,[]
6427002,401,0:41:59,0,[StatementsData_logId:0]
6427002,403,0:42:9,0,[StatementsData_logId:0,true]
6427002,405,0:42:10,0,[StatementsData_logId:0]
6427002,406,0:42:10,0,[StatementsData_logId:0,2]
6427002,407,0:42:10,0,[StatementsData_logId:0,FactCardData_id:3]
6427002,407,0:42:10,0,[StatementsData_logId:0,FactCardData_id:7]
6427002,407,0:42:10,0,[StatementsData_logId:0,FactCardData_id:4]
6427002,407,0:42:10,0,[StatementsData_logId:0,FactCardData_id:5]
6427002,407,0:42:10,0,[StatementsData_logId:0,FactCardData_id:6]
6427002,407,0:42:10,0,[StatementsData_logId:0,FactCardData_id:0]
6427002,407,0:42:12,0,[StatementsData_logId:0,FactCardData_id:3]
6427002,407,0:42:12,0,[StatementsData_logId:0,FactCardData_id:3]
6427002,407,0:42:14,0,[StatementsData_logId:0,FactCardData_id:4]
6427002,407,0:42:14,0,[StatementsData_logId:0,FactCardData_id:3]
6427002,407,0:42:14,0,[StatementsData_logId:0,FactCardData_id:4]
6427002,407,0:42:18,0,[StatementsData_logId:0,FactCardData_id:7]
6427002,407,0:42:18,0,[StatementsData_logId:0,FactCardData_id:4]
6427002,407,0:42:18,0,[StatementsData_logId:0,FactCardData_id:7]
6427002,407,0:42:22,0,[StatementsData_logId:0,FactCardData_id:5]
6427002,407,0:42:22,0,[StatementsData_logId:0,FactCardData_id:7]
6427002,407,0:42:22,0,[StatementsData_logId:0,FactCardData_id:5]
6427002,407,0:42:23,0,[StatementsData_logId:0,FactCardData_id:0]
6427002,407,0:42:23,0,[StatementsData_logId:0,FactCardData_id:5]
6427002,407,0:42:23,0,[StatementsData_logId:0,FactCardData_id:0]
6427002,407,0:42:26,0,[StatementsData_logId:0,FactCardData_id:6]
6427002,407,0:42:26,0,[StatementsData_logId:0,FactCardData_id:0]
6427002,407,0:42:26,0,[StatementsData_logId:0,FactCardData_id:6]
6427002,408,0:42:28,0,[StatementsData_logId:0,FactCardData_id:6,true]
6427002,409,0:42:28,0,[StatementsData_logId:0]
6427002,410,0:42:28,0,[StatementsData_logId:0,2]
6427002,412,0:42:29,0,[StatementsData_logId:0]
6427002,413,0:42:30,0,[StatementsData_logId:0,DuelResponsesData_logId:0]
6427002,414,0:42:31,0,[StatementsData_logId:0,DuelResponsesData_logId:0]
6427002,415,0:42:37,0,[StatementsData_logId:0,DuelResponsesData_logId:0,DuelResponsesData_witty_player_response]
6427002,416,0:42:38,0,[StatementsData_logId:0,DuelResponsesData_logId:0]
6427002,417,0:42:39,0,[StatementsData_logId:0,DuelResponsesData_logId:0]
6427002,413,0:42:40,0,[StatementsData_logId:0,DuelResponsesData_logId:1]
6427002,414,0:42:41,0,[StatementsData_logId:0,DuelResponsesData_logId:1]
6427002,415,0:42:45,0,[StatementsData_logId:0,DuelResponsesData_logId:1,DuelResponsesData_ok_player_response]
6427002,416,0:42:45,0,[StatementsData_logId:0,DuelResponsesData_logId:1]
6427002,417,0:42:46,0,[StatementsData_logId:0,DuelResponsesData_logId:1]
6427002,413,0:42:47,0,[StatementsData_logId:0,DuelResponsesData_logId:2]
6427002,414,0:42:48,0,[StatementsData_logId:0,DuelResponsesData_logId:2]
6427002,415,0:42:54,0,[StatementsData_logId:0,DuelResponsesData_logId:2,DuelResponsesData_witty_player_response]
6427002,416,0:42:55,0,[StatementsData_logId:0,DuelResponsesData_logId:2]
6427002,417,0:42:56,0,[StatementsData_logId:0,DuelResponsesData_logId:2]
6427002,418,0:42:56,0,[StatementsData_logId:0,true]
6427002,419,0:42:56,0,[StatementsData_logId:0,4]
6427002,411,0:42:58,0,[StatementsData_logId:0]
6427002,401,0:42:58,0,[StatementsData_logId:1]
6427002,402,0:43:1,0,[StatementsData_logId:1,true]
6427002,405,0:43:2,0,[StatementsData_logId:1]
6427002,406,0:43:3,0,[StatementsData_logId:1,2]
6427002,411,0:43:5,0,[StatementsData_logId:1]
6427002,401,0:43:6,0,[StatementsData_logId:2]
6427002,404,0:43:8,0,[StatementsData_logId:2,true]
6427002,406,0:43:8,0,[StatementsData_logId:2,2]
6427002,412,0:43:10,0,[StatementsData_logId:2]
6427002,413,0:43:11,0,[StatementsData_logId:2,DuelResponsesData_logId:3]
6427002,414,0:43:12,0,[StatementsData_logId:2,DuelResponsesData_logId:3]
6427002,415,0:43:22,0,[StatementsData_logId:2,DuelResponsesData_logId:3,DuelResponsesData_ok_player_response]
6427002,416,0:43:22,0,[StatementsData_logId:2,DuelResponsesData_logId:3]
6427002,417,0:43:23,0,[StatementsData_logId:2,DuelResponsesData_logId:3]
6427002,413,0:43:24,0,[StatementsData_logId:2,DuelResponsesData_logId:4]
6427002,414,0:43:24,0,[StatementsData_logId:2,DuelResponsesData_logId:4]
6427002,415,0:43:29,0,[StatementsData_logId:2,DuelResponsesData_logId:4,DuelResponsesData_witty_player_response]
6427002,416,0:43:30,0,[StatementsData_logId:2,DuelResponsesData_logId:4]
6427002,417,0:43:30,0,[StatementsData_logId:2,DuelResponsesData_logId:4]
6427002,413,0:43:32,0,[StatementsData_logId:2,DuelResponsesData_logId:5]
6427002,414,0:43:35,0,[StatementsData_logId:2,DuelResponsesData_logId:5]
6427002,415,0:43:39,0,[StatementsData_logId:2,DuelResponsesData_logId:5,DuelResponsesData_witty_player_response]
6427002,416,0:43:40,0,[StatementsData_logId:2,DuelResponsesData_logId:5]
6427002,417,0:43:41,0,[StatementsData_logId:2,DuelResponsesData_logId:5]
6427002,418,0:43:41,0,[StatementsData_logId:2,true]
6427002,419,0:43:42,0,[StatementsData_logId:2,4]
6427002,411,0:43:43,0,[StatementsData_logId:2]
6427002,401,0:43:44,0,[StatementsData_logId:3]
6427002,403,0:43:48,0,[StatementsData_logId:3,true]
6427002,405,0:43:48,0,[StatementsData_logId:3]
6427002,406,0:43:50,0,[StatementsData_logId:3,2]
6427002,407,0:43:50,0,[StatementsData_logId:3,FactCardData_id:0]
6427002,407,0:43:50,0,[StatementsData_logId:3,FactCardData_id:4]
6427002,407,0:43:50,0,[StatementsData_logId:3,FactCardData_id:3]
6427002,407,0:43:50,0,[StatementsData_logId:3,FactCardData_id:5]
6427002,407,0:43:50,0,[StatementsData_logId:3,FactCardData_id:6]
6427002,407,0:43:50,0,[StatementsData_logId:3,FactCardData_id:7]
6427002,407,0:43:51,0,[StatementsData_logId:3,FactCardData_id:0]
6427002,407,0:43:51,0,[StatementsData_logId:3,FactCardData_id:0]
6427002,408,0:43:54,0,[StatementsData_logId:3,FactCardData_id:0,true]
6427002,409,0:43:54,0,[StatementsData_logId:3]
6427002,410,0:43:54,0,[StatementsData_logId:3,2]
6427002,412,0:43:55,0,[StatementsData_logId:3]
6427002,413,0:43:57,0,[StatementsData_logId:3,DuelResponsesData_logId:6]
6427002,414,0:43:59,0,[StatementsData_logId:3,DuelResponsesData_logId:6]
6427002,415,0:44:1,0,[StatementsData_logId:3,DuelResponsesData_logId:6,DuelResponsesData_witty_player_response]
6427002,416,0:44:1,0,[StatementsData_logId:3,DuelResponsesData_logId:6]
6427002,417,0:44:3,0,[StatementsData_logId:3,DuelResponsesData_logId:6]
6427002,413,0:44:6,0,[StatementsData_logId:3,DuelResponsesData_logId:7]
6427002,414,0:44:6,0,[StatementsData_logId:3,DuelResponsesData_logId:7]
6427002,415,0:44:20,0,[StatementsData_logId:3,DuelResponsesData_logId:7,DuelResponsesData_witty_player_response]
6427002,416,0:44:21,0,[StatementsData_logId:3,DuelResponsesData_logId:7]
6427002,417,0:44:22,0,[StatementsData_logId:3,DuelResponsesData_logId:7]
6427002,413,0:44:24,0,[StatementsData_logId:3,DuelResponsesData_logId:8]
6427002,414,0:44:26,0,[StatementsData_logId:3,DuelResponsesData_logId:8]
6427002,415,0:44:31,0,[StatementsData_logId:3,DuelResponsesData_logId:8,DuelResponsesData_ok_player_response]
6427002,416,0:44:32,0,[StatementsData_logId:3,DuelResponsesData_logId:8]
6427002,417,0:44:33,0,[StatementsData_logId:3,DuelResponsesData_logId:8]
6427002,418,0:44:33,0,[StatementsData_logId:3,true]
6427002,419,0:44:34,0,[StatementsData_logId:3,4]
6427002,411,0:44:36,0,[StatementsData_logId:3]
6427002,401,0:44:37,0,[StatementsData_logId:4]
6427002,402,0:44:38,0,[StatementsData_logId:4,true]
6427002,405,0:44:39,0,[StatementsData_logId:4]
6427002,406,0:44:42,0,[StatementsData_logId:4,2]
6427002,411,0:44:43,0,[StatementsData_logId:4]
6427002,401,0:44:45,0,[StatementsData_logId:5]
6427002,404,0:44:46,0,[StatementsData_logId:5,true]
6427002,406,0:44:48,0,[StatementsData_logId:5,2]
6427002,412,0:44:51,0,[StatementsData_logId:5]
6427002,413,0:44:52,0,[StatementsData_logId:5,DuelResponsesData_logId:9]
6427002,414,0:44:57,0,[StatementsData_logId:5,DuelResponsesData_logId:9]
6427002,415,0:45:3,0,[StatementsData_logId:5,DuelResponsesData_logId:9,DuelResponsesData_witty_player_response]
6427002,416,0:45:4,0,[StatementsData_logId:5,DuelResponsesData_logId:9]
6427002,417,0:45:5,0,[StatementsData_logId:5,DuelResponsesData_logId:9]
6427002,413,0:45:7,0,[StatementsData_logId:5,DuelResponsesData_logId:10]
6427002,414,0:45:8,0,[StatementsData_logId:5,DuelResponsesData_logId:10]
6427002,415,0:45:16,0,[StatementsData_logId:5,DuelResponsesData_logId:10,DuelResponsesData_witty_player_response]
6427002,416,0:45:17,0,[StatementsData_logId:5,DuelResponsesData_logId:10]
6427002,417,0:45:18,0,[StatementsData_logId:5,DuelResponsesData_logId:10]
6427002,413,0:45:19,0,[StatementsData_logId:5,DuelResponsesData_logId:11]
6427002,414,0:45:22,0,[StatementsData_logId:5,DuelResponsesData_logId:11]
6427002,415,0:45:35,0,[StatementsData_logId:5,DuelResponsesData_logId:11,DuelResponsesData_witty_player_response]
6427002,416,0:45:36,0,[StatementsData_logId:5,DuelResponsesData_logId:11]
6427002,417,0:45:37,0,[StatementsData_logId:5,DuelResponsesData_logId:11]
6427002,418,0:45:37,0,[StatementsData_logId:5,true]
6427002,419,0:45:38,0,[StatementsData_logId:5,4]
6427002,411,0:45:39,0,[StatementsData_logId:5]
6427002,420,0:45:40,0,[64]
6427002,1005,0:45:40,0,[0,2,3]
6427002,1001,0:45:41,0,[]
6427002,1003,0:45:41,0
6427002,210,0:45:49,942,412
6427002,211,0:45:49,968,466
6427002,213,0:45:49,0,c_bestFriend_F_a_G7a1P,true
6427002,205,0:45:49,0,c_bestFriend_F_a_G7a1P,false,false
6427002,210,0:45:53,845,431
6427002,207,0:45:56,0,-400,-250
6427002,211,0:45:56,147,470
6427002,207,0:45:56,0,-250,-130
6427002,210,0:45:57,104,484
6427002,207,0:45:57,0,-130,-40
6427002,211,0:46:1,650,379
6427002,213,0:46:1,0,s_paperPlayers_G7a1P,true
6427002,210,0:46:6,594,442
6427002,207,0:46:8,0,-40,-475
6427002,207,0:46:10,0,-475,-518
6427002,211,0:46:10,1350,333
6427002,212,0:46:11,1
6427002,210,0:46:11,984,421
6427002,211,0:46:12,730,427
6427002,213,0:46:12,0,c_teacherEng_G7a1P,true
6427002,205,0:46:12,0,c_teacherEng_G7a1P,false,false
6427002,212,0:46:16,0
6427002,210,0:46:17,854,418
6427002,211,0:46:17,736,403
6427002,212,0:46:18,2
6427002,210,0:46:18,803,392
6427002,211,0:46:21,974,452
6427002,212,0:46:21,1
6427002,210,0:46:22,990,425
6427002,211,0:46:25,1205,156
6427002,213,0:46:25,0,s_clock_G7a1P,true
6427002,212,0:46:28,0
6427002,210,0:46:29,1290,246
6427002,211,0:46:36,435,259
6427002,207,0:46:36,0,-518,-413
6427002,207,0:46:37,0,-413,-353
6427002,210,0:46:37,435,165
6427002,207,0:46:38,0,-353,0
6427002,211,0:46:39,265,134
6427002,212,0:46:40,1
6427002,210,0:46:40,350,217
6427002,211,0:46:41,258,128
6427002,212,0:46:41,2
6427002,210,0:46:42,340,209
6427002,211,0:46:42,260,123
6427002,213,0:46:42,0,s_flag_gen,true
6427002,205,0:46:42,0,s_flag_gen,false,false
6427002,212,0:46:48,1
6427002,210,0:46:48,283,228
6427002,211,0:46:51,234,403
6427002,213,0:46:51,0,s_papersDetention_gen,true
6427002,210,0:46:55,565,417
6427002,211,0:46:57,673,355
6427002,213,0:46:57,0,s_paperPlayers_G7a1P,true
6427002,212,0:46:59,0
6427002,210,0:47:0,642,358
6427002,211,0:47:3,934,407
6427002,213,0:47:3,0,c_bestFriend_F_a_G7a1P,true
6427002,205,0:47:3,0,c_bestFriend_F_a_G7a1P,false,true
6427002,210,0:47:7,389,400
6427002,211,0:47:7,310,422
6427002,221,0:47:8,0
6427002,220,0:47:10,0
6427002,212,0:47:11,1
6427002,210,0:47:11,601,424
6427002,207,0:47:15,0,0,-360
6427002,207,0:47:16,0,-360,-480
6427002,207,0:47:18,0,-480,-518
6427002,211,0:47:20,1512,325
6427002,213,0:47:20,0,s_paperEnglish_gen,true
6427002,205,0:47:20,0,s_paperEnglish_gen,false,false
6427002,221,0:47:25,0
6427002,220,0:47:26,0
6427002,203,0:47:26,0
6427002,100,0:47:33,1
6427002,102,0:47:39,1
6427002,200,0:47:39,1,3,3,3,0,6
6427002,219,0:47:39,1
6427002,216,0:47:41,Stack_G7b0
6427002,217,0:48:6,Stack_G7b0,20,1.0
6427002,218,0:48:13,1
6427002,212,0:48:16,2
6427002,210,0:48:16,1317,517
6427002,211,0:48:17,1353,485
6427002,213,0:48:17,1,c_cousin_F_a_G7b0,true
6427002,210,0:48:20,997,425
6427002,211,0:48:21,1004,442
6427002,213,0:48:21,1,c_crewKid1_F_G7b0,false
6427002,1003,0:48:24,2
6427002,1004,0:48:26,1
6427002,900,0:48:29,1,[]
6427002,901,0:48:31,1,[PeopleData_id:2]
6427002,904,0:48:31,1,[PeopleData_id:2]
6427002,902,0:48:31,1,[PeopleData_id:2,PeopleData_data0Type]
6427002,903,0:48:34,1,[PeopleData_id2,PeopleData_data0Type]
6427002,902,0:48:34,1,[PeopleData_id:2,PeopleData_data1Type]
6427002,903,0:48:36,1,[PeopleData_id2,PeopleData_data1Type]
6427002,902,0:48:36,1,[PeopleData_id:2,PeopleData_data2Type]
6427002,903,0:48:38,1,[PeopleData_id2,PeopleData_data2Type]
6427002,902,0:48:39,1,[PeopleData_id:2,PeopleData_data3Type]
6427002,903,0:48:41,1,[PeopleData_id2,PeopleData_data3Type]
6427002,901,0:48:42,1,[PeopleData_id:2]
6427002,904,0:48:42,1,[PeopleData_id:2]
6427002,905,0:48:43,1,[PeopleData_id:2,RankTypes_id:-1,RankTypes_id:0]
6427002,901,0:48:44,1,[PeopleData_id:5]
6427002,902,0:48:45,1,[PeopleData_id:5,PeopleData_data0Type]
6427002,903,0:48:46,1,[PeopleData_id5,PeopleData_data0Type]
6427002,902,0:48:46,1,[PeopleData_id:5,PeopleData_data1Type]
6427002,903,0:48:47,1,[PeopleData_id5,PeopleData_data1Type]
6427002,902,0:48:48,1,[PeopleData_id:5,PeopleData_data2Type]
6427002,903,0:48:49,1,[PeopleData_id5,PeopleData_data2Type]
6427002,901,0:48:49,1,[PeopleData_id:5]
6427002,904,0:48:49,1,[PeopleData_id:5]
6427002,905,0:48:50,1,[PeopleData_id:5,RankTypes_id:-1,RankTypes_id:4]
6427002,901,0:48:51,1,[PeopleData_id:1]
6427002,902,0:48:52,1,[PeopleData_id:1,PeopleData_data0Type]
6427002,903,0:48:54,1,[PeopleData_id1,PeopleData_data0Type]
6427002,902,0:48:55,1,[PeopleData_id:1,PeopleData_data1Type]
6427002,903,0:48:56,1,[PeopleData_id1,PeopleData_data1Type]
6427002,902,0:48:56,1,[PeopleData_id:1,PeopleData_data2Type]
6427002,903,0:48:57,1,[PeopleData_id1,PeopleData_data2Type]
6427002,902,0:48:58,1,[PeopleData_id:1,PeopleData_data3Type]
6427002,903,0:48:59,1,[PeopleData_id1,PeopleData_data3Type]
6427002,901,0:49:1,1,[PeopleData_id:1]
6427002,904,0:49:1,1,[PeopleData_id:1]
6427002,905,0:49:1,1,[PeopleData_id:1,RankTypes_id:-1,RankTypes_id:2]
6427002,901,0:49:2,1,[PeopleData_id:6]
6427002,902,0:49:3,1,[PeopleData_id:6,PeopleData_data0Type]
6427002,903,0:49:4,1,[PeopleData_id6,PeopleData_data0Type]
6427002,902,0:49:4,1,[PeopleData_id:6,PeopleData_data1Type]
6427002,903,0:49:6,1,[PeopleData_id6,PeopleData_data1Type]
6427002,902,0:49:6,1,[PeopleData_id:6,PeopleData_data2Type]
6427002,903,0:49:8,1,[PeopleData_id6,PeopleData_data2Type]
6427002,902,0:49:8,1,[PeopleData_id:6,PeopleData_data3Type]
6427002,903,0:49:9,1,[PeopleData_id6,PeopleData_data3Type]
6427002,901,0:49:11,1,[PeopleData_id:6]
6427002,904,0:49:11,1,[PeopleData_id:6]
6427002,905,0:49:12,1,[PeopleData_id:6,RankTypes_id:-1,RankTypes_id:1]
6427002,901,0:49:13,1,[PeopleData_id:4]
6427002,902,0:49:14,1,[PeopleData_id:4,PeopleData_data0Type]
6427002,903,0:49:16,1,[PeopleData_id4,PeopleData_data0Type]
6427002,902,0:49:17,1,[PeopleData_id:4,PeopleData_data1Type]
6427002,902,0:49:19,1,[PeopleData_id:4,PeopleData_data2Type]
6427002,902,0:49:21,1,[PeopleData_id:4,PeopleData_data3Type]
6427002,902,0:49:24,1,[PeopleData_id:4,PeopleData_data2Type]
6427002,903,0:49:25,1,[PeopleData_id4,PeopleData_data2Type]
6427002,901,0:49:27,1,[PeopleData_id:4]
6427002,904,0:49:27,1,[PeopleData_id:4]
6427002,905,0:49:27,1,[PeopleData_id:4,RankTypes_id:-1,RankTypes_id:4]
6427002,901,0:49:28,1,[PeopleData_id:3]
6427002,902,0:49:29,1,[PeopleData_id:3,PeopleData_data1Type]
6427002,902,0:49:31,1,[PeopleData_id:3,PeopleData_data2Type]
6427002,902,0:49:33,1,[PeopleData_id:3,PeopleData_data3Type]
6427002,903,0:49:36,1,[PeopleData_id3,PeopleData_data3Type]
6427002,901,0:49:37,1,[PeopleData_id:3]
6427002,904,0:49:37,1,[PeopleData_id:3]
6427002,905,0:49:39,1,[PeopleData_id:3,RankTypes_id:-1,RankTypes_id:0]
6427002,901,0:49:39,1,[PeopleData_id:0]
6427002,902,0:49:40,1,[PeopleData_id:0,PeopleData_data1Type]
6427002,902,0:49:41,1,[PeopleData_id:0,PeopleData_data2Type]
6427002,902,0:49:43,1,[PeopleData_id:0,PeopleData_data0Type]
6427002,903,0:49:44,1,[PeopleData_id0,PeopleData_data0Type]
6427002,901,0:49:45,1,[PeopleData_id:0]
6427002,904,0:49:45,1,[PeopleData_id:0]
6427002,905,0:49:45,1,[PeopleData_id:0,RankTypes_id:-1,RankTypes_id:0]
6427002,906,0:49:45,1,[]
6427002,907,0:49:46,1,[]
6427002,908,0:49:46,1,[InvitationData_id:3,PeopleData_id:4,RankTypes_id:4]
6427002,909,0:49:51,1,[InvitationData_id:3,PeopleData_id:4,RankTypes_id:4,1]
6427002,910,0:49:52,1,[InvitationData_id:3,9,false]
6427002,908,0:49:52,1,[InvitationData_id:2,PeopleData_id:4,RankTypes_id:4]
6427002,909,0:49:56,1,[InvitationData_id:2,PeopleData_id:4,RankTypes_id:4,0]
6427002,910,0:49:58,1,[InvitationData_id:2,-11,false]
6427002,908,0:49:58,1,[InvitationData_id:10,PeopleData_id:4,RankTypes_id:4]
6427002,909,0:50:3,1,[InvitationData_id:10,PeopleData_id:4,RankTypes_id:4,0]
6427002,910,0:50:4,1,[InvitationData_id:10,-11,false]
6427002,908,0:50:4,1,[InvitationData_id:0,PeopleData_id:4,RankTypes_id:4]
6427002,909,0:50:10,1,[InvitationData_id:0,PeopleData_id:4,RankTypes_id:4,0]
6427002,910,0:50:11,1,[InvitationData_id:0,-11,false]
6427002,908,0:50:11,1,[InvitationData_id:6,PeopleData_id:4,RankTypes_id:4]
6427002,909,0:50:13,1,[InvitationData_id:6,PeopleData_id:4,RankTypes_id:4,1]
6427002,910,0:50:14,1,[InvitationData_id:6,9,false]
6427002,908,0:50:14,1,[InvitationData_id:1,PeopleData_id:4,RankTypes_id:4]
6427002,909,0:50:17,1,[InvitationData_id:1,PeopleData_id:4,RankTypes_id:4,1]
6427002,910,0:50:18,1,[InvitationData_id:1,9,false]
6427002,908,0:50:18,1,[InvitationData_id:9,PeopleData_id:4,RankTypes_id:4]
6427002,909,0:50:20,1,[InvitationData_id:9,PeopleData_id:4,RankTypes_id:4,1]
6427002,910,0:50:21,1,[InvitationData_id:9,0,true]
6427002,908,0:50:21,1,[InvitationData_id:8,PeopleData_id:5,RankTypes_id:4]
6427002,909,0:50:24,1,[InvitationData_id:8,PeopleData_id:5,RankTypes_id:4,1]
6427002,910,0:50:26,1,[InvitationData_id:8,9,false]
6427002,908,0:50:26,1,[InvitationData_id:5,PeopleData_id:6,RankTypes_id:1]
6427002,909,0:50:31,1,[InvitationData_id:5,PeopleData_id:6,RankTypes_id:1,0]
6427002,910,0:50:32,1,[InvitationData_id:5,0,false]
6427002,911,0:50:33,1,[3,1,3,1]
6427002,1005,0:50:33,1,[2,0,1]
6427002,1000,0:50:35,1,[]
6427002,900,0:50:35,1,[]
6427002,901,0:50:37,1,[PeopleData_id:1]
6427002,902,0:50:38,1,[PeopleData_id:1,PeopleData_data0Type]
6427002,902,0:50:39,1,[PeopleData_id:1,PeopleData_data1Type]
6427002,902,0:50:40,1,[PeopleData_id:1,PeopleData_data2Type]
6427002,902,0:50:41,1,[PeopleData_id:1,PeopleData_data3Type]
6427002,903,0:50:42,1,[PeopleData_id1,PeopleData_data3Type]
6427002,901,0:50:43,1,[PeopleData_id:1]
6427002,904,0:50:43,1,[PeopleData_id:1]
6427002,905,0:50:45,1,[PeopleData_id:1,RankTypes_id:-1,RankTypes_id:3]
6427002,901,0:50:45,1,[PeopleData_id:4]
6427002,902,0:50:46,1,[PeopleData_id:4,PeopleData_data0Type]
6427002,902,0:50:48,1,[PeopleData_id:4,PeopleData_data1Type]
6427002,902,0:50:49,1,[PeopleData_id:4,PeopleData_data2Type]
6427002,902,0:50:50,1,[PeopleData_id:4,PeopleData_data3Type]
6427002,903,0:50:51,1,[PeopleData_id4,PeopleData_data3Type]
6427002,901,0:50:52,1,[PeopleData_id:4]
6427002,904,0:50:52,1,[PeopleData_id:4]
6427002,905,0:50:52,1,[PeopleData_id:4,RankTypes_id:-1,RankTypes_id:3]
6427002,901,0:50:52,1,[PeopleData_id:5]
6427002,902,0:50:53,1,[PeopleData_id:5,PeopleData_data0Type]
6427002,902,0:50:54,1,[PeopleData_id:5,PeopleData_data1Type]
6427002,902,0:50:55,1,[PeopleData_id:5,PeopleData_data2Type]
6427002,903,0:50:56,1,[PeopleData_id5,PeopleData_data2Type]
6427002,901,0:50:57,1,[PeopleData_id:5]
6427002,904,0:50:57,1,[PeopleData_id:5]
6427002,905,0:50:57,1,[PeopleData_id:5,RankTypes_id:-1,RankTypes_id:3]
6427002,901,0:50:58,1,[PeopleData_id:2]
6427002,902,0:50:59,1,[PeopleData_id:2,PeopleData_data0Type]
6427002,902,0:51:0,1,[PeopleData_id:2,PeopleData_data1Type]
6427002,902,0:51:1,1,[PeopleData_id:2,PeopleData_data2Type]
6427002,902,0:51:1,1,[PeopleData_id:2,PeopleData_data3Type]
6427002,903,0:51:3,1,[PeopleData_id2,PeopleData_data3Type]
6427002,901,0:51:3,1,[PeopleData_id:2]
6427002,904,0:51:3,1,[PeopleData_id:2]
6427002,905,0:51:4,1,[PeopleData_id:2,RankTypes_id:-1,RankTypes_id:0]
6427002,901,0:51:4,1,[PeopleData_id:3]
6427002,902,0:51:5,1,[PeopleData_id:3,PeopleData_data0Type]
6427002,902,0:51:12,1,[PeopleData_id:3,PeopleData_data1Type]
6427002,902,0:51:14,1,[PeopleData_id:3,PeopleData_data2Type]
6427002,902,0:51:15,1,[PeopleData_id:3,PeopleData_data3Type]
6427002,903,0:51:16,1,[PeopleData_id3,PeopleData_data3Type]
6427002,901,0:51:18,1,[PeopleData_id:3]
6427002,904,0:51:18,1,[PeopleData_id:3]
6427002,905,0:51:19,1,[PeopleData_id:3,RankTypes_id:-1,RankTypes_id:0]
6427002,901,0:51:19,1,[PeopleData_id:6]
6427002,902,0:51:20,1,[PeopleData_id:6,PeopleData_data0Type]
6427002,902,0:51:20,1,[PeopleData_id:6,PeopleData_data0Type]
6427002,902,0:51:22,1,[PeopleData_id:6,PeopleData_data1Type]
6427002,902,0:51:23,1,[PeopleData_id:6,PeopleData_data2Type]
6427002,902,0:51:23,1,[PeopleData_id:6,PeopleData_data3Type]
6427002,903,0:51:25,1,[PeopleData_id6,PeopleData_data3Type]
6427002,901,0:51:27,1,[PeopleData_id:6]
6427002,904,0:51:27,1,[PeopleData_id:6]
6427002,905,0:51:28,1,[PeopleData_id:6,RankTypes_id:-1,RankTypes_id:1]
6427002,901,0:51:28,1,[PeopleData_id:0]
6427002,902,0:51:29,1,[PeopleData_id:0,PeopleData_data0Type]
6427002,902,0:51:31,1,[PeopleData_id:0,PeopleData_data1Type]
6427002,902,0:51:32,1,[PeopleData_id:0,PeopleData_data2Type]
6427002,903,0:51:35,1,[PeopleData_id0,PeopleData_data2Type]
6427002,901,0:51:36,1,[PeopleData_id:0]
6427002,904,0:51:36,1,[PeopleData_id:0]
6427002,905,0:51:37,1,[PeopleData_id:0,RankTypes_id:-1,RankTypes_id:1]
6427002,906,0:51:37,1,[]
6427002,907,0:51:38,1,[]
6427002,908,0:51:38,1,[InvitationData_id:10,PeopleData_id:4,RankTypes_id:3]
6427002,909,0:51:45,1,[InvitationData_id:10,PeopleData_id:4,RankTypes_id:3,1]
6427002,910,0:51:46,1,[InvitationData_id:10,7,false]
6427002,908,0:51:46,1,[InvitationData_id:1,PeopleData_id:4,RankTypes_id:3]
6427002,909,0:51:50,1,[InvitationData_id:1,PeopleData_id:4,RankTypes_id:3,1]
6427002,910,0:51:51,1,[InvitationData_id:1,7,false]
6427002,908,0:51:51,1,[InvitationData_id:3,PeopleData_id:4,RankTypes_id:3]
6427002,909,0:51:54,1,[InvitationData_id:3,PeopleData_id:4,RankTypes_id:3,1]
6427002,910,0:51:55,1,[InvitationData_id:3,7,false]
6427002,908,0:51:55,1,[InvitationData_id:0,PeopleData_id:4,RankTypes_id:3]
6427002,909,0:52:4,1,[InvitationData_id:0,PeopleData_id:4,RankTypes_id:3,1]
6427002,910,0:52:5,1,[InvitationData_id:0,7,false]
6427002,908,0:52:5,1,[InvitationData_id:2,PeopleData_id:4,RankTypes_id:3]
6427002,909,0:52:9,1,[InvitationData_id:2,PeopleData_id:4,RankTypes_id:3,0]
6427002,910,0:52:10,1,[InvitationData_id:2,-7,false]
6427002,908,0:52:10,1,[InvitationData_id:5,PeopleData_id:6,RankTypes_id:1]
6427002,909,0:52:16,1,[InvitationData_id:5,PeopleData_id:6,RankTypes_id:1,0]
6427002,910,0:52:17,1,[InvitationData_id:5,0,false]
6427002,908,0:52:17,1,[InvitationData_id:6,PeopleData_id:4,RankTypes_id:3]
6427002,909,0:52:37,1,[InvitationData_id:6,PeopleData_id:4,RankTypes_id:3,1]
6427002,910,0:52:39,1,[InvitationData_id:6,7,false]
6427002,908,0:52:39,1,[InvitationData_id:8,PeopleData_id:1,RankTypes_id:3]
6427002,909,0:52:46,1,[InvitationData_id:8,PeopleData_id:1,RankTypes_id:3,0]
6427002,910,0:52:47,1,[InvitationData_id:8,-7,false]
6427002,908,0:52:47,1,[InvitationData_id:4,PeopleData_id:0,RankTypes_id:1]
6427002,909,0:52:53,1,[InvitationData_id:4,PeopleData_id:0,RankTypes_id:1,0]
6427002,910,0:52:54,1,[InvitationData_id:4,0,false]
6427002,908,0:52:54,1,[InvitationData_id:9,PeopleData_id:4,RankTypes_id:3]
6427002,909,0:53:0,1,[InvitationData_id:9,PeopleData_id:4,RankTypes_id:3,0]
6427002,910,0:53:1,1,[InvitationData_id:9,-7,false]
6427002,911,0:53:8,1,[14,0,2,0]
6427002,1000,0:53:10,1,[]
6427002,900,0:53:11,1,[]
6427002,901,0:53:12,1,[PeopleData_id:0]
6427002,902,0:53:13,1,[PeopleData_id:0,PeopleData_data1Type]
6427002,902,0:53:14,1,[PeopleData_id:0,PeopleData_data2Type]
6427002,902,0:53:15,1,[PeopleData_id:0,PeopleData_data0Type]
6427002,903,0:53:20,1,[PeopleData_id0,PeopleData_data0Type]
6427002,901,0:53:20,1,[PeopleData_id:0]
6427002,904,0:53:20,1,[PeopleData_id:0]
6427002,905,0:53:21,1,[PeopleData_id:0,RankTypes_id:-1,RankTypes_id:0]
6427002,901,0:53:22,1,[PeopleData_id:4]
6427002,902,0:53:22,1,[PeopleData_id:4,PeopleData_data0Type]
6427002,902,0:53:25,1,[PeopleData_id:4,PeopleData_data1Type]
6427002,902,0:53:26,1,[PeopleData_id:4,PeopleData_data2Type]
6427002,902,0:53:26,1,[PeopleData_id:4,PeopleData_data3Type]
6427002,903,0:53:27,1,[PeopleData_id4,PeopleData_data3Type]
6427002,901,0:53:28,1,[PeopleData_id:4]
6427002,904,0:53:28,1,[PeopleData_id:4]
6427002,905,0:53:29,1,[PeopleData_id:4,RankTypes_id:-1,RankTypes_id:4]
6427002,901,0:53:29,1,[PeopleData_id:5]
6427002,902,0:53:30,1,[PeopleData_id:5,PeopleData_data0Type]
6427002,902,0:53:32,1,[PeopleData_id:5,PeopleData_data1Type]
6427002,902,0:53:32,1,[PeopleData_id:5,PeopleData_data2Type]
6427002,903,0:53:33,1,[PeopleData_id5,PeopleData_data2Type]
6427002,901,0:53:33,1,[PeopleData_id:5]
6427002,904,0:53:33,1,[PeopleData_id:5]
6427002,905,0:53:34,1,[PeopleData_id:5,RankTypes_id:-1,RankTypes_id:4]
6427002,901,0:53:34,1,[PeopleData_id:2]
6427002,902,0:53:35,1,[PeopleData_id:2,PeopleData_data0Type]
6427002,902,0:53:36,1,[PeopleData_id:2,PeopleData_data1Type]
6427002,902,0:53:36,1,[PeopleData_id:2,PeopleData_data2Type]
6427002,902,0:53:37,1,[PeopleData_id:2,PeopleData_data2Type]
6427002,902,0:53:38,1,[PeopleData_id:2,PeopleData_data3Type]
6427002,903,0:53:38,1,[PeopleData_id2,PeopleData_data3Type]
6427002,901,0:53:39,1,[PeopleData_id:2]
6427002,904,0:53:39,1,[PeopleData_id:2]
6427002,905,0:53:40,1,[PeopleData_id:2,RankTypes_id:-1,RankTypes_id:0]
6427002,901,0:53:40,1,[PeopleData_id:6]
6427002,902,0:53:41,1,[PeopleData_id:6,PeopleData_data0Type]
6427002,902,0:53:42,1,[PeopleData_id:6,PeopleData_data1Type]
6427002,902,0:53:43,1,[PeopleData_id:6,PeopleData_data2Type]
6427002,902,0:53:43,1,[PeopleData_id:6,PeopleData_data2Type]
6427002,903,0:53:44,1,[PeopleData_id6,PeopleData_data2Type]
6427002,901,0:53:45,1,[PeopleData_id:6]
6427002,904,0:53:45,1,[PeopleData_id:6]
6427002,905,0:53:46,1,[PeopleData_id:6,RankTypes_id:-1,RankTypes_id:2]
6427002,901,0:53:46,1,[PeopleData_id:3]
6427002,902,0:53:47,1,[PeopleData_id:3,PeopleData_data0Type]
6427002,903,0:53:48,1,[PeopleData_id3,PeopleData_data0Type]
6427002,901,0:53:49,1,[PeopleData_id:3]
6427002,904,0:53:49,1,[PeopleData_id:3]
6427002,905,0:53:49,1,[PeopleData_id:3,RankTypes_id:-1,RankTypes_id:0]
6427002,901,0:53:50,1,[PeopleData_id:1]
6427002,902,0:53:50,1,[PeopleData_id:1,PeopleData_data0Type]
6427002,903,0:53:51,1,[PeopleData_id1,PeopleData_data0Type]
6427002,902,0:53:53,1,[PeopleData_id:1,PeopleData_data2Type]
6427002,903,0:53:54,1,[PeopleData_id1,PeopleData_data2Type]
6427002,901,0:53:54,1,[PeopleData_id:1]
6427002,904,0:53:54,1,[PeopleData_id:1]
6427002,905,0:53:55,1,[PeopleData_id:1,RankTypes_id:-1,RankTypes_id:3]
6427002,906,0:53:55,1,[]
6427002,907,0:53:56,1,[]
6427002,908,0:53:56,1,[InvitationData_id:6,PeopleData_id:4,RankTypes_id:4]
6427002,909,0:54:0,1,[InvitationData_id:6,PeopleData_id:4,RankTypes_id:4,1]
6427002,910,0:54:1,1,[InvitationData_id:6,9,false]
6427002,908,0:54:1,1,[InvitationData_id:3,PeopleData_id:4,RankTypes_id:4]
6427002,909,0:54:3,1,[InvitationData_id:3,PeopleData_id:4,RankTypes_id:4,1]
6427002,910,0:54:4,1,[InvitationData_id:3,9,false]
6427002,908,0:54:4,1,[InvitationData_id:0,PeopleData_id:4,RankTypes_id:4]
6427002,909,0:54:8,1,[InvitationData_id:0,PeopleData_id:4,RankTypes_id:4,1]
6427002,910,0:54:9,1,[InvitationData_id:0,9,false]
6427002,908,0:54:9,1,[InvitationData_id:8,PeopleData_id:5,RankTypes_id:4]
6427002,909,0:54:14,1,[InvitationData_id:8,PeopleData_id:5,RankTypes_id:4,1]
6427002,910,0:54:15,1,[InvitationData_id:8,9,false]
6427002,908,0:54:15,1,[InvitationData_id:9,PeopleData_id:4,RankTypes_id:4]
6427002,909,0:54:20,1,[InvitationData_id:9,PeopleData_id:4,RankTypes_id:4,0]
6427002,910,0:54:21,1,[InvitationData_id:9,-11,false]
6427002,908,0:54:21,1,[InvitationData_id:10,PeopleData_id:4,RankTypes_id:4]
6427002,909,0:54:25,1,[InvitationData_id:10,PeopleData_id:4,RankTypes_id:4,1]
6427002,910,0:54:26,1,[InvitationData_id:10,9,false]
6427002,908,0:54:26,1,[InvitationData_id:5,PeopleData_id:6,RankTypes_id:2]
6427002,909,0:54:32,1,[InvitationData_id:5,PeopleData_id:6,RankTypes_id:2,1]
6427002,910,0:54:32,1,[InvitationData_id:5,5,false]
6427002,908,0:54:32,1,[InvitationData_id:2,PeopleData_id:4,RankTypes_id:4]
6427002,909,0:54:36,1,[InvitationData_id:2,PeopleData_id:4,RankTypes_id:4,0]
6427002,910,0:54:36,1,[InvitationData_id:2,-11,false]
6427002,908,0:54:36,1,[InvitationData_id:1,PeopleData_id:4,RankTypes_id:4]
6427002,909,0:54:39,1,[InvitationData_id:1,PeopleData_id:4,RankTypes_id:4,1]
6427002,910,0:54:40,1,[InvitationData_id:1,9,false]
6427002,911,0:54:42,1,[37,0,0,0]
6427002,1005,0:54:42,1,[2,1,3]
6427002,1000,0:54:43,1,[]
6427002,900,0:54:46,1,[]
6427002,901,0:54:48,1,[PeopleData_id:5]
6427002,902,0:54:49,1,[PeopleData_id:5,PeopleData_data0Type]
6427002,902,0:54:51,1,[PeopleData_id:5,PeopleData_data1Type]
6427002,902,0:54:51,1,[PeopleData_id:5,PeopleData_data2Type]
6427002,903,0:54:52,1,[PeopleData_id5,PeopleData_data2Type]
6427002,901,0:54:52,1,[PeopleData_id:5]
6427002,904,0:54:52,1,[PeopleData_id:5]
6427002,901,0:54:53,1,[PeopleData_id:5]
6427002,904,0:54:53,1,[PeopleData_id:5]
6427002,905,0:54:53,1,[PeopleData_id:5,RankTypes_id:-1,RankTypes_id:4]
6427002,901,0:54:54,1,[PeopleData_id:3]
6427002,902,0:54:55,1,[PeopleData_id:3,PeopleData_data0Type]
6427002,902,0:54:55,1,[PeopleData_id:3,PeopleData_data1Type]
6427002,902,0:54:56,1,[PeopleData_id:3,PeopleData_data2Type]
6427002,902,0:54:56,1,[PeopleData_id:3,PeopleData_data3Type]
6427002,903,0:54:57,1,[PeopleData_id3,PeopleData_data3Type]
6427002,901,0:54:57,1,[PeopleData_id:3]
6427002,904,0:54:57,1,[PeopleData_id:3]
6427002,901,0:54:58,1,[PeopleData_id:4]
6427002,902,0:54:58,1,[PeopleData_id:4,PeopleData_data0Type]
6427002,902,0:54:59,1,[PeopleData_id:4,PeopleData_data1Type]
6427002,902,0:55:0,1,[PeopleData_id:4,PeopleData_data2Type]
6427002,902,0:55:0,1,[PeopleData_id:4,PeopleData_data3Type]
6427002,903,0:55:0,1,[PeopleData_id4,PeopleData_data3Type]
6427002,901,0:55:1,1,[PeopleData_id:4]
6427002,904,0:55:1,1,[PeopleData_id:4]
6427002,901,0:55:1,1,[PeopleData_id:4]
6427002,904,0:55:1,1,[PeopleData_id:4]
6427002,905,0:55:2,1,[PeopleData_id:4,RankTypes_id:-1,RankTypes_id:4]
6427002,901,0:55:2,1,[PeopleData_id:3]
6427002,902,0:55:3,1,[PeopleData_id:3,PeopleData_data0Type]
6427002,902,0:55:4,1,[PeopleData_id:3,PeopleData_data1Type]
6427002,903,0:55:5,1,[PeopleData_id3,PeopleData_data1Type]
6427002,901,0:55:5,1,[PeopleData_id:3]
6427002,904,0:55:5,1,[PeopleData_id:3]
6427002,905,0:55:6,1,[PeopleData_id:3,RankTypes_id:-1,RankTypes_id:0]
6427002,901,0:55:6,1,[PeopleData_id:0]
6427002,904,0:55:7,1,[PeopleData_id:0]
6427002,901,0:55:7,1,[PeopleData_id:0]
6427002,902,0:55:8,1,[PeopleData_id:0,PeopleData_data0Type]
6427002,902,0:55:9,1,[PeopleData_id:0,PeopleData_data1Type]
6427002,902,0:55:9,1,[PeopleData_id:0,PeopleData_data2Type]
6427002,903,0:55:10,1,[PeopleData_id0,PeopleData_data2Type]
6427002,901,0:55:11,1,[PeopleData_id:0]
6427002,904,0:55:11,1,[PeopleData_id:0]
6427002,905,0:55:11,1,[PeopleData_id:0,RankTypes_id:-1,RankTypes_id:0]
6427002,901,0:55:12,1,[PeopleData_id:1]
6427002,902,0:55:12,1,[PeopleData_id:1,PeopleData_data0Type]
6427002,902,0:55:14,1,[PeopleData_id:1,PeopleData_data1Type]
6427002,902,0:55:14,1,[PeopleData_id:1,PeopleData_data2Type]
6427002,903,0:55:15,1,[PeopleData_id1,PeopleData_data2Type]
6427002,901,0:55:16,1,[PeopleData_id:1]
6427002,904,0:55:16,1,[PeopleData_id:1]
6427002,905,0:55:16,1,[PeopleData_id:1,RankTypes_id:-1,RankTypes_id:2]
6427002,901,0:55:17,1,[PeopleData_id:2]
6427002,902,0:55:17,1,[PeopleData_id:2,PeopleData_data0Type]
6427002,902,0:55:19,1,[PeopleData_id:2,PeopleData_data1Type]
6427002,902,0:55:21,1,[PeopleData_id:2,PeopleData_data2Type]
6427002,902,0:55:21,1,[PeopleData_id:2,PeopleData_data3Type]
6427002,903,0:55:22,1,[PeopleData_id2,PeopleData_data3Type]
6427002,901,0:55:23,1,[PeopleData_id:2]
6427002,904,0:55:23,1,[PeopleData_id:2]
6427002,905,0:55:23,1,[PeopleData_id:2,RankTypes_id:-1,RankTypes_id:0]
6427002,901,0:55:24,1,[PeopleData_id:6]
6427002,902,0:55:24,1,[PeopleData_id:6,PeopleData_data0Type]
6427002,902,0:55:25,1,[PeopleData_id:6,PeopleData_data1Type]
6427002,902,0:55:26,1,[PeopleData_id:6,PeopleData_data2Type]
6427002,903,0:55:27,1,[PeopleData_id6,PeopleData_data2Type]
6427002,901,0:55:27,1,[PeopleData_id:6]
6427002,904,0:55:27,1,[PeopleData_id:6]
6427002,905,0:55:28,1,[PeopleData_id:6,RankTypes_id:-1,RankTypes_id:2]
6427002,906,0:55:28,1,[]
6427002,907,0:55:28,1,[]
6427002,908,0:55:28,1,[InvitationData_id:2,PeopleData_id:4,RankTypes_id:4]
6427002,909,0:55:32,1,[InvitationData_id:2,PeopleData_id:4,RankTypes_id:4,0]
6427002,910,0:55:33,1,[InvitationData_id:2,-11,false]
6427002,908,0:55:33,1,[InvitationData_id:1,PeopleData_id:4,RankTypes_id:4]
6427002,909,0:55:35,1,[InvitationData_id:1,PeopleData_id:4,RankTypes_id:4,1]
6427002,910,0:55:36,1,[InvitationData_id:1,9,false]
6427002,908,0:55:36,1,[InvitationData_id:6,PeopleData_id:4,RankTypes_id:4]
6427002,909,0:55:38,1,[InvitationData_id:6,PeopleData_id:4,RankTypes_id:4,1]
6427002,910,0:55:39,1,[InvitationData_id:6,9,false]
6427002,908,0:55:39,1,[InvitationData_id:0,PeopleData_id:4,RankTypes_id:4]
6427002,909,0:55:40,1,[InvitationData_id:0,PeopleData_id:4,RankTypes_id:4,1]
6427002,910,0:55:41,1,[InvitationData_id:0,9,false]
6427002,908,0:55:41,1,[InvitationData_id:9,PeopleData_id:4,RankTypes_id:4]
6427002,909,0:55:44,1,[InvitationData_id:9,PeopleData_id:4,RankTypes_id:4,0]
6427002,910,0:55:44,1,[InvitationData_id:9,-11,false]
6427002,908,0:55:44,1,[InvitationData_id:10,PeopleData_id:4,RankTypes_id:4]
6427002,909,0:55:47,1,[InvitationData_id:10,PeopleData_id:4,RankTypes_id:4,1]
6427002,910,0:55:48,1,[InvitationData_id:10,9,false]
6427002,908,0:55:48,1,[InvitationData_id:5,PeopleData_id:6,RankTypes_id:2]
6427002,909,0:55:50,1,[InvitationData_id:5,PeopleData_id:6,RankTypes_id:2,1]
6427002,910,0:55:51,1,[InvitationData_id:5,5,false]
6427002,908,0:55:51,1,[InvitationData_id:3,PeopleData_id:4,RankTypes_id:4]
6427002,909,0:55:53,1,[InvitationData_id:3,PeopleData_id:4,RankTypes_id:4,1]
6427002,910,0:55:54,1,[InvitationData_id:3,9,false]
6427002,908,0:55:54,1,[InvitationData_id:8,PeopleData_id:5,RankTypes_id:4]
6427002,909,0:55:56,1,[InvitationData_id:8,PeopleData_id:5,RankTypes_id:4,1]
6427002,910,0:55:56,1,[InvitationData_id:8,9,false]
6427002,911,0:55:58,1,[37,0,0,0]
6427002,1001,0:55:59,1,[]
6427002,1003,0:55:59,2
6427002,210,0:56:4,970,363
6427002,211,0:56:5,997,420
6427002,213,0:56:5,1,c_crewKid1_F_G7b0,true
6427002,205,0:56:5,1,c_crewKid1_F_G7b0,false,false
6427002,210,0:56:11,632,497
6427002,211,0:56:12,667,501
6427002,213,0:56:12,1,c_crewKid2_F_G7b0,true
6427002,210,0:56:14,1422,365
6427002,211,0:56:15,1385,414
6427002,213,0:56:15,1,c_cousin_F_a_G7b0,true
6427002,210,0:56:19,1239,218
6427002,211,0:56:20,1128,257
6427002,212,0:56:21,1
6427002,210,0:56:21,1125,528
6427002,211,0:56:22,737,502
6427002,213,0:56:22,1,c_crewKid2_F_G7b0,true
6427002,212,0:56:25,0
6427002,210,0:56:26,1194,410
6427002,211,0:56:29,1807,390
6427002,207,0:56:29,1,-500,-800
6427002,212,0:56:30,2
6427002,210,0:56:30,1687,409
6427002,207,0:56:35,1,-800,-110
6427002,211,0:56:36,442,316
6427002,213,0:56:36,1,c_cousinsBrother_a_G7b0,true
6427002,210,0:56:39,280,384
6427002,207,0:56:39,1,-110,0
6427002,211,0:56:42,341,410
6427002,213,0:56:42,1,c_cousinsBrothersFriendsGF_G7b0,true
6427002,210,0:56:46,142,446
6427002,211,0:56:48,219,521
6427002,212,0:56:49,1
6427002,210,0:56:49,195,415
6427002,211,0:56:50,200,470
6427002,213,0:56:50,1,c_kidSister_afri_a_G7b0,true
6427002,205,0:56:50,1,c_kidSister_afri_a_G7b0,false,false
6427002,210,0:56:54,464,429
6427002,211,0:56:55,436,365
6427002,213,0:56:55,1,c_cousinsBrother_a_G7b0,true
6427002,212,0:56:56,0
6427002,210,0:56:57,383,415
6427002,211,0:57:1,540,112
6427002,213,0:57:1,1,s_lifeguard_G7b0,true
6427002,212,0:57:4,2
6427002,210,0:57:4,413,405
6427002,211,0:57:9,57,359
6427002,212,0:57:9,1
6427002,210,0:57:10,156,424
6427002,207,0:57:14,1,0,-540
6427002,207,0:57:15,1,-540,-735
6427002,211,0:57:17,1561,205
6427002,213,0:57:17,1,s_snackBarWorker_G7b0,true
6427002,212,0:57:24,0
6427002,210,0:57:25,1584,347
6427002,207,0:57:28,1,-735,-1031
6427002,207,0:57:36,1,-1031,-326
6427002,207,0:57:38,1,-326,-206
6427002,211,0:57:38,290,403
6427002,213,0:57:38,1,c_cousinsBrother_a_G7b0,true
6427002,210,0:57:40,338,376
6427002,211,0:57:40,161,382
6427002,207,0:57:40,1,-206,-86
6427002,221,0:57:41,1
6427002,220,0:57:44,1
6427002,210,0:57:45,287,423
6427002,207,0:57:45,1,-86,0
6427002,211,0:57:46,77,376
6427002,212,0:57:47,1
6427002,210,0:57:48,456,399
6427002,207,0:57:55,1,0,-180
6427002,211,0:57:58,1233,278
6427002,207,0:57:58,1,-180,-285
6427002,212,0:57:59,0
6427002,210,0:58:0,1355,500
6427002,207,0:58:0,1,-285,-555
6427002,211,0:58:4,654,432
6427002,213,0:58:4,1,s_backpack_F_G7b0,true
6427002,205,0:58:4,1,s_backpack_F_G7b0,false,false
6427002,221,0:58:11,1
6427002,220,0:58:12,1
6427002,210,0:58:13,842,437
6427002,207,0:58:13,1,-555,-390
6427002,207,0:58:16,1,-390,-150
6427002,207,0:58:18,1,-150,0
6427002,207,0:58:22,1,0,-375
6427002,207,0:58:23,1,-375,-555
6427002,207,0:58:24,1,-555,-735
6427002,211,0:58:25,1570,215
6427002,212,0:58:26,1
6427002,210,0:58:26,1641,411
6427002,211,0:58:29,974,387
6427002,210,0:58:36,1043,359
6427002,207,0:58:39,1,-735,-225
6427002,207,0:58:41,1,-225,-15
6427002,211,0:58:42,206,468
6427002,213,0:58:42,1,c_kidSister_afri_a_G7b0,true
6427002,205,0:58:42,1,c_kidSister_afri_a_G7b0,false,true
6427002,212,0:58:46,2
6427002,210,0:58:46,451,403
6427002,211,0:58:47,168,472
6427002,212,0:58:47,0
6427002,210,0:58:48,784,440
6427002,207,0:58:53,1,-15,-1031
6427002,211,0:58:56,1837,220
6427002,212,0:58:57,1
6427002,210,0:58:57,1577,388
6427002,207,0:59:3,1,-1031,-206
6427002,207,0:59:11,1,-206,0
6427002,211,0:59:13,129,329
6427002,212,0:59:13,2
6427002,210,0:59:14,718,462
6427002,211,0:59:18,297,431
6427002,213,0:59:18,1,c_cousinsBrothersFriend_a_G7b0,true
6427002,210,0:59:22,356,249
6427002,207,0:59:26,1,0,-285
6427002,207,0:59:27,1,-285,-540
6427002,207,0:59:28,1,-540,-735
6427002,207,0:59:29,1,-735,-810
6427002,207,0:59:31,1,-810,-1031
6427002,211,0:59:32,1905,443
6427002,212,0:59:33,0
6427002,210,0:59:34,1925,460
6427002,207,0:59:36,1,-1031,-761
6427002,207,0:59:38,1,-761,-461
6427002,207,0:59:40,1,-461,0
6427002,211,0:59:42,1,317
6427002,210,0:59:42,71,364
6427002,211,0:59:43,305,405
6427002,212,0:59:44,1
6427002,212,0:59:44,2
6427002,210,0:59:44,426,321
6427002,207,0:59:49,1,0,-225
6427002,207,0:59:50,1,-225,-540
6427002,207,0:59:53,1,-540,-915
6427002,211,0:59:53,1850,131
6427002,219,0:59:53,1
6427002,218,0:59:58,1
6427002,219,1:0:33,1
6427002,216,1:0:34,Stack_G7b1N
6427002,217,1:0:42,Stack_G7b1N,7.9,8.6
6427002,218,1:0:48,1
6427002,204,1:1:1,1
6427002,103,1:1:11
6427002,105,1:1:15
6427002,703,1:1:17,[|| EpilogueItem ID: 0 unlocked: true ||,|| EpilogueItem ID: 1 unlocked: false ||,|| EpilogueItem ID: 2 unlocked: false ||,|| EpilogueItem ID: 3 unlocked: false ||,|| EpilogueItem ID: 4 unlocked: false ||,|| EpilogueItem ID: 5 unlocked: false ||,|| EpilogueItem ID: 6 unlocked: false ||,|| EpilogueItem ID: 7 unlocked: false ||,|| EpilogueItem ID: 8 unlocked: false ||,|| EpilogueItem ID: 9 unlocked: false ||,|| EpilogueItem ID: 10 unlocked: false ||,|| EpilogueItem ID: 11 unlocked: false ||,|| EpilogueItem ID: 12 unlocked: false ||,|| EpilogueItem ID: 13 unlocked: false ||,|| EpilogueItem ID: 14 unlocked: false ||,|| EpilogueItem ID: 15 unlocked: false ||,|| EpilogueItem ID: 16 unlocked: false ||,|| EpilogueItem ID: 17 unlocked: false ||,|| EpilogueItem ID: 18 unlocked: false ||,|| EpilogueItem ID: 19 unlocked: false ||,|| EpilogueItem ID: 20 unlocked: false ||,|| EpilogueItem ID: 21 unlocked: false ||,|| EpilogueItem ID: 22 unlocked: false ||,|| EpilogueItem ID: 23 unlocked: false ||,|| EpilogueItem ID: 24 unlocked: false ||],0.04
6427002,706,1:1:42,(x=922, y=-100, w=1024, h=768),(x=922, y=-100, w=1024, h=768)
6427002,706,1:1:42,(x=922, y=-100, w=1024, h=768),(x=922, y=-100, w=1024, h=768)
6427002,706,1:1:48,(x=1323, y=-100, w=1024, h=768),(x=1947, y=-100, w=1024, h=768)
6427002,706,1:1:53,(x=2128, y=-100, w=1024, h=768),(x=2528, y=-100, w=1024, h=768)
6427002,706,1:1:58,(x=1678, y=-100, w=1024, h=768),(x=0, y=-100, w=1024, h=768)
6427002,704,1:1:58,12
6427002,706,1:1:58,(x=1678, y=-100, w=1024, h=768),(x=0, y=-100, w=1024, h=768)
6427002,705,1:2:1,12,true
6427002,706,1:2:15,(x=309, y=-100, w=1024, h=768),(x=2531, y=-100, w=1024, h=768)
6427002,708,1:2:15
6427002,1,1:2:15,3/7/2013 5:54:37pm,{"gameTime":3735501,"session":[{"stackId":12,"sceneId":"1P"},{"stackId":0,"sceneId":"1P"}],"challengeStacks":[{"resolved":true,"challengeScenes":[{"keyPoints":["c_bestFriend_F_a_G7a0","c_teacherEng_G7a0","s_flag_gen"],"viewedAnimatic":true,"touchableObjects":["s_otherStudent1_G7a0","s_vocabAssignment_G7a0","s_doorClassroom_G7a0","c_crewKid1_F_G7a0","c_bestFriend_F_a_G7a0","c_teacherEng_G7a0","s_angelouPoster_gen","s_atwoodPoster_gen","s_poePoster_gen","s_clock_G7a0","s_flag_gen","c_friend1_F_a_G7a0"],"unlocked":true,"miniGameCards":[]},{"keyPoints":["c_bestFriend_F_a_G7a1N","c_teacherEng_G7a1N","s_paperPlayers_G7a1N"],"viewedAnimatic":true,"touchableObjects":["c_bestFriend_F_a_G7a1N","c_teacherEng_G7a1N","s_otherStudent2_G7a1N","s_otherStudent1_G7a1N","c_crewKid1_F_G7a1N","s_flag_gen","s_paperPlayers_G7a1N"],"unlocked":true,"miniGameCards":[]},{"keyPoints":["c_bestFriend_F_a_G7a1P","c_teacherEng_G7a1P","s_flag_gen","s_paperEnglish_gen"],"viewedAnimatic":true,"touchableObjects":["c_bestFriend_F_a_G7a1P","s_paperPlayers_G7a1P","c_teacherEng_G7a1P","s_clock_G7a1P","s_flag_gen","s_papersDetention_gen","s_paperEnglish_gen"],"unlocked":true,"miniGameCards":[]}],"stackSize":3},{"resolved":false,"challengeScenes":[{"keyPoints":["c_crewKid1_F_G7b0","c_kidSister_afri_a_G7b0","s_backpack_F_G7b0"],"viewedAnimatic":true,"touchableObjects":["c_cousin_F_a_G7b0","c_crewKid1_F_G7b0","c_crewKid2_F_G7b0","c_cousinsBrother_a_G7b0","c_cousinsBrothersFriendsGF_G7b0","c_kidSister_afri_a_G7b0","s_lifeguard_G7b0","s_snackBarWorker_G7b0","s_backpack_F_G7b0","c_cousinsBrothersFriend_a_G7b0"],"unlocked":true,"miniGameCards":[]},{"keyPoints":[],"viewedAnimatic":true,"touchableObjects":[],"unlocked":true,"miniGameCards":[]},{"keyPoints":[],"viewedAnimatic":false,"touchableObjects":[],"unlocked":false,"miniGameCards":[]},{"keyPoints":[],"viewedAnimatic":false,"touchableObjects":[],"unlocked":false,"miniGameCards":[]},{"keyPoints":[],"viewedAnimatic":false,"touchableObjects":[],"unlocked":false,"miniGameCards":[]}],"stackSize":5},{"resolved":false,"challengeScenes":[{"keyPoints":[],"viewedAnimatic":false,"touchableObjects":[],"unlocked":false,"miniGameCards":[]},{"keyPoints":[],"viewedAnimatic":false,"touchableObjects":[],"unlocked":false,"miniGameCards":[]},{"keyPoints":[],"viewedAnimatic":false,"touchableObjects":[],"unlocked":false,"miniGameCards":[]},{"keyPoints":[],"viewedAnimatic":false,"touchableObjects":[],"unlocked":false,"miniGameCards":[]},{"keyPoints":[],"viewedAnimatic":false,"touchableObjects":[],"unlocked":false,"miniGameCards":[]},{"keyPoints":[],"viewedAnimatic":false,"touchableObjects":[],"unlocked":false,"miniGameCards":[]},{"keyPoints":[],"viewedAnimatic":false,"touchableObjects":[],"unlocked":false,"miniGameCards":[]}],"stackSize":7},{"resolved":false,"challengeScenes":[{"keyPoints":[],"viewedAnimatic":false,"touchableObjects":[],"unlocked":false,"miniGameCards":[]},{"keyPoints":[],"viewedAnimatic":false,"touchableObjects":[],"unlocked":false,"miniGameCards":[]},{"keyPoints":[],"viewedAnimatic":false,"touchableObjects":[],"unlocked":false,"miniGameCards":[]},{"keyPoints":[],"viewedAnimatic":false,"touchableObjects":[],"unlocked":false,"miniGameCards":[]},{"keyPoints":[],"viewedAnimatic":false,"touchableObjects":[],"unlocked":false,"miniGameCards":[]}],"stackSize":5},{"resolved":false,"challengeScenes":[{"keyPoints":[],"viewedAnimatic":false,"touchableObjects":[],"unlocked":false,"miniGameCards":[]},{"keyPoints":[],"viewedAnimatic":false,"touchableObjects":[],"unlocked":false,"miniGameCards":[]},{"keyPoints":[],"viewedAnimatic":false,"touchableObjects":[],"unlocked":false,"miniGameCards":[]},{"keyPoints":[],"viewedAnimatic":false,"touchableObjects":[],"unlocked":false,"miniGameCards":[]},{"keyPoints":[],"viewedAnimatic":false,"touchableObjects":[],"unlocked":false,"miniGameCards":[]}],"stackSize":5},{"resolved":false,"challengeScenes":[{"keyPoints":[],"viewedAnimatic":false,"touchableObjects":[],"unlocked":false,"miniGameCards":[]},{"keyPoints":[],"viewedAnimatic":false,"touchableObjects":[],"unlocked":false,"miniGameCards":[]},{"keyPoints":[],"viewedAnimatic":false,"touchableObjects":[],"unlocked":false,"miniGameCards":[]},{"keyPoints":[],"viewedAnimatic":false,"touchableObjects":[],"unlocked":false,"miniGameCards":[]},{"keyPoints":[],"viewedAnimatic":false,"touchableObjects":[],"unlocked":false,"miniGameCards":[]}],"stackSize":5},{"resolved":false,"challengeScenes":[{"keyPoints":[],"viewedAnimatic":false,"touchableObjects":[],"unlocked":false,"miniGameCards":[]},{"keyPoints":[],"viewedAnimatic":false,"touchableObjects":[],"unlocked":false,"miniGameCards":[]},{"keyPoints":[],"viewedAnimatic":false,"touchableObjects":[],"unlocked":false,"miniGameCards":[]},{"keyPoints":[],"viewedAnimatic":false,"touchableObjects":[],"unlocked":false,"miniGameCards":[]},{"keyPoints":[],"viewedAnimatic":false,"touchableObjects":[],"unlocked":false,"miniGameCards":[]}],"stackSize":5},{"resolved":false,"challengeScenes":[{"keyPoints":[],"viewedAnimatic":false,"touchableObjects":[],"unlocked":false,"miniGameCards":[]},{"keyPoints":[],"viewedAnimatic":false,"touchableObjects":[],"unlocked":false,"miniGameCards":[]},{"keyPoints":[],"viewedAnimatic":false,"touchableObjects":[],"unlocked":false,"miniGameCards":[]},{"keyPoints":[],"viewedAnimatic":false,"touchableObjects":[],"unlocked":false,"miniGameCards":[]},{"keyPoints":[],"viewedAnimatic":false,"touchableObjects":[],"unlocked":false,"miniGameCards":[]}],"stackSize":5},{"resolved":false,"challengeScenes":[{"keyPoints":[],"viewedAnimatic":false,"touchableObjects":[],"unlocked":false,"miniGameCards":[]},{"keyPoints":[],"viewedAnimatic":false,"touchableObjects":[],"unlocked":false,"miniGameCards":[]},{"keyPoints":[],"viewedAnimatic":false,"touchableObjects":[],"unlocked":false,"miniGameCards":[]},{"keyPoints":[],"viewedAnimatic":false,"touchableObjects":[],"unlocked":false,"miniGameCards":[]},{"keyPoints":[],"viewedAnimatic":false,"touchableObjects":[],"unlocked":false,"miniGameCards":[]}],"stackSize":5},{"resolved":false,"challengeScenes":[{"keyPoints":[],"viewedAnimatic":false,"touchableObjects":[],"unlocked":false,"miniGameCards":[]},{"keyPoints":[],"viewedAnimatic":false,"touchableObjects":[],"unlocked":false,"miniGameCards":[]},{"keyPoints":[],"viewedAnimatic":false,"touchableObjects":[],"unlocked":false,"miniGameCards":[]},{"keyPoints":[],"viewedAnimatic":false,"touchableObjects":[],"unlocked":false,"miniGameCards":[]},{"keyPoints":[],"viewedAnimatic":false,"touchableObjects":[],"unlocked":false,"miniGameCards":[]}],"stackSize":5},{"resolved":false,"challengeScenes":[{"keyPoints":[],"viewedAnimatic":false,"touchableObjects":[],"unlocked":false,"miniGameCards":[]},{"keyPoints":[],"viewedAnimatic":false,"touchableObjects":[],"unlocked":false,"miniGameCards":[]},{"keyPoints":[],"viewedAnimatic":false,"touchableObjects":[],"unlocked":false,"miniGameCards":[]},{"keyPoints":[],"viewedAnimatic":false,"touchableObjects":[],"unlocked":false,"miniGameCards":[]},{"keyPoints":[],"viewedAnimatic":false,"touchableObjects":[],"unlocked":false,"miniGameCards":[]}],"stackSize":5},{"resolved":false,"challengeScenes":[{"keyPoints":[],"viewedAnimatic":false,"touchableObjects":[],"unlocked":false,"miniGameCards":[]},{"keyPoints":[],"viewedAnimatic":false,"touchableObjects":[],"unlocked":false,"miniGameCards":[]},{"keyPoints":[],"viewedAnimatic":false,"touchableObjects":[],"unlocked":false,"miniGameCards":[]},{"keyPoints":[],"viewedAnimatic":false,"touchableObjects":[],"unlocked":false,"miniGameCards":[]},{"keyPoints":[],"viewedAnimatic":false,"touchableObjects":[],"unlocked":false,"miniGameCards":[]}],"stackSize":5},{"resolved":true,"challengeScenes":[{"keyPoints":[],"viewedAnimatic":false,"touchableObjects":["c_player_afri_F_a_G0a0","c_education_G0a0"],"unlocked":true,"miniGameCards":[]},{"keyPoints":["c_job_G0a1N","c_family_afri_a_G0a1N","c_home_G0a1N"],"viewedAnimatic":false,"touchableObjects":["c_player_afri_F_a_G0a1N","c_job_G0a1N","c_family_afri_a_G0a1N","c_home_G0a1N"],"unlocked":true,"miniGameCards":[]},{"keyPoints":["c_dad_afri_a_G0a1P","c_kidsister_afri_a_G0a1P","c_Nurse_G0a1P","c_mom_afri_a_G0a1P","c_grandma_afri_a_G0a1P","c_Teacher_G0a1P"],"viewedAnimatic":false,"touchableObjects":["c_cousins_F_a_G0a1P","c_friends_G0a1P","c_dad_afri_a_G0a1P","c_kidsister_afri_a_G0a1P","c_Nurse_G0a1P","c_mom_afri_a_G0a1P","c_grandma_afri_a_G0a1P","c_Teacher_G0a1P"],"unlocked":true,"miniGameCards":[]}],"stackSize":3}],"minigames":[{"levelSaveData":[{"starRating":3,"unlocked":true},{"starRating":0,"unlocked":false},{"starRating":0,"unlocked":false},{"starRating":0,"unlocked":false},{"starRating":0,"unlocked":false},{"starRating":0,"unlocked":false},{"starRating":0,"unlocked":false},{"starRating":0,"unlocked":false},{"starRating":0,"unlocked":false},{"starRating":0,"unlocked":false}],"skillPoints":3},{"levelSaveData":[{"starRating":3,"unlocked":true},{"starRating":0,"unlocked":false},{"starRating":0,"unlocked":false},{"starRating":0,"unlocked":false},{"starRating":0,"unlocked":true},{"starRating":0,"unlocked":false},{"starRating":0,"unlocked":false},{"starRating":0,"unlocked":false},{"starRating":0,"unlocked":false},{"starRating":0,"unlocked":false}],"skillPoints":3},{"levelSaveData":[{"starRating":3,"unlocked":true},{"starRating":3,"unlocked":true},{"starRating":0,"unlocked":false},{"starRating":0,"unlocked":false},{"starRating":0,"unlocked":false},{"starRating":0,"unlocked":false},{"starRating":0,"unlocked":false},{"starRating":0,"unlocked":false},{"starRating":0,"unlocked":false},{"starRating":0,"unlocked":false}],"skillPoints":6},{"levelSaveData":[{"starRating":0,"unlocked":true},{"starRating":0,"unlocked":false},{"starRating":0,"unlocked":false},{"starRating":0,"unlocked":false},{"starRating":0,"unlocked":false},{"starRating":0,"unlocked":false},{"starRating":0,"unlocked":false},{"starRating":0,"unlocked":false},{"starRating":0,"unlocked":false},{"starRating":0,"unlocked":false}],"skillPoints":0},{"name":"Renée","gender":1,"visualAvatar":0,"age":13,"levelSaveData":[{"starRating":3,"unlocked":true},{"chunks":[["0"],["20$$Jolly!","3$$Mean"],["10$$Technology","2$$Food","9$$Shoe Lover"],["1"]],"unlocked":true,"starRating":3},{"chunks":[[null],[null,null],[null,null]],"unlocked":true,"starRating":0},{"chunks":[[null],[null],[null],[null],[null,null],[null]],"unlocked":false,"starRating":0},{"chunks":[[null],[null],[null,null],[null],[null],[null]],"unlocked":false,"starRating":0},{"chunks":[[null],[null,null,null,null],[null],[null]],"unlocked":false,"starRating":0},{"chunks":[[null],[null],[null,null],[null,null],[null]],"unlocked":false,"starRating":0},{"chunks":[[null,null,null],[null,null,null],[null],[null],[null]],"unlocked":false,"starRating":0},{"chunks":[[null,null,null],[null,null,null],[null,null]],"unlocked":false,"starRating":0},{"chunks":[[null],[null],[null],[null],[null],[null]],"unlocked":false,"starRating":0}],"id":0,"skillPoints":6}],"playerId":6427002,"epilogue":{"rating":0},"sessionId":1,"avatar":{"name":"Renée","gender":1,"visualAvatar":0,"age":13,"levelSaveData":[{"starRating":3,"unlocked":true},{"chunks":[["0"],["20$$Jolly!","3$$Mean"],["10$$Technology","2$$Food","9$$Shoe Lover"],["1"]],"unlocked":true,"starRating":3},{"chunks":[[null],[null,null],[null,null]],"unlocked":true,"starRating":0},{"chunks":[[null],[null],[null],[null],[null,null],[null]],"unlocked":false,"starRating":0},{"chunks":[[null],[null],[null,null],[null],[null],[null]],"unlocked":false,"starRating":0},{"chunks":[[null],[null,null,null,null],[null],[null]],"unlocked":false,"starRating":0},{"chunks":[[null],[null],[null,null],[null,null],[null]],"unlocked":false,"starRating":0},{"chunks":[[null,null,null],[null,null,null],[null],[null],[null]],"unlocked":false,"starRating":0},{"chunks":[[null,null,null],[null,null,null],[null,null]],"unlocked":false,"starRating":0},{"chunks":[[null],[null],[null],[null],[null],[null]],"unlocked":false,"starRating":0}],"id":0,"skillPoints":6}}
