6427041,0,7:18:52,5/28/2014 3:09:40pm
6427041,100,7:19:8,2
6427041,102,7:19:9,2
6427041,200,7:19:9,2,9,15,14,10,18
6427041,210,7:19:11,842,130
6427041,211,7:19:11,927,81
6427041,204,7:19:26,2
6427041,100,7:19:42,10
6427041,101,7:19:44,10
6427041,100,7:19:44,6
6427041,102,7:19:45,6
6427041,200,7:19:45,6,9,15,14,10,18
6427041,210,7:19:48,768,408
6427041,211,7:19:49,773,435
6427041,213,7:19:49,6,c_crush1_F_b_G10a0,true
6427041,205,7:19:49,6,c_crush1_F_b_G10a0,false,true
6427041,221,7:19:53,6
6427041,220,7:19:55,6
6427041,221,7:19:56,6
6427041,220,7:19:58,6
6427041,212,7:19:59,1
6427041,221,7:20:0,6
6427041,220,7:20:1,6
6427041,210,7:20:2,1017,460
6427041,207,7:20:4,6,-200,-305
6427041,207,7:20:5,6,-305,-410
6427041,207,7:20:5,6,-410,-512
6427041,211,7:20:6,1327,559
6427041,213,7:20:6,6,s_computer_F_gen,true
6427041,210,7:20:10,954,390
6427041,211,7:20:10,919,374
6427041,213,7:20:10,6,s_door_F_gen,true
6427041,210,7:20:14,541,207
6427041,207,7:20:14,6,-512,-422
6427041,211,7:20:15,558,227
6427041,213,7:20:15,6,s_calendar_F_gen,true
6427041,221,7:20:19,6
6427041,220,7:20:20,6
6427041,207,7:21:7,6,-200,-185
6427041,221,7:21:7,6
6427041,220,7:21:9,6
6427041,210,7:21:10,409,521
6427041,211,7:21:10,354,502
6427041,212,7:21:11,2
6427041,210,7:21:12,273,408
6427041,207,7:21:12,6,-185,0
6427041,211,7:21:13,187,449
6427041,213,7:21:13,6,c_crush1_F_b_G10a1N,true
6427041,205,7:21:13,6,c_crush1_F_b_G10a1N,false,true
6427041,210,7:21:17,512,450
6427041,211,7:21:17,512,450
6427041,210,7:21:17,495,436
6427041,211,7:21:18,501,492
6427041,212,7:21:19,0
6427041,210,7:21:20,474,442
6427041,211,7:21:21,581,512
6427041,210,7:21:25,668,477
6427041,211,7:21:25,635,530
6427041,221,7:21:31,6
6427041,220,7:21:33,6
6427041,210,7:21:35,876,361
6427041,207,7:21:35,6,-200,-230
6427041,207,7:21:40,6,-230,-512
6427041,211,7:21:42,1297,367
6427041,213,7:21:42,6,s_window_F_G10a0,true
6427041,1003,7:21:46,0
6427041,1004,7:21:49,8
6427041,400,7:21:51,8,[]
6427041,401,7:21:53,8,[StatementsData_logId:0]
6427041,403,7:22:0,8,[StatementsData_logId:0,false]
6427041,405,7:22:0,8,[StatementsData_logId:0]
6427041,406,7:22:1,8,[StatementsData_logId:0,-2]
6427041,100,7:22:5,10
6427041,102,7:22:6,10
6427041,200,7:22:6,10,9,15,14,10,18
6427041,221,7:22:10,10
6427041,220,7:22:14,10
6427041,212,7:22:15,2
6427041,210,7:22:16,694,408
6427041,211,7:22:17,746,369
6427041,213,7:22:17,10,c_mom_afri_G12a0,false
6427041,1003,7:22:20,2
6427041,1004,7:22:23,2
6427041,900,7:22:28,2,[]
6427041,901,7:22:29,2,[PeopleData_id:2]
6427041,904,7:22:29,2,[PeopleData_id:2]
6427041,902,7:22:30,2,[PeopleData_id:2,PeopleData_data3Type]
6427041,902,7:22:31,2,[PeopleData_id:2,PeopleData_data2Type]
6427041,902,7:22:34,2,[PeopleData_id:2,PeopleData_data1Type]
6427041,902,7:22:42,2,[PeopleData_id:2,PeopleData_data0Type]
6427041,903,7:22:47,2,[PeopleData_id2,PeopleData_data0Type]
6427041,901,7:22:48,2,[PeopleData_id:2]
6427041,904,7:22:48,2,[PeopleData_id:2]
6427041,905,7:22:49,2,[PeopleData_id:2,RankTypes_id:-1,RankTypes_id:3]
6427041,901,7:22:49,2,[PeopleData_id:3]
6427041,902,7:22:51,2,[PeopleData_id:3,PeopleData_data3Type]
6427041,902,7:22:54,2,[PeopleData_id:3,PeopleData_data2Type]
6427041,902,7:23:1,2,[PeopleData_id:3,PeopleData_data1Type]
6427041,902,7:23:5,2,[PeopleData_id:3,PeopleData_data0Type]
6427041,903,7:23:19,2,[PeopleData_id3,PeopleData_data0Type]
6427041,901,7:23:20,2,[PeopleData_id:3]
6427041,904,7:23:20,2,[PeopleData_id:3]
6427041,905,7:23:20,2,[PeopleData_id:3,RankTypes_id:-1,RankTypes_id:3]
6427041,901,7:23:21,2,[PeopleData_id:4]
6427041,904,7:23:21,2,[PeopleData_id:4]
6427041,902,7:23:26,2,[PeopleData_id:4,PeopleData_data2Type]
6427041,902,7:23:28,2,[PeopleData_id:4,PeopleData_data1Type]
6427041,902,7:23:33,2,[PeopleData_id:4,PeopleData_data0Type]
6427041,903,7:23:39,2,[PeopleData_id4,PeopleData_data0Type]
6427041,901,7:23:39,2,[PeopleData_id:4]
6427041,904,7:23:40,2,[PeopleData_id:4]
6427041,905,7:23:40,2,[PeopleData_id:4,RankTypes_id:-1,RankTypes_id:4]
6427041,901,7:23:40,2,[PeopleData_id:6]
6427041,902,7:23:41,2,[PeopleData_id:6,PeopleData_data2Type]
6427041,902,7:23:44,2,[PeopleData_id:6,PeopleData_data1Type]
6427041,903,7:23:46,2,[PeopleData_id6,PeopleData_data1Type]
6427041,901,7:23:46,2,[PeopleData_id:6]
6427041,904,7:23:46,2,[PeopleData_id:6]
6427041,905,7:23:47,2,[PeopleData_id:6,RankTypes_id:-1,RankTypes_id:0]
6427041,901,7:23:47,2,[PeopleData_id:5]
6427041,902,7:23:48,2,[PeopleData_id:5,PeopleData_data3Type]
6427041,902,7:23:52,2,[PeopleData_id:5,PeopleData_data2Type]
6427041,902,7:23:53,2,[PeopleData_id:5,PeopleData_data1Type]
6427041,902,7:23:55,2,[PeopleData_id:5,PeopleData_data0Type]
6427041,903,7:23:57,2,[PeopleData_id5,PeopleData_data0Type]
6427041,901,7:23:57,2,[PeopleData_id:5]
6427041,904,7:23:57,2,[PeopleData_id:5]
6427041,905,7:23:58,2,[PeopleData_id:5,RankTypes_id:-1,RankTypes_id:0]
6427041,901,7:23:58,2,[PeopleData_id:0]
6427041,902,7:23:59,2,[PeopleData_id:0,PeopleData_data3Type]
6427041,902,7:24:2,2,[PeopleData_id:0,PeopleData_data2Type]
6427041,902,7:24:4,2,[PeopleData_id:0,PeopleData_data1Type]
6427041,902,7:24:7,2,[PeopleData_id:0,PeopleData_data0Type]
6427041,903,7:24:8,2,[PeopleData_id0,PeopleData_data0Type]
6427041,901,7:24:9,2,[PeopleData_id:0]
6427041,904,7:24:9,2,[PeopleData_id:0]
6427041,905,7:24:9,2,[PeopleData_id:0,RankTypes_id:-1,RankTypes_id:2]
6427041,901,7:24:10,2,[PeopleData_id:1]
6427041,902,7:24:11,2,[PeopleData_id:1,PeopleData_data2Type]
6427041,903,7:24:17,2,[PeopleData_id1,PeopleData_data2Type]
6427041,901,7:24:18,2,[PeopleData_id:1]
6427041,904,7:24:18,2,[PeopleData_id:1]
6427041,905,7:24:19,2,[PeopleData_id:1,RankTypes_id:-1,RankTypes_id:0]
6427041,906,7:24:19,2,[]
6427041,907,7:24:20,2,[]
6427041,908,7:24:20,2,[InvitationData_id:8,PeopleData_id:2,RankTypes_id:3]
6427041,909,7:24:23,2,[InvitationData_id:8,PeopleData_id:2,RankTypes_id:3,1]
6427041,910,7:24:24,2,[InvitationData_id:8,0,true]
6427041,908,7:24:24,2,[InvitationData_id:5,PeopleData_id:4,RankTypes_id:4]
6427041,1002,7:24:26,2
6427041,1003,7:24:26,2
6427041,210,7:24:30,294,575
6427041,211,7:24:30,357,611
6427041,221,7:24:31,10
6427041,220,7:24:33,10
6427041,204,7:24:34,10
6427041,100,7:24:36,2
6427041,102,7:24:36,2
6427041,200,7:24:36,2,9,15,14,10,18
6427041,210,7:24:39,691,333
6427041,211,7:24:41,345,362
6427041,210,7:24:41,572,172
6427041,211,7:24:42,967,297
6427041,213,7:24:42,2,c_crewKid1_F_a_G8a0,true
6427041,221,7:24:46,2
6427041,220,7:24:50,2
6427041,212,7:24:53,1
6427041,212,7:24:53,0
6427041,210,7:24:54,1139,533
6427041,211,7:24:55,1149,609
6427041,212,7:24:55,1
6427041,210,7:24:56,966,529
6427041,207,7:25:0,2,-200,-492
6427041,211,7:25:5,1334,294
6427041,210,7:25:5,1229,198
6427041,211,7:25:7,1019,278
6427041,210,7:25:9,938,31
6427041,207,7:25:11,2,-492,0
6427041,211,7:25:12,210,627
6427041,213,7:25:12,2,s_waterHeater_gen,true
6427041,210,7:25:19,391,391
6427041,211,7:25:19,316,662
6427041,210,7:25:20,389,476
6427041,211,7:25:22,469,168
6427041,213,7:25:22,2,s_basementDoor_gen,true
6427041,205,7:25:22,2,s_basementDoor_gen,false,true
6427041,221,7:25:27,2
6427041,220,7:25:29,2
6427041,210,7:25:29,562,582
6427041,211,7:25:30,554,612
6427041,213,7:25:30,2,s_dirtyClothes_gen,true
6427041,205,7:25:30,2,s_dirtyClothes_gen,false,false
6427041,221,7:25:40,2
6427041,220,7:25:43,2
6427041,221,7:25:50,2
6427041,220,7:25:52,2
6427041,221,7:25:54,2
6427041,220,7:25:56,2
6427041,210,7:25:59,467,97
6427041,211,7:25:59,465,121
6427041,213,7:25:59,2,s_basementDoor_gen,true
6427041,205,7:25:59,2,s_basementDoor_gen,false,true
6427041,221,7:26:6,2
6427041,220,7:26:7,2
6427041,221,7:26:11,2
6427041,220,7:26:13,2
6427041,212,7:26:14,0
6427041,210,7:26:18,886,439
6427041,211,7:26:21,758,402
6427041,213,7:26:21,2,c_nurse_a_G8a3N,true
6427041,205,7:26:21,2,c_nurse_a_G8a3N,false,true
6427041,210,7:26:25,273,255
6427041,207,7:26:26,2,-200,-35
6427041,207,7:26:27,2,-35,0
6427041,207,7:26:33,2,0,-492
6427041,211,7:26:34,1321,544
6427041,212,7:26:36,2
6427041,210,7:26:36,615,385
6427041,211,7:26:39,1075,442
6427041,210,7:26:39,973,166
6427041,211,7:26:40,927,97
6427041,213,7:26:40,2,s_poster_G8a3N,true
6427041,221,7:26:45,2
6427041,220,7:26:47,2
6427041,221,7:26:49,2
6427041,220,7:26:52,2
6427041,212,7:26:54,0
6427041,221,7:26:58,2
6427041,220,7:27:0,2
6427041,210,7:27:3,808,349
6427041,207,7:27:9,2,-200,-350
6427041,207,7:27:9,2,-350,-492
6427041,211,7:27:12,1392,472
6427041,210,7:27:13,1453,598
6427041,211,7:27:14,1457,622
6427041,210,7:27:14,1387,497
6427041,211,7:27:15,1346,382
6427041,210,7:27:17,1071,447
6427041,207,7:27:22,2,-492,0
6427041,211,7:27:26,238,301
6427041,213,7:27:26,2,s_door_G8a3N,true
6427041,210,7:27:29,314,237
6427041,211,7:27:33,527,192
6427041,213,7:27:33,2,s_pamphlet3_G8a3N,true
6427041,205,7:27:33,2,s_pamphlet3_G8a3N,false,false
6427041,221,7:27:38,2
6427041,220,7:27:41,2
6427041,221,7:27:44,2
6427041,220,7:27:48,2
6427041,221,7:28:13,2
6427041,220,7:28:17,2
6427041,210,7:28:22,270,508
6427041,211,7:28:26,282,500
6427041,210,7:28:26,833,488
6427041,207,7:28:28,2,-200,-275
6427041,211,7:28:30,941,336
6427041,213,7:28:30,2,c_cousin_F_a_G8a0,true
6427041,205,7:28:30,2,c_cousin_F_a_G8a0,false,true
6427041,221,7:28:34,2
6427041,220,7:28:38,2
6427041,210,7:28:43,713,508
6427041,211,7:28:44,767,541
6427041,213,7:28:44,2,s_crush2Lips_F_G8a1N,true
6427041,205,7:28:44,2,s_crush2Lips_F_G8a1N,false,true
6427041,210,7:28:55,805,418
6427041,211,7:28:56,543,689
6427041,213,7:28:56,2,c_nurse_a_G8a3N,true
6427041,205,7:28:56,2,c_nurse_a_G8a3N,false,true
6427041,213,7:29:55,2,c_nurse_a_G8a3N,true
6427041,205,7:29:55,2,c_nurse_a_G8a3N,false,true
6427041,210,7:30:4,1040,345
6427041,211,7:30:4,1033,399
6427041,221,7:30:5,2
6427041,220,7:30:8,2
6427041,221,7:30:11,2
6427041,220,7:30:13,2
6427041,219,7:30:20,2
6427041,216,7:32:2,Stack_G8a1N
6427041,217,7:32:19,Stack_G8a1N,4.0,0.67
6427041,218,7:32:30,2
6427041,210,7:32:30,745,551
6427041,211,7:32:33,1073,284
6427041,221,7:32:33,2
6427041,220,7:32:39,2
6427041,210,7:32:40,886,351
6427041,207,7:32:41,2,-200,-492
6427041,211,7:32:58,463,159
6427041,207,7:32:58,2,-492,-447
6427041,210,7:32:59,644,641
6427041,211,7:32:59,646,657
6427041,213,7:32:59,2,c_crush2_F_a_G8a1N,true
6427041,210,7:33:2,393,113
6427041,211,7:33:2,329,137
6427041,207,7:33:2,2,-447,-327
6427041,210,7:33:3,293,234
6427041,207,7:33:4,2,-327,0
6427041,211,7:33:7,450,583
6427041,213,7:33:7,2,s_dryer_G8a1N,true
6427041,210,7:33:7,508,527
6427041,207,7:33:12,2,0,-15
6427041,211,7:33:13,990,378
6427041,207,7:33:13,2,-15,-30
6427041,210,7:33:13,1039,413
6427041,207,7:33:13,2,-30,-60
6427041,207,7:33:13,2,-60,-105
6427041,211,7:33:13,1084,412
6427041,221,7:33:14,2
6427041,220,7:33:15,2
6427041,210,7:33:19,1031,556
6427041,211,7:33:19,991,528
6427041,221,7:33:20,2
6427041,220,7:33:22,2
6427041,210,7:33:23,941,386
6427041,207,7:33:24,2,-200,-395
6427041,211,7:33:27,1335,306
6427041,213,7:33:27,2,s_cigaretteKid1_G8a0,true
6427041,207,7:33:31,2,-395,-440
6427041,210,7:33:31,1383,273
6427041,211,7:33:36,723,404
6427041,210,7:33:36,686,365
6427041,207,7:33:36,2,-440,-466
6427041,211,7:33:38,493,509
6427041,207,7:33:38,2,-466,-450
6427041,210,7:33:38,443,430
6427041,207,7:33:38,2,-450,-375
6427041,207,7:33:39,2,-375,0
6427041,211,7:33:42,186,350
6427041,213,7:33:42,2,s_stairs_G8a0,true
6427041,210,7:33:45,278,248
6427041,211,7:33:49,372,598
6427041,213,7:33:49,2,s_beerCooler_G8a0,true
6427041,212,7:33:54,1
6427041,210,7:33:54,479,230
6427041,211,7:33:56,385,167
6427041,213,7:33:56,2,s_clock_G8a0,true
6427041,205,7:33:56,2,s_clock_G8a0,false,true
6427041,221,7:34:0,2
6427041,220,7:34:1,2
6427041,221,7:34:6,2
6427041,220,7:34:8,2
6427041,207,7:34:11,2,-200,-170
6427041,210,7:34:11,309,487
6427041,207,7:34:12,2,-170,0
6427041,211,7:34:20,434,651
6427041,210,7:34:25,624,424
6427041,211,7:34:26,558,616
6427041,213,7:34:26,2,s_dirtyClothes_gen,true
6427041,205,7:34:26,2,s_dirtyClothes_gen,false,true
6427041,210,7:34:32,431,135
6427041,211,7:34:32,486,139
6427041,213,7:34:32,2,s_basementDoor_gen,true
6427041,205,7:34:32,2,s_basementDoor_gen,false,true
6427041,210,7:34:47,377,537
6427041,211,7:34:48,366,667
6427041,221,7:34:49,2
6427041,220,7:34:52,2
6427041,212,7:34:53,0
6427041,210,7:34:54,310,535
6427041,211,7:35:0,650,419
6427041,213,7:35:0,2,s_crush2Eyes_F_G8a1N,true
6427041,205,7:35:0,2,s_crush2Eyes_F_G8a1N,false,true
6427041,221,7:35:6,2
6427041,220,7:35:8,2
6427041,210,7:35:8,633,379
6427041,211,7:35:11,834,562
6427041,213,7:35:11,2,c_crush2_F_a_G8a1N,true
6427041,210,7:35:13,985,197
6427041,211,7:35:14,924,538
6427041,213,7:35:14,2,s_stairs_G8a1N,true
6427041,210,7:35:17,1058,327
6427041,207,7:35:19,2,-200,-440
6427041,207,7:35:19,2,-440,-492
6427041,211,7:35:21,1164,627
6427041,210,7:36:9,436,482
6427041,211,7:36:9,513,334
6427041,212,7:36:12,1
6427041,210,7:36:16,652,589
6427041,211,7:36:19,484,458
6427041,213,7:36:19,2,s_mirror_afri_F_a_G8a3N,true
6427041,205,7:36:19,2,s_mirror_afri_F_a_G8a3N,false,true
6427041,210,7:36:24,295,535
6427041,207,7:36:25,2,-200,0
6427041,207,7:36:33,2,0,-390
6427041,211,7:36:33,1135,292
6427041,210,7:36:33,1066,199
6427041,207,7:36:35,2,-390,-405
6427041,211,7:36:35,1332,393
6427041,210,7:36:35,1220,413
6427041,207,7:36:36,2,-405,-450
6427041,207,7:36:37,2,-450,-492
6427041,211,7:36:39,1338,160
6427041,212,7:36:40,2
6427041,210,7:36:40,1317,144
6427041,211,7:36:41,914,615
6427041,210,7:36:43,1005,390
6427041,211,7:36:44,712,685
6427041,213,7:36:44,2,c_crush2_F_a_G8a1N,true
6427041,210,7:36:46,1142,218
6427041,207,7:36:47,2,-200,-492
6427041,211,7:36:48,1319,535
6427041,221,7:36:53,2
6427041,220,7:36:54,2
6427041,210,7:36:56,899,321
6427041,211,7:36:57,820,418
6427041,212,7:36:58,0
6427041,210,7:37:1,802,440
6427041,211,7:37:2,1099,408
6427041,210,7:37:2,1091,441
6427041,211,7:37:3,1024,578
6427041,213,7:37:3,2,s_stairs_G8a1N,true
6427041,221,7:37:5,2
6427041,220,7:37:9,2
6427041,210,7:37:10,1124,308
6427041,211,7:37:12,1117,594
6427041,210,7:37:15,251,403
6427041,207,7:37:16,2,-200,0
6427041,207,7:37:22,2,0,-492
6427041,211,7:37:25,1316,559
6427041,210,7:37:26,1231,543
6427041,211,7:37:33,786,638
6427041,213,7:37:33,2,c_crush2_F_a_G8a1N,true
6427041,213,7:37:35,2,c_crush2_F_a_G8a1N,true
6427041,210,7:37:37,783,393
6427041,211,7:37:43,716,515
6427041,213,7:37:43,2,s_crush2Sore_F_G8a1N,true
6427041,205,7:37:43,2,s_crush2Sore_F_G8a1N,false,false
6427041,210,7:37:53,429,511
6427041,211,7:37:56,376,454
6427041,213,7:37:56,2,c_nurse_a_G8a3N,true
6427041,205,7:37:56,2,c_nurse_a_G8a3N,false,true
6427041,210,7:37:59,458,567
6427041,207,7:38:0,2,-200,-140
6427041,207,7:38:5,2,-140,0
6427041,211,7:38:6,214,405
6427041,213,7:38:6,2,s_door_G8a3N,true
6427041,210,7:38:8,460,180
6427041,211,7:38:9,176,572
6427041,213,7:38:9,2,s_pamphlet1_G8a3N,true
6427041,205,7:38:9,2,s_pamphlet1_G8a3N,false,false
6427041,221,7:38:20,2
6427041,220,7:38:23,2
6427041,213,7:38:25,2,s_beerCooler_G8a0,true
6427041,221,7:38:32,2
6427041,220,7:38:35,2
6427041,219,7:38:35,2
6427041,216,7:38:36,Stack_G8a3P
6427041,217,7:39:8,Stack_G8a3P,15,0.50
6427041,216,7:39:12,Stack_G8a3P
6427041,217,7:39:28,Stack_G8a3P,15,0.50
6427041,218,7:39:30,2
6427041,210,7:39:31,853,389
6427041,211,7:39:32,825,331
6427041,212,7:39:37,2
6427041,210,7:39:38,1102,341
6427041,211,7:39:41,539,447
6427041,213,7:39:41,2,c_friend1_F_a_G8a3P,true
6427041,210,7:39:45,157,466
6427041,211,7:39:45,157,466
6427041,207,7:39:45,2,-200,-155
6427041,210,7:39:45,122,424
6427041,207,7:39:45,2,-155,-80
6427041,211,7:39:46,205,349
6427041,213,7:39:46,2,c_crewKid1_F_a_G8a3P,true
6427041,210,7:39:50,57,432
6427041,211,7:39:50,57,432
6427041,207,7:39:50,2,-80,-50
6427041,207,7:39:50,2,-50,0
6427041,210,7:39:50,2,441
6427041,211,7:39:57,901,559
6427041,212,7:39:57,1
6427041,210,7:39:58,793,518
6427041,211,7:39:59,823,448
6427041,213,7:39:59,2,s_kidsCouch_G8a3P,true
6427041,205,7:39:59,2,s_kidsCouch_G8a3P,false,false
6427041,210,7:40:4,783,521
6427041,207,7:40:7,2,0,-240
6427041,207,7:40:9,2,-240,-492
6427041,207,7:40:14,2,-492,0
6427041,211,7:40:16,76,279
6427041,213,7:40:16,2,c_cousin_F_a_G8a3P,true
6427041,212,7:40:19,0
6427041,210,7:40:20,859,630
6427041,211,7:40:24,761,381
6427041,210,7:40:24,644,359
6427041,211,7:40:30,851,359
6427041,210,7:40:30,1091,295
6427041,207,7:40:31,2,0,-255
6427041,211,7:40:32,1094,406
6427041,213,7:40:32,2,c_crush2_F_a_G8a3P,true
6427041,205,7:40:32,2,c_crush2_F_a_G8a3P,false,false
6427041,210,7:40:37,784,598
6427041,211,7:40:39,1031,666
6427041,0,7:40:32,5/28/2014 3:32:13pm
6427041,100,7:40:34,2
6427041,102,7:40:36,2
6427041,200,7:40:36,2,9,15,14,10,18
6427041,221,7:40:40,2
6427041,220,7:40:44,2
6427041,210,7:41:1,591,506
6427041,211,7:41:1,533,510
6427041,213,7:41:1,2,c_friend1_F_a_G8a3P,true
6427041,221,7:41:29,2
6427041,220,7:41:30,2
6427041,210,7:41:32,1029,325
6427041,211,7:41:38,926,639
6427041,221,7:41:38,2
6427041,220,7:41:39,2
6427041,210,7:41:40,952,491
6427041,207,7:41:41,2,-200,-455
6427041,207,7:41:43,2,-455,-492
6427041,211,7:41:48,1101,311
6427041,213,7:41:48,2,c_crewKid1_F_a_G8a0,true
6427041,210,7:41:52,943,524
6427041,211,7:41:55,641,534
6427041,210,7:41:55,574,592
6427041,207,7:41:57,2,-492,0
6427041,211,7:41:59,503,583
6427041,213,7:41:59,2,s_bottleCrush2_F_G8a0,true
6427041,205,7:41:59,2,s_bottleCrush2_F_G8a0,false,false
6427041,221,7:42:5,2
6427041,220,7:42:7,2
6427041,219,7:42:7,2
6427041,216,7:42:7,Stack_G8a1P
6427041,217,7:42:13,Stack_G8a1P,5.0,12
6427041,216,7:42:14,Stack_G8a1P
6427041,217,7:42:35,Stack_G8a1P,17,0.00
6427041,218,7:42:37,2
6427041,210,7:42:38,1038,509
6427041,211,7:42:38,1001,572
6427041,213,7:42:38,2,c_crush2_F_a_G8a1P,true
6427041,205,7:42:38,2,c_crush2_F_a_G8a1P,false,false
6427041,210,7:42:42,584,587
6427041,211,7:42:43,707,565
6427041,221,7:42:44,2
6427041,220,7:42:46,2
6427041,212,7:42:47,0
6427041,210,7:42:48,606,555
6427041,211,7:42:51,1259,340
6427041,207,7:42:51,2,-200,-290
6427041,219,7:42:52,2
6427041,216,7:42:52,Stack_G8a2N
6427041,217,7:43:0,Stack_G8a2N,4.3,1.7
6427041,218,7:43:2,2
6427041,210,7:43:3,1037,450
6427041,211,7:43:4,1048,457
6427041,213,7:43:4,2,s_fumes_G8a2N,true
6427041,210,7:43:10,1043,521
6427041,207,7:43:11,2,-200,-492
6427041,211,7:43:15,1214,539
6427041,213,7:43:15,2,s_spraypaintCan_G8a2N,true
6427041,205,7:43:15,2,s_spraypaintCan_G8a2N,false,false
6427041,210,7:43:19,860,566
6427041,211,7:43:21,451,591
6427041,207,7:43:21,2,-492,-432
6427041,210,7:43:21,359,571
6427041,207,7:43:22,2,-432,0
6427041,211,7:43:24,560,200
6427041,212,7:43:25,2
6427041,210,7:43:25,557,272
6427041,211,7:43:26,513,195
6427041,210,7:43:27,589,564
6427041,211,7:43:28,683,595
6427041,212,7:43:29,1
6427041,210,7:43:29,595,596
6427041,207,7:43:31,2,0,-165
6427041,207,7:43:32,2,-165,-210
6427041,211,7:43:33,1102,582
6427041,213,7:43:33,2,c_crush2_F_a_G8a2N,true
6427041,205,7:43:33,2,c_crush2_F_a_G8a2N,false,false
6427041,221,7:43:39,2
6427041,220,7:43:42,2
6427041,210,7:43:43,1126,459
6427041,207,7:43:44,2,-200,-365
6427041,207,7:43:45,2,-365,-492
6427041,211,7:43:49,585,619
6427041,213,7:43:49,2,s_dirtyClothes_gen,true
6427041,205,7:43:49,2,s_dirtyClothes_gen,false,false
6427041,210,7:43:53,453,468
6427041,211,7:43:53,405,463
6427041,207,7:43:53,2,-492,-402
6427041,210,7:43:53,367,503
6427041,207,7:43:54,2,-402,-87
6427041,211,7:43:57,497,150
6427041,213,7:43:57,2,s_basementDoor_gen,true
6427041,205,7:43:57,2,s_basementDoor_gen,false,false
6427041,212,7:44:1,0
6427041,207,7:44:1,2,-87,-132
6427041,210,7:44:1,1076,475
6427041,207,7:44:2,2,-132,-312
6427041,207,7:44:4,2,-312,-387
6427041,211,7:44:6,535,617
6427041,221,7:44:10,2
6427041,220,7:44:12,2
6427041,210,7:44:14,618,528
6427041,211,7:44:14,575,691
6427041,210,7:44:16,727,438
6427041,207,7:44:21,2,-200,-215
6427041,207,7:44:21,2,-215,-275
6427041,211,7:44:22,1361,466
6427041,207,7:44:22,2,-275,-365
6427041,210,7:44:22,1415,479
6427041,207,7:44:22,2,-365,-440
6427041,207,7:44:23,2,-440,-492
6427041,211,7:44:25,1367,502
6427041,213,7:44:25,2,s_inhalantsShelf_gen,true
6427041,205,7:44:25,2,s_inhalantsShelf_gen,false,false
6427041,221,7:44:29,2
6427041,220,7:44:30,2
6427041,219,7:44:30,2
6427041,216,7:44:31,Stack_G8a2P
6427041,217,7:44:46,Stack_G8a2P,13,0.33
6427041,218,7:44:48,2
6427041,210,7:44:49,1166,407
6427041,211,7:44:49,1186,408
6427041,221,7:44:50,2
6427041,220,7:44:53,2
6427041,212,7:44:55,2
6427041,210,7:44:55,1175,459
6427041,211,7:44:59,495,535
6427041,213,7:44:59,2,c_kidSister_afri_a_G8a2P,true
6427041,205,7:44:59,2,c_kidSister_afri_a_G8a2P,false,false
6427041,221,7:45:6,2
6427041,220,7:45:7,2
6427041,212,7:45:8,1
6427041,210,7:45:9,683,541
6427041,211,7:45:9,723,540
6427041,212,7:45:10,0
6427041,210,7:45:10,731,535
6427041,211,7:45:11,714,564
6427041,213,7:45:11,2,s_sistersToy_G8a2P,true
6427041,205,7:45:11,2,s_sistersToy_G8a2P,false,false
6427041,221,7:45:18,2
6427041,220,7:45:21,2
6427041,207,7:45:22,2,-400,-445
6427041,210,7:45:22,1363,471
6427041,211,7:45:23,1510,463
6427041,207,7:45:23,2,-445,-505
6427041,210,7:45:24,1551,473
6427041,207,7:45:25,2,-505,-995
6427041,211,7:45:26,1999,473
6427041,212,7:45:27,2
6427041,210,7:45:27,1870,442
6427041,211,7:45:28,1902,456
6427041,213,7:45:28,2,c_crush2_F_a_G8a2P,true
6427041,205,7:45:28,2,c_crush2_F_a_G8a2P,false,false
6427041,210,7:45:32,1814,139
6427041,211,7:45:34,1979,126
6427041,213,7:45:34,2,s_pictureDad_afri_gen,true
6427041,205,7:45:34,2,s_pictureDad_afri_gen,false,false
6427041,221,7:45:37,2
6427041,220,7:45:39,2
6427041,212,7:45:40,0
6427041,210,7:45:40,1563,583
6427041,211,7:45:41,1510,610
6427041,213,7:45:41,2,s_magazine_G8a2P,true
6427041,205,7:45:41,2,s_magazine_G8a2P,false,false
6427041,221,7:45:44,2
6427041,220,7:45:46,2
6427041,203,7:45:46,2
6427041,100,7:45:58,8
6427041,102,7:45:59,8
6427041,200,7:45:59,8,9,15,14,10,18
6427041,219,7:45:59,8
6427041,216,7:46:0,Stack_G11a0
6427041,217,7:46:21,Stack_G11a0,14,1.7
6427041,218,7:46:25,8
6427041,210,7:46:25,649,486
6427041,211,7:46:26,650,559
6427041,213,7:46:26,8,s_backpack_G11a0,true
6427041,1003,7:46:30,0
6427041,210,7:46:34,426,404
6427041,211,7:46:35,449,375
6427041,221,7:46:36,8
6427041,220,7:46:37,8
6427041,212,7:46:37,2
6427041,210,7:46:38,390,360
6427041,211,7:46:38,453,385
6427041,213,7:46:38,8,c_friend1_F_G11a0,false
6427041,204,7:46:42,8
6427041,100,7:46:44,3
6427041,102,7:46:45,3
6427041,200,7:46:45,3,9,15,14,10,18
6427041,219,7:46:45,3
6427041,216,7:46:47,Stack_G8b0
6427041,217,7:47:4,Stack_G8b0,16,0.00
6427041,218,7:47:7,3
6427041,210,7:47:7,902,369
6427041,211,7:47:8,798,307
6427041,221,7:47:9,3
6427041,220,7:47:10,3
6427041,210,7:47:11,1254,405
6427041,207,7:47:11,3,-200,-380
6427041,211,7:47:11,1330,457
6427041,207,7:47:11,3,-380,-380
6427041,207,7:47:12,3,-380,-380
6427041,210,7:47:12,1280,423
6427041,211,7:47:12,1397,368
6427041,207,7:47:12,3,-380,-410
6427041,207,7:47:12,3,-410,-470
6427041,210,7:47:12,1376,413
6427041,211,7:47:13,1534,371
6427041,207,7:47:13,3,-470,-530
6427041,210,7:47:13,1599,320
6427041,207,7:47:13,3,-530,-620
6427041,211,7:47:14,1458,292
6427041,213,7:47:14,3,c_grandma_afri_a_G8b0,true
6427041,210,7:47:18,1635,466
6427041,207,7:47:18,3,-620,-860
6427041,211,7:47:20,1686,438
6427041,213,7:47:20,3,c_friend1_F_a_G8b0,true
6427041,205,7:47:20,3,c_friend1_F_a_G8b0,false,false
6427041,210,7:47:28,1654,432
6427041,207,7:47:29,3,-860,-995
6427041,211,7:47:32,1821,386
6427041,221,7:47:32,3
6427041,220,7:47:34,3
6427041,212,7:47:36,1
6427041,210,7:47:37,1438,554
6427041,207,7:47:47,3,-995,0
6427041,211,7:47:50,272,135
6427041,210,7:47:51,254,124
6427041,211,7:47:51,265,128
6427041,210,7:47:52,265,146
6427041,211,7:47:53,295,128
6427041,213,7:47:53,3,c_kidSister_afri_a_G8b0,true
6427041,205,7:47:53,3,c_kidSister_afri_a_G8b0,false,false
6427041,210,7:48:0,757,276
6427041,207,7:48:1,3,0,-180
6427041,211,7:48:1,1081,337
6427041,221,7:48:2,3
6427041,220,7:48:4,3
6427041,212,7:48:5,0
6427041,210,7:48:5,1097,307
6427041,207,7:48:7,3,-180,-795
6427041,211,7:48:14,1556,333
6427041,213,7:48:14,3,s_pillBottle_G8b0,true
6427041,205,7:48:14,3,s_pillBottle_G8b0,false,false
6427041,219,7:48:18,3
6427041,216,7:48:19,Stack_G8b1N
6427041,217,7:48:34,Stack_G8b1N,11,0.67
6427041,218,7:48:35,3
6427041,210,7:48:36,1019,337
6427041,211,7:48:38,681,442
6427041,212,7:48:39,2
6427041,210,7:48:39,1023,324
6427041,211,7:48:40,1009,323
6427041,213,7:48:40,3,c_grandma_afri_a_G8b1N,true
6427041,205,7:48:40,3,c_grandma_afri_a_G8b1N,false,false
6427041,210,7:48:45,585,468
6427041,207,7:48:47,3,-200,0
6427041,211,7:48:48,307,488
6427041,212,7:48:49,1
6427041,210,7:48:49,669,456
6427041,211,7:48:50,659,453
6427041,213,7:48:50,3,c_friend1_F_a_G8b1N,true
6427041,205,7:48:50,3,c_friend1_F_a_G8b1N,false,false
6427041,210,7:48:53,187,464
6427041,211,7:48:54,182,480
6427041,213,7:48:54,3,c_kidSister_afri_a_G8b1N,true
6427041,205,7:48:54,3,c_kidSister_afri_a_G8b1N,false,false
6427041,221,7:48:59,3
6427041,220,7:49:0,3
6427041,219,7:49:0,3
6427041,216,7:49:1,Stack_G8b1P
6427041,217,7:49:13,Stack_G8b1P,10,1.0
6427041,218,7:49:16,3
6427041,210,7:49:16,922,477
6427041,211,7:49:17,937,600
6427041,221,7:49:18,3
6427041,220,7:49:19,3
6427041,212,7:49:20,2
6427041,210,7:49:20,807,480
6427041,211,7:49:21,859,477
6427041,213,7:49:21,3,c_friend1_F_a_G8b1P,true
6427041,205,7:49:21,3,c_friend1_F_a_G8b1P,false,false
6427041,221,7:49:24,3
6427041,220,7:49:26,3
6427041,212,7:49:27,1
6427041,210,7:49:27,972,462
6427041,211,7:49:28,1126,632
6427041,212,7:49:28,0
6427041,210,7:49:29,971,468
6427041,211,7:49:32,990,507
6427041,213,7:49:32,3,s_pillBottle_F_G8b1P,true
6427041,205,7:49:32,3,s_pillBottle_F_G8b1P,false,false
6427041,221,7:49:36,3
6427041,220,7:49:38,3
6427041,210,7:49:39,637,329
6427041,211,7:49:40,286,155
6427041,212,7:49:41,1
6427041,210,7:49:42,380,235
6427041,207,7:49:43,3,-200,-35
6427041,207,7:49:49,3,-35,-635
6427041,211,7:49:50,1460,341
6427041,213,7:49:50,3,c_grandma_afri_a_G8b1P,true
6427041,205,7:49:50,3,c_grandma_afri_a_G8b1P,false,false
6427041,221,7:49:54,3
6427041,220,7:49:55,3
6427041,210,7:49:56,1690,450
6427041,207,7:49:56,3,-635,-995
6427041,211,7:49:59,1463,643
6427041,219,7:50:0,3
6427041,216,7:50:0,Stack_G8b2N
6427041,217,7:50:10,Stack_G8b2N,5.2,0.33
6427041,218,7:50:12,3
6427041,210,7:50:13,1028,391
6427041,211,7:50:13,1051,417
6427041,213,7:50:13,3,c_teacherEng_G8b2N,true
6427041,205,7:50:13,3,c_teacherEng_G8b2N,false,false
6427041,210,7:50:17,796,461
6427041,211,7:50:19,838,222
6427041,213,7:50:19,3,s_clock_G8b2N,true
6427041,205,7:50:19,3,s_clock_G8b2N,false,false
6427041,210,7:50:23,815,415
6427041,211,7:50:24,820,486
6427041,213,7:50:24,3,c_crewKid2_F_a_G8b2N,true
6427041,205,7:50:24,3,c_crewKid2_F_a_G8b2N,false,false
6427041,210,7:50:27,576,506
6427041,207,7:50:29,3,-200,-454
6427041,211,7:50:34,1000,629
6427041,213,7:50:34,3,c_teacherEng_G8b2N,true
6427041,205,7:50:34,3,c_teacherEng_G8b2N,false,true
6427041,212,7:50:38,2
6427041,210,7:50:39,815,491
6427041,211,7:50:40,603,455
6427041,213,7:50:40,3,c_friend1_F_a_G8b2N,true
6427041,205,7:50:40,3,c_friend1_F_a_G8b2N,false,false
6427041,210,7:50:43,1200,394
6427041,211,7:50:46,1118,448
6427041,212,7:50:47,0
6427041,210,7:50:48,1078,398
6427041,211,7:51:4,1096,612
6427041,210,7:51:8,1071,370
6427041,211,7:51:14,1099,420
6427041,213,7:51:14,3,s_sandwichBagPills_G8b2N,true
6427041,205,7:51:14,3,s_sandwichBagPills_G8b2N,false,false
6427041,221,7:51:19,3
6427041,220,7:51:21,3
6427041,210,7:51:23,742,524
6427041,211,7:51:24,739,545
6427041,221,7:51:40,3
6427041,220,7:51:42,3
6427041,1003,7:51:42,3
6427041,1004,7:51:50,3
6427041,1002,7:51:53,3
6427041,1003,7:51:53,3
6427041,1004,7:51:56,3
6427041,500,7:51:59,3,[]
6427041,501,7:52:0,3,[]
6427041,502,7:52:10,3,[IntentionData_logId:2,true]
6427041,503,7:52:11,3,[]
6427041,504,7:52:13,3,[InfluenceData_logId:6]
6427041,504,7:52:13,3,[InfluenceData_logId:8]
6427041,504,7:52:13,3,[InfluenceData_logId:7]
6427041,504,7:52:13,3,[InfluenceData_logId:5]
6427041,504,7:52:14,3,[InfluenceData_logId:4]
6427041,504,7:52:14,3,[InfluenceData_logId:3]
6427041,504,7:52:14,3,[InfluenceData_logId:1]
6427041,504,7:52:15,3,[InfluenceData_logId:2]
6427041,504,7:52:16,3,[InfluenceData_logId:8]
6427041,505,7:52:17,3,[InfluenceData_logId:2,false,InfluenceData_logId:3,true,InfluenceData_logId:8,true]
6427041,506,7:52:19,3,[]
6427041,507,7:52:28,3,[OpponentAttackData_logId:2,OpponentAttackTypeData_logId:1,true,0]
6427041,508,7:52:31,3,[]
6427041,509,7:52:34,3,[RefusalData_logId:2,2]
6427041,510,7:53:5,3,[AvailableRefusalData_logId:2,0A]
6427041,510,7:53:14,3,[AvailableRefusalData_logId:2,0C]
6427041,510,7:53:23,3,[AvailableRefusalData_logId:2,0B]
6427041,510,7:53:24,3,[AvailableRefusalData_logId:2,1B]
6427041,510,7:53:24,3,[AvailableRefusalData_logId:2,2B]
6427041,511,7:53:25,3,[AvailableRefusalData_logId:2,0B,1B,2B,false,0]
6427041,512,7:53:27,3,[]
6427041,513,7:53:27,3,[30]
6427041,514,7:53:29,3,[]
6427041,507,7:53:34,3,[OpponentAttackData_logId:1,OpponentAttackTypeData_logId:3,true,0]
6427041,508,7:53:37,3,[]
6427041,509,7:53:41,3,[RefusalData_logId:7,0]
6427041,510,7:53:47,3,[AvailableRefusalData_logId:7,0A]
6427041,510,7:53:47,3,[AvailableRefusalData_logId:7,1A]
6427041,510,7:53:48,3,[AvailableRefusalData_logId:7,2A]
6427041,511,7:53:49,3,[AvailableRefusalData_logId:7,0A,1A,2A,true,20]
6427041,512,7:53:51,3,[]
6427041,513,7:53:51,3,[30]
6427041,514,7:53:54,3,[]
6427041,507,7:54:5,3,[OpponentAttackData_logId:0,OpponentAttackTypeData_logId:2,false,30]
6427041,508,7:54:7,3,[]
6427041,509,7:54:11,3,[RefusalData_logId:8,0]
6427041,510,7:54:25,3,[AvailableRefusalData_logId:8,0A]
6427041,510,7:54:26,3,[AvailableRefusalData_logId:8,1A]
6427041,510,7:54:26,3,[AvailableRefusalData_logId:8,2A]
6427041,511,7:54:27,3,[AvailableRefusalData_logId:8,0A,1A,2A,true,20]
6427041,512,7:54:29,3,[]
6427041,513,7:54:29,3,[30]
6427041,514,7:54:32,3,[]
6427041,100,7:54:38,3
6427041,102,7:54:39,3
6427041,200,7:54:39,3,9,15,14,10,18
6427041,221,7:54:45,3
6427041,220,7:54:48,3
6427041,210,7:54:53,980,449
6427041,211,7:54:53,708,578
6427041,221,7:55:44,3
6427041,220,7:55:47,3
6427041,1003,7:55:47,3
6427041,221,7:55:51,3
6427041,220,7:55:54,3
6427041,1003,7:55:54,3
6427041,1004,7:56:7,5
6427041,500,7:56:20,5,[]
6427041,501,7:56:22,5,[]
6427041,502,7:56:31,5,[IntentionData_logId:2,true]
6427041,503,7:56:32,5,[]
6427041,504,7:56:34,5,[InfluenceData_logId:8]
6427041,504,7:56:34,5,[InfluenceData_logId:8]
6427041,504,7:56:35,5,[InfluenceData_logId:3]
6427041,504,7:56:36,5,[InfluenceData_logId:0]
6427041,504,7:56:36,5,[InfluenceData_logId:1]
6427041,504,7:56:37,5,[InfluenceData_logId:2]
6427041,504,7:56:41,5,[InfluenceData_logId:0]
6427041,504,7:56:43,5,[InfluenceData_logId:3]
6427041,504,7:56:44,5,[InfluenceData_logId:6]
6427041,504,7:56:46,5,[InfluenceData_logId:5]
6427041,505,7:56:47,5,[InfluenceData_logId:0,true,InfluenceData_logId:5,true,InfluenceData_logId:6,true]
6427041,506,7:56:50,5,[]
6427041,507,7:56:58,5,[OpponentAttackData_logId:0,OpponentAttackTypeData_logId:1,true,0]
6427041,508,7:57:1,5,[]
6427041,509,7:57:4,5,[RefusalData_logId:2,2]
6427041,510,7:57:16,5,[AvailableRefusalData_logId:2,0A]
6427041,510,7:57:16,5,[AvailableRefusalData_logId:2,1A]
6427041,510,7:57:18,5,[AvailableRefusalData_logId:2,2A]
6427041,511,7:57:19,5,[AvailableRefusalData_logId:2,0A,1A,2A,true,50]
6427041,512,7:57:22,5,[]
6427041,513,7:57:22,5,[0]
6427041,514,7:57:23,5,[]
6427041,507,7:57:33,5,[OpponentAttackData_logId:3,OpponentAttackTypeData_logId:3,true,0]
6427041,508,7:57:35,5,[]
6427041,509,7:57:46,5,[RefusalData_logId:7,0]
6427041,510,7:58:9,5,[AvailableRefusalData_logId:7,0A]
6427041,510,7:58:9,5,[AvailableRefusalData_logId:7,1A]
6427041,510,7:58:10,5,[AvailableRefusalData_logId:7,2A]
6427041,511,7:58:11,5,[AvailableRefusalData_logId:7,0A,1A,2A,true,20]
6427041,512,7:58:13,5,[]
6427041,513,7:58:13,5,[30]
6427041,514,7:58:16,5,[]
6427041,507,7:58:21,5,[OpponentAttackData_logId:2,OpponentAttackTypeData_logId:4,false,30]
6427041,508,7:58:23,5,[]
6427041,509,7:58:27,5,[RefusalData_logId:4,2]
6427041,510,7:58:38,5,[AvailableRefusalData_logId:4,0A]
6427041,510,7:58:39,5,[AvailableRefusalData_logId:4,1A]
6427041,510,7:58:40,5,[AvailableRefusalData_logId:4,2A]
6427041,511,7:58:41,5,[AvailableRefusalData_logId:4,0A,1A,2A,true,50]
6427041,512,7:58:44,5,[]
6427041,515,7:58:44,5,[90,0]
6427041,516,7:58:44,5,[]
6427041,517,7:58:45,5,[]
6427041,1005,7:58:45,5,[3,0,2]
6427041,1001,7:58:47,5,[]
6427041,1003,7:58:47,3
6427041,100,7:58:50,3
6427041,102,7:58:52,3
6427041,200,7:58:52,3,9,15,14,12,18
6427041,221,7:58:56,3
6427041,220,7:58:57,3
6427041,219,7:58:57,3
6427041,216,7:58:57,Stack_G8b2P
6427041,217,7:59:10,Stack_G8b2P,11,0.67
6427041,218,7:59:12,3
6427041,207,7:59:12,3,-200,-230
6427041,210,7:59:13,1160,305
6427041,211,7:59:13,1105,438
6427041,221,7:59:14,3
6427041,220,7:59:17,3
6427041,212,7:59:18,2
6427041,210,7:59:19,1117,299
6427041,211,7:59:22,592,518
6427041,210,7:59:22,495,593
6427041,211,7:59:23,490,554
6427041,213,7:59:23,3,c_friend1_F_a_G8b2P,true
6427041,205,7:59:23,3,c_friend1_F_a_G8b2P,false,false
6427041,210,7:59:28,224,448
6427041,207,7:59:29,3,-230,-35
6427041,207,7:59:30,3,-35,0
6427041,211,7:59:33,1047,367
6427041,207,7:59:33,3,0,-45
6427041,210,7:59:34,1106,380
6427041,207,7:59:36,3,-45,-995
6427041,211,7:59:40,1430,421
6427041,213,7:59:40,3,c_grandma_afri_a_G8b2P,true
6427041,205,7:59:40,3,c_grandma_afri_a_G8b2P,false,false
6427041,221,7:59:45,3
6427041,220,7:59:47,3
6427041,212,7:59:47,1
6427041,210,7:59:48,1520,296
6427041,211,7:59:54,1565,325
6427041,210,7:59:55,1591,306
6427041,211,7:59:58,1555,331
6427041,210,7:59:59,1568,318
6427041,211,7:59:59,1557,321
6427041,213,7:59:59,3,s_pillBottle_G8b2P,true
6427041,205,7:59:59,3,s_pillBottle_G8b2P,false,false
6427041,221,8:0:3,3
6427041,220,8:0:4,3
6427041,203,8:0:4,3
6427041,100,8:0:15,5
6427041,102,8:0:16,5
6427041,200,8:0:16,5,9,15,14,12,18
6427041,219,8:0:16,5
6427041,216,8:0:18,Stack_G9b0
6427041,217,8:0:36,Stack_G9b0,17,1.2
6427041,218,8:0:38,5
6427041,210,8:0:38,946,399
6427041,211,8:0:39,863,399
6427041,221,8:0:40,5
6427041,220,8:0:40,5
6427041,212,8:0:41,2
6427041,210,8:0:42,836,397
6427041,211,8:0:42,842,408
6427041,213,8:0:42,5,c_kidSister_afri_a_G9b0,true
6427041,210,8:0:46,552,520
6427041,207,8:0:48,5,-200,-95
6427041,207,8:0:52,5,-95,-185
6427041,211,8:0:53,1246,516
6427041,207,8:0:53,5,-185,-245
6427041,207,8:0:53,5,-245,-290
6427041,210,8:0:53,1125,627
6427041,211,8:0:53,1125,627
6427041,219,8:0:54,5
6427041,216,8:0:55,Stack_G9b1N
6427041,217,8:1:8,Stack_G9b1N,10,6.5
6427041,218,8:1:9,5
6427041,210,8:1:10,784,303
6427041,211,8:1:11,766,461
6427041,210,8:1:13,807,391
6427041,211,8:1:15,983,254
6427041,221,8:1:15,5
6427041,220,8:1:17,5
6427041,212,8:1:17,1
6427041,210,8:1:17,947,260
6427041,207,8:1:19,5,-200,-275
6427041,211,8:1:19,1060,305
6427041,213,8:1:19,5,s_mirror_F_G9b0,true
6427041,205,8:1:19,5,s_mirror_F_G9b0,false,false
6427041,210,8:1:23,532,121
6427041,207,8:1:25,5,-275,-50
6427041,211,8:1:27,273,609
6427041,213,8:1:27,5,s_cellPhone_F_G9b0,true
6427041,210,8:1:30,166,467
6427041,211,8:1:31,417,655
6427041,210,8:1:31,568,466
6427041,207,8:1:33,5,-50,-155
6427041,211,8:1:33,1071,402
6427041,221,8:1:34,5
6427041,220,8:1:35,5
6427041,207,8:1:38,5,-200,-260
6427041,210,8:1:38,1135,331
6427041,207,8:1:39,5,-260,-320
6427041,211,8:1:39,1147,328
6427041,213,8:1:39,5,c_cousin_F_a_G9b1N,true
6427041,205,8:1:39,5,c_cousin_F_a_G9b1N,false,false
6427041,210,8:1:43,1024,448
6427041,211,8:1:44,756,241
6427041,213,8:1:44,5,c_teacherEng_G9b1N,true
6427041,205,8:1:44,5,c_teacherEng_G9b1N,false,false
6427041,210,8:1:48,599,328
6427041,207,8:1:50,5,-320,0
6427041,211,8:1:52,207,188
6427041,213,8:1:52,5,c_kidSister_afri_a_G9b1N,true
6427041,205,8:1:52,5,c_kidSister_afri_a_G9b1N,false,false
6427041,210,8:1:56,323,534
6427041,207,8:2:0,5,0,-995
6427041,211,8:2:13,1401,530
6427041,213,8:2:13,5,s_puddleFloor_G9b1N,true
6427041,221,8:2:17,5
6427041,220,8:2:19,5
6427041,212,8:2:20,2
6427041,210,8:2:23,1014,440
6427041,207,8:2:24,5,-200,-365
6427041,207,8:2:26,5,-365,-455
6427041,211,8:2:27,1535,515
6427041,207,8:2:27,5,-455,-530
6427041,210,8:2:28,1622,500
6427041,207,8:2:28,5,-530,-665
6427041,207,8:2:28,5,-665,-815
6427041,207,8:2:35,5,-815,0
6427041,207,8:2:39,5,0,-165
6427041,207,8:2:41,5,-165,-270
6427041,211,8:2:42,1330,486
6427041,207,8:2:42,5,-270,-330
6427041,210,8:2:42,1418,481
6427041,207,8:2:43,5,-330,-870
6427041,207,8:2:46,5,-870,-995
6427041,211,8:2:49,1370,367
6427041,212,8:2:51,0
6427041,210,8:2:53,1179,87
6427041,211,8:3:0,1438,632
6427041,210,8:3:0,1483,571
6427041,211,8:3:1,1500,554
6427041,213,8:3:1,5,s_beerBottle_G9b1N,true
6427041,1003,8:3:7,0
6427041,204,8:3:15,5
6427041,100,8:3:21,10
6427041,102,8:3:22,10
6427041,200,8:3:22,10,9,15,14,12,18
6427041,210,8:3:24,779,450
6427041,211,8:3:25,780,433
6427041,221,8:3:26,10
6427041,220,8:3:27,10
6427041,212,8:3:28,2
6427041,210,8:3:29,747,414
6427041,211,8:3:29,751,405
6427041,213,8:3:29,10,c_mom_afri_G12a0,false
6427041,1003,8:3:32,2
6427041,100,8:3:38,5
6427041,102,8:3:39,5
6427041,200,8:3:39,5,9,15,14,12,18
6427041,210,8:3:42,567,492
6427041,211,8:3:42,591,499
6427041,213,8:3:42,5,c_cousin_F_a_G9b0,true
6427041,212,8:3:46,1
6427041,221,8:3:47,5
6427041,220,8:3:51,5
6427041,212,8:3:52,0
6427041,210,8:3:52,1068,471
6427041,207,8:3:57,5,-200,-485
6427041,207,8:4:1,5,-485,-512
6427041,211,8:4:5,536,349
6427041,207,8:4:5,5,-512,-482
6427041,210,8:4:5,433,467
6427041,207,8:4:6,5,-482,0
6427041,211,8:4:9,352,443
6427041,213,8:4:9,5,s_clock_F_G9b0,true
6427041,210,8:4:14,284,550
6427041,211,8:4:16,552,434
6427041,210,8:4:17,361,221
6427041,211,8:4:18,473,487
6427041,212,8:4:18,1
6427041,210,8:4:19,505,198
6427041,207,8:4:23,5,0,-195
6427041,211,8:4:24,998,296
6427041,213,8:4:24,5,s_pictureDad_afri_F_gen,true
6427041,205,8:4:24,5,s_pictureDad_afri_F_gen,false,false
6427041,221,8:4:31,5
6427041,220,8:4:38,5
6427041,210,8:4:38,674,651
6427041,211,8:4:38,695,694
6427041,212,8:4:41,0
6427041,210,8:4:43,967,315
6427041,211,8:4:47,213,471
6427041,207,8:4:47,5,-200,-185
6427041,207,8:4:47,5,-185,-140
6427041,210,8:4:47,257,408
6427041,211,8:4:48,337,488
6427041,213,8:4:48,5,s_joint_G9b1N,true
6427041,210,8:4:55,728,489
6427041,211,8:4:55,859,538
6427041,221,8:4:56,5
6427041,220,8:4:58,5
6427041,212,8:5:0,1
6427041,210,8:5:0,1015,239
6427041,207,8:5:2,5,-200,-335
6427041,207,8:5:10,5,-335,-485
6427041,211,8:5:15,1358,318
6427041,210,8:7:35,941,291
6427041,207,8:7:37,5,-485,-512
6427041,211,8:7:38,1293,321
6427041,212,8:7:39,0
6427041,221,8:7:39,5
6427041,220,8:7:41,5
6427041,210,8:7:41,1258,336
6427041,207,8:7:47,5,-512,-347
6427041,207,8:7:50,5,-347,-272
6427041,211,8:7:51,525,570
6427041,221,8:7:51,5
6427041,300,8:7:56
6427041,220,8:7:56,5
6427041,301,8:8:0,3
6427041,302,8:8:11,3,2,1,21
6427041,304,8:8:12,3,2,1,-1,,21,
6427041,302,8:8:18,3,4,0,4
6427041,304,8:8:18,3,4,0,-1,,4,
6427041,302,8:8:23,3,2,0,3
6427041,302,8:8:28,3,2,0,6
6427041,303,8:8:32,3,2,0,6
6427041,306,8:8:40,3,0,1
6427041,304,8:8:40,3,2,0,-1,,6,presdient
6427041,302,8:8:49,3,3,0,1
6427041,304,8:8:49,3,3,0,-1,,1,
6427041,302,8:8:54,3,0,0,6
6427041,302,8:8:58,3,0,0,5
6427041,302,8:8:58,3,0,0,0
6427041,303,8:9:0,3,0,0,0
6427041,306,8:9:27,3,1,2
6427041,304,8:9:27,3,0,0,-1,,0,math
6427041,302,8:9:32,3,1,0,0
6427041,304,8:9:33,3,1,0,-1,,0,
6427041,302,8:9:40,3,5,0,7
6427041,303,8:9:41,3,5,0,7
6427041,306,8:9:44,3,2,3
6427041,304,8:9:44,3,5,0,-1,,7,vertain
6427041,301,8:9:47,4
6427041,302,8:10:8,4,0,0,5
6427041,304,8:10:10,4,0,0,-1,,5,
6427041,302,8:10:18,4,1,1,3
6427041,304,8:10:18,4,1,1,-1,,3,
6427041,302,8:10:22,4,1,2,4
6427041,306,8:10:25,4,0,1
6427041,304,8:10:25,4,1,2,-1,,4,
6427041,302,8:10:30,4,1,0,1
6427041,304,8:10:31,4,1,0,-1,,1,
6427041,302,8:10:38,4,1,3,5
6427041,302,8:10:40,4,1,3,0
6427041,306,8:10:42,4,1,2
6427041,304,8:10:42,4,1,3,-1,,0,
6427041,301,8:10:43,7
6427041,301,8:10:46,4
6427041,302,8:10:55,4,2,0,7
6427041,303,8:10:58,4,2,0,7
6427041,304,8:11:1,4,2,0,-1,,7,newbyork
6427041,303,8:11:5,4,2,0,7
6427041,304,8:11:9,4,2,0,7,newbyork,7,new york
6427041,302,8:11:14,4,3,0,0
6427041,303,8:11:17,4,3,0,0
6427041,306,8:11:19,4,2,3
6427041,304,8:11:19,4,3,0,-1,,0,mall
6427041,301,8:11:21,7
6427041,302,8:11:30,7,0,1,1
6427041,302,8:11:30,7,0,1,3
6427041,304,8:11:31,7,0,1,-1,,3,
6427041,302,8:11:34,7,0,2,1
6427041,302,8:11:38,7,0,2,4
6427041,302,8:11:40,7,0,2,2
6427041,304,8:11:40,7,0,2,-1,,2,
6427041,302,8:11:43,7,0,0,0
6427041,306,8:11:43,7,0,1
6427041,304,8:11:43,7,0,0,-1,,0,
6427041,302,8:11:47,7,1,0,1
6427041,304,8:11:48,7,1,0,-1,,1,
6427041,302,8:11:50,7,1,2,2
6427041,302,8:11:51,7,1,2,4
6427041,304,8:11:52,7,1,2,-1,,4,
6427041,302,8:11:57,7,1,1,5
6427041,306,8:11:58,7,1,2
6427041,304,8:11:58,7,1,1,-1,,5,
6427041,302,8:12:1,7,2,0,1
6427041,304,8:12:3,7,2,0,-1,,1,
6427041,302,8:12:5,7,2,1,5
6427041,306,8:12:6,7,2,3
6427041,304,8:12:6,7,2,1,-1,,5,
6427041,221,8:12:14,5
6427041,220,8:12:16,5
6427041,1003,8:12:16,3
6427041,204,8:12:20,5
6427041,100,8:13:8,8
6427041,101,8:13:9,8
6427041,100,8:13:12,6
6427041,102,8:13:13,6
6427041,200,8:13:13,6,9,15,14,12,27
6427041,221,8:13:17,6
6427041,220,8:13:20,6
6427041,221,8:13:23,6
6427041,220,8:13:25,6
6427041,210,8:13:26,990,536
6427041,211,8:13:34,1107,449
6427041,212,8:13:34,1
6427041,210,8:13:35,1024,274
6427041,207,8:13:37,6,-200,-320
6427041,207,8:13:38,6,-320,-365
6427041,207,8:13:42,6,-365,-80
6427041,207,8:13:46,6,-80,-275
6427041,207,8:13:47,6,-275,-512
6427041,211,8:13:51,1530,515
6427041,212,8:13:51,0
6427041,210,8:13:52,1220,326
6427041,211,8:13:53,1260,351
6427041,213,8:13:53,6,s_window_F_G10a1N,true
6427041,221,8:13:55,6
6427041,220,8:13:58,6
6427041,204,8:14:0,6
6427041,100,8:14:4,8
6427041,102,8:14:5,8
6427041,200,8:14:5,8,9,15,14,12,27
6427041,210,8:14:8,646,533
6427041,211,8:14:9,731,590
6427041,210,8:14:13,429,420
6427041,211,8:14:13,429,420
6427041,219,8:14:14,8
6427041,216,8:14:15,Stack_G11a1N
6427041,217,8:14:32,Stack_G11a1N,15,0.00
6427041,218,8:14:34,8
6427041,210,8:14:35,512,450
6427041,211,8:14:36,824,568
6427041,212,8:14:36,2
6427041,210,8:14:37,519,464
6427041,211,8:14:40,1228,394
6427041,207,8:14:40,8,-200,-230
6427041,207,8:14:40,8,-230,-245
6427041,210,8:14:40,929,342
6427041,211,8:14:42,539,471
6427041,213,8:14:42,8,c_crush1_F_G11a1N,false
6427041,212,8:14:47,1
6427041,210,8:14:47,1055,484
6427041,211,8:14:51,868,360
6427041,213,8:14:51,8,s_door_F_gen,false
6427041,210,8:15:13,846,265
6427041,211,8:15:13,849,278
6427041,213,8:15:13,8,s_door_F_gen,false
6427041,1003,8:15:17,1
6427041,1004,8:15:21,3
6427041,800,8:15:25,3,[]
6427041,801,8:15:27,3,[]
6427041,814,8:15:27,3,[2]
6427041,815,8:15:28,3,2,OpportunityCardData_id:12
6427041,816,8:15:29,3,2,OpportunityCardData_id:12
6427041,805,8:15:30,3,[OpportunityCardData_id:12]
6427041,807,8:15:31,3,[OpportunityCardData_id:12]
6427041,808,8:15:33,3,[OpportunityCardData_id:12]
6427041,809,8:15:39,3,[OpportunityCardData_id:12,PriorityData_type:0,false]
6427041,810,8:15:40,3,[OpportunityCardData_id:12,PriorityData_type:2,10,PriorityData_type:0,10]
6427041,814,8:15:42,3,[2]
6427041,815,8:15:42,3,2,OpportunityCardData_id:13
6427041,816,8:15:44,3,2,OpportunityCardData_id:13
6427041,805,8:15:45,3,[OpportunityCardData_id:13]
6427041,807,8:15:46,3,[OpportunityCardData_id:13]
6427041,808,8:15:50,3,[OpportunityCardData_id:13]
6427041,809,8:15:57,3,[OpportunityCardData_id:13,PriorityData_type:0,false]
6427041,810,8:15:57,3,[OpportunityCardData_id:13,PriorityData_type:2,5,PriorityData_type:0,20]
6427041,814,8:16:0,3,[2]
6427041,815,8:16:0,3,2,OpportunityCardData_id:14
6427041,815,8:16:1,3,2,OpportunityCardData_id:15
6427041,815,8:16:2,3,2,OpportunityCardData_id:16
6427041,815,8:16:2,3,2,OpportunityCardData_id:17
6427041,815,8:16:2,3,2,OpportunityCardData_id:14
6427041,815,8:16:2,3,2,OpportunityCardData_id:15
6427041,815,8:16:4,3,2,OpportunityCardData_id:14
6427041,815,8:16:5,3,2,OpportunityCardData_id:17
6427041,816,8:16:6,3,2,OpportunityCardData_id:17
6427041,805,8:16:10,3,[OpportunityCardData_id:17]
6427041,807,8:16:12,3,[OpportunityCardData_id:17]
6427041,808,8:16:14,3,[OpportunityCardData_id:17]
6427041,809,8:16:20,3,[OpportunityCardData_id:17,Safe,false]
6427041,810,8:16:22,3,[OpportunityCardData_id:17,PriorityData_type:2,15,Safe,Safe]
6427041,814,8:16:23,3,[2]
6427041,815,8:16:24,3,2,OpportunityCardData_id:14
6427041,815,8:16:24,3,2,OpportunityCardData_id:15
6427041,815,8:16:25,3,2,OpportunityCardData_id:16
6427041,815,8:16:25,3,2,OpportunityCardData_id:14
6427041,815,8:16:26,3,2,OpportunityCardData_id:15
6427041,815,8:16:26,3,2,OpportunityCardData_id:16
6427041,815,8:16:26,3,2,OpportunityCardData_id:14
6427041,815,8:16:26,3,2,OpportunityCardData_id:15
6427041,817,8:16:26,3,2
6427041,814,8:16:27,3,[0]
6427041,815,8:16:27,3,0,OpportunityCardData_id:0
6427041,816,8:16:28,3,0,OpportunityCardData_id:0
6427041,805,8:16:29,3,[OpportunityCardData_id:0]
6427041,807,8:16:30,3,[OpportunityCardData_id:0]
6427041,808,8:16:32,3,[OpportunityCardData_id:0]
6427041,809,8:16:40,3,[OpportunityCardData_id:0,PriorityData_type:2,false]
6427041,810,8:16:41,3,[OpportunityCardData_id:0,PriorityData_type:0,15,PriorityData_type:2,10]
6427041,814,8:16:43,3,[0]
6427041,815,8:16:43,3,0,OpportunityCardData_id:1
6427041,816,8:16:44,3,0,OpportunityCardData_id:1
6427041,805,8:16:45,3,[OpportunityCardData_id:1]
6427041,807,8:16:46,3,[OpportunityCardData_id:1]
6427041,808,8:16:47,3,[OpportunityCardData_id:1]
6427041,809,8:16:54,3,[OpportunityCardData_id:1,PriorityData_type:3,false]
6427041,810,8:16:55,3,[OpportunityCardData_id:1,PriorityData_type:0,15,PriorityData_type:3,10]
6427041,814,8:16:57,3,[0]
6427041,815,8:16:57,3,0,OpportunityCardData_id:2
6427041,816,8:16:59,3,0,OpportunityCardData_id:2
6427041,805,8:17:0,3,[OpportunityCardData_id:2]
6427041,807,8:17:1,3,[OpportunityCardData_id:2]
6427041,808,8:17:3,3,[OpportunityCardData_id:2]
6427041,809,8:17:13,3,[OpportunityCardData_id:2,PriorityData_type:4,false]
6427041,810,8:17:14,3,[OpportunityCardData_id:2,PriorityData_type:0,10,PriorityData_type:4,10]
6427041,814,8:17:16,3,[0]
6427041,815,8:17:16,3,0,OpportunityCardData_id:3
6427041,816,8:17:17,3,0,OpportunityCardData_id:3
6427041,805,8:17:18,3,[OpportunityCardData_id:3]
6427041,807,8:17:18,3,[OpportunityCardData_id:3]
6427041,808,8:17:20,3,[OpportunityCardData_id:3]
6427041,809,8:17:27,3,[OpportunityCardData_id:3,Safe,false]
6427041,810,8:17:27,3,[OpportunityCardData_id:3,PriorityData_type:0,10,Safe,Safe]
6427041,814,8:17:29,3,[0]
6427041,815,8:17:29,3,0,OpportunityCardData_id:4
6427041,815,8:17:30,3,0,OpportunityCardData_id:5
6427041,815,8:17:30,3,0,OpportunityCardData_id:4
6427041,815,8:17:31,3,0,OpportunityCardData_id:5
6427041,815,8:17:31,3,0,OpportunityCardData_id:4
6427041,815,8:17:31,3,0,OpportunityCardData_id:5
6427041,815,8:17:31,3,0,OpportunityCardData_id:4
6427041,815,8:17:32,3,0,OpportunityCardData_id:5
6427041,815,8:17:32,3,0,OpportunityCardData_id:4
6427041,815,8:17:32,3,0,OpportunityCardData_id:5
6427041,817,8:17:34,3,0
6427041,1002,8:17:40,3
6427041,1003,8:17:40,1
6427041,1004,8:17:42,5
6427041,800,8:17:45,5,[]
6427041,801,8:17:52,5,[]
6427041,814,8:17:53,5,[1]
6427041,815,8:17:53,5,1,OpportunityCardData_id:7
6427041,816,8:17:55,5,1,OpportunityCardData_id:7
6427041,805,8:17:57,5,[OpportunityCardData_id:7]
6427041,807,8:17:58,5,[OpportunityCardData_id:7]
6427041,808,8:18:0,5,[OpportunityCardData_id:7]
6427041,809,8:18:4,5,[OpportunityCardData_id:7,PriorityData_type:4,false]
6427041,810,8:18:4,5,[OpportunityCardData_id:7,PriorityData_type:1,20,PriorityData_type:4,10]
6427041,814,8:18:6,5,[1]
6427041,815,8:18:6,5,1,OpportunityCardData_id:8
6427041,816,8:18:7,5,1,OpportunityCardData_id:8
6427041,805,8:18:8,5,[OpportunityCardData_id:8]
6427041,807,8:18:9,5,[OpportunityCardData_id:8]
6427041,808,8:18:11,5,[OpportunityCardData_id:8]
6427041,809,8:18:18,5,[OpportunityCardData_id:8,PriorityData_type:0,false]
6427041,810,8:18:19,5,[OpportunityCardData_id:8,PriorityData_type:1,20,PriorityData_type:0,15]
6427041,814,8:18:22,5,[4]
6427041,815,8:18:22,5,4,OpportunityCardData_id:25
6427041,816,8:18:23,5,4,OpportunityCardData_id:25
6427041,805,8:18:24,5,[OpportunityCardData_id:25]
6427041,807,8:18:25,5,[OpportunityCardData_id:25]
6427041,808,8:18:26,5,[OpportunityCardData_id:25]
6427041,809,8:18:34,5,[OpportunityCardData_id:25,PriorityData_type:3,false]
6427041,810,8:18:35,5,[OpportunityCardData_id:25,PriorityData_type:4,15,PriorityData_type:3,10]
6427041,814,8:18:37,5,[4]
6427041,815,8:18:37,5,4,OpportunityCardData_id:26
6427041,816,8:18:38,5,4,OpportunityCardData_id:26
6427041,805,8:18:39,5,[OpportunityCardData_id:26]
6427041,807,8:18:42,5,[OpportunityCardData_id:26]
6427041,808,8:18:44,5,[OpportunityCardData_id:26]
6427041,809,8:18:52,5,[OpportunityCardData_id:26,PriorityData_type:5,false]
6427041,810,8:18:53,5,[OpportunityCardData_id:26,PriorityData_type:4,15,PriorityData_type:5,15]
6427041,814,8:18:54,5,[4]
6427041,815,8:18:54,5,4,OpportunityCardData_id:27
6427041,816,8:18:55,5,4,OpportunityCardData_id:27
6427041,805,8:18:56,5,[OpportunityCardData_id:27]
6427041,807,8:18:57,5,[OpportunityCardData_id:27]
6427041,808,8:18:59,5,[OpportunityCardData_id:27]
6427041,809,8:19:7,5,[OpportunityCardData_id:27,Safe,false]
6427041,810,8:19:8,5,[OpportunityCardData_id:27,PriorityData_type:4,15,Safe,Safe]
6427041,818,8:19:9,5,7
6427041,811,8:19:10,5,[OpportunityCardData_id:27,PriorityData_type:1,70,75,PriorityData_type:4,70,70]
6427041,1005,8:19:10,5,[1,0,3]
6427041,1001,8:19:11,5,[]
6427041,1003,8:19:11,1
6427041,1004,8:19:23,9
6427041,800,8:19:34,9,[]
6427041,801,8:19:36,9,[]
6427041,814,8:19:37,9,[0]
6427041,815,8:19:37,9,0,OpportunityCardData_id:0
6427041,816,8:19:38,9,0,OpportunityCardData_id:0
6427041,805,8:19:39,9,[OpportunityCardData_id:0]
6427041,807,8:19:40,9,[OpportunityCardData_id:0]
6427041,808,8:19:41,9,[OpportunityCardData_id:0]
6427041,809,8:19:47,9,[OpportunityCardData_id:0,PriorityData_type:3,false]
6427041,810,8:19:47,9,[OpportunityCardData_id:0,PriorityData_type:0,15,PriorityData_type:3,10]
6427041,814,8:19:49,9,[0]
6427041,815,8:19:49,9,0,OpportunityCardData_id:1
6427041,815,8:19:49,9,0,OpportunityCardData_id:2
6427041,816,8:19:50,9,0,OpportunityCardData_id:2
6427041,805,8:19:52,9,[OpportunityCardData_id:2]
6427041,807,8:19:53,9,[OpportunityCardData_id:2]
6427041,808,8:19:54,9,[OpportunityCardData_id:2]
6427041,809,8:20:0,9,[OpportunityCardData_id:2,PriorityData_type:3,false]
6427041,810,8:20:0,9,[OpportunityCardData_id:2,PriorityData_type:0,10,PriorityData_type:3,5]
6427041,814,8:20:3,9,[4]
6427041,815,8:20:3,9,4,OpportunityCardData_id:24
6427041,815,8:20:4,9,4,OpportunityCardData_id:25
6427041,816,8:20:5,9,4,OpportunityCardData_id:25
6427041,805,8:20:6,9,[OpportunityCardData_id:25]
6427041,807,8:20:7,9,[OpportunityCardData_id:25]
6427041,808,8:20:9,9,[OpportunityCardData_id:25]
6427041,809,8:20:15,9,[OpportunityCardData_id:25,Safe,false]
6427041,810,8:20:16,9,[OpportunityCardData_id:25,PriorityData_type:4,10,Safe,Safe]
6427041,814,8:20:17,9,[4]
6427041,815,8:20:17,9,4,OpportunityCardData_id:24
6427041,815,8:20:18,9,4,OpportunityCardData_id:26
6427041,816,8:20:19,9,4,OpportunityCardData_id:26
6427041,805,8:20:20,9,[OpportunityCardData_id:26]
6427041,807,8:20:21,9,[OpportunityCardData_id:26]
6427041,808,8:20:23,9,[OpportunityCardData_id:26]
6427041,809,8:20:28,9,[OpportunityCardData_id:26,PriorityData_type:2,false]
6427041,810,8:20:29,9,[OpportunityCardData_id:26,PriorityData_type:4,20,PriorityData_type:2,25]
6427041,814,8:20:30,9,[4]
6427041,815,8:20:30,9,4,OpportunityCardData_id:24
6427041,815,8:20:31,9,4,OpportunityCardData_id:27
6427041,815,8:20:32,9,4,OpportunityCardData_id:28
6427041,815,8:20:32,9,4,OpportunityCardData_id:29
6427041,815,8:20:32,9,4,OpportunityCardData_id:31
6427041,815,8:20:32,9,4,OpportunityCardData_id:24
6427041,815,8:20:33,9,4,OpportunityCardData_id:27
6427041,815,8:20:33,9,4,OpportunityCardData_id:28
6427041,817,8:20:33,9,4
6427041,1002,8:20:35,9
6427041,1003,8:20:35,1
6427041,1004,8:20:37,3
6427041,800,8:20:38,3,[]
6427041,801,8:20:39,3,[]
6427041,814,8:20:41,3,[0]
6427041,815,8:20:41,3,0,OpportunityCardData_id:0
6427041,816,8:20:42,3,0,OpportunityCardData_id:0
6427041,805,8:20:43,3,[OpportunityCardData_id:0]
6427041,807,8:20:44,3,[OpportunityCardData_id:0]
6427041,808,8:20:45,3,[OpportunityCardData_id:0]
6427041,809,8:20:52,3,[OpportunityCardData_id:0,Safe,false]
6427041,810,8:20:53,3,[OpportunityCardData_id:0,PriorityData_type:0,15,Safe,Safe]
6427041,814,8:20:54,3,[0]
6427041,815,8:20:54,3,0,OpportunityCardData_id:1
6427041,816,8:20:55,3,0,OpportunityCardData_id:1
6427041,805,8:20:56,3,[OpportunityCardData_id:1]
6427041,807,8:20:57,3,[OpportunityCardData_id:1]
6427041,808,8:20:59,3,[OpportunityCardData_id:1]
6427041,809,8:21:3,3,[OpportunityCardData_id:1,PriorityData_type:3,false]
6427041,810,8:21:4,3,[OpportunityCardData_id:1,PriorityData_type:0,15,PriorityData_type:3,10]
6427041,814,8:21:7,3,[2]
6427041,815,8:21:7,3,2,OpportunityCardData_id:12
6427041,816,8:21:8,3,2,OpportunityCardData_id:12
6427041,805,8:21:8,3,[OpportunityCardData_id:12]
6427041,807,8:21:9,3,[OpportunityCardData_id:12]
6427041,808,8:21:11,3,[OpportunityCardData_id:12]
6427041,809,8:21:18,3,[OpportunityCardData_id:12,Safe,false]
6427041,810,8:21:19,3,[OpportunityCardData_id:12,PriorityData_type:2,10,Safe,Safe]
6427041,814,8:21:21,3,[2]
6427041,815,8:21:21,3,2,OpportunityCardData_id:13
6427041,815,8:21:24,3,2,OpportunityCardData_id:14
6427041,815,8:21:24,3,2,OpportunityCardData_id:13
6427041,816,8:21:25,3,2,OpportunityCardData_id:13
6427041,805,8:21:26,3,[OpportunityCardData_id:13]
6427041,807,8:21:28,3,[OpportunityCardData_id:13]
6427041,808,8:21:29,3,[OpportunityCardData_id:13]
6427041,809,8:21:34,3,[OpportunityCardData_id:13,PriorityData_type:4,false]
6427041,810,8:21:35,3,[OpportunityCardData_id:13,PriorityData_type:2,5,PriorityData_type:4,10]
6427041,814,8:21:37,3,[2]
6427041,815,8:21:37,3,2,OpportunityCardData_id:14
6427041,815,8:21:38,3,2,OpportunityCardData_id:15
6427041,815,8:21:38,3,2,OpportunityCardData_id:16
6427041,815,8:21:39,3,2,OpportunityCardData_id:17
6427041,815,8:21:39,3,2,OpportunityCardData_id:14
6427041,815,8:21:39,3,2,OpportunityCardData_id:15
6427041,815,8:21:40,3,2,OpportunityCardData_id:14
6427041,815,8:21:41,3,2,OpportunityCardData_id:17
6427041,816,8:21:42,3,2,OpportunityCardData_id:17
6427041,805,8:21:43,3,[OpportunityCardData_id:17]
6427041,807,8:21:47,3,[OpportunityCardData_id:17]
6427041,808,8:21:49,3,[OpportunityCardData_id:17]
6427041,809,8:21:55,3,[OpportunityCardData_id:17,Safe,false]
6427041,810,8:21:56,3,[OpportunityCardData_id:17,PriorityData_type:2,15,Safe,Safe]
6427041,814,8:21:58,3,[2]
6427041,815,8:21:58,3,2,OpportunityCardData_id:14
6427041,815,8:21:58,3,2,OpportunityCardData_id:15
6427041,815,8:21:59,3,2,OpportunityCardData_id:16
6427041,815,8:21:59,3,2,OpportunityCardData_id:14
6427041,815,8:22:0,3,2,OpportunityCardData_id:15
6427041,815,8:22:0,3,2,OpportunityCardData_id:16
6427041,815,8:22:0,3,2,OpportunityCardData_id:14
6427041,815,8:22:0,3,2,OpportunityCardData_id:15
6427041,815,8:22:0,3,2,OpportunityCardData_id:16
6427041,815,8:22:1,3,2,OpportunityCardData_id:14
6427041,815,8:22:1,3,2,OpportunityCardData_id:15
6427041,815,8:22:1,3,2,OpportunityCardData_id:16
6427041,815,8:22:1,3,2,OpportunityCardData_id:14
6427041,815,8:22:1,3,2,OpportunityCardData_id:15
6427041,817,8:22:1,3,2
6427041,814,8:22:31,3,[4]
6427041,815,8:22:31,3,4,OpportunityCardData_id:19
6427041,815,8:22:32,3,4,OpportunityCardData_id:25
6427041,816,8:22:32,3,4,OpportunityCardData_id:25
6427041,805,8:22:33,3,[OpportunityCardData_id:25]
6427041,807,8:22:34,3,[OpportunityCardData_id:25]
6427041,808,8:22:36,3,[OpportunityCardData_id:25]
6427041,809,8:22:41,3,[OpportunityCardData_id:25,PriorityData_type:2,false]
6427041,810,8:22:42,3,[OpportunityCardData_id:25,PriorityData_type:4,15,PriorityData_type:2,20]
6427041,814,8:22:43,3,[2]
6427041,815,8:22:43,3,2,OpportunityCardData_id:14
6427041,815,8:22:44,3,2,OpportunityCardData_id:15
6427041,815,8:22:44,3,2,OpportunityCardData_id:16
6427041,815,8:22:44,3,2,OpportunityCardData_id:14
6427041,815,8:22:45,3,2,OpportunityCardData_id:15
6427041,815,8:22:45,3,2,OpportunityCardData_id:14
6427041,815,8:22:46,3,2,OpportunityCardData_id:16
6427041,816,8:22:46,3,2,OpportunityCardData_id:16
6427041,805,8:22:47,3,[OpportunityCardData_id:16]
6427041,807,8:22:48,3,[OpportunityCardData_id:16]
6427041,808,8:22:49,3,[OpportunityCardData_id:16]
6427041,809,8:22:54,3,[OpportunityCardData_id:16,PriorityData_type:4,false]
6427041,810,8:22:54,3,[OpportunityCardData_id:16,PriorityData_type:2,25,PriorityData_type:4,5]
6427041,814,8:22:56,3,[4]
6427041,815,8:22:56,3,4,OpportunityCardData_id:19
6427041,817,8:22:58,3,4
6427041,814,8:22:58,3,[2]
6427041,815,8:22:58,3,2,OpportunityCardData_id:14
6427041,815,8:22:59,3,2,OpportunityCardData_id:15
6427041,815,8:23:0,3,2,OpportunityCardData_id:14
6427041,815,8:23:0,3,2,OpportunityCardData_id:15
6427041,815,8:23:1,3,2,OpportunityCardData_id:14
6427041,815,8:23:1,3,2,OpportunityCardData_id:15
6427041,815,8:23:1,3,2,OpportunityCardData_id:14
6427041,815,8:23:1,3,2,OpportunityCardData_id:15
6427041,817,8:23:2,3,2
6427041,103,8:23:36
6427041,105,8:23:37
6427041,703,8:23:39,[|| EpilogueItem ID: 0 unlocked: true ||,|| EpilogueItem ID: 1 unlocked: true ||,|| EpilogueItem ID: 2 unlocked: true ||,|| EpilogueItem ID: 3 unlocked: true ||,|| EpilogueItem ID: 4 unlocked: true ||,|| EpilogueItem ID: 5 unlocked: false ||,|| EpilogueItem ID: 6 unlocked: false ||,|| EpilogueItem ID: 7 unlocked: false ||,|| EpilogueItem ID: 8 unlocked: false ||,|| EpilogueItem ID: 9 unlocked: false ||,|| EpilogueItem ID: 10 unlocked: false ||,|| EpilogueItem ID: 11 unlocked: false ||,|| EpilogueItem ID: 12 unlocked: false ||,|| EpilogueItem ID: 13 unlocked: true ||,|| EpilogueItem ID: 14 unlocked: false ||,|| EpilogueItem ID: 15 unlocked: false ||,|| EpilogueItem ID: 16 unlocked: false ||,|| EpilogueItem ID: 17 unlocked: false ||,|| EpilogueItem ID: 18 unlocked: false ||,|| EpilogueItem ID: 19 unlocked: false ||,|| EpilogueItem ID: 20 unlocked: false ||,|| EpilogueItem ID: 21 unlocked: false ||,|| EpilogueItem ID: 22 unlocked: false ||,|| EpilogueItem ID: 23 unlocked: false ||,|| EpilogueItem ID: 24 unlocked: false ||],0.24
6427041,704,8:23:40,13
6427041,705,8:23:41,13,false
6427041,706,8:23:45,(x=910, y=-100, w=1024, h=768),(x=910, y=-100, w=1024, h=768)
6427041,706,8:23:46,(x=1306, y=-100, w=1024, h=768),(x=1310, y=-100, w=1024, h=768)
6427041,706,8:23:47,(x=1592, y=-100, w=1024, h=768),(x=2150, y=-100, w=1024, h=768)
6427041,706,8:23:48,(x=2505, y=-100, w=1024, h=768),(x=2531, y=-100, w=1024, h=768)
6427041,706,8:23:48,(x=2505, y=-100, w=1024, h=768),(x=2531, y=-100, w=1024, h=768)
6427041,708,8:23:49
6427041,1,8:23:49,5/28/2014 4:15:30pm,{"gameTime":30229637,"challengeStacks":[{"challengeScenes":[{"miniGameCards":[],"viewedAnimatic":true,"keyPoints":["c_teacherEng_G7a0","c_bestFriend_F_a_G7a0","s_flag_gen"],"unlocked":true,"touchableObjects":["c_teacherEng_G7a0","c_bestFriend_F_a_G7a0","c_friend1_F_a_G7a0","s_doorClassroom_G7a0","s_otherStudent1_G7a0","c_crewKid1_F_G7a0","s_atwoodPoster_gen","s_clock_G7a0","s_poePoster_gen","s_vocabAssignment_G7a0","s_angelouPoster_gen","s_flag_gen"]},{"miniGameCards":[],"viewedAnimatic":true,"keyPoints":["c_bestFriend_F_a_G7a1N","c_teacherEng_G7a1N","s_paperPlayers_G7a1N"],"unlocked":true,"touchableObjects":["s_otherStudent2_G7a1N","s_otherStudent1_G7a1N","c_crewKid1_F_G7a1N","s_atwoodPoster_gen","c_bestFriend_F_a_G7a1N","c_teacherEng_G7a1N","s_paperPlayers_G7a1N"]},{"miniGameCards":[],"viewedAnimatic":true,"keyPoints":["c_teacherEng_G7a1P","s_flag_gen","s_paperEnglish_gen","c_bestFriend_F_a_G7a1P"],"unlocked":true,"touchableObjects":["c_teacherEng_G7a1P","s_clock_G7a1P","s_flag_gen","s_paperEnglish_gen","c_bestFriend_F_a_G7a1P"]}],"stackSize":3,"resolved":true},{"challengeScenes":[{"miniGameCards":[],"viewedAnimatic":true,"keyPoints":["s_backpack_F_G7b0","c_kidSister_afri_a_G7b0","c_crewKid1_F_G7b0"],"unlocked":true,"touchableObjects":["s_backpack_F_G7b0","s_snackBarWorker_G7b0","c_kidSister_afri_a_G7b0","c_cousin_F_a_G7b0","s_lifeguard_G7b0","c_crewKid2_F_G7b0","c_cousinsBrother_a_G7b0","c_crewKid1_F_G7b0"]},{"miniGameCards":[],"viewedAnimatic":true,"keyPoints":["s_brokenCarWindow_G7b1N","s_graffiti_G7b1N","s_sprayPaintCan_G7b1N","c_kidSister_afri_a_G7b1N","c_crewKid1_F_G7b1N"],"unlocked":true,"touchableObjects":["s_brokenCarWindow_G7b1N","s_graffiti_G7b1N","s_sprayPaintCan_G7b1N","c_kidSister_afri_a_G7b1N","s_flag_G7b1N","c_teacherEng_G7b1N","c_crewKid1_F_G7b1N"]},{"miniGameCards":[],"viewedAnimatic":true,"keyPoints":["c_cousin_F_a_G7b1P","c_cousinsBrother_a_G7b1P","s_poolDay_ruleSign_G7b1P","c_cousinsBrothersFriend_a_G7b1P"],"unlocked":true,"touchableObjects":["c_cousin_F_a_G7b1P","c_cousinsBrother_a_G7b1P","s_poolDay_ruleSign_G7b1P","c_cousinsBrothersFriend_a_G7b1P","c_kidSister_afri_a_G7b1P"]},{"miniGameCards":[],"viewedAnimatic":true,"keyPoints":["s_kid1_G7b2N","c_cousin_F_a_G7b2N","c_kidSister_afri_a_G7b2N","c_crush1_F_a_G7b2N"],"unlocked":true,"touchableObjects":["s_kid1_G7b2N","c_cousin_F_a_G7b2N","c_kidSister_afri_a_G7b2N","c_crush1_F_a_G7b2N","s_cousinsBFgirlfriend_G7b2N"]},{"miniGameCards":[],"viewedAnimatic":true,"keyPoints":["c_cousin_F_a_G7b2P","s_computer_F_G7b2P","c_kidSister_afri_a_G7b2P","s_pictureDad_afri_F_gen"],"unlocked":true,"touchableObjects":["c_cousin_F_a_G7b2P","s_computer_F_G7b2P","s_closet_F_G7b2P","c_grandma_afri_a_G7b2P","c_kidSister_afri_a_G7b2P","s_pictureDad_afri_F_gen"]}],"stackSize":5,"resolved":true},{"challengeScenes":[{"miniGameCards":[],"viewedAnimatic":true,"keyPoints":["c_cousin_F_a_G8a0","c_crush2_F_a_G8a0","s_cellphone_G8a0","s_clock_G8a0","s_bottleCrush2_F_G8a0"],"unlocked":true,"touchableObjects":["c_cousin_F_a_G8a0","s_beerCooler_G8a0","c_crush2_F_a_G8a0","s_cigaretteKid1_G8a0","c_crewKid1_F_a_G8a0","s_cellphone_G8a0","s_clock_G8a0","s_bottleTable_G8a0","s_bottleFloor_G8a0","s_stairs_G8a0","s_bottleCrush2_F_G8a0"]},{"miniGameCards":[],"viewedAnimatic":true,"keyPoints":["s_crush2Lips_F_G8a1N","s_basementDoor_gen","s_crush2Eyes_F_G8a1N","s_dirtyClothes_gen","s_crush2Sore_F_G8a1N"],"unlocked":true,"touchableObjects":["s_crush2Lips_F_G8a1N","s_dryer_G8a1N","s_stairs_G8a1N","s_basementDoor_gen","c_crush2_F_a_G8a1N","s_crush2Eyes_F_G8a1N","s_waterHeater_gen","s_dirtyClothes_gen","s_crush2Sore_F_G8a1N"]},{"miniGameCards":[],"viewedAnimatic":true,"keyPoints":["c_crush2_F_a_G8a1P","s_dirtyClothes_gen","s_basementDoor_gen","s_inhalantsShelf_gen"],"unlocked":true,"touchableObjects":["c_crush2_F_a_G8a1P","s_dirtyClothes_gen","s_basementDoor_gen","s_inhalantsShelf_gen"]},{"miniGameCards":[],"viewedAnimatic":true,"keyPoints":["s_spraypaintCan_G8a2N","c_crush2_F_a_G8a2N"],"unlocked":true,"touchableObjects":["s_fumes_G8a2N","s_spraypaintCan_G8a2N","c_crush2_F_a_G8a2N"]},{"miniGameCards":[],"viewedAnimatic":true,"keyPoints":["c_kidSister_afri_a_G8a2P","s_sistersToy_G8a2P","c_crush2_F_a_G8a2P","s_pictureDad_afri_gen","s_magazine_G8a2P"],"unlocked":true,"touchableObjects":["c_kidSister_afri_a_G8a2P","s_sistersToy_G8a2P","c_crush2_F_a_G8a2P","s_pictureDad_afri_gen","s_magazine_G8a2P"]},{"miniGameCards":[],"viewedAnimatic":true,"keyPoints":["s_mirror_afri_F_a_G8a3N","c_nurse_a_G8a3N","s_pamphlet3_G8a3N","s_pamphlet1_G8a3N"],"unlocked":true,"touchableObjects":["s_mirror_afri_F_a_G8a3N","c_nurse_a_G8a3N","s_phone_G8a3N","s_poster_G8a3N","s_door_G8a3N","s_pamphlet3_G8a3N","s_pamphlet1_G8a3N"]},{"miniGameCards":[],"viewedAnimatic":true,"keyPoints":["s_kidsCouch_G8a3P","c_crush2_F_a_G8a3P"],"unlocked":true,"touchableObjects":["c_friend1_F_a_G8a3P","c_crewKid1_F_a_G8a3P","s_kidsCouch_G8a3P","c_cousin_F_a_G8a3P","c_crush2_F_a_G8a3P"]}],"stackSize":7,"resolved":true},{"challengeScenes":[{"miniGameCards":[],"viewedAnimatic":true,"keyPoints":["c_friend1_F_a_G8b0","c_kidSister_afri_a_G8b0","s_pillBottle_G8b0"],"unlocked":true,"touchableObjects":["c_grandma_afri_a_G8b0","c_friend1_F_a_G8b0","c_kidSister_afri_a_G8b0","s_pillBottle_G8b0"]},{"miniGameCards":[],"viewedAnimatic":true,"keyPoints":["c_grandma_afri_a_G8b1N","c_friend1_F_a_G8b1N","c_kidSister_afri_a_G8b1N"],"unlocked":true,"touchableObjects":["c_grandma_afri_a_G8b1N","c_friend1_F_a_G8b1N","c_kidSister_afri_a_G8b1N"]},{"miniGameCards":[],"viewedAnimatic":true,"keyPoints":["c_friend1_F_a_G8b1P","s_pillBottle_F_G8b1P","c_grandma_afri_a_G8b1P"],"unlocked":true,"touchableObjects":["c_friend1_F_a_G8b1P","s_pillBottle_F_G8b1P","c_grandma_afri_a_G8b1P"]},{"miniGameCards":[],"viewedAnimatic":true,"keyPoints":["c_teacherEng_G8b2N","s_clock_G8b2N","c_crewKid2_F_a_G8b2N","c_friend1_F_a_G8b2N","s_sandwichBagPills_G8b2N"],"unlocked":true,"touchableObjects":["c_teacherEng_G8b2N","s_clock_G8b2N","c_crewKid2_F_a_G8b2N","c_friend1_F_a_G8b2N","s_sandwichBagPills_G8b2N"]},{"miniGameCards":[],"viewedAnimatic":true,"keyPoints":["c_friend1_F_a_G8b2P","c_grandma_afri_a_G8b2P","s_pillBottle_G8b2P"],"unlocked":true,"touchableObjects":["c_friend1_F_a_G8b2P","c_grandma_afri_a_G8b2P","s_pillBottle_G8b2P"]}],"stackSize":5,"resolved":true},{"challengeScenes":[{"miniGameCards":[],"viewedAnimatic":true,"keyPoints":["s_bathingSuit_F_G9a0","s_door_F_gen","s_clock_F_G9a0","s_cellPhone_F_G9a0"],"unlocked":true,"touchableObjects":["s_bathingSuit_F_G9a0","s_door_F_gen","s_clock_F_G9a0","s_cellPhone_F_G9a0"]},{"miniGameCards":[],"viewedAnimatic":true,"keyPoints":["c_policeOfficer_G9a1N","s_kid3_G9a1N","s_fence_G9a1N","c_cousin_F_a_G9a1N"],"unlocked":true,"touchableObjects":["c_policeOfficer_G9a1N","s_kid3_G9a1N","s_poolNight_ruleSign_G9a1N","s_potSmokeCloud_G9a1N","s_policeCar_G9a1N","s_fence_G9a1N","c_cousin_F_a_G9a1N"]},{"miniGameCards":[],"viewedAnimatic":true,"keyPoints":["s_door_F_gen","c_cousin_F_a_G9a1P","s_calendar_F_gen","s_poster_F_gen","s_joint_F_G9a1P"],"unlocked":true,"touchableObjects":["s_door_F_gen","s_computer_F_gen","c_cousin_F_a_G9a1P","s_calendar_F_gen","s_poster_F_gen","s_joint_F_G9a1P"]},{"miniGameCards":[],"viewedAnimatic":true,"keyPoints":["c_cousin_F_a_G9a2N","s_potSmokeCloud_F_G9a2N","c_mom_afri_a_G9a2N","c_kidSister_afri_a_G9a2N","s_pictureDad_afri_F_gen"],"unlocked":true,"touchableObjects":["s_cookieTrayEmpty_F_G9a2N","c_cousin_F_a_G9a2N","s_potSmokeCloud_F_G9a2N","c_mom_afri_a_G9a2N","c_kidSister_afri_a_G9a2N","s_pictureDad_afri_F_gen"]},{"miniGameCards":[],"viewedAnimatic":true,"keyPoints":["s_pizzaBox_G9a2P","s_door_gen","c_cousin_F_a_G9a2P","c_mom_afri_a_G9a2P"],"unlocked":true,"touchableObjects":["s_pictureDad_afri_gen","s_pizzaBox_G9a2P","s_door_gen","c_kidSister_afri_a_G9a2P","c_cousin_F_a_G9a2P","c_mom_afri_a_G9a2P"]}],"stackSize":5,"resolved":true},{"challengeScenes":[{"miniGameCards":[],"viewedAnimatic":true,"keyPoints":["s_mirror_F_G9b0","s_pictureDad_afri_F_gen"],"unlocked":true,"touchableObjects":["c_kidSister_afri_a_G9b0","s_mirror_F_G9b0","s_cellPhone_F_G9b0","c_cousin_F_a_G9b0","s_pictureDad_afri_F_gen"]},{"miniGameCards":[],"viewedAnimatic":true,"keyPoints":["c_cousin_F_a_G9b1N","c_teacherEng_G9b1N","c_kidSister_afri_a_G9b1N"],"unlocked":true,"touchableObjects":["c_cousin_F_a_G9b1N","c_teacherEng_G9b1N","c_kidSister_afri_a_G9b1N","s_puddleFloor_G9b1N"]},{"miniGameCards":[],"viewedAnimatic":false,"keyPoints":[],"unlocked":false,"touchableObjects":[]},{"miniGameCards":[],"viewedAnimatic":false,"keyPoints":[],"unlocked":false,"touchableObjects":[]},{"miniGameCards":[],"viewedAnimatic":false,"keyPoints":[],"unlocked":false,"touchableObjects":[]}],"stackSize":5,"resolved":false},{"challengeScenes":[{"miniGameCards":[],"viewedAnimatic":true,"keyPoints":["c_crush1_F_b_G10a0","s_cellPhone_F_G10a0","s_poster_F_gen"],"unlocked":true,"touchableObjects":["s_chairClothes_F_G10a0","s_door_F_gen","c_crush1_F_b_G10a0","s_bed2_F_G10a0","s_cellPhone_F_G10a0","s_poster_F_gen","s_calendar_F_gen","s_computer_F_gen"]},{"miniGameCards":[],"viewedAnimatic":true,"keyPoints":["c_crush1_F_b_G10a1N"],"unlocked":true,"touchableObjects":["c_crush1_F_b_G10a1N","s_window_F_G10a1N","s_closet_F_G10a1N","s_door_F_gen"]},{"miniGameCards":[],"viewedAnimatic":false,"keyPoints":[],"unlocked":false,"touchableObjects":[]},{"miniGameCards":[],"viewedAnimatic":true,"keyPoints":["s_phone_G10a2N","c_nurse_G10a2N"],"unlocked":true,"touchableObjects":["s_phone_G10a2N","c_nurse_G10a2N","s_cot_G10a2N"]},{"miniGameCards":[],"viewedAnimatic":false,"keyPoints":[],"unlocked":false,"touchableObjects":[]}],"stackSize":5,"resolved":false},{"challengeScenes":[{"miniGameCards":[],"viewedAnimatic":false,"keyPoints":[],"unlocked":false,"touchableObjects":[]},{"miniGameCards":[],"viewedAnimatic":false,"keyPoints":[],"unlocked":false,"touchableObjects":[]},{"miniGameCards":[],"viewedAnimatic":false,"keyPoints":[],"unlocked":false,"touchableObjects":[]},{"miniGameCards":[],"viewedAnimatic":false,"keyPoints":[],"unlocked":false,"touchableObjects":[]},{"miniGameCards":[],"viewedAnimatic":false,"keyPoints":[],"unlocked":false,"touchableObjects":[]}],"stackSize":5,"resolved":false},{"challengeScenes":[{"miniGameCards":[],"viewedAnimatic":true,"keyPoints":[],"unlocked":true,"touchableObjects":[]},{"miniGameCards":[],"viewedAnimatic":true,"keyPoints":[],"unlocked":true,"touchableObjects":[]},{"miniGameCards":[],"viewedAnimatic":false,"keyPoints":[],"unlocked":false,"touchableObjects":[]},{"miniGameCards":[],"viewedAnimatic":false,"keyPoints":[],"unlocked":false,"touchableObjects":[]},{"miniGameCards":[],"viewedAnimatic":false,"keyPoints":[],"unlocked":false,"touchableObjects":[]}],"stackSize":5,"resolved":false},{"challengeScenes":[{"miniGameCards":[],"viewedAnimatic":false,"keyPoints":[],"unlocked":false,"touchableObjects":[]},{"miniGameCards":[],"viewedAnimatic":false,"keyPoints":[],"unlocked":false,"touchableObjects":[]},{"miniGameCards":[],"viewedAnimatic":false,"keyPoints":[],"unlocked":false,"touchableObjects":[]},{"miniGameCards":[],"viewedAnimatic":false,"keyPoints":[],"unlocked":false,"touchableObjects":[]},{"miniGameCards":[],"viewedAnimatic":false,"keyPoints":[],"unlocked":false,"touchableObjects":[]}],"stackSize":5,"resolved":false},{"challengeScenes":[{"miniGameCards":[],"viewedAnimatic":true,"keyPoints":[],"unlocked":true,"touchableObjects":[]},{"miniGameCards":[],"viewedAnimatic":true,"keyPoints":[],"unlocked":true,"touchableObjects":[]},{"miniGameCards":[],"viewedAnimatic":false,"keyPoints":[],"unlocked":false,"touchableObjects":[]},{"miniGameCards":[],"viewedAnimatic":true,"keyPoints":[],"unlocked":true,"touchableObjects":[]},{"miniGameCards":[],"viewedAnimatic":false,"keyPoints":[],"unlocked":false,"touchableObjects":[]}],"stackSize":5,"resolved":false},{"challengeScenes":[{"miniGameCards":[],"viewedAnimatic":false,"keyPoints":[],"unlocked":false,"touchableObjects":[]},{"miniGameCards":[],"viewedAnimatic":false,"keyPoints":[],"unlocked":false,"touchableObjects":[]},{"miniGameCards":[],"viewedAnimatic":false,"keyPoints":[],"unlocked":false,"touchableObjects":[]},{"miniGameCards":[],"viewedAnimatic":false,"keyPoints":[],"unlocked":false,"touchableObjects":[]},{"miniGameCards":[],"viewedAnimatic":false,"keyPoints":[],"unlocked":false,"touchableObjects":[]}],"stackSize":5,"resolved":false},{"challengeScenes":[{"miniGameCards":[],"viewedAnimatic":false,"keyPoints":[],"unlocked":true,"touchableObjects":["c_education_G0a0","c_friends_G0a0"]},{"miniGameCards":[],"viewedAnimatic":false,"keyPoints":["c_family_afri_a_G0a1N","c_home_G0a1N","c_job_G0a1N"],"unlocked":true,"touchableObjects":["c_family_afri_a_G0a1N","c_home_G0a1N","c_job_G0a1N"]},{"miniGameCards":[],"viewedAnimatic":false,"keyPoints":["c_kidsister_afri_a_G0a1P","c_grandma_afri_a_G0a1P","c_Teacher_G0a1P","c_mom_afri_a_G0a1P","c_dad_afri_a_G0a1P","c_Nurse_G0a1P"],"unlocked":true,"touchableObjects":["c_kidsister_afri_a_G0a1P","c_grandma_afri_a_G0a1P","c_friends_G0a1P","c_Teacher_G0a1P","c_mom_afri_a_G0a1P","c_dad_afri_a_G0a1P","c_Nurse_G0a1P"]}],"stackSize":3,"resolved":true}],"sessionId":16,"epilogue":{"rating":0},"playerId":6427041,"session":[{"sceneId":"1P","stackId":12},{"sceneId":"1P","stackId":0},{"sceneId":"1P","stackId":1},{"sceneId":"1N","stackId":1},{"sceneId":"2P","stackId":1},{"sceneId":"1P","stackId":4},{"sceneId":"1N","stackId":4},{"sceneId":"2P","stackId":4},{"sceneId":"3P","stackId":2},{"sceneId":"1P","stackId":2},{"sceneId":"1N","stackId":2},{"sceneId":"2P","stackId":2},{"sceneId":"1P","stackId":3},{"sceneId":"1N","stackId":3},{"sceneId":"2P","stackId":3}],"minigames":[{"levelSaveData":[{"starRating":3,"unlocked":true},{"starRating":2,"unlocked":true},{"starRating":3,"unlocked":true},{"starRating":0,"unlocked":true},{"starRating":0,"unlocked":false},{"starRating":0,"unlocked":true},{"starRating":1,"unlocked":true},{"starRating":0,"unlocked":true},{"starRating":0,"unlocked":true},{"starRating":0,"unlocked":true}],"skillPoints":9},{"levelSaveData":[{"starRating":3,"unlocked":true},{"starRating":3,"unlocked":true},{"starRating":3,"unlocked":true},{"starRating":0,"unlocked":true},{"starRating":3,"unlocked":true},{"starRating":3,"unlocked":true},{"starRating":0,"unlocked":false},{"starRating":0,"unlocked":false},{"starRating":3,"unlocked":true},{"starRating":0,"unlocked":true}],"skillPoints":18},{"levelSaveData":[{"starRating":3,"unlocked":true},{"starRating":3,"unlocked":true},{"starRating":2,"unlocked":true},{"starRating":3,"unlocked":true},{"starRating":0,"unlocked":false},{"starRating":0,"unlocked":true},{"starRating":0,"unlocked":false},{"starRating":0,"unlocked":true},{"starRating":3,"unlocked":true},{"starRating":0,"unlocked":false}],"skillPoints":14},{"levelSaveData":[{"starRating":3,"unlocked":true},{"starRating":3,"unlocked":true},{"starRating":0,"unlocked":true},{"starRating":0,"unlocked":true},{"starRating":3,"unlocked":true},{"starRating":2,"unlocked":true},{"starRating":1,"unlocked":true},{"starRating":0,"unlocked":false},{"starRating":0,"unlocked":false},{"starRating":0,"unlocked":false}],"skillPoints":12},{"age":11,"name":"armani","gender":1,"levelSaveData":[{"starRating":3,"unlocked":true},{"starRating":3,"chunks":[["1"],["20$$funny","7$$cool"],["12$$having fun","17$$like singing","8$$like wining "],["0"]],"unlocked":true},{"starRating":3,"chunks":[["0"],["5$$love makeup","6$$playing musci"],["8$$love drawing","9$$luv to swim"]],"unlocked":true},{"starRating":3,"chunks":[["11"],["4$$dog"],["6"],["0"],["3","4"],["8"]],"unlocked":true},{"starRating":3,"chunks":[["0$$math"],["0"],["6$$presdient","21"],["1"],["4"],["7$$vertain"]],"unlocked":true},{"starRating":3,"chunks":[["5"],["1","3","4","0"],["7$$new york"],["0$$mall"]],"unlocked":true},{"starRating":3,"chunks":[["3"],["3"],["18$$dad","11$$mom"],["1","1"],["1$$husband 1 kid"]],"unlocked":true},{"starRating":3,"chunks":[["1","5","2"],["6","7","4"],["0"],["3$$eat fruit"],["4$$eating healthy"]],"unlocked":true},{"starRating":3,"chunks":[["0","3","2"],["1","5","4"],["1","5"]],"unlocked":true},{"starRating":0,"chunks":[[null],[null],[null],[null],[null],[null]],"unlocked":false}],"visualAvatar":0,"id":0,"skillPoints":27}],"avatar":{"age":11,"name":"armani","gender":1,"levelSaveData":[{"starRating":3,"unlocked":true},{"starRating":3,"chunks":[["1"],["20$$funny","7$$cool"],["12$$having fun","17$$like singing","8$$like wining "],["0"]],"unlocked":true},{"starRating":3,"chunks":[["0"],["5$$love makeup","6$$playing musci"],["8$$love drawing","9$$luv to swim"]],"unlocked":true},{"starRating":3,"chunks":[["11"],["4$$dog"],["6"],["0"],["3","4"],["8"]],"unlocked":true},{"starRating":3,"chunks":[["0$$math"],["0"],["6$$presdient","21"],["1"],["4"],["7$$vertain"]],"unlocked":true},{"starRating":3,"chunks":[["5"],["1","3","4","0"],["7$$new york"],["0$$mall"]],"unlocked":true},{"starRating":3,"chunks":[["3"],["3"],["18$$dad","11$$mom"],["1","1"],["1$$husband 1 kid"]],"unlocked":true},{"starRating":3,"chunks":[["1","5","2"],["6","7","4"],["0"],["3$$eat fruit"],["4$$eating healthy"]],"unlocked":true},{"starRating":3,"chunks":[["0","3","2"],["1","5","4"],["1","5"]],"unlocked":true},{"starRating":0,"chunks":[[null],[null],[null],[null],[null],[null]],"unlocked":false}],"visualAvatar":0,"id":0,"skillPoints":27}}
