6427032,0,0:0:0,12/31/1969 11:21:26pm
6427032,600,0:0:20,0
6427032,601,0:0:32,0
6427032,602,0:0:35,0,0
6427032,603,0:0:40,0
6427032,604,0:0:49,0,tyjon
6427032,605,0:0:51
6427032,212,0:2:29,0
6427032,210,0:2:31,681,418
6427032,211,0:2:33,681,218
6427032,210,0:2:38,880,485
6427032,211,0:2:40,814,184
6427032,213,0:2:40,12,c_education_G0a0,true
6427032,210,0:2:53,901,448
6427032,211,0:2:53,1042,428
6427032,207,0:2:53,12,0,-45
6427032,207,0:2:54,12,-45,-75
6427032,210,0:2:54,999,443
6427032,207,0:2:56,12,-75,-660
6427032,207,0:2:59,12,-660,-1005
6427032,211,0:3:0,1832,483
6427032,210,0:3:1,1747,408
6427032,211,0:3:4,1425,254
6427032,212,0:3:5,2
6427032,210,0:3:6,1415,252
6427032,211,0:3:6,1427,248
6427032,213,0:3:6,12,c_family_afri_a_G0a0,true
6427032,212,0:3:12,1
6427032,210,0:3:13,1557,548
6427032,211,0:3:14,1414,525
6427032,210,0:3:14,1538,515
6427032,211,0:3:16,1359,558
6427032,210,0:3:19,1550,570
6427032,211,0:3:19,1397,544
6427032,213,0:3:19,12,c_friends_G0a0,true
6427032,210,0:3:25,1619,463
6427032,207,0:3:26,12,-1005,-1035
6427032,211,0:3:27,1887,441
6427032,210,0:3:39,175,377
6427032,211,0:3:39,175,377
6427032,210,0:3:39,185,335
6427032,211,0:3:40,270,386
6427032,210,0:3:45,431,543
6427032,211,0:3:48,567,491
6427032,212,0:3:52,0
6427032,210,0:3:54,740,275
6427032,211,0:3:54,660,174
6427032,213,0:3:54,12,c_job_G0a1N,true
6427032,205,0:3:54,12,c_job_G0a1N,false,false
6427032,210,0:4:0,908,392
6427032,207,0:4:3,12,0,-630
6427032,211,0:4:3,1221,455
6427032,212,0:4:4,1
6427032,210,0:4:5,1316,543
6427032,211,0:4:6,1226,465
6427032,213,0:4:6,12,c_home_G0a1N,true
6427032,205,0:4:6,12,c_home_G0a1N,false,false
6427032,212,0:4:11,2
6427032,210,0:4:12,1360,554
6427032,211,0:4:13,1168,183
6427032,213,0:4:13,12,c_family_afri_a_G0a1N,true
6427032,205,0:4:13,12,c_family_afri_a_G0a1N,false,false
6427032,210,0:4:17,1153,485
6427032,211,0:4:17,1153,485
6427032,210,0:4:26,885,345
6427032,207,0:4:27,12,0,-285
6427032,211,0:4:28,1065,393
6427032,210,0:4:29,1126,318
6427032,207,0:4:30,12,-285,-645
6427032,211,0:4:32,604,405
6427032,207,0:4:32,12,-645,-585
6427032,221,0:4:33,12
6427032,220,0:4:45,12
6427032,210,0:4:51,892,409
6427032,211,0:4:52,761,441
6427032,213,0:4:52,12,c_cousins_M_a_G0a1P,true
6427032,210,0:4:58,683,515
6427032,211,0:5:0,880,470
6427032,213,0:5:0,12,c_friends_G0a1P,true
6427032,210,0:5:4,702,520
6427032,207,0:5:5,12,0,-390
6427032,211,0:5:6,1217,511
6427032,213,0:5:6,12,c_friends_G0a1P,true
6427032,212,0:5:17,1
6427032,210,0:5:18,927,568
6427032,211,0:5:19,910,559
6427032,213,0:5:19,12,c_friends_G0a1P,true
6427032,210,0:5:27,1143,495
6427032,207,0:5:29,12,-390,-450
6427032,207,0:5:30,12,-450,-690
6427032,211,0:5:33,1802,355
6427032,207,0:5:33,12,-690,-795
6427032,210,0:5:33,1877,361
6427032,207,0:5:33,12,-795,-885
6427032,211,0:5:34,1790,293
6427032,213,0:5:34,12,c_dad_afri_a_G0a1P,true
6427032,205,0:5:34,12,c_dad_afri_a_G0a1P,false,false
6427032,210,0:5:44,1544,438
6427032,211,0:5:47,1393,225
6427032,212,0:5:48,2
6427032,210,0:5:48,1400,223
6427032,211,0:5:49,1405,174
6427032,213,0:5:49,12,c_Teacher_G0a1P,true
6427032,205,0:5:49,12,c_Teacher_G0a1P,false,false
6427032,210,0:5:54,1349,243
6427032,211,0:5:54,1274,212
6427032,212,0:5:55,1
6427032,210,0:5:56,1315,248
6427032,207,0:5:59,12,-885,-1125
6427032,211,0:6:0,1881,305
6427032,213,0:6:0,12,c_mom_afri_a_G0a1P,true
6427032,205,0:6:0,12,c_mom_afri_a_G0a1P,false,false
6427032,210,0:6:6,1724,480
6427032,211,0:6:7,1030,477
6427032,207,0:6:7,12,-1125,-990
6427032,210,0:6:8,1253,433
6427032,211,0:6:8,1243,432
6427032,213,0:6:8,12,c_friends_G0a1P,true
6427032,212,0:6:13,0
6427032,210,0:6:13,1880,522
6427032,211,0:6:16,1576,490
6427032,210,0:6:16,1473,550
6427032,211,0:6:17,1493,544
6427032,213,0:6:17,12,c_friends_G0a1P,true
6427032,210,0:6:19,1697,434
6427032,211,0:6:22,1620,462
6427032,212,0:6:23,1
6427032,210,0:6:23,1665,489
6427032,211,0:6:24,1638,447
6427032,212,0:6:24,2
6427032,210,0:6:25,1663,503
6427032,211,0:6:25,1625,434
6427032,213,0:6:25,12,c_grandma_afri_a_G0a1P,true
6427032,205,0:6:25,12,c_grandma_afri_a_G0a1P,false,false
6427032,210,0:6:30,1916,481
6427032,207,0:6:31,12,-990,-1635
6427032,207,0:6:34,12,-1635,-1790
6427032,211,0:6:34,2812,395
6427032,210,0:6:34,2750,431
6427032,207,0:6:36,12,-1790,-1385
6427032,211,0:6:39,1839,549
6427032,213,0:6:39,12,c_kidsister_afri_a_G0a1P,true
6427032,205,0:6:39,12,c_kidsister_afri_a_G0a1P,false,false
6427032,210,0:6:43,1919,445
6427032,211,0:6:44,1331,529
6427032,207,0:6:44,12,-1385,-1310
6427032,210,0:6:45,1312,357
6427032,207,0:6:45,12,-1310,-1250
6427032,211,0:6:46,1431,247
6427032,213,0:6:46,12,c_Teacher_G0a1P,true
6427032,205,0:6:46,12,c_Teacher_G0a1P,false,true
6427032,210,0:6:51,1748,445
6427032,211,0:6:52,1117,455
6427032,207,0:6:52,12,-1250,-1100
6427032,207,0:6:52,12,-1100,-1055
6427032,210,0:6:52,1194,393
6427032,211,0:6:54,1026,461
6427032,207,0:6:54,12,-1055,-1010
6427032,210,0:6:55,969,418
6427032,207,0:6:56,12,-1010,-545
6427032,207,0:6:58,12,-545,-35
6427032,207,0:7:0,12,-35,-335
6427032,207,0:7:2,12,-335,-635
6427032,211,0:7:3,1289,236
6427032,212,0:7:4,1
6427032,210,0:7:5,1253,248
6427032,211,0:7:5,1302,244
6427032,212,0:7:7,0
6427032,210,0:7:7,1402,459
6427032,211,0:7:9,1289,241
6427032,213,0:7:9,12,c_Nurse_G0a1P,true
6427032,205,0:7:9,12,c_Nurse_G0a1P,false,false
6427032,210,0:7:14,1483,400
6427032,211,0:7:15,2138,381
6427032,207,0:7:15,12,-635,-1145
6427032,210,0:7:25,1891,390
6427032,207,0:7:27,12,-1145,-1790
6427032,211,0:7:27,2813,355
6427032,210,0:7:28,2804,364
6427032,211,0:7:28,2690,423
6427032,221,0:7:36,12
6427032,220,0:7:37,12
6427032,221,0:7:41,12
6427032,300,0:7:45
6427032,220,0:7:45,12
6427032,302,0:7:58,0,1,0,5
6427032,303,0:8:24,0,1,0,5
6427032,302,0:8:34,0,1,0,7
6427032,304,0:8:35,0,1,0,-1,,7,tyjom
6427032,302,0:8:42,0,1,1,5
6427032,302,0:8:42,0,1,1,1
6427032,303,0:8:50,0,1,1,1
6427032,304,0:8:54,0,1,1,-1,,1,quaymar
6427032,302,0:9:9,0,3,0,0
6427032,306,0:9:10,0,0,1
6427032,304,0:9:10,0,3,0,-1,,0,
6427032,302,0:9:16,0,0,0,0
6427032,304,0:9:17,0,0,0,-1,,0,
6427032,302,0:9:25,0,2,0,8
6427032,302,0:9:33,0,2,0,15
6427032,303,0:9:37,0,2,0,15
6427032,306,0:9:49,0,1,2
6427032,304,0:9:49,0,2,0,-1,,15,playing games
6427032,302,0:9:53,0,2,1,1
6427032,303,0:9:56,0,2,1,1
6427032,304,0:10:17,0,2,1,-1,,1,give and share
6427032,302,0:10:22,0,2,2,2
6427032,303,0:10:25,0,2,2,2
6427032,306,0:10:50,0,2,3
6427032,304,0:10:50,0,2,2,-1,,2,stay healthey
6427032,303,0:11:11,0,1,0,7
6427032,304,0:11:14,0,1,0,7,tyjom,7,tyjon
6427032,303,0:11:23,0,1,0,7
6427032,304,0:11:28,0,1,0,7,tyjon,7,cool
6427032,303,0:11:33,0,1,1,1
6427032,304,0:11:39,0,1,1,1,quaymar,1,shy
6427032,221,0:13:22,12
6427032,220,0:13:24,12
6427032,203,0:13:24,12
6427032,100,0:13:29,0
6427032,102,0:13:31,0
6427032,200,0:13:31,0,0,0,0,0,6
6427032,219,0:13:31,0
6427032,216,0:13:33,Stack_G7a0
6427032,217,0:14:9,Stack_G7a0,32,0.00
6427032,218,0:14:13,0
6427032,221,0:14:16,0
6427032,220,0:14:19,0
6427032,219,0:14:20,0
6427032,216,0:14:21,Stack_G7a1N
6427032,217,0:14:53,Stack_G7a1N,20,0.00
6427032,218,0:14:55,0
6427032,213,0:14:57,0,s_otherStudent2_G7a1N,true
6427032,221,0:15:3,0
6427032,220,0:15:5,0
6427032,210,0:15:12,1166,347
6427032,207,0:15:12,0,-400,-518.45
6427032,211,0:15:18,861,443
6427032,213,0:15:18,0,c_teacherEng_G7a1N,false
6427032,212,0:15:25,1
6427032,210,0:15:25,1353,510
6427032,207,0:15:31,0,-518.45,-83.45
6427032,207,0:15:33,0,-83.45,0
6427032,211,0:15:33,368,551
6427032,212,0:15:38,2
6427032,210,0:15:38,697,587
6427032,207,0:15:42,0,0,-105
6427032,211,0:15:44,1040,539
6427032,213,0:15:44,0,c_bestFriend_M_a_G7a1N,false
6427032,1003,0:15:49,2
6427032,1004,0:15:50,0
6427032,900,0:15:53,0,[]
6427032,901,0:15:57,0,[PeopleData_id:1]
6427032,904,0:15:57,0,[PeopleData_id:1]
6427032,905,0:16:8,0,[PeopleData_id:1,RankTypes_id:-1,RankTypes_id:1]
6427032,901,0:16:12,0,[PeopleData_id:4]
6427032,904,0:16:12,0,[PeopleData_id:4]
6427032,905,0:16:18,0,[PeopleData_id:4,RankTypes_id:-1,RankTypes_id:2]
6427032,901,0:16:18,0,[PeopleData_id:0]
6427032,904,0:16:18,0,[PeopleData_id:0]
6427032,902,0:16:23,0,[PeopleData_id:0,PeopleData_data2Type]
6427032,903,0:16:26,0,[PeopleData_id0,PeopleData_data2Type]
6427032,901,0:16:28,0,[PeopleData_id:0]
6427032,904,0:16:28,0,[PeopleData_id:0]
6427032,905,0:16:29,0,[PeopleData_id:0,RankTypes_id:-1,RankTypes_id:2]
6427032,901,0:16:30,0,[PeopleData_id:2]
6427032,904,0:16:30,0,[PeopleData_id:2]
6427032,905,0:16:31,0,[PeopleData_id:2,RankTypes_id:-1,RankTypes_id:1]
6427032,901,0:16:32,0,[PeopleData_id:3]
6427032,904,0:16:32,0,[PeopleData_id:3]
6427032,905,0:16:34,0,[PeopleData_id:3,RankTypes_id:-1,RankTypes_id:2]
6427032,906,0:16:34,0,[]
6427032,907,0:16:35,0,[]
6427032,908,0:16:35,0,[InvitationData_id:0,PeopleData_id:0,RankTypes_id:2]
6427032,909,0:16:47,0,[InvitationData_id:0,PeopleData_id:0,RankTypes_id:2,1]
6427032,910,0:16:49,0,[InvitationData_id:0,5,false]
6427032,908,0:16:49,0,[InvitationData_id:2,PeopleData_id:2,RankTypes_id:1]
6427032,909,0:16:51,0,[InvitationData_id:2,PeopleData_id:2,RankTypes_id:1,1]
6427032,910,0:16:52,0,[InvitationData_id:2,0,true]
6427032,908,0:16:52,0,[InvitationData_id:5,PeopleData_id:4,RankTypes_id:2]
6427032,909,0:16:58,0,[InvitationData_id:5,PeopleData_id:4,RankTypes_id:2,0]
6427032,910,0:16:59,0,[InvitationData_id:5,-2,false]
6427032,908,0:16:59,0,[InvitationData_id:10,PeopleData_id:2,RankTypes_id:1]
6427032,909,0:17:6,0,[InvitationData_id:10,PeopleData_id:2,RankTypes_id:1,1]
6427032,910,0:17:9,0,[InvitationData_id:10,0,true]
6427032,908,0:17:9,0,[InvitationData_id:3,PeopleData_id:3,RankTypes_id:2]
6427032,909,0:17:14,0,[InvitationData_id:3,PeopleData_id:3,RankTypes_id:2,1]
6427032,910,0:17:17,0,[InvitationData_id:3,5,false]
6427032,908,0:17:17,0,[InvitationData_id:9,PeopleData_id:4,RankTypes_id:2]
6427032,909,0:17:20,0,[InvitationData_id:9,PeopleData_id:4,RankTypes_id:2,0]
6427032,910,0:17:25,0,[InvitationData_id:9,-2,false]
6427032,908,0:17:25,0,[InvitationData_id:7,PeopleData_id:1,RankTypes_id:1]
6427032,901,0:17:38,0,[PeopleData_id:2]
6427032,909,0:17:47,0,[InvitationData_id:7,PeopleData_id:1,RankTypes_id:1,0]
6427032,910,0:17:49,0,[InvitationData_id:7,0,false]
6427032,908,0:17:49,0,[InvitationData_id:1,PeopleData_id:0,RankTypes_id:2]
6427032,909,0:18:0,0,[InvitationData_id:1,PeopleData_id:0,RankTypes_id:2,1]
6427032,910,0:18:2,0,[InvitationData_id:1,5,false]
6427032,908,0:18:2,0,[InvitationData_id:6,PeopleData_id:0,RankTypes_id:2]
6427032,909,0:18:7,0,[InvitationData_id:6,PeopleData_id:0,RankTypes_id:2,1]
6427032,910,0:18:9,0,[InvitationData_id:6,5,false]
6427032,908,0:18:9,0,[InvitationData_id:4,PeopleData_id:4,RankTypes_id:2]
6427032,909,0:18:12,0,[InvitationData_id:4,PeopleData_id:4,RankTypes_id:2,0]
6427032,910,0:18:13,0,[InvitationData_id:4,-2,false]
6427032,908,0:18:13,0,[InvitationData_id:8,PeopleData_id:0,RankTypes_id:2]
6427032,909,0:18:19,0,[InvitationData_id:8,PeopleData_id:0,RankTypes_id:2,0]
6427032,910,0:18:22,0,[InvitationData_id:8,-2,false]
6427032,911,0:18:24,0,[12,2,1,2]
6427032,1005,0:18:24,0,[2,0,1]
6427032,1001,0:18:25,0,[]
6427032,1003,0:18:25,2
6427032,1004,0:18:27,0
6427032,900,0:18:29,0,[]
6427032,901,0:18:32,0,[PeopleData_id:1]
6427032,904,0:18:32,0,[PeopleData_id:1]
6427032,905,0:18:33,0,[PeopleData_id:1,RankTypes_id:-1,RankTypes_id:4]
6427032,901,0:18:34,0,[PeopleData_id:4]
6427032,904,0:18:34,0,[PeopleData_id:4]
6427032,905,0:18:35,0,[PeopleData_id:4,RankTypes_id:-1,RankTypes_id:4]
6427032,901,0:18:36,0,[PeopleData_id:0]
6427032,904,0:18:36,0,[PeopleData_id:0]
6427032,905,0:18:36,0,[PeopleData_id:0,RankTypes_id:-1,RankTypes_id:3]
6427032,901,0:18:37,0,[PeopleData_id:3]
6427032,904,0:18:37,0,[PeopleData_id:3]
6427032,905,0:18:37,0,[PeopleData_id:3,RankTypes_id:-1,RankTypes_id:3]
6427032,901,0:18:38,0,[PeopleData_id:2]
6427032,904,0:18:38,0,[PeopleData_id:2]
6427032,901,0:18:40,0,[PeopleData_id:2]
6427032,904,0:18:40,0,[PeopleData_id:2]
6427032,905,0:18:41,0,[PeopleData_id:2,RankTypes_id:-1,RankTypes_id:3]
6427032,906,0:18:41,0,[]
6427032,907,0:18:42,0,[]
6427032,908,0:18:42,0,[InvitationData_id:7,PeopleData_id:1,RankTypes_id:4]
6427032,909,0:18:50,0,[InvitationData_id:7,PeopleData_id:1,RankTypes_id:4,0]
6427032,910,0:18:51,0,[InvitationData_id:7,-11,false]
6427032,908,0:18:51,0,[InvitationData_id:5,PeopleData_id:1,RankTypes_id:4]
6427032,909,0:18:55,0,[InvitationData_id:5,PeopleData_id:1,RankTypes_id:4,0]
6427032,910,0:18:57,0,[InvitationData_id:5,-11,false]
6427032,908,0:18:57,0,[InvitationData_id:6,PeopleData_id:0,RankTypes_id:3]
6427032,909,0:19:1,0,[InvitationData_id:6,PeopleData_id:0,RankTypes_id:3,1]
6427032,910,0:19:2,0,[InvitationData_id:6,7,false]
6427032,908,0:19:2,0,[InvitationData_id:8,PeopleData_id:0,RankTypes_id:3]
6427032,909,0:19:5,0,[InvitationData_id:8,PeopleData_id:0,RankTypes_id:3,1]
6427032,910,0:19:7,0,[InvitationData_id:8,7,false]
6427032,908,0:19:7,0,[InvitationData_id:3,PeopleData_id:3,RankTypes_id:3]
6427032,909,0:19:11,0,[InvitationData_id:3,PeopleData_id:3,RankTypes_id:3,1]
6427032,910,0:19:12,0,[InvitationData_id:3,7,false]
6427032,908,0:19:12,0,[InvitationData_id:10,PeopleData_id:2,RankTypes_id:3]
6427032,909,0:19:14,0,[InvitationData_id:10,PeopleData_id:2,RankTypes_id:3,0]
6427032,910,0:19:15,0,[InvitationData_id:10,-7,false]
6427032,908,0:19:15,0,[InvitationData_id:4,PeopleData_id:1,RankTypes_id:4]
6427032,909,0:19:18,0,[InvitationData_id:4,PeopleData_id:1,RankTypes_id:4,0]
6427032,910,0:19:19,0,[InvitationData_id:4,-11,false]
6427032,908,0:19:19,0,[InvitationData_id:2,PeopleData_id:2,RankTypes_id:3]
6427032,909,0:19:22,0,[InvitationData_id:2,PeopleData_id:2,RankTypes_id:3,0]
6427032,910,0:19:22,0,[InvitationData_id:2,-7,false]
6427032,908,0:19:22,0,[InvitationData_id:0,PeopleData_id:0,RankTypes_id:3]
6427032,909,0:19:27,0,[InvitationData_id:0,PeopleData_id:0,RankTypes_id:3,1]
6427032,910,0:19:29,0,[InvitationData_id:0,7,false]
6427032,908,0:19:29,0,[InvitationData_id:1,PeopleData_id:0,RankTypes_id:3]
6427032,909,0:19:32,0,[InvitationData_id:1,PeopleData_id:0,RankTypes_id:3,1]
6427032,910,0:19:35,0,[InvitationData_id:1,7,false]
6427032,908,0:19:35,0,[InvitationData_id:9,PeopleData_id:1,RankTypes_id:4]
6427032,909,0:19:38,0,[InvitationData_id:9,PeopleData_id:1,RankTypes_id:4,0]
6427032,910,0:19:39,0,[InvitationData_id:9,-11,false]
6427032,911,0:19:48,0,[-23,0,0,0]
6427032,1001,0:19:53,0,[]
6427032,1003,0:19:53,2
6427032,1004,0:19:54,0
6427032,900,0:19:56,0,[]
6427032,901,0:20:6,0,[PeopleData_id:4]
6427032,904,0:20:6,0,[PeopleData_id:4]
6427032,905,0:20:10,0,[PeopleData_id:4,RankTypes_id:-1,RankTypes_id:4]
6427032,901,0:20:11,0,[PeopleData_id:3]
6427032,904,0:20:12,0,[PeopleData_id:3]
6427032,905,0:20:12,0,[PeopleData_id:3,RankTypes_id:-1,RankTypes_id:2]
6427032,901,0:20:13,0,[PeopleData_id:3]
6427032,904,0:20:13,0,[PeopleData_id:3]
6427032,901,0:20:15,0,[PeopleData_id:4]
6427032,904,0:20:15,0,[PeopleData_id:4]
6427032,901,0:20:16,0,[PeopleData_id:4]
6427032,904,0:20:16,0,[PeopleData_id:4]
6427032,901,0:20:18,0,[PeopleData_id:4]
6427032,904,0:20:18,0,[PeopleData_id:4]
6427032,905,0:20:18,0,[PeopleData_id:4,RankTypes_id:4,RankTypes_id:3]
6427032,901,0:20:19,0,[PeopleData_id:4]
6427032,904,0:20:19,0,[PeopleData_id:4]
6427032,905,0:20:20,0,[PeopleData_id:4,RankTypes_id:3,RankTypes_id:2]
6427032,901,0:20:20,0,[PeopleData_id:4]
6427032,904,0:20:21,0,[PeopleData_id:4]
6427032,905,0:20:21,0,[PeopleData_id:4,RankTypes_id:2,RankTypes_id:4]
6427032,901,0:20:22,0,[PeopleData_id:4]
6427032,904,0:20:22,0,[PeopleData_id:4]
6427032,905,0:20:22,0,[PeopleData_id:4,RankTypes_id:4,RankTypes_id:3]
6427032,901,0:20:23,0,[PeopleData_id:4]
6427032,904,0:20:23,0,[PeopleData_id:4]
6427032,905,0:20:23,0,[PeopleData_id:4,RankTypes_id:3,RankTypes_id:2]
6427032,901,0:20:24,0,[PeopleData_id:4]
6427032,904,0:20:24,0,[PeopleData_id:4]
6427032,905,0:20:25,0,[PeopleData_id:4,RankTypes_id:2,RankTypes_id:1]
6427032,901,0:20:25,0,[PeopleData_id:4]
6427032,904,0:20:25,0,[PeopleData_id:4]
6427032,905,0:20:26,0,[PeopleData_id:4,RankTypes_id:1,RankTypes_id:0]
6427032,901,0:20:27,0,[PeopleData_id:4]
6427032,904,0:20:27,0,[PeopleData_id:4]
6427032,905,0:20:29,0,[PeopleData_id:4,RankTypes_id:0,RankTypes_id:3]
6427032,901,0:20:30,0,[PeopleData_id:2]
6427032,904,0:20:30,0,[PeopleData_id:2]
6427032,905,0:20:31,0,[PeopleData_id:2,RankTypes_id:-1,RankTypes_id:3]
6427032,901,0:20:32,0,[PeopleData_id:1]
6427032,904,0:20:32,0,[PeopleData_id:1]
6427032,905,0:20:33,0,[PeopleData_id:1,RankTypes_id:-1,RankTypes_id:3]
6427032,901,0:20:34,0,[PeopleData_id:0]
6427032,904,0:20:34,0,[PeopleData_id:0]
6427032,905,0:20:34,0,[PeopleData_id:0,RankTypes_id:-1,RankTypes_id:3]
6427032,906,0:20:34,0,[]
6427032,902,0:20:45,0,[PeopleData_id:0,PeopleData_data3Type]
6427032,903,0:20:50,0,[PeopleData_id0,PeopleData_data3Type]
6427032,902,0:20:53,0,[PeopleData_id:0,PeopleData_data2Type]
6427032,903,0:20:57,0,[PeopleData_id0,PeopleData_data2Type]
6427032,902,0:20:58,0,[PeopleData_id:0,PeopleData_data1Type]
6427032,903,0:20:59,0,[PeopleData_id0,PeopleData_data1Type]
6427032,902,0:20:59,0,[PeopleData_id:0,PeopleData_data0Type]
6427032,903,0:21:0,0,[PeopleData_id0,PeopleData_data0Type]
6427032,902,0:21:1,0,[PeopleData_id:0,PeopleData_data0Type]
6427032,903,0:21:9,0,[PeopleData_id0,PeopleData_data0Type]
6427032,902,0:21:10,0,[PeopleData_id:0,PeopleData_data1Type]
6427032,903,0:21:14,0,[PeopleData_id0,PeopleData_data1Type]
6427032,902,0:21:15,0,[PeopleData_id:0,PeopleData_data2Type]
6427032,903,0:21:20,0,[PeopleData_id0,PeopleData_data2Type]
6427032,901,0:21:21,0,[PeopleData_id:0]
6427032,904,0:21:22,0,[PeopleData_id:0]
6427032,905,0:21:23,0,[PeopleData_id:0,RankTypes_id:3,RankTypes_id:0]
6427032,901,0:21:26,0,[PeopleData_id:1]
6427032,905,0:21:26,0,[PeopleData_id:1,RankTypes_id:3,RankTypes_id:3]
6427032,902,0:21:28,0,[PeopleData_id:1,PeopleData_data3Type]
6427032,902,0:21:34,0,[PeopleData_id:1,PeopleData_data2Type]
6427032,903,0:21:39,0,[PeopleData_id1,PeopleData_data2Type]
6427032,901,0:21:41,0,[PeopleData_id:1]
6427032,904,0:21:41,0,[PeopleData_id:1]
6427032,905,0:21:42,0,[PeopleData_id:1,RankTypes_id:3,RankTypes_id:0]
6427032,901,0:21:52,0,[PeopleData_id:3]
6427032,904,0:21:52,0,[PeopleData_id:3]
6427032,905,0:21:52,0,[PeopleData_id:3,RankTypes_id:2,RankTypes_id:2]
6427032,902,0:21:53,0,[PeopleData_id:3,PeopleData_data2Type]
6427032,903,0:21:57,0,[PeopleData_id3,PeopleData_data2Type]
6427032,901,0:22:0,0,[PeopleData_id:3]
6427032,904,0:22:0,0,[PeopleData_id:3]
6427032,905,0:22:1,0,[PeopleData_id:3,RankTypes_id:2,RankTypes_id:0]
6427032,901,0:22:2,0,[PeopleData_id:2]
6427032,905,0:22:2,0,[PeopleData_id:2,RankTypes_id:3,RankTypes_id:3]
6427032,902,0:22:4,0,[PeopleData_id:2,PeopleData_data3Type]
6427032,903,0:22:8,0,[PeopleData_id2,PeopleData_data3Type]
6427032,901,0:22:9,0,[PeopleData_id:2]
6427032,904,0:22:9,0,[PeopleData_id:2]
6427032,901,0:22:10,0,[PeopleData_id:2]
6427032,904,0:22:10,0,[PeopleData_id:2]
6427032,905,0:22:11,0,[PeopleData_id:2,RankTypes_id:3,RankTypes_id:4]
6427032,901,0:22:12,0,[PeopleData_id:4]
6427032,904,0:22:12,0,[PeopleData_id:4]
6427032,905,0:22:12,0,[PeopleData_id:4,RankTypes_id:3,RankTypes_id:3]
6427032,902,0:22:13,0,[PeopleData_id:4,PeopleData_data3Type]
6427032,903,0:22:17,0,[PeopleData_id4,PeopleData_data3Type]
6427032,901,0:22:18,0,[PeopleData_id:4]
6427032,904,0:22:18,0,[PeopleData_id:4]
6427032,905,0:22:19,0,[PeopleData_id:4,RankTypes_id:3,RankTypes_id:0]
6427032,907,0:22:22,0,[]
6427032,908,0:22:22,0,[InvitationData_id:10,PeopleData_id:2,RankTypes_id:4]
6427032,909,0:22:31,0,[InvitationData_id:10,PeopleData_id:2,RankTypes_id:4,1]
6427032,910,0:22:34,0,[InvitationData_id:10,0,true]
6427032,908,0:22:34,0,[InvitationData_id:4,PeopleData_id:2,RankTypes_id:4]
6427032,909,0:22:41,0,[InvitationData_id:4,PeopleData_id:2,RankTypes_id:4,0]
6427032,910,0:22:42,0,[InvitationData_id:4,-11,false]
6427032,908,0:22:42,0,[InvitationData_id:6,PeopleData_id:2,RankTypes_id:4]
6427032,909,0:22:43,0,[InvitationData_id:6,PeopleData_id:2,RankTypes_id:4,1]
6427032,910,0:22:44,0,[InvitationData_id:6,9,false]
6427032,908,0:22:44,0,[InvitationData_id:2,PeopleData_id:2,RankTypes_id:4]
6427032,909,0:22:44,0,[InvitationData_id:2,PeopleData_id:2,RankTypes_id:4,0]
6427032,910,0:22:45,0,[InvitationData_id:2,-11,false]
6427032,911,0:22:47,0,[-13,1,0,1]
6427032,1001,0:22:49,0,[]
6427032,1003,0:22:49,2
6427032,1004,0:22:52,0
6427032,900,0:22:56,0,[]
6427032,901,0:23:0,0,[PeopleData_id:4]
6427032,902,0:23:3,0,[PeopleData_id:4,PeopleData_data0Type]
6427032,903,0:23:7,0,[PeopleData_id4,PeopleData_data0Type]
6427032,901,0:23:8,0,[PeopleData_id:4]
6427032,904,0:23:8,0,[PeopleData_id:4]
6427032,905,0:23:9,0,[PeopleData_id:4,RankTypes_id:-1,RankTypes_id:4]
6427032,901,0:23:11,0,[PeopleData_id:0]
6427032,902,0:23:12,0,[PeopleData_id:0,PeopleData_data2Type]
6427032,902,0:23:15,0,[PeopleData_id:0,PeopleData_data3Type]
6427032,902,0:23:17,0,[PeopleData_id:0,PeopleData_data2Type]
6427032,902,0:23:18,0,[PeopleData_id:0,PeopleData_data1Type]
6427032,902,0:23:22,0,[PeopleData_id:0,PeopleData_data0Type]
6427032,903,0:23:24,0,[PeopleData_id0,PeopleData_data0Type]
6427032,901,0:23:26,0,[PeopleData_id:0]
6427032,904,0:23:26,0,[PeopleData_id:0]
6427032,905,0:23:27,0,[PeopleData_id:0,RankTypes_id:-1,RankTypes_id:4]
6427032,901,0:23:28,0,[PeopleData_id:4]
6427032,905,0:23:28,0,[PeopleData_id:4,RankTypes_id:4,RankTypes_id:4]
6427032,902,0:23:29,0,[PeopleData_id:4,PeopleData_data0Type]
6427032,902,0:23:30,0,[PeopleData_id:4,PeopleData_data1Type]
6427032,902,0:23:32,0,[PeopleData_id:4,PeopleData_data2Type]
6427032,902,0:23:33,0,[PeopleData_id:4,PeopleData_data3Type]
6427032,903,0:23:35,0,[PeopleData_id4,PeopleData_data3Type]
6427032,901,0:23:40,0,[PeopleData_id:4]
6427032,904,0:23:40,0,[PeopleData_id:4]
6427032,905,0:23:44,0,[PeopleData_id:4,RankTypes_id:4,RankTypes_id:0]
6427032,901,0:23:44,0,[PeopleData_id:1]
6427032,902,0:23:46,0,[PeopleData_id:1,PeopleData_data0Type]
6427032,902,0:23:49,0,[PeopleData_id:1,PeopleData_data1Type]
6427032,902,0:23:52,0,[PeopleData_id:1,PeopleData_data2Type]
6427032,902,0:23:54,0,[PeopleData_id:1,PeopleData_data3Type]
6427032,903,0:23:55,0,[PeopleData_id1,PeopleData_data3Type]
6427032,901,0:23:56,0,[PeopleData_id:1]
6427032,904,0:23:56,0,[PeopleData_id:1]
6427032,905,0:23:57,0,[PeopleData_id:1,RankTypes_id:-1,RankTypes_id:0]
6427032,901,0:23:58,0,[PeopleData_id:3]
6427032,902,0:23:59,0,[PeopleData_id:3,PeopleData_data0Type]
6427032,902,0:24:1,0,[PeopleData_id:3,PeopleData_data1Type]
6427032,902,0:24:3,0,[PeopleData_id:3,PeopleData_data2Type]
6427032,903,0:24:5,0,[PeopleData_id3,PeopleData_data2Type]
6427032,901,0:24:5,0,[PeopleData_id:3]
6427032,904,0:24:5,0,[PeopleData_id:3]
6427032,905,0:24:7,0,[PeopleData_id:3,RankTypes_id:-1,RankTypes_id:3]
6427032,901,0:24:7,0,[PeopleData_id:2]
6427032,902,0:24:9,0,[PeopleData_id:2,PeopleData_data0Type]
6427032,902,0:24:11,0,[PeopleData_id:2,PeopleData_data1Type]
6427032,902,0:24:12,0,[PeopleData_id:2,PeopleData_data2Type]
6427032,902,0:24:14,0,[PeopleData_id:2,PeopleData_data3Type]
6427032,902,0:24:18,0,[PeopleData_id:2,PeopleData_data2Type]
6427032,902,0:24:23,0,[PeopleData_id:2,PeopleData_data1Type]
6427032,903,0:24:24,0,[PeopleData_id2,PeopleData_data1Type]
6427032,901,0:24:26,0,[PeopleData_id:2]
6427032,904,0:24:26,0,[PeopleData_id:2]
6427032,905,0:24:28,0,[PeopleData_id:2,RankTypes_id:-1,RankTypes_id:1]
6427032,906,0:24:28,0,[]
6427032,907,0:24:30,0,[]
6427032,908,0:24:30,0,[InvitationData_id:3,PeopleData_id:3,RankTypes_id:3]
6427032,909,0:24:41,0,[InvitationData_id:3,PeopleData_id:3,RankTypes_id:3,1]
6427032,910,0:24:43,0,[InvitationData_id:3,7,false]
6427032,908,0:24:43,0,[InvitationData_id:0,PeopleData_id:0,RankTypes_id:4]
6427032,909,0:24:49,0,[InvitationData_id:0,PeopleData_id:0,RankTypes_id:4,1]
6427032,910,0:24:50,0,[InvitationData_id:0,9,false]
6427032,908,0:24:50,0,[InvitationData_id:6,PeopleData_id:0,RankTypes_id:4]
6427032,909,0:24:56,0,[InvitationData_id:6,PeopleData_id:0,RankTypes_id:4,1]
6427032,910,0:24:57,0,[InvitationData_id:6,9,false]
6427032,908,0:24:57,0,[InvitationData_id:8,PeopleData_id:0,RankTypes_id:4]
6427032,909,0:25:1,0,[InvitationData_id:8,PeopleData_id:0,RankTypes_id:4,1]
6427032,910,0:25:2,0,[InvitationData_id:8,9,false]
6427032,908,0:25:2,0,[InvitationData_id:10,PeopleData_id:2,RankTypes_id:1]
6427032,909,0:25:9,0,[InvitationData_id:10,PeopleData_id:2,RankTypes_id:1,0]
6427032,910,0:25:10,0,[InvitationData_id:10,0,false]
6427032,908,0:25:10,0,[InvitationData_id:4,PeopleData_id:2,RankTypes_id:1]
6427032,909,0:25:12,0,[InvitationData_id:4,PeopleData_id:2,RankTypes_id:1,0]
6427032,910,0:25:13,0,[InvitationData_id:4,0,false]
6427032,908,0:25:13,0,[InvitationData_id:2,PeopleData_id:2,RankTypes_id:1]
6427032,909,0:25:17,0,[InvitationData_id:2,PeopleData_id:2,RankTypes_id:1,0]
6427032,910,0:25:18,0,[InvitationData_id:2,0,false]
6427032,908,0:25:18,0,[InvitationData_id:1,PeopleData_id:0,RankTypes_id:4]
6427032,909,0:25:20,0,[InvitationData_id:1,PeopleData_id:0,RankTypes_id:4,1]
6427032,910,0:25:21,0,[InvitationData_id:1,9,false]
6427032,911,0:25:25,0,[43,0,0,0]
6427032,1005,0:25:25,0,[2,1,3]
6427032,1001,0:25:27,0,[]
6427032,1003,0:25:27,2
6427032,221,0:25:45,0
6427032,220,0:25:50,0
6427032,210,0:25:54,744,551
6427032,211,0:25:57,820,505
6427032,213,0:25:57,0,c_teacherEng_G7a0,true
6427032,205,0:25:57,0,c_teacherEng_G7a0,false,false
6427032,210,0:26:2,834,376
6427032,211,0:26:4,985,520
6427032,213,0:26:4,0,c_bestFriend_M_a_G7a0,true
6427032,205,0:26:4,0,c_bestFriend_M_a_G7a0,false,false
6427032,210,0:26:9,922,500
6427032,207,0:26:10,0,-200,-455
6427032,207,0:26:11,0,-455,-518.45
6427032,211,0:26:13,1441,511
6427032,213,0:26:13,0,c_friend1_M_a_G7a0,true
6427032,210,0:26:17,1374,501
6427032,207,0:26:29,0,-518.45,-248.45
6427032,207,0:26:31,0,-248.45,0
6427032,211,0:26:33,2,546
6427032,210,0:26:33,155,520
6427032,207,0:26:45,0,0,-180
6427032,207,0:26:47,0,-180,-420
6427032,207,0:26:48,0,-420,-518.45
6427032,211,0:27:1,724,552
6427032,212,0:27:2,1
6427032,210,0:27:5,1314,397
6427032,207,0:27:11,0,-518.45,-188.45
6427032,207,0:27:13,0,-188.45,0
6427032,211,0:27:15,248,138
6427032,213,0:27:15,0,s_flag_gen,false
6427032,1003,0:27:22,1
6427032,1004,0:27:24,0
6427032,800,0:27:26,0,[]
6427032,801,0:27:29,0,[]
6427032,814,0:27:45,0,[2]
6427032,815,0:27:45,0,2,OpportunityCardData_id:13
6427032,816,0:27:48,0,2,OpportunityCardData_id:13
6427032,803,0:27:51,0,[OpportunityCardData_id:13,OpportunityCardConsequencesData_logId:0]
6427032,803,0:27:53,0,[OpportunityCardData_id:13,OpportunityCardConsequencesData_logId:1]
6427032,803,0:27:55,0,[OpportunityCardData_id:13,OpportunityCardConsequencesData_logId:2]
6427032,805,0:28:1,0,[OpportunityCardData_id:13]
6427032,806,0:28:5,0,[OpportunityCardData_id:13,PriorityData_type:1]
6427032,806,0:28:6,0,[OpportunityCardData_id:13,PriorityData_type:4]
6427032,806,0:28:6,0,[OpportunityCardData_id:13,PriorityData_type:3]
6427032,806,0:28:7,0,[OpportunityCardData_id:13,PriorityData_type:0]
6427032,806,0:28:14,0,[OpportunityCardData_id:13,PriorityData_type:4]
6427032,807,0:28:20,0,[OpportunityCardData_id:13]
6427032,808,0:28:24,0,[OpportunityCardData_id:13]
6427032,809,0:28:30,0,[OpportunityCardData_id:13,PriorityData_type:4,true]
6427032,810,0:28:32,0,[OpportunityCardData_id:13,PriorityData_type:2,15,Safe,Safe]
6427032,814,0:28:41,0,[4]
6427032,815,0:28:41,0,4,OpportunityCardData_id:22
6427032,816,0:28:44,0,4,OpportunityCardData_id:22
6427032,804,0:28:47,0,[OpportunityCardData_id:22]
6427032,814,0:28:48,0,[4]
6427032,815,0:28:48,0,4,OpportunityCardData_id:26
6427032,815,0:28:49,0,4,OpportunityCardData_id:27
6427032,815,0:28:49,0,4,OpportunityCardData_id:28
6427032,815,0:28:50,0,4,OpportunityCardData_id:29
6427032,815,0:28:51,0,4,OpportunityCardData_id:30
6427032,815,0:28:51,0,4,OpportunityCardData_id:31
6427032,815,0:28:52,0,4,OpportunityCardData_id:26
6427032,815,0:28:58,0,4,OpportunityCardData_id:27
6427032,815,0:28:59,0,4,OpportunityCardData_id:28
6427032,815,0:29:0,0,4,OpportunityCardData_id:29
6427032,815,0:29:0,0,4,OpportunityCardData_id:30
6427032,815,0:29:2,0,4,OpportunityCardData_id:31
6427032,815,0:29:5,0,4,OpportunityCardData_id:26
6427032,817,0:29:7,0,4
6427032,814,0:29:8,0,[3]
6427032,815,0:29:9,0,3,OpportunityCardData_id:19
6427032,816,0:29:10,0,3,OpportunityCardData_id:19
6427032,803,0:29:12,0,[OpportunityCardData_id:19,OpportunityCardConsequencesData_logId:0]
6427032,803,0:29:15,0,[OpportunityCardData_id:19,OpportunityCardConsequencesData_logId:1]
6427032,803,0:29:20,0,[OpportunityCardData_id:19,OpportunityCardConsequencesData_logId:2]
6427032,804,0:29:29,0,[OpportunityCardData_id:19]
6427032,814,0:29:34,0,[0]
6427032,815,0:29:34,0,0,OpportunityCardData_id:0
6427032,816,0:29:35,0,0,OpportunityCardData_id:0
6427032,803,0:29:37,0,[OpportunityCardData_id:0,OpportunityCardConsequencesData_logId:0]
6427032,803,0:29:37,0,[OpportunityCardData_id:0,OpportunityCardConsequencesData_logId:1]
6427032,803,0:29:37,0,[OpportunityCardData_id:0,OpportunityCardConsequencesData_logId:2]
6427032,805,0:29:39,0,[OpportunityCardData_id:0]
6427032,806,0:29:53,0,[OpportunityCardData_id:0,PriorityData_type:5]
6427032,806,0:29:54,0,[OpportunityCardData_id:0,PriorityData_type:3]
6427032,807,0:29:55,0,[OpportunityCardData_id:0]
6427032,808,0:30:0,0,[OpportunityCardData_id:0]
6427032,809,0:30:10,0,[OpportunityCardData_id:0,PriorityData_type:5,false]
6427032,810,0:30:13,0,[OpportunityCardData_id:0,PriorityData_type:0,15,PriorityData_type:5,10]
6427032,814,0:30:21,0,[1]
6427032,815,0:30:21,0,1,OpportunityCardData_id:7
6427032,815,0:30:25,0,1,OpportunityCardData_id:8
6427032,816,0:30:28,0,1,OpportunityCardData_id:8
6427032,803,0:30:29,0,[OpportunityCardData_id:8,OpportunityCardConsequencesData_logId:0]
6427032,803,0:30:30,0,[OpportunityCardData_id:8,OpportunityCardConsequencesData_logId:1]
6427032,803,0:30:30,0,[OpportunityCardData_id:8,OpportunityCardConsequencesData_logId:2]
6427032,805,0:30:40,0,[OpportunityCardData_id:8]
6427032,806,0:30:42,0,[OpportunityCardData_id:8,PriorityData_type:2]
6427032,807,0:30:44,0,[OpportunityCardData_id:8]
6427032,808,0:30:46,0,[OpportunityCardData_id:8]
6427032,809,0:30:53,0,[OpportunityCardData_id:8,PriorityData_type:2,true]
6427032,810,0:30:54,0,[OpportunityCardData_id:8,PriorityData_type:1,20,Safe,Safe]
6427032,814,0:30:59,0,[5]
6427032,815,0:30:59,0,5,OpportunityCardData_id:32
6427032,815,0:31:2,0,5,OpportunityCardData_id:33
6427032,815,0:31:3,0,5,OpportunityCardData_id:32
6427032,816,0:31:6,0,5,OpportunityCardData_id:32
6427032,803,0:31:8,0,[OpportunityCardData_id:32,OpportunityCardConsequencesData_logId:0]
6427032,803,0:31:8,0,[OpportunityCardData_id:32,OpportunityCardConsequencesData_logId:1]
6427032,805,0:31:10,0,[OpportunityCardData_id:32]
6427032,806,0:31:11,0,[OpportunityCardData_id:32,PriorityData_type:0]
6427032,806,0:31:15,0,[OpportunityCardData_id:32,PriorityData_type:2]
6427032,807,0:31:19,0,[OpportunityCardData_id:32]
6427032,808,0:31:21,0,[OpportunityCardData_id:32]
6427032,809,0:31:25,0,[OpportunityCardData_id:32,Safe,false]
6427032,810,0:31:26,0,[OpportunityCardData_id:32,PriorityData_type:5,20,Safe,Safe]
6427032,814,0:31:33,0,[3]
6427032,815,0:31:33,0,3,OpportunityCardData_id:20
6427032,815,0:31:40,0,3,OpportunityCardData_id:21
6427032,816,0:31:46,0,3,OpportunityCardData_id:21
6427032,803,0:31:47,0,[OpportunityCardData_id:21,OpportunityCardConsequencesData_logId:0]
6427032,803,0:31:48,0,[OpportunityCardData_id:21,OpportunityCardConsequencesData_logId:1]
6427032,805,0:31:53,0,[OpportunityCardData_id:21]
6427032,806,0:31:58,0,[OpportunityCardData_id:21,PriorityData_type:5]
6427032,807,0:31:59,0,[OpportunityCardData_id:21]
6427032,808,0:32:2,0,[OpportunityCardData_id:21]
6427032,809,0:32:6,0,[OpportunityCardData_id:21,PriorityData_type:4,false]
6427032,810,0:32:9,0,[OpportunityCardData_id:21,PriorityData_type:3,20,PriorityData_type:4,10]
6427032,814,0:32:12,0,[4]
6427032,815,0:32:12,0,4,OpportunityCardData_id:26
6427032,815,0:32:15,0,4,OpportunityCardData_id:27
6427032,815,0:32:16,0,4,OpportunityCardData_id:26
6427032,816,0:32:17,0,4,OpportunityCardData_id:26
6427032,803,0:32:18,0,[OpportunityCardData_id:26,OpportunityCardConsequencesData_logId:0]
6427032,803,0:32:18,0,[OpportunityCardData_id:26,OpportunityCardConsequencesData_logId:1]
6427032,803,0:32:18,0,[OpportunityCardData_id:26,OpportunityCardConsequencesData_logId:2]
6427032,805,0:32:30,0,[OpportunityCardData_id:26]
6427032,806,0:32:37,0,[OpportunityCardData_id:26,PriorityData_type:1]
6427032,807,0:32:38,0,[OpportunityCardData_id:26]
6427032,808,0:32:40,0,[OpportunityCardData_id:26]
6427032,809,0:32:48,0,[OpportunityCardData_id:26,PriorityData_type:0,false]
6427032,810,0:32:50,0,[OpportunityCardData_id:26,PriorityData_type:4,15,PriorityData_type:0,10]
6427032,811,0:32:54,0,[OpportunityCardData_id:26,PriorityData_type:2,80,85,PriorityData_type:4,70,50]
6427032,1005,0:32:54,0,[1,0,2]
6427032,1001,0:32:57,0,[]
6427032,1003,0:32:57,1
6427032,210,0:33:3,684,273
6427032,207,0:33:4,0,-200,-65
6427032,211,0:33:5,280,155
6427032,213,0:33:5,0,s_flag_gen,true
6427032,205,0:33:5,0,s_flag_gen,false,false
6427032,210,0:33:9,801,300
6427032,207,0:33:12,0,-65,-350
6427032,211,0:33:17,598,144
6427032,213,0:33:17,0,s_atwoodPoster_gen,true
6427032,210,0:33:25,1016,382
6427032,207,0:33:27,0,-350,-260
6427032,211,0:33:27,339,571
6427032,212,0:33:29,0
6427032,210,0:33:30,1280,466
6427032,207,0:33:30,0,-260,-350
6427032,207,0:33:30,0,-350,-518.45
6427032,211,0:33:32,618,575
6427032,213,0:33:32,0,s_otherStudent1_G7a0,true
6427032,212,0:33:35,2
6427032,212,0:33:36,0
6427032,210,0:33:37,1405,484
6427032,207,0:33:43,0,-518.45,-353.45
6427032,207,0:33:44,0,-353.45,0
6427032,207,0:33:50,0,0,-345
6427032,207,0:33:53,0,-345,-518.45
6427032,211,0:33:55,1454,548
6427032,212,0:33:55,1
6427032,210,0:33:56,1463,553
6427032,211,0:33:56,1479,532
6427032,212,0:33:57,2
6427032,210,0:34:0,1485,489
6427032,211,0:34:1,1464,519
6427032,213,0:34:1,0,c_friend1_M_a_G7a0,true
6427032,221,0:34:11,0
6427032,300,0:34:14
6427032,220,0:34:14,0
6427032,210,0:34:35,1005,389
6427032,211,0:34:36,857,412
6427032,213,0:34:36,0,c_teacherEng_G7a1N,true
6427032,205,0:34:36,0,c_teacherEng_G7a1N,false,false
6427032,210,0:34:41,1250,111
6427032,207,0:34:48,0,-400,-518.45
6427032,211,0:34:49,1059,575
6427032,213,0:34:49,0,c_bestFriend_M_a_G7a1N,true
6427032,205,0:34:49,0,c_bestFriend_M_a_G7a1N,false,false
6427032,210,0:35:2,1361,500
6427032,211,0:35:3,1465,607
6427032,212,0:35:3,0
6427032,210,0:35:4,1476,549
6427032,211,0:35:4,1454,525
6427032,212,0:35:4,1
6427032,210,0:35:5,1442,538
6427032,211,0:35:5,1440,529
6427032,212,0:35:5,2
6427032,210,0:35:6,1418,522
6427032,211,0:35:11,1109,252
6427032,212,0:35:12,0
6427032,210,0:35:12,1367,376
6427032,211,0:35:13,1249,160
6427032,212,0:35:15,2
6427032,210,0:35:15,1274,215
6427032,211,0:35:23,748,328
6427032,212,0:35:24,1
6427032,210,0:35:24,885,419
6427032,211,0:35:27,814,384
6427032,213,0:35:27,0,s_paperPlayers_G7a1N,true
6427032,205,0:35:27,0,s_paperPlayers_G7a1N,false,false
6427032,221,0:35:43,0
6427032,220,0:35:44,0
6427032,219,0:35:44,0
6427032,216,0:35:45,Stack_G7a1P
6427032,217,0:35:55,Stack_G7a1P,7.7,0.00
6427032,218,0:35:58,0
6427032,210,0:35:59,1159,265
6427032,211,0:36:0,1205,410
6427032,210,0:36:0,1115,403
6427032,211,0:36:1,728,445
6427032,213,0:36:1,0,c_teacherEng_G7a1P,false
6427032,1003,0:36:6,1
6427032,1004,0:36:7,0
6427032,800,0:36:10,0,[]
6427032,801,0:36:13,0,[]
6427032,814,0:36:17,0,[0]
6427032,815,0:36:17,0,0,OpportunityCardData_id:0
6427032,815,0:36:21,0,0,OpportunityCardData_id:1
6427032,815,0:36:22,0,0,OpportunityCardData_id:2
6427032,815,0:36:23,0,0,OpportunityCardData_id:1
6427032,815,0:36:24,0,0,OpportunityCardData_id:0
6427032,815,0:36:24,0,0,OpportunityCardData_id:1
6427032,815,0:36:26,0,0,OpportunityCardData_id:0
6427032,816,0:36:28,0,0,OpportunityCardData_id:0
6427032,803,0:36:29,0,[OpportunityCardData_id:0,OpportunityCardConsequencesData_logId:1]
6427032,803,0:36:30,0,[OpportunityCardData_id:0,OpportunityCardConsequencesData_logId:0]
6427032,803,0:36:30,0,[OpportunityCardData_id:0,OpportunityCardConsequencesData_logId:2]
6427032,805,0:36:33,0,[OpportunityCardData_id:0]
6427032,806,0:36:33,0,[OpportunityCardData_id:0,PriorityData_type:2]
6427032,807,0:36:37,0,[OpportunityCardData_id:0]
6427032,808,0:36:41,0,[OpportunityCardData_id:0]
6427032,809,0:36:46,0,[OpportunityCardData_id:0,PriorityData_type:1,false]
6427032,810,0:36:47,0,[OpportunityCardData_id:0,PriorityData_type:0,15,PriorityData_type:1,20]
6427032,814,0:36:52,0,[1]
6427032,815,0:36:52,0,1,OpportunityCardData_id:7
6427032,816,0:36:53,0,1,OpportunityCardData_id:7
6427032,804,0:36:58,0,[OpportunityCardData_id:7]
6427032,814,0:36:59,0,[1]
6427032,815,0:36:59,0,1,OpportunityCardData_id:8
6427032,815,0:37:0,0,1,OpportunityCardData_id:9
6427032,816,0:37:1,0,1,OpportunityCardData_id:9
6427032,803,0:37:3,0,[OpportunityCardData_id:9,OpportunityCardConsequencesData_logId:0]
6427032,803,0:37:3,0,[OpportunityCardData_id:9,OpportunityCardConsequencesData_logId:1]
6427032,805,0:37:4,0,[OpportunityCardData_id:9]
6427032,806,0:37:8,0,[OpportunityCardData_id:9,PriorityData_type:5]
6427032,807,0:37:10,0,[OpportunityCardData_id:9]
6427032,808,0:37:12,0,[OpportunityCardData_id:9]
6427032,809,0:37:24,0,[OpportunityCardData_id:9,Safe,false]
6427032,810,0:37:26,0,[OpportunityCardData_id:9,PriorityData_type:1,5,Safe,Safe]
6427032,814,0:37:33,0,[4]
6427032,815,0:37:33,0,4,OpportunityCardData_id:22
6427032,815,0:37:36,0,4,OpportunityCardData_id:26
6427032,815,0:37:38,0,4,OpportunityCardData_id:27
6427032,816,0:37:41,0,4,OpportunityCardData_id:27
6427032,803,0:37:43,0,[OpportunityCardData_id:27,OpportunityCardConsequencesData_logId:0]
6427032,803,0:37:44,0,[OpportunityCardData_id:27,OpportunityCardConsequencesData_logId:1]
6427032,803,0:37:44,0,[OpportunityCardData_id:27,OpportunityCardConsequencesData_logId:2]
6427032,805,0:37:45,0,[OpportunityCardData_id:27]
6427032,806,0:37:45,0,[OpportunityCardData_id:27,PriorityData_type:2]
6427032,806,0:37:49,0,[OpportunityCardData_id:27,PriorityData_type:3]
6427032,807,0:37:51,0,[OpportunityCardData_id:27]
6427032,808,0:37:53,0,[OpportunityCardData_id:27]
6427032,809,0:38:4,0,[OpportunityCardData_id:27,PriorityData_type:2,false]
6427032,810,0:38:5,0,[OpportunityCardData_id:27,PriorityData_type:4,15,PriorityData_type:2,10]
6427032,814,0:38:16,0,[0]
6427032,815,0:38:17,0,0,OpportunityCardData_id:1
6427032,816,0:38:18,0,0,OpportunityCardData_id:1
6427032,803,0:38:19,0,[OpportunityCardData_id:1,OpportunityCardConsequencesData_logId:0]
6427032,803,0:38:19,0,[OpportunityCardData_id:1,OpportunityCardConsequencesData_logId:1]
6427032,803,0:38:20,0,[OpportunityCardData_id:1,OpportunityCardConsequencesData_logId:2]
6427032,805,0:38:20,0,[OpportunityCardData_id:1]
6427032,806,0:38:21,0,[OpportunityCardData_id:1,PriorityData_type:2]
6427032,807,0:38:22,0,[OpportunityCardData_id:1]
6427032,808,0:38:24,0,[OpportunityCardData_id:1]
6427032,809,0:38:30,0,[OpportunityCardData_id:1,PriorityData_type:3,false]
6427032,810,0:38:31,0,[OpportunityCardData_id:1,PriorityData_type:0,15,PriorityData_type:3,5]
6427032,814,0:38:34,0,[5]
6427032,815,0:38:34,0,5,OpportunityCardData_id:32
6427032,816,0:38:35,0,5,OpportunityCardData_id:32
6427032,803,0:38:36,0,[OpportunityCardData_id:32,OpportunityCardConsequencesData_logId:0]
6427032,803,0:38:37,0,[OpportunityCardData_id:32,OpportunityCardConsequencesData_logId:1]
6427032,805,0:38:37,0,[OpportunityCardData_id:32]
6427032,806,0:38:37,0,[OpportunityCardData_id:32,PriorityData_type:1]
6427032,807,0:38:38,0,[OpportunityCardData_id:32]
6427032,808,0:38:40,0,[OpportunityCardData_id:32]
6427032,809,0:38:46,0,[OpportunityCardData_id:32,PriorityData_type:4,false]
6427032,810,0:38:49,0,[OpportunityCardData_id:32,PriorityData_type:5,20,PriorityData_type:4,5]
6427032,814,0:38:52,0,[1]
6427032,815,0:38:52,0,1,OpportunityCardData_id:8
6427032,815,0:38:55,0,1,OpportunityCardData_id:10
6427032,815,0:38:56,0,1,OpportunityCardData_id:11
6427032,815,0:38:56,0,1,OpportunityCardData_id:12
6427032,815,0:38:57,0,1,OpportunityCardData_id:8
6427032,816,0:38:58,0,1,OpportunityCardData_id:8
6427032,803,0:39:0,0,[OpportunityCardData_id:8,OpportunityCardConsequencesData_logId:0]
6427032,803,0:39:0,0,[OpportunityCardData_id:8,OpportunityCardConsequencesData_logId:1]
6427032,803,0:39:0,0,[OpportunityCardData_id:8,OpportunityCardConsequencesData_logId:2]
6427032,805,0:39:1,0,[OpportunityCardData_id:8]
6427032,806,0:39:5,0,[OpportunityCardData_id:8,PriorityData_type:3]
6427032,807,0:39:6,0,[OpportunityCardData_id:8]
6427032,808,0:39:10,0,[OpportunityCardData_id:8]
6427032,809,0:39:15,0,[OpportunityCardData_id:8,PriorityData_type:0,false]
6427032,810,0:39:16,0,[OpportunityCardData_id:8,PriorityData_type:1,20,PriorityData_type:0,25]
6427032,814,0:39:19,0,[4]
6427032,815,0:39:19,0,4,OpportunityCardData_id:22
6427032,816,0:39:20,0,4,OpportunityCardData_id:22
6427032,805,0:39:21,0,[OpportunityCardData_id:22]
6427032,807,0:39:22,0,[OpportunityCardData_id:22]
6427032,808,0:39:25,0,[OpportunityCardData_id:22]
6427032,809,0:39:40,0,[OpportunityCardData_id:22,Safe,false]
6427032,810,0:39:41,0,[OpportunityCardData_id:22,PriorityData_type:4,15,Safe,Safe]
6427032,811,0:39:44,0,[OpportunityCardData_id:22,PriorityData_type:2,80,60,PriorityData_type:4,70,70]
6427032,1001,0:39:45,0,[]
6427032,1003,0:39:45,1
6427032,210,0:39:52,1114,450
6427032,211,0:39:53,822,488
6427032,213,0:39:53,0,c_teacherEng_G7a1P,false
6427032,1003,0:39:56,1
6427032,210,0:40:0,982,408
6427032,207,0:40:6,0,-400,0
6427032,211,0:40:8,245,418
6427032,210,0:40:9,231,402
6427032,211,0:40:10,240,409
6427032,213,0:40:10,0,s_papersDetention_gen,true
6427032,210,0:40:21,478,465
6427032,211,0:40:24,620,448
6427032,210,0:40:25,864,366
6427032,207,0:40:26,0,0,-135
6427032,207,0:40:27,0,-135,-450
6427032,207,0:40:29,0,-450,-518
6427032,211,0:40:29,1527,305
6427032,210,0:40:29,1492,321
6427032,211,0:40:30,1478,318
6427032,213,0:40:30,0,s_paperEnglish_gen,true
6427032,205,0:40:30,0,s_paperEnglish_gen,false,false
6427032,210,0:40:46,1274,391
6427032,211,0:40:49,1328,278
6427032,212,0:40:50,0
6427032,210,0:40:51,1327,269
6427032,211,0:40:51,1229,137
6427032,213,0:40:51,0,s_clock_G7a1P,true
6427032,212,0:40:56,2
6427032,210,0:40:56,1264,490
6427032,211,0:41:3,1442,369
6427032,210,0:41:3,1455,310
6427032,211,0:41:4,385,486
6427032,207,0:41:4,0,-518,-368
6427032,210,0:41:16,850,372
6427032,211,0:41:17,682,374
6427032,213,0:41:17,0,s_paperPlayers_G7a1P,true
6427032,212,0:41:20,1
6427032,210,0:41:21,1028,501
6427032,211,0:41:23,1274,495
6427032,212,0:41:23,2
6427032,210,0:41:24,993,509
6427032,207,0:41:25,0,-368,-353
6427032,211,0:41:26,250,594
6427032,207,0:41:26,0,-353,-233
6427032,210,0:41:27,211,402
6427032,207,0:41:27,0,-233,-143
6427032,211,0:41:28,252,154
6427032,213,0:41:28,0,s_flag_gen,true
6427032,205,0:41:28,0,s_flag_gen,false,false
6427032,210,0:41:35,498,157
6427032,207,0:41:38,0,-143,-488
6427032,207,0:41:40,0,-488,-518
6427032,211,0:41:43,1538,180
6427032,210,0:41:43,1449,80
6427032,207,0:41:45,0,-518,-233
6427032,207,0:41:50,0,-233,0
6427032,211,0:41:50,2,636
6427032,210,0:41:51,52,520
6427032,211,0:41:55,344,373
6427032,212,0:41:57,1
6427032,210,0:41:57,247,568
6427032,207,0:42:2,0,0,-180
6427032,207,0:42:4,0,-180,-420
6427032,207,0:42:6,0,-420,-518
6427032,211,0:42:6,1540,293
6427032,210,0:42:7,1433,294
6427032,211,0:42:9,1325,306
6427032,212,0:42:9,0
6427032,210,0:42:10,1436,470
6427032,211,0:42:10,1416,422
6427032,210,0:42:11,1425,397
6427032,211,0:42:14,311,131
6427032,207,0:42:14,0,-518,-293
6427032,221,0:42:20,0
6427032,220,0:43:4,0
6427032,210,0:43:5,603,295
6427032,207,0:43:6,0,-293,-248
6427032,211,0:43:7,302,381
6427032,207,0:43:7,0,-248,-218
6427032,207,0:43:7,0,-218,-203
6427032,210,0:43:7,332,341
6427032,207,0:43:7,0,-203,-173
6427032,207,0:43:7,0,-173,-68
6427032,211,0:43:7,110,157
6427032,207,0:43:7,0,-68,-53
6427032,207,0:43:8,0,-53,-38
6427032,210,0:43:8,411,360
6427032,211,0:43:8,29,172
6427032,207,0:43:8,0,-38,-8
6427032,207,0:43:8,0,-8,-8
6427032,210,0:43:8,324,557
6427032,207,0:43:8,0,-8,0
6427032,211,0:43:8,15,466
6427032,210,0:43:8,241,493
6427032,211,0:43:9,697,689
6427032,210,0:43:11,701,399
6427032,211,0:43:12,744,478
6427032,210,0:43:13,905,454
6427032,207,0:43:13,0,0,-165
6427032,207,0:43:14,0,-165,-330
6427032,211,0:43:15,989,470
6427032,213,0:43:15,0,c_bestFriend_M_a_G7a1P,true
6427032,1003,0:43:20,0
6427032,1004,0:43:21,0
6427032,400,0:43:30,0,[]
6427032,401,0:43:33,0,[StatementsData_logId:0]
6427032,403,0:44:3,0,[StatementsData_logId:0,true]
6427032,405,0:44:7,0,[StatementsData_logId:0]
6427032,406,0:44:10,0,[StatementsData_logId:0,2]
6427032,407,0:44:10,0,[StatementsData_logId:0,FactCardData_id:6]
6427032,407,0:44:10,0,[StatementsData_logId:0,FactCardData_id:5]
6427032,407,0:44:10,0,[StatementsData_logId:0,FactCardData_id:4]
6427032,407,0:44:10,0,[StatementsData_logId:0,FactCardData_id:3]
6427032,407,0:44:10,0,[StatementsData_logId:0,FactCardData_id:7]
6427032,407,0:44:10,0,[StatementsData_logId:0,FactCardData_id:0]
6427032,407,0:45:3,0,[StatementsData_logId:0,FactCardData_id:4]
6427032,407,0:45:3,0,[StatementsData_logId:0,FactCardData_id:4]
6427032,408,0:45:5,0,[StatementsData_logId:0,FactCardData_id:4,false]
6427032,406,0:45:13,0,[StatementsData_logId:0,-2]
6427032,411,0:45:16,0,[StatementsData_logId:0]
6427032,401,0:45:20,0,[StatementsData_logId:1]
6427032,402,0:45:21,0,[StatementsData_logId:1,true]
6427032,405,0:45:24,0,[StatementsData_logId:1]
6427032,406,0:45:31,0,[StatementsData_logId:1,2]
6427032,411,0:45:32,0,[StatementsData_logId:1]
6427032,401,0:45:49,0,[StatementsData_logId:2]
6427032,402,0:45:50,0,[StatementsData_logId:2,false]
6427032,405,0:45:52,0,[StatementsData_logId:2]
6427032,406,0:46:10,0,[StatementsData_logId:2,-2]
6427032,411,0:46:11,0,[StatementsData_logId:2]
6427032,401,0:46:23,0,[StatementsData_logId:3]
6427032,403,0:46:27,0,[StatementsData_logId:3,true]
6427032,405,0:46:30,0,[StatementsData_logId:3]
6427032,406,0:46:38,0,[StatementsData_logId:3,2]
6427032,407,0:46:38,0,[StatementsData_logId:3,FactCardData_id:7]
6427032,407,0:46:38,0,[StatementsData_logId:3,FactCardData_id:3]
6427032,407,0:46:38,0,[StatementsData_logId:3,FactCardData_id:4]
6427032,407,0:46:38,0,[StatementsData_logId:3,FactCardData_id:6]
6427032,407,0:46:38,0,[StatementsData_logId:3,FactCardData_id:0]
6427032,407,0:46:38,0,[StatementsData_logId:3,FactCardData_id:5]
6427032,407,0:46:48,0,[StatementsData_logId:3,FactCardData_id:5]
6427032,407,0:46:48,0,[StatementsData_logId:3,FactCardData_id:5]
6427032,407,0:46:50,0,[StatementsData_logId:3,FactCardData_id:4]
6427032,407,0:46:50,0,[StatementsData_logId:3,FactCardData_id:5]
6427032,407,0:46:50,0,[StatementsData_logId:3,FactCardData_id:4]
6427032,408,0:46:52,0,[StatementsData_logId:3,FactCardData_id:4,false]
6427032,406,0:47:1,0,[StatementsData_logId:3,-2]
6427032,411,0:47:3,0,[StatementsData_logId:3]
6427032,401,0:47:9,0,[StatementsData_logId:4]
6427032,402,0:47:10,0,[StatementsData_logId:4,true]
6427032,405,0:47:11,0,[StatementsData_logId:4]
6427032,406,0:47:23,0,[StatementsData_logId:4,2]
6427032,411,0:47:26,0,[StatementsData_logId:4]
6427032,401,0:47:39,0,[StatementsData_logId:5]
6427032,403,0:47:41,0,[StatementsData_logId:5,false]
6427032,405,0:47:43,0,[StatementsData_logId:5]
6427032,406,0:47:46,0,[StatementsData_logId:5,-2]
6427032,411,0:47:48,0,[StatementsData_logId:5]
6427032,420,0:47:48,0,[32]
6427032,1005,0:47:48,0,[0,0,1]
6427032,1001,0:47:50,0,[]
6427032,1003,0:47:50,0
6427032,1004,0:47:52,0
6427032,400,0:47:54,0,[]
6427032,401,0:47:57,0,[StatementsData_logId:0]
6427032,402,0:48:1,0,[StatementsData_logId:0,false]
6427032,405,0:48:2,0,[StatementsData_logId:0]
6427032,406,0:48:2,0,[StatementsData_logId:0,-2]
6427032,411,0:48:5,0,[StatementsData_logId:0]
6427032,401,0:48:6,0,[StatementsData_logId:1]
6427032,403,0:48:7,0,[StatementsData_logId:1,false]
6427032,405,0:48:8,0,[StatementsData_logId:1]
6427032,406,0:48:12,0,[StatementsData_logId:1,-2]
6427032,411,0:48:13,0,[StatementsData_logId:1]
6427032,401,0:48:16,0,[StatementsData_logId:2]
6427032,402,0:48:17,0,[StatementsData_logId:2,false]
6427032,405,0:48:18,0,[StatementsData_logId:2]
6427032,406,0:48:26,0,[StatementsData_logId:2,-2]
6427032,411,0:48:28,0,[StatementsData_logId:2]
6427032,401,0:48:34,0,[StatementsData_logId:3]
6427032,403,0:48:35,0,[StatementsData_logId:3,true]
6427032,405,0:48:37,0,[StatementsData_logId:3]
6427032,406,0:48:40,0,[StatementsData_logId:3,2]
6427032,407,0:48:40,0,[StatementsData_logId:3,FactCardData_id:6]
6427032,407,0:48:40,0,[StatementsData_logId:3,FactCardData_id:0]
6427032,407,0:48:40,0,[StatementsData_logId:3,FactCardData_id:5]
6427032,407,0:48:40,0,[StatementsData_logId:3,FactCardData_id:7]
6427032,407,0:48:40,0,[StatementsData_logId:3,FactCardData_id:3]
6427032,407,0:48:40,0,[StatementsData_logId:3,FactCardData_id:4]
6427032,407,0:49:9,0,[StatementsData_logId:3,FactCardData_id:7]
6427032,407,0:49:9,0,[StatementsData_logId:3,FactCardData_id:7]
6427032,408,0:49:10,0,[StatementsData_logId:3,FactCardData_id:7,false]
6427032,406,0:49:14,0,[StatementsData_logId:3,-2]
6427032,411,0:49:17,0,[StatementsData_logId:3]
6427032,401,0:49:18,0,[StatementsData_logId:4]
6427032,404,0:49:20,0,[StatementsData_logId:4,false]
6427032,405,0:49:21,0,[StatementsData_logId:4]
6427032,406,0:49:25,0,[StatementsData_logId:4,-2]
6427032,411,0:49:26,0,[StatementsData_logId:4]
6427032,401,0:49:31,0,[StatementsData_logId:5]
6427032,404,0:49:31,0,[StatementsData_logId:5,true]
6427032,406,0:49:32,0,[StatementsData_logId:5,2]
6427032,412,0:49:36,0,[StatementsData_logId:5]
6427032,413,0:49:43,0,[StatementsData_logId:5,DuelResponsesData_logId:9]
6427032,414,0:49:55,0,[StatementsData_logId:5,DuelResponsesData_logId:9]
6427032,415,0:49:57,0,[StatementsData_logId:5,DuelResponsesData_logId:9,DuelResponsesData_lame_player_response]
6427032,416,0:49:58,0,[StatementsData_logId:5,DuelResponsesData_logId:9]
6427032,417,0:50:4,0,[StatementsData_logId:5,DuelResponsesData_logId:9]
6427032,413,0:50:8,0,[StatementsData_logId:5,DuelResponsesData_logId:10]
6427032,414,0:50:12,0,[StatementsData_logId:5,DuelResponsesData_logId:10]
6427032,415,0:50:21,0,[StatementsData_logId:5,DuelResponsesData_logId:10,DuelResponsesData_ok_player_response]
6427032,416,0:50:22,0,[StatementsData_logId:5,DuelResponsesData_logId:10]
6427032,417,0:50:26,0,[StatementsData_logId:5,DuelResponsesData_logId:10]
6427032,413,0:50:32,0,[StatementsData_logId:5,DuelResponsesData_logId:11]
6427032,414,0:50:37,0,[StatementsData_logId:5,DuelResponsesData_logId:11]
6427032,415,0:50:44,0,[StatementsData_logId:5,DuelResponsesData_logId:11,DuelResponsesData_lame_player_response]
6427032,416,0:50:47,0,[StatementsData_logId:5,DuelResponsesData_logId:11]
6427032,417,0:50:50,0,[StatementsData_logId:5,DuelResponsesData_logId:11]
6427032,418,0:50:50,0,[StatementsData_logId:5,false]
6427032,419,0:50:55,0,[StatementsData_logId:5,-4]
6427032,411,0:50:58,0,[StatementsData_logId:5]
6427032,420,0:50:58,0,[22]
6427032,1001,0:51:0,0,[]
6427032,1003,0:51:0,0
6427032,1004,0:51:2,0
6427032,400,0:51:8,0,[]
6427032,401,0:51:9,0,[StatementsData_logId:0]
6427032,402,0:51:13,0,[StatementsData_logId:0,false]
6427032,405,0:51:14,0,[StatementsData_logId:0]
6427032,406,0:51:14,0,[StatementsData_logId:0,-2]
6427032,411,0:51:16,0,[StatementsData_logId:0]
6427032,401,0:51:21,0,[StatementsData_logId:1]
6427032,402,0:51:22,0,[StatementsData_logId:1,true]
6427032,405,0:51:23,0,[StatementsData_logId:1]
6427032,406,0:51:23,0,[StatementsData_logId:1,2]
6427032,411,0:51:33,0,[StatementsData_logId:1]
6427032,401,0:51:40,0,[StatementsData_logId:2]
6427032,403,0:51:43,0,[StatementsData_logId:2,false]
6427032,405,0:51:44,0,[StatementsData_logId:2]
6427032,406,0:51:45,0,[StatementsData_logId:2,-2]
6427032,411,0:51:46,0,[StatementsData_logId:2]
6427032,401,0:51:57,0,[StatementsData_logId:3]
6427032,402,0:52:3,0,[StatementsData_logId:3,false]
6427032,405,0:52:5,0,[StatementsData_logId:3]
6427032,406,0:52:8,0,[StatementsData_logId:3,-2]
6427032,411,0:52:10,0,[StatementsData_logId:3]
6427032,401,0:52:14,0,[StatementsData_logId:4]
6427032,402,0:52:19,0,[StatementsData_logId:4,true]
6427032,405,0:52:25,0,[StatementsData_logId:4]
6427032,406,0:52:40,0,[StatementsData_logId:4,2]
6427032,411,0:52:44,0,[StatementsData_logId:4]
6427032,401,0:52:51,0,[StatementsData_logId:5]
6427032,404,0:52:51,0,[StatementsData_logId:5,true]
6427032,406,0:52:56,0,[StatementsData_logId:5,2]
6427032,412,0:53:1,0,[StatementsData_logId:5]
6427032,413,0:53:6,0,[StatementsData_logId:5,DuelResponsesData_logId:9]
6427032,414,0:53:17,0,[StatementsData_logId:5,DuelResponsesData_logId:9]
6427032,415,0:53:24,0,[StatementsData_logId:5,DuelResponsesData_logId:9,DuelResponsesData_lame_player_response]
6427032,416,0:53:30,0,[StatementsData_logId:5,DuelResponsesData_logId:9]
6427032,417,0:53:34,0,[StatementsData_logId:5,DuelResponsesData_logId:9]
6427032,413,0:53:54,0,[StatementsData_logId:5,DuelResponsesData_logId:10]
6427032,414,0:54:8,0,[StatementsData_logId:5,DuelResponsesData_logId:10]
6427032,415,0:54:43,0,[StatementsData_logId:5,DuelResponsesData_logId:10,DuelResponsesData_witty_player_response]
6427032,416,0:54:44,0,[StatementsData_logId:5,DuelResponsesData_logId:10]
6427032,417,0:54:48,0,[StatementsData_logId:5,DuelResponsesData_logId:10]
6427032,413,0:54:54,0,[StatementsData_logId:5,DuelResponsesData_logId:11]
6427032,414,0:54:54,0,[StatementsData_logId:5,DuelResponsesData_logId:11]
6427032,415,0:55:8,0,[StatementsData_logId:5,DuelResponsesData_logId:11,DuelResponsesData_witty_player_response]
6427032,416,0:55:10,0,[StatementsData_logId:5,DuelResponsesData_logId:11]
6427032,417,0:55:16,0,[StatementsData_logId:5,DuelResponsesData_logId:11]
6427032,418,0:55:16,0,[StatementsData_logId:5,true]
6427032,419,0:55:37,0,[StatementsData_logId:5,4]
6427032,411,0:55:39,0,[StatementsData_logId:5]
6427032,420,0:55:39,0,[36]
6427032,1000,0:55:51,0,[]
6427032,400,0:55:53,0,[]
6427032,401,0:55:57,0,[StatementsData_logId:0]
6427032,403,0:56:0,0,[StatementsData_logId:0,true]
6427032,405,0:56:2,0,[StatementsData_logId:0]
6427032,406,0:56:8,0,[StatementsData_logId:0,2]
6427032,407,0:56:8,0,[StatementsData_logId:0,FactCardData_id:4]
6427032,407,0:56:8,0,[StatementsData_logId:0,FactCardData_id:7]
6427032,407,0:56:8,0,[StatementsData_logId:0,FactCardData_id:0]
6427032,407,0:56:8,0,[StatementsData_logId:0,FactCardData_id:6]
6427032,407,0:56:8,0,[StatementsData_logId:0,FactCardData_id:5]
6427032,407,0:56:8,0,[StatementsData_logId:0,FactCardData_id:3]
6427032,407,0:56:42,0,[StatementsData_logId:0,FactCardData_id:7]
6427032,407,0:56:42,0,[StatementsData_logId:0,FactCardData_id:7]
6427032,407,0:56:42,0,[StatementsData_logId:0,FactCardData_id:6]
6427032,407,0:56:42,0,[StatementsData_logId:0,FactCardData_id:7]
6427032,407,0:56:42,0,[StatementsData_logId:0,FactCardData_id:6]
6427032,407,0:56:43,0,[StatementsData_logId:0,FactCardData_id:3]
6427032,407,0:56:43,0,[StatementsData_logId:0,FactCardData_id:6]
6427032,407,0:56:43,0,[StatementsData_logId:0,FactCardData_id:3]
6427032,407,0:56:43,0,[StatementsData_logId:0,FactCardData_id:5]
6427032,407,0:56:43,0,[StatementsData_logId:0,FactCardData_id:3]
6427032,407,0:56:43,0,[StatementsData_logId:0,FactCardData_id:5]
6427032,407,0:56:44,0,[StatementsData_logId:0,FactCardData_id:0]
6427032,407,0:56:44,0,[StatementsData_logId:0,FactCardData_id:5]
6427032,407,0:56:44,0,[StatementsData_logId:0,FactCardData_id:0]
6427032,407,0:57:8,0,[StatementsData_logId:0,FactCardData_id:3]
6427032,407,0:57:8,0,[StatementsData_logId:0,FactCardData_id:0]
6427032,407,0:57:8,0,[StatementsData_logId:0,FactCardData_id:3]
6427032,408,0:57:8,0,[StatementsData_logId:0,FactCardData_id:3,false]
6427032,406,0:57:16,0,[StatementsData_logId:0,-2]
6427032,411,0:57:17,0,[StatementsData_logId:0]
6427032,401,0:57:19,0,[StatementsData_logId:1]
6427032,403,0:57:19,0,[StatementsData_logId:1,false]
6427032,405,0:57:20,0,[StatementsData_logId:1]
6427032,406,0:57:21,0,[StatementsData_logId:1,-2]
6427032,411,0:57:22,0,[StatementsData_logId:1]
6427032,401,0:57:23,0,[StatementsData_logId:2]
6427032,404,0:57:23,0,[StatementsData_logId:2,true]
6427032,406,0:57:24,0,[StatementsData_logId:2,2]
6427032,412,0:57:28,0,[StatementsData_logId:2]
6427032,413,0:57:34,0,[StatementsData_logId:2,DuelResponsesData_logId:3]
6427032,414,0:57:38,0,[StatementsData_logId:2,DuelResponsesData_logId:3]
6427032,415,0:57:44,0,[StatementsData_logId:2,DuelResponsesData_logId:3,DuelResponsesData_ok_player_response]
6427032,416,0:57:45,0,[StatementsData_logId:2,DuelResponsesData_logId:3]
6427032,417,0:57:47,0,[StatementsData_logId:2,DuelResponsesData_logId:3]
6427032,413,0:57:55,0,[StatementsData_logId:2,DuelResponsesData_logId:4]
6427032,414,0:57:59,0,[StatementsData_logId:2,DuelResponsesData_logId:4]
6427032,415,0:58:11,0,[StatementsData_logId:2,DuelResponsesData_logId:4,DuelResponsesData_witty_player_response]
6427032,416,0:58:12,0,[StatementsData_logId:2,DuelResponsesData_logId:4]
6427032,417,0:58:16,0,[StatementsData_logId:2,DuelResponsesData_logId:4]
6427032,413,0:58:27,0,[StatementsData_logId:2,DuelResponsesData_logId:5]
6427032,414,0:58:29,0,[StatementsData_logId:2,DuelResponsesData_logId:5]
6427032,415,0:58:47,0,[StatementsData_logId:2,DuelResponsesData_logId:5,DuelResponsesData_witty_player_response]
6427032,416,0:58:48,0,[StatementsData_logId:2,DuelResponsesData_logId:5]
6427032,417,0:58:52,0,[StatementsData_logId:2,DuelResponsesData_logId:5]
6427032,418,0:58:52,0,[StatementsData_logId:2,true]
6427032,419,0:58:55,0,[StatementsData_logId:2,4]
6427032,411,0:59:1,0,[StatementsData_logId:2]
6427032,401,0:59:4,0,[StatementsData_logId:3]
6427032,404,0:59:5,0,[StatementsData_logId:3,false]
6427032,405,0:59:7,0,[StatementsData_logId:3]
6427032,406,0:59:12,0,[StatementsData_logId:3,-2]
6427032,411,0:59:14,0,[StatementsData_logId:3]
6427032,401,0:59:20,0,[StatementsData_logId:4]
6427032,402,0:59:21,0,[StatementsData_logId:4,true]
6427032,405,0:59:22,0,[StatementsData_logId:4]
6427032,1002,0:59:57,0
6427032,1003,0:59:57,0
6427032,1004,0:59:58,0
6427032,400,1:0:31,0,[]
6427032,401,1:0:40,0,[StatementsData_logId:0]
6427032,403,1:0:48,0,[StatementsData_logId:0,true]
6427032,405,1:0:52,0,[StatementsData_logId:0]
6427032,406,1:0:52,0,[StatementsData_logId:0,2]
6427032,407,1:0:52,0,[StatementsData_logId:0,FactCardData_id:6]
6427032,407,1:0:52,0,[StatementsData_logId:0,FactCardData_id:4]
6427032,407,1:0:52,0,[StatementsData_logId:0,FactCardData_id:0]
6427032,407,1:0:52,0,[StatementsData_logId:0,FactCardData_id:3]
6427032,407,1:0:52,0,[StatementsData_logId:0,FactCardData_id:5]
6427032,407,1:0:52,0,[StatementsData_logId:0,FactCardData_id:7]
6427032,407,1:0:59,0,[StatementsData_logId:0,FactCardData_id:6]
6427032,407,1:0:59,0,[StatementsData_logId:0,FactCardData_id:6]
6427032,408,1:1:8,0,[StatementsData_logId:0,FactCardData_id:6,true]
6427032,409,1:1:8,0,[StatementsData_logId:0]
6427032,410,1:1:10,0,[StatementsData_logId:0,2]
6427032,412,1:1:15,0,[StatementsData_logId:0]
6427032,413,1:1:18,0,[StatementsData_logId:0,DuelResponsesData_logId:0]
6427032,414,1:1:20,0,[StatementsData_logId:0,DuelResponsesData_logId:0]
6427032,415,1:1:28,0,[StatementsData_logId:0,DuelResponsesData_logId:0,DuelResponsesData_witty_player_response]
6427032,416,1:1:29,0,[StatementsData_logId:0,DuelResponsesData_logId:0]
6427032,417,1:1:32,0,[StatementsData_logId:0,DuelResponsesData_logId:0]
6427032,413,1:1:35,0,[StatementsData_logId:0,DuelResponsesData_logId:1]
6427032,414,1:1:37,0,[StatementsData_logId:0,DuelResponsesData_logId:1]
6427032,415,1:1:43,0,[StatementsData_logId:0,DuelResponsesData_logId:1,DuelResponsesData_lame_player_response]
6427032,416,1:1:49,0,[StatementsData_logId:0,DuelResponsesData_logId:1]
6427032,417,1:1:51,0,[StatementsData_logId:0,DuelResponsesData_logId:1]
6427032,413,1:1:52,0,[StatementsData_logId:0,DuelResponsesData_logId:2]
6427032,414,1:1:54,0,[StatementsData_logId:0,DuelResponsesData_logId:2]
6427032,415,1:2:1,0,[StatementsData_logId:0,DuelResponsesData_logId:2,DuelResponsesData_witty_player_response]
6427032,416,1:2:2,0,[StatementsData_logId:0,DuelResponsesData_logId:2]
6427032,417,1:2:3,0,[StatementsData_logId:0,DuelResponsesData_logId:2]
6427032,418,1:2:3,0,[StatementsData_logId:0,true]
6427032,419,1:2:8,0,[StatementsData_logId:0,4]
6427032,411,1:2:11,0,[StatementsData_logId:0]
6427032,401,1:2:15,0,[StatementsData_logId:1]
6427032,402,1:2:19,0,[StatementsData_logId:1,true]
6427032,405,1:2:20,0,[StatementsData_logId:1]
6427032,406,1:2:24,0,[StatementsData_logId:1,2]
6427032,411,1:2:26,0,[StatementsData_logId:1]
6427032,401,1:2:36,0,[StatementsData_logId:2]
6427032,404,1:2:37,0,[StatementsData_logId:2,true]
6427032,406,1:2:40,0,[StatementsData_logId:2,2]
6427032,412,1:2:43,0,[StatementsData_logId:2]
6427032,413,1:2:48,0,[StatementsData_logId:2,DuelResponsesData_logId:3]
6427032,414,1:2:50,0,[StatementsData_logId:2,DuelResponsesData_logId:3]
6427032,415,1:2:56,0,[StatementsData_logId:2,DuelResponsesData_logId:3,DuelResponsesData_lame_player_response]
6427032,416,1:2:57,0,[StatementsData_logId:2,DuelResponsesData_logId:3]
6427032,417,1:3:0,0,[StatementsData_logId:2,DuelResponsesData_logId:3]
6427032,413,1:3:1,0,[StatementsData_logId:2,DuelResponsesData_logId:4]
6427032,414,1:3:5,0,[StatementsData_logId:2,DuelResponsesData_logId:4]
6427032,415,1:3:29,0,[StatementsData_logId:2,DuelResponsesData_logId:4,DuelResponsesData_witty_player_response]
6427032,416,1:3:29,0,[StatementsData_logId:2,DuelResponsesData_logId:4]
6427032,417,1:3:39,0,[StatementsData_logId:2,DuelResponsesData_logId:4]
6427032,413,1:3:40,0,[StatementsData_logId:2,DuelResponsesData_logId:5]
6427032,414,1:3:41,0,[StatementsData_logId:2,DuelResponsesData_logId:5]
6427032,415,1:3:48,0,[StatementsData_logId:2,DuelResponsesData_logId:5,DuelResponsesData_witty_player_response]
6427032,416,1:3:49,0,[StatementsData_logId:2,DuelResponsesData_logId:5]
6427032,417,1:3:50,0,[StatementsData_logId:2,DuelResponsesData_logId:5]
6427032,418,1:3:50,0,[StatementsData_logId:2,true]
6427032,419,1:3:51,0,[StatementsData_logId:2,4]
6427032,411,1:3:52,0,[StatementsData_logId:2]
6427032,401,1:4:3,0,[StatementsData_logId:3]
6427032,403,1:4:12,0,[StatementsData_logId:3,true]
6427032,405,1:4:13,0,[StatementsData_logId:3]
6427032,406,1:4:14,0,[StatementsData_logId:3,2]
6427032,407,1:4:14,0,[StatementsData_logId:3,FactCardData_id:7]
6427032,407,1:4:14,0,[StatementsData_logId:3,FactCardData_id:4]
6427032,407,1:4:14,0,[StatementsData_logId:3,FactCardData_id:0]
6427032,407,1:4:14,0,[StatementsData_logId:3,FactCardData_id:6]
6427032,407,1:4:14,0,[StatementsData_logId:3,FactCardData_id:3]
6427032,407,1:4:14,0,[StatementsData_logId:3,FactCardData_id:5]
6427032,407,1:4:19,0,[StatementsData_logId:3,FactCardData_id:6]
6427032,407,1:4:19,0,[StatementsData_logId:3,FactCardData_id:6]
6427032,408,1:4:20,0,[StatementsData_logId:3,FactCardData_id:6,false]
6427032,406,1:4:23,0,[StatementsData_logId:3,-2]
6427032,411,1:4:26,0,[StatementsData_logId:3]
6427032,401,1:4:27,0,[StatementsData_logId:4]
6427032,402,1:4:29,0,[StatementsData_logId:4,true]
6427032,405,1:4:30,0,[StatementsData_logId:4]
6427032,406,1:4:36,0,[StatementsData_logId:4,2]
6427032,411,1:4:38,0,[StatementsData_logId:4]
6427032,103,1:5:0
6427032,105,1:5:3
6427032,703,1:5:5,[|| EpilogueItem ID: 0 unlocked: false ||,|| EpilogueItem ID: 1 unlocked: false ||,|| EpilogueItem ID: 2 unlocked: false ||,|| EpilogueItem ID: 3 unlocked: false ||,|| EpilogueItem ID: 4 unlocked: false ||,|| EpilogueItem ID: 5 unlocked: false ||,|| EpilogueItem ID: 6 unlocked: false ||,|| EpilogueItem ID: 7 unlocked: false ||,|| EpilogueItem ID: 8 unlocked: false ||,|| EpilogueItem ID: 9 unlocked: false ||,|| EpilogueItem ID: 10 unlocked: false ||,|| EpilogueItem ID: 11 unlocked: false ||,|| EpilogueItem ID: 12 unlocked: false ||,|| EpilogueItem ID: 13 unlocked: false ||,|| EpilogueItem ID: 14 unlocked: false ||,|| EpilogueItem ID: 15 unlocked: false ||,|| EpilogueItem ID: 16 unlocked: false ||,|| EpilogueItem ID: 17 unlocked: false ||,|| EpilogueItem ID: 18 unlocked: false ||,|| EpilogueItem ID: 19 unlocked: false ||,|| EpilogueItem ID: 20 unlocked: false ||,|| EpilogueItem ID: 21 unlocked: false ||,|| EpilogueItem ID: 22 unlocked: false ||,|| EpilogueItem ID: 23 unlocked: false ||,|| EpilogueItem ID: 24 unlocked: false ||],0
6427032,706,1:5:15,(x=596, y=-100, w=1024, h=768),(x=656, y=-100, w=1024, h=768)
6427032,706,1:5:17,(x=1132, y=-100, w=1024, h=768),(x=2531, y=-100, w=1024, h=768)
6427032,706,1:5:19,(x=2247, y=-100, w=1024, h=768),(x=2223, y=-100, w=1024, h=768)
6427032,706,1:5:21,(x=2512, y=-100, w=1024, h=768),(x=2512, y=-100, w=1024, h=768)
6427032,708,1:5:22
6427032,1,1:5:22,1/1/1970 0:26:48am,{"gameTime":3922597,"challengeStacks":[{"challengeScenes":[{"miniGameCards":[],"viewedAnimatic":true,"keyPoints":["c_teacherEng_G7a0","c_bestFriend_M_a_G7a0","s_flag_gen"],"unlocked":true,"touchableObjects":["c_teacherEng_G7a0","c_bestFriend_M_a_G7a0","c_friend1_M_a_G7a0","s_flag_gen","s_atwoodPoster_gen","s_otherStudent1_G7a0"]},{"miniGameCards":[],"viewedAnimatic":true,"keyPoints":["c_teacherEng_G7a1N","c_bestFriend_M_a_G7a1N","s_paperPlayers_G7a1N"],"unlocked":true,"touchableObjects":["s_otherStudent2_G7a1N","c_teacherEng_G7a1N","c_bestFriend_M_a_G7a1N","s_paperPlayers_G7a1N"]},{"miniGameCards":[],"viewedAnimatic":true,"keyPoints":["s_paperEnglish_gen","s_flag_gen"],"unlocked":true,"touchableObjects":["s_papersDetention_gen","s_paperEnglish_gen","s_clock_G7a1P","s_paperPlayers_G7a1P","s_flag_gen"]}],"stackSize":3,"resolved":false},{"challengeScenes":[{"miniGameCards":[],"viewedAnimatic":false,"keyPoints":[],"unlocked":false,"touchableObjects":[]},{"miniGameCards":[],"viewedAnimatic":false,"keyPoints":[],"unlocked":false,"touchableObjects":[]},{"miniGameCards":[],"viewedAnimatic":false,"keyPoints":[],"unlocked":false,"touchableObjects":[]},{"miniGameCards":[],"viewedAnimatic":false,"keyPoints":[],"unlocked":false,"touchableObjects":[]},{"miniGameCards":[],"viewedAnimatic":false,"keyPoints":[],"unlocked":false,"touchableObjects":[]}],"stackSize":5,"resolved":false},{"challengeScenes":[{"miniGameCards":[],"viewedAnimatic":false,"keyPoints":[],"unlocked":false,"touchableObjects":[]},{"miniGameCards":[],"viewedAnimatic":false,"keyPoints":[],"unlocked":false,"touchableObjects":[]},{"miniGameCards":[],"viewedAnimatic":false,"keyPoints":[],"unlocked":false,"touchableObjects":[]},{"miniGameCards":[],"viewedAnimatic":false,"keyPoints":[],"unlocked":false,"touchableObjects":[]},{"miniGameCards":[],"viewedAnimatic":false,"keyPoints":[],"unlocked":false,"touchableObjects":[]},{"miniGameCards":[],"viewedAnimatic":false,"keyPoints":[],"unlocked":false,"touchableObjects":[]},{"miniGameCards":[],"viewedAnimatic":false,"keyPoints":[],"unlocked":false,"touchableObjects":[]}],"stackSize":7,"resolved":false},{"challengeScenes":[{"miniGameCards":[],"viewedAnimatic":false,"keyPoints":[],"unlocked":false,"touchableObjects":[]},{"miniGameCards":[],"viewedAnimatic":false,"keyPoints":[],"unlocked":false,"touchableObjects":[]},{"miniGameCards":[],"viewedAnimatic":false,"keyPoints":[],"unlocked":false,"touchableObjects":[]},{"miniGameCards":[],"viewedAnimatic":false,"keyPoints":[],"unlocked":false,"touchableObjects":[]},{"miniGameCards":[],"viewedAnimatic":false,"keyPoints":[],"unlocked":false,"touchableObjects":[]}],"stackSize":5,"resolved":false},{"challengeScenes":[{"miniGameCards":[],"viewedAnimatic":false,"keyPoints":[],"unlocked":false,"touchableObjects":[]},{"miniGameCards":[],"viewedAnimatic":false,"keyPoints":[],"unlocked":false,"touchableObjects":[]},{"miniGameCards":[],"viewedAnimatic":false,"keyPoints":[],"unlocked":false,"touchableObjects":[]},{"miniGameCards":[],"viewedAnimatic":false,"keyPoints":[],"unlocked":false,"touchableObjects":[]},{"miniGameCards":[],"viewedAnimatic":false,"keyPoints":[],"unlocked":false,"touchableObjects":[]}],"stackSize":5,"resolved":false},{"challengeScenes":[{"miniGameCards":[],"viewedAnimatic":false,"keyPoints":[],"unlocked":false,"touchableObjects":[]},{"miniGameCards":[],"viewedAnimatic":false,"keyPoints":[],"unlocked":false,"touchableObjects":[]},{"miniGameCards":[],"viewedAnimatic":false,"keyPoints":[],"unlocked":false,"touchableObjects":[]},{"miniGameCards":[],"viewedAnimatic":false,"keyPoints":[],"unlocked":false,"touchableObjects":[]},{"miniGameCards":[],"viewedAnimatic":false,"keyPoints":[],"unlocked":false,"touchableObjects":[]}],"stackSize":5,"resolved":false},{"challengeScenes":[{"miniGameCards":[],"viewedAnimatic":false,"keyPoints":[],"unlocked":false,"touchableObjects":[]},{"miniGameCards":[],"viewedAnimatic":false,"keyPoints":[],"unlocked":false,"touchableObjects":[]},{"miniGameCards":[],"viewedAnimatic":false,"keyPoints":[],"unlocked":false,"touchableObjects":[]},{"miniGameCards":[],"viewedAnimatic":false,"keyPoints":[],"unlocked":false,"touchableObjects":[]},{"miniGameCards":[],"viewedAnimatic":false,"keyPoints":[],"unlocked":false,"touchableObjects":[]}],"stackSize":5,"resolved":false},{"challengeScenes":[{"miniGameCards":[],"viewedAnimatic":false,"keyPoints":[],"unlocked":false,"touchableObjects":[]},{"miniGameCards":[],"viewedAnimatic":false,"keyPoints":[],"unlocked":false,"touchableObjects":[]},{"miniGameCards":[],"viewedAnimatic":false,"keyPoints":[],"unlocked":false,"touchableObjects":[]},{"miniGameCards":[],"viewedAnimatic":false,"keyPoints":[],"unlocked":false,"touchableObjects":[]},{"miniGameCards":[],"viewedAnimatic":false,"keyPoints":[],"unlocked":false,"touchableObjects":[]}],"stackSize":5,"resolved":false},{"challengeScenes":[{"miniGameCards":[],"viewedAnimatic":false,"keyPoints":[],"unlocked":false,"touchableObjects":[]},{"miniGameCards":[],"viewedAnimatic":false,"keyPoints":[],"unlocked":false,"touchableObjects":[]},{"miniGameCards":[],"viewedAnimatic":false,"keyPoints":[],"unlocked":false,"touchableObjects":[]},{"miniGameCards":[],"viewedAnimatic":false,"keyPoints":[],"unlocked":false,"touchableObjects":[]},{"miniGameCards":[],"viewedAnimatic":false,"keyPoints":[],"unlocked":false,"touchableObjects":[]}],"stackSize":5,"resolved":false},{"challengeScenes":[{"miniGameCards":[],"viewedAnimatic":false,"keyPoints":[],"unlocked":false,"touchableObjects":[]},{"miniGameCards":[],"viewedAnimatic":false,"keyPoints":[],"unlocked":false,"touchableObjects":[]},{"miniGameCards":[],"viewedAnimatic":false,"keyPoints":[],"unlocked":false,"touchableObjects":[]},{"miniGameCards":[],"viewedAnimatic":false,"keyPoints":[],"unlocked":false,"touchableObjects":[]},{"miniGameCards":[],"viewedAnimatic":false,"keyPoints":[],"unlocked":false,"touchableObjects":[]}],"stackSize":5,"resolved":false},{"challengeScenes":[{"miniGameCards":[],"viewedAnimatic":false,"keyPoints":[],"unlocked":false,"touchableObjects":[]},{"miniGameCards":[],"viewedAnimatic":false,"keyPoints":[],"unlocked":false,"touchableObjects":[]},{"miniGameCards":[],"viewedAnimatic":false,"keyPoints":[],"unlocked":false,"touchableObjects":[]},{"miniGameCards":[],"viewedAnimatic":false,"keyPoints":[],"unlocked":false,"touchableObjects":[]},{"miniGameCards":[],"viewedAnimatic":false,"keyPoints":[],"unlocked":false,"touchableObjects":[]}],"stackSize":5,"resolved":false},{"challengeScenes":[{"miniGameCards":[],"viewedAnimatic":false,"keyPoints":[],"unlocked":false,"touchableObjects":[]},{"miniGameCards":[],"viewedAnimatic":false,"keyPoints":[],"unlocked":false,"touchableObjects":[]},{"miniGameCards":[],"viewedAnimatic":false,"keyPoints":[],"unlocked":false,"touchableObjects":[]},{"miniGameCards":[],"viewedAnimatic":false,"keyPoints":[],"unlocked":false,"touchableObjects":[]},{"miniGameCards":[],"viewedAnimatic":false,"keyPoints":[],"unlocked":false,"touchableObjects":[]}],"stackSize":5,"resolved":false},{"challengeScenes":[{"miniGameCards":[],"viewedAnimatic":false,"keyPoints":[],"unlocked":true,"touchableObjects":["c_education_G0a0","c_family_afri_a_G0a0","c_friends_G0a0"]},{"miniGameCards":[],"viewedAnimatic":false,"keyPoints":["c_job_G0a1N","c_home_G0a1N","c_family_afri_a_G0a1N"],"unlocked":true,"touchableObjects":["c_job_G0a1N","c_home_G0a1N","c_family_afri_a_G0a1N"]},{"miniGameCards":[],"viewedAnimatic":false,"keyPoints":["c_dad_afri_a_G0a1P","c_Teacher_G0a1P","c_mom_afri_a_G0a1P","c_grandma_afri_a_G0a1P","c_kidsister_afri_a_G0a1P","c_Nurse_G0a1P"],"unlocked":true,"touchableObjects":["c_cousins_M_a_G0a1P","c_friends_G0a1P","c_dad_afri_a_G0a1P","c_Teacher_G0a1P","c_mom_afri_a_G0a1P","c_grandma_afri_a_G0a1P","c_kidsister_afri_a_G0a1P","c_Nurse_G0a1P"]}],"stackSize":3,"resolved":true}],"sessionId":1,"epilogue":{"rating":0},"playerId":6427032,"session":[{"sceneId":"1P","stackId":12},{"sceneId":"1P","stackId":0}],"minigames":[{"levelSaveData":[{"starRating":1,"unlocked":true},{"starRating":0,"unlocked":false},{"starRating":0,"unlocked":false},{"starRating":0,"unlocked":false},{"starRating":0,"unlocked":false},{"starRating":0,"unlocked":false},{"starRating":0,"unlocked":false},{"starRating":0,"unlocked":false},{"starRating":0,"unlocked":false},{"starRating":0,"unlocked":false}],"skillPoints":1},{"levelSaveData":[{"starRating":2,"unlocked":true},{"starRating":0,"unlocked":false},{"starRating":0,"unlocked":false},{"starRating":0,"unlocked":false},{"starRating":0,"unlocked":false},{"starRating":0,"unlocked":false},{"starRating":0,"unlocked":false},{"starRating":0,"unlocked":false},{"starRating":0,"unlocked":false},{"starRating":0,"unlocked":false}],"skillPoints":2},{"levelSaveData":[{"starRating":3,"unlocked":true},{"starRating":0,"unlocked":false},{"starRating":0,"unlocked":false},{"starRating":0,"unlocked":false},{"starRating":0,"unlocked":false},{"starRating":0,"unlocked":false},{"starRating":0,"unlocked":false},{"starRating":0,"unlocked":false},{"starRating":0,"unlocked":false},{"starRating":0,"unlocked":false}],"skillPoints":3},{"levelSaveData":[{"starRating":0,"unlocked":false},{"starRating":0,"unlocked":false},{"starRating":0,"unlocked":false},{"starRating":0,"unlocked":false},{"starRating":0,"unlocked":false},{"starRating":0,"unlocked":false},{"starRating":0,"unlocked":false},{"starRating":0,"unlocked":false},{"starRating":0,"unlocked":false},{"starRating":0,"unlocked":false}],"skillPoints":0},{"age":11,"name":"tyjon","gender":0,"levelSaveData":[{"starRating":3,"unlocked":true},{"starRating":3,"chunks":[["0"],["7$$cool","1$$shy"],["15$$playing games","1$$give and share","2$$stay healthey"],["0"]],"unlocked":true},{"starRating":0,"chunks":[[null],[null,null],[null,null]],"unlocked":false},{"starRating":0,"chunks":[[null],[null],[null],[null],[null,null],[null]],"unlocked":false},{"starRating":0,"chunks":[[null],[null],[null,null],[null],[null],[null]],"unlocked":false},{"starRating":0,"chunks":[[null],[null,null,null,null],[null],[null]],"unlocked":false},{"starRating":0,"chunks":[[null],[null],[null,null],[null,null],[null]],"unlocked":false},{"starRating":0,"chunks":[[null,null,null],[null,null,null],[null],[null],[null]],"unlocked":false},{"starRating":0,"chunks":[[null,null,null],[null,null,null],[null,null]],"unlocked":false},{"starRating":0,"chunks":[[null],[null],[null],[null],[null],[null]],"unlocked":false}],"visualAvatar":0,"id":0,"skillPoints":6}],"avatar":{"age":11,"name":"tyjon","gender":0,"levelSaveData":[{"starRating":3,"unlocked":true},{"starRating":3,"chunks":[["0"],["7$$cool","1$$shy"],["15$$playing games","1$$give and share","2$$stay healthey"],["0"]],"unlocked":true},{"starRating":0,"chunks":[[null],[null,null],[null,null]],"unlocked":false},{"starRating":0,"chunks":[[null],[null],[null],[null],[null,null],[null]],"unlocked":false},{"starRating":0,"chunks":[[null],[null],[null,null],[null],[null],[null]],"unlocked":false},{"starRating":0,"chunks":[[null],[null,null,null,null],[null],[null]],"unlocked":false},{"starRating":0,"chunks":[[null],[null],[null,null],[null,null],[null]],"unlocked":false},{"starRating":0,"chunks":[[null,null,null],[null,null,null],[null],[null],[null]],"unlocked":false},{"starRating":0,"chunks":[[null,null,null],[null,null,null],[null,null]],"unlocked":false},{"starRating":0,"chunks":[[null],[null],[null],[null],[null],[null]],"unlocked":false}],"visualAvatar":0,"id":0,"skillPoints":6}}
