6607011,0,6:19:47,4/3/2014 4:13:47pm
6607011,100,6:19:51,5
6607011,102,6:19:53,5
6607011,200,6:19:53,5,16,15,14,12,18
6607011,210,6:20:12,988,301
6607011,207,6:20:14,5,-200,0
6607011,211,6:20:17,346,433
6607011,213,6:20:17,5,s_clock_F_G9b0,true
6607011,210,6:20:28,435,400
6607011,211,6:20:30,127,185
6607011,210,6:20:31,302,155
6607011,211,6:20:36,543,587
6607011,210,6:20:37,331,562
6607011,211,6:20:38,1013,477
6607011,207,6:20:38,5,0,-30
6607011,210,6:20:39,1086,542
6607011,207,6:20:39,5,-30,-150
6607011,207,6:20:40,5,-150,-210
6607011,207,6:20:43,5,-210,-512
6607011,211,6:20:43,1485,279
6607011,210,6:21:1,1400,486
6607011,211,6:21:11,1106,404
6607011,210,6:21:14,1349,457
6607011,211,6:21:15,990,357
6607011,210,6:21:30,1047,235
6607011,211,6:21:32,1263,537
6607011,210,6:21:33,1332,503
6607011,211,6:21:36,1062,509
6607011,210,6:21:37,1135,496
6607011,211,6:21:58,650,407
6607011,213,6:21:58,5,s_closet_F_G9b0,true
6607011,210,6:22:0,757,418
6607011,207,6:22:2,5,-512,0
6607011,211,6:22:9,516,605
6607011,210,6:22:15,511,385
6607011,207,6:22:16,5,-200,0
6607011,211,6:22:28,302,472
6607011,213,6:22:28,5,s_joint_G9b1N,true
6607011,205,6:22:28,5,s_joint_G9b1N,false,false
6607011,210,6:22:38,345,585
6607011,211,6:22:49,696,614
6607011,210,6:22:49,1082,432
6607011,211,6:22:49,1082,432
6607011,207,6:22:49,5,0,-75
6607011,210,6:22:49,635,580
6607011,207,6:22:55,5,-75,-285
6607011,207,6:23:10,5,-285,-465
6607011,211,6:23:14,1370,525
6607011,213,6:23:14,5,s_puddleFloor_G9b1N,true
6607011,210,6:23:17,1264,445
6607011,211,6:23:20,1278,97
6607011,213,6:23:20,5,s_smokeDetector_G9b1N,true
6607011,210,6:23:23,1277,199
6607011,207,6:23:26,5,-465,-945
6607011,207,6:23:27,5,-945,-995
6607011,211,6:23:29,1376,593
6607011,213,6:23:29,5,s_ashtray_G9b1N,true
6607011,210,6:23:36,1437,544
6607011,211,6:23:38,1406,659
6607011,213,6:23:38,5,s_beerBottle_G9b1N,true
6607011,205,6:23:38,5,s_beerBottle_G9b1N,false,false
6607011,210,6:23:47,1441,565
6607011,211,6:23:49,1634,606
6607011,213,6:23:49,5,s_boomBox_G9b1N,true
6607011,210,6:23:52,1788,466
6607011,211,6:23:53,1822,646
6607011,213,6:23:53,5,s_beerBottle_G9b1N,true
6607011,205,6:23:53,5,s_beerBottle_G9b1N,false,true
6607011,210,6:23:57,1621,471
6607011,211,6:23:58,1536,567
6607011,213,6:23:58,5,s_beerBottle_G9b1N,true
6607011,205,6:23:58,5,s_beerBottle_G9b1N,false,true
6607011,210,6:24:2,1484,552
6607011,211,6:24:3,1629,488
6607011,213,6:24:3,5,s_coupleOnCouch_G9b1N,true
6607011,221,6:24:8,5
6607011,220,6:24:10,5
6607011,212,6:24:11,1
6607011,210,6:24:12,816,436
6607011,211,6:24:13,808,437
6607011,221,6:24:14,5
6607011,220,6:24:16,5
6607011,210,6:24:17,905,479
6607011,207,6:24:18,5,-200,0
6607011,211,6:24:20,277,607
6607011,213,6:24:20,5,s_cellPhone_F_G9b0,true
6607011,221,6:24:24,5
6607011,220,6:24:24,5
6607011,1003,6:24:24,3
6607011,1004,6:24:26,2
6607011,500,6:24:32,2,[]
6607011,501,6:24:39,2,[]
6607011,502,6:25:2,2,[IntentionData_logId:0,false]
6607011,503,6:25:3,2,[]
6607011,504,6:25:5,2,[InfluenceData_logId:1]
6607011,504,6:25:8,2,[InfluenceData_logId:2]
6607011,504,6:25:9,2,[InfluenceData_logId:0]
6607011,504,6:25:11,2,[InfluenceData_logId:3]
6607011,504,6:25:12,2,[InfluenceData_logId:8]
6607011,504,6:25:13,2,[InfluenceData_logId:7]
6607011,504,6:25:15,2,[InfluenceData_logId:6]
6607011,505,6:25:16,2,[InfluenceData_logId:0,true,InfluenceData_logId:3,true,InfluenceData_logId:6,true]
6607011,506,6:25:18,2,[]
6607011,507,6:25:28,2,[OpponentAttackData_logId:2,OpponentAttackTypeData_logId:0,false,30]
6607011,1002,6:25:32,2
6607011,1003,6:25:32,3
6607011,1004,6:25:33,2
6607011,500,6:25:36,2,[]
6607011,501,6:25:38,2,[]
6607011,502,6:25:47,2,[IntentionData_logId:3,false]
6607011,503,6:25:49,2,[]
6607011,1002,6:25:51,2
6607011,1003,6:25:51,3
6607011,1004,6:25:53,6
6607011,500,6:26:3,6,[]
6607011,501,6:26:5,6,[]
6607011,502,6:26:15,6,[IntentionData_logId:4,true]
6607011,503,6:26:16,6,[]
6607011,504,6:26:19,6,[InfluenceData_logId:2]
6607011,504,6:26:21,6,[InfluenceData_logId:1]
6607011,504,6:26:24,6,[InfluenceData_logId:3]
6607011,504,6:26:28,6,[InfluenceData_logId:5]
6607011,504,6:26:33,6,[InfluenceData_logId:4]
6607011,504,6:26:36,6,[InfluenceData_logId:3]
6607011,504,6:26:37,6,[InfluenceData_logId:5]
6607011,504,6:26:38,6,[InfluenceData_logId:6]
6607011,504,6:26:44,6,[InfluenceData_logId:7]
6607011,504,6:26:47,6,[InfluenceData_logId:8]
6607011,504,6:26:48,6,[InfluenceData_logId:6]
6607011,505,6:26:49,6,[InfluenceData_logId:1,true,InfluenceData_logId:5,true,InfluenceData_logId:6,true]
6607011,506,6:26:51,6,[]
6607011,507,6:27:5,6,[OpponentAttackData_logId:0,OpponentAttackTypeData_logId:4,false,30]
6607011,1002,6:27:8,6
6607011,1003,6:27:8,3
6607011,1004,6:27:9,6
6607011,500,6:27:12,6,[]
6607011,501,6:27:13,6,[]
6607011,502,6:27:17,6,[IntentionData_logId:4,true]
6607011,503,6:27:18,6,[]
6607011,504,6:27:21,6,[InfluenceData_logId:1]
6607011,504,6:27:22,6,[InfluenceData_logId:0]
6607011,504,6:27:25,6,[InfluenceData_logId:2]
6607011,504,6:27:26,6,[InfluenceData_logId:1]
6607011,504,6:27:28,6,[InfluenceData_logId:5]
6607011,504,6:27:28,6,[InfluenceData_logId:3]
6607011,504,6:27:31,6,[InfluenceData_logId:8]
6607011,505,6:27:34,6,[InfluenceData_logId:1,true,InfluenceData_logId:3,true,InfluenceData_logId:8,true]
6607011,506,6:27:37,6,[]
6607011,507,6:27:47,6,[OpponentAttackData_logId:0,OpponentAttackTypeData_logId:1,true,0]
6607011,508,6:27:49,6,[]
6607011,509,6:27:58,6,[RefusalData_logId:5,2]
6607011,510,6:28:0,6,[AvailableRefusalData_logId:5,0A]
6607011,510,6:28:1,6,[AvailableRefusalData_logId:5,1A]
6607011,510,6:28:2,6,[AvailableRefusalData_logId:5,2A]
6607011,510,6:28:12,6,[AvailableRefusalData_logId:5,1C]
6607011,510,6:28:15,6,[AvailableRefusalData_logId:5,1A]
6607011,511,6:28:16,6,[AvailableRefusalData_logId:5,0A,1A,2A,true,50]
6607011,512,6:28:19,6,[]
6607011,513,6:28:19,6,[0]
6607011,514,6:28:22,6,[]
6607011,507,6:28:27,6,[OpponentAttackData_logId:2,OpponentAttackTypeData_logId:4,true,0]
6607011,508,6:28:30,6,[]
6607011,509,6:28:35,6,[RefusalData_logId:9,2]
6607011,510,6:28:38,6,[AvailableRefusalData_logId:9,0B]
6607011,510,6:28:40,6,[AvailableRefusalData_logId:9,1B]
6607011,510,6:28:43,6,[AvailableRefusalData_logId:9,2A]
6607011,510,6:28:43,6,[AvailableRefusalData_logId:9,1A]
6607011,510,6:28:46,6,[AvailableRefusalData_logId:9,0A]
6607011,511,6:28:55,6,[AvailableRefusalData_logId:9,0A,1A,2A,true,50]
6607011,512,6:28:58,6,[]
6607011,515,6:28:58,6,[150,0]
6607011,516,6:29:0,6,[]
6607011,517,6:29:4,6,[]
6607011,1005,6:29:4,6,[3,0,3]
6607011,1001,6:29:6,6,[]
6607011,1003,6:29:6,3
6607011,1004,6:29:7,5
6607011,500,6:29:22,5,[]
6607011,501,6:29:29,5,[]
6607011,502,6:29:54,5,[IntentionData_logId:2,true]
6607011,503,6:29:57,5,[]
6607011,504,6:30:0,5,[InfluenceData_logId:2]
6607011,504,6:30:4,5,[InfluenceData_logId:4]
6607011,504,6:30:5,5,[InfluenceData_logId:3]
6607011,504,6:30:7,5,[InfluenceData_logId:4]
6607011,504,6:30:9,5,[InfluenceData_logId:5]
6607011,504,6:30:12,5,[InfluenceData_logId:8]
6607011,504,6:30:18,5,[InfluenceData_logId:6]
6607011,504,6:30:20,5,[InfluenceData_logId:7]
6607011,504,6:30:25,5,[InfluenceData_logId:8]
6607011,504,6:30:27,5,[InfluenceData_logId:6]
6607011,504,6:30:30,5,[InfluenceData_logId:4]
6607011,504,6:30:31,5,[InfluenceData_logId:5]
6607011,504,6:30:31,5,[InfluenceData_logId:0]
6607011,504,6:30:33,5,[InfluenceData_logId:1]
6607011,504,6:30:36,5,[InfluenceData_logId:0]
6607011,505,6:30:39,5,[InfluenceData_logId:0,true,InfluenceData_logId:5,true,InfluenceData_logId:6,true]
6607011,506,6:30:40,5,[]
6607011,507,6:30:56,5,[OpponentAttackData_logId:0,OpponentAttackTypeData_logId:1,true,0]
6607011,508,6:30:59,5,[]
6607011,509,6:31:11,5,[RefusalData_logId:4,2]
6607011,510,6:31:15,5,[AvailableRefusalData_logId:4,0C]
6607011,510,6:31:16,5,[AvailableRefusalData_logId:4,1A]
6607011,510,6:31:16,5,[AvailableRefusalData_logId:4,2A]
6607011,510,6:31:17,5,[AvailableRefusalData_logId:4,0A]
6607011,511,6:31:22,5,[AvailableRefusalData_logId:4,0A,1A,2A,true,50]
6607011,512,6:31:25,5,[]
6607011,513,6:31:25,5,[0]
6607011,514,6:31:27,5,[]
6607011,507,6:31:36,5,[OpponentAttackData_logId:2,OpponentAttackTypeData_logId:2,true,0]
6607011,508,6:31:38,5,[]
6607011,509,6:31:43,5,[RefusalData_logId:2,2]
6607011,510,6:31:46,5,[AvailableRefusalData_logId:2,0A]
6607011,510,6:31:47,5,[AvailableRefusalData_logId:2,1A]
6607011,510,6:31:49,5,[AvailableRefusalData_logId:2,2A]
6607011,511,6:31:52,5,[AvailableRefusalData_logId:2,0A,1A,2A,true,50]
6607011,512,6:31:55,5,[]
6607011,515,6:31:55,5,[150,0]
6607011,516,6:31:59,5,[]
6607011,517,6:32:1,5,[]
6607011,1005,6:32:1,5,[3,0,3]
6607011,1001,6:32:2,5,[]
6607011,1003,6:32:2,3
6607011,1004,6:32:4,2
6607011,500,6:32:7,2,[]
6607011,501,6:32:9,2,[]
6607011,502,6:32:13,2,[IntentionData_logId:1,false]
6607011,503,6:32:14,2,[]
6607011,1002,6:32:17,2
6607011,1003,6:32:17,3
6607011,1004,6:32:18,2
6607011,500,6:32:20,2,[]
6607011,501,6:32:22,2,[]
6607011,502,6:32:34,2,[IntentionData_logId:0,false]
6607011,503,6:32:35,2,[]
6607011,1002,6:32:37,2
6607011,1003,6:32:37,3
6607011,1004,6:32:38,2
6607011,500,6:32:40,2,[]
6607011,501,6:32:41,2,[]
6607011,502,6:32:43,2,[IntentionData_logId:4,true]
6607011,503,6:32:45,2,[]
6607011,504,6:32:47,2,[InfluenceData_logId:2]
6607011,504,6:32:48,2,[InfluenceData_logId:0]
6607011,504,6:32:49,2,[InfluenceData_logId:3]
6607011,504,6:32:51,2,[InfluenceData_logId:5]
6607011,504,6:32:57,2,[InfluenceData_logId:6]
6607011,504,6:33:0,2,[InfluenceData_logId:8]
6607011,504,6:33:10,2,[InfluenceData_logId:4]
6607011,504,6:33:13,2,[InfluenceData_logId:4]
6607011,504,6:33:16,2,[InfluenceData_logId:5]
6607011,504,6:33:19,2,[InfluenceData_logId:2]
6607011,504,6:33:21,2,[InfluenceData_logId:0]
6607011,505,6:33:23,2,[InfluenceData_logId:0,true,InfluenceData_logId:5,true,InfluenceData_logId:8,true]
6607011,506,6:33:27,2,[]
6607011,507,6:33:40,2,[OpponentAttackData_logId:3,OpponentAttackTypeData_logId:1,false,30]
6607011,508,6:33:44,2,[]
6607011,509,6:33:48,2,[RefusalData_logId:2,2]
6607011,510,6:33:50,2,[AvailableRefusalData_logId:2,0A]
6607011,510,6:33:52,2,[AvailableRefusalData_logId:2,1A]
6607011,510,6:33:53,2,[AvailableRefusalData_logId:2,2A]
6607011,511,6:33:54,2,[AvailableRefusalData_logId:2,0A,1A,2A,true,50]
6607011,512,6:33:57,2,[]
6607011,513,6:33:57,2,[0]
6607011,514,6:33:58,2,[]
6607011,507,6:34:7,2,[OpponentAttackData_logId:1,OpponentAttackTypeData_logId:1,true,0]
6607011,508,6:34:9,2,[]
6607011,509,6:34:12,2,[RefusalData_logId:4,2]
6607011,510,6:34:13,2,[AvailableRefusalData_logId:4,0B]
6607011,510,6:34:16,2,[AvailableRefusalData_logId:4,1B]
6607011,510,6:34:19,2,[AvailableRefusalData_logId:4,2B]
6607011,510,6:34:20,2,[AvailableRefusalData_logId:4,0A]
6607011,510,6:34:23,2,[AvailableRefusalData_logId:4,1A]
6607011,510,6:34:24,2,[AvailableRefusalData_logId:4,2A]
6607011,511,6:34:28,2,[AvailableRefusalData_logId:4,0A,1A,2A,true,50]
6607011,512,6:34:31,2,[]
6607011,515,6:34:31,2,[120,0]
6607011,516,6:34:34,2,[]
6607011,517,6:34:36,2,[]
6607011,1005,6:34:36,2,[3,0,3]
6607011,1001,6:34:38,2,[]
6607011,1003,6:34:38,3
6607011,1004,6:34:39,6
6607011,1002,6:34:42,6
6607011,1003,6:34:42,3
6607011,221,6:34:47,5
6607011,300,6:34:50
6607011,220,6:34:50,5
6607011,301,6:34:53,4
6607011,302,6:34:57,4,0,0,5
6607011,302,6:35:5,4,0,0,11
6607011,302,6:35:5,4,0,0,8
6607011,302,6:35:14,4,0,0,5
6607011,302,6:35:26,4,0,0,11
6607011,302,6:35:27,4,0,0,5
6607011,302,6:35:28,4,0,0,4
6607011,302,6:35:30,4,0,0,5
6607011,302,6:35:31,4,0,0,4
6607011,302,6:35:31,4,0,0,3
6607011,302,6:35:35,4,0,0,4
6607011,302,6:35:38,4,0,0,3
6607011,302,6:35:38,4,0,0,4
6607011,304,6:35:39,4,0,0,-1,,4,
6607011,301,6:35:39,5
6607011,301,6:35:42,4
6607011,302,6:35:54,4,1,0,11
6607011,302,6:35:57,4,1,0,8
6607011,302,6:35:58,4,1,0,5
6607011,302,6:35:58,4,1,0,6
6607011,304,6:36:1,4,1,0,-1,,6,
6607011,302,6:36:14,4,1,1,5
6607011,306,6:36:27,4,0,1
6607011,304,6:36:27,4,1,1,-1,,5,
6607011,302,6:36:34,4,1,2,3
6607011,304,6:36:42,4,1,2,-1,,3,
6607011,302,6:36:46,4,1,3,2
6607011,302,6:36:47,4,1,3,5
6607011,306,6:36:52,4,1,2
6607011,304,6:36:52,4,1,3,-1,,5,
6607011,305,6:36:55,4,1,2,3,
6607011,302,6:37:1,4,2,0,5
6607011,302,6:37:3,4,2,0,6
6607011,302,6:37:5,4,2,0,2
6607011,303,6:37:7,4,2,0,2
6607011,304,6:37:29,4,2,0,-1,,2,Country Side
6607011,302,6:37:32,4,2,0,5
6607011,302,6:37:33,4,2,0,1
6607011,302,6:37:34,4,2,0,5
6607011,302,6:37:34,4,2,0,2
6607011,302,6:37:36,4,2,0,1
6607011,304,6:37:37,4,2,0,2,Country Side,1,Country Side
6607011,302,6:37:47,4,3,0,0
6607011,303,6:37:49,4,3,0,0
6607011,306,6:37:55,4,2,3
6607011,304,6:37:55,4,3,0,-1,,0,Stores
6607011,301,6:37:59,5
6607011,302,6:38:25,5,4,0,1
6607011,304,6:38:28,5,4,0,-1,,1,
6607011,302,6:38:33,5,2,1,5
6607011,302,6:38:34,5,2,1,8
6607011,302,6:38:34,5,2,1,20
6607011,302,6:38:37,5,2,1,23
6607011,302,6:38:39,5,2,1,20
6607011,302,6:38:40,5,2,1,23
6607011,302,6:38:42,5,2,1,20
6607011,302,6:38:43,5,2,1,17
6607011,302,6:38:46,5,2,1,11
6607011,302,6:38:56,5,2,1,5
6607011,303,6:39:2,5,2,1,5
6607011,302,6:39:10,5,2,1,23
6607011,304,6:39:13,5,2,1,-1,,23,Grandpa
6607011,303,6:39:19,5,2,0,
6607011,302,6:39:48,5,2,0,23
6607011,302,6:39:51,5,2,0,5
6607011,302,6:39:53,5,2,0,3
6607011,306,6:39:56,5,0,1
6607011,304,6:39:56,5,2,0,-1,,3,Nephew
6607011,302,6:40:4,5,0,0,2
6607011,304,6:40:5,5,0,0,-1,,2,
6607011,302,6:40:11,5,1,0,3
6607011,306,6:40:13,5,1,2
6607011,304,6:40:13,5,1,0,-1,,3,
6607011,302,6:40:20,5,3,0,0
6607011,302,6:40:21,5,3,0,1
6607011,302,6:40:22,5,3,0,0
6607011,302,6:40:22,5,3,0,1
6607011,304,6:40:23,5,3,0,-1,,1,
6607011,302,6:40:28,5,3,1,1
6607011,306,6:40:29,5,2,3
6607011,304,6:40:29,5,3,1,-1,,1,
6607011,301,6:40:31,6
6607011,302,6:40:37,6,0,0,1
6607011,304,6:40:39,6,0,0,-1,,1,
6607011,302,6:40:41,6,0,1,2
6607011,302,6:40:43,6,0,1,6
6607011,304,6:40:43,6,0,1,-1,,6,
6607011,302,6:40:47,6,0,2,7
6607011,302,6:40:54,6,0,2,4
6607011,306,6:40:55,6,0,1
6607011,304,6:40:55,6,0,2,-1,,4,
6607011,305,6:41:2,6,0,2,4,
6607011,302,6:41:5,6,0,1,3
6607011,302,6:41:10,6,0,1,1
6607011,304,6:41:12,6,0,1,6,,1,
6607011,302,6:41:16,6,0,0,6
6607011,304,6:41:18,6,0,0,1,,6,
6607011,302,6:41:21,6,0,1,7
6607011,304,6:41:21,6,0,1,1,,7,
6607011,302,6:41:24,6,0,2,1
6607011,304,6:41:25,6,0,2,4,,1,
6607011,302,6:41:29,6,1,0,7
6607011,304,6:41:29,6,1,0,-1,,7,
6607011,305,6:41:33,6,0,1,7,
6607011,302,6:41:36,6,1,0,3
6607011,302,6:41:54,6,1,0,6
6607011,304,6:41:55,6,1,0,7,,6,
6607011,302,6:41:57,6,1,1,5
6607011,302,6:41:57,6,1,1,7
6607011,304,6:41:58,6,1,1,-1,,7,
6607011,302,6:42:0,6,1,2,4
6607011,305,6:42:4,6,1,2,-1,
6607011,302,6:42:13,6,2,0,0
6607011,306,6:42:23,6,1,2
6607011,304,6:42:23,6,2,0,-1,,0,
6607011,302,6:42:34,6,3,0,2
6607011,303,6:42:38,6,3,0,2
6607011,304,6:42:42,6,3,0,-1,,2,Being Active
6607011,302,6:42:49,6,4,0,2
6607011,303,6:42:55,6,4,0,2
6607011,304,6:43:19,6,4,0,-1,,2,ANY drug
6607011,305,6:43:37,6,1,2,-1,
6607011,302,6:43:41,6,0,2,5
6607011,304,6:43:43,6,0,2,1,,5,
6607011,305,6:43:46,6,1,2,-1,
6607011,302,6:43:52,6,0,1,1
6607011,304,6:43:53,6,0,1,7,,1,
6607011,305,6:44:2,6,0,0,6,
6607011,302,6:44:7,6,0,0,5
6607011,302,6:44:7,6,0,0,4
6607011,304,6:44:9,6,0,0,6,,4,
6607011,305,6:44:22,6,1,2,-1,
6607011,302,6:44:25,6,0,0,2
6607011,304,6:44:26,6,0,0,4,,2,
6607011,302,6:44:27,6,0,1,3
6607011,304,6:44:28,6,0,1,1,,3,
6607011,302,6:44:29,6,0,2,0
6607011,304,6:44:30,6,0,2,5,,0,
6607011,304,6:44:35,6,1,0,6,,6,
6607011,302,6:44:37,6,1,1,6
6607011,302,6:44:38,6,1,1,7
6607011,304,6:44:38,6,1,1,7,,7,
6607011,302,6:44:42,6,1,2,1
6607011,306,6:44:43,6,2,3
6607011,304,6:44:43,6,1,2,-1,,1,
6607011,221,6:44:49,5
6607011,220,6:44:50,5
6607011,1003,6:44:50,3
6607011,221,6:44:54,5
6607011,300,6:44:54
6607011,220,6:44:54,5
6607011,301,6:44:57,6
6607011,302,6:45:2,6,1,2,4
6607011,302,6:45:3,6,1,2,6
6607011,302,6:45:5,6,1,2,7
6607011,304,6:45:6,6,1,2,1,,7,
6607011,221,6:45:15,5
6607011,220,6:45:16,5
6607011,210,6:45:20,309,393
6607011,207,6:45:20,5,-200,0
6607011,211,6:45:26,275,617
6607011,213,6:45:26,5,s_cellPhone_F_G9b0,true
6607011,210,6:45:30,377,467
6607011,211,6:45:37,599,692
6607011,210,6:45:38,851,330
6607011,207,6:45:44,5,0,-210
6607011,211,6:45:45,989,274
6607011,213,6:45:45,5,s_pictureDad_lati_F_gen,true
6607011,205,6:45:45,5,s_pictureDad_lati_F_gen,false,true
6607011,210,6:45:48,967,389
6607011,211,6:45:49,1074,318
6607011,213,6:45:49,5,s_mirror_F_G9b0,true
6607011,205,6:45:49,5,s_mirror_F_G9b0,false,false
6607011,210,6:45:52,982,380
6607011,207,6:45:55,5,-210,-225
6607011,207,6:45:56,5,-225,-512
6607011,211,6:46:1,1346,568
6607011,210,6:46:1,1271,544
6607011,211,6:46:2,1458,678
6607011,212,6:46:3,2
6607011,210,6:46:4,1500,442
6607011,211,6:46:5,1340,588
6607011,213,6:46:5,5,s_computer_F_gen,true
6607011,205,6:46:5,5,s_computer_F_gen,false,false
6607011,221,6:46:9,5
6607011,220,6:46:11,5
6607011,219,6:46:11,5
6607011,216,6:46:13,Stack_G9b1P
6607011,217,6:46:24,Stack_G9b1P,9.5,0.00
6607011,218,6:46:25,5
6607011,210,6:46:26,688,485
6607011,207,6:46:27,5,-200,0
6607011,211,6:46:33,365,598
6607011,213,6:46:33,5,c_kidSister_lati_a_G9b1P,true
6607011,210,6:46:35,389,517
6607011,211,6:46:38,750,311
6607011,213,6:46:38,5,s_door_G9b1P,true
6607011,210,6:46:45,766,384
6607011,207,6:46:46,5,0,-195
6607011,207,6:46:52,5,-195,-720
6607011,211,6:46:53,1509,275
6607011,213,6:46:53,5,s_kidsGroupKitchen_G9b1P,true
6607011,205,6:46:53,5,s_kidsGroupKitchen_G9b1P,false,false
6607011,210,6:47:0,1421,444
6607011,211,6:47:2,1817,450
6607011,207,6:47:2,5,-720,-810
6607011,210,6:47:2,1907,434
6607011,207,6:47:3,5,-810,-995
6607011,211,6:47:5,1765,549
6607011,213,6:47:5,5,s_beerBottle_G9b1P,true
6607011,210,6:47:9,1473,542
6607011,211,6:47:13,1990,150
6607011,213,6:47:13,5,s_pictureDaddark_lati_gen,true
6607011,205,6:47:13,5,s_pictureDaddark_lati_gen,false,false
6607011,210,6:47:23,1530,447
6607011,207,6:47:26,5,-995,-920
6607011,211,6:47:26,999,298
6607011,212,6:47:27,1
6607011,210,6:47:27,1842,466
6607011,207,6:47:27,5,-920,-995
6607011,211,6:47:29,1843,181
6607011,213,6:47:29,5,s_pictureMomdark_lati_G9b1P,true
6607011,205,6:47:29,5,s_pictureMomdark_lati_G9b1P,false,false
6607011,210,6:47:35,1717,315
6607011,211,6:47:37,1656,437
6607011,213,6:47:37,5,c_crush1_F_a_G9b1P,true
6607011,205,6:47:37,5,c_crush1_F_a_G9b1P,false,false
6607011,210,6:47:48,1489,528
6607011,207,6:47:54,5,-995,-590
6607011,211,6:47:55,1039,364
6607011,213,6:47:55,5,c_bestFriend_F_a_G9b1P,true
6607011,205,6:47:55,5,c_bestFriend_F_a_G9b1P,false,false
6607011,210,6:48:4,1101,439
6607011,211,6:48:8,752,305
6607011,213,6:48:8,5,c_friend1_F_a_G9b1P,true
6607011,205,6:48:8,5,c_friend1_F_a_G9b1P,false,false
6607011,210,6:48:12,833,423
6607011,207,6:48:15,5,-590,0
6607011,211,6:48:20,563,481
6607011,212,6:48:20,2
6607011,210,6:48:21,463,482
6607011,207,6:48:27,5,0,-195
6607011,207,6:48:30,5,-195,-375
6607011,211,6:48:30,1487,312
6607011,207,6:48:30,5,-375,-480
6607011,210,6:48:31,1543,416
6607011,207,6:48:32,5,-480,-995
6607011,211,6:48:34,1629,259
6607011,213,6:48:34,5,s_kidsGroupKitchen_G9b1P,true
6607011,205,6:48:34,5,s_kidsGroupKitchen_G9b1P,false,true
6607011,212,6:48:38,0
6607011,210,6:48:39,1958,250
6607011,211,6:48:46,1378,596
6607011,213,6:48:46,5,s_ashtray_G9b1P,true
6607011,210,6:48:52,1499,403
6607011,211,6:48:53,1378,291
6607011,213,6:48:53,5,c_cousin_F_a_G9b1P,true
6607011,205,6:48:53,5,c_cousin_F_a_G9b1P,false,false
6607011,210,6:49:0,1457,203
6607011,211,6:49:2,1190,119
6607011,210,6:49:4,1153,170
6607011,207,6:49:5,5,-995,-860
6607011,207,6:49:8,5,-860,-65
6607011,211,6:49:11,771,287
6607011,213,6:49:11,5,s_door_G9b1P,true
6607011,221,6:49:17,5
6607011,220,6:49:18,5
6607011,219,6:49:21,5
6607011,216,6:49:22,Stack_G9b2N
6607011,217,6:49:55,Stack_G9b2N,12,0.00
6607011,218,6:49:58,5
6607011,210,6:49:59,902,452
6607011,211,6:50:2,143,608
6607011,207,6:50:2,5,-200,-125
6607011,210,6:50:3,80,554
6607011,207,6:50:3,5,-125,0
6607011,211,6:50:8,417,250
6607011,213,6:50:8,5,c_kidSister_lati_a_G9b2N,true
6607011,210,6:50:11,319,329
6607011,207,6:50:19,5,0,-765
6607011,207,6:50:25,5,-765,-870
6607011,207,6:50:26,5,-870,-995
6607011,211,6:50:30,1405,330
6607011,210,6:50:31,1235,106
6607011,211,6:50:31,1214,102
6607011,213,6:50:31,5,s_clock_G9b2N,true
6607011,210,6:50:32,1212,23
6607011,211,6:50:33,1210,98
6607011,213,6:50:33,5,s_clock_G9b2N,true
6607011,210,6:50:35,1214,57
6607011,211,6:50:35,1205,94
6607011,213,6:50:35,5,s_clock_G9b2N,true
6607011,212,6:50:37,1
6607011,210,6:50:37,1923,520
6607011,211,6:50:41,1445,377
6607011,213,6:50:41,5,c_crush1_F_a_G9b2N,true
6607011,205,6:50:41,5,c_crush1_F_a_G9b2N,false,false
6607011,210,6:50:53,1506,454
6607011,207,6:50:56,5,-995,-875
6607011,207,6:51:0,5,-875,-755
6607011,211,6:51:2,832,413
6607011,213,6:51:2,5,c_mom_lati_a_G9b2N,true
6607011,205,6:51:2,5,c_mom_lati_a_G9b2N,false,false
6607011,210,6:51:11,1143,419
6607011,207,6:51:12,5,-755,-200
6607011,211,6:51:16,572,504
6607011,212,6:51:17,2
6607011,210,6:51:18,1041,399
6607011,211,6:51:19,995,429
6607011,210,6:51:19,983,437
6607011,211,6:51:20,1013,457
6607011,213,6:51:20,5,c_bestFriend_F_a_G9b2N,true
6607011,210,6:51:24,810,372
6607011,211,6:51:26,591,386
6607011,213,6:51:26,5,c_grandma_lati_a_G9b2N,true
6607011,210,6:51:30,411,184
6607011,207,6:51:32,5,-200,0
6607011,207,6:51:38,5,0,-420
6607011,211,6:51:40,1154,331
6607011,213,6:51:40,5,c_cousin_F_a_G9b2N,true
6607011,205,6:51:40,5,c_cousin_F_a_G9b2N,false,false
6607011,210,6:51:44,1121,357
6607011,207,6:51:48,5,-420,-630
6607011,211,6:51:49,1679,284
6607011,207,6:51:49,5,-630,-675
6607011,210,6:51:50,1758,281
6607011,207,6:51:50,5,-675,-995
6607011,211,6:51:51,1833,500
6607011,213,6:51:51,5,s_kidCouch_G9b2N,true
6607011,221,6:52:9,5
6607011,220,6:52:12,5
6607011,219,6:52:12,5
6607011,216,6:52:13,Stack_G9b2P
6607011,217,6:52:29,Stack_G9b2P,14,0.50
6607011,218,6:52:36,5
6607011,210,6:52:37,557,436
6607011,211,6:52:39,68,582
6607011,207,6:52:39,5,-200,-50
6607011,207,6:52:39,5,-50,0
6607011,210,6:52:39,41,582
6607011,211,6:52:41,6,441
6607011,210,6:52:47,224,392
6607011,211,6:52:50,692,348
6607011,213,6:52:50,5,c_grandma_lati_a_G9b2P,true
6607011,210,6:52:57,448,389
6607011,211,6:52:57,368,217
6607011,210,6:52:58,312,163
6607011,207,6:53:4,5,0,-750
6607011,211,6:53:8,1518,622
6607011,213,6:53:8,5,s_boardGame_G9b2P,true
6607011,210,6:53:11,1245,536
6607011,207,6:53:15,5,-750,-995
6607011,211,6:53:16,1885,483
6607011,213,6:53:16,5,c_cousin_F_a_G9b2P,true
6607011,210,6:53:20,1693,380
6607011,211,6:53:21,1697,419
6607011,213,6:53:21,5,c_bestFriend_F_a_G9b2P,true
6607011,205,6:53:21,5,c_bestFriend_F_a_G9b2P,false,false
6607011,210,6:53:25,1898,280
6607011,211,6:53:28,1331,272
6607011,212,6:53:29,0
6607011,212,6:53:30,1
6607011,210,6:53:31,1873,495
6607011,211,6:53:37,1192,510
6607011,213,6:53:37,5,c_crush1_F_a_G9b2P,true
6607011,205,6:53:37,5,c_crush1_F_a_G9b2P,false,false
6607011,210,6:53:49,1411,461
6607011,207,6:53:53,5,-995,-470
6607011,211,6:53:54,930,363
6607011,213,6:53:54,5,c_mom_lati_a_G9b2P,true
6607011,205,6:53:54,5,c_mom_lati_a_G9b2P,false,false
6607011,210,6:53:57,898,438
6607011,207,6:53:59,5,-470,0
6607011,211,6:54:0,378,606
6607011,213,6:54:0,5,c_kidSister_lati_a_G9b2P,true
6607011,210,6:54:5,387,410
6607011,211,6:54:9,1042,667
6607011,207,6:54:9,5,0,-75
6607011,212,6:54:10,0
6607011,210,6:54:10,244,555
6607011,207,6:54:11,5,-75,0
6607011,207,6:54:17,5,0,-165
6607011,207,6:54:19,5,-165,-510
6607011,207,6:54:24,5,-510,-995
6607011,211,6:54:31,1308,571
6607011,213,6:54:31,5,s_sodaBottle_G9b2P,true
6607011,210,6:54:35,1514,497
6607011,211,6:54:39,1307,525
6607011,221,6:54:40,5
6607011,220,6:54:46,5
6607011,210,6:54:48,1910,476
6607011,211,6:54:50,2017,196
6607011,210,6:54:51,2012,198
6607011,211,6:55:0,1320,544
6607011,213,6:55:0,5,s_sodaBottle_G9b2P,true
6607011,210,6:55:4,1456,398
6607011,211,6:55:8,1215,106
6607011,213,6:55:8,5,s_clock_G9b2P,true
6607011,205,6:55:8,5,s_clock_G9b2P,false,false
6607011,221,6:55:12,5
6607011,220,6:55:13,5
6607011,203,6:55:13,5
6607011,100,6:55:17,6
6607011,102,6:55:26,6
6607011,200,6:55:26,6,16,15,14,21,27
6607011,219,6:55:26,6
6607011,216,6:55:28,Stack_G10a0
6607011,217,6:55:41,Stack_G10a0,13,0.00
6607011,218,6:55:46,6
6607011,210,6:55:47,731,447
6607011,207,6:55:48,6,-200,0
6607011,211,6:55:50,169,520
6607011,213,6:55:50,6,s_bed2_F_G10a0,true
6607011,210,6:55:53,307,538
6607011,211,6:55:57,348,431
6607011,213,6:55:57,6,s_clock_F_G10a0,true
6607011,210,6:56:3,491,375
6607011,207,6:56:8,6,0,-270
6607011,211,6:56:12,1011,564
6607011,213,6:56:12,6,s_chairClothes_F_G10a0,true
6607011,210,6:56:15,1072,314
6607011,211,6:56:16,1181,301
6607011,210,6:56:17,1152,252
6607011,211,6:56:17,1219,180
6607011,210,6:56:18,1352,131
6607011,207,6:56:18,6,-270,-375
6607011,211,6:56:20,1288,374
6607011,213,6:56:20,6,s_window_F_G10a0,true
6607011,205,6:56:20,6,s_window_F_G10a0,false,false
6607011,210,6:56:27,1064,437
6607011,207,6:56:28,6,-375,-512
6607011,211,6:56:33,1508,510
6607011,212,6:56:34,1
6607011,210,6:56:34,1432,403
6607011,211,6:56:35,1351,549
6607011,213,6:56:35,6,s_computer_F_gen,true
6607011,210,6:56:47,1199,616
6607011,211,6:56:56,858,296
6607011,213,6:56:56,6,s_door_F_gen,true
6607011,210,6:57:4,1018,427
6607011,207,6:57:8,6,-512,-167
6607011,211,6:57:8,555,208
6607011,213,6:57:8,6,s_calendar_F_gen,true
6607011,210,6:57:14,387,453
6607011,211,6:57:17,398,200
6607011,213,6:57:17,6,s_poster_F_gen,true
6607011,205,6:57:17,6,s_poster_F_gen,false,false
6607011,210,6:57:26,569,474
6607011,207,6:57:28,6,-167,-2
6607011,211,6:57:29,265,595
6607011,213,6:57:29,6,s_cellPhone_F_G10a0,true
6607011,205,6:57:29,6,s_cellPhone_F_G10a0,false,false
6607011,210,6:57:37,187,385
6607011,211,6:57:38,158,263
6607011,213,6:57:38,6,s_pictureFamily_F_G10a0,true
6607011,210,6:57:42,171,301
6607011,207,6:57:43,6,-2,0
6607011,211,6:57:45,684,621
6607011,212,6:57:46,0
6607011,210,6:57:47,788,478
6607011,211,6:57:48,932,566
6607011,212,6:57:48,2
6607011,210,6:57:49,707,506
6607011,211,6:57:49,707,506
6607011,210,6:57:49,685,547
6607011,211,6:57:50,677,550
6607011,213,6:57:50,6,c_crush1_F_b_G10a0,true
6607011,205,6:57:50,6,c_crush1_F_b_G10a0,false,false
6607011,210,6:57:55,278,560
6607011,211,6:57:57,414,583
6607011,213,6:57:57,6,s_bed1_F_G10a0,true
6607011,210,6:57:59,391,560
6607011,211,6:58:0,362,573
6607011,213,6:58:0,6,s_bed1_F_G10a0,true
6607011,210,6:58:2,400,413
6607011,207,6:58:14,6,0,-180
6607011,211,6:58:17,1257,623
6607011,207,6:58:17,6,-180,-285
6607011,210,6:58:19,1177,560
6607011,207,6:58:20,6,-285,-512
6607011,211,6:58:22,974,176
6607011,219,6:58:23,6
6607011,216,6:58:24,Stack_G10a1N
6607011,217,6:58:33,Stack_G10a1N,7.7,0.33
6607011,218,6:58:35,6
6607011,210,6:58:36,701,336
6607011,207,6:58:38,6,-200,0
6607011,211,6:58:42,182,446
6607011,213,6:58:42,6,c_crush1_F_b_G10a1N,true
6607011,205,6:58:42,6,c_crush1_F_b_G10a1N,false,false
6607011,210,6:58:45,272,456
6607011,211,6:58:56,501,458
6607011,210,6:58:56,520,443
6607011,211,6:59:0,481,442
6607011,210,6:59:1,493,434
6607011,211,6:59:4,625,397
6607011,213,6:59:4,6,s_closet_F_G10a1N,true
6607011,210,6:59:10,482,150
6607011,211,6:59:11,511,223
6607011,213,6:59:11,6,s_calendar_F_gen,true
6607011,210,6:59:14,410,260
6607011,211,6:59:16,742,268
6607011,210,6:59:16,861,117
6607011,211,6:59:18,895,315
6607011,213,6:59:18,6,s_door_F_gen,true
6607011,210,6:59:21,803,526
6607011,211,6:59:22,832,599
6607011,213,6:59:22,6,s_crushClothes_F_G10a1N,true
6607011,210,6:59:27,872,497
6607011,207,6:59:29,6,0,-512
6607011,211,6:59:30,1329,551
6607011,213,6:59:30,6,s_computer_F_gen,true
6607011,210,6:59:34,1295,471
6607011,211,6:59:37,1060,319
6607011,213,6:59:37,6,s_mirror_F_G10a1N,false
6607011,1003,6:59:42,2
6607011,1004,6:59:44,3
6607011,900,6:59:46,3,[]
6607011,901,6:59:47,3,[PeopleData_id:0]
6607011,904,6:59:47,3,[PeopleData_id:0]
6607011,901,6:59:49,3,[PeopleData_id:3]
6607011,902,6:59:50,3,[PeopleData_id:3,PeopleData_data3Type]
6607011,902,6:59:53,3,[PeopleData_id:3,PeopleData_data2Type]
6607011,902,6:59:57,3,[PeopleData_id:3,PeopleData_data1Type]
6607011,902,7:0:0,3,[PeopleData_id:3,PeopleData_data0Type]
6607011,903,7:0:6,3,[PeopleData_id3,PeopleData_data0Type]
6607011,902,7:0:9,3,[PeopleData_id:3,PeopleData_data2Type]
6607011,902,7:0:10,3,[PeopleData_id:3,PeopleData_data3Type]
6607011,903,7:0:11,3,[PeopleData_id3,PeopleData_data3Type]
6607011,901,7:0:12,3,[PeopleData_id:3]
6607011,904,7:0:12,3,[PeopleData_id:3]
6607011,905,7:0:13,3,[PeopleData_id:3,RankTypes_id:-1,RankTypes_id:4]
6607011,901,7:0:13,3,[PeopleData_id:2]
6607011,902,7:0:14,3,[PeopleData_id:2,PeopleData_data0Type]
6607011,902,7:0:18,3,[PeopleData_id:2,PeopleData_data1Type]
6607011,903,7:0:19,3,[PeopleData_id2,PeopleData_data1Type]
6607011,901,7:0:21,3,[PeopleData_id:2]
6607011,904,7:0:21,3,[PeopleData_id:2]
6607011,905,7:0:22,3,[PeopleData_id:2,RankTypes_id:-1,RankTypes_id:0]
6607011,901,7:0:23,3,[PeopleData_id:0]
6607011,904,7:0:23,3,[PeopleData_id:0]
6607011,902,7:0:24,3,[PeopleData_id:0,PeopleData_data0Type]
6607011,902,7:0:29,3,[PeopleData_id:0,PeopleData_data1Type]
6607011,902,7:0:32,3,[PeopleData_id:0,PeopleData_data2Type]
6607011,902,7:0:39,3,[PeopleData_id:0,PeopleData_data3Type]
6607011,903,7:0:42,3,[PeopleData_id0,PeopleData_data3Type]
6607011,901,7:0:43,3,[PeopleData_id:0]
6607011,904,7:0:43,3,[PeopleData_id:0]
6607011,905,7:0:43,3,[PeopleData_id:0,RankTypes_id:-1,RankTypes_id:3]
6607011,901,7:0:43,3,[PeopleData_id:4]
6607011,902,7:0:44,3,[PeopleData_id:4,PeopleData_data2Type]
6607011,902,7:0:47,3,[PeopleData_id:4,PeopleData_data1Type]
6607011,902,7:0:47,3,[PeopleData_id:4,PeopleData_data2Type]
6607011,902,7:0:50,3,[PeopleData_id:4,PeopleData_data1Type]
6607011,902,7:0:52,3,[PeopleData_id:4,PeopleData_data1Type]
6607011,902,7:0:53,3,[PeopleData_id:4,PeopleData_data0Type]
6607011,903,7:0:55,3,[PeopleData_id4,PeopleData_data0Type]
6607011,901,7:0:56,3,[PeopleData_id:4]
6607011,904,7:0:56,3,[PeopleData_id:4]
6607011,905,7:0:56,3,[PeopleData_id:4,RankTypes_id:-1,RankTypes_id:2]
6607011,901,7:0:56,3,[PeopleData_id:5]
6607011,902,7:0:58,3,[PeopleData_id:5,PeopleData_data0Type]
6607011,902,7:1:1,3,[PeopleData_id:5,PeopleData_data1Type]
6607011,902,7:1:5,3,[PeopleData_id:5,PeopleData_data2Type]
6607011,902,7:1:7,3,[PeopleData_id:5,PeopleData_data3Type]
6607011,902,7:1:7,3,[PeopleData_id:5,PeopleData_data3Type]
6607011,903,7:1:12,3,[PeopleData_id5,PeopleData_data3Type]
6607011,901,7:1:13,3,[PeopleData_id:5]
6607011,904,7:1:13,3,[PeopleData_id:5]
6607011,905,7:1:13,3,[PeopleData_id:5,RankTypes_id:-1,RankTypes_id:0]
6607011,901,7:1:14,3,[PeopleData_id:1]
6607011,904,7:1:14,3,[PeopleData_id:1]
6607011,902,7:1:15,3,[PeopleData_id:1,PeopleData_data2Type]
6607011,902,7:1:15,3,[PeopleData_id:1,PeopleData_data2Type]
6607011,902,7:1:20,3,[PeopleData_id:1,PeopleData_data1Type]
6607011,902,7:1:28,3,[PeopleData_id:1,PeopleData_data0Type]
6607011,903,7:1:37,3,[PeopleData_id1,PeopleData_data0Type]
6607011,901,7:1:38,3,[PeopleData_id:1]
6607011,904,7:1:38,3,[PeopleData_id:1]
6607011,905,7:1:39,3,[PeopleData_id:1,RankTypes_id:-1,RankTypes_id:4]
6607011,906,7:1:39,3,[]
6607011,907,7:1:40,3,[]
6607011,908,7:1:40,3,[InvitationData_id:3,PeopleData_id:1,RankTypes_id:4]
6607011,909,7:1:42,3,[InvitationData_id:3,PeopleData_id:1,RankTypes_id:4,1]
6607011,910,7:1:43,3,[InvitationData_id:3,9,false]
6607011,908,7:1:43,3,[InvitationData_id:2,PeopleData_id:0,RankTypes_id:3]
6607011,909,7:1:46,3,[InvitationData_id:2,PeopleData_id:0,RankTypes_id:3,0]
6607011,910,7:1:47,3,[InvitationData_id:2,-7,false]
6607011,908,7:1:47,3,[InvitationData_id:9,PeopleData_id:4,RankTypes_id:2]
6607011,909,7:1:52,3,[InvitationData_id:9,PeopleData_id:4,RankTypes_id:2,0]
6607011,910,7:1:54,3,[InvitationData_id:9,-2,false]
6607011,908,7:1:54,3,[InvitationData_id:11,PeopleData_id:4,RankTypes_id:2]
6607011,909,7:1:59,3,[InvitationData_id:11,PeopleData_id:4,RankTypes_id:2,1]
6607011,1002,7:2:10,3
6607011,1003,7:2:10,2
6607011,204,7:2:13,6
6607011,103,7:2:15
6607011,105,7:2:16
6607011,703,7:2:18,[|| EpilogueItem ID: 0 unlocked: true ||,|| EpilogueItem ID: 1 unlocked: true ||,|| EpilogueItem ID: 2 unlocked: true ||,|| EpilogueItem ID: 3 unlocked: true ||,|| EpilogueItem ID: 4 unlocked: true ||,|| EpilogueItem ID: 5 unlocked: true ||,|| EpilogueItem ID: 6 unlocked: false ||,|| EpilogueItem ID: 7 unlocked: false ||,|| EpilogueItem ID: 8 unlocked: false ||,|| EpilogueItem ID: 9 unlocked: false ||,|| EpilogueItem ID: 10 unlocked: false ||,|| EpilogueItem ID: 11 unlocked: false ||,|| EpilogueItem ID: 12 unlocked: false ||,|| EpilogueItem ID: 13 unlocked: true ||,|| EpilogueItem ID: 14 unlocked: false ||,|| EpilogueItem ID: 15 unlocked: false ||,|| EpilogueItem ID: 16 unlocked: false ||,|| EpilogueItem ID: 17 unlocked: false ||,|| EpilogueItem ID: 18 unlocked: false ||,|| EpilogueItem ID: 19 unlocked: false ||,|| EpilogueItem ID: 20 unlocked: false ||,|| EpilogueItem ID: 21 unlocked: true ||,|| EpilogueItem ID: 22 unlocked: false ||,|| EpilogueItem ID: 23 unlocked: false ||,|| EpilogueItem ID: 24 unlocked: false ||],0.32
6607011,706,7:2:20,(x=2531, y=-100, w=1024, h=768),(x=2531, y=-100, w=1024, h=768)
6607011,708,7:2:20
6607011,1,7:2:20,4/3/2014 4:56:20pm,{"gameTime":25340964,"challengeStacks":[{"challengeScenes":[{"miniGameCards":[],"viewedAnimatic":true,"keyPoints":["c_bestFriend_F_a_G7a0","c_teacherEng_G7a0","s_flag_gen"],"unlocked":true,"touchableObjects":["c_bestFriend_F_a_G7a0","c_crewKid1_F_G7a0","s_otherStudent1_G7a0","c_friend1_F_a_G7a0","s_vocabAssignment_G7a0","s_angelouPoster_gen","s_shakespearePoster_gen","s_poePoster_gen","s_doorClassroom_G7a0","c_teacherEng_G7a0","s_atwoodPoster_gen","s_flag_gen","s_clock_G7a0"]},{"miniGameCards":[],"viewedAnimatic":true,"keyPoints":["c_teacherEng_G7a1N","c_bestFriend_F_a_G7a1N","s_paperPlayers_G7a1N"],"unlocked":true,"touchableObjects":["c_teacherEng_G7a1N","c_bestFriend_F_a_G7a1N","s_otherStudent2_G7a1N","s_otherStudent1_G7a1N","c_crewKid1_F_G7a1N","s_posterPlagiarism_gen","s_atwoodPoster_gen","s_angelouPoster_gen","s_shakespearePoster_gen","s_poePoster_gen","s_flag_gen","s_paperPlayers_G7a1N"]},{"miniGameCards":[],"viewedAnimatic":true,"keyPoints":["s_flag_gen","s_paperEnglish_gen","c_bestFriend_F_a_G7a1P","c_teacherEng_G7a1P"],"unlocked":true,"touchableObjects":["s_clock_G7a1P","s_paperPlayers_G7a1P","s_flag_gen","s_atwoodPoster_gen","s_angelouPoster_gen","s_shakespearePoster_gen","s_poePoster_gen","s_paperEnglish_gen","c_bestFriend_F_a_G7a1P","c_teacherEng_G7a1P"]}],"stackSize":3,"resolved":true},{"challengeScenes":[{"miniGameCards":[],"viewedAnimatic":true,"keyPoints":["c_kidSister_lati_a_G7b0","s_backpack_F_G7b0","c_crewKid1_F_G7b0"],"unlocked":true,"touchableObjects":["c_crewKid2_F_G7b0","s_snackBarWorker_G7b0","s_lifeguard_G7b0","c_cousinsBrother_a_G7b0","c_kidSister_lati_a_G7b0","s_backpack_F_G7b0","c_cousinsBrothersFriend_a_G7b0","c_cousinsBrothersFriendsGF_G7b0","c_cousin_F_a_G7b0","c_crewKid1_F_G7b0"]},{"miniGameCards":[],"viewedAnimatic":true,"keyPoints":["c_crewKid1_F_G7b1N","c_kidSister_lati_a_G7b1N","s_sprayPaintCan_G7b1N","s_brokenCarWindow_G7b1N","s_graffiti_G7b1N"],"unlocked":true,"touchableObjects":["c_policeOfficer_G7b1N","c_teacherEng_G7b1N","c_cousin_F_a_G7b1N","c_crewKid1_F_G7b1N","s_cat_G7b1N","c_crewKid2_F_a_G7b1N","c_kidSister_lati_a_G7b1N","s_flag_G7b1N","s_sprayPaintCan_G7b1N","s_brokenCarWindow_G7b1N","s_graffiti_G7b1N"]},{"miniGameCards":[],"viewedAnimatic":true,"keyPoints":["c_cousinsBrothersFriend_a_G7b1P","c_cousinsBrother_a_G7b1P","c_cousin_F_a_G7b1P","s_poolDay_ruleSign_G7b1P"],"unlocked":true,"touchableObjects":["c_kidSister_lati_a_G7b1P","c_cousinsBrothersFriend_a_G7b1P","c_crush1_F_a_G7b1P","c_cousinsBrother_a_G7b1P","c_cousin_F_a_G7b1P","s_poolDay_ruleSign_G7b1P"]},{"miniGameCards":[],"viewedAnimatic":true,"keyPoints":["c_kidSister_lati_a_G7b2N","c_cousin_F_a_G7b2N","s_kid1_G7b2N","c_crush1_F_a_G7b2N"],"unlocked":true,"touchableObjects":["s_kidPool1_G7b2N","c_kidSister_lati_a_G7b2N","s_kidPool2_G7b2N","s_lifeguard_G7b2N","c_cousin_F_a_G7b2N","c_cousinsBrother_a_G7b2N","s_kid1_G7b2N","c_crewKid2_F_G7b2N","c_crush1_F_a_G7b2N","s_cousinsBFgirlfriend_G7b2N","c_cousinsBrothersFriend_a_G7b2N"]},{"miniGameCards":[],"viewedAnimatic":true,"keyPoints":["c_kidSister_lati_a_G7b2P","c_cousin_F_a_G7b2P","s_computer_F_G7b2P","s_pictureDad_lati_F_gen"],"unlocked":true,"touchableObjects":["c_kidSister_lati_a_G7b2P","s_calendar_F_gen","c_grandma_lati_a_G7b2P","s_closet_F_G7b2P","c_cousin_F_a_G7b2P","s_computer_F_G7b2P","s_pictureDad_lati_F_gen"]}],"stackSize":5,"resolved":true},{"challengeScenes":[{"miniGameCards":[],"viewedAnimatic":true,"keyPoints":["s_cellphone_G8a0","s_clock_G8a0","c_cousin_F_a_G8a0","c_crush2_F_a_G8a0","s_bottleCrush2_F_G8a0"],"unlocked":true,"touchableObjects":["s_stairs_G8a0","c_friend1_F_G8a0","s_beerSixpack_G8a0","c_crewKid1_F_a_G8a0","s_cellphone_G8a0","s_clock_G8a0","s_cigaretteKid1_G8a0","c_cousin_F_a_G8a0","c_crush2_F_a_G8a0","s_beerCooler_G8a0","s_bottleFloor_G8a0","s_bottleTable_G8a0","s_bottleCrush2_F_G8a0"]},{"miniGameCards":[],"viewedAnimatic":true,"keyPoints":["s_crush2Lips_F_G8a1N","s_basementDoor_gen","s_dirtyClothes_gen","s_crush2Sore_F_G8a1N","s_crush2Eyes_F_G8a1N"],"unlocked":true,"touchableObjects":["c_crush2_F_a_G8a1N","s_crush2Lips_F_G8a1N","s_waterHeater_gen","s_dryer_G8a1N","s_inhalantsShelf_gen","s_stairs_G8a1N","s_basementDoor_gen","s_dirtyClothes_gen","s_crush2Sore_F_G8a1N","s_crush2Eyes_F_G8a1N"]},{"miniGameCards":[],"viewedAnimatic":true,"keyPoints":["s_inhalantsShelf_gen","s_dirtyClothes_gen","s_basementDoor_gen","c_crush2_F_a_G8a1P"],"unlocked":true,"touchableObjects":["s_waterHeater_gen","s_spraypaintCrush2_F_G8a1P","s_inhalantsShelf_gen","s_dirtyClothes_gen","s_basementDoor_gen","c_crush2_F_a_G8a1P"]},{"miniGameCards":[],"viewedAnimatic":true,"keyPoints":["c_crush2_F_a_G8a2N","s_spraypaintCan_G8a2N"],"unlocked":true,"touchableObjects":["c_friend1_F_a_G8a2N","c_crush2_F_a_G8a2N","s_fumes_G8a2N","s_spraypaintCan_G8a2N"]},{"miniGameCards":[],"viewedAnimatic":true,"keyPoints":["s_sistersToy_G8a2P","s_magazine_G8a2P","c_crush2_F_a_G8a2P","s_pictureDad_lati_gen","c_kidSister_lati_a_G8a2P"],"unlocked":true,"touchableObjects":["s_sistersToy_G8a2P","s_videoGame_G8a2P","s_cigarette_G8a2P","s_ashtray_G8a2P","s_magazine_G8a2P","s_teaCup_G8a2P","s_door_gen","s_clock_G8a2P","c_grandma_lati_a_G8a2P","c_crush2_F_a_G8a2P","s_pictureDad_lati_gen","c_kidSister_lati_a_G8a2P"]},{"miniGameCards":[],"viewedAnimatic":true,"keyPoints":["s_mirror_lati_F_a_G8a3N","c_nurse_a_G8a3N","s_pamphlet1_G8a3N","s_pamphlet3_G8a3N"],"unlocked":true,"touchableObjects":["s_door_G8a3N","s_poster_G8a3N","s_phone_G8a3N","s_mirror_lati_F_a_G8a3N","c_nurse_a_G8a3N","s_pamphlet1_G8a3N","s_pamphlet2_G8a3N","s_pamphlet3_G8a3N"]},{"miniGameCards":[],"viewedAnimatic":true,"keyPoints":["s_kidsCouch_G8a3P","c_crush2_F_a_G8a3P"],"unlocked":true,"touchableObjects":["c_crewKid1_F_a_G8a3P","c_friend1_F_a_G8a3P","s_kidStanding_G8a3P","s_kidsCouch_G8a3P","s_window_G8a3P","c_cousin_F_a_G8a3P","c_crush2_F_a_G8a3P"]}],"stackSize":7,"resolved":true},{"challengeScenes":[{"miniGameCards":[],"viewedAnimatic":true,"keyPoints":["c_friend1_F_a_G8b0","c_kidSister_lati_a_G8b0","s_pillBottle_G8b0"],"unlocked":true,"touchableObjects":["c_grandma_lati_a_G8b0","c_friend1_F_a_G8b0","s_pictureMom_lati_gen","s_pictureDad_lati_gen","c_kidSister_lati_a_G8b0","s_pillBottle_G8b0","s_cigarette_G8b0"]},{"miniGameCards":[],"viewedAnimatic":true,"keyPoints":["c_friend1_F_a_G8b1N","c_kidSister_lati_a_G8b1N","c_grandma_lati_a_G8b1N"],"unlocked":true,"touchableObjects":["c_friend1_F_a_G8b1N","c_kidSister_lati_a_G8b1N","c_grandma_lati_a_G8b1N"]},{"miniGameCards":[],"viewedAnimatic":true,"keyPoints":["c_friend1_F_a_G8b1P","c_grandma_lati_a_G8b1P","s_pillBottle_F_G8b1P"],"unlocked":true,"touchableObjects":["c_friend1_F_a_G8b1P","c_kidSister_lati_a_G8b1P","s_tvGuide_G8b1P","c_grandma_lati_a_G8b1P","s_cigarette_G8b1P","s_pillBottle_F_G8b1P"]},{"miniGameCards":[],"viewedAnimatic":true,"keyPoints":["s_sandwichBagPills_G8b2N","c_teacherEng_G8b2N","c_crewKid2_F_a_G8b2N","s_clock_G8b2N","c_friend1_F_a_G8b2N"],"unlocked":true,"touchableObjects":["s_sandwichBagPills_G8b2N","s_kid1_G8b2N","s_kid2_G8b2N","s_camera_gen","s_kid5_G8b2N","s_kid3_G8b2N","s_kid4_G8b2N","c_teacherEng_G8b2N","c_crewKid2_F_a_G8b2N","s_clock_G8b2N","c_friend1_F_a_G8b2N"]},{"miniGameCards":[],"viewedAnimatic":true,"keyPoints":["c_grandma_lati_a_G8b2P","c_friend1_F_a_G8b2P","s_pillBottle_G8b2P"],"unlocked":true,"touchableObjects":["s_pictureDad_lati_gen","c_grandma_lati_a_G8b2P","c_kidSister_lati_a_G8b2P","c_mom_lati_a_G8b2P","s_videoGameScreen_G8b2P","c_friend1_F_a_G8b2P","s_pillBottle_G8b2P"]}],"stackSize":5,"resolved":true},{"challengeScenes":[{"miniGameCards":[],"viewedAnimatic":true,"keyPoints":["s_door_F_gen","s_bathingSuit_F_G9a0","s_cellPhone_F_G9a0","s_clock_F_G9a0"],"unlocked":true,"touchableObjects":["s_calendar_F_gen","s_door_F_gen","s_bathingSuit_F_G9a0","s_window_F_G9a0","s_cellPhone_F_G9a0","s_clock_F_G9a0"]},{"miniGameCards":[],"viewedAnimatic":true,"keyPoints":["c_cousin_F_a_G9a1N","s_kid3_G9a1N","s_fence_G9a1N","c_policeOfficer_G9a1N"],"unlocked":true,"touchableObjects":["c_cousin_F_a_G9a1N","s_bathingSuits_G9a1N","s_kid4_G9a1N","s_policeCar_G9a1N","s_kid3_G9a1N","s_potSmokeCloud_G9a1N","c_cousinsBrothersFriend_a_G9a1N","s_fence_G9a1N","s_poolNight_ruleSign_G9a1N","c_policeOfficer_G9a1N"]},{"miniGameCards":[],"viewedAnimatic":true,"keyPoints":["s_joint_F_G9a1P","s_poster_F_gen","s_calendar_F_gen","s_door_F_gen","c_cousin_F_a_G9a1P"],"unlocked":true,"touchableObjects":["s_joint_F_G9a1P","s_computer_F_gen","s_poster_F_gen","s_calendar_F_gen","s_door_F_gen","c_cousin_F_a_G9a1P"]},{"miniGameCards":[],"viewedAnimatic":true,"keyPoints":["c_cousin_F_a_G9a2N","s_pictureDad_lati_F_gen","c_kidSister_lati_a_G9a2N","c_mom_lati_a_G9a2N","s_potSmokeCloud_F_G9a2N"],"unlocked":true,"touchableObjects":["c_cousin_F_a_G9a2N","s_pictureDad_lati_F_gen","c_kidSister_lati_a_G9a2N","c_mom_lati_a_G9a2N","s_potSmokeCloud_F_G9a2N","s_cookieTrayEmpty_F_G9a2N"]},{"miniGameCards":[],"viewedAnimatic":true,"keyPoints":["c_mom_lati_a_G9a2P","c_cousin_F_a_G9a2P","s_door_gen","s_pizzaBox_G9a2P"],"unlocked":true,"touchableObjects":["s_tv_G9a2P","c_mom_lati_a_G9a2P","c_kidSister_lati_a_G9a2P","c_cousin_F_a_G9a2P","c_grandma_lati_a_G9a2P","s_door_gen","s_pizzaBox_G9a2P","s_pictureDad_lati_gen"]}],"stackSize":5,"resolved":true},{"challengeScenes":[{"miniGameCards":[],"viewedAnimatic":true,"keyPoints":["s_pictureDad_lati_F_gen","s_mirror_F_G9b0","s_computer_F_gen"],"unlocked":true,"touchableObjects":["s_cellPhone_F_G9b0","s_calendar_F_gen","s_closet_F_G9b0","s_pictureDad_lati_F_gen","c_cousin_F_a_G9b0","c_kidSister_lati_a_G9b0","s_clock_F_G9b0","s_mirror_F_G9b0","s_computer_F_gen"]},{"miniGameCards":[],"viewedAnimatic":true,"keyPoints":["c_cousin_F_a_G9b1N","s_clock_G9b1N","c_teacherEng_G9b1N","c_kidSister_lati_a_G9b1N","s_brokenLamp_G9b1N","s_joint_G9b1N","s_beerBottle_G9b1N"],"unlocked":true,"touchableObjects":["s_puddleFloor_G9b1N","s_boomBox_G9b1N","s_coupleOnCouch_G9b1N","s_photoCracked_G9b1N","s_pictureDaddark_lati_gen","c_cousin_F_a_G9b1N","s_clock_G9b1N","s_smokeDetector_G9b1N","c_teacherEng_G9b1N","c_kidSister_lati_a_G9b1N","s_brokenLamp_G9b1N","s_joint_G9b1N","s_ashtray_G9b1N","s_beerBottle_G9b1N"]},{"miniGameCards":[],"viewedAnimatic":true,"keyPoints":["s_kidsGroupKitchen_G9b1P","s_pictureDaddark_lati_gen","s_pictureMomdark_lati_G9b1P","c_crush1_F_a_G9b1P","c_bestFriend_F_a_G9b1P","c_friend1_F_a_G9b1P","c_cousin_F_a_G9b1P"],"unlocked":true,"touchableObjects":["c_kidSister_lati_a_G9b1P","s_door_G9b1P","s_kidsGroupKitchen_G9b1P","s_beerBottle_G9b1P","s_pictureDaddark_lati_gen","s_pictureMomdark_lati_G9b1P","c_crush1_F_a_G9b1P","c_bestFriend_F_a_G9b1P","c_friend1_F_a_G9b1P","s_ashtray_G9b1P","c_cousin_F_a_G9b1P"]},{"miniGameCards":[],"viewedAnimatic":true,"keyPoints":["c_crush1_F_a_G9b2N","c_mom_lati_a_G9b2N","c_cousin_F_a_G9b2N"],"unlocked":true,"touchableObjects":["c_kidSister_lati_a_G9b2N","s_clock_G9b2N","c_crush1_F_a_G9b2N","c_mom_lati_a_G9b2N","c_bestFriend_F_a_G9b2N","c_grandma_lati_a_G9b2N","c_cousin_F_a_G9b2N","s_kidCouch_G9b2N"]},{"miniGameCards":[],"viewedAnimatic":true,"keyPoints":["c_bestFriend_F_a_G9b2P","c_crush1_F_a_G9b2P","c_mom_lati_a_G9b2P","s_clock_G9b2P"],"unlocked":true,"touchableObjects":["c_grandma_lati_a_G9b2P","s_boardGame_G9b2P","c_cousin_F_a_G9b2P","c_bestFriend_F_a_G9b2P","c_crush1_F_a_G9b2P","c_mom_lati_a_G9b2P","c_kidSister_lati_a_G9b2P","s_sodaBottle_G9b2P","s_clock_G9b2P"]}],"stackSize":5,"resolved":true},{"challengeScenes":[{"miniGameCards":[],"viewedAnimatic":true,"keyPoints":["s_window_F_G10a0","s_poster_F_gen","s_cellPhone_F_G10a0","c_crush1_F_b_G10a0"],"unlocked":true,"touchableObjects":["s_bed2_F_G10a0","s_clock_F_G10a0","s_chairClothes_F_G10a0","s_window_F_G10a0","s_computer_F_gen","s_door_F_gen","s_calendar_F_gen","s_poster_F_gen","s_cellPhone_F_G10a0","s_pictureFamily_F_G10a0","c_crush1_F_b_G10a0","s_bed1_F_G10a0"]},{"miniGameCards":[],"viewedAnimatic":true,"keyPoints":["c_crush1_F_b_G10a1N"],"unlocked":true,"touchableObjects":["c_crush1_F_b_G10a1N","s_closet_F_G10a1N","s_calendar_F_gen","s_door_F_gen","s_crushClothes_F_G10a1N","s_computer_F_gen"]},{"miniGameCards":[],"viewedAnimatic":false,"keyPoints":[],"unlocked":false,"touchableObjects":[]},{"miniGameCards":[],"viewedAnimatic":false,"keyPoints":[],"unlocked":true,"touchableObjects":[]},{"miniGameCards":[],"viewedAnimatic":false,"keyPoints":[],"unlocked":false,"touchableObjects":[]}],"stackSize":5,"resolved":false},{"challengeScenes":[{"miniGameCards":[],"viewedAnimatic":false,"keyPoints":[],"unlocked":false,"touchableObjects":[]},{"miniGameCards":[],"viewedAnimatic":false,"keyPoints":[],"unlocked":false,"touchableObjects":[]},{"miniGameCards":[],"viewedAnimatic":false,"keyPoints":[],"unlocked":false,"touchableObjects":[]},{"miniGameCards":[],"viewedAnimatic":false,"keyPoints":[],"unlocked":false,"touchableObjects":[]},{"miniGameCards":[],"viewedAnimatic":false,"keyPoints":[],"unlocked":false,"touchableObjects":[]}],"stackSize":5,"resolved":false},{"challengeScenes":[{"miniGameCards":[],"viewedAnimatic":false,"keyPoints":[],"unlocked":true,"touchableObjects":[]},{"miniGameCards":[],"viewedAnimatic":false,"keyPoints":[],"unlocked":true,"touchableObjects":[]},{"miniGameCards":[],"viewedAnimatic":false,"keyPoints":[],"unlocked":false,"touchableObjects":[]},{"miniGameCards":[],"viewedAnimatic":false,"keyPoints":[],"unlocked":false,"touchableObjects":[]},{"miniGameCards":[],"viewedAnimatic":false,"keyPoints":[],"unlocked":false,"touchableObjects":[]}],"stackSize":5,"resolved":false},{"challengeScenes":[{"miniGameCards":[],"viewedAnimatic":false,"keyPoints":[],"unlocked":false,"touchableObjects":[]},{"miniGameCards":[],"viewedAnimatic":false,"keyPoints":[],"unlocked":false,"touchableObjects":[]},{"miniGameCards":[],"viewedAnimatic":false,"keyPoints":[],"unlocked":false,"touchableObjects":[]},{"miniGameCards":[],"viewedAnimatic":false,"keyPoints":[],"unlocked":false,"touchableObjects":[]},{"miniGameCards":[],"viewedAnimatic":false,"keyPoints":[],"unlocked":false,"touchableObjects":[]}],"stackSize":5,"resolved":false},{"challengeScenes":[{"miniGameCards":[],"viewedAnimatic":false,"keyPoints":[],"unlocked":true,"touchableObjects":[]},{"miniGameCards":[],"viewedAnimatic":false,"keyPoints":[],"unlocked":true,"touchableObjects":[]},{"miniGameCards":[],"viewedAnimatic":false,"keyPoints":[],"unlocked":false,"touchableObjects":[]},{"miniGameCards":[],"viewedAnimatic":false,"keyPoints":[],"unlocked":true,"touchableObjects":[]},{"miniGameCards":[],"viewedAnimatic":false,"keyPoints":[],"unlocked":false,"touchableObjects":[]}],"stackSize":5,"resolved":false},{"challengeScenes":[{"miniGameCards":[],"viewedAnimatic":false,"keyPoints":[],"unlocked":false,"touchableObjects":[]},{"miniGameCards":[],"viewedAnimatic":false,"keyPoints":[],"unlocked":false,"touchableObjects":[]},{"miniGameCards":[],"viewedAnimatic":false,"keyPoints":[],"unlocked":false,"touchableObjects":[]},{"miniGameCards":[],"viewedAnimatic":false,"keyPoints":[],"unlocked":false,"touchableObjects":[]},{"miniGameCards":[],"viewedAnimatic":false,"keyPoints":[],"unlocked":false,"touchableObjects":[]}],"stackSize":5,"resolved":false},{"challengeScenes":[{"miniGameCards":[],"viewedAnimatic":false,"keyPoints":[],"unlocked":true,"touchableObjects":["c_player_lati_F_a_G0a0","c_family_lati_a_G0a0","c_friends_G0a0","c_education_G0a0"]},{"miniGameCards":[],"viewedAnimatic":false,"keyPoints":["c_family_lati_a_G0a1N","c_home_G0a1N","c_job_G0a1N"],"unlocked":true,"touchableObjects":["c_family_lati_a_G0a1N","c_home_G0a1N","c_player_lati_F_a_G0a1N","c_job_G0a1N"]},{"miniGameCards":[],"viewedAnimatic":false,"keyPoints":["c_dad_lati_a_G0a1P","c_grandma_lati_a_G0a1P","c_Teacher_G0a1P","c_Nurse_G0a1P","c_kidsister_lati_a_G0a1P","c_mom_lati_a_G0a1P"],"unlocked":true,"touchableObjects":["c_cousins_F_a_G0a1P","c_dad_lati_a_G0a1P","c_friends_G0a1P","c_grandma_lati_a_G0a1P","c_Teacher_G0a1P","c_Nurse_G0a1P","c_kidsister_lati_a_G0a1P","c_mom_lati_a_G0a1P"]}],"stackSize":3,"resolved":true}],"sessionId":10,"epilogue":{"rating":3},"playerId":6607011,"session":[{"sceneId":"1P","stackId":12},{"sceneId":"1P","stackId":0},{"sceneId":"1P","stackId":1},{"sceneId":"1N","stackId":1},{"sceneId":"2P","stackId":1},{"sceneId":"3P","stackId":2},{"sceneId":"1P","stackId":2},{"sceneId":"1N","stackId":2},{"sceneId":"2P","stackId":2},{"sceneId":"1P","stackId":3},{"sceneId":"1N","stackId":3},{"sceneId":"2P","stackId":3},{"sceneId":"1P","stackId":4},{"sceneId":"1N","stackId":4},{"sceneId":"2P","stackId":4},{"sceneId":"1P","stackId":5},{"sceneId":"1N","stackId":5},{"sceneId":"2P","stackId":5}],"minigames":[{"levelSaveData":[{"starRating":3,"unlocked":true},{"starRating":3,"unlocked":true},{"starRating":2,"unlocked":true},{"starRating":2,"unlocked":true},{"starRating":0,"unlocked":false},{"starRating":2,"unlocked":true},{"starRating":2,"unlocked":true},{"starRating":2,"unlocked":true},{"starRating":0,"unlocked":true},{"starRating":0,"unlocked":true}],"skillPoints":16},{"levelSaveData":[{"starRating":3,"unlocked":true},{"starRating":3,"unlocked":true},{"starRating":3,"unlocked":true},{"starRating":3,"unlocked":true},{"starRating":3,"unlocked":true},{"starRating":0,"unlocked":true},{"starRating":0,"unlocked":false},{"starRating":0,"unlocked":false},{"starRating":0,"unlocked":true},{"starRating":0,"unlocked":true}],"skillPoints":15},{"levelSaveData":[{"starRating":3,"unlocked":true},{"starRating":3,"unlocked":true},{"starRating":2,"unlocked":true},{"starRating":0,"unlocked":true},{"starRating":0,"unlocked":false},{"starRating":3,"unlocked":true},{"starRating":0,"unlocked":false},{"starRating":2,"unlocked":true},{"starRating":1,"unlocked":true},{"starRating":0,"unlocked":false}],"skillPoints":14},{"levelSaveData":[{"starRating":3,"unlocked":true},{"starRating":3,"unlocked":true},{"starRating":3,"unlocked":true},{"starRating":3,"unlocked":true},{"starRating":3,"unlocked":true},{"starRating":3,"unlocked":true},{"starRating":3,"unlocked":true},{"starRating":0,"unlocked":false},{"starRating":0,"unlocked":false},{"starRating":0,"unlocked":false}],"skillPoints":21},{"age":13,"name":"Steph","gender":1,"levelSaveData":[{"starRating":3,"unlocked":true},{"starRating":3,"chunks":[["1"],["14$$Smart","0$$ Helpful"],["14$$Healthy","17$$Singer","13$$Dancer"],["3"]],"unlocked":true},{"starRating":3,"chunks":[["1"],["6$$Dancing","3$$Cooking"],["3$$Photograph","1$$Track/Running"]],"unlocked":true},{"starRating":3,"chunks":[["4"],["10"],["2"],["0"],["5","1"],["8"]],"unlocked":true},{"starRating":3,"chunks":[["1$$Science"],["3"],["2$$Neonatal Nurse","1"],["1"],["3"],["3$$Dancers"]],"unlocked":true},{"starRating":3,"chunks":[["4"],["6","5","3","5"],["1$$Country Side"],["0$$Stores"]],"unlocked":true},{"starRating":3,"chunks":[["2"],["3"],["3$$Nephew","23$$Grandpa"],["1","1"],["1"]],"unlocked":true},{"starRating":3,"chunks":[["2","3","0"],["6","7","7"],["0"],["2$$Being Active"],["2$$ANY drug"]],"unlocked":true},{"starRating":3,"chunks":[["7","2","3"],["6","4","0"],["5","1"]],"unlocked":true},{"starRating":0,"chunks":[[null],[null],[null],[null],[null],[null]],"unlocked":false}],"visualAvatar":0,"id":2,"skillPoints":27}],"avatar":{"age":13,"name":"Steph","gender":1,"levelSaveData":[{"starRating":3,"unlocked":true},{"starRating":3,"chunks":[["1"],["14$$Smart","0$$ Helpful"],["14$$Healthy","17$$Singer","13$$Dancer"],["3"]],"unlocked":true},{"starRating":3,"chunks":[["1"],["6$$Dancing","3$$Cooking"],["3$$Photograph","1$$Track/Running"]],"unlocked":true},{"starRating":3,"chunks":[["4"],["10"],["2"],["0"],["5","1"],["8"]],"unlocked":true},{"starRating":3,"chunks":[["1$$Science"],["3"],["2$$Neonatal Nurse","1"],["1"],["3"],["3$$Dancers"]],"unlocked":true},{"starRating":3,"chunks":[["4"],["6","5","3","5"],["1$$Country Side"],["0$$Stores"]],"unlocked":true},{"starRating":3,"chunks":[["2"],["3"],["3$$Nephew","23$$Grandpa"],["1","1"],["1"]],"unlocked":true},{"starRating":3,"chunks":[["2","3","0"],["6","7","7"],["0"],["2$$Being Active"],["2$$ANY drug"]],"unlocked":true},{"starRating":3,"chunks":[["7","2","3"],["6","4","0"],["5","1"]],"unlocked":true},{"starRating":0,"chunks":[[null],[null],[null],[null],[null],[null]],"unlocked":false}],"visualAvatar":0,"id":2,"skillPoints":27}}
