6427041,0,4:13:22,5/9/2014 3:36:41pm
6427041,1003,4:13:23,3
6427041,100,4:13:36,4
6427041,102,4:13:37,4
6427041,200,4:13:37,4,6,6,7,3,9
6427041,210,4:13:40,278,575
6427041,207,4:13:41,4,-200,-50
6427041,211,4:13:42,268,605
6427041,213,4:13:42,4,s_cellPhone_F_G9a0,false
6427041,1003,4:13:46,2
6427041,1004,4:13:48,2
6427041,900,4:13:51,2,[]
6427041,901,4:13:55,2,[PeopleData_id:4]
6427041,902,4:13:56,2,[PeopleData_id:4,PeopleData_data2Type]
6427041,902,4:13:57,2,[PeopleData_id:4,PeopleData_data1Type]
6427041,902,4:14:0,2,[PeopleData_id:4,PeopleData_data0Type]
6427041,903,4:14:3,2,[PeopleData_id4,PeopleData_data0Type]
6427041,901,4:14:4,2,[PeopleData_id:1]
6427041,901,4:14:4,2,[PeopleData_id:4]
6427041,904,4:14:4,2,[PeopleData_id:4]
6427041,905,4:14:5,2,[PeopleData_id:4,RankTypes_id:-1,RankTypes_id:3]
6427041,901,4:14:6,2,[PeopleData_id:1]
6427041,904,4:14:6,2,[PeopleData_id:1]
6427041,902,4:14:7,2,[PeopleData_id:1,PeopleData_data2Type]
6427041,902,4:14:11,2,[PeopleData_id:1,PeopleData_data1Type]
6427041,902,4:14:15,2,[PeopleData_id:1,PeopleData_data0Type]
6427041,903,4:14:16,2,[PeopleData_id1,PeopleData_data0Type]
6427041,901,4:14:17,2,[PeopleData_id:1]
6427041,904,4:14:17,2,[PeopleData_id:1]
6427041,905,4:14:18,2,[PeopleData_id:1,RankTypes_id:-1,RankTypes_id:0]
6427041,901,4:14:18,2,[PeopleData_id:6]
6427041,902,4:14:19,2,[PeopleData_id:6,PeopleData_data2Type]
6427041,903,4:14:25,2,[PeopleData_id6,PeopleData_data2Type]
6427041,1002,4:14:31,2
6427041,1003,4:14:31,2
6427041,1004,4:14:35,8
6427041,900,4:14:36,8,[]
6427041,1002,4:14:38,8
6427041,1003,4:14:38,2
6427041,1004,4:14:38,8
6427041,900,4:14:50,8,[]
6427041,901,4:14:51,8,[PeopleData_id:9]
6427041,902,4:14:53,8,[PeopleData_id:9,PeopleData_data0Type]
6427041,902,4:14:58,8,[PeopleData_id:9,PeopleData_data1Type]
6427041,902,4:15:1,8,[PeopleData_id:9,PeopleData_data2Type]
6427041,902,4:15:2,8,[PeopleData_id:9,PeopleData_data3Type]
6427041,903,4:15:6,8,[PeopleData_id9,PeopleData_data3Type]
6427041,901,4:15:11,8,[PeopleData_id:9]
6427041,904,4:15:11,8,[PeopleData_id:9]
6427041,905,4:15:12,8,[PeopleData_id:9,RankTypes_id:-1,RankTypes_id:1]
6427041,901,4:15:13,8,[PeopleData_id:7]
6427041,902,4:15:14,8,[PeopleData_id:7,PeopleData_data0Type]
6427041,902,4:15:18,8,[PeopleData_id:7,PeopleData_data1Type]
6427041,902,4:15:21,8,[PeopleData_id:7,PeopleData_data2Type]
6427041,902,4:15:23,8,[PeopleData_id:7,PeopleData_data3Type]
6427041,903,4:15:25,8,[PeopleData_id7,PeopleData_data3Type]
6427041,901,4:15:31,8,[PeopleData_id:7]
6427041,904,4:15:31,8,[PeopleData_id:7]
6427041,905,4:15:31,8,[PeopleData_id:7,RankTypes_id:-1,RankTypes_id:4]
6427041,901,4:15:31,8,[PeopleData_id:1]
6427041,902,4:15:33,8,[PeopleData_id:1,PeopleData_data3Type]
6427041,902,4:15:36,8,[PeopleData_id:1,PeopleData_data2Type]
6427041,902,4:15:40,8,[PeopleData_id:1,PeopleData_data1Type]
6427041,902,4:15:44,8,[PeopleData_id:1,PeopleData_data0Type]
6427041,903,4:15:48,8,[PeopleData_id1,PeopleData_data0Type]
6427041,901,4:15:58,8,[PeopleData_id:1]
6427041,904,4:15:59,8,[PeopleData_id:1]
6427041,905,4:16:0,8,[PeopleData_id:1,RankTypes_id:-1,RankTypes_id:3]
6427041,901,4:16:0,8,[PeopleData_id:2]
6427041,904,4:16:0,8,[PeopleData_id:2]
6427041,902,4:16:1,8,[PeopleData_id:2,PeopleData_data3Type]
6427041,902,4:16:6,8,[PeopleData_id:2,PeopleData_data2Type]
6427041,902,4:16:12,8,[PeopleData_id:2,PeopleData_data1Type]
6427041,902,4:16:16,8,[PeopleData_id:2,PeopleData_data0Type]
6427041,903,4:16:17,8,[PeopleData_id2,PeopleData_data0Type]
6427041,901,4:16:19,8,[PeopleData_id:2]
6427041,904,4:16:19,8,[PeopleData_id:2]
6427041,905,4:16:20,8,[PeopleData_id:2,RankTypes_id:-1,RankTypes_id:0]
6427041,901,4:16:21,8,[PeopleData_id:3]
6427041,902,4:16:22,8,[PeopleData_id:3,PeopleData_data3Type]
6427041,902,4:16:26,8,[PeopleData_id:3,PeopleData_data2Type]
6427041,902,4:16:30,8,[PeopleData_id:3,PeopleData_data1Type]
6427041,902,4:16:34,8,[PeopleData_id:3,PeopleData_data0Type]
6427041,903,4:16:36,8,[PeopleData_id3,PeopleData_data0Type]
6427041,902,4:16:46,8,[PeopleData_id:3,PeopleData_data3Type]
6427041,903,4:16:52,8,[PeopleData_id3,PeopleData_data3Type]
6427041,901,4:16:53,8,[PeopleData_id:3]
6427041,904,4:16:53,8,[PeopleData_id:3]
6427041,905,4:16:55,8,[PeopleData_id:3,RankTypes_id:-1,RankTypes_id:0]
6427041,901,4:16:56,8,[PeopleData_id:8]
6427041,904,4:16:56,8,[PeopleData_id:8]
6427041,902,4:16:57,8,[PeopleData_id:8,PeopleData_data3Type]
6427041,902,4:17:0,8,[PeopleData_id:8,PeopleData_data2Type]
6427041,902,4:17:4,8,[PeopleData_id:8,PeopleData_data1Type]
6427041,902,4:17:8,8,[PeopleData_id:8,PeopleData_data0Type]
6427041,902,4:17:9,8,[PeopleData_id:8,PeopleData_data1Type]
6427041,902,4:17:9,8,[PeopleData_id:8,PeopleData_data0Type]
6427041,903,4:17:11,8,[PeopleData_id8,PeopleData_data0Type]
6427041,901,4:17:12,8,[PeopleData_id:8]
6427041,904,4:17:12,8,[PeopleData_id:8]
6427041,905,4:17:13,8,[PeopleData_id:8,RankTypes_id:-1,RankTypes_id:4]
6427041,901,4:17:13,8,[PeopleData_id:0]
6427041,904,4:17:13,8,[PeopleData_id:0]
6427041,902,4:17:15,8,[PeopleData_id:0,PeopleData_data3Type]
6427041,902,4:17:18,8,[PeopleData_id:0,PeopleData_data2Type]
6427041,902,4:17:22,8,[PeopleData_id:0,PeopleData_data1Type]
6427041,902,4:17:28,8,[PeopleData_id:0,PeopleData_data1Type]
6427041,902,4:17:29,8,[PeopleData_id:0,PeopleData_data0Type]
6427041,903,4:17:35,8,[PeopleData_id0,PeopleData_data0Type]
6427041,901,4:17:36,8,[PeopleData_id:0]
6427041,904,4:17:36,8,[PeopleData_id:0]
6427041,905,4:17:37,8,[PeopleData_id:0,RankTypes_id:-1,RankTypes_id:0]
6427041,901,4:17:37,8,[PeopleData_id:5]
6427041,902,4:17:38,8,[PeopleData_id:5,PeopleData_data3Type]
6427041,902,4:17:42,8,[PeopleData_id:5,PeopleData_data2Type]
6427041,902,4:17:45,8,[PeopleData_id:5,PeopleData_data1Type]
6427041,902,4:17:54,8,[PeopleData_id:5,PeopleData_data0Type]
6427041,903,4:17:56,8,[PeopleData_id5,PeopleData_data0Type]
6427041,901,4:17:57,8,[PeopleData_id:5]
6427041,904,4:17:57,8,[PeopleData_id:5]
6427041,905,4:17:58,8,[PeopleData_id:5,RankTypes_id:-1,RankTypes_id:1]
6427041,901,4:17:59,8,[PeopleData_id:4]
6427041,901,4:18:0,8,[PeopleData_id:5]
6427041,905,4:18:0,8,[PeopleData_id:5,RankTypes_id:1,RankTypes_id:1]
6427041,902,4:18:2,8,[PeopleData_id:5,PeopleData_data3Type]
6427041,902,4:18:5,8,[PeopleData_id:5,PeopleData_data2Type]
6427041,902,4:18:7,8,[PeopleData_id:5,PeopleData_data1Type]
6427041,902,4:18:13,8,[PeopleData_id:5,PeopleData_data0Type]
6427041,903,4:18:19,8,[PeopleData_id5,PeopleData_data0Type]
6427041,901,4:18:20,8,[PeopleData_id:4]
6427041,904,4:18:20,8,[PeopleData_id:4]
6427041,901,4:18:22,8,[PeopleData_id:5]
6427041,904,4:18:23,8,[PeopleData_id:5]
6427041,905,4:18:24,8,[PeopleData_id:5,RankTypes_id:1,RankTypes_id:3]
6427041,901,4:18:25,8,[PeopleData_id:4]
6427041,904,4:18:25,8,[PeopleData_id:4]
6427041,902,4:18:26,8,[PeopleData_id:4,PeopleData_data3Type]
6427041,902,4:18:33,8,[PeopleData_id:4,PeopleData_data2Type]
6427041,903,4:18:36,8,[PeopleData_id4,PeopleData_data2Type]
6427041,901,4:18:36,8,[PeopleData_id:4]
6427041,904,4:18:36,8,[PeopleData_id:4]
6427041,905,4:18:37,8,[PeopleData_id:4,RankTypes_id:-1,RankTypes_id:0]
6427041,901,4:18:38,8,[PeopleData_id:6]
6427041,902,4:18:38,8,[PeopleData_id:6,PeopleData_data3Type]
6427041,902,4:18:43,8,[PeopleData_id:6,PeopleData_data2Type]
6427041,902,4:18:46,8,[PeopleData_id:6,PeopleData_data1Type]
6427041,902,4:18:49,8,[PeopleData_id:6,PeopleData_data0Type]
6427041,903,4:18:51,8,[PeopleData_id6,PeopleData_data0Type]
6427041,901,4:18:52,8,[PeopleData_id:6]
6427041,904,4:18:53,8,[PeopleData_id:6]
6427041,905,4:18:54,8,[PeopleData_id:6,RankTypes_id:-1,RankTypes_id:0]
6427041,906,4:18:54,8,[]
6427041,907,4:19:3,8,[]
6427041,908,4:19:3,8,[InvitationData_id:9,PeopleData_id:7,RankTypes_id:4]
6427041,909,4:19:18,8,[InvitationData_id:9,PeopleData_id:7,RankTypes_id:4,1]
6427041,910,4:19:20,8,[InvitationData_id:9,9,false]
6427041,908,4:19:20,8,[InvitationData_id:8,PeopleData_id:7,RankTypes_id:4]
6427041,909,4:19:25,8,[InvitationData_id:8,PeopleData_id:7,RankTypes_id:4,1]
6427041,910,4:19:28,8,[InvitationData_id:8,9,false]
6427041,908,4:19:28,8,[InvitationData_id:7,PeopleData_id:7,RankTypes_id:4]
6427041,909,4:19:33,8,[InvitationData_id:7,PeopleData_id:7,RankTypes_id:4,1]
6427041,910,4:19:34,8,[InvitationData_id:7,9,false]
6427041,908,4:19:34,8,[InvitationData_id:3,PeopleData_id:9,RankTypes_id:1]
6427041,901,4:19:42,8,[PeopleData_id:9]
6427041,902,4:19:43,8,[PeopleData_id:9,PeopleData_data0Type]
6427041,902,4:19:45,8,[PeopleData_id:9,PeopleData_data1Type]
6427041,902,4:19:47,8,[PeopleData_id:9,PeopleData_data2Type]
6427041,902,4:19:48,8,[PeopleData_id:9,PeopleData_data3Type]
6427041,909,4:19:57,8,[InvitationData_id:3,PeopleData_id:9,RankTypes_id:1,0]
6427041,910,4:19:58,8,[InvitationData_id:3,0,false]
6427041,908,4:19:58,8,[InvitationData_id:6,PeopleData_id:7,RankTypes_id:4]
6427041,909,4:20:3,8,[InvitationData_id:6,PeopleData_id:7,RankTypes_id:4,1]
6427041,910,4:20:4,8,[InvitationData_id:6,9,false]
6427041,908,4:20:4,8,[InvitationData_id:11,PeopleData_id:7,RankTypes_id:4]
6427041,909,4:20:13,8,[InvitationData_id:11,PeopleData_id:7,RankTypes_id:4,1]
6427041,910,4:20:14,8,[InvitationData_id:11,9,false]
6427041,908,4:20:14,8,[InvitationData_id:10,PeopleData_id:9,RankTypes_id:1]
6427041,909,4:20:26,8,[InvitationData_id:10,PeopleData_id:9,RankTypes_id:1,1]
6427041,910,4:20:27,8,[InvitationData_id:10,3,false]
6427041,911,4:20:28,8,[48,0,0,0]
6427041,1005,4:20:28,8,[2,0,3]
6427041,1001,4:20:30,8,[]
6427041,1003,4:20:30,2
6427041,210,4:20:33,157,559
6427041,207,4:20:34,4,-200,-20
6427041,211,4:20:35,271,597
6427041,213,4:20:35,4,s_cellPhone_F_G9a0,true
6427041,205,4:20:35,4,s_cellPhone_F_G9a0,false,false
6427041,221,4:20:43,4
6427041,220,4:20:45,4
6427041,210,4:20:48,860,311
6427041,211,4:20:49,611,676
6427041,221,4:20:51,4
6427041,220,4:20:54,4
6427041,210,4:20:58,767,417
6427041,211,4:21:4,357,359
6427041,210,4:21:5,348,349
6427041,211,4:21:6,358,365
6427041,213,4:21:6,4,c_cousin_F_a_G9a1N,true
6427041,205,4:21:6,4,c_cousin_F_a_G9a1N,false,true
6427041,210,4:21:9,742,406
6427041,207,4:21:10,4,-200,0
6427041,211,4:21:12,1095,228
6427041,207,4:21:12,4,0,-90
6427041,210,4:21:14,1164,294
6427041,207,4:21:14,4,-90,-225
6427041,211,4:21:14,1084,393
6427041,210,4:21:14,1089,379
6427041,207,4:21:16,4,-225,-1031.4
6427041,211,4:21:17,2035,309
6427041,221,4:21:20,4
6427041,220,4:21:39,4
6427041,212,4:21:41,0
6427041,207,4:21:43,4,-200,-215
6427041,221,4:21:45,4
6427041,220,4:21:51,4
6427041,210,4:21:54,1116,532
6427041,207,4:21:56,4,-200,-1031.4
6427041,211,4:21:56,1991,496
6427041,219,4:21:57,4
6427041,218,4:21:59,4
6427041,219,4:22:2,4
6427041,216,4:22:6,Stack_G9a1N
6427041,217,4:22:18,Stack_G9a1N,8.7,0.00
6427041,218,4:22:19,4
6427041,210,4:22:21,1517,371
6427041,211,4:22:24,1810,429
6427041,212,4:22:24,1
6427041,210,4:22:25,1879,413
6427041,207,4:22:26,4,-1031.4,-1031.4
6427041,211,4:22:26,2052,277
6427041,213,4:22:26,4,s_poolNight_ruleSign_G9a1N,true
6427041,210,4:22:29,1788,332
6427041,207,4:22:36,4,-1031.4,-281.4
6427041,211,4:22:45,942,200
6427041,213,4:22:45,4,c_policeOfficer_G9a1N,true
6427041,205,4:22:45,4,c_policeOfficer_G9a1N,false,true
6427041,210,4:22:49,646,309
6427041,207,4:22:50,4,-281.4,0
6427041,211,4:22:53,261,398
6427041,213,4:22:53,4,s_kid3_G9a1N,true
6427041,205,4:22:53,4,s_kid3_G9a1N,false,true
6427041,221,4:23:1,4
6427041,220,4:23:3,4
6427041,1003,4:23:3,3
6427041,1004,4:23:4,1
6427041,500,4:23:7,1,[]
6427041,501,4:23:9,1,[]
6427041,502,4:23:18,1,[IntentionData_logId:3,true]
6427041,503,4:23:20,1,[]
6427041,504,4:23:22,1,[InfluenceData_logId:1]
6427041,504,4:23:26,1,[InfluenceData_logId:2]
6427041,504,4:23:28,1,[InfluenceData_logId:0]
6427041,504,4:23:31,1,[InfluenceData_logId:4]
6427041,504,4:23:35,1,[InfluenceData_logId:3]
6427041,504,4:23:40,1,[InfluenceData_logId:5]
6427041,504,4:23:43,1,[InfluenceData_logId:8]
6427041,504,4:23:48,1,[InfluenceData_logId:7]
6427041,504,4:23:54,1,[InfluenceData_logId:6]
6427041,504,4:23:56,1,[InfluenceData_logId:8]
6427041,505,4:23:57,1,[InfluenceData_logId:0,true,InfluenceData_logId:5,true,InfluenceData_logId:8,true]
6427041,506,4:23:58,1,[]
6427041,507,4:24:15,1,[OpponentAttackData_logId:2,OpponentAttackTypeData_logId:2,false,30]
6427041,508,4:24:18,1,[]
6427041,100,4:24:24,2
6427041,102,4:24:25,2
6427041,200,4:24:25,2,6,6,10,3,9
6427041,221,4:24:32,2
6427041,220,4:24:34,2
6427041,210,4:24:37,649,562
6427041,211,4:24:39,390,450
6427041,213,4:24:39,2,s_mirror_afri_F_a_G8a3N,true
6427041,205,4:24:39,2,s_mirror_afri_F_a_G8a3N,false,false
6427041,210,4:24:46,805,373
6427041,207,4:24:49,2,-200,-492
6427041,211,4:24:52,482,230
6427041,207,4:24:52,2,-492,-462
6427041,210,4:24:53,443,211
6427041,207,4:24:54,2,-462,0
6427041,211,4:24:56,523,578
6427041,212,4:24:57,2
6427041,210,4:24:58,853,368
6427041,211,4:24:58,688,539
6427041,221,4:25:5,2
6427041,220,4:25:10,2
6427041,210,4:25:14,489,456
6427041,211,4:25:15,571,627
6427041,210,4:25:20,711,444
6427041,207,4:25:22,2,-200,-492
6427041,211,4:25:22,1511,157
6427041,212,4:25:24,0
6427041,210,4:25:25,1471,595
6427041,211,4:25:27,1169,573
6427041,210,4:25:28,1250,471
6427041,211,4:25:32,749,518
6427041,213,4:25:32,2,s_crush2Lips_F_G8a1N,true
6427041,205,4:25:32,2,s_crush2Lips_F_G8a1N,false,true
6427041,207,4:25:36,2,-492,-432
6427041,210,4:25:36,506,532
6427041,207,4:25:37,2,-432,0
6427041,211,4:25:40,917,90
6427041,221,4:25:42,2
6427041,220,4:25:43,2
6427041,210,4:25:46,518,556
6427041,211,4:25:46,518,599
6427041,213,4:25:46,2,c_crush2_F_a_G8a0,true
6427041,205,4:25:46,2,c_crush2_F_a_G8a0,false,true
6427041,210,4:25:50,399,578
6427041,211,4:25:51,324,593
6427041,213,4:25:51,2,s_beerCooler_G8a0,true
6427041,210,4:25:54,503,503
6427041,207,4:25:55,2,-200,-110
6427041,207,4:25:56,2,-110,0
6427041,211,4:25:56,7,656
6427041,210,4:25:57,70,476
6427041,211,4:26:3,936,317
6427041,213,4:26:3,2,c_cousin_F_a_G8a0,true
6427041,205,4:26:3,2,c_cousin_F_a_G8a0,false,true
6427041,210,4:26:6,970,232
6427041,211,4:26:6,1097,216
6427041,207,4:26:6,2,0,-75
6427041,210,4:26:7,1134,250
6427041,207,4:26:8,2,-75,-492
6427041,211,4:26:10,1420,423
6427041,210,4:26:11,1355,369
6427041,211,4:26:11,1353,372
6427041,213,4:26:11,2,s_cigaretteKid1_G8a0,true
6427041,210,4:26:16,1430,187
6427041,211,4:26:22,746,503
6427041,212,4:26:22,1
6427041,210,4:26:23,854,471
6427041,211,4:26:24,872,494
6427041,210,4:26:24,890,499
6427041,211,4:26:25,890,502
6427041,213,4:26:25,2,s_cellphone_G8a0,true
6427041,205,4:26:25,2,s_cellphone_G8a0,false,true
6427041,210,4:26:28,815,474
6427041,211,4:26:29,804,506
6427041,210,4:26:29,818,493
6427041,207,4:26:30,2,-492,-492
6427041,207,4:26:30,2,-492,-492
6427041,211,4:26:30,810,489
6427041,213,4:26:30,2,s_bottleTable_G8a0,true
6427041,210,4:26:34,791,468
6427041,211,4:26:37,997,537
6427041,204,4:26:38,2
6427041,100,4:26:46,4
6427041,102,4:26:48,4
6427041,200,4:26:48,4,6,6,10,3,9
6427041,210,4:26:52,518,556
6427041,211,4:26:53,300,608
6427041,221,4:26:55,4
6427041,300,4:27:2
6427041,220,4:27:3,4
6427041,210,4:27:7,233,600
6427041,207,4:27:7,4,-200,-65
6427041,211,4:27:8,277,608
6427041,210,4:27:8,321,436
6427041,211,4:27:9,869,145
6427041,221,4:27:16,4
6427041,220,4:27:18,4
6427041,207,4:27:19,4,-200,-230
6427041,210,4:27:19,1132,431
6427041,211,4:27:20,1212,609
6427041,207,4:27:20,4,-230,-260
6427041,210,4:27:37,867,289
6427041,211,4:27:37,890,287
6427041,213,4:27:37,4,s_door_F_gen,true
6427041,205,4:27:37,4,s_door_F_gen,false,true
6427041,210,4:27:48,752,511
6427041,211,4:27:50,662,665
6427041,210,4:27:55,747,496
6427041,211,4:27:55,747,498
6427041,210,4:27:56,521,623
6427041,211,4:27:56,516,627
6427041,221,4:27:59,4
6427041,220,4:28:1,4
6427041,210,4:28:2,1047,537
6427041,211,4:28:2,1047,537
6427041,210,4:28:3,1054,556
6427041,211,4:28:4,1065,531
6427041,219,4:28:9,4
6427041,218,4:28:12,4
6427041,221,4:28:14,4
6427041,220,4:28:16,4
6427041,219,4:28:18,4
6427041,216,4:28:21,Stack_G9a0
6427041,217,4:28:33,Stack_G9a0,12,5.3
6427041,218,4:28:34,4
6427041,210,4:28:36,843,390
6427041,211,4:28:39,998,581
6427041,213,4:28:39,4,s_bathingSuit_F_G9a0,true
6427041,205,4:28:39,4,s_bathingSuit_F_G9a0,false,true
6427041,210,4:28:52,807,489
6427041,211,4:28:53,707,572
6427041,221,4:28:55,4
6427041,300,4:28:59
6427041,220,4:28:59,4
6427041,301,4:29:2,2
6427041,302,4:29:21,2,2,0,15
6427041,302,4:29:24,2,2,0,5
6427041,302,4:29:24,2,2,0,6
6427041,304,4:29:26,2,2,0,-1,,6,
6427041,302,4:29:35,2,3,0,0
6427041,304,4:29:36,2,3,0,-1,,0,
6427041,302,4:29:44,2,4,0,3
6427041,306,4:29:44,2,0,1
6427041,304,4:29:45,2,4,0,-1,,3,
6427041,302,4:29:59,2,5,0,5
6427041,302,4:29:59,2,5,0,8
6427041,304,4:30:0,2,5,0,-1,,8,
6427041,302,4:30:8,2,1,0,4
6427041,306,4:30:9,2,1,2
6427041,304,4:30:9,2,1,0,-1,,4,
6427041,302,4:30:13,2,0,0,5
6427041,302,4:30:16,2,0,0,11
6427041,304,4:30:17,2,0,0,-1,,11,
6427041,303,4:30:19,2,1,0,4
6427041,304,4:30:23,2,1,0,4,,4,dog
6427041,304,4:30:28,2,5,0,8,,8,
6427041,302,4:30:32,2,4,1,4
6427041,306,4:30:33,2,2,3
6427041,304,4:30:33,2,4,1,-1,,4,
6427041,100,4:30:38,4
6427041,102,4:30:39,4
6427041,200,4:30:39,4,6,6,10,3,12
6427041,221,4:30:41,4
6427041,300,4:30:43
6427041,220,4:30:43,4
6427041,221,4:30:53,4
6427041,220,4:30:56,4
6427041,1003,4:30:56,3
6427041,221,4:31:2,4
6427041,220,4:31:3,4
6427041,1003,4:31:3,3
6427041,1004,4:31:21,4
6427041,500,4:31:39,4,[]
6427041,501,4:31:45,4,[]
6427041,502,4:31:57,4,[IntentionData_logId:1,true]
6427041,503,4:31:59,4,[]
6427041,504,4:32:1,4,[InfluenceData_logId:1]
6427041,504,4:32:4,4,[InfluenceData_logId:2]
6427041,504,4:32:8,4,[InfluenceData_logId:0]
6427041,504,4:32:10,4,[InfluenceData_logId:3]
6427041,504,4:32:14,4,[InfluenceData_logId:4]
6427041,504,4:32:18,4,[InfluenceData_logId:5]
6427041,504,4:32:20,4,[InfluenceData_logId:6]
6427041,504,4:32:26,4,[InfluenceData_logId:7]
6427041,505,4:32:30,4,[InfluenceData_logId:0,true,InfluenceData_logId:5,true,InfluenceData_logId:7,true]
6427041,506,4:32:31,4,[]
6427041,507,4:32:48,4,[OpponentAttackData_logId:1,OpponentAttackTypeData_logId:4,false,30]
6427041,508,4:32:50,4,[]
6427041,509,4:33:0,4,[RefusalData_logId:2,1]
6427041,510,4:33:16,4,[AvailableRefusalData_logId:2,0A]
6427041,510,4:33:17,4,[AvailableRefusalData_logId:2,1A]
6427041,510,4:33:17,4,[AvailableRefusalData_logId:2,2A]
6427041,511,4:33:18,4,[AvailableRefusalData_logId:2,0A,1A,2A,true,30]
6427041,512,4:33:21,4,[]
6427041,513,4:33:21,4,[0]
6427041,514,4:33:25,4,[]
6427041,507,4:33:34,4,[OpponentAttackData_logId:2,OpponentAttackTypeData_logId:4,true,0]
6427041,508,4:33:36,4,[]
6427041,509,4:33:42,4,[RefusalData_logId:3,2]
6427041,510,4:34:16,4,[AvailableRefusalData_logId:3,0C]
6427041,510,4:34:20,4,[AvailableRefusalData_logId:3,0A]
6427041,510,4:34:24,4,[AvailableRefusalData_logId:3,1B]
6427041,510,4:34:24,4,[AvailableRefusalData_logId:3,2B]
6427041,511,4:34:25,4,[AvailableRefusalData_logId:3,0A,1B,2B,false,0]
6427041,512,4:34:27,4,[]
6427041,513,4:34:27,4,[30]
6427041,514,4:34:31,4,[]
6427041,507,4:34:38,4,[OpponentAttackData_logId:3,OpponentAttackTypeData_logId:3,true,0]
6427041,508,4:34:40,4,[]
6427041,509,4:34:47,4,[RefusalData_logId:4,2]
6427041,510,4:35:13,4,[AvailableRefusalData_logId:4,0A]
6427041,510,4:35:13,4,[AvailableRefusalData_logId:4,1A]
6427041,510,4:35:14,4,[AvailableRefusalData_logId:4,2A]
6427041,511,4:35:15,4,[AvailableRefusalData_logId:4,0A,1A,2A,true,50]
6427041,512,4:35:18,4,[]
6427041,513,4:35:18,4,[0]
6427041,514,4:35:20,4,[]
6427041,507,4:35:28,4,[OpponentAttackData_logId:0,OpponentAttackTypeData_logId:3,false,30]
6427041,508,4:35:30,4,[]
6427041,509,4:35:34,4,[RefusalData_logId:7,0]
6427041,510,4:35:40,4,[AvailableRefusalData_logId:7,0B]
6427041,510,4:35:40,4,[AvailableRefusalData_logId:7,1A]
6427041,510,4:35:45,4,[AvailableRefusalData_logId:7,2A]
6427041,511,4:35:47,4,[AvailableRefusalData_logId:7,0B,1A,2A,false,0]
6427041,512,4:35:49,4,[]
6427041,513,4:35:49,4,[30]
6427041,514,4:35:52,4,[]
6427041,515,4:35:52,4,[30,20]
6427041,516,4:35:54,4,[]
6427041,517,4:35:56,4,[]
6427041,1005,4:35:56,4,[3,0,1]
6427041,1001,4:35:57,4,[]
6427041,1003,4:35:57,3
6427041,1004,4:36:2,1
6427041,500,4:36:4,1,[]
6427041,501,4:36:6,1,[]
6427041,502,4:36:12,1,[IntentionData_logId:3,true]
6427041,503,4:36:14,1,[]
6427041,504,4:36:17,1,[InfluenceData_logId:4]
6427041,504,4:36:18,1,[InfluenceData_logId:3]
6427041,504,4:36:19,1,[InfluenceData_logId:5]
6427041,504,4:36:20,1,[InfluenceData_logId:6]
6427041,504,4:36:21,1,[InfluenceData_logId:7]
6427041,504,4:36:21,1,[InfluenceData_logId:8]
6427041,504,4:36:24,1,[InfluenceData_logId:1]
6427041,504,4:36:27,1,[InfluenceData_logId:0]
6427041,504,4:36:30,1,[InfluenceData_logId:2]
6427041,504,4:36:31,1,[InfluenceData_logId:4]
6427041,504,4:36:32,1,[InfluenceData_logId:2]
6427041,505,4:36:34,1,[InfluenceData_logId:2,false,InfluenceData_logId:4,true,InfluenceData_logId:8,true]
6427041,506,4:36:35,1,[]
6427041,507,4:36:51,1,[OpponentAttackData_logId:1,OpponentAttackTypeData_logId:3,false,30]
6427041,508,4:36:53,1,[]
6427041,509,4:36:57,1,[RefusalData_logId:0,0]
6427041,510,4:37:18,1,[AvailableRefusalData_logId:0,0B]
6427041,510,4:37:19,1,[AvailableRefusalData_logId:0,1B]
6427041,510,4:37:22,1,[AvailableRefusalData_logId:0,2A]
6427041,510,4:37:27,1,[AvailableRefusalData_logId:0,1A]
6427041,510,4:37:29,1,[AvailableRefusalData_logId:0,0A]
6427041,511,4:37:33,1,[AvailableRefusalData_logId:0,0A,1A,2A,true,20]
6427041,512,4:37:36,1,[]
6427041,513,4:37:36,1,[30]
6427041,514,4:37:39,1,[]
6427041,507,4:37:45,1,[OpponentAttackData_logId:2,OpponentAttackTypeData_logId:4,false,30]
6427041,508,4:37:47,1,[]
6427041,509,4:37:50,1,[RefusalData_logId:7,2]
6427041,510,4:38:0,1,[AvailableRefusalData_logId:7,0A]
6427041,510,4:38:0,1,[AvailableRefusalData_logId:7,1A]
6427041,510,4:38:1,1,[AvailableRefusalData_logId:7,2A]
6427041,511,4:38:3,1,[AvailableRefusalData_logId:7,0A,1A,2A,true,50]
6427041,512,4:38:5,1,[]
6427041,513,4:38:5,1,[0]
6427041,514,4:38:7,1,[]
6427041,507,4:38:15,1,[OpponentAttackData_logId:3,OpponentAttackTypeData_logId:4,true,0]
6427041,508,4:38:17,1,[]
6427041,509,4:38:22,1,[RefusalData_logId:2,1]
6427041,510,4:38:44,1,[AvailableRefusalData_logId:2,0B]
6427041,510,4:38:45,1,[AvailableRefusalData_logId:2,0A]
6427041,510,4:38:47,1,[AvailableRefusalData_logId:2,1A]
6427041,510,4:38:48,1,[AvailableRefusalData_logId:2,2A]
6427041,511,4:38:49,1,[AvailableRefusalData_logId:2,0A,1A,2A,true,30]
6427041,512,4:38:52,1,[]
6427041,515,4:38:52,1,[50,0]
6427041,516,4:38:56,1,[]
6427041,517,4:38:58,1,[]
6427041,1005,4:38:58,1,[3,0,1]
6427041,1001,4:38:59,1,[]
6427041,1003,4:38:59,3
6427041,1004,4:39:2,4
6427041,500,4:39:8,4,[]
6427041,501,4:39:15,4,[]
6427041,502,4:39:21,4,[IntentionData_logId:1,true]
6427041,503,4:39:23,4,[]
6427041,504,4:39:26,4,[InfluenceData_logId:0]
6427041,504,4:39:28,4,[InfluenceData_logId:2]
6427041,504,4:39:29,4,[InfluenceData_logId:1]
6427041,504,4:39:30,4,[InfluenceData_logId:5]
6427041,504,4:39:31,4,[InfluenceData_logId:3]
6427041,504,4:39:32,4,[InfluenceData_logId:4]
6427041,504,4:39:33,4,[InfluenceData_logId:6]
6427041,504,4:39:35,4,[InfluenceData_logId:8]
6427041,504,4:39:36,4,[InfluenceData_logId:7]
6427041,505,4:39:38,4,[InfluenceData_logId:1,false,InfluenceData_logId:4,true,InfluenceData_logId:7,true]
6427041,506,4:39:39,4,[]
6427041,507,4:39:50,4,[OpponentAttackData_logId:1,OpponentAttackTypeData_logId:1,false,30]
6427041,508,4:39:51,4,[]
6427041,509,4:39:55,4,[RefusalData_logId:7,0]
6427041,510,4:40:10,4,[AvailableRefusalData_logId:7,0A]
6427041,510,4:40:10,4,[AvailableRefusalData_logId:7,1A]
6427041,510,4:40:11,4,[AvailableRefusalData_logId:7,2A]
6427041,511,4:40:13,4,[AvailableRefusalData_logId:7,0A,1A,2A,true,20]
6427041,512,4:40:15,4,[]
6427041,513,4:40:15,4,[30]
6427041,514,4:40:19,4,[]
6427041,507,4:40:23,4,[OpponentAttackData_logId:2,OpponentAttackTypeData_logId:4,true,0]
6427041,508,4:40:26,4,[]
6427041,509,4:40:39,4,[RefusalData_logId:3,2]
6427041,510,4:40:46,4,[AvailableRefusalData_logId:3,0B]
6427041,510,4:40:47,4,[AvailableRefusalData_logId:3,1B]
6427041,510,4:40:47,4,[AvailableRefusalData_logId:3,2B]
6427041,511,4:40:48,4,[AvailableRefusalData_logId:3,0B,1B,2B,false,0]
6427041,512,4:40:50,4,[]
6427041,513,4:40:50,4,[30]
6427041,514,4:40:52,4,[]
6427041,507,4:40:58,4,[OpponentAttackData_logId:3,OpponentAttackTypeData_logId:0,false,30]
6427041,508,4:40:59,4,[]
6427041,509,4:41:2,4,[RefusalData_logId:2,1]
6427041,510,4:41:5,4,[AvailableRefusalData_logId:2,0C]
6427041,510,4:41:6,4,[AvailableRefusalData_logId:2,1A]
6427041,510,4:41:9,4,[AvailableRefusalData_logId:2,2B]
6427041,511,4:41:9,4,[AvailableRefusalData_logId:2,0C,1A,2B,false,0]
6427041,512,4:41:11,4,[]
6427041,513,4:41:11,4,[30]
6427041,515,4:41:13,4,[0,80]
6427041,516,4:41:14,4,[]
6427041,517,4:41:15,4,[]
6427041,1001,4:41:18,4,[]
6427041,1003,4:41:18,3
6427041,1004,4:41:26,1
6427041,500,4:41:28,1,[]
6427041,501,4:41:30,1,[]
6427041,502,4:41:38,1,[IntentionData_logId:3,true]
6427041,503,4:41:42,1,[]
6427041,504,4:41:44,1,[InfluenceData_logId:7]
6427041,504,4:41:45,1,[InfluenceData_logId:8]
6427041,504,4:41:46,1,[InfluenceData_logId:6]
6427041,504,4:41:47,1,[InfluenceData_logId:3]
6427041,504,4:41:48,1,[InfluenceData_logId:4]
6427041,504,4:41:48,1,[InfluenceData_logId:5]
6427041,504,4:41:49,1,[InfluenceData_logId:2]
6427041,504,4:41:50,1,[InfluenceData_logId:0]
6427041,504,4:41:51,1,[InfluenceData_logId:1]
6427041,504,4:41:52,1,[InfluenceData_logId:7]
6427041,505,4:41:53,1,[InfluenceData_logId:1,true,InfluenceData_logId:5,true,InfluenceData_logId:7,true]
6427041,506,4:41:55,1,[]
6427041,507,4:42:10,1,[OpponentAttackData_logId:2,OpponentAttackTypeData_logId:3,true,0]
6427041,508,4:42:12,1,[]
6427041,509,4:42:18,1,[RefusalData_logId:0,0]
6427041,510,4:42:30,1,[AvailableRefusalData_logId:0,0A]
6427041,510,4:42:30,1,[AvailableRefusalData_logId:0,1A]
6427041,510,4:42:31,1,[AvailableRefusalData_logId:0,2A]
6427041,511,4:42:31,1,[AvailableRefusalData_logId:0,0A,1A,2A,true,20]
6427041,512,4:42:34,1,[]
6427041,513,4:42:34,1,[30]
6427041,514,4:42:40,1,[]
6427041,507,4:42:47,1,[OpponentAttackData_logId:1,OpponentAttackTypeData_logId:1,true,0]
6427041,508,4:42:49,1,[]
6427041,509,4:42:59,1,[RefusalData_logId:7,2]
6427041,510,4:43:20,1,[AvailableRefusalData_logId:7,0A]
6427041,510,4:43:25,1,[AvailableRefusalData_logId:7,1A]
6427041,510,4:43:25,1,[AvailableRefusalData_logId:7,2A]
6427041,511,4:43:26,1,[AvailableRefusalData_logId:7,0A,1A,2A,true,50]
6427041,512,4:43:29,1,[]
6427041,513,4:43:29,1,[0]
6427041,514,4:43:33,1,[]
6427041,507,4:45:1,1,[OpponentAttackData_logId:0,OpponentAttackTypeData_logId:2,true,0]
6427041,508,4:45:3,1,[]
6427041,509,4:45:11,1,[RefusalData_logId:4,2]
6427041,510,4:45:28,1,[AvailableRefusalData_logId:4,0C]
6427041,510,4:45:29,1,[AvailableRefusalData_logId:4,1B]
6427041,510,4:45:29,1,[AvailableRefusalData_logId:4,2B]
6427041,511,4:45:30,1,[AvailableRefusalData_logId:4,0C,1B,2B,false,0]
6427041,512,4:45:33,1,[]
6427041,513,4:45:33,1,[30]
6427041,514,4:45:36,1,[]
6427041,507,4:45:53,1,[OpponentAttackData_logId:3,OpponentAttackTypeData_logId:0,false,30]
6427041,508,4:45:56,1,[]
6427041,509,4:45:59,1,[RefusalData_logId:2,1]
6427041,510,4:46:1,1,[AvailableRefusalData_logId:2,0A]
6427041,510,4:46:2,1,[AvailableRefusalData_logId:2,1A]
6427041,510,4:46:5,1,[AvailableRefusalData_logId:2,2A]
6427041,511,4:46:6,1,[AvailableRefusalData_logId:2,0A,1A,2A,true,30]
6427041,512,4:46:9,1,[]
6427041,515,4:46:9,1,[60,0]
6427041,516,4:46:10,1,[]
6427041,517,4:46:11,1,[]
6427041,1005,4:46:11,1,[3,1,2]
6427041,1001,4:46:12,1,[]
6427041,1003,4:46:12,3
6427041,1004,4:46:38,4
6427041,500,4:46:44,4,[]
6427041,501,4:46:45,4,[]
6427041,502,4:46:55,4,[IntentionData_logId:1,true]
6427041,503,4:46:56,4,[]
6427041,504,4:46:58,4,[InfluenceData_logId:2]
6427041,504,4:47:0,4,[InfluenceData_logId:0]
6427041,504,4:47:1,4,[InfluenceData_logId:1]
6427041,504,4:47:1,4,[InfluenceData_logId:5]
6427041,504,4:47:2,4,[InfluenceData_logId:4]
6427041,504,4:47:2,4,[InfluenceData_logId:3]
6427041,504,4:47:3,4,[InfluenceData_logId:7]
6427041,505,4:47:5,4,[InfluenceData_logId:1,false,InfluenceData_logId:3,false,InfluenceData_logId:7,true]
6427041,506,4:47:8,4,[]
6427041,507,4:47:15,4,[OpponentAttackData_logId:1,OpponentAttackTypeData_logId:2,true,0]
6427041,508,4:47:17,4,[]
6427041,509,4:47:24,4,[RefusalData_logId:3,2]
6427041,510,4:47:35,4,[AvailableRefusalData_logId:3,0C]
6427041,510,4:47:36,4,[AvailableRefusalData_logId:3,1A]
6427041,510,4:47:37,4,[AvailableRefusalData_logId:3,2A]
6427041,511,4:47:37,4,[AvailableRefusalData_logId:3,0C,1A,2A,false,0]
6427041,512,4:47:39,4,[]
6427041,513,4:47:39,4,[30]
6427041,514,4:47:42,4,[]
6427041,507,4:47:49,4,[OpponentAttackData_logId:2,OpponentAttackTypeData_logId:4,true,0]
6427041,508,4:47:51,4,[]
6427041,509,4:48:2,4,[RefusalData_logId:4,2]
6427041,510,4:48:7,4,[AvailableRefusalData_logId:4,0A]
6427041,510,4:48:8,4,[AvailableRefusalData_logId:4,1A]
6427041,510,4:48:8,4,[AvailableRefusalData_logId:4,2A]
6427041,511,4:48:9,4,[AvailableRefusalData_logId:4,0A,1A,2A,true,50]
6427041,512,4:48:12,4,[]
6427041,513,4:48:12,4,[0]
6427041,514,4:48:14,4,[]
6427041,507,4:48:27,4,[OpponentAttackData_logId:3,OpponentAttackTypeData_logId:3,true,0]
6427041,508,4:48:29,4,[]
6427041,509,4:48:35,4,[RefusalData_logId:6,2]
6427041,510,4:48:49,4,[AvailableRefusalData_logId:6,0A]
6427041,510,4:48:49,4,[AvailableRefusalData_logId:6,1A]
6427041,510,4:48:50,4,[AvailableRefusalData_logId:6,2A]
6427041,511,4:48:51,4,[AvailableRefusalData_logId:6,0A,1A,2A,true,50]
6427041,512,4:48:53,4,[]
6427041,515,4:48:53,4,[100,0]
6427041,516,4:48:55,4,[]
6427041,517,4:48:56,4,[]
6427041,1005,4:48:56,4,[3,1,2]
6427041,1001,4:48:58,4,[]
6427041,1003,4:48:58,3
6427041,221,4:49:10,4
6427041,220,4:49:13,4
6427041,219,4:49:13,4
6427041,216,4:49:14,Stack_G9a1P
6427041,217,4:49:22,Stack_G9a1P,6.0,1.3
6427041,218,4:49:26,4
6427041,210,4:49:32,1077,423
6427041,211,4:49:35,879,320
6427041,213,4:49:35,4,s_door_F_gen,true
6427041,205,4:49:35,4,s_door_F_gen,false,false
6427041,210,4:49:40,1019,315
6427041,207,4:49:41,4,-200,-290
6427041,207,4:49:43,4,-290,-512
6427041,211,4:49:45,1413,527
6427041,213,4:49:45,4,s_computer_F_gen,true
6427041,219,4:49:52,4
6427041,216,4:49:53,Stack_G9a2N
6427041,217,4:49:56,Stack_G9a2N,2.7,1.3
6427041,218,4:49:57,4
6427041,210,4:50:2,1054,443
6427041,207,4:50:3,4,-200,-425
6427041,211,4:50:3,1377,409
6427041,212,4:50:4,2
6427041,210,4:50:4,1268,355
6427041,211,4:50:5,1280,357
6427041,213,4:50:5,4,c_cousin_F_a_G9a1P,true
6427041,205,4:50:5,4,c_cousin_F_a_G9a1P,false,false
6427041,210,4:50:9,1210,336
6427041,211,4:50:10,1506,471
6427041,207,4:50:10,4,-425,-500
6427041,207,4:50:10,4,-500,-512
6427041,210,4:50:11,1426,391
6427041,211,4:50:13,1402,628
6427041,213,4:50:13,4,s_computer_F_gen,true
6427041,210,4:50:16,1044,260
6427041,211,4:50:18,78,382
6427041,207,4:50:18,4,-512,-17
6427041,221,4:50:19,4
6427041,220,4:50:22,4
6427041,212,4:50:23,0
6427041,210,4:50:47,1066,522
6427041,211,4:50:51,284,586
6427041,213,4:50:51,4,s_cookieTrayEmpty_F_G9a2N,true
6427041,210,4:50:55,596,150
6427041,211,4:50:55,595,153
6427041,213,4:50:55,4,s_potSmokeCloud_F_G9a2N,true
6427041,1003,4:50:58,0
6427041,1004,4:51:1,2
6427041,400,4:51:3,2,[]
6427041,401,4:51:19,2,[StatementsData_logId:0]
6427041,403,4:51:24,2,[StatementsData_logId:0,true]
6427041,405,4:51:25,2,[StatementsData_logId:0]
6427041,100,4:51:33,4
6427041,102,4:51:35,4
6427041,200,4:51:35,4,6,6,10,7,12
6427041,221,4:51:41,4
6427041,220,4:51:43,4
6427041,210,4:51:46,907,327
6427041,211,4:51:46,902,378
6427041,212,4:51:47,2
6427041,210,4:51:48,776,351
6427041,211,4:51:50,526,476
6427041,213,4:51:50,4,c_cousin_F_a_G9a2N,true
6427041,205,4:51:50,4,c_cousin_F_a_G9a2N,false,false
6427041,210,4:51:54,1008,303
6427041,207,4:51:56,4,-200,-512
6427041,207,4:51:59,4,-512,0
6427041,211,4:52:6,1094,282
6427041,207,4:52:6,4,0,-120
6427041,210,4:52:6,1049,301
6427041,211,4:52:6,1054,299
6427041,210,4:52:13,1004,328
6427041,207,4:52:14,4,-200,-455
6427041,207,4:52:21,4,-455,0
6427041,211,4:52:23,387,422
6427041,221,4:52:25,4
6427041,220,4:52:26,4
6427041,212,4:52:27,1
6427041,210,4:52:28,1051,574
6427041,207,4:52:29,4,0,-512
6427041,211,4:52:35,880,317
6427041,213,4:52:35,4,s_door_F_gen,true
6427041,205,4:52:35,4,s_door_F_gen,false,true
6427041,210,4:52:39,863,305
6427041,211,4:52:40,472,308
6427041,207,4:52:40,4,-512,-452
6427041,207,4:52:41,4,-452,-392
6427041,210,4:52:41,469,316
6427041,207,4:52:43,4,-392,0
6427041,211,4:52:48,535,214
6427041,213,4:52:48,4,s_calendar_F_gen,false
6427041,1003,4:52:51,1
6427041,1004,4:52:54,1
6427041,800,4:52:57,1,[]
6427041,801,4:52:59,1,[]
6427041,814,4:53:5,1,[0]
6427041,815,4:53:5,1,0,OpportunityCardData_id:0
6427041,816,4:53:6,1,0,OpportunityCardData_id:0
6427041,805,4:53:8,1,[OpportunityCardData_id:0]
6427041,806,4:53:10,1,[OpportunityCardData_id:0,PriorityData_type:5]
6427041,807,4:53:11,1,[OpportunityCardData_id:0]
6427041,808,4:53:14,1,[OpportunityCardData_id:0]
6427041,809,4:53:20,1,[OpportunityCardData_id:0,Safe,false]
6427041,810,4:53:21,1,[OpportunityCardData_id:0,PriorityData_type:0,15,Safe,Safe]
6427041,814,4:53:25,1,[3]
6427041,815,4:53:25,1,3,OpportunityCardData_id:19
6427041,816,4:53:26,1,3,OpportunityCardData_id:19
6427041,805,4:53:27,1,[OpportunityCardData_id:19]
6427041,806,4:53:30,1,[OpportunityCardData_id:19,PriorityData_type:1]
6427041,807,4:53:31,1,[OpportunityCardData_id:19]
6427041,808,4:53:33,1,[OpportunityCardData_id:19]
6427041,809,4:53:42,1,[OpportunityCardData_id:19,PriorityData_type:2,false]
6427041,810,4:53:43,1,[OpportunityCardData_id:19,PriorityData_type:3,25,PriorityData_type:2,25]
6427041,814,4:53:49,1,[3]
6427041,815,4:53:49,1,3,OpportunityCardData_id:20
6427041,816,4:53:51,1,3,OpportunityCardData_id:20
6427041,805,4:53:53,1,[OpportunityCardData_id:20]
6427041,806,4:53:54,1,[OpportunityCardData_id:20,PriorityData_type:5]
6427041,807,4:53:54,1,[OpportunityCardData_id:20]
6427041,808,4:53:58,1,[OpportunityCardData_id:20]
6427041,809,4:54:2,1,[OpportunityCardData_id:20,PriorityData_type:2,false]
6427041,810,4:54:4,1,[OpportunityCardData_id:20,PriorityData_type:3,15,PriorityData_type:2,10]
6427041,818,4:54:7,1,9
6427041,811,4:54:8,1,[OpportunityCardData_id:20,PriorityData_type:0,70,75,PriorityData_type:3,80,90]
6427041,1005,4:54:8,1,[1,0,3]
6427041,1001,4:54:9,1,[]
6427041,1003,4:54:9,1
6427041,1004,4:54:11,2
6427041,800,4:54:13,2,[]
6427041,801,4:54:15,2,[]
6427041,814,4:54:17,2,[4]
6427041,815,4:54:17,2,4,OpportunityCardData_id:22
6427041,817,4:54:18,2,4
6427041,814,4:54:19,2,[3]
6427041,815,4:54:19,2,3,OpportunityCardData_id:19
6427041,816,4:54:20,2,3,OpportunityCardData_id:19
6427041,805,4:54:22,2,[OpportunityCardData_id:19]
6427041,806,4:54:28,2,[OpportunityCardData_id:19,PriorityData_type:0]
6427041,807,4:54:29,2,[OpportunityCardData_id:19]
6427041,808,4:54:31,2,[OpportunityCardData_id:19]
6427041,809,4:54:40,2,[OpportunityCardData_id:19,PriorityData_type:2,false]
6427041,810,4:54:44,2,[OpportunityCardData_id:19,PriorityData_type:3,15,PriorityData_type:2,15]
6427041,814,4:54:47,2,[3]
6427041,815,4:54:47,2,3,OpportunityCardData_id:20
6427041,816,4:54:48,2,3,OpportunityCardData_id:20
6427041,805,4:54:49,2,[OpportunityCardData_id:20]
6427041,807,4:54:50,2,[OpportunityCardData_id:20]
6427041,808,4:54:52,2,[OpportunityCardData_id:20]
6427041,809,4:55:0,2,[OpportunityCardData_id:20,PriorityData_type:2,false]
6427041,810,4:55:2,2,[OpportunityCardData_id:20,PriorityData_type:3,15,PriorityData_type:2,10]
6427041,814,4:55:58,2,[3]
6427041,815,4:55:58,2,3,OpportunityCardData_id:21
6427041,816,4:55:59,2,3,OpportunityCardData_id:21
6427041,805,4:56:0,2,[OpportunityCardData_id:21]
6427041,806,4:56:1,2,[OpportunityCardData_id:21,PriorityData_type:1]
6427041,807,4:56:2,2,[OpportunityCardData_id:21]
6427041,808,4:56:5,2,[OpportunityCardData_id:21]
6427041,809,4:56:11,2,[OpportunityCardData_id:21,PriorityData_type:0,false]
6427041,810,4:56:12,2,[OpportunityCardData_id:21,PriorityData_type:3,20,PriorityData_type:0,25]
6427041,814,4:56:15,2,[5]
6427041,815,4:56:15,2,5,OpportunityCardData_id:32
6427041,816,4:56:16,2,5,OpportunityCardData_id:32
6427041,805,4:56:17,2,[OpportunityCardData_id:32]
6427041,806,4:56:19,2,[OpportunityCardData_id:32,PriorityData_type:2]
6427041,807,4:56:20,2,[OpportunityCardData_id:32]
6427041,808,4:56:22,2,[OpportunityCardData_id:32]
6427041,809,4:56:27,2,[OpportunityCardData_id:32,PriorityData_type:4,false]
6427041,810,4:56:28,2,[OpportunityCardData_id:32,PriorityData_type:5,20,PriorityData_type:4,10]
6427041,814,4:56:30,2,[5]
6427041,815,4:56:30,2,5,OpportunityCardData_id:33
6427041,816,4:56:31,2,5,OpportunityCardData_id:33
6427041,805,4:56:32,2,[OpportunityCardData_id:33]
6427041,806,4:56:33,2,[OpportunityCardData_id:33,PriorityData_type:4]
6427041,807,4:56:34,2,[OpportunityCardData_id:33]
6427041,808,4:56:36,2,[OpportunityCardData_id:33]
6427041,809,4:56:42,2,[OpportunityCardData_id:33,PriorityData_type:3,false]
6427041,810,4:56:43,2,[OpportunityCardData_id:33,PriorityData_type:5,15,PriorityData_type:3,10]
6427041,814,4:56:45,2,[5]
6427041,815,4:56:45,2,5,OpportunityCardData_id:34
6427041,816,4:56:46,2,5,OpportunityCardData_id:34
6427041,805,4:56:48,2,[OpportunityCardData_id:34]
6427041,806,4:56:49,2,[OpportunityCardData_id:34,PriorityData_type:2]
6427041,807,4:56:50,2,[OpportunityCardData_id:34]
6427041,808,4:56:57,2,[OpportunityCardData_id:34]
6427041,809,4:57:4,2,[OpportunityCardData_id:34,Safe,false]
6427041,810,4:57:5,2,[OpportunityCardData_id:34,PriorityData_type:5,15,Safe,Safe]
6427041,814,4:57:8,2,[3]
6427041,815,4:57:8,2,3,OpportunityCardData_id:23
6427041,815,4:57:10,2,3,OpportunityCardData_id:24
6427041,816,4:57:11,2,3,OpportunityCardData_id:24
6427041,805,4:57:13,2,[OpportunityCardData_id:24]
6427041,806,4:57:16,2,[OpportunityCardData_id:24,PriorityData_type:2]
6427041,807,4:57:16,2,[OpportunityCardData_id:24]
6427041,808,4:57:19,2,[OpportunityCardData_id:24]
6427041,809,4:57:24,2,[OpportunityCardData_id:24,Safe,false]
6427041,810,4:57:25,2,[OpportunityCardData_id:24,PriorityData_type:3,10,Safe,Safe]
6427041,818,4:57:26,2,5
6427041,811,4:57:27,2,[OpportunityCardData_id:24,PriorityData_type:3,80,80,PriorityData_type:5,80,80]
6427041,1005,4:57:27,2,[1,0,3]
6427041,1001,4:57:28,2,[]
6427041,1003,4:57:28,1
6427041,210,4:57:32,522,460
6427041,207,4:57:34,4,-200,-275
6427041,211,4:57:35,865,285
6427041,213,4:57:35,4,s_door_F_gen,true
6427041,205,4:57:35,4,s_door_F_gen,false,true
6427041,210,4:57:38,541,193
6427041,211,4:57:39,555,178
6427041,213,4:57:39,4,s_calendar_F_gen,true
6427041,205,4:57:39,4,s_calendar_F_gen,false,false
6427041,210,4:57:43,980,381
6427041,211,4:57:44,856,267
6427041,213,4:57:44,4,s_door_F_gen,true
6427041,205,4:57:44,4,s_door_F_gen,false,true
6427041,210,4:57:47,525,233
6427041,211,4:57:49,258,571
6427041,207,4:57:49,4,-275,-185
6427041,221,4:57:50,4
6427041,220,4:58:2,4
6427041,210,4:58:2,447,520
6427041,211,4:58:2,447,520
6427041,212,4:58:3,0
6427041,210,4:58:3,1028,496
6427041,211,4:58:4,1067,549
6427041,207,4:58:4,4,-185,-230
6427041,210,4:58:4,1161,570
6427041,207,4:58:5,4,-230,-365
6427041,207,4:58:6,4,-365,-260
6427041,211,4:58:6,392,231
6427041,213,4:58:6,4,s_poster_F_gen,true
6427041,205,4:58:6,4,s_poster_F_gen,false,false
6427041,210,4:58:9,617,476
6427041,207,4:58:15,4,-260,-512
6427041,211,4:58:17,1226,335
6427041,213,4:58:17,4,s_joint_F_G9a1P,true
6427041,205,4:58:17,4,s_joint_F_G9a1P,false,false
6427041,210,4:58:24,489,510
6427041,211,4:58:25,582,176
6427041,213,4:58:25,4,s_potSmokeCloud_F_G9a2N,true
6427041,1003,4:58:28,0
6427041,1004,4:58:29,2
6427041,400,4:58:31,2,[]
6427041,401,4:58:33,2,[StatementsData_logId:0]
6427041,403,4:58:35,2,[StatementsData_logId:0,true]
6427041,405,4:58:35,2,[StatementsData_logId:0]
6427041,406,4:58:36,2,[StatementsData_logId:0,2]
6427041,407,4:58:36,2,[StatementsData_logId:0,FactCardData_id:21]
6427041,407,4:58:36,2,[StatementsData_logId:0,FactCardData_id:19]
6427041,407,4:58:36,2,[StatementsData_logId:0,FactCardData_id:24]
6427041,407,4:58:36,2,[StatementsData_logId:0,FactCardData_id:22]
6427041,407,4:58:36,2,[StatementsData_logId:0,FactCardData_id:18]
6427041,407,4:58:36,2,[StatementsData_logId:0,FactCardData_id:20]
6427041,407,4:58:38,2,[StatementsData_logId:0,FactCardData_id:21]
6427041,407,4:58:38,2,[StatementsData_logId:0,FactCardData_id:21]
6427041,407,4:58:40,2,[StatementsData_logId:0,FactCardData_id:24]
6427041,407,4:58:40,2,[StatementsData_logId:0,FactCardData_id:21]
6427041,407,4:58:40,2,[StatementsData_logId:0,FactCardData_id:24]
6427041,407,4:58:41,2,[StatementsData_logId:0,FactCardData_id:21]
6427041,407,4:58:41,2,[StatementsData_logId:0,FactCardData_id:24]
6427041,407,4:58:41,2,[StatementsData_logId:0,FactCardData_id:21]
6427041,408,4:58:45,2,[StatementsData_logId:0,FactCardData_id:21,true]
6427041,409,4:58:45,2,[StatementsData_logId:0]
6427041,410,4:58:46,2,[StatementsData_logId:0,2]
6427041,412,4:58:47,2,[StatementsData_logId:0]
6427041,413,4:58:50,2,[StatementsData_logId:0,DuelResponsesData_logId:0]
6427041,414,4:58:51,2,[StatementsData_logId:0,DuelResponsesData_logId:0]
6427041,415,4:59:2,2,[StatementsData_logId:0,DuelResponsesData_logId:0,DuelResponsesData_witty_player_response]
6427041,416,4:59:3,2,[StatementsData_logId:0,DuelResponsesData_logId:0]
6427041,417,4:59:3,2,[StatementsData_logId:0,DuelResponsesData_logId:0]
6427041,413,4:59:5,2,[StatementsData_logId:0,DuelResponsesData_logId:1]
6427041,414,4:59:6,2,[StatementsData_logId:0,DuelResponsesData_logId:1]
6427041,415,4:59:12,2,[StatementsData_logId:0,DuelResponsesData_logId:1,DuelResponsesData_witty_player_response]
6427041,416,4:59:12,2,[StatementsData_logId:0,DuelResponsesData_logId:1]
6427041,417,4:59:13,2,[StatementsData_logId:0,DuelResponsesData_logId:1]
6427041,413,4:59:17,2,[StatementsData_logId:0,DuelResponsesData_logId:2]
6427041,414,4:59:17,2,[StatementsData_logId:0,DuelResponsesData_logId:2]
6427041,415,4:59:30,2,[StatementsData_logId:0,DuelResponsesData_logId:2,DuelResponsesData_witty_player_response]
6427041,416,4:59:31,2,[StatementsData_logId:0,DuelResponsesData_logId:2]
6427041,417,4:59:32,2,[StatementsData_logId:0,DuelResponsesData_logId:2]
6427041,418,4:59:32,2,[StatementsData_logId:0,true]
6427041,419,4:59:32,2,[StatementsData_logId:0,4]
6427041,411,4:59:35,2,[StatementsData_logId:0]
6427041,401,4:59:40,2,[StatementsData_logId:1]
6427041,402,4:59:46,2,[StatementsData_logId:1,true]
6427041,405,4:59:47,2,[StatementsData_logId:1]
6427041,406,4:59:48,2,[StatementsData_logId:1,2]
6427041,411,4:59:49,2,[StatementsData_logId:1]
6427041,401,4:59:53,2,[StatementsData_logId:2]
6427041,402,4:59:54,2,[StatementsData_logId:2,false]
6427041,405,4:59:55,2,[StatementsData_logId:2]
6427041,406,4:59:55,2,[StatementsData_logId:2,-2]
6427041,411,4:59:57,2,[StatementsData_logId:2]
6427041,401,4:59:58,2,[StatementsData_logId:3]
6427041,402,5:0:4,2,[StatementsData_logId:3,true]
6427041,405,5:0:5,2,[StatementsData_logId:3]
6427041,406,5:0:6,2,[StatementsData_logId:3,2]
6427041,411,5:0:7,2,[StatementsData_logId:3]
6427041,401,5:0:12,2,[StatementsData_logId:4]
6427041,403,5:0:14,2,[StatementsData_logId:4,true]
6427041,405,5:0:15,2,[StatementsData_logId:4]
6427041,406,5:0:15,2,[StatementsData_logId:4,2]
6427041,407,5:0:15,2,[StatementsData_logId:4,FactCardData_id:19]
6427041,407,5:0:15,2,[StatementsData_logId:4,FactCardData_id:24]
6427041,407,5:0:15,2,[StatementsData_logId:4,FactCardData_id:20]
6427041,407,5:0:15,2,[StatementsData_logId:4,FactCardData_id:22]
6427041,407,5:0:15,2,[StatementsData_logId:4,FactCardData_id:18]
6427041,407,5:0:15,2,[StatementsData_logId:4,FactCardData_id:21]
6427041,407,5:0:17,2,[StatementsData_logId:4,FactCardData_id:19]
6427041,407,5:0:17,2,[StatementsData_logId:4,FactCardData_id:19]
6427041,408,5:0:21,2,[StatementsData_logId:4,FactCardData_id:19,false]
6427041,406,5:0:22,2,[StatementsData_logId:4,-2]
6427041,411,5:0:24,2,[StatementsData_logId:4]
6427041,401,5:0:25,2,[StatementsData_logId:5]
6427041,403,5:0:36,2,[StatementsData_logId:5,true]
6427041,405,5:0:37,2,[StatementsData_logId:5]
6427041,406,5:0:37,2,[StatementsData_logId:5,2]
6427041,407,5:0:37,2,[StatementsData_logId:5,FactCardData_id:22]
6427041,407,5:0:37,2,[StatementsData_logId:5,FactCardData_id:24]
6427041,407,5:0:37,2,[StatementsData_logId:5,FactCardData_id:21]
6427041,407,5:0:37,2,[StatementsData_logId:5,FactCardData_id:19]
6427041,407,5:0:37,2,[StatementsData_logId:5,FactCardData_id:18]
6427041,407,5:0:37,2,[StatementsData_logId:5,FactCardData_id:20]
6427041,407,5:0:41,2,[StatementsData_logId:5,FactCardData_id:19]
6427041,407,5:0:41,2,[StatementsData_logId:5,FactCardData_id:19]
6427041,407,5:0:42,2,[StatementsData_logId:5,FactCardData_id:20]
6427041,407,5:0:42,2,[StatementsData_logId:5,FactCardData_id:19]
6427041,407,5:0:42,2,[StatementsData_logId:5,FactCardData_id:20]
6427041,407,5:0:44,2,[StatementsData_logId:5,FactCardData_id:24]
6427041,407,5:0:44,2,[StatementsData_logId:5,FactCardData_id:20]
6427041,407,5:0:44,2,[StatementsData_logId:5,FactCardData_id:24]
6427041,408,5:0:46,2,[StatementsData_logId:5,FactCardData_id:24,true]
6427041,409,5:0:46,2,[StatementsData_logId:5]
6427041,410,5:0:47,2,[StatementsData_logId:5,2]
6427041,412,5:0:50,2,[StatementsData_logId:5]
6427041,413,5:0:54,2,[StatementsData_logId:5,DuelResponsesData_logId:9]
6427041,414,5:0:55,2,[StatementsData_logId:5,DuelResponsesData_logId:9]
6427041,415,5:1:1,2,[StatementsData_logId:5,DuelResponsesData_logId:9,DuelResponsesData_witty_player_response]
6427041,416,5:1:2,2,[StatementsData_logId:5,DuelResponsesData_logId:9]
6427041,417,5:1:3,2,[StatementsData_logId:5,DuelResponsesData_logId:9]
6427041,413,5:1:4,2,[StatementsData_logId:5,DuelResponsesData_logId:10]
6427041,414,5:1:6,2,[StatementsData_logId:5,DuelResponsesData_logId:10]
6427041,415,5:1:24,2,[StatementsData_logId:5,DuelResponsesData_logId:10,DuelResponsesData_ok_player_response]
6427041,416,5:1:26,2,[StatementsData_logId:5,DuelResponsesData_logId:10]
6427041,417,5:1:27,2,[StatementsData_logId:5,DuelResponsesData_logId:10]
6427041,413,5:1:28,2,[StatementsData_logId:5,DuelResponsesData_logId:11]
6427041,414,5:1:31,2,[StatementsData_logId:5,DuelResponsesData_logId:11]
6427041,415,5:1:51,2,[StatementsData_logId:5,DuelResponsesData_logId:11,DuelResponsesData_witty_player_response]
6427041,416,5:1:52,2,[StatementsData_logId:5,DuelResponsesData_logId:11]
6427041,417,5:1:52,2,[StatementsData_logId:5,DuelResponsesData_logId:11]
6427041,418,5:1:52,2,[StatementsData_logId:5,true]
6427041,419,5:1:53,2,[StatementsData_logId:5,4]
6427041,411,5:1:54,2,[StatementsData_logId:5]
6427041,401,5:1:55,2,[StatementsData_logId:6]
6427041,402,5:2:2,2,[StatementsData_logId:6,true]
6427041,405,5:2:2,2,[StatementsData_logId:6]
6427041,406,5:2:3,2,[StatementsData_logId:6,2]
6427041,411,5:2:4,2,[StatementsData_logId:6]
6427041,420,5:2:4,2,[56]
6427041,1005,5:2:4,2,[0,1,2]
6427041,1001,5:2:6,2,[]
6427041,1003,5:2:6,0
6427041,210,5:2:13,518,437
6427041,211,5:2:15,596,168
6427041,213,5:2:15,4,s_potSmokeCloud_F_G9a2N,true
6427041,205,5:2:15,4,s_potSmokeCloud_F_G9a2N,false,false
6427041,210,5:2:18,1120,322
6427041,211,5:2:21,1263,636
6427041,207,5:2:21,4,-200,-260
6427041,210,5:2:22,1304,335
6427041,207,5:2:22,4,-260,-512
6427041,211,5:2:25,853,241
6427041,221,5:2:31,4
6427041,220,5:2:34,4
6427041,210,5:2:35,684,561
6427041,211,5:2:35,418,628
6427041,212,5:2:36,1
6427041,221,5:2:37,4
6427041,220,5:2:38,4
6427041,210,5:2:41,789,450
6427041,211,5:2:41,794,452
6427041,213,5:2:41,4,c_mom_afri_a_G9a2N,true
6427041,205,5:2:41,4,c_mom_afri_a_G9a2N,false,false
6427041,210,5:2:54,936,303
6427041,211,5:2:55,892,359
6427041,213,5:2:55,4,c_kidSister_afri_a_G9a2N,true
6427041,205,5:2:55,4,c_kidSister_afri_a_G9a2N,false,false
6427041,210,5:3:10,869,342
6427041,211,5:3:12,994,294
6427041,213,5:3:12,4,s_pictureDad_afri_F_gen,true
6427041,205,5:3:12,4,s_pictureDad_afri_F_gen,false,false
6427041,221,5:3:18,4
6427041,220,5:3:20,4
6427041,221,5:3:21,4
6427041,220,5:3:24,4
6427041,1003,5:3:24,3
6427041,1004,5:3:31,4
6427041,500,5:3:33,4,[]
6427041,1002,5:3:37,4
6427041,1003,5:3:37,3
6427041,1004,5:3:38,0
6427041,500,5:3:40,0,[]
6427041,1002,5:3:42,0
6427041,1003,5:3:42,3
6427041,221,5:3:46,4
6427041,220,5:3:47,4
6427041,210,5:3:53,711,495
6427041,211,5:3:57,751,446
6427041,221,5:4:0,4
6427041,300,5:4:3
6427041,220,5:4:3,4
6427041,210,5:4:14,1077,451
6427041,211,5:4:16,1011,290
6427041,221,5:4:17,4
6427041,220,5:4:19,4
6427041,221,5:4:20,4
6427041,220,5:4:21,4
6427041,1003,5:4:21,3
6427041,1004,5:4:29,4
6427041,500,5:6:47,4,[]
6427041,501,5:6:48,4,[]
6427041,502,5:6:53,4,[IntentionData_logId:1,true]
6427041,503,5:6:55,4,[]
6427041,504,5:6:57,4,[InfluenceData_logId:6]
6427041,504,5:6:57,4,[InfluenceData_logId:7]
6427041,504,5:6:58,4,[InfluenceData_logId:8]
6427041,504,5:6:59,4,[InfluenceData_logId:3]
6427041,504,5:6:59,4,[InfluenceData_logId:5]
6427041,504,5:7:0,4,[InfluenceData_logId:4]
6427041,504,5:7:0,4,[InfluenceData_logId:2]
6427041,504,5:7:0,4,[InfluenceData_logId:0]
6427041,504,5:7:1,4,[InfluenceData_logId:1]
6427041,504,5:7:1,4,[InfluenceData_logId:0]
6427041,505,5:7:2,4,[InfluenceData_logId:0,true,InfluenceData_logId:4,true,InfluenceData_logId:8,true]
6427041,506,5:7:3,4,[]
6427041,507,5:7:9,4,[OpponentAttackData_logId:2,OpponentAttackTypeData_logId:4,true,0]
6427041,508,5:7:11,4,[]
6427041,509,5:7:17,4,[RefusalData_logId:4,2]
6427041,510,5:7:43,4,[AvailableRefusalData_logId:4,0C]
6427041,510,5:7:43,4,[AvailableRefusalData_logId:4,1B]
6427041,510,5:7:44,4,[AvailableRefusalData_logId:4,2A]
6427041,511,5:7:45,4,[AvailableRefusalData_logId:4,0C,1B,2A,false,0]
6427041,512,5:7:47,4,[]
6427041,513,5:7:47,4,[30]
6427041,514,5:7:50,4,[]
6427041,507,5:7:56,4,[OpponentAttackData_logId:1,OpponentAttackTypeData_logId:2,true,0]
6427041,508,5:7:58,4,[]
6427041,509,5:8:4,4,[RefusalData_logId:3,2]
6427041,510,5:8:11,4,[AvailableRefusalData_logId:3,0C]
6427041,510,5:8:12,4,[AvailableRefusalData_logId:3,0B]
6427041,510,5:8:22,4,[AvailableRefusalData_logId:3,0A]
6427041,510,5:8:25,4,[AvailableRefusalData_logId:3,1A]
6427041,510,5:8:26,4,[AvailableRefusalData_logId:3,2A]
6427041,511,5:8:27,4,[AvailableRefusalData_logId:3,0A,1A,2A,true,50]
6427041,512,5:8:29,4,[]
6427041,513,5:8:29,4,[0]
6427041,514,5:8:30,4,[]
6427041,507,5:8:38,4,[OpponentAttackData_logId:3,OpponentAttackTypeData_logId:3,true,0]
6427041,508,5:8:40,4,[]
6427041,509,5:8:46,4,[RefusalData_logId:6,2]
6427041,510,5:8:52,4,[AvailableRefusalData_logId:6,0B]
6427041,510,5:9:2,4,[AvailableRefusalData_logId:6,1B]
6427041,510,5:9:3,4,[AvailableRefusalData_logId:6,2B]
6427041,511,5:9:4,4,[AvailableRefusalData_logId:6,0B,1B,2B,false,0]
6427041,512,5:9:6,4,[]
6427041,513,5:9:6,4,[30]
6427041,514,5:9:8,4,[]
6427041,507,5:9:14,4,[OpponentAttackData_logId:0,OpponentAttackTypeData_logId:2,false,30]
6427041,508,5:9:16,4,[]
6427041,509,5:9:19,4,[RefusalData_logId:2,1]
6427041,510,5:9:24,4,[AvailableRefusalData_logId:2,0B]
6427041,510,5:9:25,4,[AvailableRefusalData_logId:2,0A]
6427041,510,5:9:28,4,[AvailableRefusalData_logId:2,1C]
6427041,510,5:9:29,4,[AvailableRefusalData_logId:2,2A]
6427041,511,5:9:33,4,[AvailableRefusalData_logId:2,0A,1C,2A,false,0]
6427041,512,5:9:35,4,[]
6427041,513,5:9:35,4,[30]
6427041,514,5:9:38,4,[]
6427041,515,5:9:38,4,[30,50]
6427041,516,5:9:40,4,[]
6427041,517,5:9:41,4,[]
6427041,1000,5:9:42,4,[]
6427041,500,5:9:43,4,[]
6427041,100,5:9:47,4
6427041,102,5:9:48,4
6427041,200,5:9:48,4,7,12,10,7,12
6427041,221,5:10:1,4
6427041,220,5:10:13,4
6427041,219,5:10:13,4
6427041,218,5:10:15,4
6427041,210,5:10:17,891,255
6427041,211,5:10:19,1115,163
6427041,219,5:10:20,4
6427041,216,5:10:21,Stack_G9a1P
6427041,217,5:10:29,Stack_G9a1P,6.0,1.3
6427041,218,5:10:38,4
6427041,221,5:10:40,4
6427041,220,5:10:42,4
6427041,1003,5:10:42,3
6427041,1004,5:11:3,1
6427041,500,5:11:5,1,[]
6427041,501,5:11:7,1,[]
6427041,502,5:11:11,1,[IntentionData_logId:3,true]
6427041,503,5:11:11,1,[]
6427041,504,5:11:14,1,[InfluenceData_logId:8]
6427041,504,5:11:15,1,[InfluenceData_logId:6]
6427041,504,5:11:16,1,[InfluenceData_logId:7]
6427041,504,5:11:17,1,[InfluenceData_logId:5]
6427041,504,5:11:17,1,[InfluenceData_logId:4]
6427041,504,5:11:17,1,[InfluenceData_logId:3]
6427041,504,5:11:18,1,[InfluenceData_logId:0]
6427041,504,5:11:18,1,[InfluenceData_logId:1]
6427041,504,5:11:18,1,[InfluenceData_logId:2]
6427041,504,5:11:19,1,[InfluenceData_logId:5]
6427041,505,5:11:20,1,[InfluenceData_logId:2,false,InfluenceData_logId:5,true,InfluenceData_logId:7,true]
6427041,506,5:11:22,1,[]
6427041,507,5:11:30,1,[OpponentAttackData_logId:2,OpponentAttackTypeData_logId:2,false,30]
6427041,508,5:11:32,1,[]
6427041,509,5:11:47,1,[RefusalData_logId:0,0]
6427041,510,5:11:50,1,[AvailableRefusalData_logId:0,0A]
6427041,510,5:11:54,1,[AvailableRefusalData_logId:0,0C]
6427041,510,5:11:59,1,[AvailableRefusalData_logId:0,1A]
6427041,510,5:11:59,1,[AvailableRefusalData_logId:0,2A]
6427041,511,5:12:2,1,[AvailableRefusalData_logId:0,0C,1A,2A,false,0]
6427041,512,5:12:4,1,[]
6427041,513,5:12:4,1,[30]
6427041,514,5:12:6,1,[]
6427041,507,5:12:10,1,[OpponentAttackData_logId:0,OpponentAttackTypeData_logId:2,true,0]
6427041,508,5:12:13,1,[]
6427041,509,5:12:26,1,[RefusalData_logId:7,2]
6427041,510,5:12:41,1,[AvailableRefusalData_logId:7,0A]
6427041,510,5:12:43,1,[AvailableRefusalData_logId:7,1A]
6427041,510,5:12:44,1,[AvailableRefusalData_logId:7,2A]
6427041,511,5:12:45,1,[AvailableRefusalData_logId:7,0A,1A,2A,true,50]
6427041,512,5:12:47,1,[]
6427041,513,5:12:47,1,[0]
6427041,514,5:12:49,1,[]
6427041,507,5:12:55,1,[OpponentAttackData_logId:3,OpponentAttackTypeData_logId:2,false,30]
6427041,508,5:12:57,1,[]
6427041,509,5:13:6,1,[RefusalData_logId:4,2]
6427041,510,5:13:13,1,[AvailableRefusalData_logId:4,0C]
6427041,510,5:13:14,1,[AvailableRefusalData_logId:4,1C]
6427041,510,5:13:16,1,[AvailableRefusalData_logId:4,0A]
6427041,1002,5:13:22,1
6427041,1003,5:13:22,3
6427041,204,5:13:27,4
6427041,103,5:13:29
6427041,105,5:13:31
6427041,703,5:13:33,[|| EpilogueItem ID: 0 unlocked: true ||,|| EpilogueItem ID: 1 unlocked: true ||,|| EpilogueItem ID: 2 unlocked: false ||,|| EpilogueItem ID: 3 unlocked: false ||,|| EpilogueItem ID: 4 unlocked: false ||,|| EpilogueItem ID: 5 unlocked: false ||,|| EpilogueItem ID: 6 unlocked: false ||,|| EpilogueItem ID: 7 unlocked: false ||,|| EpilogueItem ID: 8 unlocked: false ||,|| EpilogueItem ID: 9 unlocked: false ||,|| EpilogueItem ID: 10 unlocked: false ||,|| EpilogueItem ID: 11 unlocked: false ||,|| EpilogueItem ID: 12 unlocked: false ||,|| EpilogueItem ID: 13 unlocked: false ||,|| EpilogueItem ID: 14 unlocked: false ||,|| EpilogueItem ID: 15 unlocked: false ||,|| EpilogueItem ID: 16 unlocked: false ||,|| EpilogueItem ID: 17 unlocked: false ||,|| EpilogueItem ID: 18 unlocked: false ||,|| EpilogueItem ID: 19 unlocked: false ||,|| EpilogueItem ID: 20 unlocked: false ||,|| EpilogueItem ID: 21 unlocked: false ||,|| EpilogueItem ID: 22 unlocked: false ||,|| EpilogueItem ID: 23 unlocked: false ||,|| EpilogueItem ID: 24 unlocked: false ||],0.08
6427041,706,5:13:35,(x=1630, y=-100, w=1024, h=768),(x=2466, y=-100, w=1024, h=768)
6427041,708,5:13:36
6427041,1,5:13:36,5/9/2014 4:36:56pm,{"gameTime":18816291,"challengeStacks":[{"challengeScenes":[{"miniGameCards":[],"viewedAnimatic":true,"keyPoints":["c_teacherEng_G7a0","c_bestFriend_F_a_G7a0","s_flag_gen"],"unlocked":true,"touchableObjects":["c_teacherEng_G7a0","c_bestFriend_F_a_G7a0","c_friend1_F_a_G7a0","s_doorClassroom_G7a0","s_otherStudent1_G7a0","c_crewKid1_F_G7a0","s_atwoodPoster_gen","s_clock_G7a0","s_poePoster_gen","s_vocabAssignment_G7a0","s_angelouPoster_gen","s_flag_gen"]},{"miniGameCards":[],"viewedAnimatic":true,"keyPoints":["c_bestFriend_F_a_G7a1N","c_teacherEng_G7a1N","s_paperPlayers_G7a1N"],"unlocked":true,"touchableObjects":["s_otherStudent2_G7a1N","s_otherStudent1_G7a1N","c_crewKid1_F_G7a1N","s_atwoodPoster_gen","c_bestFriend_F_a_G7a1N","c_teacherEng_G7a1N","s_paperPlayers_G7a1N"]},{"miniGameCards":[],"viewedAnimatic":true,"keyPoints":["c_teacherEng_G7a1P","s_flag_gen","s_paperEnglish_gen","c_bestFriend_F_a_G7a1P"],"unlocked":true,"touchableObjects":["c_teacherEng_G7a1P","s_clock_G7a1P","s_flag_gen","s_paperEnglish_gen","c_bestFriend_F_a_G7a1P"]}],"stackSize":3,"resolved":true},{"challengeScenes":[{"miniGameCards":[],"viewedAnimatic":true,"keyPoints":["s_backpack_F_G7b0","c_kidSister_afri_a_G7b0","c_crewKid1_F_G7b0"],"unlocked":true,"touchableObjects":["s_backpack_F_G7b0","s_snackBarWorker_G7b0","c_kidSister_afri_a_G7b0","c_cousin_F_a_G7b0","s_lifeguard_G7b0","c_crewKid2_F_G7b0","c_cousinsBrother_a_G7b0","c_crewKid1_F_G7b0"]},{"miniGameCards":[],"viewedAnimatic":true,"keyPoints":["s_brokenCarWindow_G7b1N","s_graffiti_G7b1N","s_sprayPaintCan_G7b1N","c_kidSister_afri_a_G7b1N","c_crewKid1_F_G7b1N"],"unlocked":true,"touchableObjects":["s_brokenCarWindow_G7b1N","s_graffiti_G7b1N","s_sprayPaintCan_G7b1N","c_kidSister_afri_a_G7b1N","s_flag_G7b1N","c_teacherEng_G7b1N","c_crewKid1_F_G7b1N"]},{"miniGameCards":[],"viewedAnimatic":true,"keyPoints":["c_cousin_F_a_G7b1P","c_cousinsBrother_a_G7b1P","s_poolDay_ruleSign_G7b1P","c_cousinsBrothersFriend_a_G7b1P"],"unlocked":true,"touchableObjects":["c_cousin_F_a_G7b1P","c_cousinsBrother_a_G7b1P","s_poolDay_ruleSign_G7b1P","c_cousinsBrothersFriend_a_G7b1P","c_kidSister_afri_a_G7b1P"]},{"miniGameCards":[],"viewedAnimatic":true,"keyPoints":["s_kid1_G7b2N","c_cousin_F_a_G7b2N","c_kidSister_afri_a_G7b2N","c_crush1_F_a_G7b2N"],"unlocked":true,"touchableObjects":["s_kid1_G7b2N","c_cousin_F_a_G7b2N","c_kidSister_afri_a_G7b2N","c_crush1_F_a_G7b2N","s_cousinsBFgirlfriend_G7b2N"]},{"miniGameCards":[],"viewedAnimatic":true,"keyPoints":["c_cousin_F_a_G7b2P","s_computer_F_G7b2P","c_kidSister_afri_a_G7b2P","s_pictureDad_afri_F_gen"],"unlocked":true,"touchableObjects":["c_cousin_F_a_G7b2P","s_computer_F_G7b2P","s_closet_F_G7b2P","c_grandma_afri_a_G7b2P","c_kidSister_afri_a_G7b2P","s_pictureDad_afri_F_gen"]}],"stackSize":5,"resolved":true},{"challengeScenes":[{"miniGameCards":[],"viewedAnimatic":true,"keyPoints":["c_cousin_F_a_G8a0","c_crush2_F_a_G8a0","s_cellphone_G8a0","s_clock_G8a0"],"unlocked":true,"touchableObjects":["c_cousin_F_a_G8a0","s_beerCooler_G8a0","c_crush2_F_a_G8a0","s_cigaretteKid1_G8a0","c_crewKid1_F_a_G8a0","s_cellphone_G8a0","s_clock_G8a0","s_bottleTable_G8a0"]},{"miniGameCards":[],"viewedAnimatic":true,"keyPoints":["s_crush2Lips_F_G8a1N","s_basementDoor_gen"],"unlocked":true,"touchableObjects":["s_crush2Lips_F_G8a1N","s_dryer_G8a1N","s_stairs_G8a1N","s_basementDoor_gen"]},{"miniGameCards":[],"viewedAnimatic":false,"keyPoints":[],"unlocked":false,"touchableObjects":[]},{"miniGameCards":[],"viewedAnimatic":false,"keyPoints":[],"unlocked":false,"touchableObjects":[]},{"miniGameCards":[],"viewedAnimatic":false,"keyPoints":[],"unlocked":false,"touchableObjects":[]},{"miniGameCards":[],"viewedAnimatic":true,"keyPoints":["s_mirror_afri_F_a_G8a3N"],"unlocked":true,"touchableObjects":["s_mirror_afri_F_a_G8a3N"]},{"miniGameCards":[],"viewedAnimatic":false,"keyPoints":[],"unlocked":false,"touchableObjects":[]}],"stackSize":7,"resolved":false},{"challengeScenes":[{"miniGameCards":[],"viewedAnimatic":false,"keyPoints":[],"unlocked":false,"touchableObjects":[]},{"miniGameCards":[],"viewedAnimatic":false,"keyPoints":[],"unlocked":false,"touchableObjects":[]},{"miniGameCards":[],"viewedAnimatic":false,"keyPoints":[],"unlocked":false,"touchableObjects":[]},{"miniGameCards":[],"viewedAnimatic":false,"keyPoints":[],"unlocked":false,"touchableObjects":[]},{"miniGameCards":[],"viewedAnimatic":false,"keyPoints":[],"unlocked":false,"touchableObjects":[]}],"stackSize":5,"resolved":false},{"challengeScenes":[{"miniGameCards":[],"viewedAnimatic":true,"keyPoints":["s_bathingSuit_F_G9a0","s_door_F_gen","s_clock_F_G9a0","s_cellPhone_F_G9a0"],"unlocked":true,"touchableObjects":["s_bathingSuit_F_G9a0","s_door_F_gen","s_clock_F_G9a0","s_cellPhone_F_G9a0"]},{"miniGameCards":[],"viewedAnimatic":true,"keyPoints":["c_policeOfficer_G9a1N","s_kid3_G9a1N","s_fence_G9a1N","c_cousin_F_a_G9a1N"],"unlocked":true,"touchableObjects":["c_policeOfficer_G9a1N","s_kid3_G9a1N","s_poolNight_ruleSign_G9a1N","s_potSmokeCloud_G9a1N","s_policeCar_G9a1N","s_fence_G9a1N","c_cousin_F_a_G9a1N"]},{"miniGameCards":[],"viewedAnimatic":true,"keyPoints":["s_door_F_gen","c_cousin_F_a_G9a1P","s_calendar_F_gen","s_poster_F_gen","s_joint_F_G9a1P"],"unlocked":true,"touchableObjects":["s_door_F_gen","s_computer_F_gen","c_cousin_F_a_G9a1P","s_calendar_F_gen","s_poster_F_gen","s_joint_F_G9a1P"]},{"miniGameCards":[],"viewedAnimatic":true,"keyPoints":["c_cousin_F_a_G9a2N","s_potSmokeCloud_F_G9a2N","c_mom_afri_a_G9a2N","c_kidSister_afri_a_G9a2N","s_pictureDad_afri_F_gen"],"unlocked":true,"touchableObjects":["s_cookieTrayEmpty_F_G9a2N","c_cousin_F_a_G9a2N","s_potSmokeCloud_F_G9a2N","c_mom_afri_a_G9a2N","c_kidSister_afri_a_G9a2N","s_pictureDad_afri_F_gen"]},{"miniGameCards":[],"viewedAnimatic":false,"keyPoints":[],"unlocked":false,"touchableObjects":[]}],"stackSize":5,"resolved":false},{"challengeScenes":[{"miniGameCards":[],"viewedAnimatic":false,"keyPoints":[],"unlocked":false,"touchableObjects":[]},{"miniGameCards":[],"viewedAnimatic":false,"keyPoints":[],"unlocked":false,"touchableObjects":[]},{"miniGameCards":[],"viewedAnimatic":false,"keyPoints":[],"unlocked":false,"touchableObjects":[]},{"miniGameCards":[],"viewedAnimatic":false,"keyPoints":[],"unlocked":false,"touchableObjects":[]},{"miniGameCards":[],"viewedAnimatic":false,"keyPoints":[],"unlocked":false,"touchableObjects":[]}],"stackSize":5,"resolved":false},{"challengeScenes":[{"miniGameCards":[],"viewedAnimatic":false,"keyPoints":[],"unlocked":false,"touchableObjects":[]},{"miniGameCards":[],"viewedAnimatic":false,"keyPoints":[],"unlocked":false,"touchableObjects":[]},{"miniGameCards":[],"viewedAnimatic":false,"keyPoints":[],"unlocked":false,"touchableObjects":[]},{"miniGameCards":[],"viewedAnimatic":false,"keyPoints":[],"unlocked":false,"touchableObjects":[]},{"miniGameCards":[],"viewedAnimatic":false,"keyPoints":[],"unlocked":false,"touchableObjects":[]}],"stackSize":5,"resolved":false},{"challengeScenes":[{"miniGameCards":[],"viewedAnimatic":false,"keyPoints":[],"unlocked":false,"touchableObjects":[]},{"miniGameCards":[],"viewedAnimatic":false,"keyPoints":[],"unlocked":false,"touchableObjects":[]},{"miniGameCards":[],"viewedAnimatic":false,"keyPoints":[],"unlocked":false,"touchableObjects":[]},{"miniGameCards":[],"viewedAnimatic":false,"keyPoints":[],"unlocked":false,"touchableObjects":[]},{"miniGameCards":[],"viewedAnimatic":false,"keyPoints":[],"unlocked":false,"touchableObjects":[]}],"stackSize":5,"resolved":false},{"challengeScenes":[{"miniGameCards":[],"viewedAnimatic":false,"keyPoints":[],"unlocked":false,"touchableObjects":[]},{"miniGameCards":[],"viewedAnimatic":false,"keyPoints":[],"unlocked":false,"touchableObjects":[]},{"miniGameCards":[],"viewedAnimatic":false,"keyPoints":[],"unlocked":false,"touchableObjects":[]},{"miniGameCards":[],"viewedAnimatic":false,"keyPoints":[],"unlocked":false,"touchableObjects":[]},{"miniGameCards":[],"viewedAnimatic":false,"keyPoints":[],"unlocked":false,"touchableObjects":[]}],"stackSize":5,"resolved":false},{"challengeScenes":[{"miniGameCards":[],"viewedAnimatic":false,"keyPoints":[],"unlocked":false,"touchableObjects":[]},{"miniGameCards":[],"viewedAnimatic":false,"keyPoints":[],"unlocked":false,"touchableObjects":[]},{"miniGameCards":[],"viewedAnimatic":false,"keyPoints":[],"unlocked":false,"touchableObjects":[]},{"miniGameCards":[],"viewedAnimatic":false,"keyPoints":[],"unlocked":false,"touchableObjects":[]},{"miniGameCards":[],"viewedAnimatic":false,"keyPoints":[],"unlocked":false,"touchableObjects":[]}],"stackSize":5,"resolved":false},{"challengeScenes":[{"miniGameCards":[],"viewedAnimatic":false,"keyPoints":[],"unlocked":false,"touchableObjects":[]},{"miniGameCards":[],"viewedAnimatic":false,"keyPoints":[],"unlocked":false,"touchableObjects":[]},{"miniGameCards":[],"viewedAnimatic":false,"keyPoints":[],"unlocked":false,"touchableObjects":[]},{"miniGameCards":[],"viewedAnimatic":false,"keyPoints":[],"unlocked":false,"touchableObjects":[]},{"miniGameCards":[],"viewedAnimatic":false,"keyPoints":[],"unlocked":false,"touchableObjects":[]}],"stackSize":5,"resolved":false},{"challengeScenes":[{"miniGameCards":[],"viewedAnimatic":false,"keyPoints":[],"unlocked":false,"touchableObjects":[]},{"miniGameCards":[],"viewedAnimatic":false,"keyPoints":[],"unlocked":false,"touchableObjects":[]},{"miniGameCards":[],"viewedAnimatic":false,"keyPoints":[],"unlocked":false,"touchableObjects":[]},{"miniGameCards":[],"viewedAnimatic":false,"keyPoints":[],"unlocked":false,"touchableObjects":[]},{"miniGameCards":[],"viewedAnimatic":false,"keyPoints":[],"unlocked":false,"touchableObjects":[]}],"stackSize":5,"resolved":false},{"challengeScenes":[{"miniGameCards":[],"viewedAnimatic":false,"keyPoints":[],"unlocked":true,"touchableObjects":["c_education_G0a0","c_friends_G0a0"]},{"miniGameCards":[],"viewedAnimatic":false,"keyPoints":["c_family_afri_a_G0a1N","c_home_G0a1N","c_job_G0a1N"],"unlocked":true,"touchableObjects":["c_family_afri_a_G0a1N","c_home_G0a1N","c_job_G0a1N"]},{"miniGameCards":[],"viewedAnimatic":false,"keyPoints":["c_kidsister_afri_a_G0a1P","c_grandma_afri_a_G0a1P","c_Teacher_G0a1P","c_mom_afri_a_G0a1P","c_dad_afri_a_G0a1P","c_Nurse_G0a1P"],"unlocked":true,"touchableObjects":["c_kidsister_afri_a_G0a1P","c_grandma_afri_a_G0a1P","c_friends_G0a1P","c_Teacher_G0a1P","c_mom_afri_a_G0a1P","c_dad_afri_a_G0a1P","c_Nurse_G0a1P"]}],"stackSize":3,"resolved":true}],"sessionId":9,"epilogue":{"rating":0},"playerId":6427041,"session":[{"sceneId":"1P","stackId":12},{"sceneId":"1P","stackId":0},{"sceneId":"1P","stackId":1},{"sceneId":"1N","stackId":1},{"sceneId":"2P","stackId":1},{"sceneId":"1P","stackId":4},{"sceneId":"1N","stackId":4}],"minigames":[{"levelSaveData":[{"starRating":3,"unlocked":true},{"starRating":2,"unlocked":true},{"starRating":2,"unlocked":true},{"starRating":0,"unlocked":false},{"starRating":0,"unlocked":false},{"starRating":0,"unlocked":false},{"starRating":0,"unlocked":false},{"starRating":0,"unlocked":false},{"starRating":0,"unlocked":false},{"starRating":0,"unlocked":false}],"skillPoints":7},{"levelSaveData":[{"starRating":3,"unlocked":true},{"starRating":3,"unlocked":true},{"starRating":3,"unlocked":true},{"starRating":0,"unlocked":false},{"starRating":3,"unlocked":true},{"starRating":0,"unlocked":false},{"starRating":0,"unlocked":false},{"starRating":0,"unlocked":false},{"starRating":0,"unlocked":false},{"starRating":0,"unlocked":false}],"skillPoints":12},{"levelSaveData":[{"starRating":3,"unlocked":true},{"starRating":3,"unlocked":true},{"starRating":1,"unlocked":true},{"starRating":0,"unlocked":false},{"starRating":0,"unlocked":false},{"starRating":0,"unlocked":false},{"starRating":0,"unlocked":false},{"starRating":0,"unlocked":false},{"starRating":3,"unlocked":true},{"starRating":0,"unlocked":false}],"skillPoints":10},{"levelSaveData":[{"starRating":3,"unlocked":true},{"starRating":2,"unlocked":true},{"starRating":0,"unlocked":false},{"starRating":0,"unlocked":false},{"starRating":2,"unlocked":true},{"starRating":0,"unlocked":false},{"starRating":0,"unlocked":false},{"starRating":0,"unlocked":false},{"starRating":0,"unlocked":false},{"starRating":0,"unlocked":false}],"skillPoints":7},{"age":11,"name":"armani","gender":1,"levelSaveData":[{"starRating":3,"unlocked":true},{"starRating":3,"chunks":[["1"],["20$$funny","7$$cool"],["12$$having fun","17$$like singing","8$$like wining "],["0"]],"unlocked":true},{"starRating":3,"chunks":[["0"],["5$$love makeup","6$$playing musci"],["8$$love drawing","9$$luv to swim"]],"unlocked":true},{"starRating":3,"chunks":[["11"],["4$$dog"],["6"],["0"],["3","4"],["8"]],"unlocked":true},{"starRating":0,"chunks":[[null],[null],[null,null],[null],[null],[null]],"unlocked":false},{"starRating":0,"chunks":[[null],[null,null,null,null],[null],[null]],"unlocked":false},{"starRating":0,"chunks":[[null],[null],[null,null],[null,null],[null]],"unlocked":false},{"starRating":0,"chunks":[[null,null,null],[null,null,null],[null],[null],[null]],"unlocked":false},{"starRating":0,"chunks":[[null,null,null],[null,null,null],[null,null]],"unlocked":false},{"starRating":0,"chunks":[[null],[null],[null],[null],[null],[null]],"unlocked":false}],"visualAvatar":0,"id":0,"skillPoints":12}],"avatar":{"age":11,"name":"armani","gender":1,"levelSaveData":[{"starRating":3,"unlocked":true},{"starRating":3,"chunks":[["1"],["20$$funny","7$$cool"],["12$$having fun","17$$like singing","8$$like wining "],["0"]],"unlocked":true},{"starRating":3,"chunks":[["0"],["5$$love makeup","6$$playing musci"],["8$$love drawing","9$$luv to swim"]],"unlocked":true},{"starRating":3,"chunks":[["11"],["4$$dog"],["6"],["0"],["3","4"],["8"]],"unlocked":true},{"starRating":0,"chunks":[[null],[null],[null,null],[null],[null],[null]],"unlocked":false},{"starRating":0,"chunks":[[null],[null,null,null,null],[null],[null]],"unlocked":false},{"starRating":0,"chunks":[[null],[null],[null,null],[null,null],[null]],"unlocked":false},{"starRating":0,"chunks":[[null,null,null],[null,null,null],[null],[null],[null]],"unlocked":false},{"starRating":0,"chunks":[[null,null,null],[null,null,null],[null,null]],"unlocked":false},{"starRating":0,"chunks":[[null],[null],[null],[null],[null],[null]],"unlocked":false}],"visualAvatar":0,"id":0,"skillPoints":12}}
