6427017,0,1:12:50,7/10/2013 10:42:11am
6427017,100,1:12:54,0
6427017,102,1:12:58,0
6427017,200,1:12:58,0,0,2,3,0,6
6427017,221,1:13:7,0
6427017,220,1:13:10,0
6427017,210,1:13:12,1237,269
6427017,207,1:13:13,0,-400,-518
6427017,207,1:13:22,0,-518,0
6427017,207,1:13:31,0,0,-210
6427017,207,1:13:40,0,-210,0
6427017,211,1:13:41,338,252
6427017,221,1:13:43,0
6427017,220,1:13:45,0
6427017,212,1:13:46,0
6427017,210,1:13:46,1045,404
6427017,207,1:13:47,0,0,-195
6427017,207,1:13:50,0,-195,-435
6427017,207,1:13:55,0,-435,0
6427017,207,1:14:4,0,0,-120
6427017,211,1:14:7,671,384
6427017,213,1:14:7,0,s_paperPlayers_G7a1P,true
6427017,210,1:14:11,1180,211
6427017,207,1:14:11,0,-120,-285
6427017,211,1:14:15,1229,342
6427017,212,1:14:16,1
6427017,210,1:14:17,1203,304
6427017,211,1:14:20,1222,180
6427017,213,1:14:20,0,s_clock_G7a1P,true
6427017,212,1:14:31,0
6427017,210,1:14:32,1212,131
6427017,211,1:14:33,1223,166
6427017,213,1:14:33,0,s_clock_G7a1P,true
6427017,210,1:14:43,793,436
6427017,211,1:14:44,738,421
6427017,210,1:14:45,731,310
6427017,211,1:14:50,755,440
6427017,212,1:14:51,1
6427017,210,1:14:52,743,390
6427017,211,1:14:53,744,396
6427017,213,1:14:53,0,c_teacherEng_G7a1P,false
6427017,204,1:15:3,0
6427017,300,1:15:15
6427017,1003,1:15:43,3
6427017,1003,1:15:48,2
6427017,1003,1:15:55,0
6427017,1004,1:16:1,0
6427017,400,1:16:11,0,[]
6427017,401,1:16:22,0,[StatementsData_logId:0]
6427017,403,1:16:30,0,[StatementsData_logId:0,true]
6427017,405,1:16:34,0,[StatementsData_logId:0]
6427017,406,1:16:40,0,[StatementsData_logId:0,2]
6427017,407,1:16:41,0,[StatementsData_logId:0,FactCardData_id:3]
6427017,407,1:16:41,0,[StatementsData_logId:0,FactCardData_id:4]
6427017,407,1:16:41,0,[StatementsData_logId:0,FactCardData_id:6]
6427017,407,1:16:41,0,[StatementsData_logId:0,FactCardData_id:7]
6427017,407,1:16:41,0,[StatementsData_logId:0,FactCardData_id:0]
6427017,407,1:16:41,0,[StatementsData_logId:0,FactCardData_id:5]
6427017,407,1:17:4,0,[StatementsData_logId:0,FactCardData_id:4]
6427017,407,1:17:4,0,[StatementsData_logId:0,FactCardData_id:4]
6427017,408,1:17:13,0,[StatementsData_logId:0,FactCardData_id:4,false]
6427017,406,1:17:29,0,[StatementsData_logId:0,-2]
6427017,411,1:17:37,0,[StatementsData_logId:0]
6427017,401,1:17:48,0,[StatementsData_logId:1]
6427017,402,1:17:50,0,[StatementsData_logId:1,true]
6427017,405,1:17:53,0,[StatementsData_logId:1]
6427017,406,1:17:59,0,[StatementsData_logId:1,2]
6427017,411,1:18:3,0,[StatementsData_logId:1]
6427017,401,1:18:11,0,[StatementsData_logId:2]
6427017,403,1:18:14,0,[StatementsData_logId:2,false]
6427017,405,1:18:16,0,[StatementsData_logId:2]
6427017,406,1:18:23,0,[StatementsData_logId:2,-2]
6427017,411,1:18:28,0,[StatementsData_logId:2]
6427017,401,1:18:36,0,[StatementsData_logId:3]
6427017,404,1:18:42,0,[StatementsData_logId:3,false]
6427017,405,1:18:45,0,[StatementsData_logId:3]
6427017,406,1:18:53,0,[StatementsData_logId:3,-2]
6427017,411,1:18:55,0,[StatementsData_logId:3]
6427017,401,1:18:59,0,[StatementsData_logId:4]
6427017,402,1:19:1,0,[StatementsData_logId:4,true]
6427017,405,1:19:2,0,[StatementsData_logId:4]
6427017,406,1:19:11,0,[StatementsData_logId:4,2]
6427017,411,1:19:21,0,[StatementsData_logId:4]
6427017,401,1:19:30,0,[StatementsData_logId:5]
6427017,402,1:19:31,0,[StatementsData_logId:5,false]
6427017,405,1:19:32,0,[StatementsData_logId:5]
6427017,406,1:19:35,0,[StatementsData_logId:5,-2]
6427017,411,1:19:37,0,[StatementsData_logId:5]
6427017,420,1:19:37,0,[30]
6427017,1000,1:19:41,0,[]
6427017,400,1:19:43,0,[]
6427017,401,1:19:49,0,[StatementsData_logId:0]
6427017,403,1:19:51,0,[StatementsData_logId:0,true]
6427017,405,1:19:52,0,[StatementsData_logId:0]
6427017,406,1:19:53,0,[StatementsData_logId:0,2]
6427017,407,1:19:53,0,[StatementsData_logId:0,FactCardData_id:7]
6427017,407,1:19:53,0,[StatementsData_logId:0,FactCardData_id:4]
6427017,407,1:19:53,0,[StatementsData_logId:0,FactCardData_id:3]
6427017,407,1:19:53,0,[StatementsData_logId:0,FactCardData_id:6]
6427017,407,1:19:53,0,[StatementsData_logId:0,FactCardData_id:0]
6427017,407,1:19:53,0,[StatementsData_logId:0,FactCardData_id:5]
6427017,407,1:20:4,0,[StatementsData_logId:0,FactCardData_id:4]
6427017,407,1:20:4,0,[StatementsData_logId:0,FactCardData_id:4]
6427017,408,1:20:5,0,[StatementsData_logId:0,FactCardData_id:4,false]
6427017,406,1:20:8,0,[StatementsData_logId:0,-2]
6427017,411,1:20:9,0,[StatementsData_logId:0]
6427017,401,1:20:12,0,[StatementsData_logId:1]
6427017,402,1:20:14,0,[StatementsData_logId:1,true]
6427017,405,1:20:15,0,[StatementsData_logId:1]
6427017,406,1:20:22,0,[StatementsData_logId:1,2]
6427017,411,1:20:24,0,[StatementsData_logId:1]
6427017,401,1:20:27,0,[StatementsData_logId:2]
6427017,404,1:20:29,0,[StatementsData_logId:2,true]
6427017,406,1:20:31,0,[StatementsData_logId:2,2]
6427017,412,1:20:38,0,[StatementsData_logId:2]
6427017,413,1:20:43,0,[StatementsData_logId:2,DuelResponsesData_logId:3]
6427017,414,1:20:46,0,[StatementsData_logId:2,DuelResponsesData_logId:3]
6427017,415,1:21:5,0,[StatementsData_logId:2,DuelResponsesData_logId:3,DuelResponsesData_ok_player_response]
6427017,416,1:21:7,0,[StatementsData_logId:2,DuelResponsesData_logId:3]
6427017,417,1:21:10,0,[StatementsData_logId:2,DuelResponsesData_logId:3]
6427017,413,1:21:22,0,[StatementsData_logId:2,DuelResponsesData_logId:4]
6427017,414,1:21:26,0,[StatementsData_logId:2,DuelResponsesData_logId:4]
6427017,415,1:21:34,0,[StatementsData_logId:2,DuelResponsesData_logId:4,DuelResponsesData_witty_player_response]
6427017,416,1:21:35,0,[StatementsData_logId:2,DuelResponsesData_logId:4]
6427017,417,1:21:40,0,[StatementsData_logId:2,DuelResponsesData_logId:4]
6427017,413,1:21:47,0,[StatementsData_logId:2,DuelResponsesData_logId:5]
6427017,414,1:21:50,0,[StatementsData_logId:2,DuelResponsesData_logId:5]
6427017,415,1:22:8,0,[StatementsData_logId:2,DuelResponsesData_logId:5,DuelResponsesData_lame_player_response]
6427017,416,1:22:9,0,[StatementsData_logId:2,DuelResponsesData_logId:5]
6427017,417,1:22:13,0,[StatementsData_logId:2,DuelResponsesData_logId:5]
6427017,418,1:22:13,0,[StatementsData_logId:2,false]
6427017,419,1:22:20,0,[StatementsData_logId:2,-4]
6427017,411,1:22:22,0,[StatementsData_logId:2]
6427017,401,1:22:29,0,[StatementsData_logId:3]
6427017,404,1:22:35,0,[StatementsData_logId:3,false]
6427017,405,1:22:35,0,[StatementsData_logId:3]
6427017,406,1:22:57,0,[StatementsData_logId:3,-2]
6427017,411,1:22:59,0,[StatementsData_logId:3]
6427017,401,1:23:3,0,[StatementsData_logId:4]
6427017,402,1:23:3,0,[StatementsData_logId:4,true]
6427017,405,1:23:4,0,[StatementsData_logId:4]
6427017,406,1:23:11,0,[StatementsData_logId:4,2]
6427017,411,1:23:14,0,[StatementsData_logId:4]
6427017,401,1:23:22,0,[StatementsData_logId:5]
6427017,404,1:23:23,0,[StatementsData_logId:5,true]
6427017,406,1:23:24,0,[StatementsData_logId:5,2]
6427017,412,1:23:28,0,[StatementsData_logId:5]
6427017,413,1:23:32,0,[StatementsData_logId:5,DuelResponsesData_logId:9]
6427017,414,1:23:36,0,[StatementsData_logId:5,DuelResponsesData_logId:9]
6427017,415,1:23:47,0,[StatementsData_logId:5,DuelResponsesData_logId:9,DuelResponsesData_ok_player_response]
6427017,416,1:23:48,0,[StatementsData_logId:5,DuelResponsesData_logId:9]
6427017,417,1:23:52,0,[StatementsData_logId:5,DuelResponsesData_logId:9]
6427017,413,1:23:56,0,[StatementsData_logId:5,DuelResponsesData_logId:10]
6427017,414,1:23:58,0,[StatementsData_logId:5,DuelResponsesData_logId:10]
6427017,415,1:24:4,0,[StatementsData_logId:5,DuelResponsesData_logId:10,DuelResponsesData_witty_player_response]
6427017,416,1:24:5,0,[StatementsData_logId:5,DuelResponsesData_logId:10]
6427017,417,1:24:8,0,[StatementsData_logId:5,DuelResponsesData_logId:10]
6427017,413,1:24:21,0,[StatementsData_logId:5,DuelResponsesData_logId:11]
6427017,414,1:24:25,0,[StatementsData_logId:5,DuelResponsesData_logId:11]
6427017,415,1:24:39,0,[StatementsData_logId:5,DuelResponsesData_logId:11,DuelResponsesData_witty_player_response]
6427017,416,1:24:40,0,[StatementsData_logId:5,DuelResponsesData_logId:11]
6427017,417,1:24:44,0,[StatementsData_logId:5,DuelResponsesData_logId:11]
6427017,418,1:24:44,0,[StatementsData_logId:5,true]
6427017,419,1:24:54,0,[StatementsData_logId:5,4]
6427017,411,1:25:4,0,[StatementsData_logId:5]
6427017,420,1:25:4,0,[38]
6427017,1005,1:25:4,0,[0,0,1]
6427017,1001,1:25:13,0,[]
6427017,1003,1:25:13,0
6427017,1003,1:25:21,0
6427017,1003,1:25:24,1
6427017,1003,1:25:28,2
6427017,1003,1:25:31,3
6427017,300,1:25:39
6427017,1003,1:25:42,0
6427017,1003,1:25:46,1
6427017,1004,1:25:46,0
6427017,800,1:25:52,0,[]
6427017,801,1:25:53,0,[]
6427017,814,1:26:16,0,[1]
6427017,815,1:26:16,0,1,OpportunityCardData_id:7
6427017,815,1:26:20,0,1,OpportunityCardData_id:8
6427017,816,1:26:24,0,1,OpportunityCardData_id:8
6427017,803,1:26:29,0,[OpportunityCardData_id:8,OpportunityCardConsequencesData_logId:1]
6427017,803,1:26:32,0,[OpportunityCardData_id:8,OpportunityCardConsequencesData_logId:0]
6427017,803,1:26:40,0,[OpportunityCardData_id:8,OpportunityCardConsequencesData_logId:2]
6427017,805,1:26:50,0,[OpportunityCardData_id:8]
6427017,806,1:27:3,0,[OpportunityCardData_id:8,PriorityData_type:0]
6427017,807,1:27:7,0,[OpportunityCardData_id:8]
6427017,808,1:27:12,0,[OpportunityCardData_id:8]
6427017,809,1:27:19,0,[OpportunityCardData_id:8,PriorityData_type:0,true]
6427017,810,1:27:22,0,[OpportunityCardData_id:8,PriorityData_type:1,20,Safe,Safe]
6427017,814,1:27:33,0,[3]
6427017,815,1:27:33,0,3,OpportunityCardData_id:19
6427017,815,1:27:37,0,3,OpportunityCardData_id:20
6427017,815,1:27:39,0,3,OpportunityCardData_id:21
6427017,815,1:27:44,0,3,OpportunityCardData_id:23
6427017,815,1:27:46,0,3,OpportunityCardData_id:24
6427017,815,1:27:47,0,3,OpportunityCardData_id:25
6427017,815,1:27:55,0,3,OpportunityCardData_id:19
6427017,815,1:27:57,0,3,OpportunityCardData_id:20
6427017,816,1:28:0,0,3,OpportunityCardData_id:20
6427017,803,1:28:1,0,[OpportunityCardData_id:20,OpportunityCardConsequencesData_logId:2]
6427017,803,1:28:4,0,[OpportunityCardData_id:20,OpportunityCardConsequencesData_logId:1]
6427017,803,1:28:6,0,[OpportunityCardData_id:20,OpportunityCardConsequencesData_logId:0]
6427017,804,1:28:9,0,[OpportunityCardData_id:20]
6427017,814,1:28:11,0,[3]
6427017,815,1:28:11,0,3,OpportunityCardData_id:19
6427017,816,1:28:13,0,3,OpportunityCardData_id:19
6427017,803,1:28:14,0,[OpportunityCardData_id:19,OpportunityCardConsequencesData_logId:2]
6427017,803,1:28:17,0,[OpportunityCardData_id:19,OpportunityCardConsequencesData_logId:1]
6427017,803,1:28:19,0,[OpportunityCardData_id:19,OpportunityCardConsequencesData_logId:0]
6427017,804,1:28:25,0,[OpportunityCardData_id:19]
6427017,814,1:28:26,0,[3]
6427017,815,1:28:26,0,3,OpportunityCardData_id:21
6427017,815,1:28:29,0,3,OpportunityCardData_id:23
6427017,815,1:28:29,0,3,OpportunityCardData_id:24
6427017,815,1:28:30,0,3,OpportunityCardData_id:25
6427017,815,1:28:32,0,3,OpportunityCardData_id:21
6427017,815,1:28:34,0,3,OpportunityCardData_id:25
6427017,815,1:28:34,0,3,OpportunityCardData_id:24
6427017,815,1:28:35,0,3,OpportunityCardData_id:23
6427017,815,1:28:36,0,3,OpportunityCardData_id:21
6427017,815,1:28:36,0,3,OpportunityCardData_id:25
6427017,816,1:28:39,0,3,OpportunityCardData_id:25
6427017,803,1:28:40,0,[OpportunityCardData_id:25,OpportunityCardConsequencesData_logId:2]
6427017,803,1:28:40,0,[OpportunityCardData_id:25,OpportunityCardConsequencesData_logId:1]
6427017,803,1:28:41,0,[OpportunityCardData_id:25,OpportunityCardConsequencesData_logId:0]
6427017,805,1:28:48,0,[OpportunityCardData_id:25]
6427017,806,1:29:2,0,[OpportunityCardData_id:25,PriorityData_type:4]
6427017,807,1:29:3,0,[OpportunityCardData_id:25]
6427017,808,1:29:7,0,[OpportunityCardData_id:25]
6427017,809,1:29:13,0,[OpportunityCardData_id:25,Safe,false]
6427017,810,1:29:17,0,[OpportunityCardData_id:25,PriorityData_type:3,5,Safe,Safe]
6427017,814,1:29:25,0,[4]
6427017,815,1:29:25,0,4,OpportunityCardData_id:22
6427017,815,1:29:29,0,4,OpportunityCardData_id:26
6427017,815,1:29:32,0,4,OpportunityCardData_id:27
6427017,815,1:29:35,0,4,OpportunityCardData_id:28
6427017,815,1:29:39,0,4,OpportunityCardData_id:29
6427017,815,1:29:42,0,4,OpportunityCardData_id:30
6427017,815,1:29:46,0,4,OpportunityCardData_id:31
6427017,815,1:29:48,0,4,OpportunityCardData_id:30
6427017,816,1:29:48,0,4,OpportunityCardData_id:30
6427017,803,1:29:49,0,[OpportunityCardData_id:30,OpportunityCardConsequencesData_logId:1]
6427017,803,1:29:52,0,[OpportunityCardData_id:30,OpportunityCardConsequencesData_logId:0]
6427017,804,1:29:58,0,[OpportunityCardData_id:30]
6427017,814,1:29:59,0,[5]
6427017,815,1:29:59,0,5,OpportunityCardData_id:32
6427017,817,1:30:3,0,5
6427017,814,1:30:4,0,[4]
6427017,815,1:30:4,0,4,OpportunityCardData_id:22
6427017,815,1:30:7,0,4,OpportunityCardData_id:31
6427017,816,1:30:11,0,4,OpportunityCardData_id:31
6427017,803,1:30:12,0,[OpportunityCardData_id:31,OpportunityCardConsequencesData_logId:0]
6427017,803,1:30:12,0,[OpportunityCardData_id:31,OpportunityCardConsequencesData_logId:1]
6427017,803,1:30:13,0,[OpportunityCardData_id:31,OpportunityCardConsequencesData_logId:2]
6427017,804,1:30:22,0,[OpportunityCardData_id:31]
6427017,814,1:30:28,0,[2]
6427017,815,1:30:28,0,2,OpportunityCardData_id:13
6427017,815,1:30:31,0,2,OpportunityCardData_id:14
6427017,816,1:30:34,0,2,OpportunityCardData_id:14
6427017,803,1:30:34,0,[OpportunityCardData_id:14,OpportunityCardConsequencesData_logId:2]
6427017,803,1:30:35,0,[OpportunityCardData_id:14,OpportunityCardConsequencesData_logId:1]
6427017,803,1:30:35,0,[OpportunityCardData_id:14,OpportunityCardConsequencesData_logId:0]
6427017,805,1:30:37,0,[OpportunityCardData_id:14]
6427017,806,1:30:40,0,[OpportunityCardData_id:14,PriorityData_type:3]
6427017,806,1:30:44,0,[OpportunityCardData_id:14,PriorityData_type:4]
6427017,807,1:30:48,0,[OpportunityCardData_id:14]
6427017,808,1:30:50,0,[OpportunityCardData_id:14]
6427017,809,1:30:56,0,[OpportunityCardData_id:14,PriorityData_type:4,true]
6427017,810,1:30:59,0,[OpportunityCardData_id:14,PriorityData_type:2,15,Safe,Safe]
6427017,814,1:31:14,0,[4]
6427017,815,1:31:14,0,4,OpportunityCardData_id:22
6427017,816,1:31:19,0,4,OpportunityCardData_id:22
6427017,803,1:31:20,0,[OpportunityCardData_id:22,OpportunityCardConsequencesData_logId:0]
6427017,803,1:31:21,0,[OpportunityCardData_id:22,OpportunityCardConsequencesData_logId:1]
6427017,805,1:31:26,0,[OpportunityCardData_id:22]
6427017,806,1:31:35,0,[OpportunityCardData_id:22,PriorityData_type:5]
6427017,807,1:31:38,0,[OpportunityCardData_id:22]
6427017,808,1:31:42,0,[OpportunityCardData_id:22]
6427017,809,1:31:47,0,[OpportunityCardData_id:22,PriorityData_type:5,true]
6427017,810,1:31:52,0,[OpportunityCardData_id:22,PriorityData_type:4,15,Safe,Safe]
6427017,811,1:32:36,0,[OpportunityCardData_id:22,PriorityData_type:2,80,85,PriorityData_type:4,70,60]
6427017,1000,1:32:39,0,[]
6427017,800,1:32:40,0,[]
6427017,801,1:32:42,0,[]
6427017,1002,1:32:57,0
6427017,1003,1:32:57,1
6427017,100,1:33:1,0
6427017,102,1:33:17,0
6427017,200,1:33:17,0,1,2,3,0,6
6427017,210,1:33:31,874,430
6427017,211,1:33:34,1044,521
6427017,221,1:33:42,0
6427017,300,1:33:45
6427017,220,1:33:45,0
6427017,305,1:33:54,0,1,1,0,im nice
6427017,221,1:34:1,0
6427017,220,1:34:28,0
6427017,210,1:34:31,719,381
6427017,211,1:34:33,760,380
6427017,213,1:34:33,0,c_teacherEng_G7a1P,false
6427017,1003,1:34:36,1
6427017,1004,1:34:38,0
6427017,800,1:34:44,0,[]
6427017,801,1:34:46,0,[]
6427017,814,1:34:50,0,[2]
6427017,815,1:34:50,0,2,OpportunityCardData_id:13
6427017,816,1:34:52,0,2,OpportunityCardData_id:13
6427017,805,1:34:54,0,[OpportunityCardData_id:13]
6427017,806,1:35:1,0,[OpportunityCardData_id:13,PriorityData_type:4]
6427017,807,1:35:2,0,[OpportunityCardData_id:13]
6427017,808,1:35:5,0,[OpportunityCardData_id:13]
6427017,809,1:35:15,0,[OpportunityCardData_id:13,PriorityData_type:4,true]
6427017,810,1:35:18,0,[OpportunityCardData_id:13,PriorityData_type:2,15,Safe,Safe]
6427017,814,1:35:26,0,[4]
6427017,815,1:35:26,0,4,OpportunityCardData_id:22
6427017,815,1:35:28,0,4,OpportunityCardData_id:31
6427017,816,1:35:31,0,4,OpportunityCardData_id:31
6427017,803,1:35:33,0,[OpportunityCardData_id:31,OpportunityCardConsequencesData_logId:0]
6427017,803,1:35:33,0,[OpportunityCardData_id:31,OpportunityCardConsequencesData_logId:1]
6427017,803,1:35:34,0,[OpportunityCardData_id:31,OpportunityCardConsequencesData_logId:2]
6427017,805,1:35:44,0,[OpportunityCardData_id:31]
6427017,806,1:35:48,0,[OpportunityCardData_id:31,PriorityData_type:0]
6427017,807,1:35:49,0,[OpportunityCardData_id:31]
6427017,808,1:35:51,0,[OpportunityCardData_id:31]
6427017,809,1:36:1,0,[OpportunityCardData_id:31,PriorityData_type:2,false]
6427017,810,1:36:5,0,[OpportunityCardData_id:31,PriorityData_type:4,10,PriorityData_type:2,15]
6427017,814,1:36:15,0,[4]
6427017,815,1:36:15,0,4,OpportunityCardData_id:22
6427017,817,1:36:18,0,4
6427017,814,1:36:19,0,[0]
6427017,815,1:36:19,0,0,OpportunityCardData_id:0
6427017,816,1:36:24,0,0,OpportunityCardData_id:0
6427017,803,1:36:24,0,[OpportunityCardData_id:0,OpportunityCardConsequencesData_logId:0]
6427017,803,1:36:25,0,[OpportunityCardData_id:0,OpportunityCardConsequencesData_logId:1]
6427017,803,1:36:26,0,[OpportunityCardData_id:0,OpportunityCardConsequencesData_logId:2]
6427017,805,1:36:32,0,[OpportunityCardData_id:0]
6427017,806,1:36:35,0,[OpportunityCardData_id:0,PriorityData_type:4]
6427017,806,1:36:38,0,[OpportunityCardData_id:0,PriorityData_type:2]
6427017,807,1:36:39,0,[OpportunityCardData_id:0]
6427017,808,1:36:41,0,[OpportunityCardData_id:0]
6427017,809,1:36:47,0,[OpportunityCardData_id:0,PriorityData_type:2,true]
6427017,810,1:36:51,0,[OpportunityCardData_id:0,PriorityData_type:0,15,Safe,Safe]
6427017,814,1:36:59,0,[2]
6427017,815,1:36:59,0,2,OpportunityCardData_id:14
6427017,815,1:37:1,0,2,OpportunityCardData_id:15
6427017,816,1:37:4,0,2,OpportunityCardData_id:15
6427017,803,1:37:5,0,[OpportunityCardData_id:15,OpportunityCardConsequencesData_logId:0]
6427017,803,1:37:5,0,[OpportunityCardData_id:15,OpportunityCardConsequencesData_logId:1]
6427017,805,1:37:11,0,[OpportunityCardData_id:15]
6427017,806,1:37:14,0,[OpportunityCardData_id:15,PriorityData_type:3]
6427017,807,1:37:15,0,[OpportunityCardData_id:15]
6427017,808,1:37:17,0,[OpportunityCardData_id:15]
6427017,809,1:37:22,0,[OpportunityCardData_id:15,PriorityData_type:3,true]
6427017,810,1:37:24,0,[OpportunityCardData_id:15,PriorityData_type:2,15,Safe,Safe]
6427017,814,1:37:27,0,[3]
6427017,815,1:37:27,0,3,OpportunityCardData_id:19
6427017,815,1:37:30,0,3,OpportunityCardData_id:25
6427017,815,1:37:33,0,3,OpportunityCardData_id:24
6427017,815,1:37:42,0,3,OpportunityCardData_id:23
6427017,816,1:37:45,0,3,OpportunityCardData_id:23
6427017,803,1:37:46,0,[OpportunityCardData_id:23,OpportunityCardConsequencesData_logId:0]
6427017,803,1:37:47,0,[OpportunityCardData_id:23,OpportunityCardConsequencesData_logId:1]
6427017,805,1:37:52,0,[OpportunityCardData_id:23]
6427017,806,1:38:0,0,[OpportunityCardData_id:23,PriorityData_type:5]
6427017,807,1:38:2,0,[OpportunityCardData_id:23]
6427017,808,1:38:5,0,[OpportunityCardData_id:23]
6427017,809,1:38:14,0,[OpportunityCardData_id:23,PriorityData_type:2,false]
6427017,810,1:38:16,0,[OpportunityCardData_id:23,PriorityData_type:3,10,PriorityData_type:2,15]
6427017,814,1:38:21,0,[4]
6427017,815,1:38:21,0,4,OpportunityCardData_id:22
6427017,815,1:38:24,0,4,OpportunityCardData_id:30
6427017,815,1:38:26,0,4,OpportunityCardData_id:29
6427017,815,1:38:28,0,4,OpportunityCardData_id:28
6427017,815,1:38:32,0,4,OpportunityCardData_id:27
6427017,817,1:38:35,0,4
6427017,1002,1:38:41,0
6427017,1003,1:38:41,1
6427017,210,1:38:45,959,463
6427017,211,1:38:49,596,128
6427017,213,1:38:49,0,s_atwoodPoster_gen,true
6427017,210,1:40:46,925,400
6427017,211,1:40:48,976,423
6427017,212,1:40:49,0
6427017,210,1:40:50,972,455
6427017,211,1:40:50,968,469
6427017,213,1:40:50,0,c_bestFriend_M_a_G7a1P,true
6427017,1003,1:40:54,0
6427017,1004,1:40:56,0
6427017,400,1:41:8,0,[]
6427017,401,1:41:20,0,[StatementsData_logId:0]
6427017,403,1:41:20,0,[StatementsData_logId:0,true]
6427017,405,1:41:22,0,[StatementsData_logId:0]
6427017,406,1:41:26,0,[StatementsData_logId:0,2]
6427017,407,1:41:26,0,[StatementsData_logId:0,FactCardData_id:5]
6427017,407,1:41:26,0,[StatementsData_logId:0,FactCardData_id:4]
6427017,407,1:41:26,0,[StatementsData_logId:0,FactCardData_id:6]
6427017,407,1:41:26,0,[StatementsData_logId:0,FactCardData_id:7]
6427017,407,1:41:26,0,[StatementsData_logId:0,FactCardData_id:0]
6427017,407,1:41:26,0,[StatementsData_logId:0,FactCardData_id:3]
6427017,407,1:41:42,0,[StatementsData_logId:0,FactCardData_id:6]
6427017,407,1:41:42,0,[StatementsData_logId:0,FactCardData_id:6]
6427017,407,1:41:45,0,[StatementsData_logId:0,FactCardData_id:5]
6427017,407,1:41:45,0,[StatementsData_logId:0,FactCardData_id:6]
6427017,407,1:41:45,0,[StatementsData_logId:0,FactCardData_id:5]
6427017,407,1:41:45,0,[StatementsData_logId:0,FactCardData_id:0]
6427017,407,1:41:45,0,[StatementsData_logId:0,FactCardData_id:5]
6427017,407,1:41:45,0,[StatementsData_logId:0,FactCardData_id:0]
6427017,407,1:41:47,0,[StatementsData_logId:0,FactCardData_id:5]
6427017,407,1:41:47,0,[StatementsData_logId:0,FactCardData_id:0]
6427017,407,1:41:47,0,[StatementsData_logId:0,FactCardData_id:5]
6427017,407,1:41:50,0,[StatementsData_logId:0,FactCardData_id:6]
6427017,407,1:41:50,0,[StatementsData_logId:0,FactCardData_id:5]
6427017,407,1:41:50,0,[StatementsData_logId:0,FactCardData_id:6]
6427017,407,1:41:56,0,[StatementsData_logId:0,FactCardData_id:0]
6427017,407,1:41:56,0,[StatementsData_logId:0,FactCardData_id:6]
6427017,407,1:41:56,0,[StatementsData_logId:0,FactCardData_id:0]
6427017,407,1:42:2,0,[StatementsData_logId:0,FactCardData_id:6]
6427017,407,1:42:2,0,[StatementsData_logId:0,FactCardData_id:0]
6427017,407,1:42:2,0,[StatementsData_logId:0,FactCardData_id:6]
6427017,408,1:42:3,0,[StatementsData_logId:0,FactCardData_id:6,true]
6427017,409,1:42:3,0,[StatementsData_logId:0]
6427017,410,1:42:7,0,[StatementsData_logId:0,2]
6427017,412,1:42:11,0,[StatementsData_logId:0]
6427017,413,1:42:18,0,[StatementsData_logId:0,DuelResponsesData_logId:0]
6427017,414,1:42:21,0,[StatementsData_logId:0,DuelResponsesData_logId:0]
6427017,415,1:42:43,0,[StatementsData_logId:0,DuelResponsesData_logId:0,DuelResponsesData_ok_player_response]
6427017,416,1:42:44,0,[StatementsData_logId:0,DuelResponsesData_logId:0]
6427017,417,1:42:46,0,[StatementsData_logId:0,DuelResponsesData_logId:0]
6427017,413,1:42:51,0,[StatementsData_logId:0,DuelResponsesData_logId:1]
6427017,414,1:42:54,0,[StatementsData_logId:0,DuelResponsesData_logId:1]
6427017,415,1:43:5,0,[StatementsData_logId:0,DuelResponsesData_logId:1,DuelResponsesData_witty_player_response]
6427017,416,1:43:6,0,[StatementsData_logId:0,DuelResponsesData_logId:1]
6427017,417,1:43:10,0,[StatementsData_logId:0,DuelResponsesData_logId:1]
6427017,413,1:43:22,0,[StatementsData_logId:0,DuelResponsesData_logId:2]
6427017,414,1:43:24,0,[StatementsData_logId:0,DuelResponsesData_logId:2]
6427017,415,1:43:44,0,[StatementsData_logId:0,DuelResponsesData_logId:2,DuelResponsesData_witty_player_response]
6427017,416,1:43:45,0,[StatementsData_logId:0,DuelResponsesData_logId:2]
6427017,417,1:43:48,0,[StatementsData_logId:0,DuelResponsesData_logId:2]
6427017,418,1:43:48,0,[StatementsData_logId:0,true]
6427017,419,1:43:58,0,[StatementsData_logId:0,4]
6427017,411,1:44:2,0,[StatementsData_logId:0]
6427017,401,1:44:8,0,[StatementsData_logId:1]
6427017,402,1:44:9,0,[StatementsData_logId:1,true]
6427017,405,1:44:11,0,[StatementsData_logId:1]
6427017,406,1:44:16,0,[StatementsData_logId:1,2]
6427017,411,1:44:19,0,[StatementsData_logId:1]
6427017,401,1:44:24,0,[StatementsData_logId:2]
6427017,404,1:44:25,0,[StatementsData_logId:2,true]
6427017,406,1:44:26,0,[StatementsData_logId:2,2]
6427017,412,1:44:29,0,[StatementsData_logId:2]
6427017,413,1:44:33,0,[StatementsData_logId:2,DuelResponsesData_logId:3]
6427017,414,1:44:35,0,[StatementsData_logId:2,DuelResponsesData_logId:3]
6427017,415,1:44:51,0,[StatementsData_logId:2,DuelResponsesData_logId:3,DuelResponsesData_ok_player_response]
6427017,416,1:44:52,0,[StatementsData_logId:2,DuelResponsesData_logId:3]
6427017,417,1:44:53,0,[StatementsData_logId:2,DuelResponsesData_logId:3]
6427017,413,1:44:58,0,[StatementsData_logId:2,DuelResponsesData_logId:4]
6427017,414,1:45:2,0,[StatementsData_logId:2,DuelResponsesData_logId:4]
6427017,415,1:45:23,0,[StatementsData_logId:2,DuelResponsesData_logId:4,DuelResponsesData_ok_player_response]
6427017,416,1:45:24,0,[StatementsData_logId:2,DuelResponsesData_logId:4]
6427017,417,1:45:26,0,[StatementsData_logId:2,DuelResponsesData_logId:4]
6427017,413,1:45:29,0,[StatementsData_logId:2,DuelResponsesData_logId:5]
6427017,414,1:45:31,0,[StatementsData_logId:2,DuelResponsesData_logId:5]
6427017,415,1:45:48,0,[StatementsData_logId:2,DuelResponsesData_logId:5,DuelResponsesData_lame_player_response]
6427017,416,1:45:49,0,[StatementsData_logId:2,DuelResponsesData_logId:5]
6427017,417,1:45:51,0,[StatementsData_logId:2,DuelResponsesData_logId:5]
6427017,418,1:45:51,0,[StatementsData_logId:2,false]
6427017,419,1:45:59,0,[StatementsData_logId:2,-4]
6427017,411,1:46:0,0,[StatementsData_logId:2]
6427017,401,1:46:10,0,[StatementsData_logId:3]
6427017,404,1:46:13,0,[StatementsData_logId:3,false]
6427017,405,1:46:14,0,[StatementsData_logId:3]
6427017,406,1:46:18,0,[StatementsData_logId:3,-2]
6427017,411,1:46:20,0,[StatementsData_logId:3]
6427017,401,1:46:23,0,[StatementsData_logId:4]
6427017,402,1:46:23,0,[StatementsData_logId:4,true]
6427017,405,1:46:24,0,[StatementsData_logId:4]
6427017,406,1:46:30,0,[StatementsData_logId:4,2]
6427017,411,1:46:31,0,[StatementsData_logId:4]
6427017,401,1:46:34,0,[StatementsData_logId:5]
6427017,404,1:46:36,0,[StatementsData_logId:5,true]
6427017,406,1:46:37,0,[StatementsData_logId:5,2]
6427017,412,1:46:42,0,[StatementsData_logId:5]
6427017,413,1:46:45,0,[StatementsData_logId:5,DuelResponsesData_logId:9]
6427017,414,1:46:46,0,[StatementsData_logId:5,DuelResponsesData_logId:9]
6427017,415,1:47:6,0,[StatementsData_logId:5,DuelResponsesData_logId:9,DuelResponsesData_ok_player_response]
6427017,416,1:47:7,0,[StatementsData_logId:5,DuelResponsesData_logId:9]
6427017,417,1:47:8,0,[StatementsData_logId:5,DuelResponsesData_logId:9]
6427017,413,1:47:11,0,[StatementsData_logId:5,DuelResponsesData_logId:10]
6427017,414,1:47:13,0,[StatementsData_logId:5,DuelResponsesData_logId:10]
6427017,415,1:47:30,0,[StatementsData_logId:5,DuelResponsesData_logId:10,DuelResponsesData_witty_player_response]
6427017,416,1:47:31,0,[StatementsData_logId:5,DuelResponsesData_logId:10]
6427017,417,1:47:32,0,[StatementsData_logId:5,DuelResponsesData_logId:10]
6427017,413,1:47:40,0,[StatementsData_logId:5,DuelResponsesData_logId:11]
6427017,414,1:47:43,0,[StatementsData_logId:5,DuelResponsesData_logId:11]
6427017,415,1:47:50,0,[StatementsData_logId:5,DuelResponsesData_logId:11,DuelResponsesData_witty_player_response]
6427017,416,1:47:51,0,[StatementsData_logId:5,DuelResponsesData_logId:11]
6427017,417,1:47:53,0,[StatementsData_logId:5,DuelResponsesData_logId:11]
6427017,418,1:47:53,0,[StatementsData_logId:5,true]
6427017,419,1:48:3,0,[StatementsData_logId:5,4]
6427017,411,1:48:11,0,[StatementsData_logId:5]
6427017,420,1:48:11,0,[46]
6427017,1005,1:48:11,0,[0,1,2]
6427017,1001,1:48:15,0,[]
6427017,1003,1:48:15,0
6427017,1004,1:48:21,0
6427017,400,1:48:23,0,[]
6427017,401,1:48:25,0,[StatementsData_logId:0]
6427017,404,1:48:31,0,[StatementsData_logId:0,false]
6427017,405,1:48:31,0,[StatementsData_logId:0]
6427017,1002,1:48:43,0
6427017,1003,1:48:43,0
6427017,1004,1:48:45,0
6427017,400,1:48:50,0,[]
6427017,401,1:48:52,0,[StatementsData_logId:0]
6427017,403,1:48:55,0,[StatementsData_logId:0,true]
6427017,405,1:48:56,0,[StatementsData_logId:0]
6427017,406,1:49:5,0,[StatementsData_logId:0,2]
6427017,407,1:49:5,0,[StatementsData_logId:0,FactCardData_id:7]
6427017,407,1:49:5,0,[StatementsData_logId:0,FactCardData_id:5]
6427017,407,1:49:5,0,[StatementsData_logId:0,FactCardData_id:3]
6427017,407,1:49:5,0,[StatementsData_logId:0,FactCardData_id:0]
6427017,407,1:49:5,0,[StatementsData_logId:0,FactCardData_id:4]
6427017,407,1:49:5,0,[StatementsData_logId:0,FactCardData_id:6]
6427017,407,1:49:9,0,[StatementsData_logId:0,FactCardData_id:3]
6427017,407,1:49:9,0,[StatementsData_logId:0,FactCardData_id:3]
6427017,407,1:49:12,0,[StatementsData_logId:0,FactCardData_id:4]
6427017,407,1:49:12,0,[StatementsData_logId:0,FactCardData_id:3]
6427017,407,1:49:12,0,[StatementsData_logId:0,FactCardData_id:4]
6427017,407,1:49:17,0,[StatementsData_logId:0,FactCardData_id:3]
6427017,407,1:49:17,0,[StatementsData_logId:0,FactCardData_id:4]
6427017,407,1:49:17,0,[StatementsData_logId:0,FactCardData_id:3]
6427017,408,1:49:17,0,[StatementsData_logId:0,FactCardData_id:3,false]
6427017,406,1:49:20,0,[StatementsData_logId:0,-2]
6427017,411,1:49:22,0,[StatementsData_logId:0]
6427017,401,1:49:24,0,[StatementsData_logId:1]
6427017,404,1:49:24,0,[StatementsData_logId:1,false]
6427017,405,1:49:25,0,[StatementsData_logId:1]
6427017,406,1:49:37,0,[StatementsData_logId:1,-2]
6427017,411,1:49:39,0,[StatementsData_logId:1]
6427017,1002,1:51:20,0
6427017,1003,1:51:20,0
6427017,100,1:51:23,0
6427017,102,1:51:24,0
6427017,200,1:51:24,0,2,2,3,0,6
6427017,210,1:51:30,1095,545
6427017,211,1:51:31,1095,417
6427017,210,1:51:37,1299,319
6427017,207,1:51:48,0,-400,0
6427017,211,1:51:49,293,315
6427017,212,1:51:50,1
6427017,210,1:51:51,490,232
6427017,211,1:51:53,455,189
6427017,212,1:51:54,0
6427017,210,1:51:55,455,145
6427017,211,1:52:2,171,651
6427017,207,1:52:5,0,0,-30
6427017,207,1:52:5,0,-30,-75
6427017,210,1:52:6,943,384
6427017,211,1:52:8,657,213
6427017,210,1:52:9,872,437
6427017,211,1:52:9,872,437
6427017,207,1:52:10,0,-75,-105
6427017,210,1:52:10,966,368
6427017,211,1:52:10,966,368
6427017,207,1:52:10,0,-105,-135
6427017,207,1:52:11,0,-135,-180
6427017,207,1:52:11,0,-180,-210
6427017,207,1:52:11,0,-210,-225
6427017,207,1:52:12,0,-225,-240
6427017,210,1:52:12,1004,422
6427017,211,1:52:12,1004,422
6427017,213,1:52:12,0,c_bestFriend_M_a_G7a1P,true
6427017,210,1:54:19,671,507
6427017,211,1:54:20,773,523
6427017,212,1:54:22,1
6427017,210,1:54:23,749,439
6427017,211,1:54:25,753,432
6427017,213,1:54:25,0,c_teacherEng_G7a1P,false
6427017,1003,1:54:38,1
6427017,1004,1:54:40,0
6427017,800,1:54:43,0,[]
6427017,801,1:54:48,0,[]
6427017,814,1:55:3,0,[2]
6427017,815,1:55:3,0,2,OpportunityCardData_id:13
6427017,815,1:55:5,0,2,OpportunityCardData_id:14
6427017,816,1:55:7,0,2,OpportunityCardData_id:14
6427017,803,1:55:8,0,[OpportunityCardData_id:14,OpportunityCardConsequencesData_logId:0]
6427017,803,1:55:8,0,[OpportunityCardData_id:14,OpportunityCardConsequencesData_logId:1]
6427017,803,1:55:11,0,[OpportunityCardData_id:14,OpportunityCardConsequencesData_logId:2]
6427017,805,1:55:25,0,[OpportunityCardData_id:14]
6427017,806,1:55:27,0,[OpportunityCardData_id:14,PriorityData_type:3]
6427017,807,1:55:40,0,[OpportunityCardData_id:14]
6427017,808,1:55:43,0,[OpportunityCardData_id:14]
6427017,809,1:55:48,0,[OpportunityCardData_id:14,PriorityData_type:3,true]
6427017,810,1:55:50,0,[OpportunityCardData_id:14,PriorityData_type:2,15,Safe,Safe]
6427017,814,1:55:53,0,[4]
6427017,815,1:55:53,0,4,OpportunityCardData_id:22
6427017,817,1:55:56,0,4
6427017,814,1:55:57,0,[5]
6427017,815,1:55:57,0,5,OpportunityCardData_id:32
6427017,816,1:56:1,0,5,OpportunityCardData_id:32
6427017,803,1:56:2,0,[OpportunityCardData_id:32,OpportunityCardConsequencesData_logId:0]
6427017,803,1:56:2,0,[OpportunityCardData_id:32,OpportunityCardConsequencesData_logId:1]
6427017,805,1:56:8,0,[OpportunityCardData_id:32]
6427017,806,1:56:27,0,[OpportunityCardData_id:32,PriorityData_type:4]
6427017,807,1:56:28,0,[OpportunityCardData_id:32]
6427017,808,1:56:34,0,[OpportunityCardData_id:32]
6427017,809,1:56:40,0,[OpportunityCardData_id:32,PriorityData_type:4,true]
6427017,810,1:56:41,0,[OpportunityCardData_id:32,PriorityData_type:5,20,Safe,Safe]
6427017,814,1:56:48,0,[4]
6427017,815,1:56:48,0,4,OpportunityCardData_id:22
6427017,815,1:56:52,0,4,OpportunityCardData_id:31
6427017,815,1:56:54,0,4,OpportunityCardData_id:30
6427017,815,1:56:57,0,4,OpportunityCardData_id:29
6427017,815,1:56:59,0,4,OpportunityCardData_id:28
6427017,815,1:57:1,0,4,OpportunityCardData_id:27
6427017,815,1:57:4,0,4,OpportunityCardData_id:26
6427017,815,1:57:15,0,4,OpportunityCardData_id:27
6427017,817,1:57:17,0,4
6427017,814,1:57:20,0,[1]
6427017,815,1:57:20,0,1,OpportunityCardData_id:7
6427017,815,1:57:23,0,1,OpportunityCardData_id:8
6427017,815,1:57:28,0,1,OpportunityCardData_id:9
6427017,816,1:57:31,0,1,OpportunityCardData_id:9
6427017,803,1:57:32,0,[OpportunityCardData_id:9,OpportunityCardConsequencesData_logId:0]
6427017,803,1:57:32,0,[OpportunityCardData_id:9,OpportunityCardConsequencesData_logId:1]
6427017,805,1:57:35,0,[OpportunityCardData_id:9]
6427017,806,1:57:40,0,[OpportunityCardData_id:9,PriorityData_type:5]
6427017,807,1:57:41,0,[OpportunityCardData_id:9]
6427017,808,1:57:43,0,[OpportunityCardData_id:9]
6427017,809,1:57:53,0,[OpportunityCardData_id:9,Safe,false]
6427017,810,1:57:55,0,[OpportunityCardData_id:9,PriorityData_type:1,5,Safe,Safe]
6427017,814,1:58:56,0,[4]
6427017,815,1:58:56,0,4,OpportunityCardData_id:22
6427017,816,1:59:1,0,4,OpportunityCardData_id:22
6427017,805,1:59:3,0,[OpportunityCardData_id:22]
6427017,806,1:59:15,0,[OpportunityCardData_id:22,PriorityData_type:2]
6427017,807,1:59:15,0,[OpportunityCardData_id:22]
6427017,808,1:59:17,0,[OpportunityCardData_id:22]
6427017,809,1:59:22,0,[OpportunityCardData_id:22,Safe,false]
6427017,810,1:59:24,0,[OpportunityCardData_id:22,PriorityData_type:4,15,Safe,Safe]
6427017,814,1:59:33,0,[4]
6427017,815,1:59:33,0,4,OpportunityCardData_id:26
6427017,817,1:59:42,0,4
6427017,814,1:59:43,0,[3]
6427017,815,1:59:43,0,3,OpportunityCardData_id:19
6427017,817,1:59:45,0,3
6427017,814,1:59:46,0,[2]
6427017,815,1:59:46,0,2,OpportunityCardData_id:13
6427017,815,1:59:48,0,2,OpportunityCardData_id:15
6427017,817,1:59:50,0,2
6427017,814,1:59:51,0,[4]
6427017,815,1:59:51,0,4,OpportunityCardData_id:26
6427017,815,1:59:52,0,4,OpportunityCardData_id:27
6427017,815,1:59:53,0,4,OpportunityCardData_id:28
6427017,815,1:59:54,0,4,OpportunityCardData_id:29
6427017,815,1:59:55,0,4,OpportunityCardData_id:30
6427017,815,1:59:57,0,4,OpportunityCardData_id:31
6427017,815,1:59:58,0,4,OpportunityCardData_id:26
6427017,815,1:59:59,0,4,OpportunityCardData_id:27
6427017,817,2:0:0,0,4
6427017,814,2:0:1,0,[5]
6427017,815,2:0:1,0,5,OpportunityCardData_id:33
6427017,816,2:0:6,0,5,OpportunityCardData_id:33
6427017,803,2:0:7,0,[OpportunityCardData_id:33,OpportunityCardConsequencesData_logId:0]
6427017,803,2:0:7,0,[OpportunityCardData_id:33,OpportunityCardConsequencesData_logId:1]
6427017,803,2:0:8,0,[OpportunityCardData_id:33,OpportunityCardConsequencesData_logId:2]
6427017,805,2:0:13,0,[OpportunityCardData_id:33]
6427017,806,2:0:17,0,[OpportunityCardData_id:33,PriorityData_type:3]
6427017,807,2:0:18,0,[OpportunityCardData_id:33]
6427017,808,2:0:20,0,[OpportunityCardData_id:33]
6427017,809,2:0:24,0,[OpportunityCardData_id:33,PriorityData_type:3,true]
6427017,810,2:0:25,0,[OpportunityCardData_id:33,PriorityData_type:5,15,Safe,Safe]
6427017,814,2:0:31,0,[4]
6427017,815,2:0:31,0,4,OpportunityCardData_id:26
6427017,815,2:0:32,0,4,OpportunityCardData_id:27
6427017,815,2:0:33,0,4,OpportunityCardData_id:28
6427017,815,2:0:36,0,4,OpportunityCardData_id:29
6427017,815,2:0:39,0,4,OpportunityCardData_id:30
6427017,815,2:0:41,0,4,OpportunityCardData_id:31
6427017,815,2:0:43,0,4,OpportunityCardData_id:26
6427017,815,2:0:44,0,4,OpportunityCardData_id:31
6427017,816,2:0:45,0,4,OpportunityCardData_id:31
6427017,803,2:0:46,0,[OpportunityCardData_id:31,OpportunityCardConsequencesData_logId:0]
6427017,803,2:0:46,0,[OpportunityCardData_id:31,OpportunityCardConsequencesData_logId:1]
6427017,803,2:0:47,0,[OpportunityCardData_id:31,OpportunityCardConsequencesData_logId:2]
6427017,805,2:0:49,0,[OpportunityCardData_id:31]
6427017,806,2:0:52,0,[OpportunityCardData_id:31,PriorityData_type:2]
6427017,807,2:0:53,0,[OpportunityCardData_id:31]
6427017,808,2:0:55,0,[OpportunityCardData_id:31]
6427017,809,2:1:0,0,[OpportunityCardData_id:31,Safe,false]
6427017,810,2:1:2,0,[OpportunityCardData_id:31,PriorityData_type:4,10,Safe,Safe]
6427017,818,2:1:6,0,2
6427017,811,2:1:18,0,[OpportunityCardData_id:31,PriorityData_type:2,80,85,PriorityData_type:4,70,70]
6427017,1005,2:1:18,0,[1,2,3]
6427017,1001,2:1:21,0,[]
6427017,1003,2:1:21,1
6427017,213,2:1:27,0,c_teacherEng_G7a1P,true
6427017,205,2:1:27,0,c_teacherEng_G7a1P,false,false
6427017,210,2:1:35,931,436
6427017,211,2:1:35,932,439
6427017,212,2:1:36,0
6427017,210,2:1:37,982,498
6427017,211,2:1:37,972,495
6427017,213,2:1:37,0,c_bestFriend_M_a_G7a1P,true
6427017,1003,2:1:41,0
6427017,1004,2:1:42,0
6427017,400,2:1:47,0,[]
6427017,401,2:1:55,0,[StatementsData_logId:0]
6427017,403,2:1:57,0,[StatementsData_logId:0,true]
6427017,405,2:1:58,0,[StatementsData_logId:0]
6427017,406,2:1:59,0,[StatementsData_logId:0,2]
6427017,407,2:1:59,0,[StatementsData_logId:0,FactCardData_id:3]
6427017,407,2:1:59,0,[StatementsData_logId:0,FactCardData_id:5]
6427017,407,2:1:59,0,[StatementsData_logId:0,FactCardData_id:6]
6427017,407,2:1:59,0,[StatementsData_logId:0,FactCardData_id:7]
6427017,407,2:1:59,0,[StatementsData_logId:0,FactCardData_id:4]
6427017,407,2:1:59,0,[StatementsData_logId:0,FactCardData_id:0]
6427017,407,2:2:2,0,[StatementsData_logId:0,FactCardData_id:6]
6427017,407,2:2:2,0,[StatementsData_logId:0,FactCardData_id:6]
6427017,408,2:2:5,0,[StatementsData_logId:0,FactCardData_id:6,true]
6427017,409,2:2:5,0,[StatementsData_logId:0]
6427017,410,2:2:7,0,[StatementsData_logId:0,2]
6427017,412,2:2:12,0,[StatementsData_logId:0]
6427017,413,2:2:19,0,[StatementsData_logId:0,DuelResponsesData_logId:0]
6427017,414,2:2:24,0,[StatementsData_logId:0,DuelResponsesData_logId:0]
6427017,415,2:2:37,0,[StatementsData_logId:0,DuelResponsesData_logId:0,DuelResponsesData_ok_player_response]
6427017,416,2:2:38,0,[StatementsData_logId:0,DuelResponsesData_logId:0]
6427017,417,2:2:40,0,[StatementsData_logId:0,DuelResponsesData_logId:0]
6427017,413,2:2:46,0,[StatementsData_logId:0,DuelResponsesData_logId:1]
6427017,414,2:2:48,0,[StatementsData_logId:0,DuelResponsesData_logId:1]
6427017,415,2:2:54,0,[StatementsData_logId:0,DuelResponsesData_logId:1,DuelResponsesData_ok_player_response]
6427017,416,2:2:54,0,[StatementsData_logId:0,DuelResponsesData_logId:1]
6427017,417,2:2:56,0,[StatementsData_logId:0,DuelResponsesData_logId:1]
6427017,413,2:3:1,0,[StatementsData_logId:0,DuelResponsesData_logId:2]
6427017,414,2:3:4,0,[StatementsData_logId:0,DuelResponsesData_logId:2]
6427017,415,2:3:12,0,[StatementsData_logId:0,DuelResponsesData_logId:2,DuelResponsesData_ok_player_response]
6427017,416,2:3:13,0,[StatementsData_logId:0,DuelResponsesData_logId:2]
6427017,417,2:3:16,0,[StatementsData_logId:0,DuelResponsesData_logId:2]
6427017,418,2:3:16,0,[StatementsData_logId:0,false]
6427017,419,2:3:25,0,[StatementsData_logId:0,-4]
6427017,411,2:3:29,0,[StatementsData_logId:0]
6427017,401,2:3:35,0,[StatementsData_logId:1]
6427017,402,2:3:36,0,[StatementsData_logId:1,true]
6427017,405,2:3:37,0,[StatementsData_logId:1]
6427017,406,2:3:41,0,[StatementsData_logId:1,2]
6427017,411,2:3:42,0,[StatementsData_logId:1]
6427017,401,2:3:45,0,[StatementsData_logId:2]
6427017,404,2:3:46,0,[StatementsData_logId:2,true]
6427017,406,2:3:47,0,[StatementsData_logId:2,2]
6427017,412,2:3:50,0,[StatementsData_logId:2]
6427017,413,2:3:53,0,[StatementsData_logId:2,DuelResponsesData_logId:3]
6427017,414,2:3:55,0,[StatementsData_logId:2,DuelResponsesData_logId:3]
6427017,415,2:4:6,0,[StatementsData_logId:2,DuelResponsesData_logId:3,DuelResponsesData_witty_player_response]
6427017,416,2:4:7,0,[StatementsData_logId:2,DuelResponsesData_logId:3]
6427017,417,2:4:9,0,[StatementsData_logId:2,DuelResponsesData_logId:3]
6427017,413,2:4:18,0,[StatementsData_logId:2,DuelResponsesData_logId:4]
6427017,414,2:4:21,0,[StatementsData_logId:2,DuelResponsesData_logId:4]
6427017,415,2:4:36,0,[StatementsData_logId:2,DuelResponsesData_logId:4,DuelResponsesData_witty_player_response]
6427017,416,2:4:37,0,[StatementsData_logId:2,DuelResponsesData_logId:4]
6427017,417,2:4:39,0,[StatementsData_logId:2,DuelResponsesData_logId:4]
6427017,413,2:4:40,0,[StatementsData_logId:2,DuelResponsesData_logId:5]
6427017,414,2:4:48,0,[StatementsData_logId:2,DuelResponsesData_logId:5]
6427017,415,2:4:57,0,[StatementsData_logId:2,DuelResponsesData_logId:5,DuelResponsesData_lame_player_response]
6427017,416,2:4:58,0,[StatementsData_logId:2,DuelResponsesData_logId:5]
6427017,417,2:5:0,0,[StatementsData_logId:2,DuelResponsesData_logId:5]
6427017,418,2:5:0,0,[StatementsData_logId:2,true]
6427017,419,2:5:15,0,[StatementsData_logId:2,4]
6427017,411,2:5:16,0,[StatementsData_logId:2]
6427017,401,2:5:25,0,[StatementsData_logId:3]
6427017,403,2:5:28,0,[StatementsData_logId:3,true]
6427017,405,2:5:30,0,[StatementsData_logId:3]
6427017,406,2:5:33,0,[StatementsData_logId:3,2]
6427017,407,2:5:33,0,[StatementsData_logId:3,FactCardData_id:5]
6427017,407,2:5:33,0,[StatementsData_logId:3,FactCardData_id:4]
6427017,407,2:5:33,0,[StatementsData_logId:3,FactCardData_id:3]
6427017,407,2:5:33,0,[StatementsData_logId:3,FactCardData_id:6]
6427017,407,2:5:33,0,[StatementsData_logId:3,FactCardData_id:0]
6427017,407,2:5:33,0,[StatementsData_logId:3,FactCardData_id:7]
6427017,407,2:5:37,0,[StatementsData_logId:3,FactCardData_id:5]
6427017,407,2:5:37,0,[StatementsData_logId:3,FactCardData_id:5]
6427017,407,2:5:39,0,[StatementsData_logId:3,FactCardData_id:4]
6427017,407,2:5:39,0,[StatementsData_logId:3,FactCardData_id:5]
6427017,407,2:5:39,0,[StatementsData_logId:3,FactCardData_id:4]
6427017,407,2:5:40,0,[StatementsData_logId:3,FactCardData_id:6]
6427017,407,2:5:40,0,[StatementsData_logId:3,FactCardData_id:4]
6427017,407,2:5:40,0,[StatementsData_logId:3,FactCardData_id:6]
6427017,407,2:5:43,0,[StatementsData_logId:3,FactCardData_id:7]
6427017,407,2:5:43,0,[StatementsData_logId:3,FactCardData_id:6]
6427017,407,2:5:43,0,[StatementsData_logId:3,FactCardData_id:7]
6427017,407,2:5:48,0,[StatementsData_logId:3,FactCardData_id:0]
6427017,407,2:5:48,0,[StatementsData_logId:3,FactCardData_id:7]
6427017,407,2:5:48,0,[StatementsData_logId:3,FactCardData_id:0]
6427017,408,2:5:50,0,[StatementsData_logId:3,FactCardData_id:0,true]
6427017,409,2:5:50,0,[StatementsData_logId:3]
6427017,410,2:5:56,0,[StatementsData_logId:3,2]
6427017,412,2:5:59,0,[StatementsData_logId:3]
6427017,413,2:6:5,0,[StatementsData_logId:3,DuelResponsesData_logId:6]
6427017,414,2:6:8,0,[StatementsData_logId:3,DuelResponsesData_logId:6]
6427017,415,2:6:14,0,[StatementsData_logId:3,DuelResponsesData_logId:6,DuelResponsesData_witty_player_response]
6427017,416,2:6:15,0,[StatementsData_logId:3,DuelResponsesData_logId:6]
6427017,417,2:6:18,0,[StatementsData_logId:3,DuelResponsesData_logId:6]
6427017,413,2:6:24,0,[StatementsData_logId:3,DuelResponsesData_logId:7]
6427017,414,2:6:26,0,[StatementsData_logId:3,DuelResponsesData_logId:7]
6427017,415,2:6:40,0,[StatementsData_logId:3,DuelResponsesData_logId:7,DuelResponsesData_ok_player_response]
6427017,416,2:6:41,0,[StatementsData_logId:3,DuelResponsesData_logId:7]
6427017,417,2:6:42,0,[StatementsData_logId:3,DuelResponsesData_logId:7]
6427017,413,2:6:48,0,[StatementsData_logId:3,DuelResponsesData_logId:8]
6427017,414,2:6:50,0,[StatementsData_logId:3,DuelResponsesData_logId:8]
6427017,415,2:7:3,0,[StatementsData_logId:3,DuelResponsesData_logId:8,DuelResponsesData_witty_player_response]
6427017,416,2:7:4,0,[StatementsData_logId:3,DuelResponsesData_logId:8]
6427017,417,2:7:7,0,[StatementsData_logId:3,DuelResponsesData_logId:8]
6427017,418,2:7:7,0,[StatementsData_logId:3,true]
6427017,419,2:7:13,0,[StatementsData_logId:3,4]
6427017,411,2:7:16,0,[StatementsData_logId:3]
6427017,401,2:7:20,0,[StatementsData_logId:4]
6427017,402,2:7:22,0,[StatementsData_logId:4,true]
6427017,405,2:7:23,0,[StatementsData_logId:4]
6427017,406,2:7:29,0,[StatementsData_logId:4,2]
6427017,411,2:7:30,0,[StatementsData_logId:4]
6427017,401,2:7:39,0,[StatementsData_logId:5]
6427017,403,2:7:43,0,[StatementsData_logId:5,false]
6427017,405,2:7:44,0,[StatementsData_logId:5]
6427017,406,2:7:47,0,[StatementsData_logId:5,-2]
6427017,411,2:7:49,0,[StatementsData_logId:5]
6427017,420,2:7:49,0,[48]
6427017,1000,2:7:51,0,[]
6427017,400,2:7:52,0,[]
6427017,401,2:7:54,0,[StatementsData_logId:0]
6427017,403,2:7:57,0,[StatementsData_logId:0,true]
6427017,405,2:7:58,0,[StatementsData_logId:0]
6427017,406,2:7:59,0,[StatementsData_logId:0,2]
6427017,407,2:7:59,0,[StatementsData_logId:0,FactCardData_id:5]
6427017,407,2:7:59,0,[StatementsData_logId:0,FactCardData_id:7]
6427017,407,2:7:59,0,[StatementsData_logId:0,FactCardData_id:6]
6427017,407,2:7:59,0,[StatementsData_logId:0,FactCardData_id:0]
6427017,407,2:7:59,0,[StatementsData_logId:0,FactCardData_id:3]
6427017,407,2:7:59,0,[StatementsData_logId:0,FactCardData_id:4]
6427017,407,2:8:2,0,[StatementsData_logId:0,FactCardData_id:3]
6427017,407,2:8:2,0,[StatementsData_logId:0,FactCardData_id:3]
6427017,407,2:8:6,0,[StatementsData_logId:0,FactCardData_id:6]
6427017,407,2:8:6,0,[StatementsData_logId:0,FactCardData_id:3]
6427017,407,2:8:6,0,[StatementsData_logId:0,FactCardData_id:6]
6427017,408,2:8:9,0,[StatementsData_logId:0,FactCardData_id:6,true]
6427017,409,2:8:9,0,[StatementsData_logId:0]
6427017,410,2:8:11,0,[StatementsData_logId:0,2]
6427017,412,2:8:14,0,[StatementsData_logId:0]
6427017,413,2:8:16,0,[StatementsData_logId:0,DuelResponsesData_logId:0]
6427017,414,2:8:18,0,[StatementsData_logId:0,DuelResponsesData_logId:0]
6427017,415,2:8:27,0,[StatementsData_logId:0,DuelResponsesData_logId:0,DuelResponsesData_witty_player_response]
6427017,416,2:8:27,0,[StatementsData_logId:0,DuelResponsesData_logId:0]
6427017,417,2:8:31,0,[StatementsData_logId:0,DuelResponsesData_logId:0]
6427017,413,2:8:35,0,[StatementsData_logId:0,DuelResponsesData_logId:1]
6427017,414,2:8:38,0,[StatementsData_logId:0,DuelResponsesData_logId:1]
6427017,415,2:8:43,0,[StatementsData_logId:0,DuelResponsesData_logId:1,DuelResponsesData_ok_player_response]
6427017,416,2:8:44,0,[StatementsData_logId:0,DuelResponsesData_logId:1]
6427017,417,2:8:46,0,[StatementsData_logId:0,DuelResponsesData_logId:1]
6427017,413,2:8:51,0,[StatementsData_logId:0,DuelResponsesData_logId:2]
6427017,414,2:8:54,0,[StatementsData_logId:0,DuelResponsesData_logId:2]
6427017,415,2:9:5,0,[StatementsData_logId:0,DuelResponsesData_logId:2,DuelResponsesData_witty_player_response]
6427017,416,2:9:6,0,[StatementsData_logId:0,DuelResponsesData_logId:2]
6427017,417,2:9:10,0,[StatementsData_logId:0,DuelResponsesData_logId:2]
6427017,418,2:9:10,0,[StatementsData_logId:0,true]
6427017,419,2:9:17,0,[StatementsData_logId:0,4]
6427017,411,2:9:18,0,[StatementsData_logId:0]
6427017,401,2:9:21,0,[StatementsData_logId:1]
6427017,404,2:9:24,0,[StatementsData_logId:1,false]
6427017,405,2:9:26,0,[StatementsData_logId:1]
6427017,406,2:9:31,0,[StatementsData_logId:1,-2]
6427017,411,2:9:32,0,[StatementsData_logId:1]
6427017,401,2:9:35,0,[StatementsData_logId:2]
6427017,404,2:9:37,0,[StatementsData_logId:2,true]
6427017,406,2:9:38,0,[StatementsData_logId:2,2]
6427017,412,2:9:41,0,[StatementsData_logId:2]
6427017,413,2:9:45,0,[StatementsData_logId:2,DuelResponsesData_logId:3]
6427017,414,2:9:46,0,[StatementsData_logId:2,DuelResponsesData_logId:3]
6427017,415,2:9:57,0,[StatementsData_logId:2,DuelResponsesData_logId:3,DuelResponsesData_witty_player_response]
6427017,416,2:9:58,0,[StatementsData_logId:2,DuelResponsesData_logId:3]
6427017,417,2:10:0,0,[StatementsData_logId:2,DuelResponsesData_logId:3]
6427017,413,2:10:4,0,[StatementsData_logId:2,DuelResponsesData_logId:4]
6427017,414,2:10:7,0,[StatementsData_logId:2,DuelResponsesData_logId:4]
6427017,415,2:10:20,0,[StatementsData_logId:2,DuelResponsesData_logId:4,DuelResponsesData_witty_player_response]
6427017,416,2:10:20,0,[StatementsData_logId:2,DuelResponsesData_logId:4]
6427017,417,2:10:23,0,[StatementsData_logId:2,DuelResponsesData_logId:4]
6427017,413,2:10:25,0,[StatementsData_logId:2,DuelResponsesData_logId:5]
6427017,414,2:10:28,0,[StatementsData_logId:2,DuelResponsesData_logId:5]
6427017,415,2:10:39,0,[StatementsData_logId:2,DuelResponsesData_logId:5,DuelResponsesData_lame_player_response]
6427017,416,2:10:40,0,[StatementsData_logId:2,DuelResponsesData_logId:5]
6427017,417,2:10:44,0,[StatementsData_logId:2,DuelResponsesData_logId:5]
6427017,418,2:10:44,0,[StatementsData_logId:2,true]
6427017,419,2:11:0,0,[StatementsData_logId:2,4]
6427017,411,2:11:3,0,[StatementsData_logId:2]
6427017,401,2:11:11,0,[StatementsData_logId:3]
6427017,403,2:11:32,0,[StatementsData_logId:3,true]
6427017,405,2:11:33,0,[StatementsData_logId:3]
6427017,406,2:11:35,0,[StatementsData_logId:3,2]
6427017,407,2:11:35,0,[StatementsData_logId:3,FactCardData_id:7]
6427017,407,2:11:35,0,[StatementsData_logId:3,FactCardData_id:4]
6427017,407,2:11:35,0,[StatementsData_logId:3,FactCardData_id:3]
6427017,407,2:11:35,0,[StatementsData_logId:3,FactCardData_id:5]
6427017,407,2:11:35,0,[StatementsData_logId:3,FactCardData_id:6]
6427017,407,2:11:35,0,[StatementsData_logId:3,FactCardData_id:0]
6427017,407,2:11:37,0,[StatementsData_logId:3,FactCardData_id:3]
6427017,407,2:11:37,0,[StatementsData_logId:3,FactCardData_id:3]
6427017,407,2:11:40,0,[StatementsData_logId:3,FactCardData_id:6]
6427017,407,2:11:40,0,[StatementsData_logId:3,FactCardData_id:3]
6427017,407,2:11:40,0,[StatementsData_logId:3,FactCardData_id:6]
6427017,408,2:11:44,0,[StatementsData_logId:3,FactCardData_id:6,false]
6427017,406,2:11:48,0,[StatementsData_logId:3,-2]
6427017,411,2:11:49,0,[StatementsData_logId:3]
6427017,401,2:11:53,0,[StatementsData_logId:4]
6427017,402,2:11:54,0,[StatementsData_logId:4,true]
6427017,405,2:11:54,0,[StatementsData_logId:4]
6427017,406,2:11:58,0,[StatementsData_logId:4,2]
6427017,411,2:11:59,0,[StatementsData_logId:4]
6427017,401,2:12:4,0,[StatementsData_logId:5]
6427017,403,2:12:7,0,[StatementsData_logId:5,false]
6427017,405,2:12:7,0,[StatementsData_logId:5]
6427017,406,2:12:9,0,[StatementsData_logId:5,-2]
6427017,411,2:12:11,0,[StatementsData_logId:5]
6427017,420,2:12:11,0,[44]
6427017,1001,2:12:15,0,[]
6427017,1003,2:12:15,0
6427017,1004,2:12:20,0
6427017,400,2:14:49,0,[]
6427017,401,2:14:52,0,[StatementsData_logId:0]
6427017,403,2:15:2,0,[StatementsData_logId:0,true]
6427017,405,2:15:4,0,[StatementsData_logId:0]
6427017,406,2:15:5,0,[StatementsData_logId:0,2]
6427017,407,2:15:5,0,[StatementsData_logId:0,FactCardData_id:6]
6427017,407,2:15:5,0,[StatementsData_logId:0,FactCardData_id:7]
6427017,407,2:15:5,0,[StatementsData_logId:0,FactCardData_id:0]
6427017,407,2:15:5,0,[StatementsData_logId:0,FactCardData_id:5]
6427017,407,2:15:5,0,[StatementsData_logId:0,FactCardData_id:3]
6427017,407,2:15:5,0,[StatementsData_logId:0,FactCardData_id:4]
6427017,407,2:15:7,0,[StatementsData_logId:0,FactCardData_id:3]
6427017,407,2:15:7,0,[StatementsData_logId:0,FactCardData_id:3]
6427017,407,2:15:10,0,[StatementsData_logId:0,FactCardData_id:0]
6427017,407,2:15:10,0,[StatementsData_logId:0,FactCardData_id:3]
6427017,407,2:15:10,0,[StatementsData_logId:0,FactCardData_id:0]
6427017,407,2:15:18,0,[StatementsData_logId:0,FactCardData_id:6]
6427017,407,2:15:18,0,[StatementsData_logId:0,FactCardData_id:0]
6427017,407,2:15:18,0,[StatementsData_logId:0,FactCardData_id:6]
6427017,408,2:15:21,0,[StatementsData_logId:0,FactCardData_id:6,true]
6427017,409,2:15:21,0,[StatementsData_logId:0]
6427017,410,2:15:23,0,[StatementsData_logId:0,2]
6427017,412,2:15:27,0,[StatementsData_logId:0]
6427017,413,2:15:28,0,[StatementsData_logId:0,DuelResponsesData_logId:0]
6427017,414,2:15:30,0,[StatementsData_logId:0,DuelResponsesData_logId:0]
6427017,415,2:15:34,0,[StatementsData_logId:0,DuelResponsesData_logId:0,DuelResponsesData_witty_player_response]
6427017,416,2:15:35,0,[StatementsData_logId:0,DuelResponsesData_logId:0]
6427017,417,2:15:37,0,[StatementsData_logId:0,DuelResponsesData_logId:0]
6427017,413,2:15:43,0,[StatementsData_logId:0,DuelResponsesData_logId:1]
6427017,414,2:15:44,0,[StatementsData_logId:0,DuelResponsesData_logId:1]
6427017,415,2:15:52,0,[StatementsData_logId:0,DuelResponsesData_logId:1,DuelResponsesData_ok_player_response]
6427017,416,2:15:53,0,[StatementsData_logId:0,DuelResponsesData_logId:1]
6427017,417,2:15:56,0,[StatementsData_logId:0,DuelResponsesData_logId:1]
6427017,413,2:15:59,0,[StatementsData_logId:0,DuelResponsesData_logId:2]
6427017,414,2:16:2,0,[StatementsData_logId:0,DuelResponsesData_logId:2]
6427017,415,2:16:11,0,[StatementsData_logId:0,DuelResponsesData_logId:2,DuelResponsesData_ok_player_response]
6427017,416,2:16:12,0,[StatementsData_logId:0,DuelResponsesData_logId:2]
6427017,417,2:16:14,0,[StatementsData_logId:0,DuelResponsesData_logId:2]
6427017,418,2:16:14,0,[StatementsData_logId:0,true]
6427017,419,2:16:20,0,[StatementsData_logId:0,4]
6427017,411,2:16:22,0,[StatementsData_logId:0]
6427017,401,2:16:25,0,[StatementsData_logId:1]
6427017,404,2:16:25,0,[StatementsData_logId:1,false]
6427017,405,2:16:27,0,[StatementsData_logId:1]
6427017,406,2:16:29,0,[StatementsData_logId:1,-2]
6427017,411,2:16:32,0,[StatementsData_logId:1]
6427017,401,2:16:36,0,[StatementsData_logId:2]
6427017,403,2:16:39,0,[StatementsData_logId:2,false]
6427017,405,2:16:40,0,[StatementsData_logId:2]
6427017,1002,2:16:44,0
6427017,1003,2:16:44,0
6427017,103,2:16:51
6427017,105,2:16:57
6427017,703,2:16:59,[|| EpilogueItem ID: 0 unlocked: false ||,|| EpilogueItem ID: 1 unlocked: false ||,|| EpilogueItem ID: 2 unlocked: false ||,|| EpilogueItem ID: 3 unlocked: false ||,|| EpilogueItem ID: 4 unlocked: false ||,|| EpilogueItem ID: 5 unlocked: false ||,|| EpilogueItem ID: 6 unlocked: false ||,|| EpilogueItem ID: 7 unlocked: false ||,|| EpilogueItem ID: 8 unlocked: false ||,|| EpilogueItem ID: 9 unlocked: false ||,|| EpilogueItem ID: 10 unlocked: false ||,|| EpilogueItem ID: 11 unlocked: false ||,|| EpilogueItem ID: 12 unlocked: false ||,|| EpilogueItem ID: 13 unlocked: false ||,|| EpilogueItem ID: 14 unlocked: false ||,|| EpilogueItem ID: 15 unlocked: false ||,|| EpilogueItem ID: 16 unlocked: false ||,|| EpilogueItem ID: 17 unlocked: false ||,|| EpilogueItem ID: 18 unlocked: false ||,|| EpilogueItem ID: 19 unlocked: false ||,|| EpilogueItem ID: 20 unlocked: false ||,|| EpilogueItem ID: 21 unlocked: false ||,|| EpilogueItem ID: 22 unlocked: false ||,|| EpilogueItem ID: 23 unlocked: false ||,|| EpilogueItem ID: 24 unlocked: false ||],0
6427017,704,2:17:1,12
6427017,705,2:17:12,12,true
6427017,704,2:17:14,13
6427017,705,2:17:31,13,true
6427017,704,2:17:33,14
6427017,705,2:17:52,14,true
6427017,704,2:17:53,14
6427017,705,2:17:54,14,true
6427017,704,2:17:55,0
6427017,706,2:18:2,(x=137, y=-100, w=1024, h=768),(x=276, y=-100, w=1024, h=768)
6427017,706,2:18:3,(x=277, y=-100, w=1024, h=768),(x=277, y=-100, w=1024, h=768)
6427017,706,2:18:5,(x=305, y=-100, w=1024, h=768),(x=305, y=-100, w=1024, h=768)
6427017,704,2:18:6,1
6427017,706,2:18:6,(x=305, y=-100, w=1024, h=768),(x=305, y=-100, w=1024, h=768)
6427017,706,2:18:14,(x=306, y=-100, w=1024, h=768),(x=306, y=-100, w=1024, h=768)
6427017,704,2:18:14,2
6427017,706,2:18:14,(x=306, y=-100, w=1024, h=768),(x=306, y=-100, w=1024, h=768)
6427017,704,2:18:22,3
6427017,706,2:18:22,(x=306, y=-100, w=1024, h=768),(x=306, y=-100, w=1024, h=768)
6427017,706,2:18:28,(x=479, y=-100, w=1024, h=768),(x=538, y=-100, w=1024, h=768)
6427017,706,2:18:30,(x=908, y=-100, w=1024, h=768),(x=908, y=-100, w=1024, h=768)
6427017,706,2:18:32,(x=900, y=-100, w=1024, h=768),(x=842, y=-100, w=1024, h=768)
6427017,704,2:18:32,4
6427017,706,2:18:32,(x=900, y=-100, w=1024, h=768),(x=842, y=-100, w=1024, h=768)
6427017,704,2:18:38,5
6427017,706,2:18:38,(x=900, y=-100, w=1024, h=768),(x=842, y=-100, w=1024, h=768)
6427017,706,2:18:45,(x=1060, y=-100, w=1024, h=768),(x=1160, y=-100, w=1024, h=768)
6427017,704,2:18:46,6
6427017,706,2:18:46,(x=1060, y=-100, w=1024, h=768),(x=1160, y=-100, w=1024, h=768)
6427017,704,2:18:52,7
6427017,706,2:18:52,(x=1060, y=-100, w=1024, h=768),(x=1160, y=-100, w=1024, h=768)
6427017,706,2:19:0,(x=1511, y=-100, w=1024, h=768),(x=1520, y=-100, w=1024, h=768)
6427017,704,2:19:0,8
6427017,706,2:19:0,(x=1511, y=-100, w=1024, h=768),(x=1520, y=-100, w=1024, h=768)
6427017,704,2:19:9,9
6427017,706,2:19:9,(x=1511, y=-100, w=1024, h=768),(x=1520, y=-100, w=1024, h=768)
6427017,706,2:19:17,(x=1656, y=-100, w=1024, h=768),(x=1664, y=-100, w=1024, h=768)
6427017,704,2:19:19,10
6427017,706,2:19:19,(x=1656, y=-100, w=1024, h=768),(x=1664, y=-100, w=1024, h=768)
6427017,706,2:19:26,(x=2069, y=-100, w=1024, h=768),(x=2072, y=-100, w=1024, h=768)
6427017,704,2:19:27,11
6427017,706,2:19:27,(x=2069, y=-100, w=1024, h=768),(x=2072, y=-100, w=1024, h=768)
6427017,704,2:19:33,24
6427017,706,2:19:34,(x=2069, y=-100, w=1024, h=768),(x=2072, y=-100, w=1024, h=768)
6427017,705,2:19:44,24,true
6427017,704,2:19:46,21
6427017,706,2:19:46,(x=2069, y=-100, w=1024, h=768),(x=2072, y=-100, w=1024, h=768)
6427017,705,2:19:57,21,true
6427017,706,2:19:59,(x=1658, y=-100, w=1024, h=768),(x=1658, y=-100, w=1024, h=768)
6427017,704,2:20:0,22
6427017,706,2:20:0,(x=1658, y=-100, w=1024, h=768),(x=1658, y=-100, w=1024, h=768)
6427017,705,2:20:23,22,true
6427017,704,2:20:25,23
6427017,706,2:20:25,(x=1658, y=-100, w=1024, h=768),(x=1658, y=-100, w=1024, h=768)
6427017,705,2:20:38,23,true
6427017,706,2:20:40,(x=1668, y=-100, w=1024, h=768),(x=1676, y=-100, w=1024, h=768)
6427017,704,2:20:40,19
6427017,706,2:20:40,(x=1668, y=-100, w=1024, h=768),(x=1676, y=-100, w=1024, h=768)
6427017,705,2:20:54,19,true
6427017,706,2:20:56,(x=1211, y=-100, w=1024, h=768),(x=1211, y=-100, w=1024, h=768)
6427017,704,2:20:57,20
6427017,706,2:20:57,(x=1211, y=-100, w=1024, h=768),(x=1211, y=-100, w=1024, h=768)
6427017,705,2:21:3,20,true
6427017,706,2:21:4,(x=1218, y=-100, w=1024, h=768),(x=1218, y=-100, w=1024, h=768)
6427017,704,2:21:4,18
6427017,706,2:21:4,(x=1218, y=-100, w=1024, h=768),(x=1218, y=-100, w=1024, h=768)
6427017,705,2:21:7,18,true
6427017,706,2:21:9,(x=839, y=-100, w=1024, h=768),(x=839, y=-100, w=1024, h=768)
6427017,706,2:21:11,(x=833, y=-100, w=1024, h=768),(x=798, y=-100, w=1024, h=768)
6427017,704,2:21:11,16
6427017,706,2:21:11,(x=833, y=-100, w=1024, h=768),(x=798, y=-100, w=1024, h=768)
6427017,705,2:21:27,16,true
6427017,706,2:21:28,(x=816, y=-100, w=1024, h=768),(x=820, y=-100, w=1024, h=768)
6427017,704,2:21:28,17
6427017,706,2:21:28,(x=816, y=-100, w=1024, h=768),(x=820, y=-100, w=1024, h=768)
6427017,705,2:21:38,17,true
6427017,706,2:21:41,(x=291, y=-100, w=1024, h=768),(x=290, y=-100, w=1024, h=768)
6427017,704,2:21:41,15
6427017,706,2:21:41,(x=291, y=-100, w=1024, h=768),(x=290, y=-100, w=1024, h=768)
6427017,705,2:21:53,15,true
6427017,706,2:21:54,(x=0, y=-100, w=1024, h=768),(x=0, y=-100, w=1024, h=768)
6427017,706,2:21:55,(x=0, y=-100, w=1024, h=768),(x=0, y=-100, w=1024, h=768)
6427017,706,2:21:55,(x=31, y=-100, w=1024, h=768),(x=31, y=-100, w=1024, h=768)
6427017,706,2:21:56,(x=12, y=-100, w=1024, h=768),(x=0, y=-100, w=1024, h=768)
6427017,706,2:21:56,(x=14, y=-100, w=1024, h=768),(x=14, y=-100, w=1024, h=768)
6427017,706,2:21:57,(x=12, y=-100, w=1024, h=768),(x=12, y=-100, w=1024, h=768)
6427017,706,2:21:58,(x=0, y=-100, w=1024, h=768),(x=0, y=-100, w=1024, h=768)
6427017,706,2:22:3,(x=68, y=-100, w=1024, h=768),(x=123, y=-100, w=1024, h=768)
6427017,706,2:22:4,(x=68, y=-100, w=1024, h=768),(x=123, y=-100, w=1024, h=768)
6427017,706,2:22:7,(x=321, y=-100, w=1024, h=768),(x=1264, y=-100, w=1024, h=768)
6427017,706,2:22:12,(x=1859, y=-100, w=1024, h=768),(x=2531, y=-100, w=1024, h=768)
6427017,706,2:22:19,(x=11, y=-100, w=1024, h=768),(x=10, y=-100, w=1024, h=768)
6427017,706,2:22:20,(x=38, y=-100, w=1024, h=768),(x=80, y=-100, w=1024, h=768)
6427017,708,2:22:24
6427017,1,2:22:24,7/10/2013 11:51:44am,{"gameTime":8544205,"challengeStacks":[{"challengeScenes":[{"miniGameCards":[],"viewedAnimatic":true,"keyPoints":["c_teacherEng_G7a0","c_bestFriend_M_a_G7a0","s_flag_gen"],"unlocked":true,"touchableObjects":["s_poePoster_gen","s_otherStudent1_G7a0","s_vocabAssignment_G7a0","s_doorClassroom_G7a0","s_angelouPoster_gen","c_crewKid1_M_G7a0","c_friend1_M_a_G7a0","c_teacherEng_G7a0","c_bestFriend_M_a_G7a0","s_clock_G7a0","s_shakespearePoster_gen","s_atwoodPoster_gen","s_flag_gen"]},{"miniGameCards":[],"viewedAnimatic":true,"keyPoints":["c_bestFriend_M_a_G7a1N","c_teacherEng_G7a1N","s_paperPlayers_G7a1N"],"unlocked":true,"touchableObjects":["s_otherStudent2_G7a1N","c_bestFriend_M_a_G7a1N","c_teacherEng_G7a1N","s_otherStudent1_G7a1N","c_crewKid1_M_G7a1N","s_flag_gen","s_atwoodPoster_gen","s_angelouPoster_gen","s_shakespearePoster_gen","s_poePoster_gen","s_posterPlagiarism_gen","s_paperPlayers_G7a1N"]},{"miniGameCards":[],"viewedAnimatic":true,"keyPoints":["s_paperEnglish_gen","s_flag_gen","c_teacherEng_G7a1P"],"unlocked":true,"touchableObjects":["s_clock_G7a1P","s_poePoster_gen","s_shakespearePoster_gen","s_angelouPoster_gen","s_atwoodPoster_gen","s_paperPlayers_G7a1P","s_paperEnglish_gen","s_flag_gen","s_papersDetention_gen","c_teacherEng_G7a1P"]}],"stackSize":3,"resolved":false},{"challengeScenes":[{"miniGameCards":[],"viewedAnimatic":false,"keyPoints":[],"unlocked":false,"touchableObjects":[]},{"miniGameCards":[],"viewedAnimatic":false,"keyPoints":[],"unlocked":false,"touchableObjects":[]},{"miniGameCards":[],"viewedAnimatic":false,"keyPoints":[],"unlocked":false,"touchableObjects":[]},{"miniGameCards":[],"viewedAnimatic":false,"keyPoints":[],"unlocked":false,"touchableObjects":[]},{"miniGameCards":[],"viewedAnimatic":false,"keyPoints":[],"unlocked":false,"touchableObjects":[]}],"stackSize":5,"resolved":false},{"challengeScenes":[{"miniGameCards":[],"viewedAnimatic":false,"keyPoints":[],"unlocked":false,"touchableObjects":[]},{"miniGameCards":[],"viewedAnimatic":false,"keyPoints":[],"unlocked":false,"touchableObjects":[]},{"miniGameCards":[],"viewedAnimatic":false,"keyPoints":[],"unlocked":false,"touchableObjects":[]},{"miniGameCards":[],"viewedAnimatic":false,"keyPoints":[],"unlocked":false,"touchableObjects":[]},{"miniGameCards":[],"viewedAnimatic":false,"keyPoints":[],"unlocked":false,"touchableObjects":[]},{"miniGameCards":[],"viewedAnimatic":false,"keyPoints":[],"unlocked":false,"touchableObjects":[]},{"miniGameCards":[],"viewedAnimatic":false,"keyPoints":[],"unlocked":false,"touchableObjects":[]}],"stackSize":7,"resolved":false},{"challengeScenes":[{"miniGameCards":[],"viewedAnimatic":false,"keyPoints":[],"unlocked":false,"touchableObjects":[]},{"miniGameCards":[],"viewedAnimatic":false,"keyPoints":[],"unlocked":false,"touchableObjects":[]},{"miniGameCards":[],"viewedAnimatic":false,"keyPoints":[],"unlocked":false,"touchableObjects":[]},{"miniGameCards":[],"viewedAnimatic":false,"keyPoints":[],"unlocked":false,"touchableObjects":[]},{"miniGameCards":[],"viewedAnimatic":false,"keyPoints":[],"unlocked":false,"touchableObjects":[]}],"stackSize":5,"resolved":false},{"challengeScenes":[{"miniGameCards":[],"viewedAnimatic":false,"keyPoints":[],"unlocked":false,"touchableObjects":[]},{"miniGameCards":[],"viewedAnimatic":false,"keyPoints":[],"unlocked":false,"touchableObjects":[]},{"miniGameCards":[],"viewedAnimatic":false,"keyPoints":[],"unlocked":false,"touchableObjects":[]},{"miniGameCards":[],"viewedAnimatic":false,"keyPoints":[],"unlocked":false,"touchableObjects":[]},{"miniGameCards":[],"viewedAnimatic":false,"keyPoints":[],"unlocked":false,"touchableObjects":[]}],"stackSize":5,"resolved":false},{"challengeScenes":[{"miniGameCards":[],"viewedAnimatic":false,"keyPoints":[],"unlocked":false,"touchableObjects":[]},{"miniGameCards":[],"viewedAnimatic":false,"keyPoints":[],"unlocked":false,"touchableObjects":[]},{"miniGameCards":[],"viewedAnimatic":false,"keyPoints":[],"unlocked":false,"touchableObjects":[]},{"miniGameCards":[],"viewedAnimatic":false,"keyPoints":[],"unlocked":false,"touchableObjects":[]},{"miniGameCards":[],"viewedAnimatic":false,"keyPoints":[],"unlocked":false,"touchableObjects":[]}],"stackSize":5,"resolved":false},{"challengeScenes":[{"miniGameCards":[],"viewedAnimatic":false,"keyPoints":[],"unlocked":false,"touchableObjects":[]},{"miniGameCards":[],"viewedAnimatic":false,"keyPoints":[],"unlocked":false,"touchableObjects":[]},{"miniGameCards":[],"viewedAnimatic":false,"keyPoints":[],"unlocked":false,"touchableObjects":[]},{"miniGameCards":[],"viewedAnimatic":false,"keyPoints":[],"unlocked":false,"touchableObjects":[]},{"miniGameCards":[],"viewedAnimatic":false,"keyPoints":[],"unlocked":false,"touchableObjects":[]}],"stackSize":5,"resolved":false},{"challengeScenes":[{"miniGameCards":[],"viewedAnimatic":false,"keyPoints":[],"unlocked":false,"touchableObjects":[]},{"miniGameCards":[],"viewedAnimatic":false,"keyPoints":[],"unlocked":false,"touchableObjects":[]},{"miniGameCards":[],"viewedAnimatic":false,"keyPoints":[],"unlocked":false,"touchableObjects":[]},{"miniGameCards":[],"viewedAnimatic":false,"keyPoints":[],"unlocked":false,"touchableObjects":[]},{"miniGameCards":[],"viewedAnimatic":false,"keyPoints":[],"unlocked":false,"touchableObjects":[]}],"stackSize":5,"resolved":false},{"challengeScenes":[{"miniGameCards":[],"viewedAnimatic":false,"keyPoints":[],"unlocked":false,"touchableObjects":[]},{"miniGameCards":[],"viewedAnimatic":false,"keyPoints":[],"unlocked":false,"touchableObjects":[]},{"miniGameCards":[],"viewedAnimatic":false,"keyPoints":[],"unlocked":false,"touchableObjects":[]},{"miniGameCards":[],"viewedAnimatic":false,"keyPoints":[],"unlocked":false,"touchableObjects":[]},{"miniGameCards":[],"viewedAnimatic":false,"keyPoints":[],"unlocked":false,"touchableObjects":[]}],"stackSize":5,"resolved":false},{"challengeScenes":[{"miniGameCards":[],"viewedAnimatic":false,"keyPoints":[],"unlocked":false,"touchableObjects":[]},{"miniGameCards":[],"viewedAnimatic":false,"keyPoints":[],"unlocked":false,"touchableObjects":[]},{"miniGameCards":[],"viewedAnimatic":false,"keyPoints":[],"unlocked":false,"touchableObjects":[]},{"miniGameCards":[],"viewedAnimatic":false,"keyPoints":[],"unlocked":false,"touchableObjects":[]},{"miniGameCards":[],"viewedAnimatic":false,"keyPoints":[],"unlocked":false,"touchableObjects":[]}],"stackSize":5,"resolved":false},{"challengeScenes":[{"miniGameCards":[],"viewedAnimatic":false,"keyPoints":[],"unlocked":false,"touchableObjects":[]},{"miniGameCards":[],"viewedAnimatic":false,"keyPoints":[],"unlocked":false,"touchableObjects":[]},{"miniGameCards":[],"viewedAnimatic":false,"keyPoints":[],"unlocked":false,"touchableObjects":[]},{"miniGameCards":[],"viewedAnimatic":false,"keyPoints":[],"unlocked":false,"touchableObjects":[]},{"miniGameCards":[],"viewedAnimatic":false,"keyPoints":[],"unlocked":false,"touchableObjects":[]}],"stackSize":5,"resolved":false},{"challengeScenes":[{"miniGameCards":[],"viewedAnimatic":false,"keyPoints":[],"unlocked":false,"touchableObjects":[]},{"miniGameCards":[],"viewedAnimatic":false,"keyPoints":[],"unlocked":false,"touchableObjects":[]},{"miniGameCards":[],"viewedAnimatic":false,"keyPoints":[],"unlocked":false,"touchableObjects":[]},{"miniGameCards":[],"viewedAnimatic":false,"keyPoints":[],"unlocked":false,"touchableObjects":[]},{"miniGameCards":[],"viewedAnimatic":false,"keyPoints":[],"unlocked":false,"touchableObjects":[]}],"stackSize":5,"resolved":false},{"challengeScenes":[{"miniGameCards":[],"viewedAnimatic":false,"keyPoints":[],"unlocked":true,"touchableObjects":["c_education_G0a0"]},{"miniGameCards":[],"viewedAnimatic":false,"keyPoints":["c_family_afri_a_G0a1N","c_job_G0a1N","c_home_G0a1N"],"unlocked":true,"touchableObjects":["c_player_afri_M_a_G0a1N","c_family_afri_a_G0a1N","c_job_G0a1N","c_home_G0a1N"]},{"miniGameCards":[],"viewedAnimatic":false,"keyPoints":["c_dad_afri_a_G0a1P","c_mom_afri_a_G0a1P","c_kidsister_afri_a_G0a1P","c_grandma_afri_a_G0a1P","c_Teacher_G0a1P","c_Nurse_G0a1P"],"unlocked":true,"touchableObjects":["c_cousins_M_a_G0a1P","c_friends_G0a1P","c_dad_afri_a_G0a1P","c_mom_afri_a_G0a1P","c_kidsister_afri_a_G0a1P","c_grandma_afri_a_G0a1P","c_Teacher_G0a1P","c_Nurse_G0a1P"]}],"stackSize":3,"resolved":true}],"sessionId":3,"epilogue":{"rating":0},"playerId":6427017,"session":[{"sceneId":"1P","stackId":12},{"sceneId":"1P","stackId":0}],"minigames":[{"levelSaveData":[{"starRating":2,"unlocked":true},{"starRating":0,"unlocked":false},{"starRating":0,"unlocked":false},{"starRating":0,"unlocked":false},{"starRating":0,"unlocked":false},{"starRating":0,"unlocked":false},{"starRating":0,"unlocked":false},{"starRating":0,"unlocked":false},{"starRating":0,"unlocked":false},{"starRating":0,"unlocked":false}],"skillPoints":2},{"levelSaveData":[{"starRating":3,"unlocked":true},{"starRating":0,"unlocked":false},{"starRating":0,"unlocked":false},{"starRating":0,"unlocked":false},{"starRating":0,"unlocked":false},{"starRating":0,"unlocked":false},{"starRating":0,"unlocked":false},{"starRating":0,"unlocked":false},{"starRating":0,"unlocked":false},{"starRating":0,"unlocked":false}],"skillPoints":3},{"levelSaveData":[{"starRating":3,"unlocked":true},{"starRating":0,"unlocked":false},{"starRating":0,"unlocked":false},{"starRating":0,"unlocked":false},{"starRating":0,"unlocked":false},{"starRating":0,"unlocked":false},{"starRating":0,"unlocked":false},{"starRating":0,"unlocked":false},{"starRating":0,"unlocked":false},{"starRating":0,"unlocked":false}],"skillPoints":3},{"levelSaveData":[{"starRating":0,"unlocked":false},{"starRating":0,"unlocked":false},{"starRating":0,"unlocked":false},{"starRating":0,"unlocked":false},{"starRating":0,"unlocked":false},{"starRating":0,"unlocked":false},{"starRating":0,"unlocked":false},{"starRating":0,"unlocked":false},{"starRating":0,"unlocked":false},{"starRating":0,"unlocked":false}],"skillPoints":0},{"age":14,"name":"melvin","gender":0,"levelSaveData":[{"starRating":3,"unlocked":true},{"starRating":3,"chunks":[["1"],["4$$always tired","0$$im nice"],["6$$love music","8$$love sports","17$$like rap"],["0"]],"unlocked":true},{"starRating":0,"chunks":[[null],[null,null],[null,null]],"unlocked":false},{"starRating":0,"chunks":[[null],[null],[null],[null],[null,null],[null]],"unlocked":false},{"starRating":0,"chunks":[[null],[null],[null,null],[null],[null],[null]],"unlocked":false},{"starRating":0,"chunks":[[null],[null,null,null,null],[null],[null]],"unlocked":false},{"starRating":0,"chunks":[[null],[null],[null,null],[null,null],[null]],"unlocked":false},{"starRating":0,"chunks":[[null,null,null],[null,null,null],[null],[null],[null]],"unlocked":false},{"starRating":0,"chunks":[[null,null,null],[null,null,null],[null,null]],"unlocked":false},{"starRating":0,"chunks":[[null],[null],[null],[null],[null],[null]],"unlocked":false}],"visualAvatar":0,"id":0,"skillPoints":6}],"avatar":{"age":14,"name":"melvin","gender":0,"levelSaveData":[{"starRating":3,"unlocked":true},{"starRating":3,"chunks":[["1"],["4$$always tired","0$$im nice"],["6$$love music","8$$love sports","17$$like rap"],["0"]],"unlocked":true},{"starRating":0,"chunks":[[null],[null,null],[null,null]],"unlocked":false},{"starRating":0,"chunks":[[null],[null],[null],[null],[null,null],[null]],"unlocked":false},{"starRating":0,"chunks":[[null],[null],[null,null],[null],[null],[null]],"unlocked":false},{"starRating":0,"chunks":[[null],[null,null,null,null],[null],[null]],"unlocked":false},{"starRating":0,"chunks":[[null],[null],[null,null],[null,null],[null]],"unlocked":false},{"starRating":0,"chunks":[[null,null,null],[null,null,null],[null],[null],[null]],"unlocked":false},{"starRating":0,"chunks":[[null,null,null],[null,null,null],[null,null]],"unlocked":false},{"starRating":0,"chunks":[[null],[null],[null],[null],[null],[null]],"unlocked":false}],"visualAvatar":0,"id":0,"skillPoints":6}}
6427017,0,2:22:24,7/10/2013 11:51:56am
6427017,100,2:22:36,0
6427017,102,2:22:38,0
6427017,200,2:22:38,0,2,3,3,0,6
6427017,210,2:22:45,977,424
6427017,211,2:22:45,966,478
6427017,213,2:22:45,0,c_bestFriend_M_a_G7a1P,true
6427017,1003,2:22:48,0
6427017,1004,2:22:49,0
6427017,400,2:22:53,0,[]
6427017,401,2:23:4,0,[StatementsData_logId:0]
6427017,403,2:23:5,0,[StatementsData_logId:0,true]
6427017,405,2:23:6,0,[StatementsData_logId:0]
6427017,406,2:23:7,0,[StatementsData_logId:0,2]
6427017,407,2:23:7,0,[StatementsData_logId:0,FactCardData_id:5]
6427017,407,2:23:7,0,[StatementsData_logId:0,FactCardData_id:6]
6427017,407,2:23:7,0,[StatementsData_logId:0,FactCardData_id:7]
6427017,407,2:23:7,0,[StatementsData_logId:0,FactCardData_id:4]
6427017,407,2:23:7,0,[StatementsData_logId:0,FactCardData_id:3]
6427017,407,2:23:7,0,[StatementsData_logId:0,FactCardData_id:0]
6427017,407,2:23:10,0,[StatementsData_logId:0,FactCardData_id:7]
6427017,407,2:23:10,0,[StatementsData_logId:0,FactCardData_id:7]
6427017,408,2:23:15,0,[StatementsData_logId:0,FactCardData_id:7,false]
