6607011,0,1:33:30,2/26/2014 4:10:36pm
6607011,100,1:33:36,0
6607011,102,1:33:38,0
6607011,200,1:33:38,0,2,2,3,0,6
6607011,213,1:34:1,0,s_vocabAssignment_G7a0,true
6607011,210,1:34:5,881,544
6607011,211,1:34:5,881,544
6607011,210,1:34:6,901,544
6607011,207,1:34:8,0,-200,-518.45
6607011,211,1:34:15,1215,176
6607011,213,1:34:15,0,s_clock_G7a0,true
6607011,210,1:34:19,1199,121
6607011,211,1:34:21,1240,313
6607011,213,1:34:21,0,s_doorClassroom_G7a0,true
6607011,210,1:34:24,1176,396
6607011,211,1:34:26,877,140
6607011,213,1:34:26,0,s_poePoster_gen,true
6607011,210,1:34:29,904,278
6607011,211,1:34:30,789,155
6607011,213,1:34:30,0,s_shakespearePoster_gen,true
6607011,210,1:34:32,760,252
6607011,211,1:34:33,706,164
6607011,213,1:34:33,0,s_angelouPoster_gen,true
6607011,210,1:34:59,1304,393
6607011,211,1:35:0,1094,256
6607011,210,1:35:0,1145,316
6607011,211,1:35:3,704,131
6607011,213,1:35:3,0,s_angelouPoster_gen,true
6607011,210,1:35:5,822,345
6607011,211,1:35:6,616,155
6607011,213,1:35:6,0,s_atwoodPoster_gen,true
6607011,210,1:35:12,866,529
6607011,207,1:35:13,0,-518.45,-218.45
6607011,211,1:35:16,667,609
6607011,213,1:35:16,0,s_otherStudent1_G7a0,true
6607011,210,1:35:19,522,559
6607011,207,1:35:24,0,-218.45,0
6607011,211,1:35:27,219,504
6607011,213,1:35:27,0,c_crewKid1_F_G7a0,true
6607011,210,1:35:30,308,530
6607011,211,1:35:35,261,170
6607011,213,1:35:35,0,s_flag_gen,true
6607011,205,1:35:35,0,s_flag_gen,false,true
6607011,210,1:35:39,307,321
6607011,211,1:35:42,921,583
6607011,212,1:35:42,2
6607011,210,1:35:43,779,472
6607011,211,1:35:44,666,606
6607011,213,1:35:44,0,s_otherStudent1_G7a0,true
6607011,210,1:35:46,683,590
6607011,211,1:35:48,815,367
6607011,213,1:35:48,0,c_teacherEng_G7a0,true
6607011,205,1:35:48,0,c_teacherEng_G7a0,false,true
6607011,210,1:35:53,761,408
6607011,211,1:35:56,284,507
6607011,210,1:35:57,270,504
6607011,211,1:36:5,717,150
6607011,213,1:36:5,0,s_angelouPoster_gen,true
6607011,210,1:36:7,665,187
6607011,211,1:36:8,800,156
6607011,213,1:36:8,0,s_shakespearePoster_gen,true
6607011,210,1:36:10,861,102
6607011,211,1:36:10,861,102
6607011,210,1:36:11,860,110
6607011,211,1:36:11,870,115
6607011,213,1:36:11,0,s_poePoster_gen,true
6607011,210,1:36:13,1045,111
6607011,207,1:36:13,0,0,-210
6607011,211,1:36:13,1168,116
6607011,210,1:36:14,969,113
6607011,207,1:36:16,0,-210,-518.45
6607011,211,1:36:19,1213,170
6607011,213,1:36:19,0,s_clock_G7a0,true
6607011,210,1:36:21,1221,278
6607011,211,1:36:22,1213,372
6607011,213,1:36:22,0,s_doorClassroom_G7a0,true
6607011,210,1:36:25,1123,412
6607011,211,1:36:28,985,518
6607011,213,1:36:28,0,c_bestFriend_F_a_G7a0,true
6607011,205,1:36:28,0,c_bestFriend_F_a_G7a0,false,true
6607011,210,1:36:33,953,540
6607011,211,1:36:36,832,369
6607011,213,1:36:36,0,c_teacherEng_G7a0,true
6607011,205,1:36:36,0,c_teacherEng_G7a0,false,true
6607011,212,1:36:46,0
6607011,210,1:36:48,1459,413
6607011,211,1:36:51,1252,377
6607011,213,1:36:51,0,s_doorClassroom_G7a0,true
6607011,210,1:36:53,1113,358
6607011,211,1:36:54,1219,158
6607011,213,1:36:54,0,s_clock_G7a0,true
6607011,210,1:36:56,1091,498
6607011,211,1:36:57,1089,596
6607011,213,1:36:57,0,s_vocabAssignment_G7a0,true
6607011,210,1:37:0,1074,558
6607011,211,1:37:2,662,592
6607011,213,1:37:2,0,s_otherStudent1_G7a0,true
6607011,210,1:37:4,788,497
6607011,211,1:37:5,145,400
6607011,207,1:37:5,0,-518.45,-128.45
6607011,207,1:37:6,0,-128.45,-83.45
6607011,210,1:37:6,212,430
6607011,207,1:37:7,0,-83.45,0
6607011,211,1:37:9,205,468
6607011,210,1:37:10,223,450
6607011,211,1:37:10,223,454
6607011,213,1:37:10,0,c_crewKid1_F_G7a0,true
6607011,210,1:37:13,296,395
6607011,211,1:37:17,717,181
6607011,213,1:37:17,0,s_angelouPoster_gen,true
6607011,210,1:37:19,692,291
6607011,211,1:37:21,805,144
6607011,213,1:37:21,0,s_shakespearePoster_gen,true
6607011,210,1:37:24,871,153
6607011,211,1:37:24,877,127
6607011,213,1:37:24,0,s_poePoster_gen,true
6607011,210,1:37:26,768,242
6607011,211,1:37:26,604,143
6607011,210,1:37:28,713,272
6607011,207,1:37:29,0,0,-285
6607011,211,1:37:30,1232,292
6607011,213,1:37:30,0,s_doorClassroom_G7a0,true
6607011,210,1:37:32,1180,272
6607011,211,1:37:33,1202,169
6607011,213,1:37:33,0,s_clock_G7a0,true
6607011,210,1:37:35,1106,301
6607011,211,1:37:37,1336,215
6607011,207,1:37:37,0,-285,-330
6607011,210,1:37:38,1393,261
6607011,207,1:37:38,0,-330,-518.45
6607011,211,1:37:44,1355,458
6607011,210,1:37:50,696,403
6607011,211,1:37:52,675,380
6607011,213,1:37:52,0,s_paperPlayers_G7a1P,true
6607011,210,1:37:55,764,494
6607011,211,1:37:57,959,527
6607011,213,1:37:57,0,c_bestFriend_F_a_G7a1P,true
6607011,1003,1:38:1,0
6607011,1004,1:38:2,0
6607011,400,1:38:11,0,[]
6607011,401,1:38:19,0,[StatementsData_logId:0]
6607011,403,1:38:31,0,[StatementsData_logId:0,true]
6607011,405,1:38:33,0,[StatementsData_logId:0]
6607011,406,1:38:35,0,[StatementsData_logId:0,2]
6607011,407,1:38:35,0,[StatementsData_logId:0,FactCardData_id:5]
6607011,407,1:38:35,0,[StatementsData_logId:0,FactCardData_id:4]
6607011,407,1:38:35,0,[StatementsData_logId:0,FactCardData_id:7]
6607011,407,1:38:35,0,[StatementsData_logId:0,FactCardData_id:3]
6607011,407,1:38:35,0,[StatementsData_logId:0,FactCardData_id:6]
6607011,407,1:38:35,0,[StatementsData_logId:0,FactCardData_id:0]
6607011,407,1:38:36,0,[StatementsData_logId:0,FactCardData_id:5]
6607011,407,1:38:36,0,[StatementsData_logId:0,FactCardData_id:5]
6607011,407,1:38:39,0,[StatementsData_logId:0,FactCardData_id:6]
6607011,407,1:38:39,0,[StatementsData_logId:0,FactCardData_id:5]
6607011,407,1:38:39,0,[StatementsData_logId:0,FactCardData_id:6]
6607011,408,1:38:42,0,[StatementsData_logId:0,FactCardData_id:6,true]
6607011,409,1:38:42,0,[StatementsData_logId:0]
6607011,410,1:38:43,0,[StatementsData_logId:0,2]
6607011,412,1:38:45,0,[StatementsData_logId:0]
6607011,413,1:38:49,0,[StatementsData_logId:0,DuelResponsesData_logId:0]
6607011,414,1:38:51,0,[StatementsData_logId:0,DuelResponsesData_logId:0]
6607011,415,1:39:49,0,[StatementsData_logId:0,DuelResponsesData_logId:0,DuelResponsesData_ok_player_response]
6607011,416,1:39:50,0,[StatementsData_logId:0,DuelResponsesData_logId:0]
6607011,417,1:39:52,0,[StatementsData_logId:0,DuelResponsesData_logId:0]
6607011,413,1:39:55,0,[StatementsData_logId:0,DuelResponsesData_logId:1]
6607011,414,1:39:56,0,[StatementsData_logId:0,DuelResponsesData_logId:1]
6607011,415,1:39:59,0,[StatementsData_logId:0,DuelResponsesData_logId:1,DuelResponsesData_ok_player_response]
6607011,416,1:40:0,0,[StatementsData_logId:0,DuelResponsesData_logId:1]
6607011,417,1:40:1,0,[StatementsData_logId:0,DuelResponsesData_logId:1]
6607011,413,1:40:5,0,[StatementsData_logId:0,DuelResponsesData_logId:2]
6607011,414,1:40:6,0,[StatementsData_logId:0,DuelResponsesData_logId:2]
6607011,415,1:40:17,0,[StatementsData_logId:0,DuelResponsesData_logId:2,DuelResponsesData_ok_player_response]
6607011,416,1:40:19,0,[StatementsData_logId:0,DuelResponsesData_logId:2]
6607011,417,1:40:20,0,[StatementsData_logId:0,DuelResponsesData_logId:2]
6607011,418,1:40:20,0,[StatementsData_logId:0,false]
6607011,419,1:40:30,0,[StatementsData_logId:0,-4]
6607011,411,1:40:31,0,[StatementsData_logId:0]
6607011,401,1:40:35,0,[StatementsData_logId:1]
6607011,402,1:40:37,0,[StatementsData_logId:1,true]
6607011,405,1:40:38,0,[StatementsData_logId:1]
6607011,406,1:40:39,0,[StatementsData_logId:1,2]
6607011,411,1:40:41,0,[StatementsData_logId:1]
6607011,401,1:40:44,0,[StatementsData_logId:2]
6607011,404,1:40:47,0,[StatementsData_logId:2,true]
6607011,406,1:40:48,0,[StatementsData_logId:2,2]
6607011,412,1:40:52,0,[StatementsData_logId:2]
6607011,413,1:40:53,0,[StatementsData_logId:2,DuelResponsesData_logId:3]
6607011,414,1:40:54,0,[StatementsData_logId:2,DuelResponsesData_logId:3]
6607011,415,1:41:2,0,[StatementsData_logId:2,DuelResponsesData_logId:3,DuelResponsesData_ok_player_response]
6607011,416,1:41:2,0,[StatementsData_logId:2,DuelResponsesData_logId:3]
6607011,417,1:41:3,0,[StatementsData_logId:2,DuelResponsesData_logId:3]
6607011,413,1:41:4,0,[StatementsData_logId:2,DuelResponsesData_logId:4]
6607011,414,1:41:6,0,[StatementsData_logId:2,DuelResponsesData_logId:4]
6607011,415,1:41:38,0,[StatementsData_logId:2,DuelResponsesData_logId:4,DuelResponsesData_ok_player_response]
6607011,416,1:41:39,0,[StatementsData_logId:2,DuelResponsesData_logId:4]
6607011,417,1:41:42,0,[StatementsData_logId:2,DuelResponsesData_logId:4]
6607011,413,1:41:44,0,[StatementsData_logId:2,DuelResponsesData_logId:5]
6607011,414,1:41:45,0,[StatementsData_logId:2,DuelResponsesData_logId:5]
6607011,415,1:42:9,0,[StatementsData_logId:2,DuelResponsesData_logId:5,DuelResponsesData_ok_player_response]
6607011,416,1:42:10,0,[StatementsData_logId:2,DuelResponsesData_logId:5]
6607011,417,1:42:12,0,[StatementsData_logId:2,DuelResponsesData_logId:5]
6607011,418,1:42:12,0,[StatementsData_logId:2,false]
6607011,419,1:42:14,0,[StatementsData_logId:2,-4]
6607011,411,1:42:18,0,[StatementsData_logId:2]
6607011,401,1:42:21,0,[StatementsData_logId:3]
6607011,403,1:42:24,0,[StatementsData_logId:3,true]
6607011,405,1:42:25,0,[StatementsData_logId:3]
6607011,406,1:42:26,0,[StatementsData_logId:3,2]
6607011,407,1:42:26,0,[StatementsData_logId:3,FactCardData_id:5]
6607011,407,1:42:26,0,[StatementsData_logId:3,FactCardData_id:3]
6607011,407,1:42:26,0,[StatementsData_logId:3,FactCardData_id:0]
6607011,407,1:42:26,0,[StatementsData_logId:3,FactCardData_id:4]
6607011,407,1:42:26,0,[StatementsData_logId:3,FactCardData_id:7]
6607011,407,1:42:26,0,[StatementsData_logId:3,FactCardData_id:6]
6607011,407,1:42:32,0,[StatementsData_logId:3,FactCardData_id:3]
6607011,407,1:42:32,0,[StatementsData_logId:3,FactCardData_id:3]
6607011,407,1:42:35,0,[StatementsData_logId:3,FactCardData_id:5]
6607011,407,1:42:35,0,[StatementsData_logId:3,FactCardData_id:3]
6607011,407,1:42:35,0,[StatementsData_logId:3,FactCardData_id:5]
6607011,407,1:42:36,0,[StatementsData_logId:3,FactCardData_id:0]
6607011,407,1:42:36,0,[StatementsData_logId:3,FactCardData_id:5]
6607011,407,1:42:36,0,[StatementsData_logId:3,FactCardData_id:0]
6607011,407,1:42:41,0,[StatementsData_logId:3,FactCardData_id:6]
6607011,407,1:42:41,0,[StatementsData_logId:3,FactCardData_id:0]
6607011,407,1:42:41,0,[StatementsData_logId:3,FactCardData_id:6]
6607011,407,1:42:43,0,[StatementsData_logId:3,FactCardData_id:4]
6607011,407,1:42:43,0,[StatementsData_logId:3,FactCardData_id:6]
6607011,407,1:42:43,0,[StatementsData_logId:3,FactCardData_id:4]
6607011,407,1:42:45,0,[StatementsData_logId:3,FactCardData_id:3]
6607011,407,1:42:45,0,[StatementsData_logId:3,FactCardData_id:4]
6607011,407,1:42:45,0,[StatementsData_logId:3,FactCardData_id:3]
6607011,407,1:42:47,0,[StatementsData_logId:3,FactCardData_id:5]
6607011,407,1:42:47,0,[StatementsData_logId:3,FactCardData_id:3]
6607011,407,1:42:47,0,[StatementsData_logId:3,FactCardData_id:5]
6607011,407,1:42:49,0,[StatementsData_logId:3,FactCardData_id:0]
6607011,407,1:42:49,0,[StatementsData_logId:3,FactCardData_id:5]
6607011,407,1:42:49,0,[StatementsData_logId:3,FactCardData_id:0]
6607011,407,1:42:50,0,[StatementsData_logId:3,FactCardData_id:7]
6607011,407,1:42:50,0,[StatementsData_logId:3,FactCardData_id:0]
6607011,407,1:42:50,0,[StatementsData_logId:3,FactCardData_id:7]
6607011,407,1:42:51,0,[StatementsData_logId:3,FactCardData_id:0]
6607011,407,1:42:51,0,[StatementsData_logId:3,FactCardData_id:7]
6607011,407,1:42:51,0,[StatementsData_logId:3,FactCardData_id:0]
6607011,407,1:42:52,0,[StatementsData_logId:3,FactCardData_id:7]
6607011,407,1:42:52,0,[StatementsData_logId:3,FactCardData_id:0]
6607011,407,1:42:52,0,[StatementsData_logId:3,FactCardData_id:7]
6607011,407,1:42:56,0,[StatementsData_logId:3,FactCardData_id:0]
6607011,407,1:42:56,0,[StatementsData_logId:3,FactCardData_id:7]
6607011,407,1:42:56,0,[StatementsData_logId:3,FactCardData_id:0]
6607011,408,1:43:2,0,[StatementsData_logId:3,FactCardData_id:0,true]
6607011,409,1:43:2,0,[StatementsData_logId:3]
6607011,410,1:43:3,0,[StatementsData_logId:3,2]
6607011,412,1:43:4,0,[StatementsData_logId:3]
6607011,413,1:43:6,0,[StatementsData_logId:3,DuelResponsesData_logId:6]
6607011,414,1:43:10,0,[StatementsData_logId:3,DuelResponsesData_logId:6]
6607011,415,1:43:24,0,[StatementsData_logId:3,DuelResponsesData_logId:6,DuelResponsesData_ok_player_response]
6607011,416,1:43:25,0,[StatementsData_logId:3,DuelResponsesData_logId:6]
6607011,417,1:43:26,0,[StatementsData_logId:3,DuelResponsesData_logId:6]
6607011,413,1:43:30,0,[StatementsData_logId:3,DuelResponsesData_logId:7]
6607011,414,1:43:31,0,[StatementsData_logId:3,DuelResponsesData_logId:7]
6607011,415,1:43:57,0,[StatementsData_logId:3,DuelResponsesData_logId:7,DuelResponsesData_ok_player_response]
6607011,416,1:43:58,0,[StatementsData_logId:3,DuelResponsesData_logId:7]
6607011,417,1:43:59,0,[StatementsData_logId:3,DuelResponsesData_logId:7]
6607011,413,1:44:1,0,[StatementsData_logId:3,DuelResponsesData_logId:8]
6607011,414,1:44:4,0,[StatementsData_logId:3,DuelResponsesData_logId:8]
6607011,415,1:44:52,0,[StatementsData_logId:3,DuelResponsesData_logId:8,DuelResponsesData_lame_player_response]
6607011,416,1:44:53,0,[StatementsData_logId:3,DuelResponsesData_logId:8]
6607011,417,1:44:55,0,[StatementsData_logId:3,DuelResponsesData_logId:8]
6607011,418,1:44:55,0,[StatementsData_logId:3,true]
6607011,419,1:44:59,0,[StatementsData_logId:3,4]
6607011,411,1:45:3,0,[StatementsData_logId:3]
6607011,401,1:45:6,0,[StatementsData_logId:4]
6607011,402,1:45:11,0,[StatementsData_logId:4,true]
6607011,405,1:45:12,0,[StatementsData_logId:4]
6607011,406,1:45:16,0,[StatementsData_logId:4,2]
6607011,411,1:45:19,0,[StatementsData_logId:4]
6607011,401,1:45:23,0,[StatementsData_logId:5]
6607011,402,1:45:41,0,[StatementsData_logId:5,false]
6607011,405,1:45:42,0,[StatementsData_logId:5]
6607011,406,1:45:57,0,[StatementsData_logId:5,-2]
6607011,411,1:46:1,0,[StatementsData_logId:5]
6607011,420,1:46:1,0,[40]
6607011,1000,1:46:3,0,[]
6607011,400,1:46:4,0,[]
6607011,401,1:46:6,0,[StatementsData_logId:0]
6607011,403,1:46:10,0,[StatementsData_logId:0,true]
6607011,405,1:46:10,0,[StatementsData_logId:0]
6607011,406,1:46:11,0,[StatementsData_logId:0,2]
6607011,407,1:46:11,0,[StatementsData_logId:0,FactCardData_id:0]
6607011,407,1:46:11,0,[StatementsData_logId:0,FactCardData_id:3]
6607011,407,1:46:11,0,[StatementsData_logId:0,FactCardData_id:7]
6607011,407,1:46:11,0,[StatementsData_logId:0,FactCardData_id:4]
6607011,407,1:46:11,0,[StatementsData_logId:0,FactCardData_id:6]
6607011,407,1:46:11,0,[StatementsData_logId:0,FactCardData_id:5]
6607011,407,1:46:13,0,[StatementsData_logId:0,FactCardData_id:6]
6607011,407,1:46:13,0,[StatementsData_logId:0,FactCardData_id:6]
6607011,408,1:46:16,0,[StatementsData_logId:0,FactCardData_id:6,true]
6607011,409,1:46:16,0,[StatementsData_logId:0]
6607011,410,1:46:17,0,[StatementsData_logId:0,2]
6607011,412,1:46:23,0,[StatementsData_logId:0]
6607011,413,1:46:24,0,[StatementsData_logId:0,DuelResponsesData_logId:0]
6607011,414,1:46:25,0,[StatementsData_logId:0,DuelResponsesData_logId:0]
6607011,415,1:46:31,0,[StatementsData_logId:0,DuelResponsesData_logId:0,DuelResponsesData_ok_player_response]
6607011,416,1:46:32,0,[StatementsData_logId:0,DuelResponsesData_logId:0]
6607011,417,1:46:33,0,[StatementsData_logId:0,DuelResponsesData_logId:0]
6607011,413,1:46:35,0,[StatementsData_logId:0,DuelResponsesData_logId:1]
6607011,414,1:46:36,0,[StatementsData_logId:0,DuelResponsesData_logId:1]
6607011,415,1:46:50,0,[StatementsData_logId:0,DuelResponsesData_logId:1,DuelResponsesData_witty_player_response]
6607011,416,1:46:51,0,[StatementsData_logId:0,DuelResponsesData_logId:1]
6607011,417,1:46:53,0,[StatementsData_logId:0,DuelResponsesData_logId:1]
6607011,413,1:46:54,0,[StatementsData_logId:0,DuelResponsesData_logId:2]
6607011,414,1:46:57,0,[StatementsData_logId:0,DuelResponsesData_logId:2]
6607011,415,1:47:4,0,[StatementsData_logId:0,DuelResponsesData_logId:2,DuelResponsesData_witty_player_response]
6607011,416,1:47:5,0,[StatementsData_logId:0,DuelResponsesData_logId:2]
6607011,417,1:47:9,0,[StatementsData_logId:0,DuelResponsesData_logId:2]
6607011,418,1:47:9,0,[StatementsData_logId:0,true]
6607011,419,1:47:13,0,[StatementsData_logId:0,4]
6607011,411,1:47:16,0,[StatementsData_logId:0]
6607011,401,1:47:19,0,[StatementsData_logId:1]
6607011,402,1:47:22,0,[StatementsData_logId:1,true]
6607011,405,1:47:22,0,[StatementsData_logId:1]
6607011,406,1:47:24,0,[StatementsData_logId:1,2]
6607011,411,1:47:27,0,[StatementsData_logId:1]
6607011,401,1:47:29,0,[StatementsData_logId:2]
6607011,404,1:47:34,0,[StatementsData_logId:2,true]
6607011,406,1:47:35,0,[StatementsData_logId:2,2]
6607011,412,1:47:36,0,[StatementsData_logId:2]
6607011,413,1:47:38,0,[StatementsData_logId:2,DuelResponsesData_logId:3]
6607011,414,1:47:39,0,[StatementsData_logId:2,DuelResponsesData_logId:3]
6607011,415,1:47:43,0,[StatementsData_logId:2,DuelResponsesData_logId:3,DuelResponsesData_ok_player_response]
6607011,416,1:47:44,0,[StatementsData_logId:2,DuelResponsesData_logId:3]
6607011,417,1:47:46,0,[StatementsData_logId:2,DuelResponsesData_logId:3]
6607011,413,1:47:47,0,[StatementsData_logId:2,DuelResponsesData_logId:4]
6607011,414,1:47:48,0,[StatementsData_logId:2,DuelResponsesData_logId:4]
6607011,415,1:47:54,0,[StatementsData_logId:2,DuelResponsesData_logId:4,DuelResponsesData_witty_player_response]
6607011,416,1:47:55,0,[StatementsData_logId:2,DuelResponsesData_logId:4]
6607011,417,1:47:57,0,[StatementsData_logId:2,DuelResponsesData_logId:4]
6607011,413,1:48:0,0,[StatementsData_logId:2,DuelResponsesData_logId:5]
6607011,414,1:48:1,0,[StatementsData_logId:2,DuelResponsesData_logId:5]
6607011,415,1:48:11,0,[StatementsData_logId:2,DuelResponsesData_logId:5,DuelResponsesData_ok_player_response]
6607011,416,1:48:11,0,[StatementsData_logId:2,DuelResponsesData_logId:5]
6607011,417,1:48:14,0,[StatementsData_logId:2,DuelResponsesData_logId:5]
6607011,418,1:48:14,0,[StatementsData_logId:2,true]
6607011,419,1:48:21,0,[StatementsData_logId:2,4]
6607011,411,1:48:22,0,[StatementsData_logId:2]
6607011,401,1:48:24,0,[StatementsData_logId:3]
6607011,403,1:48:28,0,[StatementsData_logId:3,true]
6607011,405,1:48:29,0,[StatementsData_logId:3]
6607011,406,1:48:30,0,[StatementsData_logId:3,2]
6607011,407,1:48:30,0,[StatementsData_logId:3,FactCardData_id:0]
6607011,407,1:48:30,0,[StatementsData_logId:3,FactCardData_id:6]
6607011,407,1:48:30,0,[StatementsData_logId:3,FactCardData_id:7]
6607011,407,1:48:30,0,[StatementsData_logId:3,FactCardData_id:5]
6607011,407,1:48:30,0,[StatementsData_logId:3,FactCardData_id:3]
6607011,407,1:48:30,0,[StatementsData_logId:3,FactCardData_id:4]
6607011,407,1:48:33,0,[StatementsData_logId:3,FactCardData_id:7]
6607011,407,1:48:33,0,[StatementsData_logId:3,FactCardData_id:7]
6607011,407,1:48:43,0,[StatementsData_logId:3,FactCardData_id:0]
6607011,407,1:48:43,0,[StatementsData_logId:3,FactCardData_id:7]
6607011,407,1:48:43,0,[StatementsData_logId:3,FactCardData_id:0]
6607011,408,1:48:46,0,[StatementsData_logId:3,FactCardData_id:0,true]
6607011,409,1:48:46,0,[StatementsData_logId:3]
6607011,410,1:48:47,0,[StatementsData_logId:3,2]
6607011,412,1:48:48,0,[StatementsData_logId:3]
6607011,413,1:48:50,0,[StatementsData_logId:3,DuelResponsesData_logId:6]
6607011,414,1:48:50,0,[StatementsData_logId:3,DuelResponsesData_logId:6]
6607011,415,1:48:58,0,[StatementsData_logId:3,DuelResponsesData_logId:6,DuelResponsesData_ok_player_response]
6607011,416,1:48:59,0,[StatementsData_logId:3,DuelResponsesData_logId:6]
6607011,417,1:49:0,0,[StatementsData_logId:3,DuelResponsesData_logId:6]
6607011,413,1:49:4,0,[StatementsData_logId:3,DuelResponsesData_logId:7]
6607011,414,1:49:5,0,[StatementsData_logId:3,DuelResponsesData_logId:7]
6607011,415,1:49:11,0,[StatementsData_logId:3,DuelResponsesData_logId:7,DuelResponsesData_ok_player_response]
6607011,416,1:49:11,0,[StatementsData_logId:3,DuelResponsesData_logId:7]
6607011,417,1:49:12,0,[StatementsData_logId:3,DuelResponsesData_logId:7]
6607011,413,1:49:14,0,[StatementsData_logId:3,DuelResponsesData_logId:8]
6607011,414,1:49:14,0,[StatementsData_logId:3,DuelResponsesData_logId:8]
6607011,415,1:49:21,0,[StatementsData_logId:3,DuelResponsesData_logId:8,DuelResponsesData_witty_player_response]
6607011,416,1:49:23,0,[StatementsData_logId:3,DuelResponsesData_logId:8]
6607011,417,1:49:25,0,[StatementsData_logId:3,DuelResponsesData_logId:8]
6607011,418,1:49:25,0,[StatementsData_logId:3,true]
6607011,419,1:49:28,0,[StatementsData_logId:3,4]
6607011,411,1:49:30,0,[StatementsData_logId:3]
6607011,401,1:49:33,0,[StatementsData_logId:4]
6607011,402,1:49:37,0,[StatementsData_logId:4,true]
6607011,405,1:49:38,0,[StatementsData_logId:4]
6607011,406,1:49:38,0,[StatementsData_logId:4,2]
6607011,411,1:49:40,0,[StatementsData_logId:4]
6607011,401,1:49:43,0,[StatementsData_logId:5]
6607011,404,1:49:47,0,[StatementsData_logId:5,true]
6607011,406,1:49:48,0,[StatementsData_logId:5,2]
6607011,412,1:49:51,0,[StatementsData_logId:5]
6607011,413,1:49:52,0,[StatementsData_logId:5,DuelResponsesData_logId:9]
6607011,414,1:49:53,0,[StatementsData_logId:5,DuelResponsesData_logId:9]
6607011,415,1:50:3,0,[StatementsData_logId:5,DuelResponsesData_logId:9,DuelResponsesData_ok_player_response]
6607011,416,1:50:4,0,[StatementsData_logId:5,DuelResponsesData_logId:9]
6607011,417,1:50:5,0,[StatementsData_logId:5,DuelResponsesData_logId:9]
6607011,413,1:50:6,0,[StatementsData_logId:5,DuelResponsesData_logId:10]
6607011,414,1:50:7,0,[StatementsData_logId:5,DuelResponsesData_logId:10]
6607011,415,1:50:19,0,[StatementsData_logId:5,DuelResponsesData_logId:10,DuelResponsesData_witty_player_response]
6607011,416,1:50:20,0,[StatementsData_logId:5,DuelResponsesData_logId:10]
6607011,417,1:50:21,0,[StatementsData_logId:5,DuelResponsesData_logId:10]
6607011,413,1:50:25,0,[StatementsData_logId:5,DuelResponsesData_logId:11]
6607011,414,1:50:26,0,[StatementsData_logId:5,DuelResponsesData_logId:11]
6607011,415,1:50:40,0,[StatementsData_logId:5,DuelResponsesData_logId:11,DuelResponsesData_witty_player_response]
6607011,416,1:50:40,0,[StatementsData_logId:5,DuelResponsesData_logId:11]
6607011,417,1:50:42,0,[StatementsData_logId:5,DuelResponsesData_logId:11]
6607011,418,1:50:42,0,[StatementsData_logId:5,true]
6607011,419,1:50:46,0,[StatementsData_logId:5,4]
6607011,411,1:50:47,0,[StatementsData_logId:5]
6607011,420,1:50:47,0,[64]
6607011,1005,1:50:47,0,[0,2,3]
6607011,1000,1:50:49,0,[]
6607011,400,1:50:53,0,[]
6607011,401,1:50:54,0,[StatementsData_logId:0]
6607011,403,1:50:57,0,[StatementsData_logId:0,true]
6607011,405,1:50:58,0,[StatementsData_logId:0]
6607011,406,1:50:59,0,[StatementsData_logId:0,2]
6607011,407,1:50:59,0,[StatementsData_logId:0,FactCardData_id:6]
6607011,407,1:50:59,0,[StatementsData_logId:0,FactCardData_id:3]
6607011,407,1:50:59,0,[StatementsData_logId:0,FactCardData_id:5]
6607011,407,1:50:59,0,[StatementsData_logId:0,FactCardData_id:7]
6607011,407,1:50:59,0,[StatementsData_logId:0,FactCardData_id:0]
6607011,407,1:50:59,0,[StatementsData_logId:0,FactCardData_id:4]
6607011,407,1:51:0,0,[StatementsData_logId:0,FactCardData_id:0]
6607011,407,1:51:0,0,[StatementsData_logId:0,FactCardData_id:0]
6607011,408,1:51:3,0,[StatementsData_logId:0,FactCardData_id:0,false]
6607011,1002,1:51:10,0
6607011,1003,1:51:10,0
6607011,210,1:51:15,1040,403
6607011,211,1:51:16,971,518
6607011,213,1:51:16,0,c_bestFriend_F_a_G7a1P,true
6607011,205,1:51:16,0,c_bestFriend_F_a_G7a1P,false,false
6607011,212,1:51:21,1
6607011,210,1:51:21,1147,476
6607011,211,1:51:22,973,492
6607011,210,1:51:23,1020,506
6607011,211,1:51:23,974,513
6607011,212,1:51:24,2
6607011,210,1:51:24,1139,489
6607011,211,1:51:25,967,513
6607011,212,1:51:26,0
6607011,210,1:51:26,1136,487
6607011,211,1:51:27,976,488
6607011,213,1:51:27,0,c_bestFriend_F_a_G7a1P,true
6607011,205,1:51:27,0,c_bestFriend_F_a_G7a1P,false,true
6607011,221,1:51:31,0
6607011,300,1:51:34
6607011,220,1:51:34,0
6607011,302,1:51:47,0,3,0,3
6607011,304,1:51:48,0,3,0,1,,3,
6607011,302,1:51:58,0,0,0,1
6607011,304,1:52:0,0,0,0,0,,1,
6607011,302,1:52:6,0,2,0,5
6607011,303,1:52:8,0,2,0,5
6607011,302,1:52:20,0,2,0,17
6607011,302,1:52:29,0,2,0,14
6607011,302,1:52:51,0,2,0,5
6607011,302,1:52:53,0,2,0,11
6607011,302,1:52:55,0,2,0,14
6607011,302,1:52:56,0,2,0,11
6607011,302,1:52:57,0,2,0,14
6607011,304,1:52:58,0,2,0,14,Healthy,14,Healthy
6607011,303,1:53:2,0,2,1,16
6607011,302,1:53:23,0,2,1,5
6607011,302,1:53:29,0,2,1,0
6607011,304,1:53:29,0,2,1,16,Reader,0,Dreamer
6607011,302,1:53:38,0,2,2,13
6607011,304,1:53:41,0,2,2,12,Dancer,13,Dancer
6607011,303,1:53:47,0,2,1,0
6607011,302,1:53:53,0,2,1,5
6607011,302,1:53:56,0,2,1,17
6607011,304,1:53:57,0,2,1,0,Dreamer,17,Singer
6607011,303,1:54:3,0,1,0,0
6607011,302,1:54:8,0,1,0,5
6607011,302,1:54:19,0,1,0,14
6607011,304,1:54:22,0,1,0,0,Respectful,14,Smart
6607011,303,1:54:25,0,1,1,0
6607011,304,1:54:38,0,1,1,0,Honest,0, Helpful
6607011,304,1:54:52,0,1,1,0, Helpful,0, Helpful
6607011,100,1:55:5,0
6607011,102,1:55:6,0
6607011,200,1:55:6,0,3,2,3,0,6
6607011,210,1:55:9,972,399
6607011,211,1:55:10,1077,343
6607011,212,1:55:10,2
6607011,210,1:55:11,1013,304
6607011,211,1:55:12,961,419
6607011,210,1:55:12,976,364
6607011,211,1:55:13,951,693
6607011,221,1:55:16,0
6607011,300,1:55:18
6607011,220,1:55:18,0
6607011,221,1:55:24,0
6607011,220,1:55:31,0
6607011,212,1:55:32,1
6607011,210,1:55:33,972,520
6607011,211,1:55:34,1257,340
6607011,221,1:55:35,0
6607011,220,1:55:36,0
6607011,212,1:55:37,2
6607011,221,1:55:37,0
6607011,208,1:55:40,0,s_paperEnglish_gen
6607011,208,1:55:40,0,s_flag_gen
6607011,208,1:55:43,0,s_paperEnglish_gen
6607011,208,1:55:46,0,c_bestFriend_F_a_G7a1P
6607011,208,1:55:51,0,c_bestFriend_F_a_G7a1P
6607011,300,1:55:58
6607011,220,1:55:58,0
6607011,221,1:56:4,0
6607011,208,1:56:17,0,c_bestFriend_F_a_G7a1P
6607011,208,1:56:18,0,c_bestFriend_F_a_G7a1P
6607011,208,1:56:20,0,c_bestFriend_F_a_G7a1P
6607011,208,1:56:21,0,s_paperEnglish_gen
6607011,208,1:56:23,0,s_flag_gen
6607011,208,1:56:25,0,s_flag_gen
6607011,208,1:56:26,0,s_flag_gen
6607011,208,1:56:26,0,s_flag_gen
6607011,208,1:56:27,0,s_paperEnglish_gen
6607011,208,1:56:28,0,c_bestFriend_F_a_G7a1P
6607011,220,1:56:54,0
6607011,212,1:56:55,1
6607011,210,1:56:56,1459,200
6607011,207,1:56:56,0,-400,-518
6607011,211,1:56:57,1493,323
6607011,213,1:56:57,0,s_paperEnglish_gen,true
6607011,205,1:56:57,0,s_paperEnglish_gen,false,true
6607011,210,1:57:2,1497,307
6607011,211,1:57:7,1225,145
6607011,213,1:57:7,0,s_clock_G7a1P,true
6607011,210,1:57:9,1211,194
6607011,211,1:57:10,1036,316
6607011,221,1:57:10,0
6607011,220,1:57:11,0
6607011,210,1:57:12,1483,301
6607011,211,1:57:13,1498,343
6607011,213,1:57:13,0,s_paperEnglish_gen,true
6607011,205,1:57:13,0,s_paperEnglish_gen,false,true
6607011,210,1:57:17,1484,298
6607011,211,1:57:20,782,575
6607011,213,1:57:20,0,c_teacherEng_G7a1P,false
6607011,1003,1:57:24,1
6607011,1004,1:57:25,0
6607011,800,1:57:28,0,[]
6607011,801,1:57:30,0,[]
6607011,814,1:57:35,0,[1]
6607011,815,1:57:35,0,1,OpportunityCardData_id:7
6607011,815,1:57:37,0,1,OpportunityCardData_id:8
6607011,815,1:57:39,0,1,OpportunityCardData_id:9
6607011,815,1:57:41,0,1,OpportunityCardData_id:10
6607011,815,1:57:46,0,1,OpportunityCardData_id:11
6607011,815,1:57:49,0,1,OpportunityCardData_id:12
6607011,815,1:57:52,0,1,OpportunityCardData_id:7
6607011,815,1:57:54,0,1,OpportunityCardData_id:12
6607011,816,1:57:55,0,1,OpportunityCardData_id:12
6607011,803,1:57:57,0,[OpportunityCardData_id:12,OpportunityCardConsequencesData_logId:0]
6607011,803,1:57:57,0,[OpportunityCardData_id:12,OpportunityCardConsequencesData_logId:1]
6607011,805,1:57:59,0,[OpportunityCardData_id:12]
6607011,806,1:58:23,0,[OpportunityCardData_id:12,PriorityData_type:5]
6607011,807,1:58:25,0,[OpportunityCardData_id:12]
6607011,808,1:58:27,0,[OpportunityCardData_id:12]
6607011,809,1:58:33,0,[OpportunityCardData_id:12,PriorityData_type:3,false]
6607011,810,1:58:39,0,[OpportunityCardData_id:12,PriorityData_type:1,15,PriorityData_type:3,15]
6607011,814,1:58:48,0,[4]
6607011,815,1:58:48,0,4,OpportunityCardData_id:22
6607011,815,1:58:49,0,4,OpportunityCardData_id:26
6607011,815,1:58:50,0,4,OpportunityCardData_id:27
6607011,815,1:58:52,0,4,OpportunityCardData_id:28
6607011,816,1:58:55,0,4,OpportunityCardData_id:28
6607011,803,1:58:56,0,[OpportunityCardData_id:28,OpportunityCardConsequencesData_logId:0]
6607011,803,1:58:57,0,[OpportunityCardData_id:28,OpportunityCardConsequencesData_logId:1]
6607011,803,1:58:57,0,[OpportunityCardData_id:28,OpportunityCardConsequencesData_logId:2]
6607011,805,1:59:1,0,[OpportunityCardData_id:28]
6607011,806,1:59:8,0,[OpportunityCardData_id:28,PriorityData_type:5]
6607011,807,1:59:12,0,[OpportunityCardData_id:28]
6607011,808,1:59:14,0,[OpportunityCardData_id:28]
6607011,809,1:59:20,0,[OpportunityCardData_id:28,PriorityData_type:5,true]
6607011,810,1:59:21,0,[OpportunityCardData_id:28,PriorityData_type:4,15,Safe,Safe]
6607011,814,1:59:28,0,[3]
6607011,815,1:59:28,0,3,OpportunityCardData_id:19
6607011,815,1:59:30,0,3,OpportunityCardData_id:20
6607011,815,1:59:31,0,3,OpportunityCardData_id:21
6607011,815,1:59:34,0,3,OpportunityCardData_id:23
6607011,815,1:59:36,0,3,OpportunityCardData_id:21
6607011,815,1:59:36,0,3,OpportunityCardData_id:20
6607011,815,1:59:40,0,3,OpportunityCardData_id:21
6607011,815,1:59:41,0,3,OpportunityCardData_id:23
6607011,815,1:59:42,0,3,OpportunityCardData_id:24
6607011,815,1:59:44,0,3,OpportunityCardData_id:25
6607011,815,1:59:46,0,3,OpportunityCardData_id:19
6607011,815,1:59:47,0,3,OpportunityCardData_id:20
6607011,815,1:59:47,0,3,OpportunityCardData_id:21
6607011,816,1:59:50,0,3,OpportunityCardData_id:21
6607011,803,1:59:51,0,[OpportunityCardData_id:21,OpportunityCardConsequencesData_logId:0]
6607011,803,1:59:51,0,[OpportunityCardData_id:21,OpportunityCardConsequencesData_logId:1]
6607011,805,1:59:58,0,[OpportunityCardData_id:21]
6607011,806,2:0:19,0,[OpportunityCardData_id:21,PriorityData_type:2]
6607011,807,2:0:21,0,[OpportunityCardData_id:21]
6607011,808,2:0:22,0,[OpportunityCardData_id:21]
6607011,809,2:0:29,0,[OpportunityCardData_id:21,PriorityData_type:4,false]
6607011,810,2:0:30,0,[OpportunityCardData_id:21,PriorityData_type:3,20,PriorityData_type:4,10]
6607011,814,2:0:40,0,[4]
6607011,815,2:0:40,0,4,OpportunityCardData_id:22
6607011,815,2:0:50,0,4,OpportunityCardData_id:26
6607011,815,2:0:51,0,4,OpportunityCardData_id:27
6607011,815,2:0:56,0,4,OpportunityCardData_id:29
6607011,815,2:0:57,0,4,OpportunityCardData_id:30
6607011,815,2:1:1,0,4,OpportunityCardData_id:31
6607011,815,2:1:3,0,4,OpportunityCardData_id:22
6607011,815,2:1:4,0,4,OpportunityCardData_id:26
6607011,815,2:1:6,0,4,OpportunityCardData_id:27
6607011,815,2:1:9,0,4,OpportunityCardData_id:29
6607011,815,2:1:10,0,4,OpportunityCardData_id:30
6607011,815,2:1:10,0,4,OpportunityCardData_id:31
6607011,815,2:1:12,0,4,OpportunityCardData_id:30
6607011,815,2:1:17,0,4,OpportunityCardData_id:31
6607011,815,2:1:17,0,4,OpportunityCardData_id:22
6607011,815,2:1:19,0,4,OpportunityCardData_id:26
6607011,815,2:1:20,0,4,OpportunityCardData_id:22
6607011,816,2:1:21,0,4,OpportunityCardData_id:22
6607011,803,2:1:22,0,[OpportunityCardData_id:22,OpportunityCardConsequencesData_logId:0]
6607011,803,2:1:23,0,[OpportunityCardData_id:22,OpportunityCardConsequencesData_logId:1]
6607011,805,2:1:27,0,[OpportunityCardData_id:22]
6607011,806,2:1:31,0,[OpportunityCardData_id:22,PriorityData_type:3]
6607011,807,2:1:34,0,[OpportunityCardData_id:22]
6607011,808,2:1:35,0,[OpportunityCardData_id:22]
6607011,809,2:1:40,0,[OpportunityCardData_id:22,Safe,false]
6607011,810,2:1:41,0,[OpportunityCardData_id:22,PriorityData_type:4,15,Safe,Safe]
6607011,814,2:1:50,0,[4]
6607011,815,2:1:50,0,4,OpportunityCardData_id:26
6607011,815,2:1:51,0,4,OpportunityCardData_id:27
6607011,815,2:1:52,0,4,OpportunityCardData_id:29
6607011,815,2:1:53,0,4,OpportunityCardData_id:30
6607011,815,2:1:57,0,4,OpportunityCardData_id:31
6607011,815,2:1:58,0,4,OpportunityCardData_id:26
6607011,815,2:1:59,0,4,OpportunityCardData_id:31
6607011,816,2:2:1,0,4,OpportunityCardData_id:31
6607011,803,2:2:2,0,[OpportunityCardData_id:31,OpportunityCardConsequencesData_logId:0]
6607011,803,2:2:2,0,[OpportunityCardData_id:31,OpportunityCardConsequencesData_logId:1]
6607011,803,2:2:2,0,[OpportunityCardData_id:31,OpportunityCardConsequencesData_logId:2]
6607011,804,2:2:8,0,[OpportunityCardData_id:31]
6607011,814,2:2:10,0,[4]
6607011,815,2:2:10,0,4,OpportunityCardData_id:26
6607011,815,2:2:11,0,4,OpportunityCardData_id:27
6607011,815,2:2:12,0,4,OpportunityCardData_id:29
6607011,815,2:2:16,0,4,OpportunityCardData_id:30
6607011,815,2:2:21,0,4,OpportunityCardData_id:26
6607011,815,2:2:22,0,4,OpportunityCardData_id:27
6607011,815,2:2:22,0,4,OpportunityCardData_id:29
6607011,815,2:2:23,0,4,OpportunityCardData_id:30
6607011,815,2:2:24,0,4,OpportunityCardData_id:29
6607011,815,2:2:25,0,4,OpportunityCardData_id:27
6607011,815,2:2:26,0,4,OpportunityCardData_id:29
6607011,815,2:2:27,0,4,OpportunityCardData_id:27
6607011,816,2:2:30,0,4,OpportunityCardData_id:27
6607011,803,2:2:33,0,[OpportunityCardData_id:27,OpportunityCardConsequencesData_logId:1]
6607011,803,2:2:33,0,[OpportunityCardData_id:27,OpportunityCardConsequencesData_logId:0]
6607011,803,2:2:34,0,[OpportunityCardData_id:27,OpportunityCardConsequencesData_logId:2]
6607011,805,2:2:35,0,[OpportunityCardData_id:27]
6607011,806,2:2:58,0,[OpportunityCardData_id:27,PriorityData_type:2]
6607011,807,2:2:58,0,[OpportunityCardData_id:27]
6607011,808,2:3:0,0,[OpportunityCardData_id:27]
6607011,809,2:3:4,0,[OpportunityCardData_id:27,PriorityData_type:1,false]
6607011,810,2:3:5,0,[OpportunityCardData_id:27,PriorityData_type:4,15,PriorityData_type:1,10]
6607011,814,2:3:15,0,[2]
6607011,815,2:3:15,0,2,OpportunityCardData_id:13
6607011,815,2:3:18,0,2,OpportunityCardData_id:14
6607011,815,2:3:19,0,2,OpportunityCardData_id:15
6607011,816,2:3:21,0,2,OpportunityCardData_id:15
6607011,803,2:3:22,0,[OpportunityCardData_id:15,OpportunityCardConsequencesData_logId:0]
6607011,803,2:3:23,0,[OpportunityCardData_id:15,OpportunityCardConsequencesData_logId:1]
6607011,805,2:3:24,0,[OpportunityCardData_id:15]
6607011,806,2:3:35,0,[OpportunityCardData_id:15,PriorityData_type:0]
6607011,807,2:3:36,0,[OpportunityCardData_id:15]
6607011,808,2:3:37,0,[OpportunityCardData_id:15]
6607011,809,2:3:48,0,[OpportunityCardData_id:15,PriorityData_type:4,false]
6607011,810,2:3:49,0,[OpportunityCardData_id:15,PriorityData_type:2,15,PriorityData_type:4,10]
6607011,818,2:3:54,0,1
6607011,811,2:3:55,0,[OpportunityCardData_id:15,PriorityData_type:2,80,85,PriorityData_type:4,70,70]
6607011,1005,2:3:55,0,[1,2,3]
6607011,1001,2:3:59,0,[]
6607011,1003,2:3:59,1
6607011,221,2:4:3,0
6607011,220,2:4:5,0
6607011,210,2:4:6,1082,503
6607011,211,2:4:7,842,458
6607011,213,2:4:7,0,c_teacherEng_G7a1P,true
6607011,205,2:4:7,0,c_teacherEng_G7a1P,false,false
6607011,221,2:4:12,0
6607011,220,2:4:14,0
6607011,203,2:4:14,0
6607011,100,2:4:21,1
6607011,102,2:4:26,1
6607011,200,2:4:26,1,3,3,3,0,6
6607011,219,2:4:26,1
6607011,216,2:4:27,Stack_G7b0
6607011,217,2:4:38,Stack_G7b0,9.1,12
6607011,218,2:4:50,1
6607011,210,2:4:51,1008,528
6607011,211,2:4:53,734,454
6607011,213,2:4:53,1,c_crewKid2_F_G7b0,true
6607011,210,2:5:1,1329,540
6607011,211,2:5:2,1777,447
6607011,207,2:5:2,1,-500,-770
6607011,210,2:5:3,1851,476
6607011,207,2:5:3,1,-770,-1031
6607011,211,2:5:4,2053,472
6607011,210,2:5:4,2041,377
6607011,211,2:5:6,1557,214
6607011,213,2:5:6,1,s_snackBarWorker_G7b0,true
6607011,210,2:5:14,1558,194
6607011,207,2:5:22,1,-1031,-581
6607011,207,2:5:24,1,-581,-356
6607011,207,2:5:26,1,-356,0
6607011,211,2:5:27,542,149
6607011,213,2:5:27,1,s_lifeguard_G7b0,true
6607011,210,2:5:29,493,481
6607011,211,2:5:30,5,486
6607011,210,2:5:31,50,470
6607011,211,2:5:33,421,428
6607011,213,2:5:33,1,c_cousinsBrother_a_G7b0,true
6607011,210,2:5:38,505,406
6607011,211,2:5:39,206,502
6607011,213,2:5:39,1,c_kidSister_lati_a_G7b0,true
6607011,205,2:5:39,1,c_kidSister_lati_a_G7b0,false,false
6607011,210,2:5:44,432,473
6607011,211,2:5:50,365,358
6607011,212,2:5:52,0
6607011,210,2:5:53,313,505
6607011,211,2:5:57,449,333
6607011,213,2:5:57,1,c_cousinsBrother_a_G7b0,true
6607011,210,2:5:59,512,500
6607011,211,2:6:0,557,556
6607011,213,2:6:0,1,s_backpack_F_G7b0,true
6607011,205,2:6:0,1,s_backpack_F_G7b0,false,false
6607011,210,2:6:5,580,603
6607011,207,2:6:11,1,0,-915
6607011,211,2:6:13,1170,243
6607011,210,2:6:13,1319,235
6607011,207,2:6:15,1,-915,-885
6607011,207,2:6:15,1,-885,-855
6607011,211,2:6:16,1086,364
6607011,210,2:6:16,1389,335
6607011,207,2:6:19,1,-855,-585
6607011,211,2:6:20,1242,313
6607011,212,2:6:21,1
6607011,210,2:6:21,1340,530
6607011,207,2:6:23,1,-585,-885
6607011,211,2:6:24,1895,269
6607011,207,2:6:24,1,-885,-930
6607011,210,2:6:25,1856,257
6607011,207,2:6:25,1,-930,-1031
6607011,211,2:6:28,1564,243
6607011,213,2:6:28,1,s_snackBarWorker_G7b0,true
6607011,210,2:6:32,1634,462
6607011,207,2:6:35,1,-1031,-431
6607011,211,2:6:37,408,227
6607011,207,2:6:37,1,-431,-386
6607011,210,2:6:38,377,331
6607011,207,2:6:38,1,-386,0
6607011,211,2:6:40,200,512
6607011,213,2:6:40,1,c_kidSister_lati_a_G7b0,true
6607011,205,2:6:40,1,c_kidSister_lati_a_G7b0,false,true
6607011,210,2:6:44,402,443
6607011,211,2:6:46,430,573
6607011,212,2:6:46,2
6607011,210,2:6:47,344,412
6607011,211,2:6:50,311,475
6607011,213,2:6:50,1,c_cousinsBrothersFriend_a_G7b0,true
6607011,210,2:6:57,380,532
6607011,211,2:6:58,363,437
6607011,213,2:6:58,1,c_cousinsBrothersFriendsGF_G7b0,true
6607011,210,2:7:2,385,516
6607011,207,2:7:7,1,0,-255
6607011,211,2:7:8,1008,516
6607011,213,2:7:8,1,c_crewKid1_F_G7b0,false
6607011,1003,2:7:13,2
6607011,1004,2:7:15,1
6607011,900,2:7:29,1,[]
6607011,901,2:7:32,1,[PeopleData_id:5]
6607011,902,2:7:34,1,[PeopleData_id:5,PeopleData_data0Type]
6607011,903,2:7:43,1,[PeopleData_id5,PeopleData_data0Type]
6607011,902,2:7:44,1,[PeopleData_id:5,PeopleData_data1Type]
6607011,903,2:7:46,1,[PeopleData_id5,PeopleData_data1Type]
6607011,902,2:7:47,1,[PeopleData_id:5,PeopleData_data2Type]
6607011,903,2:7:50,1,[PeopleData_id5,PeopleData_data2Type]
6607011,901,2:7:52,1,[PeopleData_id:5]
6607011,904,2:7:52,1,[PeopleData_id:5]
6607011,905,2:7:54,1,[PeopleData_id:5,RankTypes_id:-1,RankTypes_id:3]
6607011,901,2:7:56,1,[PeopleData_id:6]
6607011,904,2:7:56,1,[PeopleData_id:6]
6607011,902,2:7:57,1,[PeopleData_id:6,PeopleData_data0Type]
6607011,902,2:8:3,1,[PeopleData_id:6,PeopleData_data1Type]
6607011,902,2:8:8,1,[PeopleData_id:6,PeopleData_data2Type]
6607011,902,2:8:13,1,[PeopleData_id:6,PeopleData_data3Type]
6607011,903,2:8:15,1,[PeopleData_id6,PeopleData_data3Type]
6607011,901,2:8:17,1,[PeopleData_id:1]
6607011,904,2:8:17,1,[PeopleData_id:1]
6607011,901,2:8:18,1,[PeopleData_id:1]
6607011,904,2:8:18,1,[PeopleData_id:1]
6607011,901,2:8:18,1,[PeopleData_id:6]
6607011,904,2:8:18,1,[PeopleData_id:6]
6607011,905,2:8:20,1,[PeopleData_id:6,RankTypes_id:-1,RankTypes_id:1]
6607011,901,2:8:21,1,[PeopleData_id:3]
6607011,902,2:8:22,1,[PeopleData_id:3,PeopleData_data3Type]
6607011,902,2:8:29,1,[PeopleData_id:3,PeopleData_data2Type]
6607011,902,2:8:32,1,[PeopleData_id:3,PeopleData_data1Type]
6607011,902,2:8:35,1,[PeopleData_id:3,PeopleData_data0Type]
6607011,903,2:8:38,1,[PeopleData_id3,PeopleData_data0Type]
6607011,901,2:8:40,1,[PeopleData_id:3]
6607011,904,2:8:40,1,[PeopleData_id:3]
6607011,905,2:8:41,1,[PeopleData_id:3,RankTypes_id:-1,RankTypes_id:0]
6607011,901,2:8:44,1,[PeopleData_id:6]
6607011,904,2:8:44,1,[PeopleData_id:6]
6607011,905,2:8:45,1,[PeopleData_id:6,RankTypes_id:1,RankTypes_id:2]
6607011,902,2:8:47,1,[PeopleData_id:6,PeopleData_data3Type]
6607011,902,2:8:48,1,[PeopleData_id:6,PeopleData_data2Type]
6607011,902,2:8:50,1,[PeopleData_id:6,PeopleData_data1Type]
6607011,902,2:8:51,1,[PeopleData_id:6,PeopleData_data0Type]
6607011,903,2:8:53,1,[PeopleData_id6,PeopleData_data0Type]
6607011,901,2:8:54,1,[PeopleData_id:2]
6607011,902,2:8:55,1,[PeopleData_id:2,PeopleData_data3Type]
6607011,902,2:8:59,1,[PeopleData_id:2,PeopleData_data2Type]
6607011,902,2:9:2,1,[PeopleData_id:2,PeopleData_data1Type]
6607011,902,2:9:4,1,[PeopleData_id:2,PeopleData_data0Type]
6607011,903,2:9:6,1,[PeopleData_id2,PeopleData_data0Type]
6607011,901,2:9:7,1,[PeopleData_id:2]
6607011,904,2:9:7,1,[PeopleData_id:2]
6607011,905,2:9:8,1,[PeopleData_id:2,RankTypes_id:-1,RankTypes_id:0]
6607011,901,2:9:9,1,[PeopleData_id:0]
6607011,902,2:9:10,1,[PeopleData_id:0,PeopleData_data2Type]
6607011,902,2:9:14,1,[PeopleData_id:0,PeopleData_data1Type]
6607011,902,2:9:17,1,[PeopleData_id:0,PeopleData_data0Type]
6607011,903,2:9:22,1,[PeopleData_id0,PeopleData_data0Type]
6607011,901,2:9:24,1,[PeopleData_id:0]
6607011,902,2:9:25,1,[PeopleData_id:0,PeopleData_data0Type]
6607011,903,2:9:26,1,[PeopleData_id0,PeopleData_data0Type]
6607011,901,2:9:28,1,[PeopleData_id:0]
6607011,904,2:9:28,1,[PeopleData_id:0]
6607011,905,2:9:29,1,[PeopleData_id:0,RankTypes_id:-1,RankTypes_id:0]
6607011,901,2:9:30,1,[PeopleData_id:1]
6607011,902,2:9:31,1,[PeopleData_id:1,PeopleData_data3Type]
6607011,902,2:9:36,1,[PeopleData_id:1,PeopleData_data2Type]
6607011,902,2:9:40,1,[PeopleData_id:1,PeopleData_data1Type]
6607011,902,2:9:42,1,[PeopleData_id:1,PeopleData_data0Type]
6607011,903,2:9:45,1,[PeopleData_id1,PeopleData_data0Type]
6607011,901,2:9:46,1,[PeopleData_id:1]
6607011,904,2:9:46,1,[PeopleData_id:1]
6607011,905,2:9:47,1,[PeopleData_id:1,RankTypes_id:-1,RankTypes_id:3]
6607011,901,2:9:48,1,[PeopleData_id:4]
6607011,904,2:9:48,1,[PeopleData_id:4]
6607011,902,2:9:50,1,[PeopleData_id:4,PeopleData_data3Type]
6607011,902,2:9:52,1,[PeopleData_id:4,PeopleData_data2Type]
6607011,902,2:9:55,1,[PeopleData_id:4,PeopleData_data1Type]
6607011,902,2:9:58,1,[PeopleData_id:4,PeopleData_data0Type]
6607011,903,2:10:1,1,[PeopleData_id4,PeopleData_data0Type]
6607011,901,2:10:2,1,[PeopleData_id:4]
6607011,904,2:10:2,1,[PeopleData_id:4]
6607011,905,2:10:3,1,[PeopleData_id:4,RankTypes_id:-1,RankTypes_id:4]
6607011,906,2:10:3,1,[]
6607011,907,2:10:9,1,[]
6607011,908,2:10:9,1,[InvitationData_id:9,PeopleData_id:4,RankTypes_id:4]
6607011,909,2:10:17,1,[InvitationData_id:9,PeopleData_id:4,RankTypes_id:4,1]
6607011,910,2:10:30,1,[InvitationData_id:9,0,true]
6607011,908,2:10:30,1,[InvitationData_id:2,PeopleData_id:4,RankTypes_id:4]
6607011,909,2:10:34,1,[InvitationData_id:2,PeopleData_id:4,RankTypes_id:4,0]
6607011,910,2:10:37,1,[InvitationData_id:2,-11,false]
6607011,908,2:10:37,1,[InvitationData_id:3,PeopleData_id:4,RankTypes_id:4]
6607011,909,2:10:40,1,[InvitationData_id:3,PeopleData_id:4,RankTypes_id:4,1]
6607011,910,2:10:42,1,[InvitationData_id:3,9,false]
6607011,908,2:10:42,1,[InvitationData_id:10,PeopleData_id:4,RankTypes_id:4]
6607011,909,2:10:45,1,[InvitationData_id:10,PeopleData_id:4,RankTypes_id:4,1]
6607011,910,2:10:46,1,[InvitationData_id:10,9,false]
6607011,908,2:10:46,1,[InvitationData_id:1,PeopleData_id:4,RankTypes_id:4]
6607011,909,2:10:49,1,[InvitationData_id:1,PeopleData_id:4,RankTypes_id:4,1]
6607011,910,2:10:50,1,[InvitationData_id:1,9,false]
6607011,908,2:10:50,1,[InvitationData_id:8,PeopleData_id:4,RankTypes_id:4]
6607011,909,2:10:54,1,[InvitationData_id:8,PeopleData_id:4,RankTypes_id:4,0]
6607011,910,2:10:55,1,[InvitationData_id:8,-11,false]
6607011,908,2:10:55,1,[InvitationData_id:0,PeopleData_id:4,RankTypes_id:4]
6607011,909,2:10:58,1,[InvitationData_id:0,PeopleData_id:4,RankTypes_id:4,1]
6607011,910,2:10:59,1,[InvitationData_id:0,9,false]
6607011,908,2:10:59,1,[InvitationData_id:6,PeopleData_id:4,RankTypes_id:4]
6607011,909,2:11:1,1,[InvitationData_id:6,PeopleData_id:4,RankTypes_id:4,1]
6607011,910,2:11:2,1,[InvitationData_id:6,9,false]
6607011,908,2:11:2,1,[InvitationData_id:5,PeopleData_id:6,RankTypes_id:2]
6607011,909,2:11:10,1,[InvitationData_id:5,PeopleData_id:6,RankTypes_id:2,1]
6607011,910,2:11:11,1,[InvitationData_id:5,5,false]
6607011,911,2:11:18,1,[28,1,1,1]
6607011,1005,2:11:18,1,[2,0,2]
6607011,1000,2:11:21,1,[]
6607011,900,2:11:22,1,[]
6607011,901,2:11:24,1,[PeopleData_id:2]
6607011,901,2:11:27,1,[PeopleData_id:1]
6607011,902,2:11:28,1,[PeopleData_id:1,PeopleData_data3Type]
6607011,902,2:11:30,1,[PeopleData_id:1,PeopleData_data2Type]
6607011,902,2:11:32,1,[PeopleData_id:1,PeopleData_data2Type]
6607011,902,2:11:33,1,[PeopleData_id:1,PeopleData_data2Type]
6607011,902,2:11:34,1,[PeopleData_id:1,PeopleData_data1Type]
6607011,902,2:11:35,1,[PeopleData_id:1,PeopleData_data0Type]
6607011,902,2:11:36,1,[PeopleData_id:1,PeopleData_data2Type]
6607011,902,2:11:37,1,[PeopleData_id:1,PeopleData_data1Type]
6607011,902,2:11:40,1,[PeopleData_id:1,PeopleData_data0Type]
6607011,903,2:11:43,1,[PeopleData_id1,PeopleData_data0Type]
6607011,901,2:11:44,1,[PeopleData_id:1]
6607011,904,2:11:44,1,[PeopleData_id:1]
6607011,905,2:11:47,1,[PeopleData_id:1,RankTypes_id:-1,RankTypes_id:1]
6607011,902,2:11:48,1,[PeopleData_id:1,PeopleData_data0Type]
6607011,903,2:11:51,1,[PeopleData_id1,PeopleData_data0Type]
6607011,901,2:11:52,1,[PeopleData_id:6]
6607011,902,2:11:54,1,[PeopleData_id:6,PeopleData_data3Type]
6607011,902,2:11:56,1,[PeopleData_id:6,PeopleData_data2Type]
6607011,902,2:12:0,1,[PeopleData_id:6,PeopleData_data1Type]
6607011,902,2:12:5,1,[PeopleData_id:6,PeopleData_data0Type]
6607011,903,2:12:7,1,[PeopleData_id6,PeopleData_data0Type]
6607011,901,2:12:7,1,[PeopleData_id:6]
6607011,904,2:12:8,1,[PeopleData_id:6]
6607011,901,2:12:9,1,[PeopleData_id:6]
6607011,904,2:12:9,1,[PeopleData_id:6]
6607011,905,2:12:10,1,[PeopleData_id:6,RankTypes_id:-1,RankTypes_id:2]
6607011,901,2:12:11,1,[PeopleData_id:4]
6607011,902,2:12:13,1,[PeopleData_id:4,PeopleData_data3Type]
6607011,902,2:12:15,1,[PeopleData_id:4,PeopleData_data2Type]
6607011,902,2:12:19,1,[PeopleData_id:4,PeopleData_data1Type]
6607011,902,2:12:21,1,[PeopleData_id:4,PeopleData_data0Type]
6607011,903,2:12:25,1,[PeopleData_id4,PeopleData_data0Type]
6607011,901,2:12:25,1,[PeopleData_id:4]
6607011,904,2:12:26,1,[PeopleData_id:4]
6607011,901,2:12:27,1,[PeopleData_id:4]
6607011,904,2:12:27,1,[PeopleData_id:4]
6607011,901,2:12:28,1,[PeopleData_id:4]
6607011,904,2:12:28,1,[PeopleData_id:4]
6607011,905,2:12:29,1,[PeopleData_id:4,RankTypes_id:-1,RankTypes_id:3]
6607011,901,2:12:30,1,[PeopleData_id:3]
6607011,902,2:12:31,1,[PeopleData_id:3,PeopleData_data3Type]
6607011,902,2:12:34,1,[PeopleData_id:3,PeopleData_data2Type]
6607011,902,2:12:36,1,[PeopleData_id:3,PeopleData_data1Type]
6607011,902,2:12:38,1,[PeopleData_id:3,PeopleData_data0Type]
6607011,902,2:12:38,1,[PeopleData_id:3,PeopleData_data0Type]
6607011,903,2:12:40,1,[PeopleData_id3,PeopleData_data0Type]
6607011,901,2:12:41,1,[PeopleData_id:3]
6607011,904,2:12:41,1,[PeopleData_id:3]
6607011,901,2:12:42,1,[PeopleData_id:3]
6607011,904,2:12:42,1,[PeopleData_id:3]
6607011,905,2:12:43,1,[PeopleData_id:3,RankTypes_id:-1,RankTypes_id:0]
6607011,901,2:12:43,1,[PeopleData_id:3]
6607011,904,2:12:43,1,[PeopleData_id:3]
6607011,905,2:12:44,1,[PeopleData_id:3,RankTypes_id:0,RankTypes_id:0]
6607011,901,2:12:44,1,[PeopleData_id:0]
6607011,902,2:12:46,1,[PeopleData_id:0,PeopleData_data2Type]
6607011,902,2:12:48,1,[PeopleData_id:0,PeopleData_data1Type]
6607011,902,2:12:50,1,[PeopleData_id:0,PeopleData_data0Type]
6607011,903,2:12:53,1,[PeopleData_id0,PeopleData_data0Type]
6607011,901,2:12:53,1,[PeopleData_id:0]
6607011,904,2:12:54,1,[PeopleData_id:0]
6607011,905,2:12:54,1,[PeopleData_id:0,RankTypes_id:-1,RankTypes_id:0]
6607011,901,2:12:55,1,[PeopleData_id:5]
6607011,904,2:12:55,1,[PeopleData_id:5]
6607011,902,2:12:56,1,[PeopleData_id:5,PeopleData_data2Type]
6607011,902,2:12:58,1,[PeopleData_id:5,PeopleData_data1Type]
6607011,902,2:13:0,1,[PeopleData_id:5,PeopleData_data0Type]
6607011,903,2:13:2,1,[PeopleData_id5,PeopleData_data0Type]
6607011,901,2:13:3,1,[PeopleData_id:5]
6607011,904,2:13:3,1,[PeopleData_id:5]
6607011,905,2:13:5,1,[PeopleData_id:5,RankTypes_id:-1,RankTypes_id:2]
6607011,901,2:13:5,1,[PeopleData_id:2]
6607011,902,2:13:7,1,[PeopleData_id:2,PeopleData_data3Type]
6607011,902,2:13:10,1,[PeopleData_id:2,PeopleData_data2Type]
6607011,902,2:13:11,1,[PeopleData_id:2,PeopleData_data1Type]
6607011,903,2:13:13,1,[PeopleData_id2,PeopleData_data1Type]
6607011,901,2:13:14,1,[PeopleData_id:2]
6607011,904,2:13:14,1,[PeopleData_id:2]
6607011,905,2:13:15,1,[PeopleData_id:2,RankTypes_id:-1,RankTypes_id:2]
6607011,906,2:13:15,1,[]
6607011,901,2:13:16,1,[PeopleData_id:6]
6607011,905,2:13:16,1,[PeopleData_id:6,RankTypes_id:2,RankTypes_id:2]
6607011,901,2:13:17,1,[PeopleData_id:5]
6607011,905,2:13:17,1,[PeopleData_id:5,RankTypes_id:2,RankTypes_id:2]
6607011,902,2:13:18,1,[PeopleData_id:5,PeopleData_data2Type]
6607011,902,2:13:20,1,[PeopleData_id:5,PeopleData_data1Type]
6607011,902,2:13:21,1,[PeopleData_id:5,PeopleData_data0Type]
6607011,902,2:13:22,1,[PeopleData_id:5,PeopleData_data0Type]
6607011,903,2:13:23,1,[PeopleData_id5,PeopleData_data0Type]
6607011,901,2:13:24,1,[PeopleData_id:5]
6607011,904,2:13:24,1,[PeopleData_id:5]
6607011,905,2:13:25,1,[PeopleData_id:5,RankTypes_id:2,RankTypes_id:4]
6607011,901,2:13:26,1,[PeopleData_id:6]
6607011,905,2:13:27,1,[PeopleData_id:6,RankTypes_id:2,RankTypes_id:2]
6607011,902,2:13:28,1,[PeopleData_id:6,PeopleData_data3Type]
6607011,902,2:13:29,1,[PeopleData_id:6,PeopleData_data2Type]
6607011,902,2:13:31,1,[PeopleData_id:6,PeopleData_data1Type]
6607011,902,2:13:33,1,[PeopleData_id:6,PeopleData_data0Type]
6607011,903,2:13:35,1,[PeopleData_id6,PeopleData_data0Type]
6607011,901,2:13:36,1,[PeopleData_id:6]
6607011,904,2:13:36,1,[PeopleData_id:6]
6607011,905,2:13:36,1,[PeopleData_id:6,RankTypes_id:2,RankTypes_id:4]
6607011,901,2:13:37,1,[PeopleData_id:2]
6607011,904,2:13:37,1,[PeopleData_id:2]
6607011,905,2:13:38,1,[PeopleData_id:2,RankTypes_id:2,RankTypes_id:2]
6607011,901,2:13:40,1,[PeopleData_id:1]
6607011,905,2:13:40,1,[PeopleData_id:1,RankTypes_id:1,RankTypes_id:1]
6607011,902,2:13:41,1,[PeopleData_id:1,PeopleData_data3Type]
6607011,902,2:13:43,1,[PeopleData_id:1,PeopleData_data2Type]
6607011,902,2:13:46,1,[PeopleData_id:1,PeopleData_data1Type]
6607011,902,2:13:50,1,[PeopleData_id:1,PeopleData_data0Type]
6607011,903,2:13:52,1,[PeopleData_id1,PeopleData_data0Type]
6607011,901,2:13:53,1,[PeopleData_id:1]
6607011,904,2:13:53,1,[PeopleData_id:1]
6607011,905,2:13:53,1,[PeopleData_id:1,RankTypes_id:1,RankTypes_id:2]
6607011,907,2:13:55,1,[]
6607011,908,2:13:55,1,[InvitationData_id:3,PeopleData_id:5,RankTypes_id:4]
6607011,909,2:14:0,1,[InvitationData_id:3,PeopleData_id:5,RankTypes_id:4,1]
6607011,910,2:14:3,1,[InvitationData_id:3,9,false]
6607011,908,2:14:3,1,[InvitationData_id:6,PeopleData_id:6,RankTypes_id:4]
6607011,909,2:14:5,1,[InvitationData_id:6,PeopleData_id:6,RankTypes_id:4,1]
6607011,910,2:14:6,1,[InvitationData_id:6,9,false]
6607011,908,2:14:6,1,[InvitationData_id:1,PeopleData_id:4,RankTypes_id:3]
6607011,909,2:14:8,1,[InvitationData_id:1,PeopleData_id:4,RankTypes_id:3,1]
6607011,910,2:14:9,1,[InvitationData_id:1,7,false]
6607011,908,2:14:9,1,[InvitationData_id:2,PeopleData_id:4,RankTypes_id:3]
6607011,909,2:14:12,1,[InvitationData_id:2,PeopleData_id:4,RankTypes_id:3,0]
6607011,910,2:14:13,1,[InvitationData_id:2,-7,false]
6607011,908,2:14:13,1,[InvitationData_id:0,PeopleData_id:4,RankTypes_id:3]
6607011,909,2:14:15,1,[InvitationData_id:0,PeopleData_id:4,RankTypes_id:3,1]
6607011,910,2:14:15,1,[InvitationData_id:0,7,false]
6607011,908,2:14:15,1,[InvitationData_id:7,PeopleData_id:2,RankTypes_id:2]
6607011,909,2:14:21,1,[InvitationData_id:7,PeopleData_id:2,RankTypes_id:2,0]
6607011,910,2:14:22,1,[InvitationData_id:7,-2,false]
6607011,908,2:14:22,1,[InvitationData_id:8,PeopleData_id:6,RankTypes_id:4]
6607011,909,2:14:26,1,[InvitationData_id:8,PeopleData_id:6,RankTypes_id:4,1]
6607011,910,2:14:26,1,[InvitationData_id:8,9,false]
6607011,908,2:14:26,1,[InvitationData_id:10,PeopleData_id:6,RankTypes_id:4]
6607011,909,2:14:29,1,[InvitationData_id:10,PeopleData_id:6,RankTypes_id:4,1]
6607011,910,2:14:29,1,[InvitationData_id:10,9,false]
6607011,908,2:14:29,1,[InvitationData_id:5,PeopleData_id:6,RankTypes_id:4]
6607011,909,2:14:32,1,[InvitationData_id:5,PeopleData_id:6,RankTypes_id:4,1]
6607011,910,2:14:34,1,[InvitationData_id:5,9,false]
6607011,908,2:14:34,1,[InvitationData_id:9,PeopleData_id:4,RankTypes_id:3]
6607011,909,2:14:37,1,[InvitationData_id:9,PeopleData_id:4,RankTypes_id:3,0]
6607011,910,2:14:37,1,[InvitationData_id:9,-7,false]
6607011,911,2:14:40,1,[43,0,0,0]
6607011,1005,2:14:40,1,[2,2,3]
6607011,1001,2:14:42,1,[]
6607011,1003,2:14:42,2
6607011,210,2:14:47,1306,508
6607011,211,2:14:48,1348,539
6607011,213,2:14:48,1,c_cousin_F_a_G7b0,true
6607011,221,2:14:55,1
6607011,220,2:14:58,1
6607011,210,2:14:59,1335,560
6607011,207,2:15:1,1,-500,-1031
6607011,211,2:15:9,1011,526
6607011,207,2:15:9,1,-1031,-926
6607011,210,2:15:9,1028,488
6607011,211,2:15:10,1028,488
6607011,210,2:15:10,1019,474
6607011,211,2:15:12,1074,469
6607011,213,2:15:12,1,c_crewKid1_F_G7b0,true
6607011,205,2:15:12,1,c_crewKid1_F_G7b0,false,false
6607011,213,2:15:18,1,c_crewKid1_F_G7b0,true
6607011,205,2:15:18,1,c_crewKid1_F_G7b0,false,true
6607011,210,2:15:24,1324,583
6607011,211,2:15:24,1365,533
6607011,213,2:15:24,1,c_cousin_F_a_G7b0,true
6607011,210,2:15:29,1184,517
6607011,207,2:15:32,1,-926,0
6607011,211,2:15:36,295,466
6607011,213,2:15:36,1,c_cousinsBrothersFriend_a_G7b0,true
6607011,210,2:15:40,302,429
6607011,211,2:15:40,359,423
6607011,213,2:15:40,1,c_cousinsBrothersFriendsGF_G7b0,true
6607011,210,2:15:44,395,495
6607011,211,2:15:49,491,392
6607011,212,2:15:50,1
6607011,210,2:15:50,284,520
6607011,211,2:15:52,218,495
6607011,213,2:15:52,1,c_kidSister_lati_a_G7b0,true
6607011,205,2:15:52,1,c_kidSister_lati_a_G7b0,false,true
6607011,210,2:15:56,256,551
6607011,207,2:16:1,1,0,-345
6607011,207,2:16:3,1,-345,-1031
6607011,211,2:16:7,1571,219
6607011,213,2:16:7,1,s_snackBarWorker_G7b0,true
6607011,210,2:16:11,1517,487
6607011,211,2:16:15,1991,598
6607011,212,2:16:15,0
6607011,210,2:16:16,2032,323
6607011,211,2:16:24,824,520
6607011,207,2:16:24,1,-1031,-806
6607011,210,2:16:24,781,516
6607011,207,2:16:24,1,-806,-701
6607011,207,2:16:26,1,-701,0
6607011,211,2:16:32,616,477
6607011,213,2:16:32,1,s_backpack_F_G7b0,true
6607011,205,2:16:32,1,s_backpack_F_G7b0,false,true
6607011,210,2:16:36,580,465
6607011,211,2:16:37,1041,486
6607011,207,2:16:37,1,0,-90
6607011,221,2:16:37,1
6607011,220,2:16:40,1
6607011,221,2:16:42,1
6607011,220,2:16:46,1
6607011,1003,2:16:46,3
6607011,1004,2:16:47,0
6607011,500,2:17:0,0,[]
6607011,501,2:17:4,0,[]
6607011,502,2:17:21,0,[IntentionData_logId:2,true]
6607011,503,2:17:23,0,[]
6607011,504,2:17:46,0,[InfluenceData_logId:0]
6607011,504,2:17:49,0,[InfluenceData_logId:1]
6607011,504,2:17:52,0,[InfluenceData_logId:2]
6607011,504,2:17:58,0,[InfluenceData_logId:1]
6607011,504,2:18:0,0,[InfluenceData_logId:2]
6607011,504,2:18:4,0,[InfluenceData_logId:0]
6607011,504,2:18:8,0,[InfluenceData_logId:2]
6607011,504,2:18:12,0,[InfluenceData_logId:5]
6607011,504,2:18:14,0,[InfluenceData_logId:3]
6607011,504,2:18:19,0,[InfluenceData_logId:4]
6607011,504,2:18:21,0,[InfluenceData_logId:3]
6607011,504,2:18:22,0,[InfluenceData_logId:4]
6607011,504,2:18:25,0,[InfluenceData_logId:3]
6607011,504,2:18:27,0,[InfluenceData_logId:6]
6607011,504,2:18:31,0,[InfluenceData_logId:8]
6607011,504,2:18:35,0,[InfluenceData_logId:7]
6607011,504,2:18:38,0,[InfluenceData_logId:6]
6607011,505,2:18:42,0,[InfluenceData_logId:2,true,InfluenceData_logId:3,true,InfluenceData_logId:6,true]
6607011,506,2:18:44,0,[]
6607011,507,2:19:10,0,[OpponentAttackData_logId:3,OpponentAttackTypeData_logId:4,false,30]
6607011,508,2:19:14,0,[]
6607011,509,2:19:25,0,[RefusalData_logId:8,2]
6607011,510,2:19:33,0,[AvailableRefusalData_logId:8,0A]
6607011,510,2:19:34,0,[AvailableRefusalData_logId:8,1A]
6607011,510,2:19:37,0,[AvailableRefusalData_logId:8,2A]
6607011,510,2:19:41,0,[AvailableRefusalData_logId:8,0C]
6607011,510,2:19:46,0,[AvailableRefusalData_logId:8,0A]
6607011,511,2:19:47,0,[AvailableRefusalData_logId:8,0A,1A,2A,true,50]
6607011,512,2:19:50,0,[]
6607011,513,2:19:50,0,[0]
6607011,514,2:19:52,0,[]
6607011,103,2:19:57
6607011,104,2:19:59
6607011,103,2:20:1
6607011,105,2:20:2
6607011,703,2:20:4,[|| EpilogueItem ID: 0 unlocked: true ||,|| EpilogueItem ID: 1 unlocked: false ||,|| EpilogueItem ID: 2 unlocked: false ||,|| EpilogueItem ID: 3 unlocked: false ||,|| EpilogueItem ID: 4 unlocked: false ||,|| EpilogueItem ID: 5 unlocked: false ||,|| EpilogueItem ID: 6 unlocked: false ||,|| EpilogueItem ID: 7 unlocked: false ||,|| EpilogueItem ID: 8 unlocked: false ||,|| EpilogueItem ID: 9 unlocked: false ||,|| EpilogueItem ID: 10 unlocked: false ||,|| EpilogueItem ID: 11 unlocked: false ||,|| EpilogueItem ID: 12 unlocked: false ||,|| EpilogueItem ID: 13 unlocked: false ||,|| EpilogueItem ID: 14 unlocked: false ||,|| EpilogueItem ID: 15 unlocked: false ||,|| EpilogueItem ID: 16 unlocked: false ||,|| EpilogueItem ID: 17 unlocked: false ||,|| EpilogueItem ID: 18 unlocked: false ||,|| EpilogueItem ID: 19 unlocked: false ||,|| EpilogueItem ID: 20 unlocked: false ||,|| EpilogueItem ID: 21 unlocked: false ||,|| EpilogueItem ID: 22 unlocked: false ||,|| EpilogueItem ID: 23 unlocked: false ||,|| EpilogueItem ID: 24 unlocked: false ||],0.04
6607011,706,2:20:6,(x=0, y=-100, w=1024, h=768),(x=0, y=-100, w=1024, h=768)
6607011,706,2:20:7,(x=0, y=-100, w=1024, h=768),(x=0, y=-100, w=1024, h=768)
6607011,706,2:20:13,(x=2531, y=-100, w=1024, h=768),(x=2531, y=-100, w=1024, h=768)
6607011,707,2:20:13,0,2
6607011,706,2:20:13,(x=2531, y=-100, w=1024, h=768),(x=2531, y=-100, w=1024, h=768)
6607011,707,2:20:15,2,3
6607011,706,2:20:15,(x=2531, y=-100, w=1024, h=768),(x=2531, y=-100, w=1024, h=768)
6607011,707,2:20:16,3,1
6607011,706,2:20:17,(x=2520, y=-100, w=1024, h=768),(x=2516, y=-100, w=1024, h=768)
6607011,706,2:20:17,(x=2520, y=-100, w=1024, h=768),(x=2516, y=-100, w=1024, h=768)
6607011,707,2:20:18,1,3
6607011,706,2:20:18,(x=2520, y=-100, w=1024, h=768),(x=2516, y=-100, w=1024, h=768)
6607011,707,2:20:18,3,2
6607011,706,2:20:18,(x=2520, y=-100, w=1024, h=768),(x=2516, y=-100, w=1024, h=768)
6607011,707,2:20:19,2,3
6607011,706,2:20:19,(x=2520, y=-100, w=1024, h=768),(x=2516, y=-100, w=1024, h=768)
6607011,708,2:20:20
6607011,1,2:20:20,2/26/2014 4:57:26pm,{"gameTime":8420181,"challengeStacks":[{"challengeScenes":[{"miniGameCards":[],"viewedAnimatic":true,"keyPoints":["c_bestFriend_F_a_G7a0","c_teacherEng_G7a0","s_flag_gen"],"unlocked":true,"touchableObjects":["c_bestFriend_F_a_G7a0","c_crewKid1_F_G7a0","s_otherStudent1_G7a0","c_friend1_F_a_G7a0","s_vocabAssignment_G7a0","s_angelouPoster_gen","s_shakespearePoster_gen","s_poePoster_gen","s_doorClassroom_G7a0","c_teacherEng_G7a0","s_atwoodPoster_gen","s_flag_gen","s_clock_G7a0"]},{"miniGameCards":[],"viewedAnimatic":true,"keyPoints":["c_teacherEng_G7a1N","c_bestFriend_F_a_G7a1N","s_paperPlayers_G7a1N"],"unlocked":true,"touchableObjects":["c_teacherEng_G7a1N","c_bestFriend_F_a_G7a1N","s_otherStudent2_G7a1N","s_otherStudent1_G7a1N","c_crewKid1_F_G7a1N","s_posterPlagiarism_gen","s_atwoodPoster_gen","s_angelouPoster_gen","s_shakespearePoster_gen","s_poePoster_gen","s_flag_gen","s_paperPlayers_G7a1N"]},{"miniGameCards":[],"viewedAnimatic":true,"keyPoints":["s_flag_gen","s_paperEnglish_gen","c_bestFriend_F_a_G7a1P","c_teacherEng_G7a1P"],"unlocked":true,"touchableObjects":["s_clock_G7a1P","s_paperPlayers_G7a1P","s_flag_gen","s_atwoodPoster_gen","s_angelouPoster_gen","s_shakespearePoster_gen","s_poePoster_gen","s_paperEnglish_gen","c_bestFriend_F_a_G7a1P","c_teacherEng_G7a1P"]}],"stackSize":3,"resolved":true},{"challengeScenes":[{"miniGameCards":[],"viewedAnimatic":true,"keyPoints":["c_kidSister_lati_a_G7b0","s_backpack_F_G7b0","c_crewKid1_F_G7b0"],"unlocked":true,"touchableObjects":["c_crewKid2_F_G7b0","s_snackBarWorker_G7b0","s_lifeguard_G7b0","c_cousinsBrother_a_G7b0","c_kidSister_lati_a_G7b0","s_backpack_F_G7b0","c_cousinsBrothersFriend_a_G7b0","c_cousinsBrothersFriendsGF_G7b0","c_cousin_F_a_G7b0","c_crewKid1_F_G7b0"]},{"miniGameCards":[],"viewedAnimatic":false,"keyPoints":[],"unlocked":true,"touchableObjects":[]},{"miniGameCards":[],"viewedAnimatic":false,"keyPoints":[],"unlocked":false,"touchableObjects":[]},{"miniGameCards":[],"viewedAnimatic":false,"keyPoints":[],"unlocked":false,"touchableObjects":[]},{"miniGameCards":[],"viewedAnimatic":false,"keyPoints":[],"unlocked":false,"touchableObjects":[]}],"stackSize":5,"resolved":false},{"challengeScenes":[{"miniGameCards":[],"viewedAnimatic":false,"keyPoints":[],"unlocked":false,"touchableObjects":[]},{"miniGameCards":[],"viewedAnimatic":false,"keyPoints":[],"unlocked":false,"touchableObjects":[]},{"miniGameCards":[],"viewedAnimatic":false,"keyPoints":[],"unlocked":false,"touchableObjects":[]},{"miniGameCards":[],"viewedAnimatic":false,"keyPoints":[],"unlocked":false,"touchableObjects":[]},{"miniGameCards":[],"viewedAnimatic":false,"keyPoints":[],"unlocked":false,"touchableObjects":[]},{"miniGameCards":[],"viewedAnimatic":false,"keyPoints":[],"unlocked":false,"touchableObjects":[]},{"miniGameCards":[],"viewedAnimatic":false,"keyPoints":[],"unlocked":false,"touchableObjects":[]}],"stackSize":7,"resolved":false},{"challengeScenes":[{"miniGameCards":[],"viewedAnimatic":false,"keyPoints":[],"unlocked":false,"touchableObjects":[]},{"miniGameCards":[],"viewedAnimatic":false,"keyPoints":[],"unlocked":false,"touchableObjects":[]},{"miniGameCards":[],"viewedAnimatic":false,"keyPoints":[],"unlocked":false,"touchableObjects":[]},{"miniGameCards":[],"viewedAnimatic":false,"keyPoints":[],"unlocked":false,"touchableObjects":[]},{"miniGameCards":[],"viewedAnimatic":false,"keyPoints":[],"unlocked":false,"touchableObjects":[]}],"stackSize":5,"resolved":false},{"challengeScenes":[{"miniGameCards":[],"viewedAnimatic":false,"keyPoints":[],"unlocked":false,"touchableObjects":[]},{"miniGameCards":[],"viewedAnimatic":false,"keyPoints":[],"unlocked":false,"touchableObjects":[]},{"miniGameCards":[],"viewedAnimatic":false,"keyPoints":[],"unlocked":false,"touchableObjects":[]},{"miniGameCards":[],"viewedAnimatic":false,"keyPoints":[],"unlocked":false,"touchableObjects":[]},{"miniGameCards":[],"viewedAnimatic":false,"keyPoints":[],"unlocked":false,"touchableObjects":[]}],"stackSize":5,"resolved":false},{"challengeScenes":[{"miniGameCards":[],"viewedAnimatic":false,"keyPoints":[],"unlocked":false,"touchableObjects":[]},{"miniGameCards":[],"viewedAnimatic":false,"keyPoints":[],"unlocked":false,"touchableObjects":[]},{"miniGameCards":[],"viewedAnimatic":false,"keyPoints":[],"unlocked":false,"touchableObjects":[]},{"miniGameCards":[],"viewedAnimatic":false,"keyPoints":[],"unlocked":false,"touchableObjects":[]},{"miniGameCards":[],"viewedAnimatic":false,"keyPoints":[],"unlocked":false,"touchableObjects":[]}],"stackSize":5,"resolved":false},{"challengeScenes":[{"miniGameCards":[],"viewedAnimatic":false,"keyPoints":[],"unlocked":false,"touchableObjects":[]},{"miniGameCards":[],"viewedAnimatic":false,"keyPoints":[],"unlocked":false,"touchableObjects":[]},{"miniGameCards":[],"viewedAnimatic":false,"keyPoints":[],"unlocked":false,"touchableObjects":[]},{"miniGameCards":[],"viewedAnimatic":false,"keyPoints":[],"unlocked":false,"touchableObjects":[]},{"miniGameCards":[],"viewedAnimatic":false,"keyPoints":[],"unlocked":false,"touchableObjects":[]}],"stackSize":5,"resolved":false},{"challengeScenes":[{"miniGameCards":[],"viewedAnimatic":false,"keyPoints":[],"unlocked":false,"touchableObjects":[]},{"miniGameCards":[],"viewedAnimatic":false,"keyPoints":[],"unlocked":false,"touchableObjects":[]},{"miniGameCards":[],"viewedAnimatic":false,"keyPoints":[],"unlocked":false,"touchableObjects":[]},{"miniGameCards":[],"viewedAnimatic":false,"keyPoints":[],"unlocked":false,"touchableObjects":[]},{"miniGameCards":[],"viewedAnimatic":false,"keyPoints":[],"unlocked":false,"touchableObjects":[]}],"stackSize":5,"resolved":false},{"challengeScenes":[{"miniGameCards":[],"viewedAnimatic":false,"keyPoints":[],"unlocked":false,"touchableObjects":[]},{"miniGameCards":[],"viewedAnimatic":false,"keyPoints":[],"unlocked":false,"touchableObjects":[]},{"miniGameCards":[],"viewedAnimatic":false,"keyPoints":[],"unlocked":false,"touchableObjects":[]},{"miniGameCards":[],"viewedAnimatic":false,"keyPoints":[],"unlocked":false,"touchableObjects":[]},{"miniGameCards":[],"viewedAnimatic":false,"keyPoints":[],"unlocked":false,"touchableObjects":[]}],"stackSize":5,"resolved":false},{"challengeScenes":[{"miniGameCards":[],"viewedAnimatic":false,"keyPoints":[],"unlocked":false,"touchableObjects":[]},{"miniGameCards":[],"viewedAnimatic":false,"keyPoints":[],"unlocked":false,"touchableObjects":[]},{"miniGameCards":[],"viewedAnimatic":false,"keyPoints":[],"unlocked":false,"touchableObjects":[]},{"miniGameCards":[],"viewedAnimatic":false,"keyPoints":[],"unlocked":false,"touchableObjects":[]},{"miniGameCards":[],"viewedAnimatic":false,"keyPoints":[],"unlocked":false,"touchableObjects":[]}],"stackSize":5,"resolved":false},{"challengeScenes":[{"miniGameCards":[],"viewedAnimatic":false,"keyPoints":[],"unlocked":false,"touchableObjects":[]},{"miniGameCards":[],"viewedAnimatic":false,"keyPoints":[],"unlocked":false,"touchableObjects":[]},{"miniGameCards":[],"viewedAnimatic":false,"keyPoints":[],"unlocked":false,"touchableObjects":[]},{"miniGameCards":[],"viewedAnimatic":false,"keyPoints":[],"unlocked":false,"touchableObjects":[]},{"miniGameCards":[],"viewedAnimatic":false,"keyPoints":[],"unlocked":false,"touchableObjects":[]}],"stackSize":5,"resolved":false},{"challengeScenes":[{"miniGameCards":[],"viewedAnimatic":false,"keyPoints":[],"unlocked":false,"touchableObjects":[]},{"miniGameCards":[],"viewedAnimatic":false,"keyPoints":[],"unlocked":false,"touchableObjects":[]},{"miniGameCards":[],"viewedAnimatic":false,"keyPoints":[],"unlocked":false,"touchableObjects":[]},{"miniGameCards":[],"viewedAnimatic":false,"keyPoints":[],"unlocked":false,"touchableObjects":[]},{"miniGameCards":[],"viewedAnimatic":false,"keyPoints":[],"unlocked":false,"touchableObjects":[]}],"stackSize":5,"resolved":false},{"challengeScenes":[{"miniGameCards":[],"viewedAnimatic":false,"keyPoints":[],"unlocked":true,"touchableObjects":["c_player_lati_F_a_G0a0","c_family_lati_a_G0a0","c_friends_G0a0","c_education_G0a0"]},{"miniGameCards":[],"viewedAnimatic":false,"keyPoints":["c_family_lati_a_G0a1N","c_home_G0a1N","c_job_G0a1N"],"unlocked":true,"touchableObjects":["c_family_lati_a_G0a1N","c_home_G0a1N","c_player_lati_F_a_G0a1N","c_job_G0a1N"]},{"miniGameCards":[],"viewedAnimatic":false,"keyPoints":["c_dad_lati_a_G0a1P","c_grandma_lati_a_G0a1P","c_Teacher_G0a1P","c_Nurse_G0a1P","c_kidsister_lati_a_G0a1P","c_mom_lati_a_G0a1P"],"unlocked":true,"touchableObjects":["c_cousins_F_a_G0a1P","c_dad_lati_a_G0a1P","c_friends_G0a1P","c_grandma_lati_a_G0a1P","c_Teacher_G0a1P","c_Nurse_G0a1P","c_kidsister_lati_a_G0a1P","c_mom_lati_a_G0a1P"]}],"stackSize":3,"resolved":true}],"sessionId":3,"epilogue":{"rating":3},"playerId":6607011,"session":[{"sceneId":"1P","stackId":12},{"sceneId":"1P","stackId":0}],"minigames":[{"levelSaveData":[{"starRating":3,"unlocked":true},{"starRating":0,"unlocked":false},{"starRating":0,"unlocked":false},{"starRating":0,"unlocked":false},{"starRating":0,"unlocked":false},{"starRating":0,"unlocked":false},{"starRating":0,"unlocked":false},{"starRating":0,"unlocked":false},{"starRating":0,"unlocked":false},{"starRating":0,"unlocked":false}],"skillPoints":3},{"levelSaveData":[{"starRating":3,"unlocked":true},{"starRating":0,"unlocked":false},{"starRating":0,"unlocked":false},{"starRating":0,"unlocked":false},{"starRating":0,"unlocked":true},{"starRating":0,"unlocked":false},{"starRating":0,"unlocked":false},{"starRating":0,"unlocked":false},{"starRating":0,"unlocked":false},{"starRating":0,"unlocked":false}],"skillPoints":3},{"levelSaveData":[{"starRating":3,"unlocked":true},{"starRating":3,"unlocked":true},{"starRating":0,"unlocked":false},{"starRating":0,"unlocked":false},{"starRating":0,"unlocked":false},{"starRating":0,"unlocked":false},{"starRating":0,"unlocked":false},{"starRating":0,"unlocked":false},{"starRating":0,"unlocked":false},{"starRating":0,"unlocked":false}],"skillPoints":6},{"levelSaveData":[{"starRating":0,"unlocked":true},{"starRating":0,"unlocked":false},{"starRating":0,"unlocked":false},{"starRating":0,"unlocked":false},{"starRating":0,"unlocked":false},{"starRating":0,"unlocked":false},{"starRating":0,"unlocked":false},{"starRating":0,"unlocked":false},{"starRating":0,"unlocked":false},{"starRating":0,"unlocked":false}],"skillPoints":0},{"age":13,"name":"Steph","gender":1,"levelSaveData":[{"starRating":3,"unlocked":true},{"starRating":3,"chunks":[["1"],["14$$Smart","0$$ Helpful"],["14$$Healthy","17$$Singer","13$$Dancer"],["3"]],"unlocked":true},{"starRating":0,"chunks":[[null],[null,null],[null,null]],"unlocked":true},{"starRating":0,"chunks":[[null],[null],[null],[null],[null,null],[null]],"unlocked":false},{"starRating":0,"chunks":[[null],[null],[null,null],[null],[null],[null]],"unlocked":false},{"starRating":0,"chunks":[[null],[null,null,null,null],[null],[null]],"unlocked":false},{"starRating":0,"chunks":[[null],[null],[null,null],[null,null],[null]],"unlocked":false},{"starRating":0,"chunks":[[null,null,null],[null,null,null],[null],[null],[null]],"unlocked":false},{"starRating":0,"chunks":[[null,null,null],[null,null,null],[null,null]],"unlocked":false},{"starRating":0,"chunks":[[null],[null],[null],[null],[null],[null]],"unlocked":false}],"visualAvatar":0,"id":2,"skillPoints":6}],"avatar":{"age":13,"name":"Steph","gender":1,"levelSaveData":[{"starRating":3,"unlocked":true},{"starRating":3,"chunks":[["1"],["14$$Smart","0$$ Helpful"],["14$$Healthy","17$$Singer","13$$Dancer"],["3"]],"unlocked":true},{"starRating":0,"chunks":[[null],[null,null],[null,null]],"unlocked":true},{"starRating":0,"chunks":[[null],[null],[null],[null],[null,null],[null]],"unlocked":false},{"starRating":0,"chunks":[[null],[null],[null,null],[null],[null],[null]],"unlocked":false},{"starRating":0,"chunks":[[null],[null,null,null,null],[null],[null]],"unlocked":false},{"starRating":0,"chunks":[[null],[null],[null,null],[null,null],[null]],"unlocked":false},{"starRating":0,"chunks":[[null,null,null],[null,null,null],[null],[null],[null]],"unlocked":false},{"starRating":0,"chunks":[[null,null,null],[null,null,null],[null,null]],"unlocked":false},{"starRating":0,"chunks":[[null],[null],[null],[null],[null],[null]],"unlocked":false}],"visualAvatar":0,"id":2,"skillPoints":6}}
