6607010,0,3:35:1,3/6/2014 4:05:45pm
6607010,100,3:35:17,5
6607010,102,3:35:18,5
6607010,200,3:35:18,5,6,18,14,12,15
6607010,219,3:35:19,5
6607010,216,3:35:20,Stack_G9b0
6607010,217,3:35:38,Stack_G9b0,17,1.2
6607010,218,3:35:40,5
6607010,210,3:35:40,842,348
6607010,211,3:35:41,845,369
6607010,213,3:35:41,5,c_kidSister_lati_a_G9b0,true
6607010,210,3:35:43,578,446
6607010,211,3:35:43,567,447
6607010,213,3:35:43,5,c_cousin_M_a_G9b0,true
6607010,210,3:35:47,334,393
6607010,207,3:35:48,5,-200,-50
6607010,211,3:35:52,537,192
6607010,213,3:35:52,5,s_calendar_M_gen,true
6607010,210,3:35:54,927,199
6607010,207,3:35:55,5,-50,-512
6607010,211,3:35:56,1370,584
6607010,213,3:35:56,5,s_computer_M_gen,true
6607010,205,3:35:56,5,s_computer_M_gen,false,false
6607010,210,3:36:0,1253,332
6607010,211,3:36:7,641,354
6607010,213,3:36:7,5,s_closet_M_G9b0,true
6607010,212,3:36:9,1
6607010,210,3:36:10,1138,467
6607010,207,3:36:12,5,-512,-317
6607010,207,3:36:14,5,-317,-17
6607010,211,3:36:15,280,608
6607010,213,3:36:15,5,s_cellPhone_M_G9b0,true
6607010,210,3:36:18,547,292
6607010,207,3:36:22,5,-17,-377
6607010,207,3:36:23,5,-377,-512
6607010,207,3:36:31,5,-512,-287
6607010,207,3:36:33,5,-287,0
6607010,211,3:36:33,7,274
6607010,210,3:36:33,78,337
6607010,211,3:36:34,277,630
6607010,212,3:36:37,0
6607010,210,3:36:37,853,459
6607010,211,3:36:39,349,440
6607010,213,3:36:39,5,s_clock_M_G9b0,true
6607010,1003,3:36:42,0
6607010,1004,3:36:45,5
6607010,400,3:36:47,5,[]
6607010,401,3:36:52,5,[StatementsData_logId:0]
6607010,403,3:37:3,5,[StatementsData_logId:0,true]
6607010,405,3:37:4,5,[StatementsData_logId:0]
6607010,406,3:37:7,5,[StatementsData_logId:0,2]
6607010,407,3:37:7,5,[StatementsData_logId:0,FactCardData_id:1]
6607010,407,3:37:7,5,[StatementsData_logId:0,FactCardData_id:24]
6607010,407,3:37:7,5,[StatementsData_logId:0,FactCardData_id:5]
6607010,407,3:37:7,5,[StatementsData_logId:0,FactCardData_id:4]
6607010,407,3:37:7,5,[StatementsData_logId:0,FactCardData_id:27]
6607010,407,3:37:7,5,[StatementsData_logId:0,FactCardData_id:26]
6607010,407,3:37:9,5,[StatementsData_logId:0,FactCardData_id:1]
6607010,407,3:37:9,5,[StatementsData_logId:0,FactCardData_id:1]
6607010,407,3:37:10,5,[StatementsData_logId:0,FactCardData_id:5]
6607010,407,3:37:10,5,[StatementsData_logId:0,FactCardData_id:1]
6607010,407,3:37:10,5,[StatementsData_logId:0,FactCardData_id:5]
6607010,407,3:37:12,5,[StatementsData_logId:0,FactCardData_id:27]
6607010,407,3:37:12,5,[StatementsData_logId:0,FactCardData_id:5]
6607010,407,3:37:12,5,[StatementsData_logId:0,FactCardData_id:27]
6607010,407,3:37:15,5,[StatementsData_logId:0,FactCardData_id:26]
6607010,407,3:37:15,5,[StatementsData_logId:0,FactCardData_id:27]
6607010,407,3:37:15,5,[StatementsData_logId:0,FactCardData_id:26]
6607010,407,3:37:18,5,[StatementsData_logId:0,FactCardData_id:4]
6607010,407,3:37:18,5,[StatementsData_logId:0,FactCardData_id:26]
6607010,407,3:37:18,5,[StatementsData_logId:0,FactCardData_id:4]
6607010,407,3:37:19,5,[StatementsData_logId:0,FactCardData_id:24]
6607010,407,3:37:19,5,[StatementsData_logId:0,FactCardData_id:4]
6607010,407,3:37:19,5,[StatementsData_logId:0,FactCardData_id:24]
6607010,407,3:37:20,5,[StatementsData_logId:0,FactCardData_id:27]
6607010,407,3:37:20,5,[StatementsData_logId:0,FactCardData_id:24]
6607010,407,3:37:20,5,[StatementsData_logId:0,FactCardData_id:27]
6607010,407,3:37:20,5,[StatementsData_logId:0,FactCardData_id:24]
6607010,407,3:37:20,5,[StatementsData_logId:0,FactCardData_id:27]
6607010,407,3:37:20,5,[StatementsData_logId:0,FactCardData_id:24]
6607010,407,3:37:23,5,[StatementsData_logId:0,FactCardData_id:27]
6607010,407,3:37:23,5,[StatementsData_logId:0,FactCardData_id:24]
6607010,407,3:37:23,5,[StatementsData_logId:0,FactCardData_id:27]
6607010,408,3:37:24,5,[StatementsData_logId:0,FactCardData_id:27,true]
6607010,409,3:37:24,5,[StatementsData_logId:0]
6607010,410,3:37:25,5,[StatementsData_logId:0,2]
6607010,412,3:37:27,5,[StatementsData_logId:0]
6607010,413,3:37:28,5,[StatementsData_logId:0,DuelResponsesData_logId:0]
6607010,414,3:37:29,5,[StatementsData_logId:0,DuelResponsesData_logId:0]
6607010,415,3:37:38,5,[StatementsData_logId:0,DuelResponsesData_logId:0,DuelResponsesData_witty_player_response]
6607010,416,3:37:38,5,[StatementsData_logId:0,DuelResponsesData_logId:0]
6607010,417,3:37:39,5,[StatementsData_logId:0,DuelResponsesData_logId:0]
6607010,413,3:37:42,5,[StatementsData_logId:0,DuelResponsesData_logId:1]
6607010,414,3:37:42,5,[StatementsData_logId:0,DuelResponsesData_logId:1]
6607010,415,3:38:2,5,[StatementsData_logId:0,DuelResponsesData_logId:1,DuelResponsesData_witty_player_response]
6607010,416,3:38:3,5,[StatementsData_logId:0,DuelResponsesData_logId:1]
6607010,417,3:38:4,5,[StatementsData_logId:0,DuelResponsesData_logId:1]
6607010,413,3:38:7,5,[StatementsData_logId:0,DuelResponsesData_logId:2]
6607010,414,3:38:8,5,[StatementsData_logId:0,DuelResponsesData_logId:2]
6607010,415,3:38:25,5,[StatementsData_logId:0,DuelResponsesData_logId:2,DuelResponsesData_witty_player_response]
6607010,416,3:38:26,5,[StatementsData_logId:0,DuelResponsesData_logId:2]
6607010,417,3:38:26,5,[StatementsData_logId:0,DuelResponsesData_logId:2]
6607010,418,3:38:26,5,[StatementsData_logId:0,true]
6607010,419,3:38:28,5,[StatementsData_logId:0,4]
6607010,411,3:38:29,5,[StatementsData_logId:0]
6607010,401,3:38:35,5,[StatementsData_logId:1]
6607010,404,3:38:37,5,[StatementsData_logId:1,true]
6607010,406,3:38:38,5,[StatementsData_logId:1,2]
6607010,412,3:38:39,5,[StatementsData_logId:1]
6607010,413,3:38:41,5,[StatementsData_logId:1,DuelResponsesData_logId:3]
6607010,414,3:38:42,5,[StatementsData_logId:1,DuelResponsesData_logId:3]
6607010,415,3:38:49,5,[StatementsData_logId:1,DuelResponsesData_logId:3,DuelResponsesData_ok_player_response]
6607010,416,3:38:49,5,[StatementsData_logId:1,DuelResponsesData_logId:3]
6607010,417,3:38:50,5,[StatementsData_logId:1,DuelResponsesData_logId:3]
6607010,413,3:38:54,5,[StatementsData_logId:1,DuelResponsesData_logId:4]
6607010,414,3:38:55,5,[StatementsData_logId:1,DuelResponsesData_logId:4]
6607010,415,3:39:8,5,[StatementsData_logId:1,DuelResponsesData_logId:4,DuelResponsesData_witty_player_response]
6607010,416,3:39:9,5,[StatementsData_logId:1,DuelResponsesData_logId:4]
6607010,417,3:39:10,5,[StatementsData_logId:1,DuelResponsesData_logId:4]
6607010,413,3:39:16,5,[StatementsData_logId:1,DuelResponsesData_logId:5]
6607010,414,3:39:17,5,[StatementsData_logId:1,DuelResponsesData_logId:5]
6607010,415,3:39:22,5,[StatementsData_logId:1,DuelResponsesData_logId:5,DuelResponsesData_witty_player_response]
6607010,416,3:39:23,5,[StatementsData_logId:1,DuelResponsesData_logId:5]
6607010,417,3:39:24,5,[StatementsData_logId:1,DuelResponsesData_logId:5]
6607010,418,3:39:24,5,[StatementsData_logId:1,true]
6607010,419,3:39:25,5,[StatementsData_logId:1,4]
6607010,411,3:39:26,5,[StatementsData_logId:1]
6607010,401,3:39:33,5,[StatementsData_logId:2]
6607010,403,3:39:35,5,[StatementsData_logId:2,true]
6607010,405,3:39:35,5,[StatementsData_logId:2]
6607010,406,3:39:36,5,[StatementsData_logId:2,2]
6607010,407,3:39:36,5,[StatementsData_logId:2,FactCardData_id:4]
6607010,407,3:39:36,5,[StatementsData_logId:2,FactCardData_id:26]
6607010,407,3:39:36,5,[StatementsData_logId:2,FactCardData_id:1]
6607010,407,3:39:36,5,[StatementsData_logId:2,FactCardData_id:24]
6607010,407,3:39:36,5,[StatementsData_logId:2,FactCardData_id:27]
6607010,407,3:39:36,5,[StatementsData_logId:2,FactCardData_id:5]
6607010,407,3:39:38,5,[StatementsData_logId:2,FactCardData_id:26]
6607010,407,3:39:38,5,[StatementsData_logId:2,FactCardData_id:26]
6607010,407,3:39:40,5,[StatementsData_logId:2,FactCardData_id:24]
6607010,407,3:39:40,5,[StatementsData_logId:2,FactCardData_id:26]
6607010,407,3:39:40,5,[StatementsData_logId:2,FactCardData_id:24]
6607010,408,3:39:43,5,[StatementsData_logId:2,FactCardData_id:24,true]
6607010,409,3:39:43,5,[StatementsData_logId:2]
6607010,410,3:39:43,5,[StatementsData_logId:2,2]
6607010,412,3:39:45,5,[StatementsData_logId:2]
6607010,413,3:39:47,5,[StatementsData_logId:2,DuelResponsesData_logId:6]
6607010,414,3:39:48,5,[StatementsData_logId:2,DuelResponsesData_logId:6]
6607010,415,3:39:52,5,[StatementsData_logId:2,DuelResponsesData_logId:6,DuelResponsesData_witty_player_response]
6607010,416,3:39:52,5,[StatementsData_logId:2,DuelResponsesData_logId:6]
6607010,417,3:39:53,5,[StatementsData_logId:2,DuelResponsesData_logId:6]
6607010,413,3:39:57,5,[StatementsData_logId:2,DuelResponsesData_logId:7]
6607010,414,3:39:58,5,[StatementsData_logId:2,DuelResponsesData_logId:7]
6607010,415,3:40:8,5,[StatementsData_logId:2,DuelResponsesData_logId:7,DuelResponsesData_ok_player_response]
6607010,416,3:40:9,5,[StatementsData_logId:2,DuelResponsesData_logId:7]
6607010,417,3:40:9,5,[StatementsData_logId:2,DuelResponsesData_logId:7]
6607010,413,3:40:12,5,[StatementsData_logId:2,DuelResponsesData_logId:8]
6607010,414,3:40:13,5,[StatementsData_logId:2,DuelResponsesData_logId:8]
6607010,415,3:40:21,5,[StatementsData_logId:2,DuelResponsesData_logId:8,DuelResponsesData_witty_player_response]
6607010,416,3:40:21,5,[StatementsData_logId:2,DuelResponsesData_logId:8]
6607010,417,3:40:22,5,[StatementsData_logId:2,DuelResponsesData_logId:8]
6607010,418,3:40:22,5,[StatementsData_logId:2,true]
6607010,419,3:40:23,5,[StatementsData_logId:2,4]
6607010,411,3:40:24,5,[StatementsData_logId:2]
6607010,401,3:40:28,5,[StatementsData_logId:3]
6607010,402,3:40:30,5,[StatementsData_logId:3,true]
6607010,405,3:40:30,5,[StatementsData_logId:3]
6607010,406,3:40:32,5,[StatementsData_logId:3,2]
6607010,411,3:40:33,5,[StatementsData_logId:3]
6607010,401,3:40:36,5,[StatementsData_logId:4]
6607010,403,3:40:41,5,[StatementsData_logId:4,true]
6607010,405,3:40:41,5,[StatementsData_logId:4]
6607010,406,3:40:42,5,[StatementsData_logId:4,2]
6607010,407,3:40:42,5,[StatementsData_logId:4,FactCardData_id:5]
6607010,407,3:40:42,5,[StatementsData_logId:4,FactCardData_id:4]
6607010,407,3:40:42,5,[StatementsData_logId:4,FactCardData_id:27]
6607010,407,3:40:42,5,[StatementsData_logId:4,FactCardData_id:1]
6607010,407,3:40:42,5,[StatementsData_logId:4,FactCardData_id:26]
6607010,407,3:40:42,5,[StatementsData_logId:4,FactCardData_id:24]
6607010,407,3:40:45,5,[StatementsData_logId:4,FactCardData_id:5]
6607010,407,3:40:45,5,[StatementsData_logId:4,FactCardData_id:5]
6607010,408,3:40:48,5,[StatementsData_logId:4,FactCardData_id:5,true]
6607010,409,3:40:48,5,[StatementsData_logId:4]
6607010,410,3:40:49,5,[StatementsData_logId:4,2]
6607010,412,3:40:51,5,[StatementsData_logId:4]
6607010,413,3:40:53,5,[StatementsData_logId:4,DuelResponsesData_logId:9]
6607010,414,3:40:57,5,[StatementsData_logId:4,DuelResponsesData_logId:9]
6607010,415,3:41:3,5,[StatementsData_logId:4,DuelResponsesData_logId:9,DuelResponsesData_witty_player_response]
6607010,416,3:41:3,5,[StatementsData_logId:4,DuelResponsesData_logId:9]
6607010,417,3:41:4,5,[StatementsData_logId:4,DuelResponsesData_logId:9]
6607010,413,3:41:8,5,[StatementsData_logId:4,DuelResponsesData_logId:10]
6607010,414,3:41:9,5,[StatementsData_logId:4,DuelResponsesData_logId:10]
6607010,415,3:41:21,5,[StatementsData_logId:4,DuelResponsesData_logId:10,DuelResponsesData_witty_player_response]
6607010,416,3:41:22,5,[StatementsData_logId:4,DuelResponsesData_logId:10]
6607010,417,3:41:23,5,[StatementsData_logId:4,DuelResponsesData_logId:10]
6607010,413,3:41:27,5,[StatementsData_logId:4,DuelResponsesData_logId:11]
6607010,414,3:41:28,5,[StatementsData_logId:4,DuelResponsesData_logId:11]
6607010,415,3:41:39,5,[StatementsData_logId:4,DuelResponsesData_logId:11,DuelResponsesData_witty_player_response]
6607010,416,3:41:40,5,[StatementsData_logId:4,DuelResponsesData_logId:11]
6607010,417,3:41:41,5,[StatementsData_logId:4,DuelResponsesData_logId:11]
6607010,418,3:41:41,5,[StatementsData_logId:4,true]
6607010,419,3:41:42,5,[StatementsData_logId:4,4]
6607010,411,3:41:43,5,[StatementsData_logId:4]
6607010,401,3:41:48,5,[StatementsData_logId:5]
6607010,404,3:41:54,5,[StatementsData_logId:5,false]
6607010,405,3:41:55,5,[StatementsData_logId:5]
6607010,406,3:41:57,5,[StatementsData_logId:5,-2]
6607010,411,3:41:59,5,[StatementsData_logId:5]
6607010,420,3:41:59,5,[72]
6607010,1005,3:41:59,5,[0,0,2]
6607010,1001,3:42:3,5,[]
6607010,1003,3:42:3,0
6607010,1004,3:42:7,8
6607010,400,3:42:10,8,[]
6607010,401,3:42:15,8,[StatementsData_logId:0]
6607010,403,3:42:22,8,[StatementsData_logId:0,false]
6607010,405,3:42:22,8,[StatementsData_logId:0]
6607010,406,3:42:27,8,[StatementsData_logId:0,-2]
6607010,411,3:42:28,8,[StatementsData_logId:0]
6607010,401,3:42:38,8,[StatementsData_logId:1]
6607010,404,3:42:41,8,[StatementsData_logId:1,true]
6607010,406,3:42:42,8,[StatementsData_logId:1,2]
6607010,412,3:42:43,8,[StatementsData_logId:1]
6607010,413,3:42:44,8,[StatementsData_logId:1,DuelResponsesData_logId:0]
6607010,414,3:42:45,8,[StatementsData_logId:1,DuelResponsesData_logId:0]
6607010,415,3:42:54,8,[StatementsData_logId:1,DuelResponsesData_logId:0,DuelResponsesData_ok_player_response]
6607010,416,3:42:55,8,[StatementsData_logId:1,DuelResponsesData_logId:0]
6607010,417,3:42:55,8,[StatementsData_logId:1,DuelResponsesData_logId:0]
6607010,413,3:42:58,8,[StatementsData_logId:1,DuelResponsesData_logId:1]
6607010,414,3:42:59,8,[StatementsData_logId:1,DuelResponsesData_logId:1]
6607010,415,3:43:13,8,[StatementsData_logId:1,DuelResponsesData_logId:1,DuelResponsesData_witty_player_response]
6607010,416,3:43:14,8,[StatementsData_logId:1,DuelResponsesData_logId:1]
6607010,417,3:43:14,8,[StatementsData_logId:1,DuelResponsesData_logId:1]
6607010,413,3:43:15,8,[StatementsData_logId:1,DuelResponsesData_logId:2]
6607010,414,3:43:16,8,[StatementsData_logId:1,DuelResponsesData_logId:2]
6607010,415,3:43:28,8,[StatementsData_logId:1,DuelResponsesData_logId:2,DuelResponsesData_ok_player_response]
6607010,416,3:43:29,8,[StatementsData_logId:1,DuelResponsesData_logId:2]
6607010,417,3:43:31,8,[StatementsData_logId:1,DuelResponsesData_logId:2]
6607010,418,3:43:31,8,[StatementsData_logId:1,true]
6607010,419,3:43:33,8,[StatementsData_logId:1,4]
6607010,411,3:43:35,8,[StatementsData_logId:1]
6607010,401,3:43:40,8,[StatementsData_logId:2]
6607010,403,3:43:41,8,[StatementsData_logId:2,true]
6607010,405,3:43:41,8,[StatementsData_logId:2]
6607010,406,3:43:42,8,[StatementsData_logId:2,2]
6607010,407,3:43:42,8,[StatementsData_logId:2,FactCardData_id:3]
6607010,407,3:43:42,8,[StatementsData_logId:2,FactCardData_id:7]
6607010,407,3:43:42,8,[StatementsData_logId:2,FactCardData_id:5]
6607010,407,3:43:42,8,[StatementsData_logId:2,FactCardData_id:2]
6607010,407,3:43:42,8,[StatementsData_logId:2,FactCardData_id:0]
6607010,407,3:43:42,8,[StatementsData_logId:2,FactCardData_id:4]
6607010,407,3:43:46,8,[StatementsData_logId:2,FactCardData_id:4]
6607010,407,3:43:46,8,[StatementsData_logId:2,FactCardData_id:4]
6607010,408,3:43:49,8,[StatementsData_logId:2,FactCardData_id:4,false]
6607010,406,3:43:51,8,[StatementsData_logId:2,-2]
6607010,411,3:43:53,8,[StatementsData_logId:2]
6607010,401,3:44:0,8,[StatementsData_logId:3]
6607010,403,3:44:1,8,[StatementsData_logId:3,true]
6607010,405,3:44:2,8,[StatementsData_logId:3]
6607010,406,3:44:3,8,[StatementsData_logId:3,2]
6607010,407,3:44:3,8,[StatementsData_logId:3,FactCardData_id:2]
6607010,407,3:44:3,8,[StatementsData_logId:3,FactCardData_id:7]
6607010,407,3:44:3,8,[StatementsData_logId:3,FactCardData_id:0]
6607010,407,3:44:3,8,[StatementsData_logId:3,FactCardData_id:3]
6607010,407,3:44:3,8,[StatementsData_logId:3,FactCardData_id:5]
6607010,407,3:44:3,8,[StatementsData_logId:3,FactCardData_id:4]
6607010,407,3:44:6,8,[StatementsData_logId:3,FactCardData_id:3]
6607010,407,3:44:6,8,[StatementsData_logId:3,FactCardData_id:3]
6607010,407,3:44:9,8,[StatementsData_logId:3,FactCardData_id:0]
6607010,407,3:44:9,8,[StatementsData_logId:3,FactCardData_id:3]
6607010,407,3:44:9,8,[StatementsData_logId:3,FactCardData_id:0]
6607010,407,3:44:12,8,[StatementsData_logId:3,FactCardData_id:2]
6607010,407,3:44:12,8,[StatementsData_logId:3,FactCardData_id:0]
6607010,407,3:44:12,8,[StatementsData_logId:3,FactCardData_id:2]
6607010,407,3:44:20,8,[StatementsData_logId:3,FactCardData_id:7]
6607010,407,3:44:20,8,[StatementsData_logId:3,FactCardData_id:2]
6607010,407,3:44:20,8,[StatementsData_logId:3,FactCardData_id:7]
6607010,408,3:44:24,8,[StatementsData_logId:3,FactCardData_id:7,false]
6607010,406,3:44:25,8,[StatementsData_logId:3,-2]
6607010,411,3:44:27,8,[StatementsData_logId:3]
6607010,401,3:44:29,8,[StatementsData_logId:4]
6607010,403,3:44:33,8,[StatementsData_logId:4,true]
6607010,405,3:44:34,8,[StatementsData_logId:4]
6607010,406,3:44:35,8,[StatementsData_logId:4,2]
6607010,407,3:44:35,8,[StatementsData_logId:4,FactCardData_id:5]
6607010,407,3:44:35,8,[StatementsData_logId:4,FactCardData_id:2]
6607010,407,3:44:35,8,[StatementsData_logId:4,FactCardData_id:7]
6607010,407,3:44:35,8,[StatementsData_logId:4,FactCardData_id:3]
6607010,407,3:44:35,8,[StatementsData_logId:4,FactCardData_id:0]
6607010,407,3:44:35,8,[StatementsData_logId:4,FactCardData_id:4]
6607010,407,3:44:37,8,[StatementsData_logId:4,FactCardData_id:3]
6607010,407,3:44:37,8,[StatementsData_logId:4,FactCardData_id:3]
6607010,408,3:44:40,8,[StatementsData_logId:4,FactCardData_id:3,false]
6607010,406,3:44:42,8,[StatementsData_logId:4,-2]
6607010,411,3:44:42,8,[StatementsData_logId:4]
6607010,401,3:44:46,8,[StatementsData_logId:5]
6607010,404,3:44:48,8,[StatementsData_logId:5,true]
6607010,406,3:44:49,8,[StatementsData_logId:5,2]
6607010,412,3:44:51,8,[StatementsData_logId:5]
6607010,413,3:44:53,8,[StatementsData_logId:5,DuelResponsesData_logId:12]
6607010,414,3:44:54,8,[StatementsData_logId:5,DuelResponsesData_logId:12]
6607010,415,3:45:0,8,[StatementsData_logId:5,DuelResponsesData_logId:12,DuelResponsesData_witty_player_response]
6607010,416,3:45:1,8,[StatementsData_logId:5,DuelResponsesData_logId:12]
6607010,417,3:45:2,8,[StatementsData_logId:5,DuelResponsesData_logId:12]
6607010,413,3:45:5,8,[StatementsData_logId:5,DuelResponsesData_logId:13]
6607010,414,3:45:5,8,[StatementsData_logId:5,DuelResponsesData_logId:13]
6607010,415,3:45:17,8,[StatementsData_logId:5,DuelResponsesData_logId:13,DuelResponsesData_ok_player_response]
6607010,416,3:45:18,8,[StatementsData_logId:5,DuelResponsesData_logId:13]
6607010,417,3:45:18,8,[StatementsData_logId:5,DuelResponsesData_logId:13]
6607010,413,3:45:22,8,[StatementsData_logId:5,DuelResponsesData_logId:14]
6607010,414,3:45:22,8,[StatementsData_logId:5,DuelResponsesData_logId:14]
6607010,415,3:45:28,8,[StatementsData_logId:5,DuelResponsesData_logId:14,DuelResponsesData_witty_player_response]
6607010,416,3:45:29,8,[StatementsData_logId:5,DuelResponsesData_logId:14]
6607010,417,3:45:30,8,[StatementsData_logId:5,DuelResponsesData_logId:14]
6607010,418,3:45:30,8,[StatementsData_logId:5,true]
6607010,419,3:45:31,8,[StatementsData_logId:5,4]
6607010,411,3:45:32,8,[StatementsData_logId:5]
6607010,401,3:45:34,8,[StatementsData_logId:6]
6607010,402,3:45:37,8,[StatementsData_logId:6,true]
6607010,405,3:45:38,8,[StatementsData_logId:6]
6607010,406,3:45:39,8,[StatementsData_logId:6,2]
6607010,411,3:45:40,8,[StatementsData_logId:6]
6607010,420,3:45:40,8,[52]
6607010,1005,3:45:40,8,[0,0,1]
6607010,1001,3:45:41,8,[]
6607010,1003,3:45:41,0
6607010,1004,3:45:44,7
6607010,400,3:45:48,7,[]
6607010,401,3:45:56,7,[StatementsData_logId:0]
6607010,403,3:46:1,7,[StatementsData_logId:0,true]
6607010,405,3:46:1,7,[StatementsData_logId:0]
6607010,406,3:46:2,7,[StatementsData_logId:0,2]
6607010,407,3:46:2,7,[StatementsData_logId:0,FactCardData_id:15]
6607010,407,3:46:2,7,[StatementsData_logId:0,FactCardData_id:13]
6607010,407,3:46:2,7,[StatementsData_logId:0,FactCardData_id:14]
6607010,407,3:46:2,7,[StatementsData_logId:0,FactCardData_id:12]
6607010,407,3:46:2,7,[StatementsData_logId:0,FactCardData_id:10]
6607010,407,3:46:2,7,[StatementsData_logId:0,FactCardData_id:16]
6607010,407,3:46:4,7,[StatementsData_logId:0,FactCardData_id:13]
6607010,407,3:46:4,7,[StatementsData_logId:0,FactCardData_id:13]
6607010,407,3:46:10,7,[StatementsData_logId:0,FactCardData_id:12]
6607010,407,3:46:10,7,[StatementsData_logId:0,FactCardData_id:13]
6607010,407,3:46:10,7,[StatementsData_logId:0,FactCardData_id:12]
6607010,408,3:46:13,7,[StatementsData_logId:0,FactCardData_id:12,true]
6607010,409,3:46:13,7,[StatementsData_logId:0]
6607010,410,3:46:14,7,[StatementsData_logId:0,2]
6607010,412,3:46:15,7,[StatementsData_logId:0]
6607010,413,3:46:18,7,[StatementsData_logId:0,DuelResponsesData_logId:0]
6607010,414,3:46:19,7,[StatementsData_logId:0,DuelResponsesData_logId:0]
6607010,415,3:46:24,7,[StatementsData_logId:0,DuelResponsesData_logId:0,DuelResponsesData_witty_player_response]
6607010,416,3:46:25,7,[StatementsData_logId:0,DuelResponsesData_logId:0]
6607010,417,3:46:26,7,[StatementsData_logId:0,DuelResponsesData_logId:0]
6607010,413,3:46:30,7,[StatementsData_logId:0,DuelResponsesData_logId:1]
6607010,414,3:46:31,7,[StatementsData_logId:0,DuelResponsesData_logId:1]
6607010,415,3:46:42,7,[StatementsData_logId:0,DuelResponsesData_logId:1,DuelResponsesData_witty_player_response]
6607010,416,3:46:43,7,[StatementsData_logId:0,DuelResponsesData_logId:1]
6607010,417,3:46:44,7,[StatementsData_logId:0,DuelResponsesData_logId:1]
6607010,413,3:46:49,7,[StatementsData_logId:0,DuelResponsesData_logId:2]
6607010,414,3:46:50,7,[StatementsData_logId:0,DuelResponsesData_logId:2]
6607010,415,3:46:57,7,[StatementsData_logId:0,DuelResponsesData_logId:2,DuelResponsesData_witty_player_response]
6607010,416,3:46:58,7,[StatementsData_logId:0,DuelResponsesData_logId:2]
6607010,417,3:46:58,7,[StatementsData_logId:0,DuelResponsesData_logId:2]
6607010,418,3:46:58,7,[StatementsData_logId:0,true]
6607010,419,3:46:59,7,[StatementsData_logId:0,4]
6607010,411,3:47:0,7,[StatementsData_logId:0]
6607010,401,3:47:5,7,[StatementsData_logId:1]
6607010,402,3:47:6,7,[StatementsData_logId:1,true]
6607010,405,3:47:7,7,[StatementsData_logId:1]
6607010,406,3:47:8,7,[StatementsData_logId:1,2]
6607010,411,3:47:9,7,[StatementsData_logId:1]
6607010,401,3:47:14,7,[StatementsData_logId:2]
6607010,403,3:47:18,7,[StatementsData_logId:2,true]
6607010,405,3:47:19,7,[StatementsData_logId:2]
6607010,406,3:47:20,7,[StatementsData_logId:2,2]
6607010,407,3:47:20,7,[StatementsData_logId:2,FactCardData_id:14]
6607010,407,3:47:20,7,[StatementsData_logId:2,FactCardData_id:12]
6607010,407,3:47:20,7,[StatementsData_logId:2,FactCardData_id:13]
6607010,407,3:47:20,7,[StatementsData_logId:2,FactCardData_id:16]
6607010,407,3:47:20,7,[StatementsData_logId:2,FactCardData_id:15]
6607010,407,3:47:20,7,[StatementsData_logId:2,FactCardData_id:10]
6607010,407,3:47:22,7,[StatementsData_logId:2,FactCardData_id:14]
6607010,407,3:47:22,7,[StatementsData_logId:2,FactCardData_id:14]
6607010,407,3:47:27,7,[StatementsData_logId:2,FactCardData_id:12]
6607010,407,3:47:27,7,[StatementsData_logId:2,FactCardData_id:14]
6607010,407,3:47:27,7,[StatementsData_logId:2,FactCardData_id:12]
6607010,407,3:47:32,7,[StatementsData_logId:2,FactCardData_id:13]
6607010,407,3:47:32,7,[StatementsData_logId:2,FactCardData_id:12]
6607010,407,3:47:32,7,[StatementsData_logId:2,FactCardData_id:13]
6607010,407,3:47:34,7,[StatementsData_logId:2,FactCardData_id:16]
6607010,407,3:47:34,7,[StatementsData_logId:2,FactCardData_id:13]
6607010,407,3:47:34,7,[StatementsData_logId:2,FactCardData_id:16]
6607010,407,3:47:36,7,[StatementsData_logId:2,FactCardData_id:10]
6607010,407,3:47:36,7,[StatementsData_logId:2,FactCardData_id:16]
6607010,407,3:47:36,7,[StatementsData_logId:2,FactCardData_id:10]
6607010,407,3:47:41,7,[StatementsData_logId:2,FactCardData_id:15]
6607010,407,3:47:41,7,[StatementsData_logId:2,FactCardData_id:10]
6607010,407,3:47:41,7,[StatementsData_logId:2,FactCardData_id:15]
6607010,408,3:47:44,7,[StatementsData_logId:2,FactCardData_id:15,true]
6607010,409,3:47:44,7,[StatementsData_logId:2]
6607010,410,3:47:46,7,[StatementsData_logId:2,2]
6607010,412,3:47:47,7,[StatementsData_logId:2]
6607010,413,3:47:51,7,[StatementsData_logId:2,DuelResponsesData_logId:3]
6607010,414,3:47:52,7,[StatementsData_logId:2,DuelResponsesData_logId:3]
6607010,415,3:47:58,7,[StatementsData_logId:2,DuelResponsesData_logId:3,DuelResponsesData_witty_player_response]
6607010,416,3:47:59,7,[StatementsData_logId:2,DuelResponsesData_logId:3]
6607010,417,3:47:59,7,[StatementsData_logId:2,DuelResponsesData_logId:3]
6607010,413,3:48:6,7,[StatementsData_logId:2,DuelResponsesData_logId:4]
6607010,414,3:48:7,7,[StatementsData_logId:2,DuelResponsesData_logId:4]
6607010,415,3:48:9,7,[StatementsData_logId:2,DuelResponsesData_logId:4,DuelResponsesData_lame_player_response]
6607010,416,3:48:14,7,[StatementsData_logId:2,DuelResponsesData_logId:4]
6607010,417,3:48:15,7,[StatementsData_logId:2,DuelResponsesData_logId:4]
6607010,413,3:48:17,7,[StatementsData_logId:2,DuelResponsesData_logId:5]
6607010,414,3:48:18,7,[StatementsData_logId:2,DuelResponsesData_logId:5]
6607010,415,3:48:22,7,[StatementsData_logId:2,DuelResponsesData_logId:5,DuelResponsesData_ok_player_response]
6607010,416,3:48:23,7,[StatementsData_logId:2,DuelResponsesData_logId:5]
6607010,417,3:48:23,7,[StatementsData_logId:2,DuelResponsesData_logId:5]
6607010,418,3:48:23,7,[StatementsData_logId:2,true]
6607010,419,3:48:25,7,[StatementsData_logId:2,4]
6607010,411,3:48:26,7,[StatementsData_logId:2]
6607010,401,3:48:33,7,[StatementsData_logId:3]
6607010,404,3:48:34,7,[StatementsData_logId:3,true]
6607010,406,3:48:35,7,[StatementsData_logId:3,2]
6607010,412,3:48:37,7,[StatementsData_logId:3]
6607010,413,3:48:39,7,[StatementsData_logId:3,DuelResponsesData_logId:6]
6607010,414,3:48:40,7,[StatementsData_logId:3,DuelResponsesData_logId:6]
6607010,415,3:48:49,7,[StatementsData_logId:3,DuelResponsesData_logId:6,DuelResponsesData_ok_player_response]
6607010,416,3:48:49,7,[StatementsData_logId:3,DuelResponsesData_logId:6]
6607010,417,3:48:50,7,[StatementsData_logId:3,DuelResponsesData_logId:6]
6607010,413,3:49:0,7,[StatementsData_logId:3,DuelResponsesData_logId:7]
6607010,414,3:49:1,7,[StatementsData_logId:3,DuelResponsesData_logId:7]
6607010,415,3:49:15,7,[StatementsData_logId:3,DuelResponsesData_logId:7,DuelResponsesData_ok_player_response]
6607010,416,3:49:16,7,[StatementsData_logId:3,DuelResponsesData_logId:7]
6607010,417,3:49:16,7,[StatementsData_logId:3,DuelResponsesData_logId:7]
6607010,413,3:49:18,7,[StatementsData_logId:3,DuelResponsesData_logId:8]
6607010,414,3:49:19,7,[StatementsData_logId:3,DuelResponsesData_logId:8]
6607010,415,3:49:41,7,[StatementsData_logId:3,DuelResponsesData_logId:8,DuelResponsesData_witty_player_response]
6607010,416,3:49:42,7,[StatementsData_logId:3,DuelResponsesData_logId:8]
6607010,417,3:49:42,7,[StatementsData_logId:3,DuelResponsesData_logId:8]
6607010,418,3:49:42,7,[StatementsData_logId:3,true]
6607010,419,3:49:43,7,[StatementsData_logId:3,4]
6607010,411,3:49:45,7,[StatementsData_logId:3]
6607010,401,3:50:16,7,[StatementsData_logId:4]
6607010,402,3:50:19,7,[StatementsData_logId:4,true]
6607010,405,3:50:20,7,[StatementsData_logId:4]
6607010,406,3:50:20,7,[StatementsData_logId:4,2]
6607010,411,3:50:21,7,[StatementsData_logId:4]
6607010,401,3:50:25,7,[StatementsData_logId:5]
6607010,402,3:50:37,7,[StatementsData_logId:5,true]
6607010,405,3:50:37,7,[StatementsData_logId:5]
6607010,406,3:50:38,7,[StatementsData_logId:5,2]
6607010,411,3:50:39,7,[StatementsData_logId:5]
6607010,420,3:50:39,7,[56]
6607010,1005,3:50:39,7,[0,0,3]
6607010,1001,3:50:41,7,[]
6607010,1003,3:50:41,0
6607010,210,3:50:46,907,419
6607010,211,3:50:48,364,437
6607010,213,3:50:48,5,s_clock_M_G9b0,true
6607010,210,3:50:52,1101,249
6607010,211,3:50:54,591,346
6607010,210,3:50:55,508,253
6607010,207,3:50:57,5,-200,-5
6607010,207,3:50:59,5,-5,-440
6607010,211,3:51:3,1308,373
6607010,204,3:51:6,5
6607010,100,3:51:13,10
6607010,102,3:51:14,10
6607010,200,3:51:14,10,12,18,14,12,15
6607010,210,3:51:16,744,350
6607010,211,3:51:19,321,630
6607010,213,3:51:19,10,s_magazine_G12a0,true
6607010,219,3:51:28,10
6607010,216,3:51:29,Stack_G12a1N
6607010,217,3:51:48,Stack_G12a1N,15,1.5
6607010,218,3:51:49,10
6607010,210,3:51:50,981,389
6607010,211,3:51:53,509,485
6607010,213,3:51:53,10,s_drawer_M_G12a1N,true
6607010,210,3:51:55,635,283
6607010,211,3:51:58,371,443
6607010,213,3:51:58,10,s_clock_M_G12a1N,true
6607010,1003,3:52:2,0
6607010,1004,3:52:8,3
6607010,400,3:52:10,3,[]
6607010,401,3:52:16,3,[StatementsData_logId:0]
6607010,404,3:52:30,3,[StatementsData_logId:0,false]
6607010,405,3:52:30,3,[StatementsData_logId:0]
6607010,406,3:52:31,3,[StatementsData_logId:0,-2]
6607010,411,3:52:32,3,[StatementsData_logId:0]
6607010,1002,3:52:35,3
6607010,1003,3:52:35,0
6607010,210,3:52:46,947,437
6607010,211,3:52:49,587,217
6607010,219,3:52:51,10
6607010,216,3:52:52,Stack_G12a2N
6607010,217,3:53:12,Stack_G12a2N,13,0.00
6607010,218,3:53:13,10
6607010,210,3:53:14,880,420
6607010,207,3:53:16,10,-200,-380
6607010,207,3:53:17,10,-380,-785
6607010,207,3:53:19,10,-785,-995
6607010,211,3:53:19,1955,460
6607010,210,3:53:19,1769,505
6607010,211,3:53:22,1486,641
6607010,213,3:53:22,10,s_pregnancyTest_G12a2N,true
6607010,221,3:53:31,10
6607010,220,3:53:33,10
6607010,210,3:53:36,527,504
6607010,211,3:53:40,1155,357
6607010,207,3:53:40,10,-200,-215
6607010,212,3:53:41,1
6607010,210,3:53:42,1043,520
6607010,207,3:53:43,10,-215,-5
6607010,211,3:53:48,526,204
6607010,213,3:53:48,10,s_calendar_M_gen,false
6607010,210,3:53:53,769,364
6607010,211,3:53:54,849,326
6607010,213,3:53:54,10,s_door_M_gen,false
6607010,221,3:54:6,10
6607010,220,3:54:8,10
6607010,210,3:54:10,746,296
6607010,211,3:54:12,799,179
6607010,213,3:54:12,10,s_pictureMom_lati_gen,false
6607010,1003,3:54:17,1
6607010,1004,3:54:21,5
6607010,800,3:54:35,5,[]
6607010,801,3:54:36,5,[]
6607010,814,3:54:38,5,[4]
6607010,815,3:54:38,5,4,OpportunityCardData_id:25
6607010,816,3:54:40,5,4,OpportunityCardData_id:25
6607010,805,3:54:41,5,[OpportunityCardData_id:25]
6607010,806,3:54:44,5,[OpportunityCardData_id:25,PriorityData_type:1]
6607010,807,3:54:44,5,[OpportunityCardData_id:25]
6607010,808,3:54:46,5,[OpportunityCardData_id:25]
6607010,809,3:54:51,5,[OpportunityCardData_id:25,Safe,false]
6607010,810,3:54:51,5,[OpportunityCardData_id:25,PriorityData_type:4,15,Safe,Safe]
6607010,814,3:54:53,5,[4]
6607010,815,3:54:53,5,4,OpportunityCardData_id:26
6607010,815,3:54:54,5,4,OpportunityCardData_id:27
6607010,815,3:54:55,5,4,OpportunityCardData_id:28
6607010,815,3:54:55,5,4,OpportunityCardData_id:29
6607010,815,3:54:55,5,4,OpportunityCardData_id:30
6607010,815,3:54:56,5,4,OpportunityCardData_id:26
6607010,815,3:54:57,5,4,OpportunityCardData_id:27
6607010,815,3:54:58,5,4,OpportunityCardData_id:26
6607010,816,3:55:1,5,4,OpportunityCardData_id:26
6607010,805,3:55:2,5,[OpportunityCardData_id:26]
6607010,806,3:55:7,5,[OpportunityCardData_id:26,PriorityData_type:3]
6607010,807,3:55:8,5,[OpportunityCardData_id:26]
6607010,808,3:55:10,5,[OpportunityCardData_id:26]
6607010,809,3:55:14,5,[OpportunityCardData_id:26,PriorityData_type:5,false]
6607010,810,3:55:14,5,[OpportunityCardData_id:26,PriorityData_type:4,15,PriorityData_type:5,15]
6607010,814,3:55:17,5,[4]
6607010,815,3:55:17,5,4,OpportunityCardData_id:27
6607010,815,3:55:18,5,4,OpportunityCardData_id:28
6607010,815,3:55:20,5,4,OpportunityCardData_id:29
6607010,816,3:55:21,5,4,OpportunityCardData_id:29
6607010,805,3:55:22,5,[OpportunityCardData_id:29]
6607010,806,3:55:25,5,[OpportunityCardData_id:29,PriorityData_type:5]
6607010,807,3:55:26,5,[OpportunityCardData_id:29]
6607010,808,3:55:31,5,[OpportunityCardData_id:29]
6607010,809,3:55:36,5,[OpportunityCardData_id:29,Safe,false]
6607010,810,3:55:36,5,[OpportunityCardData_id:29,PriorityData_type:4,10,Safe,Safe]
6607010,814,3:55:39,5,[1]
6607010,815,3:55:39,5,1,OpportunityCardData_id:7
6607010,816,3:55:41,5,1,OpportunityCardData_id:7
6607010,805,3:55:41,5,[OpportunityCardData_id:7]
6607010,806,3:55:44,5,[OpportunityCardData_id:7,PriorityData_type:5]
6607010,807,3:55:45,5,[OpportunityCardData_id:7]
6607010,808,3:55:54,5,[OpportunityCardData_id:7]
6607010,809,3:55:58,5,[OpportunityCardData_id:7,PriorityData_type:0,false]
6607010,810,3:55:59,5,[OpportunityCardData_id:7,PriorityData_type:1,20,PriorityData_type:0,10]
6607010,814,3:56:1,5,[1]
6607010,815,3:56:1,5,1,OpportunityCardData_id:8
6607010,815,3:56:2,5,1,OpportunityCardData_id:9
6607010,815,3:56:3,5,1,OpportunityCardData_id:8
6607010,816,3:56:4,5,1,OpportunityCardData_id:8
6607010,805,3:56:5,5,[OpportunityCardData_id:8]
6607010,806,3:56:8,5,[OpportunityCardData_id:8,PriorityData_type:3]
6607010,807,3:56:9,5,[OpportunityCardData_id:8]
6607010,808,3:56:11,5,[OpportunityCardData_id:8]
6607010,809,3:56:15,5,[OpportunityCardData_id:8,PriorityData_type:0,false]
6607010,810,3:56:16,5,[OpportunityCardData_id:8,PriorityData_type:1,20,PriorityData_type:0,15]
6607010,818,3:56:17,5,7
6607010,811,3:56:18,5,[OpportunityCardData_id:8,PriorityData_type:1,70,75,PriorityData_type:4,70,75]
6607010,1005,3:56:18,5,[1,0,3]
6607010,1001,3:56:19,5,[]
6607010,1003,3:56:19,1
6607010,1004,3:56:21,3
6607010,800,3:56:22,3,[]
6607010,801,3:56:23,3,[]
6607010,814,3:56:25,3,[2]
6607010,815,3:56:25,3,2,OpportunityCardData_id:12
6607010,815,3:56:26,3,2,OpportunityCardData_id:13
6607010,815,3:56:27,3,2,OpportunityCardData_id:14
6607010,815,3:56:27,3,2,OpportunityCardData_id:15
6607010,815,3:56:28,3,2,OpportunityCardData_id:16
6607010,815,3:56:29,3,2,OpportunityCardData_id:15
6607010,815,3:56:30,3,2,OpportunityCardData_id:14
6607010,815,3:56:31,3,2,OpportunityCardData_id:13
6607010,817,3:56:33,3,2
6607010,814,3:56:34,3,[4]
6607010,815,3:56:34,3,4,OpportunityCardData_id:19
6607010,815,3:56:35,3,4,OpportunityCardData_id:25
6607010,815,3:56:35,3,4,OpportunityCardData_id:26
6607010,815,3:56:37,3,4,OpportunityCardData_id:27
6607010,816,3:56:39,3,4,OpportunityCardData_id:27
6607010,805,3:56:40,3,[OpportunityCardData_id:27]
6607010,806,3:56:43,3,[OpportunityCardData_id:27,PriorityData_type:3]
6607010,807,3:56:44,3,[OpportunityCardData_id:27]
6607010,808,3:56:45,3,[OpportunityCardData_id:27]
6607010,809,3:56:49,3,[OpportunityCardData_id:27,Safe,false]
6607010,810,3:56:49,3,[OpportunityCardData_id:27,PriorityData_type:4,15,Safe,Safe]
6607010,814,3:56:52,3,[2]
6607010,815,3:56:52,3,2,OpportunityCardData_id:12
6607010,815,3:56:53,3,2,OpportunityCardData_id:13
6607010,815,3:56:53,3,2,OpportunityCardData_id:14
6607010,816,3:56:54,3,2,OpportunityCardData_id:14
6607010,805,3:56:55,3,[OpportunityCardData_id:14]
6607010,806,3:56:58,3,[OpportunityCardData_id:14,PriorityData_type:3]
6607010,807,3:56:58,3,[OpportunityCardData_id:14]
6607010,808,3:57:0,3,[OpportunityCardData_id:14]
6607010,809,3:57:4,3,[OpportunityCardData_id:14,Safe,false]
6607010,810,3:57:4,3,[OpportunityCardData_id:14,PriorityData_type:2,15,Safe,Safe]
6607010,814,3:57:6,3,[2]
6607010,815,3:57:6,3,2,OpportunityCardData_id:12
6607010,815,3:57:7,3,2,OpportunityCardData_id:13
6607010,815,3:57:8,3,2,OpportunityCardData_id:15
6607010,815,3:57:9,3,2,OpportunityCardData_id:16
6607010,816,3:57:10,3,2,OpportunityCardData_id:16
6607010,805,3:57:10,3,[OpportunityCardData_id:16]
6607010,806,3:57:12,3,[OpportunityCardData_id:16,PriorityData_type:3]
6607010,807,3:57:13,3,[OpportunityCardData_id:16]
6607010,808,3:57:15,3,[OpportunityCardData_id:16]
6607010,809,3:57:19,3,[OpportunityCardData_id:16,Safe,false]
6607010,810,3:57:19,3,[OpportunityCardData_id:16,PriorityData_type:2,25,Safe,Safe]
6607010,814,3:57:21,3,[0]
6607010,815,3:57:21,3,0,OpportunityCardData_id:0
6607010,816,3:57:23,3,0,OpportunityCardData_id:0
6607010,805,3:57:24,3,[OpportunityCardData_id:0]
6607010,806,3:57:26,3,[OpportunityCardData_id:0,PriorityData_type:3]
6607010,807,3:57:27,3,[OpportunityCardData_id:0]
6607010,808,3:57:28,3,[OpportunityCardData_id:0]
6607010,809,3:57:32,3,[OpportunityCardData_id:0,PriorityData_type:2,false]
6607010,810,3:57:33,3,[OpportunityCardData_id:0,PriorityData_type:0,15,PriorityData_type:2,10]
6607010,814,3:57:36,3,[2]
6607010,815,3:57:36,3,2,OpportunityCardData_id:12
6607010,816,3:57:37,3,2,OpportunityCardData_id:12
6607010,805,3:57:38,3,[OpportunityCardData_id:12]
6607010,806,3:57:40,3,[OpportunityCardData_id:12,PriorityData_type:3]
6607010,807,3:57:41,3,[OpportunityCardData_id:12]
6607010,808,3:57:42,3,[OpportunityCardData_id:12]
6607010,809,3:57:46,3,[OpportunityCardData_id:12,Safe,false]
6607010,810,3:57:47,3,[OpportunityCardData_id:12,PriorityData_type:2,10,Safe,Safe]
6607010,814,3:57:49,3,[0]
6607010,815,3:57:49,3,0,OpportunityCardData_id:1
6607010,816,3:57:50,3,0,OpportunityCardData_id:1
6607010,805,3:57:52,3,[OpportunityCardData_id:1]
6607010,806,3:57:54,3,[OpportunityCardData_id:1,PriorityData_type:3]
6607010,807,3:57:55,3,[OpportunityCardData_id:1]
6607010,808,3:57:57,3,[OpportunityCardData_id:1]
6607010,809,3:58:0,3,[OpportunityCardData_id:1,PriorityData_type:3,true]
6607010,810,3:58:1,3,[OpportunityCardData_id:1,PriorityData_type:0,15,Safe,Safe]
6607010,818,3:58:2,3,6
6607010,811,3:58:3,3,[OpportunityCardData_id:1,PriorityData_type:2,70,70,PriorityData_type:0,70,70]
6607010,1005,3:58:3,3,[1,0,3]
6607010,1001,3:58:4,3,[]
6607010,1003,3:58:4,1
6607010,204,3:58:11,10
6607010,1003,3:58:18,3
6607010,1004,3:58:23,5
6607010,500,3:58:26,5,[]
6607010,501,3:58:28,5,[]
6607010,502,3:58:33,5,[IntentionData_logId:2,true]
6607010,503,3:58:34,5,[]
6607010,504,3:58:37,5,[InfluenceData_logId:2]
6607010,504,3:58:39,5,[InfluenceData_logId:3]
6607010,504,3:58:41,5,[InfluenceData_logId:5]
6607010,504,3:58:43,5,[InfluenceData_logId:4]
6607010,504,3:58:45,5,[InfluenceData_logId:3]
6607010,504,3:58:47,5,[InfluenceData_logId:6]
6607010,504,3:58:49,5,[InfluenceData_logId:7]
6607010,504,3:58:57,5,[InfluenceData_logId:6]
6607010,505,3:59:2,5,[InfluenceData_logId:2,true,InfluenceData_logId:3,false,InfluenceData_logId:6,true]
6607010,506,3:59:3,5,[]
6607010,507,3:59:15,5,[OpponentAttackData_logId:0,OpponentAttackTypeData_logId:1,true,0]
6607010,508,3:59:18,5,[]
6607010,509,3:59:20,5,[RefusalData_logId:4,2]
6607010,510,3:59:25,5,[AvailableRefusalData_logId:4,0A]
6607010,510,3:59:27,5,[AvailableRefusalData_logId:4,0C]
6607010,510,3:59:32,5,[AvailableRefusalData_logId:4,0B]
6607010,510,3:59:32,5,[AvailableRefusalData_logId:4,1B]
6607010,510,3:59:33,5,[AvailableRefusalData_logId:4,2B]
6607010,511,3:59:34,5,[AvailableRefusalData_logId:4,0B,1B,2B,false,0]
6607010,512,3:59:38,5,[]
6607010,513,3:59:38,5,[30]
6607010,514,3:59:41,5,[]
6607010,507,3:59:46,5,[OpponentAttackData_logId:3,OpponentAttackTypeData_logId:3,true,0]
6607010,508,3:59:48,5,[]
6607010,509,3:59:56,5,[RefusalData_logId:5,1]
6607010,510,4:0:7,5,[AvailableRefusalData_logId:5,0B]
6607010,510,4:0:7,5,[AvailableRefusalData_logId:5,1B]
6607010,510,4:0:8,5,[AvailableRefusalData_logId:5,2B]
6607010,511,4:0:9,5,[AvailableRefusalData_logId:5,0B,1B,2B,false,0]
6607010,512,4:0:11,5,[]
6607010,513,4:0:11,5,[30]
6607010,514,4:0:14,5,[]
6607010,507,4:0:24,5,[OpponentAttackData_logId:1,OpponentAttackTypeData_logId:4,false,30]
6607010,508,4:0:26,5,[]
6607010,509,4:0:28,5,[RefusalData_logId:2,2]
6607010,510,4:0:31,5,[AvailableRefusalData_logId:2,0C]
6607010,510,4:0:38,5,[AvailableRefusalData_logId:2,0A]
6607010,510,4:0:38,5,[AvailableRefusalData_logId:2,1A]
6607010,510,4:0:43,5,[AvailableRefusalData_logId:2,0C]
6607010,510,4:0:48,5,[AvailableRefusalData_logId:2,1B]
6607010,510,4:0:49,5,[AvailableRefusalData_logId:2,0A]
6607010,510,4:0:51,5,[AvailableRefusalData_logId:2,0B]
6607010,510,4:0:56,5,[AvailableRefusalData_logId:2,1C]
6607010,510,4:0:56,5,[AvailableRefusalData_logId:2,0A]
6607010,510,4:0:57,5,[AvailableRefusalData_logId:2,1A]
6607010,510,4:0:58,5,[AvailableRefusalData_logId:2,2A]
6607010,511,4:1:1,5,[AvailableRefusalData_logId:2,0A,1A,2A,true,50]
6607010,512,4:1:4,5,[]
6607010,513,4:1:4,5,[0]
6607010,514,4:1:5,5,[]
6607010,507,4:1:11,5,[OpponentAttackData_logId:2,OpponentAttackTypeData_logId:0,false,30]
6607010,508,4:1:13,5,[]
6607010,509,4:1:17,5,[RefusalData_logId:6,1]
6607010,510,4:1:25,5,[AvailableRefusalData_logId:6,0A]
6607010,510,4:1:25,5,[AvailableRefusalData_logId:6,1A]
6607010,510,4:1:26,5,[AvailableRefusalData_logId:6,2A]
6607010,511,4:1:27,5,[AvailableRefusalData_logId:6,0A,1A,2A,true,30]
6607010,512,4:1:29,5,[]
6607010,513,4:1:29,5,[0]
6607010,514,4:1:30,5,[]
6607010,515,4:1:30,5,[20,20]
6607010,516,4:1:32,5,[]
6607010,517,4:1:35,5,[]
6607010,1000,4:1:37,5,[]
6607010,500,4:1:39,5,[]
6607010,501,4:1:40,5,[]
6607010,502,4:1:47,5,[IntentionData_logId:2,true]
6607010,503,4:1:48,5,[]
6607010,504,4:1:51,5,[InfluenceData_logId:2]
6607010,504,4:1:53,5,[InfluenceData_logId:5]
6607010,504,4:1:54,5,[InfluenceData_logId:3]
6607010,504,4:2:4,5,[InfluenceData_logId:5]
6607010,504,4:2:5,5,[InfluenceData_logId:4]
6607010,504,4:2:7,5,[InfluenceData_logId:3]
6607010,504,4:2:8,5,[InfluenceData_logId:6]
6607010,505,4:2:11,5,[InfluenceData_logId:2,true,InfluenceData_logId:3,false,InfluenceData_logId:6,true]
6607010,506,4:2:12,5,[]
6607010,507,4:2:25,5,[OpponentAttackData_logId:2,OpponentAttackTypeData_logId:4,false,30]
6607010,508,4:2:27,5,[]
6607010,509,4:2:31,5,[RefusalData_logId:3,1]
6607010,510,4:2:33,5,[AvailableRefusalData_logId:3,0A]
6607010,510,4:2:34,5,[AvailableRefusalData_logId:3,1A]
6607010,510,4:2:36,5,[AvailableRefusalData_logId:3,0C]
6607010,510,4:2:37,5,[AvailableRefusalData_logId:3,0B]
6607010,510,4:2:40,5,[AvailableRefusalData_logId:3,1B]
6607010,510,4:2:43,5,[AvailableRefusalData_logId:3,1C]
6607010,510,4:2:44,5,[AvailableRefusalData_logId:3,2C]
6607010,511,4:2:45,5,[AvailableRefusalData_logId:3,0B,1C,2C,false,0]
6607010,512,4:2:47,5,[]
6607010,513,4:2:47,5,[30]
6607010,514,4:2:50,5,[]
6607010,507,4:2:58,5,[OpponentAttackData_logId:1,OpponentAttackTypeData_logId:1,false,30]
6607010,508,4:2:59,5,[]
6607010,509,4:3:2,5,[RefusalData_logId:4,2]
6607010,510,4:3:5,5,[AvailableRefusalData_logId:4,0A]
6607010,510,4:3:5,5,[AvailableRefusalData_logId:4,1A]
6607010,510,4:3:7,5,[AvailableRefusalData_logId:4,2A]
6607010,511,4:3:7,5,[AvailableRefusalData_logId:4,0A,1A,2A,true,50]
6607010,512,4:3:10,5,[]
6607010,513,4:3:10,5,[0]
6607010,514,4:3:11,5,[]
6607010,507,4:3:15,5,[OpponentAttackData_logId:3,OpponentAttackTypeData_logId:3,true,0]
6607010,508,4:3:17,5,[]
6607010,509,4:3:20,5,[RefusalData_logId:2,2]
6607010,510,4:3:23,5,[AvailableRefusalData_logId:2,0B]
6607010,510,4:3:23,5,[AvailableRefusalData_logId:2,1B]
6607010,510,4:3:26,5,[AvailableRefusalData_logId:2,1A]
6607010,510,4:3:27,5,[AvailableRefusalData_logId:2,0A]
6607010,510,4:3:30,5,[AvailableRefusalData_logId:2,0C]
6607010,510,4:3:33,5,[AvailableRefusalData_logId:2,0B]
6607010,510,4:3:33,5,[AvailableRefusalData_logId:2,1B]
6607010,510,4:3:45,5,[AvailableRefusalData_logId:2,0A]
6607010,510,4:3:45,5,[AvailableRefusalData_logId:2,1A]
6607010,510,4:3:46,5,[AvailableRefusalData_logId:2,2A]
6607010,511,4:3:47,5,[AvailableRefusalData_logId:2,0A,1A,2A,true,50]
6607010,512,4:3:49,5,[]
6607010,515,4:3:49,5,[50,0]
6607010,516,4:3:52,5,[]
6607010,517,4:3:56,5,[]
6607010,1005,4:3:56,5,[3,0,1]
6607010,1001,4:3:58,5,[]
6607010,1003,4:3:58,3
6607010,100,4:4:4,6
6607010,102,4:4:7,6
6607010,200,4:4:7,6,12,24,14,13,15
6607010,219,4:4:7,6
6607010,216,4:4:9,Stack_G10a0
6607010,217,4:4:24,Stack_G10a0,13,0.00
6607010,218,4:4:26,6
6607010,210,4:4:26,882,274
6607010,211,4:4:27,878,341
6607010,213,4:4:27,6,s_door_M_gen,true
6607010,210,4:4:31,625,337
6607010,211,4:4:32,397,595
6607010,213,4:4:32,6,s_bed1_M_G10a0,true
6607010,210,4:4:36,764,374
6607010,211,4:4:37,757,418
6607010,213,4:4:37,6,s_trash_M_G10a0,true
6607010,210,4:4:39,1063,423
6607010,207,4:4:40,6,-200,-275
6607010,207,4:4:41,6,-275,-470
6607010,211,4:4:43,1321,584
6607010,213,4:4:43,6,s_computer_M_gen,true
6607010,210,4:4:46,1050,510
6607010,211,4:4:47,1084,505
6607010,213,4:4:47,6,s_basketball_M_gen,true
6607010,205,4:4:47,6,s_basketball_M_gen,false,false
6607010,210,4:4:50,589,469
6607010,207,4:4:51,6,-470,-290
6607010,207,4:4:52,6,-290,-20
6607010,211,4:4:53,193,533
6607010,213,4:4:53,6,s_bed2_M_G10a0,true
6607010,210,4:4:56,555,183
6607010,211,4:4:57,521,196
6607010,213,4:4:57,6,s_calendar_M_gen,true
6607010,210,4:5:0,588,218
6607010,207,4:5:4,6,-20,-245
6607010,211,4:5:10,1421,356
6607010,207,4:5:10,6,-245,-440
6607010,212,4:5:11,0
6607010,210,4:5:12,1356,453
6607010,211,4:5:16,1279,339
6607010,213,4:5:16,6,s_window_M_G10a0,true
6607010,1003,4:5:19,0
6607010,1004,4:5:22,9
6607010,400,4:5:24,9,[]
6607010,401,4:5:30,9,[StatementsData_logId:0]
6607010,404,4:5:34,9,[StatementsData_logId:0,true]
6607010,406,4:5:35,9,[StatementsData_logId:0,2]
6607010,412,4:5:36,9,[StatementsData_logId:0]
6607010,413,4:5:39,9,[StatementsData_logId:0,DuelResponsesData_logId:0]
6607010,414,4:5:40,9,[StatementsData_logId:0,DuelResponsesData_logId:0]
6607010,415,4:5:48,9,[StatementsData_logId:0,DuelResponsesData_logId:0,DuelResponsesData_ok_player_response]
6607010,416,4:5:49,9,[StatementsData_logId:0,DuelResponsesData_logId:0]
6607010,417,4:5:50,9,[StatementsData_logId:0,DuelResponsesData_logId:0]
6607010,413,4:5:51,9,[StatementsData_logId:0,DuelResponsesData_logId:1]
6607010,414,4:5:53,9,[StatementsData_logId:0,DuelResponsesData_logId:1]
6607010,415,4:5:59,9,[StatementsData_logId:0,DuelResponsesData_logId:1,DuelResponsesData_ok_player_response]
6607010,416,4:6:0,9,[StatementsData_logId:0,DuelResponsesData_logId:1]
6607010,417,4:6:1,9,[StatementsData_logId:0,DuelResponsesData_logId:1]
6607010,413,4:6:5,9,[StatementsData_logId:0,DuelResponsesData_logId:2]
6607010,414,4:6:6,9,[StatementsData_logId:0,DuelResponsesData_logId:2]
6607010,415,4:6:13,9,[StatementsData_logId:0,DuelResponsesData_logId:2,DuelResponsesData_witty_player_response]
6607010,416,4:6:13,9,[StatementsData_logId:0,DuelResponsesData_logId:2]
6607010,417,4:6:14,9,[StatementsData_logId:0,DuelResponsesData_logId:2]
6607010,418,4:6:14,9,[StatementsData_logId:0,true]
6607010,419,4:6:15,9,[StatementsData_logId:0,4]
6607010,411,4:6:16,9,[StatementsData_logId:0]
6607010,401,4:6:24,9,[StatementsData_logId:1]
6607010,402,4:6:31,9,[StatementsData_logId:1,false]
6607010,405,4:6:31,9,[StatementsData_logId:1]
6607010,406,4:6:32,9,[StatementsData_logId:1,-2]
6607010,411,4:6:33,9,[StatementsData_logId:1]
6607010,401,4:6:48,9,[StatementsData_logId:2]
6607010,402,4:6:49,9,[StatementsData_logId:2,true]
6607010,405,4:6:50,9,[StatementsData_logId:2]
6607010,406,4:6:56,9,[StatementsData_logId:2,2]
6607010,411,4:6:57,9,[StatementsData_logId:2]
6607010,401,4:7:19,9,[StatementsData_logId:3]
6607010,402,4:7:21,9,[StatementsData_logId:3,false]
6607010,405,4:7:22,9,[StatementsData_logId:3]
6607010,406,4:7:23,9,[StatementsData_logId:3,-2]
6607010,411,4:7:24,9,[StatementsData_logId:3]
6607010,401,4:7:28,9,[StatementsData_logId:4]
6607010,402,4:7:31,9,[StatementsData_logId:4,true]
6607010,405,4:7:31,9,[StatementsData_logId:4]
6607010,406,4:7:32,9,[StatementsData_logId:4,2]
6607010,411,4:7:33,9,[StatementsData_logId:4]
6607010,401,4:7:36,9,[StatementsData_logId:5]
6607010,402,4:7:41,9,[StatementsData_logId:5,true]
6607010,405,4:7:41,9,[StatementsData_logId:5]
6607010,406,4:7:42,9,[StatementsData_logId:5,2]
6607010,411,4:7:43,9,[StatementsData_logId:5]
6607010,401,4:7:49,9,[StatementsData_logId:6]
6607010,402,4:7:53,9,[StatementsData_logId:6,true]
6607010,405,4:7:53,9,[StatementsData_logId:6]
6607010,406,4:7:54,9,[StatementsData_logId:6,2]
6607010,411,4:7:55,9,[StatementsData_logId:6]
6607010,401,4:8:4,9,[StatementsData_logId:7]
6607010,404,4:8:6,9,[StatementsData_logId:7,false]
6607010,405,4:8:7,9,[StatementsData_logId:7]
6607010,406,4:8:7,9,[StatementsData_logId:7,-2]
6607010,411,4:8:9,9,[StatementsData_logId:7]
6607010,420,4:8:9,9,[46]
6607010,1005,4:8:9,9,[0,0,1]
6607010,1001,4:8:10,9,[]
6607010,1003,4:8:10,0
6607010,210,4:8:25,1073,242
6607010,211,4:8:25,1073,242
6607010,210,4:8:25,1013,258
6607010,211,4:8:31,468,482
6607010,213,4:8:31,6,s_drawer_M_G10a0,true
6607010,205,4:8:31,6,s_drawer_M_G10a0,false,false
6607010,210,4:8:35,641,373
6607010,207,4:8:38,6,-200,-455
6607010,211,4:8:39,1253,354
6607010,213,4:8:39,6,s_window_M_G10a0,true
6607010,205,4:8:39,6,s_window_M_G10a0,false,false
6607010,210,4:8:44,1007,225
6607010,211,4:8:46,975,503
6607010,212,4:8:46,2
6607010,210,4:8:47,1198,449
6607010,211,4:8:48,884,406
6607010,213,4:8:48,6,c_crush1_M_b_G10a0,true
6607010,205,4:8:48,6,c_crush1_M_b_G10a0,false,false
6607010,210,4:8:52,1075,476
6607010,207,4:8:56,6,-455,0
6607010,207,4:9:3,6,0,-210
6607010,211,4:9:11,1276,619
6607010,207,4:9:11,6,-210,-285
6607010,210,4:9:12,1190,518
6607010,207,4:9:12,6,-285,-512
6607010,211,4:9:17,996,277
6607010,219,4:9:19,6
6607010,216,4:9:21,Stack_G10a1N
6607010,217,4:9:33,Stack_G10a1N,8.0,0.00
6607010,218,4:9:36,6
6607010,210,4:9:41,357,448
6607010,207,4:9:42,6,-200,-20
6607010,211,4:9:43,181,491
6607010,213,4:9:43,6,c_crush1_M_b_G10a1N,true
6607010,205,4:9:43,6,c_crush1_M_b_G10a1N,false,false
6607010,210,4:9:50,383,375
6607010,211,4:9:54,818,598
6607010,213,4:9:54,6,s_crushClothes_M_G10a1N,true
6607010,210,4:10:0,638,461
6607010,211,4:10:2,891,307
6607010,213,4:10:2,6,s_door_M_gen,true
6607010,210,4:10:4,803,455
6607010,207,4:10:6,6,-20,-500
6607010,211,4:10:7,1340,562
6607010,213,4:10:7,6,s_computer_M_gen,true
6607010,210,4:10:9,1143,323
6607010,211,4:10:10,1291,541
6607010,213,4:10:10,6,s_computer_M_gen,true
6607010,210,4:10:12,1168,349
6607010,211,4:10:12,1261,338
6607010,213,4:10:12,6,s_window_M_G10a1N,true
6607010,210,4:10:14,1067,327
6607010,211,4:10:15,1069,309
6607010,213,4:10:15,6,s_mirror_M_G10a1N,false
6607010,1003,4:10:18,2
6607010,1004,4:10:21,2
6607010,900,4:10:27,2,[]
6607010,901,4:10:28,2,[PeopleData_id:1]
6607010,902,4:10:30,2,[PeopleData_id:1,PeopleData_data2Type]
6607010,902,4:10:35,2,[PeopleData_id:1,PeopleData_data1Type]
6607010,902,4:10:38,2,[PeopleData_id:1,PeopleData_data0Type]
6607010,903,4:10:39,2,[PeopleData_id1,PeopleData_data0Type]
6607010,901,4:10:39,2,[PeopleData_id:1]
6607010,901,4:10:40,2,[PeopleData_id:1]
6607010,904,4:10:40,2,[PeopleData_id:1]
6607010,905,4:10:41,2,[PeopleData_id:1,RankTypes_id:-1,RankTypes_id:0]
6607010,901,4:10:42,2,[PeopleData_id:0]
6607010,904,4:10:42,2,[PeopleData_id:0]
6607010,902,4:10:43,2,[PeopleData_id:0,PeopleData_data3Type]
6607010,902,4:10:45,2,[PeopleData_id:0,PeopleData_data2Type]
6607010,902,4:10:51,2,[PeopleData_id:0,PeopleData_data2Type]
6607010,902,4:10:52,2,[PeopleData_id:0,PeopleData_data1Type]
6607010,902,4:10:55,2,[PeopleData_id:0,PeopleData_data0Type]
6607010,902,4:10:58,2,[PeopleData_id:0,PeopleData_data2Type]
6607010,903,4:11:1,2,[PeopleData_id0,PeopleData_data2Type]
6607010,901,4:11:1,2,[PeopleData_id:0]
6607010,904,4:11:2,2,[PeopleData_id:0]
6607010,905,4:11:3,2,[PeopleData_id:0,RankTypes_id:-1,RankTypes_id:2]
6607010,901,4:11:4,2,[PeopleData_id:6]
6607010,902,4:11:5,2,[PeopleData_id:6,PeopleData_data2Type]
6607010,903,4:11:9,2,[PeopleData_id6,PeopleData_data2Type]
6607010,901,4:11:10,2,[PeopleData_id:6]
6607010,904,4:11:10,2,[PeopleData_id:6]
6607010,905,4:11:11,2,[PeopleData_id:6,RankTypes_id:-1,RankTypes_id:0]
6607010,901,4:11:12,2,[PeopleData_id:4]
6607010,902,4:11:13,2,[PeopleData_id:4,PeopleData_data2Type]
6607010,902,4:11:14,2,[PeopleData_id:4,PeopleData_data1Type]
6607010,902,4:11:17,2,[PeopleData_id:4,PeopleData_data0Type]
6607010,903,4:11:19,2,[PeopleData_id4,PeopleData_data0Type]
6607010,901,4:11:20,2,[PeopleData_id:4]
6607010,904,4:11:21,2,[PeopleData_id:4]
6607010,902,4:11:22,2,[PeopleData_id:4,PeopleData_data0Type]
6607010,903,4:11:27,2,[PeopleData_id4,PeopleData_data0Type]
6607010,901,4:11:28,2,[PeopleData_id:4]
6607010,904,4:11:28,2,[PeopleData_id:4]
6607010,905,4:11:28,2,[PeopleData_id:4,RankTypes_id:-1,RankTypes_id:4]
6607010,901,4:11:29,2,[PeopleData_id:2]
6607010,902,4:11:30,2,[PeopleData_id:2,PeopleData_data3Type]
6607010,902,4:11:32,2,[PeopleData_id:2,PeopleData_data2Type]
6607010,902,4:11:33,2,[PeopleData_id:2,PeopleData_data1Type]
6607010,903,4:11:35,2,[PeopleData_id2,PeopleData_data1Type]
6607010,901,4:11:36,2,[PeopleData_id:2]
6607010,904,4:11:36,2,[PeopleData_id:2]
6607010,905,4:11:36,2,[PeopleData_id:2,RankTypes_id:-1,RankTypes_id:4]
6607010,901,4:11:37,2,[PeopleData_id:5]
6607010,902,4:11:38,2,[PeopleData_id:5,PeopleData_data3Type]
6607010,902,4:11:40,2,[PeopleData_id:5,PeopleData_data2Type]
6607010,903,4:11:41,2,[PeopleData_id5,PeopleData_data2Type]
6607010,901,4:11:42,2,[PeopleData_id:5]
6607010,904,4:11:42,2,[PeopleData_id:5]
6607010,905,4:11:43,2,[PeopleData_id:5,RankTypes_id:-1,RankTypes_id:0]
6607010,901,4:11:44,2,[PeopleData_id:5]
6607010,904,4:11:44,2,[PeopleData_id:5]
6607010,905,4:11:45,2,[PeopleData_id:5,RankTypes_id:0,RankTypes_id:0]
6607010,901,4:11:46,2,[PeopleData_id:3]
6607010,902,4:11:47,2,[PeopleData_id:3,PeopleData_data3Type]
6607010,902,4:11:54,2,[PeopleData_id:3,PeopleData_data2Type]
6607010,902,4:11:58,2,[PeopleData_id:3,PeopleData_data1Type]
6607010,903,4:12:3,2,[PeopleData_id3,PeopleData_data1Type]
6607010,901,4:12:4,2,[PeopleData_id:3]
6607010,904,4:12:4,2,[PeopleData_id:3]
6607010,905,4:12:5,2,[PeopleData_id:3,RankTypes_id:-1,RankTypes_id:3]
6607010,906,4:12:5,2,[]
6607010,902,4:12:8,2,[PeopleData_id:3,PeopleData_data3Type]
6607010,902,4:12:10,2,[PeopleData_id:3,PeopleData_data2Type]
6607010,902,4:12:11,2,[PeopleData_id:3,PeopleData_data1Type]
6607010,902,4:12:12,2,[PeopleData_id:3,PeopleData_data0Type]
6607010,903,4:12:15,2,[PeopleData_id3,PeopleData_data0Type]
6607010,907,4:12:16,2,[]
6607010,908,4:12:16,2,[InvitationData_id:2,PeopleData_id:4,RankTypes_id:4]
6607010,909,4:12:19,2,[InvitationData_id:2,PeopleData_id:4,RankTypes_id:4,1]
6607010,910,4:12:23,2,[InvitationData_id:2,9,false]
6607010,908,4:12:23,2,[InvitationData_id:0,PeopleData_id:2,RankTypes_id:4]
6607010,909,4:12:29,2,[InvitationData_id:0,PeopleData_id:2,RankTypes_id:4,0]
6607010,910,4:12:31,2,[InvitationData_id:0,-11,false]
6607010,908,4:12:31,2,[InvitationData_id:10,PeopleData_id:2,RankTypes_id:4]
6607010,909,4:12:40,2,[InvitationData_id:10,PeopleData_id:2,RankTypes_id:4,0]
6607010,910,4:12:41,2,[InvitationData_id:10,-11,false]
6607010,908,4:12:41,2,[InvitationData_id:4,PeopleData_id:2,RankTypes_id:4]
6607010,909,4:12:43,2,[InvitationData_id:4,PeopleData_id:2,RankTypes_id:4,1]
6607010,910,4:12:44,2,[InvitationData_id:4,9,false]
6607010,908,4:12:44,2,[InvitationData_id:8,PeopleData_id:2,RankTypes_id:4]
6607010,909,4:12:47,2,[InvitationData_id:8,PeopleData_id:2,RankTypes_id:4,0]
6607010,910,4:12:48,2,[InvitationData_id:8,-11,false]
6607010,908,4:12:48,2,[InvitationData_id:3,PeopleData_id:0,RankTypes_id:2]
6607010,909,4:12:50,2,[InvitationData_id:3,PeopleData_id:0,RankTypes_id:2,1]
6607010,910,4:12:51,2,[InvitationData_id:3,5,false]
6607010,908,4:12:51,2,[InvitationData_id:5,PeopleData_id:4,RankTypes_id:4]
6607010,909,4:12:53,2,[InvitationData_id:5,PeopleData_id:4,RankTypes_id:4,1]
6607010,910,4:12:54,2,[InvitationData_id:5,9,false]
6607010,908,4:12:54,2,[InvitationData_id:9,PeopleData_id:2,RankTypes_id:4]
6607010,909,4:12:57,2,[InvitationData_id:9,PeopleData_id:2,RankTypes_id:4,1]
6607010,910,4:12:59,2,[InvitationData_id:9,9,false]
6607010,908,4:12:59,2,[InvitationData_id:1,PeopleData_id:2,RankTypes_id:4]
6607010,909,4:13:1,2,[InvitationData_id:1,PeopleData_id:2,RankTypes_id:4,1]
6607010,910,4:13:3,2,[InvitationData_id:1,0,true]
6607010,911,4:13:3,2,[8,1,1,1]
6607010,1005,4:13:3,2,[2,0,1]
6607010,1001,4:13:5,2,[]
6607010,1003,4:13:5,2
6607010,210,4:13:8,804,301
6607010,211,4:13:10,1042,305
6607010,213,4:13:10,6,s_mirror_M_G10a1N,true
6607010,205,4:13:10,6,s_mirror_M_G10a1N,false,false
6607010,210,4:13:17,684,494
6607010,211,4:13:19,509,509
6607010,212,4:13:20,1
6607010,210,4:13:21,483,441
6607010,207,4:13:23,6,-200,0
6607010,211,4:13:27,530,214
6607010,213,4:13:27,6,s_calendar_M_gen,true
6607010,210,4:13:29,754,345
6607010,207,4:13:30,6,0,-180
6607010,207,4:13:32,6,-180,-495
6607010,211,4:13:37,194,506
6607010,207,4:13:37,6,-495,-120
6607010,212,4:13:38,2
6607010,210,4:13:39,500,457
6607010,211,4:13:40,503,493
6607010,210,4:13:41,424,406
6607010,211,4:13:44,607,544
6607010,219,4:13:46,6
6607010,216,4:13:47,Stack_G10a2N
6607010,217,4:14:1,Stack_G10a2N,12,1.0
6607010,218,4:14:3,6
6607010,210,4:14:4,660,430
6607010,211,4:14:6,815,343
6607010,213,4:14:6,6,s_cot_G10a2N,true
6607010,210,4:14:10,445,238
6607010,211,4:14:10,488,234
6607010,213,4:14:10,6,s_pamphlet5_G10a2N,true
6607010,205,4:14:10,6,s_pamphlet5_G10a2N,false,false
6607010,210,4:14:14,460,316
6607010,207,4:14:15,6,-200,-20
6607010,211,4:14:18,241,606
6607010,210,4:14:19,250,585
6607010,211,4:14:19,254,620
6607010,210,4:14:20,233,573
6607010,211,4:14:21,245,613
6607010,213,4:14:21,6,s_pamphlet2_G10a2N,true
6607010,210,4:14:23,878,481
6607010,207,4:14:24,6,-20,-230
6607010,211,4:14:25,1028,456
6607010,213,4:14:25,6,s_kleenex_G10a2N,true
6607010,213,4:14:27,6,s_cot_G10a2N,true
6607010,210,4:14:32,998,487
6607010,207,4:14:33,6,-230,-425
6607010,207,4:14:38,6,-425,-260
6607010,211,4:14:41,972,136
6607010,212,4:14:43,1
6607010,210,4:14:43,793,404
6607010,211,4:14:44,622,351
6607010,213,4:14:44,6,c_nurse_G10a2N,true
6607010,205,4:14:44,6,c_nurse_G10a2N,false,false
6607010,210,4:14:47,510,208
6607010,207,4:14:51,6,-260,-492
6607010,211,4:14:53,1122,505
6607010,213,4:14:53,6,s_phone_G10a2N,true
6607010,205,4:14:53,6,s_phone_G10a2N,false,false
6607010,210,4:14:57,839,602
6607010,207,4:14:59,6,-492,-102
6607010,207,4:15:2,6,-102,-27
6607010,207,4:15:9,6,-27,-492
6607010,211,4:15:9,1497,494
6607010,212,4:15:10,2
6607010,210,4:15:11,1231,495
6607010,211,4:15:12,848,408
6607010,213,4:15:12,6,s_kleenex_G10a2N,true
6607010,212,4:15:14,0
6607010,210,4:15:14,1341,472
6607010,207,4:15:17,6,-492,-447
6607010,207,4:15:18,6,-447,-282
6607010,211,4:15:19,439,200
6607010,213,4:15:19,6,s_pamphlet3_G10a2N,true
6607010,205,4:15:19,6,s_pamphlet3_G10a2N,false,false
6607010,210,4:15:23,752,70
6607010,207,4:15:30,6,-282,-477
6607010,211,4:15:31,1282,168
6607010,213,4:15:31,6,s_firstAidKit_G10a2N,true
6607010,210,4:15:35,898,389
6607010,207,4:15:36,6,-477,-162
6607010,207,4:15:37,6,-162,0
6607010,211,4:15:41,336,289
6607010,213,4:15:41,6,s_curtain_G10a2N,true
6607010,210,4:15:45,625,192
6607010,207,4:15:47,6,0,-150
6607010,207,4:15:51,6,-150,-330
6607010,207,4:15:52,6,-330,-492
6607010,211,4:15:55,1114,304
6607010,210,4:15:55,1129,204
6607010,211,4:15:58,1191,388
6607010,221,4:16:3,6
6607010,300,4:16:9
6607010,220,4:16:9,6
6607010,301,4:16:11,6
6607010,302,4:16:18,6,0,0,3
6607010,302,4:16:21,6,0,0,6
6607010,304,4:16:26,6,0,0,-1,,6,
6607010,302,4:16:30,6,0,1,2
6607010,304,4:16:31,6,0,1,-1,,2,
6607010,302,4:16:33,6,0,2,4
6607010,302,4:16:36,6,0,2,3
6607010,302,4:16:37,6,0,2,1
6607010,306,4:16:38,6,0,1
6607010,304,4:16:38,6,0,2,-1,,1,
6607010,302,4:16:41,6,1,0,3
6607010,302,4:16:42,6,1,0,5
6607010,304,4:16:43,6,1,0,-1,,5,
6607010,302,4:16:55,6,1,0,0
6607010,302,4:17:9,6,1,0,3
6607010,302,4:17:11,6,1,0,4
6607010,302,4:17:13,6,1,0,6
6607010,302,4:17:14,6,1,0,7
6607010,304,4:17:14,6,1,0,5,,7,
6607010,302,4:17:19,6,1,1,0
6607010,304,4:17:20,6,1,1,-1,,0,
6607010,302,4:17:30,6,1,2,4
6607010,302,4:17:32,6,1,2,5
6607010,302,4:17:41,6,1,2,4
6607010,302,4:17:44,6,1,2,6
6607010,306,4:17:46,6,1,2
6607010,304,4:17:46,6,1,2,-1,,6,
6607010,302,4:17:56,6,3,0,1
6607010,302,4:17:57,6,3,0,0
6607010,304,4:17:58,6,3,0,-1,,0,
6607010,302,4:18:3,6,2,0,0
6607010,302,4:18:5,6,2,0,3
6607010,302,4:18:9,6,2,0,0
6607010,304,4:18:10,6,2,0,-1,,0,
6607010,302,4:18:16,6,4,0,0
6607010,306,4:18:19,6,2,3
6607010,304,4:18:19,6,4,0,-1,,0,
6607010,301,4:18:21,7
6607010,302,4:18:31,7,0,1,4
6607010,304,4:18:32,7,0,1,-1,,4,
6607010,302,4:18:35,7,0,2,3
6607010,302,4:18:37,7,0,2,7
6607010,304,4:18:39,7,0,2,-1,,7,
6607010,302,4:18:48,7,0,0,3
6607010,302,4:18:50,7,0,0,2
6607010,306,4:18:51,7,0,1
6607010,304,4:18:51,7,0,0,-1,,2,
6607010,302,4:18:54,7,1,0,0
6607010,304,4:18:55,7,1,0,-1,,0,
6607010,302,4:18:58,7,1,2,2
6607010,302,4:19:1,7,1,2,5
6607010,304,4:19:2,7,1,2,-1,,5,
6607010,302,4:19:5,7,1,1,6
6607010,306,4:19:6,7,1,2
6607010,304,4:19:6,7,1,1,-1,,6,
6607010,302,4:19:9,7,2,0,0
6607010,304,4:19:10,7,2,0,-1,,0,
6607010,302,4:19:14,7,2,1,5
6607010,302,4:19:15,7,2,1,6
6607010,306,4:19:16,7,2,3
6607010,304,4:19:16,7,2,1,-1,,6,
6607010,210,4:19:31,228,457
6607010,211,4:19:32,37,431
6607010,207,4:19:32,6,-200,-35
6607010,204,4:20:4,6
6607010,103,4:20:6
6607010,105,4:20:9
6607010,703,4:20:12,[|| EpilogueItem ID: 0 unlocked: true ||,|| EpilogueItem ID: 1 unlocked: true ||,|| EpilogueItem ID: 2 unlocked: true ||,|| EpilogueItem ID: 3 unlocked: true ||,|| EpilogueItem ID: 4 unlocked: true ||,|| EpilogueItem ID: 5 unlocked: false ||,|| EpilogueItem ID: 6 unlocked: false ||,|| EpilogueItem ID: 7 unlocked: false ||,|| EpilogueItem ID: 8 unlocked: false ||,|| EpilogueItem ID: 9 unlocked: false ||,|| EpilogueItem ID: 10 unlocked: false ||,|| EpilogueItem ID: 11 unlocked: false ||,|| EpilogueItem ID: 12 unlocked: false ||,|| EpilogueItem ID: 13 unlocked: true ||,|| EpilogueItem ID: 14 unlocked: false ||,|| EpilogueItem ID: 15 unlocked: false ||,|| EpilogueItem ID: 16 unlocked: false ||,|| EpilogueItem ID: 17 unlocked: false ||,|| EpilogueItem ID: 18 unlocked: false ||,|| EpilogueItem ID: 19 unlocked: false ||,|| EpilogueItem ID: 20 unlocked: false ||,|| EpilogueItem ID: 21 unlocked: false ||,|| EpilogueItem ID: 22 unlocked: false ||,|| EpilogueItem ID: 23 unlocked: false ||,|| EpilogueItem ID: 24 unlocked: false ||],0.24
6607010,706,4:20:13,(x=531, y=-100, w=1024, h=768),(x=1105, y=-100, w=1024, h=768)
6607010,707,4:20:20,1,2
6607010,706,4:20:20,(x=2531, y=-100, w=1024, h=768),(x=2531, y=-100, w=1024, h=768)
6607010,706,4:20:22,(x=2531, y=-100, w=1024, h=768),(x=2531, y=-100, w=1024, h=768)
6607010,708,4:20:23
6607010,1,4:20:23,3/6/2014 4:51:08pm,{"gameTime":15623865,"challengeStacks":[{"challengeScenes":[{"miniGameCards":[],"viewedAnimatic":true,"keyPoints":["c_teacherEng_G7a0","c_bestFriend_M_a_G7a0","s_flag_gen"],"unlocked":true,"touchableObjects":["s_otherStudent1_G7a0","s_shakespearePoster_gen","c_friend1_M_a_G7a0","s_doorClassroom_G7a0","s_clock_G7a0","s_poePoster_gen","s_angelouPoster_gen","c_crewKid1_M_G7a0","s_vocabAssignment_G7a0","s_atwoodPoster_gen","c_teacherEng_G7a0","c_bestFriend_M_a_G7a0","s_flag_gen"]},{"miniGameCards":[],"viewedAnimatic":true,"keyPoints":["c_teacherEng_G7a1N","c_bestFriend_M_a_G7a1N","s_paperPlayers_G7a1N"],"unlocked":true,"touchableObjects":["c_crewKid1_M_G7a1N","s_otherStudent1_G7a1N","s_shakespearePoster_gen","s_poePoster_gen","s_angelouPoster_gen","s_atwoodPoster_gen","s_otherStudent2_G7a1N","s_posterPlagiarism_gen","s_flag_gen","c_teacherEng_G7a1N","c_bestFriend_M_a_G7a1N","s_paperPlayers_G7a1N"]},{"miniGameCards":[],"viewedAnimatic":true,"keyPoints":["c_teacherEng_G7a1P","s_flag_gen","c_bestFriend_M_a_G7a1P","s_paperEnglish_gen"],"unlocked":true,"touchableObjects":["s_clock_G7a1P","c_teacherEng_G7a1P","s_paperPlayers_G7a1P","s_flag_gen","s_atwoodPoster_gen","c_bestFriend_M_a_G7a1P","s_paperEnglish_gen"]}],"stackSize":3,"resolved":true},{"challengeScenes":[{"miniGameCards":[],"viewedAnimatic":true,"keyPoints":["c_kidSister_lati_a_G7b0","c_crewKid1_M_G7b0","s_backpack_M_G7b0"],"unlocked":true,"touchableObjects":["c_crewKid2_M_G7b0","c_cousinsBrother_a_G7b0","s_lifeguard_G7b0","c_kidSister_lati_a_G7b0","s_snackBarWorker_G7b0","c_cousin_M_a_G7b0","c_crewKid1_M_G7b0","c_cousinsBrothersFriend_a_G7b0","s_backpack_M_G7b0"]},{"miniGameCards":[],"viewedAnimatic":true,"keyPoints":["c_kidSister_lati_a_G7b1N","c_crewKid1_M_G7b1N","s_sprayPaintCan_G7b1N","s_brokenCarWindow_G7b1N","s_graffiti_G7b1N"],"unlocked":true,"touchableObjects":["c_kidSister_lati_a_G7b1N","s_wreckedPlants_G7b1N","s_cat_G7b1N","s_flag_G7b1N","c_teacherEng_G7b1N","c_crewKid1_M_G7b1N","c_policeOfficer_G7b1N","s_sprayPaintCan_G7b1N","s_brokenCarWindow_G7b1N","s_graffiti_G7b1N"]},{"miniGameCards":[],"viewedAnimatic":true,"keyPoints":["c_cousinsBrothersFriend_a_G7b1P","s_poolDay_ruleSign_G7b1P","c_cousin_M_a_G7b1P","c_cousinsBrother_a_G7b1P"],"unlocked":true,"touchableObjects":["c_cousinsBrothersFriend_a_G7b1P","c_crush1_M_a_G7b1P","c_kidSister_lati_a_G7b1P","s_poolDay_ruleSign_G7b1P","c_cousin_M_a_G7b1P","c_cousinsBrother_a_G7b1P"]},{"miniGameCards":[],"viewedAnimatic":true,"keyPoints":["c_crush1_M_a_G7b2N","s_kid1_G7b2N","c_cousin_M_a_G7b2N","c_kidSister_lati_a_G7b2N"],"unlocked":true,"touchableObjects":["c_crush1_M_a_G7b2N","c_crewKid2_M_G7b2N","s_lifeguard_G7b2N","s_cousinsBFgirlfriend_G7b2N","s_kidPool1_G7b2N","s_kidPool2_G7b2N","s_kid1_G7b2N","c_cousin_M_a_G7b2N","c_cousinsBrothersFriend_a_G7b2N","c_cousinsBrother_a_G7b2N","c_kidSister_lati_a_G7b2N"]},{"miniGameCards":[],"viewedAnimatic":true,"keyPoints":["c_cousin_M_a_G7b2P","s_computer_M_G7b2P","c_kidSister_lati_a_G7b2P"],"unlocked":true,"touchableObjects":["c_cousin_M_a_G7b2P","s_calendar_M_gen","s_computer_M_G7b2P","s_closet_M_G7b2P","c_grandma_lati_a_G7b2P","c_kidSister_lati_a_G7b2P"]}],"stackSize":5,"resolved":true},{"challengeScenes":[{"miniGameCards":[],"viewedAnimatic":true,"keyPoints":["s_clock_G8a0","c_cousin_M_a_G8a0","c_crush2_M_a_G8a0","s_bottleCrush2_M_G8a0","s_cellphone_G8a0"],"unlocked":true,"touchableObjects":["c_friend1_M_G8a0","s_beerSixpack_G8a0","c_crewKid1_M_a_G8a0","s_stairs_G8a0","s_bottleTable_G8a0","s_clock_G8a0","s_cigaretteKid1_G8a0","c_cousin_M_a_G8a0","c_crush2_M_a_G8a0","s_beerCooler_G8a0","s_bottleCrush2_M_G8a0","s_bottleFloor_G8a0","s_cellphone_G8a0"]},{"miniGameCards":[],"viewedAnimatic":true,"keyPoints":["s_dirtyClothes_gen","s_basementDoor_gen","s_crush2Lips_M_G8a1N","s_crush2Eyes_M_G8a1N","s_crush2Sore_M_G8a1N"],"unlocked":true,"touchableObjects":["c_crush2_M_a_G8a1N","s_stairs_G8a1N","s_dirtyClothes_gen","s_waterHeater_gen","s_basementDoor_gen","s_inhalantsShelf_gen","s_crush2Lips_M_G8a1N","s_dryer_G8a1N","s_crush2Eyes_M_G8a1N","s_crush2Sore_M_G8a1N"]},{"miniGameCards":[],"viewedAnimatic":true,"keyPoints":["c_crush2_M_a_G8a1P","s_basementDoor_gen","s_dirtyClothes_gen","s_inhalantsShelf_gen"],"unlocked":true,"touchableObjects":["s_spraypaintCrush2_M_G8a1P","s_waterHeater_gen","c_crush2_M_a_G8a1P","s_basementDoor_gen","s_dirtyClothes_gen","s_inhalantsShelf_gen"]},{"miniGameCards":[],"viewedAnimatic":true,"keyPoints":["c_crush2_M_a_G8a2N","s_spraypaintCan_G8a2N"],"unlocked":true,"touchableObjects":["c_friend1_M_a_G8a2N","c_crush2_M_a_G8a2N","s_fumes_G8a2N","s_spraypaintCan_G8a2N"]},{"miniGameCards":[],"viewedAnimatic":true,"keyPoints":["s_sistersToy_G8a2P","s_magazine_G8a2P","c_crush2_M_a_G8a2P","c_kidSister_lati_a_G8a2P","s_pictureDad_lati_gen"],"unlocked":true,"touchableObjects":["s_sistersToy_G8a2P","s_videoGame_G8a2P","s_magazine_G8a2P","c_grandma_lati_a_G8a2P","s_clock_G8a2P","s_door_gen","c_crush2_M_a_G8a2P","s_teaCup_G8a2P","c_kidSister_lati_a_G8a2P","s_stairs_G8a2P","s_pictureDad_lati_gen"]},{"miniGameCards":[],"viewedAnimatic":true,"keyPoints":["s_mirror_lati_M_a_G8a3N","c_nurse_a_G8a3N","s_pamphlet1_G8a3N","s_pamphlet3_G8a3N"],"unlocked":true,"touchableObjects":["s_phone_G8a3N","s_poster_G8a3N","s_mirror_lati_M_a_G8a3N","s_door_G8a3N","c_nurse_a_G8a3N","s_pamphlet1_G8a3N","s_pamphlet2_G8a3N","s_pamphlet3_G8a3N"]},{"miniGameCards":[],"viewedAnimatic":true,"keyPoints":["s_kidsCouch_G8a3P","c_crush2_M_a_G8a3P"],"unlocked":true,"touchableObjects":["s_kidsCouch_G8a3P","s_window_G8a3P","c_cousin_M_a_G8a3P","c_crush2_M_a_G8a3P","c_friend1_M_a_G8a3P","s_kidStanding_G8a3P","c_crewKid1_M_a_G8a3P"]}],"stackSize":7,"resolved":true},{"challengeScenes":[{"miniGameCards":[],"viewedAnimatic":true,"keyPoints":["c_friend1_M_a_G8b0","c_kidSister_lati_a_G8b0","s_pillBottle_G8b0"],"unlocked":true,"touchableObjects":["c_friend1_M_a_G8b0","c_grandma_lati_a_G8b0","s_pictureMom_lati_gen","s_pictureDad_lati_gen","c_kidSister_lati_a_G8b0","s_pillBottle_G8b0"]},{"miniGameCards":[],"viewedAnimatic":true,"keyPoints":["c_grandma_lati_a_G8b1N","c_friend1_M_a_G8b1N","c_kidSister_lati_a_G8b1N"],"unlocked":true,"touchableObjects":["c_grandma_lati_a_G8b1N","c_friend1_M_a_G8b1N","s_pillBottle_G8b1N","c_kidSister_lati_a_G8b1N"]},{"miniGameCards":[],"viewedAnimatic":true,"keyPoints":["c_friend1_M_a_G8b1P","c_grandma_lati_a_G8b1P","s_pillBottle_M_G8b1P"],"unlocked":true,"touchableObjects":["c_friend1_M_a_G8b1P","c_kidSister_lati_a_G8b1P","c_grandma_lati_a_G8b1P","s_pillBottle_M_G8b1P"]},{"miniGameCards":[],"viewedAnimatic":true,"keyPoints":["c_teacherEng_G8b2N","c_crewKid2_M_a_G8b2N","s_clock_G8b2N","c_friend1_M_a_G8b2N","s_sandwichBagPills_G8b2N"],"unlocked":true,"touchableObjects":["s_kid1_G8b2N","s_kid3_G8b2N","s_kid4_G8b2N","s_kid5_G8b2N","s_kid2_G8b2N","c_teacherEng_G8b2N","c_crewKid2_M_a_G8b2N","s_clock_G8b2N","c_friend1_M_a_G8b2N","s_sandwichBagPills_G8b2N"]},{"miniGameCards":[],"viewedAnimatic":true,"keyPoints":["s_pillBottle_G8b2P","c_grandma_lati_a_G8b2P","c_friend1_M_a_G8b2P"],"unlocked":true,"touchableObjects":["c_kidSister_lati_a_G8b2P","s_pillBottle_G8b2P","s_videoGameScreen_G8b2P","c_grandma_lati_a_G8b2P","c_mom_lati_a_G8b2P","c_friend1_M_a_G8b2P"]}],"stackSize":5,"resolved":true},{"challengeScenes":[{"miniGameCards":[],"viewedAnimatic":true,"keyPoints":["s_clock_M_G9a0","s_cellPhone_M_G9a0","s_door_M_gen","s_bathingSuit_M_G9a0"],"unlocked":true,"touchableObjects":["s_clock_M_G9a0","s_calendar_M_gen","s_window_M_G9a0","s_cellPhone_M_G9a0","s_door_M_gen","s_bathingSuit_M_G9a0"]},{"miniGameCards":[],"viewedAnimatic":true,"keyPoints":["s_fence_G9a1N","c_cousin_M_a_G9a1N","s_kid3_G9a1N","c_policeOfficer_G9a1N"],"unlocked":true,"touchableObjects":["s_fence_G9a1N","s_kid4_G9a1N","c_cousinsBrothersFriend_a_G9a1N","s_potSmokeCloud_G9a1N","s_policeCar_G9a1N","s_bathingSuits_G9a1N","c_cousin_M_a_G9a1N","s_kid3_G9a1N","s_poolNight_ruleSign_G9a1N","c_policeOfficer_G9a1N"]},{"miniGameCards":[],"viewedAnimatic":true,"keyPoints":["s_door_M_gen","s_calendar_M_gen","c_cousin_M_a_G9a1P","s_joint_M_G9a1P","s_basketball_M_gen"],"unlocked":true,"touchableObjects":["s_door_M_gen","s_computer_M_gen","s_calendar_M_gen","c_cousin_M_a_G9a1P","s_joint_M_G9a1P","s_basketball_M_gen"]},{"miniGameCards":[],"viewedAnimatic":true,"keyPoints":["c_mom_lati_a_G9a2N","c_kidSister_lati_a_G9a2N","s_pictureDad_lati_M_gen","c_cousin_M_a_G9a2N"],"unlocked":true,"touchableObjects":["s_potSmokeCloud_M_G9a2N","s_cookieTrayEmpty_M_G9a2N","c_mom_lati_a_G9a2N","c_kidSister_lati_a_G9a2N","s_pictureDad_lati_M_gen","c_cousin_M_a_G9a2N"]},{"miniGameCards":[],"viewedAnimatic":true,"keyPoints":["c_cousin_M_a_G9a2P","c_mom_lati_a_G9a2P","s_pizzaBox_G9a2P","s_door_gen"],"unlocked":true,"touchableObjects":["c_kidSister_lati_a_G9a2P","c_cousin_M_a_G9a2P","c_mom_lati_a_G9a2P","s_tv_G9a2P","c_grandma_lati_a_G9a2P","s_pizzaBox_G9a2P","s_door_gen"]}],"stackSize":5,"resolved":true},{"challengeScenes":[{"miniGameCards":[],"viewedAnimatic":true,"keyPoints":["s_computer_M_gen"],"unlocked":true,"touchableObjects":["c_kidSister_lati_a_G9b0","c_cousin_M_a_G9b0","s_calendar_M_gen","s_computer_M_gen","s_closet_M_G9b0","s_cellPhone_M_G9b0","s_clock_M_G9b0"]},{"miniGameCards":[],"viewedAnimatic":false,"keyPoints":[],"unlocked":true,"touchableObjects":[]},{"miniGameCards":[],"viewedAnimatic":false,"keyPoints":[],"unlocked":false,"touchableObjects":[]},{"miniGameCards":[],"viewedAnimatic":false,"keyPoints":[],"unlocked":false,"touchableObjects":[]},{"miniGameCards":[],"viewedAnimatic":false,"keyPoints":[],"unlocked":false,"touchableObjects":[]}],"stackSize":5,"resolved":false},{"challengeScenes":[{"miniGameCards":[],"viewedAnimatic":true,"keyPoints":["s_basketball_M_gen","s_drawer_M_G10a0","s_window_M_G10a0","c_crush1_M_b_G10a0"],"unlocked":true,"touchableObjects":["s_door_M_gen","s_bed1_M_G10a0","s_trash_M_G10a0","s_computer_M_gen","s_basketball_M_gen","s_bed2_M_G10a0","s_calendar_M_gen","s_drawer_M_G10a0","s_window_M_G10a0","c_crush1_M_b_G10a0"]},{"miniGameCards":[],"viewedAnimatic":true,"keyPoints":["c_crush1_M_b_G10a1N","s_mirror_M_G10a1N"],"unlocked":true,"touchableObjects":["c_crush1_M_b_G10a1N","s_crushClothes_M_G10a1N","s_door_M_gen","s_computer_M_gen","s_window_M_G10a1N","s_mirror_M_G10a1N","s_calendar_M_gen"]},{"miniGameCards":[],"viewedAnimatic":false,"keyPoints":[],"unlocked":false,"touchableObjects":[]},{"miniGameCards":[],"viewedAnimatic":true,"keyPoints":["s_pamphlet5_G10a2N","c_nurse_G10a2N","s_phone_G10a2N","s_pamphlet3_G10a2N"],"unlocked":true,"touchableObjects":["s_cot_G10a2N","s_pamphlet5_G10a2N","s_pamphlet2_G10a2N","s_kleenex_G10a2N","c_nurse_G10a2N","s_phone_G10a2N","s_pamphlet3_G10a2N","s_firstAidKit_G10a2N","s_curtain_G10a2N"]},{"miniGameCards":[],"viewedAnimatic":false,"keyPoints":[],"unlocked":false,"touchableObjects":[]}],"stackSize":5,"resolved":false},{"challengeScenes":[{"miniGameCards":[],"viewedAnimatic":false,"keyPoints":[],"unlocked":false,"touchableObjects":[]},{"miniGameCards":[],"viewedAnimatic":false,"keyPoints":[],"unlocked":false,"touchableObjects":[]},{"miniGameCards":[],"viewedAnimatic":false,"keyPoints":[],"unlocked":false,"touchableObjects":[]},{"miniGameCards":[],"viewedAnimatic":false,"keyPoints":[],"unlocked":false,"touchableObjects":[]},{"miniGameCards":[],"viewedAnimatic":false,"keyPoints":[],"unlocked":false,"touchableObjects":[]}],"stackSize":5,"resolved":false},{"challengeScenes":[{"miniGameCards":[],"viewedAnimatic":true,"keyPoints":[],"unlocked":true,"touchableObjects":[]},{"miniGameCards":[],"viewedAnimatic":false,"keyPoints":[],"unlocked":true,"touchableObjects":[]},{"miniGameCards":[],"viewedAnimatic":false,"keyPoints":[],"unlocked":false,"touchableObjects":[]},{"miniGameCards":[],"viewedAnimatic":false,"keyPoints":[],"unlocked":false,"touchableObjects":[]},{"miniGameCards":[],"viewedAnimatic":false,"keyPoints":[],"unlocked":false,"touchableObjects":[]}],"stackSize":5,"resolved":false},{"challengeScenes":[{"miniGameCards":[],"viewedAnimatic":false,"keyPoints":[],"unlocked":false,"touchableObjects":[]},{"miniGameCards":[],"viewedAnimatic":false,"keyPoints":[],"unlocked":false,"touchableObjects":[]},{"miniGameCards":[],"viewedAnimatic":false,"keyPoints":[],"unlocked":false,"touchableObjects":[]},{"miniGameCards":[],"viewedAnimatic":false,"keyPoints":[],"unlocked":false,"touchableObjects":[]},{"miniGameCards":[],"viewedAnimatic":false,"keyPoints":[],"unlocked":false,"touchableObjects":[]}],"stackSize":5,"resolved":false},{"challengeScenes":[{"miniGameCards":[],"viewedAnimatic":true,"keyPoints":[],"unlocked":true,"touchableObjects":[]},{"miniGameCards":[],"viewedAnimatic":true,"keyPoints":[],"unlocked":true,"touchableObjects":["s_drawer_M_G12a1N"]},{"miniGameCards":[],"viewedAnimatic":false,"keyPoints":[],"unlocked":false,"touchableObjects":[]},{"miniGameCards":[],"viewedAnimatic":true,"keyPoints":[],"unlocked":true,"touchableObjects":[]},{"miniGameCards":[],"viewedAnimatic":false,"keyPoints":[],"unlocked":false,"touchableObjects":[]}],"stackSize":5,"resolved":false},{"challengeScenes":[{"miniGameCards":[],"viewedAnimatic":false,"keyPoints":[],"unlocked":false,"touchableObjects":[]},{"miniGameCards":[],"viewedAnimatic":false,"keyPoints":[],"unlocked":false,"touchableObjects":[]},{"miniGameCards":[],"viewedAnimatic":false,"keyPoints":[],"unlocked":false,"touchableObjects":[]},{"miniGameCards":[],"viewedAnimatic":false,"keyPoints":[],"unlocked":false,"touchableObjects":[]},{"miniGameCards":[],"viewedAnimatic":false,"keyPoints":[],"unlocked":false,"touchableObjects":[]}],"stackSize":5,"resolved":false},{"challengeScenes":[{"miniGameCards":[],"viewedAnimatic":false,"keyPoints":[],"unlocked":true,"touchableObjects":["c_friends_G0a0","c_player_lati_M_a_G0a0","c_family_lati_a_G0a0","c_education_G0a0"]},{"miniGameCards":[],"viewedAnimatic":false,"keyPoints":["c_job_G0a1N","c_family_lati_a_G0a1N","c_home_G0a1N"],"unlocked":true,"touchableObjects":["c_job_G0a1N","c_family_lati_a_G0a1N","c_home_G0a1N"]},{"miniGameCards":[],"viewedAnimatic":false,"keyPoints":["c_kidsister_lati_a_G0a1P","c_grandma_lati_a_G0a1P","c_Teacher_G0a1P","c_mom_lati_a_G0a1P","c_dad_lati_a_G0a1P","c_Nurse_G0a1P"],"unlocked":true,"touchableObjects":["c_cousins_M_a_G0a1P","c_friends_G0a1P","c_kidsister_lati_a_G0a1P","c_grandma_lati_a_G0a1P","c_Teacher_G0a1P","c_mom_lati_a_G0a1P","c_dad_lati_a_G0a1P","c_Nurse_G0a1P"]}],"stackSize":3,"resolved":true}],"sessionId":8,"epilogue":{"rating":2},"playerId":6607010,"session":[{"sceneId":"1P","stackId":12},{"sceneId":"1P","stackId":0},{"sceneId":"1P","stackId":1},{"sceneId":"1N","stackId":1},{"sceneId":"2P","stackId":1},{"sceneId":"1P","stackId":4},{"sceneId":"1N","stackId":4},{"sceneId":"2P","stackId":4},{"sceneId":"3P","stackId":2},{"sceneId":"1P","stackId":2},{"sceneId":"1N","stackId":2},{"sceneId":"2P","stackId":2},{"sceneId":"1P","stackId":3},{"sceneId":"1N","stackId":3},{"sceneId":"2P","stackId":3}],"minigames":[{"levelSaveData":[{"starRating":3,"unlocked":true},{"starRating":1,"unlocked":true},{"starRating":2,"unlocked":true},{"starRating":0,"unlocked":true},{"starRating":0,"unlocked":false},{"starRating":2,"unlocked":true},{"starRating":0,"unlocked":true},{"starRating":3,"unlocked":true},{"starRating":1,"unlocked":true},{"starRating":1,"unlocked":true}],"skillPoints":13},{"levelSaveData":[{"starRating":3,"unlocked":true},{"starRating":3,"unlocked":true},{"starRating":3,"unlocked":true},{"starRating":3,"unlocked":true},{"starRating":3,"unlocked":true},{"starRating":3,"unlocked":true},{"starRating":0,"unlocked":false},{"starRating":0,"unlocked":false},{"starRating":3,"unlocked":true},{"starRating":3,"unlocked":true}],"skillPoints":24},{"levelSaveData":[{"starRating":3,"unlocked":true},{"starRating":3,"unlocked":true},{"starRating":1,"unlocked":true},{"starRating":1,"unlocked":true},{"starRating":0,"unlocked":false},{"starRating":1,"unlocked":true},{"starRating":0,"unlocked":false},{"starRating":3,"unlocked":true},{"starRating":3,"unlocked":true},{"starRating":0,"unlocked":false}],"skillPoints":15},{"levelSaveData":[{"starRating":3,"unlocked":true},{"starRating":3,"unlocked":true},{"starRating":0,"unlocked":true},{"starRating":0,"unlocked":true},{"starRating":3,"unlocked":true},{"starRating":1,"unlocked":true},{"starRating":3,"unlocked":true},{"starRating":0,"unlocked":false},{"starRating":0,"unlocked":false},{"starRating":0,"unlocked":false}],"skillPoints":13},{"age":12,"name":"Jose","gender":0,"levelSaveData":[{"starRating":3,"unlocked":true},{"starRating":3,"chunks":[["1"],["0$$happy","0"],["5","3","0"],["0"]],"unlocked":true},{"starRating":3,"chunks":[["1"],["1$$baseball","4"],["13","0"]],"unlocked":true},{"starRating":3,"chunks":[["3"],["0"],["2"],["1"],["5","0"],["3"]],"unlocked":true},{"starRating":3,"chunks":[["1"],["3"],["2","20"],["1"],["4"],["7"]],"unlocked":true},{"starRating":0,"chunks":[[null],[null,null,null,null],[null],[null]],"unlocked":true},{"starRating":0,"chunks":[[null],[null],[null,null],[null,null],[null]],"unlocked":true},{"starRating":3,"chunks":[["6","2","1"],["7","0","6"],["0"],["0"],["0"]],"unlocked":true},{"starRating":3,"chunks":[["2","4","7"],["0","6","5"],["0","6"]],"unlocked":true},{"starRating":0,"chunks":[[null],[null],[null],[null],[null],[null]],"unlocked":false}],"visualAvatar":0,"id":2,"skillPoints":21}],"avatar":{"age":12,"name":"Jose","gender":0,"levelSaveData":[{"starRating":3,"unlocked":true},{"starRating":3,"chunks":[["1"],["0$$happy","0"],["5","3","0"],["0"]],"unlocked":true},{"starRating":3,"chunks":[["1"],["1$$baseball","4"],["13","0"]],"unlocked":true},{"starRating":3,"chunks":[["3"],["0"],["2"],["1"],["5","0"],["3"]],"unlocked":true},{"starRating":3,"chunks":[["1"],["3"],["2","20"],["1"],["4"],["7"]],"unlocked":true},{"starRating":0,"chunks":[[null],[null,null,null,null],[null],[null]],"unlocked":true},{"starRating":0,"chunks":[[null],[null],[null,null],[null,null],[null]],"unlocked":true},{"starRating":3,"chunks":[["6","2","1"],["7","0","6"],["0"],["0"],["0"]],"unlocked":true},{"starRating":3,"chunks":[["2","4","7"],["0","6","5"],["0","6"]],"unlocked":true},{"starRating":0,"chunks":[[null],[null],[null],[null],[null],[null]],"unlocked":false}],"visualAvatar":0,"id":2,"skillPoints":21}}
