6607007,0,186:12:52,3/6/2014 4:02:02pm
6607007,100,186:13:12,2
6607007,102,186:13:18,2
6607007,200,186:13:18,2,3,6,5,3,9
6607007,210,186:13:22,777,479
6607007,211,186:13:24,885,492
6607007,213,186:13:24,2,s_cellphone_G8a0,true
6607007,205,186:13:24,2,s_cellphone_G8a0,false,false
6607007,210,186:13:29,663,466
6607007,211,186:13:30,383,127
6607007,213,186:13:30,2,s_clock_G8a0,true
6607007,205,186:13:31,2,s_clock_G8a0,false,false
6607007,210,186:13:35,710,505
6607007,211,186:13:38,1090,359
6607007,221,186:13:40,2
6607007,220,186:13:43,2
6607007,212,186:13:43,2
6607007,210,186:13:44,709,489
6607007,211,186:13:45,489,542
6607007,210,186:13:45,516,503
6607007,211,186:13:49,498,545
6607007,210,186:13:50,524,530
6607007,211,186:13:50,539,530
6607007,210,186:13:50,516,583
6607007,211,186:13:52,508,588
6607007,210,186:13:53,501,528
6607007,211,186:13:54,504,589
6607007,213,186:13:54,2,s_bottleCrush2_F_G8a0,true
6607007,205,186:13:54,2,s_bottleCrush2_F_G8a0,false,false
6607007,210,186:13:58,693,516
6607007,211,186:13:58,693,516
6607007,221,186:14:1,2
6607007,220,186:14:2,2
6607007,219,186:14:3,2
6607007,216,186:14:4,Stack_G8a1N
6607007,217,186:14:11,Stack_G8a1N,4.0,0.67
6607007,218,186:14:14,2
6607007,210,186:14:16,1055,441
6607007,211,186:14:19,985,478
6607007,213,186:14:19,2,s_stairs_G8a1N,true
6607007,210,186:14:23,416,403
6607007,211,186:14:24,431,563
6607007,213,186:14:24,2,s_dryer_G8a1N,true
6607007,210,186:14:26,499,545
6607007,211,186:14:28,723,564
6607007,213,186:14:28,2,c_crush2_F_a_G8a1N,true
6607007,210,186:14:30,443,268
6607007,211,186:14:34,1101,430
6607007,210,186:14:45,1212,496
6607007,207,186:14:45,2,-200,-492
6607007,211,186:14:48,1438,516
6607007,207,186:14:48,2,-492,-462
6607007,210,186:14:53,1131,423
6607007,207,186:14:54,2,-462,-492
6607007,211,186:14:55,1376,515
6607007,210,186:15:25,1170,473
6607007,211,186:15:28,1303,603
6607007,221,186:15:31,2
6607007,220,186:15:34,2
6607007,210,186:15:35,1026,408
6607007,211,186:15:36,604,391
6607007,213,186:15:36,2,c_crush2_F_a_G8a1N,true
6607007,221,186:15:38,2
6607007,220,186:15:39,2
6607007,212,186:15:40,0
6607007,210,186:15:41,1103,487
6607007,211,186:15:42,748,519
6607007,213,186:15:42,2,s_crush2Lips_F_G8a1N,true
6607007,205,186:15:42,2,s_crush2Lips_F_G8a1N,false,false
6607007,210,186:15:49,965,495
6607007,211,186:15:50,779,393
6607007,213,186:15:50,2,s_crush2Eyes_F_G8a1N,true
6607007,205,186:15:50,2,s_crush2Eyes_F_G8a1N,false,false
6607007,210,186:15:59,990,490
6607007,207,186:16:0,2,-492,-447
6607007,211,186:16:2,712,515
6607007,213,186:16:2,2,s_crush2Sore_F_G8a1N,true
6607007,205,186:16:2,2,s_crush2Sore_F_G8a1N,false,false
6607007,210,186:16:13,909,483
6607007,211,186:16:17,556,629
6607007,210,186:16:17,400,521
6607007,207,186:16:18,2,-447,0
6607007,211,186:16:19,2,536
6607007,210,186:16:30,340,537
6607007,211,186:16:31,381,361
6607007,210,186:16:31,429,433
6607007,211,186:16:32,243,461
6607007,213,186:16:32,2,s_waterHeater_gen,true
6607007,221,186:16:36,2
6607007,220,186:16:39,2
6607007,212,186:16:40,1
6607007,210,186:16:41,846,480
6607007,211,186:16:43,463,123
6607007,213,186:16:43,2,s_basementDoor_gen,true
6607007,205,186:16:43,2,s_basementDoor_gen,false,false
6607007,210,186:16:47,341,374
6607007,211,186:16:47,213,274
6607007,221,186:16:49,2
6607007,220,186:16:51,2
6607007,210,186:16:51,426,277
6607007,211,186:16:52,455,151
6607007,213,186:16:52,2,s_basementDoor_gen,true
6607007,205,186:16:52,2,s_basementDoor_gen,false,true
6607007,221,186:16:56,2
6607007,220,186:16:58,2
6607007,210,186:16:59,429,432
6607007,207,186:17:5,2,0,-492
6607007,211,186:17:8,1374,507
6607007,210,186:17:9,1353,493
6607007,211,186:17:9,1360,504
6607007,213,186:17:9,2,s_inhalantsShelf_gen,true
6607007,210,186:17:12,1172,558
6607007,211,186:17:21,445,454
6607007,207,186:17:21,2,-492,-417
6607007,210,186:17:22,351,505
6607007,211,186:17:22,330,503
6607007,207,186:17:22,2,-417,-327
6607007,221,186:17:29,2
6607007,220,186:17:33,2
6607007,210,186:17:34,471,599
6607007,211,186:17:34,645,369
6607007,221,186:17:35,2
6607007,220,186:17:37,2
6607007,212,186:17:38,0
6607007,210,186:17:38,334,567
6607007,207,186:17:38,2,-200,-155
6607007,207,186:17:39,2,-155,0
6607007,211,186:17:44,503,585
6607007,213,186:17:44,2,c_crush2_F_a_G8a0,true
6607007,205,186:17:44,2,c_crush2_F_a_G8a0,false,true
6607007,221,186:17:48,2
6607007,220,186:17:49,2
6607007,210,186:17:50,510,517
6607007,211,186:17:52,926,330
6607007,213,186:17:52,2,c_cousin_F_a_G8a0,true
6607007,205,186:17:52,2,c_cousin_F_a_G8a0,false,true
6607007,221,186:17:55,2
6607007,220,186:17:57,2
6607007,210,186:17:58,681,499
6607007,207,186:18:0,2,0,-492
6607007,211,186:18:18,1514,497
6607007,210,186:18:19,1495,302
6607007,211,186:18:23,657,528
6607007,207,186:18:23,2,-492,-447
6607007,210,186:18:23,547,426
6607007,207,186:18:25,2,-447,0
6607007,211,186:18:25,2,386
6607007,210,186:18:25,59,467
6607007,211,186:18:26,37,564
6607007,210,186:18:26,298,602
6607007,211,186:18:27,504,576
6607007,213,186:18:27,2,c_crush2_F_a_G8a0,true
6607007,205,186:18:27,2,c_crush2_F_a_G8a0,false,true
6607007,219,186:18:35,2
6607007,218,186:18:42,2
6607007,221,186:18:45,2
6607007,220,186:18:46,2
6607007,1003,186:18:46,3
6607007,1004,186:18:48,4
6607007,500,186:19:1,4,[]
6607007,501,186:19:6,4,[]
6607007,502,186:19:15,4,[IntentionData_logId:1,true]
6607007,503,186:19:17,4,[]
6607007,504,186:19:20,4,[InfluenceData_logId:1]
6607007,504,186:19:23,4,[InfluenceData_logId:0]
6607007,504,186:19:26,4,[InfluenceData_logId:2]
6607007,504,186:19:29,4,[InfluenceData_logId:0]
6607007,504,186:19:30,4,[InfluenceData_logId:3]
6607007,504,186:19:34,4,[InfluenceData_logId:5]
6607007,504,186:19:36,4,[InfluenceData_logId:4]
6607007,504,186:19:41,4,[InfluenceData_logId:6]
6607007,504,186:19:47,4,[InfluenceData_logId:5]
6607007,504,186:19:48,4,[InfluenceData_logId:4]
6607007,505,186:19:49,4,[InfluenceData_logId:0,true,InfluenceData_logId:4,true,InfluenceData_logId:6,true]
6607007,506,186:19:51,4,[]
6607007,507,186:20:6,4,[OpponentAttackData_logId:0,OpponentAttackTypeData_logId:1,true,0]
6607007,508,186:20:9,4,[]
6607007,509,186:20:15,4,[RefusalData_logId:4,2]
6607007,510,186:20:31,4,[AvailableRefusalData_logId:4,0C]
6607007,510,186:20:32,4,[AvailableRefusalData_logId:4,1B]
6607007,510,186:20:33,4,[AvailableRefusalData_logId:4,2B]
6607007,510,186:20:34,4,[AvailableRefusalData_logId:4,0A]
6607007,510,186:20:35,4,[AvailableRefusalData_logId:4,0B]
6607007,510,186:20:37,4,[AvailableRefusalData_logId:4,1A]
6607007,510,186:20:39,4,[AvailableRefusalData_logId:4,2C]
6607007,510,186:20:40,4,[AvailableRefusalData_logId:4,2A]
6607007,510,186:20:42,4,[AvailableRefusalData_logId:4,0A]
6607007,510,186:20:45,4,[AvailableRefusalData_logId:4,1C]
6607007,510,186:20:48,4,[AvailableRefusalData_logId:4,2C]
6607007,510,186:20:52,4,[AvailableRefusalData_logId:4,2B]
6607007,510,186:20:53,4,[AvailableRefusalData_logId:4,0C]
6607007,510,186:20:54,4,[AvailableRefusalData_logId:4,1B]
6607007,511,186:20:55,4,[AvailableRefusalData_logId:4,0C,1B,2B,false,0]
6607007,512,186:20:58,4,[]
6607007,513,186:20:58,4,[30]
6607007,514,186:21:2,4,[]
6607007,507,186:21:9,4,[OpponentAttackData_logId:2,OpponentAttackTypeData_logId:4,true,0]
6607007,508,186:21:11,4,[]
6607007,509,186:21:20,4,[RefusalData_logId:6,2]
6607007,510,186:21:34,4,[AvailableRefusalData_logId:6,0A]
6607007,510,186:21:34,4,[AvailableRefusalData_logId:6,1A]
6607007,510,186:21:35,4,[AvailableRefusalData_logId:6,2A]
6607007,511,186:21:35,4,[AvailableRefusalData_logId:6,0A,1A,2A,true,50]
6607007,512,186:21:40,4,[]
6607007,513,186:21:40,4,[0]
6607007,514,186:21:41,4,[]
6607007,507,186:21:52,4,[OpponentAttackData_logId:1,OpponentAttackTypeData_logId:2,true,0]
6607007,508,186:21:54,4,[]
6607007,509,186:21:59,4,[RefusalData_logId:3,2]
6607007,510,186:22:22,4,[AvailableRefusalData_logId:3,0A]
6607007,510,186:22:22,4,[AvailableRefusalData_logId:3,1A]
6607007,510,186:22:23,4,[AvailableRefusalData_logId:3,2A]
6607007,511,186:22:24,4,[AvailableRefusalData_logId:3,0A,1A,2A,true,50]
6607007,512,186:22:27,4,[]
6607007,515,186:22:27,4,[120,0]
6607007,516,186:22:29,4,[]
6607007,517,186:22:37,4,[]
6607007,1005,186:22:37,4,[3,0,3]
6607007,1001,186:22:39,4,[]
6607007,1003,186:22:39,3
6607007,1004,186:22:40,1
6607007,500,186:22:52,1,[]
6607007,501,186:22:56,1,[]
6607007,502,186:23:6,1,[IntentionData_logId:3,true]
6607007,503,186:23:7,1,[]
6607007,504,186:23:11,1,[InfluenceData_logId:0]
6607007,504,186:23:14,1,[InfluenceData_logId:1]
6607007,504,186:23:19,1,[InfluenceData_logId:2]
6607007,504,186:23:21,1,[InfluenceData_logId:0]
6607007,504,186:23:23,1,[InfluenceData_logId:3]
6607007,504,186:23:28,1,[InfluenceData_logId:4]
6607007,504,186:23:32,1,[InfluenceData_logId:5]
6607007,504,186:23:36,1,[InfluenceData_logId:8]
6607007,504,186:23:39,1,[InfluenceData_logId:6]
6607007,504,186:23:44,1,[InfluenceData_logId:7]
6607007,505,186:23:51,1,[InfluenceData_logId:0,true,InfluenceData_logId:5,true,InfluenceData_logId:7,true]
6607007,506,186:23:53,1,[]
6607007,507,186:24:2,1,[OpponentAttackData_logId:0,OpponentAttackTypeData_logId:2,true,0]
6607007,508,186:24:4,1,[]
6607007,509,186:24:14,1,[RefusalData_logId:0,0]
6607007,510,186:24:22,1,[AvailableRefusalData_logId:0,0A]
6607007,510,186:24:22,1,[AvailableRefusalData_logId:0,1A]
6607007,510,186:24:23,1,[AvailableRefusalData_logId:0,2A]
6607007,511,186:24:23,1,[AvailableRefusalData_logId:0,0A,1A,2A,true,20]
6607007,512,186:24:26,1,[]
6607007,513,186:24:26,1,[30]
6607007,514,186:24:30,1,[]
6607007,507,186:24:39,1,[OpponentAttackData_logId:1,OpponentAttackTypeData_logId:1,true,0]
6607007,508,186:24:42,1,[]
6607007,509,186:24:46,1,[RefusalData_logId:4,2]
6607007,510,186:24:52,1,[AvailableRefusalData_logId:4,0A]
6607007,510,186:24:53,1,[AvailableRefusalData_logId:4,1A]
6607007,510,186:24:53,1,[AvailableRefusalData_logId:4,2A]
6607007,511,186:24:54,1,[AvailableRefusalData_logId:4,0A,1A,2A,true,50]
6607007,512,186:25:0,1,[]
6607007,513,186:25:0,1,[0]
6607007,514,186:25:2,1,[]
6607007,507,186:25:14,1,[OpponentAttackData_logId:3,OpponentAttackTypeData_logId:4,true,0]
6607007,508,186:25:17,1,[]
6607007,509,186:25:33,1,[RefusalData_logId:5,0]
6607007,510,186:25:43,1,[AvailableRefusalData_logId:5,0A]
6607007,510,186:25:44,1,[AvailableRefusalData_logId:5,1A]
6607007,510,186:25:44,1,[AvailableRefusalData_logId:5,2A]
6607007,511,186:25:45,1,[AvailableRefusalData_logId:5,0A,1A,2A,true,20]
6607007,512,186:25:48,1,[]
6607007,513,186:25:48,1,[30]
6607007,514,186:25:52,1,[]
6607007,507,186:26:4,1,[OpponentAttackData_logId:2,OpponentAttackTypeData_logId:3,true,0]
6607007,508,186:26:6,1,[]
6607007,509,186:26:10,1,[RefusalData_logId:7,2]
6607007,510,186:26:21,1,[AvailableRefusalData_logId:7,0A]
6607007,510,186:26:23,1,[AvailableRefusalData_logId:7,1A]
6607007,510,186:26:23,1,[AvailableRefusalData_logId:7,2A]
6607007,511,186:26:24,1,[AvailableRefusalData_logId:7,0A,1A,2A,true,50]
6607007,512,186:26:27,1,[]
6607007,515,186:26:27,1,[90,0]
6607007,516,186:26:32,1,[]
6607007,517,186:26:40,1,[]
6607007,1005,186:26:40,1,[3,0,2]
6607007,1001,186:26:41,1,[]
6607007,1003,186:26:41,3
6607007,221,186:26:47,2
6607007,220,186:26:49,2
6607007,210,186:26:50,590,520
6607007,211,186:26:51,538,565
6607007,213,186:26:51,2,c_crush2_F_a_G8a0,true
6607007,205,186:26:51,2,c_crush2_F_a_G8a0,false,true
6607007,221,186:26:56,2
6607007,220,186:26:58,2
6607007,210,186:26:59,864,539
6607007,207,186:27:3,2,-200,-492
6607007,211,186:27:9,314,589
6607007,207,186:27:9,2,-492,-297
6607007,207,186:27:10,2,-297,-237
6607007,210,186:27:10,312,567
6607007,207,186:27:11,2,-237,0
6607007,211,186:27:16,550,484
6607007,219,186:27:27,2
6607007,218,186:27:30,2
6607007,219,186:27:31,2
6607007,216,186:27:31,Stack_G8a3N
6607007,217,186:27:40,Stack_G8a3N,5.8,0.00
6607007,218,186:27:41,2
6607007,210,186:27:43,600,588
6607007,207,186:27:44,2,-200,0
6607007,211,186:27:46,159,607
6607007,210,186:27:57,260,291
6607007,211,186:27:57,299,284
6607007,210,186:27:57,257,281
6607007,211,186:27:58,227,369
6607007,213,186:27:58,2,s_door_G8a3N,true
6607007,210,186:28:0,377,183
6607007,211,186:28:3,532,194
6607007,213,186:28:3,2,s_pamphlet3_G8a3N,true
6607007,205,186:28:3,2,s_pamphlet3_G8a3N,false,false
6607007,210,186:28:10,527,252
6607007,211,186:28:14,446,207
6607007,213,186:28:14,2,s_pamphlet2_G8a3N,true
6607007,210,186:28:23,664,350
6607007,207,186:28:27,2,0,-492
6607007,211,186:28:32,1142,506
6607007,213,186:28:33,2,s_phone_G8a3N,true
6607007,210,186:28:37,1224,428
6607007,211,186:28:43,786,512
6607007,213,186:28:43,2,c_nurse_a_G8a3N,true
6607007,1003,186:28:49,0
6607007,1004,186:28:50,1
6607007,400,186:28:53,1,[]
6607007,401,186:28:59,1,[StatementsData_logId:0]
6607007,402,186:29:2,1,[StatementsData_logId:0,true]
6607007,405,186:29:3,1,[StatementsData_logId:0]
6607007,406,186:29:10,1,[StatementsData_logId:0,2]
6607007,411,186:29:15,1,[StatementsData_logId:0]
6607007,401,186:29:19,1,[StatementsData_logId:1]
6607007,402,186:29:20,1,[StatementsData_logId:1,true]
6607007,405,186:29:21,1,[StatementsData_logId:1]
6607007,406,186:29:26,1,[StatementsData_logId:1,2]
6607007,411,186:29:32,1,[StatementsData_logId:1]
6607007,401,186:29:37,1,[StatementsData_logId:2]
6607007,404,186:29:38,1,[StatementsData_logId:2,false]
6607007,405,186:29:38,1,[StatementsData_logId:2]
6607007,406,186:29:48,1,[StatementsData_logId:2,-2]
6607007,411,186:29:49,1,[StatementsData_logId:2]
6607007,401,186:29:53,1,[StatementsData_logId:3]
6607007,403,186:29:54,1,[StatementsData_logId:3,false]
6607007,405,186:29:56,1,[StatementsData_logId:3]
6607007,406,186:30:0,1,[StatementsData_logId:3,-2]
6607007,411,186:30:1,1,[StatementsData_logId:3]
6607007,401,186:30:7,1,[StatementsData_logId:4]
6607007,403,186:30:9,1,[StatementsData_logId:4,true]
6607007,405,186:30:9,1,[StatementsData_logId:4]
6607007,406,186:30:10,1,[StatementsData_logId:4,2]
6607007,407,186:30:10,1,[StatementsData_logId:4,FactCardData_id:24]
6607007,407,186:30:10,1,[StatementsData_logId:4,FactCardData_id:26]
6607007,407,186:30:10,1,[StatementsData_logId:4,FactCardData_id:25]
6607007,407,186:30:10,1,[StatementsData_logId:4,FactCardData_id:22]
6607007,407,186:30:10,1,[StatementsData_logId:4,FactCardData_id:23]
6607007,407,186:30:10,1,[StatementsData_logId:4,FactCardData_id:20]
6607007,407,186:30:15,1,[StatementsData_logId:4,FactCardData_id:24]
6607007,407,186:30:15,1,[StatementsData_logId:4,FactCardData_id:24]
6607007,407,186:30:18,1,[StatementsData_logId:4,FactCardData_id:26]
6607007,407,186:30:18,1,[StatementsData_logId:4,FactCardData_id:24]
6607007,407,186:30:18,1,[StatementsData_logId:4,FactCardData_id:26]
6607007,407,186:30:20,1,[StatementsData_logId:4,FactCardData_id:25]
6607007,407,186:30:20,1,[StatementsData_logId:4,FactCardData_id:26]
6607007,407,186:30:20,1,[StatementsData_logId:4,FactCardData_id:25]
6607007,407,186:30:22,1,[StatementsData_logId:4,FactCardData_id:22]
6607007,407,186:30:22,1,[StatementsData_logId:4,FactCardData_id:25]
6607007,407,186:30:22,1,[StatementsData_logId:4,FactCardData_id:22]
6607007,407,186:30:26,1,[StatementsData_logId:4,FactCardData_id:23]
6607007,407,186:30:26,1,[StatementsData_logId:4,FactCardData_id:22]
6607007,407,186:30:26,1,[StatementsData_logId:4,FactCardData_id:23]
6607007,407,186:30:27,1,[StatementsData_logId:4,FactCardData_id:20]
6607007,407,186:30:27,1,[StatementsData_logId:4,FactCardData_id:23]
6607007,407,186:30:27,1,[StatementsData_logId:4,FactCardData_id:20]
6607007,407,186:30:30,1,[StatementsData_logId:4,FactCardData_id:22]
6607007,407,186:30:30,1,[StatementsData_logId:4,FactCardData_id:20]
6607007,407,186:30:30,1,[StatementsData_logId:4,FactCardData_id:22]
6607007,408,186:30:32,1,[StatementsData_logId:4,FactCardData_id:22,false]
6607007,406,186:30:38,1,[StatementsData_logId:4,-2]
6607007,411,186:30:42,1,[StatementsData_logId:4]
6607007,401,186:30:46,1,[StatementsData_logId:5]
6607007,404,186:30:48,1,[StatementsData_logId:5,true]
6607007,406,186:30:49,1,[StatementsData_logId:5,2]
6607007,412,186:30:55,1,[StatementsData_logId:5]
6607007,413,186:30:56,1,[StatementsData_logId:5,DuelResponsesData_logId:6]
6607007,414,186:30:58,1,[StatementsData_logId:5,DuelResponsesData_logId:6]
6607007,415,186:31:3,1,[StatementsData_logId:5,DuelResponsesData_logId:6,DuelResponsesData_ok_player_response]
6607007,416,186:31:3,1,[StatementsData_logId:5,DuelResponsesData_logId:6]
6607007,417,186:31:4,1,[StatementsData_logId:5,DuelResponsesData_logId:6]
6607007,413,186:31:6,1,[StatementsData_logId:5,DuelResponsesData_logId:7]
6607007,414,186:31:8,1,[StatementsData_logId:5,DuelResponsesData_logId:7]
6607007,415,186:31:26,1,[StatementsData_logId:5,DuelResponsesData_logId:7,DuelResponsesData_ok_player_response]
6607007,416,186:31:27,1,[StatementsData_logId:5,DuelResponsesData_logId:7]
6607007,417,186:31:28,1,[StatementsData_logId:5,DuelResponsesData_logId:7]
6607007,413,186:31:34,1,[StatementsData_logId:5,DuelResponsesData_logId:8]
6607007,414,186:31:35,1,[StatementsData_logId:5,DuelResponsesData_logId:8]
6607007,415,186:31:50,1,[StatementsData_logId:5,DuelResponsesData_logId:8,DuelResponsesData_witty_player_response]
6607007,416,186:31:51,1,[StatementsData_logId:5,DuelResponsesData_logId:8]
6607007,417,186:31:52,1,[StatementsData_logId:5,DuelResponsesData_logId:8]
6607007,418,186:31:52,1,[StatementsData_logId:5,true]
6607007,419,186:32:0,1,[StatementsData_logId:5,4]
6607007,411,186:32:2,1,[StatementsData_logId:5]
6607007,420,186:32:2,1,[34]
6607007,1005,186:32:2,1,[0,0,1]
6607007,1001,186:32:4,1,[]
6607007,1003,186:32:4,0
6607007,1004,186:32:5,2
6607007,400,186:32:26,2,[]
6607007,401,186:32:31,2,[StatementsData_logId:0]
6607007,404,186:32:33,2,[StatementsData_logId:0,false]
6607007,405,186:32:34,2,[StatementsData_logId:0]
6607007,406,186:32:43,2,[StatementsData_logId:0,-2]
6607007,411,186:32:44,2,[StatementsData_logId:0]
6607007,401,186:32:49,2,[StatementsData_logId:1]
6607007,402,186:32:51,2,[StatementsData_logId:1,true]
6607007,405,186:32:52,2,[StatementsData_logId:1]
6607007,406,186:32:56,2,[StatementsData_logId:1,2]
6607007,411,186:32:57,2,[StatementsData_logId:1]
6607007,401,186:33:2,2,[StatementsData_logId:2]
6607007,404,186:33:4,2,[StatementsData_logId:2,true]
6607007,406,186:33:5,2,[StatementsData_logId:2,2]
6607007,412,186:33:11,2,[StatementsData_logId:2]
6607007,413,186:33:16,2,[StatementsData_logId:2,DuelResponsesData_logId:3]
6607007,414,186:33:17,2,[StatementsData_logId:2,DuelResponsesData_logId:3]
6607007,415,186:33:22,2,[StatementsData_logId:2,DuelResponsesData_logId:3,DuelResponsesData_witty_player_response]
6607007,416,186:33:23,2,[StatementsData_logId:2,DuelResponsesData_logId:3]
6607007,417,186:33:24,2,[StatementsData_logId:2,DuelResponsesData_logId:3]
6607007,413,186:33:27,2,[StatementsData_logId:2,DuelResponsesData_logId:4]
6607007,414,186:33:28,2,[StatementsData_logId:2,DuelResponsesData_logId:4]
6607007,415,186:33:33,2,[StatementsData_logId:2,DuelResponsesData_logId:4,DuelResponsesData_witty_player_response]
6607007,416,186:33:34,2,[StatementsData_logId:2,DuelResponsesData_logId:4]
6607007,417,186:33:35,2,[StatementsData_logId:2,DuelResponsesData_logId:4]
6607007,413,186:33:38,2,[StatementsData_logId:2,DuelResponsesData_logId:5]
6607007,414,186:33:39,2,[StatementsData_logId:2,DuelResponsesData_logId:5]
6607007,415,186:33:45,2,[StatementsData_logId:2,DuelResponsesData_logId:5,DuelResponsesData_witty_player_response]
6607007,416,186:33:46,2,[StatementsData_logId:2,DuelResponsesData_logId:5]
6607007,417,186:33:48,2,[StatementsData_logId:2,DuelResponsesData_logId:5]
6607007,418,186:33:48,2,[StatementsData_logId:2,true]
6607007,419,186:33:54,2,[StatementsData_logId:2,4]
6607007,411,186:33:57,2,[StatementsData_logId:2]
6607007,401,186:34:1,2,[StatementsData_logId:3]
6607007,402,186:34:5,2,[StatementsData_logId:3,true]
6607007,405,186:34:5,2,[StatementsData_logId:3]
6607007,406,186:34:35,2,[StatementsData_logId:3,2]
6607007,411,186:34:39,2,[StatementsData_logId:3]
6607007,401,186:34:45,2,[StatementsData_logId:4]
6607007,403,186:34:47,2,[StatementsData_logId:4,true]
6607007,405,186:34:48,2,[StatementsData_logId:4]
6607007,406,186:34:50,2,[StatementsData_logId:4,2]
6607007,407,186:34:50,2,[StatementsData_logId:4,FactCardData_id:18]
6607007,407,186:34:50,2,[StatementsData_logId:4,FactCardData_id:21]
6607007,407,186:34:50,2,[StatementsData_logId:4,FactCardData_id:24]
6607007,407,186:34:50,2,[StatementsData_logId:4,FactCardData_id:20]
6607007,407,186:34:50,2,[StatementsData_logId:4,FactCardData_id:19]
6607007,407,186:34:50,2,[StatementsData_logId:4,FactCardData_id:22]
6607007,407,186:34:56,2,[StatementsData_logId:4,FactCardData_id:18]
6607007,407,186:34:56,2,[StatementsData_logId:4,FactCardData_id:18]
6607007,407,186:35:0,2,[StatementsData_logId:4,FactCardData_id:19]
6607007,407,186:35:0,2,[StatementsData_logId:4,FactCardData_id:18]
6607007,407,186:35:0,2,[StatementsData_logId:4,FactCardData_id:19]
6607007,407,186:35:7,2,[StatementsData_logId:4,FactCardData_id:20]
6607007,407,186:35:7,2,[StatementsData_logId:4,FactCardData_id:19]
6607007,407,186:35:7,2,[StatementsData_logId:4,FactCardData_id:20]
6607007,408,186:35:10,2,[StatementsData_logId:4,FactCardData_id:20,true]
6607007,409,186:35:10,2,[StatementsData_logId:4]
6607007,410,186:35:13,2,[StatementsData_logId:4,2]
6607007,412,186:35:19,2,[StatementsData_logId:4]
6607007,413,186:35:23,2,[StatementsData_logId:4,DuelResponsesData_logId:6]
6607007,414,186:35:25,2,[StatementsData_logId:4,DuelResponsesData_logId:6]
6607007,415,186:35:34,2,[StatementsData_logId:4,DuelResponsesData_logId:6,DuelResponsesData_witty_player_response]
6607007,416,186:35:35,2,[StatementsData_logId:4,DuelResponsesData_logId:6]
6607007,417,186:35:37,2,[StatementsData_logId:4,DuelResponsesData_logId:6]
6607007,413,186:35:40,2,[StatementsData_logId:4,DuelResponsesData_logId:7]
6607007,414,186:35:41,2,[StatementsData_logId:4,DuelResponsesData_logId:7]
6607007,415,186:35:47,2,[StatementsData_logId:4,DuelResponsesData_logId:7,DuelResponsesData_witty_player_response]
6607007,416,186:35:47,2,[StatementsData_logId:4,DuelResponsesData_logId:7]
6607007,417,186:35:49,2,[StatementsData_logId:4,DuelResponsesData_logId:7]
6607007,413,186:35:50,2,[StatementsData_logId:4,DuelResponsesData_logId:8]
6607007,414,186:35:53,2,[StatementsData_logId:4,DuelResponsesData_logId:8]
6607007,415,186:36:2,2,[StatementsData_logId:4,DuelResponsesData_logId:8,DuelResponsesData_witty_player_response]
6607007,416,186:36:3,2,[StatementsData_logId:4,DuelResponsesData_logId:8]
6607007,417,186:36:5,2,[StatementsData_logId:4,DuelResponsesData_logId:8]
6607007,418,186:36:5,2,[StatementsData_logId:4,true]
6607007,419,186:36:12,2,[StatementsData_logId:4,4]
6607007,411,186:36:14,2,[StatementsData_logId:4]
6607007,401,186:36:23,2,[StatementsData_logId:5]
6607007,403,186:36:27,2,[StatementsData_logId:5,true]
6607007,405,186:36:28,2,[StatementsData_logId:5]
6607007,406,186:36:29,2,[StatementsData_logId:5,2]
6607007,407,186:36:29,2,[StatementsData_logId:5,FactCardData_id:22]
6607007,407,186:36:29,2,[StatementsData_logId:5,FactCardData_id:18]
6607007,407,186:36:29,2,[StatementsData_logId:5,FactCardData_id:20]
6607007,407,186:36:29,2,[StatementsData_logId:5,FactCardData_id:21]
6607007,407,186:36:29,2,[StatementsData_logId:5,FactCardData_id:24]
6607007,407,186:36:29,2,[StatementsData_logId:5,FactCardData_id:19]
6607007,407,186:36:40,2,[StatementsData_logId:5,FactCardData_id:19]
6607007,407,186:36:40,2,[StatementsData_logId:5,FactCardData_id:19]
6607007,408,186:36:49,2,[StatementsData_logId:5,FactCardData_id:19,false]
6607007,406,186:36:52,2,[StatementsData_logId:5,-2]
6607007,411,186:36:56,2,[StatementsData_logId:5]
6607007,401,186:37:1,2,[StatementsData_logId:6]
6607007,402,186:37:3,2,[StatementsData_logId:6,true]
6607007,405,186:37:4,2,[StatementsData_logId:6]
6607007,406,186:37:8,2,[StatementsData_logId:6,2]
6607007,411,186:37:10,2,[StatementsData_logId:6]
6607007,420,186:37:10,2,[54]
6607007,1005,186:37:10,2,[0,0,2]
6607007,1001,186:37:11,2,[]
6607007,1003,186:37:11,0
6607007,210,186:37:15,780,461
6607007,211,186:37:16,816,453
6607007,213,186:37:16,2,c_nurse_a_G8a3N,true
6607007,205,186:37:16,2,c_nurse_a_G8a3N,false,false
6607007,210,186:37:26,567,508
6607007,211,186:37:27,411,480
6607007,213,186:37:27,2,c_nurse_a_G8a3N,true
6607007,205,186:37:27,2,c_nurse_a_G8a3N,false,true
6607007,210,186:37:33,529,301
6607007,207,186:37:34,2,-200,0
6607007,211,186:37:36,173,561
6607007,213,186:37:36,2,s_pamphlet1_G8a3N,true
6607007,205,186:37:36,2,s_pamphlet1_G8a3N,false,false
6607007,210,186:37:47,334,521
6607007,211,186:37:49,287,646
6607007,221,186:37:55,2
6607007,220,186:37:57,2
6607007,210,186:38:0,586,517
6607007,211,186:38:3,529,200
6607007,213,186:38:3,2,s_pamphlet3_G8a3N,true
6607007,205,186:38:3,2,s_pamphlet3_G8a3N,false,true
6607007,221,186:38:10,2
6607007,220,186:38:11,2
6607007,212,186:38:19,1
6607007,210,186:38:20,1111,525
6607007,207,186:38:21,2,-200,-492
6607007,207,186:38:25,2,-492,-282
6607007,211,186:38:26,449,470
6607007,213,186:38:26,2,s_mirror_lati_F_a_G8a3N,true
6607007,205,186:38:26,2,s_mirror_lati_F_a_G8a3N,false,false
6607007,210,186:38:34,417,261
6607007,211,186:38:34,209,234
6607007,207,186:38:34,2,-282,-192
6607007,219,186:38:41,2
6607007,218,186:38:45,2
6607007,221,186:38:48,2
6607007,220,186:38:51,2
6607007,219,186:38:51,2
6607007,216,186:38:51,Stack_G8a3P
6607007,217,186:39:8,Stack_G8a3P,15,0.50
6607007,218,186:39:13,2
6607007,207,186:39:14,2,-200,-230
6607007,210,186:39:14,1144,412
6607007,207,186:39:15,2,-230,-492
6607007,211,186:39:16,1376,399
6607007,212,186:39:18,2
6607007,210,186:39:19,792,342
6607007,207,186:39:21,2,-492,-402
6607007,211,186:39:22,537,388
6607007,213,186:39:22,2,c_friend1_F_a_G8a3P,false
6607007,1003,186:39:27,2
6607007,1004,186:39:28,2
6607007,1002,186:39:33,2
6607007,1003,186:39:33,2
6607007,1004,186:39:34,8
6607007,900,186:39:41,8,[]
6607007,901,186:39:43,8,[PeopleData_id:2]
6607007,902,186:39:44,8,[PeopleData_id:2,PeopleData_data0Type]
6607007,903,186:39:49,8,[PeopleData_id2,PeopleData_data0Type]
6607007,902,186:39:50,8,[PeopleData_id:2,PeopleData_data1Type]
6607007,903,186:39:53,8,[PeopleData_id2,PeopleData_data1Type]
6607007,902,186:39:54,8,[PeopleData_id:2,PeopleData_data2Type]
6607007,903,186:39:57,8,[PeopleData_id2,PeopleData_data2Type]
6607007,902,186:39:57,8,[PeopleData_id:2,PeopleData_data3Type]
6607007,903,186:40:2,8,[PeopleData_id2,PeopleData_data3Type]
6607007,901,186:40:2,8,[PeopleData_id:2]
6607007,904,186:40:3,8,[PeopleData_id:2]
6607007,905,186:40:4,8,[PeopleData_id:2,RankTypes_id:-1,RankTypes_id:0]
6607007,901,186:40:5,8,[PeopleData_id:0]
6607007,902,186:40:6,8,[PeopleData_id:0,PeopleData_data0Type]
6607007,903,186:40:15,8,[PeopleData_id0,PeopleData_data0Type]
6607007,902,186:40:15,8,[PeopleData_id:0,PeopleData_data1Type]
6607007,903,186:40:20,8,[PeopleData_id0,PeopleData_data1Type]
6607007,902,186:40:20,8,[PeopleData_id:0,PeopleData_data2Type]
6607007,903,186:40:23,8,[PeopleData_id0,PeopleData_data2Type]
6607007,902,186:40:24,8,[PeopleData_id:0,PeopleData_data3Type]
6607007,903,186:40:27,8,[PeopleData_id0,PeopleData_data3Type]
6607007,901,186:40:27,8,[PeopleData_id:0]
6607007,904,186:40:27,8,[PeopleData_id:0]
6607007,905,186:40:28,8,[PeopleData_id:0,RankTypes_id:-1,RankTypes_id:1]
6607007,901,186:40:29,8,[PeopleData_id:4]
6607007,902,186:40:30,8,[PeopleData_id:4,PeopleData_data0Type]
6607007,902,186:40:34,8,[PeopleData_id:4,PeopleData_data1Type]
6607007,902,186:40:37,8,[PeopleData_id:4,PeopleData_data2Type]
6607007,902,186:40:41,8,[PeopleData_id:4,PeopleData_data3Type]
6607007,903,186:40:47,8,[PeopleData_id4,PeopleData_data3Type]
6607007,901,186:40:47,8,[PeopleData_id:4]
6607007,904,186:40:47,8,[PeopleData_id:4]
6607007,905,186:40:48,8,[PeopleData_id:4,RankTypes_id:-1,RankTypes_id:0]
6607007,901,186:40:48,8,[PeopleData_id:1]
6607007,902,186:40:49,8,[PeopleData_id:1,PeopleData_data0Type]
6607007,902,186:40:54,8,[PeopleData_id:1,PeopleData_data1Type]
6607007,902,186:40:59,8,[PeopleData_id:1,PeopleData_data2Type]
6607007,902,186:41:11,8,[PeopleData_id:1,PeopleData_data3Type]
6607007,903,186:41:14,8,[PeopleData_id1,PeopleData_data3Type]
6607007,901,186:41:16,8,[PeopleData_id:1]
6607007,904,186:41:16,8,[PeopleData_id:1]
6607007,905,186:41:16,8,[PeopleData_id:1,RankTypes_id:-1,RankTypes_id:3]
6607007,901,186:41:17,8,[PeopleData_id:9]
6607007,904,186:41:17,8,[PeopleData_id:9]
6607007,902,186:41:18,8,[PeopleData_id:9,PeopleData_data0Type]
6607007,902,186:41:21,8,[PeopleData_id:9,PeopleData_data1Type]
6607007,902,186:41:24,8,[PeopleData_id:9,PeopleData_data2Type]
6607007,902,186:41:27,8,[PeopleData_id:9,PeopleData_data3Type]
6607007,903,186:41:29,8,[PeopleData_id9,PeopleData_data3Type]
6607007,901,186:41:30,8,[PeopleData_id:9]
6607007,904,186:41:30,8,[PeopleData_id:9]
6607007,905,186:41:31,8,[PeopleData_id:9,RankTypes_id:-1,RankTypes_id:2]
6607007,901,186:41:32,8,[PeopleData_id:6]
6607007,902,186:41:33,8,[PeopleData_id:6,PeopleData_data0Type]
6607007,902,186:41:33,8,[PeopleData_id:6,PeopleData_data0Type]
6607007,902,186:41:43,8,[PeopleData_id:6,PeopleData_data1Type]
6607007,902,186:41:48,8,[PeopleData_id:6,PeopleData_data2Type]
6607007,902,186:41:52,8,[PeopleData_id:6,PeopleData_data3Type]
6607007,903,186:41:55,8,[PeopleData_id6,PeopleData_data3Type]
6607007,901,186:41:55,8,[PeopleData_id:6]
6607007,904,186:41:55,8,[PeopleData_id:6]
6607007,905,186:41:56,8,[PeopleData_id:6,RankTypes_id:-1,RankTypes_id:0]
6607007,901,186:41:57,8,[PeopleData_id:5]
6607007,904,186:41:57,8,[PeopleData_id:5]
6607007,902,186:41:57,8,[PeopleData_id:5,PeopleData_data0Type]
6607007,902,186:42:4,8,[PeopleData_id:5,PeopleData_data1Type]
6607007,902,186:42:8,8,[PeopleData_id:5,PeopleData_data2Type]
6607007,902,186:42:10,8,[PeopleData_id:5,PeopleData_data3Type]
6607007,903,186:42:14,8,[PeopleData_id5,PeopleData_data3Type]
6607007,901,186:42:15,8,[PeopleData_id:5]
6607007,904,186:42:15,8,[PeopleData_id:5]
6607007,905,186:42:16,8,[PeopleData_id:5,RankTypes_id:-1,RankTypes_id:3]
6607007,901,186:42:16,8,[PeopleData_id:3]
6607007,902,186:42:17,8,[PeopleData_id:3,PeopleData_data0Type]
6607007,902,186:42:23,8,[PeopleData_id:3,PeopleData_data1Type]
6607007,902,186:42:27,8,[PeopleData_id:3,PeopleData_data2Type]
6607007,902,186:42:32,8,[PeopleData_id:3,PeopleData_data3Type]
6607007,903,186:42:38,8,[PeopleData_id3,PeopleData_data3Type]
6607007,901,186:42:39,8,[PeopleData_id:3]
6607007,904,186:42:39,8,[PeopleData_id:3]
6607007,905,186:42:39,8,[PeopleData_id:3,RankTypes_id:-1,RankTypes_id:3]
6607007,901,186:42:42,8,[PeopleData_id:8]
6607007,902,186:42:43,8,[PeopleData_id:8,PeopleData_data0Type]
6607007,902,186:42:49,8,[PeopleData_id:8,PeopleData_data1Type]
6607007,902,186:42:54,8,[PeopleData_id:8,PeopleData_data2Type]
6607007,902,186:42:57,8,[PeopleData_id:8,PeopleData_data3Type]
6607007,903,186:42:59,8,[PeopleData_id8,PeopleData_data3Type]
6607007,901,186:42:59,8,[PeopleData_id:8]
6607007,904,186:42:59,8,[PeopleData_id:8]
6607007,905,186:43:0,8,[PeopleData_id:8,RankTypes_id:-1,RankTypes_id:4]
6607007,901,186:43:1,8,[PeopleData_id:7]
6607007,902,186:43:2,8,[PeopleData_id:7,PeopleData_data0Type]
6607007,902,186:43:6,8,[PeopleData_id:7,PeopleData_data1Type]
6607007,902,186:43:9,8,[PeopleData_id:7,PeopleData_data2Type]
6607007,902,186:43:14,8,[PeopleData_id:7,PeopleData_data3Type]
6607007,903,186:43:15,8,[PeopleData_id7,PeopleData_data3Type]
6607007,901,186:43:16,8,[PeopleData_id:7]
6607007,904,186:43:16,8,[PeopleData_id:7]
6607007,905,186:43:17,8,[PeopleData_id:7,RankTypes_id:-1,RankTypes_id:4]
6607007,906,186:43:17,8,[]
6607007,907,186:43:18,8,[]
6607007,908,186:43:18,8,[InvitationData_id:10,PeopleData_id:9,RankTypes_id:2]
6607007,909,186:43:27,8,[InvitationData_id:10,PeopleData_id:9,RankTypes_id:2,1]
6607007,910,186:43:30,8,[InvitationData_id:10,5,false]
6607007,908,186:43:30,8,[InvitationData_id:4,PeopleData_id:3,RankTypes_id:3]
6607007,909,186:43:46,8,[InvitationData_id:4,PeopleData_id:3,RankTypes_id:3,0]
6607007,910,186:43:52,8,[InvitationData_id:4,-7,false]
6607007,908,186:43:52,8,[InvitationData_id:0,PeopleData_id:0,RankTypes_id:1]
6607007,909,186:43:59,8,[InvitationData_id:0,PeopleData_id:0,RankTypes_id:1,0]
6607007,910,186:44:6,8,[InvitationData_id:0,0,false]
6607007,908,186:44:6,8,[InvitationData_id:12,PeopleData_id:0,RankTypes_id:1]
6607007,901,186:44:9,8,[PeopleData_id:2]
6607007,901,186:44:17,8,[PeopleData_id:0]
6607007,902,186:44:18,8,[PeopleData_id:0,PeopleData_data0Type]
6607007,902,186:44:19,8,[PeopleData_id:0,PeopleData_data1Type]
6607007,902,186:44:21,8,[PeopleData_id:0,PeopleData_data2Type]
6607007,902,186:44:23,8,[PeopleData_id:0,PeopleData_data3Type]
6607007,909,186:44:27,8,[InvitationData_id:12,PeopleData_id:0,RankTypes_id:1,0]
6607007,910,186:44:33,8,[InvitationData_id:12,0,false]
6607007,908,186:44:33,8,[InvitationData_id:7,PeopleData_id:7,RankTypes_id:4]
6607007,909,186:44:40,8,[InvitationData_id:7,PeopleData_id:7,RankTypes_id:4,1]
6607007,910,186:44:41,8,[InvitationData_id:7,9,false]
6607007,908,186:44:41,8,[InvitationData_id:1,PeopleData_id:3,RankTypes_id:3]
6607007,909,186:44:49,8,[InvitationData_id:1,PeopleData_id:3,RankTypes_id:3,1]
6607007,910,186:44:54,8,[InvitationData_id:1,0,true]
6607007,908,186:44:54,8,[InvitationData_id:5,PeopleData_id:0,RankTypes_id:1]
6607007,909,186:45:2,8,[InvitationData_id:5,PeopleData_id:0,RankTypes_id:1,0]
6607007,910,186:45:6,8,[InvitationData_id:5,0,false]
6607007,908,186:45:6,8,[InvitationData_id:8,PeopleData_id:7,RankTypes_id:4]
6607007,909,186:45:9,8,[InvitationData_id:8,PeopleData_id:7,RankTypes_id:4,1]
6607007,910,186:45:13,8,[InvitationData_id:8,9,false]
6607007,908,186:45:13,8,[InvitationData_id:9,PeopleData_id:7,RankTypes_id:4]
6607007,909,186:45:18,8,[InvitationData_id:9,PeopleData_id:7,RankTypes_id:4,1]
6607007,910,186:45:24,8,[InvitationData_id:9,9,false]
6607007,908,186:45:24,8,[InvitationData_id:11,PeopleData_id:7,RankTypes_id:4]
6607007,909,186:45:28,8,[InvitationData_id:11,PeopleData_id:7,RankTypes_id:4,1]
6607007,910,186:45:29,8,[InvitationData_id:11,9,false]
6607007,908,186:45:29,8,[InvitationData_id:3,PeopleData_id:9,RankTypes_id:2]
6607007,909,186:45:37,8,[InvitationData_id:3,PeopleData_id:9,RankTypes_id:2,1]
6607007,910,186:45:44,8,[InvitationData_id:3,0,true]
6607007,908,186:45:44,8,[InvitationData_id:6,PeopleData_id:7,RankTypes_id:4]
6607007,909,186:45:52,8,[InvitationData_id:6,PeopleData_id:7,RankTypes_id:4,1]
6607007,910,186:45:53,8,[InvitationData_id:6,9,false]
6607007,911,186:45:55,8,[43,2,1,2]
6607007,1005,186:45:55,8,[2,0,1]
6607007,1001,186:45:56,8,[]
6607007,1003,186:45:56,2
6607007,210,186:46:0,577,460
6607007,207,186:46:4,2,-200,0
6607007,211,186:46:4,2,286
6607007,210,186:46:5,148,301
6607007,211,186:46:7,159,264
6607007,213,186:46:7,2,c_crewKid1_F_a_G8a3P,true
6607007,210,186:46:14,125,426
6607007,211,186:46:14,2,433
6607007,210,186:46:15,144,487
6607007,207,186:46:21,2,0,-360
6607007,207,186:46:25,2,-360,-492
6607007,211,186:46:27,1357,418
6607007,213,186:46:27,2,s_kidStanding_G8a3P,true
6607007,212,186:46:31,1
6607007,210,186:46:31,1373,467
6607007,211,186:46:34,895,296
6607007,213,186:46:34,2,s_window_G8a3P,true
6607007,210,186:46:38,893,404
6607007,211,186:46:39,812,333
6607007,213,186:46:39,2,s_kidsCouch_G8a3P,true
6607007,205,186:46:39,2,s_kidsCouch_G8a3P,false,false
6607007,210,186:46:46,952,398
6607007,207,186:46:48,2,-492,-87
6607007,211,186:46:53,28,397
6607007,207,186:46:53,2,-87,-12
6607007,207,186:46:53,2,-12,0
6607007,210,186:46:54,40,254
6607007,211,186:46:55,61,306
6607007,213,186:46:55,2,c_cousin_F_a_G8a3P,true
6607007,210,186:47:0,221,301
6607007,211,186:47:6,696,512
6607007,212,186:47:7,2
6607007,210,186:47:8,594,516
6607007,211,186:47:15,1112,349
6607007,207,186:47:15,2,0,-105
6607007,210,186:47:16,908,239
6607007,207,186:47:17,2,-105,-492
6607007,207,186:47:23,2,-492,-312
6607007,211,186:47:23,539,431
6607007,213,186:47:23,2,c_friend1_F_a_G8a3P,true
6607007,210,186:47:27,855,423
6607007,207,186:47:32,2,-312,-117
6607007,211,186:47:33,309,357
6607007,221,186:47:44,2
6607007,220,186:47:54,2
6607007,221,186:48:9,2
6607007,220,186:48:12,2
6607007,212,186:48:15,0
6607007,210,186:48:16,1090,456
6607007,211,186:48:19,726,538
6607007,213,186:48:19,2,s_crush2Lips_F_G8a1N,true
6607007,205,186:48:19,2,s_crush2Lips_F_G8a1N,false,true
6607007,221,186:48:29,2
6607007,220,186:48:31,2
6607007,210,186:48:34,640,321
6607007,211,186:48:34,127,403
6607007,207,186:48:34,2,-200,-110
6607007,207,186:48:35,2,-110,-50
6607007,210,186:48:35,130,516
6607007,207,186:48:35,2,-50,0
6607007,211,186:48:36,2,535
6607007,210,186:48:36,82,638
6607007,211,186:48:39,445,504
6607007,213,186:48:39,2,s_dryer_G8a1N,true
6607007,210,186:48:40,420,383
6607007,211,186:48:47,1142,99
6607007,207,186:48:47,2,0,-135
6607007,210,186:48:48,1168,185
6607007,207,186:48:48,2,-135,-492
6607007,211,186:48:52,1363,524
6607007,213,186:48:52,2,s_inhalantsShelf_gen,true
6607007,210,186:48:54,1283,542
6607007,211,186:49:0,1513,194
6607007,210,186:49:0,1453,74
6607007,207,186:49:2,2,-492,-357
6607007,211,186:49:3,777,379
6607007,213,186:49:3,2,s_crush2Eyes_F_G8a1N,true
6607007,205,186:49:3,2,s_crush2Eyes_F_G8a1N,false,true
6607007,212,186:49:7,1
6607007,210,186:49:8,1089,452
6607007,211,186:49:10,1436,558
6607007,207,186:49:10,2,-357,-432
6607007,207,186:49:10,2,-432,-492
6607007,210,186:49:10,1471,604
6607007,207,186:49:22,2,-492,0
6607007,211,186:49:25,583,632
6607007,213,186:49:25,2,s_dirtyClothes_gen,true
6607007,205,186:49:25,2,s_dirtyClothes_gen,false,false
6607007,221,186:49:37,2
6607007,220,186:49:39,2
6607007,212,186:49:43,0
6607007,210,186:49:43,498,574
6607007,207,186:49:46,2,-200,0
6607007,211,186:49:58,2,555
6607007,210,186:50:1,524,476
6607007,211,186:50:2,426,508
6607007,213,186:50:2,2,c_nurse_a_G8a3N,true
6607007,205,186:50:2,2,c_nurse_a_G8a3N,false,true
6607007,210,186:50:5,677,423
6607007,211,186:50:7,827,438
6607007,213,186:50:7,2,c_nurse_a_G8a3N,true
6607007,205,186:50:7,2,c_nurse_a_G8a3N,false,true
6607007,210,186:50:10,586,274
6607007,211,186:50:11,532,196
6607007,213,186:50:11,2,s_pamphlet3_G8a3N,true
6607007,205,186:50:11,2,s_pamphlet3_G8a3N,false,true
6607007,210,186:50:14,601,339
6607007,207,186:50:22,2,-200,-492
6607007,211,186:50:26,1144,505
6607007,213,186:50:26,2,s_phone_G8a3N,true
6607007,210,186:50:28,1170,445
6607007,211,186:50:29,1505,618
6607007,210,186:50:31,1483,457
6607007,211,186:50:35,1513,410
6607007,210,186:50:35,1513,502
6607007,207,186:50:38,2,-492,0
6607007,211,186:50:44,187,568
6607007,213,186:50:44,2,s_pamphlet1_G8a3N,true
6607007,205,186:50:44,2,s_pamphlet1_G8a3N,false,true
6607007,210,186:50:47,202,277
6607007,211,186:50:48,213,168
6607007,213,186:50:48,2,s_door_G8a3N,true
6607007,210,186:50:50,352,327
6607007,211,186:50:52,2,130
6607007,210,186:50:53,7,77
6607007,211,186:50:56,597,482
6607007,221,186:51:1,2
6607007,220,186:51:14,2
6607007,210,186:51:15,1091,302
6607007,207,186:51:16,2,-200,-492
6607007,211,186:51:17,1509,107
6607007,210,186:51:17,1504,121
6607007,211,186:51:18,1475,234
6607007,210,186:51:19,1361,250
6607007,211,186:51:21,1296,408
6607007,221,186:51:22,2
6607007,220,186:51:24,2
6607007,210,186:51:27,387,367
6607007,207,186:51:28,2,-200,0
6607007,211,186:51:28,2,278
6607007,210,186:51:28,83,212
6607007,207,186:51:40,2,0,-300
6607007,211,186:51:41,1110,359
6607007,213,186:51:41,2,c_crush2_F_a_G8a3P,true
6607007,205,186:51:41,2,c_crush2_F_a_G8a3P,false,false
6607007,210,186:51:44,891,369
6607007,207,186:51:46,2,-300,-492
6607007,211,186:51:46,1355,413
6607007,221,186:51:50,2
6607007,220,186:51:52,2
6607007,219,186:51:52,2
6607007,216,186:51:53,Stack_G8a1P
6607007,217,186:52:30,Stack_G8a1P,17,0.00
6607007,218,186:52:52,2
6607007,210,186:52:52,752,528
6607007,207,186:52:54,2,-200,0
6607007,211,186:52:59,452,359
6607007,210,186:53:1,455,240
6607007,211,186:53:1,458,171
6607007,221,186:53:2,2
6607007,220,186:53:9,2
6607007,212,186:53:10,1
6607007,210,186:53:11,815,549
6607007,211,186:53:12,569,621
6607007,213,186:53:12,2,s_dirtyClothes_gen,true
6607007,205,186:53:12,2,s_dirtyClothes_gen,false,false
6607007,221,186:53:15,2
6607007,220,186:53:17,2
6607007,212,186:53:18,2
6607007,210,186:53:18,620,427
6607007,211,186:53:27,1112,109
6607007,207,186:53:27,2,0,-105
6607007,210,186:53:28,1151,140
6607007,207,186:53:28,2,-105,-195
6607007,207,186:53:29,2,-195,-492
6607007,211,186:53:30,1006,508
6607007,213,186:53:30,2,c_crush2_F_a_G8a1P,true
6607007,205,186:53:30,2,c_crush2_F_a_G8a1P,false,false
6607007,221,186:53:40,2
6607007,220,186:53:41,2
6607007,212,186:53:42,0
6607007,210,186:53:43,1428,566
6607007,211,186:53:44,1369,511
6607007,213,186:53:44,2,s_inhalantsShelf_gen,true
6607007,205,186:53:44,2,s_inhalantsShelf_gen,false,false
6607007,210,186:53:47,1170,395
6607007,207,186:53:50,2,-492,-282
6607007,211,186:53:56,1182,387
6607007,213,186:53:56,2,s_spraypaintCrush2_F_G8a1P,true
6607007,210,186:54:1,933,325
6607007,207,186:54:2,2,-282,-492
6607007,211,186:54:2,1513,121
6607007,210,186:54:2,1421,376
6607007,211,186:54:3,1512,483
6607007,210,186:54:3,1452,565
6607007,211,186:54:7,455,588
6607007,207,186:54:7,2,-492,-432
6607007,210,186:54:8,478,507
6607007,207,186:54:9,2,-432,0
6607007,211,186:54:12,578,535
6607007,221,186:54:13,2
6607007,220,186:54:19,2
6607007,210,186:54:20,188,218
6607007,211,186:54:26,485,170
6607007,219,186:54:31,2
6607007,216,186:54:31,Stack_G8a2N
6607007,217,186:54:39,Stack_G8a2N,4.3,1.7
6607007,218,186:54:41,2
6607007,210,186:54:47,653,441
6607007,207,186:54:49,2,-200,-440
6607007,211,186:54:50,1069,437
6607007,213,186:54:50,2,s_fumes_G8a2N,true
6607007,210,186:54:56,1130,577
6607007,207,186:54:58,2,-440,-492
6607007,211,186:54:58,1514,544
6607007,210,186:54:59,1459,600
6607007,211,186:55:4,404,558
6607007,207,186:55:4,2,-492,-387
6607007,210,186:55:5,369,525
6607007,207,186:55:6,2,-387,0
6607007,211,186:55:9,502,151
6607007,213,186:55:9,2,c_friend1_F_a_G8a2N,true
6607007,210,186:55:13,590,536
6607007,207,186:55:17,2,0,-180
6607007,207,186:55:19,2,-180,-240
6607007,207,186:55:22,2,-240,-360
6607007,211,186:55:25,501,102
6607007,212,186:55:26,1
6607007,210,186:55:27,1113,506
6607007,211,186:55:28,1122,588
6607007,213,186:55:28,2,c_crush2_F_a_G8a2N,true
6607007,205,186:55:28,2,c_crush2_F_a_G8a2N,false,false
6607007,210,186:55:33,1148,509
6607007,207,186:55:33,2,-360,-492
6607007,207,186:55:40,2,-492,-207
6607007,207,186:55:45,2,-207,0
6607007,211,186:55:47,251,324
6607007,221,186:55:51,2
6607007,220,186:55:53,2
6607007,212,186:55:56,0
6607007,210,186:55:56,710,466
6607007,211,186:55:59,924,325
6607007,213,186:55:59,2,c_cousin_F_a_G8a0,true
6607007,205,186:55:59,2,c_cousin_F_a_G8a0,false,true
6607007,210,186:56:3,546,393
6607007,211,186:56:9,781,627
6607007,213,186:56:9,2,s_bottleFloor_G8a0,true
6607007,210,186:56:19,564,557
6607007,207,186:56:24,2,-200,-365
6607007,207,186:56:28,2,-365,-492
6607007,211,186:56:29,1364,512
6607007,213,186:56:29,2,s_inhalantsShelf_gen,true
6607007,205,186:56:29,2,s_inhalantsShelf_gen,false,true
6607007,221,186:56:33,2
6607007,220,186:56:38,2
6607007,210,186:56:38,1326,311
6607007,207,186:56:45,2,-492,0
6607007,211,186:56:48,243,467
6607007,213,186:56:48,2,s_waterHeater_gen,true
6607007,210,186:56:52,450,490
6607007,211,186:56:55,302,694
6607007,213,186:56:55,2,s_waterHeater_gen,true
6607007,210,186:56:57,169,603
6607007,211,186:57:1,615,207
6607007,210,186:57:4,338,379
6607007,207,186:57:4,2,-200,0
6607007,211,186:57:7,358,165
6607007,210,186:57:9,639,230
6607007,211,186:57:10,647,357
6607007,213,186:57:10,2,s_beerSixpack_G8a0,true
6607007,210,186:57:12,615,303
6607007,211,186:57:13,634,335
6607007,213,186:57:13,2,s_beerSixpack_G8a0,true
6607007,210,186:57:16,676,108
6607007,207,186:57:18,2,0,-492
6607007,207,186:57:33,2,-492,-252
6607007,207,186:57:35,2,-252,0
6607007,211,186:57:36,299,596
6607007,213,186:57:36,2,s_beerCooler_G8a0,true
6607007,210,186:57:40,504,512
6607007,211,186:57:43,531,318
6607007,213,186:57:43,2,c_friend1_F_G8a0,true
6607007,210,186:57:45,358,119
6607007,211,186:57:48,116,428
6607007,213,186:57:48,2,s_stairs_G8a0,true
6607007,210,186:57:50,136,427
6607007,211,186:57:51,105,534
6607007,221,186:57:54,2
6607007,220,186:58:23,2
6607007,210,186:58:24,495,453
6607007,211,186:58:25,530,514
6607007,210,186:58:31,1029,478
6607007,207,186:58:34,2,-200,-492
6607007,207,186:58:46,2,-492,-87
6607007,211,186:58:48,504,165
6607007,213,186:58:48,2,c_friend1_F_a_G8a2N,true
6607007,210,186:58:50,591,201
6607007,211,186:59:3,33,415
6607007,207,186:59:3,2,-87,-12
6607007,207,186:59:3,2,-12,0
6607007,210,186:59:3,15,470
6607007,211,186:59:7,611,621
6607007,212,186:59:7,2
6607007,210,186:59:8,434,563
6607007,207,186:59:10,2,0,-285
6607007,211,186:59:12,212,536
6607007,207,186:59:12,2,-285,-195
6607007,207,186:59:13,2,-195,-150
6607007,210,186:59:13,290,533
6607007,211,186:59:15,382,529
6607007,212,186:59:15,1
6607007,212,186:59:19,2
6607007,212,186:59:20,1
6607007,210,186:59:22,356,491
6607007,207,186:59:23,2,-150,0
6607007,207,186:59:33,2,0,-492
6607007,211,186:59:36,1107,561
6607007,210,186:59:37,1118,523
6607007,211,186:59:37,1125,549
6607007,213,186:59:37,2,c_crush2_F_a_G8a2N,true
6607007,205,186:59:37,2,c_crush2_F_a_G8a2N,false,true
6607007,210,186:59:41,1027,415
6607007,211,186:59:43,1398,558
6607007,212,186:59:44,0
6607007,210,186:59:44,1107,474
6607007,211,186:59:44,1062,442
6607007,213,186:59:44,2,s_fumes_G8a2N,true
6607007,210,186:59:48,1043,404
6607007,207,186:59:49,2,-492,-252
6607007,211,186:59:50,444,95
6607007,204,186:59:51,2
6607007,103,187:0:1
6607007,104,187:0:5
6607007,103,187:0:15
6607007,105,187:0:16
6607007,703,187:0:18,[|| EpilogueItem ID: 0 unlocked: true ||,|| EpilogueItem ID: 1 unlocked: true ||,|| EpilogueItem ID: 2 unlocked: false ||,|| EpilogueItem ID: 3 unlocked: false ||,|| EpilogueItem ID: 4 unlocked: false ||,|| EpilogueItem ID: 5 unlocked: false ||,|| EpilogueItem ID: 6 unlocked: false ||,|| EpilogueItem ID: 7 unlocked: false ||,|| EpilogueItem ID: 8 unlocked: false ||,|| EpilogueItem ID: 9 unlocked: false ||,|| EpilogueItem ID: 10 unlocked: false ||,|| EpilogueItem ID: 11 unlocked: false ||,|| EpilogueItem ID: 12 unlocked: false ||,|| EpilogueItem ID: 13 unlocked: false ||,|| EpilogueItem ID: 14 unlocked: false ||,|| EpilogueItem ID: 15 unlocked: false ||,|| EpilogueItem ID: 16 unlocked: false ||,|| EpilogueItem ID: 17 unlocked: false ||,|| EpilogueItem ID: 18 unlocked: false ||,|| EpilogueItem ID: 19 unlocked: false ||,|| EpilogueItem ID: 20 unlocked: false ||,|| EpilogueItem ID: 21 unlocked: false ||,|| EpilogueItem ID: 22 unlocked: false ||,|| EpilogueItem ID: 23 unlocked: false ||,|| EpilogueItem ID: 24 unlocked: false ||],0.08
6607007,706,187:0:20,(x=2, y=-100, w=1024, h=768),(x=6, y=-100, w=1024, h=768)
6607007,706,187:0:23,(x=617, y=-100, w=1024, h=768),(x=617, y=-100, w=1024, h=768)
6607007,706,187:0:28,(x=1110, y=-100, w=1024, h=768),(x=1398, y=-100, w=1024, h=768)
6607007,706,187:0:30,(x=2013, y=-100, w=1024, h=768),(x=2013, y=-100, w=1024, h=768)
6607007,706,187:0:34,(x=2439, y=-100, w=1024, h=768),(x=2520, y=-100, w=1024, h=768)
6607007,706,187:0:41,(x=2253, y=-100, w=1024, h=768),(x=0, y=-100, w=1024, h=768)
6607007,706,187:0:41,(x=0, y=-100, w=1024, h=768),(x=0, y=-100, w=1024, h=768)
6607007,704,187:0:41,13
6607007,706,187:0:41,(x=0, y=-100, w=1024, h=768),(x=0, y=-100, w=1024, h=768)
6607007,705,187:0:47,13,true
6607007,704,187:0:47,14
6607007,706,187:0:47,(x=0, y=-100, w=1024, h=768),(x=0, y=-100, w=1024, h=768)
6607007,705,187:0:50,14,true
6607007,704,187:0:50,0
6607007,706,187:0:50,(x=0, y=-100, w=1024, h=768),(x=0, y=-100, w=1024, h=768)
6607007,706,187:0:53,(x=0, y=-100, w=1024, h=768),(x=0, y=-100, w=1024, h=768)
6607007,704,187:0:54,1
6607007,706,187:0:54,(x=0, y=-100, w=1024, h=768),(x=0, y=-100, w=1024, h=768)
6607007,706,187:0:56,(x=0, y=-100, w=1024, h=768),(x=0, y=-100, w=1024, h=768)
6607007,706,187:0:57,(x=481, y=-100, w=1024, h=768),(x=481, y=-100, w=1024, h=768)
6607007,704,187:0:57,2
6607007,706,187:0:57,(x=481, y=-100, w=1024, h=768),(x=481, y=-100, w=1024, h=768)
6607007,704,187:1:2,3
6607007,706,187:1:2,(x=481, y=-100, w=1024, h=768),(x=481, y=-100, w=1024, h=768)
6607007,706,187:1:6,(x=921, y=-100, w=1024, h=768),(x=922, y=-100, w=1024, h=768)
6607007,704,187:1:6,4
6607007,706,187:1:6,(x=921, y=-100, w=1024, h=768),(x=922, y=-100, w=1024, h=768)
6607007,704,187:1:10,5
6607007,706,187:1:10,(x=921, y=-100, w=1024, h=768),(x=922, y=-100, w=1024, h=768)
6607007,706,187:1:14,(x=1332, y=-100, w=1024, h=768),(x=1332, y=-100, w=1024, h=768)
6607007,706,187:1:15,(x=1333, y=-100, w=1024, h=768),(x=1334, y=-100, w=1024, h=768)
6607007,704,187:1:15,6
6607007,706,187:1:15,(x=1333, y=-100, w=1024, h=768),(x=1334, y=-100, w=1024, h=768)
6607007,704,187:1:20,7
6607007,706,187:1:20,(x=1333, y=-100, w=1024, h=768),(x=1334, y=-100, w=1024, h=768)
6607007,706,187:1:27,(x=1617, y=-100, w=1024, h=768),(x=1617, y=-100, w=1024, h=768)
6607007,706,187:1:28,(x=1714, y=-100, w=1024, h=768),(x=1714, y=-100, w=1024, h=768)
6607007,704,187:1:28,8
6607007,706,187:1:28,(x=1714, y=-100, w=1024, h=768),(x=1714, y=-100, w=1024, h=768)
6607007,704,187:1:32,9
6607007,706,187:1:32,(x=1714, y=-100, w=1024, h=768),(x=1714, y=-100, w=1024, h=768)
6607007,706,187:1:39,(x=1961, y=-100, w=1024, h=768),(x=1960, y=-100, w=1024, h=768)
6607007,704,187:1:40,10
6607007,706,187:1:40,(x=1961, y=-100, w=1024, h=768),(x=1960, y=-100, w=1024, h=768)
6607007,704,187:1:45,11
6607007,706,187:1:45,(x=1961, y=-100, w=1024, h=768),(x=1960, y=-100, w=1024, h=768)
6607007,706,187:1:48,(x=1961, y=-100, w=1024, h=768),(x=1960, y=-100, w=1024, h=768)
6607007,706,187:1:50,(x=1966, y=-100, w=1024, h=768),(x=2024, y=-100, w=1024, h=768)
6607007,704,187:1:50,22
6607007,706,187:1:50,(x=1966, y=-100, w=1024, h=768),(x=2024, y=-100, w=1024, h=768)
6607007,705,187:1:53,22,true
6607007,704,187:1:54,21
6607007,706,187:1:54,(x=1966, y=-100, w=1024, h=768),(x=2024, y=-100, w=1024, h=768)
6607007,705,187:2:2,21,true
6607007,706,187:2:4,(x=1581, y=-100, w=1024, h=768),(x=1581, y=-100, w=1024, h=768)
6607007,706,187:2:4,(x=1581, y=-100, w=1024, h=768),(x=1581, y=-100, w=1024, h=768)
6607007,704,187:2:6,19
6607007,706,187:2:6,(x=1617, y=-100, w=1024, h=768),(x=1638, y=-100, w=1024, h=768)
6607007,705,187:2:11,19,true
6607007,706,187:2:12,(x=1411, y=-100, w=1024, h=768),(x=1426, y=-100, w=1024, h=768)
6607007,704,187:2:12,20
6607007,706,187:2:12,(x=1411, y=-100, w=1024, h=768),(x=1426, y=-100, w=1024, h=768)
6607007,705,187:2:16,20,true
6607007,706,187:2:18,(x=1202, y=-100, w=1024, h=768),(x=1202, y=-100, w=1024, h=768)
6607007,704,187:2:18,18
6607007,706,187:2:18,(x=1202, y=-100, w=1024, h=768),(x=1202, y=-100, w=1024, h=768)
6607007,705,187:2:23,18,true
6607007,706,187:2:24,(x=946, y=-100, w=1024, h=768),(x=946, y=-100, w=1024, h=768)
6607007,704,187:2:24,17
6607007,706,187:2:24,(x=946, y=-100, w=1024, h=768),(x=946, y=-100, w=1024, h=768)
6607007,705,187:2:27,17,true
6607007,706,187:2:29,(x=941, y=-100, w=1024, h=768),(x=916, y=-100, w=1024, h=768)
6607007,704,187:2:29,16
6607007,706,187:2:29,(x=941, y=-100, w=1024, h=768),(x=916, y=-100, w=1024, h=768)
6607007,705,187:2:32,16,true
6607007,704,187:2:33,17
6607007,706,187:2:33,(x=941, y=-100, w=1024, h=768),(x=916, y=-100, w=1024, h=768)
6607007,705,187:2:34,17,true
6607007,704,187:2:34,16
6607007,706,187:2:35,(x=941, y=-100, w=1024, h=768),(x=916, y=-100, w=1024, h=768)
6607007,705,187:2:38,16,true
6607007,704,187:2:39,17
6607007,706,187:2:39,(x=941, y=-100, w=1024, h=768),(x=916, y=-100, w=1024, h=768)
6607007,705,187:2:41,17,true
6607007,706,187:2:43,(x=514, y=-100, w=1024, h=768),(x=358, y=-100, w=1024, h=768)
6607007,704,187:2:44,15
6607007,706,187:2:44,(x=514, y=-100, w=1024, h=768),(x=358, y=-100, w=1024, h=768)
6607007,705,187:2:52,15,true
6607007,704,187:2:52,14
6607007,706,187:2:52,(x=514, y=-100, w=1024, h=768),(x=358, y=-100, w=1024, h=768)
6607007,705,187:2:54,14,true
6607007,706,187:2:55,(x=369, y=-100, w=1024, h=768),(x=441, y=-100, w=1024, h=768)
6607007,706,187:2:56,(x=161, y=-100, w=1024, h=768),(x=6, y=-100, w=1024, h=768)
6607007,706,187:2:56,(x=31, y=-100, w=1024, h=768),(x=28, y=-100, w=1024, h=768)
6607007,704,187:2:57,13
6607007,706,187:2:57,(x=31, y=-100, w=1024, h=768),(x=28, y=-100, w=1024, h=768)
6607007,705,187:3:1,13,true
6607007,704,187:3:2,12
6607007,706,187:3:2,(x=31, y=-100, w=1024, h=768),(x=28, y=-100, w=1024, h=768)
6607007,705,187:3:8,12,true
6607007,706,187:3:14,(x=2010, y=-100, w=1024, h=768),(x=2531, y=-100, w=1024, h=768)
6607007,708,187:3:14
6607007,1,187:3:14,3/6/2014 4:52:24pm,{"gameTime":673394739,"challengeStacks":[{"challengeScenes":[{"miniGameCards":[],"viewedAnimatic":true,"keyPoints":["c_teacherEng_G7a0","c_bestFriend_F_a_G7a0","s_flag_gen"],"unlocked":true,"touchableObjects":["s_vocabAssignment_G7a0","c_teacherEng_G7a0","c_crewKid1_F_G7a0","s_otherStudent1_G7a0","c_friend1_F_a_G7a0","c_bestFriend_F_a_G7a0","s_clock_G7a0","s_doorClassroom_G7a0","s_poePoster_gen","s_shakespearePoster_gen","s_angelouPoster_gen","s_flag_gen"]},{"miniGameCards":[],"viewedAnimatic":true,"keyPoints":["c_teacherEng_G7a1N","c_bestFriend_F_a_G7a1N","s_paperPlayers_G7a1N"],"unlocked":true,"touchableObjects":["c_teacherEng_G7a1N","c_bestFriend_F_a_G7a1N","c_crewKid1_F_G7a1N","s_otherStudent1_G7a1N","s_otherStudent2_G7a1N","s_shakespearePoster_gen","s_flag_gen","s_posterPlagiarism_gen","s_paperPlayers_G7a1N"]},{"miniGameCards":[],"viewedAnimatic":true,"keyPoints":["c_teacherEng_G7a1P","s_paperEnglish_gen","s_flag_gen","c_bestFriend_F_a_G7a1P"],"unlocked":true,"touchableObjects":["c_teacherEng_G7a1P","s_paperPlayers_G7a1P","s_clock_G7a1P","s_paperEnglish_gen","s_papersDetention_gen","s_flag_gen","c_bestFriend_F_a_G7a1P"]}],"stackSize":3,"resolved":true},{"challengeScenes":[{"miniGameCards":[],"viewedAnimatic":true,"keyPoints":["s_backpack_F_G7b0","c_kidSister_lati_a_G7b0","c_crewKid1_F_G7b0"],"unlocked":true,"touchableObjects":["s_backpack_F_G7b0","c_crewKid2_F_G7b0","c_cousinsBrother_a_G7b0","s_lifeguard_G7b0","c_kidSister_lati_a_G7b0","s_snackBarWorker_G7b0","c_cousinsBrothersFriend_a_G7b0","c_cousinsBrothersFriendsGF_G7b0","c_cousin_F_a_G7b0","c_crewKid1_F_G7b0"]},{"miniGameCards":[],"viewedAnimatic":true,"keyPoints":["c_crewKid1_F_G7b1N","c_kidSister_lati_a_G7b1N","s_sprayPaintCan_G7b1N","s_brokenCarWindow_G7b1N","s_graffiti_G7b1N"],"unlocked":true,"touchableObjects":["c_policeOfficer_G7b1N","c_teacherEng_G7b1N","c_cousin_F_a_G7b1N","s_cat_G7b1N","c_crewKid1_F_G7b1N","c_kidSister_lati_a_G7b1N","s_wreckedPlants_G7b1N","s_flag_G7b1N","s_sprayPaintCan_G7b1N","s_brokenCarWindow_G7b1N","s_graffiti_G7b1N"]},{"miniGameCards":[],"viewedAnimatic":true,"keyPoints":["c_cousin_F_a_G7b1P","c_cousinsBrother_a_G7b1P","c_cousinsBrothersFriend_a_G7b1P","s_poolDay_ruleSign_G7b1P"],"unlocked":true,"touchableObjects":["c_crush1_F_a_G7b1P","c_kidSister_lati_a_G7b1P","c_cousin_F_a_G7b1P","c_cousinsBrother_a_G7b1P","c_cousinsBrothersFriend_a_G7b1P","s_poolDay_ruleSign_G7b1P"]},{"miniGameCards":[],"viewedAnimatic":true,"keyPoints":["c_cousin_F_a_G7b2N","s_kid1_G7b2N","c_kidSister_lati_a_G7b2N","c_crush1_F_a_G7b2N"],"unlocked":true,"touchableObjects":["c_cousin_F_a_G7b2N","s_kid1_G7b2N","c_cousinsBrother_a_G7b2N","s_lifeguard_G7b2N","c_kidSister_lati_a_G7b2N","s_kidPool1_G7b2N","s_kidPool2_G7b2N","c_crewKid2_F_G7b2N","c_crush1_F_a_G7b2N"]},{"miniGameCards":[],"viewedAnimatic":true,"keyPoints":["s_computer_F_G7b2P","c_cousin_F_a_G7b2P","s_pictureDad_lati_F_gen","c_kidSister_lati_a_G7b2P"],"unlocked":true,"touchableObjects":["s_closet_F_G7b2P","s_computer_F_G7b2P","c_cousin_F_a_G7b2P","s_calendar_F_gen","s_pictureDad_lati_F_gen","c_grandma_lati_a_G7b2P","c_kidSister_lati_a_G7b2P"]}],"stackSize":5,"resolved":true},{"challengeScenes":[{"miniGameCards":[],"viewedAnimatic":true,"keyPoints":["c_crush2_F_a_G8a0","c_cousin_F_a_G8a0","s_cellphone_G8a0","s_clock_G8a0","s_bottleCrush2_F_G8a0"],"unlocked":true,"touchableObjects":["c_crush2_F_a_G8a0","c_cousin_F_a_G8a0","s_cigaretteKid1_G8a0","s_stairs_G8a0","s_cellphone_G8a0","s_clock_G8a0","s_bottleCrush2_F_G8a0","s_bottleFloor_G8a0","s_beerSixpack_G8a0","s_beerCooler_G8a0","c_friend1_F_G8a0"]},{"miniGameCards":[],"viewedAnimatic":true,"keyPoints":["s_crush2Lips_F_G8a1N","s_crush2Eyes_F_G8a1N","s_crush2Sore_F_G8a1N","s_basementDoor_gen","s_dirtyClothes_gen"],"unlocked":true,"touchableObjects":["s_stairs_G8a1N","s_dryer_G8a1N","c_crush2_F_a_G8a1N","s_crush2Lips_F_G8a1N","s_crush2Eyes_F_G8a1N","s_crush2Sore_F_G8a1N","s_waterHeater_gen","s_basementDoor_gen","s_inhalantsShelf_gen","s_dirtyClothes_gen"]},{"miniGameCards":[],"viewedAnimatic":true,"keyPoints":["s_dirtyClothes_gen","c_crush2_F_a_G8a1P","s_inhalantsShelf_gen"],"unlocked":true,"touchableObjects":["s_dirtyClothes_gen","c_crush2_F_a_G8a1P","s_inhalantsShelf_gen","s_spraypaintCrush2_F_G8a1P","s_waterHeater_gen"]},{"miniGameCards":[],"viewedAnimatic":true,"keyPoints":["c_crush2_F_a_G8a2N"],"unlocked":true,"touchableObjects":["s_fumes_G8a2N","c_friend1_F_a_G8a2N","c_crush2_F_a_G8a2N"]},{"miniGameCards":[],"viewedAnimatic":false,"keyPoints":[],"unlocked":false,"touchableObjects":[]},{"miniGameCards":[],"viewedAnimatic":true,"keyPoints":["s_pamphlet3_G8a3N","c_nurse_a_G8a3N","s_pamphlet1_G8a3N","s_mirror_lati_F_a_G8a3N"],"unlocked":true,"touchableObjects":["s_door_G8a3N","s_pamphlet3_G8a3N","s_pamphlet2_G8a3N","s_phone_G8a3N","c_nurse_a_G8a3N","s_pamphlet1_G8a3N","s_mirror_lati_F_a_G8a3N"]},{"miniGameCards":[],"viewedAnimatic":true,"keyPoints":["s_kidsCouch_G8a3P","c_crush2_F_a_G8a3P"],"unlocked":true,"touchableObjects":["c_crewKid1_F_a_G8a3P","s_kidStanding_G8a3P","s_window_G8a3P","s_kidsCouch_G8a3P","c_cousin_F_a_G8a3P","c_friend1_F_a_G8a3P","c_crush2_F_a_G8a3P"]}],"stackSize":7,"resolved":false},{"challengeScenes":[{"miniGameCards":[],"viewedAnimatic":false,"keyPoints":[],"unlocked":false,"touchableObjects":[]},{"miniGameCards":[],"viewedAnimatic":false,"keyPoints":[],"unlocked":false,"touchableObjects":[]},{"miniGameCards":[],"viewedAnimatic":false,"keyPoints":[],"unlocked":false,"touchableObjects":[]},{"miniGameCards":[],"viewedAnimatic":false,"keyPoints":[],"unlocked":false,"touchableObjects":[]},{"miniGameCards":[],"viewedAnimatic":false,"keyPoints":[],"unlocked":false,"touchableObjects":[]}],"stackSize":5,"resolved":false},{"challengeScenes":[{"miniGameCards":[],"viewedAnimatic":false,"keyPoints":[],"unlocked":true,"touchableObjects":[]},{"miniGameCards":[],"viewedAnimatic":false,"keyPoints":[],"unlocked":true,"touchableObjects":[]},{"miniGameCards":[],"viewedAnimatic":false,"keyPoints":[],"unlocked":false,"touchableObjects":[]},{"miniGameCards":[],"viewedAnimatic":false,"keyPoints":[],"unlocked":false,"touchableObjects":[]},{"miniGameCards":[],"viewedAnimatic":false,"keyPoints":[],"unlocked":false,"touchableObjects":[]}],"stackSize":5,"resolved":false},{"challengeScenes":[{"miniGameCards":[],"viewedAnimatic":false,"keyPoints":[],"unlocked":false,"touchableObjects":[]},{"miniGameCards":[],"viewedAnimatic":false,"keyPoints":[],"unlocked":false,"touchableObjects":[]},{"miniGameCards":[],"viewedAnimatic":false,"keyPoints":[],"unlocked":false,"touchableObjects":[]},{"miniGameCards":[],"viewedAnimatic":false,"keyPoints":[],"unlocked":false,"touchableObjects":[]},{"miniGameCards":[],"viewedAnimatic":false,"keyPoints":[],"unlocked":false,"touchableObjects":[]}],"stackSize":5,"resolved":false},{"challengeScenes":[{"miniGameCards":[],"viewedAnimatic":false,"keyPoints":[],"unlocked":false,"touchableObjects":[]},{"miniGameCards":[],"viewedAnimatic":false,"keyPoints":[],"unlocked":false,"touchableObjects":[]},{"miniGameCards":[],"viewedAnimatic":false,"keyPoints":[],"unlocked":false,"touchableObjects":[]},{"miniGameCards":[],"viewedAnimatic":false,"keyPoints":[],"unlocked":false,"touchableObjects":[]},{"miniGameCards":[],"viewedAnimatic":false,"keyPoints":[],"unlocked":false,"touchableObjects":[]}],"stackSize":5,"resolved":false},{"challengeScenes":[{"miniGameCards":[],"viewedAnimatic":false,"keyPoints":[],"unlocked":false,"touchableObjects":[]},{"miniGameCards":[],"viewedAnimatic":false,"keyPoints":[],"unlocked":false,"touchableObjects":[]},{"miniGameCards":[],"viewedAnimatic":false,"keyPoints":[],"unlocked":false,"touchableObjects":[]},{"miniGameCards":[],"viewedAnimatic":false,"keyPoints":[],"unlocked":false,"touchableObjects":[]},{"miniGameCards":[],"viewedAnimatic":false,"keyPoints":[],"unlocked":false,"touchableObjects":[]}],"stackSize":5,"resolved":false},{"challengeScenes":[{"miniGameCards":[],"viewedAnimatic":false,"keyPoints":[],"unlocked":false,"touchableObjects":[]},{"miniGameCards":[],"viewedAnimatic":false,"keyPoints":[],"unlocked":false,"touchableObjects":[]},{"miniGameCards":[],"viewedAnimatic":false,"keyPoints":[],"unlocked":false,"touchableObjects":[]},{"miniGameCards":[],"viewedAnimatic":false,"keyPoints":[],"unlocked":false,"touchableObjects":[]},{"miniGameCards":[],"viewedAnimatic":false,"keyPoints":[],"unlocked":false,"touchableObjects":[]}],"stackSize":5,"resolved":false},{"challengeScenes":[{"miniGameCards":[],"viewedAnimatic":false,"keyPoints":[],"unlocked":false,"touchableObjects":[]},{"miniGameCards":[],"viewedAnimatic":false,"keyPoints":[],"unlocked":false,"touchableObjects":[]},{"miniGameCards":[],"viewedAnimatic":false,"keyPoints":[],"unlocked":false,"touchableObjects":[]},{"miniGameCards":[],"viewedAnimatic":false,"keyPoints":[],"unlocked":false,"touchableObjects":[]},{"miniGameCards":[],"viewedAnimatic":false,"keyPoints":[],"unlocked":false,"touchableObjects":[]}],"stackSize":5,"resolved":false},{"challengeScenes":[{"miniGameCards":[],"viewedAnimatic":false,"keyPoints":[],"unlocked":false,"touchableObjects":[]},{"miniGameCards":[],"viewedAnimatic":false,"keyPoints":[],"unlocked":false,"touchableObjects":[]},{"miniGameCards":[],"viewedAnimatic":false,"keyPoints":[],"unlocked":false,"touchableObjects":[]},{"miniGameCards":[],"viewedAnimatic":false,"keyPoints":[],"unlocked":false,"touchableObjects":[]},{"miniGameCards":[],"viewedAnimatic":false,"keyPoints":[],"unlocked":false,"touchableObjects":[]}],"stackSize":5,"resolved":false},{"challengeScenes":[{"miniGameCards":[],"viewedAnimatic":false,"keyPoints":[],"unlocked":false,"touchableObjects":[]},{"miniGameCards":[],"viewedAnimatic":false,"keyPoints":[],"unlocked":false,"touchableObjects":[]},{"miniGameCards":[],"viewedAnimatic":false,"keyPoints":[],"unlocked":false,"touchableObjects":[]},{"miniGameCards":[],"viewedAnimatic":false,"keyPoints":[],"unlocked":false,"touchableObjects":[]},{"miniGameCards":[],"viewedAnimatic":false,"keyPoints":[],"unlocked":false,"touchableObjects":[]}],"stackSize":5,"resolved":false},{"challengeScenes":[{"miniGameCards":[],"viewedAnimatic":false,"keyPoints":[],"unlocked":true,"touchableObjects":["c_player_lati_F_a_G0a0","c_family_lati_a_G0a0","c_education_G0a0","c_friends_G0a0"]},{"miniGameCards":[],"viewedAnimatic":false,"keyPoints":["c_family_lati_a_G0a1N","c_home_G0a1N","c_job_G0a1N"],"unlocked":true,"touchableObjects":["c_player_lati_F_a_G0a1N","c_family_lati_a_G0a1N","c_home_G0a1N","c_job_G0a1N"]},{"miniGameCards":[],"viewedAnimatic":false,"keyPoints":["c_Teacher_G0a1P","c_grandma_lati_a_G0a1P","c_kidsister_lati_a_G0a1P","c_dad_lati_a_G0a1P","c_mom_lati_a_G0a1P","c_Nurse_G0a1P"],"unlocked":true,"touchableObjects":["c_cousins_F_a_G0a1P","c_friends_G0a1P","c_Teacher_G0a1P","c_grandma_lati_a_G0a1P","c_kidsister_lati_a_G0a1P","c_dad_lati_a_G0a1P","c_mom_lati_a_G0a1P","c_Nurse_G0a1P"]}],"stackSize":3,"resolved":true}],"sessionId":2,"epilogue":{"rating":0},"playerId":6607007,"session":[{"sceneId":"1P","stackId":12},{"sceneId":"1P","stackId":0},{"sceneId":"1P","stackId":1},{"sceneId":"1N","stackId":1},{"sceneId":"2P","stackId":1},{"sceneId":"3P","stackId":2},{"sceneId":"1P","stackId":2},{"sceneId":"1N","stackId":2}],"minigames":[{"levelSaveData":[{"starRating":3,"unlocked":true},{"starRating":1,"unlocked":true},{"starRating":2,"unlocked":true},{"starRating":0,"unlocked":false},{"starRating":0,"unlocked":false},{"starRating":0,"unlocked":false},{"starRating":0,"unlocked":false},{"starRating":0,"unlocked":false},{"starRating":0,"unlocked":false},{"starRating":0,"unlocked":false}],"skillPoints":6},{"levelSaveData":[{"starRating":3,"unlocked":true},{"starRating":3,"unlocked":true},{"starRating":0,"unlocked":true},{"starRating":0,"unlocked":false},{"starRating":0,"unlocked":true},{"starRating":0,"unlocked":false},{"starRating":0,"unlocked":false},{"starRating":0,"unlocked":false},{"starRating":0,"unlocked":false},{"starRating":0,"unlocked":false}],"skillPoints":6},{"levelSaveData":[{"starRating":3,"unlocked":true},{"starRating":2,"unlocked":true},{"starRating":0,"unlocked":true},{"starRating":0,"unlocked":false},{"starRating":0,"unlocked":false},{"starRating":0,"unlocked":false},{"starRating":0,"unlocked":false},{"starRating":0,"unlocked":false},{"starRating":1,"unlocked":true},{"starRating":0,"unlocked":false}],"skillPoints":6},{"levelSaveData":[{"starRating":3,"unlocked":true},{"starRating":2,"unlocked":true},{"starRating":0,"unlocked":false},{"starRating":0,"unlocked":false},{"starRating":3,"unlocked":true},{"starRating":0,"unlocked":false},{"starRating":0,"unlocked":false},{"starRating":0,"unlocked":false},{"starRating":0,"unlocked":false},{"starRating":0,"unlocked":false}],"skillPoints":8},{"age":12,"name":"leslie","gender":1,"levelSaveData":[{"starRating":3,"unlocked":true},{"starRating":3,"chunks":[["1"],["20$$happy","14$$nice"],["15$$video games","6$$music","5$$animals"],["3"]],"unlocked":true},{"starRating":3,"chunks":[["0"],["6$$music","9$$soccer"],["9$$swimming","7$$music"]],"unlocked":true},{"starRating":0,"chunks":[[null],[null],[null],[null],[null,null],[null]],"unlocked":true},{"starRating":0,"chunks":[[null],[null],[null,null],[null],[null],[null]],"unlocked":false},{"starRating":0,"chunks":[[null],[null,null,null,null],[null],[null]],"unlocked":false},{"starRating":0,"chunks":[[null],[null],[null,null],[null,null],[null]],"unlocked":false},{"starRating":0,"chunks":[[null,null,null],[null,null,null],[null],[null],[null]],"unlocked":false},{"starRating":0,"chunks":[[null,null,null],[null,null,null],[null,null]],"unlocked":false},{"starRating":0,"chunks":[[null],[null],[null],[null],[null],[null]],"unlocked":false}],"visualAvatar":0,"id":2,"skillPoints":9}],"avatar":{"age":12,"name":"leslie","gender":1,"levelSaveData":[{"starRating":3,"unlocked":true},{"starRating":3,"chunks":[["1"],["20$$happy","14$$nice"],["15$$video games","6$$music","5$$animals"],["3"]],"unlocked":true},{"starRating":3,"chunks":[["0"],["6$$music","9$$soccer"],["9$$swimming","7$$music"]],"unlocked":true},{"starRating":0,"chunks":[[null],[null],[null],[null],[null,null],[null]],"unlocked":true},{"starRating":0,"chunks":[[null],[null],[null,null],[null],[null],[null]],"unlocked":false},{"starRating":0,"chunks":[[null],[null,null,null,null],[null],[null]],"unlocked":false},{"starRating":0,"chunks":[[null],[null],[null,null],[null,null],[null]],"unlocked":false},{"starRating":0,"chunks":[[null,null,null],[null,null,null],[null],[null],[null]],"unlocked":false},{"starRating":0,"chunks":[[null,null,null],[null,null,null],[null,null]],"unlocked":false},{"starRating":0,"chunks":[[null],[null],[null],[null],[null],[null]],"unlocked":false}],"visualAvatar":0,"id":2,"skillPoints":9}}
6607007,0,187:3:14,3/6/2014 4:52:38pm
6607007,100,187:3:19,4
6607007,101,187:3:21,4
6607007,100,187:3:21,2
6607007,101,187:3:22,2
6607007,100,187:3:23,4
6607007,102,187:3:24,4
6607007,200,187:3:24,4,6,6,6,8,9
6607007,219,187:3:24,4
6607007,216,187:3:25,Stack_G9a0
6607007,217,187:3:43,Stack_G9a0,17,0.50
6607007,218,187:4:4,4
6607007,210,187:4:5,582,461
6607007,211,187:4:5,195,448
6607007,207,187:4:5,4,-200,-170
6607007,210,187:4:5,148,452
6607007,207,187:4:6,4,-170,-35
6607007,211,187:4:7,183,409
6607007,219,187:4:7,4
6607007,216,187:4:8,Stack_G9a1N
6607007,217,187:4:22,Stack_G9a1N,8.7,0.00
6607007,218,187:4:24,4
6607007,204,187:4:25,4
6607007,103,187:4:36
6607007,105,187:4:37
6607007,703,187:4:39,[|| EpilogueItem ID: 0 unlocked: true ||,|| EpilogueItem ID: 1 unlocked: true ||,|| EpilogueItem ID: 2 unlocked: false ||,|| EpilogueItem ID: 3 unlocked: false ||,|| EpilogueItem ID: 4 unlocked: false ||,|| EpilogueItem ID: 5 unlocked: false ||,|| EpilogueItem ID: 6 unlocked: false ||,|| EpilogueItem ID: 7 unlocked: false ||,|| EpilogueItem ID: 8 unlocked: false ||,|| EpilogueItem ID: 9 unlocked: false ||,|| EpilogueItem ID: 10 unlocked: false ||,|| EpilogueItem ID: 11 unlocked: false ||,|| EpilogueItem ID: 12 unlocked: false ||,|| EpilogueItem ID: 13 unlocked: false ||,|| EpilogueItem ID: 14 unlocked: false ||,|| EpilogueItem ID: 15 unlocked: false ||,|| EpilogueItem ID: 16 unlocked: false ||,|| EpilogueItem ID: 17 unlocked: false ||,|| EpilogueItem ID: 18 unlocked: false ||,|| EpilogueItem ID: 19 unlocked: false ||,|| EpilogueItem ID: 20 unlocked: false ||,|| EpilogueItem ID: 21 unlocked: false ||,|| EpilogueItem ID: 22 unlocked: false ||,|| EpilogueItem ID: 23 unlocked: false ||,|| EpilogueItem ID: 24 unlocked: false ||],0.08
6607007,708,187:4:43
6607007,1,187:4:43,3/6/2014 4:54:07pm,{"gameTime":673483155,"challengeStacks":[{"challengeScenes":[{"miniGameCards":[],"viewedAnimatic":true,"keyPoints":["c_teacherEng_G7a0","c_bestFriend_F_a_G7a0","s_flag_gen"],"unlocked":true,"touchableObjects":["s_vocabAssignment_G7a0","c_teacherEng_G7a0","c_crewKid1_F_G7a0","s_otherStudent1_G7a0","c_friend1_F_a_G7a0","c_bestFriend_F_a_G7a0","s_clock_G7a0","s_doorClassroom_G7a0","s_poePoster_gen","s_shakespearePoster_gen","s_angelouPoster_gen","s_flag_gen"]},{"miniGameCards":[],"viewedAnimatic":true,"keyPoints":["c_teacherEng_G7a1N","c_bestFriend_F_a_G7a1N","s_paperPlayers_G7a1N"],"unlocked":true,"touchableObjects":["c_teacherEng_G7a1N","c_bestFriend_F_a_G7a1N","c_crewKid1_F_G7a1N","s_otherStudent1_G7a1N","s_otherStudent2_G7a1N","s_shakespearePoster_gen","s_flag_gen","s_posterPlagiarism_gen","s_paperPlayers_G7a1N"]},{"miniGameCards":[],"viewedAnimatic":true,"keyPoints":["c_teacherEng_G7a1P","s_paperEnglish_gen","s_flag_gen","c_bestFriend_F_a_G7a1P"],"unlocked":true,"touchableObjects":["c_teacherEng_G7a1P","s_paperPlayers_G7a1P","s_clock_G7a1P","s_paperEnglish_gen","s_papersDetention_gen","s_flag_gen","c_bestFriend_F_a_G7a1P"]}],"stackSize":3,"resolved":true},{"challengeScenes":[{"miniGameCards":[],"viewedAnimatic":true,"keyPoints":["s_backpack_F_G7b0","c_kidSister_lati_a_G7b0","c_crewKid1_F_G7b0"],"unlocked":true,"touchableObjects":["s_backpack_F_G7b0","c_crewKid2_F_G7b0","c_cousinsBrother_a_G7b0","s_lifeguard_G7b0","c_kidSister_lati_a_G7b0","s_snackBarWorker_G7b0","c_cousinsBrothersFriend_a_G7b0","c_cousinsBrothersFriendsGF_G7b0","c_cousin_F_a_G7b0","c_crewKid1_F_G7b0"]},{"miniGameCards":[],"viewedAnimatic":true,"keyPoints":["c_crewKid1_F_G7b1N","c_kidSister_lati_a_G7b1N","s_sprayPaintCan_G7b1N","s_brokenCarWindow_G7b1N","s_graffiti_G7b1N"],"unlocked":true,"touchableObjects":["c_policeOfficer_G7b1N","c_teacherEng_G7b1N","c_cousin_F_a_G7b1N","s_cat_G7b1N","c_crewKid1_F_G7b1N","c_kidSister_lati_a_G7b1N","s_wreckedPlants_G7b1N","s_flag_G7b1N","s_sprayPaintCan_G7b1N","s_brokenCarWindow_G7b1N","s_graffiti_G7b1N"]},{"miniGameCards":[],"viewedAnimatic":true,"keyPoints":["c_cousin_F_a_G7b1P","c_cousinsBrother_a_G7b1P","c_cousinsBrothersFriend_a_G7b1P","s_poolDay_ruleSign_G7b1P"],"unlocked":true,"touchableObjects":["c_crush1_F_a_G7b1P","c_kidSister_lati_a_G7b1P","c_cousin_F_a_G7b1P","c_cousinsBrother_a_G7b1P","c_cousinsBrothersFriend_a_G7b1P","s_poolDay_ruleSign_G7b1P"]},{"miniGameCards":[],"viewedAnimatic":true,"keyPoints":["c_cousin_F_a_G7b2N","s_kid1_G7b2N","c_kidSister_lati_a_G7b2N","c_crush1_F_a_G7b2N"],"unlocked":true,"touchableObjects":["c_cousin_F_a_G7b2N","s_kid1_G7b2N","c_cousinsBrother_a_G7b2N","s_lifeguard_G7b2N","c_kidSister_lati_a_G7b2N","s_kidPool1_G7b2N","s_kidPool2_G7b2N","c_crewKid2_F_G7b2N","c_crush1_F_a_G7b2N"]},{"miniGameCards":[],"viewedAnimatic":true,"keyPoints":["s_computer_F_G7b2P","c_cousin_F_a_G7b2P","s_pictureDad_lati_F_gen","c_kidSister_lati_a_G7b2P"],"unlocked":true,"touchableObjects":["s_closet_F_G7b2P","s_computer_F_G7b2P","c_cousin_F_a_G7b2P","s_calendar_F_gen","s_pictureDad_lati_F_gen","c_grandma_lati_a_G7b2P","c_kidSister_lati_a_G7b2P"]}],"stackSize":5,"resolved":true},{"challengeScenes":[{"miniGameCards":[],"viewedAnimatic":true,"keyPoints":["c_crush2_F_a_G8a0","c_cousin_F_a_G8a0","s_cellphone_G8a0","s_clock_G8a0","s_bottleCrush2_F_G8a0"],"unlocked":true,"touchableObjects":["c_crush2_F_a_G8a0","c_cousin_F_a_G8a0","s_cigaretteKid1_G8a0","s_stairs_G8a0","s_cellphone_G8a0","s_clock_G8a0","s_bottleCrush2_F_G8a0","s_bottleFloor_G8a0","s_beerSixpack_G8a0","s_beerCooler_G8a0","c_friend1_F_G8a0"]},{"miniGameCards":[],"viewedAnimatic":true,"keyPoints":["s_crush2Lips_F_G8a1N","s_crush2Eyes_F_G8a1N","s_crush2Sore_F_G8a1N","s_basementDoor_gen","s_dirtyClothes_gen"],"unlocked":true,"touchableObjects":["s_stairs_G8a1N","s_dryer_G8a1N","c_crush2_F_a_G8a1N","s_crush2Lips_F_G8a1N","s_crush2Eyes_F_G8a1N","s_crush2Sore_F_G8a1N","s_waterHeater_gen","s_basementDoor_gen","s_inhalantsShelf_gen","s_dirtyClothes_gen"]},{"miniGameCards":[],"viewedAnimatic":true,"keyPoints":["s_dirtyClothes_gen","c_crush2_F_a_G8a1P","s_inhalantsShelf_gen"],"unlocked":true,"touchableObjects":["s_dirtyClothes_gen","c_crush2_F_a_G8a1P","s_inhalantsShelf_gen","s_spraypaintCrush2_F_G8a1P","s_waterHeater_gen"]},{"miniGameCards":[],"viewedAnimatic":true,"keyPoints":["c_crush2_F_a_G8a2N"],"unlocked":true,"touchableObjects":["s_fumes_G8a2N","c_friend1_F_a_G8a2N","c_crush2_F_a_G8a2N"]},{"miniGameCards":[],"viewedAnimatic":false,"keyPoints":[],"unlocked":false,"touchableObjects":[]},{"miniGameCards":[],"viewedAnimatic":true,"keyPoints":["s_pamphlet3_G8a3N","c_nurse_a_G8a3N","s_pamphlet1_G8a3N","s_mirror_lati_F_a_G8a3N"],"unlocked":true,"touchableObjects":["s_door_G8a3N","s_pamphlet3_G8a3N","s_pamphlet2_G8a3N","s_phone_G8a3N","c_nurse_a_G8a3N","s_pamphlet1_G8a3N","s_mirror_lati_F_a_G8a3N"]},{"miniGameCards":[],"viewedAnimatic":true,"keyPoints":["s_kidsCouch_G8a3P","c_crush2_F_a_G8a3P"],"unlocked":true,"touchableObjects":["c_crewKid1_F_a_G8a3P","s_kidStanding_G8a3P","s_window_G8a3P","s_kidsCouch_G8a3P","c_cousin_F_a_G8a3P","c_friend1_F_a_G8a3P","c_crush2_F_a_G8a3P"]}],"stackSize":7,"resolved":false},{"challengeScenes":[{"miniGameCards":[],"viewedAnimatic":false,"keyPoints":[],"unlocked":false,"touchableObjects":[]},{"miniGameCards":[],"viewedAnimatic":false,"keyPoints":[],"unlocked":false,"touchableObjects":[]},{"miniGameCards":[],"viewedAnimatic":false,"keyPoints":[],"unlocked":false,"touchableObjects":[]},{"miniGameCards":[],"viewedAnimatic":false,"keyPoints":[],"unlocked":false,"touchableObjects":[]},{"miniGameCards":[],"viewedAnimatic":false,"keyPoints":[],"unlocked":false,"touchableObjects":[]}],"stackSize":5,"resolved":false},{"challengeScenes":[{"miniGameCards":[],"viewedAnimatic":true,"keyPoints":[],"unlocked":true,"touchableObjects":[]},{"miniGameCards":[],"viewedAnimatic":true,"keyPoints":[],"unlocked":true,"touchableObjects":[]},{"miniGameCards":[],"viewedAnimatic":false,"keyPoints":[],"unlocked":false,"touchableObjects":[]},{"miniGameCards":[],"viewedAnimatic":false,"keyPoints":[],"unlocked":false,"touchableObjects":[]},{"miniGameCards":[],"viewedAnimatic":false,"keyPoints":[],"unlocked":false,"touchableObjects":[]}],"stackSize":5,"resolved":false},{"challengeScenes":[{"miniGameCards":[],"viewedAnimatic":false,"keyPoints":[],"unlocked":false,"touchableObjects":[]},{"miniGameCards":[],"viewedAnimatic":false,"keyPoints":[],"unlocked":false,"touchableObjects":[]},{"miniGameCards":[],"viewedAnimatic":false,"keyPoints":[],"unlocked":false,"touchableObjects":[]},{"miniGameCards":[],"viewedAnimatic":false,"keyPoints":[],"unlocked":false,"touchableObjects":[]},{"miniGameCards":[],"viewedAnimatic":false,"keyPoints":[],"unlocked":false,"touchableObjects":[]}],"stackSize":5,"resolved":false},{"challengeScenes":[{"miniGameCards":[],"viewedAnimatic":false,"keyPoints":[],"unlocked":false,"touchableObjects":[]},{"miniGameCards":[],"viewedAnimatic":false,"keyPoints":[],"unlocked":false,"touchableObjects":[]},{"miniGameCards":[],"viewedAnimatic":false,"keyPoints":[],"unlocked":false,"touchableObjects":[]},{"miniGameCards":[],"viewedAnimatic":false,"keyPoints":[],"unlocked":false,"touchableObjects":[]},{"miniGameCards":[],"viewedAnimatic":false,"keyPoints":[],"unlocked":false,"touchableObjects":[]}],"stackSize":5,"resolved":false},{"challengeScenes":[{"miniGameCards":[],"viewedAnimatic":false,"keyPoints":[],"unlocked":false,"touchableObjects":[]},{"miniGameCards":[],"viewedAnimatic":false,"keyPoints":[],"unlocked":false,"touchableObjects":[]},{"miniGameCards":[],"viewedAnimatic":false,"keyPoints":[],"unlocked":false,"touchableObjects":[]},{"miniGameCards":[],"viewedAnimatic":false,"keyPoints":[],"unlocked":false,"touchableObjects":[]},{"miniGameCards":[],"viewedAnimatic":false,"keyPoints":[],"unlocked":false,"touchableObjects":[]}],"stackSize":5,"resolved":false},{"challengeScenes":[{"miniGameCards":[],"viewedAnimatic":false,"keyPoints":[],"unlocked":false,"touchableObjects":[]},{"miniGameCards":[],"viewedAnimatic":false,"keyPoints":[],"unlocked":false,"touchableObjects":[]},{"miniGameCards":[],"viewedAnimatic":false,"keyPoints":[],"unlocked":false,"touchableObjects":[]},{"miniGameCards":[],"viewedAnimatic":false,"keyPoints":[],"unlocked":false,"touchableObjects":[]},{"miniGameCards":[],"viewedAnimatic":false,"keyPoints":[],"unlocked":false,"touchableObjects":[]}],"stackSize":5,"resolved":false},{"challengeScenes":[{"miniGameCards":[],"viewedAnimatic":false,"keyPoints":[],"unlocked":false,"touchableObjects":[]},{"miniGameCards":[],"viewedAnimatic":false,"keyPoints":[],"unlocked":false,"touchableObjects":[]},{"miniGameCards":[],"viewedAnimatic":false,"keyPoints":[],"unlocked":false,"touchableObjects":[]},{"miniGameCards":[],"viewedAnimatic":false,"keyPoints":[],"unlocked":false,"touchableObjects":[]},{"miniGameCards":[],"viewedAnimatic":false,"keyPoints":[],"unlocked":false,"touchableObjects":[]}],"stackSize":5,"resolved":false},{"challengeScenes":[{"miniGameCards":[],"viewedAnimatic":false,"keyPoints":[],"unlocked":false,"touchableObjects":[]},{"miniGameCards":[],"viewedAnimatic":false,"keyPoints":[],"unlocked":false,"touchableObjects":[]},{"miniGameCards":[],"viewedAnimatic":false,"keyPoints":[],"unlocked":false,"touchableObjects":[]},{"miniGameCards":[],"viewedAnimatic":false,"keyPoints":[],"unlocked":false,"touchableObjects":[]},{"miniGameCards":[],"viewedAnimatic":false,"keyPoints":[],"unlocked":false,"touchableObjects":[]}],"stackSize":5,"resolved":false},{"challengeScenes":[{"miniGameCards":[],"viewedAnimatic":false,"keyPoints":[],"unlocked":false,"touchableObjects":[]},{"miniGameCards":[],"viewedAnimatic":false,"keyPoints":[],"unlocked":false,"touchableObjects":[]},{"miniGameCards":[],"viewedAnimatic":false,"keyPoints":[],"unlocked":false,"touchableObjects":[]},{"miniGameCards":[],"viewedAnimatic":false,"keyPoints":[],"unlocked":false,"touchableObjects":[]},{"miniGameCards":[],"viewedAnimatic":false,"keyPoints":[],"unlocked":false,"touchableObjects":[]}],"stackSize":5,"resolved":false},{"challengeScenes":[{"miniGameCards":[],"viewedAnimatic":false,"keyPoints":[],"unlocked":true,"touchableObjects":["c_player_lati_F_a_G0a0","c_family_lati_a_G0a0","c_education_G0a0","c_friends_G0a0"]},{"miniGameCards":[],"viewedAnimatic":false,"keyPoints":["c_family_lati_a_G0a1N","c_home_G0a1N","c_job_G0a1N"],"unlocked":true,"touchableObjects":["c_player_lati_F_a_G0a1N","c_family_lati_a_G0a1N","c_home_G0a1N","c_job_G0a1N"]},{"miniGameCards":[],"viewedAnimatic":false,"keyPoints":["c_Teacher_G0a1P","c_grandma_lati_a_G0a1P","c_kidsister_lati_a_G0a1P","c_dad_lati_a_G0a1P","c_mom_lati_a_G0a1P","c_Nurse_G0a1P"],"unlocked":true,"touchableObjects":["c_cousins_F_a_G0a1P","c_friends_G0a1P","c_Teacher_G0a1P","c_grandma_lati_a_G0a1P","c_kidsister_lati_a_G0a1P","c_dad_lati_a_G0a1P","c_mom_lati_a_G0a1P","c_Nurse_G0a1P"]}],"stackSize":3,"resolved":true}],"sessionId":3,"epilogue":{"rating":0},"playerId":6607007,"session":[{"sceneId":"1P","stackId":12},{"sceneId":"1P","stackId":0},{"sceneId":"1P","stackId":1},{"sceneId":"1N","stackId":1},{"sceneId":"2P","stackId":1},{"sceneId":"3P","stackId":2},{"sceneId":"1P","stackId":2},{"sceneId":"1N","stackId":2}],"minigames":[{"levelSaveData":[{"starRating":3,"unlocked":true},{"starRating":1,"unlocked":true},{"starRating":2,"unlocked":true},{"starRating":0,"unlocked":false},{"starRating":0,"unlocked":false},{"starRating":0,"unlocked":false},{"starRating":0,"unlocked":false},{"starRating":0,"unlocked":false},{"starRating":0,"unlocked":false},{"starRating":0,"unlocked":false}],"skillPoints":6},{"levelSaveData":[{"starRating":3,"unlocked":true},{"starRating":3,"unlocked":true},{"starRating":0,"unlocked":true},{"starRating":0,"unlocked":false},{"starRating":0,"unlocked":true},{"starRating":0,"unlocked":false},{"starRating":0,"unlocked":false},{"starRating":0,"unlocked":false},{"starRating":0,"unlocked":false},{"starRating":0,"unlocked":false}],"skillPoints":6},{"levelSaveData":[{"starRating":3,"unlocked":true},{"starRating":2,"unlocked":true},{"starRating":0,"unlocked":true},{"starRating":0,"unlocked":false},{"starRating":0,"unlocked":false},{"starRating":0,"unlocked":false},{"starRating":0,"unlocked":false},{"starRating":0,"unlocked":false},{"starRating":1,"unlocked":true},{"starRating":0,"unlocked":false}],"skillPoints":6},{"levelSaveData":[{"starRating":3,"unlocked":true},{"starRating":2,"unlocked":true},{"starRating":0,"unlocked":false},{"starRating":0,"unlocked":false},{"starRating":3,"unlocked":true},{"starRating":0,"unlocked":false},{"starRating":0,"unlocked":false},{"starRating":0,"unlocked":false},{"starRating":0,"unlocked":false},{"starRating":0,"unlocked":false}],"skillPoints":8},{"age":12,"name":"leslie","gender":1,"levelSaveData":[{"starRating":3,"unlocked":true},{"starRating":3,"chunks":[["1"],["20$$happy","14$$nice"],["15$$video games","6$$music","5$$animals"],["3"]],"unlocked":true},{"starRating":3,"chunks":[["0"],["6$$music","9$$soccer"],["9$$swimming","7$$music"]],"unlocked":true},{"starRating":0,"chunks":[[null],[null],[null],[null],[null,null],[null]],"unlocked":true},{"starRating":0,"chunks":[[null],[null],[null,null],[null],[null],[null]],"unlocked":false},{"starRating":0,"chunks":[[null],[null,null,null,null],[null],[null]],"unlocked":false},{"starRating":0,"chunks":[[null],[null],[null,null],[null,null],[null]],"unlocked":false},{"starRating":0,"chunks":[[null,null,null],[null,null,null],[null],[null],[null]],"unlocked":false},{"starRating":0,"chunks":[[null,null,null],[null,null,null],[null,null]],"unlocked":false},{"starRating":0,"chunks":[[null],[null],[null],[null],[null],[null]],"unlocked":false}],"visualAvatar":0,"id":2,"skillPoints":9}],"avatar":{"age":12,"name":"leslie","gender":1,"levelSaveData":[{"starRating":3,"unlocked":true},{"starRating":3,"chunks":[["1"],["20$$happy","14$$nice"],["15$$video games","6$$music","5$$animals"],["3"]],"unlocked":true},{"starRating":3,"chunks":[["0"],["6$$music","9$$soccer"],["9$$swimming","7$$music"]],"unlocked":true},{"starRating":0,"chunks":[[null],[null],[null],[null],[null,null],[null]],"unlocked":true},{"starRating":0,"chunks":[[null],[null],[null,null],[null],[null],[null]],"unlocked":false},{"starRating":0,"chunks":[[null],[null,null,null,null],[null],[null]],"unlocked":false},{"starRating":0,"chunks":[[null],[null],[null,null],[null,null],[null]],"unlocked":false},{"starRating":0,"chunks":[[null,null,null],[null,null,null],[null],[null],[null]],"unlocked":false},{"starRating":0,"chunks":[[null,null,null],[null,null,null],[null,null]],"unlocked":false},{"starRating":0,"chunks":[[null],[null],[null],[null],[null],[null]],"unlocked":false}],"visualAvatar":0,"id":2,"skillPoints":9}}
