6486010,0,25:56:43,4/30/2013 3:04:42pm
6486010,100,25:56:51,2
6486010,102,25:56:52,2
6486010,200,25:56:52,2,6,6,8,4,9
6486010,219,25:56:52,2
6486010,216,25:56:54,Stack_G8a0
6486010,217,25:57:12,Stack_G8a0,17,0.00
6486010,218,25:57:14,2
6486010,210,25:57:15,894,408
6486010,211,25:57:18,511,591
6486010,210,25:57:18,535,590
6486010,211,25:57:19,506,584
6486010,213,25:57:19,2,s_bottleCrush2_M_G8a0,true
6486010,205,25:57:20,2,s_bottleCrush2_M_G8a0,false,false
6486010,210,25:57:24,635,522
6486010,211,25:57:27,305,345
6486010,210,25:57:49,615,384
6486010,207,25:57:52,2,-200,0
6486010,207,25:57:57,2,0,-315
6486010,211,25:57:59,875,238
6486010,221,25:58:0,2
6486010,220,25:58:2,2
6486010,212,25:58:3,1
6486010,210,25:58:4,1118,473
6486010,211,25:58:5,1412,343
6486010,207,25:58:5,2,-315,-405
6486010,210,25:58:5,1488,351
6486010,207,25:58:5,2,-405,-492
6486010,211,25:58:11,893,493
6486010,213,25:58:11,2,s_cellphone_G8a0,true
6486010,205,25:58:11,2,s_cellphone_G8a0,false,false
6486010,221,25:58:15,2
6486010,220,25:58:16,2
6486010,210,25:58:17,1074,446
6486010,207,25:58:21,2,-492,-312
6486010,207,25:58:28,2,-312,0
6486010,211,25:58:29,437,543
6486010,219,25:58:30,2
6486010,216,25:58:30,Stack_G8a1N
6486010,217,25:58:38,Stack_G8a1N,4.7,0.00
6486010,218,25:58:39,2
6486010,210,25:58:50,394,91
6486010,211,25:58:51,527,70
6486010,210,25:58:52,453,91
6486010,211,25:58:52,484,133
6486010,213,25:58:52,2,s_basementDoor_gen,true
6486010,205,25:58:52,2,s_basementDoor_gen,false,false
6486010,210,25:58:57,707,516
6486010,211,25:58:58,1008,510
6486010,213,25:58:58,2,s_stairs_G8a1N,true
6486010,212,25:59:0,2
6486010,210,25:59:1,732,441
6486010,211,25:59:1,703,468
6486010,213,25:59:1,2,c_crush2_M_a_G8a1N,true
6486010,210,25:59:3,572,572
6486010,211,25:59:4,550,618
6486010,212,25:59:5,1
6486010,210,25:59:6,540,562
6486010,211,25:59:7,544,618
6486010,213,25:59:7,2,s_dirtyClothes_gen,true
6486010,205,25:59:7,2,s_dirtyClothes_gen,false,false
6486010,219,25:59:10,2
6486010,216,25:59:11,Stack_G8a3N
6486010,217,25:59:18,Stack_G8a3N,5.0,0.83
6486010,218,25:59:20,2
6486010,210,25:59:23,906,486
6486010,207,25:59:26,2,-200,-35
6486010,211,25:59:28,404,496
6486010,213,25:59:28,2,s_mirror_lati_M_a_G8a3N,true
6486010,205,25:59:28,2,s_mirror_lati_M_a_G8a3N,false,false
6486010,210,25:59:32,502,493
6486010,207,25:59:36,2,-35,-492
6486010,211,25:59:39,1478,545
6486010,212,25:59:40,2
6486010,210,25:59:40,1450,567
6486010,207,25:59:42,2,-492,-282
6486010,207,25:59:43,2,-282,0
6486010,207,25:59:49,2,0,-492
6486010,211,25:59:53,1127,160
6486010,212,25:59:54,0
6486010,210,25:59:55,1329,436
6486010,211,26:0:0,820,477
6486010,213,26:0:0,2,c_nurse_a_G8a3N,true
6486010,205,26:0:1,2,c_nurse_a_G8a3N,false,false
6486010,210,26:0:9,1106,486
6486010,211,26:0:11,314,316
6486010,207,26:0:11,2,-492,-297
6486010,210,26:0:11,224,324
6486010,211,26:0:11,224,324
6486010,207,26:0:11,2,-297,-222
6486010,221,26:0:14,2
6486010,220,26:0:17,2
6486010,210,26:0:18,769,510
6486010,211,26:0:22,732,544
6486010,213,26:0:22,2,s_crush2Lips_M_G8a1N,true
6486010,205,26:0:22,2,s_crush2Lips_M_G8a1N,false,false
6486010,221,26:0:26,2
6486010,220,26:0:27,2
6486010,210,26:0:29,876,438
6486010,207,26:0:30,2,-200,-230
6486010,207,26:0:30,2,-230,-492
6486010,207,26:0:35,2,-492,0
6486010,211,26:0:39,81,353
6486010,221,26:0:41,2
6486010,220,26:0:44,2
6486010,221,26:0:45,2
6486010,220,26:0:46,2
6486010,210,26:0:47,965,482
6486010,211,26:0:49,516,577
6486010,213,26:0:49,2,c_crush2_M_a_G8a0,true
6486010,205,26:0:49,2,c_crush2_M_a_G8a0,false,false
6486010,221,26:0:53,2
6486010,220,26:0:54,2
6486010,210,26:0:55,572,532
6486010,207,26:1:1,2,-200,-260
6486010,211,26:1:4,928,325
6486010,213,26:1:4,2,c_cousin_M_a_G8a0,true
6486010,205,26:1:4,2,c_cousin_M_a_G8a0,false,false
6486010,221,26:1:8,2
6486010,220,26:1:9,2
6486010,210,26:1:10,1051,386
6486010,207,26:1:16,2,-260,-492
6486010,207,26:1:24,2,-492,0
6486010,211,26:1:25,173,263
6486010,213,26:1:25,2,s_stairs_G8a0,true
6486010,212,26:1:28,2
6486010,221,26:1:29,2
6486010,220,26:1:30,2
6486010,212,26:1:30,1
6486010,210,26:1:37,312,525
6486010,211,26:1:41,379,149
6486010,213,26:1:41,2,s_clock_G8a0,true
6486010,205,26:1:41,2,s_clock_G8a0,false,false
6486010,221,26:1:44,2
6486010,220,26:1:46,2
6486010,210,26:1:47,571,481
6486010,211,26:1:50,883,383
6486010,212,26:1:50,0
6486010,210,26:1:51,424,233
6486010,211,26:1:52,379,122
6486010,212,26:1:53,1
6486010,210,26:1:53,629,554
6486010,211,26:1:56,800,499
6486010,213,26:1:56,2,s_bottleTable_G8a0,true
6486010,221,26:1:59,2
6486010,220,26:2:1,2
6486010,210,26:2:1,793,500
6486010,207,26:2:3,2,0,-60
6486010,207,26:2:8,2,-60,-492
6486010,211,26:2:10,1417,248
6486010,210,26:2:22,1201,388
6486010,211,26:2:23,1223,353
6486010,210,26:2:23,1228,414
6486010,211,26:2:24,1374,330
6486010,210,26:3:17,657,505
6486010,211,26:3:18,955,528
6486010,213,26:3:18,2,s_stairs_G8a1N,true
6486010,212,26:3:20,0
6486010,210,26:3:20,712,505
6486010,211,26:3:22,742,559
6486010,213,26:3:22,2,s_crush2Lips_M_G8a1N,true
6486010,205,26:3:22,2,s_crush2Lips_M_G8a1N,false,true
6486010,210,26:3:26,697,486
6486010,211,26:3:27,709,530
6486010,213,26:3:27,2,s_crush2Sore_M_G8a1N,true
6486010,205,26:3:27,2,s_crush2Sore_M_G8a1N,false,false
6486010,210,26:3:30,558,565
6486010,211,26:3:31,545,625
6486010,212,26:3:32,2
6486010,210,26:3:32,597,588
6486010,211,26:3:33,553,624
6486010,212,26:3:34,1
6486010,210,26:3:34,547,571
6486010,207,26:3:36,2,-200,-5
6486010,211,26:3:39,203,525
6486010,213,26:3:39,2,s_waterHeater_gen,true
6486010,210,26:3:53,845,403
6486010,211,26:3:54,1037,524
6486010,207,26:3:54,2,-5,-80
6486010,212,26:3:55,0
6486010,207,26:3:55,2,-80,-95
6486010,210,26:3:55,999,470
6486010,211,26:3:57,772,385
6486010,213,26:3:57,2,s_crush2Eyes_M_G8a1N,true
6486010,205,26:3:57,2,s_crush2Eyes_M_G8a1N,false,false
6486010,210,26:4:3,465,480
6486010,211,26:4:6,1145,510
6486010,213,26:4:6,2,s_phone_G8a3N,true
6486010,210,26:4:8,282,585
6486010,207,26:4:10,2,-200,-20
6486010,207,26:4:13,2,-20,-425
6486010,207,26:4:13,2,-425,-492
6486010,211,26:4:14,1487,527
6486010,212,26:4:14,1
6486010,210,26:4:15,1384,524
6486010,207,26:4:18,2,-492,-267
6486010,207,26:4:22,2,-267,-477
6486010,207,26:4:22,2,-477,-492
6486010,207,26:4:25,2,-492,0
6486010,211,26:4:28,223,285
6486010,213,26:4:28,2,s_door_G8a3N,true
6486010,212,26:4:30,2
6486010,210,26:4:31,506,526
6486010,207,26:4:36,2,0,-270
6486010,211,26:4:37,938,100
6486010,213,26:4:37,2,s_poster_G8a3N,true
6486010,210,26:4:41,1077,445
6486010,207,26:4:43,2,-270,-492
6486010,211,26:4:44,921,98
6486010,213,26:4:44,2,s_poster_G8a3N,true
6486010,210,26:4:48,1303,368
6486010,207,26:4:54,2,-492,0
6486010,211,26:4:56,988,473
6486010,207,26:4:56,2,0,-30
6486010,221,26:5:1,2
6486010,220,26:5:6,2
6486010,212,26:5:11,1
6486010,210,26:5:12,1141,449
6486010,211,26:5:12,1257,429
6486010,207,26:5:12,2,-200,-260
6486010,210,26:5:12,1328,495
6486010,207,26:5:13,2,-260,-455
6486010,207,26:5:19,2,-455,-155
6486010,207,26:5:20,2,-155,0
6486010,211,26:5:24,621,363
6486010,212,26:5:25,0
6486010,210,26:5:26,20,387
6486010,211,26:5:29,179,566
6486010,213,26:5:29,2,s_pamphlet1_G8a3N,true
6486010,205,26:5:29,2,s_pamphlet1_G8a3N,false,false
6486010,210,26:5:32,367,481
6486010,211,26:5:35,868,451
6486010,213,26:5:35,2,c_nurse_a_G8a3N,true
6486010,205,26:5:35,2,c_nurse_a_G8a3N,false,true
6486010,210,26:5:38,536,403
6486010,211,26:5:41,439,204
6486010,213,26:5:41,2,s_pamphlet2_G8a3N,true
6486010,210,26:5:45,542,291
6486010,207,26:5:46,2,0,-210
6486010,207,26:5:49,2,-210,-492
6486010,211,26:5:59,1437,491
6486010,212,26:6:0,1
6486010,210,26:6:1,1423,378
6486010,207,26:6:5,2,-492,-342
6486010,211,26:6:7,693,321
6486010,212,26:6:8,2
6486010,210,26:6:8,608,149
6486010,211,26:6:9,642,209
6486010,212,26:6:11,0
6486010,210,26:6:11,599,154
6486010,211,26:6:12,529,192
6486010,213,26:6:12,2,s_pamphlet3_G8a3N,true
6486010,205,26:6:12,2,s_pamphlet3_G8a3N,false,false
6486010,221,26:6:20,2
6486010,220,26:6:21,2
6486010,1003,26:6:21,3
6486010,1004,26:6:22,1
6486010,500,26:6:25,1,[]
6486010,501,26:6:26,1,[]
6486010,502,26:6:34,1,[IntentionData_logId:3,true]
6486010,503,26:6:34,1,[]
6486010,504,26:6:38,1,[InfluenceData_logId:0]
6486010,504,26:6:39,1,[InfluenceData_logId:5]
6486010,504,26:6:41,1,[InfluenceData_logId:6]
6486010,505,26:6:42,1,[InfluenceData_logId:0,true,InfluenceData_logId:5,true,InfluenceData_logId:6,true]
6486010,506,26:6:43,1,[]
6486010,507,26:6:51,1,[OpponentAttackData_logId:1,OpponentAttackTypeData_logId:1,true,0]
6486010,508,26:6:53,1,[]
6486010,509,26:7:10,1,[RefusalData_logId:2,1]
6486010,510,26:7:13,1,[AvailableRefusalData_logId:2,0A]
6486010,510,26:7:14,1,[AvailableRefusalData_logId:2,1A]
6486010,510,26:7:14,1,[AvailableRefusalData_logId:2,2A]
6486010,511,26:7:15,1,[AvailableRefusalData_logId:2,0A,1A,2A,true,30]
6486010,512,26:7:18,1,[]
6486010,513,26:7:18,1,[0]
6486010,514,26:7:20,1,[]
6486010,507,26:7:27,1,[OpponentAttackData_logId:3,OpponentAttackTypeData_logId:4,true,0]
6486010,508,26:7:29,1,[]
6486010,509,26:7:38,1,[RefusalData_logId:4,2]
6486010,510,26:7:59,1,[AvailableRefusalData_logId:4,0A]
6486010,510,26:7:59,1,[AvailableRefusalData_logId:4,1A]
6486010,510,26:8:0,1,[AvailableRefusalData_logId:4,2A]
6486010,511,26:8:1,1,[AvailableRefusalData_logId:4,0A,1A,2A,true,50]
6486010,512,26:8:4,1,[]
6486010,513,26:8:4,1,[0]
6486010,514,26:8:6,1,[]
6486010,507,26:8:11,1,[OpponentAttackData_logId:2,OpponentAttackTypeData_logId:3,true,0]
6486010,508,26:8:13,1,[]
6486010,509,26:8:41,1,[RefusalData_logId:0,0]
6486010,510,26:8:58,1,[AvailableRefusalData_logId:0,0A]
6486010,510,26:8:58,1,[AvailableRefusalData_logId:0,1A]
6486010,510,26:8:59,1,[AvailableRefusalData_logId:0,2A]
6486010,511,26:8:59,1,[AvailableRefusalData_logId:0,0A,1A,2A,true,20]
6486010,512,26:9:6,1,[]
6486010,515,26:9:6,1,[150,0]
6486010,516,26:9:7,1,[]
6486010,517,26:9:8,1,[]
6486010,1005,26:9:8,1,[3,0,3]
6486010,1001,26:9:9,1,[]
6486010,1003,26:9:9,3
6486010,221,26:9:13,2
6486010,220,26:9:18,2
6486010,221,26:9:34,2
6486010,220,26:9:38,2
6486010,219,26:9:38,2
6486010,216,26:9:39,Stack_G8a3P
6486010,217,26:9:43,Stack_G8a3P,3.3,12
6486010,218,26:9:44,2
6486010,210,26:9:45,744,461
6486010,211,26:9:51,1101,350
6486010,213,26:9:51,2,c_crush2_M_a_G8a3P,true
6486010,205,26:9:51,2,c_crush2_M_a_G8a3P,false,false
6486010,212,26:9:55,1
6486010,210,26:9:56,842,371
6486010,211,26:9:56,777,369
6486010,213,26:9:56,2,s_kidsCouch_G8a3P,true
6486010,205,26:9:56,2,s_kidsCouch_G8a3P,false,false
6486010,221,26:10:5,2
6486010,220,26:10:5,2
6486010,219,26:10:5,2
6486010,216,26:10:6,Stack_G8a1P
6486010,217,26:10:10,Stack_G8a1P,3.3,14
6486010,218,26:10:11,2
6486010,210,26:10:12,1145,482
6486010,207,26:10:13,2,-200,-290
6486010,207,26:10:14,2,-290,-492
6486010,211,26:10:15,1160,455
6486010,213,26:10:15,2,s_spraypaintCrush2_M_G8a1P,true
6486010,210,26:10:17,806,471
6486010,211,26:10:18,593,632
6486010,213,26:10:18,2,s_dirtyClothes_gen,true
6486010,205,26:10:18,2,s_dirtyClothes_gen,false,false
6486010,210,26:10:21,672,206
6486010,207,26:10:22,2,-492,-267
6486010,211,26:10:23,517,183
6486010,213,26:10:23,2,s_basementDoor_gen,true
6486010,205,26:10:23,2,s_basementDoor_gen,false,false
6486010,210,26:10:26,732,479
6486010,207,26:10:27,2,-267,-57
6486010,211,26:10:28,248,499
6486010,213,26:10:28,2,s_waterHeater_gen,true
6486010,212,26:10:31,2
6486010,210,26:10:31,611,577
6486010,207,26:10:34,2,-57,-132
6486010,211,26:10:35,1025,401
6486010,213,26:10:35,2,c_crush2_M_a_G8a1P,true
6486010,205,26:10:35,2,c_crush2_M_a_G8a1P,false,false
6486010,210,26:10:38,852,451
6486010,207,26:10:39,2,-132,-312
6486010,207,26:10:40,2,-312,-492
6486010,211,26:10:42,1371,549
6486010,212,26:10:43,0
6486010,210,26:10:44,1370,478
6486010,211,26:10:45,1253,586
6486010,221,26:10:46,2
6486010,220,26:10:47,2
6486010,210,26:10:48,1386,546
6486010,211,26:10:52,1360,514
6486010,213,26:10:52,2,s_inhalantsShelf_gen,true
6486010,205,26:10:52,2,s_inhalantsShelf_gen,false,false
6486010,219,26:10:55,2
6486010,216,26:10:55,Stack_G8a2N
6486010,217,26:11:4,Stack_G8a2N,6.0,0.00
6486010,218,26:11:6,2
6486010,210,26:11:7,689,289
6486010,211,26:11:10,1068,443
6486010,213,26:11:10,2,s_fumes_G8a2N,true
6486010,210,26:11:13,573,274
6486010,211,26:11:13,490,162
6486010,213,26:11:13,2,c_friend1_M_a_G8a2N,true
6486010,212,26:11:17,2
6486010,210,26:11:19,1128,550
6486010,207,26:11:20,2,-200,-492
6486010,207,26:11:23,2,-492,-252
6486010,207,26:11:24,2,-252,-42
6486010,211,26:11:26,638,606
6486010,212,26:11:27,1
6486010,212,26:11:28,0
6486010,210,26:11:29,816,467
6486010,207,26:11:30,2,-42,-237
6486010,207,26:11:32,2,-237,-72
6486010,207,26:11:33,2,-72,0
6486010,211,26:11:36,1263,471
6486010,207,26:11:36,2,0,-255
6486010,210,26:11:37,1348,513
6486010,207,26:11:37,2,-255,-492
6486010,211,26:11:38,1263,593
6486010,212,26:11:39,1
6486010,210,26:11:40,1178,497
6486010,211,26:11:41,1122,562
6486010,213,26:11:41,2,c_crush2_M_a_G8a2N,true
6486010,205,26:11:41,2,c_crush2_M_a_G8a2N,false,false
6486010,210,26:11:44,846,359
6486010,207,26:11:45,2,-492,-312
6486010,207,26:11:50,2,-312,-492
6486010,211,26:11:50,1354,494
6486010,212,26:11:51,2
6486010,210,26:11:51,1238,471
6486010,211,26:11:53,1450,589
6486010,221,26:12:1,2
6486010,220,26:12:4,2
6486010,212,26:12:8,0
6486010,210,26:12:8,503,549
6486010,207,26:12:9,2,-200,-65
6486010,207,26:12:14,2,-65,-260
6486010,207,26:12:16,2,-260,-492
6486010,211,26:12:19,1322,534
6486010,210,26:12:24,1088,404
6486010,211,26:12:32,1210,537
6486010,213,26:12:32,2,s_spraypaintCan_G8a2N,true
6486010,205,26:12:32,2,s_spraypaintCan_G8a2N,false,false
6486010,221,26:12:37,2
6486010,220,26:12:38,2
6486010,219,26:12:38,2
6486010,216,26:12:39,Stack_G8a2P
6486010,217,26:12:58,Stack_G8a2P,14,0.00
6486010,218,26:12:59,2
6486010,210,26:13:0,618,458
6486010,207,26:13:0,2,-400,-355
6486010,207,26:13:2,2,-355,-520
6486010,207,26:13:3,2,-520,-995
6486010,211,26:13:5,1901,479
6486010,212,26:13:6,1
6486010,210,26:13:6,1882,460
6486010,211,26:13:6,1880,467
6486010,212,26:13:7,2
6486010,210,26:13:7,1882,435
6486010,211,26:13:8,1880,447
6486010,213,26:13:8,2,c_crush2_M_a_G8a2P,true
6486010,205,26:13:8,2,c_crush2_M_a_G8a2P,false,false
6486010,210,26:13:11,1356,383
6486010,211,26:13:12,1218,408
6486010,212,26:13:12,1
6486010,210,26:13:13,1340,391
6486010,211,26:13:13,1197,378
6486010,213,26:13:13,2,c_grandma_lati_a_G8a2P,true
6486010,210,26:13:17,1637,439
6486010,207,26:13:18,2,-995,-830
6486010,207,26:13:19,2,-830,-485
6486010,211,26:13:20,771,303
6486010,213,26:13:20,2,s_door_gen,true
6486010,210,26:13:23,813,445
6486010,207,26:13:24,2,-485,-290
6486010,211,26:13:25,471,517
6486010,212,26:13:26,2
6486010,210,26:13:26,584,472
6486010,211,26:13:27,482,501
6486010,213,26:13:27,2,c_kidSister_lati_a_G8a2P,true
6486010,205,26:13:27,2,c_kidSister_lati_a_G8a2P,false,false
6486010,210,26:13:30,696,489
6486010,207,26:13:31,2,-290,-80
6486010,211,26:13:33,227,634
6486010,213,26:13:33,2,s_videoGame_G8a2P,true
6486010,210,26:13:35,696,298
6486010,207,26:13:35,2,-80,-230
6486010,211,26:13:36,960,341
6486010,212,26:13:37,1
6486010,210,26:13:37,1050,370
6486010,211,26:13:38,1052,310
6486010,212,26:13:38,0
6486010,210,26:13:39,1052,347
6486010,211,26:13:40,1061,320
6486010,213,26:13:40,2,s_cigarette_G8a2P,true
6486010,210,26:13:43,926,400
6486010,207,26:13:45,2,-230,-575
6486010,207,26:13:46,2,-575,-890
6486010,211,26:13:50,1539,605
6486010,213,26:13:50,2,s_magazine_G8a2P,true
6486010,205,26:13:50,2,s_magazine_G8a2P,false,false
6486010,210,26:13:53,1714,247
6486010,207,26:13:55,2,-890,-995
6486010,211,26:13:56,1992,152
6486010,212,26:13:56,1
6486010,210,26:13:57,1868,270
6486010,211,26:13:58,1995,144
6486010,212,26:13:59,2
6486010,210,26:13:59,1908,355
6486010,211,26:14:2,1992,141
6486010,213,26:14:2,2,s_pictureDad_lati_gen,true
6486010,205,26:14:2,2,s_pictureDad_lati_gen,false,false
6486010,210,26:14:6,1612,446
6486010,211,26:14:8,1479,559
6486010,221,26:14:9,2
6486010,220,26:14:11,2
6486010,212,26:14:12,0
6486010,210,26:14:12,1729,567
6486010,207,26:14:15,2,-995,-920
6486010,211,26:14:19,1336,369
6486010,213,26:14:19,2,s_teaCup_G8a2P,true
6486010,210,26:14:21,1584,455
6486010,207,26:14:22,2,-920,-995
6486010,207,26:14:26,2,-995,-755
6486010,207,26:14:28,2,-755,-500
6486010,211,26:14:30,640,578
6486010,213,26:14:30,2,s_sistersToy_G8a2P,true
6486010,205,26:14:30,2,s_sistersToy_G8a2P,false,false
6486010,221,26:14:33,2
6486010,300,26:14:34
6486010,220,26:14:34,2
6486010,305,26:15:12,0,2,0,6,music
6486010,301,26:15:13,1
6486010,301,26:15:33,2
6486010,302,26:15:59,2,2,0,5
6486010,302,26:15:59,2,2,0,4
6486010,304,26:16:2,2,2,0,-1,,4,
6486010,302,26:16:13,2,3,0,2
6486010,304,26:16:14,2,3,0,-1,,2,
6486010,302,26:16:17,2,3,0,0
6486010,304,26:16:18,2,3,0,2,,0,
6486010,302,26:16:27,2,5,0,4
6486010,302,26:16:30,2,5,0,1
6486010,302,26:16:32,2,5,0,7
6486010,302,26:16:33,2,5,0,6
6486010,306,26:16:36,2,0,1
6486010,304,26:16:36,2,5,0,-1,,6,
6486010,302,26:16:51,2,4,0,1
6486010,304,26:16:53,2,4,0,-1,,1,
6486010,302,26:16:54,2,4,1,2
6486010,302,26:17:2,2,4,1,4
6486010,302,26:17:3,2,4,1,0
6486010,306,26:17:4,2,1,2
6486010,304,26:17:4,2,4,1,-1,,0,
6486010,302,26:17:14,2,1,0,6
6486010,303,26:17:19,2,1,0,6
6486010,305,26:17:22,2,1,0,-1,
6486010,302,26:17:28,2,1,0,0
6486010,304,26:17:28,2,1,0,-1,,0,
6486010,302,26:17:35,2,0,0,3
6486010,302,26:17:39,2,0,0,7
6486010,302,26:17:42,2,0,0,3
6486010,306,26:17:43,2,2,3
6486010,304,26:17:43,2,0,0,-1,,3,
6486010,221,26:17:52,2
6486010,220,26:17:52,2
6486010,203,26:17:52,2
6486010,100,26:18:22,3
6486010,102,26:18:23,3
6486010,200,26:18:23,3,6,6,8,7,12
6486010,219,26:18:23,3
6486010,216,26:18:25,Stack_G8b0
6486010,217,26:18:42,Stack_G8b0,15,0.17
6486010,218,26:18:43,3
6486010,219,26:18:44,3
6486010,216,26:18:44,Stack_G8b1N
6486010,217,26:19:2,Stack_G8b1N,12,0.00
6486010,218,26:19:3,3
6486010,221,26:19:8,3
6486010,220,26:19:10,3
6486010,212,26:19:11,1
6486010,207,26:19:11,3,-200,-230
6486010,210,26:19:11,964,490
6486010,207,26:19:12,3,-230,0
6486010,211,26:19:14,264,180
6486010,213,26:19:14,3,c_kidSister_lati_a_G8b0,true
6486010,205,26:19:14,3,c_kidSister_lati_a_G8b0,false,false
6486010,210,26:19:17,319,433
6486010,207,26:19:23,3,0,-995
6486010,207,26:19:30,3,-995,-710
6486010,211,26:19:31,637,404
6486010,207,26:19:31,3,-710,-620
6486010,207,26:19:32,3,-620,-590
6486010,210,26:19:32,741,403
6486010,207,26:19:34,3,-590,0
6486010,207,26:19:42,3,0,-180
6486010,207,26:19:45,3,-180,-990
6486010,207,26:19:46,3,-990,-995
6486010,211,26:19:49,1307,234
6486010,212,26:19:50,2
6486010,210,26:19:50,1774,468
6486010,211,26:19:52,1685,442
6486010,213,26:19:52,3,c_friend1_M_a_G8b0,true
6486010,205,26:19:52,3,c_friend1_M_a_G8b0,false,false
6486010,221,26:19:55,3
6486010,220,26:19:57,3
6486010,210,26:19:58,1785,405
6486010,211,26:20:1,1459,320
6486010,213,26:20:1,3,c_grandma_lati_a_G8b0,true
6486010,210,26:20:4,1567,335
6486010,207,26:20:14,3,-995,-650
6486010,207,26:20:15,3,-650,-590
6486010,207,26:20:17,3,-590,0
6486010,211,26:20:21,824,352
6486010,212,26:20:21,0
6486010,210,26:20:22,585,489
6486010,207,26:20:29,3,0,-990
6486010,207,26:20:30,3,-990,-995
6486010,207,26:20:38,3,-995,-860
6486010,207,26:20:39,3,-860,-635
6486010,207,26:20:42,3,-635,0
6486010,211,26:20:43,278,482
6486010,210,26:20:47,709,471
6486010,211,26:20:48,703,468
6486010,207,26:20:48,3,-200,-245
6486010,210,26:20:49,1010,519
6486010,207,26:20:50,3,-245,-512.45
6486010,211,26:20:53,1074,266
6486010,212,26:20:53,2
6486010,210,26:20:54,1130,419
6486010,211,26:20:54,1007,287
6486010,213,26:20:54,3,c_grandma_lati_a_G8b1N,true
6486010,205,26:20:54,3,c_grandma_lati_a_G8b1N,false,false
6486010,210,26:20:58,930,476
6486010,211,26:20:59,469,418
6486010,207,26:20:59,3,-512.45,-452.45
6486010,210,26:20:59,379,426
6486010,211,26:20:59,349,426
6486010,207,26:20:59,3,-452.45,-347.45
6486010,210,26:21:0,607,471
6486010,207,26:21:1,3,-347.45,0
6486010,211,26:21:4,982,466
6486010,207,26:21:4,3,0,-30
6486010,212,26:21:5,1
6486010,210,26:21:5,969,467
6486010,207,26:21:6,3,-30,-512.45
6486010,211,26:21:10,595,452
6486010,213,26:21:10,3,c_friend1_M_a_G8b1N,true
6486010,205,26:21:10,3,c_friend1_M_a_G8b1N,false,false
6486010,210,26:21:14,1012,477
6486010,207,26:21:15,3,-512.45,0
6486010,211,26:21:16,146,423
6486010,213,26:21:16,3,c_kidSister_lati_a_G8b1N,true
6486010,205,26:21:16,3,c_kidSister_lati_a_G8b1N,false,false
6486010,212,26:21:20,0
6486010,210,26:21:21,672,484
6486010,207,26:21:23,3,0,-375
6486010,207,26:21:25,3,-375,-512.45
6486010,211,26:21:26,910,317
6486010,221,26:21:28,3
6486010,220,26:21:30,3
6486010,210,26:21:31,427,510
6486010,207,26:21:32,3,-200,0
6486010,207,26:21:41,3,0,-180
6486010,207,26:21:46,3,-180,-420
6486010,207,26:21:48,3,-420,-480
6486010,207,26:21:50,3,-480,-995
6486010,211,26:21:57,1556,338
6486010,213,26:21:57,3,s_pillBottle_G8b0,true
6486010,205,26:21:57,3,s_pillBottle_G8b0,false,false
6486010,221,26:22:0,3
6486010,220,26:22:4,3
6486010,1003,26:22:4,3
6486010,1004,26:22:6,3
6486010,500,26:22:8,3,[]
6486010,501,26:22:12,3,[]
6486010,502,26:22:22,3,[IntentionData_logId:2,true]
6486010,503,26:22:25,3,[]
6486010,504,26:22:28,3,[InfluenceData_logId:2]
6486010,504,26:22:29,3,[InfluenceData_logId:0]
6486010,504,26:22:31,3,[InfluenceData_logId:1]
6486010,504,26:22:35,3,[InfluenceData_logId:4]
6486010,504,26:22:37,3,[InfluenceData_logId:5]
6486010,504,26:22:38,3,[InfluenceData_logId:3]
6486010,504,26:22:41,3,[InfluenceData_logId:6]
6486010,504,26:22:44,3,[InfluenceData_logId:8]
6486010,504,26:22:47,3,[InfluenceData_logId:7]
6486010,505,26:22:50,3,[InfluenceData_logId:1,true,InfluenceData_logId:3,true,InfluenceData_logId:7,true]
6486010,506,26:22:51,3,[]
6486010,507,26:22:59,3,[OpponentAttackData_logId:1,OpponentAttackTypeData_logId:1,false,30]
6486010,508,26:23:1,3,[]
6486010,509,26:23:6,3,[RefusalData_logId:2,2]
6486010,510,26:23:24,3,[AvailableRefusalData_logId:2,0A]
6486010,510,26:23:24,3,[AvailableRefusalData_logId:2,1A]
6486010,510,26:23:25,3,[AvailableRefusalData_logId:2,2A]
6486010,511,26:23:25,3,[AvailableRefusalData_logId:2,0A,1A,2A,true,50]
6486010,512,26:23:28,3,[]
6486010,513,26:23:28,3,[0]
6486010,514,26:23:28,3,[]
6486010,507,26:23:35,3,[OpponentAttackData_logId:2,OpponentAttackTypeData_logId:1,true,0]
6486010,508,26:23:37,3,[]
6486010,509,26:23:44,3,[RefusalData_logId:4,2]
6486010,510,26:24:2,3,[AvailableRefusalData_logId:4,0A]
6486010,510,26:24:2,3,[AvailableRefusalData_logId:4,1A]
6486010,510,26:24:2,3,[AvailableRefusalData_logId:4,2A]
6486010,511,26:24:3,3,[AvailableRefusalData_logId:4,0A,1A,2A,true,50]
6486010,512,26:24:5,3,[]
6486010,515,26:24:5,3,[120,0]
6486010,516,26:24:7,3,[]
6486010,517,26:24:8,3,[]
6486010,1005,26:24:8,3,[3,0,3]
6486010,1001,26:24:9,3,[]
6486010,1003,26:24:9,3
6486010,221,26:24:12,3
6486010,300,26:24:13
6486010,220,26:24:13,3
6486010,301,26:24:15,3
6486010,302,26:24:22,3,2,1,11
6486010,302,26:24:24,3,2,1,20
6486010,302,26:24:27,3,2,1,26
6486010,302,26:24:27,3,2,1,23
6486010,302,26:24:28,3,2,1,20
6486010,302,26:24:29,3,2,1,17
6486010,302,26:24:30,3,2,1,14
6486010,302,26:24:30,3,2,1,11
6486010,302,26:24:34,3,2,1,5
6486010,302,26:24:35,3,2,1,1
6486010,302,26:24:38,3,2,1,5
6486010,302,26:24:38,3,2,1,3
6486010,302,26:24:41,3,2,1,4
6486010,302,26:24:43,3,2,1,8
6486010,302,26:24:46,3,2,1,17
6486010,302,26:24:49,3,2,1,20
6486010,302,26:24:50,3,2,1,23
6486010,302,26:24:53,3,2,1,11
6486010,302,26:24:54,3,2,1,8
6486010,302,26:24:55,3,2,1,5
6486010,302,26:24:56,3,2,1,1
6486010,302,26:24:57,3,2,1,2
6486010,302,26:25:2,3,2,1,11
6486010,302,26:25:4,3,2,1,16
6486010,302,26:25:8,3,2,1,4
6486010,304,26:25:8,3,2,1,-1,,4,
6486010,302,26:25:16,3,4,0,0
6486010,304,26:25:24,3,4,0,-1,,0,
6486010,302,26:25:26,3,4,0,1
6486010,302,26:25:26,3,4,0,2
6486010,304,26:25:27,3,4,0,0,,2,
6486010,302,26:25:33,3,2,0,5
6486010,302,26:25:35,3,2,0,8
6486010,302,26:25:41,3,2,0,0
6486010,305,26:25:45,3,2,0,-1,
6486010,302,26:25:48,3,2,0,5
6486010,302,26:25:52,3,2,0,11
6486010,302,26:25:53,3,2,0,6
6486010,306,26:25:54,3,0,1
6486010,304,26:25:54,3,2,0,-1,,6,
6486010,305,26:25:56,3,3,0,-1,
6486010,302,26:26:5,3,3,0,1
6486010,304,26:26:5,3,3,0,-1,,1,
6486010,302,26:26:8,3,0,0,5
6486010,302,26:26:11,3,0,0,4
6486010,303,26:26:12,3,0,0,4
6486010,306,26:26:13,3,1,2
6486010,304,26:26:13,3,0,0,-1,,4,gym
6486010,302,26:26:15,3,2,0,5
6486010,302,26:26:21,3,2,0,2
6486010,302,26:26:22,3,2,0,5
6486010,302,26:26:23,3,2,0,8
6486010,302,26:26:23,3,2,0,11
6486010,302,26:26:24,3,2,0,10
6486010,302,26:26:24,3,2,0,11
6486010,302,26:26:25,3,2,0,13
6486010,302,26:26:26,3,2,0,14
6486010,302,26:26:28,3,2,0,13
6486010,304,26:26:29,3,2,0,6,,13,
6486010,302,26:26:31,3,2,1,5
6486010,302,26:26:32,3,2,1,11
6486010,302,26:26:32,3,2,1,17
6486010,304,26:26:34,3,2,1,4,,17,
6486010,302,26:26:41,3,1,0,3
6486010,302,26:26:43,3,1,0,1
6486010,304,26:26:44,3,1,0,-1,,1,
6486010,302,26:26:49,3,5,0,13
6486010,306,26:26:50,3,2,3
6486010,304,26:26:50,3,5,0,-1,,13,
6486010,301,26:26:52,7
6486010,305,26:26:57,7,0,0,-1,
6486010,302,26:27:0,7,0,1,0
6486010,304,26:27:1,7,0,1,-1,,0,
6486010,302,26:27:3,7,0,2,3
6486010,302,26:27:4,7,0,2,5
6486010,304,26:27:6,7,0,2,-1,,5,
6486010,302,26:27:10,7,0,0,7
6486010,302,26:27:16,7,0,0,3
6486010,306,26:27:17,7,0,1
6486010,304,26:27:17,7,0,0,-1,,3,
6486010,302,26:27:24,7,1,0,1
6486010,304,26:27:25,7,1,0,-1,,1,
6486010,302,26:27:29,7,1,2,2
6486010,304,26:27:30,7,1,2,-1,,2,
6486010,302,26:27:34,7,1,1,7
6486010,306,26:27:35,7,1,2
6486010,304,26:27:35,7,1,1,-1,,7,
6486010,305,26:27:38,7,2,0,-1,
6486010,302,26:27:40,7,1,0,0
6486010,304,26:27:41,7,1,0,1,,0,
6486010,302,26:27:43,7,1,1,3
6486010,304,26:27:43,7,1,1,7,,3,
6486010,305,26:27:45,7,1,2,2,
6486010,302,26:27:47,7,1,2,4
6486010,302,26:27:48,7,1,2,5
6486010,304,26:27:48,7,1,2,2,,5,
6486010,302,26:27:50,7,0,0,1
6486010,304,26:27:51,7,0,0,3,,1,
6486010,302,26:27:54,7,0,2,2
6486010,304,26:27:54,7,0,2,5,,2,
6486010,302,26:27:58,7,0,1,7
6486010,304,26:27:58,7,0,1,0,,7,
6486010,302,26:28:3,7,2,0,5
6486010,302,26:28:4,7,2,0,6
6486010,304,26:28:4,7,2,0,-1,,6,
6486010,302,26:28:7,7,2,1,0
6486010,306,26:28:8,7,2,3
6486010,304,26:28:8,7,2,1,-1,,0,
6486010,221,26:28:12,3
6486010,220,26:28:13,3
6486010,219,26:28:13,3
6486010,216,26:28:14,Stack_G8b1P
6486010,217,26:28:27,Stack_G8b1P,11,0.00
6486010,218,26:28:30,3
6486010,210,26:28:32,1003,416
6486010,211,26:28:32,1031,414
6486010,213,26:28:32,3,s_pillBottle_M_G8b1P,true
6486010,205,26:28:32,3,s_pillBottle_M_G8b1P,false,false
6486010,221,26:28:36,3
6486010,220,26:28:38,3
6486010,212,26:28:39,1
6486010,210,26:28:39,960,481
6486010,207,26:28:41,3,-200,0
6486010,211,26:28:43,354,240
6486010,212,26:28:43,2
6486010,210,26:28:44,241,210
6486010,211,26:28:46,489,523
6486010,212,26:28:47,1
6486010,210,26:28:47,722,425
6486010,207,26:28:50,3,0,-995
6486010,211,26:28:59,1458,284
6486010,213,26:28:59,3,c_grandma_lati_a_G8b1P,true
6486010,205,26:28:59,3,c_grandma_lati_a_G8b1P,false,false
6486010,210,26:29:4,1469,335
6486010,211,26:29:7,1547,389
6486010,212,26:29:8,0
6486010,210,26:29:9,1450,386
6486010,211,26:29:16,1341,210
6486010,212,26:29:16,2
6486010,210,26:29:17,1531,439
6486010,211,26:29:22,247,439
6486010,207,26:29:22,3,-995,-230
6486010,212,26:29:23,1
6486010,210,26:29:23,1019,305
6486010,207,26:29:24,3,-230,-290
6486010,211,26:29:32,867,515
6486010,212,26:29:33,0
6486010,210,26:29:34,1015,473
6486010,211,26:29:35,1006,461
6486010,213,26:29:35,3,s_pillBottle_M_G8b1P,true
6486010,205,26:29:35,3,s_pillBottle_M_G8b1P,false,true
6486010,221,26:29:39,3
6486010,220,26:29:40,3
6486010,210,26:29:41,1052,534
6486010,207,26:29:42,3,-290,-320
6486010,211,26:29:46,460,539
6486010,212,26:29:47,2
6486010,212,26:29:48,1
6486010,212,26:29:48,2
6486010,210,26:29:49,858,492
6486010,211,26:29:50,839,403
6486010,213,26:29:50,3,c_friend1_M_a_G8b1P,true
6486010,205,26:29:50,3,c_friend1_M_a_G8b1P,false,false
6486010,221,26:29:53,3
6486010,220,26:29:54,3
6486010,210,26:29:56,789,431
6486010,211,26:29:58,217,417
6486010,207,26:29:58,3,-320,-200
6486010,210,26:29:59,343,399
6486010,207,26:29:59,3,-200,0
6486010,211,26:30:0,19,408
6486010,210,26:30:1,140,541
6486010,211,26:30:4,333,541
6486010,212,26:30:4,1
6486010,210,26:30:5,162,599
6486010,211,26:30:9,161,330
6486010,212,26:30:10,0
6486010,210,26:30:10,466,502
6486010,211,26:30:12,517,436
6486010,219,26:30:13,3
6486010,216,26:30:13,Stack_G8b2N
6486010,217,26:30:22,Stack_G8b2N,5.5,0.00
6486010,218,26:30:25,3
6486010,210,26:30:33,1090,397
6486010,211,26:30:35,1108,435
6486010,212,26:30:35,1
6486010,210,26:30:36,1081,373
6486010,211,26:30:37,1048,412
6486010,213,26:30:37,3,c_teacherEng_G8b2N,true
6486010,205,26:30:37,3,c_teacherEng_G8b2N,false,false
6486010,210,26:30:42,939,483
6486010,211,26:30:42,796,492
6486010,213,26:30:42,3,c_crewKid2_M_a_G8b2N,true
6486010,205,26:30:42,3,c_crewKid2_M_a_G8b2N,false,false
6486010,210,26:30:46,1004,508
6486010,211,26:30:47,405,498
6486010,213,26:30:47,3,s_kid2_G8b2N,true
6486010,210,26:30:49,475,476
6486010,207,26:30:52,3,-200,-454
6486010,211,26:30:54,1309,290
6486010,212,26:30:55,2
6486010,210,26:30:55,1346,493
6486010,211,26:30:58,804,492
6486010,212,26:30:58,0
6486010,210,26:30:59,1215,494
6486010,211,26:31:1,655,485
6486010,221,26:31:3,3
6486010,220,26:31:5,3
6486010,210,26:31:8,1064,476
6486010,207,26:31:11,3,-200,0
6486010,211,26:31:18,848,136
6486010,213,26:31:18,3,s_camera_gen,true
6486010,210,26:31:25,883,416
6486010,207,26:31:29,3,0,-454
6486010,211,26:31:32,1457,429
6486010,212,26:31:33,1
6486010,210,26:31:34,1410,413
6486010,207,26:31:40,3,-454,0
6486010,207,26:31:43,3,0,-454
6486010,211,26:31:45,1288,312
6486010,221,26:31:48,3
6486010,220,26:31:50,3
6486010,210,26:31:53,986,432
6486010,211,26:31:54,912,461
6486010,213,26:31:54,3,c_teacherEng_G8b2N,true
6486010,205,26:31:54,3,c_teacherEng_G8b2N,false,true
6486010,212,26:31:58,0
6486010,210,26:31:59,1234,434
6486010,207,26:31:59,3,-200,-275
6486010,207,26:31:59,3,-275,-454
6486010,211,26:32:3,1220,446
6486010,213,26:32:3,3,s_kid4_G8b2N,true
6486010,210,26:32:6,1275,426
6486010,211,26:32:6,1277,430
6486010,213,26:32:6,3,s_kid3_G8b2N,true
6486010,210,26:32:9,1405,454
6486010,211,26:32:9,1399,462
6486010,213,26:32:9,3,s_kid5_G8b2N,true
6486010,210,26:32:11,1414,445
6486010,211,26:32:11,1476,450
6486010,210,26:32:12,1370,389
6486010,211,26:32:17,1028,346
6486010,212,26:32:18,1
6486010,210,26:32:19,783,214
6486010,211,26:32:20,826,229
6486010,213,26:32:20,3,s_clock_G8b2N,true
6486010,205,26:32:20,3,s_clock_G8b2N,false,false
6486010,221,26:32:28,3
6486010,220,26:32:29,3
6486010,212,26:32:30,0
6486010,210,26:32:31,880,467
6486010,211,26:32:33,1012,442
6486010,213,26:32:33,3,s_pillBottle_M_G8b1P,true
6486010,205,26:32:33,3,s_pillBottle_M_G8b1P,false,true
6486010,210,26:32:38,741,559
6486010,207,26:32:39,3,-200,0
6486010,211,26:32:40,268,187
6486010,210,26:32:41,394,518
6486010,207,26:32:45,3,0,-435
6486010,207,26:32:48,3,-435,-810
6486010,211,26:32:51,1407,617
6486010,213,26:32:51,3,s_tvGuide_G8b1P,true
6486010,210,26:32:53,1848,174
6486010,207,26:32:54,3,-810,-975
6486010,207,26:32:54,3,-975,-995
6486010,211,26:32:56,1381,257
6486010,210,26:33:0,883,424
6486010,207,26:33:2,3,-200,-454
6486010,207,26:33:8,3,-454,0
6486010,207,26:33:12,3,0,-454
6486010,211,26:33:15,770,393
6486010,210,26:33:18,844,432
6486010,207,26:33:20,3,-200,-335
6486010,207,26:33:22,3,-335,-995
6486010,211,26:33:33,1555,329
6486010,210,26:33:34,1578,311
6486010,207,26:33:43,3,-995,-470
6486010,207,26:33:47,3,-470,0
6486010,211,26:33:55,902,448
6486010,210,26:33:59,851,457
6486010,207,26:34:3,3,-200,-512.45
6486010,207,26:34:7,3,-512.45,0
6486010,211,26:34:8,134,549
6486010,210,26:34:17,759,546
6486010,211,26:34:18,173,458
6486010,207,26:34:18,3,-200,-155
6486010,210,26:34:18,81,476
6486010,207,26:34:18,3,-155,0
6486010,211,26:34:19,4,490
6486010,210,26:34:19,114,461
6486010,207,26:34:26,3,0,-315
6486010,211,26:34:30,1101,434
6486010,213,26:34:30,3,s_sandwichBagPills_G8b2N,true
6486010,205,26:34:30,3,s_sandwichBagPills_G8b2N,false,false
6486010,221,26:34:35,3
6486010,300,26:34:38
6486010,220,26:34:38,3
6486010,221,26:34:44,3
6486010,220,26:34:46,3
6486010,1003,26:34:46,3
6486010,221,26:34:56,3
6486010,220,26:34:57,3
6486010,1003,26:34:57,3
6486010,1004,26:34:58,4
6486010,500,26:35:0,4,[]
6486010,501,26:35:4,4,[]
6486010,502,26:35:13,4,[IntentionData_logId:1,true]
6486010,503,26:35:14,4,[]
6486010,504,26:35:16,4,[InfluenceData_logId:2]
6486010,504,26:35:19,4,[InfluenceData_logId:0]
6486010,504,26:35:21,4,[InfluenceData_logId:3]
6486010,504,26:35:23,4,[InfluenceData_logId:5]
6486010,504,26:35:24,4,[InfluenceData_logId:4]
6486010,504,26:35:26,4,[InfluenceData_logId:7]
6486010,505,26:35:27,4,[InfluenceData_logId:0,true,InfluenceData_logId:4,true,InfluenceData_logId:7,true]
6486010,506,26:35:28,4,[]
6486010,507,26:35:36,4,[OpponentAttackData_logId:1,OpponentAttackTypeData_logId:1,false,30]
6486010,508,26:35:37,4,[]
6486010,509,26:35:42,4,[RefusalData_logId:7,0]
6486010,510,26:35:45,4,[AvailableRefusalData_logId:7,0B]
6486010,510,26:35:47,4,[AvailableRefusalData_logId:7,1A]
6486010,510,26:35:50,4,[AvailableRefusalData_logId:7,0A]
6486010,510,26:35:50,4,[AvailableRefusalData_logId:7,0C]
6486010,510,26:35:55,4,[AvailableRefusalData_logId:7,1B]
6486010,510,26:35:55,4,[AvailableRefusalData_logId:7,1A]
6486010,510,26:35:56,4,[AvailableRefusalData_logId:7,1C]
6486010,510,26:35:57,4,[AvailableRefusalData_logId:7,0A]
6486010,510,26:35:59,4,[AvailableRefusalData_logId:7,1B]
6486010,510,26:35:59,4,[AvailableRefusalData_logId:7,1A]
6486010,510,26:36:0,4,[AvailableRefusalData_logId:7,2A]
6486010,511,26:36:1,4,[AvailableRefusalData_logId:7,0A,1A,2A,true,20]
6486010,512,26:36:3,4,[]
6486010,513,26:36:3,4,[30]
6486010,514,26:36:6,4,[]
6486010,507,26:36:11,4,[OpponentAttackData_logId:0,OpponentAttackTypeData_logId:1,true,0]
6486010,508,26:36:13,4,[]
6486010,509,26:36:17,4,[RefusalData_logId:4,2]
6486010,510,26:36:40,4,[AvailableRefusalData_logId:4,0B]
6486010,510,26:36:41,4,[AvailableRefusalData_logId:4,1B]
6486010,510,26:36:41,4,[AvailableRefusalData_logId:4,2B]
6486010,511,26:36:42,4,[AvailableRefusalData_logId:4,0B,1B,2B,false,0]
6486010,512,26:36:45,4,[]
6486010,513,26:36:45,4,[30]
6486010,514,26:36:48,4,[]
6486010,507,26:36:52,4,[OpponentAttackData_logId:2,OpponentAttackTypeData_logId:3,false,30]
6486010,508,26:36:54,4,[]
6486010,509,26:36:57,4,[RefusalData_logId:2,1]
6486010,510,26:37:0,4,[AvailableRefusalData_logId:2,0A]
6486010,510,26:37:0,4,[AvailableRefusalData_logId:2,1A]
6486010,510,26:37:1,4,[AvailableRefusalData_logId:2,2A]
6486010,511,26:37:2,4,[AvailableRefusalData_logId:2,0A,1A,2A,true,30]
6486010,512,26:37:4,4,[]
6486010,513,26:37:4,4,[0]
6486010,514,26:37:6,4,[]
6486010,507,26:37:11,4,[OpponentAttackData_logId:3,OpponentAttackTypeData_logId:3,true,0]
6486010,508,26:37:13,4,[]
6486010,509,26:37:15,4,[RefusalData_logId:3,2]
6486010,510,26:37:20,4,[AvailableRefusalData_logId:3,0A]
6486010,510,26:37:20,4,[AvailableRefusalData_logId:3,1A]
6486010,510,26:37:20,4,[AvailableRefusalData_logId:3,2A]
6486010,511,26:37:21,4,[AvailableRefusalData_logId:3,0A,1A,2A,true,50]
6486010,512,26:37:24,4,[]
6486010,515,26:37:24,4,[30,0]
6486010,516,26:37:25,4,[]
6486010,517,26:37:26,4,[]
6486010,1001,26:37:29,4,[]
6486010,1003,26:37:29,3
6486010,1004,26:37:31,0
6486010,500,26:37:33,0,[]
6486010,501,26:37:37,0,[]
6486010,502,26:37:48,0,[IntentionData_logId:0,false]
6486010,503,26:37:49,0,[]
6486010,1002,26:37:51,0
6486010,1003,26:37:51,3
6486010,1004,26:37:52,4
6486010,500,26:37:54,4,[]
6486010,501,26:37:55,4,[]
6486010,502,26:37:59,4,[IntentionData_logId:1,true]
6486010,503,26:38:0,4,[]
6486010,504,26:38:3,4,[InfluenceData_logId:0]
6486010,504,26:38:4,4,[InfluenceData_logId:4]
6486010,504,26:38:5,4,[InfluenceData_logId:7]
6486010,505,26:38:6,4,[InfluenceData_logId:0,true,InfluenceData_logId:4,true,InfluenceData_logId:7,true]
6486010,506,26:38:7,4,[]
6486010,507,26:38:13,4,[OpponentAttackData_logId:3,OpponentAttackTypeData_logId:3,true,0]
6486010,508,26:38:15,4,[]
6486010,509,26:38:25,4,[RefusalData_logId:2,1]
6486010,510,26:38:26,4,[AvailableRefusalData_logId:2,0A]
6486010,510,26:38:27,4,[AvailableRefusalData_logId:2,1A]
6486010,510,26:38:28,4,[AvailableRefusalData_logId:2,2A]
6486010,511,26:38:28,4,[AvailableRefusalData_logId:2,0A,1A,2A,true,30]
6486010,512,26:38:31,4,[]
6486010,513,26:38:31,4,[0]
6486010,514,26:38:32,4,[]
6486010,507,26:38:39,4,[OpponentAttackData_logId:1,OpponentAttackTypeData_logId:2,true,0]
6486010,508,26:38:41,4,[]
6486010,509,26:38:45,4,[RefusalData_logId:6,2]
6486010,510,26:38:52,4,[AvailableRefusalData_logId:6,0A]
6486010,510,26:38:52,4,[AvailableRefusalData_logId:6,1A]
6486010,510,26:38:53,4,[AvailableRefusalData_logId:6,2A]
6486010,511,26:38:53,4,[AvailableRefusalData_logId:6,0A,1A,2A,true,50]
6486010,512,26:38:55,4,[]
6486010,513,26:38:55,4,[0]
6486010,514,26:38:57,4,[]
6486010,507,26:39:2,4,[OpponentAttackData_logId:0,OpponentAttackTypeData_logId:1,true,0]
6486010,508,26:39:4,4,[]
6486010,509,26:39:9,4,[RefusalData_logId:7,0]
6486010,510,26:39:21,4,[AvailableRefusalData_logId:7,0A]
6486010,510,26:39:22,4,[AvailableRefusalData_logId:7,1A]
6486010,510,26:39:23,4,[AvailableRefusalData_logId:7,2A]
6486010,511,26:39:23,4,[AvailableRefusalData_logId:7,0A,1A,2A,true,20]
6486010,512,26:39:26,4,[]
6486010,515,26:39:26,4,[150,0]
6486010,516,26:39:27,4,[]
6486010,517,26:39:28,4,[]
6486010,1005,26:39:28,4,[3,2,3]
6486010,1001,26:39:29,4,[]
6486010,1003,26:39:29,3
6486010,221,26:39:32,3
6486010,220,26:39:33,3
6486010,219,26:39:33,3
6486010,216,26:39:34,Stack_G8b2P
6486010,217,26:41:3,Stack_G8b2P,11,0.00
6486010,218,26:41:4,3
6486010,210,26:41:5,880,369
6486010,211,26:41:6,932,483
6486010,212,26:41:7,2
6486010,210,26:41:7,885,336
6486010,211,26:41:9,473,553
6486010,213,26:41:9,3,c_friend1_M_a_G8b2P,true
6486010,205,26:41:9,3,c_friend1_M_a_G8b2P,false,false
6486010,210,26:41:13,642,410
6486010,207,26:41:14,3,-200,-170
6486010,207,26:41:15,3,-170,0
6486010,207,26:41:19,3,0,-330
6486010,207,26:41:21,3,-330,-690
6486010,211,26:41:21,1419,371
6486010,213,26:41:21,3,c_grandma_lati_a_G8b2P,true
6486010,205,26:41:21,3,c_grandma_lati_a_G8b2P,false,false
6486010,221,26:41:25,3
6486010,220,26:41:28,3
6486010,212,26:41:28,1
6486010,210,26:41:28,1348,452
6486010,207,26:41:34,3,-690,0
6486010,207,26:41:38,3,0,-765
6486010,211,26:41:39,1555,332
6486010,213,26:41:39,3,s_pillBottle_G8b2P,true
6486010,205,26:41:39,3,s_pillBottle_G8b2P,false,false
6486010,221,26:41:50,3
6486010,220,26:41:52,3
6486010,212,26:41:52,2
6486010,210,26:41:53,1424,393
6486010,211,26:41:55,693,372
6486010,207,26:41:55,3,-765,-675
6486010,210,26:41:56,940,451
6486010,207,26:41:58,3,-675,0
6486010,211,26:42:0,490,575
6486010,213,26:42:0,3,c_friend1_M_a_G8b2P,true
6486010,205,26:42:0,3,c_friend1_M_a_G8b2P,false,true
6486010,210,26:45:17,182,371
6486010,211,26:45:19,531,416
6486010,221,26:45:20,3
6486010,220,26:45:23,3
6486010,210,26:45:25,618,523
6486010,207,26:45:34,3,0,-345
6486010,207,26:45:37,3,-345,-720
6486010,211,26:45:38,1543,501
6486010,210,26:45:51,959,493
6486010,211,26:45:53,841,544
6486010,221,26:45:53,3
6486010,220,26:45:58,3
6486010,210,26:45:58,966,438
6486010,211,26:46:2,890,268
6486010,213,26:46:2,3,c_mom_lati_a_G8b2P,true
6486010,210,26:46:6,867,289
6486010,211,26:46:6,866,289
6486010,213,26:46:6,3,c_mom_lati_a_G8b2P,true
6486010,221,26:46:10,3
6486010,220,26:46:11,3
6486010,210,26:46:11,972,450
6486010,207,26:46:16,3,-200,-995
6486010,211,26:46:17,1989,141
6486010,213,26:46:17,3,s_pictureDad_lati_gen,true
6486010,221,26:46:21,3
6486010,220,26:46:22,3
6486010,210,26:46:22,1911,146
6486010,207,26:46:39,3,-995,0
6486010,211,26:46:41,222,418
6486010,213,26:46:41,3,s_videoGameScreen_G8b2P,true
6486010,210,26:46:43,277,427
6486010,211,26:46:44,208,373
6486010,213,26:46:44,3,s_videoGameScreen_G8b2P,true
6486010,210,26:46:46,225,538
6486010,207,26:46:51,3,0,-210
6486010,211,26:46:51,1134,334
6486010,213,26:46:51,3,c_kidSister_lati_a_G8b2P,true
6486010,210,26:46:55,791,348
6486010,211,26:46:57,752,389
6486010,221,26:46:58,3
6486010,220,26:46:58,3
6486010,1003,26:46:58,3
6486010,1004,26:47:2,0
6486010,500,26:47:4,0,[]
6486010,1002,26:47:8,0
6486010,1003,26:47:8,3
6486010,221,26:47:11,3
6486010,220,26:47:15,3
6486010,1003,26:47:15,3
6486010,1004,26:47:16,0
6486010,500,26:47:20,0,[]
6486010,501,26:47:21,0,[]
6486010,502,26:47:25,0,[IntentionData_logId:2,true]
6486010,503,26:47:27,0,[]
6486010,504,26:47:29,0,[InfluenceData_logId:2]
6486010,504,26:47:32,0,[InfluenceData_logId:1]
6486010,504,26:47:34,0,[InfluenceData_logId:0]
6486010,504,26:47:37,0,[InfluenceData_logId:1]
6486010,504,26:47:39,0,[InfluenceData_logId:3]
6486010,504,26:47:41,0,[InfluenceData_logId:2]
6486010,504,26:47:42,0,[InfluenceData_logId:7]
6486010,504,26:47:42,0,[InfluenceData_logId:6]
6486010,505,26:47:43,0,[InfluenceData_logId:2,true,InfluenceData_logId:3,true,InfluenceData_logId:6,true]
6486010,506,26:47:44,0,[]
6486010,507,26:47:54,0,[OpponentAttackData_logId:1,OpponentAttackTypeData_logId:2,false,30]
6486010,508,26:47:56,0,[]
6486010,509,26:48:1,0,[RefusalData_logId:2,2]
6486010,510,26:48:3,0,[AvailableRefusalData_logId:2,0A]
6486010,510,26:48:5,0,[AvailableRefusalData_logId:2,1A]
6486010,510,26:48:6,0,[AvailableRefusalData_logId:2,2A]
6486010,511,26:48:6,0,[AvailableRefusalData_logId:2,0A,1A,2A,true,50]
6486010,512,26:48:9,0,[]
6486010,513,26:48:9,0,[0]
6486010,514,26:48:10,0,[]
6486010,507,26:48:16,0,[OpponentAttackData_logId:0,OpponentAttackTypeData_logId:2,false,30]
6486010,508,26:48:17,0,[]
6486010,509,26:48:26,0,[RefusalData_logId:4,1]
6486010,510,26:48:41,0,[AvailableRefusalData_logId:4,0A]
6486010,510,26:48:41,0,[AvailableRefusalData_logId:4,1A]
6486010,510,26:48:42,0,[AvailableRefusalData_logId:4,2A]
6486010,511,26:48:42,0,[AvailableRefusalData_logId:4,0A,1A,2A,true,30]
6486010,512,26:48:45,0,[]
6486010,513,26:48:45,0,[0]
6486010,514,26:48:46,0,[]
6486010,507,26:48:51,0,[OpponentAttackData_logId:3,OpponentAttackTypeData_logId:1,false,30]
6486010,508,26:48:53,0,[]
6486010,509,26:49:0,0,[RefusalData_logId:8,2]
6486010,510,26:49:8,0,[AvailableRefusalData_logId:8,0A]
6486010,510,26:49:9,0,[AvailableRefusalData_logId:8,0B]
6486010,510,26:49:12,0,[AvailableRefusalData_logId:8,1C]
6486010,510,26:49:13,0,[AvailableRefusalData_logId:8,2A]
6486010,510,26:49:14,0,[AvailableRefusalData_logId:8,2B]
6486010,511,26:49:15,0,[AvailableRefusalData_logId:8,0B,1C,2B,false,0]
6486010,512,26:49:17,0,[]
6486010,513,26:49:17,0,[30]
6486010,514,26:49:19,0,[]
6486010,507,26:49:24,0,[OpponentAttackData_logId:2,OpponentAttackTypeData_logId:4,true,0]
6486010,508,26:49:28,0,[]
6486010,509,26:49:32,0,[RefusalData_logId:7,0]
6486010,510,26:49:34,0,[AvailableRefusalData_logId:7,0C]
6486010,510,26:49:37,0,[AvailableRefusalData_logId:7,0A]
6486010,510,26:49:38,0,[AvailableRefusalData_logId:7,1A]
6486010,510,26:49:44,0,[AvailableRefusalData_logId:7,0B]
6486010,510,26:49:46,0,[AvailableRefusalData_logId:7,1C]
6486010,510,26:49:46,0,[AvailableRefusalData_logId:7,1B]
6486010,510,26:49:48,0,[AvailableRefusalData_logId:7,0C]
6486010,510,26:49:51,0,[AvailableRefusalData_logId:7,1C]
6486010,510,26:49:54,0,[AvailableRefusalData_logId:7,2A]
6486010,510,26:49:55,0,[AvailableRefusalData_logId:7,0A]
6486010,510,26:49:57,0,[AvailableRefusalData_logId:7,1A]
6486010,511,26:49:58,0,[AvailableRefusalData_logId:7,0A,1A,2A,true,20]
6486010,512,26:50:0,0,[]
6486010,515,26:50:0,0,[30,0]
6486010,516,26:50:0,0,[]
6486010,517,26:50:1,0,[]
6486010,1001,26:50:3,0,[]
6486010,1003,26:50:3,3
6486010,1004,26:50:4,0
6486010,500,26:50:6,0,[]
6486010,501,26:50:6,0,[]
6486010,502,26:50:8,0,[IntentionData_logId:2,true]
6486010,503,26:50:11,0,[]
6486010,504,26:50:13,0,[InfluenceData_logId:2]
6486010,504,26:50:14,0,[InfluenceData_logId:3]
6486010,504,26:50:14,0,[InfluenceData_logId:8]
6486010,504,26:50:16,0,[InfluenceData_logId:6]
6486010,505,26:50:16,0,[InfluenceData_logId:2,true,InfluenceData_logId:3,true,InfluenceData_logId:6,true]
6486010,506,26:50:18,0,[]
6486010,507,26:50:23,0,[OpponentAttackData_logId:3,OpponentAttackTypeData_logId:2,true,0]
6486010,508,26:50:24,0,[]
6486010,509,26:50:28,0,[RefusalData_logId:4,1]
6486010,510,26:50:32,0,[AvailableRefusalData_logId:4,0A]
6486010,510,26:50:33,0,[AvailableRefusalData_logId:4,1A]
6486010,510,26:50:33,0,[AvailableRefusalData_logId:4,2A]
6486010,511,26:50:34,0,[AvailableRefusalData_logId:4,0A,1A,2A,true,30]
6486010,512,26:50:36,0,[]
6486010,513,26:50:36,0,[0]
6486010,514,26:50:37,0,[]
6486010,507,26:50:42,0,[OpponentAttackData_logId:1,OpponentAttackTypeData_logId:3,true,0]
6486010,508,26:50:44,0,[]
6486010,509,26:50:47,0,[RefusalData_logId:8,2]
6486010,510,26:50:49,0,[AvailableRefusalData_logId:8,0A]
6486010,510,26:50:49,0,[AvailableRefusalData_logId:8,1A]
6486010,510,26:50:50,0,[AvailableRefusalData_logId:8,2A]
6486010,511,26:50:51,0,[AvailableRefusalData_logId:8,0A,1A,2A,true,50]
6486010,512,26:50:53,0,[]
6486010,513,26:50:53,0,[0]
6486010,514,26:50:55,0,[]
6486010,507,26:51:2,0,[OpponentAttackData_logId:0,OpponentAttackTypeData_logId:1,true,0]
6486010,508,26:51:4,0,[]
6486010,509,26:51:9,0,[RefusalData_logId:2,2]
6486010,510,26:51:11,0,[AvailableRefusalData_logId:2,0A]
6486010,510,26:51:12,0,[AvailableRefusalData_logId:2,1A]
6486010,510,26:51:12,0,[AvailableRefusalData_logId:2,2A]
6486010,511,26:51:13,0,[AvailableRefusalData_logId:2,0A,1A,2A,true,50]
6486010,512,26:51:15,0,[]
6486010,515,26:51:15,0,[150,0]
6486010,516,26:51:16,0,[]
6486010,517,26:51:17,0,[]
6486010,1005,26:51:17,0,[3,2,3]
6486010,1001,26:51:18,0,[]
6486010,1003,26:51:18,3
6486010,221,26:51:20,3
6486010,220,26:51:23,3
6486010,210,26:51:24,931,501
6486010,207,26:51:30,3,-200,-545
6486010,207,26:51:33,3,-545,-995
6486010,207,26:51:47,3,-995,-830
6486010,207,26:51:52,3,-830,0
6486010,211,26:52:3,897,262
6486010,219,26:52:7,3
6486010,218,26:52:11,3
6486010,221,26:52:26,3
6486010,220,26:52:30,3
6486010,210,26:52:31,529,546
6486010,211,26:52:32,470,555
6486010,213,26:52:32,3,c_friend1_M_a_G8b2P,true
6486010,205,26:52:32,3,c_friend1_M_a_G8b2P,false,true
6486010,212,26:52:36,1
6486010,212,26:52:37,2
6486010,221,26:52:37,3
6486010,220,26:52:45,3
6486010,210,26:52:45,603,475
6486010,207,26:52:47,3,-200,-215
6486010,207,26:52:48,3,-215,-185
6486010,207,26:52:48,3,-185,-155
6486010,207,26:52:50,3,-155,-65
6486010,207,26:52:51,3,-65,0
6486010,211,26:52:53,173,417
6486010,213,26:52:53,3,s_videoGameScreen_G8b2P,true
6486010,212,26:52:55,1
6486010,210,26:52:55,154,339
6486010,211,26:52:56,540,349
6486010,212,26:52:57,0
6486010,210,26:52:58,163,384
6486010,211,26:52:58,517,410
6486010,212,26:52:59,2
6486010,210,26:52:59,294,498
6486010,207,26:53:14,3,0,-390
6486010,207,26:53:18,3,-390,-810
6486010,211,26:53:19,1612,252
6486010,210,26:53:27,888,471
6486010,207,26:53:29,3,-200,-590
6486010,207,26:53:32,3,-590,-995
6486010,211,26:53:37,1238,106
6486010,210,26:53:38,1313,280
6486010,207,26:53:39,3,-995,-725
6486010,207,26:53:41,3,-725,0
6486010,207,26:53:53,3,0,-825
6486010,211,26:53:54,1292,437
6486010,210,26:53:58,382,355
6486010,207,26:53:58,3,-200,0
6486010,211,26:53:59,275,589
6486010,210,26:54:0,456,408
6486010,207,26:54:1,3,0,-105
6486010,207,26:54:4,3,-105,-405
6486010,207,26:54:6,3,-405,-795
6486010,207,26:54:10,3,-795,-885
6486010,211,26:54:10,1686,414
6486010,213,26:54:10,3,c_friend1_M_a_G8b0,true
6486010,205,26:54:10,3,c_friend1_M_a_G8b0,false,true
6486010,210,26:54:15,1639,350
6486010,207,26:54:17,3,-885,-995
6486010,211,26:54:18,1816,326
6486010,210,26:54:19,1872,257
6486010,211,26:54:20,1848,384
6486010,221,26:54:24,3
6486010,220,26:54:29,3
6486010,210,26:54:32,811,573
6486010,207,26:54:34,3,-200,0
6486010,207,26:54:39,3,0,-255
6486010,207,26:54:41,3,-255,-540
6486010,211,26:54:42,1392,351
6486010,213,26:54:42,3,c_grandma_lati_a_G8b2P,true
6486010,205,26:54:42,3,c_grandma_lati_a_G8b2P,false,true
6486010,210,26:54:46,1290,554
6486010,207,26:54:48,3,-540,-750
6486010,207,26:54:50,3,-750,-995
6486010,207,26:55:1,3,-995,-335
6486010,207,26:55:6,3,-335,0
6486010,211,26:55:9,542,583
6486010,210,26:55:10,512,571
6486010,207,26:55:18,3,0,-105
6486010,207,26:55:18,3,-105,-165
6486010,211,26:55:19,1187,332
6486010,207,26:55:19,3,-165,-240
6486010,221,26:55:22,3
6486010,220,26:55:24,3
6486010,210,26:55:31,301,495
6486010,211,26:55:33,603,462
6486010,213,26:55:33,3,c_friend1_M_a_G8b2N,true
6486010,205,26:55:33,3,c_friend1_M_a_G8b2N,false,false
6486010,221,26:55:41,3
6486010,220,26:55:41,3
6486010,203,26:55:41,3
6486010,100,26:55:44,4
6486010,102,26:55:47,4
6486010,200,26:55:47,4,6,6,8,12,18
6486010,221,26:55:58,4
6486010,220,26:56:0,4
6486010,219,26:56:0,4
6486010,216,26:56:1,Stack_G9a1P
6486010,217,26:56:4,Stack_G9a1P,1.9,5.4
6486010,218,26:56:5,4
6486010,210,26:56:10,458,466
6486010,207,26:56:11,4,-200,0
6486010,211,26:56:11,527,556
6486010,221,26:56:12,4
6486010,220,26:56:14,4
6486010,219,26:56:14,4
6486010,216,26:56:15,Stack_G9a2N
6486010,217,26:56:17,Stack_G9a2N,1.1,2.9
6486010,218,26:56:19,4
6486010,210,26:56:22,533,189
6486010,211,26:56:25,498,511
6486010,213,26:56:25,4,c_cousin_M_a_G9a2N,false
6486010,1003,26:56:27,2
6486010,1004,26:56:31,5
6486010,900,26:56:33,5,[]
6486010,1002,26:56:35,5
6486010,1003,26:56:35,2
6486010,1004,26:56:36,8
6486010,900,26:56:38,8,[]
6486010,1002,26:56:42,8
6486010,1003,26:56:42,2
6486010,210,26:56:49,484,454
6486010,211,26:56:52,519,514
6486010,210,26:56:52,504,502
6486010,211,26:56:53,481,489
6486010,213,26:56:53,4,c_cousin_M_a_G9a2N,false
6486010,1003,26:56:55,2
6486010,1004,26:56:57,5
6486010,900,26:56:59,5,[]
6486010,901,26:57:2,5,[PeopleData_id:3]
6486010,904,26:57:2,5,[PeopleData_id:3]
6486010,902,26:57:4,5,[PeopleData_id:3,PeopleData_data2Type]
6486010,902,26:57:13,5,[PeopleData_id:3,PeopleData_data1Type]
6486010,902,26:57:18,5,[PeopleData_id:3,PeopleData_data0Type]
6486010,903,26:57:22,5,[PeopleData_id3,PeopleData_data0Type]
6486010,901,26:57:25,5,[PeopleData_id:3]
6486010,904,26:57:25,5,[PeopleData_id:3]
6486010,905,26:57:25,5,[PeopleData_id:3,RankTypes_id:-1,RankTypes_id:1]
6486010,901,26:57:26,5,[PeopleData_id:6]
6486010,904,26:57:26,5,[PeopleData_id:6]
6486010,902,26:57:27,5,[PeopleData_id:6,PeopleData_data2Type]
6486010,903,26:57:32,5,[PeopleData_id6,PeopleData_data2Type]
6486010,902,26:57:32,5,[PeopleData_id:6,PeopleData_data3Type]
6486010,903,26:57:39,5,[PeopleData_id6,PeopleData_data3Type]
6486010,902,26:57:40,5,[PeopleData_id:6,PeopleData_data1Type]
6486010,903,26:57:47,5,[PeopleData_id6,PeopleData_data1Type]
6486010,902,26:57:48,5,[PeopleData_id:6,PeopleData_data0Type]
6486010,903,26:57:51,5,[PeopleData_id6,PeopleData_data0Type]
6486010,901,26:57:52,5,[PeopleData_id:6]
6486010,904,26:57:52,5,[PeopleData_id:6]
6486010,901,26:57:53,5,[PeopleData_id:6]
6486010,904,26:57:53,5,[PeopleData_id:6]
6486010,902,26:57:53,5,[PeopleData_id:6,PeopleData_data0Type]
6486010,903,26:57:54,5,[PeopleData_id6,PeopleData_data0Type]
6486010,901,26:57:55,5,[PeopleData_id:6]
6486010,904,26:57:55,5,[PeopleData_id:6]
6486010,905,26:57:56,5,[PeopleData_id:6,RankTypes_id:-1,RankTypes_id:4]
6486010,901,26:57:56,5,[PeopleData_id:5]
6486010,902,26:57:57,5,[PeopleData_id:5,PeopleData_data3Type]
6486010,903,26:58:4,5,[PeopleData_id5,PeopleData_data3Type]
6486010,902,26:58:5,5,[PeopleData_id:5,PeopleData_data2Type]
6486010,903,26:58:10,5,[PeopleData_id5,PeopleData_data2Type]
6486010,902,26:58:11,5,[PeopleData_id:5,PeopleData_data1Type]
6486010,903,26:58:19,5,[PeopleData_id5,PeopleData_data1Type]
6486010,902,26:58:20,5,[PeopleData_id:5,PeopleData_data0Type]
6486010,903,26:58:24,5,[PeopleData_id5,PeopleData_data0Type]
6486010,901,26:58:25,5,[PeopleData_id:5]
6486010,904,26:58:25,5,[PeopleData_id:5]
6486010,905,26:58:26,5,[PeopleData_id:5,RankTypes_id:-1,RankTypes_id:2]
6486010,901,26:58:28,5,[PeopleData_id:5]
6486010,904,26:58:28,5,[PeopleData_id:5]
6486010,905,26:58:28,5,[PeopleData_id:5,RankTypes_id:2,RankTypes_id:2]
6486010,902,26:58:29,5,[PeopleData_id:5,PeopleData_data0Type]
6486010,903,26:58:29,5,[PeopleData_id5,PeopleData_data0Type]
6486010,901,26:58:30,5,[PeopleData_id:7]
6486010,902,26:58:31,5,[PeopleData_id:7,PeopleData_data3Type]
6486010,903,26:58:35,5,[PeopleData_id7,PeopleData_data3Type]
6486010,902,26:58:35,5,[PeopleData_id:7,PeopleData_data2Type]
6486010,903,26:58:38,5,[PeopleData_id7,PeopleData_data2Type]
6486010,902,26:58:38,5,[PeopleData_id:7,PeopleData_data1Type]
6486010,903,26:58:41,5,[PeopleData_id7,PeopleData_data1Type]
6486010,902,26:58:42,5,[PeopleData_id:7,PeopleData_data0Type]
6486010,903,26:58:48,5,[PeopleData_id7,PeopleData_data0Type]
6486010,901,26:58:49,5,[PeopleData_id:7]
6486010,904,26:58:49,5,[PeopleData_id:7]
6486010,905,26:58:50,5,[PeopleData_id:7,RankTypes_id:-1,RankTypes_id:1]
6486010,901,26:58:50,5,[PeopleData_id:1]
6486010,902,26:58:51,5,[PeopleData_id:1,PeopleData_data3Type]
6486010,903,26:58:57,5,[PeopleData_id1,PeopleData_data3Type]
6486010,902,26:58:59,5,[PeopleData_id:1,PeopleData_data2Type]
6486010,903,26:59:3,5,[PeopleData_id1,PeopleData_data2Type]
6486010,902,26:59:4,5,[PeopleData_id:1,PeopleData_data1Type]
6486010,903,26:59:6,5,[PeopleData_id1,PeopleData_data1Type]
6486010,902,26:59:7,5,[PeopleData_id:1,PeopleData_data0Type]
6486010,903,26:59:9,5,[PeopleData_id1,PeopleData_data0Type]
6486010,901,26:59:9,5,[PeopleData_id:1]
6486010,904,26:59:9,5,[PeopleData_id:1]
6486010,905,26:59:10,5,[PeopleData_id:1,RankTypes_id:-1,RankTypes_id:4]
6486010,901,26:59:10,5,[PeopleData_id:2]
6486010,902,26:59:11,5,[PeopleData_id:2,PeopleData_data2Type]
6486010,903,26:59:14,5,[PeopleData_id2,PeopleData_data2Type]
6486010,902,26:59:14,5,[PeopleData_id:2,PeopleData_data1Type]
6486010,903,26:59:17,5,[PeopleData_id2,PeopleData_data1Type]
6486010,902,26:59:17,5,[PeopleData_id:2,PeopleData_data0Type]
6486010,903,26:59:20,5,[PeopleData_id2,PeopleData_data0Type]
6486010,901,26:59:22,5,[PeopleData_id:2]
6486010,904,26:59:22,5,[PeopleData_id:2]
6486010,905,26:59:23,5,[PeopleData_id:2,RankTypes_id:-1,RankTypes_id:1]
6486010,901,26:59:24,5,[PeopleData_id:4]
6486010,902,26:59:25,5,[PeopleData_id:4,PeopleData_data3Type]
6486010,903,26:59:28,5,[PeopleData_id4,PeopleData_data3Type]
6486010,902,26:59:29,5,[PeopleData_id:4,PeopleData_data2Type]
6486010,903,26:59:31,5,[PeopleData_id4,PeopleData_data2Type]
6486010,902,26:59:32,5,[PeopleData_id:4,PeopleData_data1Type]
6486010,903,26:59:36,5,[PeopleData_id4,PeopleData_data1Type]
6486010,902,26:59:36,5,[PeopleData_id:4,PeopleData_data0Type]
6486010,903,26:59:40,5,[PeopleData_id4,PeopleData_data0Type]
6486010,901,26:59:41,5,[PeopleData_id:4]
6486010,904,26:59:41,5,[PeopleData_id:4]
6486010,905,26:59:42,5,[PeopleData_id:4,RankTypes_id:-1,RankTypes_id:2]
6486010,901,26:59:42,5,[PeopleData_id:0]
6486010,902,26:59:43,5,[PeopleData_id:0,PeopleData_data3Type]
6486010,903,26:59:47,5,[PeopleData_id0,PeopleData_data3Type]
6486010,902,26:59:48,5,[PeopleData_id:0,PeopleData_data2Type]
6486010,903,26:59:51,5,[PeopleData_id0,PeopleData_data2Type]
6486010,902,26:59:52,5,[PeopleData_id:0,PeopleData_data1Type]
6486010,903,26:59:55,5,[PeopleData_id0,PeopleData_data1Type]
6486010,902,26:59:56,5,[PeopleData_id:0,PeopleData_data0Type]
6486010,903,26:59:58,5,[PeopleData_id0,PeopleData_data0Type]
6486010,901,26:59:59,5,[PeopleData_id:0]
6486010,904,26:59:59,5,[PeopleData_id:0]
6486010,905,26:59:59,5,[PeopleData_id:0,RankTypes_id:-1,RankTypes_id:3]
6486010,906,26:59:59,5,[]
6486010,907,27:0:0,5,[]
6486010,908,27:0:0,5,[InvitationData_id:5,PeopleData_id:2,RankTypes_id:1]
6486010,909,27:0:3,5,[InvitationData_id:5,PeopleData_id:2,RankTypes_id:1,0]
6486010,910,27:0:4,5,[InvitationData_id:5,0,false]
6486010,908,27:0:4,5,[InvitationData_id:7,PeopleData_id:5,RankTypes_id:2]
6486010,909,27:0:9,5,[InvitationData_id:7,PeopleData_id:5,RankTypes_id:2,1]
6486010,910,27:0:10,5,[InvitationData_id:7,5,false]
6486010,908,27:0:10,5,[InvitationData_id:2,PeopleData_id:1,RankTypes_id:4]
6486010,909,27:0:12,5,[InvitationData_id:2,PeopleData_id:1,RankTypes_id:4,0]
6486010,910,27:0:15,5,[InvitationData_id:2,-11,false]
6486010,908,27:0:15,5,[InvitationData_id:11,PeopleData_id:0,RankTypes_id:3]
6486010,909,27:0:17,5,[InvitationData_id:11,PeopleData_id:0,RankTypes_id:3,1]
6486010,910,27:0:18,5,[InvitationData_id:11,7,false]
6486010,908,27:0:18,5,[InvitationData_id:9,PeopleData_id:2,RankTypes_id:1]
6486010,909,27:0:21,5,[InvitationData_id:9,PeopleData_id:2,RankTypes_id:1,0]
6486010,910,27:0:21,5,[InvitationData_id:9,0,false]
6486010,908,27:0:21,5,[InvitationData_id:6,PeopleData_id:6,RankTypes_id:4]
6486010,909,27:0:23,5,[InvitationData_id:6,PeopleData_id:6,RankTypes_id:4,1]
6486010,910,27:0:25,5,[InvitationData_id:6,9,false]
6486010,908,27:0:25,5,[InvitationData_id:1,PeopleData_id:1,RankTypes_id:4]
6486010,909,27:0:27,5,[InvitationData_id:1,PeopleData_id:1,RankTypes_id:4,0]
6486010,910,27:0:28,5,[InvitationData_id:1,-11,false]
6486010,908,27:0:28,5,[InvitationData_id:8,PeopleData_id:1,RankTypes_id:4]
6486010,909,27:0:30,5,[InvitationData_id:8,PeopleData_id:1,RankTypes_id:4,0]
6486010,910,27:0:31,5,[InvitationData_id:8,-11,false]
6486010,908,27:0:31,5,[InvitationData_id:10,PeopleData_id:4,RankTypes_id:2]
6486010,909,27:0:32,5,[InvitationData_id:10,PeopleData_id:4,RankTypes_id:2,0]
6486010,910,27:0:33,5,[InvitationData_id:10,-2,false]
6486010,908,27:0:33,5,[InvitationData_id:4,PeopleData_id:4,RankTypes_id:2]
6486010,909,27:0:34,5,[InvitationData_id:4,PeopleData_id:4,RankTypes_id:2,0]
6486010,910,27:0:35,5,[InvitationData_id:4,-2,false]
6486010,908,27:0:35,5,[InvitationData_id:0,PeopleData_id:6,RankTypes_id:4]
6486010,909,27:0:37,5,[InvitationData_id:0,PeopleData_id:6,RankTypes_id:4,0]
6486010,910,27:0:37,5,[InvitationData_id:0,-11,false]
6486010,908,27:0:37,5,[InvitationData_id:3,PeopleData_id:3,RankTypes_id:1]
6486010,909,27:0:39,5,[InvitationData_id:3,PeopleData_id:3,RankTypes_id:1,0]
6486010,910,27:0:39,5,[InvitationData_id:3,0,false]
6486010,911,27:0:41,5,[-27,0,4,0]
6486010,1005,27:0:41,5,[2,0,1]
6486010,1001,27:0:42,5,[]
6486010,1003,27:0:42,2
6486010,210,27:0:46,820,520
6486010,211,27:0:47,502,482
6486010,213,27:0:47,4,c_cousin_M_a_G9a2N,true
6486010,205,27:0:47,4,c_cousin_M_a_G9a2N,false,false
6486010,210,27:0:51,786,525
6486010,211,27:0:52,656,197
6486010,212,27:0:52,1
6486010,210,27:0:53,673,340
6486010,211,27:0:54,810,311
6486010,213,27:0:54,4,c_mom_lati_a_G9a2N,false
6486010,1003,27:0:57,1
6486010,1004,27:0:58,1
6486010,800,27:1:0,1,[]
6486010,801,27:1:2,1,[]
6486010,814,27:1:5,1,[0]
6486010,815,27:1:5,1,0,OpportunityCardData_id:0
6486010,816,27:1:6,1,0,OpportunityCardData_id:0
6486010,805,27:1:7,1,[OpportunityCardData_id:0]
6486010,807,27:1:8,1,[OpportunityCardData_id:0]
6486010,808,27:1:10,1,[OpportunityCardData_id:0]
6486010,809,27:1:13,1,[OpportunityCardData_id:0,PriorityData_type:3,false]
6486010,810,27:1:14,1,[OpportunityCardData_id:0,PriorityData_type:0,15,PriorityData_type:3,10]
6486010,814,27:1:18,1,[3]
6486010,815,27:1:18,1,3,OpportunityCardData_id:19
6486010,815,27:1:21,1,3,OpportunityCardData_id:20
6486010,816,27:1:22,1,3,OpportunityCardData_id:20
6486010,805,27:1:23,1,[OpportunityCardData_id:20]
6486010,807,27:1:24,1,[OpportunityCardData_id:20]
6486010,808,27:1:25,1,[OpportunityCardData_id:20]
6486010,809,27:1:29,1,[OpportunityCardData_id:20,PriorityData_type:5,false]
6486010,810,27:1:30,1,[OpportunityCardData_id:20,PriorityData_type:3,15,PriorityData_type:5,10]
6486010,814,27:1:33,1,[5]
6486010,815,27:1:33,1,5,OpportunityCardData_id:32
6486010,816,27:1:35,1,5,OpportunityCardData_id:32
6486010,805,27:1:36,1,[OpportunityCardData_id:32]
6486010,807,27:1:37,1,[OpportunityCardData_id:32]
6486010,808,27:1:41,1,[OpportunityCardData_id:32]
6486010,809,27:1:45,1,[OpportunityCardData_id:32,PriorityData_type:4,false]
6486010,810,27:1:47,1,[OpportunityCardData_id:32,PriorityData_type:5,5,PriorityData_type:4,5]
6486010,814,27:1:50,1,[3]
6486010,815,27:1:50,1,3,OpportunityCardData_id:19
6486010,815,27:1:51,1,3,OpportunityCardData_id:21
6486010,816,27:1:53,1,3,OpportunityCardData_id:21
6486010,805,27:1:53,1,[OpportunityCardData_id:21]
6486010,807,27:1:54,1,[OpportunityCardData_id:21]
6486010,808,27:1:55,1,[OpportunityCardData_id:21]
6486010,809,27:1:59,1,[OpportunityCardData_id:21,PriorityData_type:0,false]
6486010,810,27:1:59,1,[OpportunityCardData_id:21,PriorityData_type:3,5,PriorityData_type:0,25]
6486010,814,27:2:2,1,[0]
6486010,815,27:2:2,1,0,OpportunityCardData_id:1
6486010,816,27:2:4,1,0,OpportunityCardData_id:1
6486010,805,27:2:5,1,[OpportunityCardData_id:1]
6486010,807,27:2:6,1,[OpportunityCardData_id:1]
6486010,808,27:2:8,1,[OpportunityCardData_id:1]
6486010,809,27:2:11,1,[OpportunityCardData_id:1,PriorityData_type:4,false]
6486010,810,27:2:12,1,[OpportunityCardData_id:1,PriorityData_type:0,15,PriorityData_type:4,10]
6486010,103,27:2:19
6486010,105,27:2:19
6486010,703,27:2:22,[|| EpilogueItem ID: 0 unlocked: true ||,|| EpilogueItem ID: 1 unlocked: true ||,|| EpilogueItem ID: 2 unlocked: true ||,|| EpilogueItem ID: 3 unlocked: true ||,|| EpilogueItem ID: 4 unlocked: false ||,|| EpilogueItem ID: 5 unlocked: false ||,|| EpilogueItem ID: 6 unlocked: false ||,|| EpilogueItem ID: 7 unlocked: false ||,|| EpilogueItem ID: 8 unlocked: false ||,|| EpilogueItem ID: 9 unlocked: false ||,|| EpilogueItem ID: 10 unlocked: false ||,|| EpilogueItem ID: 11 unlocked: false ||,|| EpilogueItem ID: 12 unlocked: false ||,|| EpilogueItem ID: 13 unlocked: true ||,|| EpilogueItem ID: 14 unlocked: false ||,|| EpilogueItem ID: 15 unlocked: false ||,|| EpilogueItem ID: 16 unlocked: false ||,|| EpilogueItem ID: 17 unlocked: false ||,|| EpilogueItem ID: 18 unlocked: false ||,|| EpilogueItem ID: 19 unlocked: false ||,|| EpilogueItem ID: 20 unlocked: false ||,|| EpilogueItem ID: 21 unlocked: false ||,|| EpilogueItem ID: 22 unlocked: false ||,|| EpilogueItem ID: 23 unlocked: false ||,|| EpilogueItem ID: 24 unlocked: false ||],0.2
6486010,706,27:2:24,(x=352, y=-100, w=1024, h=768),(x=1896, y=-100, w=1024, h=768)
6486010,706,27:2:26,(x=2231, y=-100, w=1024, h=768),(x=2531, y=-100, w=1024, h=768)
6486010,708,27:2:26
6486010,1,27:2:26,4/30/2013 4:10:24pm,{"gameTime":97346744,"session":[{"stackId":12,"sceneId":"1P"},{"stackId":0,"sceneId":"1P"},{"stackId":1,"sceneId":"1P"},{"stackId":1,"sceneId":"1N"},{"stackId":1,"sceneId":"2P"},{"stackId":2,"sceneId":"3P"},{"stackId":2,"sceneId":"1P"},{"stackId":2,"sceneId":"1N"},{"stackId":2,"sceneId":"2P"},{"stackId":3,"sceneId":"1P"},{"stackId":3,"sceneId":"1N"},{"stackId":3,"sceneId":"2P"},{"stackId":4,"sceneId":"1P"},{"stackId":4,"sceneId":"1N"}],"challengeStacks":[{"resolved":true,"challengeScenes":[{"keyPoints":["c_teacherEng_G7a0","c_bestFriend_M_a_G7a0","s_flag_gen"],"viewedAnimatic":true,"touchableObjects":["c_teacherEng_G7a0","s_otherStudent1_G7a0","c_crewKid1_M_G7a0","s_doorClassroom_G7a0","s_vocabAssignment_G7a0","c_bestFriend_M_a_G7a0","c_friend1_M_a_G7a0","s_atwoodPoster_gen","s_angelouPoster_gen","s_poePoster_gen","s_clock_G7a0","s_shakespearePoster_gen","s_flag_gen"],"unlocked":true,"miniGameCards":[]},{"keyPoints":["c_teacherEng_G7a1N","c_bestFriend_M_a_G7a1N","s_paperPlayers_G7a1N"],"viewedAnimatic":true,"touchableObjects":["c_teacherEng_G7a1N","c_bestFriend_M_a_G7a1N","s_otherStudent2_G7a1N","s_otherStudent1_G7a1N","c_crewKid1_M_G7a1N","s_flag_gen","s_posterPlagiarism_gen","s_atwoodPoster_gen","s_angelouPoster_gen","s_shakespearePoster_gen","s_poePoster_gen","s_paperPlayers_G7a1N"],"unlocked":true,"miniGameCards":[]},{"keyPoints":["c_teacherEng_G7a1P","c_bestFriend_M_a_G7a1P","s_paperEnglish_gen","s_flag_gen"],"viewedAnimatic":true,"touchableObjects":["c_teacherEng_G7a1P","s_paperPlayers_G7a1P","s_clock_G7a1P","c_bestFriend_M_a_G7a1P","s_paperEnglish_gen","s_flag_gen"],"unlocked":true,"miniGameCards":[]}],"stackSize":3},{"resolved":true,"challengeScenes":[{"keyPoints":["s_backpack_M_G7b0","c_crewKid1_M_G7b0","c_kidSister_lati_a_G7b0"],"viewedAnimatic":true,"touchableObjects":["c_cousin_M_a_G7b0","c_crewKid2_M_G7b0","s_lifeguard_G7b0","s_backpack_M_G7b0","s_snackBarWorker_G7b0","c_crewKid1_M_G7b0","c_cousinsBrothersFriend_a_G7b0","c_kidSister_lati_a_G7b0"],"unlocked":true,"miniGameCards":[]},{"keyPoints":["s_sprayPaintCan_G7b1N","s_brokenCarWindow_G7b1N","s_graffiti_G7b1N","c_crewKid1_M_G7b1N","c_kidSister_lati_a_G7b1N"],"viewedAnimatic":true,"touchableObjects":["c_cousin_M_a_G7b1N","c_teacherEng_G7b1N","s_sprayPaintCan_G7b1N","s_brokenCarWindow_G7b1N","c_crewKid2_M_a_G7b1N","s_graffiti_G7b1N","c_crewKid1_M_G7b1N","s_wreckedPlants_G7b1N","c_kidSister_lati_a_G7b1N"],"unlocked":true,"miniGameCards":[]},{"keyPoints":["s_poolDay_ruleSign_G7b1P","c_cousinsBrothersFriend_a_G7b1P","c_cousin_M_a_G7b1P","c_cousinsBrother_a_G7b1P"],"viewedAnimatic":true,"touchableObjects":["s_poolDay_ruleSign_G7b1P","c_cousinsBrothersFriend_a_G7b1P","c_cousin_M_a_G7b1P","c_cousinsBrother_a_G7b1P"],"unlocked":true,"miniGameCards":[]},{"keyPoints":["c_cousin_M_a_G7b2N","s_kid1_G7b2N","c_kidSister_lati_a_G7b2N","c_crush1_M_a_G7b2N"],"viewedAnimatic":true,"touchableObjects":["c_cousin_M_a_G7b2N","s_kid1_G7b2N","c_kidSister_lati_a_G7b2N","c_crush1_M_a_G7b2N","s_cousinsBFgirlfriend_G7b2N"],"unlocked":true,"miniGameCards":[]},{"keyPoints":["c_cousin_M_a_G7b2P","s_computer_M_G7b2P","c_kidSister_lati_a_G7b2P"],"viewedAnimatic":true,"touchableObjects":["s_closet_M_G7b2P","c_cousin_M_a_G7b2P","s_computer_M_G7b2P","c_grandma_lati_a_G7b2P","c_kidSister_lati_a_G7b2P"],"unlocked":true,"miniGameCards":[]}],"stackSize":5},{"resolved":true,"challengeScenes":[{"keyPoints":["s_bottleCrush2_M_G8a0","s_cellphone_G8a0","c_crush2_M_a_G8a0","c_cousin_M_a_G8a0","s_clock_G8a0"],"viewedAnimatic":true,"touchableObjects":["s_bottleCrush2_M_G8a0","s_cellphone_G8a0","c_crush2_M_a_G8a0","c_cousin_M_a_G8a0","s_stairs_G8a0","s_clock_G8a0","s_bottleTable_G8a0"],"unlocked":true,"miniGameCards":[]},{"keyPoints":["s_basementDoor_gen","s_dirtyClothes_gen","s_crush2Lips_M_G8a1N","s_crush2Sore_M_G8a1N","s_crush2Eyes_M_G8a1N"],"viewedAnimatic":true,"touchableObjects":["s_basementDoor_gen","s_stairs_G8a1N","c_crush2_M_a_G8a1N","s_dirtyClothes_gen","s_crush2Lips_M_G8a1N","s_crush2Sore_M_G8a1N","s_waterHeater_gen","s_crush2Eyes_M_G8a1N"],"unlocked":true,"miniGameCards":[]},{"keyPoints":["s_dirtyClothes_gen","s_basementDoor_gen","c_crush2_M_a_G8a1P","s_inhalantsShelf_gen"],"viewedAnimatic":true,"touchableObjects":["s_spraypaintCrush2_M_G8a1P","s_dirtyClothes_gen","s_basementDoor_gen","s_waterHeater_gen","c_crush2_M_a_G8a1P","s_inhalantsShelf_gen"],"unlocked":true,"miniGameCards":[]},{"keyPoints":["c_crush2_M_a_G8a2N","s_spraypaintCan_G8a2N"],"viewedAnimatic":true,"touchableObjects":["s_fumes_G8a2N","c_friend1_M_a_G8a2N","c_crush2_M_a_G8a2N","s_spraypaintCan_G8a2N"],"unlocked":true,"miniGameCards":[]},{"keyPoints":["c_crush2_M_a_G8a2P","c_kidSister_lati_a_G8a2P","s_magazine_G8a2P","s_pictureDad_lati_gen","s_sistersToy_G8a2P"],"viewedAnimatic":true,"touchableObjects":["c_crush2_M_a_G8a2P","c_grandma_lati_a_G8a2P","s_door_gen","c_kidSister_lati_a_G8a2P","s_videoGame_G8a2P","s_cigarette_G8a2P","s_magazine_G8a2P","s_pictureDad_lati_gen","s_teaCup_G8a2P","s_sistersToy_G8a2P"],"unlocked":true,"miniGameCards":[]},{"keyPoints":["s_mirror_lati_M_a_G8a3N","c_nurse_a_G8a3N","s_pamphlet1_G8a3N","s_pamphlet3_G8a3N"],"viewedAnimatic":true,"touchableObjects":["s_mirror_lati_M_a_G8a3N","c_nurse_a_G8a3N","s_phone_G8a3N","s_door_G8a3N","s_poster_G8a3N","s_pamphlet1_G8a3N","s_pamphlet2_G8a3N","s_pamphlet3_G8a3N"],"unlocked":true,"miniGameCards":[]},{"keyPoints":["c_crush2_M_a_G8a3P","s_kidsCouch_G8a3P"],"viewedAnimatic":true,"touchableObjects":["c_crush2_M_a_G8a3P","s_kidsCouch_G8a3P"],"unlocked":true,"miniGameCards":[]}],"stackSize":7},{"resolved":true,"challengeScenes":[{"keyPoints":["c_kidSister_lati_a_G8b0","c_friend1_M_a_G8b0","s_pillBottle_G8b0"],"viewedAnimatic":true,"touchableObjects":["c_kidSister_lati_a_G8b0","c_friend1_M_a_G8b0","c_grandma_lati_a_G8b0","s_pillBottle_G8b0"],"unlocked":true,"miniGameCards":[]},{"keyPoints":["c_grandma_lati_a_G8b1N","c_friend1_M_a_G8b1N","c_kidSister_lati_a_G8b1N"],"viewedAnimatic":true,"touchableObjects":["c_grandma_lati_a_G8b1N","c_friend1_M_a_G8b1N","c_kidSister_lati_a_G8b1N"],"unlocked":true,"miniGameCards":[]},{"keyPoints":["s_pillBottle_M_G8b1P","c_grandma_lati_a_G8b1P","c_friend1_M_a_G8b1P"],"viewedAnimatic":true,"touchableObjects":["s_pillBottle_M_G8b1P","c_grandma_lati_a_G8b1P","c_friend1_M_a_G8b1P","s_tvGuide_G8b1P"],"unlocked":true,"miniGameCards":[]},{"keyPoints":["c_teacherEng_G8b2N","c_crewKid2_M_a_G8b2N","s_clock_G8b2N","s_sandwichBagPills_G8b2N","c_friend1_M_a_G8b2N"],"viewedAnimatic":true,"touchableObjects":["c_teacherEng_G8b2N","c_crewKid2_M_a_G8b2N","s_kid2_G8b2N","s_camera_gen","s_kid4_G8b2N","s_kid3_G8b2N","s_kid5_G8b2N","s_clock_G8b2N","s_sandwichBagPills_G8b2N","c_friend1_M_a_G8b2N"],"unlocked":true,"miniGameCards":[]},{"keyPoints":["c_friend1_M_a_G8b2P","c_grandma_lati_a_G8b2P","s_pillBottle_G8b2P"],"viewedAnimatic":true,"touchableObjects":["c_friend1_M_a_G8b2P","c_grandma_lati_a_G8b2P","s_pillBottle_G8b2P","c_mom_lati_a_G8b2P","s_pictureDad_lati_gen","s_videoGameScreen_G8b2P","c_kidSister_lati_a_G8b2P"],"unlocked":true,"miniGameCards":[]}],"stackSize":5},{"resolved":false,"challengeScenes":[{"keyPoints":["s_door_M_gen","s_bathingSuit_M_G9a0","s_cellPhone_M_G9a0","s_clock_M_G9a0"],"viewedAnimatic":true,"touchableObjects":["s_door_M_gen","s_bathingSuit_M_G9a0","s_cellPhone_M_G9a0","s_clock_M_G9a0"],"unlocked":true,"miniGameCards":[]},{"keyPoints":["c_cousin_M_a_G9a1N","c_policeOfficer_G9a1N","s_kid3_G9a1N","s_fence_G9a1N"],"viewedAnimatic":true,"touchableObjects":["c_cousinsBrothersFriend_a_G9a1N","c_cousin_M_a_G9a1N","c_policeOfficer_G9a1N","s_kid3_G9a1N","s_fence_G9a1N"],"unlocked":true,"miniGameCards":[]},{"keyPoints":[],"viewedAnimatic":true,"touchableObjects":[],"unlocked":true,"miniGameCards":[]},{"keyPoints":["c_cousin_M_a_G9a2N"],"viewedAnimatic":true,"touchableObjects":["c_cousin_M_a_G9a2N"],"unlocked":true,"miniGameCards":[]},{"keyPoints":[],"viewedAnimatic":false,"touchableObjects":[],"unlocked":false,"miniGameCards":[]}],"stackSize":5},{"resolved":false,"challengeScenes":[{"keyPoints":[],"viewedAnimatic":false,"touchableObjects":[],"unlocked":true,"miniGameCards":[]},{"keyPoints":[],"viewedAnimatic":false,"touchableObjects":[],"unlocked":true,"miniGameCards":[]},{"keyPoints":[],"viewedAnimatic":false,"touchableObjects":[],"unlocked":false,"miniGameCards":[]},{"keyPoints":[],"viewedAnimatic":false,"touchableObjects":[],"unlocked":false,"miniGameCards":[]},{"keyPoints":[],"viewedAnimatic":false,"touchableObjects":[],"unlocked":false,"miniGameCards":[]}],"stackSize":5},{"resolved":false,"challengeScenes":[{"keyPoints":[],"viewedAnimatic":false,"touchableObjects":[],"unlocked":false,"miniGameCards":[]},{"keyPoints":[],"viewedAnimatic":false,"touchableObjects":[],"unlocked":false,"miniGameCards":[]},{"keyPoints":[],"viewedAnimatic":false,"touchableObjects":[],"unlocked":false,"miniGameCards":[]},{"keyPoints":[],"viewedAnimatic":false,"touchableObjects":[],"unlocked":false,"miniGameCards":[]},{"keyPoints":[],"viewedAnimatic":false,"touchableObjects":[],"unlocked":false,"miniGameCards":[]}],"stackSize":5},{"resolved":false,"challengeScenes":[{"keyPoints":[],"viewedAnimatic":false,"touchableObjects":[],"unlocked":false,"miniGameCards":[]},{"keyPoints":[],"viewedAnimatic":false,"touchableObjects":[],"unlocked":false,"miniGameCards":[]},{"keyPoints":[],"viewedAnimatic":false,"touchableObjects":[],"unlocked":false,"miniGameCards":[]},{"keyPoints":[],"viewedAnimatic":false,"touchableObjects":[],"unlocked":false,"miniGameCards":[]},{"keyPoints":[],"viewedAnimatic":false,"touchableObjects":[],"unlocked":false,"miniGameCards":[]}],"stackSize":5},{"resolved":false,"challengeScenes":[{"keyPoints":[],"viewedAnimatic":false,"touchableObjects":[],"unlocked":true,"miniGameCards":[]},{"keyPoints":[],"viewedAnimatic":false,"touchableObjects":[],"unlocked":true,"miniGameCards":[]},{"keyPoints":[],"viewedAnimatic":false,"touchableObjects":[],"unlocked":false,"miniGameCards":[]},{"keyPoints":[],"viewedAnimatic":false,"touchableObjects":[],"unlocked":false,"miniGameCards":[]},{"keyPoints":[],"viewedAnimatic":false,"touchableObjects":[],"unlocked":false,"miniGameCards":[]}],"stackSize":5},{"resolved":false,"challengeScenes":[{"keyPoints":[],"viewedAnimatic":false,"touchableObjects":[],"unlocked":false,"miniGameCards":[]},{"keyPoints":[],"viewedAnimatic":false,"touchableObjects":[],"unlocked":false,"miniGameCards":[]},{"keyPoints":[],"viewedAnimatic":false,"touchableObjects":[],"unlocked":false,"miniGameCards":[]},{"keyPoints":[],"viewedAnimatic":false,"touchableObjects":[],"unlocked":false,"miniGameCards":[]},{"keyPoints":[],"viewedAnimatic":false,"touchableObjects":[],"unlocked":false,"miniGameCards":[]}],"stackSize":5},{"resolved":false,"challengeScenes":[{"keyPoints":[],"viewedAnimatic":false,"touchableObjects":[],"unlocked":false,"miniGameCards":[]},{"keyPoints":[],"viewedAnimatic":false,"touchableObjects":[],"unlocked":false,"miniGameCards":[]},{"keyPoints":[],"viewedAnimatic":false,"touchableObjects":[],"unlocked":false,"miniGameCards":[]},{"keyPoints":[],"viewedAnimatic":false,"touchableObjects":[],"unlocked":false,"miniGameCards":[]},{"keyPoints":[],"viewedAnimatic":false,"touchableObjects":[],"unlocked":false,"miniGameCards":[]}],"stackSize":5},{"resolved":false,"challengeScenes":[{"keyPoints":[],"viewedAnimatic":false,"touchableObjects":[],"unlocked":false,"miniGameCards":[]},{"keyPoints":[],"viewedAnimatic":false,"touchableObjects":[],"unlocked":false,"miniGameCards":[]},{"keyPoints":[],"viewedAnimatic":false,"touchableObjects":[],"unlocked":false,"miniGameCards":[]},{"keyPoints":[],"viewedAnimatic":false,"touchableObjects":[],"unlocked":false,"miniGameCards":[]},{"keyPoints":[],"viewedAnimatic":false,"touchableObjects":[],"unlocked":false,"miniGameCards":[]}],"stackSize":5},{"resolved":true,"challengeScenes":[{"keyPoints":[],"viewedAnimatic":false,"touchableObjects":[],"unlocked":true,"miniGameCards":[]},{"keyPoints":["c_home_G0a1N","c_family_lati_a_G0a1N","c_job_G0a1N"],"viewedAnimatic":false,"touchableObjects":["c_home_G0a1N","c_family_lati_a_G0a1N","c_player_lati_M_a_G0a1N","c_job_G0a1N"],"unlocked":true,"miniGameCards":[]},{"keyPoints":["c_kidsister_lati_a_G0a1P","c_grandma_lati_a_G0a1P","c_Teacher_G0a1P","c_dad_lati_a_G0a1P","c_mom_lati_a_G0a1P","c_Nurse_G0a1P"],"viewedAnimatic":false,"touchableObjects":["c_cousins_M_a_G0a1P","c_friends_G0a1P","c_kidsister_lati_a_G0a1P","c_grandma_lati_a_G0a1P","c_Teacher_G0a1P","c_dad_lati_a_G0a1P","c_mom_lati_a_G0a1P","c_Nurse_G0a1P"],"unlocked":true,"miniGameCards":[]}],"stackSize":3}],"minigames":[{"levelSaveData":[{"starRating":3,"unlocked":true},{"starRating":2,"unlocked":true},{"starRating":1,"unlocked":true},{"starRating":0,"unlocked":true},{"starRating":0,"unlocked":false},{"starRating":0,"unlocked":true},{"starRating":0,"unlocked":false},{"starRating":0,"unlocked":true},{"starRating":0,"unlocked":false},{"starRating":0,"unlocked":false}],"skillPoints":6},{"levelSaveData":[{"starRating":3,"unlocked":true},{"starRating":0,"unlocked":true},{"starRating":0,"unlocked":true},{"starRating":0,"unlocked":true},{"starRating":3,"unlocked":true},{"starRating":0,"unlocked":true},{"starRating":0,"unlocked":false},{"starRating":0,"unlocked":false},{"starRating":0,"unlocked":false},{"starRating":0,"unlocked":false}],"skillPoints":6},{"levelSaveData":[{"starRating":3,"unlocked":true},{"starRating":3,"unlocked":true},{"starRating":2,"unlocked":true},{"starRating":0,"unlocked":false},{"starRating":0,"unlocked":false},{"starRating":1,"unlocked":true},{"starRating":0,"unlocked":false},{"starRating":0,"unlocked":true},{"starRating":0,"unlocked":true},{"starRating":0,"unlocked":false}],"skillPoints":9},{"levelSaveData":[{"starRating":3,"unlocked":true},{"starRating":3,"unlocked":true},{"starRating":0,"unlocked":true},{"starRating":3,"unlocked":true},{"starRating":3,"unlocked":true},{"starRating":0,"unlocked":false},{"starRating":0,"unlocked":false},{"starRating":0,"unlocked":false},{"starRating":0,"unlocked":false},{"starRating":0,"unlocked":false}],"skillPoints":12},{"name":"mike","gender":0,"visualAvatar":0,"age":14,"levelSaveData":[{"starRating":3,"unlocked":true},{"chunks":[["1"],["7$$cool","10$$silly"],["6$$music","12$$hanging out","10$$electronics"],["3"]],"unlocked":true,"starRating":3},{"chunks":[["1"],["4$$football","0$$running"],["0$$driving","5$$footbal player"]],"unlocked":true,"starRating":3},{"chunks":[["3"],["0"],["4"],["0"],["1","0"],["6"]],"unlocked":true,"starRating":3},{"chunks":[["4$$gym"],["1"],["13","17"],["1"],["2"],["13"]],"unlocked":true,"starRating":3},{"chunks":[[null],[null,null,null,null],[null],[null]],"unlocked":true,"starRating":0},{"chunks":[[null],[null],[null,null],[null,null],[null]],"unlocked":false,"starRating":0},{"chunks":[[null,null,null],[null,null,null],[null],[null],[null]],"unlocked":false,"starRating":0},{"chunks":[["1","7","2"],["0","3","5"],["6","0"]],"unlocked":true,"starRating":3},{"chunks":[[null],[null],[null],[null],[null],[null]],"unlocked":false,"starRating":0}],"id":2,"skillPoints":18}],"playerId":6486010,"epilogue":{"rating":0},"sessionId":3,"avatar":{"name":"mike","gender":0,"visualAvatar":0,"age":14,"levelSaveData":[{"starRating":3,"unlocked":true},{"chunks":[["1"],["7$$cool","10$$silly"],["6$$music","12$$hanging out","10$$electronics"],["3"]],"unlocked":true,"starRating":3},{"chunks":[["1"],["4$$football","0$$running"],["0$$driving","5$$footbal player"]],"unlocked":true,"starRating":3},{"chunks":[["3"],["0"],["4"],["0"],["1","0"],["6"]],"unlocked":true,"starRating":3},{"chunks":[["4$$gym"],["1"],["13","17"],["1"],["2"],["13"]],"unlocked":true,"starRating":3},{"chunks":[[null],[null,null,null,null],[null],[null]],"unlocked":true,"starRating":0},{"chunks":[[null],[null],[null,null],[null,null],[null]],"unlocked":false,"starRating":0},{"chunks":[[null,null,null],[null,null,null],[null],[null],[null]],"unlocked":false,"starRating":0},{"chunks":[["1","7","2"],["0","3","5"],["6","0"]],"unlocked":true,"starRating":3},{"chunks":[[null],[null],[null],[null],[null],[null]],"unlocked":false,"starRating":0}],"id":2,"skillPoints":18}}
