6486011,0,25:56:29,5/14/2013 3:39:13pm
6486011,100,25:56:32,0
6486011,101,25:56:35,0
6486011,100,25:56:36,1
6486011,102,25:56:37,1
6486011,200,25:56:37,1,3,3,6,3,6
6486011,210,25:56:40,984,267
6486011,211,25:56:41,979,422
6486011,213,25:56:41,1,c_crewKid1_F_G7b0,true
6486011,205,25:56:41,1,c_crewKid1_F_G7b0,false,true
6486011,210,25:56:45,703,419
6486011,211,25:56:45,686,386
6486011,213,25:56:45,1,c_crewKid2_F_G7b0,true
6486011,210,25:56:48,1343,413
6486011,211,25:56:48,1388,452
6486011,213,25:56:48,1,c_cousin_F_a_G7b0,true
6486011,210,25:56:56,616,467
6486011,207,25:56:56,1,-500,-410
6486011,211,25:56:58,664,514
6486011,213,25:56:58,1,c_crewKid2_F_G7b0,true
6486011,212,25:57:3,1
6486011,210,25:57:3,543,458
6486011,211,25:57:5,795,408
6486011,212,25:57:5,0
6486011,210,25:57:6,564,519
6486011,211,25:57:7,566,531
6486011,213,25:57:7,1,s_backpack_F_G7b0,true
6486011,205,25:57:7,1,s_backpack_F_G7b0,false,false
6486011,221,25:57:13,1
6486011,220,25:57:15,1
6486011,212,25:57:17,1
6486011,210,25:57:18,1236,313
6486011,211,25:57:18,1097,251
6486011,210,25:57:18,1086,369
6486011,211,25:57:18,1065,364
6486011,221,25:57:19,1
6486011,220,25:57:20,1
6486011,210,25:57:23,704,345
6486011,211,25:57:26,898,445
6486011,213,25:57:26,1,s_wreckedPlants_G7b1N,true
6486011,221,25:57:33,1
6486011,220,25:57:35,1
6486011,212,25:57:36,0
6486011,210,25:57:38,786,461
6486011,207,25:57:41,1,-200,-20
6486011,211,25:57:42,279,366
6486011,213,25:57:42,1,c_policeOfficer_G7b1N,true
6486011,210,25:57:44,450,402
6486011,207,25:57:45,1,-20,-335
6486011,207,25:57:48,1,-335,-755
6486011,211,25:57:49,1665,426
6486011,213,25:57:49,1,s_brokenCarWindow_G7b1N,true
6486011,205,25:57:49,1,s_brokenCarWindow_G7b1N,false,true
6486011,210,25:57:52,1305,148
6486011,211,25:57:53,1318,189
6486011,213,25:57:53,1,s_graffiti_G7b1N,true
6486011,205,25:57:53,1,s_graffiti_G7b1N,false,true
6486011,210,25:57:57,1255,304
6486011,207,25:57:57,1,-755,-935
6486011,211,25:57:59,1713,81
6486011,213,25:57:59,1,s_cat_G7b1N,true
6486011,210,25:58:1,1654,209
6486011,207,25:58:1,1,-935,-1027
6486011,211,25:58:3,1973,178
6486011,213,25:58:3,1,c_crewKid2_F_a_G7b1N,true
6486011,221,25:58:12,1
6486011,220,25:58:14,1
6486011,210,25:58:15,663,432
6486011,207,25:58:16,1,-500,-380
6486011,211,25:58:17,576,129
6486011,213,25:58:17,1,s_lifeguard_G7b0,true
6486011,210,25:58:20,560,333
6486011,211,25:58:21,329,271
6486011,207,25:58:21,1,-380,-245
6486011,210,25:58:21,400,277
6486011,211,25:58:22,432,271
6486011,213,25:58:22,1,c_cousinsBrother_a_G7b0,true
6486011,210,25:58:27,351,379
6486011,207,25:58:27,1,-245,-110
6486011,207,25:58:29,1,-110,-5
6486011,207,25:58:29,1,-5,0
6486011,207,25:58:35,1,0,-195
6486011,211,25:58:36,1094,584
6486011,210,25:58:37,975,443
6486011,207,25:58:37,1,-195,-285
6486011,211,25:58:39,1487,285
6486011,207,25:58:39,1,-285,-480
6486011,210,25:58:39,1529,194
6486011,207,25:58:39,1,-480,-690
6486011,207,25:58:43,1,-690,-1031
6486011,211,25:58:43,2053,491
6486011,210,25:58:43,2029,214
6486011,207,25:58:48,1,-1031,0
6486011,211,25:58:53,566,567
6486011,213,25:58:53,1,s_backpack_F_G7b0,true
6486011,205,25:58:53,1,s_backpack_F_G7b0,false,true
6486011,210,25:59:0,528,482
6486011,207,25:59:1,1,0,-165
6486011,211,25:59:5,1263,420
6486011,207,25:59:5,1,-165,-255
6486011,210,25:59:5,1352,434
6486011,207,25:59:5,1,-255,-420
6486011,207,25:59:8,1,-420,-645
6486011,207,25:59:12,1,-645,-945
6486011,211,25:59:13,1403,501
6486011,210,25:59:16,495,219
6486011,207,25:59:20,1,-200,0
6486011,207,25:59:24,1,0,-135
6486011,211,25:59:26,1276,501
6486011,207,25:59:26,1,-135,-270
6486011,207,25:59:26,1,-270,-315
6486011,210,25:59:26,1223,238
6486011,207,25:59:28,1,-315,-1027
6486011,211,25:59:34,2048,198
6486011,210,25:59:34,1986,160
6486011,211,25:59:36,939,149
6486011,207,25:59:36,1,-1027,-922
6486011,207,25:59:36,1,-922,-862
6486011,210,25:59:36,976,255
6486011,207,25:59:39,1,-862,0
6486011,211,25:59:44,162,272
6486011,210,25:59:45,147,189
6486011,211,25:59:46,293,325
6486011,213,25:59:46,1,c_policeOfficer_G7b1N,true
6486011,210,25:59:50,270,233
6486011,211,25:59:50,322,322
6486011,213,25:59:50,1,c_policeOfficer_G7b1N,true
6486011,210,25:59:54,575,443
6486011,211,25:59:55,798,390
6486011,213,25:59:55,1,c_cousin_F_a_G7b1N,true
6486011,210,25:59:58,837,580
6486011,211,25:59:59,887,617
6486011,213,25:59:59,1,s_sprayPaintCan_G7b1N,true
6486011,205,25:59:59,1,s_sprayPaintCan_G7b1N,false,false
6486011,221,26:0:9,1
6486011,220,26:0:11,1
6486011,219,26:0:11,1
6486011,216,26:0:12,Stack_G7b1P
6486011,217,26:0:33,Stack_G7b1P,19,0.33
6486011,218,26:0:36,1
6486011,210,26:0:37,749,466
6486011,207,26:0:38,1,-200,-20
6486011,211,26:0:39,251,448
6486011,213,26:0:39,1,c_cousinsBrothersFriend_a_G7b1P,true
6486011,205,26:0:39,1,c_cousinsBrothersFriend_a_G7b1P,false,false
6486011,210,26:0:43,97,426
6486011,207,26:0:43,1,-20,0
6486011,211,26:0:44,85,424
6486011,213,26:0:44,1,c_kidSister_lati_a_G7b1P,true
6486011,210,26:0:46,228,427
6486011,207,26:0:49,1,0,-375
6486011,211,26:0:50,1203,352
6486011,219,26:0:54,1
6486011,216,26:0:55,Stack_G7b2N
6486011,217,26:1:4,Stack_G7b2N,7.8,0.00
6486011,218,26:1:9,1
6486011,210,26:1:10,694,364
6486011,211,26:1:10,703,305
6486011,213,26:1:10,1,c_cousinsBrother_a_G7b2N,true
6486011,210,26:1:16,415,390
6486011,211,26:1:16,386,330
6486011,210,26:1:17,390,266
6486011,211,26:1:17,445,302
6486011,212,26:1:18,2
6486011,210,26:1:19,394,390
6486011,211,26:1:21,402,335
6486011,213,26:1:21,1,c_cousinsBrothersFriend_a_G7b2N,true
6486011,210,26:1:24,536,423
6486011,211,26:1:27,830,340
6486011,212,26:1:27,1
6486011,210,26:1:28,1073,263
6486011,211,26:1:29,946,416
6486011,213,26:1:29,1,c_crush1_F_a_G7b2N,true
6486011,205,26:1:29,1,c_crush1_F_a_G7b2N,false,false
6486011,210,26:1:33,759,461
6486011,211,26:1:36,548,105
6486011,213,26:1:36,1,s_lifeguard_G7b2N,true
6486011,210,26:1:40,967,314
6486011,211,26:1:41,941,316
6486011,213,26:1:41,1,c_crush1_F_a_G7b2N,true
6486011,205,26:1:41,1,c_crush1_F_a_G7b2N,false,true
6486011,210,26:1:45,640,453
6486011,211,26:1:46,1129,408
6486011,210,26:1:46,1071,379
6486011,211,26:1:48,300,452
6486011,213,26:1:48,1,s_cousinsBFgirlfriend_G7b2N,true
6486011,210,26:1:52,433,369
6486011,211,26:1:52,538,417
6486011,212,26:1:53,2
6486011,210,26:1:53,561,421
6486011,211,26:1:54,540,384
6486011,212,26:1:55,0
6486011,210,26:1:55,527,342
6486011,211,26:1:56,546,361
6486011,213,26:1:56,1,c_cousin_F_a_G7b2N,true
6486011,205,26:1:56,1,c_cousin_F_a_G7b2N,false,false
6486011,210,26:1:59,418,360
6486011,211,26:2:1,721,303
6486011,213,26:2:1,1,c_cousinsBrother_a_G7b2N,true
6486011,210,26:2:3,389,375
6486011,211,26:2:4,271,327
6486011,213,26:2:4,1,s_kidPool2_G7b2N,true
6486011,210,26:2:6,198,371
6486011,207,26:2:6,1,-106,0
6486011,211,26:2:7,154,340
6486011,213,26:2:7,1,s_kidPool1_G7b2N,true
6486011,210,26:2:9,187,392
6486011,211,26:2:10,209,390
6486011,213,26:2:10,1,c_kidSister_lati_a_G7b2N,true
6486011,205,26:2:10,1,c_kidSister_lati_a_G7b2N,false,false
6486011,210,26:2:14,430,421
6486011,207,26:2:15,1,0,-106
6486011,211,26:2:18,944,201
6486011,213,26:2:18,1,c_crewKid2_F_G7b2N,true
6486011,212,26:2:23,1
6486011,210,26:2:24,1019,154
6486011,211,26:2:26,942,203
6486011,213,26:2:26,1,c_crewKid2_F_G7b2N,true
6486011,212,26:2:28,2
6486011,210,26:2:29,961,136
6486011,211,26:2:30,860,407
6486011,212,26:2:30,0
6486011,210,26:2:31,998,155
6486011,211,26:2:32,823,263
6486011,213,26:2:32,1,s_kid1_G7b2N,true
6486011,205,26:2:32,1,s_kid1_G7b2N,false,false
6486011,210,26:2:36,600,479
6486011,211,26:2:39,1127,279
6486011,210,26:2:39,1048,281
6486011,211,26:2:39,1038,283
6486011,210,26:2:40,853,386
6486011,211,26:2:41,1071,315
6486011,221,26:2:45,1
6486011,220,26:2:47,1
6486011,210,26:2:49,1016,325
6486011,207,26:2:50,1,-200,-425
6486011,207,26:2:52,1,-425,-530
6486011,207,26:2:53,1,-530,-755
6486011,207,26:2:54,1,-755,-995
6486011,207,26:2:55,1,-995,-1031
6486011,211,26:2:56,2035,239
6486011,213,26:2:56,1,s_poolDay_ruleSign_G7b1P,true
6486011,205,26:2:56,1,s_poolDay_ruleSign_G7b1P,false,false
6486011,210,26:3:0,1312,365
6486011,207,26:3:4,1,-1031,-311
6486011,207,26:3:6,1,-311,0
6486011,211,26:3:9,492,443
6486011,212,26:3:11,1
6486011,210,26:3:11,426,437
6486011,211,26:3:15,86,424
6486011,213,26:3:15,1,c_kidSister_lati_a_G7b1P,true
6486011,210,26:3:16,396,246
6486011,207,26:3:18,1,0,-360
6486011,211,26:3:20,1215,393
6486011,213,26:3:20,1,c_cousin_F_a_G7b1P,true
6486011,205,26:3:20,1,c_cousin_F_a_G7b1P,false,false
6486011,210,26:3:23,918,340
6486011,207,26:3:24,1,-360,-555
6486011,211,26:3:25,1345,243
6486011,213,26:3:25,1,c_cousinsBrother_a_G7b1P,true
6486011,205,26:3:25,1,c_cousinsBrother_a_G7b1P,false,false
6486011,210,26:3:29,1134,352
6486011,207,26:3:29,1,-555,-735
6486011,211,26:3:32,1798,272
6486011,207,26:3:32,1,-735,-795
6486011,210,26:3:33,1849,258
6486011,207,26:3:33,1,-795,-990
6486011,211,26:3:36,857,380
6486011,207,26:3:36,1,-990,-840
6486011,210,26:3:36,841,386
6486011,207,26:3:36,1,-840,-765
6486011,207,26:3:39,1,-765,0
6486011,211,26:3:41,245,458
6486011,221,26:3:42,1
6486011,208,26:3:46,1,s_kid1_G7b2N
6486011,208,26:3:46,1,s_kid1_G7b2N
6486011,208,26:3:47,1,s_poolDay_ruleSign_G7b1P
6486011,300,26:3:52
6486011,220,26:3:52,1
6486011,221,26:3:58,1
6486011,220,26:4:7,1
6486011,210,26:4:8,480,472
6486011,211,26:4:8,141,306
6486011,207,26:4:8,1,-200,-125
6486011,210,26:4:9,106,378
6486011,207,26:4:9,1,-125,-50
6486011,207,26:4:10,1,-50,0
6486011,211,26:4:12,496,546
6486011,221,26:4:13,1
6486011,220,26:4:18,1
6486011,210,26:4:18,241,523
6486011,211,26:4:21,1048,104
6486011,207,26:4:21,1,0,-45
6486011,210,26:4:21,1075,418
6486011,207,26:4:21,1,-45,-120
6486011,211,26:4:22,636,523
6486011,210,26:4:25,533,411
6486011,211,26:4:27,695,330
6486011,213,26:4:27,1,c_cousinsBrother_a_G7b2N,true
6486011,210,26:4:32,635,368
6486011,211,26:4:35,954,410
6486011,213,26:4:35,1,c_crush1_F_a_G7b2N,true
6486011,205,26:4:35,1,c_crush1_F_a_G7b2N,false,true
6486011,210,26:4:38,591,334
6486011,207,26:4:40,1,-106,0
6486011,211,26:4:42,282,423
6486011,213,26:4:42,1,s_cousinsBFgirlfriend_G7b2N,true
6486011,221,26:4:48,1
6486011,208,26:5:6,1,s_poolDay_ruleSign_G7b1P
6486011,300,26:5:10
6486011,220,26:5:10,1
6486011,301,26:5:15,1
6486011,302,26:5:31,1,1,0,3
6486011,302,26:5:32,1,1,0,6
6486011,304,26:5:34,1,1,0,-1,,6,
6486011,302,26:5:40,1,1,1,9
6486011,306,26:5:41,1,0,1
6486011,304,26:5:41,1,1,1,-1,,9,
6486011,302,26:5:44,1,1,0,0
6486011,302,26:5:44,1,1,0,6
6486011,303,26:5:48,1,1,0,6
6486011,304,26:5:52,1,1,0,6,,6,clarniet
6486011,302,26:5:55,1,1,1,3
6486011,302,26:5:56,1,1,1,9
6486011,303,26:5:58,1,1,1,9
6486011,304,26:6:0,1,1,1,9,,9,soccer
6486011,302,26:6:9,1,0,0,1
6486011,304,26:6:10,1,0,0,-1,,1,
6486011,302,26:6:15,1,2,1,6
6486011,302,26:6:16,1,2,1,9
6486011,302,26:6:19,1,2,1,0
6486011,303,26:6:22,1,2,1,0
6486011,306,26:6:28,1,1,2
6486011,304,26:6:28,1,2,1,-1,,0,my car
6486011,302,26:6:33,1,2,0,8
6486011,302,26:6:35,1,2,0,7
6486011,303,26:6:37,1,2,0,7
6486011,306,26:6:39,1,2,3
6486011,304,26:6:39,1,2,0,-1,,7,music
6486011,221,26:6:52,1
6486011,220,26:6:53,1
6486011,219,26:6:53,1
6486011,216,26:6:55,Stack_G7b2P
6486011,217,26:7:9,Stack_G7b2P,12,0.00
6486011,218,26:7:12,1
6486011,210,26:7:13,542,464
6486011,211,26:7:16,626,240
6486011,213,26:7:16,1,s_closet_F_G7b2P,true
6486011,212,26:7:20,2
6486011,210,26:7:21,883,380
6486011,211,26:7:21,881,312
6486011,213,26:7:21,1,c_grandma_lati_a_G7b2P,true
6486011,210,26:7:30,1053,441
6486011,211,26:7:31,514,493
6486011,213,26:7:31,1,c_kidSister_lati_a_G7b2P,true
6486011,205,26:7:31,1,c_kidSister_lati_a_G7b2P,false,false
6486011,212,26:7:38,1
6486011,212,26:7:38,0
6486011,210,26:7:39,1038,524
6486011,211,26:7:39,1065,468
6486011,213,26:7:39,1,c_cousin_F_a_G7b2P,true
6486011,205,26:7:39,1,c_cousin_F_a_G7b2P,false,false
6486011,210,26:7:44,737,491
6486011,207,26:7:45,1,-200,-275
6486011,211,26:7:50,530,194
6486011,213,26:7:50,1,s_calendar_F_gen,true
6486011,212,26:7:52,1
6486011,210,26:7:53,985,245
6486011,211,26:7:54,987,287
6486011,213,26:7:54,1,s_pictureDad_lati_F_gen,true
6486011,205,26:7:54,1,s_pictureDad_lati_F_gen,false,false
6486011,212,26:7:59,2
6486011,210,26:8:0,823,389
6486011,207,26:8:2,1,-275,-200
6486011,207,26:8:3,1,-200,0
6486011,211,26:8:5,682,576
6486011,221,26:8:6,1
6486011,220,26:8:7,1
6486011,212,26:8:8,0
6486011,210,26:8:9,884,432
6486011,207,26:8:9,1,0,-210
6486011,207,26:8:13,1,-210,-360
6486011,207,26:8:15,1,-360,-512
6486011,211,26:8:16,1333,545
6486011,213,26:8:16,1,s_computer_F_G7b2P,true
6486011,205,26:8:16,1,s_computer_F_G7b2P,false,false
6486011,221,26:8:20,1
6486011,220,26:8:21,1
6486011,203,26:8:21,1
6486011,100,26:8:25,2
6486011,102,26:8:27,2
6486011,200,26:8:27,2,3,3,6,3,9
6486011,219,26:8:27,2
6486011,216,26:8:29,Stack_G8a0
6486011,217,26:8:36,Stack_G8a0,7.1,9.6
6486011,218,26:8:40,2
6486011,204,26:8:43,2
6486011,100,26:8:45,2
6486011,102,26:8:46,2
6486011,200,26:8:46,2,3,3,6,3,9
6486011,204,26:8:57,2
6486011,100,26:9:2,2
6486011,102,26:9:4,2
6486011,200,26:9:4,2,3,3,6,3,9
6486011,210,26:9:16,1021,232
6486011,211,26:9:16,1021,232
6486011,210,26:9:16,951,509
6486011,211,26:9:17,990,505
6486011,219,26:9:18,2
6486011,216,26:9:19,Stack_G8a1N
6486011,217,26:9:24,Stack_G8a1N,4.0,0.67
6486011,218,26:9:31,2
6486011,210,26:9:32,717,502
6486011,211,26:9:34,730,543
6486011,213,26:9:34,2,s_crush2Lips_F_G8a1N,true
6486011,205,26:9:34,2,s_crush2Lips_F_G8a1N,false,false
6486011,210,26:9:38,554,179
6486011,211,26:9:39,655,165
6486011,213,26:9:39,2,c_crush2_F_a_G8a1N,true
6486011,221,26:9:42,2
6486011,220,26:9:44,2
6486011,210,26:9:45,1075,428
6486011,211,26:9:46,952,520
6486011,213,26:9:46,2,s_stairs_G8a1N,true
6486011,210,26:9:48,459,93
6486011,211,26:9:49,436,567
6486011,213,26:9:49,2,s_dryer_G8a1N,true
6486011,212,26:9:52,1
6486011,221,26:9:53,2
6486011,220,26:9:58,2
6486011,210,26:9:59,1116,401
6486011,207,26:9:59,2,-200,-260
6486011,207,26:10:0,2,-260,-492
6486011,211,26:10:1,1365,509
6486011,213,26:10:1,2,s_inhalantsShelf_gen,true
6486011,210,26:10:3,1214,448
6486011,207,26:10:6,2,-492,-252
6486011,207,26:10:8,2,-252,0
6486011,211,26:10:9,253,554
6486011,213,26:10:9,2,s_waterHeater_gen,true
6486011,210,26:10:11,196,469
6486011,211,26:10:12,93,498
6486011,219,26:10:13,2
6486011,216,26:10:13,Stack_G8a3N
6486011,217,26:10:19,Stack_G8a3N,4.6,1.2
6486011,216,26:10:23,Stack_G8a3N
6486011,217,26:10:25,Stack_G8a3N,2.1,3.7
6486011,218,26:10:29,2
6486011,204,26:10:30,2
6486011,100,26:10:32,2
6486011,102,26:10:33,2
6486011,200,26:10:33,2,3,3,6,3,9
6486011,210,26:10:37,1088,413
6486011,211,26:10:41,529,359
6486011,213,26:10:41,2,c_friend1_F_G8a0,true
6486011,221,26:10:45,2
6486011,220,26:10:46,2
6486011,212,26:10:47,0
6486011,210,26:10:47,1113,446
6486011,207,26:10:48,2,-200,-440
6486011,211,26:10:49,1353,305
6486011,213,26:10:49,2,s_cigaretteKid1_G8a0,true
6486011,210,26:10:54,1229,295
6486011,207,26:10:58,2,-440,-230
6486011,211,26:10:58,510,550
6486011,213,26:10:58,2,c_crush2_F_a_G8a0,true
6486011,205,26:10:58,2,c_crush2_F_a_G8a0,false,false
6486011,210,26:11:2,524,425
6486011,211,26:11:3,655,347
6486011,213,26:11:3,2,s_beerSixpack_G8a0,true
6486011,210,26:11:5,322,485
6486011,207,26:11:5,2,-230,-185
6486011,211,26:11:6,314,573
6486011,213,26:11:6,2,s_beerCooler_G8a0,true
6486011,210,26:11:9,380,122
6486011,211,26:11:14,834,563
6486011,221,26:11:15,2
6486011,220,26:11:16,2
6486011,212,26:11:17,1
6486011,210,26:11:18,941,345
6486011,211,26:11:19,854,349
6486011,221,26:11:19,2
6486011,220,26:11:21,2
6486011,210,26:11:21,1057,215
6486011,207,26:11:22,2,-185,-380
6486011,207,26:11:23,2,-380,-410
6486011,207,26:11:23,2,-410,-492
6486011,211,26:11:25,1512,339
6486011,210,26:11:25,1505,459
6486011,207,26:11:31,2,-492,-297
6486011,211,26:11:33,785,496
6486011,213,26:11:33,2,s_bottleTable_G8a0,false
6486011,1003,26:11:37,1
6486011,1004,26:11:41,1
6486011,800,26:11:42,1,[]
6486011,801,26:11:44,1,[]
6486011,814,26:11:50,1,[1]
6486011,815,26:11:50,1,1,OpportunityCardData_id:7
6486011,816,26:11:51,1,1,OpportunityCardData_id:7
6486011,805,26:11:53,1,[OpportunityCardData_id:7]
6486011,806,26:11:57,1,[OpportunityCardData_id:7,PriorityData_type:2]
6486011,806,26:12:0,1,[OpportunityCardData_id:7,PriorityData_type:3]
6486011,807,26:12:1,1,[OpportunityCardData_id:7]
6486011,808,26:12:3,1,[OpportunityCardData_id:7]
6486011,809,26:12:7,1,[OpportunityCardData_id:7,PriorityData_type:0,false]
6486011,810,26:12:9,1,[OpportunityCardData_id:7,PriorityData_type:1,10,PriorityData_type:0,20]
6486011,814,26:12:13,1,[1]
6486011,815,26:12:13,1,1,OpportunityCardData_id:8
6486011,815,26:12:15,1,1,OpportunityCardData_id:12
6486011,815,26:12:16,1,1,OpportunityCardData_id:11
6486011,816,26:12:17,1,1,OpportunityCardData_id:11
6486011,805,26:12:18,1,[OpportunityCardData_id:11]
6486011,806,26:12:19,1,[OpportunityCardData_id:11,PriorityData_type:2]
6486011,806,26:12:20,1,[OpportunityCardData_id:11,PriorityData_type:4]
6486011,807,26:12:21,1,[OpportunityCardData_id:11]
6486011,808,26:12:23,1,[OpportunityCardData_id:11]
6486011,809,26:12:27,1,[OpportunityCardData_id:11,Safe,false]
6486011,810,26:12:28,1,[OpportunityCardData_id:11,PriorityData_type:1,10,Safe,Safe]
6486011,814,26:12:33,1,[4]
6486011,815,26:12:33,1,4,OpportunityCardData_id:22
6486011,815,26:12:37,1,4,OpportunityCardData_id:31
6486011,815,26:12:40,1,4,OpportunityCardData_id:30
6486011,815,26:12:42,1,4,OpportunityCardData_id:29
6486011,815,26:12:44,1,4,OpportunityCardData_id:28
6486011,816,26:12:48,1,4,OpportunityCardData_id:28
6486011,805,26:12:49,1,[OpportunityCardData_id:28]
6486011,806,26:12:51,1,[OpportunityCardData_id:28,PriorityData_type:1]
6486011,806,26:12:51,1,[OpportunityCardData_id:28,PriorityData_type:2]
6486011,807,26:12:52,1,[OpportunityCardData_id:28]
6486011,808,26:12:54,1,[OpportunityCardData_id:28]
6486011,809,26:12:58,1,[OpportunityCardData_id:28,PriorityData_type:3,false]
6486011,810,26:13:0,1,[OpportunityCardData_id:28,PriorityData_type:4,5,PriorityData_type:3,15]
6486011,814,26:13:5,1,[3]
6486011,815,26:13:5,1,3,OpportunityCardData_id:19
6486011,816,26:13:7,1,3,OpportunityCardData_id:19
6486011,805,26:13:9,1,[OpportunityCardData_id:19]
6486011,806,26:13:11,1,[OpportunityCardData_id:19,PriorityData_type:2]
6486011,806,26:13:12,1,[OpportunityCardData_id:19,PriorityData_type:4]
6486011,807,26:13:14,1,[OpportunityCardData_id:19]
6486011,808,26:13:16,1,[OpportunityCardData_id:19]
6486011,809,26:13:21,1,[OpportunityCardData_id:19,Safe,false]
6486011,810,26:13:22,1,[OpportunityCardData_id:19,PriorityData_type:3,25,Safe,Safe]
6486011,814,26:13:27,1,[0]
6486011,815,26:13:27,1,0,OpportunityCardData_id:0
6486011,816,26:13:29,1,0,OpportunityCardData_id:0
6486011,805,26:13:30,1,[OpportunityCardData_id:0]
6486011,806,26:13:31,1,[OpportunityCardData_id:0,PriorityData_type:2]
6486011,806,26:13:32,1,[OpportunityCardData_id:0,PriorityData_type:3]
6486011,807,26:13:33,1,[OpportunityCardData_id:0]
6486011,808,26:13:36,1,[OpportunityCardData_id:0]
6486011,809,26:13:41,1,[OpportunityCardData_id:0,Safe,false]
6486011,810,26:13:42,1,[OpportunityCardData_id:0,PriorityData_type:0,15,Safe,Safe]
6486011,814,26:13:45,1,[0]
6486011,815,26:13:45,1,0,OpportunityCardData_id:1
6486011,815,26:13:47,1,0,OpportunityCardData_id:2
6486011,816,26:13:48,1,0,OpportunityCardData_id:2
6486011,805,26:13:53,1,[OpportunityCardData_id:2]
6486011,806,26:13:56,1,[OpportunityCardData_id:2,PriorityData_type:5]
6486011,807,26:13:57,1,[OpportunityCardData_id:2]
6486011,808,26:13:59,1,[OpportunityCardData_id:2]
6486011,809,26:14:3,1,[OpportunityCardData_id:2,PriorityData_type:4,false]
6486011,810,26:14:4,1,[OpportunityCardData_id:2,PriorityData_type:0,10,PriorityData_type:4,5]
6486011,814,26:14:8,1,[4]
6486011,815,26:14:8,1,4,OpportunityCardData_id:22
6486011,815,26:14:9,1,4,OpportunityCardData_id:26
6486011,815,26:14:10,1,4,OpportunityCardData_id:27
6486011,816,26:14:11,1,4,OpportunityCardData_id:27
6486011,805,26:14:12,1,[OpportunityCardData_id:27]
6486011,806,26:14:15,1,[OpportunityCardData_id:27,PriorityData_type:1]
6486011,807,26:14:16,1,[OpportunityCardData_id:27]
6486011,808,26:14:18,1,[OpportunityCardData_id:27]
6486011,809,26:14:23,1,[OpportunityCardData_id:27,Safe,false]
6486011,810,26:14:23,1,[OpportunityCardData_id:27,PriorityData_type:4,25,Safe,Safe]
6486011,1002,26:14:30,1
6486011,1003,26:14:30,1
6486011,204,26:14:36,2
6486011,103,26:14:38
6486011,105,26:14:39
6486011,703,26:14:41,[|| EpilogueItem ID: 0 unlocked: true ||,|| EpilogueItem ID: 1 unlocked: true ||,|| EpilogueItem ID: 2 unlocked: false ||,|| EpilogueItem ID: 3 unlocked: false ||,|| EpilogueItem ID: 4 unlocked: false ||,|| EpilogueItem ID: 5 unlocked: false ||,|| EpilogueItem ID: 6 unlocked: false ||,|| EpilogueItem ID: 7 unlocked: false ||,|| EpilogueItem ID: 8 unlocked: false ||,|| EpilogueItem ID: 9 unlocked: false ||,|| EpilogueItem ID: 10 unlocked: false ||,|| EpilogueItem ID: 11 unlocked: false ||,|| EpilogueItem ID: 12 unlocked: false ||,|| EpilogueItem ID: 13 unlocked: false ||,|| EpilogueItem ID: 14 unlocked: false ||,|| EpilogueItem ID: 15 unlocked: false ||,|| EpilogueItem ID: 16 unlocked: false ||,|| EpilogueItem ID: 17 unlocked: false ||,|| EpilogueItem ID: 18 unlocked: false ||,|| EpilogueItem ID: 19 unlocked: false ||,|| EpilogueItem ID: 20 unlocked: false ||,|| EpilogueItem ID: 21 unlocked: false ||,|| EpilogueItem ID: 22 unlocked: false ||,|| EpilogueItem ID: 23 unlocked: false ||,|| EpilogueItem ID: 24 unlocked: false ||],0.08
6486011,706,26:14:45,(x=134, y=-100, w=1024, h=768),(x=36, y=-100, w=1024, h=768)
6486011,706,26:14:50,(x=2531, y=-100, w=1024, h=768),(x=2531, y=-100, w=1024, h=768)
6486011,706,26:14:51,(x=2531, y=-100, w=1024, h=768),(x=2531, y=-100, w=1024, h=768)
6486011,708,26:14:51
6486011,1,26:14:51,5/14/2013 3:57:35pm,{"gameTime":94491571,"session":[{"stackId":12,"sceneId":"1P"},{"stackId":0,"sceneId":"1P"},{"stackId":1,"sceneId":"1P"},{"stackId":1,"sceneId":"1N"},{"stackId":1,"sceneId":"2P"}],"challengeStacks":[{"resolved":true,"challengeScenes":[{"keyPoints":["c_teacherEng_G7a0","c_bestFriend_F_a_G7a0","s_flag_gen"],"viewedAnimatic":true,"touchableObjects":["s_vocabAssignment_G7a0","s_otherStudent1_G7a0","c_teacherEng_G7a0","s_angelouPoster_gen","s_shakespearePoster_gen","s_poePoster_gen","s_doorClassroom_G7a0","s_clock_G7a0","c_crewKid1_F_G7a0","c_bestFriend_F_a_G7a0","s_atwoodPoster_gen","s_flag_gen","c_friend1_F_a_G7a0"],"unlocked":true,"miniGameCards":[]},{"keyPoints":["c_teacherEng_G7a1N","c_bestFriend_F_a_G7a1N","s_paperPlayers_G7a1N"],"viewedAnimatic":true,"touchableObjects":["s_posterPlagiarism_gen","s_atwoodPoster_gen","s_otherStudent2_G7a1N","s_otherStudent1_G7a1N","c_crewKid1_F_G7a1N","c_teacherEng_G7a1N","c_bestFriend_F_a_G7a1N","s_paperPlayers_G7a1N"],"unlocked":true,"miniGameCards":[]},{"keyPoints":["c_teacherEng_G7a1P","s_flag_gen","c_bestFriend_F_a_G7a1P","s_paperEnglish_gen"],"viewedAnimatic":true,"touchableObjects":["c_teacherEng_G7a1P","s_paperPlayers_G7a1P","s_flag_gen","s_clock_G7a1P","s_shakespearePoster_gen","s_atwoodPoster_gen","s_angelouPoster_gen","s_poePoster_gen","c_bestFriend_F_a_G7a1P","s_paperEnglish_gen"],"unlocked":true,"miniGameCards":[]}],"stackSize":3},{"resolved":true,"challengeScenes":[{"keyPoints":["c_crewKid1_F_G7b0","c_kidSister_lati_a_G7b0","s_backpack_F_G7b0"],"viewedAnimatic":true,"touchableObjects":["c_crewKid1_F_G7b0","c_crewKid2_F_G7b0","c_cousin_F_a_G7b0","s_snackBarWorker_G7b0","s_lifeguard_G7b0","c_cousinsBrother_a_G7b0","c_kidSister_lati_a_G7b0","c_cousinsBrothersFriend_a_G7b0","c_cousinsBrothersFriendsGF_G7b0","s_backpack_F_G7b0"],"unlocked":true,"miniGameCards":[]},{"keyPoints":["c_kidSister_lati_a_G7b1N","c_crewKid1_F_G7b1N","s_brokenCarWindow_G7b1N","s_graffiti_G7b1N","s_sprayPaintCan_G7b1N"],"viewedAnimatic":true,"touchableObjects":["c_cousin_F_a_G7b1N","c_policeOfficer_G7b1N","c_kidSister_lati_a_G7b1N","c_teacherEng_G7b1N","s_flag_G7b1N","c_crewKid1_F_G7b1N","s_brokenCarWindow_G7b1N","s_cat_G7b1N","s_graffiti_G7b1N","c_crewKid2_F_a_G7b1N","s_wreckedPlants_G7b1N","s_sprayPaintCan_G7b1N"],"unlocked":true,"miniGameCards":[]},{"keyPoints":["c_cousinsBrothersFriend_a_G7b1P","s_poolDay_ruleSign_G7b1P","c_cousin_F_a_G7b1P","c_cousinsBrother_a_G7b1P"],"viewedAnimatic":true,"touchableObjects":["c_cousinsBrothersFriend_a_G7b1P","c_kidSister_lati_a_G7b1P","s_poolDay_ruleSign_G7b1P","c_cousin_F_a_G7b1P","c_cousinsBrother_a_G7b1P"],"unlocked":true,"miniGameCards":[]},{"keyPoints":["c_crush1_F_a_G7b2N","c_cousin_F_a_G7b2N","c_kidSister_lati_a_G7b2N","s_kid1_G7b2N"],"viewedAnimatic":true,"touchableObjects":["c_cousinsBrother_a_G7b2N","c_cousinsBrothersFriend_a_G7b2N","c_crush1_F_a_G7b2N","s_lifeguard_G7b2N","s_cousinsBFgirlfriend_G7b2N","c_cousin_F_a_G7b2N","s_kidPool2_G7b2N","s_kidPool1_G7b2N","c_kidSister_lati_a_G7b2N","c_crewKid2_F_G7b2N","s_kid1_G7b2N"],"unlocked":true,"miniGameCards":[]},{"keyPoints":["c_kidSister_lati_a_G7b2P","c_cousin_F_a_G7b2P","s_pictureDad_lati_F_gen","s_computer_F_G7b2P"],"viewedAnimatic":true,"touchableObjects":["s_closet_F_G7b2P","c_grandma_lati_a_G7b2P","c_kidSister_lati_a_G7b2P","c_cousin_F_a_G7b2P","s_calendar_F_gen","s_pictureDad_lati_F_gen","s_computer_F_G7b2P"],"unlocked":true,"miniGameCards":[]}],"stackSize":5},{"resolved":false,"challengeScenes":[{"keyPoints":["c_crush2_F_a_G8a0"],"viewedAnimatic":true,"touchableObjects":["c_friend1_F_G8a0","s_cigaretteKid1_G8a0","c_crush2_F_a_G8a0","s_beerSixpack_G8a0","s_beerCooler_G8a0"],"unlocked":true,"miniGameCards":[]},{"keyPoints":["s_crush2Lips_F_G8a1N"],"viewedAnimatic":true,"touchableObjects":["s_crush2Lips_F_G8a1N","c_crush2_F_a_G8a1N","s_stairs_G8a1N","s_dryer_G8a1N","s_inhalantsShelf_gen","s_waterHeater_gen"],"unlocked":true,"miniGameCards":[]},{"keyPoints":[],"viewedAnimatic":false,"touchableObjects":[],"unlocked":false,"miniGameCards":[]},{"keyPoints":[],"viewedAnimatic":false,"touchableObjects":[],"unlocked":false,"miniGameCards":[]},{"keyPoints":[],"viewedAnimatic":false,"touchableObjects":[],"unlocked":false,"miniGameCards":[]},{"keyPoints":[],"viewedAnimatic":true,"touchableObjects":[],"unlocked":true,"miniGameCards":[]},{"keyPoints":[],"viewedAnimatic":false,"touchableObjects":[],"unlocked":false,"miniGameCards":[]}],"stackSize":7},{"resolved":false,"challengeScenes":[{"keyPoints":[],"viewedAnimatic":false,"touchableObjects":[],"unlocked":false,"miniGameCards":[]},{"keyPoints":[],"viewedAnimatic":false,"touchableObjects":[],"unlocked":false,"miniGameCards":[]},{"keyPoints":[],"viewedAnimatic":false,"touchableObjects":[],"unlocked":false,"miniGameCards":[]},{"keyPoints":[],"viewedAnimatic":false,"touchableObjects":[],"unlocked":false,"miniGameCards":[]},{"keyPoints":[],"viewedAnimatic":false,"touchableObjects":[],"unlocked":false,"miniGameCards":[]}],"stackSize":5},{"resolved":false,"challengeScenes":[{"keyPoints":[],"viewedAnimatic":false,"touchableObjects":[],"unlocked":true,"miniGameCards":[]},{"keyPoints":[],"viewedAnimatic":false,"touchableObjects":[],"unlocked":true,"miniGameCards":[]},{"keyPoints":[],"viewedAnimatic":false,"touchableObjects":[],"unlocked":false,"miniGameCards":[]},{"keyPoints":[],"viewedAnimatic":false,"touchableObjects":[],"unlocked":false,"miniGameCards":[]},{"keyPoints":[],"viewedAnimatic":false,"touchableObjects":[],"unlocked":false,"miniGameCards":[]}],"stackSize":5},{"resolved":false,"challengeScenes":[{"keyPoints":[],"viewedAnimatic":false,"touchableObjects":[],"unlocked":false,"miniGameCards":[]},{"keyPoints":[],"viewedAnimatic":false,"touchableObjects":[],"unlocked":false,"miniGameCards":[]},{"keyPoints":[],"viewedAnimatic":false,"touchableObjects":[],"unlocked":false,"miniGameCards":[]},{"keyPoints":[],"viewedAnimatic":false,"touchableObjects":[],"unlocked":false,"miniGameCards":[]},{"keyPoints":[],"viewedAnimatic":false,"touchableObjects":[],"unlocked":false,"miniGameCards":[]}],"stackSize":5},{"resolved":false,"challengeScenes":[{"keyPoints":[],"viewedAnimatic":false,"touchableObjects":[],"unlocked":false,"miniGameCards":[]},{"keyPoints":[],"viewedAnimatic":false,"touchableObjects":[],"unlocked":false,"miniGameCards":[]},{"keyPoints":[],"viewedAnimatic":false,"touchableObjects":[],"unlocked":false,"miniGameCards":[]},{"keyPoints":[],"viewedAnimatic":false,"touchableObjects":[],"unlocked":false,"miniGameCards":[]},{"keyPoints":[],"viewedAnimatic":false,"touchableObjects":[],"unlocked":false,"miniGameCards":[]}],"stackSize":5},{"resolved":false,"challengeScenes":[{"keyPoints":[],"viewedAnimatic":false,"touchableObjects":[],"unlocked":false,"miniGameCards":[]},{"keyPoints":[],"viewedAnimatic":false,"touchableObjects":[],"unlocked":false,"miniGameCards":[]},{"keyPoints":[],"viewedAnimatic":false,"touchableObjects":[],"unlocked":false,"miniGameCards":[]},{"keyPoints":[],"viewedAnimatic":false,"touchableObjects":[],"unlocked":false,"miniGameCards":[]},{"keyPoints":[],"viewedAnimatic":false,"touchableObjects":[],"unlocked":false,"miniGameCards":[]}],"stackSize":5},{"resolved":false,"challengeScenes":[{"keyPoints":[],"viewedAnimatic":false,"touchableObjects":[],"unlocked":false,"miniGameCards":[]},{"keyPoints":[],"viewedAnimatic":false,"touchableObjects":[],"unlocked":false,"miniGameCards":[]},{"keyPoints":[],"viewedAnimatic":false,"touchableObjects":[],"unlocked":false,"miniGameCards":[]},{"keyPoints":[],"viewedAnimatic":false,"touchableObjects":[],"unlocked":false,"miniGameCards":[]},{"keyPoints":[],"viewedAnimatic":false,"touchableObjects":[],"unlocked":false,"miniGameCards":[]}],"stackSize":5},{"resolved":false,"challengeScenes":[{"keyPoints":[],"viewedAnimatic":false,"touchableObjects":[],"unlocked":false,"miniGameCards":[]},{"keyPoints":[],"viewedAnimatic":false,"touchableObjects":[],"unlocked":false,"miniGameCards":[]},{"keyPoints":[],"viewedAnimatic":false,"touchableObjects":[],"unlocked":false,"miniGameCards":[]},{"keyPoints":[],"viewedAnimatic":false,"touchableObjects":[],"unlocked":false,"miniGameCards":[]},{"keyPoints":[],"viewedAnimatic":false,"touchableObjects":[],"unlocked":false,"miniGameCards":[]}],"stackSize":5},{"resolved":false,"challengeScenes":[{"keyPoints":[],"viewedAnimatic":false,"touchableObjects":[],"unlocked":false,"miniGameCards":[]},{"keyPoints":[],"viewedAnimatic":false,"touchableObjects":[],"unlocked":false,"miniGameCards":[]},{"keyPoints":[],"viewedAnimatic":false,"touchableObjects":[],"unlocked":false,"miniGameCards":[]},{"keyPoints":[],"viewedAnimatic":false,"touchableObjects":[],"unlocked":false,"miniGameCards":[]},{"keyPoints":[],"viewedAnimatic":false,"touchableObjects":[],"unlocked":false,"miniGameCards":[]}],"stackSize":5},{"resolved":false,"challengeScenes":[{"keyPoints":[],"viewedAnimatic":false,"touchableObjects":[],"unlocked":false,"miniGameCards":[]},{"keyPoints":[],"viewedAnimatic":false,"touchableObjects":[],"unlocked":false,"miniGameCards":[]},{"keyPoints":[],"viewedAnimatic":false,"touchableObjects":[],"unlocked":false,"miniGameCards":[]},{"keyPoints":[],"viewedAnimatic":false,"touchableObjects":[],"unlocked":false,"miniGameCards":[]},{"keyPoints":[],"viewedAnimatic":false,"touchableObjects":[],"unlocked":false,"miniGameCards":[]}],"stackSize":5},{"resolved":true,"challengeScenes":[{"keyPoints":[],"viewedAnimatic":false,"touchableObjects":["c_player_lati_F_a_G0a0","c_family_lati_a_G0a0","c_education_G0a0","c_friends_G0a0"],"unlocked":true,"miniGameCards":[]},{"keyPoints":["c_family_lati_a_G0a1N","c_job_G0a1N","c_home_G0a1N"],"viewedAnimatic":false,"touchableObjects":["c_player_lati_F_a_G0a1N","c_family_lati_a_G0a1N","c_job_G0a1N","c_home_G0a1N"],"unlocked":true,"miniGameCards":[]},{"keyPoints":["c_Nurse_G0a1P","c_Teacher_G0a1P","c_mom_lati_a_G0a1P","c_dad_lati_a_G0a1P","c_grandma_lati_a_G0a1P","c_kidsister_lati_a_G0a1P"],"viewedAnimatic":false,"touchableObjects":["c_friends_G0a1P","c_cousins_F_a_G0a1P","c_Nurse_G0a1P","c_Teacher_G0a1P","c_mom_lati_a_G0a1P","c_dad_lati_a_G0a1P","c_grandma_lati_a_G0a1P","c_kidsister_lati_a_G0a1P"],"unlocked":true,"miniGameCards":[]}],"stackSize":3}],"minigames":[{"levelSaveData":[{"starRating":3,"unlocked":true},{"starRating":0,"unlocked":true},{"starRating":0,"unlocked":true},{"starRating":0,"unlocked":false},{"starRating":0,"unlocked":false},{"starRating":0,"unlocked":false},{"starRating":0,"unlocked":false},{"starRating":0,"unlocked":false},{"starRating":0,"unlocked":false},{"starRating":0,"unlocked":false}],"skillPoints":3},{"levelSaveData":[{"starRating":3,"unlocked":true},{"starRating":0,"unlocked":true},{"starRating":0,"unlocked":true},{"starRating":0,"unlocked":false},{"starRating":0,"unlocked":true},{"starRating":0,"unlocked":false},{"starRating":0,"unlocked":false},{"starRating":0,"unlocked":false},{"starRating":0,"unlocked":false},{"starRating":0,"unlocked":false}],"skillPoints":3},{"levelSaveData":[{"starRating":3,"unlocked":true},{"starRating":3,"unlocked":true},{"starRating":0,"unlocked":true},{"starRating":0,"unlocked":false},{"starRating":0,"unlocked":false},{"starRating":0,"unlocked":false},{"starRating":0,"unlocked":false},{"starRating":0,"unlocked":false},{"starRating":0,"unlocked":true},{"starRating":0,"unlocked":false}],"skillPoints":6},{"levelSaveData":[{"starRating":3,"unlocked":true},{"starRating":0,"unlocked":true},{"starRating":0,"unlocked":false},{"starRating":0,"unlocked":false},{"starRating":0,"unlocked":true},{"starRating":0,"unlocked":false},{"starRating":0,"unlocked":false},{"starRating":0,"unlocked":false},{"starRating":0,"unlocked":false},{"starRating":0,"unlocked":false}],"skillPoints":3},{"name":"flor","gender":1,"visualAvatar":0,"age":11,"levelSaveData":[{"starRating":3,"unlocked":true},{"chunks":[["2"],["17","0"],["0$$family","14$$sports","6$$music"],["1"]],"unlocked":true,"starRating":3},{"chunks":[["1"],["6$$clarniet","9$$soccer"],["7$$music","0$$my car"]],"unlocked":true,"starRating":3},{"chunks":[[null],[null],[null],[null],[null,null],[null]],"unlocked":true,"starRating":0},{"chunks":[[null],[null],[null,null],[null],[null],[null]],"unlocked":false,"starRating":0},{"chunks":[[null],[null,null,null,null],[null],[null]],"unlocked":false,"starRating":0},{"chunks":[[null],[null],[null,null],[null,null],[null]],"unlocked":false,"starRating":0},{"chunks":[[null,null,null],[null,null,null],[null],[null],[null]],"unlocked":false,"starRating":0},{"chunks":[[null,null,null],[null,null,null],[null,null]],"unlocked":false,"starRating":0},{"chunks":[[null],[null],[null],[null],[null],[null]],"unlocked":false,"starRating":0}],"id":2,"skillPoints":9}],"playerId":6486011,"epilogue":{"rating":0},"sessionId":5,"avatar":{"name":"flor","gender":1,"visualAvatar":0,"age":11,"levelSaveData":[{"starRating":3,"unlocked":true},{"chunks":[["2"],["17","0"],["0$$family","14$$sports","6$$music"],["1"]],"unlocked":true,"starRating":3},{"chunks":[["1"],["6$$clarniet","9$$soccer"],["7$$music","0$$my car"]],"unlocked":true,"starRating":3},{"chunks":[[null],[null],[null],[null],[null,null],[null]],"unlocked":true,"starRating":0},{"chunks":[[null],[null],[null,null],[null],[null],[null]],"unlocked":false,"starRating":0},{"chunks":[[null],[null,null,null,null],[null],[null]],"unlocked":false,"starRating":0},{"chunks":[[null],[null],[null,null],[null,null],[null]],"unlocked":false,"starRating":0},{"chunks":[[null,null,null],[null,null,null],[null],[null],[null]],"unlocked":false,"starRating":0},{"chunks":[[null,null,null],[null,null,null],[null,null]],"unlocked":false,"starRating":0},{"chunks":[[null],[null],[null],[null],[null],[null]],"unlocked":false,"starRating":0}],"id":2,"skillPoints":9}}
