6427037,0,4:34:2,11/18/2013 4:19:45pm
6427037,100,4:34:8,4
6427037,102,4:34:10,4
6427037,200,4:34:10,4,6,12,10,3,12
6427037,210,4:34:13,682,219
6427037,211,4:34:15,528,188
6427037,213,4:34:15,4,s_calendar_F_gen,true
6427037,210,4:34:17,337,359
6427037,207,4:34:18,4,-200,-65
6427037,211,4:34:19,262,611
6427037,213,4:34:19,4,s_cellPhone_F_G9a0,true
6427037,205,4:34:19,4,s_cellPhone_F_G9a0,false,true
6427037,210,4:34:24,426,442
6427037,207,4:34:25,4,-65,0
6427037,207,4:34:28,4,0,-255
6427037,207,4:34:31,4,-255,-512
6427037,211,4:34:34,1487,392
6427037,210,4:34:35,1312,477
6427037,211,4:34:35,1433,559
6427037,212,4:34:40,1
6427037,210,4:34:41,1380,561
6427037,211,4:34:41,1388,634
6427037,212,4:34:42,2
6427037,210,4:34:42,1326,531
6427037,211,4:34:42,1336,598
6427037,210,4:34:43,968,519
6427037,211,4:34:43,1017,559
6427037,212,4:34:44,1
6427037,210,4:34:45,1468,437
6427037,211,4:34:48,908,291
6427037,213,4:34:48,4,s_door_F_gen,true
6427037,205,4:34:48,4,s_door_F_gen,false,false
6427037,207,4:34:53,4,-512,-512
6427037,210,4:34:53,1180,296
6427037,207,4:34:53,4,-512,-512
6427037,207,4:34:55,4,-512,-512
6427037,211,4:34:55,514,203
6427037,213,4:34:55,4,s_calendar_F_gen,true
6427037,212,4:34:58,0
6427037,210,4:34:58,1418,533
6427037,211,4:34:59,872,598
6427037,210,4:34:59,737,514
6427037,211,4:35:1,1506,443
6427037,210,4:35:1,1244,226
6427037,211,4:35:1,1460,329
6427037,210,4:35:2,1193,151
6427037,211,4:35:4,439,209
6427037,207,4:35:4,4,-512,-392
6427037,210,4:35:5,378,234
6427037,207,4:35:5,4,-392,0
6427037,211,4:35:7,489,582
6427037,221,4:35:8,4
6427037,220,4:35:9,4
6427037,210,4:35:14,387,359
6427037,207,4:35:16,4,-200,0
6427037,211,4:35:24,403,165
6427037,213,4:35:24,4,s_fence_G9a1N,true
6427037,205,4:35:24,4,s_fence_G9a1N,false,false
6427037,210,4:35:33,465,395
6427037,207,4:35:35,4,0,-150
6427037,211,4:35:36,834,200
6427037,213,4:35:36,4,s_policeCar_G9a1N,true
6427037,210,4:35:40,841,142
6427037,211,4:35:41,794,191
6427037,213,4:35:41,4,s_policeCar_G9a1N,true
6427037,210,4:35:46,986,277
6427037,211,4:35:48,1093,321
6427037,213,4:35:48,4,c_cousinsBrothersFriend_a_G9a1N,true
6427037,210,4:35:57,1158,269
6427037,211,4:35:57,1259,275
6427037,207,4:35:57,4,-150,-240
6427037,210,4:35:57,1299,290
6427037,211,4:35:58,1426,311
6427037,207,4:35:58,4,-240,-465
6427037,210,4:36:3,1258,274
6427037,207,4:36:8,4,-465,-690
6427037,211,4:36:15,1579,177
6427037,213,4:36:15,4,s_potSmokeCloud_G9a1N,true
6427037,210,4:36:21,1190,527
6427037,207,4:36:26,4,-690,-1031.4
6427037,207,4:36:28,4,-1031.4,-1031.4
6427037,211,4:36:28,2009,248
6427037,213,4:36:28,4,s_poolNight_ruleSign_G9a1N,true
6427037,212,4:36:32,1
6427037,210,4:36:33,1875,355
6427037,207,4:36:38,4,-1031.4,-491.4
6427037,211,4:36:43,624,355
6427037,213,4:36:43,4,s_kid4_G9a1N,true
6427037,210,4:36:47,519,427
6427037,207,4:36:47,4,-491.4,-251.4
6427037,211,4:36:47,332,454
6427037,210,4:36:55,540,339
6427037,211,4:36:57,562,306
6427037,213,4:36:57,4,s_bathingSuits_G9a1N,true
6427037,210,4:37:8,414,423
6427037,207,4:37:9,4,-251.4,0
6427037,211,4:37:10,239,366
6427037,213,4:37:10,4,s_kid3_G9a1N,true
6427037,205,4:37:10,4,s_kid3_G9a1N,false,true
6427037,210,4:37:28,353,311
6427037,211,4:37:30,793,267
6427037,212,4:37:31,0
6427037,207,4:37:32,4,0,-30
6427037,210,4:37:32,922,440
6427037,207,4:37:34,4,-30,0
6427037,211,4:37:34,347,420
6427037,212,4:37:35,1
6427037,210,4:37:35,753,102
6427037,211,4:37:36,751,194
6427037,213,4:37:36,4,s_policeCar_G9a1N,true
6427037,212,4:37:38,2
6427037,210,4:37:38,576,407
6427037,207,4:37:46,4,0,-675
6427037,207,4:37:48,4,-675,-705
6427037,211,4:37:48,1370,290
6427037,210,4:37:48,1260,526
6427037,211,4:37:48,1346,481
6427037,210,4:37:53,1196,353
6427037,207,4:37:54,4,-705,-915
6427037,207,4:37:56,4,-915,-1031.4
6427037,211,4:37:59,988,397
6427037,207,4:37:59,4,-1031.4,-971.4
6427037,207,4:37:59,4,-971.4,-926.4
6427037,210,4:37:59,1160,463
6427037,211,4:38:4,1492,330
6427037,210,4:38:4,1419,182
6427037,211,4:38:5,991,245
6427037,207,4:38:5,4,-926.4,-911.4
6427037,207,4:38:6,4,-911.4,-911.4
6427037,210,4:38:6,1079,145
6427037,207,4:38:8,4,-911.4,0
6427037,211,4:38:9,31,218
6427037,210,4:38:9,362,73
6427037,211,4:38:10,362,63
6427037,210,4:38:10,151,98
6427037,211,4:38:13,2,234
6427037,219,4:38:17,4
6427037,218,4:38:33,4
6427037,210,4:38:35,735,592
6427037,207,4:38:37,4,-200,-365
6427037,211,4:38:39,1085,510
6427037,212,4:38:39,1
6427037,210,4:38:40,1067,458
6427037,211,4:38:41,1084,515
6427037,212,4:38:41,0
6427037,210,4:38:42,1078,430
6427037,207,4:38:43,4,-365,-512
6427037,211,4:38:45,1458,506
6427037,212,4:38:45,1
6427037,210,4:38:46,1302,519
6427037,211,4:38:46,1193,646
6427037,212,4:38:47,2
6427037,210,4:38:47,1351,528
6427037,211,4:38:52,424,159
6427037,207,4:38:52,4,-512,-407
6427037,210,4:38:53,365,177
6427037,207,4:38:53,4,-407,-227
6427037,207,4:38:54,4,-227,0
6427037,207,4:39:7,4,0,-150
6427037,207,4:39:10,4,-150,-512
6427037,211,4:39:14,1294,375
6427037,213,4:39:14,4,s_window_F_G9a0,true
6427037,210,4:39:19,1377,263
6427037,211,4:39:24,1315,592
6427037,212,4:39:24,1
6427037,210,4:39:25,1011,221
6427037,211,4:39:25,990,293
6427037,212,4:39:26,0
6427037,210,4:39:26,1038,187
6427037,211,4:39:27,991,296
6427037,210,4:39:27,980,202
6427037,211,4:39:27,980,202
6427037,210,4:39:28,813,483
6427037,211,4:39:28,990,472
6427037,210,4:39:29,952,510
6427037,211,4:39:31,348,507
6427037,207,4:39:31,4,-512,-332
6427037,207,4:39:31,4,-332,-302
6427037,210,4:39:32,416,508
6427037,211,4:39:34,191,93
6427037,207,4:39:34,4,-302,-122
6427037,204,4:39:34,4
6427037,100,4:39:37,2
6427037,102,4:39:39,2
6427037,200,4:39:39,2,6,12,10,3,12
6427037,210,4:39:42,485,461
6427037,211,4:39:43,472,530
6427037,213,4:39:43,2,c_crush2_F_a_G8a0,true
6427037,205,4:39:43,2,c_crush2_F_a_G8a0,false,true
6427037,221,4:39:48,2
6427037,220,4:39:51,2
6427037,1003,4:39:51,3
6427037,1004,4:40:2,1
6427037,500,4:40:15,1,[]
6427037,501,4:40:20,1,[]
6427037,502,4:40:30,1,[IntentionData_logId:1,false]
6427037,1002,4:40:36,1
6427037,1003,4:40:36,3
6427037,1004,4:40:38,1
6427037,500,4:40:40,1,[]
6427037,501,4:40:41,1,[]
6427037,502,4:40:46,1,[IntentionData_logId:1,false]
6427037,1002,4:40:51,1
6427037,1003,4:40:51,3
6427037,1004,4:40:52,1
6427037,500,4:40:54,1,[]
6427037,501,4:40:55,1,[]
6427037,502,4:41:2,1,[IntentionData_logId:3,true]
6427037,503,4:41:5,1,[]
6427037,504,4:41:8,1,[InfluenceData_logId:1]
6427037,504,4:41:11,1,[InfluenceData_logId:2]
6427037,504,4:41:14,1,[InfluenceData_logId:0]
6427037,504,4:41:16,1,[InfluenceData_logId:4]
6427037,504,4:41:20,1,[InfluenceData_logId:3]
6427037,504,4:41:24,1,[InfluenceData_logId:5]
6427037,504,4:41:27,1,[InfluenceData_logId:8]
6427037,504,4:41:30,1,[InfluenceData_logId:7]
6427037,504,4:41:36,1,[InfluenceData_logId:6]
6427037,505,4:41:45,1,[InfluenceData_logId:0,true,InfluenceData_logId:5,true,InfluenceData_logId:6,true]
6427037,506,4:42:11,1,[]
6427037,507,4:42:36,1,[OpponentAttackData_logId:3,OpponentAttackTypeData_logId:3,false,30]
6427037,508,4:42:39,1,[]
6427037,509,4:42:49,1,[RefusalData_logId:4,2]
6427037,510,4:42:53,1,[AvailableRefusalData_logId:4,0A]
6427037,510,4:42:54,1,[AvailableRefusalData_logId:4,1A]
6427037,510,4:42:55,1,[AvailableRefusalData_logId:4,2A]
6427037,511,4:42:56,1,[AvailableRefusalData_logId:4,0A,1A,2A,true,50]
6427037,512,4:43:0,1,[]
6427037,513,4:43:0,1,[0]
6427037,514,4:43:3,1,[]
6427037,507,4:43:15,1,[OpponentAttackData_logId:1,OpponentAttackTypeData_logId:3,false,30]
6427037,508,4:43:17,1,[]
6427037,509,4:43:27,1,[RefusalData_logId:7,2]
6427037,510,4:43:31,1,[AvailableRefusalData_logId:7,0A]
6427037,510,4:43:31,1,[AvailableRefusalData_logId:7,1C]
6427037,510,4:43:36,1,[AvailableRefusalData_logId:7,1A]
6427037,510,4:43:36,1,[AvailableRefusalData_logId:7,2A]
6427037,511,4:43:55,1,[AvailableRefusalData_logId:7,0A,1A,2A,true,50]
6427037,512,4:44:0,1,[]
6427037,515,4:44:0,1,[90,0]
6427037,516,4:44:5,1,[]
6427037,517,4:44:17,1,[]
6427037,1005,4:44:17,1,[3,0,2]
6427037,1001,4:44:18,1,[]
6427037,1003,4:44:18,3
6427037,1004,4:44:19,1
6427037,500,4:44:21,1,[]
6427037,501,4:44:23,1,[]
6427037,502,4:44:27,1,[IntentionData_logId:3,true]
6427037,503,4:44:27,1,[]
6427037,504,4:44:32,1,[InfluenceData_logId:0]
6427037,504,4:44:32,1,[InfluenceData_logId:5]
6427037,504,4:44:33,1,[InfluenceData_logId:6]
6427037,505,4:44:33,1,[InfluenceData_logId:0,true,InfluenceData_logId:5,true,InfluenceData_logId:6,true]
6427037,506,4:44:34,1,[]
6427037,507,4:44:44,1,[OpponentAttackData_logId:2,OpponentAttackTypeData_logId:1,false,30]
6427037,1002,4:44:48,1
6427037,1003,4:44:48,3
6427037,1004,4:44:50,1
6427037,500,4:44:52,1,[]
6427037,501,4:44:53,1,[]
6427037,502,4:44:55,1,[IntentionData_logId:3,true]
6427037,503,4:44:56,1,[]
6427037,504,4:44:59,1,[InfluenceData_logId:0]
6427037,504,4:45:0,1,[InfluenceData_logId:5]
6427037,504,4:45:3,1,[InfluenceData_logId:6]
6427037,505,4:45:4,1,[InfluenceData_logId:0,true,InfluenceData_logId:5,true,InfluenceData_logId:6,true]
6427037,506,4:45:5,1,[]
6427037,507,4:45:11,1,[OpponentAttackData_logId:3,OpponentAttackTypeData_logId:4,true,0]
6427037,508,4:45:14,1,[]
6427037,509,4:45:16,1,[RefusalData_logId:4,2]
6427037,510,4:45:20,1,[AvailableRefusalData_logId:4,0A]
6427037,510,4:45:22,1,[AvailableRefusalData_logId:4,1A]
6427037,510,4:45:28,1,[AvailableRefusalData_logId:4,2A]
6427037,511,4:45:29,1,[AvailableRefusalData_logId:4,0A,1A,2A,true,50]
6427037,512,4:45:33,1,[]
6427037,513,4:45:33,1,[0]
6427037,514,4:45:36,1,[]
6427037,507,4:45:41,1,[OpponentAttackData_logId:2,OpponentAttackTypeData_logId:3,true,0]
6427037,508,4:45:43,1,[]
6427037,509,4:45:52,1,[RefusalData_logId:7,2]
6427037,510,4:45:56,1,[AvailableRefusalData_logId:7,0A]
6427037,510,4:45:59,1,[AvailableRefusalData_logId:7,1A]
6427037,510,4:45:59,1,[AvailableRefusalData_logId:7,2A]
6427037,510,4:46:0,1,[AvailableRefusalData_logId:7,2B]
6427037,510,4:46:1,1,[AvailableRefusalData_logId:7,2A]
6427037,510,4:46:1,1,[AvailableRefusalData_logId:7,2B]
6427037,510,4:46:1,1,[AvailableRefusalData_logId:7,2A]
6427037,510,4:46:1,1,[AvailableRefusalData_logId:7,2B]
6427037,510,4:46:1,1,[AvailableRefusalData_logId:7,2A]
6427037,510,4:46:1,1,[AvailableRefusalData_logId:7,2B]
6427037,510,4:46:2,1,[AvailableRefusalData_logId:7,2A]
6427037,510,4:46:2,1,[AvailableRefusalData_logId:7,2B]
6427037,510,4:46:2,1,[AvailableRefusalData_logId:7,2A]
6427037,511,4:46:3,1,[AvailableRefusalData_logId:7,0A,1A,2A,true,50]
6427037,512,4:46:12,1,[]
6427037,515,4:46:12,1,[150,0]
6427037,516,4:46:15,1,[]
6427037,517,4:46:28,1,[]
6427037,1005,4:46:28,1,[3,2,3]
6427037,1001,4:46:30,1,[]
6427037,1003,4:46:30,3
6427037,1004,4:46:31,4
6427037,500,4:46:47,4,[]
6427037,501,4:46:50,4,[]
6427037,502,4:47:3,4,[IntentionData_logId:1,true]
6427037,503,4:47:8,4,[]
6427037,504,4:47:11,4,[InfluenceData_logId:2]
6427037,504,4:47:14,4,[InfluenceData_logId:0]
6427037,504,4:47:17,4,[InfluenceData_logId:1]
6427037,504,4:47:20,4,[InfluenceData_logId:0]
6427037,504,4:47:22,4,[InfluenceData_logId:4]
6427037,504,4:47:24,4,[InfluenceData_logId:3]
6427037,504,4:47:29,4,[InfluenceData_logId:5]
6427037,504,4:47:33,4,[InfluenceData_logId:4]
6427037,504,4:47:35,4,[InfluenceData_logId:6]
6427037,504,4:47:41,4,[InfluenceData_logId:8]
6427037,504,4:47:45,4,[InfluenceData_logId:7]
6427037,504,4:47:50,4,[InfluenceData_logId:6]
6427037,505,4:47:52,4,[InfluenceData_logId:0,true,InfluenceData_logId:4,true,InfluenceData_logId:6,true]
6427037,506,4:47:54,4,[]
6427037,507,4:48:6,4,[OpponentAttackData_logId:1,OpponentAttackTypeData_logId:3,false,30]
6427037,508,4:48:9,4,[]
6427037,509,4:48:16,4,[RefusalData_logId:3,2]
6427037,510,4:48:19,4,[AvailableRefusalData_logId:3,0C]
6427037,510,4:48:25,4,[AvailableRefusalData_logId:3,0B]
6427037,510,4:48:25,4,[AvailableRefusalData_logId:3,1B]
6427037,510,4:48:26,4,[AvailableRefusalData_logId:3,2B]
6427037,510,4:48:33,4,[AvailableRefusalData_logId:3,0C]
6427037,510,4:48:35,4,[AvailableRefusalData_logId:3,1A]
6427037,510,4:48:37,4,[AvailableRefusalData_logId:3,0A]
6427037,510,4:48:37,4,[AvailableRefusalData_logId:3,2A]
6427037,511,4:48:52,4,[AvailableRefusalData_logId:3,0A,1A,2A,true,50]
6427037,512,4:48:59,4,[]
6427037,513,4:48:59,4,[0]
6427037,514,4:49:1,4,[]
6427037,507,4:49:8,4,[OpponentAttackData_logId:2,OpponentAttackTypeData_logId:3,false,30]
6427037,508,4:49:10,4,[]
6427037,509,4:49:23,4,[RefusalData_logId:6,2]
6427037,510,4:49:36,4,[AvailableRefusalData_logId:6,0A]
6427037,510,4:49:36,4,[AvailableRefusalData_logId:6,1A]
6427037,510,4:49:36,4,[AvailableRefusalData_logId:6,2A]
6427037,511,4:49:37,4,[AvailableRefusalData_logId:6,0A,1A,2A,true,50]
6427037,512,4:49:40,4,[]
6427037,515,4:49:40,4,[90,0]
6427037,516,4:49:42,4,[]
6427037,517,4:49:43,4,[]
6427037,1005,4:49:43,4,[3,0,2]
6427037,1001,4:49:44,4,[]
6427037,1003,4:49:44,3
6427037,1004,4:49:45,4
6427037,500,4:49:47,4,[]
6427037,501,4:49:48,4,[]
6427037,502,4:49:52,4,[IntentionData_logId:1,true]
6427037,503,4:49:53,4,[]
6427037,504,4:49:58,4,[InfluenceData_logId:0]
6427037,504,4:50:0,4,[InfluenceData_logId:3]
6427037,504,4:50:1,4,[InfluenceData_logId:7]
6427037,505,4:50:2,4,[InfluenceData_logId:0,true,InfluenceData_logId:3,false,InfluenceData_logId:7,true]
6427037,506,4:50:6,4,[]
6427037,1002,4:50:9,4
6427037,1003,4:50:9,3
6427037,1004,4:50:10,4
6427037,500,4:50:12,4,[]
6427037,501,4:50:13,4,[]
6427037,502,4:50:16,4,[IntentionData_logId:1,true]
6427037,503,4:50:17,4,[]
6427037,504,4:50:20,4,[InfluenceData_logId:0]
6427037,504,4:50:22,4,[InfluenceData_logId:4]
6427037,504,4:50:25,4,[InfluenceData_logId:6]
6427037,505,4:50:27,4,[InfluenceData_logId:0,true,InfluenceData_logId:4,true,InfluenceData_logId:6,true]
6427037,506,4:50:28,4,[]
6427037,507,4:50:39,4,[OpponentAttackData_logId:0,OpponentAttackTypeData_logId:1,true,0]
6427037,508,4:50:41,4,[]
6427037,509,4:50:46,4,[RefusalData_logId:6,2]
6427037,510,4:52:20,4,[AvailableRefusalData_logId:6,0A]
6427037,510,4:52:20,4,[AvailableRefusalData_logId:6,1A]
6427037,510,4:52:21,4,[AvailableRefusalData_logId:6,2A]
6427037,511,4:52:21,4,[AvailableRefusalData_logId:6,0A,1A,2A,true,50]
6427037,512,4:52:26,4,[]
6427037,513,4:52:26,4,[0]
6427037,514,4:52:28,4,[]
6427037,507,4:52:35,4,[OpponentAttackData_logId:3,OpponentAttackTypeData_logId:4,false,30]
6427037,1002,4:52:38,4
6427037,1003,4:52:38,3
6427037,1004,4:52:39,4
6427037,500,4:52:42,4,[]
6427037,501,4:52:43,4,[]
6427037,502,4:52:46,4,[IntentionData_logId:1,true]
6427037,503,4:52:47,4,[]
6427037,504,4:52:52,4,[InfluenceData_logId:0]
6427037,504,4:52:54,4,[InfluenceData_logId:4]
6427037,504,4:52:55,4,[InfluenceData_logId:8]
6427037,504,4:52:59,4,[InfluenceData_logId:6]
6427037,505,4:53:0,4,[InfluenceData_logId:0,true,InfluenceData_logId:4,true,InfluenceData_logId:6,true]
6427037,506,4:53:1,4,[]
6427037,507,4:53:11,4,[OpponentAttackData_logId:3,OpponentAttackTypeData_logId:3,true,0]
6427037,508,4:53:13,4,[]
6427037,509,4:53:19,4,[RefusalData_logId:4,2]
6427037,510,4:53:26,4,[AvailableRefusalData_logId:4,0A]
6427037,510,4:53:26,4,[AvailableRefusalData_logId:4,1A]
6427037,510,4:53:28,4,[AvailableRefusalData_logId:4,2A]
6427037,511,4:53:44,4,[AvailableRefusalData_logId:4,0A,1A,2A,true,50]
6427037,512,4:53:48,4,[]
6427037,513,4:53:48,4,[0]
6427037,514,4:53:52,4,[]
6427037,507,4:53:57,4,[OpponentAttackData_logId:0,OpponentAttackTypeData_logId:2,false,30]
6427037,1002,4:54:0,4
6427037,1003,4:54:0,3
6427037,1004,4:54:0,4
6427037,500,4:54:3,4,[]
6427037,501,4:54:4,4,[]
6427037,502,4:54:8,4,[IntentionData_logId:1,true]
6427037,503,4:54:10,4,[]
6427037,504,4:54:16,4,[InfluenceData_logId:0]
6427037,504,4:54:16,4,[InfluenceData_logId:4]
6427037,504,4:54:17,4,[InfluenceData_logId:8]
6427037,504,4:54:20,4,[InfluenceData_logId:6]
6427037,505,4:54:21,4,[InfluenceData_logId:0,true,InfluenceData_logId:4,true,InfluenceData_logId:6,true]
6427037,506,4:54:22,4,[]
6427037,507,4:54:29,4,[OpponentAttackData_logId:2,OpponentAttackTypeData_logId:2,false,30]
6427037,1002,4:54:31,4
6427037,1003,4:54:31,3
6427037,1004,4:54:33,4
6427037,500,4:54:35,4,[]
6427037,501,4:54:37,4,[]
6427037,502,4:54:40,4,[IntentionData_logId:1,true]
6427037,503,4:54:41,4,[]
6427037,504,4:54:47,4,[InfluenceData_logId:0]
6427037,504,4:54:47,4,[InfluenceData_logId:4]
6427037,504,4:54:48,4,[InfluenceData_logId:6]
6427037,505,4:54:49,4,[InfluenceData_logId:0,true,InfluenceData_logId:4,true,InfluenceData_logId:6,true]
6427037,506,4:54:50,4,[]
6427037,507,4:55:3,4,[OpponentAttackData_logId:2,OpponentAttackTypeData_logId:4,true,0]
6427037,508,4:55:7,4,[]
6427037,509,4:55:10,4,[RefusalData_logId:3,2]
6427037,510,4:55:19,4,[AvailableRefusalData_logId:3,0A]
6427037,510,4:55:20,4,[AvailableRefusalData_logId:3,1A]
6427037,510,4:55:20,4,[AvailableRefusalData_logId:3,2A]
6427037,511,4:55:21,4,[AvailableRefusalData_logId:3,0A,1A,2A,true,50]
6427037,512,4:55:23,4,[]
6427037,513,4:55:23,4,[0]
6427037,514,4:55:26,4,[]
6427037,507,4:55:33,4,[OpponentAttackData_logId:1,OpponentAttackTypeData_logId:2,true,0]
6427037,508,4:55:36,4,[]
6427037,509,4:55:41,4,[RefusalData_logId:6,2]
6427037,510,4:55:45,4,[AvailableRefusalData_logId:6,0A]
6427037,510,4:55:45,4,[AvailableRefusalData_logId:6,1A]
6427037,510,4:55:46,4,[AvailableRefusalData_logId:6,2A]
6427037,511,4:55:47,4,[AvailableRefusalData_logId:6,0A,1A,2A,true,50]
6427037,512,4:55:50,4,[]
6427037,515,4:55:50,4,[150,0]
6427037,516,4:55:56,4,[]
6427037,517,4:56:6,4,[]
6427037,1005,4:56:6,4,[3,2,3]
6427037,1001,4:56:7,4,[]
6427037,1003,4:56:7,3
6427037,210,4:56:23,879,479
6427037,211,4:56:24,902,366
6427037,213,4:56:24,2,c_cousin_F_a_G8a0,true
6427037,205,4:56:24,2,c_cousin_F_a_G8a0,false,true
6427037,210,4:56:31,705,493
6427037,211,4:56:33,937,429
6427037,210,4:56:41,907,376
6427037,211,4:56:42,909,392
6427037,213,4:56:42,2,c_nurse_a_G8a3N,true
6427037,205,4:56:42,2,c_nurse_a_G8a3N,false,true
6427037,207,4:57:6,2,-200,-189
6427037,210,4:57:9,950,437
6427037,207,4:57:11,2,-189,-492
6427037,207,4:57:16,2,-492,-432
6427037,207,4:57:18,2,-432,0
6427037,211,4:57:28,795,133
6427037,212,4:57:29,1
6427037,210,4:57:29,829,398
6427037,207,4:57:30,2,0,-90
6427037,211,4:57:32,414,444
6427037,213,4:57:32,2,s_mirror_cauc_F_a_G8a3N,true
6427037,205,4:57:32,2,s_mirror_cauc_F_a_G8a3N,false,true
6427037,210,4:57:40,515,252
6427037,211,4:57:44,1121,105
6427037,207,4:57:44,2,-90,-120
6427037,207,4:57:44,2,-120,-150
6427037,210,4:57:44,1016,230
6427037,207,4:57:44,2,-150,-210
6427037,207,4:57:47,2,-210,-492
6427037,211,4:57:49,1140,491
6427037,213,4:57:49,2,s_phone_G8a3N,true
6427037,210,4:57:55,991,384
6427037,211,4:57:55,991,384
6427037,210,4:57:56,1097,418
6427037,207,4:58:0,2,-492,-387
6427037,207,4:58:1,2,-387,0
6427037,211,4:58:3,214,233
6427037,213,4:58:3,2,s_door_G8a3N,true
6427037,210,4:58:5,205,598
6427037,211,4:58:7,857,268
6427037,212,4:58:8,2
6427037,210,4:58:8,804,493
6427037,207,4:58:8,2,0,-15
6427037,211,4:58:10,849,107
6427037,213,4:58:10,2,s_poster_G8a3N,true
6427037,210,4:58:16,858,429
6427037,207,4:58:17,2,-200,-492
6427037,211,4:58:19,1318,295
6427037,210,4:58:23,1348,486
6427037,211,4:58:23,1380,486
6427037,210,4:58:24,1371,476
6427037,211,4:58:25,1365,490
6427037,213,4:58:25,2,s_inhalantsShelf_gen,true
6427037,213,4:58:40,2,c_crush2_F_a_G8a1N,true
6427037,221,4:58:51,2
6427037,300,4:58:53
6427037,220,4:58:53,2
6427037,210,4:59:1,1151,242
6427037,207,4:59:1,2,-200,-492
6427037,211,4:59:2,1510,252
6427037,221,4:59:3,2
6427037,220,4:59:3,2
6427037,1003,4:59:3,3
6427037,210,4:59:7,1003,304
6427037,207,4:59:8,2,-200,-492
6427037,207,4:59:13,2,-492,0
6427037,211,4:59:24,276,39
6427037,212,4:59:25,1
6427037,210,4:59:25,280,306
6427037,211,4:59:30,586,617
6427037,213,4:59:30,2,s_dirtyClothes_gen,true
6427037,205,4:59:30,2,s_dirtyClothes_gen,false,true
6427037,221,4:59:36,2
6427037,220,4:59:39,2
6427037,212,4:59:40,0
6427037,210,4:59:40,231,613
6427037,211,4:59:46,747,533
6427037,213,4:59:46,2,s_crush2Lips_F_G8a1N,true
6427037,205,4:59:46,2,s_crush2Lips_F_G8a1N,false,true
6427037,210,5:0:1,630,394
6427037,211,5:0:2,638,426
6427037,213,5:0:2,2,s_crush2Eyes_F_G8a1N,true
6427037,205,5:0:2,2,s_crush2Eyes_F_G8a1N,false,true
6427037,210,5:0:14,596,346
6427037,211,5:0:24,716,507
6427037,213,5:0:24,2,s_crush2Sore_F_G8a1N,true
6427037,205,5:0:24,2,s_crush2Sore_F_G8a1N,false,true
6427037,210,5:0:37,452,515
6427037,211,5:0:37,327,595
6427037,221,5:0:38,2
6427037,300,5:0:43
6427037,220,5:0:43,2
6427037,210,5:0:51,1131,404
6427037,207,5:0:52,2,-200,-492
6427037,211,5:0:55,1353,279
6427037,210,5:0:58,1077,146
6427037,211,5:1:2,344,602
6427037,213,5:1:2,2,s_beerCooler_G8a0,true
6427037,210,5:1:5,818,573
6427037,211,5:1:7,775,617
6427037,210,5:1:7,789,605
6427037,211,5:1:8,795,617
6427037,210,5:1:8,796,602
6427037,211,5:1:9,795,622
6427037,213,5:1:9,2,s_bottleFloor_G8a0,true
6427037,221,5:1:13,2
6427037,220,5:1:16,2
6427037,1003,5:1:16,3
6427037,212,5:1:23,1
6427037,210,5:1:23,900,549
6427037,207,5:1:26,2,-200,0
6427037,211,5:1:28,391,133
6427037,213,5:1:28,2,s_clock_G8a0,true
6427037,205,5:1:28,2,s_clock_G8a0,false,true
6427037,210,5:1:32,543,318
6427037,207,5:1:34,2,0,-315
6427037,211,5:1:36,887,495
6427037,213,5:1:36,2,s_cellphone_G8a0,true
6427037,205,5:1:36,2,s_cellphone_G8a0,false,true
6427037,210,5:1:43,1046,254
6427037,207,5:1:44,2,-315,-492
6427037,211,5:1:52,980,217
6427037,210,5:1:58,1379,332
6427037,211,5:1:58,1364,327
6427037,210,5:1:59,1335,236
6427037,211,5:2:0,1376,371
6427037,210,5:2:7,1152,359
6427037,211,5:2:7,619,466
6427037,213,5:2:7,2,c_friend1_F_G8a0,true
6427037,210,5:2:10,1068,327
6427037,211,5:2:10,808,423
6427037,213,5:2:29,2,c_friend1_F_G8a0,true
6427037,210,5:2:56,1011,475
6427037,211,5:2:57,1163,359
6427037,210,5:2:59,1014,372
6427037,211,5:2:59,1041,356
6427037,210,5:2:59,1073,345
6427037,207,5:3:0,2,-200,-492
6427037,211,5:3:5,1488,293
6427037,210,5:3:16,1390,345
6427037,211,5:3:16,1153,199
6427037,210,5:3:17,1212,233
6427037,211,5:3:17,1383,623
6427037,212,5:3:18,0
6427037,210,5:3:18,1418,473
6427037,207,5:3:26,2,-492,0
6427037,207,5:3:35,2,0,-240
6427037,207,5:3:36,2,-240,-492
6427037,211,5:3:41,1510,554
6427037,221,5:3:42,2
6427037,220,5:3:47,2
6427037,210,5:3:50,710,500
6427037,211,5:3:52,533,603
6427037,213,5:3:52,2,c_nurse_a_G8a3N,true
6427037,205,5:3:52,2,c_nurse_a_G8a3N,false,true
6427037,210,5:3:56,1134,277
6427037,207,5:3:57,2,-200,-492
6427037,211,5:4:2,1513,446
6427037,210,5:4:3,1461,582
6427037,211,5:4:3,1513,617
6427037,210,5:4:4,1407,549
6427037,207,5:4:15,2,-492,0
6427037,207,5:4:24,2,0,-90
6427037,211,5:4:25,710,183
6427037,213,5:4:27,2,c_nurse_a_G8a3N,true
6427037,205,5:4:27,2,c_nurse_a_G8a3N,false,true
6427037,210,5:4:39,598,403
6427037,211,5:4:40,185,562
6427037,213,5:4:40,2,s_pamphlet1_G8a3N,true
6427037,205,5:4:40,2,s_pamphlet1_G8a3N,false,false
6427037,221,5:5:2,2
6427037,220,5:5:5,2
6427037,221,5:5:7,2
6427037,220,5:5:9,2
6427037,219,5:5:9,2
6427037,216,5:5:10,Stack_G8a3P
6427037,217,5:5:27,Stack_G8a3P,15,0.50
6427037,216,5:5:32,Stack_G8a3P
6427037,217,5:5:48,Stack_G8a3P,15,0.50
6427037,218,5:5:49,2
6427037,210,5:5:50,545,473
6427037,211,5:5:51,652,384
6427037,210,5:5:52,922,479
6427037,211,5:5:53,1081,433
6427037,213,5:5:53,2,c_crush2_F_a_G8a3P,true
6427037,205,5:5:53,2,c_crush2_F_a_G8a3P,false,false
6427037,210,5:6:3,827,418
6427037,211,5:6:5,862,653
6427037,210,5:6:5,782,607
6427037,207,5:6:7,2,-200,-50
6427037,207,5:6:9,2,-50,0
6427037,207,5:6:12,2,0,-75
6427037,207,5:6:17,2,-75,-492
6427037,211,5:6:18,1513,138
6427037,210,5:6:19,1399,210
6427037,211,5:6:19,1367,566
6427037,212,5:6:20,1
6427037,210,5:6:21,1408,408
6427037,211,5:6:25,820,387
6427037,213,5:6:25,2,s_kidsCouch_G8a3P,true
6427037,205,5:6:25,2,s_kidsCouch_G8a3P,false,false
6427037,210,5:6:33,917,572
6427037,211,5:6:35,800,472
6427037,213,5:6:35,2,s_kidsCouch_G8a3P,true
6427037,205,5:6:35,2,s_kidsCouch_G8a3P,false,true
6427037,210,5:6:39,690,506
6427037,207,5:6:40,2,-492,0
6427037,211,5:6:42,53,329
6427037,213,5:6:42,2,c_cousin_F_a_G8a3P,true
6427037,210,5:6:53,98,257
6427037,211,5:6:54,199,317
6427037,204,5:7:8,2
6427037,103,5:7:11
6427037,105,5:7:12
6427037,703,5:7:14,[|| EpilogueItem ID: 0 unlocked: true ||,|| EpilogueItem ID: 1 unlocked: true ||,|| EpilogueItem ID: 2 unlocked: false ||,|| EpilogueItem ID: 3 unlocked: false ||,|| EpilogueItem ID: 4 unlocked: false ||,|| EpilogueItem ID: 5 unlocked: false ||,|| EpilogueItem ID: 6 unlocked: false ||,|| EpilogueItem ID: 7 unlocked: false ||,|| EpilogueItem ID: 8 unlocked: false ||,|| EpilogueItem ID: 9 unlocked: false ||,|| EpilogueItem ID: 10 unlocked: false ||,|| EpilogueItem ID: 11 unlocked: false ||,|| EpilogueItem ID: 12 unlocked: false ||,|| EpilogueItem ID: 13 unlocked: false ||,|| EpilogueItem ID: 14 unlocked: false ||,|| EpilogueItem ID: 15 unlocked: false ||,|| EpilogueItem ID: 16 unlocked: false ||,|| EpilogueItem ID: 17 unlocked: false ||,|| EpilogueItem ID: 18 unlocked: false ||,|| EpilogueItem ID: 19 unlocked: false ||,|| EpilogueItem ID: 20 unlocked: false ||,|| EpilogueItem ID: 21 unlocked: false ||,|| EpilogueItem ID: 22 unlocked: false ||,|| EpilogueItem ID: 23 unlocked: false ||,|| EpilogueItem ID: 24 unlocked: false ||],0.08
6427037,706,5:7:15,(x=752, y=-100, w=1024, h=768),(x=878, y=-100, w=1024, h=768)
6427037,706,5:7:17,(x=2522, y=-100, w=1024, h=768),(x=2531, y=-100, w=1024, h=768)
6427037,708,5:7:17
6427037,1,5:7:17,11/18/2013 4:53:00pm,{"gameTime":18437245,"challengeStacks":[{"challengeScenes":[{"miniGameCards":[],"viewedAnimatic":true,"keyPoints":["c_teacherEng_G7a0","c_bestFriend_F_a_G7a0","s_flag_gen"],"unlocked":true,"touchableObjects":["c_crewKid1_F_G7a0","s_otherStudent1_G7a0","s_vocabAssignment_G7a0","c_friend1_F_a_G7a0","s_angelouPoster_gen","s_poePoster_gen","c_teacherEng_G7a0","c_bestFriend_F_a_G7a0","s_atwoodPoster_gen","s_flag_gen","s_clock_G7a0","s_doorClassroom_G7a0"]},{"miniGameCards":[],"viewedAnimatic":true,"keyPoints":["s_paperPlayers_G7a1N","c_bestFriend_F_a_G7a1N","c_teacherEng_G7a1N"],"unlocked":true,"touchableObjects":["c_crewKid1_F_G7a1N","s_flag_gen","s_paperPlayers_G7a1N","s_otherStudent2_G7a1N","c_bestFriend_F_a_G7a1N","c_teacherEng_G7a1N"]},{"miniGameCards":[],"viewedAnimatic":true,"keyPoints":["c_teacherEng_G7a1P","s_paperEnglish_gen","s_flag_gen","c_bestFriend_F_a_G7a1P"],"unlocked":true,"touchableObjects":["c_teacherEng_G7a1P","s_paperEnglish_gen","s_clock_G7a1P","s_atwoodPoster_gen","s_angelouPoster_gen","s_shakespearePoster_gen","s_poePoster_gen","s_papersDetention_gen","s_flag_gen","c_bestFriend_F_a_G7a1P"]}],"stackSize":3,"resolved":true},{"challengeScenes":[{"miniGameCards":[],"viewedAnimatic":true,"keyPoints":["c_kidSister_cauc_a_G7b0","c_crewKid1_F_G7b0","s_backpack_F_G7b0"],"unlocked":true,"touchableObjects":["s_lifeguard_G7b0","c_cousinsBrother_a_G7b0","c_crewKid2_F_G7b0","s_snackBarWorker_G7b0","c_kidSister_cauc_a_G7b0","c_cousin_F_a_G7b0","c_crewKid1_F_G7b0","c_cousinsBrothersFriend_a_G7b0","c_cousinsBrothersFriendsGF_G7b0","s_backpack_F_G7b0"]},{"miniGameCards":[],"viewedAnimatic":true,"keyPoints":["s_graffiti_G7b1N","c_kidSister_cauc_a_G7b1N","c_crewKid1_F_G7b1N","s_brokenCarWindow_G7b1N","s_sprayPaintCan_G7b1N"],"unlocked":true,"touchableObjects":["c_crewKid2_F_a_G7b1N","s_cat_G7b1N","s_graffiti_G7b1N","c_policeOfficer_G7b1N","c_cousin_F_a_G7b1N","s_flag_G7b1N","s_wreckedPlants_G7b1N","c_kidSister_cauc_a_G7b1N","c_crewKid1_F_G7b1N","c_teacherEng_G7b1N","s_brokenCarWindow_G7b1N","s_sprayPaintCan_G7b1N"]},{"miniGameCards":[],"viewedAnimatic":true,"keyPoints":["c_cousinsBrother_a_G7b1P","c_cousin_F_a_G7b1P","s_poolDay_ruleSign_G7b1P","c_cousinsBrothersFriend_a_G7b1P"],"unlocked":true,"touchableObjects":["c_crush1_F_a_G7b1P","c_cousinsBrother_a_G7b1P","c_cousin_F_a_G7b1P","s_poolDay_ruleSign_G7b1P","c_kidSister_cauc_a_G7b1P","c_cousinsBrothersFriend_a_G7b1P"]},{"miniGameCards":[],"viewedAnimatic":true,"keyPoints":["c_crush1_F_a_G7b2N","c_cousin_F_a_G7b2N","c_kidSister_cauc_a_G7b2N","s_kid1_G7b2N"],"unlocked":true,"touchableObjects":["s_kidPool1_G7b2N","c_cousinsBrothersFriend_a_G7b2N","s_lifeguard_G7b2N","c_cousinsBrother_a_G7b2N","c_crush1_F_a_G7b2N","c_crewKid2_F_G7b2N","s_cousinsBFgirlfriend_G7b2N","s_kidPool2_G7b2N","c_cousin_F_a_G7b2N","c_kidSister_cauc_a_G7b2N","s_kid1_G7b2N"]},{"miniGameCards":[],"viewedAnimatic":true,"keyPoints":["s_computer_F_G7b2P","c_cousin_F_a_G7b2P","c_kidSister_cauc_a_G7b2P","s_pictureDad_cauc_F_gen"],"unlocked":true,"touchableObjects":["s_calendar_F_gen","s_computer_F_G7b2P","c_cousin_F_a_G7b2P","s_closet_F_G7b2P","c_kidSister_cauc_a_G7b2P","c_grandma_cauc_a_G7b2P","s_pictureDad_cauc_F_gen"]}],"stackSize":5,"resolved":true},{"challengeScenes":[{"miniGameCards":[],"viewedAnimatic":true,"keyPoints":["s_cellphone_G8a0","s_clock_G8a0","c_crush2_F_a_G8a0","c_cousin_F_a_G8a0","s_bottleCrush2_F_G8a0"],"unlocked":true,"touchableObjects":["s_stairs_G8a0","c_friend1_F_G8a0","s_beerSixpack_G8a0","c_crewKid1_F_a_G8a0","s_cellphone_G8a0","s_clock_G8a0","s_cigaretteKid1_G8a0","c_crush2_F_a_G8a0","c_cousin_F_a_G8a0","s_beerCooler_G8a0","s_bottleCrush2_F_G8a0","s_bottleFloor_G8a0","s_bottleTable_G8a0"]},{"miniGameCards":[],"viewedAnimatic":true,"keyPoints":["s_crush2Lips_F_G8a1N","s_basementDoor_gen","s_dirtyClothes_gen","s_crush2Sore_F_G8a1N","s_crush2Eyes_F_G8a1N"],"unlocked":true,"touchableObjects":["s_crush2Lips_F_G8a1N","c_crush2_F_a_G8a1N","s_waterHeater_gen","s_basementDoor_gen","s_stairs_G8a1N","s_dryer_G8a1N","s_dirtyClothes_gen","s_inhalantsShelf_gen","s_crush2Sore_F_G8a1N","s_crush2Eyes_F_G8a1N"]},{"miniGameCards":[],"viewedAnimatic":false,"keyPoints":[],"unlocked":false,"touchableObjects":[]},{"miniGameCards":[],"viewedAnimatic":false,"keyPoints":[],"unlocked":false,"touchableObjects":[]},{"miniGameCards":[],"viewedAnimatic":false,"keyPoints":[],"unlocked":false,"touchableObjects":[]},{"miniGameCards":[],"viewedAnimatic":true,"keyPoints":["c_nurse_a_G8a3N","s_pamphlet3_G8a3N","s_mirror_cauc_F_a_G8a3N","s_pamphlet1_G8a3N"],"unlocked":true,"touchableObjects":["s_phone_G8a3N","s_door_G8a3N","s_poster_G8a3N","c_nurse_a_G8a3N","s_pamphlet2_G8a3N","s_pamphlet3_G8a3N","s_mirror_cauc_F_a_G8a3N","s_pamphlet1_G8a3N"]},{"miniGameCards":[],"viewedAnimatic":true,"keyPoints":["c_crush2_F_a_G8a3P","s_kidsCouch_G8a3P"],"unlocked":true,"touchableObjects":["c_crush2_F_a_G8a3P","s_kidsCouch_G8a3P","c_cousin_F_a_G8a3P"]}],"stackSize":7,"resolved":false},{"challengeScenes":[{"miniGameCards":[],"viewedAnimatic":false,"keyPoints":[],"unlocked":false,"touchableObjects":[]},{"miniGameCards":[],"viewedAnimatic":false,"keyPoints":[],"unlocked":false,"touchableObjects":[]},{"miniGameCards":[],"viewedAnimatic":false,"keyPoints":[],"unlocked":false,"touchableObjects":[]},{"miniGameCards":[],"viewedAnimatic":false,"keyPoints":[],"unlocked":false,"touchableObjects":[]},{"miniGameCards":[],"viewedAnimatic":false,"keyPoints":[],"unlocked":false,"touchableObjects":[]}],"stackSize":5,"resolved":false},{"challengeScenes":[{"miniGameCards":[],"viewedAnimatic":true,"keyPoints":["s_cellPhone_F_G9a0","s_door_F_gen"],"unlocked":true,"touchableObjects":["s_window_F_G9a0","s_cellPhone_F_G9a0","s_calendar_F_gen","s_door_F_gen"]},{"miniGameCards":[],"viewedAnimatic":true,"keyPoints":["c_cousin_F_a_G9a1N","s_kid3_G9a1N","c_policeOfficer_G9a1N","s_fence_G9a1N"],"unlocked":true,"touchableObjects":["c_cousinsBrothersFriend_a_G9a1N","s_kid4_G9a1N","c_cousin_F_a_G9a1N","s_policeCar_G9a1N","s_potSmokeCloud_G9a1N","s_kid3_G9a1N","s_bathingSuits_G9a1N","c_policeOfficer_G9a1N","s_poolNight_ruleSign_G9a1N","s_fence_G9a1N"]},{"miniGameCards":[],"viewedAnimatic":false,"keyPoints":[],"unlocked":false,"touchableObjects":[]},{"miniGameCards":[],"viewedAnimatic":false,"keyPoints":[],"unlocked":false,"touchableObjects":[]},{"miniGameCards":[],"viewedAnimatic":false,"keyPoints":[],"unlocked":false,"touchableObjects":[]}],"stackSize":5,"resolved":false},{"challengeScenes":[{"miniGameCards":[],"viewedAnimatic":false,"keyPoints":[],"unlocked":false,"touchableObjects":[]},{"miniGameCards":[],"viewedAnimatic":false,"keyPoints":[],"unlocked":false,"touchableObjects":[]},{"miniGameCards":[],"viewedAnimatic":false,"keyPoints":[],"unlocked":false,"touchableObjects":[]},{"miniGameCards":[],"viewedAnimatic":false,"keyPoints":[],"unlocked":false,"touchableObjects":[]},{"miniGameCards":[],"viewedAnimatic":false,"keyPoints":[],"unlocked":false,"touchableObjects":[]}],"stackSize":5,"resolved":false},{"challengeScenes":[{"miniGameCards":[],"viewedAnimatic":false,"keyPoints":[],"unlocked":false,"touchableObjects":[]},{"miniGameCards":[],"viewedAnimatic":false,"keyPoints":[],"unlocked":false,"touchableObjects":[]},{"miniGameCards":[],"viewedAnimatic":false,"keyPoints":[],"unlocked":false,"touchableObjects":[]},{"miniGameCards":[],"viewedAnimatic":false,"keyPoints":[],"unlocked":false,"touchableObjects":[]},{"miniGameCards":[],"viewedAnimatic":false,"keyPoints":[],"unlocked":false,"touchableObjects":[]}],"stackSize":5,"resolved":false},{"challengeScenes":[{"miniGameCards":[],"viewedAnimatic":false,"keyPoints":[],"unlocked":false,"touchableObjects":[]},{"miniGameCards":[],"viewedAnimatic":false,"keyPoints":[],"unlocked":false,"touchableObjects":[]},{"miniGameCards":[],"viewedAnimatic":false,"keyPoints":[],"unlocked":false,"touchableObjects":[]},{"miniGameCards":[],"viewedAnimatic":false,"keyPoints":[],"unlocked":false,"touchableObjects":[]},{"miniGameCards":[],"viewedAnimatic":false,"keyPoints":[],"unlocked":false,"touchableObjects":[]}],"stackSize":5,"resolved":false},{"challengeScenes":[{"miniGameCards":[],"viewedAnimatic":false,"keyPoints":[],"unlocked":false,"touchableObjects":[]},{"miniGameCards":[],"viewedAnimatic":false,"keyPoints":[],"unlocked":false,"touchableObjects":[]},{"miniGameCards":[],"viewedAnimatic":false,"keyPoints":[],"unlocked":false,"touchableObjects":[]},{"miniGameCards":[],"viewedAnimatic":false,"keyPoints":[],"unlocked":false,"touchableObjects":[]},{"miniGameCards":[],"viewedAnimatic":false,"keyPoints":[],"unlocked":false,"touchableObjects":[]}],"stackSize":5,"resolved":false},{"challengeScenes":[{"miniGameCards":[],"viewedAnimatic":false,"keyPoints":[],"unlocked":false,"touchableObjects":[]},{"miniGameCards":[],"viewedAnimatic":false,"keyPoints":[],"unlocked":false,"touchableObjects":[]},{"miniGameCards":[],"viewedAnimatic":false,"keyPoints":[],"unlocked":false,"touchableObjects":[]},{"miniGameCards":[],"viewedAnimatic":false,"keyPoints":[],"unlocked":false,"touchableObjects":[]},{"miniGameCards":[],"viewedAnimatic":false,"keyPoints":[],"unlocked":false,"touchableObjects":[]}],"stackSize":5,"resolved":false},{"challengeScenes":[{"miniGameCards":[],"viewedAnimatic":false,"keyPoints":[],"unlocked":false,"touchableObjects":[]},{"miniGameCards":[],"viewedAnimatic":false,"keyPoints":[],"unlocked":false,"touchableObjects":[]},{"miniGameCards":[],"viewedAnimatic":false,"keyPoints":[],"unlocked":false,"touchableObjects":[]},{"miniGameCards":[],"viewedAnimatic":false,"keyPoints":[],"unlocked":false,"touchableObjects":[]},{"miniGameCards":[],"viewedAnimatic":false,"keyPoints":[],"unlocked":false,"touchableObjects":[]}],"stackSize":5,"resolved":false},{"challengeScenes":[{"miniGameCards":[],"viewedAnimatic":false,"keyPoints":[],"unlocked":false,"touchableObjects":[]},{"miniGameCards":[],"viewedAnimatic":false,"keyPoints":[],"unlocked":false,"touchableObjects":[]},{"miniGameCards":[],"viewedAnimatic":false,"keyPoints":[],"unlocked":false,"touchableObjects":[]},{"miniGameCards":[],"viewedAnimatic":false,"keyPoints":[],"unlocked":false,"touchableObjects":[]},{"miniGameCards":[],"viewedAnimatic":false,"keyPoints":[],"unlocked":false,"touchableObjects":[]}],"stackSize":5,"resolved":false},{"challengeScenes":[{"miniGameCards":[],"viewedAnimatic":false,"keyPoints":[],"unlocked":true,"touchableObjects":["c_player_cauc_F_a_G0a0","c_education_G0a0","c_family_cauc_a_G0a0","c_friends_G0a0"]},{"miniGameCards":[],"viewedAnimatic":false,"keyPoints":["c_home_G0a1N","c_family_cauc_a_G0a1N","c_job_G0a1N"],"unlocked":true,"touchableObjects":["c_player_cauc_F_a_G0a1N","c_home_G0a1N","c_family_cauc_a_G0a1N","c_job_G0a1N"]},{"miniGameCards":[],"viewedAnimatic":false,"keyPoints":["c_kidsister_cauc_a_G0a1P","c_dad_cauc_a_G0a1P","c_mom_cauc_a_G0a1P","c_grandma_cauc_a_G0a1P","c_Teacher_G0a1P","c_Nurse_G0a1P"],"unlocked":true,"touchableObjects":["c_cousins_F_a_G0a1P","c_friends_G0a1P","c_kidsister_cauc_a_G0a1P","c_dad_cauc_a_G0a1P","c_mom_cauc_a_G0a1P","c_grandma_cauc_a_G0a1P","c_Teacher_G0a1P","c_Nurse_G0a1P"]}],"stackSize":3,"resolved":true}],"sessionId":6,"epilogue":{"rating":1},"playerId":6427037,"session":[{"sceneId":"1P","stackId":12},{"sceneId":"1P","stackId":0},{"sceneId":"1P","stackId":1},{"sceneId":"1N","stackId":1},{"sceneId":"2P","stackId":1},{"sceneId":"3P","stackId":2}],"minigames":[{"levelSaveData":[{"starRating":3,"unlocked":true},{"starRating":3,"unlocked":true},{"starRating":0,"unlocked":true},{"starRating":0,"unlocked":false},{"starRating":0,"unlocked":false},{"starRating":0,"unlocked":false},{"starRating":0,"unlocked":false},{"starRating":0,"unlocked":false},{"starRating":0,"unlocked":false},{"starRating":0,"unlocked":false}],"skillPoints":6},{"levelSaveData":[{"starRating":3,"unlocked":true},{"starRating":3,"unlocked":true},{"starRating":3,"unlocked":true},{"starRating":0,"unlocked":false},{"starRating":3,"unlocked":true},{"starRating":0,"unlocked":false},{"starRating":0,"unlocked":false},{"starRating":0,"unlocked":false},{"starRating":0,"unlocked":false},{"starRating":0,"unlocked":false}],"skillPoints":12},{"levelSaveData":[{"starRating":3,"unlocked":true},{"starRating":3,"unlocked":true},{"starRating":3,"unlocked":true},{"starRating":0,"unlocked":false},{"starRating":0,"unlocked":false},{"starRating":0,"unlocked":false},{"starRating":0,"unlocked":false},{"starRating":0,"unlocked":false},{"starRating":1,"unlocked":true},{"starRating":0,"unlocked":false}],"skillPoints":10},{"levelSaveData":[{"starRating":3,"unlocked":true},{"starRating":3,"unlocked":true},{"starRating":0,"unlocked":false},{"starRating":0,"unlocked":false},{"starRating":3,"unlocked":true},{"starRating":0,"unlocked":false},{"starRating":0,"unlocked":false},{"starRating":0,"unlocked":false},{"starRating":0,"unlocked":false},{"starRating":0,"unlocked":false}],"skillPoints":9},{"age":12,"name":"savanah","gender":1,"levelSaveData":[{"starRating":3,"unlocked":true},{"starRating":3,"chunks":[["1"],["10$$funny","20$$happy"],["5$$i like animals","3$$i like nature","13$$i like to read"],["3"]],"unlocked":true},{"starRating":3,"chunks":[["1"],["7$$im good at ART","6$$i play music"],["8$$artist","8$$make music"]],"unlocked":true},{"starRating":3,"chunks":[["4$$a van"],["3$$a black horse!"],["13"],["0"],["5","3"],["4"]],"unlocked":true},{"starRating":0,"chunks":[[null],[null],[null,null],[null],[null],[null]],"unlocked":false},{"starRating":0,"chunks":[[null],[null,null,null,null],[null],[null]],"unlocked":false},{"starRating":0,"chunks":[[null],[null],[null,null],[null,null],[null]],"unlocked":false},{"starRating":0,"chunks":[[null,null,null],[null,null,null],[null],[null],[null]],"unlocked":false},{"starRating":0,"chunks":[[null,null,null],[null,null,null],[null,null]],"unlocked":false},{"starRating":0,"chunks":[[null],[null],[null],[null],[null],[null]],"unlocked":false}],"visualAvatar":0,"id":1,"skillPoints":12}],"avatar":{"age":12,"name":"savanah","gender":1,"levelSaveData":[{"starRating":3,"unlocked":true},{"starRating":3,"chunks":[["1"],["10$$funny","20$$happy"],["5$$i like animals","3$$i like nature","13$$i like to read"],["3"]],"unlocked":true},{"starRating":3,"chunks":[["1"],["7$$im good at ART","6$$i play music"],["8$$artist","8$$make music"]],"unlocked":true},{"starRating":3,"chunks":[["4$$a van"],["3$$a black horse!"],["13"],["0"],["5","3"],["4"]],"unlocked":true},{"starRating":0,"chunks":[[null],[null],[null,null],[null],[null],[null]],"unlocked":false},{"starRating":0,"chunks":[[null],[null,null,null,null],[null],[null]],"unlocked":false},{"starRating":0,"chunks":[[null],[null],[null,null],[null,null],[null]],"unlocked":false},{"starRating":0,"chunks":[[null,null,null],[null,null,null],[null],[null],[null]],"unlocked":false},{"starRating":0,"chunks":[[null,null,null],[null,null,null],[null,null]],"unlocked":false},{"starRating":0,"chunks":[[null],[null],[null],[null],[null],[null]],"unlocked":false}],"visualAvatar":0,"id":1,"skillPoints":12}}
6427037,0,5:7:17,11/18/2013 5:22:40pm
6427037,100,5:8:4,2
6427037,102,5:8:7,2
6427037,200,5:8:7,2,6,12,10,9,12
6427037,221,5:8:10,2
6427037,220,5:8:11,2
6427037,219,5:8:11,2
6427037,216,5:8:12,Stack_G8a1P
6427037,217,5:8:39,Stack_G8a1P,17,0.00
6427037,218,5:8:44,2
6427037,210,5:8:46,1143,406
6427037,207,5:8:47,2,-200,-492
6427037,211,5:8:48,1457,432
6427037,210,5:8:48,1417,441
6427037,211,5:8:49,1155,460
6427037,213,5:8:49,2,s_spraypaintCrush2_F_G8a1P,true
6427037,210,5:8:58,1333,396
6427037,211,5:8:59,1515,360
6427037,210,5:9:0,1447,339
6427037,211,5:9:2,444,324
6427037,207,5:9:2,2,-492,-417
6427037,221,5:9:3,2
6427037,220,5:9:8,2
6427037,212,5:9:8,0
6427037,210,5:9:9,991,427
6427037,207,5:9:11,2,-417,-492
6427037,211,5:9:12,1364,495
6427037,213,5:9:12,2,s_inhalantsShelf_gen,true
6427037,205,5:9:12,2,s_inhalantsShelf_gen,false,false
6427037,210,5:9:29,958,505
6427037,211,5:9:30,971,483
6427037,212,5:9:31,2
6427037,210,5:9:31,1004,564
6427037,211,5:9:32,1019,506
6427037,213,5:9:32,2,c_crush2_F_a_G8a1P,true
6427037,205,5:9:32,2,c_crush2_F_a_G8a1P,false,false
6427037,221,5:9:39,2
6427037,220,5:9:42,2
6427037,212,5:9:43,0
6427037,210,5:9:43,1218,567
6427037,211,5:9:45,434,632
6427037,207,5:9:45,2,-492,-417
6427037,210,5:9:47,578,522
6427037,207,5:9:48,2,-417,0
6427037,211,5:9:55,247,520
6427037,213,5:9:55,2,s_waterHeater_gen,true
6427037,210,5:10:2,527,165
6427037,207,5:10:7,2,0,-480
6427037,211,5:10:8,1183,441
6427037,213,5:10:8,2,s_spraypaintCrush2_F_G8a1P,true
6427037,210,5:10:10,1105,292
6427037,207,5:10:12,2,-480,-492
6427037,211,5:10:12,974,620
6427037,219,5:10:13,2
6427037,216,5:10:13,Stack_G8a2N
6427037,217,5:10:14,Stack_G8a2N,0.47,5.5
6427037,218,5:10:17,2
6427037,210,5:10:22,1026,376
6427037,211,5:10:23,1068,423
6427037,213,5:10:23,2,s_fumes_G8a2N,true
6427037,210,5:10:30,516,569
6427037,211,5:10:31,596,602
6427037,221,5:10:35,2
6427037,220,5:10:36,2
6427037,210,5:10:42,1116,554
6427037,211,5:10:43,1121,540
6427037,212,5:10:43,2
6427037,210,5:10:44,1112,570
6427037,211,5:10:44,1125,549
6427037,212,5:10:45,1
6427037,219,5:10:46,2
6427037,216,5:10:47,Stack_G8a2N
6427037,217,5:10:53,Stack_G8a2N,4.3,1.7
6427037,218,5:10:55,2
6427037,210,5:10:55,1093,460
6427037,211,5:10:56,1124,520
6427037,213,5:10:56,2,c_crush2_F_a_G8a2N,true
6427037,205,5:10:56,2,c_crush2_F_a_G8a2N,false,false
6427037,210,5:11:9,870,476
6427037,211,5:11:9,496,173
6427037,213,5:11:9,2,c_friend1_F_a_G8a2N,true
6427037,210,5:11:14,1103,526
6427037,207,5:11:16,2,-200,-80
6427037,211,5:11:18,1127,357
6427037,207,5:11:18,2,-80,-125
6427037,207,5:11:18,2,-125,-155
6427037,210,5:11:18,1091,443
6427037,207,5:11:19,2,-155,-492
6427037,211,5:11:20,1400,505
6427037,212,5:11:23,0
6427037,210,5:11:23,1363,474
6427037,211,5:11:29,1079,397
6427037,213,5:11:29,2,s_fumes_G8a2N,true
6427037,210,5:11:38,1190,518
6427037,211,5:11:39,1213,535
6427037,213,5:11:39,2,s_spraypaintCan_G8a2N,true
6427037,205,5:11:39,2,s_spraypaintCan_G8a2N,false,false
6427037,221,5:11:54,2
6427037,220,5:11:56,2
6427037,212,5:11:57,1
6427037,210,5:12:0,1017,446
6427037,207,5:12:1,2,-200,-320
6427037,211,5:12:2,1129,568
6427037,213,5:12:2,2,c_crush2_F_a_G8a2N,true
6427037,205,5:12:2,2,c_crush2_F_a_G8a2N,false,true
6427037,210,5:12:6,692,476
6427037,207,5:12:8,2,-320,0
6427037,207,5:12:13,2,0,-492
6427037,211,5:12:20,1136,612
6427037,213,5:12:20,2,c_crush2_F_a_G8a2N,true
6427037,205,5:12:20,2,c_crush2_F_a_G8a2N,false,true
6427037,210,5:12:24,1024,291
6427037,211,5:12:24,1253,289
6427037,210,5:12:35,1245,378
6427037,207,5:12:35,2,-200,-305
6427037,211,5:12:36,1162,442
6427037,213,5:12:36,2,s_spraypaintCrush2_F_G8a1P,true
6427037,210,5:12:39,881,401
6427037,207,5:12:44,2,-305,-492
6427037,211,5:12:51,594,608
6427037,213,5:12:51,2,s_dirtyClothes_gen,true
6427037,205,5:12:51,2,s_dirtyClothes_gen,false,false
6427037,221,5:13:1,2
6427037,220,5:13:2,2
6427037,219,5:13:2,2
6427037,216,5:13:3,Stack_G8a2P
6427037,217,5:13:20,Stack_G8a2P,13,0.33
6427037,218,5:13:21,2
6427037,219,5:13:25,2
6427037,216,5:13:27,Stack_G8a2P
6427037,217,5:13:41,Stack_G8a2P,13,0.33
6427037,218,5:13:43,2
6427037,210,5:13:44,735,528
6427037,207,5:13:49,2,-400,0
6427037,211,5:13:52,90,655
6427037,213,5:13:52,2,s_videoGame_G8a2P,true
6427037,210,5:14:2,376,490
6427037,211,5:14:8,736,241
6427037,213,5:14:8,2,s_door_gen,true
6427037,210,5:14:21,688,525
6427037,207,5:14:21,2,0,-150
6427037,207,5:14:23,2,-150,-510
6427037,211,5:14:24,1176,332
6427037,213,5:14:24,2,c_grandma_cauc_a_G8a2P,true
6427037,210,5:14:33,1334,321
6427037,211,5:14:35,1338,368
6427037,213,5:14:35,2,s_teaCup_G8a2P,true
6427037,210,5:14:41,1362,340
6427037,207,5:14:42,2,-510,-975
6427037,207,5:14:43,2,-975,-995
6427037,211,5:14:49,1684,253
6427037,212,5:14:49,0
6427037,210,5:14:50,1823,471
6427037,211,5:14:53,1542,598
6427037,213,5:14:53,2,s_magazine_G8a2P,true
6427037,205,5:14:53,2,s_magazine_G8a2P,false,false
6427037,210,5:15:3,1498,333
6427037,207,5:15:8,2,-995,0
6427037,211,5:15:11,670,570
6427037,213,5:15:11,2,s_sistersToy_G8a2P,true
6427037,205,5:15:11,2,s_sistersToy_G8a2P,false,false
6427037,212,5:15:21,2
6427037,210,5:15:21,644,549
6427037,211,5:15:22,495,538
6427037,210,5:15:23,489,520
6427037,211,5:15:23,486,527
6427037,213,5:15:23,2,c_kidSister_cauc_a_G8a2P,true
6427037,205,5:15:23,2,c_kidSister_cauc_a_G8a2P,false,false
6427037,210,5:15:30,111,539
6427037,211,5:15:34,188,235
6427037,213,5:15:34,2,s_stairs_G8a2P,true
6427037,210,5:15:41,889,445
6427037,207,5:15:42,2,0,-45
6427037,211,5:15:43,1155,357
6427037,207,5:15:43,2,-45,-150
6427037,207,5:15:43,2,-150,-210
6427037,210,5:15:43,1160,341
6427037,207,5:15:45,2,-210,-995
6427037,207,5:15:47,2,-995,-875
6427037,207,5:15:48,2,-875,-995
6427037,211,5:15:49,1874,505
6427037,213,5:15:49,2,c_crush2_F_a_G8a2P,true
6427037,205,5:15:49,2,c_crush2_F_a_G8a2P,false,false
6427037,212,5:15:58,0
6427037,210,5:15:58,1551,471
6427037,211,5:16:0,1367,620
6427037,213,5:16:0,2,s_ashtray_G8a2P,true
6427037,210,5:16:11,1367,548
6427037,211,5:16:12,1368,630
6427037,213,5:16:12,2,s_ashtray_G8a2P,true
6427037,210,5:16:20,1988,144
6427037,211,5:16:20,1992,116
6427037,210,5:16:20,1987,144
6427037,211,5:16:20,1987,144
6427037,212,5:16:21,1
6427037,210,5:16:21,1955,117
6427037,211,5:16:22,1988,126
6427037,212,5:16:22,2
6427037,210,5:16:23,1972,116
6427037,211,5:16:23,1984,136
6427037,213,5:16:23,2,s_pictureDad_cauc_gen,true
6427037,205,5:16:23,2,s_pictureDad_cauc_gen,false,false
6427037,221,5:16:42,2
6427037,220,5:16:45,2
6427037,212,5:16:46,1
6427037,210,5:16:47,1802,516
6427037,211,5:16:52,1288,387
6427037,213,5:16:52,2,c_grandma_cauc_a_G8a2P,true
6427037,210,5:16:56,1473,161
6427037,207,5:16:59,2,-995,-785
6427037,207,5:17:8,2,-785,-35
6427037,207,5:17:11,2,-35,0
6427037,211,5:17:12,7,453
6427037,210,5:17:13,37,455
6427037,211,5:17:20,722,248
6427037,213,5:17:20,2,s_door_gen,true
6427037,210,5:17:23,537,331
6427037,207,5:17:26,2,0,-75
6427037,207,5:17:29,2,-75,-765
6427037,211,5:17:30,1205,121
6427037,213,5:17:30,2,s_clock_G8a2P,true
6427037,221,5:17:38,2
6427037,220,5:17:40,2
6427037,212,5:17:41,2
6427037,212,5:17:42,1
6427037,212,5:17:42,2
6427037,212,5:17:42,1
6427037,212,5:17:42,2
6427037,212,5:17:43,1
6427037,212,5:17:43,2
6427037,212,5:17:43,1
6427037,210,5:17:44,1586,461
6427037,207,5:17:48,2,-765,-995
6427037,207,5:17:57,2,-995,-485
6427037,207,5:18:2,2,-485,0
6427037,207,5:18:13,2,0,-570
6427037,207,5:18:28,2,-570,-995
6427037,211,5:18:33,1259,335
6427037,210,5:18:33,1830,146
6427037,211,5:18:37,1235,566
6427037,221,5:18:37,2
6427037,220,5:18:39,2
6427037,1003,5:18:39,3
6427037,221,5:18:43,2
6427037,300,5:18:44
6427037,220,5:18:44,2
6427037,302,5:19:36,0,1,0,21
6427037,303,5:19:40,0,1,0,21
6427037,304,5:19:54,0,1,0,10,funny,21,sad :(
6427037,302,5:20:6,0,1,1,8
6427037,302,5:20:12,0,1,1,14
6427037,302,5:20:14,0,1,1,17
6427037,302,5:20:16,0,1,1,19
6427037,303,5:20:19,0,1,1,19
6427037,304,5:20:29,0,1,1,20,happy,19,worried
6427037,301,5:20:36,1
6427037,301,5:20:49,2
6427037,304,5:21:6,2,5,0,4,,4,
6427037,304,5:21:20,2,0,0,4,a van,4,a van
6427037,302,5:21:29,2,1,0,0
6427037,303,5:21:32,2,1,0,0
6427037,304,5:21:44,2,1,0,3,a black horse!,0,a huskey!!!!
6427037,304,5:22:0,2,4,1,3,,3,
6427037,210,5:22:12,1306,476
6427037,207,5:22:14,2,-400,-995
6427037,207,5:22:24,2,-995,-830
6427037,207,5:22:27,2,-830,-995
6427037,207,5:22:30,2,-995,-425
6427037,207,5:22:34,2,-425,-230
6427037,207,5:22:35,2,-230,0
6427037,211,5:22:41,300,87
6427037,210,5:22:54,593,448
6427037,211,5:22:57,543,179
6427037,210,5:23:0,637,208
6427037,211,5:23:2,720,189
6427037,213,5:23:2,2,s_door_gen,true
6427037,221,5:23:6,2
6427037,220,5:23:35,2
6427037,210,5:23:36,135,555
6427037,207,5:23:42,2,0,-995
6427037,211,5:23:49,1450,371
6427037,210,5:23:52,1026,374
6427037,207,5:23:53,2,-200,-395
6427037,207,5:23:54,2,-395,-492
6427037,211,5:23:56,1348,534
6427037,210,5:23:58,282,529
6427037,207,5:23:59,2,-200,-110
6427037,207,5:24:0,2,-110,0
6427037,207,5:24:5,2,0,-225
6427037,207,5:24:6,2,-225,-375
6427037,211,5:24:8,1121,579
6427037,213,5:24:8,2,c_crush2_F_a_G8a2N,true
6427037,205,5:24:8,2,c_crush2_F_a_G8a2N,false,true
6427037,210,5:24:15,1266,498
6427037,207,5:24:15,2,-375,-492
6427037,211,5:24:19,1474,330
6427037,210,5:24:21,1203,556
6427037,211,5:24:24,898,486
6427037,212,5:24:25,0
6427037,210,5:24:26,1054,370
6427037,211,5:24:26,1059,408
6427037,213,5:24:26,2,s_fumes_G8a2N,true
6427037,212,5:24:29,2
6427037,210,5:24:30,1036,412
6427037,211,5:24:30,1068,418
6427037,212,5:24:30,0
6427037,212,5:24:32,1
6427037,210,5:25:37,658,571
6427037,207,5:25:37,2,-400,-370
6427037,207,5:25:44,2,-370,-995
6427037,211,5:25:48,1420,506
6427037,210,5:25:52,654,471
6427037,207,5:25:57,2,-200,-20
6427037,207,5:25:57,2,-20,0
6427037,211,5:26:2,503,152
6427037,213,5:26:2,2,c_friend1_F_a_G8a2N,true
6427037,210,5:26:5,600,300
6427037,207,5:26:8,2,0,-480
6427037,211,5:26:47,1111,536
6427037,213,5:26:47,2,c_crush2_F_a_G8a2N,true
6427037,205,5:26:47,2,c_crush2_F_a_G8a2N,false,true
6427037,204,5:26:54,2
6427037,103,5:26:57
6427037,105,5:26:58
6427037,703,5:27:0,[|| EpilogueItem ID: 0 unlocked: true ||,|| EpilogueItem ID: 1 unlocked: true ||,|| EpilogueItem ID: 2 unlocked: false ||,|| EpilogueItem ID: 3 unlocked: false ||,|| EpilogueItem ID: 4 unlocked: false ||,|| EpilogueItem ID: 5 unlocked: false ||,|| EpilogueItem ID: 6 unlocked: false ||,|| EpilogueItem ID: 7 unlocked: false ||,|| EpilogueItem ID: 8 unlocked: false ||,|| EpilogueItem ID: 9 unlocked: false ||,|| EpilogueItem ID: 10 unlocked: false ||,|| EpilogueItem ID: 11 unlocked: false ||,|| EpilogueItem ID: 12 unlocked: false ||,|| EpilogueItem ID: 13 unlocked: false ||,|| EpilogueItem ID: 14 unlocked: false ||,|| EpilogueItem ID: 15 unlocked: false ||,|| EpilogueItem ID: 16 unlocked: false ||,|| EpilogueItem ID: 17 unlocked: false ||,|| EpilogueItem ID: 18 unlocked: false ||,|| EpilogueItem ID: 19 unlocked: false ||,|| EpilogueItem ID: 20 unlocked: false ||,|| EpilogueItem ID: 21 unlocked: false ||,|| EpilogueItem ID: 22 unlocked: false ||,|| EpilogueItem ID: 23 unlocked: false ||,|| EpilogueItem ID: 24 unlocked: false ||],0.08
6427037,706,5:27:6,(x=452, y=-100, w=1024, h=768),(x=456, y=-100, w=1024, h=768)
6427037,706,5:27:13,(x=846, y=-100, w=1024, h=768),(x=850, y=-100, w=1024, h=768)
6427037,706,5:27:16,(x=1438, y=-100, w=1024, h=768),(x=1438, y=-100, w=1024, h=768)
6427037,706,5:27:23,(x=1659, y=-100, w=1024, h=768),(x=1718, y=-100, w=1024, h=768)
6427037,706,5:27:27,(x=2067, y=-100, w=1024, h=768),(x=2082, y=-100, w=1024, h=768)
6427037,706,5:27:33,(x=2531, y=-100, w=1024, h=768),(x=2531, y=-100, w=1024, h=768)
6427037,708,5:27:33
6427037,1,5:27:33,11/18/2013 5:42:56pm,{"gameTime":19653101,"challengeStacks":[{"challengeScenes":[{"miniGameCards":[],"viewedAnimatic":true,"keyPoints":["c_teacherEng_G7a0","c_bestFriend_F_a_G7a0","s_flag_gen"],"unlocked":true,"touchableObjects":["c_crewKid1_F_G7a0","s_otherStudent1_G7a0","s_vocabAssignment_G7a0","c_friend1_F_a_G7a0","s_angelouPoster_gen","s_poePoster_gen","c_teacherEng_G7a0","c_bestFriend_F_a_G7a0","s_atwoodPoster_gen","s_flag_gen","s_clock_G7a0","s_doorClassroom_G7a0"]},{"miniGameCards":[],"viewedAnimatic":true,"keyPoints":["s_paperPlayers_G7a1N","c_bestFriend_F_a_G7a1N","c_teacherEng_G7a1N"],"unlocked":true,"touchableObjects":["c_crewKid1_F_G7a1N","s_flag_gen","s_paperPlayers_G7a1N","s_otherStudent2_G7a1N","c_bestFriend_F_a_G7a1N","c_teacherEng_G7a1N"]},{"miniGameCards":[],"viewedAnimatic":true,"keyPoints":["c_teacherEng_G7a1P","s_paperEnglish_gen","s_flag_gen","c_bestFriend_F_a_G7a1P"],"unlocked":true,"touchableObjects":["c_teacherEng_G7a1P","s_paperEnglish_gen","s_clock_G7a1P","s_atwoodPoster_gen","s_angelouPoster_gen","s_shakespearePoster_gen","s_poePoster_gen","s_papersDetention_gen","s_flag_gen","c_bestFriend_F_a_G7a1P"]}],"stackSize":3,"resolved":true},{"challengeScenes":[{"miniGameCards":[],"viewedAnimatic":true,"keyPoints":["c_kidSister_cauc_a_G7b0","c_crewKid1_F_G7b0","s_backpack_F_G7b0"],"unlocked":true,"touchableObjects":["s_lifeguard_G7b0","c_cousinsBrother_a_G7b0","c_crewKid2_F_G7b0","s_snackBarWorker_G7b0","c_kidSister_cauc_a_G7b0","c_cousin_F_a_G7b0","c_crewKid1_F_G7b0","c_cousinsBrothersFriend_a_G7b0","c_cousinsBrothersFriendsGF_G7b0","s_backpack_F_G7b0"]},{"miniGameCards":[],"viewedAnimatic":true,"keyPoints":["s_graffiti_G7b1N","c_kidSister_cauc_a_G7b1N","c_crewKid1_F_G7b1N","s_brokenCarWindow_G7b1N","s_sprayPaintCan_G7b1N"],"unlocked":true,"touchableObjects":["c_crewKid2_F_a_G7b1N","s_cat_G7b1N","s_graffiti_G7b1N","c_policeOfficer_G7b1N","c_cousin_F_a_G7b1N","s_flag_G7b1N","s_wreckedPlants_G7b1N","c_kidSister_cauc_a_G7b1N","c_crewKid1_F_G7b1N","c_teacherEng_G7b1N","s_brokenCarWindow_G7b1N","s_sprayPaintCan_G7b1N"]},{"miniGameCards":[],"viewedAnimatic":true,"keyPoints":["c_cousinsBrother_a_G7b1P","c_cousin_F_a_G7b1P","s_poolDay_ruleSign_G7b1P","c_cousinsBrothersFriend_a_G7b1P"],"unlocked":true,"touchableObjects":["c_crush1_F_a_G7b1P","c_cousinsBrother_a_G7b1P","c_cousin_F_a_G7b1P","s_poolDay_ruleSign_G7b1P","c_kidSister_cauc_a_G7b1P","c_cousinsBrothersFriend_a_G7b1P"]},{"miniGameCards":[],"viewedAnimatic":true,"keyPoints":["c_crush1_F_a_G7b2N","c_cousin_F_a_G7b2N","c_kidSister_cauc_a_G7b2N","s_kid1_G7b2N"],"unlocked":true,"touchableObjects":["s_kidPool1_G7b2N","c_cousinsBrothersFriend_a_G7b2N","s_lifeguard_G7b2N","c_cousinsBrother_a_G7b2N","c_crush1_F_a_G7b2N","c_crewKid2_F_G7b2N","s_cousinsBFgirlfriend_G7b2N","s_kidPool2_G7b2N","c_cousin_F_a_G7b2N","c_kidSister_cauc_a_G7b2N","s_kid1_G7b2N"]},{"miniGameCards":[],"viewedAnimatic":true,"keyPoints":["s_computer_F_G7b2P","c_cousin_F_a_G7b2P","c_kidSister_cauc_a_G7b2P","s_pictureDad_cauc_F_gen"],"unlocked":true,"touchableObjects":["s_calendar_F_gen","s_computer_F_G7b2P","c_cousin_F_a_G7b2P","s_closet_F_G7b2P","c_kidSister_cauc_a_G7b2P","c_grandma_cauc_a_G7b2P","s_pictureDad_cauc_F_gen"]}],"stackSize":5,"resolved":true},{"challengeScenes":[{"miniGameCards":[],"viewedAnimatic":true,"keyPoints":["s_cellphone_G8a0","s_clock_G8a0","c_crush2_F_a_G8a0","c_cousin_F_a_G8a0","s_bottleCrush2_F_G8a0"],"unlocked":true,"touchableObjects":["s_stairs_G8a0","c_friend1_F_G8a0","s_beerSixpack_G8a0","c_crewKid1_F_a_G8a0","s_cellphone_G8a0","s_clock_G8a0","s_cigaretteKid1_G8a0","c_crush2_F_a_G8a0","c_cousin_F_a_G8a0","s_beerCooler_G8a0","s_bottleCrush2_F_G8a0","s_bottleFloor_G8a0","s_bottleTable_G8a0"]},{"miniGameCards":[],"viewedAnimatic":true,"keyPoints":["s_crush2Lips_F_G8a1N","s_basementDoor_gen","s_dirtyClothes_gen","s_crush2Sore_F_G8a1N","s_crush2Eyes_F_G8a1N"],"unlocked":true,"touchableObjects":["s_crush2Lips_F_G8a1N","c_crush2_F_a_G8a1N","s_waterHeater_gen","s_basementDoor_gen","s_stairs_G8a1N","s_dryer_G8a1N","s_dirtyClothes_gen","s_inhalantsShelf_gen","s_crush2Sore_F_G8a1N","s_crush2Eyes_F_G8a1N"]},{"miniGameCards":[],"viewedAnimatic":true,"keyPoints":["s_inhalantsShelf_gen","c_crush2_F_a_G8a1P","s_dirtyClothes_gen"],"unlocked":true,"touchableObjects":["s_spraypaintCrush2_F_G8a1P","s_inhalantsShelf_gen","c_crush2_F_a_G8a1P","s_waterHeater_gen","s_dirtyClothes_gen"]},{"miniGameCards":[],"viewedAnimatic":true,"keyPoints":["c_crush2_F_a_G8a2N","s_spraypaintCan_G8a2N"],"unlocked":true,"touchableObjects":["s_fumes_G8a2N","c_crush2_F_a_G8a2N","c_friend1_F_a_G8a2N","s_spraypaintCan_G8a2N"]},{"miniGameCards":[],"viewedAnimatic":true,"keyPoints":["s_magazine_G8a2P","s_sistersToy_G8a2P","c_kidSister_cauc_a_G8a2P","c_crush2_F_a_G8a2P","s_pictureDad_cauc_gen"],"unlocked":true,"touchableObjects":["s_videoGame_G8a2P","s_door_gen","c_grandma_cauc_a_G8a2P","s_teaCup_G8a2P","s_magazine_G8a2P","s_sistersToy_G8a2P","c_kidSister_cauc_a_G8a2P","s_stairs_G8a2P","c_crush2_F_a_G8a2P","s_ashtray_G8a2P","s_pictureDad_cauc_gen","s_clock_G8a2P"]},{"miniGameCards":[],"viewedAnimatic":true,"keyPoints":["c_nurse_a_G8a3N","s_pamphlet3_G8a3N","s_mirror_cauc_F_a_G8a3N","s_pamphlet1_G8a3N"],"unlocked":true,"touchableObjects":["s_phone_G8a3N","s_door_G8a3N","s_poster_G8a3N","c_nurse_a_G8a3N","s_pamphlet2_G8a3N","s_pamphlet3_G8a3N","s_mirror_cauc_F_a_G8a3N","s_pamphlet1_G8a3N"]},{"miniGameCards":[],"viewedAnimatic":true,"keyPoints":["c_crush2_F_a_G8a3P","s_kidsCouch_G8a3P"],"unlocked":true,"touchableObjects":["c_crush2_F_a_G8a3P","s_kidsCouch_G8a3P","c_cousin_F_a_G8a3P"]}],"stackSize":7,"resolved":false},{"challengeScenes":[{"miniGameCards":[],"viewedAnimatic":false,"keyPoints":[],"unlocked":false,"touchableObjects":[]},{"miniGameCards":[],"viewedAnimatic":false,"keyPoints":[],"unlocked":false,"touchableObjects":[]},{"miniGameCards":[],"viewedAnimatic":false,"keyPoints":[],"unlocked":false,"touchableObjects":[]},{"miniGameCards":[],"viewedAnimatic":false,"keyPoints":[],"unlocked":false,"touchableObjects":[]},{"miniGameCards":[],"viewedAnimatic":false,"keyPoints":[],"unlocked":false,"touchableObjects":[]}],"stackSize":5,"resolved":false},{"challengeScenes":[{"miniGameCards":[],"viewedAnimatic":true,"keyPoints":["s_cellPhone_F_G9a0","s_door_F_gen"],"unlocked":true,"touchableObjects":["s_window_F_G9a0","s_cellPhone_F_G9a0","s_calendar_F_gen","s_door_F_gen"]},{"miniGameCards":[],"viewedAnimatic":true,"keyPoints":["c_cousin_F_a_G9a1N","s_kid3_G9a1N","c_policeOfficer_G9a1N","s_fence_G9a1N"],"unlocked":true,"touchableObjects":["c_cousinsBrothersFriend_a_G9a1N","s_kid4_G9a1N","c_cousin_F_a_G9a1N","s_policeCar_G9a1N","s_potSmokeCloud_G9a1N","s_kid3_G9a1N","s_bathingSuits_G9a1N","c_policeOfficer_G9a1N","s_poolNight_ruleSign_G9a1N","s_fence_G9a1N"]},{"miniGameCards":[],"viewedAnimatic":false,"keyPoints":[],"unlocked":false,"touchableObjects":[]},{"miniGameCards":[],"viewedAnimatic":false,"keyPoints":[],"unlocked":false,"touchableObjects":[]},{"miniGameCards":[],"viewedAnimatic":false,"keyPoints":[],"unlocked":false,"touchableObjects":[]}],"stackSize":5,"resolved":false},{"challengeScenes":[{"miniGameCards":[],"viewedAnimatic":false,"keyPoints":[],"unlocked":false,"touchableObjects":[]},{"miniGameCards":[],"viewedAnimatic":false,"keyPoints":[],"unlocked":false,"touchableObjects":[]},{"miniGameCards":[],"viewedAnimatic":false,"keyPoints":[],"unlocked":false,"touchableObjects":[]},{"miniGameCards":[],"viewedAnimatic":false,"keyPoints":[],"unlocked":false,"touchableObjects":[]},{"miniGameCards":[],"viewedAnimatic":false,"keyPoints":[],"unlocked":false,"touchableObjects":[]}],"stackSize":5,"resolved":false},{"challengeScenes":[{"miniGameCards":[],"viewedAnimatic":false,"keyPoints":[],"unlocked":false,"touchableObjects":[]},{"miniGameCards":[],"viewedAnimatic":false,"keyPoints":[],"unlocked":false,"touchableObjects":[]},{"miniGameCards":[],"viewedAnimatic":false,"keyPoints":[],"unlocked":false,"touchableObjects":[]},{"miniGameCards":[],"viewedAnimatic":false,"keyPoints":[],"unlocked":false,"touchableObjects":[]},{"miniGameCards":[],"viewedAnimatic":false,"keyPoints":[],"unlocked":false,"touchableObjects":[]}],"stackSize":5,"resolved":false},{"challengeScenes":[{"miniGameCards":[],"viewedAnimatic":false,"keyPoints":[],"unlocked":false,"touchableObjects":[]},{"miniGameCards":[],"viewedAnimatic":false,"keyPoints":[],"unlocked":false,"touchableObjects":[]},{"miniGameCards":[],"viewedAnimatic":false,"keyPoints":[],"unlocked":false,"touchableObjects":[]},{"miniGameCards":[],"viewedAnimatic":false,"keyPoints":[],"unlocked":false,"touchableObjects":[]},{"miniGameCards":[],"viewedAnimatic":false,"keyPoints":[],"unlocked":false,"touchableObjects":[]}],"stackSize":5,"resolved":false},{"challengeScenes":[{"miniGameCards":[],"viewedAnimatic":false,"keyPoints":[],"unlocked":false,"touchableObjects":[]},{"miniGameCards":[],"viewedAnimatic":false,"keyPoints":[],"unlocked":false,"touchableObjects":[]},{"miniGameCards":[],"viewedAnimatic":false,"keyPoints":[],"unlocked":false,"touchableObjects":[]},{"miniGameCards":[],"viewedAnimatic":false,"keyPoints":[],"unlocked":false,"touchableObjects":[]},{"miniGameCards":[],"viewedAnimatic":false,"keyPoints":[],"unlocked":false,"touchableObjects":[]}],"stackSize":5,"resolved":false},{"challengeScenes":[{"miniGameCards":[],"viewedAnimatic":false,"keyPoints":[],"unlocked":false,"touchableObjects":[]},{"miniGameCards":[],"viewedAnimatic":false,"keyPoints":[],"unlocked":false,"touchableObjects":[]},{"miniGameCards":[],"viewedAnimatic":false,"keyPoints":[],"unlocked":false,"touchableObjects":[]},{"miniGameCards":[],"viewedAnimatic":false,"keyPoints":[],"unlocked":false,"touchableObjects":[]},{"miniGameCards":[],"viewedAnimatic":false,"keyPoints":[],"unlocked":false,"touchableObjects":[]}],"stackSize":5,"resolved":false},{"challengeScenes":[{"miniGameCards":[],"viewedAnimatic":false,"keyPoints":[],"unlocked":false,"touchableObjects":[]},{"miniGameCards":[],"viewedAnimatic":false,"keyPoints":[],"unlocked":false,"touchableObjects":[]},{"miniGameCards":[],"viewedAnimatic":false,"keyPoints":[],"unlocked":false,"touchableObjects":[]},{"miniGameCards":[],"viewedAnimatic":false,"keyPoints":[],"unlocked":false,"touchableObjects":[]},{"miniGameCards":[],"viewedAnimatic":false,"keyPoints":[],"unlocked":false,"touchableObjects":[]}],"stackSize":5,"resolved":false},{"challengeScenes":[{"miniGameCards":[],"viewedAnimatic":false,"keyPoints":[],"unlocked":false,"touchableObjects":[]},{"miniGameCards":[],"viewedAnimatic":false,"keyPoints":[],"unlocked":false,"touchableObjects":[]},{"miniGameCards":[],"viewedAnimatic":false,"keyPoints":[],"unlocked":false,"touchableObjects":[]},{"miniGameCards":[],"viewedAnimatic":false,"keyPoints":[],"unlocked":false,"touchableObjects":[]},{"miniGameCards":[],"viewedAnimatic":false,"keyPoints":[],"unlocked":false,"touchableObjects":[]}],"stackSize":5,"resolved":false},{"challengeScenes":[{"miniGameCards":[],"viewedAnimatic":false,"keyPoints":[],"unlocked":true,"touchableObjects":["c_player_cauc_F_a_G0a0","c_education_G0a0","c_family_cauc_a_G0a0","c_friends_G0a0"]},{"miniGameCards":[],"viewedAnimatic":false,"keyPoints":["c_home_G0a1N","c_family_cauc_a_G0a1N","c_job_G0a1N"],"unlocked":true,"touchableObjects":["c_player_cauc_F_a_G0a1N","c_home_G0a1N","c_family_cauc_a_G0a1N","c_job_G0a1N"]},{"miniGameCards":[],"viewedAnimatic":false,"keyPoints":["c_kidsister_cauc_a_G0a1P","c_dad_cauc_a_G0a1P","c_mom_cauc_a_G0a1P","c_grandma_cauc_a_G0a1P","c_Teacher_G0a1P","c_Nurse_G0a1P"],"unlocked":true,"touchableObjects":["c_cousins_F_a_G0a1P","c_friends_G0a1P","c_kidsister_cauc_a_G0a1P","c_dad_cauc_a_G0a1P","c_mom_cauc_a_G0a1P","c_grandma_cauc_a_G0a1P","c_Teacher_G0a1P","c_Nurse_G0a1P"]}],"stackSize":3,"resolved":true}],"sessionId":7,"epilogue":{"rating":1},"playerId":6427037,"session":[{"sceneId":"1P","stackId":12},{"sceneId":"1P","stackId":0},{"sceneId":"1P","stackId":1},{"sceneId":"1N","stackId":1},{"sceneId":"2P","stackId":1},{"sceneId":"3P","stackId":2},{"sceneId":"1P","stackId":2},{"sceneId":"1N","stackId":2},{"sceneId":"2P","stackId":2}],"minigames":[{"levelSaveData":[{"starRating":3,"unlocked":true},{"starRating":3,"unlocked":true},{"starRating":0,"unlocked":true},{"starRating":0,"unlocked":false},{"starRating":0,"unlocked":false},{"starRating":0,"unlocked":false},{"starRating":0,"unlocked":false},{"starRating":0,"unlocked":false},{"starRating":0,"unlocked":false},{"starRating":0,"unlocked":false}],"skillPoints":6},{"levelSaveData":[{"starRating":3,"unlocked":true},{"starRating":3,"unlocked":true},{"starRating":3,"unlocked":true},{"starRating":0,"unlocked":false},{"starRating":3,"unlocked":true},{"starRating":0,"unlocked":false},{"starRating":0,"unlocked":false},{"starRating":0,"unlocked":false},{"starRating":0,"unlocked":false},{"starRating":0,"unlocked":false}],"skillPoints":12},{"levelSaveData":[{"starRating":3,"unlocked":true},{"starRating":3,"unlocked":true},{"starRating":3,"unlocked":true},{"starRating":0,"unlocked":false},{"starRating":0,"unlocked":false},{"starRating":0,"unlocked":false},{"starRating":0,"unlocked":false},{"starRating":0,"unlocked":false},{"starRating":1,"unlocked":true},{"starRating":0,"unlocked":false}],"skillPoints":10},{"levelSaveData":[{"starRating":3,"unlocked":true},{"starRating":3,"unlocked":true},{"starRating":0,"unlocked":false},{"starRating":0,"unlocked":false},{"starRating":3,"unlocked":true},{"starRating":0,"unlocked":false},{"starRating":0,"unlocked":false},{"starRating":0,"unlocked":false},{"starRating":0,"unlocked":false},{"starRating":0,"unlocked":false}],"skillPoints":9},{"age":12,"name":"savanah","gender":1,"levelSaveData":[{"starRating":3,"unlocked":true},{"starRating":3,"chunks":[["1"],["21$$sad :(","19$$worried"],["5$$i like animals","3$$i like nature","13$$i like to read"],["3"]],"unlocked":true},{"starRating":3,"chunks":[["1"],["7$$im good at ART","6$$i play music"],["8$$artist","8$$make music"]],"unlocked":true},{"starRating":3,"chunks":[["4$$a van"],["0$$a huskey!!!!"],["13"],["0"],["5","3"],["4"]],"unlocked":true},{"starRating":0,"chunks":[[null],[null],[null,null],[null],[null],[null]],"unlocked":false},{"starRating":0,"chunks":[[null],[null,null,null,null],[null],[null]],"unlocked":false},{"starRating":0,"chunks":[[null],[null],[null,null],[null,null],[null]],"unlocked":false},{"starRating":0,"chunks":[[null,null,null],[null,null,null],[null],[null],[null]],"unlocked":false},{"starRating":0,"chunks":[[null,null,null],[null,null,null],[null,null]],"unlocked":false},{"starRating":0,"chunks":[[null],[null],[null],[null],[null],[null]],"unlocked":false}],"visualAvatar":0,"id":1,"skillPoints":12}],"avatar":{"age":12,"name":"savanah","gender":1,"levelSaveData":[{"starRating":3,"unlocked":true},{"starRating":3,"chunks":[["1"],["21$$sad :(","19$$worried"],["5$$i like animals","3$$i like nature","13$$i like to read"],["3"]],"unlocked":true},{"starRating":3,"chunks":[["1"],["7$$im good at ART","6$$i play music"],["8$$artist","8$$make music"]],"unlocked":true},{"starRating":3,"chunks":[["4$$a van"],["0$$a huskey!!!!"],["13"],["0"],["5","3"],["4"]],"unlocked":true},{"starRating":0,"chunks":[[null],[null],[null,null],[null],[null],[null]],"unlocked":false},{"starRating":0,"chunks":[[null],[null,null,null,null],[null],[null]],"unlocked":false},{"starRating":0,"chunks":[[null],[null],[null,null],[null,null],[null]],"unlocked":false},{"starRating":0,"chunks":[[null,null,null],[null,null,null],[null],[null],[null]],"unlocked":false},{"starRating":0,"chunks":[[null,null,null],[null,null,null],[null,null]],"unlocked":false},{"starRating":0,"chunks":[[null],[null],[null],[null],[null],[null]],"unlocked":false}],"visualAvatar":0,"id":1,"skillPoints":12}}
