6427027,0,0:0:0,10/21/2013 4:32:16pm
6427027,601,0:0:23,0
6427027,600,0:0:25,1
6427027,602,0:0:26,1,0
6427027,603,0:0:32,1
6427027,604,0:0:39,1,jalen
6427027,605,0:0:42
6427027,210,0:1:0,799,513
6427027,211,0:1:0,799,513
6427027,210,0:1:3,812,485
6427027,207,0:1:5,12,0,-690
6427027,211,0:1:5,1525,364
6427027,212,0:1:11,1
6427027,212,0:1:11,0
6427027,212,0:1:12,2
6427027,212,0:1:15,1
6427027,212,0:1:16,2
6427027,210,0:1:17,1506,463
6427027,211,0:1:19,1155,232
6427027,213,0:1:19,12,c_family_cauc_a_G0a0,true
6427027,210,0:1:23,1431,381
6427027,211,0:1:24,1229,460
6427027,212,0:1:25,1
6427027,210,0:1:26,1390,571
6427027,211,0:1:27,1222,456
6427027,213,0:1:27,12,c_friends_G0a0,true
6427027,210,0:1:54,766,512
6427027,211,0:1:55,744,493
6427027,212,0:2:7,2
6427027,210,0:2:18,730,390
6427027,211,0:2:18,590,431
6427027,210,0:2:19,734,379
6427027,207,0:2:20,12,0,-270
6427027,211,0:2:21,1089,213
6427027,213,0:2:21,12,c_family_cauc_a_G0a1N,true
6427027,205,0:2:21,12,c_family_cauc_a_G0a1N,false,false
6427027,212,0:2:44,1
6427027,210,0:2:45,1148,446
6427027,211,0:2:46,1171,450
6427027,213,0:2:46,12,c_home_G0a1N,true
6427027,205,0:2:46,12,c_home_G0a1N,false,false
6427027,210,0:3:5,988,375
6427027,211,0:3:5,714,471
6427027,212,0:3:8,0
6427027,210,0:3:9,578,135
6427027,211,0:3:10,634,184
6427027,213,0:3:10,12,c_job_G0a1N,true
6427027,205,0:3:10,12,c_job_G0a1N,false,false
6427027,210,0:3:57,761,359
6427027,211,0:3:57,532,418
6427027,210,0:4:3,718,362
6427027,211,0:4:3,616,378
6427027,221,0:4:57,12
6427027,220,0:5:0,12
6427027,210,0:5:8,664,462
6427027,211,0:5:8,578,482
6427027,213,0:5:8,12,c_cousins_M_a_G0a1P,true
6427027,210,0:5:12,836,364
6427027,207,0:5:17,12,0,-1320
6427027,211,0:5:18,1641,451
6427027,210,0:5:19,1689,466
6427027,211,0:5:21,1512,499
6427027,213,0:5:21,12,c_friends_G0a1P,true
6427027,210,0:5:26,1740,483
6427027,211,0:5:26,2104,415
6427027,210,0:5:27,1402,393
6427027,207,0:5:29,12,-1320,-975
6427027,211,0:5:30,1275,212
6427027,213,0:5:30,12,c_Nurse_G0a1P,true
6427027,205,0:5:30,12,c_Nurse_G0a1P,false,false
6427027,210,0:5:35,1384,190
6427027,211,0:5:35,1415,183
6427027,210,0:5:36,1422,194
6427027,211,0:5:37,1565,304
6427027,212,0:5:38,1
6427027,210,0:5:39,1263,166
6427027,211,0:5:41,1211,439
6427027,213,0:5:41,12,c_friends_G0a1P,true
6427027,210,0:5:46,1776,170
6427027,211,0:5:46,1775,165
6427027,213,0:5:46,12,c_dad_cauc_a_G0a1P,true
6427027,205,0:5:46,12,c_dad_cauc_a_G0a1P,false,false
6427027,212,0:5:52,2
6427027,210,0:5:52,1847,257
6427027,211,0:5:54,1833,516
6427027,213,0:5:54,12,c_kidsister_cauc_a_G0a1P,true
6427027,205,0:5:54,12,c_kidsister_cauc_a_G0a1P,false,false
6427027,210,0:6:10,1520,470
6427027,211,0:6:11,1629,382
6427027,213,0:6:11,12,c_grandma_cauc_a_G0a1P,true
6427027,205,0:6:11,12,c_grandma_cauc_a_G0a1P,false,false
6427027,210,0:6:18,1463,373
6427027,211,0:6:19,1364,447
6427027,213,0:6:19,12,c_friends_G0a1P,true
6427027,210,0:6:22,1399,211
6427027,211,0:6:22,1403,207
6427027,213,0:6:22,12,c_Teacher_G0a1P,true
6427027,205,0:6:22,12,c_Teacher_G0a1P,false,false
6427027,210,0:6:34,1386,488
6427027,211,0:6:36,1284,272
6427027,212,0:6:37,0
6427027,210,0:6:38,1277,230
6427027,211,0:6:38,1278,254
6427027,213,0:6:38,12,c_Nurse_G0a1P,true
6427027,205,0:6:38,12,c_Nurse_G0a1P,false,true
6427027,210,0:6:43,1621,358
6427027,211,0:6:44,1654,300
6427027,212,0:6:46,2
6427027,210,0:6:46,1635,413
6427027,211,0:6:47,1617,424
6427027,213,0:6:47,12,c_grandma_cauc_a_G0a1P,true
6427027,205,0:6:47,12,c_grandma_cauc_a_G0a1P,false,true
6427027,210,0:6:51,1828,210
6427027,211,0:6:53,2067,293
6427027,207,0:6:53,12,-975,-1065
6427027,210,0:6:53,2162,313
6427027,207,0:6:54,12,-1065,-1290
6427027,207,0:6:57,12,-1290,-1080
6427027,207,0:6:59,12,-1080,-630
6427027,207,0:7:1,12,-630,-330
6427027,207,0:7:4,12,-330,-570
6427027,211,0:7:5,1369,242
6427027,213,0:7:5,12,c_Teacher_G0a1P,true
6427027,205,0:7:5,12,c_Teacher_G0a1P,false,true
6427027,212,0:7:10,1
6427027,210,0:7:10,1283,206
6427027,207,0:7:13,12,-570,-645
6427027,207,0:7:15,12,-645,-1140
6427027,211,0:7:16,1799,362
6427027,213,0:7:16,12,c_dad_cauc_a_G0a1P,true
6427027,205,0:7:16,12,c_dad_cauc_a_G0a1P,false,true
6427027,210,0:7:20,1896,311
6427027,211,0:7:20,1885,322
6427027,213,0:7:20,12,c_mom_cauc_a_G0a1P,true
6427027,205,0:7:20,12,c_mom_cauc_a_G0a1P,false,false
6427027,221,0:7:46,12
6427027,300,0:8:2
6427027,220,0:8:2,12
6427027,302,0:9:7,0,1,0,1
6427027,303,0:9:34,0,1,0,1
6427027,304,0:9:39,0,1,0,-1,,1,good
6427027,302,0:9:55,0,1,1,1
6427027,303,0:10:1,0,1,1,1
6427027,304,0:10:3,0,1,1,-1,,1,fun
6427027,302,0:10:17,0,3,0,3
6427027,306,0:10:33,0,0,1
6427027,304,0:10:33,0,3,0,-1,,3,
6427027,302,0:10:48,0,0,0,0
6427027,304,0:10:58,0,0,0,-1,,0,
6427027,302,0:11:3,0,0,0,1
6427027,304,0:11:4,0,0,0,0,,1,
6427027,302,0:11:14,0,2,0,5
6427027,302,0:11:18,0,2,0,14
6427027,302,0:11:20,0,2,0,13
6427027,303,0:11:23,0,2,0,13
6427027,306,0:11:29,0,1,2
6427027,304,0:11:29,0,2,0,-1,,13,books
6427027,302,0:11:39,0,2,0,11
6427027,302,0:11:46,0,2,0,6
6427027,302,0:11:52,0,2,0,13
6427027,304,0:11:53,0,2,0,13,books,13,books
6427027,305,0:11:58,0,2,2,-1,
6427027,305,0:12:1,0,2,0,13,books
6427027,305,0:12:7,0,2,1,-1,
6427027,305,0:12:10,0,2,1,-1,
6427027,305,0:12:20,0,2,2,-1,
6427027,302,0:12:50,0,2,1,2
6427027,303,0:12:52,0,2,1,2
6427027,302,0:13:4,0,2,1,5
6427027,304,0:13:15,0,2,1,-1,,5,pets
6427027,302,0:13:24,0,2,2,16
6427027,303,0:13:28,0,2,2,16
6427027,306,0:13:41,0,2,3
6427027,304,0:13:41,0,2,2,-1,,16,home work
6427027,221,0:13:58,12
6427027,220,0:14:0,12
6427027,203,0:14:0,12
6427027,100,0:14:11,0
6427027,102,0:14:13,0
6427027,200,0:14:13,0,0,0,0,0,6
6427027,219,0:14:13,0
6427027,216,0:14:15,Stack_G7a0
6427027,217,0:14:50,Stack_G7a0,32,0.00
6427027,218,0:15:3,0
6427027,210,0:15:6,814,316
6427027,211,0:15:8,829,362
6427027,213,0:15:8,0,c_teacherEng_G7a0,false
6427027,210,0:15:15,692,573
6427027,211,0:15:16,666,571
6427027,213,0:15:16,0,s_otherStudent1_G7a0,true
6427027,210,0:15:20,967,484
6427027,211,0:15:23,1073,574
6427027,213,0:15:23,0,s_vocabAssignment_G7a0,true
6427027,210,0:15:28,190,424
6427027,207,0:15:28,0,-200,-50
6427027,211,0:15:29,246,481
6427027,213,0:15:29,0,c_crewKid1_M_G7a0,true
6427027,210,0:15:40,368,577
6427027,211,0:15:41,340,588
6427027,212,0:15:42,1
6427027,210,0:15:43,313,540
6427027,211,0:15:43,314,598
6427027,212,0:15:45,0
6427027,210,0:15:46,297,534
6427027,211,0:15:47,312,403
6427027,210,0:15:48,393,477
6427027,207,0:15:52,0,-50,-200
6427027,207,0:15:53,0,-200,-440
6427027,207,0:15:54,0,-440,-518.45
6427027,211,0:15:54,1196,338
6427027,213,0:15:54,0,s_doorClassroom_G7a0,true
6427027,210,0:16:0,665,564
6427027,211,0:16:1,685,554
6427027,213,0:16:1,0,s_otherStudent1_G7a0,true
6427027,210,0:16:4,995,601
6427027,211,0:16:9,972,121
6427027,210,0:16:9,931,116
6427027,211,0:16:12,881,143
6427027,213,0:16:12,0,s_poePoster_gen,true
6427027,210,0:16:15,809,349
6427027,211,0:16:15,818,356
6427027,210,0:16:19,829,362
6427027,207,0:16:19,0,-518.45,-488.45
6427027,207,0:16:20,0,-488.45,-413.45
6427027,207,0:16:28,0,-413.45,-188.45
6427027,207,0:16:29,0,-188.45,0
6427027,211,0:16:39,565,484
6427027,210,0:16:54,775,408
6427027,211,0:16:54,466,414
6427027,210,0:16:57,868,467
6427027,207,0:16:58,0,0,-390
6427027,211,0:17:0,1069,590
6427027,213,0:17:0,0,s_vocabAssignment_G7a0,true
6427027,210,0:17:7,951,471
6427027,211,0:17:8,985,507
6427027,212,0:17:9,1
6427027,210,0:17:10,961,468
6427027,211,0:17:11,1032,450
6427027,212,0:17:12,0
6427027,210,0:17:15,927,480
6427027,211,0:17:15,927,480
6427027,210,0:17:15,971,469
6427027,211,0:17:15,971,469
6427027,210,0:17:15,972,465
6427027,211,0:17:16,965,508
6427027,212,0:17:17,1
6427027,210,0:17:19,980,447
6427027,211,0:17:20,688,572
6427027,213,0:17:20,0,s_otherStudent1_G7a0,true
6427027,210,0:17:26,984,394
6427027,211,0:17:29,1214,151
6427027,213,0:17:29,0,s_clock_G7a0,true
6427027,210,0:17:42,1279,471
6427027,207,0:17:48,0,-390,-315
6427027,207,0:17:52,0,-315,0
6427027,211,0:17:56,215,484
6427027,213,0:17:56,0,c_crewKid1_M_G7a0,true
6427027,210,0:18:4,129,541
6427027,207,0:18:14,0,0,-150
6427027,207,0:18:18,0,-150,-330
6427027,211,0:18:20,1245,475
6427027,213,0:18:20,0,s_doorClassroom_G7a0,true
6427027,210,0:18:24,799,294
6427027,211,0:18:25,862,413
6427027,212,0:18:27,2
6427027,210,0:18:27,817,367
6427027,211,0:18:28,835,376
6427027,213,0:18:28,0,c_teacherEng_G7a0,false
6427027,210,0:18:33,1248,486
6427027,207,0:18:36,0,-330,-518.45
6427027,211,0:18:38,1455,498
6427027,213,0:18:38,0,c_friend1_M_a_G7a0,true
6427027,210,0:18:46,632,539
6427027,207,0:18:48,0,-518.45,-263.45
6427027,207,0:18:49,0,-263.45,-248.45
6427027,207,0:18:49,0,-248.45,-68.45
6427027,207,0:18:50,0,-68.45,0
6427027,207,0:18:57,0,0,-375
6427027,211,0:18:58,1192,340
6427027,213,0:18:58,0,s_doorClassroom_G7a0,true
6427027,213,0:19:4,0,c_teacherEng_G7a0,false
6427027,1003,0:19:32,2
6427027,1004,0:19:36,0
6427027,900,0:19:48,0,[]
6427027,901,0:19:51,0,[PeopleData_id:3]
6427027,904,0:19:51,0,[PeopleData_id:3]
6427027,902,0:19:53,0,[PeopleData_id:3,PeopleData_data1Type]
6427027,903,0:19:55,0,[PeopleData_id3,PeopleData_data1Type]
6427027,902,0:19:56,0,[PeopleData_id:3,PeopleData_data2Type]
6427027,903,0:19:58,0,[PeopleData_id3,PeopleData_data2Type]
6427027,902,0:19:58,0,[PeopleData_id:3,PeopleData_data0Type]
6427027,903,0:20:1,0,[PeopleData_id3,PeopleData_data0Type]
6427027,901,0:20:9,0,[PeopleData_id:2]
6427027,904,0:20:9,0,[PeopleData_id:2]
6427027,902,0:20:10,0,[PeopleData_id:2,PeopleData_data3Type]
6427027,903,0:20:12,0,[PeopleData_id2,PeopleData_data3Type]
6427027,902,0:20:13,0,[PeopleData_id:2,PeopleData_data2Type]
6427027,903,0:20:14,0,[PeopleData_id2,PeopleData_data2Type]
6427027,902,0:20:16,0,[PeopleData_id:2,PeopleData_data1Type]
6427027,903,0:20:18,0,[PeopleData_id2,PeopleData_data1Type]
6427027,902,0:20:19,0,[PeopleData_id:2,PeopleData_data0Type]
6427027,903,0:20:21,0,[PeopleData_id2,PeopleData_data0Type]
6427027,901,0:20:30,0,[PeopleData_id:1]
6427027,904,0:20:30,0,[PeopleData_id:1]
6427027,902,0:20:32,0,[PeopleData_id:1,PeopleData_data3Type]
6427027,903,0:20:36,0,[PeopleData_id1,PeopleData_data3Type]
6427027,902,0:20:38,0,[PeopleData_id:1,PeopleData_data2Type]
6427027,903,0:20:39,0,[PeopleData_id1,PeopleData_data2Type]
6427027,902,0:20:40,0,[PeopleData_id:1,PeopleData_data1Type]
6427027,903,0:20:41,0,[PeopleData_id1,PeopleData_data1Type]
6427027,902,0:20:42,0,[PeopleData_id:1,PeopleData_data0Type]
6427027,903,0:20:43,0,[PeopleData_id1,PeopleData_data0Type]
6427027,901,0:20:48,0,[PeopleData_id:2]
6427027,901,0:20:49,0,[PeopleData_id:0]
6427027,904,0:20:49,0,[PeopleData_id:0]
6427027,902,0:20:51,0,[PeopleData_id:0,PeopleData_data3Type]
6427027,903,0:20:52,0,[PeopleData_id0,PeopleData_data3Type]
6427027,902,0:20:53,0,[PeopleData_id:0,PeopleData_data2Type]
6427027,903,0:20:54,0,[PeopleData_id0,PeopleData_data2Type]
6427027,902,0:20:55,0,[PeopleData_id:0,PeopleData_data1Type]
6427027,903,0:20:58,0,[PeopleData_id0,PeopleData_data1Type]
6427027,902,0:20:58,0,[PeopleData_id:0,PeopleData_data2Type]
6427027,903,0:21:0,0,[PeopleData_id0,PeopleData_data2Type]
6427027,902,0:21:1,0,[PeopleData_id:0,PeopleData_data0Type]
6427027,903,0:21:2,0,[PeopleData_id0,PeopleData_data0Type]
6427027,901,0:21:3,0,[PeopleData_id:4]
6427027,904,0:21:3,0,[PeopleData_id:4]
6427027,902,0:21:5,0,[PeopleData_id:4,PeopleData_data3Type]
6427027,903,0:21:9,0,[PeopleData_id4,PeopleData_data3Type]
6427027,901,0:21:11,0,[PeopleData_id:3]
6427027,901,0:21:12,0,[PeopleData_id:4]
6427027,902,0:21:14,0,[PeopleData_id:4,PeopleData_data0Type]
6427027,903,0:21:15,0,[PeopleData_id4,PeopleData_data0Type]
6427027,902,0:21:17,0,[PeopleData_id:4,PeopleData_data1Type]
6427027,903,0:21:18,0,[PeopleData_id4,PeopleData_data1Type]
6427027,902,0:21:18,0,[PeopleData_id:4,PeopleData_data2Type]
6427027,903,0:21:19,0,[PeopleData_id4,PeopleData_data2Type]
6427027,901,0:21:23,0,[PeopleData_id:0]
6427027,904,0:21:23,0,[PeopleData_id:0]
6427027,901,0:21:24,0,[PeopleData_id:0]
6427027,904,0:21:24,0,[PeopleData_id:0]
6427027,901,0:21:25,0,[PeopleData_id:4]
6427027,904,0:21:25,0,[PeopleData_id:4]
6427027,902,0:21:27,0,[PeopleData_id:4,PeopleData_data3Type]
6427027,903,0:21:29,0,[PeopleData_id4,PeopleData_data3Type]
6427027,901,0:21:30,0,[PeopleData_id:4]
6427027,904,0:21:30,0,[PeopleData_id:4]
6427027,905,0:21:31,0,[PeopleData_id:4,RankTypes_id:-1,RankTypes_id:0]
6427027,901,0:21:33,0,[PeopleData_id:0]
6427027,904,0:21:33,0,[PeopleData_id:0]
6427027,902,0:21:35,0,[PeopleData_id:0,PeopleData_data2Type]
6427027,903,0:21:39,0,[PeopleData_id0,PeopleData_data2Type]
6427027,902,0:21:40,0,[PeopleData_id:0,PeopleData_data1Type]
6427027,903,0:21:45,0,[PeopleData_id0,PeopleData_data1Type]
6427027,902,0:21:45,0,[PeopleData_id:0,PeopleData_data0Type]
6427027,903,0:21:49,0,[PeopleData_id0,PeopleData_data0Type]
6427027,901,0:21:50,0,[PeopleData_id:3]
6427027,904,0:21:50,0,[PeopleData_id:3]
6427027,905,0:21:51,0,[PeopleData_id:3,RankTypes_id:-1,RankTypes_id:2]
6427027,901,0:21:53,0,[PeopleData_id:0]
6427027,902,0:21:54,0,[PeopleData_id:0,PeopleData_data2Type]
6427027,903,0:21:56,0,[PeopleData_id0,PeopleData_data2Type]
6427027,902,0:21:58,0,[PeopleData_id:0,PeopleData_data1Type]
6427027,903,0:22:0,0,[PeopleData_id0,PeopleData_data1Type]
6427027,902,0:22:1,0,[PeopleData_id:0,PeopleData_data0Type]
6427027,903,0:22:4,0,[PeopleData_id0,PeopleData_data0Type]
6427027,901,0:22:5,0,[PeopleData_id:2]
6427027,902,0:22:6,0,[PeopleData_id:2,PeopleData_data3Type]
6427027,903,0:22:9,0,[PeopleData_id2,PeopleData_data3Type]
6427027,902,0:22:9,0,[PeopleData_id:2,PeopleData_data0Type]
6427027,903,0:22:13,0,[PeopleData_id2,PeopleData_data0Type]
6427027,901,0:22:14,0,[PeopleData_id:2]
6427027,904,0:22:14,0,[PeopleData_id:2]
6427027,905,0:22:15,0,[PeopleData_id:2,RankTypes_id:-1,RankTypes_id:0]
6427027,901,0:22:17,0,[PeopleData_id:1]
6427027,902,0:22:21,0,[PeopleData_id:1,PeopleData_data2Type]
6427027,903,0:22:23,0,[PeopleData_id1,PeopleData_data2Type]
6427027,902,0:22:24,0,[PeopleData_id:1,PeopleData_data0Type]
6427027,903,0:22:26,0,[PeopleData_id1,PeopleData_data0Type]
6427027,902,0:22:27,0,[PeopleData_id:1,PeopleData_data3Type]
6427027,903,0:22:28,0,[PeopleData_id1,PeopleData_data3Type]
6427027,902,0:22:29,0,[PeopleData_id:1,PeopleData_data0Type]
6427027,903,0:22:30,0,[PeopleData_id1,PeopleData_data0Type]
6427027,901,0:22:32,0,[PeopleData_id:1]
6427027,904,0:22:32,0,[PeopleData_id:1]
6427027,905,0:22:33,0,[PeopleData_id:1,RankTypes_id:-1,RankTypes_id:2]
6427027,901,0:22:35,0,[PeopleData_id:0]
6427027,902,0:22:37,0,[PeopleData_id:0,PeopleData_data1Type]
6427027,903,0:22:38,0,[PeopleData_id0,PeopleData_data1Type]
6427027,901,0:22:40,0,[PeopleData_id:0]
6427027,904,0:22:40,0,[PeopleData_id:0]
6427027,905,0:22:40,0,[PeopleData_id:0,RankTypes_id:-1,RankTypes_id:2]
6427027,906,0:22:40,0,[]
6427027,907,0:22:43,0,[]
6427027,908,0:22:43,0,[InvitationData_id:8,PeopleData_id:0,RankTypes_id:2]
6427027,909,0:23:43,0,[InvitationData_id:8,PeopleData_id:0,RankTypes_id:2,1]
6427027,910,0:23:46,0,[InvitationData_id:8,5,false]
6427027,908,0:23:46,0,[InvitationData_id:7,PeopleData_id:1,RankTypes_id:2]
6427027,909,0:23:53,0,[InvitationData_id:7,PeopleData_id:1,RankTypes_id:2,0]
6427027,910,0:23:54,0,[InvitationData_id:7,-2,false]
6427027,908,0:23:54,0,[InvitationData_id:9,PeopleData_id:1,RankTypes_id:2]
6427027,909,0:23:59,0,[InvitationData_id:9,PeopleData_id:1,RankTypes_id:2,1]
6427027,910,0:24:1,0,[InvitationData_id:9,0,true]
6427027,908,0:24:1,0,[InvitationData_id:0,PeopleData_id:0,RankTypes_id:2]
6427027,909,0:24:4,0,[InvitationData_id:0,PeopleData_id:0,RankTypes_id:2,0]
6427027,910,0:24:8,0,[InvitationData_id:0,-2,false]
6427027,908,0:24:8,0,[InvitationData_id:1,PeopleData_id:0,RankTypes_id:2]
6427027,909,0:24:13,0,[InvitationData_id:1,PeopleData_id:0,RankTypes_id:2,1]
6427027,910,0:24:15,0,[InvitationData_id:1,5,false]
6427027,908,0:24:15,0,[InvitationData_id:5,PeopleData_id:1,RankTypes_id:2]
6427027,909,0:24:19,0,[InvitationData_id:5,PeopleData_id:1,RankTypes_id:2,0]
6427027,910,0:24:20,0,[InvitationData_id:5,-2,false]
6427027,908,0:24:20,0,[InvitationData_id:4,PeopleData_id:1,RankTypes_id:2]
6427027,909,0:24:27,0,[InvitationData_id:4,PeopleData_id:1,RankTypes_id:2,0]
6427027,910,0:24:29,0,[InvitationData_id:4,-2,false]
6427027,908,0:24:29,0,[InvitationData_id:6,PeopleData_id:0,RankTypes_id:2]
6427027,909,0:24:33,0,[InvitationData_id:6,PeopleData_id:0,RankTypes_id:2,1]
6427027,910,0:24:34,0,[InvitationData_id:6,5,false]
6427027,908,0:24:34,0,[InvitationData_id:3,PeopleData_id:3,RankTypes_id:2]
6427027,909,0:24:40,0,[InvitationData_id:3,PeopleData_id:3,RankTypes_id:2,1]
6427027,910,0:24:41,0,[InvitationData_id:3,5,false]
6427027,911,0:24:46,0,[12,1,1,1]
6427027,1005,0:24:46,0,[2,0,1]
6427027,1000,0:24:50,0,[]
6427027,900,0:24:52,0,[]
6427027,901,0:24:53,0,[PeopleData_id:2]
6427027,902,0:24:55,0,[PeopleData_id:2,PeopleData_data3Type]
6427027,903,0:24:57,0,[PeopleData_id2,PeopleData_data3Type]
6427027,902,0:24:57,0,[PeopleData_id:2,PeopleData_data2Type]
6427027,903,0:24:58,0,[PeopleData_id2,PeopleData_data2Type]
6427027,902,0:24:59,0,[PeopleData_id:2,PeopleData_data1Type]
6427027,903,0:25:1,0,[PeopleData_id2,PeopleData_data1Type]
6427027,902,0:25:2,0,[PeopleData_id:2,PeopleData_data1Type]
6427027,903,0:25:3,0,[PeopleData_id2,PeopleData_data1Type]
6427027,902,0:25:4,0,[PeopleData_id:2,PeopleData_data0Type]
6427027,903,0:25:7,0,[PeopleData_id2,PeopleData_data0Type]
6427027,901,0:25:8,0,[PeopleData_id:2]
6427027,904,0:25:8,0,[PeopleData_id:2]
6427027,905,0:25:9,0,[PeopleData_id:2,RankTypes_id:-1,RankTypes_id:0]
6427027,901,0:25:10,0,[PeopleData_id:3]
6427027,904,0:25:10,0,[PeopleData_id:3]
6427027,902,0:25:11,0,[PeopleData_id:3,PeopleData_data2Type]
6427027,903,0:25:17,0,[PeopleData_id3,PeopleData_data2Type]
6427027,902,0:25:18,0,[PeopleData_id:3,PeopleData_data1Type]
6427027,903,0:25:21,0,[PeopleData_id3,PeopleData_data1Type]
6427027,902,0:25:22,0,[PeopleData_id:3,PeopleData_data0Type]
6427027,903,0:25:25,0,[PeopleData_id3,PeopleData_data0Type]
6427027,901,0:25:26,0,[PeopleData_id:1]
6427027,901,0:25:27,0,[PeopleData_id:1]
6427027,904,0:25:28,0,[PeopleData_id:1]
6427027,905,0:25:28,0,[PeopleData_id:1,RankTypes_id:-1,RankTypes_id:0]
6427027,902,0:25:30,0,[PeopleData_id:1,PeopleData_data3Type]
6427027,903,0:25:31,0,[PeopleData_id1,PeopleData_data3Type]
6427027,902,0:25:32,0,[PeopleData_id:1,PeopleData_data2Type]
6427027,903,0:25:33,0,[PeopleData_id1,PeopleData_data2Type]
6427027,902,0:25:33,0,[PeopleData_id:1,PeopleData_data1Type]
6427027,903,0:25:35,0,[PeopleData_id1,PeopleData_data1Type]
6427027,902,0:25:36,0,[PeopleData_id:1,PeopleData_data0Type]
6427027,903,0:25:38,0,[PeopleData_id1,PeopleData_data0Type]
6427027,901,0:25:39,0,[PeopleData_id:4]
6427027,902,0:25:40,0,[PeopleData_id:4,PeopleData_data3Type]
6427027,903,0:25:42,0,[PeopleData_id4,PeopleData_data3Type]
6427027,902,0:25:43,0,[PeopleData_id:4,PeopleData_data2Type]
6427027,903,0:25:45,0,[PeopleData_id4,PeopleData_data2Type]
6427027,902,0:25:46,0,[PeopleData_id:4,PeopleData_data1Type]
6427027,903,0:25:47,0,[PeopleData_id4,PeopleData_data1Type]
6427027,902,0:25:47,0,[PeopleData_id:4,PeopleData_data0Type]
6427027,903,0:25:48,0,[PeopleData_id4,PeopleData_data0Type]
6427027,901,0:25:49,0,[PeopleData_id:4]
6427027,904,0:25:49,0,[PeopleData_id:4]
6427027,905,0:25:49,0,[PeopleData_id:4,RankTypes_id:-1,RankTypes_id:0]
6427027,901,0:25:50,0,[PeopleData_id:0]
6427027,904,0:25:50,0,[PeopleData_id:0]
6427027,902,0:25:51,0,[PeopleData_id:0,PeopleData_data3Type]
6427027,903,0:25:54,0,[PeopleData_id0,PeopleData_data3Type]
6427027,902,0:25:55,0,[PeopleData_id:0,PeopleData_data2Type]
6427027,903,0:25:57,0,[PeopleData_id0,PeopleData_data2Type]
6427027,902,0:25:57,0,[PeopleData_id:0,PeopleData_data1Type]
6427027,903,0:26:0,0,[PeopleData_id0,PeopleData_data1Type]
6427027,902,0:26:0,0,[PeopleData_id:0,PeopleData_data0Type]
6427027,903,0:26:1,0,[PeopleData_id0,PeopleData_data0Type]
6427027,901,0:26:2,0,[PeopleData_id:0]
6427027,904,0:26:2,0,[PeopleData_id:0]
6427027,905,0:26:4,0,[PeopleData_id:0,RankTypes_id:-1,RankTypes_id:2]
6427027,901,0:26:6,0,[PeopleData_id:3]
6427027,904,0:26:6,0,[PeopleData_id:3]
6427027,902,0:26:8,0,[PeopleData_id:3,PeopleData_data2Type]
6427027,903,0:26:9,0,[PeopleData_id3,PeopleData_data2Type]
6427027,902,0:26:10,0,[PeopleData_id:3,PeopleData_data1Type]
6427027,903,0:26:11,0,[PeopleData_id3,PeopleData_data1Type]
6427027,902,0:26:11,0,[PeopleData_id:3,PeopleData_data0Type]
6427027,903,0:26:13,0,[PeopleData_id3,PeopleData_data0Type]
6427027,901,0:26:13,0,[PeopleData_id:3]
6427027,904,0:26:13,0,[PeopleData_id:3]
6427027,905,0:26:14,0,[PeopleData_id:3,RankTypes_id:-1,RankTypes_id:2]
6427027,906,0:26:14,0,[]
6427027,907,0:26:17,0,[]
6427027,908,0:26:17,0,[InvitationData_id:1,PeopleData_id:0,RankTypes_id:2]
6427027,909,0:26:20,0,[InvitationData_id:1,PeopleData_id:0,RankTypes_id:2,1]
6427027,910,0:26:22,0,[InvitationData_id:1,5,false]
6427027,908,0:26:22,0,[InvitationData_id:0,PeopleData_id:0,RankTypes_id:2]
6427027,909,0:26:24,0,[InvitationData_id:0,PeopleData_id:0,RankTypes_id:2,1]
6427027,910,0:26:25,0,[InvitationData_id:0,5,false]
6427027,908,0:26:25,0,[InvitationData_id:6,PeopleData_id:0,RankTypes_id:2]
6427027,909,0:26:27,0,[InvitationData_id:6,PeopleData_id:0,RankTypes_id:2,1]
6427027,910,0:26:28,0,[InvitationData_id:6,5,false]
6427027,908,0:26:28,0,[InvitationData_id:3,PeopleData_id:3,RankTypes_id:2]
6427027,909,0:26:29,0,[InvitationData_id:3,PeopleData_id:3,RankTypes_id:2,1]
6427027,910,0:26:31,0,[InvitationData_id:3,5,false]
6427027,908,0:26:31,0,[InvitationData_id:8,PeopleData_id:0,RankTypes_id:2]
6427027,909,0:26:33,0,[InvitationData_id:8,PeopleData_id:0,RankTypes_id:2,1]
6427027,910,0:26:34,0,[InvitationData_id:8,5,false]
6427027,911,0:26:36,0,[25,0,0,0]
6427027,1005,0:26:36,0,[2,1,2]
6427027,1001,0:26:41,0,[]
6427027,1003,0:26:41,2
6427027,1004,0:26:48,0
6427027,900,0:26:50,0,[]
6427027,901,0:26:52,0,[PeopleData_id:4]
6427027,904,0:26:52,0,[PeopleData_id:4]
6427027,901,0:26:53,0,[PeopleData_id:3]
6427027,902,0:26:54,0,[PeopleData_id:3,PeopleData_data2Type]
6427027,903,0:26:56,0,[PeopleData_id3,PeopleData_data2Type]
6427027,902,0:26:56,0,[PeopleData_id:3,PeopleData_data1Type]
6427027,903,0:27:1,0,[PeopleData_id3,PeopleData_data1Type]
6427027,902,0:27:2,0,[PeopleData_id:3,PeopleData_data0Type]
6427027,903,0:27:4,0,[PeopleData_id3,PeopleData_data0Type]
6427027,901,0:27:4,0,[PeopleData_id:3]
6427027,904,0:27:4,0,[PeopleData_id:3]
6427027,905,0:27:5,0,[PeopleData_id:3,RankTypes_id:-1,RankTypes_id:2]
6427027,901,0:27:7,0,[PeopleData_id:2]
6427027,904,0:27:7,0,[PeopleData_id:2]
6427027,901,0:27:8,0,[PeopleData_id:2]
6427027,901,0:27:9,0,[PeopleData_id:2]
6427027,904,0:27:9,0,[PeopleData_id:2]
6427027,902,0:27:10,0,[PeopleData_id:2,PeopleData_data3Type]
6427027,903,0:27:12,0,[PeopleData_id2,PeopleData_data3Type]
6427027,902,0:27:13,0,[PeopleData_id:2,PeopleData_data2Type]
6427027,903,0:27:15,0,[PeopleData_id2,PeopleData_data2Type]
6427027,902,0:27:15,0,[PeopleData_id:2,PeopleData_data1Type]
6427027,903,0:27:17,0,[PeopleData_id2,PeopleData_data1Type]
6427027,902,0:27:18,0,[PeopleData_id:2,PeopleData_data0Type]
6427027,903,0:27:19,0,[PeopleData_id2,PeopleData_data0Type]
6427027,901,0:27:20,0,[PeopleData_id:2]
6427027,904,0:27:20,0,[PeopleData_id:2]
6427027,905,0:27:21,0,[PeopleData_id:2,RankTypes_id:-1,RankTypes_id:0]
6427027,901,0:27:21,0,[PeopleData_id:1]
6427027,902,0:27:23,0,[PeopleData_id:1,PeopleData_data3Type]
6427027,903,0:27:24,0,[PeopleData_id1,PeopleData_data3Type]
6427027,902,0:27:25,0,[PeopleData_id:1,PeopleData_data2Type]
6427027,903,0:27:26,0,[PeopleData_id1,PeopleData_data2Type]
6427027,902,0:27:27,0,[PeopleData_id:1,PeopleData_data1Type]
6427027,903,0:27:28,0,[PeopleData_id1,PeopleData_data1Type]
6427027,901,0:27:29,0,[PeopleData_id:1]
6427027,904,0:27:29,0,[PeopleData_id:1]
6427027,905,0:27:29,0,[PeopleData_id:1,RankTypes_id:-1,RankTypes_id:0]
6427027,902,0:27:31,0,[PeopleData_id:1,PeopleData_data0Type]
6427027,903,0:27:33,0,[PeopleData_id1,PeopleData_data0Type]
6427027,901,0:27:34,0,[PeopleData_id:0]
6427027,902,0:27:35,0,[PeopleData_id:0,PeopleData_data3Type]
6427027,903,0:27:37,0,[PeopleData_id0,PeopleData_data3Type]
6427027,902,0:27:38,0,[PeopleData_id:0,PeopleData_data2Type]
6427027,903,0:27:40,0,[PeopleData_id0,PeopleData_data2Type]
6427027,902,0:27:40,0,[PeopleData_id:0,PeopleData_data1Type]
6427027,903,0:27:42,0,[PeopleData_id0,PeopleData_data1Type]
6427027,902,0:27:43,0,[PeopleData_id:0,PeopleData_data0Type]
6427027,903,0:27:44,0,[PeopleData_id0,PeopleData_data0Type]
6427027,901,0:27:44,0,[PeopleData_id:0]
6427027,904,0:27:45,0,[PeopleData_id:0]
6427027,905,0:27:45,0,[PeopleData_id:0,RankTypes_id:-1,RankTypes_id:2]
6427027,901,0:27:47,0,[PeopleData_id:4]
6427027,902,0:27:48,0,[PeopleData_id:4,PeopleData_data3Type]
6427027,903,0:27:49,0,[PeopleData_id4,PeopleData_data3Type]
6427027,902,0:27:50,0,[PeopleData_id:4,PeopleData_data2Type]
6427027,903,0:27:52,0,[PeopleData_id4,PeopleData_data2Type]
6427027,902,0:27:53,0,[PeopleData_id:4,PeopleData_data1Type]
6427027,903,0:27:55,0,[PeopleData_id4,PeopleData_data1Type]
6427027,902,0:27:55,0,[PeopleData_id:4,PeopleData_data0Type]
6427027,903,0:27:56,0,[PeopleData_id4,PeopleData_data0Type]
6427027,901,0:27:57,0,[PeopleData_id:4]
6427027,904,0:27:57,0,[PeopleData_id:4]
6427027,905,0:27:58,0,[PeopleData_id:4,RankTypes_id:-1,RankTypes_id:2]
6427027,906,0:27:58,0,[]
6427027,907,0:27:59,0,[]
6427027,908,0:27:59,0,[InvitationData_id:1,PeopleData_id:0,RankTypes_id:2]
6427027,909,0:28:2,0,[InvitationData_id:1,PeopleData_id:0,RankTypes_id:2,0]
6427027,910,0:28:4,0,[InvitationData_id:1,-2,false]
6427027,908,0:28:4,0,[InvitationData_id:4,PeopleData_id:4,RankTypes_id:2]
6427027,909,0:28:8,0,[InvitationData_id:4,PeopleData_id:4,RankTypes_id:2,1]
6427027,910,0:28:9,0,[InvitationData_id:4,0,true]
6427027,908,0:28:9,0,[InvitationData_id:6,PeopleData_id:0,RankTypes_id:2]
6427027,909,0:28:14,0,[InvitationData_id:6,PeopleData_id:0,RankTypes_id:2,1]
6427027,910,0:28:15,0,[InvitationData_id:6,5,false]
6427027,908,0:28:15,0,[InvitationData_id:0,PeopleData_id:0,RankTypes_id:2]
6427027,909,0:28:20,0,[InvitationData_id:0,PeopleData_id:0,RankTypes_id:2,1]
6427027,910,0:28:21,0,[InvitationData_id:0,5,false]
6427027,908,0:28:21,0,[InvitationData_id:3,PeopleData_id:3,RankTypes_id:2]
6427027,909,0:28:23,0,[InvitationData_id:3,PeopleData_id:3,RankTypes_id:2,1]
6427027,910,0:28:25,0,[InvitationData_id:3,5,false]
6427027,908,0:28:25,0,[InvitationData_id:5,PeopleData_id:4,RankTypes_id:2]
6427027,909,0:28:29,0,[InvitationData_id:5,PeopleData_id:4,RankTypes_id:2,0]
6427027,910,0:28:30,0,[InvitationData_id:5,-2,false]
6427027,908,0:28:30,0,[InvitationData_id:9,PeopleData_id:4,RankTypes_id:2]
6427027,909,0:28:35,0,[InvitationData_id:9,PeopleData_id:4,RankTypes_id:2,0]
6427027,910,0:28:36,0,[InvitationData_id:9,-2,false]
6427027,908,0:28:36,0,[InvitationData_id:8,PeopleData_id:0,RankTypes_id:2]
6427027,909,0:28:40,0,[InvitationData_id:8,PeopleData_id:0,RankTypes_id:2,1]
6427027,910,0:28:41,0,[InvitationData_id:8,5,false]
6427027,911,0:28:42,0,[14,1,1,1]
6427027,1000,0:28:44,0,[]
6427027,900,0:28:45,0,[]
6427027,901,0:28:47,0,[PeopleData_id:4]
6427027,902,0:28:49,0,[PeopleData_id:4,PeopleData_data3Type]
6427027,903,0:28:50,0,[PeopleData_id4,PeopleData_data3Type]
6427027,902,0:28:50,0,[PeopleData_id:4,PeopleData_data2Type]
6427027,903,0:28:51,0,[PeopleData_id4,PeopleData_data2Type]
6427027,902,0:28:52,0,[PeopleData_id:4,PeopleData_data1Type]
6427027,903,0:28:54,0,[PeopleData_id4,PeopleData_data1Type]
6427027,902,0:28:54,0,[PeopleData_id:4,PeopleData_data0Type]
6427027,903,0:28:55,0,[PeopleData_id4,PeopleData_data0Type]
6427027,901,0:28:57,0,[PeopleData_id:4]
6427027,904,0:28:57,0,[PeopleData_id:4]
6427027,905,0:28:58,0,[PeopleData_id:4,RankTypes_id:-1,RankTypes_id:0]
6427027,901,0:29:0,0,[PeopleData_id:2]
6427027,904,0:29:0,0,[PeopleData_id:2]
6427027,901,0:29:3,0,[PeopleData_id:2]
6427027,904,0:29:3,0,[PeopleData_id:2]
6427027,902,0:29:5,0,[PeopleData_id:2,PeopleData_data3Type]
6427027,902,0:29:9,0,[PeopleData_id:2,PeopleData_data2Type]
6427027,902,0:29:16,0,[PeopleData_id:2,PeopleData_data1Type]
6427027,902,0:29:18,0,[PeopleData_id:2,PeopleData_data0Type]
6427027,903,0:29:20,0,[PeopleData_id2,PeopleData_data0Type]
6427027,901,0:29:22,0,[PeopleData_id:2]
6427027,904,0:29:22,0,[PeopleData_id:2]
6427027,905,0:29:23,0,[PeopleData_id:2,RankTypes_id:-1,RankTypes_id:0]
6427027,901,0:29:23,0,[PeopleData_id:1]
6427027,904,0:29:23,0,[PeopleData_id:1]
6427027,901,0:29:24,0,[PeopleData_id:1]
6427027,902,0:29:27,0,[PeopleData_id:1,PeopleData_data3Type]
6427027,903,0:29:29,0,[PeopleData_id1,PeopleData_data3Type]
6427027,902,0:29:30,0,[PeopleData_id:1,PeopleData_data2Type]
6427027,903,0:29:31,0,[PeopleData_id1,PeopleData_data2Type]
6427027,902,0:29:32,0,[PeopleData_id:1,PeopleData_data1Type]
6427027,903,0:29:35,0,[PeopleData_id1,PeopleData_data1Type]
6427027,902,0:29:36,0,[PeopleData_id:1,PeopleData_data0Type]
6427027,903,0:29:38,0,[PeopleData_id1,PeopleData_data0Type]
6427027,901,0:29:40,0,[PeopleData_id:0]
6427027,904,0:29:40,0,[PeopleData_id:0]
6427027,901,0:29:41,0,[PeopleData_id:0]
6427027,902,0:29:42,0,[PeopleData_id:0,PeopleData_data3Type]
6427027,903,0:29:43,0,[PeopleData_id0,PeopleData_data3Type]
6427027,902,0:29:44,0,[PeopleData_id:0,PeopleData_data2Type]
6427027,903,0:29:45,0,[PeopleData_id0,PeopleData_data2Type]
6427027,902,0:29:45,0,[PeopleData_id:0,PeopleData_data1Type]
6427027,903,0:29:47,0,[PeopleData_id0,PeopleData_data1Type]
6427027,902,0:29:47,0,[PeopleData_id:0,PeopleData_data0Type]
6427027,903,0:29:49,0,[PeopleData_id0,PeopleData_data0Type]
6427027,901,0:29:49,0,[PeopleData_id:0]
6427027,904,0:29:50,0,[PeopleData_id:0]
6427027,905,0:29:50,0,[PeopleData_id:0,RankTypes_id:-1,RankTypes_id:3]
6427027,901,0:29:53,0,[PeopleData_id:3]
6427027,902,0:29:56,0,[PeopleData_id:3,PeopleData_data0Type]
6427027,903,0:29:57,0,[PeopleData_id3,PeopleData_data0Type]
6427027,902,0:29:58,0,[PeopleData_id:3,PeopleData_data1Type]
6427027,903,0:30:0,0,[PeopleData_id3,PeopleData_data1Type]
6427027,902,0:30:1,0,[PeopleData_id:3,PeopleData_data2Type]
6427027,903,0:30:2,0,[PeopleData_id3,PeopleData_data2Type]
6427027,901,0:30:3,0,[PeopleData_id:3]
6427027,904,0:30:3,0,[PeopleData_id:3]
6427027,905,0:30:4,0,[PeopleData_id:3,RankTypes_id:-1,RankTypes_id:3]
6427027,901,0:30:6,0,[PeopleData_id:1]
6427027,904,0:30:6,0,[PeopleData_id:1]
6427027,905,0:30:7,0,[PeopleData_id:1,RankTypes_id:-1,RankTypes_id:0]
6427027,906,0:30:7,0,[]
6427027,901,0:30:8,0,[PeopleData_id:2]
6427027,904,0:30:8,0,[PeopleData_id:2]
6427027,901,0:30:11,0,[PeopleData_id:2]
6427027,904,0:30:11,0,[PeopleData_id:2]
6427027,902,0:30:14,0,[PeopleData_id:2,PeopleData_data3Type]
6427027,903,0:30:15,0,[PeopleData_id2,PeopleData_data3Type]
6427027,902,0:30:16,0,[PeopleData_id:2,PeopleData_data2Type]
6427027,903,0:30:17,0,[PeopleData_id2,PeopleData_data2Type]
6427027,902,0:30:17,0,[PeopleData_id:2,PeopleData_data1Type]
6427027,903,0:30:20,0,[PeopleData_id2,PeopleData_data1Type]
6427027,901,0:30:22,0,[PeopleData_id:4]
6427027,904,0:30:22,0,[PeopleData_id:4]
6427027,905,0:30:22,0,[PeopleData_id:4,RankTypes_id:0,RankTypes_id:0]
6427027,901,0:30:24,0,[PeopleData_id:2]
6427027,904,0:30:24,0,[PeopleData_id:2]
6427027,905,0:30:25,0,[PeopleData_id:2,RankTypes_id:0,RankTypes_id:3]
6427027,907,0:30:26,0,[]
6427027,908,0:30:26,0,[InvitationData_id:2,PeopleData_id:2,RankTypes_id:3]
6427027,909,0:30:32,0,[InvitationData_id:2,PeopleData_id:2,RankTypes_id:3,0]
6427027,910,0:30:34,0,[InvitationData_id:2,-7,false]
6427027,908,0:30:34,0,[InvitationData_id:8,PeopleData_id:0,RankTypes_id:3]
6427027,909,0:30:38,0,[InvitationData_id:8,PeopleData_id:0,RankTypes_id:3,1]
6427027,910,0:30:39,0,[InvitationData_id:8,7,false]
6427027,908,0:30:39,0,[InvitationData_id:3,PeopleData_id:3,RankTypes_id:3]
6427027,909,0:30:46,0,[InvitationData_id:3,PeopleData_id:3,RankTypes_id:3,1]
6427027,910,0:30:47,0,[InvitationData_id:3,7,false]
6427027,908,0:30:47,0,[InvitationData_id:4,PeopleData_id:2,RankTypes_id:3]
6427027,909,0:30:51,0,[InvitationData_id:4,PeopleData_id:2,RankTypes_id:3,0]
6427027,910,0:30:52,0,[InvitationData_id:4,-7,false]
6427027,908,0:30:52,0,[InvitationData_id:0,PeopleData_id:0,RankTypes_id:3]
6427027,909,0:30:54,0,[InvitationData_id:0,PeopleData_id:0,RankTypes_id:3,1]
6427027,910,0:30:55,0,[InvitationData_id:0,7,false]
6427027,908,0:30:55,0,[InvitationData_id:1,PeopleData_id:0,RankTypes_id:3]
6427027,909,0:30:58,0,[InvitationData_id:1,PeopleData_id:0,RankTypes_id:3,1]
6427027,910,0:30:59,0,[InvitationData_id:1,7,false]
6427027,908,0:30:59,0,[InvitationData_id:10,PeopleData_id:2,RankTypes_id:3]
6427027,909,0:31:4,0,[InvitationData_id:10,PeopleData_id:2,RankTypes_id:3,0]
6427027,910,0:31:6,0,[InvitationData_id:10,-7,false]
6427027,908,0:31:6,0,[InvitationData_id:6,PeopleData_id:0,RankTypes_id:3]
6427027,909,0:31:12,0,[InvitationData_id:6,PeopleData_id:0,RankTypes_id:3,1]
6427027,910,0:31:13,0,[InvitationData_id:6,7,false]
6427027,911,0:31:14,0,[14,0,0,0]
6427027,1000,0:31:19,0,[]
6427027,900,0:31:20,0,[]
6427027,901,0:31:21,0,[PeopleData_id:2]
6427027,901,0:31:23,0,[PeopleData_id:1]
6427027,901,0:31:24,0,[PeopleData_id:0]
6427027,904,0:31:24,0,[PeopleData_id:0]
6427027,902,0:31:25,0,[PeopleData_id:0,PeopleData_data3Type]
6427027,903,0:31:26,0,[PeopleData_id0,PeopleData_data3Type]
6427027,902,0:31:27,0,[PeopleData_id:0,PeopleData_data2Type]
6427027,903,0:31:28,0,[PeopleData_id0,PeopleData_data2Type]
6427027,902,0:31:29,0,[PeopleData_id:0,PeopleData_data1Type]
6427027,903,0:31:30,0,[PeopleData_id0,PeopleData_data1Type]
6427027,902,0:31:31,0,[PeopleData_id:0,PeopleData_data0Type]
6427027,903,0:31:32,0,[PeopleData_id0,PeopleData_data0Type]
6427027,901,0:31:32,0,[PeopleData_id:0]
6427027,904,0:31:33,0,[PeopleData_id:0]
6427027,905,0:31:33,0,[PeopleData_id:0,RankTypes_id:-1,RankTypes_id:4]
6427027,901,0:31:37,0,[PeopleData_id:3]
6427027,902,0:31:39,0,[PeopleData_id:3,PeopleData_data2Type]
6427027,903,0:31:40,0,[PeopleData_id3,PeopleData_data2Type]
6427027,902,0:31:40,0,[PeopleData_id:3,PeopleData_data1Type]
6427027,903,0:31:42,0,[PeopleData_id3,PeopleData_data1Type]
6427027,902,0:31:42,0,[PeopleData_id:3,PeopleData_data0Type]
6427027,903,0:31:44,0,[PeopleData_id3,PeopleData_data0Type]
6427027,901,0:31:45,0,[PeopleData_id:3]
6427027,904,0:31:45,0,[PeopleData_id:3]
6427027,905,0:31:45,0,[PeopleData_id:3,RankTypes_id:-1,RankTypes_id:4]
6427027,901,0:31:47,0,[PeopleData_id:4]
6427027,902,0:31:49,0,[PeopleData_id:4,PeopleData_data0Type]
6427027,903,0:31:50,0,[PeopleData_id4,PeopleData_data0Type]
6427027,902,0:31:53,0,[PeopleData_id:4,PeopleData_data1Type]
6427027,903,0:31:54,0,[PeopleData_id4,PeopleData_data1Type]
6427027,902,0:31:55,0,[PeopleData_id:4,PeopleData_data2Type]
6427027,903,0:31:56,0,[PeopleData_id4,PeopleData_data2Type]
6427027,902,0:31:57,0,[PeopleData_id:4,PeopleData_data3Type]
6427027,903,0:31:59,0,[PeopleData_id4,PeopleData_data3Type]
6427027,901,0:32:0,0,[PeopleData_id:4]
6427027,904,0:32:1,0,[PeopleData_id:4]
6427027,905,0:32:1,0,[PeopleData_id:4,RankTypes_id:-1,RankTypes_id:2]
6427027,901,0:32:3,0,[PeopleData_id:4]
6427027,904,0:32:3,0,[PeopleData_id:4]
6427027,905,0:32:3,0,[PeopleData_id:4,RankTypes_id:2,RankTypes_id:1]
6427027,901,0:32:9,0,[PeopleData_id:1]
6427027,904,0:32:9,0,[PeopleData_id:1]
6427027,905,0:32:9,0,[PeopleData_id:1,RankTypes_id:-1,RankTypes_id:0]
6427027,901,0:32:10,0,[PeopleData_id:2]
6427027,904,0:32:10,0,[PeopleData_id:2]
6427027,905,0:32:11,0,[PeopleData_id:2,RankTypes_id:-1,RankTypes_id:0]
6427027,906,0:32:11,0,[]
6427027,907,0:32:12,0,[]
6427027,908,0:32:12,0,[InvitationData_id:0,PeopleData_id:0,RankTypes_id:4]
6427027,909,0:32:14,0,[InvitationData_id:0,PeopleData_id:0,RankTypes_id:4,1]
6427027,910,0:32:15,0,[InvitationData_id:0,9,false]
6427027,908,0:32:15,0,[InvitationData_id:5,PeopleData_id:4,RankTypes_id:1]
6427027,909,0:32:22,0,[InvitationData_id:5,PeopleData_id:4,RankTypes_id:1,0]
6427027,910,0:32:23,0,[InvitationData_id:5,0,false]
6427027,908,0:32:23,0,[InvitationData_id:3,PeopleData_id:3,RankTypes_id:4]
6427027,909,0:32:27,0,[InvitationData_id:3,PeopleData_id:3,RankTypes_id:4,1]
6427027,910,0:32:28,0,[InvitationData_id:3,9,false]
6427027,908,0:32:28,0,[InvitationData_id:4,PeopleData_id:4,RankTypes_id:1]
6427027,909,0:32:31,0,[InvitationData_id:4,PeopleData_id:4,RankTypes_id:1,1]
6427027,910,0:32:34,0,[InvitationData_id:4,0,true]
6427027,908,0:32:34,0,[InvitationData_id:8,PeopleData_id:0,RankTypes_id:4]
6427027,909,0:32:38,0,[InvitationData_id:8,PeopleData_id:0,RankTypes_id:4,1]
6427027,910,0:32:39,0,[InvitationData_id:8,9,false]
6427027,908,0:32:39,0,[InvitationData_id:1,PeopleData_id:0,RankTypes_id:4]
6427027,909,0:32:43,0,[InvitationData_id:1,PeopleData_id:0,RankTypes_id:4,1]
6427027,910,0:32:43,0,[InvitationData_id:1,9,false]
6427027,908,0:32:43,0,[InvitationData_id:9,PeopleData_id:4,RankTypes_id:1]
6427027,909,0:32:46,0,[InvitationData_id:9,PeopleData_id:4,RankTypes_id:1,0]
6427027,910,0:32:52,0,[InvitationData_id:9,0,false]
6427027,908,0:32:52,0,[InvitationData_id:6,PeopleData_id:0,RankTypes_id:4]
6427027,909,0:32:55,0,[InvitationData_id:6,PeopleData_id:0,RankTypes_id:4,1]
6427027,910,0:32:56,0,[InvitationData_id:6,9,false]
6427027,911,0:32:57,0,[45,1,0,1]
6427027,1001,0:33:1,0,[]
6427027,1003,0:33:1,2
6427027,1004,0:33:4,0
6427027,900,0:33:6,0,[]
6427027,901,0:33:7,0,[PeopleData_id:4]
6427027,901,0:33:10,0,[PeopleData_id:2]
6427027,902,0:33:11,0,[PeopleData_id:2,PeopleData_data3Type]
6427027,903,0:33:13,0,[PeopleData_id2,PeopleData_data3Type]
6427027,902,0:33:14,0,[PeopleData_id:2,PeopleData_data2Type]
6427027,903,0:33:15,0,[PeopleData_id2,PeopleData_data2Type]
6427027,902,0:33:16,0,[PeopleData_id:2,PeopleData_data0Type]
6427027,903,0:33:17,0,[PeopleData_id2,PeopleData_data0Type]
6427027,902,0:33:18,0,[PeopleData_id:2,PeopleData_data1Type]
6427027,903,0:33:21,0,[PeopleData_id2,PeopleData_data1Type]
6427027,902,0:33:21,0,[PeopleData_id:2,PeopleData_data0Type]
6427027,903,0:33:25,0,[PeopleData_id2,PeopleData_data0Type]
6427027,901,0:33:26,0,[PeopleData_id:2]
6427027,904,0:33:26,0,[PeopleData_id:2]
6427027,905,0:33:27,0,[PeopleData_id:2,RankTypes_id:-1,RankTypes_id:1]
6427027,901,0:33:29,0,[PeopleData_id:1]
6427027,904,0:33:29,0,[PeopleData_id:1]
6427027,901,0:33:30,0,[PeopleData_id:1]
6427027,902,0:33:31,0,[PeopleData_id:1,PeopleData_data3Type]
6427027,903,0:33:32,0,[PeopleData_id1,PeopleData_data3Type]
6427027,902,0:33:33,0,[PeopleData_id:1,PeopleData_data2Type]
6427027,903,0:33:33,0,[PeopleData_id1,PeopleData_data2Type]
6427027,902,0:33:34,0,[PeopleData_id:1,PeopleData_data1Type]
6427027,903,0:33:35,0,[PeopleData_id1,PeopleData_data1Type]
6427027,902,0:33:36,0,[PeopleData_id:1,PeopleData_data0Type]
6427027,903,0:33:37,0,[PeopleData_id1,PeopleData_data0Type]
6427027,901,0:33:41,0,[PeopleData_id:3]
6427027,902,0:33:42,0,[PeopleData_id:3,PeopleData_data2Type]
6427027,903,0:33:43,0,[PeopleData_id3,PeopleData_data2Type]
6427027,902,0:33:44,0,[PeopleData_id:3,PeopleData_data1Type]
6427027,903,0:33:46,0,[PeopleData_id3,PeopleData_data1Type]
6427027,902,0:33:47,0,[PeopleData_id:3,PeopleData_data0Type]
6427027,903,0:33:48,0,[PeopleData_id3,PeopleData_data0Type]
6427027,901,0:33:48,0,[PeopleData_id:3]
6427027,904,0:33:48,0,[PeopleData_id:3]
6427027,905,0:33:49,0,[PeopleData_id:3,RankTypes_id:-1,RankTypes_id:4]
6427027,901,0:33:51,0,[PeopleData_id:1]
6427027,904,0:33:51,0,[PeopleData_id:1]
6427027,901,0:33:52,0,[PeopleData_id:1]
6427027,901,0:33:54,0,[PeopleData_id:0]
6427027,902,0:33:55,0,[PeopleData_id:0,PeopleData_data3Type]
6427027,903,0:33:56,0,[PeopleData_id0,PeopleData_data3Type]
6427027,902,0:33:57,0,[PeopleData_id:0,PeopleData_data2Type]
6427027,903,0:33:57,0,[PeopleData_id0,PeopleData_data2Type]
6427027,902,0:33:58,0,[PeopleData_id:0,PeopleData_data1Type]
6427027,903,0:33:59,0,[PeopleData_id0,PeopleData_data1Type]
6427027,902,0:34:0,0,[PeopleData_id:0,PeopleData_data0Type]
6427027,903,0:34:1,0,[PeopleData_id0,PeopleData_data0Type]
6427027,901,0:34:2,0,[PeopleData_id:0]
6427027,904,0:34:2,0,[PeopleData_id:0]
6427027,905,0:34:3,0,[PeopleData_id:0,RankTypes_id:-1,RankTypes_id:4]
6427027,901,0:34:4,0,[PeopleData_id:4]
6427027,901,0:34:5,0,[PeopleData_id:4]
6427027,904,0:34:5,0,[PeopleData_id:4]
6427027,902,0:34:7,0,[PeopleData_id:4,PeopleData_data3Type]
6427027,903,0:34:8,0,[PeopleData_id4,PeopleData_data3Type]
6427027,902,0:34:9,0,[PeopleData_id:4,PeopleData_data2Type]
6427027,903,0:34:10,0,[PeopleData_id4,PeopleData_data2Type]
6427027,902,0:34:11,0,[PeopleData_id:4,PeopleData_data1Type]
6427027,903,0:34:13,0,[PeopleData_id4,PeopleData_data1Type]
6427027,902,0:34:15,0,[PeopleData_id:4,PeopleData_data0Type]
6427027,903,0:34:16,0,[PeopleData_id4,PeopleData_data0Type]
6427027,901,0:34:17,0,[PeopleData_id:4]
6427027,904,0:34:17,0,[PeopleData_id:4]
6427027,905,0:34:18,0,[PeopleData_id:4,RankTypes_id:-1,RankTypes_id:1]
6427027,901,0:34:19,0,[PeopleData_id:1]
6427027,904,0:34:19,0,[PeopleData_id:1]
6427027,905,0:34:19,0,[PeopleData_id:1,RankTypes_id:-1,RankTypes_id:0]
6427027,906,0:34:19,0,[]
6427027,901,0:34:21,0,[PeopleData_id:1]
6427027,904,0:34:21,0,[PeopleData_id:1]
6427027,905,0:34:23,0,[PeopleData_id:1,RankTypes_id:0,RankTypes_id:1]
6427027,907,0:34:23,0,[]
6427027,908,0:34:24,0,[InvitationData_id:7,PeopleData_id:1,RankTypes_id:1]
6427027,909,0:34:26,0,[InvitationData_id:7,PeopleData_id:1,RankTypes_id:1,1]
6427027,910,0:34:29,0,[InvitationData_id:7,0,true]
6427027,908,0:34:29,0,[InvitationData_id:6,PeopleData_id:0,RankTypes_id:4]
6427027,901,0:34:31,0,[PeopleData_id:2]
6427027,901,0:34:32,0,[PeopleData_id:2]
6427027,909,0:34:35,0,[InvitationData_id:6,PeopleData_id:0,RankTypes_id:4,1]
6427027,910,0:34:37,0,[InvitationData_id:6,9,false]
6427027,908,0:34:37,0,[InvitationData_id:2,PeopleData_id:2,RankTypes_id:1]
6427027,909,0:34:39,0,[InvitationData_id:2,PeopleData_id:2,RankTypes_id:1,0]
6427027,910,0:34:40,0,[InvitationData_id:2,0,false]
6427027,908,0:34:40,0,[InvitationData_id:5,PeopleData_id:1,RankTypes_id:1]
6427027,909,0:34:45,0,[InvitationData_id:5,PeopleData_id:1,RankTypes_id:1,0]
6427027,910,0:34:47,0,[InvitationData_id:5,0,false]
6427027,908,0:34:47,0,[InvitationData_id:9,PeopleData_id:1,RankTypes_id:1]
6427027,909,0:34:49,0,[InvitationData_id:9,PeopleData_id:1,RankTypes_id:1,0]
6427027,910,0:34:54,0,[InvitationData_id:9,0,false]
6427027,908,0:34:54,0,[InvitationData_id:3,PeopleData_id:3,RankTypes_id:4]
6427027,909,0:34:56,0,[InvitationData_id:3,PeopleData_id:3,RankTypes_id:4,1]
6427027,910,0:34:58,0,[InvitationData_id:3,9,false]
6427027,908,0:34:58,0,[InvitationData_id:8,PeopleData_id:0,RankTypes_id:4]
6427027,909,0:35:1,0,[InvitationData_id:8,PeopleData_id:0,RankTypes_id:4,1]
6427027,910,0:35:2,0,[InvitationData_id:8,9,false]
6427027,908,0:35:2,0,[InvitationData_id:10,PeopleData_id:2,RankTypes_id:1]
6427027,909,0:35:5,0,[InvitationData_id:10,PeopleData_id:2,RankTypes_id:1,1]
6427027,910,0:35:7,0,[InvitationData_id:10,0,true]
6427027,908,0:35:7,0,[InvitationData_id:1,PeopleData_id:0,RankTypes_id:4]
6427027,909,0:35:11,0,[InvitationData_id:1,PeopleData_id:0,RankTypes_id:4,1]
6427027,910,0:35:11,0,[InvitationData_id:1,9,false]
6427027,908,0:35:11,0,[InvitationData_id:0,PeopleData_id:0,RankTypes_id:4]
6427027,909,0:35:14,0,[InvitationData_id:0,PeopleData_id:0,RankTypes_id:4,1]
6427027,910,0:35:15,0,[InvitationData_id:0,9,false]
6427027,908,0:35:15,0,[InvitationData_id:4,PeopleData_id:1,RankTypes_id:1]
6427027,909,0:35:20,0,[InvitationData_id:4,PeopleData_id:1,RankTypes_id:1,0]
6427027,910,0:35:22,0,[InvitationData_id:4,0,false]
6427027,911,0:35:23,0,[45,2,0,2]
6427027,1000,0:35:26,0,[]
6427027,900,0:35:27,0,[]
6427027,901,0:35:30,0,[PeopleData_id:4]
6427027,902,0:35:32,0,[PeopleData_id:4,PeopleData_data3Type]
6427027,903,0:35:34,0,[PeopleData_id4,PeopleData_data3Type]
6427027,902,0:35:35,0,[PeopleData_id:4,PeopleData_data2Type]
6427027,903,0:35:36,0,[PeopleData_id4,PeopleData_data2Type]
6427027,902,0:35:37,0,[PeopleData_id:4,PeopleData_data1Type]
6427027,903,0:35:38,0,[PeopleData_id4,PeopleData_data1Type]
6427027,902,0:35:39,0,[PeopleData_id:4,PeopleData_data0Type]
6427027,903,0:35:40,0,[PeopleData_id4,PeopleData_data0Type]
6427027,901,0:35:40,0,[PeopleData_id:0]
6427027,902,0:35:41,0,[PeopleData_id:0,PeopleData_data3Type]
6427027,903,0:35:42,0,[PeopleData_id0,PeopleData_data3Type]
6427027,902,0:35:43,0,[PeopleData_id:0,PeopleData_data2Type]
6427027,903,0:35:44,0,[PeopleData_id0,PeopleData_data2Type]
6427027,902,0:35:45,0,[PeopleData_id:0,PeopleData_data1Type]
6427027,903,0:35:46,0,[PeopleData_id0,PeopleData_data1Type]
6427027,902,0:35:46,0,[PeopleData_id:0,PeopleData_data0Type]
6427027,903,0:35:48,0,[PeopleData_id0,PeopleData_data0Type]
6427027,901,0:35:49,0,[PeopleData_id:0]
6427027,904,0:35:49,0,[PeopleData_id:0]
6427027,905,0:35:49,0,[PeopleData_id:0,RankTypes_id:-1,RankTypes_id:3]
6427027,901,0:35:58,0,[PeopleData_id:3]
6427027,904,0:35:58,0,[PeopleData_id:3]
6427027,902,0:36:0,0,[PeopleData_id:3,PeopleData_data2Type]
6427027,903,0:36:1,0,[PeopleData_id3,PeopleData_data2Type]
6427027,902,0:36:3,0,[PeopleData_id:3,PeopleData_data1Type]
6427027,903,0:36:7,0,[PeopleData_id3,PeopleData_data1Type]
6427027,902,0:36:7,0,[PeopleData_id:3,PeopleData_data0Type]
6427027,903,0:36:8,0,[PeopleData_id3,PeopleData_data0Type]
6427027,901,0:36:9,0,[PeopleData_id:3]
6427027,904,0:36:9,0,[PeopleData_id:3]
6427027,905,0:36:10,0,[PeopleData_id:3,RankTypes_id:-1,RankTypes_id:4]
6427027,901,0:36:11,0,[PeopleData_id:1]
6427027,902,0:36:12,0,[PeopleData_id:1,PeopleData_data3Type]
6427027,903,0:36:13,0,[PeopleData_id1,PeopleData_data3Type]
6427027,902,0:36:14,0,[PeopleData_id:1,PeopleData_data3Type]
6427027,903,0:36:15,0,[PeopleData_id1,PeopleData_data3Type]
6427027,902,0:36:16,0,[PeopleData_id:1,PeopleData_data2Type]
6427027,903,0:36:17,0,[PeopleData_id1,PeopleData_data2Type]
6427027,902,0:36:20,0,[PeopleData_id:1,PeopleData_data1Type]
6427027,903,0:36:21,0,[PeopleData_id1,PeopleData_data1Type]
6427027,902,0:36:23,0,[PeopleData_id:1,PeopleData_data0Type]
6427027,903,0:36:24,0,[PeopleData_id1,PeopleData_data0Type]
6427027,901,0:36:26,0,[PeopleData_id:1]
6427027,904,0:36:26,0,[PeopleData_id:1]
6427027,905,0:36:27,0,[PeopleData_id:1,RankTypes_id:-1,RankTypes_id:1]
6427027,901,0:36:28,0,[PeopleData_id:4]
6427027,902,0:36:30,0,[PeopleData_id:4,PeopleData_data3Type]
6427027,903,0:36:32,0,[PeopleData_id4,PeopleData_data3Type]
6427027,901,0:36:33,0,[PeopleData_id:4]
6427027,904,0:36:33,0,[PeopleData_id:4]
6427027,905,0:36:34,0,[PeopleData_id:4,RankTypes_id:-1,RankTypes_id:0]
6427027,901,0:36:34,0,[PeopleData_id:2]
6427027,904,0:36:35,0,[PeopleData_id:2]
6427027,902,0:36:36,0,[PeopleData_id:2,PeopleData_data3Type]
6427027,903,0:36:38,0,[PeopleData_id2,PeopleData_data3Type]
6427027,902,0:36:38,0,[PeopleData_id:2,PeopleData_data2Type]
6427027,903,0:36:39,0,[PeopleData_id2,PeopleData_data2Type]
6427027,902,0:36:40,0,[PeopleData_id:2,PeopleData_data1Type]
6427027,903,0:36:41,0,[PeopleData_id2,PeopleData_data1Type]
6427027,902,0:36:42,0,[PeopleData_id:2,PeopleData_data0Type]
6427027,903,0:36:43,0,[PeopleData_id2,PeopleData_data0Type]
6427027,901,0:36:45,0,[PeopleData_id:2]
6427027,904,0:36:45,0,[PeopleData_id:2]
6427027,905,0:36:46,0,[PeopleData_id:2,RankTypes_id:-1,RankTypes_id:2]
6427027,906,0:36:46,0,[]
6427027,901,0:36:47,0,[PeopleData_id:2]
6427027,904,0:36:47,0,[PeopleData_id:2]
6427027,905,0:36:48,0,[PeopleData_id:2,RankTypes_id:2,RankTypes_id:0]
6427027,907,0:36:52,0,[]
6427027,908,0:36:52,0,[InvitationData_id:7,PeopleData_id:1,RankTypes_id:1]
6427027,909,0:36:58,0,[InvitationData_id:7,PeopleData_id:1,RankTypes_id:1,1]
6427027,910,0:36:59,0,[InvitationData_id:7,0,true]
6427027,908,0:36:59,0,[InvitationData_id:9,PeopleData_id:1,RankTypes_id:1]
6427027,909,0:37:4,0,[InvitationData_id:9,PeopleData_id:1,RankTypes_id:1,0]
6427027,910,0:37:5,0,[InvitationData_id:9,0,false]
6427027,908,0:37:5,0,[InvitationData_id:6,PeopleData_id:3,RankTypes_id:4]
6427027,909,0:37:12,0,[InvitationData_id:6,PeopleData_id:3,RankTypes_id:4,1]
6427027,910,0:37:13,0,[InvitationData_id:6,9,false]
6427027,908,0:37:13,0,[InvitationData_id:8,PeopleData_id:3,RankTypes_id:4]
6427027,909,0:37:16,0,[InvitationData_id:8,PeopleData_id:3,RankTypes_id:4,1]
6427027,910,0:37:16,0,[InvitationData_id:8,9,false]
6427027,908,0:37:16,0,[InvitationData_id:1,PeopleData_id:0,RankTypes_id:3]
6427027,909,0:37:20,0,[InvitationData_id:1,PeopleData_id:0,RankTypes_id:3,1]
6427027,910,0:37:21,0,[InvitationData_id:1,7,false]
6427027,908,0:37:21,0,[InvitationData_id:5,PeopleData_id:1,RankTypes_id:1]
6427027,909,0:37:27,0,[InvitationData_id:5,PeopleData_id:1,RankTypes_id:1,0]
6427027,910,0:37:29,0,[InvitationData_id:5,0,false]
6427027,908,0:37:29,0,[InvitationData_id:3,PeopleData_id:3,RankTypes_id:4]
6427027,909,0:37:32,0,[InvitationData_id:3,PeopleData_id:3,RankTypes_id:4,1]
6427027,910,0:37:33,0,[InvitationData_id:3,9,false]
6427027,908,0:37:33,0,[InvitationData_id:4,PeopleData_id:1,RankTypes_id:1]
6427027,909,0:37:36,0,[InvitationData_id:4,PeopleData_id:1,RankTypes_id:1,0]
6427027,910,0:37:37,0,[InvitationData_id:4,0,false]
6427027,908,0:37:37,0,[InvitationData_id:0,PeopleData_id:3,RankTypes_id:4]
6427027,909,0:37:40,0,[InvitationData_id:0,PeopleData_id:3,RankTypes_id:4,1]
6427027,910,0:37:41,0,[InvitationData_id:0,9,false]
6427027,911,0:37:45,0,[43,1,0,1]
6427027,1000,0:37:47,0,[]
6427027,900,0:37:49,0,[]
6427027,901,0:37:50,0,[PeopleData_id:2]
6427027,904,0:37:50,0,[PeopleData_id:2]
6427027,905,0:37:52,0,[PeopleData_id:2,RankTypes_id:-1,RankTypes_id:3]
6427027,901,0:37:53,0,[PeopleData_id:1]
6427027,904,0:37:53,0,[PeopleData_id:1]
6427027,905,0:37:53,0,[PeopleData_id:1,RankTypes_id:-1,RankTypes_id:3]
6427027,901,0:37:54,0,[PeopleData_id:3]
6427027,904,0:37:54,0,[PeopleData_id:3]
6427027,905,0:37:54,0,[PeopleData_id:3,RankTypes_id:-1,RankTypes_id:3]
6427027,901,0:37:55,0,[PeopleData_id:4]
6427027,904,0:37:55,0,[PeopleData_id:4]
6427027,905,0:37:56,0,[PeopleData_id:4,RankTypes_id:-1,RankTypes_id:0]
6427027,901,0:37:56,0,[PeopleData_id:0]
6427027,904,0:37:56,0,[PeopleData_id:0]
6427027,905,0:37:57,0,[PeopleData_id:0,RankTypes_id:-1,RankTypes_id:0]
6427027,906,0:37:57,0,[]
6427027,907,0:37:57,0,[]
6427027,908,0:37:57,0,[InvitationData_id:6,PeopleData_id:3,RankTypes_id:3]
6427027,909,0:38:0,0,[InvitationData_id:6,PeopleData_id:3,RankTypes_id:3,1]
6427027,910,0:38:0,0,[InvitationData_id:6,7,false]
6427027,908,0:38:0,0,[InvitationData_id:4,PeopleData_id:1,RankTypes_id:3]
6427027,909,0:38:5,0,[InvitationData_id:4,PeopleData_id:1,RankTypes_id:3,0]
6427027,910,0:38:6,0,[InvitationData_id:4,-7,false]
6427027,908,0:38:6,0,[InvitationData_id:7,PeopleData_id:1,RankTypes_id:3]
6427027,909,0:38:8,0,[InvitationData_id:7,PeopleData_id:1,RankTypes_id:3,1]
6427027,910,0:38:9,0,[InvitationData_id:7,0,true]
6427027,908,0:38:9,0,[InvitationData_id:10,PeopleData_id:2,RankTypes_id:3]
6427027,909,0:38:11,0,[InvitationData_id:10,PeopleData_id:2,RankTypes_id:3,0]
6427027,910,0:38:12,0,[InvitationData_id:10,-7,false]
6427027,908,0:38:12,0,[InvitationData_id:8,PeopleData_id:3,RankTypes_id:3]
6427027,909,0:38:15,0,[InvitationData_id:8,PeopleData_id:3,RankTypes_id:3,1]
6427027,910,0:38:16,0,[InvitationData_id:8,7,false]
6427027,908,0:38:16,0,[InvitationData_id:0,PeopleData_id:3,RankTypes_id:3]
6427027,909,0:38:18,0,[InvitationData_id:0,PeopleData_id:3,RankTypes_id:3,1]
6427027,910,0:38:19,0,[InvitationData_id:0,7,false]
6427027,908,0:38:19,0,[InvitationData_id:9,PeopleData_id:1,RankTypes_id:3]
6427027,909,0:38:22,0,[InvitationData_id:9,PeopleData_id:1,RankTypes_id:3,0]
6427027,910,0:38:23,0,[InvitationData_id:9,-7,false]
6427027,908,0:38:23,0,[InvitationData_id:3,PeopleData_id:3,RankTypes_id:3]
6427027,909,0:38:25,0,[InvitationData_id:3,PeopleData_id:3,RankTypes_id:3,1]
6427027,910,0:38:26,0,[InvitationData_id:3,7,false]
6427027,908,0:38:26,0,[InvitationData_id:2,PeopleData_id:2,RankTypes_id:3]
6427027,909,0:38:28,0,[InvitationData_id:2,PeopleData_id:2,RankTypes_id:3,0]
6427027,910,0:38:29,0,[InvitationData_id:2,-7,false]
6427027,908,0:38:29,0,[InvitationData_id:5,PeopleData_id:1,RankTypes_id:3]
6427027,909,0:38:31,0,[InvitationData_id:5,PeopleData_id:1,RankTypes_id:3,0]
6427027,910,0:38:33,0,[InvitationData_id:5,-7,false]
6427027,911,0:38:34,0,[-7,1,0,1]
6427027,1001,0:38:36,0,[]
6427027,1003,0:38:36,2
6427027,1004,0:38:48,0
6427027,900,0:38:50,0,[]
6427027,901,0:38:52,0,[PeopleData_id:2]
6427027,904,0:38:52,0,[PeopleData_id:2]
6427027,902,0:38:53,0,[PeopleData_id:2,PeopleData_data0Type]
6427027,903,0:38:55,0,[PeopleData_id2,PeopleData_data0Type]
6427027,902,0:38:55,0,[PeopleData_id:2,PeopleData_data1Type]
6427027,903,0:38:56,0,[PeopleData_id2,PeopleData_data1Type]
6427027,902,0:38:57,0,[PeopleData_id:2,PeopleData_data2Type]
6427027,903,0:38:58,0,[PeopleData_id2,PeopleData_data2Type]
6427027,902,0:38:59,0,[PeopleData_id:2,PeopleData_data3Type]
6427027,903,0:39:0,0,[PeopleData_id2,PeopleData_data3Type]
6427027,901,0:39:0,0,[PeopleData_id:0]
6427027,904,0:39:0,0,[PeopleData_id:0]
6427027,902,0:39:2,0,[PeopleData_id:0,PeopleData_data0Type]
6427027,903,0:39:3,0,[PeopleData_id0,PeopleData_data0Type]
6427027,902,0:39:3,0,[PeopleData_id:0,PeopleData_data1Type]
6427027,903,0:39:4,0,[PeopleData_id0,PeopleData_data1Type]
6427027,902,0:39:5,0,[PeopleData_id:0,PeopleData_data2Type]
6427027,903,0:39:6,0,[PeopleData_id0,PeopleData_data2Type]
6427027,902,0:39:7,0,[PeopleData_id:0,PeopleData_data3Type]
6427027,903,0:39:8,0,[PeopleData_id0,PeopleData_data3Type]
6427027,901,0:39:9,0,[PeopleData_id:0]
6427027,904,0:39:9,0,[PeopleData_id:0]
6427027,905,0:39:9,0,[PeopleData_id:0,RankTypes_id:-1,RankTypes_id:4]
6427027,901,0:39:10,0,[PeopleData_id:2]
6427027,904,0:39:10,0,[PeopleData_id:2]
6427027,902,0:39:11,0,[PeopleData_id:2,PeopleData_data0Type]
6427027,903,0:39:13,0,[PeopleData_id2,PeopleData_data0Type]
6427027,902,0:39:14,0,[PeopleData_id:2,PeopleData_data1Type]
6427027,903,0:39:15,0,[PeopleData_id2,PeopleData_data1Type]
6427027,902,0:39:16,0,[PeopleData_id:2,PeopleData_data2Type]
6427027,903,0:39:17,0,[PeopleData_id2,PeopleData_data2Type]
6427027,902,0:39:18,0,[PeopleData_id:2,PeopleData_data3Type]
6427027,903,0:39:20,0,[PeopleData_id2,PeopleData_data3Type]
6427027,901,0:39:22,0,[PeopleData_id:1]
6427027,904,0:39:22,0,[PeopleData_id:1]
6427027,902,0:39:24,0,[PeopleData_id:1,PeopleData_data0Type]
6427027,903,0:39:25,0,[PeopleData_id1,PeopleData_data0Type]
6427027,902,0:39:26,0,[PeopleData_id:1,PeopleData_data1Type]
6427027,903,0:39:27,0,[PeopleData_id1,PeopleData_data1Type]
6427027,902,0:39:28,0,[PeopleData_id:1,PeopleData_data2Type]
6427027,903,0:39:30,0,[PeopleData_id1,PeopleData_data2Type]
6427027,902,0:39:30,0,[PeopleData_id:1,PeopleData_data3Type]
6427027,903,0:39:32,0,[PeopleData_id1,PeopleData_data3Type]
6427027,901,0:39:33,0,[PeopleData_id:1]
6427027,904,0:39:33,0,[PeopleData_id:1]
6427027,901,0:39:35,0,[PeopleData_id:1]
6427027,904,0:39:35,0,[PeopleData_id:1]
6427027,905,0:39:36,0,[PeopleData_id:1,RankTypes_id:-1,RankTypes_id:0]
6427027,901,0:39:39,0,[PeopleData_id:2]
6427027,901,0:39:41,0,[PeopleData_id:4]
6427027,904,0:39:41,0,[PeopleData_id:4]
6427027,902,0:39:44,0,[PeopleData_id:4,PeopleData_data3Type]
6427027,903,0:39:46,0,[PeopleData_id4,PeopleData_data3Type]
6427027,902,0:39:47,0,[PeopleData_id:4,PeopleData_data2Type]
6427027,903,0:39:49,0,[PeopleData_id4,PeopleData_data2Type]
6427027,902,0:39:50,0,[PeopleData_id:4,PeopleData_data1Type]
6427027,903,0:39:52,0,[PeopleData_id4,PeopleData_data1Type]
6427027,901,0:39:54,0,[PeopleData_id:4]
6427027,904,0:39:54,0,[PeopleData_id:4]
6427027,905,0:39:55,0,[PeopleData_id:4,RankTypes_id:-1,RankTypes_id:0]
6427027,901,0:39:56,0,[PeopleData_id:3]
6427027,902,0:39:57,0,[PeopleData_id:3,PeopleData_data2Type]
6427027,903,0:39:58,0,[PeopleData_id3,PeopleData_data2Type]
6427027,902,0:39:59,0,[PeopleData_id:3,PeopleData_data1Type]
6427027,903,0:40:0,0,[PeopleData_id3,PeopleData_data1Type]
6427027,902,0:40:1,0,[PeopleData_id:3,PeopleData_data0Type]
6427027,903,0:40:1,0,[PeopleData_id3,PeopleData_data0Type]
6427027,901,0:40:2,0,[PeopleData_id:3]
6427027,904,0:40:2,0,[PeopleData_id:3]
6427027,905,0:40:2,0,[PeopleData_id:3,RankTypes_id:-1,RankTypes_id:4]
6427027,901,0:40:3,0,[PeopleData_id:2]
6427027,901,0:40:4,0,[PeopleData_id:2]
6427027,904,0:40:4,0,[PeopleData_id:2]
6427027,905,0:40:5,0,[PeopleData_id:2,RankTypes_id:-1,RankTypes_id:0]
6427027,906,0:40:5,0,[]
6427027,907,0:40:6,0,[]
6427027,908,0:40:6,0,[InvitationData_id:3,PeopleData_id:3,RankTypes_id:4]
6427027,909,0:40:8,0,[InvitationData_id:3,PeopleData_id:3,RankTypes_id:4,1]
6427027,910,0:40:10,0,[InvitationData_id:3,9,false]
6427027,908,0:40:10,0,[InvitationData_id:6,PeopleData_id:0,RankTypes_id:4]
6427027,909,0:40:12,0,[InvitationData_id:6,PeopleData_id:0,RankTypes_id:4,1]
6427027,910,0:40:13,0,[InvitationData_id:6,9,false]
6427027,908,0:40:13,0,[InvitationData_id:1,PeopleData_id:0,RankTypes_id:4]
6427027,909,0:40:15,0,[InvitationData_id:1,PeopleData_id:0,RankTypes_id:4,1]
6427027,910,0:40:16,0,[InvitationData_id:1,9,false]
6427027,908,0:40:16,0,[InvitationData_id:8,PeopleData_id:0,RankTypes_id:4]
6427027,909,0:40:19,0,[InvitationData_id:8,PeopleData_id:0,RankTypes_id:4,1]
6427027,910,0:40:20,0,[InvitationData_id:8,9,false]
6427027,908,0:40:20,0,[InvitationData_id:0,PeopleData_id:0,RankTypes_id:4]
6427027,909,0:40:22,0,[InvitationData_id:0,PeopleData_id:0,RankTypes_id:4,1]
6427027,910,0:40:24,0,[InvitationData_id:0,9,false]
6427027,911,0:40:26,0,[45,0,0,0]
6427027,1005,0:40:26,0,[2,2,3]
6427027,1000,0:40:28,0,[]
6427027,900,0:40:30,0,[]
6427027,901,0:40:39,0,[PeopleData_id:0]
6427027,901,0:40:40,0,[PeopleData_id:4]
6427027,902,0:40:42,0,[PeopleData_id:4,PeopleData_data0Type]
6427027,903,0:40:43,0,[PeopleData_id4,PeopleData_data0Type]
6427027,902,0:40:44,0,[PeopleData_id:4,PeopleData_data1Type]
6427027,903,0:40:45,0,[PeopleData_id4,PeopleData_data1Type]
6427027,902,0:40:46,0,[PeopleData_id:4,PeopleData_data2Type]
6427027,903,0:40:47,0,[PeopleData_id4,PeopleData_data2Type]
6427027,902,0:40:48,0,[PeopleData_id:4,PeopleData_data3Type]
6427027,903,0:40:49,0,[PeopleData_id4,PeopleData_data3Type]
6427027,901,0:40:51,0,[PeopleData_id:4]
6427027,904,0:40:51,0,[PeopleData_id:4]
6427027,905,0:40:51,0,[PeopleData_id:4,RankTypes_id:-1,RankTypes_id:0]
6427027,901,0:40:52,0,[PeopleData_id:0]
6427027,902,0:40:53,0,[PeopleData_id:0,PeopleData_data3Type]
6427027,903,0:40:55,0,[PeopleData_id0,PeopleData_data3Type]
6427027,902,0:40:56,0,[PeopleData_id:0,PeopleData_data2Type]
6427027,903,0:40:57,0,[PeopleData_id0,PeopleData_data2Type]
6427027,902,0:40:58,0,[PeopleData_id:0,PeopleData_data1Type]
6427027,903,0:40:59,0,[PeopleData_id0,PeopleData_data1Type]
6427027,902,0:40:59,0,[PeopleData_id:0,PeopleData_data0Type]
6427027,903,0:41:1,0,[PeopleData_id0,PeopleData_data0Type]
6427027,901,0:41:2,0,[PeopleData_id:0]
6427027,904,0:41:2,0,[PeopleData_id:0]
6427027,905,0:41:3,0,[PeopleData_id:0,RankTypes_id:-1,RankTypes_id:3]
6427027,901,0:41:4,0,[PeopleData_id:0]
6427027,904,0:41:4,0,[PeopleData_id:0]
6427027,905,0:41:5,0,[PeopleData_id:0,RankTypes_id:3,RankTypes_id:4]
6427027,901,0:41:6,0,[PeopleData_id:2]
6427027,904,0:41:6,0,[PeopleData_id:2]
6427027,902,0:41:7,0,[PeopleData_id:2,PeopleData_data0Type]
6427027,903,0:41:8,0,[PeopleData_id2,PeopleData_data0Type]
6427027,901,0:41:8,0,[PeopleData_id:1]
6427027,904,0:41:8,0,[PeopleData_id:1]
6427027,901,0:41:9,0,[PeopleData_id:1]
6427027,901,0:41:10,0,[PeopleData_id:1]
6427027,904,0:41:10,0,[PeopleData_id:1]
6427027,901,0:41:11,0,[PeopleData_id:2]
6427027,904,0:41:11,0,[PeopleData_id:2]
6427027,905,0:41:12,0,[PeopleData_id:2,RankTypes_id:-1,RankTypes_id:0]
6427027,901,0:41:12,0,[PeopleData_id:1]
6427027,904,0:41:13,0,[PeopleData_id:1]
6427027,905,0:41:13,0,[PeopleData_id:1,RankTypes_id:-1,RankTypes_id:0]
6427027,901,0:41:14,0,[PeopleData_id:3]
6427027,904,0:41:14,0,[PeopleData_id:3]
6427027,902,0:41:15,0,[PeopleData_id:3,PeopleData_data0Type]
6427027,903,0:41:16,0,[PeopleData_id3,PeopleData_data0Type]
6427027,902,0:41:17,0,[PeopleData_id:3,PeopleData_data1Type]
6427027,903,0:41:17,0,[PeopleData_id3,PeopleData_data1Type]
6427027,902,0:41:18,0,[PeopleData_id:3,PeopleData_data2Type]
6427027,903,0:41:19,0,[PeopleData_id3,PeopleData_data2Type]
6427027,901,0:41:19,0,[PeopleData_id:3]
6427027,904,0:41:19,0,[PeopleData_id:3]
6427027,905,0:41:20,0,[PeopleData_id:3,RankTypes_id:-1,RankTypes_id:4]
6427027,906,0:41:20,0,[]
6427027,907,0:41:20,0,[]
6427027,908,0:41:20,0,[InvitationData_id:0,PeopleData_id:0,RankTypes_id:4]
6427027,909,0:41:22,0,[InvitationData_id:0,PeopleData_id:0,RankTypes_id:4,1]
6427027,910,0:41:23,0,[InvitationData_id:0,9,false]
6427027,908,0:41:23,0,[InvitationData_id:3,PeopleData_id:3,RankTypes_id:4]
6427027,909,0:41:26,0,[InvitationData_id:3,PeopleData_id:3,RankTypes_id:4,1]
6427027,910,0:41:27,0,[InvitationData_id:3,9,false]
6427027,908,0:41:27,0,[InvitationData_id:8,PeopleData_id:0,RankTypes_id:4]
6427027,909,0:41:28,0,[InvitationData_id:8,PeopleData_id:0,RankTypes_id:4,1]
6427027,910,0:41:29,0,[InvitationData_id:8,9,false]
6427027,908,0:41:29,0,[InvitationData_id:1,PeopleData_id:0,RankTypes_id:4]
6427027,909,0:41:31,0,[InvitationData_id:1,PeopleData_id:0,RankTypes_id:4,1]
6427027,910,0:41:31,0,[InvitationData_id:1,9,false]
6427027,908,0:41:31,0,[InvitationData_id:6,PeopleData_id:0,RankTypes_id:4]
6427027,909,0:41:33,0,[InvitationData_id:6,PeopleData_id:0,RankTypes_id:4,1]
6427027,910,0:41:33,0,[InvitationData_id:6,9,false]
6427027,911,0:41:35,0,[45,0,0,0]
6427027,1001,0:41:36,0,[]
6427027,1003,0:41:36,2
6427027,1004,0:42:14,0
6427027,900,0:42:18,0,[]
6427027,901,0:42:20,0,[PeopleData_id:1]
6427027,904,0:42:21,0,[PeopleData_id:1]
6427027,905,0:42:21,0,[PeopleData_id:1,RankTypes_id:-1,RankTypes_id:0]
6427027,901,0:42:22,0,[PeopleData_id:2]
6427027,904,0:42:22,0,[PeopleData_id:2]
6427027,905,0:42:22,0,[PeopleData_id:2,RankTypes_id:-1,RankTypes_id:0]
6427027,901,0:42:23,0,[PeopleData_id:2]
6427027,904,0:42:23,0,[PeopleData_id:2]
6427027,901,0:42:24,0,[PeopleData_id:2]
6427027,904,0:42:24,0,[PeopleData_id:2]
6427027,905,0:42:24,0,[PeopleData_id:2,RankTypes_id:0,RankTypes_id:0]
6427027,901,0:42:26,0,[PeopleData_id:3]
6427027,904,0:42:26,0,[PeopleData_id:3]
6427027,901,0:42:28,0,[PeopleData_id:3]
6427027,904,0:42:28,0,[PeopleData_id:3]
6427027,905,0:42:29,0,[PeopleData_id:3,RankTypes_id:-1,RankTypes_id:4]
6427027,901,0:42:29,0,[PeopleData_id:4]
6427027,902,0:42:30,0,[PeopleData_id:4,PeopleData_data3Type]
6427027,903,0:42:32,0,[PeopleData_id4,PeopleData_data3Type]
6427027,901,0:42:32,0,[PeopleData_id:4]
6427027,904,0:42:33,0,[PeopleData_id:4]
6427027,905,0:42:33,0,[PeopleData_id:4,RankTypes_id:-1,RankTypes_id:0]
6427027,901,0:42:34,0,[PeopleData_id:0]
6427027,904,0:42:34,0,[PeopleData_id:0]
6427027,902,0:42:35,0,[PeopleData_id:0,PeopleData_data3Type]
6427027,903,0:42:36,0,[PeopleData_id0,PeopleData_data3Type]
6427027,902,0:42:37,0,[PeopleData_id:0,PeopleData_data2Type]
6427027,903,0:42:38,0,[PeopleData_id0,PeopleData_data2Type]
6427027,902,0:42:39,0,[PeopleData_id:0,PeopleData_data1Type]
6427027,903,0:42:42,0,[PeopleData_id0,PeopleData_data1Type]
6427027,902,0:42:43,0,[PeopleData_id:0,PeopleData_data0Type]
6427027,903,0:42:44,0,[PeopleData_id0,PeopleData_data0Type]
6427027,901,0:42:44,0,[PeopleData_id:0]
6427027,904,0:42:44,0,[PeopleData_id:0]
6427027,905,0:42:45,0,[PeopleData_id:0,RankTypes_id:-1,RankTypes_id:4]
6427027,906,0:42:45,0,[]
6427027,907,0:42:54,0,[]
6427027,908,0:42:54,0,[InvitationData_id:1,PeopleData_id:0,RankTypes_id:4]
6427027,909,0:42:57,0,[InvitationData_id:1,PeopleData_id:0,RankTypes_id:4,1]
6427027,910,0:42:58,0,[InvitationData_id:1,9,false]
6427027,908,0:42:58,0,[InvitationData_id:3,PeopleData_id:3,RankTypes_id:4]
6427027,909,0:42:59,0,[InvitationData_id:3,PeopleData_id:3,RankTypes_id:4,1]
6427027,910,0:42:59,0,[InvitationData_id:3,9,false]
6427027,908,0:42:59,0,[InvitationData_id:8,PeopleData_id:0,RankTypes_id:4]
6427027,909,0:43:0,0,[InvitationData_id:8,PeopleData_id:0,RankTypes_id:4,1]
6427027,910,0:43:1,0,[InvitationData_id:8,9,false]
6427027,908,0:43:1,0,[InvitationData_id:6,PeopleData_id:0,RankTypes_id:4]
6427027,909,0:43:2,0,[InvitationData_id:6,PeopleData_id:0,RankTypes_id:4,1]
6427027,910,0:43:3,0,[InvitationData_id:6,9,false]
6427027,908,0:43:3,0,[InvitationData_id:0,PeopleData_id:0,RankTypes_id:4]
6427027,909,0:43:4,0,[InvitationData_id:0,PeopleData_id:0,RankTypes_id:4,1]
6427027,910,0:43:5,0,[InvitationData_id:0,9,false]
6427027,911,0:43:7,0,[45,0,0,0]
6427027,1001,0:43:59,0,[]
6427027,1003,0:43:59,2
6427027,1004,0:44:19,0
6427027,900,0:44:21,0,[]
6427027,901,0:44:23,0,[PeopleData_id:0]
6427027,904,0:44:23,0,[PeopleData_id:0]
6427027,905,0:44:24,0,[PeopleData_id:0,RankTypes_id:-1,RankTypes_id:2]
6427027,902,0:44:26,0,[PeopleData_id:0,PeopleData_data3Type]
6427027,903,0:44:27,0,[PeopleData_id0,PeopleData_data3Type]
6427027,902,0:44:28,0,[PeopleData_id:0,PeopleData_data0Type]
6427027,903,0:44:29,0,[PeopleData_id0,PeopleData_data0Type]
6427027,902,0:44:29,0,[PeopleData_id:0,PeopleData_data1Type]
6427027,903,0:44:30,0,[PeopleData_id0,PeopleData_data1Type]
6427027,902,0:44:31,0,[PeopleData_id:0,PeopleData_data2Type]
6427027,903,0:44:33,0,[PeopleData_id0,PeopleData_data2Type]
6427027,901,0:44:33,0,[PeopleData_id:0]
6427027,904,0:44:33,0,[PeopleData_id:0]
6427027,905,0:44:34,0,[PeopleData_id:0,RankTypes_id:2,RankTypes_id:3]
6427027,901,0:44:36,0,[PeopleData_id:2]
6427027,901,0:44:39,0,[PeopleData_id:2]
6427027,901,0:44:40,0,[PeopleData_id:3]
6427027,902,0:44:42,0,[PeopleData_id:3,PeopleData_data2Type]
6427027,903,0:44:42,0,[PeopleData_id3,PeopleData_data2Type]
6427027,902,0:44:44,0,[PeopleData_id:3,PeopleData_data1Type]
6427027,903,0:44:45,0,[PeopleData_id3,PeopleData_data1Type]
6427027,902,0:44:46,0,[PeopleData_id:3,PeopleData_data0Type]
6427027,903,0:44:47,0,[PeopleData_id3,PeopleData_data0Type]
6427027,901,0:44:47,0,[PeopleData_id:3]
6427027,904,0:44:47,0,[PeopleData_id:3]
6427027,905,0:44:48,0,[PeopleData_id:3,RankTypes_id:-1,RankTypes_id:4]
6427027,901,0:44:49,0,[PeopleData_id:2]
6427027,902,0:44:51,0,[PeopleData_id:2,PeopleData_data0Type]
6427027,903,0:44:54,0,[PeopleData_id2,PeopleData_data0Type]
6427027,902,0:44:55,0,[PeopleData_id:2,PeopleData_data1Type]
6427027,903,0:44:56,0,[PeopleData_id2,PeopleData_data1Type]
6427027,902,0:44:57,0,[PeopleData_id:2,PeopleData_data2Type]
6427027,903,0:44:58,0,[PeopleData_id2,PeopleData_data2Type]
6427027,902,0:44:59,0,[PeopleData_id:2,PeopleData_data3Type]
6427027,903,0:45:0,0,[PeopleData_id2,PeopleData_data3Type]
6427027,901,0:45:1,0,[PeopleData_id:2]
6427027,904,0:45:1,0,[PeopleData_id:2]
6427027,905,0:45:2,0,[PeopleData_id:2,RankTypes_id:-1,RankTypes_id:2]
6427027,901,0:45:4,0,[PeopleData_id:4]
6427027,904,0:45:4,0,[PeopleData_id:4]
6427027,902,0:45:6,0,[PeopleData_id:4,PeopleData_data3Type]
6427027,903,0:45:7,0,[PeopleData_id4,PeopleData_data3Type]
6427027,901,0:45:7,0,[PeopleData_id:4]
6427027,904,0:45:7,0,[PeopleData_id:4]
6427027,905,0:45:8,0,[PeopleData_id:4,RankTypes_id:-1,RankTypes_id:0]
6427027,901,0:45:8,0,[PeopleData_id:1]
6427027,904,0:45:8,0,[PeopleData_id:1]
6427027,901,0:45:10,0,[PeopleData_id:1]
6427027,904,0:45:10,0,[PeopleData_id:1]
6427027,905,0:45:10,0,[PeopleData_id:1,RankTypes_id:-1,RankTypes_id:0]
6427027,906,0:45:10,0,[]
6427027,907,0:45:11,0,[]
6427027,908,0:45:11,0,[InvitationData_id:3,PeopleData_id:3,RankTypes_id:4]
6427027,909,0:45:14,0,[InvitationData_id:3,PeopleData_id:3,RankTypes_id:4,1]
6427027,910,0:45:15,0,[InvitationData_id:3,9,false]
6427027,908,0:45:15,0,[InvitationData_id:10,PeopleData_id:2,RankTypes_id:2]
6427027,909,0:45:20,0,[InvitationData_id:10,PeopleData_id:2,RankTypes_id:2,0]
6427027,910,0:45:21,0,[InvitationData_id:10,-2,false]
6427027,908,0:45:21,0,[InvitationData_id:1,PeopleData_id:0,RankTypes_id:3]
6427027,909,0:45:24,0,[InvitationData_id:1,PeopleData_id:0,RankTypes_id:3,1]
6427027,910,0:45:26,0,[InvitationData_id:1,7,false]
6427027,908,0:45:26,0,[InvitationData_id:6,PeopleData_id:3,RankTypes_id:4]
6427027,909,0:45:29,0,[InvitationData_id:6,PeopleData_id:3,RankTypes_id:4,1]
6427027,910,0:45:30,0,[InvitationData_id:6,9,false]
6427027,908,0:45:30,0,[InvitationData_id:4,PeopleData_id:2,RankTypes_id:2]
6427027,909,0:45:32,0,[InvitationData_id:4,PeopleData_id:2,RankTypes_id:2,0]
6427027,910,0:45:34,0,[InvitationData_id:4,-2,false]
6427027,908,0:45:34,0,[InvitationData_id:2,PeopleData_id:2,RankTypes_id:2]
6427027,909,0:45:38,0,[InvitationData_id:2,PeopleData_id:2,RankTypes_id:2,0]
6427027,910,0:45:39,0,[InvitationData_id:2,-2,false]
6427027,908,0:45:39,0,[InvitationData_id:0,PeopleData_id:3,RankTypes_id:4]
6427027,909,0:45:40,0,[InvitationData_id:0,PeopleData_id:3,RankTypes_id:4,1]
6427027,910,0:45:41,0,[InvitationData_id:0,9,false]
6427027,908,0:45:41,0,[InvitationData_id:8,PeopleData_id:3,RankTypes_id:4]
6427027,909,0:45:46,0,[InvitationData_id:8,PeopleData_id:3,RankTypes_id:4,1]
6427027,910,0:45:47,0,[InvitationData_id:8,9,false]
6427027,911,0:45:48,0,[37,0,0,0]
6427027,1001,0:45:51,0,[]
6427027,1003,0:45:51,2
6427027,210,0:46:46,676,477
6427027,211,0:46:57,823,384
6427027,213,0:46:57,0,c_teacherEng_G7a0,true
6427027,205,0:46:57,0,c_teacherEng_G7a0,false,false
6427027,221,0:47:1,0
6427027,220,0:47:9,0
6427027,210,0:47:10,796,314
6427027,211,0:47:11,815,299
6427027,213,0:47:11,0,c_teacherEng_G7a0,true
6427027,205,0:47:11,0,c_teacherEng_G7a0,false,true
6427027,210,0:47:17,882,344
6427027,211,0:47:20,822,332
6427027,213,0:47:20,0,c_teacherEng_G7a0,true
6427027,205,0:47:20,0,c_teacherEng_G7a0,false,true
6427027,210,0:47:25,371,529
6427027,207,0:47:26,0,-200,0
6427027,211,0:47:27,250,438
6427027,213,0:47:27,0,c_crewKid1_M_G7a0,true
6427027,210,0:47:30,388,465
6427027,211,0:47:34,805,395
6427027,213,0:47:34,0,c_teacherEng_G7a0,true
6427027,205,0:47:34,0,c_teacherEng_G7a0,false,true
6427027,210,0:47:37,934,515
6427027,207,0:47:39,0,0,-435
6427027,207,0:47:46,0,-435,-518.45
6427027,211,0:47:48,1373,472
6427027,221,0:47:50,0
6427027,220,0:47:58,0
6427027,210,0:47:58,825,419
6427027,211,0:48:3,1225,150
6427027,213,0:48:3,0,s_clock_G7a0,true
6427027,210,0:48:12,757,376
6427027,211,0:48:13,809,363
6427027,213,0:48:13,0,c_teacherEng_G7a0,true
6427027,205,0:48:13,0,c_teacherEng_G7a0,false,true
6427027,210,0:48:18,906,159
6427027,207,0:48:21,0,-518.45,-218.45
6427027,207,0:48:23,0,-218.45,0
6427027,211,0:48:27,80,527
6427027,210,0:48:28,102,420
6427027,211,0:48:30,953,406
6427027,210,0:48:31,829,352
6427027,207,0:48:32,0,0,-165
6427027,211,0:48:34,788,135
6427027,213,0:48:34,0,s_shakespearePoster_gen,true
6427027,210,0:48:38,958,92
6427027,211,0:48:38,965,92
6427027,210,0:48:39,963,107
6427027,207,0:48:39,0,-165,-225
6427027,211,0:48:43,697,132
6427027,213,0:48:43,0,s_angelouPoster_gen,true
6427027,210,0:48:47,522,175
6427027,207,0:48:48,0,-225,0
6427027,211,0:48:57,840,365
6427027,213,0:48:57,0,c_teacherEng_G7a0,true
6427027,205,0:48:57,0,c_teacherEng_G7a0,false,true
6427027,210,0:49:2,1044,500
6427027,207,0:49:2,0,0,-75
6427027,211,0:49:3,782,517
6427027,210,0:49:3,795,505
6427027,211,0:49:4,972,510
6427027,213,0:49:4,0,c_bestFriend_M_a_G7a0,true
6427027,205,0:49:4,0,c_bestFriend_M_a_G7a0,false,false
6427027,210,0:49:22,951,268
6427027,207,0:49:23,0,-75,-180
6427027,211,0:49:25,980,507
6427027,213,0:49:25,0,c_bestFriend_M_a_G7a0,true
6427027,205,0:49:25,0,c_bestFriend_M_a_G7a0,false,true
6427027,210,0:49:29,785,267
6427027,211,0:49:29,807,338
6427027,213,0:49:29,0,c_teacherEng_G7a0,true
6427027,205,0:49:29,0,c_teacherEng_G7a0,false,true
6427027,210,0:49:33,1059,500
6427027,207,0:49:34,0,-180,-375
6427027,207,0:49:35,0,-375,-495
6427027,211,0:49:35,1446,537
6427027,213,0:49:35,0,c_friend1_M_a_G7a0,true
6427027,210,0:49:40,637,547
6427027,207,0:49:44,0,-495,-240
6427027,207,0:49:45,0,-240,0
6427027,211,0:49:47,183,444
6427027,212,0:49:47,1
6427027,210,0:49:48,214,437
6427027,207,0:49:51,0,0,-195
6427027,207,0:49:55,0,-195,-345
6427027,207,0:49:56,0,-345,-518.45
6427027,207,0:49:59,0,-518.45,-413.45
6427027,207,0:50:0,0,-413.45,-128.45
6427027,207,0:50:1,0,-128.45,0
6427027,211,0:50:2,131,547
6427027,212,0:50:3,0
6427027,210,0:50:3,800,405
6427027,207,0:50:8,0,0,-180
6427027,207,0:50:11,0,-180,-420
6427027,211,0:50:11,1096,586
6427027,213,0:50:11,0,s_vocabAssignment_G7a0,true
6427027,210,0:50:15,1330,415
6427027,211,0:50:16,1086,593
6427027,213,0:50:16,0,s_vocabAssignment_G7a0,true
6427027,210,0:50:19,1199,323
6427027,211,0:50:19,1214,325
6427027,213,0:50:19,0,s_doorClassroom_G7a0,true
6427027,210,0:50:22,1286,568
6427027,211,0:50:22,1357,554
6427027,210,0:50:22,1322,504
6427027,211,0:50:22,1324,504
6427027,210,0:50:23,1473,548
6427027,207,0:50:23,0,-420,-518.45
6427027,211,0:50:23,1440,514
6427027,221,0:50:26,0
6427027,220,0:50:32,0
6427027,210,0:50:33,1308,423
6427027,211,0:50:42,841,294
6427027,210,0:50:56,900,432
6427027,211,0:50:57,1080,457
6427027,212,0:50:59,2
6427027,210,0:51:0,1220,355
6427027,211,0:51:5,837,357
6427027,213,0:51:5,0,c_teacherEng_G7a0,true
6427027,205,0:51:5,0,c_teacherEng_G7a0,false,true
6427027,210,0:51:15,739,408
6427027,211,0:51:16,1139,320
6427027,210,0:51:16,978,302
6427027,207,0:51:17,0,-518.45,-458.45
6427027,207,0:51:18,0,-458.45,-218.45
6427027,207,0:51:20,0,-218.45,-83.45
6427027,207,0:51:20,0,-83.45,0
6427027,211,0:51:22,197,596
6427027,213,0:51:22,0,c_crewKid1_M_G7a0,true
6427027,210,0:51:24,327,559
6427027,211,0:51:28,795,366
6427027,213,0:51:28,0,c_teacherEng_G7a0,true
6427027,205,0:51:28,0,c_teacherEng_G7a0,false,true
6427027,210,0:51:33,898,495
6427027,211,0:51:34,1096,540
6427027,207,0:51:34,0,0,-90
6427027,210,0:51:34,1188,537
6427027,207,0:51:34,0,-90,-270
6427027,211,0:51:35,1091,583
6427027,213,0:51:35,0,s_vocabAssignment_G7a0,true
6427027,210,0:51:39,971,490
6427027,211,0:51:39,972,511
6427027,213,0:51:39,0,c_bestFriend_M_a_G7a0,true
6427027,205,0:51:39,0,c_bestFriend_M_a_G7a0,false,true
6427027,210,0:51:45,824,300
6427027,211,0:51:46,819,353
6427027,213,0:51:46,0,c_teacherEng_G7a0,true
6427027,205,0:51:46,0,c_teacherEng_G7a0,false,true
6427027,210,0:51:50,1167,376
6427027,207,0:51:51,0,-270,-345
6427027,211,0:51:56,878,134
6427027,213,0:51:56,0,s_poePoster_gen,true
6427027,210,0:51:58,804,73
6427027,211,0:51:59,787,111
6427027,213,0:51:59,0,s_shakespearePoster_gen,true
6427027,210,0:52:2,673,120
6427027,211,0:52:2,667,130
6427027,207,0:52:2,0,-345,-345
6427027,213,0:52:2,0,s_angelouPoster_gen,true
6427027,210,0:52:5,1199,474
6427027,207,0:52:10,0,-345,-518.45
6427027,211,0:52:11,1453,516
6427027,213,0:52:11,0,c_friend1_M_a_G7a0,true
6427027,210,0:52:17,1323,534
6427027,207,0:52:25,0,-518.45,-68.45
6427027,207,0:52:25,0,-68.45,0
6427027,211,0:52:33,461,347
6427027,210,0:52:36,902,88
6427027,207,0:52:39,0,0,-255
6427027,207,0:52:40,0,-255,-495
6427027,211,0:52:43,1227,169
6427027,213,0:52:43,0,s_clock_G7a0,true
6427027,210,0:52:52,1041,546
6427027,211,0:52:53,1070,569
6427027,213,0:52:53,0,s_vocabAssignment_G7a0,true
6427027,210,0:52:56,1098,512
6427027,211,0:52:56,1098,512
6427027,210,0:52:56,1069,541
6427027,211,0:52:56,1056,583
6427027,213,0:52:56,0,s_vocabAssignment_G7a0,true
6427027,210,0:52:59,921,530
6427027,207,0:53:8,0,-495,-375
6427027,211,0:53:13,738,592
6427027,210,0:53:17,1001,523
6427027,211,0:53:18,1082,607
6427027,213,0:53:18,0,s_vocabAssignment_G7a0,true
6427027,210,0:53:37,971,534
6427027,211,0:53:38,1110,585
6427027,213,0:53:38,0,s_vocabAssignment_G7a0,true
6427027,210,0:53:43,1277,230
6427027,207,0:53:44,0,-375,-518.45
6427027,211,0:53:45,1438,497
6427027,213,0:53:45,0,c_friend1_M_a_G7a0,true
6427027,210,0:53:50,1472,294
6427027,207,0:53:59,0,-518.45,0
6427027,211,0:54:7,121,525
6427027,210,0:54:9,125,485
6427027,211,0:54:9,84,491
6427027,210,0:54:11,180,562
6427027,207,0:54:20,0,0,-255
6427027,207,0:54:22,0,-255,-375
6427027,207,0:54:22,0,-375,-450
6427027,207,0:54:46,0,-450,-120
6427027,207,0:54:47,0,-120,0
6427027,207,0:54:55,0,0,-240
6427027,207,0:54:58,0,-240,-480
6427027,211,0:55:7,1104,589
6427027,213,0:55:7,0,s_vocabAssignment_G7a0,true
6427027,210,0:55:10,975,128
6427027,211,0:55:12,1085,159
6427027,210,0:55:16,1294,189
6427027,211,0:55:24,994,532
6427027,213,0:55:24,0,c_bestFriend_M_a_G7a0,true
6427027,205,0:55:24,0,c_bestFriend_M_a_G7a0,false,true
6427027,210,0:55:29,840,316
6427027,207,0:55:33,0,-480,-518.45
6427027,207,0:55:37,0,-518.45,-83.45
6427027,207,0:55:41,0,-83.45,0
6427027,207,0:55:51,0,0,-195
6427027,207,0:55:53,0,-195,-465
6427027,211,0:55:57,1270,437
6427027,213,0:55:57,0,s_doorClassroom_G7a0,true
6427027,221,0:56:0,0
6427027,220,0:56:4,0
6427027,219,0:56:5,0
6427027,216,0:56:6,Stack_G7a1N
6427027,217,0:56:16,Stack_G7a1N,8.3,11
6427027,218,0:56:19,0
6427027,210,0:56:20,855,431
6427027,211,0:56:22,894,442
6427027,213,0:56:22,0,c_teacherEng_G7a1N,true
6427027,205,0:56:22,0,c_teacherEng_G7a1N,false,false
6427027,210,0:56:29,719,485
6427027,207,0:56:32,0,-200,-410
6427027,211,0:56:34,990,549
6427027,213,0:56:34,0,c_bestFriend_M_a_G7a0,true
6427027,205,0:56:34,0,c_bestFriend_M_a_G7a0,false,true
6427027,221,0:56:38,0
6427027,220,0:56:52,0
6427027,212,0:56:54,1
6427027,221,0:56:55,0
6427027,220,0:56:58,0
6427027,210,0:56:59,696,538
6427027,211,0:57:1,679,568
6427027,213,0:57:1,0,s_otherStudent1_G7a0,true
6427027,210,0:57:7,1236,116
6427027,207,0:57:9,0,-410,-320
6427027,211,0:57:11,1261,535
6427027,210,0:57:15,653,416
6427027,207,0:57:19,0,-320,0
6427027,211,0:57:21,362,346
6427027,210,0:57:23,559,432
6427027,207,0:57:28,0,0,-330
6427027,207,0:57:29,0,-330,-518.45
6427027,211,0:57:30,1455,581
6427027,210,0:57:31,1446,491
6427027,211,0:57:32,1451,536
6427027,212,0:57:33,0
6427027,210,0:57:34,1447,510
6427027,211,0:57:37,674,579
6427027,213,0:57:37,0,s_otherStudent1_G7a0,true
6427027,212,0:57:50,2
6427027,210,0:57:51,1467,487
6427027,211,0:57:52,1444,528
6427027,213,0:57:52,0,c_friend1_M_a_G7a0,true
6427027,212,0:57:56,0
6427027,210,0:57:57,1373,451
6427027,211,0:57:59,832,132
6427027,210,0:57:59,853,139
6427027,211,0:57:59,853,139
6427027,210,0:58:0,883,89
6427027,211,0:58:0,893,145
6427027,213,0:58:0,0,s_poePoster_gen,true
6427027,210,0:58:5,1457,71
6427027,211,0:58:7,643,525
6427027,210,0:58:14,953,280
6427027,211,0:58:18,876,405
6427027,212,0:58:21,2
6427027,210,0:58:23,890,319
6427027,211,0:58:24,823,418
6427027,213,0:58:24,0,c_teacherEng_G7a0,true
6427027,205,0:58:24,0,c_teacherEng_G7a0,false,true
6427027,210,0:58:29,693,382
6427027,207,0:58:31,0,-518.45,0
6427027,211,0:58:36,322,568
6427027,210,0:58:37,182,465
6427027,211,0:58:38,224,484
6427027,213,0:58:38,0,c_crewKid1_M_G7a0,true
6427027,210,0:59:0,654,314
6427027,211,0:59:5,821,247
6427027,210,0:59:5,730,90
6427027,211,0:59:6,708,116
6427027,213,0:59:6,0,s_angelouPoster_gen,true
6427027,212,0:59:10,0
6427027,210,0:59:10,631,138
6427027,207,0:59:12,0,0,-165
6427027,211,0:59:13,945,499
6427027,210,0:59:14,1097,574
6427027,211,0:59:14,1099,585
6427027,213,0:59:14,0,s_vocabAssignment_G7a0,true
6427027,212,0:59:18,2
6427027,210,0:59:19,1081,570
6427027,207,0:59:20,0,-165,-465
6427027,207,0:59:21,0,-465,-518.45
6427027,211,0:59:23,1439,505
6427027,213,0:59:23,0,c_friend1_M_a_G7a0,true
6427027,210,0:59:33,1036,583
6427027,211,0:59:33,1045,571
6427027,213,0:59:33,0,s_vocabAssignment_G7a0,true
6427027,210,0:59:37,1082,546
6427027,211,0:59:37,1082,546
6427027,210,0:59:37,1086,550
6427027,211,0:59:37,1079,585
6427027,213,0:59:37,0,s_vocabAssignment_G7a0,true
6427027,210,0:59:40,941,254
6427027,211,0:59:42,974,472
6427027,213,0:59:42,0,c_bestFriend_M_a_G7a0,true
6427027,205,0:59:42,0,c_bestFriend_M_a_G7a0,false,true
6427027,210,0:59:47,1329,497
6427027,207,0:59:57,0,-518.45,-458.45
6427027,211,0:59:58,684,546
6427027,213,0:59:58,0,s_otherStudent1_G7a0,true
6427027,210,1:0:8,737,420
6427027,207,1:0:10,0,-458.45,0
6427027,211,1:0:13,231,454
6427027,213,1:0:13,0,c_crewKid1_M_G7a0,true
6427027,221,1:0:19,0
6427027,220,1:0:30,0
6427027,210,1:0:42,571,370
6427027,211,1:0:45,620,409
6427027,210,1:0:56,668,429
6427027,207,1:0:58,0,0,-405
6427027,211,1:1:0,1077,572
6427027,213,1:1:0,0,s_vocabAssignment_G7a0,true
6427027,210,1:1:26,997,262
6427027,211,1:1:33,990,482
6427027,213,1:1:33,0,c_bestFriend_M_a_G7a0,true
6427027,205,1:1:33,0,c_bestFriend_M_a_G7a0,false,true
6427027,210,1:1:52,1076,22
6427027,211,1:1:53,1243,19
6427027,210,1:1:53,1252,36
6427027,211,1:1:54,1173,115
6427027,210,1:1:54,1145,228
6427027,211,1:1:54,1092,111
6427027,210,1:1:55,1236,109
6427027,211,1:1:57,817,401
6427027,213,1:1:57,0,c_teacherEng_G7a0,true
6427027,205,1:1:58,0,c_teacherEng_G7a0,false,true
6427027,210,1:2:1,706,420
6427027,211,1:2:3,403,409
6427027,207,1:2:3,0,-405,-330
6427027,210,1:2:4,445,332
6427027,207,1:2:5,0,-330,-30
6427027,211,1:2:6,121,530
6427027,210,1:2:20,529,311
6427027,211,1:2:20,529,311
6427027,210,1:2:21,503,460
6427027,211,1:2:21,355,483
6427027,210,1:2:22,342,220
6427027,211,1:2:30,580,319
6427027,210,1:2:33,932,418
6427027,207,1:2:37,0,-30,-518.45
6427027,211,1:2:39,1352,403
6427027,204,1:3:10,0
6427027,100,1:3:34,0
6427027,102,1:3:38,0
6427027,200,1:3:38,0,0,0,3,0,6
6427027,210,1:4:3,388,509
6427027,211,1:4:4,793,366
6427027,213,1:4:4,0,c_teacherEng_G7a0,true
6427027,205,1:4:4,0,c_teacherEng_G7a0,false,true
6427027,210,1:4:9,950,93
6427027,211,1:4:15,98,479
6427027,207,1:4:15,0,-200,-80
6427027,210,1:4:20,981,483
6427027,207,1:4:22,0,-80,-518.45
6427027,211,1:4:24,1091,590
6427027,213,1:4:24,0,s_vocabAssignment_G7a0,true
6427027,210,1:5:0,988,546
6427027,211,1:5:4,982,551
6427027,213,1:5:4,0,c_bestFriend_M_a_G7a0,true
6427027,205,1:5:4,0,c_bestFriend_M_a_G7a0,false,true
6427027,212,1:5:11,1
6427027,210,1:5:12,811,408
6427027,211,1:5:15,666,125
6427027,213,1:5:15,0,s_angelouPoster_gen,true
6427027,212,1:5:19,0
6427027,210,1:5:21,952,40
6427027,211,1:5:22,1230,138
6427027,213,1:5:22,0,s_clock_G7a0,true
6427027,210,1:7:26,805,362
6427027,211,1:7:26,851,477
6427027,210,1:7:27,1009,531
6427027,211,1:7:28,1072,585
6427027,213,1:7:28,0,s_vocabAssignment_G7a0,true
6427027,210,1:7:31,1075,567
6427027,211,1:7:32,1080,583
6427027,213,1:7:32,0,s_vocabAssignment_G7a0,true
6427027,210,1:8:0,936,124
6427027,211,1:8:3,1170,442
6427027,210,1:8:5,1075,506
6427027,211,1:8:6,1120,448
6427027,210,1:8:7,1092,538
6427027,211,1:8:9,973,565
6427027,210,1:8:9,944,452
6427027,211,1:8:12,929,175
6427027,207,1:8:12,0,-518.45,-514.45
6427027,210,1:8:15,904,455
6427027,211,1:8:15,903,442
6427027,210,1:8:28,920,316
6427027,211,1:8:30,1083,389
6427027,210,1:8:30,894,430
6427027,211,1:8:30,1100,381
6427027,210,1:8:32,803,212
6427027,211,1:8:35,911,545
6427027,210,1:8:36,998,476
6427027,211,1:8:43,866,570
6427027,210,1:9:16,960,520
6427027,211,1:9:17,1085,568
6427027,213,1:9:17,0,s_vocabAssignment_G7a0,true
6427027,210,1:10:11,891,114
6427027,211,1:10:17,1081,539
6427027,212,1:10:18,2
6427027,210,1:10:19,958,486
6427027,211,1:10:20,815,322
6427027,213,1:10:20,0,c_teacherEng_G7a0,true
6427027,205,1:10:20,0,c_teacherEng_G7a0,false,true
6427027,212,1:10:25,1
6427027,212,1:10:25,0
6427027,210,1:10:27,1020,558
6427027,211,1:10:29,1271,540
6427027,212,1:10:30,1
6427027,210,1:10:35,794,361
6427027,211,1:10:36,823,305
6427027,212,1:10:38,2
6427027,210,1:10:49,635,440
6427027,207,1:10:51,0,-514.45,-137.45
6427027,211,1:10:53,254,455
6427027,213,1:10:53,0,c_crewKid1_M_G7a0,true
6427027,210,1:10:56,713,248
6427027,211,1:10:57,615,291
6427027,210,1:11:58,647,452
6427027,211,1:12:1,409,427
6427027,212,1:12:4,0
6427027,212,1:12:8,2
6427027,210,1:12:10,907,548
6427027,211,1:12:20,1005,457
6427027,210,1:12:40,990,199
6427027,207,1:12:41,0,-137.45,-407.45
6427027,211,1:12:42,1219,298
6427027,213,1:12:42,0,s_doorClassroom_G7a0,true
6427027,210,1:13:4,1083,440
6427027,211,1:13:6,1308,350
6427027,210,1:13:7,1044,453
6427027,211,1:13:8,1206,379
6427027,213,1:13:8,0,s_doorClassroom_G7a0,true
6427027,204,1:13:36,0
6427027,103,1:13:46
6427027,105,1:14:1
6427027,703,1:14:3,[|| EpilogueItem ID: 0 unlocked: false ||,|| EpilogueItem ID: 1 unlocked: false ||,|| EpilogueItem ID: 2 unlocked: false ||,|| EpilogueItem ID: 3 unlocked: false ||,|| EpilogueItem ID: 4 unlocked: false ||,|| EpilogueItem ID: 5 unlocked: false ||,|| EpilogueItem ID: 6 unlocked: false ||,|| EpilogueItem ID: 7 unlocked: false ||,|| EpilogueItem ID: 8 unlocked: false ||,|| EpilogueItem ID: 9 unlocked: false ||,|| EpilogueItem ID: 10 unlocked: false ||,|| EpilogueItem ID: 11 unlocked: false ||,|| EpilogueItem ID: 12 unlocked: false ||,|| EpilogueItem ID: 13 unlocked: false ||,|| EpilogueItem ID: 14 unlocked: false ||,|| EpilogueItem ID: 15 unlocked: false ||,|| EpilogueItem ID: 16 unlocked: false ||,|| EpilogueItem ID: 17 unlocked: false ||,|| EpilogueItem ID: 18 unlocked: false ||,|| EpilogueItem ID: 19 unlocked: false ||,|| EpilogueItem ID: 20 unlocked: false ||,|| EpilogueItem ID: 21 unlocked: false ||,|| EpilogueItem ID: 22 unlocked: false ||,|| EpilogueItem ID: 23 unlocked: false ||,|| EpilogueItem ID: 24 unlocked: false ||],0
6427027,706,1:14:25,(x=628, y=-100, w=1024, h=768),(x=628, y=-100, w=1024, h=768)
6427027,706,1:14:29,(x=732, y=-100, w=1024, h=768),(x=1172, y=-100, w=1024, h=768)
6427027,706,1:14:39,(x=1861, y=-100, w=1024, h=768),(x=802, y=-100, w=1024, h=768)
6427027,706,1:14:43,(x=836, y=-100, w=1024, h=768),(x=712, y=-100, w=1024, h=768)
6427027,706,1:14:46,(x=504, y=-100, w=1024, h=768),(x=606, y=-100, w=1024, h=768)
6427027,706,1:14:47,(x=808, y=-100, w=1024, h=768),(x=998, y=-100, w=1024, h=768)
6427027,706,1:14:49,(x=843, y=-100, w=1024, h=768),(x=206, y=-100, w=1024, h=768)
6427027,704,1:14:51,1
6427027,706,1:14:52,(x=116, y=-100, w=1024, h=768),(x=327, y=-100, w=1024, h=768)
6427027,706,1:14:56,(x=757, y=-100, w=1024, h=768),(x=2531, y=-100, w=1024, h=768)
6427027,708,1:14:56
6427027,1,1:14:56,10/21/2013 5:47:13pm,{"gameTime":4496609,"challengeStacks":[{"challengeScenes":[{"miniGameCards":[],"viewedAnimatic":true,"keyPoints":["c_teacherEng_G7a0","c_bestFriend_M_a_G7a0"],"unlocked":true,"touchableObjects":["s_otherStudent1_G7a0","s_vocabAssignment_G7a0","c_crewKid1_M_G7a0","s_doorClassroom_G7a0","s_poePoster_gen","s_clock_G7a0","c_friend1_M_a_G7a0","c_teacherEng_G7a0","s_shakespearePoster_gen","s_angelouPoster_gen","c_bestFriend_M_a_G7a0"]},{"miniGameCards":[],"viewedAnimatic":true,"keyPoints":["c_teacherEng_G7a1N"],"unlocked":true,"touchableObjects":["c_teacherEng_G7a1N"]},{"miniGameCards":[],"viewedAnimatic":false,"keyPoints":[],"unlocked":false,"touchableObjects":[]}],"stackSize":3,"resolved":false},{"challengeScenes":[{"miniGameCards":[],"viewedAnimatic":false,"keyPoints":[],"unlocked":false,"touchableObjects":[]},{"miniGameCards":[],"viewedAnimatic":false,"keyPoints":[],"unlocked":false,"touchableObjects":[]},{"miniGameCards":[],"viewedAnimatic":false,"keyPoints":[],"unlocked":false,"touchableObjects":[]},{"miniGameCards":[],"viewedAnimatic":false,"keyPoints":[],"unlocked":false,"touchableObjects":[]},{"miniGameCards":[],"viewedAnimatic":false,"keyPoints":[],"unlocked":false,"touchableObjects":[]}],"stackSize":5,"resolved":false},{"challengeScenes":[{"miniGameCards":[],"viewedAnimatic":false,"keyPoints":[],"unlocked":false,"touchableObjects":[]},{"miniGameCards":[],"viewedAnimatic":false,"keyPoints":[],"unlocked":false,"touchableObjects":[]},{"miniGameCards":[],"viewedAnimatic":false,"keyPoints":[],"unlocked":false,"touchableObjects":[]},{"miniGameCards":[],"viewedAnimatic":false,"keyPoints":[],"unlocked":false,"touchableObjects":[]},{"miniGameCards":[],"viewedAnimatic":false,"keyPoints":[],"unlocked":false,"touchableObjects":[]},{"miniGameCards":[],"viewedAnimatic":false,"keyPoints":[],"unlocked":false,"touchableObjects":[]},{"miniGameCards":[],"viewedAnimatic":false,"keyPoints":[],"unlocked":false,"touchableObjects":[]}],"stackSize":7,"resolved":false},{"challengeScenes":[{"miniGameCards":[],"viewedAnimatic":false,"keyPoints":[],"unlocked":false,"touchableObjects":[]},{"miniGameCards":[],"viewedAnimatic":false,"keyPoints":[],"unlocked":false,"touchableObjects":[]},{"miniGameCards":[],"viewedAnimatic":false,"keyPoints":[],"unlocked":false,"touchableObjects":[]},{"miniGameCards":[],"viewedAnimatic":false,"keyPoints":[],"unlocked":false,"touchableObjects":[]},{"miniGameCards":[],"viewedAnimatic":false,"keyPoints":[],"unlocked":false,"touchableObjects":[]}],"stackSize":5,"resolved":false},{"challengeScenes":[{"miniGameCards":[],"viewedAnimatic":false,"keyPoints":[],"unlocked":false,"touchableObjects":[]},{"miniGameCards":[],"viewedAnimatic":false,"keyPoints":[],"unlocked":false,"touchableObjects":[]},{"miniGameCards":[],"viewedAnimatic":false,"keyPoints":[],"unlocked":false,"touchableObjects":[]},{"miniGameCards":[],"viewedAnimatic":false,"keyPoints":[],"unlocked":false,"touchableObjects":[]},{"miniGameCards":[],"viewedAnimatic":false,"keyPoints":[],"unlocked":false,"touchableObjects":[]}],"stackSize":5,"resolved":false},{"challengeScenes":[{"miniGameCards":[],"viewedAnimatic":false,"keyPoints":[],"unlocked":false,"touchableObjects":[]},{"miniGameCards":[],"viewedAnimatic":false,"keyPoints":[],"unlocked":false,"touchableObjects":[]},{"miniGameCards":[],"viewedAnimatic":false,"keyPoints":[],"unlocked":false,"touchableObjects":[]},{"miniGameCards":[],"viewedAnimatic":false,"keyPoints":[],"unlocked":false,"touchableObjects":[]},{"miniGameCards":[],"viewedAnimatic":false,"keyPoints":[],"unlocked":false,"touchableObjects":[]}],"stackSize":5,"resolved":false},{"challengeScenes":[{"miniGameCards":[],"viewedAnimatic":false,"keyPoints":[],"unlocked":false,"touchableObjects":[]},{"miniGameCards":[],"viewedAnimatic":false,"keyPoints":[],"unlocked":false,"touchableObjects":[]},{"miniGameCards":[],"viewedAnimatic":false,"keyPoints":[],"unlocked":false,"touchableObjects":[]},{"miniGameCards":[],"viewedAnimatic":false,"keyPoints":[],"unlocked":false,"touchableObjects":[]},{"miniGameCards":[],"viewedAnimatic":false,"keyPoints":[],"unlocked":false,"touchableObjects":[]}],"stackSize":5,"resolved":false},{"challengeScenes":[{"miniGameCards":[],"viewedAnimatic":false,"keyPoints":[],"unlocked":false,"touchableObjects":[]},{"miniGameCards":[],"viewedAnimatic":false,"keyPoints":[],"unlocked":false,"touchableObjects":[]},{"miniGameCards":[],"viewedAnimatic":false,"keyPoints":[],"unlocked":false,"touchableObjects":[]},{"miniGameCards":[],"viewedAnimatic":false,"keyPoints":[],"unlocked":false,"touchableObjects":[]},{"miniGameCards":[],"viewedAnimatic":false,"keyPoints":[],"unlocked":false,"touchableObjects":[]}],"stackSize":5,"resolved":false},{"challengeScenes":[{"miniGameCards":[],"viewedAnimatic":false,"keyPoints":[],"unlocked":false,"touchableObjects":[]},{"miniGameCards":[],"viewedAnimatic":false,"keyPoints":[],"unlocked":false,"touchableObjects":[]},{"miniGameCards":[],"viewedAnimatic":false,"keyPoints":[],"unlocked":false,"touchableObjects":[]},{"miniGameCards":[],"viewedAnimatic":false,"keyPoints":[],"unlocked":false,"touchableObjects":[]},{"miniGameCards":[],"viewedAnimatic":false,"keyPoints":[],"unlocked":false,"touchableObjects":[]}],"stackSize":5,"resolved":false},{"challengeScenes":[{"miniGameCards":[],"viewedAnimatic":false,"keyPoints":[],"unlocked":false,"touchableObjects":[]},{"miniGameCards":[],"viewedAnimatic":false,"keyPoints":[],"unlocked":false,"touchableObjects":[]},{"miniGameCards":[],"viewedAnimatic":false,"keyPoints":[],"unlocked":false,"touchableObjects":[]},{"miniGameCards":[],"viewedAnimatic":false,"keyPoints":[],"unlocked":false,"touchableObjects":[]},{"miniGameCards":[],"viewedAnimatic":false,"keyPoints":[],"unlocked":false,"touchableObjects":[]}],"stackSize":5,"resolved":false},{"challengeScenes":[{"miniGameCards":[],"viewedAnimatic":false,"keyPoints":[],"unlocked":false,"touchableObjects":[]},{"miniGameCards":[],"viewedAnimatic":false,"keyPoints":[],"unlocked":false,"touchableObjects":[]},{"miniGameCards":[],"viewedAnimatic":false,"keyPoints":[],"unlocked":false,"touchableObjects":[]},{"miniGameCards":[],"viewedAnimatic":false,"keyPoints":[],"unlocked":false,"touchableObjects":[]},{"miniGameCards":[],"viewedAnimatic":false,"keyPoints":[],"unlocked":false,"touchableObjects":[]}],"stackSize":5,"resolved":false},{"challengeScenes":[{"miniGameCards":[],"viewedAnimatic":false,"keyPoints":[],"unlocked":false,"touchableObjects":[]},{"miniGameCards":[],"viewedAnimatic":false,"keyPoints":[],"unlocked":false,"touchableObjects":[]},{"miniGameCards":[],"viewedAnimatic":false,"keyPoints":[],"unlocked":false,"touchableObjects":[]},{"miniGameCards":[],"viewedAnimatic":false,"keyPoints":[],"unlocked":false,"touchableObjects":[]},{"miniGameCards":[],"viewedAnimatic":false,"keyPoints":[],"unlocked":false,"touchableObjects":[]}],"stackSize":5,"resolved":false},{"challengeScenes":[{"miniGameCards":[],"viewedAnimatic":false,"keyPoints":[],"unlocked":true,"touchableObjects":["c_family_cauc_a_G0a0","c_friends_G0a0"]},{"miniGameCards":[],"viewedAnimatic":false,"keyPoints":["c_family_cauc_a_G0a1N","c_home_G0a1N","c_job_G0a1N"],"unlocked":true,"touchableObjects":["c_family_cauc_a_G0a1N","c_home_G0a1N","c_job_G0a1N"]},{"miniGameCards":[],"viewedAnimatic":false,"keyPoints":["c_Nurse_G0a1P","c_dad_cauc_a_G0a1P","c_kidsister_cauc_a_G0a1P","c_grandma_cauc_a_G0a1P","c_Teacher_G0a1P","c_mom_cauc_a_G0a1P"],"unlocked":true,"touchableObjects":["c_cousins_M_a_G0a1P","c_friends_G0a1P","c_Nurse_G0a1P","c_dad_cauc_a_G0a1P","c_kidsister_cauc_a_G0a1P","c_grandma_cauc_a_G0a1P","c_Teacher_G0a1P","c_mom_cauc_a_G0a1P"]}],"stackSize":3,"resolved":true}],"sessionId":1,"epilogue":{"rating":0},"playerId":6427027,"session":[{"sceneId":"1P","stackId":12}],"minigames":[{"levelSaveData":[{"starRating":0,"unlocked":true},{"starRating":0,"unlocked":false},{"starRating":0,"unlocked":false},{"starRating":0,"unlocked":false},{"starRating":0,"unlocked":false},{"starRating":0,"unlocked":false},{"starRating":0,"unlocked":false},{"starRating":0,"unlocked":false},{"starRating":0,"unlocked":false},{"starRating":0,"unlocked":false}],"skillPoints":0},{"levelSaveData":[{"starRating":0,"unlocked":true},{"starRating":0,"unlocked":false},{"starRating":0,"unlocked":false},{"starRating":0,"unlocked":false},{"starRating":0,"unlocked":false},{"starRating":0,"unlocked":false},{"starRating":0,"unlocked":false},{"starRating":0,"unlocked":false},{"starRating":0,"unlocked":false},{"starRating":0,"unlocked":false}],"skillPoints":0},{"levelSaveData":[{"starRating":3,"unlocked":true},{"starRating":0,"unlocked":false},{"starRating":0,"unlocked":false},{"starRating":0,"unlocked":false},{"starRating":0,"unlocked":false},{"starRating":0,"unlocked":false},{"starRating":0,"unlocked":false},{"starRating":0,"unlocked":false},{"starRating":0,"unlocked":false},{"starRating":0,"unlocked":false}],"skillPoints":3},{"levelSaveData":[{"starRating":0,"unlocked":false},{"starRating":0,"unlocked":false},{"starRating":0,"unlocked":false},{"starRating":0,"unlocked":false},{"starRating":0,"unlocked":false},{"starRating":0,"unlocked":false},{"starRating":0,"unlocked":false},{"starRating":0,"unlocked":false},{"starRating":0,"unlocked":false},{"starRating":0,"unlocked":false}],"skillPoints":0},{"age":12,"name":"jalen","gender":0,"levelSaveData":[{"starRating":3,"unlocked":true},{"starRating":3,"chunks":[["1"],["1$$good","1$$fun"],["13$$books","5$$pets","16$$home work"],["3"]],"unlocked":true},{"starRating":0,"chunks":[[null],[null,null],[null,null]],"unlocked":false},{"starRating":0,"chunks":[[null],[null],[null],[null],[null,null],[null]],"unlocked":false},{"starRating":0,"chunks":[[null],[null],[null,null],[null],[null],[null]],"unlocked":false},{"starRating":0,"chunks":[[null],[null,null,null,null],[null],[null]],"unlocked":false},{"starRating":0,"chunks":[[null],[null],[null,null],[null,null],[null]],"unlocked":false},{"starRating":0,"chunks":[[null,null,null],[null,null,null],[null],[null],[null]],"unlocked":false},{"starRating":0,"chunks":[[null,null,null],[null,null,null],[null,null]],"unlocked":false},{"starRating":0,"chunks":[[null],[null],[null],[null],[null],[null]],"unlocked":false}],"visualAvatar":0,"id":1,"skillPoints":6}],"avatar":{"age":12,"name":"jalen","gender":0,"levelSaveData":[{"starRating":3,"unlocked":true},{"starRating":3,"chunks":[["1"],["1$$good","1$$fun"],["13$$books","5$$pets","16$$home work"],["3"]],"unlocked":true},{"starRating":0,"chunks":[[null],[null,null],[null,null]],"unlocked":false},{"starRating":0,"chunks":[[null],[null],[null],[null],[null,null],[null]],"unlocked":false},{"starRating":0,"chunks":[[null],[null],[null,null],[null],[null],[null]],"unlocked":false},{"starRating":0,"chunks":[[null],[null,null,null,null],[null],[null]],"unlocked":false},{"starRating":0,"chunks":[[null],[null],[null,null],[null,null],[null]],"unlocked":false},{"starRating":0,"chunks":[[null,null,null],[null,null,null],[null],[null],[null]],"unlocked":false},{"starRating":0,"chunks":[[null,null,null],[null,null,null],[null,null]],"unlocked":false},{"starRating":0,"chunks":[[null],[null],[null],[null],[null],[null]],"unlocked":false}],"visualAvatar":0,"id":1,"skillPoints":6}}
