6607010,0,6:1:56,3/27/2014 4:04:20pm
6607010,100,6:2:0,7
6607010,102,6:2:1,7
6607010,200,6:2:1,7,20,24,15,21,27
6607010,210,6:2:4,1063,362
6607010,211,6:2:6,1003,447
6607010,213,6:2:6,7,s_car1_G10b0,true
6607010,205,6:2:6,7,s_car1_G10b0,false,false
6607010,210,6:2:9,771,479
6607010,211,6:2:11,613,385
6607010,213,6:2:11,7,s_car2_G10b0,true
6607010,205,6:2:11,7,s_car2_G10b0,false,false
6607010,210,6:2:20,377,466
6607010,211,6:2:21,316,388
6607010,213,6:2:21,7,s_kidsGroup1_G10b0,true
6607010,205,6:2:21,7,s_kidsGroup1_G10b0,false,false
6607010,210,6:2:25,1128,237
6607010,211,6:2:25,1096,238
6607010,213,6:2:25,7,s_bar_G10b0,true
6607010,210,6:2:29,180,261
6607010,207,6:2:29,7,-200,0
6607010,211,6:2:31,124,438
6607010,213,6:2:31,7,s_kidPointing_G10b0,true
6607010,205,6:2:31,7,s_kidPointing_G10b0,false,false
6607010,210,6:2:34,154,358
6607010,211,6:2:38,476,501
6607010,210,6:2:38,822,403
6607010,211,6:2:40,806,311
6607010,212,6:2:41,0
6607010,210,6:2:41,771,408
6607010,207,6:2:45,7,0,-300
6607010,207,6:2:47,7,-300,-465
6607010,207,6:2:48,7,-465,-960
6607010,207,6:2:50,7,-960,-1033.4
6607010,211,6:2:52,1464,393
6607010,213,6:2:52,7,c_cousinsBrother_b_G10b0,true
6607010,212,6:2:55,1
6607010,210,6:2:55,1788,331
6607010,211,6:2:56,1792,351
6607010,213,6:2:56,7,c_crush1_M_b_G10b0,true
6607010,205,6:2:56,7,c_crush1_M_b_G10b0,false,false
6607010,207,6:2:59,7,-1033.4,-1033.4
6607010,210,6:2:59,2007,451
6607010,207,6:3:5,7,-1033.4,-643.4
6607010,207,6:3:7,7,-643.4,-328.4
6607010,207,6:3:8,7,-328.4,0
6607010,211,6:3:10,217,262
6607010,213,6:3:10,7,s_billboard_G10b0,true
6607010,212,6:3:12,2
6607010,210,6:3:13,809,360
6607010,211,6:3:14,734,380
6607010,213,6:3:14,7,c_crewKid2_M_b_G10b0,true
6607010,205,6:3:14,7,c_crewKid2_M_b_G10b0,false,false
6607010,210,6:3:17,553,467
6607010,211,6:3:17,526,475
6607010,213,6:3:17,7,c_crush2_M_b_G10b0,false
6607010,1003,6:3:20,2
6607010,1004,6:3:59,6
6607010,900,6:4:1,6,[]
6607010,901,6:4:4,6,[PeopleData_id:0]
6607010,902,6:4:7,6,[PeopleData_id:0,PeopleData_data3Type]
6607010,903,6:4:13,6,[PeopleData_id0,PeopleData_data3Type]
6607010,902,6:4:14,6,[PeopleData_id:0,PeopleData_data2Type]
6607010,903,6:4:17,6,[PeopleData_id0,PeopleData_data2Type]
6607010,902,6:4:18,6,[PeopleData_id:0,PeopleData_data1Type]
6607010,903,6:4:21,6,[PeopleData_id0,PeopleData_data1Type]
6607010,901,6:4:22,6,[PeopleData_id:0]
6607010,904,6:4:22,6,[PeopleData_id:0]
6607010,901,6:4:24,6,[PeopleData_id:0]
6607010,904,6:4:24,6,[PeopleData_id:0]
6607010,905,6:4:24,6,[PeopleData_id:0,RankTypes_id:-1,RankTypes_id:0]
6607010,901,6:4:25,6,[PeopleData_id:8]
6607010,902,6:4:26,6,[PeopleData_id:8,PeopleData_data2Type]
6607010,902,6:4:38,6,[PeopleData_id:8,PeopleData_data1Type]
6607010,902,6:4:41,6,[PeopleData_id:8,PeopleData_data0Type]
6607010,903,6:4:45,6,[PeopleData_id8,PeopleData_data0Type]
6607010,902,6:4:46,6,[PeopleData_id:8,PeopleData_data2Type]
6607010,903,6:4:47,6,[PeopleData_id8,PeopleData_data2Type]
6607010,901,6:4:48,6,[PeopleData_id:8]
6607010,904,6:4:48,6,[PeopleData_id:8]
6607010,905,6:4:49,6,[PeopleData_id:8,RankTypes_id:-1,RankTypes_id:0]
6607010,901,6:4:49,6,[PeopleData_id:3]
6607010,904,6:4:49,6,[PeopleData_id:3]
6607010,901,6:4:50,6,[PeopleData_id:1]
6607010,902,6:4:51,6,[PeopleData_id:1,PeopleData_data3Type]
6607010,902,6:4:54,6,[PeopleData_id:1,PeopleData_data2Type]
6607010,902,6:4:58,6,[PeopleData_id:1,PeopleData_data1Type]
6607010,902,6:4:59,6,[PeopleData_id:1,PeopleData_data0Type]
6607010,903,6:5:0,6,[PeopleData_id1,PeopleData_data0Type]
6607010,901,6:5:1,6,[PeopleData_id:1]
6607010,904,6:5:1,6,[PeopleData_id:1]
6607010,905,6:5:2,6,[PeopleData_id:1,RankTypes_id:-1,RankTypes_id:0]
6607010,901,6:5:2,6,[PeopleData_id:3]
6607010,902,6:5:3,6,[PeopleData_id:3,PeopleData_data1Type]
6607010,903,6:5:7,6,[PeopleData_id3,PeopleData_data1Type]
6607010,902,6:5:10,6,[PeopleData_id:3,PeopleData_data0Type]
6607010,903,6:5:15,6,[PeopleData_id3,PeopleData_data0Type]
6607010,902,6:5:17,6,[PeopleData_id:3,PeopleData_data1Type]
6607010,902,6:5:21,6,[PeopleData_id:3,PeopleData_data0Type]
6607010,903,6:5:23,6,[PeopleData_id3,PeopleData_data0Type]
6607010,901,6:5:24,6,[PeopleData_id:3]
6607010,904,6:5:24,6,[PeopleData_id:3]
6607010,905,6:5:25,6,[PeopleData_id:3,RankTypes_id:-1,RankTypes_id:1]
6607010,901,6:5:26,6,[PeopleData_id:6]
6607010,901,6:5:27,6,[PeopleData_id:7]
6607010,902,6:5:28,6,[PeopleData_id:7,PeopleData_data3Type]
6607010,902,6:5:32,6,[PeopleData_id:7,PeopleData_data2Type]
6607010,903,6:5:34,6,[PeopleData_id7,PeopleData_data2Type]
6607010,901,6:5:35,6,[PeopleData_id:7]
6607010,904,6:5:35,6,[PeopleData_id:7]
6607010,905,6:5:35,6,[PeopleData_id:7,RankTypes_id:-1,RankTypes_id:0]
6607010,901,6:5:36,6,[PeopleData_id:4]
6607010,902,6:5:37,6,[PeopleData_id:4,PeopleData_data3Type]
6607010,902,6:6:13,6,[PeopleData_id:4,PeopleData_data2Type]
6607010,903,6:6:16,6,[PeopleData_id4,PeopleData_data2Type]
6607010,901,6:6:16,6,[PeopleData_id:4]
6607010,904,6:6:17,6,[PeopleData_id:4]
6607010,905,6:6:17,6,[PeopleData_id:4,RankTypes_id:-1,RankTypes_id:4]
6607010,901,6:6:18,6,[PeopleData_id:5]
6607010,902,6:6:19,6,[PeopleData_id:5,PeopleData_data3Type]
6607010,902,6:6:24,6,[PeopleData_id:5,PeopleData_data2Type]
6607010,902,6:6:29,6,[PeopleData_id:5,PeopleData_data1Type]
6607010,902,6:6:31,6,[PeopleData_id:5,PeopleData_data0Type]
6607010,903,6:6:33,6,[PeopleData_id5,PeopleData_data0Type]
6607010,901,6:6:34,6,[PeopleData_id:5]
6607010,904,6:6:34,6,[PeopleData_id:5]
6607010,905,6:6:35,6,[PeopleData_id:5,RankTypes_id:-1,RankTypes_id:2]
6607010,901,6:6:36,6,[PeopleData_id:2]
6607010,902,6:6:36,6,[PeopleData_id:2,PeopleData_data2Type]
6607010,902,6:6:41,6,[PeopleData_id:2,PeopleData_data1Type]
6607010,902,6:6:46,6,[PeopleData_id:2,PeopleData_data0Type]
6607010,903,6:6:47,6,[PeopleData_id2,PeopleData_data0Type]
6607010,901,6:6:48,6,[PeopleData_id:2]
6607010,904,6:6:48,6,[PeopleData_id:2]
6607010,905,6:6:48,6,[PeopleData_id:2,RankTypes_id:-1,RankTypes_id:4]
6607010,901,6:6:49,6,[PeopleData_id:6]
6607010,904,6:6:49,6,[PeopleData_id:6]
6607010,902,6:6:50,6,[PeopleData_id:6,PeopleData_data2Type]
6607010,903,6:6:51,6,[PeopleData_id6,PeopleData_data2Type]
6607010,902,6:7:4,6,[PeopleData_id:6,PeopleData_data2Type]
6607010,902,6:7:7,6,[PeopleData_id:6,PeopleData_data1Type]
6607010,902,6:7:11,6,[PeopleData_id:6,PeopleData_data0Type]
6607010,903,6:7:13,6,[PeopleData_id6,PeopleData_data0Type]
6607010,901,6:7:14,6,[PeopleData_id:6]
6607010,904,6:7:14,6,[PeopleData_id:6]
6607010,905,6:7:14,6,[PeopleData_id:6,RankTypes_id:-1,RankTypes_id:3]
6607010,906,6:7:14,6,[]
6607010,901,6:7:15,6,[PeopleData_id:2]
6607010,904,6:7:15,6,[PeopleData_id:2]
6607010,905,6:7:16,6,[PeopleData_id:2,RankTypes_id:4,RankTypes_id:3]
6607010,901,6:7:17,6,[PeopleData_id:6]
6607010,904,6:7:17,6,[PeopleData_id:6]
6607010,905,6:7:17,6,[PeopleData_id:6,RankTypes_id:3,RankTypes_id:4]
6607010,901,6:7:20,6,[PeopleData_id:4]
6607010,905,6:7:20,6,[PeopleData_id:4,RankTypes_id:4,RankTypes_id:4]
6607010,902,6:7:21,6,[PeopleData_id:4,PeopleData_data2Type]
6607010,902,6:7:23,6,[PeopleData_id:4,PeopleData_data1Type]
6607010,903,6:7:26,6,[PeopleData_id4,PeopleData_data1Type]
6607010,907,6:7:27,6,[]
6607010,908,6:7:27,6,[InvitationData_id:8,PeopleData_id:5,RankTypes_id:2]
6607010,909,6:7:31,6,[InvitationData_id:8,PeopleData_id:5,RankTypes_id:2,1]
6607010,910,6:7:32,6,[InvitationData_id:8,5,false]
6607010,908,6:7:32,6,[InvitationData_id:5,PeopleData_id:6,RankTypes_id:4]
6607010,909,6:7:38,6,[InvitationData_id:5,PeopleData_id:6,RankTypes_id:4,1]
6607010,910,6:7:39,6,[InvitationData_id:5,9,false]
6607010,908,6:7:39,6,[InvitationData_id:9,PeopleData_id:4,RankTypes_id:4]
6607010,909,6:7:46,6,[InvitationData_id:9,PeopleData_id:4,RankTypes_id:4,1]
6607010,910,6:7:47,6,[InvitationData_id:9,9,false]
6607010,908,6:7:47,6,[InvitationData_id:6,PeopleData_id:3,RankTypes_id:1]
6607010,909,6:7:54,6,[InvitationData_id:6,PeopleData_id:3,RankTypes_id:1,0]
6607010,910,6:7:55,6,[InvitationData_id:6,0,false]
6607010,908,6:7:55,6,[InvitationData_id:12,PeopleData_id:5,RankTypes_id:2]
6607010,909,6:7:59,6,[InvitationData_id:12,PeopleData_id:5,RankTypes_id:2,0]
6607010,910,6:8:0,6,[InvitationData_id:12,-2,false]
6607010,908,6:8:0,6,[InvitationData_id:7,PeopleData_id:6,RankTypes_id:4]
6607010,909,6:8:6,6,[InvitationData_id:7,PeopleData_id:6,RankTypes_id:4,1]
6607010,910,6:8:8,6,[InvitationData_id:7,9,false]
6607010,908,6:8:8,6,[InvitationData_id:3,PeopleData_id:5,RankTypes_id:2]
6607010,909,6:8:12,6,[InvitationData_id:3,PeopleData_id:5,RankTypes_id:2,0]
6607010,910,6:8:13,6,[InvitationData_id:3,-2,false]
6607010,908,6:8:13,6,[InvitationData_id:2,PeopleData_id:6,RankTypes_id:4]
6607010,909,6:8:15,6,[InvitationData_id:2,PeopleData_id:6,RankTypes_id:4,1]
6607010,910,6:8:16,6,[InvitationData_id:2,9,false]
6607010,908,6:8:16,6,[InvitationData_id:4,PeopleData_id:6,RankTypes_id:4]
6607010,909,6:8:22,6,[InvitationData_id:4,PeopleData_id:6,RankTypes_id:4,1]
6607010,910,6:8:22,6,[InvitationData_id:4,9,false]
6607010,911,6:8:23,6,[46,0,0,0]
6607010,1005,6:8:23,6,[2,0,3]
6607010,1001,6:8:24,6,[]
6607010,1003,6:8:24,2
6607010,210,6:8:28,529,422
6607010,211,6:8:28,530,426
6607010,213,6:8:28,7,c_crush2_M_b_G10b0,true
6607010,205,6:8:28,7,c_crush2_M_b_G10b0,false,false
6607010,210,6:8:32,305,406
6607010,207,6:8:34,7,-200,0
6607010,207,6:8:38,7,0,-390
6607010,211,6:8:41,1278,373
6607010,213,6:8:41,7,c_cousinsBrothersFriend_b_G10b0,true
6607010,210,6:8:44,1311,363
6607010,207,6:8:45,7,-390,-615
6607010,207,6:8:46,7,-615,-840
6607010,207,6:8:47,7,-840,-1033.4
6607010,211,6:8:48,1873,345
6607010,212,6:8:50,1
6607010,210,6:8:50,1974,382
6607010,207,6:8:57,7,-1033.4,-733.4
6607010,207,6:8:58,7,-733.4,-493.4
6607010,207,6:9:1,7,-493.4,-58.4
6607010,207,6:9:2,7,-58.4,0
6607010,211,6:9:8,1740,280
6607010,207,6:9:8,7,0,-735
6607010,212,6:9:8,2
6607010,210,6:9:9,1671,350
6607010,207,6:9:10,7,-735,-1033.4
6607010,207,6:9:10,7,-1033.4,-1033.4
6607010,207,6:9:16,7,-1033.4,-508.4
6607010,207,6:9:17,7,-508.4,-238.4
6607010,207,6:9:21,7,-238.4,-193.4
6607010,207,6:9:22,7,-193.4,0
6607010,211,6:9:37,455,535
6607010,213,6:9:37,7,c_crush2_M_b_G10b0,true
6607010,205,6:9:37,7,c_crush2_M_b_G10b0,false,true
6607010,221,6:9:42,7
6607010,220,6:9:44,7
6607010,219,6:9:44,7
6607010,216,6:9:45,Stack_G10b1N
6607010,217,6:10:10,Stack_G10b1N,22,0.00
6607010,218,6:10:11,7
6607010,210,6:10:13,1179,383
6607010,207,6:10:13,7,-200,-395
6607010,211,6:10:15,1122,372
6607010,213,6:10:15,7,c_policeOfficer_G10b1N,true
6607010,210,6:10:18,528,320
6607010,211,6:10:19,528,563
6607010,213,6:10:19,7,s_kidsHorrified_G10b1N,true
6607010,205,6:10:19,7,s_kidsHorrified_G10b1N,false,false
6607010,210,6:10:23,634,525
6607010,207,6:10:24,7,-395,-185
6607010,207,6:10:25,7,-185,0
6607010,211,6:10:29,914,341
6607010,213,6:10:29,7,s_barCrowd_G10b1N,true
6607010,210,6:10:31,931,253
6607010,207,6:10:31,7,0,-315
6607010,207,6:10:34,7,-315,-735
6607010,207,6:10:35,7,-735,-960
6607010,211,6:10:38,1810,356
6607010,210,6:10:39,1828,355
6607010,211,6:10:40,1833,354
6607010,213,6:10:40,7,c_cousinsBrothersFriend_b_G10b1N,true
6607010,205,6:10:40,7,c_cousinsBrothersFriend_b_G10b1N,false,false
6607010,210,6:10:43,1991,491
6607010,207,6:10:43,7,-960,-1033.4
6607010,207,6:10:44,7,-1033.4,-1033.4
6607010,207,6:10:45,7,-1033.4,-1033.4
6607010,211,6:10:45,2048,364
6607010,213,6:10:45,7,s_kid_G10b1N,true
6607010,212,6:10:49,1
6607010,210,6:10:50,1692,403
6607010,211,6:10:51,1338,410
6607010,213,6:10:51,7,s_carSmashed_G10b1N,true
6607010,205,6:10:51,7,s_carSmashed_G10b1N,false,false
6607010,210,6:10:57,819,386
6607010,207,6:11:0,7,-200,-95
6607010,207,6:11:6,7,-95,-500
6607010,207,6:11:8,7,-500,-905
6607010,207,6:11:10,7,-905,-1033.4
6607010,207,6:11:11,7,-1033.4,-1033.4
6607010,207,6:11:12,7,-1033.4,-1033.4
6607010,211,6:11:13,2055,387
6607010,207,6:11:13,7,-1033.4,-1033.4
6607010,210,6:11:13,2055,345
6607010,211,6:11:14,1757,179
6607010,212,6:11:16,0
6607010,210,6:11:16,1978,382
6607010,207,6:11:16,7,-1033.4,-1033.4
6607010,207,6:11:23,7,-1033.4,-523.4
6607010,207,6:11:24,7,-523.4,-313.4
6607010,211,6:11:26,718,227
6607010,213,6:11:26,7,s_trafficLight_G10b0,true
6607010,205,6:11:26,7,s_trafficLight_G10b0,false,false
6607010,221,6:11:30,7
6607010,220,6:11:32,7
6607010,1003,6:11:32,3
6607010,1004,6:11:34,7
6607010,500,6:11:41,7,[]
6607010,501,6:11:44,7,[]
6607010,502,6:11:49,7,[IntentionData_logId:3,true]
6607010,503,6:11:50,7,[]
6607010,504,6:11:56,7,[InfluenceData_logId:8]
6607010,504,6:11:59,7,[InfluenceData_logId:6]
6607010,504,6:12:2,7,[InfluenceData_logId:4]
6607010,504,6:12:4,7,[InfluenceData_logId:2]
6607010,504,6:12:5,7,[InfluenceData_logId:0]
6607010,505,6:12:8,7,[InfluenceData_logId:0,false,InfluenceData_logId:4,true,InfluenceData_logId:6,true]
6607010,506,6:12:10,7,[]
6607010,507,6:12:24,7,[OpponentAttackData_logId:1,OpponentAttackTypeData_logId:1,true,0]
6607010,508,6:12:26,7,[]
6607010,509,6:12:29,7,[RefusalData_logId:3,2]
6607010,510,6:12:30,7,[AvailableRefusalData_logId:3,0A]
6607010,510,6:12:31,7,[AvailableRefusalData_logId:3,1A]
6607010,510,6:12:32,7,[AvailableRefusalData_logId:3,2A]
6607010,511,6:12:33,7,[AvailableRefusalData_logId:3,0A,1A,2A,true,50]
6607010,512,6:12:36,7,[]
6607010,513,6:12:36,7,[0]
6607010,514,6:12:36,7,[]
6607010,507,6:12:41,7,[OpponentAttackData_logId:1,OpponentAttackTypeData_logId:3,true,0]
6607010,508,6:12:47,7,[]
6607010,509,6:12:50,7,[RefusalData_logId:8,2]
6607010,510,6:12:52,7,[AvailableRefusalData_logId:8,0A]
6607010,510,6:12:53,7,[AvailableRefusalData_logId:8,1A]
6607010,510,6:12:55,7,[AvailableRefusalData_logId:8,2A]
6607010,510,6:12:56,7,[AvailableRefusalData_logId:8,0B]
6607010,510,6:13:0,7,[AvailableRefusalData_logId:8,0C]
6607010,510,6:13:4,7,[AvailableRefusalData_logId:8,0A]
6607010,511,6:13:5,7,[AvailableRefusalData_logId:8,0A,1A,2A,true,50]
6607010,512,6:13:8,7,[]
6607010,515,6:13:8,7,[140,0]
6607010,516,6:13:9,7,[]
6607010,517,6:13:11,7,[]
6607010,1005,6:13:11,7,[3,0,3]
6607010,1001,6:13:12,7,[]
6607010,1003,6:13:12,3
6607010,221,6:13:16,7
6607010,220,6:13:17,7
6607010,219,6:13:17,7
6607010,216,6:13:19,Stack_G10b1P
6607010,217,6:13:33,Stack_G10b1P,13,0.00
6607010,218,6:13:35,7
6607010,210,6:13:36,1150,325
6607010,207,6:13:37,7,-200,-395
6607010,211,6:13:38,1213,126
6607010,213,6:13:38,7,s_clock_G10b1P,true
6607010,205,6:13:38,7,s_clock_G10b1P,false,false
6607010,210,6:13:41,1176,277
6607010,207,6:13:44,7,-395,-740
6607010,211,6:13:46,1611,611
6607010,213,6:13:46,7,s_boomBox_G10b1P,true
6607010,210,6:13:47,1752,551
6607010,207,6:13:48,7,-740,-890
6607010,211,6:13:50,1748,625
6607010,213,6:13:50,7,s_candles_G10b1P,true
6607010,205,6:13:50,7,s_candles_G10b1P,false,false
6607010,210,6:13:53,1884,183
6607010,207,6:13:53,7,-890,-950
6607010,207,6:13:54,7,-950,-991
6607010,207,6:13:59,7,-991,-916
6607010,207,6:14:0,7,-916,-601
6607010,207,6:14:2,7,-601,-91
6607010,207,6:14:3,7,-91,0
6607010,211,6:14:5,431,421
6607010,210,6:14:5,440,260
6607010,211,6:14:6,396,124
6607010,212,6:14:8,1
6607010,210,6:14:9,869,448
6607010,207,6:14:9,7,0,-60
6607010,207,6:14:11,7,-60,-360
6607010,207,6:14:12,7,-360,-825
6607010,211,6:14:13,1721,531
6607010,213,6:14:13,7,c_crush1_M_b_G10b1P,true
6607010,205,6:14:13,7,c_crush1_M_b_G10b1P,false,false
6607010,210,6:14:16,1718,322
6607010,207,6:14:17,7,-825,-991
6607010,211,6:14:18,1991,143
6607010,213,6:14:18,7,s_pictureDad_lati_gen,true
6607010,205,6:14:18,7,s_pictureDad_lati_gen,false,false
6607010,210,6:14:22,1450,571
6607010,211,6:14:23,1460,601
6607010,213,6:14:23,7,s_keys_G10b1P,true
6607010,205,6:14:23,7,s_keys_G10b1P,false,false
6607010,210,6:14:26,1567,580
6607010,207,6:14:32,7,-991,-586
6607010,207,6:14:33,7,-586,-391
6607010,211,6:14:35,500,361
6607010,213,6:14:35,7,s_stairs_G10b1P,true
6607010,205,6:14:35,7,s_stairs_G10b1P,false,false
6607010,221,6:14:40,7
6607010,220,6:14:42,7
6607010,219,6:14:43,7
6607010,216,6:14:43,Stack_G10b2N
6607010,217,6:14:55,Stack_G10b2N,9.0,6.7
6607010,218,6:14:57,7
6607010,210,6:14:58,1101,382
6607010,207,6:14:58,7,-200,-380
6607010,207,6:15:1,7,-380,-140
6607010,207,6:15:2,7,-140,0
6607010,211,6:15:4,853,217
6607010,213,6:15:4,7,s_clock_G10b2N,true
6607010,205,6:15:4,7,s_clock_G10b2N,false,false
6607010,210,6:15:7,584,463
6607010,207,6:15:12,7,0,-516
6607010,211,6:15:14,1509,355
6607010,212,6:15:14,0
6607010,210,6:15:15,1268,346
6607010,211,6:15:15,1248,367
6607010,213,6:15:15,7,c_crush1_M_b_G10b2N,true
6607010,205,6:15:15,7,c_crush1_M_b_G10b2N,false,false
6607010,210,6:15:18,1037,399
6607010,211,6:15:19,1050,391
6607010,213,6:15:19,7,c_teacherEng_G10b2N,true
6607010,205,6:15:19,7,c_teacherEng_G10b2N,false,false
6607010,210,6:15:22,827,504
6607010,207,6:15:24,7,-516,-141
6607010,207,6:15:25,7,-141,0
6607010,211,6:15:26,96,427
6607010,212,6:15:27,2
6607010,210,6:15:28,839,224
6607010,211,6:15:29,630,443
6607010,213,6:15:29,7,c_cousin_M_b_G10b2N,true
6607010,205,6:15:29,7,c_cousin_M_b_G10b2N,false,false
6607010,210,6:15:32,778,390
6607010,211,6:15:33,809,437
6607010,213,6:15:33,7,c_bestFriend_M_b_G10b2N,true
6607010,205,6:15:33,7,c_bestFriend_M_b_G10b2N,false,false
6607010,221,6:15:38,7
6607010,220,6:15:39,7
6607010,219,6:15:39,7
6607010,216,6:15:40,Stack_G10b2P
6607010,217,6:16:0,Stack_G10b2P,17,0.00
6607010,218,6:16:1,7
6607010,210,6:16:2,936,280
6607010,211,6:16:3,928,287
6607010,213,6:16:3,7,c_grandma_lati_a_G10b2P,true
6607010,210,6:16:6,791,379
6607010,211,6:16:11,570,553
6607010,210,6:16:12,361,550
6607010,211,6:16:13,278,601
6607010,213,6:16:13,7,s_cellPhone_M_G10b2P,true
6607010,210,6:16:14,576,389
6607010,207,6:16:19,7,-200,-260
6607010,211,6:16:20,1326,527
6607010,207,6:16:20,7,-260,-320
6607010,210,6:16:20,1403,541
6607010,207,6:16:20,7,-320,-512
6607010,211,6:16:22,1210,350
6607010,212,6:16:23,1
6607010,210,6:16:23,1068,342
6607010,211,6:16:25,935,291
6607010,213,6:16:25,7,s_condom_G10b2P,true
6607010,205,6:16:25,7,s_condom_G10b2P,false,false
6607010,210,6:16:29,1246,502
6607010,211,6:16:30,1072,281
6607010,210,6:16:31,996,296
6607010,211,6:16:32,928,119
6607010,210,6:16:35,772,391
6607010,211,6:16:37,1097,263
6607010,212,6:16:38,2
6607010,210,6:16:39,1044,297
6607010,211,6:16:45,986,607
6607010,210,6:16:46,796,579
6607010,211,6:16:46,634,579
6607010,210,6:16:46,473,603
6607010,207,6:16:47,7,-512,-302
6607010,207,6:16:48,7,-302,-77
6607010,207,6:16:49,7,-77,0
6607010,211,6:16:51,290,272
6607010,213,6:16:51,7,s_picture_M_G10b2P,true
6607010,210,6:16:54,616,382
6607010,207,6:16:59,7,0,-240
6607010,207,6:17:3,7,-240,-512
6607010,207,6:17:8,7,-512,-77
6607010,207,6:17:9,7,-77,0
6607010,211,6:17:12,673,498
6607010,212,6:17:13,1
6607010,210,6:17:14,665,497
6607010,211,6:17:19,354,438
6607010,213,6:17:19,7,s_clock_M_G10b2P,true
6607010,210,6:17:23,677,394
6607010,207,6:17:25,7,0,-255
6607010,207,6:17:25,7,-255,-480
6607010,207,6:17:32,7,-480,-270
6607010,207,6:17:41,7,-270,0
6607010,207,6:17:51,7,0,-360
6607010,207,6:17:55,7,-360,-510
6607010,207,6:17:55,7,-510,-512
6607010,211,6:18:0,1158,209
6607010,212,6:18:1,0
6607010,210,6:18:1,1425,428
6607010,211,6:18:6,1095,295
6607010,213,6:18:6,7,s_mirror_M_G10b2P,true
6607010,205,6:18:6,7,s_mirror_M_G10b2P,false,false
6607010,221,6:18:10,7
6607010,220,6:18:11,7
6607010,203,6:18:11,7
6607010,100,6:18:15,11
6607010,102,6:18:16,11
6607010,200,6:18:16,11,20,24,18,24,27
6607010,219,6:18:16,11
6607010,216,6:18:18,Stack_G12b0
6607010,217,6:18:49,Stack_G12b0,24,0.00
6607010,218,6:18:51,11
6607010,210,6:18:52,732,521
6607010,211,6:18:55,644,280
6607010,213,6:18:55,11,c_bestFriend_M_b_G12b0,true
6607010,1003,6:18:57,0
6607010,1004,6:19:0,4
6607010,400,6:19:3,4,[]
6607010,401,6:19:9,4,[StatementsData_logId:0]
6607010,403,6:19:14,4,[StatementsData_logId:0,false]
6607010,405,6:19:15,4,[StatementsData_logId:0]
6607010,406,6:19:15,4,[StatementsData_logId:0,-2]
6607010,411,6:19:16,4,[StatementsData_logId:0]
6607010,1002,6:19:18,4
6607010,1003,6:19:18,0
6607010,1004,6:19:19,4
6607010,400,6:19:21,4,[]
6607010,401,6:19:22,4,[StatementsData_logId:0]
6607010,402,6:19:22,4,[StatementsData_logId:0,true]
6607010,405,6:19:23,4,[StatementsData_logId:0]
6607010,406,6:19:24,4,[StatementsData_logId:0,2]
6607010,411,6:19:25,4,[StatementsData_logId:0]
6607010,401,6:19:32,4,[StatementsData_logId:1]
6607010,403,6:19:32,4,[StatementsData_logId:1,true]
6607010,405,6:19:33,4,[StatementsData_logId:1]
6607010,406,6:19:33,4,[StatementsData_logId:1,2]
6607010,407,6:19:33,4,[StatementsData_logId:1,FactCardData_id:14]
6607010,407,6:19:33,4,[StatementsData_logId:1,FactCardData_id:9]
6607010,407,6:19:33,4,[StatementsData_logId:1,FactCardData_id:10]
6607010,407,6:19:33,4,[StatementsData_logId:1,FactCardData_id:12]
6607010,407,6:19:33,4,[StatementsData_logId:1,FactCardData_id:17]
6607010,407,6:19:33,4,[StatementsData_logId:1,FactCardData_id:16]
6607010,407,6:19:35,4,[StatementsData_logId:1,FactCardData_id:9]
6607010,407,6:19:35,4,[StatementsData_logId:1,FactCardData_id:9]
6607010,407,6:19:36,4,[StatementsData_logId:1,FactCardData_id:12]
6607010,407,6:19:36,4,[StatementsData_logId:1,FactCardData_id:9]
6607010,407,6:19:36,4,[StatementsData_logId:1,FactCardData_id:12]
6607010,407,6:19:37,4,[StatementsData_logId:1,FactCardData_id:16]
6607010,407,6:19:37,4,[StatementsData_logId:1,FactCardData_id:12]
6607010,407,6:19:37,4,[StatementsData_logId:1,FactCardData_id:16]
6607010,407,6:19:40,4,[StatementsData_logId:1,FactCardData_id:17]
6607010,407,6:19:40,4,[StatementsData_logId:1,FactCardData_id:16]
6607010,407,6:19:40,4,[StatementsData_logId:1,FactCardData_id:17]
6607010,408,6:19:46,4,[StatementsData_logId:1,FactCardData_id:17,true]
6607010,409,6:19:46,4,[StatementsData_logId:1]
6607010,410,6:19:47,4,[StatementsData_logId:1,2]
6607010,412,6:19:48,4,[StatementsData_logId:1]
6607010,413,6:19:49,4,[StatementsData_logId:1,DuelResponsesData_logId:0]
6607010,414,6:19:50,4,[StatementsData_logId:1,DuelResponsesData_logId:0]
6607010,415,6:19:54,4,[StatementsData_logId:1,DuelResponsesData_logId:0,DuelResponsesData_witty_player_response]
6607010,416,6:19:54,4,[StatementsData_logId:1,DuelResponsesData_logId:0]
6607010,417,6:19:55,4,[StatementsData_logId:1,DuelResponsesData_logId:0]
6607010,413,6:19:55,4,[StatementsData_logId:1,DuelResponsesData_logId:0]
6607010,414,6:19:56,4,[StatementsData_logId:1,DuelResponsesData_logId:0]
6607010,415,6:20:4,4,[StatementsData_logId:1,DuelResponsesData_logId:0,DuelResponsesData_ok_player_response]
6607010,416,6:20:5,4,[StatementsData_logId:1,DuelResponsesData_logId:0]
6607010,417,6:20:5,4,[StatementsData_logId:1,DuelResponsesData_logId:0]
6607010,413,6:20:6,4,[StatementsData_logId:1,DuelResponsesData_logId:0]
6607010,414,6:20:7,4,[StatementsData_logId:1,DuelResponsesData_logId:0]
6607010,415,6:20:21,4,[StatementsData_logId:1,DuelResponsesData_logId:0,DuelResponsesData_ok_player_response]
6607010,416,6:20:22,4,[StatementsData_logId:1,DuelResponsesData_logId:0]
6607010,417,6:20:22,4,[StatementsData_logId:1,DuelResponsesData_logId:0]
6607010,418,6:20:22,4,[StatementsData_logId:1,true]
6607010,419,6:20:23,4,[StatementsData_logId:1,4]
6607010,411,6:20:24,4,[StatementsData_logId:1]
6607010,401,6:20:28,4,[StatementsData_logId:2]
6607010,403,6:20:29,4,[StatementsData_logId:2,true]
6607010,405,6:20:30,4,[StatementsData_logId:2]
6607010,406,6:20:30,4,[StatementsData_logId:2,2]
6607010,407,6:20:30,4,[StatementsData_logId:2,FactCardData_id:12]
6607010,407,6:20:30,4,[StatementsData_logId:2,FactCardData_id:10]
6607010,407,6:20:30,4,[StatementsData_logId:2,FactCardData_id:14]
6607010,407,6:20:30,4,[StatementsData_logId:2,FactCardData_id:17]
6607010,407,6:20:30,4,[StatementsData_logId:2,FactCardData_id:16]
6607010,407,6:20:30,4,[StatementsData_logId:2,FactCardData_id:9]
6607010,407,6:20:33,4,[StatementsData_logId:2,FactCardData_id:9]
6607010,407,6:20:33,4,[StatementsData_logId:2,FactCardData_id:9]
6607010,407,6:20:34,4,[StatementsData_logId:2,FactCardData_id:10]
6607010,407,6:20:34,4,[StatementsData_logId:2,FactCardData_id:9]
6607010,407,6:20:34,4,[StatementsData_logId:2,FactCardData_id:10]
6607010,407,6:20:43,4,[StatementsData_logId:2,FactCardData_id:16]
6607010,407,6:20:43,4,[StatementsData_logId:2,FactCardData_id:10]
6607010,407,6:20:43,4,[StatementsData_logId:2,FactCardData_id:16]
6607010,407,6:20:45,4,[StatementsData_logId:2,FactCardData_id:10]
6607010,407,6:20:45,4,[StatementsData_logId:2,FactCardData_id:16]
6607010,407,6:20:45,4,[StatementsData_logId:2,FactCardData_id:10]
6607010,408,6:20:46,4,[StatementsData_logId:2,FactCardData_id:10,true]
6607010,409,6:20:46,4,[StatementsData_logId:2]
6607010,410,6:20:47,4,[StatementsData_logId:2,2]
6607010,412,6:20:48,4,[StatementsData_logId:2]
6607010,413,6:20:50,4,[StatementsData_logId:2,DuelResponsesData_logId:0]
6607010,414,6:20:51,4,[StatementsData_logId:2,DuelResponsesData_logId:0]
6607010,415,6:20:58,4,[StatementsData_logId:2,DuelResponsesData_logId:0,DuelResponsesData_witty_player_response]
6607010,416,6:20:59,4,[StatementsData_logId:2,DuelResponsesData_logId:0]
6607010,417,6:20:59,4,[StatementsData_logId:2,DuelResponsesData_logId:0]
6607010,413,6:21:0,4,[StatementsData_logId:2,DuelResponsesData_logId:0]
6607010,414,6:21:0,4,[StatementsData_logId:2,DuelResponsesData_logId:0]
6607010,415,6:21:6,4,[StatementsData_logId:2,DuelResponsesData_logId:0,DuelResponsesData_ok_player_response]
6607010,416,6:21:6,4,[StatementsData_logId:2,DuelResponsesData_logId:0]
6607010,417,6:21:7,4,[StatementsData_logId:2,DuelResponsesData_logId:0]
6607010,413,6:21:7,4,[StatementsData_logId:2,DuelResponsesData_logId:0]
6607010,414,6:21:8,4,[StatementsData_logId:2,DuelResponsesData_logId:0]
6607010,415,6:21:12,4,[StatementsData_logId:2,DuelResponsesData_logId:0,DuelResponsesData_ok_player_response]
6607010,416,6:21:12,4,[StatementsData_logId:2,DuelResponsesData_logId:0]
6607010,417,6:21:13,4,[StatementsData_logId:2,DuelResponsesData_logId:0]
6607010,418,6:21:13,4,[StatementsData_logId:2,true]
6607010,419,6:21:14,4,[StatementsData_logId:2,4]
6607010,411,6:21:25,4,[StatementsData_logId:2]
6607010,401,6:21:28,4,[StatementsData_logId:3]
6607010,404,6:21:32,4,[StatementsData_logId:3,false]
6607010,405,6:21:34,4,[StatementsData_logId:3]
6607010,406,6:21:35,4,[StatementsData_logId:3,-2]
6607010,411,6:21:36,4,[StatementsData_logId:3]
6607010,401,6:21:40,4,[StatementsData_logId:4]
6607010,402,6:21:41,4,[StatementsData_logId:4,true]
6607010,405,6:21:42,4,[StatementsData_logId:4]
6607010,406,6:21:43,4,[StatementsData_logId:4,2]
6607010,411,6:21:44,4,[StatementsData_logId:4]
6607010,401,6:21:45,4,[StatementsData_logId:5]
6607010,404,6:21:49,4,[StatementsData_logId:5,true]
6607010,406,6:21:49,4,[StatementsData_logId:5,2]
6607010,412,6:21:57,4,[StatementsData_logId:5]
6607010,413,6:22:3,4,[StatementsData_logId:5,DuelResponsesData_logId:0]
6607010,414,6:22:6,4,[StatementsData_logId:5,DuelResponsesData_logId:0]
6607010,415,6:22:18,4,[StatementsData_logId:5,DuelResponsesData_logId:0,DuelResponsesData_ok_player_response]
6607010,416,6:22:19,4,[StatementsData_logId:5,DuelResponsesData_logId:0]
6607010,417,6:22:19,4,[StatementsData_logId:5,DuelResponsesData_logId:0]
6607010,413,6:22:23,4,[StatementsData_logId:5,DuelResponsesData_logId:0]
6607010,414,6:22:24,4,[StatementsData_logId:5,DuelResponsesData_logId:0]
6607010,415,6:22:38,4,[StatementsData_logId:5,DuelResponsesData_logId:0,DuelResponsesData_witty_player_response]
6607010,416,6:22:39,4,[StatementsData_logId:5,DuelResponsesData_logId:0]
6607010,417,6:22:39,4,[StatementsData_logId:5,DuelResponsesData_logId:0]
6607010,413,6:22:40,4,[StatementsData_logId:5,DuelResponsesData_logId:0]
6607010,414,6:22:41,4,[StatementsData_logId:5,DuelResponsesData_logId:0]
6607010,415,6:22:53,4,[StatementsData_logId:5,DuelResponsesData_logId:0,DuelResponsesData_ok_player_response]
6607010,416,6:22:54,4,[StatementsData_logId:5,DuelResponsesData_logId:0]
6607010,417,6:22:55,4,[StatementsData_logId:5,DuelResponsesData_logId:0]
6607010,418,6:22:55,4,[StatementsData_logId:5,true]
6607010,419,6:22:56,4,[StatementsData_logId:5,4]
6607010,411,6:22:57,4,[StatementsData_logId:5]
6607010,420,6:22:57,4,[58]
6607010,1005,6:22:57,4,[0,0,2]
6607010,1001,6:22:58,4,[]
6607010,1003,6:22:58,0
6607010,210,6:23:3,757,587
6607010,211,6:23:3,757,587
6607010,210,6:23:4,655,492
6607010,211,6:23:7,386,403
6607010,210,6:23:8,980,372
6607010,211,6:23:10,830,693
6607010,221,6:23:11,11
6607010,220,6:23:12,11
6607010,204,6:23:15,11
6607010,100,6:23:19,8
6607010,102,6:23:20,8
6607010,200,6:23:20,8,22,24,18,24,27
6607010,210,6:23:22,386,352
6607010,211,6:23:25,659,558
6607010,213,6:23:25,8,s_backpack_G11a0,true
6607010,205,6:23:25,8,s_backpack_G11a0,false,true
6607010,212,6:23:29,1
6607010,210,6:23:30,652,519
6607010,211,6:23:37,921,262
6607010,213,6:23:37,8,s_lockChain_G11a0,true
6607010,212,6:23:42,2
6607010,210,6:23:42,429,299
6607010,211,6:23:43,444,310
6607010,213,6:23:43,8,c_friend1_M_G11a0,false
6607010,1003,6:23:46,2
6607010,1004,6:23:47,9
6607010,900,6:23:49,9,[]
6607010,901,6:23:50,9,[PeopleData_id:6]
6607010,902,6:23:52,9,[PeopleData_id:6,PeopleData_data2Type]
6607010,902,6:23:54,9,[PeopleData_id:6,PeopleData_data1Type]
6607010,902,6:23:56,9,[PeopleData_id:6,PeopleData_data0Type]
6607010,903,6:23:58,9,[PeopleData_id6,PeopleData_data0Type]
6607010,901,6:23:59,9,[PeopleData_id:6]
6607010,904,6:23:59,9,[PeopleData_id:6]
6607010,905,6:24:0,9,[PeopleData_id:6,RankTypes_id:-1,RankTypes_id:4]
6607010,901,6:24:1,9,[PeopleData_id:7]
6607010,904,6:24:1,9,[PeopleData_id:7]
6607010,902,6:24:2,9,[PeopleData_id:7,PeopleData_data3Type]
6607010,902,6:24:4,9,[PeopleData_id:7,PeopleData_data2Type]
6607010,902,6:24:7,9,[PeopleData_id:7,PeopleData_data1Type]
6607010,902,6:24:8,9,[PeopleData_id:7,PeopleData_data0Type]
6607010,903,6:24:9,9,[PeopleData_id7,PeopleData_data0Type]
6607010,901,6:24:10,9,[PeopleData_id:7]
6607010,904,6:24:11,9,[PeopleData_id:7]
6607010,905,6:24:11,9,[PeopleData_id:7,RankTypes_id:-1,RankTypes_id:3]
6607010,901,6:24:11,9,[PeopleData_id:4]
6607010,902,6:24:12,9,[PeopleData_id:4,PeopleData_data2Type]
6607010,902,6:24:13,9,[PeopleData_id:4,PeopleData_data3Type]
6607010,902,6:24:18,9,[PeopleData_id:4,PeopleData_data2Type]
6607010,902,6:24:26,9,[PeopleData_id:4,PeopleData_data1Type]
6607010,903,6:24:39,9,[PeopleData_id4,PeopleData_data1Type]
6607010,902,6:24:42,9,[PeopleData_id:4,PeopleData_data0Type]
6607010,902,6:24:46,9,[PeopleData_id:4,PeopleData_data1Type]
6607010,902,6:24:48,9,[PeopleData_id:4,PeopleData_data2Type]
6607010,903,6:24:49,9,[PeopleData_id4,PeopleData_data2Type]
6607010,901,6:24:50,9,[PeopleData_id:4]
6607010,904,6:24:50,9,[PeopleData_id:4]
6607010,905,6:24:50,9,[PeopleData_id:4,RankTypes_id:-1,RankTypes_id:0]
6607010,901,6:24:51,9,[PeopleData_id:2]
6607010,904,6:24:51,9,[PeopleData_id:2]
6607010,901,6:25:0,9,[PeopleData_id:2]
6607010,901,6:25:1,9,[PeopleData_id:4]
6607010,904,6:25:1,9,[PeopleData_id:4]
6607010,905,6:25:1,9,[PeopleData_id:4,RankTypes_id:0,RankTypes_id:1]
6607010,901,6:25:2,9,[PeopleData_id:2]
6607010,902,6:25:2,9,[PeopleData_id:2,PeopleData_data3Type]
6607010,902,6:25:7,9,[PeopleData_id:2,PeopleData_data2Type]
6607010,903,6:25:11,9,[PeopleData_id2,PeopleData_data2Type]
6607010,901,6:25:12,9,[PeopleData_id:2]
6607010,904,6:25:12,9,[PeopleData_id:2]
6607010,905,6:25:13,9,[PeopleData_id:2,RankTypes_id:-1,RankTypes_id:0]
6607010,901,6:25:14,9,[PeopleData_id:2]
6607010,904,6:25:14,9,[PeopleData_id:2]
6607010,905,6:25:14,9,[PeopleData_id:2,RankTypes_id:0,RankTypes_id:1]
6607010,901,6:25:15,9,[PeopleData_id:2]
6607010,904,6:25:15,9,[PeopleData_id:2]
6607010,901,6:25:16,9,[PeopleData_id:2]
6607010,904,6:25:16,9,[PeopleData_id:2]
6607010,901,6:25:17,9,[PeopleData_id:2]
6607010,904,6:25:17,9,[PeopleData_id:2]
6607010,905,6:25:17,9,[PeopleData_id:2,RankTypes_id:1,RankTypes_id:0]
6607010,901,6:25:18,9,[PeopleData_id:9]
6607010,902,6:25:18,9,[PeopleData_id:9,PeopleData_data2Type]
6607010,902,6:25:23,9,[PeopleData_id:9,PeopleData_data1Type]
6607010,902,6:25:26,9,[PeopleData_id:9,PeopleData_data0Type]
6607010,903,6:25:28,9,[PeopleData_id9,PeopleData_data0Type]
6607010,901,6:25:29,9,[PeopleData_id:9]
6607010,901,6:25:29,9,[PeopleData_id:9]
6607010,904,6:25:29,9,[PeopleData_id:9]
6607010,905,6:25:30,9,[PeopleData_id:9,RankTypes_id:-1,RankTypes_id:3]
6607010,901,6:25:31,9,[PeopleData_id:9]
6607010,905,6:25:31,9,[PeopleData_id:9,RankTypes_id:3,RankTypes_id:3]
6607010,902,6:25:32,9,[PeopleData_id:9,PeopleData_data2Type]
6607010,902,6:25:33,9,[PeopleData_id:9,PeopleData_data1Type]
6607010,902,6:25:38,9,[PeopleData_id:9,PeopleData_data0Type]
6607010,903,6:25:41,9,[PeopleData_id9,PeopleData_data0Type]
6607010,901,6:25:42,9,[PeopleData_id:0]
6607010,904,6:25:43,9,[PeopleData_id:0]
6607010,902,6:25:45,9,[PeopleData_id:0,PeopleData_data3Type]
6607010,902,6:25:47,9,[PeopleData_id:0,PeopleData_data2Type]
6607010,902,6:25:49,9,[PeopleData_id:0,PeopleData_data1Type]
6607010,902,6:25:51,9,[PeopleData_id:0,PeopleData_data0Type]
6607010,903,6:25:54,9,[PeopleData_id0,PeopleData_data0Type]
6607010,901,6:25:55,9,[PeopleData_id:0]
6607010,904,6:25:55,9,[PeopleData_id:0]
6607010,905,6:25:56,9,[PeopleData_id:0,RankTypes_id:-1,RankTypes_id:4]
6607010,901,6:25:57,9,[PeopleData_id:3]
6607010,902,6:25:58,9,[PeopleData_id:3,PeopleData_data3Type]
6607010,902,6:26:1,9,[PeopleData_id:3,PeopleData_data2Type]
6607010,902,6:26:5,9,[PeopleData_id:3,PeopleData_data1Type]
6607010,902,6:26:11,9,[PeopleData_id:3,PeopleData_data0Type]
6607010,903,6:26:13,9,[PeopleData_id3,PeopleData_data0Type]
6607010,901,6:26:14,9,[PeopleData_id:0]
6607010,904,6:26:14,9,[PeopleData_id:0]
6607010,905,6:26:14,9,[PeopleData_id:0,RankTypes_id:4,RankTypes_id:3]
6607010,901,6:26:15,9,[PeopleData_id:3]
6607010,904,6:26:15,9,[PeopleData_id:3]
6607010,901,6:26:16,9,[PeopleData_id:3]
6607010,904,6:26:17,9,[PeopleData_id:3]
6607010,905,6:26:17,9,[PeopleData_id:3,RankTypes_id:-1,RankTypes_id:4]
6607010,901,6:26:18,9,[PeopleData_id:1]
6607010,902,6:26:19,9,[PeopleData_id:1,PeopleData_data3Type]
6607010,903,6:26:21,9,[PeopleData_id1,PeopleData_data3Type]
6607010,902,6:26:22,9,[PeopleData_id:1,PeopleData_data2Type]
6607010,902,6:26:32,9,[PeopleData_id:1,PeopleData_data1Type]
6607010,902,6:26:37,9,[PeopleData_id:1,PeopleData_data0Type]
6607010,903,6:26:41,9,[PeopleData_id1,PeopleData_data0Type]
6607010,901,6:26:41,9,[PeopleData_id:1]
6607010,904,6:26:41,9,[PeopleData_id:1]
6607010,905,6:26:42,9,[PeopleData_id:1,RankTypes_id:-1,RankTypes_id:3]
6607010,901,6:26:43,9,[PeopleData_id:8]
6607010,904,6:26:43,9,[PeopleData_id:8]
6607010,902,6:26:44,9,[PeopleData_id:8,PeopleData_data3Type]
6607010,902,6:26:46,9,[PeopleData_id:8,PeopleData_data2Type]
6607010,902,6:26:49,9,[PeopleData_id:8,PeopleData_data1Type]
6607010,902,6:26:52,9,[PeopleData_id:8,PeopleData_data0Type]
6607010,903,6:26:54,9,[PeopleData_id8,PeopleData_data0Type]
6607010,902,6:26:56,9,[PeopleData_id:8,PeopleData_data3Type]
6607010,902,6:26:57,9,[PeopleData_id:8,PeopleData_data2Type]
6607010,903,6:27:0,9,[PeopleData_id8,PeopleData_data2Type]
6607010,901,6:27:0,9,[PeopleData_id:8]
6607010,904,6:27:0,9,[PeopleData_id:8]
6607010,905,6:27:1,9,[PeopleData_id:8,RankTypes_id:-1,RankTypes_id:3]
6607010,901,6:27:2,9,[PeopleData_id:5]
6607010,902,6:27:3,9,[PeopleData_id:5,PeopleData_data3Type]
6607010,902,6:27:8,9,[PeopleData_id:5,PeopleData_data2Type]
6607010,902,6:27:16,9,[PeopleData_id:5,PeopleData_data3Type]
6607010,902,6:27:17,9,[PeopleData_id:5,PeopleData_data2Type]
6607010,902,6:27:24,9,[PeopleData_id:5,PeopleData_data1Type]
6607010,902,6:27:32,9,[PeopleData_id:5,PeopleData_data0Type]
6607010,903,6:27:34,9,[PeopleData_id5,PeopleData_data0Type]
6607010,901,6:27:35,9,[PeopleData_id:4]
6607010,905,6:27:35,9,[PeopleData_id:4,RankTypes_id:1,RankTypes_id:1]
6607010,902,6:27:35,9,[PeopleData_id:4,PeopleData_data3Type]
6607010,903,6:27:37,9,[PeopleData_id4,PeopleData_data3Type]
6607010,901,6:27:38,9,[PeopleData_id:5]
6607010,902,6:27:39,9,[PeopleData_id:5,PeopleData_data3Type]
6607010,902,6:27:40,9,[PeopleData_id:5,PeopleData_data2Type]
6607010,902,6:27:40,9,[PeopleData_id:5,PeopleData_data1Type]
6607010,902,6:27:42,9,[PeopleData_id:5,PeopleData_data0Type]
6607010,903,6:27:44,9,[PeopleData_id5,PeopleData_data0Type]
6607010,901,6:27:45,9,[PeopleData_id:5]
6607010,904,6:27:45,9,[PeopleData_id:5]
6607010,905,6:27:45,9,[PeopleData_id:5,RankTypes_id:-1,RankTypes_id:3]
6607010,906,6:27:45,9,[]
6607010,907,6:27:46,9,[]
6607010,908,6:27:46,9,[InvitationData_id:6,PeopleData_id:1,RankTypes_id:3]
6607010,909,6:27:53,9,[InvitationData_id:6,PeopleData_id:1,RankTypes_id:3,1]
6607010,910,6:27:54,9,[InvitationData_id:6,7,false]
6607010,908,6:27:54,9,[InvitationData_id:9,PeopleData_id:0,RankTypes_id:3]
6607010,909,6:27:59,9,[InvitationData_id:9,PeopleData_id:0,RankTypes_id:3,1]
6607010,910,6:28:0,9,[InvitationData_id:9,7,false]
6607010,908,6:28:0,9,[InvitationData_id:5,PeopleData_id:5,RankTypes_id:3]
6607010,909,6:28:3,9,[InvitationData_id:5,PeopleData_id:5,RankTypes_id:3,1]
6607010,910,6:28:8,9,[InvitationData_id:5,0,true]
6607010,908,6:28:8,9,[InvitationData_id:1,PeopleData_id:5,RankTypes_id:3]
6607010,909,6:28:15,9,[InvitationData_id:1,PeopleData_id:5,RankTypes_id:3,0]
6607010,910,6:28:16,9,[InvitationData_id:1,-7,false]
6607010,908,6:28:16,9,[InvitationData_id:3,PeopleData_id:7,RankTypes_id:3]
6607010,909,6:28:21,9,[InvitationData_id:3,PeopleData_id:7,RankTypes_id:3,0]
6607010,910,6:28:23,9,[InvitationData_id:3,-7,false]
6607010,908,6:28:23,9,[InvitationData_id:14,PeopleData_id:1,RankTypes_id:3]
6607010,909,6:28:30,9,[InvitationData_id:14,PeopleData_id:1,RankTypes_id:3,1]
6607010,910,6:28:30,9,[InvitationData_id:14,7,false]
6607010,908,6:28:30,9,[InvitationData_id:11,PeopleData_id:0,RankTypes_id:3]
6607010,909,6:28:34,9,[InvitationData_id:11,PeopleData_id:0,RankTypes_id:3,1]
6607010,910,6:28:35,9,[InvitationData_id:11,7,false]
6607010,908,6:28:35,9,[InvitationData_id:12,PeopleData_id:3,RankTypes_id:4]
6607010,909,6:28:40,9,[InvitationData_id:12,PeopleData_id:3,RankTypes_id:4,1]
6607010,910,6:28:46,9,[InvitationData_id:12,0,true]
6607010,908,6:28:46,9,[InvitationData_id:0,PeopleData_id:6,RankTypes_id:4]
6607010,909,6:28:50,9,[InvitationData_id:0,PeopleData_id:6,RankTypes_id:4,1]
6607010,910,6:28:50,9,[InvitationData_id:0,9,false]
6607010,908,6:28:50,9,[InvitationData_id:2,PeopleData_id:0,RankTypes_id:3]
6607010,909,6:28:58,9,[InvitationData_id:2,PeopleData_id:0,RankTypes_id:3,1]
6607010,910,6:28:59,9,[InvitationData_id:2,7,false]
6607010,908,6:28:59,9,[InvitationData_id:4,PeopleData_id:1,RankTypes_id:3]
6607010,909,6:29:2,9,[InvitationData_id:4,PeopleData_id:1,RankTypes_id:3,1]
6607010,910,6:29:5,9,[InvitationData_id:4,0,true]
6607010,912,6:29:6,9,[]
6607010,1001,6:29:8,9,[]
6607010,1003,6:29:8,2
6607010,1004,6:29:12,9
6607010,900,6:29:14,9,[]
6607010,901,6:29:14,9,[PeopleData_id:3]
6607010,902,6:29:15,9,[PeopleData_id:3,PeopleData_data3Type]
6607010,902,6:29:16,9,[PeopleData_id:3,PeopleData_data2Type]
6607010,902,6:29:17,9,[PeopleData_id:3,PeopleData_data1Type]
6607010,903,6:29:18,9,[PeopleData_id3,PeopleData_data1Type]
6607010,901,6:29:19,9,[PeopleData_id:3]
6607010,904,6:29:19,9,[PeopleData_id:3]
6607010,905,6:29:19,9,[PeopleData_id:3,RankTypes_id:-1,RankTypes_id:3]
6607010,901,6:29:21,9,[PeopleData_id:9]
6607010,902,6:29:21,9,[PeopleData_id:9,PeopleData_data2Type]
6607010,902,6:29:22,9,[PeopleData_id:9,PeopleData_data1Type]
6607010,903,6:29:25,9,[PeopleData_id9,PeopleData_data1Type]
6607010,901,6:29:26,9,[PeopleData_id:9]
6607010,904,6:29:26,9,[PeopleData_id:9]
6607010,905,6:29:27,9,[PeopleData_id:9,RankTypes_id:-1,RankTypes_id:4]
6607010,901,6:29:28,9,[PeopleData_id:4]
6607010,902,6:29:29,9,[PeopleData_id:4,PeopleData_data2Type]
6607010,902,6:29:29,9,[PeopleData_id:4,PeopleData_data3Type]
6607010,903,6:29:31,9,[PeopleData_id4,PeopleData_data3Type]
6607010,901,6:29:31,9,[PeopleData_id:4]
6607010,904,6:29:31,9,[PeopleData_id:4]
6607010,905,6:29:32,9,[PeopleData_id:4,RankTypes_id:-1,RankTypes_id:1]
6607010,901,6:29:32,9,[PeopleData_id:7]
6607010,902,6:29:34,9,[PeopleData_id:7,PeopleData_data3Type]
6607010,902,6:29:35,9,[PeopleData_id:7,PeopleData_data2Type]
6607010,902,6:29:35,9,[PeopleData_id:7,PeopleData_data0Type]
6607010,903,6:29:36,9,[PeopleData_id7,PeopleData_data0Type]
6607010,901,6:29:37,9,[PeopleData_id:7]
6607010,904,6:29:37,9,[PeopleData_id:7]
6607010,905,6:29:38,9,[PeopleData_id:7,RankTypes_id:-1,RankTypes_id:1]
6607010,901,6:29:38,9,[PeopleData_id:8]
6607010,904,6:29:38,9,[PeopleData_id:8]
6607010,902,6:29:39,9,[PeopleData_id:8,PeopleData_data3Type]
6607010,902,6:29:41,9,[PeopleData_id:8,PeopleData_data2Type]
6607010,902,6:29:42,9,[PeopleData_id:8,PeopleData_data1Type]
6607010,903,6:29:44,9,[PeopleData_id8,PeopleData_data1Type]
6607010,901,6:29:44,9,[PeopleData_id:8]
6607010,904,6:29:45,9,[PeopleData_id:8]
6607010,905,6:29:45,9,[PeopleData_id:8,RankTypes_id:-1,RankTypes_id:4]
6607010,901,6:29:46,9,[PeopleData_id:6]
6607010,904,6:29:46,9,[PeopleData_id:6]
6607010,901,6:29:47,9,[PeopleData_id:2]
6607010,904,6:29:47,9,[PeopleData_id:2]
6607010,902,6:29:48,9,[PeopleData_id:2,PeopleData_data3Type]
6607010,902,6:29:48,9,[PeopleData_id:2,PeopleData_data2Type]
6607010,903,6:29:49,9,[PeopleData_id2,PeopleData_data2Type]
6607010,901,6:29:50,9,[PeopleData_id:2]
6607010,904,6:29:50,9,[PeopleData_id:2]
6607010,901,6:29:51,9,[PeopleData_id:2]
6607010,904,6:29:51,9,[PeopleData_id:2]
6607010,905,6:29:52,9,[PeopleData_id:2,RankTypes_id:-1,RankTypes_id:1]
6607010,901,6:29:52,9,[PeopleData_id:0]
6607010,902,6:29:53,9,[PeopleData_id:0,PeopleData_data3Type]
6607010,902,6:29:55,9,[PeopleData_id:0,PeopleData_data2Type]
6607010,903,6:29:56,9,[PeopleData_id0,PeopleData_data2Type]
6607010,901,6:29:58,9,[PeopleData_id:9]
6607010,904,6:29:58,9,[PeopleData_id:9]
6607010,905,6:29:59,9,[PeopleData_id:9,RankTypes_id:4,RankTypes_id:3]
6607010,901,6:29:59,9,[PeopleData_id:0]
6607010,904,6:30:0,9,[PeopleData_id:0]
6607010,905,6:30:0,9,[PeopleData_id:0,RankTypes_id:-1,RankTypes_id:4]
6607010,902,6:30:1,9,[PeopleData_id:0,PeopleData_data3Type]
6607010,903,6:30:3,9,[PeopleData_id0,PeopleData_data3Type]
6607010,901,6:30:3,9,[PeopleData_id:6]
6607010,904,6:30:3,9,[PeopleData_id:6]
6607010,902,6:30:4,9,[PeopleData_id:6,PeopleData_data2Type]
6607010,902,6:30:6,9,[PeopleData_id:6,PeopleData_data1Type]
6607010,903,6:30:9,9,[PeopleData_id6,PeopleData_data1Type]
6607010,901,6:30:11,9,[PeopleData_id:8]
6607010,904,6:30:12,9,[PeopleData_id:8]
6607010,905,6:30:12,9,[PeopleData_id:8,RankTypes_id:4,RankTypes_id:3]
6607010,901,6:30:12,9,[PeopleData_id:6]
6607010,904,6:30:12,9,[PeopleData_id:6]
6607010,905,6:30:13,9,[PeopleData_id:6,RankTypes_id:-1,RankTypes_id:4]
6607010,901,6:30:13,9,[PeopleData_id:5]
6607010,902,6:30:14,9,[PeopleData_id:5,PeopleData_data3Type]
6607010,902,6:30:15,9,[PeopleData_id:5,PeopleData_data2Type]
6607010,902,6:30:16,9,[PeopleData_id:5,PeopleData_data1Type]
6607010,902,6:30:18,9,[PeopleData_id:5,PeopleData_data0Type]
6607010,903,6:30:19,9,[PeopleData_id5,PeopleData_data0Type]
6607010,901,6:30:19,9,[PeopleData_id:5]
6607010,904,6:30:19,9,[PeopleData_id:5]
6607010,905,6:30:20,9,[PeopleData_id:5,RankTypes_id:-1,RankTypes_id:3]
6607010,901,6:30:20,9,[PeopleData_id:1]
6607010,902,6:30:21,9,[PeopleData_id:1,PeopleData_data3Type]
6607010,902,6:30:23,9,[PeopleData_id:1,PeopleData_data2Type]
6607010,903,6:30:26,9,[PeopleData_id1,PeopleData_data2Type]
6607010,901,6:30:27,9,[PeopleData_id:5]
6607010,904,6:30:28,9,[PeopleData_id:5]
6607010,905,6:30:28,9,[PeopleData_id:5,RankTypes_id:3,RankTypes_id:1]
6607010,901,6:30:29,9,[PeopleData_id:1]
6607010,902,6:30:30,9,[PeopleData_id:1,PeopleData_data2Type]
6607010,902,6:30:32,9,[PeopleData_id:1,PeopleData_data3Type]
6607010,902,6:30:34,9,[PeopleData_id:1,PeopleData_data0Type]
6607010,903,6:30:37,9,[PeopleData_id1,PeopleData_data0Type]
6607010,901,6:30:38,9,[PeopleData_id:1]
6607010,904,6:30:38,9,[PeopleData_id:1]
6607010,905,6:30:40,9,[PeopleData_id:1,RankTypes_id:-1,RankTypes_id:2]
6607010,906,6:30:40,9,[]
6607010,907,6:30:41,9,[]
6607010,908,6:30:41,9,[InvitationData_id:14,PeopleData_id:8,RankTypes_id:3]
6607010,909,6:30:47,9,[InvitationData_id:14,PeopleData_id:8,RankTypes_id:3,1]
6607010,910,6:30:48,9,[InvitationData_id:14,7,false]
6607010,908,6:30:48,9,[InvitationData_id:13,PeopleData_id:2,RankTypes_id:1]
6607010,909,6:30:53,9,[InvitationData_id:13,PeopleData_id:2,RankTypes_id:1,0]
6607010,910,6:30:55,9,[InvitationData_id:13,0,false]
6607010,908,6:30:55,9,[InvitationData_id:0,PeopleData_id:6,RankTypes_id:4]
6607010,909,6:30:59,9,[InvitationData_id:0,PeopleData_id:6,RankTypes_id:4,1]
6607010,910,6:30:59,9,[InvitationData_id:0,9,false]
6607010,908,6:30:59,9,[InvitationData_id:10,PeopleData_id:8,RankTypes_id:3]
6607010,909,6:31:8,9,[InvitationData_id:10,PeopleData_id:8,RankTypes_id:3,1]
6607010,910,6:31:9,9,[InvitationData_id:10,7,false]
6607010,908,6:31:9,9,[InvitationData_id:8,PeopleData_id:8,RankTypes_id:3]
6607010,909,6:31:13,9,[InvitationData_id:8,PeopleData_id:8,RankTypes_id:3,0]
6607010,910,6:31:15,9,[InvitationData_id:8,-7,false]
6607010,908,6:31:15,9,[InvitationData_id:7,PeopleData_id:0,RankTypes_id:4]
6607010,909,6:31:24,9,[InvitationData_id:7,PeopleData_id:0,RankTypes_id:4,1]
6607010,910,6:31:25,9,[InvitationData_id:7,9,false]
6607010,908,6:31:25,9,[InvitationData_id:5,PeopleData_id:4,RankTypes_id:1]
6607010,909,6:31:36,9,[InvitationData_id:5,PeopleData_id:4,RankTypes_id:1,0]
6607010,910,6:31:39,9,[InvitationData_id:5,0,false]
6607010,908,6:31:39,9,[InvitationData_id:12,PeopleData_id:3,RankTypes_id:3]
6607010,909,6:31:51,9,[InvitationData_id:12,PeopleData_id:3,RankTypes_id:3,1]
6607010,910,6:31:53,9,[InvitationData_id:12,0,true]
6607010,908,6:31:53,9,[InvitationData_id:4,PeopleData_id:1,RankTypes_id:2]
6607010,909,6:31:58,9,[InvitationData_id:4,PeopleData_id:1,RankTypes_id:2,0]
6607010,910,6:31:59,9,[InvitationData_id:4,-2,false]
6607010,908,6:31:59,9,[InvitationData_id:2,PeopleData_id:0,RankTypes_id:4]
6607010,909,6:32:4,9,[InvitationData_id:2,PeopleData_id:0,RankTypes_id:4,1]
6607010,910,6:32:4,9,[InvitationData_id:2,9,false]
6607010,908,6:32:4,9,[InvitationData_id:9,PeopleData_id:0,RankTypes_id:4]
6607010,909,6:32:12,9,[InvitationData_id:9,PeopleData_id:0,RankTypes_id:4,1]
6607010,910,6:32:12,9,[InvitationData_id:9,9,false]
6607010,908,6:32:12,9,[InvitationData_id:1,PeopleData_id:5,RankTypes_id:1]
6607010,909,6:32:16,9,[InvitationData_id:1,PeopleData_id:5,RankTypes_id:1,0]
6607010,910,6:32:16,9,[InvitationData_id:1,0,false]
6607010,908,6:32:16,9,[InvitationData_id:11,PeopleData_id:0,RankTypes_id:4]
6607010,909,6:32:24,9,[InvitationData_id:11,PeopleData_id:0,RankTypes_id:4,1]
6607010,910,6:32:25,9,[InvitationData_id:11,9,false]
6607010,908,6:32:25,9,[InvitationData_id:3,PeopleData_id:4,RankTypes_id:1]
6607010,909,6:32:28,9,[InvitationData_id:3,PeopleData_id:4,RankTypes_id:1,0]
6607010,910,6:32:29,9,[InvitationData_id:3,0,false]
6607010,908,6:32:29,9,[InvitationData_id:6,PeopleData_id:9,RankTypes_id:3]
6607010,909,6:32:34,9,[InvitationData_id:6,PeopleData_id:9,RankTypes_id:3,1]
6607010,910,6:32:35,9,[InvitationData_id:6,7,false]
6607010,911,6:32:36,9,[57,1,0,1]
6607010,1005,6:32:36,9,[2,0,2]
6607010,1001,6:32:37,9,[]
6607010,1003,6:32:37,2
6607010,210,6:32:40,691,445
6607010,211,6:32:43,440,355
6607010,213,6:32:43,8,c_friend1_M_G11a0,true
6607010,205,6:32:43,8,c_friend1_M_G11a0,false,false
6607010,221,6:32:47,8
6607010,220,6:32:49,8
6607010,210,6:32:52,499,424
6607010,211,6:32:52,521,437
6607010,213,6:32:52,8,c_crush1_M_G11a1N,true
6607010,205,6:32:52,8,c_crush1_M_G11a1N,false,false
6607010,210,6:33:3,384,337
6607010,207,6:33:5,8,-200,-20
6607010,211,6:33:7,503,589
6607010,210,6:33:7,883,217
6607010,207,6:33:9,8,-20,-455
6607010,211,6:33:10,1325,586
6607010,213,6:33:10,8,s_computer_M_gen,true
6607010,210,6:33:12,1259,309
6607010,207,6:33:12,8,-455,-500
6607010,207,6:33:18,8,-500,-335
6607010,207,6:33:20,8,-335,0
6607010,211,6:33:22,284,284
6607010,212,6:33:23,1
6607010,210,6:33:23,757,404
6607010,211,6:33:24,907,306
6607010,213,6:33:24,8,s_door_M_gen,true
6607010,205,6:33:24,8,s_door_M_gen,false,false
6607010,210,6:33:28,930,484
6607010,207,6:33:28,8,0,-255
6607010,207,6:33:30,8,-255,-420
6607010,211,6:33:30,1268,359
6607010,213,6:33:30,8,s_window_M_G11a1N,true
6607010,205,6:33:30,8,s_window_M_G11a1N,false,false
6607010,210,6:33:35,1053,340
6607010,211,6:33:41,521,204
6607010,213,6:33:41,8,s_calendar_M_gen,true
6607010,210,6:33:45,442,276
6607010,207,6:33:45,8,-420,-270
6607010,207,6:33:47,8,-270,-105
6607010,207,6:33:49,8,-105,-60
6607010,211,6:33:50,323,569
6607010,213,6:33:50,8,s_bed_M_G11a1N,true
6607010,205,6:33:50,8,s_bed_M_G11a1N,false,false
6607010,210,6:33:54,806,389
6607010,211,6:33:56,1314,590
6607010,207,6:33:56,8,-60,-315
6607010,212,6:33:56,2
6607010,210,6:33:57,926,515
6607010,211,6:33:58,706,418
6607010,212,6:33:59,0
6607010,210,6:33:59,1399,547
6607010,207,6:34:0,8,-315,-510
6607010,207,6:34:0,8,-510,-512
6607010,211,6:34:4,1069,506
6607010,213,6:34:4,8,s_basketball_M_gen,true
6607010,205,6:34:4,8,s_basketball_M_gen,false,false
6607010,221,6:34:11,8
6607010,220,6:34:13,8
6607010,219,6:34:13,8
6607010,216,6:34:13,Stack_G11a1P
6607010,217,6:34:33,Stack_G11a1P,14,0.30
6607010,218,6:34:36,8
6607010,210,6:34:37,686,303
6607010,211,6:34:39,739,146
6607010,213,6:34:39,8,s_rubberGloves_G11a1P,true
6607010,205,6:34:39,8,s_rubberGloves_G11a1P,false,false
6607010,210,6:34:42,493,136
6607010,211,6:34:44,455,137
6607010,213,6:34:44,8,s_pamphlet2_G11a1P,true
6607010,210,6:34:49,1011,421
6607010,207,6:34:51,8,-200,-492
6607010,207,6:34:56,8,-492,-132
6607010,211,6:34:58,231,600
6607010,213,6:34:58,8,s_pamphlet3_G11a1P,true
6607010,210,6:35:1,233,564
6607010,207,6:35:2,8,-132,0
6607010,211,6:35:5,2,213
6607010,210,6:35:6,98,384
6607010,211,6:35:6,98,384
6607010,212,6:35:7,1
6607010,210,6:35:8,683,305
6607010,211,6:35:8,658,282
6607010,210,6:35:8,857,305
6607010,207,6:35:9,8,0,-105
6607010,211,6:35:11,560,143
6607010,213,6:35:11,8,s_pamphlet1_G11a1P,true
6607010,210,6:35:13,958,456
6607010,207,6:35:15,8,-105,-435
6607010,207,6:35:18,8,-435,-195
6607010,207,6:35:19,8,-195,0
6607010,207,6:35:31,8,0,-390
6607010,211,6:35:31,1362,568
6607010,207,6:35:31,8,-390,-420
6607010,212,6:35:32,2
6607010,210,6:35:33,1054,357
6607010,211,6:35:33,963,280
6607010,213,6:35:33,8,c_friend1_M_G11a1P,false
6607010,1003,6:35:36,2
6607010,1004,6:36:5,5
6607010,900,6:36:6,5,[]
6607010,901,6:36:7,5,[PeopleData_id:4]
6607010,904,6:36:8,5,[PeopleData_id:4]
6607010,902,6:36:9,5,[PeopleData_id:4,PeopleData_data3Type]
6607010,903,6:36:12,5,[PeopleData_id4,PeopleData_data3Type]
6607010,901,6:36:13,5,[PeopleData_id:4]
6607010,904,6:36:13,5,[PeopleData_id:4]
6607010,905,6:36:14,5,[PeopleData_id:4,RankTypes_id:-1,RankTypes_id:1]
6607010,901,6:36:15,5,[PeopleData_id:4]
6607010,904,6:36:15,5,[PeopleData_id:4]
6607010,905,6:36:15,5,[PeopleData_id:4,RankTypes_id:1,RankTypes_id:0]
6607010,901,6:36:16,5,[PeopleData_id:1]
6607010,902,6:36:17,5,[PeopleData_id:1,PeopleData_data3Type]
6607010,902,6:36:21,5,[PeopleData_id:1,PeopleData_data2Type]
6607010,902,6:36:23,5,[PeopleData_id:1,PeopleData_data0Type]
6607010,902,6:36:25,5,[PeopleData_id:1,PeopleData_data1Type]
6607010,903,6:36:26,5,[PeopleData_id1,PeopleData_data1Type]
6607010,901,6:36:26,5,[PeopleData_id:1]
6607010,904,6:36:26,5,[PeopleData_id:1]
6607010,905,6:36:27,5,[PeopleData_id:1,RankTypes_id:-1,RankTypes_id:4]
6607010,901,6:36:28,5,[PeopleData_id:3]
6607010,902,6:36:28,5,[PeopleData_id:3,PeopleData_data2Type]
6607010,903,6:36:37,5,[PeopleData_id3,PeopleData_data2Type]
6607010,902,6:36:38,5,[PeopleData_id:3,PeopleData_data1Type]
6607010,902,6:36:41,5,[PeopleData_id:3,PeopleData_data0Type]
6607010,903,6:36:43,5,[PeopleData_id3,PeopleData_data0Type]
6607010,901,6:36:44,5,[PeopleData_id:3]
6607010,904,6:36:44,5,[PeopleData_id:3]
6607010,905,6:36:45,5,[PeopleData_id:3,RankTypes_id:-1,RankTypes_id:1]
6607010,901,6:36:45,5,[PeopleData_id:2]
6607010,902,6:36:46,5,[PeopleData_id:2,PeopleData_data2Type]
6607010,902,6:36:48,5,[PeopleData_id:2,PeopleData_data1Type]
6607010,903,6:36:50,5,[PeopleData_id2,PeopleData_data1Type]
6607010,901,6:36:50,5,[PeopleData_id:2]
6607010,904,6:36:50,5,[PeopleData_id:2]
6607010,905,6:36:51,5,[PeopleData_id:2,RankTypes_id:-1,RankTypes_id:0]
6607010,901,6:36:51,5,[PeopleData_id:7]
6607010,902,6:36:52,5,[PeopleData_id:7,PeopleData_data3Type]
6607010,902,6:36:54,5,[PeopleData_id:7,PeopleData_data2Type]
6607010,902,6:36:57,5,[PeopleData_id:7,PeopleData_data1Type]
6607010,902,6:37:0,5,[PeopleData_id:7,PeopleData_data0Type]
6607010,903,6:37:1,5,[PeopleData_id7,PeopleData_data0Type]
6607010,901,6:37:2,5,[PeopleData_id:7]
6607010,904,6:37:2,5,[PeopleData_id:7]
6607010,901,6:37:6,5,[PeopleData_id:7]
6607010,904,6:37:6,5,[PeopleData_id:7]
6607010,905,6:37:7,5,[PeopleData_id:7,RankTypes_id:-1,RankTypes_id:2]
6607010,901,6:37:7,5,[PeopleData_id:0]
6607010,902,6:37:8,5,[PeopleData_id:0,PeopleData_data3Type]
6607010,902,6:37:11,5,[PeopleData_id:0,PeopleData_data2Type]
6607010,902,6:37:12,5,[PeopleData_id:0,PeopleData_data1Type]
6607010,902,6:37:13,5,[PeopleData_id:0,PeopleData_data0Type]
6607010,902,6:37:15,5,[PeopleData_id:0,PeopleData_data1Type]
6607010,903,6:37:17,5,[PeopleData_id0,PeopleData_data1Type]
6607010,901,6:37:17,5,[PeopleData_id:0]
6607010,904,6:37:17,5,[PeopleData_id:0]
6607010,905,6:37:18,5,[PeopleData_id:0,RankTypes_id:-1,RankTypes_id:4]
6607010,901,6:37:19,5,[PeopleData_id:5]
6607010,902,6:37:20,5,[PeopleData_id:5,PeopleData_data3Type]
6607010,902,6:37:24,5,[PeopleData_id:5,PeopleData_data2Type]
6607010,902,6:37:36,5,[PeopleData_id:5,PeopleData_data1Type]
6607010,902,6:37:40,5,[PeopleData_id:5,PeopleData_data0Type]
6607010,903,6:37:41,5,[PeopleData_id5,PeopleData_data0Type]
6607010,901,6:37:42,5,[PeopleData_id:5]
6607010,904,6:37:42,5,[PeopleData_id:5]
6607010,901,6:37:44,5,[PeopleData_id:5]
6607010,904,6:37:45,5,[PeopleData_id:5]
6607010,905,6:37:45,5,[PeopleData_id:5,RankTypes_id:-1,RankTypes_id:1]
6607010,901,6:37:46,5,[PeopleData_id:6]
6607010,902,6:37:46,5,[PeopleData_id:6,PeopleData_data3Type]
6607010,902,6:37:53,5,[PeopleData_id:6,PeopleData_data2Type]
6607010,902,6:37:58,5,[PeopleData_id:6,PeopleData_data1Type]
6607010,902,6:38:3,5,[PeopleData_id:6,PeopleData_data0Type]
6607010,903,6:38:9,5,[PeopleData_id6,PeopleData_data0Type]
6607010,901,6:38:9,5,[PeopleData_id:6]
6607010,904,6:38:9,5,[PeopleData_id:6]
6607010,905,6:38:10,5,[PeopleData_id:6,RankTypes_id:-1,RankTypes_id:3]
6607010,906,6:38:10,5,[]
6607010,907,6:38:11,5,[]
6607010,908,6:38:11,5,[InvitationData_id:5,PeopleData_id:7,RankTypes_id:2]
6607010,909,6:38:14,5,[InvitationData_id:5,PeopleData_id:7,RankTypes_id:2,0]
6607010,910,6:38:15,5,[InvitationData_id:5,-2,false]
6607010,908,6:38:15,5,[InvitationData_id:4,PeopleData_id:7,RankTypes_id:2]
6607010,909,6:38:19,5,[InvitationData_id:4,PeopleData_id:7,RankTypes_id:2,1]
6607010,910,6:38:20,5,[InvitationData_id:4,0,true]
6607010,908,6:38:20,5,[InvitationData_id:2,PeopleData_id:1,RankTypes_id:4]
6607010,909,6:38:30,5,[InvitationData_id:2,PeopleData_id:1,RankTypes_id:4,1]
6607010,910,6:38:31,5,[InvitationData_id:2,9,false]
6607010,908,6:38:31,5,[InvitationData_id:6,PeopleData_id:0,RankTypes_id:4]
6607010,909,6:38:39,5,[InvitationData_id:6,PeopleData_id:0,RankTypes_id:4,1]
6607010,910,6:38:40,5,[InvitationData_id:6,9,false]
6607010,908,6:38:40,5,[InvitationData_id:0,PeopleData_id:6,RankTypes_id:3]
6607010,909,6:38:45,5,[InvitationData_id:0,PeopleData_id:6,RankTypes_id:3,1]
6607010,910,6:38:45,5,[InvitationData_id:0,7,false]
6607010,908,6:38:45,5,[InvitationData_id:1,PeopleData_id:1,RankTypes_id:4]
6607010,909,6:38:49,5,[InvitationData_id:1,PeopleData_id:1,RankTypes_id:4,1]
6607010,910,6:38:49,5,[InvitationData_id:1,9,false]
6607010,908,6:38:49,5,[InvitationData_id:3,PeopleData_id:3,RankTypes_id:1]
6607010,909,6:38:51,5,[InvitationData_id:3,PeopleData_id:3,RankTypes_id:1,0]
6607010,910,6:38:52,5,[InvitationData_id:3,0,false]
6607010,908,6:38:52,5,[InvitationData_id:7,PeopleData_id:5,RankTypes_id:1]
6607010,909,6:38:58,5,[InvitationData_id:7,PeopleData_id:5,RankTypes_id:1,0]
6607010,910,6:39:1,5,[InvitationData_id:7,0,false]
6607010,908,6:39:1,5,[InvitationData_id:8,PeopleData_id:1,RankTypes_id:4]
6607010,909,6:39:19,5,[InvitationData_id:8,PeopleData_id:1,RankTypes_id:4,1]
6607010,910,6:39:20,5,[InvitationData_id:8,9,false]
6607010,908,6:39:20,5,[InvitationData_id:9,PeopleData_id:7,RankTypes_id:2]
6607010,909,6:39:24,5,[InvitationData_id:9,PeopleData_id:7,RankTypes_id:2,0]
6607010,910,6:39:25,5,[InvitationData_id:9,-2,false]
6607010,908,6:39:25,5,[InvitationData_id:11,PeopleData_id:0,RankTypes_id:4]
6607010,909,6:39:29,5,[InvitationData_id:11,PeopleData_id:0,RankTypes_id:4,1]
6607010,910,6:39:30,5,[InvitationData_id:11,9,false]
6607010,908,6:39:30,5,[InvitationData_id:10,PeopleData_id:3,RankTypes_id:1]
6607010,909,6:39:33,5,[InvitationData_id:10,PeopleData_id:3,RankTypes_id:1,0]
6607010,910,6:39:34,5,[InvitationData_id:10,0,false]
6607010,911,6:39:35,5,[48,1,1,1]
6607010,1005,6:39:35,5,[2,1,2]
6607010,1001,6:39:36,5,[]
6607010,1003,6:39:36,2
6607010,210,6:39:39,694,311
6607010,211,6:39:40,932,248
6607010,213,6:39:40,8,c_friend1_M_G11a1P,true
6607010,205,6:39:40,8,c_friend1_M_G11a1P,false,false
6607010,210,6:39:43,632,335
6607010,211,6:39:43,645,331
6607010,213,6:39:43,8,c_nurse_G11a1P,true
6607010,205,6:39:43,8,c_nurse_G11a1P,false,false
6607010,210,6:39:46,1032,387
6607010,207,6:39:48,8,-200,-492
6607010,207,6:39:51,8,-492,-342
6607010,207,6:39:54,8,-342,-162
6607010,207,6:39:55,8,-162,0
6607010,211,6:39:59,3,446
6607010,210,6:39:59,29,255
6607010,211,6:40:2,1111,554
6607010,207,6:40:2,8,0,-105
6607010,210,6:40:4,968,511
6607010,207,6:40:7,8,-105,-492
6607010,211,6:40:9,1505,519
6607010,210,6:40:9,1514,520
6607010,207,6:40:22,8,-492,-297
6607010,211,6:40:31,1349,529
6607010,207,6:40:31,8,-297,-342
6607010,210,6:40:31,1425,525
6607010,207,6:40:31,8,-342,-462
6607010,207,6:40:36,8,-462,-222
6607010,207,6:40:38,8,-222,0
6607010,211,6:40:44,61,568
6607010,210,6:40:44,17,377
6607010,211,6:40:49,566,141
6607010,213,6:40:49,8,s_pamphlet1_G11a1P,true
6607010,219,6:40:51,8
6607010,216,6:40:53,Stack_G11a2N
6607010,217,6:41:11,Stack_G11a2N,16,0.00
6607010,218,6:41:12,8
6607010,210,6:41:14,442,369
6607010,211,6:41:14,465,350
6607010,213,6:41:14,8,c_friend1_M_G11a2N,true
6607010,205,6:41:14,8,c_friend1_M_G11a2N,false,false
6607010,210,6:41:17,700,457
6607010,211,6:41:17,700,457
6607010,210,6:41:18,709,380
6607010,211,6:41:20,832,310
6607010,213,6:41:20,8,c_teacherEng_G11a2N,true
6607010,210,6:41:23,969,382
6607010,207,6:41:25,8,-200,-515
6607010,207,6:41:25,8,-515,-516
6607010,211,6:41:27,1068,489
6607010,210,6:41:27,1230,466
6607010,211,6:41:28,1194,395
6607010,213,6:41:28,8,c_crewKid1_M_G11a2N,true
6607010,210,6:41:31,910,463
6607010,207,6:41:33,8,-516,0
6607010,211,6:41:35,182,554
6607010,212,6:41:36,1
6607010,210,6:41:37,134,338
6607010,211,6:41:38,155,348
6607010,213,6:41:38,8,c_crush2_M_G11a2N,true
6607010,205,6:41:38,8,c_crush2_M_G11a2N,false,false
6607010,210,6:41:49,644,339
6607010,211,6:41:50,648,362
6607010,213,6:41:50,8,s_lockerKid1_G11a2N,true
6607010,210,6:41:53,1000,442
6607010,207,6:41:53,8,0,-75
6607010,207,6:41:57,8,-75,-495
6607010,207,6:41:58,8,-495,-516
6607010,211,6:41:59,1478,393
6607010,212,6:42:0,0
6607010,210,6:42:0,1462,440
6607010,211,6:42:1,1451,423
6607010,213,6:42:1,8,s_lockerKids1_G11a2N,true
6607010,205,6:42:1,8,s_lockerKids1_G11a2N,false,false
6607010,210,6:42:4,1241,447
6607010,211,6:42:5,1287,418
6607010,213,6:42:5,8,s_hivKid_M_G11a2N,true
6607010,205,6:42:5,8,s_hivKid_M_G11a2N,false,false
6607010,210,6:42:12,423,414
6607010,207,6:42:17,8,-200,0
6607010,207,6:42:22,8,0,-285
6607010,211,6:42:23,1351,529
6607010,207,6:42:23,8,-285,-345
6607010,210,6:42:23,1429,459
6607010,207,6:42:24,8,-345,-492
6607010,211,6:42:24,1513,464
6607010,210,6:42:25,1488,456
6607010,211,6:42:28,748,133
6607010,213,6:42:28,8,s_rubberGloves_G11a1P,true
6607010,205,6:42:28,8,s_rubberGloves_G11a1P,false,true
6607010,210,6:42:32,545,176
6607010,207,6:42:32,8,-492,-312
6607010,211,6:42:33,541,297
6607010,212,6:42:34,1
6607010,210,6:42:34,1224,567
6607010,207,6:42:35,8,-312,-357
6607010,207,6:42:40,8,-357,-492
6607010,207,6:42:47,8,-492,-57
6607010,211,6:42:51,208,632
6607010,210,6:42:52,176,126
6607010,211,6:42:55,831,499
6607010,212,6:42:56,2
6607010,210,6:42:56,920,336
6607010,207,6:42:57,8,-57,-267
6607010,207,6:42:59,8,-267,-492
6607010,211,6:43:8,1275,209
6607010,210,6:43:8,1275,192
6607010,207,6:43:13,8,-492,-192
6607010,207,6:43:16,8,-192,-42
6607010,211,6:43:18,272,284
6607010,210,6:43:18,212,491
6607010,207,6:43:22,8,-42,0
6607010,211,6:43:23,40,184
6607010,210,6:43:24,662,310
6607010,207,6:43:28,8,0,-225
6607010,211,6:43:31,1257,237
6607010,207,6:43:31,8,-225,-255
6607010,210,6:43:32,1337,255
6607010,207,6:43:32,8,-255,-492
6607010,211,6:43:33,1445,665
6607010,221,6:43:35,8
6607010,220,6:43:36,8
6607010,210,6:43:37,988,461
6607010,211,6:43:43,951,213
6607010,213,6:43:43,8,c_friend1_M_G11a1P,true
6607010,205,6:43:43,8,c_friend1_M_G11a1P,false,true
6607010,210,6:43:46,629,248
6607010,207,6:43:49,8,-492,-282
6607010,211,6:43:52,859,308
6607010,210,6:43:52,735,206
6607010,207,6:43:56,8,-282,-177
6607010,211,6:43:57,77,359
6607010,207,6:43:57,8,-177,-57
6607010,207,6:43:57,8,-57,0
6607010,210,6:43:57,12,487
6607010,207,6:44:1,8,0,-360
6607010,207,6:44:2,8,-360,-492
6607010,211,6:44:3,1042,119
6607010,212,6:44:4,1
6607010,210,6:44:4,711,312
6607010,207,6:44:6,8,-492,-147
6607010,207,6:44:10,8,-147,-492
6607010,211,6:44:20,1151,97
6607010,213,6:44:20,8,s_poster_G11a1P,true
6607010,205,6:44:20,8,s_poster_G11a1P,false,false
6607010,221,6:44:24,8
6607010,220,6:44:25,8
6607010,219,6:44:25,8
6607010,216,6:44:25,Stack_G11a2P
6607010,217,6:44:51,Stack_G11a2P,9.3,6.7
6607010,218,6:44:52,8
6607010,210,6:44:54,878,457
6607010,207,6:44:56,8,-200,-365
6607010,207,6:44:58,8,-365,-492
6607010,211,6:45:1,722,152
6607010,213,6:45:1,8,s_rubberGloves_G11a2P,true
6607010,207,6:45:4,8,-492,-447
6607010,210,6:45:4,522,249
6607010,207,6:45:5,8,-447,-252
6607010,207,6:45:6,8,-252,0
6607010,211,6:45:7,287,644
6607010,210,6:45:9,847,605
6607010,211,6:45:9,853,668
6607010,212,6:45:9,2
6607010,210,6:45:10,888,442
6607010,211,6:45:10,918,429
6607010,213,6:45:10,8,c_friend1_M_G11a2P,false
6607010,204,6:45:15,8
6607010,103,6:45:17
6607010,105,6:45:18
6607010,703,6:45:20,[|| EpilogueItem ID: 0 unlocked: true ||,|| EpilogueItem ID: 1 unlocked: true ||,|| EpilogueItem ID: 2 unlocked: true ||,|| EpilogueItem ID: 3 unlocked: true ||,|| EpilogueItem ID: 4 unlocked: true ||,|| EpilogueItem ID: 5 unlocked: true ||,|| EpilogueItem ID: 6 unlocked: true ||,|| EpilogueItem ID: 7 unlocked: true ||,|| EpilogueItem ID: 8 unlocked: false ||,|| EpilogueItem ID: 9 unlocked: false ||,|| EpilogueItem ID: 10 unlocked: false ||,|| EpilogueItem ID: 11 unlocked: false ||,|| EpilogueItem ID: 12 unlocked: false ||,|| EpilogueItem ID: 13 unlocked: true ||,|| EpilogueItem ID: 14 unlocked: false ||,|| EpilogueItem ID: 15 unlocked: false ||,|| EpilogueItem ID: 16 unlocked: false ||,|| EpilogueItem ID: 17 unlocked: false ||,|| EpilogueItem ID: 18 unlocked: false ||,|| EpilogueItem ID: 19 unlocked: false ||,|| EpilogueItem ID: 20 unlocked: false ||,|| EpilogueItem ID: 21 unlocked: true ||,|| EpilogueItem ID: 22 unlocked: true ||,|| EpilogueItem ID: 23 unlocked: false ||,|| EpilogueItem ID: 24 unlocked: false ||],0.44
6607010,706,6:45:24,(x=2531, y=-100, w=1024, h=768),(x=2531, y=-100, w=1024, h=768)
6607010,708,6:45:24
6607010,1,6:45:24,3/27/2014 4:47:47pm,{"gameTime":24324096,"challengeStacks":[{"challengeScenes":[{"miniGameCards":[],"viewedAnimatic":true,"keyPoints":["c_teacherEng_G7a0","c_bestFriend_M_a_G7a0","s_flag_gen"],"unlocked":true,"touchableObjects":["s_otherStudent1_G7a0","s_shakespearePoster_gen","c_friend1_M_a_G7a0","s_doorClassroom_G7a0","s_clock_G7a0","s_poePoster_gen","s_angelouPoster_gen","c_crewKid1_M_G7a0","s_vocabAssignment_G7a0","s_atwoodPoster_gen","c_teacherEng_G7a0","c_bestFriend_M_a_G7a0","s_flag_gen"]},{"miniGameCards":[],"viewedAnimatic":true,"keyPoints":["c_teacherEng_G7a1N","c_bestFriend_M_a_G7a1N","s_paperPlayers_G7a1N"],"unlocked":true,"touchableObjects":["c_crewKid1_M_G7a1N","s_otherStudent1_G7a1N","s_shakespearePoster_gen","s_poePoster_gen","s_angelouPoster_gen","s_atwoodPoster_gen","s_otherStudent2_G7a1N","s_posterPlagiarism_gen","s_flag_gen","c_teacherEng_G7a1N","c_bestFriend_M_a_G7a1N","s_paperPlayers_G7a1N"]},{"miniGameCards":[],"viewedAnimatic":true,"keyPoints":["c_teacherEng_G7a1P","s_flag_gen","c_bestFriend_M_a_G7a1P","s_paperEnglish_gen"],"unlocked":true,"touchableObjects":["s_clock_G7a1P","c_teacherEng_G7a1P","s_paperPlayers_G7a1P","s_flag_gen","s_atwoodPoster_gen","c_bestFriend_M_a_G7a1P","s_paperEnglish_gen"]}],"stackSize":3,"resolved":true},{"challengeScenes":[{"miniGameCards":[],"viewedAnimatic":true,"keyPoints":["c_kidSister_lati_a_G7b0","c_crewKid1_M_G7b0","s_backpack_M_G7b0"],"unlocked":true,"touchableObjects":["c_crewKid2_M_G7b0","c_cousinsBrother_a_G7b0","s_lifeguard_G7b0","c_kidSister_lati_a_G7b0","s_snackBarWorker_G7b0","c_cousin_M_a_G7b0","c_crewKid1_M_G7b0","c_cousinsBrothersFriend_a_G7b0","s_backpack_M_G7b0"]},{"miniGameCards":[],"viewedAnimatic":true,"keyPoints":["c_kidSister_lati_a_G7b1N","c_crewKid1_M_G7b1N","s_sprayPaintCan_G7b1N","s_brokenCarWindow_G7b1N","s_graffiti_G7b1N"],"unlocked":true,"touchableObjects":["c_kidSister_lati_a_G7b1N","s_wreckedPlants_G7b1N","s_cat_G7b1N","s_flag_G7b1N","c_teacherEng_G7b1N","c_crewKid1_M_G7b1N","c_policeOfficer_G7b1N","s_sprayPaintCan_G7b1N","s_brokenCarWindow_G7b1N","s_graffiti_G7b1N"]},{"miniGameCards":[],"viewedAnimatic":true,"keyPoints":["c_cousinsBrothersFriend_a_G7b1P","s_poolDay_ruleSign_G7b1P","c_cousin_M_a_G7b1P","c_cousinsBrother_a_G7b1P"],"unlocked":true,"touchableObjects":["c_cousinsBrothersFriend_a_G7b1P","c_crush1_M_a_G7b1P","c_kidSister_lati_a_G7b1P","s_poolDay_ruleSign_G7b1P","c_cousin_M_a_G7b1P","c_cousinsBrother_a_G7b1P"]},{"miniGameCards":[],"viewedAnimatic":true,"keyPoints":["c_crush1_M_a_G7b2N","s_kid1_G7b2N","c_cousin_M_a_G7b2N","c_kidSister_lati_a_G7b2N"],"unlocked":true,"touchableObjects":["c_crush1_M_a_G7b2N","c_crewKid2_M_G7b2N","s_lifeguard_G7b2N","s_cousinsBFgirlfriend_G7b2N","s_kidPool1_G7b2N","s_kidPool2_G7b2N","s_kid1_G7b2N","c_cousin_M_a_G7b2N","c_cousinsBrothersFriend_a_G7b2N","c_cousinsBrother_a_G7b2N","c_kidSister_lati_a_G7b2N"]},{"miniGameCards":[],"viewedAnimatic":true,"keyPoints":["c_cousin_M_a_G7b2P","s_computer_M_G7b2P","c_kidSister_lati_a_G7b2P"],"unlocked":true,"touchableObjects":["c_cousin_M_a_G7b2P","s_calendar_M_gen","s_computer_M_G7b2P","s_closet_M_G7b2P","c_grandma_lati_a_G7b2P","c_kidSister_lati_a_G7b2P"]}],"stackSize":5,"resolved":true},{"challengeScenes":[{"miniGameCards":[],"viewedAnimatic":true,"keyPoints":["s_clock_G8a0","c_cousin_M_a_G8a0","c_crush2_M_a_G8a0","s_bottleCrush2_M_G8a0","s_cellphone_G8a0"],"unlocked":true,"touchableObjects":["c_friend1_M_G8a0","s_beerSixpack_G8a0","c_crewKid1_M_a_G8a0","s_stairs_G8a0","s_bottleTable_G8a0","s_clock_G8a0","s_cigaretteKid1_G8a0","c_cousin_M_a_G8a0","c_crush2_M_a_G8a0","s_beerCooler_G8a0","s_bottleCrush2_M_G8a0","s_bottleFloor_G8a0","s_cellphone_G8a0"]},{"miniGameCards":[],"viewedAnimatic":true,"keyPoints":["s_dirtyClothes_gen","s_basementDoor_gen","s_crush2Lips_M_G8a1N","s_crush2Eyes_M_G8a1N","s_crush2Sore_M_G8a1N"],"unlocked":true,"touchableObjects":["c_crush2_M_a_G8a1N","s_stairs_G8a1N","s_dirtyClothes_gen","s_waterHeater_gen","s_basementDoor_gen","s_inhalantsShelf_gen","s_crush2Lips_M_G8a1N","s_dryer_G8a1N","s_crush2Eyes_M_G8a1N","s_crush2Sore_M_G8a1N"]},{"miniGameCards":[],"viewedAnimatic":true,"keyPoints":["c_crush2_M_a_G8a1P","s_basementDoor_gen","s_dirtyClothes_gen","s_inhalantsShelf_gen"],"unlocked":true,"touchableObjects":["s_spraypaintCrush2_M_G8a1P","s_waterHeater_gen","c_crush2_M_a_G8a1P","s_basementDoor_gen","s_dirtyClothes_gen","s_inhalantsShelf_gen"]},{"miniGameCards":[],"viewedAnimatic":true,"keyPoints":["c_crush2_M_a_G8a2N","s_spraypaintCan_G8a2N"],"unlocked":true,"touchableObjects":["c_friend1_M_a_G8a2N","c_crush2_M_a_G8a2N","s_fumes_G8a2N","s_spraypaintCan_G8a2N"]},{"miniGameCards":[],"viewedAnimatic":true,"keyPoints":["s_sistersToy_G8a2P","s_magazine_G8a2P","c_crush2_M_a_G8a2P","c_kidSister_lati_a_G8a2P","s_pictureDad_lati_gen"],"unlocked":true,"touchableObjects":["s_sistersToy_G8a2P","s_videoGame_G8a2P","s_magazine_G8a2P","c_grandma_lati_a_G8a2P","s_clock_G8a2P","s_door_gen","c_crush2_M_a_G8a2P","s_teaCup_G8a2P","c_kidSister_lati_a_G8a2P","s_stairs_G8a2P","s_pictureDad_lati_gen"]},{"miniGameCards":[],"viewedAnimatic":true,"keyPoints":["s_mirror_lati_M_a_G8a3N","c_nurse_a_G8a3N","s_pamphlet1_G8a3N","s_pamphlet3_G8a3N"],"unlocked":true,"touchableObjects":["s_phone_G8a3N","s_poster_G8a3N","s_mirror_lati_M_a_G8a3N","s_door_G8a3N","c_nurse_a_G8a3N","s_pamphlet1_G8a3N","s_pamphlet2_G8a3N","s_pamphlet3_G8a3N"]},{"miniGameCards":[],"viewedAnimatic":true,"keyPoints":["s_kidsCouch_G8a3P","c_crush2_M_a_G8a3P"],"unlocked":true,"touchableObjects":["s_kidsCouch_G8a3P","s_window_G8a3P","c_cousin_M_a_G8a3P","c_crush2_M_a_G8a3P","c_friend1_M_a_G8a3P","s_kidStanding_G8a3P","c_crewKid1_M_a_G8a3P"]}],"stackSize":7,"resolved":true},{"challengeScenes":[{"miniGameCards":[],"viewedAnimatic":true,"keyPoints":["c_friend1_M_a_G8b0","c_kidSister_lati_a_G8b0","s_pillBottle_G8b0"],"unlocked":true,"touchableObjects":["c_friend1_M_a_G8b0","c_grandma_lati_a_G8b0","s_pictureMom_lati_gen","s_pictureDad_lati_gen","c_kidSister_lati_a_G8b0","s_pillBottle_G8b0"]},{"miniGameCards":[],"viewedAnimatic":true,"keyPoints":["c_grandma_lati_a_G8b1N","c_friend1_M_a_G8b1N","c_kidSister_lati_a_G8b1N"],"unlocked":true,"touchableObjects":["c_grandma_lati_a_G8b1N","c_friend1_M_a_G8b1N","s_pillBottle_G8b1N","c_kidSister_lati_a_G8b1N"]},{"miniGameCards":[],"viewedAnimatic":true,"keyPoints":["c_friend1_M_a_G8b1P","c_grandma_lati_a_G8b1P","s_pillBottle_M_G8b1P"],"unlocked":true,"touchableObjects":["c_friend1_M_a_G8b1P","c_kidSister_lati_a_G8b1P","c_grandma_lati_a_G8b1P","s_pillBottle_M_G8b1P"]},{"miniGameCards":[],"viewedAnimatic":true,"keyPoints":["c_teacherEng_G8b2N","c_crewKid2_M_a_G8b2N","s_clock_G8b2N","c_friend1_M_a_G8b2N","s_sandwichBagPills_G8b2N"],"unlocked":true,"touchableObjects":["s_kid1_G8b2N","s_kid3_G8b2N","s_kid4_G8b2N","s_kid5_G8b2N","s_kid2_G8b2N","c_teacherEng_G8b2N","c_crewKid2_M_a_G8b2N","s_clock_G8b2N","c_friend1_M_a_G8b2N","s_sandwichBagPills_G8b2N"]},{"miniGameCards":[],"viewedAnimatic":true,"keyPoints":["s_pillBottle_G8b2P","c_grandma_lati_a_G8b2P","c_friend1_M_a_G8b2P"],"unlocked":true,"touchableObjects":["c_kidSister_lati_a_G8b2P","s_pillBottle_G8b2P","s_videoGameScreen_G8b2P","c_grandma_lati_a_G8b2P","c_mom_lati_a_G8b2P","c_friend1_M_a_G8b2P"]}],"stackSize":5,"resolved":true},{"challengeScenes":[{"miniGameCards":[],"viewedAnimatic":true,"keyPoints":["s_clock_M_G9a0","s_cellPhone_M_G9a0","s_door_M_gen","s_bathingSuit_M_G9a0"],"unlocked":true,"touchableObjects":["s_clock_M_G9a0","s_calendar_M_gen","s_window_M_G9a0","s_cellPhone_M_G9a0","s_door_M_gen","s_bathingSuit_M_G9a0"]},{"miniGameCards":[],"viewedAnimatic":true,"keyPoints":["s_fence_G9a1N","c_cousin_M_a_G9a1N","s_kid3_G9a1N","c_policeOfficer_G9a1N"],"unlocked":true,"touchableObjects":["s_fence_G9a1N","s_kid4_G9a1N","c_cousinsBrothersFriend_a_G9a1N","s_potSmokeCloud_G9a1N","s_policeCar_G9a1N","s_bathingSuits_G9a1N","c_cousin_M_a_G9a1N","s_kid3_G9a1N","s_poolNight_ruleSign_G9a1N","c_policeOfficer_G9a1N"]},{"miniGameCards":[],"viewedAnimatic":true,"keyPoints":["s_door_M_gen","s_calendar_M_gen","c_cousin_M_a_G9a1P","s_joint_M_G9a1P","s_basketball_M_gen"],"unlocked":true,"touchableObjects":["s_door_M_gen","s_computer_M_gen","s_calendar_M_gen","c_cousin_M_a_G9a1P","s_joint_M_G9a1P","s_basketball_M_gen"]},{"miniGameCards":[],"viewedAnimatic":true,"keyPoints":["c_mom_lati_a_G9a2N","c_kidSister_lati_a_G9a2N","s_pictureDad_lati_M_gen","c_cousin_M_a_G9a2N"],"unlocked":true,"touchableObjects":["s_potSmokeCloud_M_G9a2N","s_cookieTrayEmpty_M_G9a2N","c_mom_lati_a_G9a2N","c_kidSister_lati_a_G9a2N","s_pictureDad_lati_M_gen","c_cousin_M_a_G9a2N"]},{"miniGameCards":[],"viewedAnimatic":true,"keyPoints":["c_cousin_M_a_G9a2P","c_mom_lati_a_G9a2P","s_pizzaBox_G9a2P","s_door_gen"],"unlocked":true,"touchableObjects":["c_kidSister_lati_a_G9a2P","c_cousin_M_a_G9a2P","c_mom_lati_a_G9a2P","s_tv_G9a2P","c_grandma_lati_a_G9a2P","s_pizzaBox_G9a2P","s_door_gen"]}],"stackSize":5,"resolved":true},{"challengeScenes":[{"miniGameCards":[],"viewedAnimatic":true,"keyPoints":["s_computer_M_gen","s_pictureDad_lati_M_gen","s_mirror_M_G9b0"],"unlocked":true,"touchableObjects":["c_kidSister_lati_a_G9b0","c_cousin_M_a_G9b0","s_calendar_M_gen","s_computer_M_gen","s_closet_M_G9b0","s_cellPhone_M_G9b0","s_clock_M_G9b0","s_pictureDad_lati_M_gen","s_mirror_M_G9b0"]},{"miniGameCards":[],"viewedAnimatic":true,"keyPoints":["c_teacherEng_G9b1N","c_cousin_M_a_G9b1N","s_clock_G9b1N","s_joint_G9b1N","s_beerBottle_G9b1N","s_brokenLamp_G9b1N","c_kidSister_lati_a_G9b1N"],"unlocked":true,"touchableObjects":["c_teacherEng_G9b1N","c_cousin_M_a_G9b1N","s_puddleFloor_G9b1N","s_coupleOnCouch_G9b1N","s_photoCracked_G9b1N","s_clock_G9b1N","s_joint_G9b1N","s_beerBottle_G9b1N","s_brokenLamp_G9b1N","s_boomBox_G9b1N","s_smokeDetector_G9b1N","c_kidSister_lati_a_G9b1N"]},{"miniGameCards":[],"viewedAnimatic":true,"keyPoints":["c_friend1_M_a_G9b1P","c_bestFriend_M_a_G9b1P","c_crush1_M_a_G9b1P","s_pictureMomdark_lati_G9b1P","c_cousin_M_a_G9b1P","s_pictureDaddark_lati_gen","s_kidsGroupKitchen_G9b1P"],"unlocked":true,"touchableObjects":["c_friend1_M_a_G9b1P","s_door_G9b1P","c_bestFriend_M_a_G9b1P","c_kidSister_lati_a_G9b1P","c_crush1_M_a_G9b1P","s_beerBottle_G9b1P","s_pictureMomdark_lati_G9b1P","c_cousin_M_a_G9b1P","s_pictureDaddark_lati_gen","s_kidsGroupKitchen_G9b1P"]},{"miniGameCards":[],"viewedAnimatic":true,"keyPoints":["c_cousin_M_a_G9b2N","c_crush1_M_a_G9b2N","c_mom_lati_a_G9b2N"],"unlocked":true,"touchableObjects":["c_grandma_lati_a_G9b2N","c_bestFriend_M_a_G9b2N","c_cousin_M_a_G9b2N","s_kidCouch_G9b2N","c_crush1_M_a_G9b2N","s_clock_G9b2N","c_mom_lati_a_G9b2N"]},{"miniGameCards":[],"viewedAnimatic":true,"keyPoints":["c_mom_lati_a_G9b2P","c_crush1_M_a_G9b2P","c_bestFriend_M_a_G9b2P","s_clock_G9b2P"],"unlocked":true,"touchableObjects":["c_mom_lati_a_G9b2P","c_grandma_lati_a_G9b2P","c_crush1_M_a_G9b2P","c_kidSister_lati_a_G9b2P","s_boardGame_G9b2P","c_bestFriend_M_a_G9b2P","c_cousin_M_a_G9b2P","s_clock_G9b2P"]}],"stackSize":5,"resolved":true},{"challengeScenes":[{"miniGameCards":[],"viewedAnimatic":true,"keyPoints":["s_basketball_M_gen","s_drawer_M_G10a0","s_window_M_G10a0","c_crush1_M_b_G10a0","s_cellPhone_M_G10a0"],"unlocked":true,"touchableObjects":["s_door_M_gen","s_bed1_M_G10a0","s_trash_M_G10a0","s_computer_M_gen","s_basketball_M_gen","s_bed2_M_G10a0","s_calendar_M_gen","s_drawer_M_G10a0","s_window_M_G10a0","c_crush1_M_b_G10a0","s_clock_M_G10a0","s_cellPhone_M_G10a0"]},{"miniGameCards":[],"viewedAnimatic":true,"keyPoints":["c_crush1_M_b_G10a1N","s_mirror_M_G10a1N","s_condom_M_G10a1N","s_picture_M_G10a1N"],"unlocked":true,"touchableObjects":["c_crush1_M_b_G10a1N","s_crushClothes_M_G10a1N","s_door_M_gen","s_computer_M_gen","s_window_M_G10a1N","s_mirror_M_G10a1N","s_calendar_M_gen","s_condom_M_G10a1N","s_picture_M_G10a1N"]},{"miniGameCards":[],"viewedAnimatic":true,"keyPoints":["c_crush1_M_b_G10a1P","c_friend_M_b_G10a1P","s_lockerPoster_G10a1P"],"unlocked":true,"touchableObjects":["c_crush1_M_b_G10a1P","c_friend_M_b_G10a1P","c_bestFriend_M_b_G10a1P","c_teacherEng_G10a1P","s_dancePoster_G10a1P","s_lockerPoster_G10a1P"]},{"miniGameCards":[],"viewedAnimatic":true,"keyPoints":["s_pamphlet5_G10a2N","c_nurse_G10a2N","s_phone_G10a2N","s_pamphlet3_G10a2N","s_pamphlet1_G10a2N","s_pamphlet4_G10a2N"],"unlocked":true,"touchableObjects":["s_cot_G10a2N","s_pamphlet5_G10a2N","s_pamphlet2_G10a2N","s_kleenex_G10a2N","c_nurse_G10a2N","s_phone_G10a2N","s_pamphlet3_G10a2N","s_firstAidKit_G10a2N","s_curtain_G10a2N","s_pamphlet1_G10a2N","s_pamphlet4_G10a2N"]},{"miniGameCards":[],"viewedAnimatic":true,"keyPoints":["s_dancePoster_G10a2P","c_crush1_M_b_G10a2P","c_cousin_M_b_G10a2P","c_friend_M_b_G10a2P","c_nurse_G10a2P"],"unlocked":true,"touchableObjects":["s_dancePoster_G10a2P","c_bestFriend_M_b_G10a2P","s_clock_G10a2P","c_crush1_M_b_G10a2P","c_cousin_M_b_G10a2P","c_friend_M_b_G10a2P","c_nurse_G10a2P"]}],"stackSize":5,"resolved":true},{"challengeScenes":[{"miniGameCards":[],"viewedAnimatic":true,"keyPoints":["s_car1_G10b0","s_car2_G10b0","s_kidsGroup1_G10b0","s_kidPointing_G10b0","c_crush1_M_b_G10b0","c_crewKid2_M_b_G10b0","c_crush2_M_b_G10b0","s_trafficLight_G10b0"],"unlocked":true,"touchableObjects":["s_car1_G10b0","s_car2_G10b0","s_kidsGroup1_G10b0","s_bar_G10b0","s_kidPointing_G10b0","c_cousinsBrother_b_G10b0","c_crush1_M_b_G10b0","s_billboard_G10b0","c_crewKid2_M_b_G10b0","c_crush2_M_b_G10b0","c_cousinsBrothersFriend_b_G10b0","s_trafficLight_G10b0"]},{"miniGameCards":[],"viewedAnimatic":true,"keyPoints":["s_kidsHorrified_G10b1N","c_cousinsBrothersFriend_b_G10b1N","s_carSmashed_G10b1N"],"unlocked":true,"touchableObjects":["c_policeOfficer_G10b1N","s_kidsHorrified_G10b1N","s_barCrowd_G10b1N","c_cousinsBrothersFriend_b_G10b1N","s_kid_G10b1N","s_carSmashed_G10b1N"]},{"miniGameCards":[],"viewedAnimatic":true,"keyPoints":["s_clock_G10b1P","s_candles_G10b1P","c_crush1_M_b_G10b1P","s_pictureDad_lati_gen","s_keys_G10b1P","s_stairs_G10b1P"],"unlocked":true,"touchableObjects":["s_clock_G10b1P","s_boomBox_G10b1P","s_candles_G10b1P","c_crush1_M_b_G10b1P","s_pictureDad_lati_gen","s_keys_G10b1P","s_stairs_G10b1P"]},{"miniGameCards":[],"viewedAnimatic":true,"keyPoints":["s_clock_G10b2N","c_crush1_M_b_G10b2N","c_teacherEng_G10b2N","c_cousin_M_b_G10b2N","c_bestFriend_M_b_G10b2N"],"unlocked":true,"touchableObjects":["s_clock_G10b2N","c_crush1_M_b_G10b2N","c_teacherEng_G10b2N","c_cousin_M_b_G10b2N","c_bestFriend_M_b_G10b2N"]},{"miniGameCards":[],"viewedAnimatic":true,"keyPoints":["s_condom_G10b2P","s_mirror_M_G10b2P"],"unlocked":true,"touchableObjects":["c_grandma_lati_a_G10b2P","s_cellPhone_M_G10b2P","s_condom_G10b2P","s_picture_M_G10b2P","s_clock_M_G10b2P","s_mirror_M_G10b2P"]}],"stackSize":5,"resolved":true},{"challengeScenes":[{"miniGameCards":[],"viewedAnimatic":true,"keyPoints":["s_backpack_G11a0","s_mirror_G11a0","c_friend1_M_G11a0"],"unlocked":true,"touchableObjects":["s_backpack_G11a0","s_lockChain_G11a0","s_mirror_G11a0","c_friend1_M_G11a0"]},{"miniGameCards":[],"viewedAnimatic":true,"keyPoints":["c_crush1_M_G11a1N","s_door_M_gen","s_window_M_G11a1N","s_bed_M_G11a1N","s_basketball_M_gen"],"unlocked":true,"touchableObjects":["c_crush1_M_G11a1N","s_computer_M_gen","s_door_M_gen","s_window_M_G11a1N","s_calendar_M_gen","s_bed_M_G11a1N","s_basketball_M_gen"]},{"miniGameCards":[],"viewedAnimatic":true,"keyPoints":["s_rubberGloves_G11a1P","c_friend1_M_G11a1P","c_nurse_G11a1P","s_poster_G11a1P"],"unlocked":true,"touchableObjects":["s_rubberGloves_G11a1P","s_pamphlet2_G11a1P","s_pamphlet3_G11a1P","s_pamphlet1_G11a1P","c_friend1_M_G11a1P","c_nurse_G11a1P","s_poster_G11a1P"]},{"miniGameCards":[],"viewedAnimatic":true,"keyPoints":["c_friend1_M_G11a2N","c_crush2_M_G11a2N","s_lockerKids1_G11a2N","s_hivKid_M_G11a2N"],"unlocked":true,"touchableObjects":["c_friend1_M_G11a2N","c_teacherEng_G11a2N","c_crewKid1_M_G11a2N","c_crush2_M_G11a2N","s_lockerKid1_G11a2N","s_lockerKids1_G11a2N","s_hivKid_M_G11a2N"]},{"miniGameCards":[],"viewedAnimatic":true,"keyPoints":[],"unlocked":true,"touchableObjects":["s_rubberGloves_G11a2P"]}],"stackSize":5,"resolved":false},{"challengeScenes":[{"miniGameCards":[],"viewedAnimatic":false,"keyPoints":[],"unlocked":false,"touchableObjects":[]},{"miniGameCards":[],"viewedAnimatic":false,"keyPoints":[],"unlocked":false,"touchableObjects":[]},{"miniGameCards":[],"viewedAnimatic":false,"keyPoints":[],"unlocked":false,"touchableObjects":[]},{"miniGameCards":[],"viewedAnimatic":false,"keyPoints":[],"unlocked":false,"touchableObjects":[]},{"miniGameCards":[],"viewedAnimatic":false,"keyPoints":[],"unlocked":false,"touchableObjects":[]}],"stackSize":5,"resolved":false},{"challengeScenes":[{"miniGameCards":[],"viewedAnimatic":true,"keyPoints":[],"unlocked":true,"touchableObjects":[]},{"miniGameCards":[],"viewedAnimatic":true,"keyPoints":[],"unlocked":true,"touchableObjects":["s_drawer_M_G12a1N"]},{"miniGameCards":[],"viewedAnimatic":false,"keyPoints":[],"unlocked":false,"touchableObjects":[]},{"miniGameCards":[],"viewedAnimatic":true,"keyPoints":[],"unlocked":true,"touchableObjects":[]},{"miniGameCards":[],"viewedAnimatic":false,"keyPoints":[],"unlocked":false,"touchableObjects":[]}],"stackSize":5,"resolved":false},{"challengeScenes":[{"miniGameCards":[],"viewedAnimatic":true,"keyPoints":[],"unlocked":true,"touchableObjects":[]},{"miniGameCards":[],"viewedAnimatic":false,"keyPoints":[],"unlocked":true,"touchableObjects":[]},{"miniGameCards":[],"viewedAnimatic":false,"keyPoints":[],"unlocked":false,"touchableObjects":[]},{"miniGameCards":[],"viewedAnimatic":false,"keyPoints":[],"unlocked":true,"touchableObjects":[]},{"miniGameCards":[],"viewedAnimatic":false,"keyPoints":[],"unlocked":false,"touchableObjects":[]}],"stackSize":5,"resolved":false},{"challengeScenes":[{"miniGameCards":[],"viewedAnimatic":false,"keyPoints":[],"unlocked":true,"touchableObjects":["c_friends_G0a0","c_player_lati_M_a_G0a0","c_family_lati_a_G0a0","c_education_G0a0"]},{"miniGameCards":[],"viewedAnimatic":false,"keyPoints":["c_job_G0a1N","c_family_lati_a_G0a1N","c_home_G0a1N"],"unlocked":true,"touchableObjects":["c_job_G0a1N","c_family_lati_a_G0a1N","c_home_G0a1N"]},{"miniGameCards":[],"viewedAnimatic":false,"keyPoints":["c_kidsister_lati_a_G0a1P","c_grandma_lati_a_G0a1P","c_Teacher_G0a1P","c_mom_lati_a_G0a1P","c_dad_lati_a_G0a1P","c_Nurse_G0a1P"],"unlocked":true,"touchableObjects":["c_cousins_M_a_G0a1P","c_friends_G0a1P","c_kidsister_lati_a_G0a1P","c_grandma_lati_a_G0a1P","c_Teacher_G0a1P","c_mom_lati_a_G0a1P","c_dad_lati_a_G0a1P","c_Nurse_G0a1P"]}],"stackSize":3,"resolved":true}],"sessionId":11,"epilogue":{"rating":3},"playerId":6607010,"session":[{"sceneId":"1P","stackId":12},{"sceneId":"1P","stackId":0},{"sceneId":"1P","stackId":1},{"sceneId":"1N","stackId":1},{"sceneId":"2P","stackId":1},{"sceneId":"1P","stackId":4},{"sceneId":"1N","stackId":4},{"sceneId":"2P","stackId":4},{"sceneId":"3P","stackId":2},{"sceneId":"1P","stackId":2},{"sceneId":"1N","stackId":2},{"sceneId":"2P","stackId":2},{"sceneId":"1P","stackId":3},{"sceneId":"1N","stackId":3},{"sceneId":"2P","stackId":3},{"sceneId":"1P","stackId":5},{"sceneId":"1N","stackId":5},{"sceneId":"2P","stackId":5},{"sceneId":"2P","stackId":6},{"sceneId":"1P","stackId":6},{"sceneId":"1P","stackId":7},{"sceneId":"1N","stackId":7},{"sceneId":"2P","stackId":7},{"sceneId":"1P","stackId":8},{"sceneId":"1N","stackId":8},{"sceneId":"2P","stackId":8}],"minigames":[{"levelSaveData":[{"starRating":3,"unlocked":true},{"starRating":1,"unlocked":true},{"starRating":2,"unlocked":true},{"starRating":2,"unlocked":true},{"starRating":2,"unlocked":true},{"starRating":2,"unlocked":true},{"starRating":2,"unlocked":true},{"starRating":3,"unlocked":true},{"starRating":3,"unlocked":true},{"starRating":2,"unlocked":true}],"skillPoints":22},{"levelSaveData":[{"starRating":3,"unlocked":true},{"starRating":3,"unlocked":true},{"starRating":3,"unlocked":true},{"starRating":3,"unlocked":true},{"starRating":3,"unlocked":true},{"starRating":3,"unlocked":true},{"starRating":0,"unlocked":true},{"starRating":0,"unlocked":true},{"starRating":3,"unlocked":true},{"starRating":3,"unlocked":true}],"skillPoints":24},{"levelSaveData":[{"starRating":3,"unlocked":true},{"starRating":3,"unlocked":true},{"starRating":1,"unlocked":true},{"starRating":1,"unlocked":true},{"starRating":0,"unlocked":false},{"starRating":2,"unlocked":true},{"starRating":3,"unlocked":true},{"starRating":3,"unlocked":true},{"starRating":3,"unlocked":true},{"starRating":2,"unlocked":true}],"skillPoints":21},{"levelSaveData":[{"starRating":3,"unlocked":true},{"starRating":3,"unlocked":true},{"starRating":3,"unlocked":true},{"starRating":3,"unlocked":true},{"starRating":3,"unlocked":true},{"starRating":3,"unlocked":true},{"starRating":3,"unlocked":true},{"starRating":3,"unlocked":true},{"starRating":0,"unlocked":false},{"starRating":0,"unlocked":true}],"skillPoints":24},{"age":12,"name":"Jose","gender":0,"levelSaveData":[{"starRating":3,"unlocked":true},{"starRating":3,"chunks":[["1"],["0$$happy","0"],["5","3","0"],["0"]],"unlocked":true},{"starRating":3,"chunks":[["1"],["1$$baseball","4"],["13","0"]],"unlocked":true},{"starRating":3,"chunks":[["3"],["0"],["2"],["1"],["5","0"],["3"]],"unlocked":true},{"starRating":3,"chunks":[["1"],["3"],["2","20"],["1"],["4"],["7"]],"unlocked":true},{"starRating":3,"chunks":[["4"],["6","4","4","5"],["8"],["3"]],"unlocked":true},{"starRating":3,"chunks":[["3"],["3"],["21","17"],["1","2"],["2"]],"unlocked":true},{"starRating":3,"chunks":[["6","2","1"],["7","0","6"],["0"],["0"],["0"]],"unlocked":true},{"starRating":3,"chunks":[["2","4","7"],["0","6","5"],["0","6"]],"unlocked":true},{"starRating":0,"chunks":[[null],[null],[null],[null],[null],[null]],"unlocked":false}],"visualAvatar":0,"id":2,"skillPoints":27}],"avatar":{"age":12,"name":"Jose","gender":0,"levelSaveData":[{"starRating":3,"unlocked":true},{"starRating":3,"chunks":[["1"],["0$$happy","0"],["5","3","0"],["0"]],"unlocked":true},{"starRating":3,"chunks":[["1"],["1$$baseball","4"],["13","0"]],"unlocked":true},{"starRating":3,"chunks":[["3"],["0"],["2"],["1"],["5","0"],["3"]],"unlocked":true},{"starRating":3,"chunks":[["1"],["3"],["2","20"],["1"],["4"],["7"]],"unlocked":true},{"starRating":3,"chunks":[["4"],["6","4","4","5"],["8"],["3"]],"unlocked":true},{"starRating":3,"chunks":[["3"],["3"],["21","17"],["1","2"],["2"]],"unlocked":true},{"starRating":3,"chunks":[["6","2","1"],["7","0","6"],["0"],["0"],["0"]],"unlocked":true},{"starRating":3,"chunks":[["2","4","7"],["0","6","5"],["0","6"]],"unlocked":true},{"starRating":0,"chunks":[[null],[null],[null],[null],[null],[null]],"unlocked":false}],"visualAvatar":0,"id":2,"skillPoints":27}}
