13,0,0:0:0,4/9/2013 4:59:34pm
13,600,0:0:2,2
13,601,0:0:3,0
13,602,0:0:4,2,0
13,603,0:0:9,0
13,604,0:0:35,0,Tremont
13,605,0:0:47
13,221,0:0:58,12
13,300,0:1:0
13,220,0:1:0,12
13,302,0:1:5,0,1,0,4
13,302,0:1:6,0,1,0,7
13,304,0:1:6,0,1,0,-1,,7,
13,302,0:1:12,0,1,1,14
13,302,0:1:13,0,1,1,15
13,304,0:1:14,0,1,1,-1,,15,
13,306,0:1:17,0,0,1
13,304,0:1:17,0,3,0,-1,,0,
13,302,0:1:20,0,0,0,0
13,304,0:1:21,0,0,0,-1,,0,
13,302,0:1:25,0,2,1,0
13,306,0:1:26,0,1,2
13,304,0:1:26,0,2,1,-1,,0,
13,302,0:1:29,0,2,2,7
13,304,0:1:32,0,2,2,-1,,7,
13,302,0:1:34,0,2,1,8
13,304,0:1:35,0,2,1,0,,8,
13,302,0:1:40,0,2,0,12
13,306,0:1:41,0,2,3
13,304,0:1:41,0,2,0,-1,,12,
13,221,0:1:47,12
13,300,0:1:50
13,220,0:1:50,12
13,207,0:1:57,12,0,-60
13,210,0:1:57,970,194
13,211,0:1:58,908,228
13,213,0:1:58,12,c_player_afri_M_a_G0a1N,true
13,207,0:2:0,12,-60,-90
13,210,0:2:0,762,330
13,211,0:2:0,754,340
13,213,0:2:0,12,c_player_afri_M_a_G0a1N,true
13,210,0:2:2,375,430
13,211,0:2:5,851,487
13,213,0:2:5,12,c_player_afri_M_a_G0a1N,true
13,210,0:2:6,960,293
13,211,0:2:7,1201,325
13,207,0:2:7,12,-90,-195
13,210,0:2:7,1250,307
13,207,0:2:7,12,-195,-300
13,211,0:2:8,1107,190
13,213,0:2:8,12,c_family_afri_a_G0a1N,true
13,205,0:2:8,12,c_family_afri_a_G0a1N,false,false
13,212,0:2:12,1
13,210,0:2:12,1072,402
13,211,0:2:13,1158,447
13,213,0:2:13,12,c_home_G0a1N,true
13,205,0:2:13,12,c_home_G0a1N,false,false
13,212,0:2:16,0
13,210,0:2:18,604,178
13,211,0:2:19,637,184
13,213,0:2:19,12,c_job_G0a1N,true
13,205,0:2:19,12,c_job_G0a1N,false,false
13,221,0:2:35,12
13,220,0:2:38,12
13,221,0:2:43,12
13,220,0:2:46,12
13,210,0:2:53,624,296
13,211,0:2:54,627,207
13,213,0:2:54,12,c_job_G0a1N,true
13,205,0:2:54,12,c_job_G0a1N,false,true
13,210,0:2:59,543,9
13,211,0:3:2,711,-37
13,210,0:3:4,701,165
13,211,0:3:5,606,251
13,213,0:3:5,12,c_education_G0a0,true
13,210,0:3:9,757,286
13,211,0:3:10,1278,282
13,207,0:3:10,12,0,-270
13,207,0:3:10,12,-270,-300
13,210,0:3:10,1106,264
13,211,0:3:11,1593,252
13,207,0:3:11,12,-300,-585
13,212,0:3:13,2
13,210,0:3:13,1183,175
13,211,0:3:14,1151,184
13,213,0:3:14,12,c_family_afri_a_G0a0,true
13,210,0:3:17,1494,334
13,207,0:3:18,12,-585,-1035
13,211,0:3:20,962,414
13,207,0:3:20,12,-1035,-945
13,207,0:3:20,12,-945,-930
13,210,0:3:21,1070,307
13,207,0:3:22,12,-930,-540
13,211,0:3:22,956,351
13,213,0:3:22,12,c_player_afri_M_a_G0a0,true
13,210,0:3:25,868,411
13,207,0:3:26,12,-540,-480
13,207,0:3:27,12,-480,-30
13,211,0:3:28,420,262
13,207,0:3:40,12,0,-45
13,210,0:3:40,952,306
13,211,0:3:40,209,466
13,210,0:3:41,583,369
13,211,0:3:41,336,443
13,210,0:3:56,664,451
13,207,0:4:0,12,0,-1790
13,207,0:4:2,12,-1790,-1565
13,211,0:4:2,1857,487
13,213,0:4:2,12,c_kidsister_afri_a_G0a1P,true
13,205,0:4:2,12,c_kidsister_afri_a_G0a1P,false,false
13,210,0:4:6,1870,262
13,207,0:4:7,12,-1565,-1355
13,211,0:4:8,1616,369
13,213,0:4:8,12,c_grandma_afri_a_G0a1P,true
13,205,0:4:8,12,c_grandma_afri_a_G0a1P,false,false
13,210,0:4:11,1495,431
13,207,0:4:12,12,-1355,-1040
13,211,0:4:13,1242,442
13,213,0:4:13,12,c_friends_G0a1P,true
13,210,0:4:15,1329,204
13,211,0:4:16,1397,194
13,213,0:4:16,12,c_Teacher_G0a1P,true
13,205,0:4:16,12,c_Teacher_G0a1P,false,false
13,210,0:4:19,1349,234
13,207,0:4:21,12,-1040,-380
13,211,0:4:23,1491,386
13,207,0:4:23,12,-380,-485
13,212,0:4:24,1
13,210,0:4:25,1096,440
13,207,0:4:26,12,-485,-740
13,207,0:4:28,12,-740,-1040
13,211,0:4:29,1788,244
13,213,0:4:29,12,c_dad_afri_a_G0a1P,true
13,205,0:4:29,12,c_dad_afri_a_G0a1P,false,false
13,210,0:4:32,1907,560
13,211,0:4:34,1890,230
13,213,0:4:34,12,c_mom_afri_a_G0a1P,true
13,205,0:4:34,12,c_mom_afri_a_G0a1P,false,false
13,212,0:4:38,0
13,210,0:4:38,1632,396
13,211,0:4:40,1322,259
13,210,0:4:40,1227,218
13,211,0:4:41,1296,269
13,213,0:4:41,12,c_Nurse_G0a1P,true
13,205,0:4:41,12,c_Nurse_G0a1P,false,false
13,221,0:4:45,12
13,220,0:4:47,12
13,203,0:4:47,12
13,1003,0:4:49,3
13,100,0:4:52,0
13,102,0:4:53,0
13,200,0:4:53,0,0,0,0,0,6
13,219,0:4:53,0
13,216,0:4:55,Stack_G7a0
13,217,0:4:59,Stack_G7a0,4.0,28
13,218,0:5:1,0
13,210,0:5:1,785,293
13,207,0:5:4,0,-200,0
13,207,0:5:6,0,0,-518.45
13,211,0:5:7,1527,430
13,212,0:5:7,1
13,210,0:5:8,1408,481
13,211,0:5:10,1089,588
13,213,0:5:10,0,s_vocabAssignment_G7a0,true
13,210,0:5:11,798,469
13,211,0:5:12,489,610
13,207,0:5:12,0,-518.45,-473.45
13,207,0:5:13,0,-473.45,-428.45
13,210,0:5:13,547,394
13,207,0:5:14,0,-428.45,0
13,211,0:5:15,4,489
13,210,0:5:16,105,229
13,211,0:5:16,86,252
13,210,0:5:25,834,319
13,211,0:5:27,596,141
13,213,0:5:27,0,s_atwoodPoster_gen,true
13,210,0:5:40,1074,203
13,211,0:5:41,1519,209
13,207,0:5:41,0,0,-510
13,207,0:5:42,0,-510,-518.45
13,210,0:5:42,1536,114
13,211,0:5:42,1538,187
13,210,0:5:45,572,381
13,211,0:5:45,436,394
13,207,0:5:45,0,-518.45,-383.45
13,210,0:5:45,463,306
13,207,0:5:46,0,-383.45,0
13,211,0:5:47,8,137
13,210,0:5:59,424,286
13,207,0:6:3,0,0,-270
13,211,0:6:4,1093,160
13,210,0:6:4,1255,228
13,207,0:6:5,0,-270,-330
13,211,0:6:5,1225,156
13,213,0:6:5,0,s_clock_G7a0,true
13,210,0:6:7,1162,363
13,211,0:6:8,1440,408
13,207,0:6:8,0,-330,-435
13,210,0:6:8,1504,317
13,207,0:6:8,0,-435,-518.45
13,211,0:6:9,1540,310
13,210,0:6:10,1540,286
13,211,0:6:10,1540,286
13,210,0:6:11,1439,552
13,211,0:6:11,1461,588
13,212,0:6:11,2
13,210,0:6:12,1456,526
13,211,0:6:12,1459,541
13,213,0:6:12,0,c_friend1_M_a_G7a0,true
13,210,0:6:16,1011,460
13,211,0:6:18,975,533
13,213,0:6:18,0,c_bestFriend_M_a_G7a0,false
13,1003,0:6:22,2
13,1004,0:6:23,0
13,900,0:6:26,0,[]
13,901,0:6:28,0,[PeopleData_id:4]
13,904,0:6:28,0,[PeopleData_id:4]
13,902,0:6:29,0,[PeopleData_id:4,PeopleData_data0Type]
13,903,0:6:30,0,[PeopleData_id4,PeopleData_data0Type]
13,902,0:6:30,0,[PeopleData_id:4,PeopleData_data1Type]
13,903,0:6:31,0,[PeopleData_id4,PeopleData_data1Type]
13,902,0:6:32,0,[PeopleData_id:4,PeopleData_data2Type]
13,903,0:6:32,0,[PeopleData_id4,PeopleData_data2Type]
13,902,0:6:33,0,[PeopleData_id:4,PeopleData_data3Type]
13,903,0:6:34,0,[PeopleData_id4,PeopleData_data3Type]
13,901,0:6:35,0,[PeopleData_id:4]
13,904,0:6:35,0,[PeopleData_id:4]
13,905,0:6:36,0,[PeopleData_id:4,RankTypes_id:-1,RankTypes_id:2]
13,901,0:6:37,0,[PeopleData_id:2]
13,902,0:6:38,0,[PeopleData_id:2,PeopleData_data0Type]
13,903,0:6:38,0,[PeopleData_id2,PeopleData_data0Type]
13,902,0:6:39,0,[PeopleData_id:2,PeopleData_data1Type]
13,903,0:6:40,0,[PeopleData_id2,PeopleData_data1Type]
13,902,0:6:41,0,[PeopleData_id:2,PeopleData_data2Type]
13,903,0:6:42,0,[PeopleData_id2,PeopleData_data2Type]
13,902,0:6:42,0,[PeopleData_id:2,PeopleData_data3Type]
13,903,0:6:43,0,[PeopleData_id2,PeopleData_data3Type]
13,902,0:6:44,0,[PeopleData_id:2,PeopleData_data2Type]
13,903,0:6:45,0,[PeopleData_id2,PeopleData_data2Type]
13,902,0:6:46,0,[PeopleData_id:2,PeopleData_data3Type]
13,903,0:6:47,0,[PeopleData_id2,PeopleData_data3Type]
13,901,0:6:48,0,[PeopleData_id:2]
13,904,0:6:48,0,[PeopleData_id:2]
13,905,0:6:49,0,[PeopleData_id:2,RankTypes_id:-1,RankTypes_id:2]
13,901,0:6:49,0,[PeopleData_id:3]
13,904,0:6:49,0,[PeopleData_id:3]
13,902,0:6:50,0,[PeopleData_id:3,PeopleData_data0Type]
13,903,0:6:52,0,[PeopleData_id3,PeopleData_data0Type]
13,902,0:6:53,0,[PeopleData_id:3,PeopleData_data1Type]
13,903,0:6:54,0,[PeopleData_id3,PeopleData_data1Type]
13,902,0:6:55,0,[PeopleData_id:3,PeopleData_data2Type]
13,903,0:6:56,0,[PeopleData_id3,PeopleData_data2Type]
13,901,0:6:56,0,[PeopleData_id:3]
13,904,0:6:56,0,[PeopleData_id:3]
13,905,0:6:57,0,[PeopleData_id:3,RankTypes_id:-1,RankTypes_id:3]
13,901,0:6:58,0,[PeopleData_id:0]
13,902,0:6:59,0,[PeopleData_id:0,PeopleData_data0Type]
13,903,0:7:0,0,[PeopleData_id0,PeopleData_data0Type]
13,902,0:7:1,0,[PeopleData_id:0,PeopleData_data1Type]
13,903,0:7:1,0,[PeopleData_id0,PeopleData_data1Type]
13,902,0:7:3,0,[PeopleData_id:0,PeopleData_data2Type]
13,903,0:7:4,0,[PeopleData_id0,PeopleData_data2Type]
13,902,0:7:5,0,[PeopleData_id:0,PeopleData_data3Type]
13,903,0:7:6,0,[PeopleData_id0,PeopleData_data3Type]
13,901,0:7:7,0,[PeopleData_id:0]
13,904,0:7:7,0,[PeopleData_id:0]
13,905,0:7:8,0,[PeopleData_id:0,RankTypes_id:-1,RankTypes_id:4]
13,901,0:7:8,0,[PeopleData_id:3]
13,904,0:7:8,0,[PeopleData_id:3]
13,905,0:7:9,0,[PeopleData_id:3,RankTypes_id:3,RankTypes_id:4]
13,901,0:7:9,0,[PeopleData_id:1]
13,902,0:7:11,0,[PeopleData_id:1,PeopleData_data0Type]
13,903,0:7:12,0,[PeopleData_id1,PeopleData_data0Type]
13,901,0:7:12,0,[PeopleData_id:1]
13,904,0:7:12,0,[PeopleData_id:1]
13,905,0:7:13,0,[PeopleData_id:1,RankTypes_id:-1,RankTypes_id:0]
13,906,0:7:13,0,[]
13,907,0:7:14,0,[]
13,908,0:7:14,0,[InvitationData_id:8,PeopleData_id:0,RankTypes_id:4]
13,909,0:7:17,0,[InvitationData_id:8,PeopleData_id:0,RankTypes_id:4,1]
13,910,0:7:17,0,[InvitationData_id:8,9,false]
13,908,0:7:17,0,[InvitationData_id:2,PeopleData_id:2,RankTypes_id:2]
13,909,0:7:20,0,[InvitationData_id:2,PeopleData_id:2,RankTypes_id:2,1]
13,910,0:7:21,0,[InvitationData_id:2,0,true]
13,908,0:7:21,0,[InvitationData_id:5,PeopleData_id:4,RankTypes_id:2]
13,1002,0:7:26,0
13,1003,0:7:26,2
13,1004,0:7:27,0
13,900,0:7:28,0,[]
13,901,0:7:29,0,[PeopleData_id:4]
13,904,0:7:29,0,[PeopleData_id:4]
13,902,0:7:30,0,[PeopleData_id:4,PeopleData_data0Type]
13,903,0:7:31,0,[PeopleData_id4,PeopleData_data0Type]
13,902,0:7:31,0,[PeopleData_id:4,PeopleData_data2Type]
13,902,0:7:32,0,[PeopleData_id:4,PeopleData_data3Type]
13,903,0:7:33,0,[PeopleData_id4,PeopleData_data3Type]
13,901,0:7:34,0,[PeopleData_id:4]
13,904,0:7:34,0,[PeopleData_id:4]
13,905,0:7:35,0,[PeopleData_id:4,RankTypes_id:-1,RankTypes_id:2]
13,901,0:7:36,0,[PeopleData_id:1]
13,904,0:7:36,0,[PeopleData_id:1]
13,902,0:7:37,0,[PeopleData_id:1,PeopleData_data0Type]
13,903,0:7:37,0,[PeopleData_id1,PeopleData_data0Type]
13,902,0:7:38,0,[PeopleData_id:1,PeopleData_data1Type]
13,903,0:7:39,0,[PeopleData_id1,PeopleData_data1Type]
13,902,0:7:39,0,[PeopleData_id:1,PeopleData_data2Type]
13,903,0:7:40,0,[PeopleData_id1,PeopleData_data2Type]
13,902,0:7:40,0,[PeopleData_id:1,PeopleData_data3Type]
13,903,0:7:42,0,[PeopleData_id1,PeopleData_data3Type]
13,901,0:7:43,0,[PeopleData_id:1]
13,904,0:7:43,0,[PeopleData_id:1]
13,905,0:7:44,0,[PeopleData_id:1,RankTypes_id:-1,RankTypes_id:1]
13,901,0:7:45,0,[PeopleData_id:4]
13,905,0:7:45,0,[PeopleData_id:4,RankTypes_id:2,RankTypes_id:2]
13,901,0:7:46,0,[PeopleData_id:0]
13,904,0:7:46,0,[PeopleData_id:0]
13,902,0:7:47,0,[PeopleData_id:0,PeopleData_data0Type]
13,903,0:7:48,0,[PeopleData_id0,PeopleData_data0Type]
13,902,0:7:50,0,[PeopleData_id:0,PeopleData_data1Type]
13,902,0:7:51,0,[PeopleData_id:0,PeopleData_data2Type]
13,902,0:7:52,0,[PeopleData_id:0,PeopleData_data3Type]
13,903,0:7:53,0,[PeopleData_id0,PeopleData_data3Type]
13,901,0:7:53,0,[PeopleData_id:0]
13,904,0:7:54,0,[PeopleData_id:0]
13,905,0:7:54,0,[PeopleData_id:0,RankTypes_id:-1,RankTypes_id:4]
13,902,0:7:55,0,[PeopleData_id:0,PeopleData_data0Type]
13,903,0:7:56,0,[PeopleData_id0,PeopleData_data0Type]
13,901,0:7:57,0,[PeopleData_id:3]
13,904,0:7:57,0,[PeopleData_id:3]
13,902,0:7:58,0,[PeopleData_id:3,PeopleData_data0Type]
13,903,0:7:59,0,[PeopleData_id3,PeopleData_data0Type]
13,901,0:8:0,0,[PeopleData_id:3]
13,904,0:8:0,0,[PeopleData_id:3]
13,902,0:8:1,0,[PeopleData_id:3,PeopleData_data0Type]
13,903,0:8:2,0,[PeopleData_id3,PeopleData_data0Type]
13,902,0:8:2,0,[PeopleData_id:3,PeopleData_data1Type]
13,903,0:8:3,0,[PeopleData_id3,PeopleData_data1Type]
13,902,0:8:4,0,[PeopleData_id:3,PeopleData_data2Type]
13,903,0:8:5,0,[PeopleData_id3,PeopleData_data2Type]
13,901,0:8:6,0,[PeopleData_id:3]
13,904,0:8:6,0,[PeopleData_id:3]
13,905,0:8:6,0,[PeopleData_id:3,RankTypes_id:-1,RankTypes_id:4]
13,901,0:8:7,0,[PeopleData_id:2]
13,902,0:8:8,0,[PeopleData_id:2,PeopleData_data0Type]
13,903,0:8:9,0,[PeopleData_id2,PeopleData_data0Type]
13,902,0:8:9,0,[PeopleData_id:2,PeopleData_data1Type]
13,903,0:8:10,0,[PeopleData_id2,PeopleData_data1Type]
13,902,0:8:11,0,[PeopleData_id:2,PeopleData_data3Type]
13,903,0:8:12,0,[PeopleData_id2,PeopleData_data3Type]
13,902,0:8:12,0,[PeopleData_id:2,PeopleData_data2Type]
13,903,0:8:13,0,[PeopleData_id2,PeopleData_data2Type]
13,901,0:8:13,0,[PeopleData_id:2]
13,904,0:8:13,0,[PeopleData_id:2]
13,905,0:8:14,0,[PeopleData_id:2,RankTypes_id:-1,RankTypes_id:1]
13,906,0:8:14,0,[]
13,901,0:8:14,0,[PeopleData_id:4]
13,904,0:8:14,0,[PeopleData_id:4]
13,905,0:8:14,0,[PeopleData_id:4,RankTypes_id:2,RankTypes_id:2]
13,902,0:8:15,0,[PeopleData_id:4,PeopleData_data1Type]
13,903,0:8:16,0,[PeopleData_id4,PeopleData_data1Type]
13,901,0:8:17,0,[PeopleData_id:1]
13,905,0:8:17,0,[PeopleData_id:1,RankTypes_id:1,RankTypes_id:1]
13,902,0:8:18,0,[PeopleData_id:1,PeopleData_data3Type]
13,902,0:8:19,0,[PeopleData_id:1,PeopleData_data2Type]
13,903,0:8:20,0,[PeopleData_id1,PeopleData_data2Type]
13,902,0:8:20,0,[PeopleData_id:1,PeopleData_data3Type]
13,903,0:8:21,0,[PeopleData_id1,PeopleData_data3Type]
13,907,0:8:22,0,[]
13,908,0:8:22,0,[InvitationData_id:2,PeopleData_id:2,RankTypes_id:1]
13,909,0:8:27,0,[InvitationData_id:2,PeopleData_id:2,RankTypes_id:1,0]
13,910,0:8:28,0,[InvitationData_id:2,0,false]
13,908,0:8:28,0,[InvitationData_id:1,PeopleData_id:0,RankTypes_id:4]
13,909,0:8:31,0,[InvitationData_id:1,PeopleData_id:0,RankTypes_id:4,1]
13,910,0:8:32,0,[InvitationData_id:1,9,false]
13,908,0:8:32,0,[InvitationData_id:6,PeopleData_id:0,RankTypes_id:4]
13,909,0:8:34,0,[InvitationData_id:6,PeopleData_id:0,RankTypes_id:4,1]
13,910,0:8:35,0,[InvitationData_id:6,9,false]
13,908,0:8:35,0,[InvitationData_id:8,PeopleData_id:0,RankTypes_id:4]
13,909,0:8:36,0,[InvitationData_id:8,PeopleData_id:0,RankTypes_id:4,1]
13,910,0:8:37,0,[InvitationData_id:8,9,false]
13,908,0:8:37,0,[InvitationData_id:7,PeopleData_id:1,RankTypes_id:1]
13,909,0:8:40,0,[InvitationData_id:7,PeopleData_id:1,RankTypes_id:1,0]
13,910,0:8:41,0,[InvitationData_id:7,0,false]
13,908,0:8:41,0,[InvitationData_id:10,PeopleData_id:2,RankTypes_id:1]
13,909,0:8:44,0,[InvitationData_id:10,PeopleData_id:2,RankTypes_id:1,0]
13,910,0:8:45,0,[InvitationData_id:10,0,false]
13,908,0:8:45,0,[InvitationData_id:0,PeopleData_id:0,RankTypes_id:4]
13,909,0:8:48,0,[InvitationData_id:0,PeopleData_id:0,RankTypes_id:4,1]
13,910,0:8:48,0,[InvitationData_id:0,9,false]
13,908,0:8:48,0,[InvitationData_id:9,PeopleData_id:4,RankTypes_id:2]
13,909,0:8:52,0,[InvitationData_id:9,PeopleData_id:4,RankTypes_id:2,0]
13,910,0:8:53,0,[InvitationData_id:9,-2,false]
13,908,0:8:53,0,[InvitationData_id:5,PeopleData_id:4,RankTypes_id:2]
13,909,0:8:58,0,[InvitationData_id:5,PeopleData_id:4,RankTypes_id:2,0]
13,910,0:8:58,0,[InvitationData_id:5,-2,false]
13,908,0:8:58,0,[InvitationData_id:4,PeopleData_id:4,RankTypes_id:2]
13,909,0:9:11,0,[InvitationData_id:4,PeopleData_id:4,RankTypes_id:2,0]
13,910,0:9:11,0,[InvitationData_id:4,-2,false]
13,908,0:9:11,0,[InvitationData_id:3,PeopleData_id:3,RankTypes_id:4]
13,909,0:9:16,0,[InvitationData_id:3,PeopleData_id:3,RankTypes_id:4,1]
13,910,0:9:17,0,[InvitationData_id:3,9,false]
13,911,0:9:18,0,[39,0,0,0]
13,1005,0:9:18,0,[2,0,3]
13,1001,0:9:19,0,[]
13,1003,0:9:19,2
13,210,0:9:26,1059,353
13,211,0:9:26,983,530
13,213,0:9:26,0,c_bestFriend_M_a_G7a0,true
13,205,0:9:26,0,c_bestFriend_M_a_G7a0,false,false
13,210,0:9:31,701,355
13,211,0:9:31,837,323
13,213,0:9:31,0,c_teacherEng_G7a0,true
13,205,0:9:31,0,c_teacherEng_G7a0,false,false
13,210,0:9:34,486,486
13,207,0:9:35,0,-200,-5
13,207,0:9:38,0,-5,-275
13,207,0:9:40,0,-275,-518.45
13,211,0:9:47,666,477
13,210,0:9:52,710,515
13,211,0:9:54,838,317
13,213,0:9:54,0,c_teacherEng_G7a0,true
13,205,0:9:54,0,c_teacherEng_G7a0,false,true
13,210,0:9:58,1072,531
13,211,0:10:2,266,583
13,207,0:10:2,0,-518.45,-248.45
13,210,0:10:2,203,573
13,207,0:10:2,0,-248.45,-68.45
13,207,0:10:4,0,-68.45,0
13,211,0:10:5,89,535
13,210,0:10:7,77,318
13,211,0:10:9,421,97
13,210,0:10:13,510,214
13,211,0:10:18,1039,505
13,207,0:10:18,0,0,-90
13,210,0:10:18,942,497
13,211,0:10:19,980,509
13,213,0:10:19,0,c_bestFriend_M_a_G7a0,true
13,205,0:10:19,0,c_bestFriend_M_a_G7a0,false,true
13,210,0:10:23,664,432
13,207,0:10:26,0,-90,-195
13,207,0:10:27,0,-195,0
13,211,0:10:27,78,112
13,212,0:10:28,1
13,210,0:10:29,176,151
13,211,0:10:30,258,121
13,213,0:10:30,0,s_flag_gen,false
13,1003,0:10:33,1
13,1004,0:10:34,0
13,800,0:10:37,0,[]
13,801,0:10:38,0,[]
13,814,0:10:40,0,[2]
13,815,0:10:40,0,2,OpportunityCardData_id:13
13,816,0:10:41,0,2,OpportunityCardData_id:13
13,805,0:10:42,0,[OpportunityCardData_id:13]
13,806,0:10:43,0,[OpportunityCardData_id:13,PriorityData_type:4]
13,807,0:10:44,0,[OpportunityCardData_id:13]
13,808,0:10:46,0,[OpportunityCardData_id:13]
13,809,0:10:50,0,[OpportunityCardData_id:13,PriorityData_type:1,false]
13,810,0:10:51,0,[OpportunityCardData_id:13,PriorityData_type:2,15,PriorityData_type:1,15]
13,814,0:10:53,0,[4]
13,815,0:10:53,0,4,OpportunityCardData_id:22
13,815,0:10:54,0,4,OpportunityCardData_id:26
13,815,0:10:54,0,4,OpportunityCardData_id:22
13,816,0:10:55,0,4,OpportunityCardData_id:22
13,805,0:10:56,0,[OpportunityCardData_id:22]
13,806,0:10:56,0,[OpportunityCardData_id:22,PriorityData_type:2]
13,806,0:10:58,0,[OpportunityCardData_id:22,PriorityData_type:1]
13,807,0:10:59,0,[OpportunityCardData_id:22]
13,808,0:11:1,0,[OpportunityCardData_id:22]
13,809,0:11:5,0,[OpportunityCardData_id:22,Safe,false]
13,810,0:11:5,0,[OpportunityCardData_id:22,PriorityData_type:4,15,Safe,Safe]
13,814,0:11:7,0,[4]
13,815,0:11:7,0,4,OpportunityCardData_id:26
13,815,0:11:7,0,4,OpportunityCardData_id:27
13,815,0:11:8,0,4,OpportunityCardData_id:28
13,815,0:11:10,0,4,OpportunityCardData_id:27
13,816,0:11:11,0,4,OpportunityCardData_id:27
13,805,0:11:12,0,[OpportunityCardData_id:27]
13,806,0:11:13,0,[OpportunityCardData_id:27,PriorityData_type:1]
13,806,0:11:13,0,[OpportunityCardData_id:27,PriorityData_type:0]
13,807,0:11:15,0,[OpportunityCardData_id:27]
13,808,0:11:16,0,[OpportunityCardData_id:27]
13,809,0:11:22,0,[OpportunityCardData_id:27,PriorityData_type:5,false]
13,810,0:11:23,0,[OpportunityCardData_id:27,PriorityData_type:4,15,PriorityData_type:5,15]
13,818,0:11:25,0,5
13,811,0:11:26,0,[OpportunityCardData_id:27,PriorityData_type:2,80,85,PriorityData_type:4,70,75]
13,1005,0:11:26,0,[1,0,3]
13,1001,0:11:27,0,[]
13,1003,0:11:27,1
13,210,0:11:30,619,229
13,207,0:11:31,0,-200,-35
13,211,0:11:31,252,109
13,213,0:11:31,0,s_flag_gen,true
13,205,0:11:31,0,s_flag_gen,false,false
13,219,0:11:36,0
13,216,0:11:36,Stack_G7a1N
13,217,0:11:49,Stack_G7a1N,11,8.8
13,218,0:11:51,0
13,210,0:11:52,789,438
13,211,0:11:54,785,310
13,213,0:11:54,0,s_paperPlayers_G7a1N,true
13,205,0:11:54,0,s_paperPlayers_G7a1N,false,false
13,210,0:11:57,837,322
13,207,0:11:58,0,-400,-160
13,207,0:11:59,0,-160,-25
13,207,0:12:0,0,-25,0
13,207,0:12:5,0,0,-518.45
13,211,0:12:10,965,453
13,212,0:12:10,2
13,210,0:12:11,1144,415
13,211,0:12:12,1039,524
13,213,0:12:12,0,c_bestFriend_M_a_G7a1N,true
13,205,0:12:12,0,c_bestFriend_M_a_G7a1N,false,false
13,210,0:12:16,903,449
13,211,0:12:17,886,384
13,213,0:12:17,0,c_teacherEng_G7a1N,true
13,205,0:12:17,0,c_teacherEng_G7a1N,false,false
13,221,0:12:23,0
13,220,0:12:25,0
13,219,0:12:25,0
13,216,0:12:26,Stack_G7a1P
13,217,0:12:30,Stack_G7a1P,3.4,4.3
13,218,0:12:31,0
13,221,0:12:47,0
13,300,0:12:50
13,220,0:12:50,0
13,210,0:12:56,742,318
13,211,0:12:57,656,363
13,213,0:12:57,0,s_paperPlayers_G7a1P,true
13,210,0:12:59,989,432
13,207,0:13:0,0,-400,-518
13,207,0:13:5,0,-518,-98
13,211,0:13:6,234,414
13,210,0:13:7,777,192
13,211,0:13:7,782,403
13,210,0:13:10,838,458
13,211,0:13:10,821,461
13,212,0:13:11,1
13,210,0:13:12,775,393
13,211,0:13:12,787,399
13,213,0:13:12,0,c_teacherEng_G7a1P,true
13,205,0:13:12,0,c_teacherEng_G7a1P,false,false
13,210,0:13:16,527,346
13,207,0:13:16,0,-98,0
13,211,0:13:18,234,410
13,213,0:13:18,0,s_papersDetention_gen,true
13,210,0:13:21,739,476
13,211,0:13:21,1046,495
13,207,0:13:21,0,0,-45
13,207,0:13:22,0,-45,-90
13,210,0:13:22,1019,442
13,207,0:13:23,0,-90,-518
13,211,0:13:24,1506,308
13,213,0:13:24,0,s_paperEnglish_gen,true
13,205,0:13:24,0,s_paperEnglish_gen,false,false
13,210,0:13:28,1086,437
13,211,0:13:30,1441,648
13,210,0:13:31,1186,410
13,211,0:13:34,449,470
13,207,0:13:34,0,-518,-428
13,207,0:13:35,0,-428,-368
13,210,0:13:35,468,251
13,207,0:13:36,0,-368,0
13,211,0:13:38,565,73
13,212,0:13:39,0
13,210,0:13:40,467,57
13,207,0:13:44,0,0,-135
13,211,0:13:45,784,109
13,213,0:13:45,0,s_shakespearePoster_gen,true
13,212,0:13:50,1
13,210,0:13:50,780,365
13,211,0:13:52,956,648
13,212,0:13:52,2
13,210,0:13:53,948,391
13,211,0:13:53,1168,300
13,207,0:13:53,0,-135,-165
13,210,0:13:54,1207,291
13,207,0:13:55,0,-165,-518
13,207,0:14:0,0,-518,-23
13,211,0:14:1,251,112
13,213,0:14:1,0,s_flag_gen,true
13,205,0:14:1,0,s_flag_gen,false,false
13,210,0:14:5,401,463
13,207,0:14:5,0,-23,0
13,211,0:14:9,472,75
13,210,0:14:11,1055,47
13,207,0:14:12,0,0,-240
13,211,0:14:13,894,112
13,213,0:14:13,0,s_poePoster_gen,true
13,210,0:14:15,1085,169
13,207,0:14:15,0,-240,-375
13,211,0:14:18,1441,196
13,207,0:14:18,0,-375,-435
13,207,0:14:21,0,-435,-435
13,212,0:14:21,1
13,210,0:14:21,1490,189
13,207,0:14:21,0,-435,-518
13,211,0:14:22,1487,330
13,213,0:14:22,0,s_paperEnglish_gen,true
13,205,0:14:22,0,s_paperEnglish_gen,false,true
13,210,0:14:27,1301,229
13,207,0:14:31,0,-518,-338
13,207,0:14:33,0,-338,-278
13,207,0:14:35,0,-278,0
13,211,0:14:37,521,322
13,212,0:14:38,2
13,210,0:14:39,1034,282
13,211,0:14:39,1065,264
13,207,0:14:39,0,0,-45
13,207,0:14:39,0,-45,-105
13,210,0:14:39,1054,436
13,211,0:14:42,626,395
13,210,0:14:42,632,271
13,207,0:14:44,0,-105,-518
13,207,0:14:48,0,-518,-368
13,211,0:14:50,670,350
13,213,0:14:50,0,s_paperPlayers_G7a1P,true
13,221,0:14:53,0
13,220,0:14:56,0
13,212,0:14:57,0
13,210,0:14:58,942,393
13,211,0:14:59,945,441
13,213,0:14:59,0,c_bestFriend_M_a_G7a1P,true
13,1003,0:15:1,0
13,1004,0:15:3,0
13,400,0:15:5,0,[]
13,401,0:15:9,0,[StatementsData_logId:0]
13,403,0:15:10,0,[StatementsData_logId:0,true]
13,405,0:15:11,0,[StatementsData_logId:0]
13,406,0:15:11,0,[StatementsData_logId:0,2]
13,407,0:15:11,0,[StatementsData_logId:0,FactCardData_id:5]
13,407,0:15:11,0,[StatementsData_logId:0,FactCardData_id:7]
13,407,0:15:11,0,[StatementsData_logId:0,FactCardData_id:0]
13,407,0:15:11,0,[StatementsData_logId:0,FactCardData_id:4]
13,407,0:15:11,0,[StatementsData_logId:0,FactCardData_id:3]
13,407,0:15:11,0,[StatementsData_logId:0,FactCardData_id:6]
13,407,0:15:13,0,[StatementsData_logId:0,FactCardData_id:4]
13,407,0:15:13,0,[StatementsData_logId:0,FactCardData_id:4]
13,407,0:15:14,0,[StatementsData_logId:0,FactCardData_id:6]
13,407,0:15:14,0,[StatementsData_logId:0,FactCardData_id:4]
13,407,0:15:14,0,[StatementsData_logId:0,FactCardData_id:6]
13,408,0:15:18,0,[StatementsData_logId:0,FactCardData_id:6,true]
13,409,0:15:18,0,[StatementsData_logId:0]
13,410,0:15:21,0,[StatementsData_logId:0,2]
13,412,0:15:22,0,[StatementsData_logId:0]
13,413,0:15:22,0,[StatementsData_logId:0,DuelResponsesData_logId:0]
13,414,0:15:24,0,[StatementsData_logId:0,DuelResponsesData_logId:0]
13,415,0:15:30,0,[StatementsData_logId:0,DuelResponsesData_logId:0,DuelResponsesData_witty_player_response]
13,416,0:15:31,0,[StatementsData_logId:0,DuelResponsesData_logId:0]
13,417,0:15:31,0,[StatementsData_logId:0,DuelResponsesData_logId:0]
13,413,0:15:32,0,[StatementsData_logId:0,DuelResponsesData_logId:1]
13,414,0:15:32,0,[StatementsData_logId:0,DuelResponsesData_logId:1]
13,415,0:15:37,0,[StatementsData_logId:0,DuelResponsesData_logId:1,DuelResponsesData_witty_player_response]
13,416,0:15:37,0,[StatementsData_logId:0,DuelResponsesData_logId:1]
13,417,0:15:38,0,[StatementsData_logId:0,DuelResponsesData_logId:1]
13,413,0:15:38,0,[StatementsData_logId:0,DuelResponsesData_logId:2]
13,414,0:15:38,0,[StatementsData_logId:0,DuelResponsesData_logId:2]
13,415,0:15:39,0,[StatementsData_logId:0,DuelResponsesData_logId:2,DuelResponsesData_ok_player_response]
13,416,0:15:42,0,[StatementsData_logId:0,DuelResponsesData_logId:2]
13,417,0:15:43,0,[StatementsData_logId:0,DuelResponsesData_logId:2]
13,418,0:15:43,0,[StatementsData_logId:0,true]
13,419,0:15:44,0,[StatementsData_logId:0,4]
13,411,0:15:45,0,[StatementsData_logId:0]
13,401,0:15:48,0,[StatementsData_logId:1]
13,403,0:15:49,0,[StatementsData_logId:1,false]
13,405,0:15:49,0,[StatementsData_logId:1]
13,1002,0:15:54,0
13,1003,0:15:54,0
13,1004,0:15:54,0
13,400,0:15:56,0,[]
13,401,0:15:59,0,[StatementsData_logId:0]
13,403,0:15:59,0,[StatementsData_logId:0,true]
13,405,0:16:0,0,[StatementsData_logId:0]
13,406,0:16:0,0,[StatementsData_logId:0,2]
13,407,0:16:0,0,[StatementsData_logId:0,FactCardData_id:6]
13,407,0:16:0,0,[StatementsData_logId:0,FactCardData_id:4]
13,407,0:16:0,0,[StatementsData_logId:0,FactCardData_id:5]
13,407,0:16:0,0,[StatementsData_logId:0,FactCardData_id:3]
13,407,0:16:0,0,[StatementsData_logId:0,FactCardData_id:0]
13,407,0:16:0,0,[StatementsData_logId:0,FactCardData_id:7]
13,407,0:16:2,0,[StatementsData_logId:0,FactCardData_id:4]
13,407,0:16:2,0,[StatementsData_logId:0,FactCardData_id:4]
13,407,0:16:3,0,[StatementsData_logId:0,FactCardData_id:7]
13,407,0:16:3,0,[StatementsData_logId:0,FactCardData_id:4]
13,407,0:16:3,0,[StatementsData_logId:0,FactCardData_id:7]
13,407,0:16:4,0,[StatementsData_logId:0,FactCardData_id:0]
13,407,0:16:4,0,[StatementsData_logId:0,FactCardData_id:7]
13,407,0:16:4,0,[StatementsData_logId:0,FactCardData_id:0]
13,407,0:16:6,0,[StatementsData_logId:0,FactCardData_id:3]
13,407,0:16:6,0,[StatementsData_logId:0,FactCardData_id:0]
13,407,0:16:6,0,[StatementsData_logId:0,FactCardData_id:3]
13,407,0:16:7,0,[StatementsData_logId:0,FactCardData_id:7]
13,407,0:16:7,0,[StatementsData_logId:0,FactCardData_id:3]
13,407,0:16:7,0,[StatementsData_logId:0,FactCardData_id:7]
13,408,0:16:8,0,[StatementsData_logId:0,FactCardData_id:7,false]
13,406,0:16:12,0,[StatementsData_logId:0,-2]
13,1002,0:16:14,0
13,1003,0:16:14,0
13,1004,0:16:15,0
13,400,0:16:16,0,[]
13,401,0:16:19,0,[StatementsData_logId:0]
13,403,0:16:20,0,[StatementsData_logId:0,true]
13,405,0:16:23,0,[StatementsData_logId:0]
13,406,0:16:23,0,[StatementsData_logId:0,2]
13,407,0:16:23,0,[StatementsData_logId:0,FactCardData_id:6]
13,407,0:16:23,0,[StatementsData_logId:0,FactCardData_id:5]
13,407,0:16:23,0,[StatementsData_logId:0,FactCardData_id:3]
13,407,0:16:23,0,[StatementsData_logId:0,FactCardData_id:4]
13,407,0:16:23,0,[StatementsData_logId:0,FactCardData_id:7]
13,407,0:16:23,0,[StatementsData_logId:0,FactCardData_id:0]
13,407,0:16:25,0,[StatementsData_logId:0,FactCardData_id:7]
13,407,0:16:25,0,[StatementsData_logId:0,FactCardData_id:7]
13,407,0:16:27,0,[StatementsData_logId:0,FactCardData_id:5]
13,407,0:16:27,0,[StatementsData_logId:0,FactCardData_id:7]
13,407,0:16:27,0,[StatementsData_logId:0,FactCardData_id:5]
13,407,0:16:28,0,[StatementsData_logId:0,FactCardData_id:4]
13,407,0:16:28,0,[StatementsData_logId:0,FactCardData_id:5]
13,407,0:16:28,0,[StatementsData_logId:0,FactCardData_id:4]
13,407,0:16:29,0,[StatementsData_logId:0,FactCardData_id:6]
13,407,0:16:29,0,[StatementsData_logId:0,FactCardData_id:4]
13,407,0:16:29,0,[StatementsData_logId:0,FactCardData_id:6]
13,408,0:16:30,0,[StatementsData_logId:0,FactCardData_id:6,true]
13,409,0:16:30,0,[StatementsData_logId:0]
13,410,0:16:31,0,[StatementsData_logId:0,2]
13,412,0:16:31,0,[StatementsData_logId:0]
13,413,0:16:32,0,[StatementsData_logId:0,DuelResponsesData_logId:0]
13,414,0:16:34,0,[StatementsData_logId:0,DuelResponsesData_logId:0]
13,415,0:16:34,0,[StatementsData_logId:0,DuelResponsesData_logId:0,DuelResponsesData_witty_player_response]
13,416,0:16:36,0,[StatementsData_logId:0,DuelResponsesData_logId:0]
13,417,0:16:36,0,[StatementsData_logId:0,DuelResponsesData_logId:0]
13,413,0:16:36,0,[StatementsData_logId:0,DuelResponsesData_logId:1]
13,414,0:16:37,0,[StatementsData_logId:0,DuelResponsesData_logId:1]
13,415,0:16:37,0,[StatementsData_logId:0,DuelResponsesData_logId:1,DuelResponsesData_ok_player_response]
13,416,0:16:38,0,[StatementsData_logId:0,DuelResponsesData_logId:1]
13,417,0:16:39,0,[StatementsData_logId:0,DuelResponsesData_logId:1]
13,413,0:16:39,0,[StatementsData_logId:0,DuelResponsesData_logId:2]
13,414,0:16:40,0,[StatementsData_logId:0,DuelResponsesData_logId:2]
13,415,0:16:42,0,[StatementsData_logId:0,DuelResponsesData_logId:2,DuelResponsesData_witty_player_response]
13,416,0:16:43,0,[StatementsData_logId:0,DuelResponsesData_logId:2]
13,417,0:16:44,0,[StatementsData_logId:0,DuelResponsesData_logId:2]
13,418,0:16:44,0,[StatementsData_logId:0,true]
13,419,0:16:44,0,[StatementsData_logId:0,4]
13,411,0:16:46,0,[StatementsData_logId:0]
13,401,0:16:47,0,[StatementsData_logId:1]
13,402,0:16:49,0,[StatementsData_logId:1,true]
13,405,0:16:49,0,[StatementsData_logId:1]
13,406,0:16:50,0,[StatementsData_logId:1,2]
13,411,0:16:51,0,[StatementsData_logId:1]
13,401,0:16:52,0,[StatementsData_logId:2]
13,404,0:16:54,0,[StatementsData_logId:2,true]
13,406,0:16:55,0,[StatementsData_logId:2,2]
13,412,0:16:56,0,[StatementsData_logId:2]
13,413,0:16:57,0,[StatementsData_logId:2,DuelResponsesData_logId:3]
13,414,0:16:57,0,[StatementsData_logId:2,DuelResponsesData_logId:3]
13,415,0:16:59,0,[StatementsData_logId:2,DuelResponsesData_logId:3,DuelResponsesData_witty_player_response]
13,416,0:17:0,0,[StatementsData_logId:2,DuelResponsesData_logId:3]
13,417,0:17:1,0,[StatementsData_logId:2,DuelResponsesData_logId:3]
13,413,0:17:2,0,[StatementsData_logId:2,DuelResponsesData_logId:4]
13,414,0:17:3,0,[StatementsData_logId:2,DuelResponsesData_logId:4]
13,415,0:17:6,0,[StatementsData_logId:2,DuelResponsesData_logId:4,DuelResponsesData_witty_player_response]
13,416,0:17:7,0,[StatementsData_logId:2,DuelResponsesData_logId:4]
13,417,0:17:8,0,[StatementsData_logId:2,DuelResponsesData_logId:4]
13,413,0:17:8,0,[StatementsData_logId:2,DuelResponsesData_logId:5]
13,414,0:17:8,0,[StatementsData_logId:2,DuelResponsesData_logId:5]
13,415,0:17:9,0,[StatementsData_logId:2,DuelResponsesData_logId:5,DuelResponsesData_witty_player_response]
13,416,0:17:10,0,[StatementsData_logId:2,DuelResponsesData_logId:5]
13,417,0:17:10,0,[StatementsData_logId:2,DuelResponsesData_logId:5]
13,418,0:17:10,0,[StatementsData_logId:2,true]
13,419,0:17:11,0,[StatementsData_logId:2,4]
13,411,0:17:12,0,[StatementsData_logId:2]
13,401,0:17:17,0,[StatementsData_logId:3]
13,403,0:17:17,0,[StatementsData_logId:3,true]
13,405,0:17:18,0,[StatementsData_logId:3]
13,406,0:17:18,0,[StatementsData_logId:3,2]
13,407,0:17:18,0,[StatementsData_logId:3,FactCardData_id:5]
13,407,0:17:18,0,[StatementsData_logId:3,FactCardData_id:7]
13,407,0:17:18,0,[StatementsData_logId:3,FactCardData_id:3]
13,407,0:17:18,0,[StatementsData_logId:3,FactCardData_id:0]
13,407,0:17:18,0,[StatementsData_logId:3,FactCardData_id:6]
13,407,0:17:18,0,[StatementsData_logId:3,FactCardData_id:4]
13,407,0:17:23,0,[StatementsData_logId:3,FactCardData_id:7]
13,407,0:17:23,0,[StatementsData_logId:3,FactCardData_id:7]
13,407,0:17:23,0,[StatementsData_logId:3,FactCardData_id:0]
13,407,0:17:23,0,[StatementsData_logId:3,FactCardData_id:7]
13,407,0:17:23,0,[StatementsData_logId:3,FactCardData_id:0]
13,408,0:17:25,0,[StatementsData_logId:3,FactCardData_id:0,true]
13,409,0:17:25,0,[StatementsData_logId:3]
13,410,0:17:26,0,[StatementsData_logId:3,2]
13,412,0:17:27,0,[StatementsData_logId:3]
13,413,0:17:30,0,[StatementsData_logId:3,DuelResponsesData_logId:6]
13,414,0:17:30,0,[StatementsData_logId:3,DuelResponsesData_logId:6]
13,415,0:17:33,0,[StatementsData_logId:3,DuelResponsesData_logId:6,DuelResponsesData_witty_player_response]
13,416,0:17:33,0,[StatementsData_logId:3,DuelResponsesData_logId:6]
13,417,0:17:34,0,[StatementsData_logId:3,DuelResponsesData_logId:6]
13,413,0:17:34,0,[StatementsData_logId:3,DuelResponsesData_logId:7]
13,414,0:17:35,0,[StatementsData_logId:3,DuelResponsesData_logId:7]
13,415,0:17:36,0,[StatementsData_logId:3,DuelResponsesData_logId:7,DuelResponsesData_witty_player_response]
13,416,0:17:37,0,[StatementsData_logId:3,DuelResponsesData_logId:7]
13,417,0:17:37,0,[StatementsData_logId:3,DuelResponsesData_logId:7]
13,413,0:17:38,0,[StatementsData_logId:3,DuelResponsesData_logId:8]
13,414,0:17:38,0,[StatementsData_logId:3,DuelResponsesData_logId:8]
13,415,0:17:40,0,[StatementsData_logId:3,DuelResponsesData_logId:8,DuelResponsesData_lame_player_response]
13,416,0:17:42,0,[StatementsData_logId:3,DuelResponsesData_logId:8]
13,417,0:17:42,0,[StatementsData_logId:3,DuelResponsesData_logId:8]
13,418,0:17:42,0,[StatementsData_logId:3,true]
13,419,0:17:45,0,[StatementsData_logId:3,4]
13,411,0:17:47,0,[StatementsData_logId:3]
13,401,0:17:48,0,[StatementsData_logId:4]
13,402,0:17:49,0,[StatementsData_logId:4,true]
13,405,0:17:49,0,[StatementsData_logId:4]
13,406,0:17:50,0,[StatementsData_logId:4,2]
13,411,0:17:51,0,[StatementsData_logId:4]
13,401,0:17:55,0,[StatementsData_logId:5]
13,402,0:17:59,0,[StatementsData_logId:5,false]
13,405,0:18:0,0,[StatementsData_logId:5]
13,406,0:18:0,0,[StatementsData_logId:5,-2]
13,411,0:18:2,0,[StatementsData_logId:5]
13,420,0:18:2,0,[56]
13,1005,0:18:2,0,[0,0,2]
13,1001,0:18:3,0,[]
13,1003,0:18:3,0
13,210,0:18:5,1039,297
13,211,0:18:7,973,451
13,213,0:18:7,0,c_bestFriend_M_a_G7a1P,true
13,1003,0:19:8,0
13,1004,0:21:29,0
13,400,0:21:32,0,[]
13,401,0:21:33,0,[StatementsData_logId:0]
13,402,0:21:34,0,[StatementsData_logId:0,false]
13,405,0:21:35,0,[StatementsData_logId:0]
13,406,0:21:35,0,[StatementsData_logId:0,-2]
13,411,0:21:36,0,[StatementsData_logId:0]
13,1002,0:21:38,0
13,1003,0:21:39,0
13,1004,0:21:39,0
13,400,0:21:41,0,[]
13,401,0:22:6,0,[StatementsData_logId:0]
13,403,0:22:18,0,[StatementsData_logId:0,true]
13,405,0:22:19,0,[StatementsData_logId:0]
13,406,0:22:20,0,[StatementsData_logId:0,2]
13,407,0:22:20,0,[StatementsData_logId:0,FactCardData_id:0]
13,407,0:22:20,0,[StatementsData_logId:0,FactCardData_id:4]
13,407,0:22:20,0,[StatementsData_logId:0,FactCardData_id:3]
13,407,0:22:20,0,[StatementsData_logId:0,FactCardData_id:5]
13,407,0:22:20,0,[StatementsData_logId:0,FactCardData_id:7]
13,407,0:22:20,0,[StatementsData_logId:0,FactCardData_id:6]
13,407,0:22:22,0,[StatementsData_logId:0,FactCardData_id:0]
13,407,0:22:22,0,[StatementsData_logId:0,FactCardData_id:0]
13,407,0:22:23,0,[StatementsData_logId:0,FactCardData_id:4]
13,407,0:22:23,0,[StatementsData_logId:0,FactCardData_id:0]
13,407,0:22:23,0,[StatementsData_logId:0,FactCardData_id:4]
13,407,0:22:25,0,[StatementsData_logId:0,FactCardData_id:7]
13,407,0:22:25,0,[StatementsData_logId:0,FactCardData_id:4]
13,407,0:22:25,0,[StatementsData_logId:0,FactCardData_id:7]
13,407,0:22:26,0,[StatementsData_logId:0,FactCardData_id:6]
13,407,0:22:26,0,[StatementsData_logId:0,FactCardData_id:7]
13,407,0:22:26,0,[StatementsData_logId:0,FactCardData_id:6]
13,408,0:22:28,0,[StatementsData_logId:0,FactCardData_id:6,true]
13,409,0:22:28,0,[StatementsData_logId:0]
13,410,0:22:30,0,[StatementsData_logId:0,2]
13,412,0:22:31,0,[StatementsData_logId:0]
13,413,0:23:11,0,[StatementsData_logId:0,DuelResponsesData_logId:0]
13,414,0:23:12,0,[StatementsData_logId:0,DuelResponsesData_logId:0]
13,415,0:23:26,0,[StatementsData_logId:0,DuelResponsesData_logId:0,DuelResponsesData_ok_player_response]
13,416,0:23:26,0,[StatementsData_logId:0,DuelResponsesData_logId:0]
13,417,0:23:27,0,[StatementsData_logId:0,DuelResponsesData_logId:0]
13,413,0:23:31,0,[StatementsData_logId:0,DuelResponsesData_logId:1]
13,414,0:23:32,0,[StatementsData_logId:0,DuelResponsesData_logId:1]
13,415,0:23:35,0,[StatementsData_logId:0,DuelResponsesData_logId:1,DuelResponsesData_witty_player_response]
13,416,0:23:35,0,[StatementsData_logId:0,DuelResponsesData_logId:1]
13,417,0:23:36,0,[StatementsData_logId:0,DuelResponsesData_logId:1]
13,413,0:23:38,0,[StatementsData_logId:0,DuelResponsesData_logId:2]
13,414,0:23:40,0,[StatementsData_logId:0,DuelResponsesData_logId:2]
13,415,0:23:48,0,[StatementsData_logId:0,DuelResponsesData_logId:2,DuelResponsesData_witty_player_response]
13,416,0:23:48,0,[StatementsData_logId:0,DuelResponsesData_logId:2]
13,417,0:23:49,0,[StatementsData_logId:0,DuelResponsesData_logId:2]
13,418,0:23:49,0,[StatementsData_logId:0,true]
13,419,0:23:50,0,[StatementsData_logId:0,4]
13,411,0:23:59,0,[StatementsData_logId:0]
13,401,0:24:2,0,[StatementsData_logId:1]
13,402,0:24:3,0,[StatementsData_logId:1,true]
13,405,0:24:4,0,[StatementsData_logId:1]
13,406,0:24:5,0,[StatementsData_logId:1,2]
13,411,0:24:7,0,[StatementsData_logId:1]
13,401,0:24:21,0,[StatementsData_logId:2]
13,404,0:24:23,0,[StatementsData_logId:2,true]
13,406,0:25:14,0,[StatementsData_logId:2,2]
13,412,0:25:15,0,[StatementsData_logId:2]
13,413,0:25:17,0,[StatementsData_logId:2,DuelResponsesData_logId:3]
13,414,0:25:18,0,[StatementsData_logId:2,DuelResponsesData_logId:3]
13,415,0:25:21,0,[StatementsData_logId:2,DuelResponsesData_logId:3,DuelResponsesData_ok_player_response]
13,416,0:25:21,0,[StatementsData_logId:2,DuelResponsesData_logId:3]
13,417,0:25:22,0,[StatementsData_logId:2,DuelResponsesData_logId:3]
13,413,0:25:26,0,[StatementsData_logId:2,DuelResponsesData_logId:4]
13,414,0:25:26,0,[StatementsData_logId:2,DuelResponsesData_logId:4]
13,415,0:25:39,0,[StatementsData_logId:2,DuelResponsesData_logId:4,DuelResponsesData_witty_player_response]
13,416,0:25:40,0,[StatementsData_logId:2,DuelResponsesData_logId:4]
13,417,0:25:41,0,[StatementsData_logId:2,DuelResponsesData_logId:4]
13,413,0:25:43,0,[StatementsData_logId:2,DuelResponsesData_logId:5]
13,414,0:25:48,0,[StatementsData_logId:2,DuelResponsesData_logId:5]
13,415,0:25:55,0,[StatementsData_logId:2,DuelResponsesData_logId:5,DuelResponsesData_witty_player_response]
13,416,0:25:56,0,[StatementsData_logId:2,DuelResponsesData_logId:5]
13,417,0:25:57,0,[StatementsData_logId:2,DuelResponsesData_logId:5]
13,418,0:25:57,0,[StatementsData_logId:2,true]
13,419,0:25:58,0,[StatementsData_logId:2,4]
13,411,0:25:59,0,[StatementsData_logId:2]
13,401,0:26:8,0,[StatementsData_logId:3]
13,403,0:26:10,0,[StatementsData_logId:3,true]
13,405,0:26:11,0,[StatementsData_logId:3]
13,406,0:26:11,0,[StatementsData_logId:3,2]
13,407,0:26:11,0,[StatementsData_logId:3,FactCardData_id:0]
13,407,0:26:11,0,[StatementsData_logId:3,FactCardData_id:3]
13,407,0:26:11,0,[StatementsData_logId:3,FactCardData_id:7]
13,407,0:26:11,0,[StatementsData_logId:3,FactCardData_id:6]
13,407,0:26:11,0,[StatementsData_logId:3,FactCardData_id:5]
13,407,0:26:11,0,[StatementsData_logId:3,FactCardData_id:4]
13,407,0:26:15,0,[StatementsData_logId:3,FactCardData_id:0]
13,407,0:26:15,0,[StatementsData_logId:3,FactCardData_id:0]
13,408,0:26:16,0,[StatementsData_logId:3,FactCardData_id:0,true]
13,409,0:26:16,0,[StatementsData_logId:3]
13,410,0:26:18,0,[StatementsData_logId:3,2]
13,412,0:26:24,0,[StatementsData_logId:3]
13,413,0:26:26,0,[StatementsData_logId:3,DuelResponsesData_logId:6]
13,414,0:26:27,0,[StatementsData_logId:3,DuelResponsesData_logId:6]
13,415,0:26:30,0,[StatementsData_logId:3,DuelResponsesData_logId:6,DuelResponsesData_witty_player_response]
13,416,0:26:32,0,[StatementsData_logId:3,DuelResponsesData_logId:6]
13,417,0:26:32,0,[StatementsData_logId:3,DuelResponsesData_logId:6]
13,413,0:26:36,0,[StatementsData_logId:3,DuelResponsesData_logId:7]
13,414,0:26:37,0,[StatementsData_logId:3,DuelResponsesData_logId:7]
13,415,0:26:41,0,[StatementsData_logId:3,DuelResponsesData_logId:7,DuelResponsesData_ok_player_response]
13,416,0:26:42,0,[StatementsData_logId:3,DuelResponsesData_logId:7]
13,417,0:26:43,0,[StatementsData_logId:3,DuelResponsesData_logId:7]
13,413,0:26:46,0,[StatementsData_logId:3,DuelResponsesData_logId:8]
13,414,0:26:46,0,[StatementsData_logId:3,DuelResponsesData_logId:8]
13,415,0:26:54,0,[StatementsData_logId:3,DuelResponsesData_logId:8,DuelResponsesData_ok_player_response]
13,416,0:26:55,0,[StatementsData_logId:3,DuelResponsesData_logId:8]
13,417,0:26:57,0,[StatementsData_logId:3,DuelResponsesData_logId:8]
13,418,0:26:57,0,[StatementsData_logId:3,true]
13,419,0:27:0,0,[StatementsData_logId:3,4]
13,411,0:27:1,0,[StatementsData_logId:3]
13,401,0:27:5,0,[StatementsData_logId:4]
13,402,0:27:6,0,[StatementsData_logId:4,true]
13,405,0:27:7,0,[StatementsData_logId:4]
13,406,0:27:7,0,[StatementsData_logId:4,2]
13,411,0:27:8,0,[StatementsData_logId:4]
13,401,0:27:38,0,[StatementsData_logId:5]
13,404,0:27:39,0,[StatementsData_logId:5,true]
13,406,0:27:40,0,[StatementsData_logId:5,2]
13,412,0:27:41,0,[StatementsData_logId:5]
13,413,0:27:41,0,[StatementsData_logId:5,DuelResponsesData_logId:9]
13,414,0:27:44,0,[StatementsData_logId:5,DuelResponsesData_logId:9]
13,415,0:27:47,0,[StatementsData_logId:5,DuelResponsesData_logId:9,DuelResponsesData_witty_player_response]
13,416,0:27:48,0,[StatementsData_logId:5,DuelResponsesData_logId:9]
13,417,0:28:46,0,[StatementsData_logId:5,DuelResponsesData_logId:9]
13,413,0:28:50,0,[StatementsData_logId:5,DuelResponsesData_logId:10]
13,414,0:28:51,0,[StatementsData_logId:5,DuelResponsesData_logId:10]
13,415,0:29:1,0,[StatementsData_logId:5,DuelResponsesData_logId:10,DuelResponsesData_ok_player_response]
13,416,0:29:2,0,[StatementsData_logId:5,DuelResponsesData_logId:10]
13,417,0:29:2,0,[StatementsData_logId:5,DuelResponsesData_logId:10]
13,413,0:29:28,0,[StatementsData_logId:5,DuelResponsesData_logId:11]
13,414,0:29:28,0,[StatementsData_logId:5,DuelResponsesData_logId:11]
13,415,0:29:33,0,[StatementsData_logId:5,DuelResponsesData_logId:11,DuelResponsesData_witty_player_response]
13,416,0:29:34,0,[StatementsData_logId:5,DuelResponsesData_logId:11]
13,417,0:29:35,0,[StatementsData_logId:5,DuelResponsesData_logId:11]
13,418,0:29:35,0,[StatementsData_logId:5,true]
13,419,0:29:36,0,[StatementsData_logId:5,4]
13,411,0:29:38,0,[StatementsData_logId:5]
13,420,0:29:38,0,[64]
13,1005,0:29:38,0,[0,2,3]
13,1001,0:29:46,0,[]
13,1003,0:29:46,0
13,210,0:29:51,982,447
13,211,0:29:51,970,463
13,213,0:29:51,0,c_bestFriend_M_a_G7a1P,true
13,205,0:29:51,0,c_bestFriend_M_a_G7a1P,false,false
13,221,0:29:56,0
13,220,0:29:58,0
13,203,0:29:58,0
13,1003,0:29:59,3
13,100,0:30:2,1
13,102,0:30:5,1
13,200,0:30:5,1,3,3,3,0,6
13,219,0:30:5,1
13,216,0:30:7,Stack_G7b0
13,217,0:30:9,Stack_G7b0,2.6,19
13,218,0:30:11,1
13,210,0:30:11,678,510
13,211,0:30:14,1581,406
13,207,0:30:14,1,-500,-575
13,210,0:30:14,1642,419
13,207,0:30:14,1,-575,-710
13,207,0:30:16,1,-710,-1031
13,211,0:30:19,1010,222
13,207,0:30:19,1,-1031,-986
13,210,0:30:19,918,157
13,207,0:30:21,1,-986,-311
13,207,0:30:23,1,-311,-11
13,207,0:30:25,1,-11,0
13,211,0:30:26,166,486
13,212,0:30:27,2
13,210,0:30:28,267,547
13,207,0:30:33,1,0,-210
13,207,0:30:35,1,-210,-750
13,211,0:30:37,1595,312
13,210,0:30:37,1553,480
13,211,0:30:37,1626,568
13,212,0:30:38,0
13,210,0:30:39,1658,451
13,207,0:30:42,1,-750,-450
13,207,0:30:43,1,-450,-225
13,207,0:30:45,1,-225,0
13,211,0:30:47,54,403
13,210,0:30:49,918,562
13,211,0:30:50,1118,530
13,207,0:30:50,1,0,-150
13,212,0:30:51,1
13,210,0:30:52,1067,454
13,211,0:30:53,1018,426
13,212,0:30:54,2
13,210,0:30:54,1025,483
13,211,0:30:54,1008,504
13,213,0:30:54,1,c_crewKid1_M_G7b0,false
13,1003,0:31:10,2
13,1004,0:31:12,1
13,900,0:31:14,1,[]
13,901,0:31:16,1,[PeopleData_id:5]
13,902,0:31:17,1,[PeopleData_id:5,PeopleData_data2Type]
13,903,0:32:2,1,[PeopleData_id5,PeopleData_data2Type]
13,902,0:36:57,1,[PeopleData_id:5,PeopleData_data0Type]
13,902,0:36:58,1,[PeopleData_id:5,PeopleData_data2Type]
13,1002,0:37:2,1
13,1003,0:37:2,2
13,204,0:37:9,1
13,103,0:39:48
13,105,0:39:53
13,703,0:39:55,[|| EpilogueItem ID: 0 unlocked: true ||,|| EpilogueItem ID: 1 unlocked: false ||,|| EpilogueItem ID: 2 unlocked: false ||,|| EpilogueItem ID: 3 unlocked: false ||,|| EpilogueItem ID: 4 unlocked: false ||,|| EpilogueItem ID: 5 unlocked: false ||,|| EpilogueItem ID: 6 unlocked: false ||,|| EpilogueItem ID: 7 unlocked: false ||,|| EpilogueItem ID: 8 unlocked: false ||,|| EpilogueItem ID: 9 unlocked: false ||,|| EpilogueItem ID: 10 unlocked: false ||,|| EpilogueItem ID: 11 unlocked: false ||,|| EpilogueItem ID: 12 unlocked: false ||,|| EpilogueItem ID: 13 unlocked: false ||,|| EpilogueItem ID: 14 unlocked: false ||,|| EpilogueItem ID: 15 unlocked: false ||,|| EpilogueItem ID: 16 unlocked: false ||,|| EpilogueItem ID: 17 unlocked: false ||,|| EpilogueItem ID: 18 unlocked: false ||,|| EpilogueItem ID: 19 unlocked: false ||,|| EpilogueItem ID: 20 unlocked: false ||,|| EpilogueItem ID: 21 unlocked: false ||,|| EpilogueItem ID: 22 unlocked: false ||,|| EpilogueItem ID: 23 unlocked: false ||,|| EpilogueItem ID: 24 unlocked: false ||],0.04
13,706,0:39:57,(x=788, y=-100, w=1024, h=768),(x=784, y=-100, w=1024, h=768)
13,706,0:40:1,(x=2531, y=-100, w=1024, h=768),(x=2531, y=-100, w=1024, h=768)
13,708,0:40:1
13,1,0:40:1,4/9/2013 5:39:35pm,{"gameTime":2401133,"session":[{"stackId":12,"sceneId":"1P"},{"stackId":0,"sceneId":"1P"}],"challengeStacks":[{"resolved":true,"challengeScenes":[{"keyPoints":["c_bestFriend_M_a_G7a0","c_teacherEng_G7a0","s_flag_gen"],"viewedAnimatic":true,"touchableObjects":["s_vocabAssignment_G7a0","s_atwoodPoster_gen","s_clock_G7a0","c_friend1_M_a_G7a0","c_bestFriend_M_a_G7a0","c_teacherEng_G7a0","s_flag_gen"],"unlocked":true,"miniGameCards":[]},{"keyPoints":["s_paperPlayers_G7a1N","c_bestFriend_M_a_G7a1N","c_teacherEng_G7a1N"],"viewedAnimatic":true,"touchableObjects":["s_paperPlayers_G7a1N","c_bestFriend_M_a_G7a1N","c_teacherEng_G7a1N"],"unlocked":true,"miniGameCards":[]},{"keyPoints":["c_teacherEng_G7a1P","s_paperEnglish_gen","s_flag_gen","c_bestFriend_M_a_G7a1P"],"viewedAnimatic":true,"touchableObjects":["s_paperPlayers_G7a1P","c_teacherEng_G7a1P","s_papersDetention_gen","s_paperEnglish_gen","s_shakespearePoster_gen","s_flag_gen","s_poePoster_gen","c_bestFriend_M_a_G7a1P"],"unlocked":true,"miniGameCards":[]}],"stackSize":3},{"resolved":false,"challengeScenes":[{"keyPoints":[],"viewedAnimatic":true,"touchableObjects":[],"unlocked":true,"miniGameCards":[]},{"keyPoints":[],"viewedAnimatic":false,"touchableObjects":[],"unlocked":true,"miniGameCards":[]},{"keyPoints":[],"viewedAnimatic":false,"touchableObjects":[],"unlocked":false,"miniGameCards":[]},{"keyPoints":[],"viewedAnimatic":false,"touchableObjects":[],"unlocked":false,"miniGameCards":[]},{"keyPoints":[],"viewedAnimatic":false,"touchableObjects":[],"unlocked":false,"miniGameCards":[]}],"stackSize":5},{"resolved":false,"challengeScenes":[{"keyPoints":[],"viewedAnimatic":false,"touchableObjects":[],"unlocked":false,"miniGameCards":[]},{"keyPoints":[],"viewedAnimatic":false,"touchableObjects":[],"unlocked":false,"miniGameCards":[]},{"keyPoints":[],"viewedAnimatic":false,"touchableObjects":[],"unlocked":false,"miniGameCards":[]},{"keyPoints":[],"viewedAnimatic":false,"touchableObjects":[],"unlocked":false,"miniGameCards":[]},{"keyPoints":[],"viewedAnimatic":false,"touchableObjects":[],"unlocked":false,"miniGameCards":[]},{"keyPoints":[],"viewedAnimatic":false,"touchableObjects":[],"unlocked":false,"miniGameCards":[]},{"keyPoints":[],"viewedAnimatic":false,"touchableObjects":[],"unlocked":false,"miniGameCards":[]}],"stackSize":7},{"resolved":false,"challengeScenes":[{"keyPoints":[],"viewedAnimatic":false,"touchableObjects":[],"unlocked":false,"miniGameCards":[]},{"keyPoints":[],"viewedAnimatic":false,"touchableObjects":[],"unlocked":false,"miniGameCards":[]},{"keyPoints":[],"viewedAnimatic":false,"touchableObjects":[],"unlocked":false,"miniGameCards":[]},{"keyPoints":[],"viewedAnimatic":false,"touchableObjects":[],"unlocked":false,"miniGameCards":[]},{"keyPoints":[],"viewedAnimatic":false,"touchableObjects":[],"unlocked":false,"miniGameCards":[]}],"stackSize":5},{"resolved":false,"challengeScenes":[{"keyPoints":[],"viewedAnimatic":false,"touchableObjects":[],"unlocked":false,"miniGameCards":[]},{"keyPoints":[],"viewedAnimatic":false,"touchableObjects":[],"unlocked":false,"miniGameCards":[]},{"keyPoints":[],"viewedAnimatic":false,"touchableObjects":[],"unlocked":false,"miniGameCards":[]},{"keyPoints":[],"viewedAnimatic":false,"touchableObjects":[],"unlocked":false,"miniGameCards":[]},{"keyPoints":[],"viewedAnimatic":false,"touchableObjects":[],"unlocked":false,"miniGameCards":[]}],"stackSize":5},{"resolved":false,"challengeScenes":[{"keyPoints":[],"viewedAnimatic":false,"touchableObjects":[],"unlocked":false,"miniGameCards":[]},{"keyPoints":[],"viewedAnimatic":false,"touchableObjects":[],"unlocked":false,"miniGameCards":[]},{"keyPoints":[],"viewedAnimatic":false,"touchableObjects":[],"unlocked":false,"miniGameCards":[]},{"keyPoints":[],"viewedAnimatic":false,"touchableObjects":[],"unlocked":false,"miniGameCards":[]},{"keyPoints":[],"viewedAnimatic":false,"touchableObjects":[],"unlocked":false,"miniGameCards":[]}],"stackSize":5},{"resolved":false,"challengeScenes":[{"keyPoints":[],"viewedAnimatic":false,"touchableObjects":[],"unlocked":false,"miniGameCards":[]},{"keyPoints":[],"viewedAnimatic":false,"touchableObjects":[],"unlocked":false,"miniGameCards":[]},{"keyPoints":[],"viewedAnimatic":false,"touchableObjects":[],"unlocked":false,"miniGameCards":[]},{"keyPoints":[],"viewedAnimatic":false,"touchableObjects":[],"unlocked":false,"miniGameCards":[]},{"keyPoints":[],"viewedAnimatic":false,"touchableObjects":[],"unlocked":false,"miniGameCards":[]}],"stackSize":5},{"resolved":false,"challengeScenes":[{"keyPoints":[],"viewedAnimatic":false,"touchableObjects":[],"unlocked":false,"miniGameCards":[]},{"keyPoints":[],"viewedAnimatic":false,"touchableObjects":[],"unlocked":false,"miniGameCards":[]},{"keyPoints":[],"viewedAnimatic":false,"touchableObjects":[],"unlocked":false,"miniGameCards":[]},{"keyPoints":[],"viewedAnimatic":false,"touchableObjects":[],"unlocked":false,"miniGameCards":[]},{"keyPoints":[],"viewedAnimatic":false,"touchableObjects":[],"unlocked":false,"miniGameCards":[]}],"stackSize":5},{"resolved":false,"challengeScenes":[{"keyPoints":[],"viewedAnimatic":false,"touchableObjects":[],"unlocked":false,"miniGameCards":[]},{"keyPoints":[],"viewedAnimatic":false,"touchableObjects":[],"unlocked":false,"miniGameCards":[]},{"keyPoints":[],"viewedAnimatic":false,"touchableObjects":[],"unlocked":false,"miniGameCards":[]},{"keyPoints":[],"viewedAnimatic":false,"touchableObjects":[],"unlocked":false,"miniGameCards":[]},{"keyPoints":[],"viewedAnimatic":false,"touchableObjects":[],"unlocked":false,"miniGameCards":[]}],"stackSize":5},{"resolved":false,"challengeScenes":[{"keyPoints":[],"viewedAnimatic":false,"touchableObjects":[],"unlocked":false,"miniGameCards":[]},{"keyPoints":[],"viewedAnimatic":false,"touchableObjects":[],"unlocked":false,"miniGameCards":[]},{"keyPoints":[],"viewedAnimatic":false,"touchableObjects":[],"unlocked":false,"miniGameCards":[]},{"keyPoints":[],"viewedAnimatic":false,"touchableObjects":[],"unlocked":false,"miniGameCards":[]},{"keyPoints":[],"viewedAnimatic":false,"touchableObjects":[],"unlocked":false,"miniGameCards":[]}],"stackSize":5},{"resolved":false,"challengeScenes":[{"keyPoints":[],"viewedAnimatic":false,"touchableObjects":[],"unlocked":false,"miniGameCards":[]},{"keyPoints":[],"viewedAnimatic":false,"touchableObjects":[],"unlocked":false,"miniGameCards":[]},{"keyPoints":[],"viewedAnimatic":false,"touchableObjects":[],"unlocked":false,"miniGameCards":[]},{"keyPoints":[],"viewedAnimatic":false,"touchableObjects":[],"unlocked":false,"miniGameCards":[]},{"keyPoints":[],"viewedAnimatic":false,"touchableObjects":[],"unlocked":false,"miniGameCards":[]}],"stackSize":5},{"resolved":false,"challengeScenes":[{"keyPoints":[],"viewedAnimatic":false,"touchableObjects":[],"unlocked":false,"miniGameCards":[]},{"keyPoints":[],"viewedAnimatic":false,"touchableObjects":[],"unlocked":false,"miniGameCards":[]},{"keyPoints":[],"viewedAnimatic":false,"touchableObjects":[],"unlocked":false,"miniGameCards":[]},{"keyPoints":[],"viewedAnimatic":false,"touchableObjects":[],"unlocked":false,"miniGameCards":[]},{"keyPoints":[],"viewedAnimatic":false,"touchableObjects":[],"unlocked":false,"miniGameCards":[]}],"stackSize":5},{"resolved":true,"challengeScenes":[{"keyPoints":[],"viewedAnimatic":false,"touchableObjects":["c_education_G0a0","c_family_afri_a_G0a0","c_player_afri_M_a_G0a0"],"unlocked":true,"miniGameCards":[]},{"keyPoints":["c_family_afri_a_G0a1N","c_home_G0a1N","c_job_G0a1N"],"viewedAnimatic":false,"touchableObjects":["c_player_afri_M_a_G0a1N","c_family_afri_a_G0a1N","c_home_G0a1N","c_job_G0a1N"],"unlocked":true,"miniGameCards":[]},{"keyPoints":["c_kidsister_afri_a_G0a1P","c_grandma_afri_a_G0a1P","c_Teacher_G0a1P","c_dad_afri_a_G0a1P","c_mom_afri_a_G0a1P","c_Nurse_G0a1P"],"viewedAnimatic":false,"touchableObjects":["c_kidsister_afri_a_G0a1P","c_grandma_afri_a_G0a1P","c_friends_G0a1P","c_Teacher_G0a1P","c_dad_afri_a_G0a1P","c_mom_afri_a_G0a1P","c_Nurse_G0a1P"],"unlocked":true,"miniGameCards":[]}],"stackSize":3}],"minigames":[{"levelSaveData":[{"starRating":3,"unlocked":true},{"starRating":0,"unlocked":false},{"starRating":0,"unlocked":false},{"starRating":0,"unlocked":false},{"starRating":0,"unlocked":false},{"starRating":0,"unlocked":false},{"starRating":0,"unlocked":false},{"starRating":0,"unlocked":false},{"starRating":0,"unlocked":false},{"starRating":0,"unlocked":false}],"skillPoints":3},{"levelSaveData":[{"starRating":3,"unlocked":true},{"starRating":0,"unlocked":false},{"starRating":0,"unlocked":false},{"starRating":0,"unlocked":false},{"starRating":0,"unlocked":true},{"starRating":0,"unlocked":false},{"starRating":0,"unlocked":false},{"starRating":0,"unlocked":false},{"starRating":0,"unlocked":false},{"starRating":0,"unlocked":false}],"skillPoints":3},{"levelSaveData":[{"starRating":3,"unlocked":true},{"starRating":0,"unlocked":true},{"starRating":0,"unlocked":false},{"starRating":0,"unlocked":false},{"starRating":0,"unlocked":false},{"starRating":0,"unlocked":false},{"starRating":0,"unlocked":false},{"starRating":0,"unlocked":false},{"starRating":0,"unlocked":false},{"starRating":0,"unlocked":false}],"skillPoints":3},{"levelSaveData":[{"starRating":0,"unlocked":true},{"starRating":0,"unlocked":false},{"starRating":0,"unlocked":false},{"starRating":0,"unlocked":false},{"starRating":0,"unlocked":false},{"starRating":0,"unlocked":false},{"starRating":0,"unlocked":false},{"starRating":0,"unlocked":false},{"starRating":0,"unlocked":false},{"starRating":0,"unlocked":false}],"skillPoints":0},{"name":"Tremont","gender":0,"visualAvatar":0,"age":13,"levelSaveData":[{"starRating":3,"unlocked":true},{"chunks":[["0"],["7","15"],["12","8","7"],["0"]],"unlocked":true,"starRating":3},{"chunks":[[null],[null,null],[null,null]],"unlocked":true,"starRating":0},{"chunks":[[null],[null],[null],[null],[null,null],[null]],"unlocked":false,"starRating":0},{"chunks":[[null],[null],[null,null],[null],[null],[null]],"unlocked":false,"starRating":0},{"chunks":[[null],[null,null,null,null],[null],[null]],"unlocked":false,"starRating":0},{"chunks":[[null],[null],[null,null],[null,null],[null]],"unlocked":false,"starRating":0},{"chunks":[[null,null,null],[null,null,null],[null],[null],[null]],"unlocked":false,"starRating":0},{"chunks":[[null,null,null],[null,null,null],[null,null]],"unlocked":false,"starRating":0},{"chunks":[[null],[null],[null],[null],[null],[null]],"unlocked":false,"starRating":0}],"id":0,"skillPoints":6}],"playerId":13,"epilogue":{"rating":0},"sessionId":1,"avatar":{"name":"Tremont","gender":0,"visualAvatar":0,"age":13,"levelSaveData":[{"starRating":3,"unlocked":true},{"chunks":[["0"],["7","15"],["12","8","7"],["0"]],"unlocked":true,"starRating":3},{"chunks":[[null],[null,null],[null,null]],"unlocked":true,"starRating":0},{"chunks":[[null],[null],[null],[null],[null,null],[null]],"unlocked":false,"starRating":0},{"chunks":[[null],[null],[null,null],[null],[null],[null]],"unlocked":false,"starRating":0},{"chunks":[[null],[null,null,null,null],[null],[null]],"unlocked":false,"starRating":0},{"chunks":[[null],[null],[null,null],[null,null],[null]],"unlocked":false,"starRating":0},{"chunks":[[null,null,null],[null,null,null],[null],[null],[null]],"unlocked":false,"starRating":0},{"chunks":[[null,null,null],[null,null,null],[null,null]],"unlocked":false,"starRating":0},{"chunks":[[null],[null],[null],[null],[null],[null]],"unlocked":false,"starRating":0}],"id":0,"skillPoints":6}}
