6427001,0,0:0:0,3/7/2013 4:51:41pm
6427001,600,0:3:18,2
6427001,601,0:3:19,0
6427001,602,0:3:25,2,0
6427001,603,0:3:30,2
6427001,604,0:4:12,2,Dylan
6427001,605,0:4:21
6427001,212,0:5:14,1
6427001,212,0:5:14,0
6427001,212,0:5:16,2
6427001,212,0:5:18,1
6427001,212,0:5:22,2
6427001,212,0:5:27,1
6427001,212,0:5:29,0
6427001,212,0:5:37,2
6427001,212,0:5:37,1
6427001,212,0:5:38,0
6427001,212,0:5:39,1
6427001,212,0:5:40,2
6427001,212,0:5:40,1
6427001,212,0:5:41,0
6427001,212,0:5:44,2
6427001,210,0:5:44,1017,504
6427001,207,0:5:45,12,0,-165
6427001,207,0:5:45,12,-165,-195
6427001,207,0:5:46,12,-195,-360
6427001,207,0:5:48,12,-360,-705
6427001,211,0:5:49,1952,571
6427001,207,0:5:49,12,-705,-945
6427001,210,0:5:51,1972,523
6427001,207,0:5:51,12,-945,-1035
6427001,211,0:5:59,1356,278
6427001,213,0:5:59,12,c_family_lati_a_G0a0,true
6427001,210,0:6:31,802,318
6427001,207,0:6:32,12,0,-150
6427001,211,0:6:33,48,473
6427001,207,0:6:33,12,-150,-30
6427001,210,0:6:54,656,172
6427001,211,0:6:57,833,286
6427001,213,0:6:57,12,c_player_lati_M_a_G0a1N,true
6427001,210,0:6:59,846,362
6427001,211,0:7:0,841,375
6427001,213,0:7:0,12,c_player_lati_M_a_G0a1N,true
6427001,212,0:7:3,1
6427001,210,0:7:4,885,308
6427001,211,0:7:4,847,362
6427001,213,0:7:4,12,c_player_lati_M_a_G0a1N,true
6427001,210,0:7:7,927,366
6427001,207,0:7:7,12,-30,-270
6427001,211,0:7:9,1122,465
6427001,213,0:7:9,12,c_home_G0a1N,true
6427001,205,0:7:9,12,c_home_G0a1N,false,false
6427001,212,0:7:24,0
6427001,210,0:7:25,661,175
6427001,211,0:7:26,665,185
6427001,213,0:7:26,12,c_job_G0a1N,true
6427001,205,0:7:26,12,c_job_G0a1N,false,false
6427001,213,0:7:36,12,c_job_G0a1N,true
6427001,205,0:7:36,12,c_job_G0a1N,false,true
6427001,212,0:7:40,1
6427001,212,0:7:41,2
6427001,210,0:7:42,1167,201
6427001,211,0:7:43,1158,189
6427001,213,0:7:43,12,c_family_lati_a_G0a1N,true
6427001,205,0:7:43,12,c_family_lati_a_G0a1N,false,false
6427001,221,0:8:14,12
6427001,220,0:8:30,12
6427001,210,0:8:45,269,324
6427001,211,0:8:48,597,513
6427001,213,0:8:48,12,c_cousins_M_a_G0a1P,true
6427001,210,0:8:51,755,376
6427001,211,0:8:52,750,331
6427001,213,0:8:52,12,c_cousins_M_a_G0a1P,true
6427001,210,0:8:54,897,452
6427001,211,0:8:55,918,499
6427001,213,0:8:55,12,c_friends_G0a1P,true
6427001,210,0:8:59,731,443
6427001,211,0:9:0,1110,417
6427001,207,0:9:0,12,0,-105
6427001,210,0:9:1,1184,392
6427001,207,0:9:2,12,-105,-495
6427001,211,0:9:5,1394,258
6427001,213,0:9:5,12,c_Teacher_G0a1P,true
6427001,205,0:9:5,12,c_Teacher_G0a1P,false,false
6427001,210,0:9:9,1286,245
6427001,207,0:9:11,12,-495,-780
6427001,211,0:9:11,1482,451
6427001,213,0:9:11,12,c_friends_G0a1P,true
6427001,210,0:9:14,1681,366
6427001,211,0:9:15,1655,370
6427001,213,0:9:15,12,c_grandma_lati_a_G0a1P,true
6427001,205,0:9:15,12,c_grandma_lati_a_G0a1P,false,false
6427001,210,0:9:20,1845,262
6427001,207,0:9:21,12,-780,-1005
6427001,211,0:9:22,1851,512
6427001,213,0:9:22,12,c_kidsister_lati_a_G0a1P,true
6427001,205,0:9:22,12,c_kidsister_lati_a_G0a1P,false,false
6427001,210,0:9:27,1688,409
6427001,207,0:9:30,12,-1005,-1790
6427001,207,0:9:34,12,-1790,-1445
6427001,211,0:9:36,1327,418
6427001,207,0:9:36,12,-1445,-1310
6427001,210,0:9:37,1300,419
6427001,207,0:9:37,12,-1310,-1250
6427001,211,0:9:38,1404,285
6427001,213,0:9:38,12,c_Teacher_G0a1P,true
6427001,205,0:9:38,12,c_Teacher_G0a1P,false,true
6427001,210,0:9:42,1709,430
6427001,211,0:9:44,1637,357
6427001,213,0:9:44,12,c_grandma_lati_a_G0a1P,true
6427001,205,0:9:44,12,c_grandma_lati_a_G0a1P,false,true
6427001,212,0:9:54,1
6427001,210,0:9:54,1837,382
6427001,211,0:9:56,1795,303
6427001,213,0:9:56,12,c_dad_lati_a_G0a1P,true
6427001,205,0:9:56,12,c_dad_lati_a_G0a1P,false,false
6427001,210,0:10:0,1829,473
6427001,211,0:10:2,1899,399
6427001,213,0:10:2,12,c_mom_lati_a_G0a1P,true
6427001,205,0:10:2,12,c_mom_lati_a_G0a1P,false,false
6427001,210,0:10:5,1633,457
6427001,211,0:10:8,1352,487
6427001,213,0:10:8,12,c_friends_G0a1P,true
6427001,210,0:10:10,1549,395
6427001,207,0:10:12,12,-1250,-1010
6427001,207,0:10:14,12,-1010,-515
6427001,207,0:10:15,12,-515,-230
6427001,211,0:10:15,358,493
6427001,212,0:10:16,0
6427001,210,0:10:17,594,418
6427001,207,0:10:19,12,-230,-500
6427001,211,0:10:20,1295,241
6427001,213,0:10:20,12,c_Nurse_G0a1P,true
6427001,205,0:10:20,12,c_Nurse_G0a1P,false,false
6427001,221,0:10:49,12
6427001,300,0:11:17
6427001,220,0:11:17,12
6427001,305,0:11:33,0,1,0,-1,
6427001,302,0:12:2,0,3,0,0
6427001,304,0:12:3,0,3,0,-1,,0,
6427001,302,0:12:6,0,1,0,5
6427001,302,0:12:8,0,1,0,1
6427001,302,0:12:10,0,1,0,5
6427001,302,0:12:11,0,1,0,8
6427001,302,0:12:21,0,1,0,10
6427001,303,0:12:24,0,1,0,10
6427001,304,0:12:26,0,1,0,-1,,10,Funny
6427001,302,0:12:35,0,1,1,17
6427001,302,0:12:39,0,1,1,8
6427001,302,0:12:40,0,1,1,11
6427001,302,0:12:42,0,1,1,5
6427001,302,0:12:44,0,1,1,7
6427001,303,0:12:47,0,1,1,7
6427001,306,0:12:49,0,0,1
6427001,304,0:12:49,0,1,1,-1,,7,Smart
6427001,302,0:12:59,0,0,0,1
6427001,304,0:13:0,0,0,0,-1,,1,
6427001,302,0:13:9,0,2,0,11
6427001,302,0:13:9,0,2,0,6
6427001,302,0:13:12,0,2,0,10
6427001,303,0:13:14,0,2,0,10
6427001,306,0:13:19,0,1,2
6427001,304,0:13:19,0,2,0,-1,,10,Electronics
6427001,302,0:13:22,0,2,1,5
6427001,302,0:13:23,0,2,1,0
6427001,303,0:13:25,0,2,1,0
6427001,304,0:13:29,0,2,1,-1,,0,Family
6427001,302,0:13:31,0,2,2,5
6427001,302,0:13:32,0,2,2,11
6427001,302,0:13:34,0,2,2,13
6427001,303,0:13:35,0,2,2,13
6427001,302,0:13:36,0,2,2,15
6427001,306,0:13:45,0,2,3
6427001,304,0:13:45,0,2,2,-1,,15,Video Games
6427001,221,0:14:8,12
6427001,220,0:14:12,12
6427001,203,0:14:12,12
6427001,100,0:14:26,0
6427001,102,0:14:41,0
6427001,200,0:14:41,0,0,0,0,0,6
6427001,219,0:14:41,0
6427001,216,0:14:42,Stack_G7a0
6427001,217,0:15:16,Stack_G7a0,32,0.00
6427001,218,0:15:21,0
6427001,210,0:15:24,1086,521
6427001,207,0:15:25,0,-200,-320
6427001,211,0:15:26,995,540
6427001,213,0:15:26,0,c_bestFriend_M_a_G7a0,false
6427001,210,0:15:39,1122,475
6427001,207,0:15:40,0,-320,-380
6427001,211,0:15:42,1199,403
6427001,213,0:15:42,0,s_doorClassroom_G7a0,true
6427001,210,0:15:47,833,350
6427001,211,0:15:51,650,603
6427001,213,0:15:51,0,s_otherStudent1_G7a0,true
6427001,210,0:16:0,620,323
6427001,211,0:16:3,780,138
6427001,213,0:16:3,0,s_shakespearePoster_gen,true
6427001,210,0:16:5,714,454
6427001,207,0:16:7,0,-380,0
6427001,211,0:16:11,125,578
6427001,210,0:16:15,285,437
6427001,211,0:16:23,236,500
6427001,213,0:16:23,0,c_crewKid1_M_G7a0,true
6427001,210,0:16:25,257,548
6427001,207,0:16:27,0,0,-195
6427001,211,0:16:32,970,577
6427001,213,0:16:32,0,c_bestFriend_M_a_G7a0,false
6427001,1003,0:16:38,2
6427001,1004,0:16:40,0
6427001,900,0:16:49,0,[]
6427001,901,0:16:57,0,[PeopleData_id:4]
6427001,904,0:16:58,0,[PeopleData_id:4]
6427001,902,0:17:2,0,[PeopleData_id:4,PeopleData_data0Type]
6427001,903,0:17:16,0,[PeopleData_id4,PeopleData_data0Type]
6427001,902,0:17:17,0,[PeopleData_id:4,PeopleData_data1Type]
6427001,903,0:17:23,0,[PeopleData_id4,PeopleData_data1Type]
6427001,902,0:17:23,0,[PeopleData_id:4,PeopleData_data0Type]
6427001,903,0:17:24,0,[PeopleData_id4,PeopleData_data0Type]
6427001,902,0:17:25,0,[PeopleData_id:4,PeopleData_data0Type]
6427001,903,0:17:27,0,[PeopleData_id4,PeopleData_data0Type]
6427001,902,0:17:29,0,[PeopleData_id:4,PeopleData_data1Type]
6427001,903,0:17:34,0,[PeopleData_id4,PeopleData_data1Type]
6427001,902,0:17:35,0,[PeopleData_id:4,PeopleData_data2Type]
6427001,903,0:17:39,0,[PeopleData_id4,PeopleData_data2Type]
6427001,902,0:17:39,0,[PeopleData_id:4,PeopleData_data3Type]
6427001,903,0:17:45,0,[PeopleData_id4,PeopleData_data3Type]
6427001,901,0:17:46,0,[PeopleData_id:4]
6427001,904,0:17:46,0,[PeopleData_id:4]
6427001,901,0:18:4,0,[PeopleData_id:4]
6427001,904,0:18:4,0,[PeopleData_id:4]
6427001,905,0:18:5,0,[PeopleData_id:4,RankTypes_id:-1,RankTypes_id:2]
6427001,901,0:18:6,0,[PeopleData_id:4]
6427001,904,0:18:6,0,[PeopleData_id:4]
6427001,905,0:18:7,0,[PeopleData_id:4,RankTypes_id:2,RankTypes_id:2]
6427001,901,0:18:8,0,[PeopleData_id:4]
6427001,904,0:18:8,0,[PeopleData_id:4]
6427001,905,0:18:8,0,[PeopleData_id:4,RankTypes_id:2,RankTypes_id:2]
6427001,901,0:18:12,0,[PeopleData_id:1]
6427001,904,0:18:12,0,[PeopleData_id:1]
6427001,902,0:18:13,0,[PeopleData_id:1,PeopleData_data3Type]
6427001,903,0:18:16,0,[PeopleData_id1,PeopleData_data3Type]
6427001,901,0:18:18,0,[PeopleData_id:1]
6427001,902,0:18:19,0,[PeopleData_id:1,PeopleData_data3Type]
6427001,903,0:18:30,0,[PeopleData_id1,PeopleData_data3Type]
6427001,901,0:18:31,0,[PeopleData_id:2]
6427001,904,0:18:31,0,[PeopleData_id:2]
6427001,901,0:18:31,0,[PeopleData_id:1]
6427001,904,0:18:31,0,[PeopleData_id:1]
6427001,902,0:18:32,0,[PeopleData_id:1,PeopleData_data2Type]
6427001,903,0:18:36,0,[PeopleData_id1,PeopleData_data2Type]
6427001,902,0:18:39,0,[PeopleData_id:1,PeopleData_data1Type]
6427001,903,0:18:47,0,[PeopleData_id1,PeopleData_data1Type]
6427001,902,0:18:47,0,[PeopleData_id:1,PeopleData_data0Type]
6427001,903,0:18:51,0,[PeopleData_id1,PeopleData_data0Type]
6427001,901,0:18:51,0,[PeopleData_id:1]
6427001,904,0:18:51,0,[PeopleData_id:1]
6427001,905,0:18:52,0,[PeopleData_id:1,RankTypes_id:-1,RankTypes_id:2]
6427001,901,0:18:52,0,[PeopleData_id:4]
6427001,904,0:18:52,0,[PeopleData_id:4]
6427001,905,0:18:53,0,[PeopleData_id:4,RankTypes_id:2,RankTypes_id:3]
6427001,901,0:18:53,0,[PeopleData_id:1]
6427001,904,0:18:53,0,[PeopleData_id:1]
6427001,905,0:18:54,0,[PeopleData_id:1,RankTypes_id:2,RankTypes_id:2]
6427001,901,0:18:55,0,[PeopleData_id:2]
6427001,904,0:18:55,0,[PeopleData_id:2]
6427001,902,0:18:57,0,[PeopleData_id:2,PeopleData_data0Type]
6427001,903,0:19:1,0,[PeopleData_id2,PeopleData_data0Type]
6427001,902,0:19:2,0,[PeopleData_id:2,PeopleData_data1Type]
6427001,903,0:19:5,0,[PeopleData_id2,PeopleData_data1Type]
6427001,902,0:19:6,0,[PeopleData_id:2,PeopleData_data2Type]
6427001,903,0:19:8,0,[PeopleData_id2,PeopleData_data2Type]
6427001,902,0:19:9,0,[PeopleData_id:2,PeopleData_data3Type]
6427001,903,0:19:13,0,[PeopleData_id2,PeopleData_data3Type]
6427001,901,0:19:13,0,[PeopleData_id:2]
6427001,904,0:19:14,0,[PeopleData_id:2]
6427001,905,0:19:15,0,[PeopleData_id:2,RankTypes_id:-1,RankTypes_id:2]
6427001,901,0:19:17,0,[PeopleData_id:0]
6427001,902,0:19:18,0,[PeopleData_id:0,PeopleData_data0Type]
6427001,903,0:19:19,0,[PeopleData_id0,PeopleData_data0Type]
6427001,902,0:19:20,0,[PeopleData_id:0,PeopleData_data1Type]
6427001,903,0:19:23,0,[PeopleData_id0,PeopleData_data1Type]
6427001,902,0:19:23,0,[PeopleData_id:0,PeopleData_data2Type]
6427001,903,0:19:25,0,[PeopleData_id0,PeopleData_data2Type]
6427001,902,0:19:26,0,[PeopleData_id:0,PeopleData_data3Type]
6427001,903,0:19:28,0,[PeopleData_id0,PeopleData_data3Type]
6427001,901,0:19:29,0,[PeopleData_id:0]
6427001,904,0:19:30,0,[PeopleData_id:0]
6427001,905,0:19:30,0,[PeopleData_id:0,RankTypes_id:-1,RankTypes_id:4]
6427001,901,0:19:31,0,[PeopleData_id:3]
6427001,902,0:19:32,0,[PeopleData_id:3,PeopleData_data0Type]
6427001,903,0:19:34,0,[PeopleData_id3,PeopleData_data0Type]
6427001,902,0:19:34,0,[PeopleData_id:3,PeopleData_data1Type]
6427001,903,0:19:35,0,[PeopleData_id3,PeopleData_data1Type]
6427001,902,0:19:36,0,[PeopleData_id:3,PeopleData_data2Type]
6427001,903,0:19:39,0,[PeopleData_id3,PeopleData_data2Type]
6427001,901,0:19:39,0,[PeopleData_id:3]
6427001,904,0:19:40,0,[PeopleData_id:3]
6427001,905,0:19:41,0,[PeopleData_id:3,RankTypes_id:-1,RankTypes_id:4]
6427001,906,0:19:41,0,[]
6427001,907,0:19:42,0,[]
6427001,908,0:19:42,0,[InvitationData_id:5,PeopleData_id:4,RankTypes_id:3]
6427001,909,0:20:13,0,[InvitationData_id:5,PeopleData_id:4,RankTypes_id:3,0]
6427001,910,0:20:23,0,[InvitationData_id:5,-7,false]
6427001,908,0:20:23,0,[InvitationData_id:10,PeopleData_id:2,RankTypes_id:2]
6427001,909,0:20:29,0,[InvitationData_id:10,PeopleData_id:2,RankTypes_id:2,1]
6427001,910,0:20:37,0,[InvitationData_id:10,0,true]
6427001,908,0:20:37,0,[InvitationData_id:9,PeopleData_id:4,RankTypes_id:3]
6427001,909,0:21:0,0,[InvitationData_id:9,PeopleData_id:4,RankTypes_id:3,0]
6427001,910,0:21:4,0,[InvitationData_id:9,-7,false]
6427001,908,0:21:4,0,[InvitationData_id:6,PeopleData_id:0,RankTypes_id:4]
6427001,909,0:21:15,0,[InvitationData_id:6,PeopleData_id:0,RankTypes_id:4,1]
6427001,910,0:21:16,0,[InvitationData_id:6,9,false]
6427001,908,0:21:16,0,[InvitationData_id:1,PeopleData_id:0,RankTypes_id:4]
6427001,909,0:21:19,0,[InvitationData_id:1,PeopleData_id:0,RankTypes_id:4,1]
6427001,910,0:21:20,0,[InvitationData_id:1,9,false]
6427001,908,0:21:20,0,[InvitationData_id:2,PeopleData_id:2,RankTypes_id:2]
6427001,909,0:21:26,0,[InvitationData_id:2,PeopleData_id:2,RankTypes_id:2,0]
6427001,910,0:21:30,0,[InvitationData_id:2,-2,false]
6427001,908,0:21:30,0,[InvitationData_id:3,PeopleData_id:3,RankTypes_id:4]
6427001,909,0:21:43,0,[InvitationData_id:3,PeopleData_id:3,RankTypes_id:4,1]
6427001,910,0:21:44,0,[InvitationData_id:3,9,false]
6427001,908,0:21:44,0,[InvitationData_id:8,PeopleData_id:0,RankTypes_id:4]
6427001,909,0:21:46,0,[InvitationData_id:8,PeopleData_id:0,RankTypes_id:4,1]
6427001,910,0:21:48,0,[InvitationData_id:8,9,false]
6427001,908,0:21:48,0,[InvitationData_id:4,PeopleData_id:4,RankTypes_id:3]
6427001,909,0:21:56,0,[InvitationData_id:4,PeopleData_id:4,RankTypes_id:3,1]
6427001,910,0:21:59,0,[InvitationData_id:4,0,true]
6427001,908,0:21:59,0,[InvitationData_id:7,PeopleData_id:1,RankTypes_id:2]
6427001,909,0:22:5,0,[InvitationData_id:7,PeopleData_id:1,RankTypes_id:2,0]
6427001,910,0:22:12,0,[InvitationData_id:7,-2,false]
6427001,908,0:22:12,0,[InvitationData_id:0,PeopleData_id:0,RankTypes_id:4]
6427001,909,0:22:15,0,[InvitationData_id:0,PeopleData_id:0,RankTypes_id:4,1]
6427001,910,0:22:16,0,[InvitationData_id:0,9,false]
6427001,911,0:22:30,0,[27,2,0,2]
6427001,1005,0:22:30,0,[2,0,1]
6427001,1000,0:22:35,0,[]
6427001,900,0:22:36,0,[]
6427001,901,0:22:37,0,[PeopleData_id:1]
6427001,902,0:22:38,0,[PeopleData_id:1,PeopleData_data0Type]
6427001,903,0:22:41,0,[PeopleData_id1,PeopleData_data0Type]
6427001,902,0:22:43,0,[PeopleData_id:1,PeopleData_data1Type]
6427001,903,0:22:45,0,[PeopleData_id1,PeopleData_data1Type]
6427001,902,0:22:46,0,[PeopleData_id:1,PeopleData_data2Type]
6427001,903,0:22:48,0,[PeopleData_id1,PeopleData_data2Type]
6427001,902,0:22:49,0,[PeopleData_id:1,PeopleData_data3Type]
6427001,903,0:22:51,0,[PeopleData_id1,PeopleData_data3Type]
6427001,901,0:22:52,0,[PeopleData_id:1]
6427001,904,0:22:52,0,[PeopleData_id:1]
6427001,905,0:22:53,0,[PeopleData_id:1,RankTypes_id:-1,RankTypes_id:1]
6427001,901,0:22:54,0,[PeopleData_id:1]
6427001,904,0:22:54,0,[PeopleData_id:1]
6427001,905,0:22:55,0,[PeopleData_id:1,RankTypes_id:1,RankTypes_id:0]
6427001,901,0:22:58,0,[PeopleData_id:4]
6427001,902,0:23:0,0,[PeopleData_id:4,PeopleData_data0Type]
6427001,903,0:23:1,0,[PeopleData_id4,PeopleData_data0Type]
6427001,902,0:23:2,0,[PeopleData_id:4,PeopleData_data1Type]
6427001,903,0:23:3,0,[PeopleData_id4,PeopleData_data1Type]
6427001,902,0:23:3,0,[PeopleData_id:4,PeopleData_data2Type]
6427001,903,0:23:5,0,[PeopleData_id4,PeopleData_data2Type]
6427001,902,0:23:5,0,[PeopleData_id:4,PeopleData_data3Type]
6427001,903,0:23:6,0,[PeopleData_id4,PeopleData_data3Type]
6427001,901,0:23:7,0,[PeopleData_id:4]
6427001,904,0:23:7,0,[PeopleData_id:4]
6427001,905,0:23:10,0,[PeopleData_id:4,RankTypes_id:-1,RankTypes_id:2]
6427001,901,0:23:11,0,[PeopleData_id:0]
6427001,902,0:23:11,0,[PeopleData_id:0,PeopleData_data0Type]
6427001,903,0:23:13,0,[PeopleData_id0,PeopleData_data0Type]
6427001,902,0:23:13,0,[PeopleData_id:0,PeopleData_data1Type]
6427001,903,0:23:17,0,[PeopleData_id0,PeopleData_data1Type]
6427001,902,0:23:18,0,[PeopleData_id:0,PeopleData_data2Type]
6427001,903,0:23:20,0,[PeopleData_id0,PeopleData_data2Type]
6427001,902,0:23:20,0,[PeopleData_id:0,PeopleData_data3Type]
6427001,903,0:23:21,0,[PeopleData_id0,PeopleData_data3Type]
6427001,901,0:23:21,0,[PeopleData_id:0]
6427001,904,0:23:22,0,[PeopleData_id:0]
6427001,905,0:23:22,0,[PeopleData_id:0,RankTypes_id:-1,RankTypes_id:4]
6427001,901,0:23:23,0,[PeopleData_id:2]
6427001,902,0:23:24,0,[PeopleData_id:2,PeopleData_data0Type]
6427001,903,0:23:26,0,[PeopleData_id2,PeopleData_data0Type]
6427001,902,0:23:27,0,[PeopleData_id:2,PeopleData_data1Type]
6427001,903,0:23:28,0,[PeopleData_id2,PeopleData_data1Type]
6427001,902,0:23:29,0,[PeopleData_id:2,PeopleData_data2Type]
6427001,903,0:23:29,0,[PeopleData_id2,PeopleData_data2Type]
6427001,902,0:23:30,0,[PeopleData_id:2,PeopleData_data3Type]
6427001,903,0:23:31,0,[PeopleData_id2,PeopleData_data3Type]
6427001,901,0:23:31,0,[PeopleData_id:3]
6427001,901,0:23:32,0,[PeopleData_id:2]
6427001,901,0:23:32,0,[PeopleData_id:2]
6427001,904,0:23:32,0,[PeopleData_id:2]
6427001,905,0:23:34,0,[PeopleData_id:2,RankTypes_id:-1,RankTypes_id:2]
6427001,901,0:23:34,0,[PeopleData_id:3]
6427001,902,0:23:35,0,[PeopleData_id:3,PeopleData_data0Type]
6427001,903,0:23:37,0,[PeopleData_id3,PeopleData_data0Type]
6427001,902,0:23:38,0,[PeopleData_id:3,PeopleData_data1Type]
6427001,903,0:23:38,0,[PeopleData_id3,PeopleData_data1Type]
6427001,901,0:23:39,0,[PeopleData_id:3]
6427001,904,0:23:39,0,[PeopleData_id:3]
6427001,905,0:23:40,0,[PeopleData_id:3,RankTypes_id:-1,RankTypes_id:4]
6427001,906,0:23:40,0,[]
6427001,907,0:23:41,0,[]
6427001,908,0:23:41,0,[InvitationData_id:10,PeopleData_id:2,RankTypes_id:2]
6427001,909,0:23:57,0,[InvitationData_id:10,PeopleData_id:2,RankTypes_id:2,0]
6427001,910,0:23:58,0,[InvitationData_id:10,-2,false]
6427001,908,0:23:58,0,[InvitationData_id:2,PeopleData_id:2,RankTypes_id:2]
6427001,909,0:24:0,0,[InvitationData_id:2,PeopleData_id:2,RankTypes_id:2,0]
6427001,910,0:24:2,0,[InvitationData_id:2,-2,false]
6427001,908,0:24:2,0,[InvitationData_id:6,PeopleData_id:0,RankTypes_id:4]
6427001,909,0:24:4,0,[InvitationData_id:6,PeopleData_id:0,RankTypes_id:4,1]
6427001,910,0:24:4,0,[InvitationData_id:6,9,false]
6427001,908,0:24:4,0,[InvitationData_id:4,PeopleData_id:4,RankTypes_id:2]
6427001,909,0:24:9,0,[InvitationData_id:4,PeopleData_id:4,RankTypes_id:2,0]
6427001,910,0:24:10,0,[InvitationData_id:4,-2,false]
6427001,908,0:24:10,0,[InvitationData_id:3,PeopleData_id:3,RankTypes_id:4]
6427001,909,0:24:13,0,[InvitationData_id:3,PeopleData_id:3,RankTypes_id:4,1]
6427001,910,0:24:14,0,[InvitationData_id:3,9,false]
6427001,908,0:24:14,0,[InvitationData_id:9,PeopleData_id:4,RankTypes_id:2]
6427001,909,0:24:16,0,[InvitationData_id:9,PeopleData_id:4,RankTypes_id:2,0]
6427001,910,0:24:17,0,[InvitationData_id:9,-2,false]
6427001,908,0:24:17,0,[InvitationData_id:8,PeopleData_id:0,RankTypes_id:4]
6427001,909,0:24:20,0,[InvitationData_id:8,PeopleData_id:0,RankTypes_id:4,1]
6427001,910,0:24:21,0,[InvitationData_id:8,9,false]
6427001,908,0:24:21,0,[InvitationData_id:1,PeopleData_id:0,RankTypes_id:4]
6427001,909,0:24:27,0,[InvitationData_id:1,PeopleData_id:0,RankTypes_id:4,1]
6427001,910,0:24:28,0,[InvitationData_id:1,9,false]
6427001,908,0:24:28,0,[InvitationData_id:5,PeopleData_id:4,RankTypes_id:2]
6427001,909,0:24:32,0,[InvitationData_id:5,PeopleData_id:4,RankTypes_id:2,0]
6427001,910,0:24:32,0,[InvitationData_id:5,-2,false]
6427001,908,0:24:32,0,[InvitationData_id:0,PeopleData_id:0,RankTypes_id:4]
6427001,909,0:24:37,0,[InvitationData_id:0,PeopleData_id:0,RankTypes_id:4,1]
6427001,910,0:24:37,0,[InvitationData_id:0,9,false]
6427001,911,0:25:17,0,[35,0,0,0]
6427001,1005,0:25:17,0,[2,1,2]
6427001,1001,0:25:20,0,[]
6427001,1003,0:25:20,2
6427001,210,0:25:31,981,506
6427001,211,0:25:32,992,527
6427001,213,0:25:32,0,c_bestFriend_M_a_G7a0,true
6427001,205,0:25:32,0,c_bestFriend_M_a_G7a0,false,false
6427001,212,0:25:40,1
6427001,210,0:25:40,985,469
6427001,207,0:25:42,0,-200,-518.45
6427001,211,0:25:46,1220,151
6427001,213,0:25:46,0,s_clock_G7a0,true
6427001,210,0:25:57,1232,109
6427001,211,0:25:58,1232,109
6427001,212,0:25:58,0
6427001,212,0:26:0,1
6427001,210,0:26:1,1388,450
6427001,211,0:26:3,1229,317
6427001,213,0:26:3,0,s_doorClassroom_G7a0,true
6427001,210,0:26:6,1182,290
6427001,211,0:26:10,866,144
6427001,213,0:26:10,0,s_poePoster_gen,true
6427001,210,0:26:15,982,307
6427001,211,0:26:17,785,142
6427001,213,0:26:17,0,s_shakespearePoster_gen,true
6427001,210,0:26:20,706,124
6427001,211,0:26:22,685,130
6427001,213,0:26:22,0,s_angelouPoster_gen,true
6427001,210,0:26:24,721,273
6427001,211,0:26:25,401,255
6427001,207,0:26:25,0,-518.45,-383.45
6427001,210,0:26:25,358,198
6427001,207,0:26:26,0,-383.45,-113.45
6427001,211,0:26:27,606,134
6427001,213,0:26:27,0,s_atwoodPoster_gen,true
6427001,210,0:26:32,410,244
6427001,211,0:26:33,236,117
6427001,213,0:26:33,0,s_flag_gen,false
6427001,1003,0:26:42,1
6427001,1004,0:26:44,0
6427001,800,0:26:47,0,[]
6427001,801,0:26:51,0,[]
6427001,814,0:26:53,0,[5]
6427001,815,0:26:53,0,5,OpportunityCardData_id:32
6427001,815,0:26:57,0,5,OpportunityCardData_id:33
6427001,815,0:26:57,0,5,OpportunityCardData_id:34
6427001,815,0:26:57,0,5,OpportunityCardData_id:35
6427001,815,0:26:58,0,5,OpportunityCardData_id:36
6427001,815,0:26:58,0,5,OpportunityCardData_id:37
6427001,815,0:26:58,0,5,OpportunityCardData_id:32
6427001,817,0:26:59,0,5
6427001,814,0:27:0,0,[0]
6427001,815,0:27:0,0,0,OpportunityCardData_id:0
6427001,815,0:27:2,0,0,OpportunityCardData_id:1
6427001,815,0:27:3,0,0,OpportunityCardData_id:2
6427001,815,0:27:4,0,0,OpportunityCardData_id:3
6427001,815,0:27:5,0,0,OpportunityCardData_id:4
6427001,815,0:27:7,0,0,OpportunityCardData_id:5
6427001,815,0:27:7,0,0,OpportunityCardData_id:6
6427001,815,0:27:8,0,0,OpportunityCardData_id:5
6427001,815,0:27:9,0,0,OpportunityCardData_id:6
6427001,815,0:27:11,0,0,OpportunityCardData_id:5
6427001,816,0:27:11,0,0,OpportunityCardData_id:5
6427001,803,0:27:15,0,[OpportunityCardData_id:5,OpportunityCardConsequencesData_logId:0]
6427001,803,0:27:18,0,[OpportunityCardData_id:5,OpportunityCardConsequencesData_logId:1]
6427001,803,0:27:27,0,[OpportunityCardData_id:5,OpportunityCardConsequencesData_logId:2]
6427001,805,0:27:33,0,[OpportunityCardData_id:5]
6427001,806,0:27:34,0,[OpportunityCardData_id:5,PriorityData_type:2]
6427001,806,0:27:36,0,[OpportunityCardData_id:5,PriorityData_type:4]
6427001,806,0:27:37,0,[OpportunityCardData_id:5,PriorityData_type:1]
6427001,806,0:27:37,0,[OpportunityCardData_id:5,PriorityData_type:3]
6427001,806,0:27:37,0,[OpportunityCardData_id:5,PriorityData_type:5]
6427001,806,0:27:41,0,[OpportunityCardData_id:5,PriorityData_type:1]
6427001,806,0:27:43,0,[OpportunityCardData_id:5,PriorityData_type:3]
6427001,806,0:27:45,0,[OpportunityCardData_id:5,PriorityData_type:2]
6427001,806,0:28:34,0,[OpportunityCardData_id:5,PriorityData_type:1]
6427001,807,0:28:35,0,[OpportunityCardData_id:5]
6427001,808,0:28:49,0,[OpportunityCardData_id:5]
6427001,809,0:28:55,0,[OpportunityCardData_id:5,PriorityData_type:3,false]
6427001,810,0:29:9,0,[OpportunityCardData_id:5,PriorityData_type:0,15,PriorityData_type:3,10]
6427001,814,0:29:16,0,[0]
6427001,815,0:29:16,0,0,OpportunityCardData_id:0
6427001,815,0:29:18,0,0,OpportunityCardData_id:1
6427001,815,0:29:20,0,0,OpportunityCardData_id:2
6427001,817,0:29:20,0,0
6427001,814,0:29:23,0,[1]
6427001,815,0:29:23,0,1,OpportunityCardData_id:7
6427001,815,0:29:25,0,1,OpportunityCardData_id:8
6427001,815,0:29:27,0,1,OpportunityCardData_id:9
6427001,815,0:29:30,0,1,OpportunityCardData_id:10
6427001,815,0:29:32,0,1,OpportunityCardData_id:11
6427001,815,0:29:35,0,1,OpportunityCardData_id:12
6427001,816,0:29:38,0,1,OpportunityCardData_id:12
6427001,803,0:29:40,0,[OpportunityCardData_id:12,OpportunityCardConsequencesData_logId:0]
6427001,803,0:29:44,0,[OpportunityCardData_id:12,OpportunityCardConsequencesData_logId:1]
6427001,805,0:29:47,0,[OpportunityCardData_id:12]
6427001,806,0:29:49,0,[OpportunityCardData_id:12,PriorityData_type:3]
6427001,807,0:29:51,0,[OpportunityCardData_id:12]
6427001,808,0:29:56,0,[OpportunityCardData_id:12]
6427001,809,0:30:1,0,[OpportunityCardData_id:12,Safe,false]
6427001,810,0:30:3,0,[OpportunityCardData_id:12,PriorityData_type:1,15,Safe,Safe]
6427001,814,0:30:8,0,[1]
6427001,815,0:30:8,0,1,OpportunityCardData_id:7
6427001,815,0:30:9,0,1,OpportunityCardData_id:8
6427001,815,0:30:10,0,1,OpportunityCardData_id:9
6427001,816,0:30:12,0,1,OpportunityCardData_id:9
6427001,804,0:30:15,0,[OpportunityCardData_id:9]
6427001,814,0:30:15,0,[1]
6427001,815,0:30:15,0,1,OpportunityCardData_id:7
6427001,815,0:30:16,0,1,OpportunityCardData_id:8
6427001,815,0:30:17,0,1,OpportunityCardData_id:7
6427001,815,0:30:17,0,1,OpportunityCardData_id:11
6427001,815,0:30:19,0,1,OpportunityCardData_id:10
6427001,815,0:30:20,0,1,OpportunityCardData_id:8
6427001,815,0:30:22,0,1,OpportunityCardData_id:7
6427001,817,0:30:24,0,1
6427001,814,0:30:28,0,[4]
6427001,815,0:30:28,0,4,OpportunityCardData_id:22
6427001,815,0:30:29,0,4,OpportunityCardData_id:26
6427001,815,0:30:32,0,4,OpportunityCardData_id:27
6427001,815,0:30:33,0,4,OpportunityCardData_id:28
6427001,815,0:30:35,0,4,OpportunityCardData_id:29
6427001,815,0:30:37,0,4,OpportunityCardData_id:28
6427001,815,0:30:38,0,4,OpportunityCardData_id:29
6427001,815,0:30:40,0,4,OpportunityCardData_id:28
6427001,816,0:30:41,0,4,OpportunityCardData_id:28
6427001,803,0:30:43,0,[OpportunityCardData_id:28,OpportunityCardConsequencesData_logId:0]
6427001,803,0:30:46,0,[OpportunityCardData_id:28,OpportunityCardConsequencesData_logId:1]
6427001,803,0:30:50,0,[OpportunityCardData_id:28,OpportunityCardConsequencesData_logId:2]
6427001,805,0:30:52,0,[OpportunityCardData_id:28]
6427001,806,0:31:8,0,[OpportunityCardData_id:28,PriorityData_type:5]
6427001,807,0:31:9,0,[OpportunityCardData_id:28]
6427001,808,0:31:21,0,[OpportunityCardData_id:28]
6427001,809,0:31:25,0,[OpportunityCardData_id:28,PriorityData_type:2,false]
6427001,810,0:31:29,0,[OpportunityCardData_id:28,PriorityData_type:4,15,PriorityData_type:2,10]
6427001,814,0:31:37,0,[3]
6427001,815,0:31:37,0,3,OpportunityCardData_id:19
6427001,815,0:31:40,0,3,OpportunityCardData_id:20
6427001,815,0:31:43,0,3,OpportunityCardData_id:19
6427001,816,0:31:43,0,3,OpportunityCardData_id:19
6427001,803,0:31:44,0,[OpportunityCardData_id:19,OpportunityCardConsequencesData_logId:0]
6427001,803,0:31:46,0,[OpportunityCardData_id:19,OpportunityCardConsequencesData_logId:1]
6427001,803,0:31:48,0,[OpportunityCardData_id:19,OpportunityCardConsequencesData_logId:2]
6427001,805,0:31:51,0,[OpportunityCardData_id:19]
6427001,806,0:31:53,0,[OpportunityCardData_id:19,PriorityData_type:4]
6427001,806,0:31:53,0,[OpportunityCardData_id:19,PriorityData_type:0]
6427001,807,0:31:54,0,[OpportunityCardData_id:19]
6427001,808,0:32:1,0,[OpportunityCardData_id:19]
6427001,809,0:32:5,0,[OpportunityCardData_id:19,PriorityData_type:2,false]
6427001,810,0:32:9,0,[OpportunityCardData_id:19,PriorityData_type:3,15,PriorityData_type:2,25]
6427001,814,0:32:18,0,[2]
6427001,815,0:32:18,0,2,OpportunityCardData_id:13
6427001,815,0:32:20,0,2,OpportunityCardData_id:14
6427001,815,0:32:22,0,2,OpportunityCardData_id:13
6427001,815,0:32:22,0,2,OpportunityCardData_id:14
6427001,815,0:32:23,0,2,OpportunityCardData_id:15
6427001,815,0:32:23,0,2,OpportunityCardData_id:16
6427001,815,0:32:23,0,2,OpportunityCardData_id:17
6427001,815,0:32:24,0,2,OpportunityCardData_id:18
6427001,815,0:32:24,0,2,OpportunityCardData_id:13
6427001,815,0:32:25,0,2,OpportunityCardData_id:14
6427001,815,0:32:25,0,2,OpportunityCardData_id:15
6427001,816,0:32:28,0,2,OpportunityCardData_id:15
6427001,803,0:32:29,0,[OpportunityCardData_id:15,OpportunityCardConsequencesData_logId:0]
6427001,803,0:32:30,0,[OpportunityCardData_id:15,OpportunityCardConsequencesData_logId:1]
6427001,805,0:32:33,0,[OpportunityCardData_id:15]
6427001,806,0:32:37,0,[OpportunityCardData_id:15,PriorityData_type:4]
6427001,806,0:32:45,0,[OpportunityCardData_id:15,PriorityData_type:1]
6427001,807,0:32:46,0,[OpportunityCardData_id:15]
6427001,808,0:32:49,0,[OpportunityCardData_id:15]
6427001,809,0:32:52,0,[OpportunityCardData_id:15,Safe,false]
6427001,810,0:32:54,0,[OpportunityCardData_id:15,PriorityData_type:2,15,Safe,Safe]
6427001,814,0:33:0,0,[2]
6427001,815,0:33:0,0,2,OpportunityCardData_id:13
6427001,815,0:33:1,0,2,OpportunityCardData_id:14
6427001,816,0:33:4,0,2,OpportunityCardData_id:14
6427001,803,0:33:9,0,[OpportunityCardData_id:14,OpportunityCardConsequencesData_logId:0]
6427001,803,0:33:9,0,[OpportunityCardData_id:14,OpportunityCardConsequencesData_logId:1]
6427001,803,0:33:10,0,[OpportunityCardData_id:14,OpportunityCardConsequencesData_logId:2]
6427001,805,0:33:16,0,[OpportunityCardData_id:14]
6427001,806,0:33:18,0,[OpportunityCardData_id:14,PriorityData_type:1]
6427001,807,0:33:19,0,[OpportunityCardData_id:14]
6427001,808,0:33:21,0,[OpportunityCardData_id:14]
6427001,809,0:33:25,0,[OpportunityCardData_id:14,Safe,false]
6427001,810,0:33:28,0,[OpportunityCardData_id:14,PriorityData_type:2,15,Safe,Safe]
6427001,814,0:33:32,0,[1]
6427001,815,0:33:32,0,1,OpportunityCardData_id:7
6427001,816,0:33:36,0,1,OpportunityCardData_id:7
6427001,803,0:33:38,0,[OpportunityCardData_id:7,OpportunityCardConsequencesData_logId:0]
6427001,803,0:33:40,0,[OpportunityCardData_id:7,OpportunityCardConsequencesData_logId:1]
6427001,803,0:33:44,0,[OpportunityCardData_id:7,OpportunityCardConsequencesData_logId:2]
6427001,805,0:33:50,0,[OpportunityCardData_id:7]
6427001,806,0:33:57,0,[OpportunityCardData_id:7,PriorityData_type:3]
6427001,807,0:33:58,0,[OpportunityCardData_id:7]
6427001,808,0:34:6,0,[OpportunityCardData_id:7]
6427001,809,0:34:14,0,[OpportunityCardData_id:7,PriorityData_type:2,false]
6427001,810,0:34:19,0,[OpportunityCardData_id:7,PriorityData_type:1,20,PriorityData_type:2,25]
6427001,811,0:34:34,0,[OpportunityCardData_id:7,PriorityData_type:2,80,40,PriorityData_type:4,70,60]
6427001,1005,0:34:34,0,[1,0,1]
6427001,1000,0:34:35,0,[]
6427001,800,0:34:37,0,[]
6427001,801,0:34:39,0,[]
6427001,814,0:34:42,0,[2]
6427001,815,0:34:42,0,2,OpportunityCardData_id:13
6427001,815,0:34:43,0,2,OpportunityCardData_id:14
6427001,815,0:34:44,0,2,OpportunityCardData_id:15
6427001,815,0:34:44,0,2,OpportunityCardData_id:14
6427001,816,0:34:46,0,2,OpportunityCardData_id:14
6427001,803,0:34:47,0,[OpportunityCardData_id:14,OpportunityCardConsequencesData_logId:0]
6427001,803,0:34:48,0,[OpportunityCardData_id:14,OpportunityCardConsequencesData_logId:1]
6427001,803,0:34:49,0,[OpportunityCardData_id:14,OpportunityCardConsequencesData_logId:2]
6427001,805,0:34:50,0,[OpportunityCardData_id:14]
6427001,806,0:34:52,0,[OpportunityCardData_id:14,PriorityData_type:4]
6427001,807,0:34:54,0,[OpportunityCardData_id:14]
6427001,808,0:34:56,0,[OpportunityCardData_id:14]
6427001,809,0:35:3,0,[OpportunityCardData_id:14,PriorityData_type:4,true]
6427001,810,0:35:5,0,[OpportunityCardData_id:14,PriorityData_type:2,15,Safe,Safe]
6427001,814,0:35:10,0,[1]
6427001,815,0:35:10,0,1,OpportunityCardData_id:7
6427001,815,0:35:11,0,1,OpportunityCardData_id:8
6427001,815,0:35:12,0,1,OpportunityCardData_id:7
6427001,815,0:35:12,0,1,OpportunityCardData_id:12
6427001,815,0:35:13,0,1,OpportunityCardData_id:11
6427001,815,0:35:14,0,1,OpportunityCardData_id:12
6427001,815,0:35:16,0,1,OpportunityCardData_id:11
6427001,815,0:35:16,0,1,OpportunityCardData_id:10
6427001,815,0:35:17,0,1,OpportunityCardData_id:9
6427001,815,0:35:17,0,1,OpportunityCardData_id:8
6427001,816,0:35:18,0,1,OpportunityCardData_id:8
6427001,804,0:35:21,0,[OpportunityCardData_id:8]
6427001,814,0:35:22,0,[1]
6427001,815,0:35:22,0,1,OpportunityCardData_id:7
6427001,815,0:35:23,0,1,OpportunityCardData_id:12
6427001,815,0:35:23,0,1,OpportunityCardData_id:7
6427001,816,0:35:37,0,1,OpportunityCardData_id:7
6427001,803,0:35:38,0,[OpportunityCardData_id:7,OpportunityCardConsequencesData_logId:0]
6427001,803,0:35:39,0,[OpportunityCardData_id:7,OpportunityCardConsequencesData_logId:1]
6427001,803,0:35:39,0,[OpportunityCardData_id:7,OpportunityCardConsequencesData_logId:2]
6427001,804,0:35:45,0,[OpportunityCardData_id:7]
6427001,814,0:35:46,0,[1]
6427001,815,0:35:47,0,1,OpportunityCardData_id:9
6427001,815,0:35:48,0,1,OpportunityCardData_id:12
6427001,815,0:35:48,0,1,OpportunityCardData_id:11
6427001,815,0:35:49,0,1,OpportunityCardData_id:10
6427001,815,0:35:49,0,1,OpportunityCardData_id:9
6427001,815,0:35:50,0,1,OpportunityCardData_id:12
6427001,815,0:35:51,0,1,OpportunityCardData_id:11
6427001,815,0:35:52,0,1,OpportunityCardData_id:12
6427001,815,0:35:52,0,1,OpportunityCardData_id:9
6427001,815,0:35:52,0,1,OpportunityCardData_id:10
6427001,815,0:35:53,0,1,OpportunityCardData_id:11
6427001,815,0:35:53,0,1,OpportunityCardData_id:12
6427001,815,0:35:53,0,1,OpportunityCardData_id:9
6427001,815,0:35:53,0,1,OpportunityCardData_id:10
6427001,815,0:35:54,0,1,OpportunityCardData_id:11
6427001,815,0:35:54,0,1,OpportunityCardData_id:12
6427001,815,0:35:54,0,1,OpportunityCardData_id:9
6427001,815,0:35:54,0,1,OpportunityCardData_id:10
6427001,817,0:35:55,0,1
6427001,814,0:36:1,0,[4]
6427001,815,0:36:1,0,4,OpportunityCardData_id:22
6427001,815,0:36:2,0,4,OpportunityCardData_id:26
6427001,815,0:36:3,0,4,OpportunityCardData_id:27
6427001,815,0:36:5,0,4,OpportunityCardData_id:28
6427001,815,0:36:8,0,4,OpportunityCardData_id:29
6427001,815,0:36:10,0,4,OpportunityCardData_id:30
6427001,815,0:36:11,0,4,OpportunityCardData_id:31
6427001,815,0:36:11,0,4,OpportunityCardData_id:22
6427001,815,0:36:12,0,4,OpportunityCardData_id:26
6427001,815,0:36:13,0,4,OpportunityCardData_id:22
6427001,816,0:36:13,0,4,OpportunityCardData_id:22
6427001,803,0:36:15,0,[OpportunityCardData_id:22,OpportunityCardConsequencesData_logId:0]
6427001,803,0:36:15,0,[OpportunityCardData_id:22,OpportunityCardConsequencesData_logId:1]
6427001,805,0:36:21,0,[OpportunityCardData_id:22]
6427001,806,0:36:22,0,[OpportunityCardData_id:22,PriorityData_type:3]
6427001,806,0:36:22,0,[OpportunityCardData_id:22,PriorityData_type:2]
6427001,807,0:36:23,0,[OpportunityCardData_id:22]
6427001,808,0:36:26,0,[OpportunityCardData_id:22]
6427001,809,0:36:30,0,[OpportunityCardData_id:22,PriorityData_type:2,true]
6427001,810,0:36:31,0,[OpportunityCardData_id:22,PriorityData_type:4,15,Safe,Safe]
6427001,814,0:36:41,0,[1]
6427001,815,0:36:41,0,1,OpportunityCardData_id:9
6427001,815,0:36:42,0,1,OpportunityCardData_id:10
6427001,815,0:36:42,0,1,OpportunityCardData_id:11
6427001,815,0:36:43,0,1,OpportunityCardData_id:12
6427001,815,0:36:43,0,1,OpportunityCardData_id:9
6427001,815,0:36:44,0,1,OpportunityCardData_id:12
6427001,815,0:36:45,0,1,OpportunityCardData_id:11
6427001,815,0:36:46,0,1,OpportunityCardData_id:12
6427001,816,0:36:47,0,1,OpportunityCardData_id:12
6427001,803,0:36:48,0,[OpportunityCardData_id:12,OpportunityCardConsequencesData_logId:1]
6427001,803,0:36:49,0,[OpportunityCardData_id:12,OpportunityCardConsequencesData_logId:0]
6427001,805,0:36:53,0,[OpportunityCardData_id:12]
6427001,806,0:36:54,0,[OpportunityCardData_id:12,PriorityData_type:3]
6427001,807,0:36:55,0,[OpportunityCardData_id:12]
6427001,808,0:36:59,0,[OpportunityCardData_id:12]
6427001,809,0:37:8,0,[OpportunityCardData_id:12,Safe,false]
6427001,810,0:37:53,0,[OpportunityCardData_id:12,PriorityData_type:1,15,Safe,Safe]
6427001,814,0:37:58,0,[4]
6427001,815,0:37:58,0,4,OpportunityCardData_id:26
6427001,815,0:38:1,0,4,OpportunityCardData_id:27
6427001,815,0:38:3,0,4,OpportunityCardData_id:28
6427001,816,0:38:4,0,4,OpportunityCardData_id:28
6427001,803,0:38:6,0,[OpportunityCardData_id:28,OpportunityCardConsequencesData_logId:1]
6427001,803,0:38:6,0,[OpportunityCardData_id:28,OpportunityCardConsequencesData_logId:0]
6427001,803,0:38:6,0,[OpportunityCardData_id:28,OpportunityCardConsequencesData_logId:2]
6427001,805,0:38:8,0,[OpportunityCardData_id:28]
6427001,806,0:38:12,0,[OpportunityCardData_id:28,PriorityData_type:2]
6427001,807,0:38:12,0,[OpportunityCardData_id:28]
6427001,808,0:38:14,0,[OpportunityCardData_id:28]
6427001,809,0:38:18,0,[OpportunityCardData_id:28,PriorityData_type:2,true]
6427001,810,0:38:19,0,[OpportunityCardData_id:28,PriorityData_type:4,15,Safe,Safe]
6427001,818,0:38:22,0,2
6427001,811,0:38:24,0,[OpportunityCardData_id:28,PriorityData_type:2,80,85,PriorityData_type:4,70,75]
6427001,1005,0:38:24,0,[1,1,3]
6427001,1001,0:38:27,0,[]
6427001,1003,0:38:27,1
6427001,210,0:38:36,1034,480
6427001,211,0:38:39,647,623
6427001,213,0:38:39,0,s_otherStudent1_G7a0,true
6427001,210,0:38:41,628,496
6427001,207,0:38:42,0,-200,0
6427001,211,0:38:43,233,465
6427001,213,0:38:43,0,c_crewKid1_M_G7a0,true
6427001,210,0:38:45,300,433
6427001,211,0:38:50,254,161
6427001,213,0:38:50,0,s_flag_gen,true
6427001,205,0:38:50,0,s_flag_gen,false,false
6427001,210,0:39:0,595,290
6427001,211,0:39:1,821,375
6427001,212,0:39:1,0
6427001,210,0:39:2,884,496
6427001,211,0:39:5,235,489
6427001,213,0:39:5,0,c_crewKid1_M_G7a0,true
6427001,210,0:39:7,508,489
6427001,207,0:39:8,0,0,-345
6427001,211,0:39:10,1235,152
6427001,213,0:39:10,0,s_clock_G7a0,true
6427001,210,0:39:11,1101,362
6427001,211,0:39:12,1233,364
6427001,213,0:39:12,0,s_doorClassroom_G7a0,true
6427001,210,0:39:14,1217,432
6427001,207,0:39:14,0,-345,-510
6427001,207,0:39:15,0,-510,-518.45
6427001,207,0:39:18,0,-518.45,-323.45
6427001,211,0:39:23,649,611
6427001,213,0:39:23,0,s_otherStudent1_G7a0,true
6427001,210,0:39:25,736,475
6427001,211,0:39:27,1093,606
6427001,213,0:39:27,0,s_vocabAssignment_G7a0,true
6427001,210,0:39:31,1056,539
6427001,211,0:39:33,1240,425
6427001,213,0:39:33,0,s_doorClassroom_G7a0,true
6427001,210,0:39:35,1120,511
6427001,211,0:39:35,1419,566
6427001,207,0:39:35,0,-323.45,-413.45
6427001,210,0:39:36,1479,566
6427001,207,0:39:36,0,-413.45,-518.45
6427001,211,0:39:42,867,136
6427001,213,0:39:42,0,s_poePoster_gen,true
6427001,210,0:39:44,878,123
6427001,211,0:39:45,782,127
6427001,213,0:39:45,0,s_shakespearePoster_gen,true
6427001,210,0:39:46,720,202
6427001,211,0:39:47,668,134
6427001,213,0:39:47,0,s_angelouPoster_gen,true
6427001,210,0:39:49,797,336
6427001,211,0:39:49,595,161
6427001,210,0:39:50,660,229
6427001,211,0:39:56,831,301
6427001,210,0:39:57,825,244
6427001,211,0:40:3,959,485
6427001,210,0:40:5,957,303
6427001,211,0:40:6,797,371
6427001,210,0:40:6,845,108
6427001,211,0:40:8,815,378
6427001,210,0:40:9,814,347
6427001,211,0:40:9,814,377
6427001,210,0:40:10,824,344
6427001,211,0:40:13,1075,599
6427001,213,0:40:13,0,s_vocabAssignment_G7a0,true
6427001,210,0:40:14,1117,283
6427001,207,0:40:16,0,-518.45,-188.45
6427001,207,0:40:17,0,-188.45,0
6427001,211,0:40:22,226,469
6427001,213,0:40:22,0,c_crewKid1_M_G7a0,true
6427001,210,0:40:29,291,557
6427001,211,0:40:31,658,577
6427001,213,0:40:31,0,s_otherStudent1_G7a0,true
6427001,210,0:40:34,731,503
6427001,211,0:40:35,822,443
6427001,210,0:40:36,822,533
6427001,207,0:40:37,0,0,-345
6427001,207,0:40:38,0,-345,-518.45
6427001,211,0:40:40,1330,451
6427001,212,0:40:45,2
6427001,210,0:40:45,1446,547
6427001,211,0:40:49,973,523
6427001,213,0:40:49,0,c_bestFriend_M_a_G7a0,true
6427001,205,0:40:49,0,c_bestFriend_M_a_G7a0,false,true
6427001,210,0:40:55,1128,502
6427001,211,0:40:56,1253,455
6427001,213,0:40:56,0,s_doorClassroom_G7a0,true
6427001,212,0:40:59,1
6427001,210,0:41:0,1393,456
6427001,207,0:41:3,0,-518.45,-263.45
6427001,211,0:41:4,382,306
6427001,221,0:41:5,0
6427001,220,0:41:8,0
6427001,219,0:41:9,0
6427001,216,0:41:9,Stack_G7a1N
6427001,217,0:41:31,Stack_G7a1N,20,0.00
6427001,218,0:41:43,0
6427001,210,0:41:45,834,285
6427001,211,0:41:48,631,583
6427001,213,0:41:48,0,s_otherStudent1_G7a1N,true
6427001,210,0:41:50,950,491
6427001,211,0:41:52,1237,491
6427001,213,0:41:52,0,s_otherStudent2_G7a1N,true
6427001,210,0:41:54,1086,454
6427001,207,0:41:55,0,-400,-518.45
6427001,211,0:42:0,864,142
6427001,213,0:42:0,0,s_poePoster_gen,true
6427001,210,0:42:2,924,181
6427001,211,0:42:2,793,121
6427001,213,0:42:2,0,s_shakespearePoster_gen,true
6427001,210,0:42:4,781,119
6427001,211,0:42:6,790,154
6427001,213,0:42:6,0,s_shakespearePoster_gen,true
6427001,210,0:42:8,724,157
6427001,211,0:42:8,691,124
6427001,213,0:42:8,0,s_angelouPoster_gen,true
6427001,210,0:42:10,735,237
6427001,207,0:42:11,0,-518.45,-458.45
6427001,211,0:42:11,535,132
6427001,210,0:42:12,629,196
6427001,211,0:42:12,600,139
6427001,213,0:42:12,0,s_atwoodPoster_gen,true
6427001,210,0:42:14,815,367
6427001,211,0:42:15,416,307
6427001,207,0:42:15,0,-458.45,-398.45
6427001,210,0:42:16,372,337
6427001,207,0:42:16,0,-398.45,-68.45
6427001,211,0:42:18,449,195
6427001,213,0:42:18,0,s_posterPlagiarism_gen,true
6427001,210,0:42:19,454,239
6427001,211,0:42:22,237,112
6427001,213,0:42:22,0,s_flag_gen,true
6427001,210,0:42:24,545,365
6427001,211,0:42:26,212,494
6427001,213,0:42:26,0,c_crewKid1_M_G7a1N,true
6427001,210,0:42:28,474,360
6427001,207,0:42:30,0,-68.45,0
6427001,211,0:42:34,1096,379
6427001,207,0:42:34,0,0,-90
6427001,210,0:42:35,1132,436
6427001,207,0:42:35,0,-90,-180
6427001,207,0:42:36,0,-180,-518.45
6427001,211,0:42:37,1104,248
6427001,210,0:42:39,442,555
6427001,211,0:42:42,672,594
6427001,213,0:42:42,0,s_otherStudent1_G7a0,true
6427001,212,0:42:44,2
6427001,221,0:43:8,0
6427001,300,0:43:40
6427001,220,0:43:40,0
6427001,304,0:43:47,0,0,0,1,,1,
6427001,210,0:43:55,765,414
6427001,211,0:43:57,656,617
6427001,213,0:43:57,0,s_otherStudent1_G7a0,true
6427001,210,0:44:0,946,489
6427001,211,0:44:2,992,543
6427001,213,0:44:2,0,c_bestFriend_M_a_G7a0,true
6427001,205,0:44:2,0,c_bestFriend_M_a_G7a0,false,true
6427001,210,0:44:5,797,452
6427001,211,0:44:7,814,388
6427001,213,0:44:7,0,c_teacherEng_G7a0,true
6427001,205,0:44:7,0,c_teacherEng_G7a0,false,false
6427001,221,0:44:14,0
6427001,220,0:44:19,0
6427001,212,0:44:20,1
6427001,210,0:44:20,1057,444
6427001,207,0:44:22,0,-200,-410
6427001,211,0:44:24,1222,178
6427001,213,0:44:24,0,s_clock_G7a0,true
6427001,210,0:44:28,1177,231
6427001,211,0:44:29,1241,353
6427001,213,0:44:29,0,s_doorClassroom_G7a0,true
6427001,210,0:44:31,1199,334
6427001,207,0:44:32,0,-410,-518.45
6427001,211,0:44:32,1540,288
6427001,210,0:44:32,1497,264
6427001,211,0:44:42,1077,612
6427001,213,0:44:42,0,s_vocabAssignment_G7a0,true
6427001,210,0:44:44,1016,517
6427001,211,0:44:46,868,147
6427001,213,0:44:46,0,s_poePoster_gen,true
6427001,210,0:44:48,984,375
6427001,211,0:44:53,645,588
6427001,213,0:44:53,0,s_otherStudent1_G7a0,true
6427001,210,0:44:55,883,411
6427001,207,0:44:56,0,-518.45,0
6427001,211,0:45:0,230,127
6427001,213,0:45:0,0,s_flag_gen,true
6427001,205,0:45:0,0,s_flag_gen,false,true
6427001,221,0:45:5,0
6427001,220,0:45:6,0
6427001,210,0:45:7,344,363
6427001,211,0:45:8,245,132
6427001,213,0:45:8,0,s_flag_gen,true
6427001,205,0:45:8,0,s_flag_gen,false,true
6427001,210,0:45:12,279,435
6427001,211,0:45:14,244,503
6427001,213,0:45:14,0,c_crewKid1_M_G7a0,true
6427001,210,0:45:16,439,480
6427001,207,0:45:27,0,0,-518.45
6427001,211,0:45:27,1485,611
6427001,210,0:45:28,1444,447
6427001,211,0:45:31,1121,689
6427001,221,0:45:34,0
6427001,220,0:45:46,0
6427001,212,0:45:51,2
6427001,207,0:45:52,0,-400,-460
6427001,210,0:45:52,1399,510
6427001,211,0:45:52,1304,546
6427001,212,0:45:52,1
6427001,207,0:45:53,0,-460,-518.45
6427001,210,0:45:53,1498,540
6427001,207,0:45:56,0,-518.45,-53.45
6427001,211,0:45:57,251,112
6427001,213,0:45:57,0,s_flag_gen,true
6427001,210,0:45:59,409,258
6427001,211,0:46:1,220,500
6427001,213,0:46:1,0,c_crewKid1_M_G7a1N,true
6427001,210,0:46:3,440,371
6427001,211,0:46:4,440,191
6427001,213,0:46:4,0,s_posterPlagiarism_gen,true
6427001,210,0:46:6,555,286
6427001,211,0:46:10,673,572
6427001,213,0:46:10,0,s_otherStudent1_G7a1N,true
6427001,210,0:46:11,701,480
6427001,211,0:46:15,599,156
6427001,213,0:46:15,0,s_atwoodPoster_gen,true
6427001,210,0:46:17,641,263
6427001,211,0:46:17,685,130
6427001,213,0:46:17,0,s_angelouPoster_gen,true
6427001,210,0:46:19,773,245
6427001,211,0:46:19,776,132
6427001,213,0:46:19,0,s_shakespearePoster_gen,true
6427001,210,0:46:21,820,127
6427001,211,0:46:22,872,143
6427001,213,0:46:22,0,s_poePoster_gen,true
6427001,210,0:46:24,969,147
6427001,207,0:46:25,0,-53.45,-218.45
6427001,211,0:46:26,803,353
6427001,210,0:46:26,799,370
6427001,211,0:46:28,817,379
6427001,213,0:46:28,0,s_paperPlayers_G7a1N,true
6427001,205,0:46:28,0,s_paperPlayers_G7a1N,false,false
6427001,210,0:46:35,901,448
6427001,211,0:46:36,1037,531
6427001,212,0:46:36,2
6427001,210,0:46:37,990,502
6427001,211,0:46:38,849,356
6427001,213,0:46:38,0,c_teacherEng_G7a1N,true
6427001,205,0:46:38,0,c_teacherEng_G7a1N,false,false
6427001,210,0:46:42,717,506
6427001,211,0:46:46,1042,586
6427001,213,0:46:46,0,c_bestFriend_M_a_G7a1N,true
6427001,205,0:46:46,0,c_bestFriend_M_a_G7a1N,false,false
6427001,221,0:47:5,0
6427001,220,0:47:8,0
6427001,219,0:47:8,0
6427001,216,0:47:8,Stack_G7a1P
6427001,217,0:47:22,Stack_G7a1P,7.7,0.00
6427001,218,0:47:24,0
6427001,210,0:47:27,1241,555
6427001,207,0:47:29,0,-400,-518
6427001,211,0:47:29,1536,198
6427001,210,0:47:30,1506,267
6427001,211,0:47:32,1220,139
6427001,213,0:47:32,0,s_clock_G7a1P,true
6427001,210,0:47:34,1137,334
6427001,211,0:47:36,866,131
6427001,213,0:47:36,0,s_poePoster_gen,true
6427001,210,0:47:38,826,159
6427001,211,0:47:39,782,132
6427001,213,0:47:39,0,s_shakespearePoster_gen,true
6427001,210,0:47:40,781,245
6427001,211,0:47:41,693,138
6427001,213,0:47:41,0,s_angelouPoster_gen,true
6427001,210,0:47:43,689,217
6427001,211,0:47:44,595,127
6427001,213,0:47:44,0,s_atwoodPoster_gen,true
6427001,210,0:47:45,907,304
6427001,211,0:47:47,655,373
6427001,213,0:47:47,0,s_paperPlayers_G7a1P,true
6427001,210,0:47:50,969,480
6427001,207,0:47:52,0,-518,-233
6427001,211,0:47:53,207,418
6427001,207,0:47:53,0,-233,-188
6427001,210,0:47:58,807,340
6427001,207,0:48:0,0,-400,-220
6427001,207,0:48:1,0,-220,0
6427001,211,0:48:3,245,124
6427001,213,0:48:3,0,s_flag_gen,false
6427001,1003,0:48:21,2
6427001,1004,0:48:22,0
6427001,900,0:48:24,0,[]
6427001,901,0:48:26,0,[PeopleData_id:0]
6427001,904,0:48:27,0,[PeopleData_id:0]
6427001,901,0:48:28,0,[PeopleData_id:0]
6427001,904,0:48:28,0,[PeopleData_id:0]
6427001,905,0:48:29,0,[PeopleData_id:0,RankTypes_id:-1,RankTypes_id:4]
6427001,901,0:48:30,0,[PeopleData_id:2]
6427001,904,0:48:30,0,[PeopleData_id:2]
6427001,905,0:48:30,0,[PeopleData_id:2,RankTypes_id:-1,RankTypes_id:3]
6427001,901,0:48:30,0,[PeopleData_id:3]
6427001,904,0:48:31,0,[PeopleData_id:3]
6427001,905,0:48:31,0,[PeopleData_id:3,RankTypes_id:-1,RankTypes_id:2]
6427001,901,0:48:31,0,[PeopleData_id:4]
6427001,904,0:48:32,0,[PeopleData_id:4]
6427001,905,0:48:32,0,[PeopleData_id:4,RankTypes_id:-1,RankTypes_id:2]
6427001,901,0:48:32,0,[PeopleData_id:1]
6427001,904,0:48:32,0,[PeopleData_id:1]
6427001,905,0:48:33,0,[PeopleData_id:1,RankTypes_id:-1,RankTypes_id:3]
6427001,906,0:48:33,0,[]
6427001,907,0:48:34,0,[]
6427001,908,0:48:34,0,[InvitationData_id:5,PeopleData_id:1,RankTypes_id:3]
6427001,909,0:48:38,0,[InvitationData_id:5,PeopleData_id:1,RankTypes_id:3,0]
6427001,910,0:48:39,0,[InvitationData_id:5,-7,false]
6427001,908,0:48:39,0,[InvitationData_id:4,PeopleData_id:1,RankTypes_id:3]
6427001,909,0:48:42,0,[InvitationData_id:4,PeopleData_id:1,RankTypes_id:3,0]
6427001,910,0:48:42,0,[InvitationData_id:4,-7,false]
6427001,908,0:48:42,0,[InvitationData_id:6,PeopleData_id:0,RankTypes_id:4]
6427001,909,0:48:45,0,[InvitationData_id:6,PeopleData_id:0,RankTypes_id:4,1]
6427001,910,0:48:45,0,[InvitationData_id:6,9,false]
6427001,908,0:48:45,0,[InvitationData_id:1,PeopleData_id:0,RankTypes_id:4]
6427001,909,0:48:54,0,[InvitationData_id:1,PeopleData_id:0,RankTypes_id:4,1]
6427001,910,0:48:55,0,[InvitationData_id:1,9,false]
6427001,908,0:48:55,0,[InvitationData_id:2,PeopleData_id:2,RankTypes_id:3]
6427001,909,0:48:56,0,[InvitationData_id:2,PeopleData_id:2,RankTypes_id:3,0]
6427001,910,0:48:57,0,[InvitationData_id:2,-7,false]
6427001,908,0:48:57,0,[InvitationData_id:7,PeopleData_id:1,RankTypes_id:3]
6427001,909,0:49:2,0,[InvitationData_id:7,PeopleData_id:1,RankTypes_id:3,0]
6427001,910,0:49:4,0,[InvitationData_id:7,-7,false]
6427001,908,0:49:4,0,[InvitationData_id:3,PeopleData_id:3,RankTypes_id:2]
6427001,909,0:49:10,0,[InvitationData_id:3,PeopleData_id:3,RankTypes_id:2,1]
6427001,910,0:49:11,0,[InvitationData_id:3,5,false]
6427001,908,0:49:11,0,[InvitationData_id:0,PeopleData_id:0,RankTypes_id:4]
6427001,909,0:49:13,0,[InvitationData_id:0,PeopleData_id:0,RankTypes_id:4,1]
6427001,910,0:49:14,0,[InvitationData_id:0,9,false]
6427001,908,0:49:14,0,[InvitationData_id:10,PeopleData_id:2,RankTypes_id:3]
6427001,909,0:49:17,0,[InvitationData_id:10,PeopleData_id:2,RankTypes_id:3,0]
6427001,910,0:49:18,0,[InvitationData_id:10,-7,false]
6427001,908,0:49:18,0,[InvitationData_id:8,PeopleData_id:0,RankTypes_id:4]
6427001,909,0:49:20,0,[InvitationData_id:8,PeopleData_id:0,RankTypes_id:4,1]
6427001,910,0:49:20,0,[InvitationData_id:8,9,false]
6427001,908,0:49:20,0,[InvitationData_id:9,PeopleData_id:1,RankTypes_id:3]
6427001,909,0:49:23,0,[InvitationData_id:9,PeopleData_id:1,RankTypes_id:3,0]
6427001,910,0:49:23,0,[InvitationData_id:9,-7,false]
6427001,911,0:49:27,0,[-1,0,0,0]
6427001,1000,0:49:33,0,[]
6427001,900,0:49:34,0,[]
6427001,901,0:49:35,0,[PeopleData_id:4]
6427001,902,0:49:35,0,[PeopleData_id:4,PeopleData_data0Type]
6427001,903,0:49:37,0,[PeopleData_id4,PeopleData_data0Type]
6427001,902,0:49:39,0,[PeopleData_id:4,PeopleData_data1Type]
6427001,903,0:49:40,0,[PeopleData_id4,PeopleData_data1Type]
6427001,902,0:49:41,0,[PeopleData_id:4,PeopleData_data2Type]
6427001,903,0:49:42,0,[PeopleData_id4,PeopleData_data2Type]
6427001,902,0:49:42,0,[PeopleData_id:4,PeopleData_data3Type]
6427001,903,0:49:44,0,[PeopleData_id4,PeopleData_data3Type]
6427001,901,0:49:44,0,[PeopleData_id:4]
6427001,904,0:49:44,0,[PeopleData_id:4]
6427001,905,0:49:45,0,[PeopleData_id:4,RankTypes_id:-1,RankTypes_id:2]
6427001,901,0:49:46,0,[PeopleData_id:3]
6427001,902,0:49:46,0,[PeopleData_id:3,PeopleData_data0Type]
6427001,903,0:49:47,0,[PeopleData_id3,PeopleData_data0Type]
6427001,901,0:49:48,0,[PeopleData_id:3]
6427001,904,0:49:48,0,[PeopleData_id:3]
6427001,905,0:49:49,0,[PeopleData_id:3,RankTypes_id:-1,RankTypes_id:4]
6427001,901,0:49:50,0,[PeopleData_id:2]
6427001,902,0:49:50,0,[PeopleData_id:2,PeopleData_data0Type]
6427001,903,0:49:51,0,[PeopleData_id2,PeopleData_data0Type]
6427001,902,0:49:52,0,[PeopleData_id:2,PeopleData_data1Type]
6427001,903,0:49:54,0,[PeopleData_id2,PeopleData_data1Type]
6427001,901,0:49:54,0,[PeopleData_id:2]
6427001,904,0:49:54,0,[PeopleData_id:2]
6427001,905,0:49:55,0,[PeopleData_id:2,RankTypes_id:-1,RankTypes_id:2]
6427001,901,0:49:56,0,[PeopleData_id:1]
6427001,904,0:49:56,0,[PeopleData_id:1]
6427001,902,0:49:57,0,[PeopleData_id:1,PeopleData_data0Type]
6427001,903,0:49:59,0,[PeopleData_id1,PeopleData_data0Type]
6427001,901,0:49:59,0,[PeopleData_id:1]
6427001,904,0:49:59,0,[PeopleData_id:1]
6427001,905,0:50:0,0,[PeopleData_id:1,RankTypes_id:-1,RankTypes_id:2]
6427001,901,0:50:1,0,[PeopleData_id:0]
6427001,902,0:50:2,0,[PeopleData_id:0,PeopleData_data0Type]
6427001,903,0:50:3,0,[PeopleData_id0,PeopleData_data0Type]
6427001,901,0:50:4,0,[PeopleData_id:0]
6427001,904,0:50:4,0,[PeopleData_id:0]
6427001,905,0:50:4,0,[PeopleData_id:0,RankTypes_id:-1,RankTypes_id:4]
6427001,906,0:50:4,0,[]
6427001,907,0:50:5,0,[]
6427001,908,0:50:5,0,[InvitationData_id:4,PeopleData_id:1,RankTypes_id:2]
6427001,909,0:50:10,0,[InvitationData_id:4,PeopleData_id:1,RankTypes_id:2,0]
6427001,910,0:50:11,0,[InvitationData_id:4,-2,false]
6427001,908,0:50:11,0,[InvitationData_id:10,PeopleData_id:2,RankTypes_id:2]
6427001,909,0:50:19,0,[InvitationData_id:10,PeopleData_id:2,RankTypes_id:2,0]
6427001,910,0:50:21,0,[InvitationData_id:10,-2,false]
6427001,908,0:50:21,0,[InvitationData_id:1,PeopleData_id:0,RankTypes_id:4]
6427001,909,0:50:28,0,[InvitationData_id:1,PeopleData_id:0,RankTypes_id:4,1]
6427001,910,0:50:29,0,[InvitationData_id:1,9,false]
6427001,908,0:50:29,0,[InvitationData_id:2,PeopleData_id:2,RankTypes_id:2]
6427001,909,0:50:32,0,[InvitationData_id:2,PeopleData_id:2,RankTypes_id:2,0]
6427001,910,0:50:32,0,[InvitationData_id:2,-2,false]
6427001,908,0:50:32,0,[InvitationData_id:9,PeopleData_id:1,RankTypes_id:2]
6427001,909,0:50:34,0,[InvitationData_id:9,PeopleData_id:1,RankTypes_id:2,0]
6427001,910,0:50:35,0,[InvitationData_id:9,-2,false]
6427001,908,0:50:35,0,[InvitationData_id:7,PeopleData_id:1,RankTypes_id:2]
6427001,909,0:50:40,0,[InvitationData_id:7,PeopleData_id:1,RankTypes_id:2,0]
6427001,910,0:50:40,0,[InvitationData_id:7,-2,false]
6427001,908,0:50:40,0,[InvitationData_id:3,PeopleData_id:3,RankTypes_id:4]
6427001,909,0:50:43,0,[InvitationData_id:3,PeopleData_id:3,RankTypes_id:4,1]
6427001,910,0:50:43,0,[InvitationData_id:3,9,false]
6427001,908,0:50:43,0,[InvitationData_id:0,PeopleData_id:0,RankTypes_id:4]
6427001,909,0:50:45,0,[InvitationData_id:0,PeopleData_id:0,RankTypes_id:4,1]
6427001,910,0:50:45,0,[InvitationData_id:0,9,false]
6427001,908,0:50:45,0,[InvitationData_id:8,PeopleData_id:0,RankTypes_id:4]
6427001,909,0:50:47,0,[InvitationData_id:8,PeopleData_id:0,RankTypes_id:4,1]
6427001,910,0:50:48,0,[InvitationData_id:8,9,false]
6427001,908,0:50:48,0,[InvitationData_id:6,PeopleData_id:0,RankTypes_id:4]
6427001,909,0:50:50,0,[InvitationData_id:6,PeopleData_id:0,RankTypes_id:4,1]
6427001,910,0:50:51,0,[InvitationData_id:6,9,false]
6427001,908,0:50:51,0,[InvitationData_id:5,PeopleData_id:1,RankTypes_id:2]
6427001,909,0:50:53,0,[InvitationData_id:5,PeopleData_id:1,RankTypes_id:2,0]
6427001,910,0:50:54,0,[InvitationData_id:5,-2,false]
6427001,911,0:50:55,0,[33,0,0,0]
6427001,1000,0:50:59,0,[]
6427001,900,0:51:0,0,[]
6427001,901,0:51:3,0,[PeopleData_id:4]
6427001,902,0:51:4,0,[PeopleData_id:4,PeopleData_data0Type]
6427001,903,0:51:5,0,[PeopleData_id4,PeopleData_data0Type]
6427001,901,0:51:5,0,[PeopleData_id:4]
6427001,904,0:51:5,0,[PeopleData_id:4]
6427001,905,0:51:6,0,[PeopleData_id:4,RankTypes_id:-1,RankTypes_id:2]
6427001,902,0:51:7,0,[PeopleData_id:4,PeopleData_data1Type]
6427001,903,0:51:8,0,[PeopleData_id4,PeopleData_data1Type]
6427001,901,0:51:9,0,[PeopleData_id:2]
6427001,901,0:51:9,0,[PeopleData_id:1]
6427001,902,0:51:10,0,[PeopleData_id:1,PeopleData_data0Type]
6427001,903,0:51:12,0,[PeopleData_id1,PeopleData_data0Type]
6427001,901,0:51:12,0,[PeopleData_id:1]
6427001,904,0:51:12,0,[PeopleData_id:1]
6427001,905,0:51:13,0,[PeopleData_id:1,RankTypes_id:-1,RankTypes_id:2]
6427001,901,0:51:14,0,[PeopleData_id:2]
6427001,904,0:51:14,0,[PeopleData_id:2]
6427001,902,0:51:15,0,[PeopleData_id:2,PeopleData_data0Type]
6427001,903,0:51:17,0,[PeopleData_id2,PeopleData_data0Type]
6427001,901,0:51:17,0,[PeopleData_id:2]
6427001,904,0:51:17,0,[PeopleData_id:2]
6427001,905,0:51:18,0,[PeopleData_id:2,RankTypes_id:-1,RankTypes_id:4]
6427001,901,0:51:19,0,[PeopleData_id:0]
6427001,904,0:51:19,0,[PeopleData_id:0]
6427001,902,0:51:20,0,[PeopleData_id:0,PeopleData_data0Type]
6427001,903,0:51:21,0,[PeopleData_id0,PeopleData_data0Type]
6427001,901,0:51:21,0,[PeopleData_id:0]
6427001,904,0:51:22,0,[PeopleData_id:0]
6427001,905,0:51:24,0,[PeopleData_id:0,RankTypes_id:-1,RankTypes_id:2]
6427001,901,0:51:25,0,[PeopleData_id:3]
6427001,904,0:51:25,0,[PeopleData_id:3]
6427001,902,0:51:25,0,[PeopleData_id:3,PeopleData_data0Type]
6427001,903,0:51:27,0,[PeopleData_id3,PeopleData_data0Type]
6427001,901,0:51:27,0,[PeopleData_id:3]
6427001,904,0:51:27,0,[PeopleData_id:3]
6427001,905,0:51:28,0,[PeopleData_id:3,RankTypes_id:-1,RankTypes_id:4]
6427001,906,0:51:28,0,[]
6427001,907,0:51:29,0,[]
6427001,908,0:51:29,0,[InvitationData_id:6,PeopleData_id:3,RankTypes_id:4]
6427001,909,0:51:32,0,[InvitationData_id:6,PeopleData_id:3,RankTypes_id:4,1]
6427001,910,0:51:33,0,[InvitationData_id:6,9,false]
6427001,908,0:51:33,0,[InvitationData_id:4,PeopleData_id:2,RankTypes_id:4]
6427001,909,0:51:34,0,[InvitationData_id:4,PeopleData_id:2,RankTypes_id:4,1]
6427001,910,0:51:35,0,[InvitationData_id:4,0,true]
6427001,908,0:51:35,0,[InvitationData_id:1,PeopleData_id:0,RankTypes_id:2]
6427001,909,0:51:44,0,[InvitationData_id:1,PeopleData_id:0,RankTypes_id:2,1]
6427001,910,0:51:45,0,[InvitationData_id:1,5,false]
6427001,908,0:51:45,0,[InvitationData_id:8,PeopleData_id:3,RankTypes_id:4]
6427001,909,0:51:49,0,[InvitationData_id:8,PeopleData_id:3,RankTypes_id:4,1]
6427001,910,0:51:50,0,[InvitationData_id:8,9,false]
6427001,908,0:51:50,0,[InvitationData_id:0,PeopleData_id:3,RankTypes_id:4]
6427001,909,0:51:59,0,[InvitationData_id:0,PeopleData_id:3,RankTypes_id:4,1]
6427001,910,0:52:0,0,[InvitationData_id:0,9,false]
6427001,908,0:52:0,0,[InvitationData_id:10,PeopleData_id:2,RankTypes_id:4]
6427001,909,0:52:5,0,[InvitationData_id:10,PeopleData_id:2,RankTypes_id:4,0]
6427001,910,0:52:5,0,[InvitationData_id:10,-11,false]
6427001,908,0:52:5,0,[InvitationData_id:5,PeopleData_id:1,RankTypes_id:2]
6427001,909,0:52:7,0,[InvitationData_id:5,PeopleData_id:1,RankTypes_id:2,0]
6427001,910,0:52:9,0,[InvitationData_id:5,-2,false]
6427001,908,0:52:9,0,[InvitationData_id:3,PeopleData_id:3,RankTypes_id:4]
6427001,909,0:52:10,0,[InvitationData_id:3,PeopleData_id:3,RankTypes_id:4,1]
6427001,910,0:52:11,0,[InvitationData_id:3,9,false]
6427001,908,0:52:11,0,[InvitationData_id:2,PeopleData_id:2,RankTypes_id:4]
6427001,909,0:52:13,0,[InvitationData_id:2,PeopleData_id:2,RankTypes_id:4,0]
6427001,910,0:52:13,0,[InvitationData_id:2,-11,false]
6427001,908,0:52:13,0,[InvitationData_id:7,PeopleData_id:1,RankTypes_id:2]
6427001,909,0:52:17,0,[InvitationData_id:7,PeopleData_id:1,RankTypes_id:2,0]
6427001,910,0:52:18,0,[InvitationData_id:7,-2,false]
6427001,908,0:52:18,0,[InvitationData_id:9,PeopleData_id:1,RankTypes_id:2]
6427001,909,0:52:22,0,[InvitationData_id:9,PeopleData_id:1,RankTypes_id:2,0]
6427001,910,0:52:24,0,[InvitationData_id:9,-2,false]
6427001,911,0:52:25,0,[13,1,0,1]
6427001,1000,0:52:28,0,[]
6427001,900,0:52:29,0,[]
6427001,1002,0:52:33,0
6427001,1003,0:52:33,2
6427001,210,0:52:44,986,441
6427001,211,0:52:46,824,486
6427001,221,0:52:47,0
6427001,220,0:52:50,0
6427001,212,0:52:51,1
6427001,207,0:52:52,0,-400,-445
6427001,210,0:52:52,1361,509
6427001,207,0:52:53,0,-445,-518
6427001,211,0:52:58,773,452
6427001,213,0:52:58,0,c_teacherEng_G7a1P,true
6427001,205,0:52:58,0,c_teacherEng_G7a1P,false,false
6427001,210,0:53:5,877,470
6427001,207,0:53:5,0,-518,-383
6427001,207,0:53:7,0,-383,-368
6427001,207,0:53:9,0,-368,0
6427001,207,0:53:18,0,0,-165
6427001,207,0:53:19,0,-165,-255
6427001,207,0:53:20,0,-255,-405
6427001,207,0:53:28,0,-405,0
6427001,211,0:53:30,1277,220
6427001,207,0:53:30,0,0,-270
6427001,210,0:53:31,1351,273
6427001,207,0:53:31,0,-270,-518
6427001,207,0:53:41,0,-518,0
6427001,211,0:53:45,334,142
6427001,210,0:53:49,363,338
6427001,211,0:53:50,238,134
6427001,221,0:53:51,0
6427001,220,0:53:54,0
6427001,212,0:53:55,0
6427001,210,0:53:56,48,287
6427001,207,0:54:1,0,0,-518
6427001,207,0:54:10,0,-518,0
6427001,207,0:54:15,0,0,-195
6427001,211,0:54:16,955,484
6427001,213,0:54:16,0,c_bestFriend_M_a_G7a1P,true
6427001,1003,0:54:23,0
6427001,1004,0:54:24,0
6427001,400,0:54:27,0,[]
6427001,401,0:54:42,0,[StatementsData_logId:0]
6427001,403,0:54:48,0,[StatementsData_logId:0,true]
6427001,405,0:54:52,0,[StatementsData_logId:0]
6427001,406,0:54:56,0,[StatementsData_logId:0,2]
6427001,407,0:54:56,0,[StatementsData_logId:0,FactCardData_id:3]
6427001,407,0:54:56,0,[StatementsData_logId:0,FactCardData_id:7]
6427001,407,0:54:56,0,[StatementsData_logId:0,FactCardData_id:5]
6427001,407,0:54:56,0,[StatementsData_logId:0,FactCardData_id:0]
6427001,407,0:54:56,0,[StatementsData_logId:0,FactCardData_id:4]
6427001,407,0:54:56,0,[StatementsData_logId:0,FactCardData_id:6]
6427001,407,0:55:9,0,[StatementsData_logId:0,FactCardData_id:7]
6427001,407,0:55:9,0,[StatementsData_logId:0,FactCardData_id:7]
6427001,408,0:55:19,0,[StatementsData_logId:0,FactCardData_id:7,false]
6427001,406,0:55:37,0,[StatementsData_logId:0,-2]
6427001,411,0:55:46,0,[StatementsData_logId:0]
6427001,401,0:55:51,0,[StatementsData_logId:1]
6427001,402,0:55:53,0,[StatementsData_logId:1,true]
6427001,405,0:55:54,0,[StatementsData_logId:1]
6427001,406,0:55:58,0,[StatementsData_logId:1,2]
6427001,411,0:56:0,0,[StatementsData_logId:1]
6427001,401,0:56:6,0,[StatementsData_logId:2]
6427001,404,0:56:6,0,[StatementsData_logId:2,true]
6427001,406,0:56:11,0,[StatementsData_logId:2,2]
6427001,412,0:56:14,0,[StatementsData_logId:2]
6427001,413,0:56:17,0,[StatementsData_logId:2,DuelResponsesData_logId:3]
6427001,414,0:56:21,0,[StatementsData_logId:2,DuelResponsesData_logId:3]
6427001,415,0:56:39,0,[StatementsData_logId:2,DuelResponsesData_logId:3,DuelResponsesData_ok_player_response]
6427001,416,0:56:40,0,[StatementsData_logId:2,DuelResponsesData_logId:3]
6427001,417,0:56:43,0,[StatementsData_logId:2,DuelResponsesData_logId:3]
6427001,413,0:56:55,0,[StatementsData_logId:2,DuelResponsesData_logId:4]
6427001,414,0:57:1,0,[StatementsData_logId:2,DuelResponsesData_logId:4]
6427001,415,0:57:11,0,[StatementsData_logId:2,DuelResponsesData_logId:4,DuelResponsesData_witty_player_response]
6427001,416,0:57:12,0,[StatementsData_logId:2,DuelResponsesData_logId:4]
6427001,417,0:57:15,0,[StatementsData_logId:2,DuelResponsesData_logId:4]
6427001,413,0:57:20,0,[StatementsData_logId:2,DuelResponsesData_logId:5]
6427001,414,0:57:24,0,[StatementsData_logId:2,DuelResponsesData_logId:5]
6427001,415,0:57:44,0,[StatementsData_logId:2,DuelResponsesData_logId:5,DuelResponsesData_witty_player_response]
6427001,416,0:57:45,0,[StatementsData_logId:2,DuelResponsesData_logId:5]
6427001,417,0:57:48,0,[StatementsData_logId:2,DuelResponsesData_logId:5]
6427001,418,0:57:48,0,[StatementsData_logId:2,true]
6427001,419,0:57:59,0,[StatementsData_logId:2,4]
6427001,411,0:58:3,0,[StatementsData_logId:2]
6427001,401,0:58:11,0,[StatementsData_logId:3]
6427001,404,0:58:19,0,[StatementsData_logId:3,false]
6427001,405,0:58:21,0,[StatementsData_logId:3]
6427001,406,0:58:25,0,[StatementsData_logId:3,-2]
6427001,411,0:58:27,0,[StatementsData_logId:3]
6427001,401,0:58:31,0,[StatementsData_logId:4]
6427001,402,0:58:32,0,[StatementsData_logId:4,true]
6427001,405,0:58:33,0,[StatementsData_logId:4]
6427001,406,0:58:34,0,[StatementsData_logId:4,2]
6427001,411,0:58:35,0,[StatementsData_logId:4]
6427001,401,0:58:42,0,[StatementsData_logId:5]
6427001,403,0:58:51,0,[StatementsData_logId:5,false]
6427001,405,0:58:52,0,[StatementsData_logId:5]
6427001,406,0:58:59,0,[StatementsData_logId:5,-2]
6427001,411,0:59:2,0,[StatementsData_logId:5]
6427001,420,0:59:2,0,[38]
6427001,1005,0:59:2,0,[0,0,1]
6427001,1001,0:59:7,0,[]
6427001,1003,0:59:7,0
6427001,210,0:59:11,1150,426
6427001,211,0:59:17,968,476
6427001,213,0:59:17,0,c_bestFriend_M_a_G7a1P,true
6427001,1003,0:59:21,0
6427001,1004,0:59:22,0
6427001,400,0:59:24,0,[]
6427001,401,0:59:26,0,[StatementsData_logId:0]
6427001,403,0:59:29,0,[StatementsData_logId:0,true]
6427001,405,0:59:29,0,[StatementsData_logId:0]
6427001,406,0:59:30,0,[StatementsData_logId:0,2]
6427001,407,0:59:30,0,[StatementsData_logId:0,FactCardData_id:3]
6427001,407,0:59:30,0,[StatementsData_logId:0,FactCardData_id:6]
6427001,407,0:59:30,0,[StatementsData_logId:0,FactCardData_id:7]
6427001,407,0:59:30,0,[StatementsData_logId:0,FactCardData_id:5]
6427001,407,0:59:30,0,[StatementsData_logId:0,FactCardData_id:4]
6427001,407,0:59:30,0,[StatementsData_logId:0,FactCardData_id:0]
6427001,407,0:59:33,0,[StatementsData_logId:0,FactCardData_id:3]
6427001,407,0:59:33,0,[StatementsData_logId:0,FactCardData_id:3]
6427001,407,0:59:33,0,[StatementsData_logId:0,FactCardData_id:7]
6427001,407,0:59:33,0,[StatementsData_logId:0,FactCardData_id:3]
6427001,407,0:59:33,0,[StatementsData_logId:0,FactCardData_id:7]
6427001,407,0:59:34,0,[StatementsData_logId:0,FactCardData_id:3]
6427001,407,0:59:34,0,[StatementsData_logId:0,FactCardData_id:7]
6427001,407,0:59:34,0,[StatementsData_logId:0,FactCardData_id:3]
6427001,407,0:59:37,0,[StatementsData_logId:0,FactCardData_id:7]
6427001,407,0:59:37,0,[StatementsData_logId:0,FactCardData_id:3]
6427001,407,0:59:37,0,[StatementsData_logId:0,FactCardData_id:7]
6427001,407,0:59:37,0,[StatementsData_logId:0,FactCardData_id:4]
6427001,407,0:59:37,0,[StatementsData_logId:0,FactCardData_id:7]
6427001,407,0:59:37,0,[StatementsData_logId:0,FactCardData_id:4]
6427001,407,0:59:38,0,[StatementsData_logId:0,FactCardData_id:5]
6427001,407,0:59:38,0,[StatementsData_logId:0,FactCardData_id:4]
6427001,407,0:59:38,0,[StatementsData_logId:0,FactCardData_id:5]
6427001,407,0:59:39,0,[StatementsData_logId:0,FactCardData_id:0]
6427001,407,0:59:39,0,[StatementsData_logId:0,FactCardData_id:5]
6427001,407,0:59:39,0,[StatementsData_logId:0,FactCardData_id:0]
6427001,407,0:59:46,0,[StatementsData_logId:0,FactCardData_id:4]
6427001,407,0:59:46,0,[StatementsData_logId:0,FactCardData_id:0]
6427001,407,0:59:46,0,[StatementsData_logId:0,FactCardData_id:4]
6427001,407,0:59:54,0,[StatementsData_logId:0,FactCardData_id:7]
6427001,407,0:59:54,0,[StatementsData_logId:0,FactCardData_id:4]
6427001,407,0:59:54,0,[StatementsData_logId:0,FactCardData_id:7]
6427001,407,0:59:57,0,[StatementsData_logId:0,FactCardData_id:3]
6427001,407,0:59:57,0,[StatementsData_logId:0,FactCardData_id:7]
6427001,407,0:59:57,0,[StatementsData_logId:0,FactCardData_id:3]
6427001,407,0:59:59,0,[StatementsData_logId:0,FactCardData_id:6]
6427001,407,0:59:59,0,[StatementsData_logId:0,FactCardData_id:3]
6427001,407,0:59:59,0,[StatementsData_logId:0,FactCardData_id:6]
6427001,408,1:0:2,0,[StatementsData_logId:0,FactCardData_id:6,true]
6427001,409,1:0:2,0,[StatementsData_logId:0]
6427001,410,1:0:4,0,[StatementsData_logId:0,2]
6427001,412,1:0:8,0,[StatementsData_logId:0]
6427001,413,1:0:16,0,[StatementsData_logId:0,DuelResponsesData_logId:0]
6427001,414,1:0:21,0,[StatementsData_logId:0,DuelResponsesData_logId:0]
6427001,415,1:0:30,0,[StatementsData_logId:0,DuelResponsesData_logId:0,DuelResponsesData_ok_player_response]
6427001,416,1:0:31,0,[StatementsData_logId:0,DuelResponsesData_logId:0]
6427001,417,1:0:36,0,[StatementsData_logId:0,DuelResponsesData_logId:0]
6427001,413,1:0:41,0,[StatementsData_logId:0,DuelResponsesData_logId:1]
6427001,414,1:0:42,0,[StatementsData_logId:0,DuelResponsesData_logId:1]
6427001,415,1:0:48,0,[StatementsData_logId:0,DuelResponsesData_logId:1,DuelResponsesData_witty_player_response]
6427001,416,1:0:49,0,[StatementsData_logId:0,DuelResponsesData_logId:1]
6427001,417,1:0:51,0,[StatementsData_logId:0,DuelResponsesData_logId:1]
6427001,413,1:1:1,0,[StatementsData_logId:0,DuelResponsesData_logId:2]
6427001,414,1:1:8,0,[StatementsData_logId:0,DuelResponsesData_logId:2]
6427001,415,1:1:18,0,[StatementsData_logId:0,DuelResponsesData_logId:2,DuelResponsesData_witty_player_response]
6427001,416,1:1:19,0,[StatementsData_logId:0,DuelResponsesData_logId:2]
6427001,417,1:1:22,0,[StatementsData_logId:0,DuelResponsesData_logId:2]
6427001,418,1:1:22,0,[StatementsData_logId:0,true]
6427001,419,1:1:27,0,[StatementsData_logId:0,4]
6427001,411,1:1:29,0,[StatementsData_logId:0]
6427001,401,1:1:40,0,[StatementsData_logId:1]
6427001,402,1:1:42,0,[StatementsData_logId:1,true]
6427001,405,1:1:43,0,[StatementsData_logId:1]
6427001,103,1:2:18
6427001,105,1:2:20
6427001,703,1:2:21,[|| EpilogueItem ID: 0 unlocked: false ||,|| EpilogueItem ID: 1 unlocked: false ||,|| EpilogueItem ID: 2 unlocked: false ||,|| EpilogueItem ID: 3 unlocked: false ||,|| EpilogueItem ID: 4 unlocked: false ||,|| EpilogueItem ID: 5 unlocked: false ||,|| EpilogueItem ID: 6 unlocked: false ||,|| EpilogueItem ID: 7 unlocked: false ||,|| EpilogueItem ID: 8 unlocked: false ||,|| EpilogueItem ID: 9 unlocked: false ||,|| EpilogueItem ID: 10 unlocked: false ||,|| EpilogueItem ID: 11 unlocked: false ||,|| EpilogueItem ID: 12 unlocked: false ||,|| EpilogueItem ID: 13 unlocked: false ||,|| EpilogueItem ID: 14 unlocked: false ||,|| EpilogueItem ID: 15 unlocked: false ||,|| EpilogueItem ID: 16 unlocked: false ||,|| EpilogueItem ID: 17 unlocked: false ||,|| EpilogueItem ID: 18 unlocked: false ||,|| EpilogueItem ID: 19 unlocked: false ||,|| EpilogueItem ID: 20 unlocked: false ||,|| EpilogueItem ID: 21 unlocked: false ||,|| EpilogueItem ID: 22 unlocked: false ||,|| EpilogueItem ID: 23 unlocked: false ||,|| EpilogueItem ID: 24 unlocked: false ||],0
6427001,706,1:2:28,(x=2531, y=-100, w=1024, h=768),(x=2531, y=-100, w=1024, h=768)
6427001,708,1:2:33
6427001,1,1:2:33,3/7/2013 5:54:15pm,{"challengeStacks":[{"challengeScenes":[{"touchableObjects":["s_doorClassroom_G7a0","s_otherStudent1_G7a0","s_shakespearePoster_gen","c_crewKid1_M_G7a0","c_bestFriend_M_a_G7a0","s_clock_G7a0","s_poePoster_gen","s_angelouPoster_gen","s_atwoodPoster_gen","s_flag_gen","s_vocabAssignment_G7a0","c_teacherEng_G7a0"],"unlocked":true,"miniGameCards":[],"keyPoints":["c_bestFriend_M_a_G7a0","s_flag_gen","c_teacherEng_G7a0"],"viewedAnimatic":true},{"touchableObjects":["s_otherStudent1_G7a1N","s_otherStudent2_G7a1N","s_poePoster_gen","s_shakespearePoster_gen","s_angelouPoster_gen","s_atwoodPoster_gen","s_posterPlagiarism_gen","s_flag_gen","c_crewKid1_M_G7a1N","s_paperPlayers_G7a1N","c_teacherEng_G7a1N","c_bestFriend_M_a_G7a1N"],"unlocked":true,"miniGameCards":[],"keyPoints":["s_paperPlayers_G7a1N","c_teacherEng_G7a1N","c_bestFriend_M_a_G7a1N"],"viewedAnimatic":true},{"touchableObjects":["s_clock_G7a1P","s_poePoster_gen","s_shakespearePoster_gen","s_angelouPoster_gen","s_atwoodPoster_gen","s_paperPlayers_G7a1P","c_teacherEng_G7a1P"],"unlocked":true,"miniGameCards":[],"keyPoints":["c_teacherEng_G7a1P"],"viewedAnimatic":true}],"stackSize":3,"resolved":false},{"challengeScenes":[{"touchableObjects":[],"unlocked":false,"miniGameCards":[],"keyPoints":[],"viewedAnimatic":false},{"touchableObjects":[],"unlocked":false,"miniGameCards":[],"keyPoints":[],"viewedAnimatic":false},{"touchableObjects":[],"unlocked":false,"miniGameCards":[],"keyPoints":[],"viewedAnimatic":false},{"touchableObjects":[],"unlocked":false,"miniGameCards":[],"keyPoints":[],"viewedAnimatic":false},{"touchableObjects":[],"unlocked":false,"miniGameCards":[],"keyPoints":[],"viewedAnimatic":false}],"stackSize":5,"resolved":false},{"challengeScenes":[{"touchableObjects":[],"unlocked":false,"miniGameCards":[],"keyPoints":[],"viewedAnimatic":false},{"touchableObjects":[],"unlocked":false,"miniGameCards":[],"keyPoints":[],"viewedAnimatic":false},{"touchableObjects":[],"unlocked":false,"miniGameCards":[],"keyPoints":[],"viewedAnimatic":false},{"touchableObjects":[],"unlocked":false,"miniGameCards":[],"keyPoints":[],"viewedAnimatic":false},{"touchableObjects":[],"unlocked":false,"miniGameCards":[],"keyPoints":[],"viewedAnimatic":false},{"touchableObjects":[],"unlocked":false,"miniGameCards":[],"keyPoints":[],"viewedAnimatic":false},{"touchableObjects":[],"unlocked":false,"miniGameCards":[],"keyPoints":[],"viewedAnimatic":false}],"stackSize":7,"resolved":false},{"challengeScenes":[{"touchableObjects":[],"unlocked":false,"miniGameCards":[],"keyPoints":[],"viewedAnimatic":false},{"touchableObjects":[],"unlocked":false,"miniGameCards":[],"keyPoints":[],"viewedAnimatic":false},{"touchableObjects":[],"unlocked":false,"miniGameCards":[],"keyPoints":[],"viewedAnimatic":false},{"touchableObjects":[],"unlocked":false,"miniGameCards":[],"keyPoints":[],"viewedAnimatic":false},{"touchableObjects":[],"unlocked":false,"miniGameCards":[],"keyPoints":[],"viewedAnimatic":false}],"stackSize":5,"resolved":false},{"challengeScenes":[{"touchableObjects":[],"unlocked":false,"miniGameCards":[],"keyPoints":[],"viewedAnimatic":false},{"touchableObjects":[],"unlocked":false,"miniGameCards":[],"keyPoints":[],"viewedAnimatic":false},{"touchableObjects":[],"unlocked":false,"miniGameCards":[],"keyPoints":[],"viewedAnimatic":false},{"touchableObjects":[],"unlocked":false,"miniGameCards":[],"keyPoints":[],"viewedAnimatic":false},{"touchableObjects":[],"unlocked":false,"miniGameCards":[],"keyPoints":[],"viewedAnimatic":false}],"stackSize":5,"resolved":false},{"challengeScenes":[{"touchableObjects":[],"unlocked":false,"miniGameCards":[],"keyPoints":[],"viewedAnimatic":false},{"touchableObjects":[],"unlocked":false,"miniGameCards":[],"keyPoints":[],"viewedAnimatic":false},{"touchableObjects":[],"unlocked":false,"miniGameCards":[],"keyPoints":[],"viewedAnimatic":false},{"touchableObjects":[],"unlocked":false,"miniGameCards":[],"keyPoints":[],"viewedAnimatic":false},{"touchableObjects":[],"unlocked":false,"miniGameCards":[],"keyPoints":[],"viewedAnimatic":false}],"stackSize":5,"resolved":false},{"challengeScenes":[{"touchableObjects":[],"unlocked":false,"miniGameCards":[],"keyPoints":[],"viewedAnimatic":false},{"touchableObjects":[],"unlocked":false,"miniGameCards":[],"keyPoints":[],"viewedAnimatic":false},{"touchableObjects":[],"unlocked":false,"miniGameCards":[],"keyPoints":[],"viewedAnimatic":false},{"touchableObjects":[],"unlocked":false,"miniGameCards":[],"keyPoints":[],"viewedAnimatic":false},{"touchableObjects":[],"unlocked":false,"miniGameCards":[],"keyPoints":[],"viewedAnimatic":false}],"stackSize":5,"resolved":false},{"challengeScenes":[{"touchableObjects":[],"unlocked":false,"miniGameCards":[],"keyPoints":[],"viewedAnimatic":false},{"touchableObjects":[],"unlocked":false,"miniGameCards":[],"keyPoints":[],"viewedAnimatic":false},{"touchableObjects":[],"unlocked":false,"miniGameCards":[],"keyPoints":[],"viewedAnimatic":false},{"touchableObjects":[],"unlocked":false,"miniGameCards":[],"keyPoints":[],"viewedAnimatic":false},{"touchableObjects":[],"unlocked":false,"miniGameCards":[],"keyPoints":[],"viewedAnimatic":false}],"stackSize":5,"resolved":false},{"challengeScenes":[{"touchableObjects":[],"unlocked":false,"miniGameCards":[],"keyPoints":[],"viewedAnimatic":false},{"touchableObjects":[],"unlocked":false,"miniGameCards":[],"keyPoints":[],"viewedAnimatic":false},{"touchableObjects":[],"unlocked":false,"miniGameCards":[],"keyPoints":[],"viewedAnimatic":false},{"touchableObjects":[],"unlocked":false,"miniGameCards":[],"keyPoints":[],"viewedAnimatic":false},{"touchableObjects":[],"unlocked":false,"miniGameCards":[],"keyPoints":[],"viewedAnimatic":false}],"stackSize":5,"resolved":false},{"challengeScenes":[{"touchableObjects":[],"unlocked":false,"miniGameCards":[],"keyPoints":[],"viewedAnimatic":false},{"touchableObjects":[],"unlocked":false,"miniGameCards":[],"keyPoints":[],"viewedAnimatic":false},{"touchableObjects":[],"unlocked":false,"miniGameCards":[],"keyPoints":[],"viewedAnimatic":false},{"touchableObjects":[],"unlocked":false,"miniGameCards":[],"keyPoints":[],"viewedAnimatic":false},{"touchableObjects":[],"unlocked":false,"miniGameCards":[],"keyPoints":[],"viewedAnimatic":false}],"stackSize":5,"resolved":false},{"challengeScenes":[{"touchableObjects":[],"unlocked":false,"miniGameCards":[],"keyPoints":[],"viewedAnimatic":false},{"touchableObjects":[],"unlocked":false,"miniGameCards":[],"keyPoints":[],"viewedAnimatic":false},{"touchableObjects":[],"unlocked":false,"miniGameCards":[],"keyPoints":[],"viewedAnimatic":false},{"touchableObjects":[],"unlocked":false,"miniGameCards":[],"keyPoints":[],"viewedAnimatic":false},{"touchableObjects":[],"unlocked":false,"miniGameCards":[],"keyPoints":[],"viewedAnimatic":false}],"stackSize":5,"resolved":false},{"challengeScenes":[{"touchableObjects":[],"unlocked":false,"miniGameCards":[],"keyPoints":[],"viewedAnimatic":false},{"touchableObjects":[],"unlocked":false,"miniGameCards":[],"keyPoints":[],"viewedAnimatic":false},{"touchableObjects":[],"unlocked":false,"miniGameCards":[],"keyPoints":[],"viewedAnimatic":false},{"touchableObjects":[],"unlocked":false,"miniGameCards":[],"keyPoints":[],"viewedAnimatic":false},{"touchableObjects":[],"unlocked":false,"miniGameCards":[],"keyPoints":[],"viewedAnimatic":false}],"stackSize":5,"resolved":false},{"challengeScenes":[{"touchableObjects":["c_family_lati_a_G0a0"],"unlocked":true,"miniGameCards":[],"keyPoints":[],"viewedAnimatic":false},{"touchableObjects":["c_player_lati_M_a_G0a1N","c_home_G0a1N","c_job_G0a1N","c_family_lati_a_G0a1N"],"unlocked":true,"miniGameCards":[],"keyPoints":["c_home_G0a1N","c_job_G0a1N","c_family_lati_a_G0a1N"],"viewedAnimatic":false},{"touchableObjects":["c_cousins_M_a_G0a1P","c_friends_G0a1P","c_Teacher_G0a1P","c_grandma_lati_a_G0a1P","c_kidsister_lati_a_G0a1P","c_dad_lati_a_G0a1P","c_mom_lati_a_G0a1P","c_Nurse_G0a1P"],"unlocked":true,"miniGameCards":[],"keyPoints":["c_Teacher_G0a1P","c_grandma_lati_a_G0a1P","c_kidsister_lati_a_G0a1P","c_dad_lati_a_G0a1P","c_mom_lati_a_G0a1P","c_Nurse_G0a1P"],"viewedAnimatic":false}],"stackSize":3,"resolved":true}],"minigames":[{"levelSaveData":[{"unlocked":true,"starRating":1},{"unlocked":false,"starRating":0},{"unlocked":false,"starRating":0},{"unlocked":false,"starRating":0},{"unlocked":false,"starRating":0},{"unlocked":false,"starRating":0},{"unlocked":false,"starRating":0},{"unlocked":false,"starRating":0},{"unlocked":false,"starRating":0},{"unlocked":false,"starRating":0}],"skillPoints":1},{"levelSaveData":[{"unlocked":true,"starRating":3},{"unlocked":false,"starRating":0},{"unlocked":false,"starRating":0},{"unlocked":false,"starRating":0},{"unlocked":false,"starRating":0},{"unlocked":false,"starRating":0},{"unlocked":false,"starRating":0},{"unlocked":false,"starRating":0},{"unlocked":false,"starRating":0},{"unlocked":false,"starRating":0}],"skillPoints":3},{"levelSaveData":[{"unlocked":true,"starRating":2},{"unlocked":false,"starRating":0},{"unlocked":false,"starRating":0},{"unlocked":false,"starRating":0},{"unlocked":false,"starRating":0},{"unlocked":false,"starRating":0},{"unlocked":false,"starRating":0},{"unlocked":false,"starRating":0},{"unlocked":false,"starRating":0},{"unlocked":false,"starRating":0}],"skillPoints":2},{"levelSaveData":[{"unlocked":false,"starRating":0},{"unlocked":false,"starRating":0},{"unlocked":false,"starRating":0},{"unlocked":false,"starRating":0},{"unlocked":false,"starRating":0},{"unlocked":false,"starRating":0},{"unlocked":false,"starRating":0},{"unlocked":false,"starRating":0},{"unlocked":false,"starRating":0},{"unlocked":false,"starRating":0}],"skillPoints":0},{"gender":0,"name":"Dylan","visualAvatar":0,"id":2,"age":13,"levelSaveData":[{"unlocked":true,"starRating":3},{"unlocked":true,"starRating":3,"chunks":[["1"],["10$$Funny","7$$Smart"],["10$$Electronics","0$$Family","15$$Video Games"],["0"]]},{"unlocked":false,"starRating":0,"chunks":[[null],[null,null],[null,null]]},{"unlocked":false,"starRating":0,"chunks":[[null],[null],[null],[null],[null,null],[null]]},{"unlocked":false,"starRating":0,"chunks":[[null],[null],[null,null],[null],[null],[null]]},{"unlocked":false,"starRating":0,"chunks":[[null],[null,null,null,null],[null],[null]]},{"unlocked":false,"starRating":0,"chunks":[[null],[null],[null,null],[null,null],[null]]},{"unlocked":false,"starRating":0,"chunks":[[null,null,null],[null,null,null],[null],[null],[null]]},{"unlocked":false,"starRating":0,"chunks":[[null,null,null],[null,null,null],[null,null]]},{"unlocked":false,"starRating":0,"chunks":[[null],[null],[null],[null],[null],[null]]}],"skillPoints":6}],"session":[{"sceneId":"1P","stackId":12},{"sceneId":"1P","stackId":0}],"playerId":6427001,"epilogue":{"rating":0},"sessionId":1,"gameTime":3753458,"avatar":{"gender":0,"name":"Dylan","visualAvatar":0,"id":2,"age":13,"levelSaveData":[{"unlocked":true,"starRating":3},{"unlocked":true,"starRating":3,"chunks":[["1"],["10$$Funny","7$$Smart"],["10$$Electronics","0$$Family","15$$Video Games"],["0"]]},{"unlocked":false,"starRating":0,"chunks":[[null],[null,null],[null,null]]},{"unlocked":false,"starRating":0,"chunks":[[null],[null],[null],[null],[null,null],[null]]},{"unlocked":false,"starRating":0,"chunks":[[null],[null],[null,null],[null],[null],[null]]},{"unlocked":false,"starRating":0,"chunks":[[null],[null,null,null,null],[null],[null]]},{"unlocked":false,"starRating":0,"chunks":[[null],[null],[null,null],[null,null],[null]]},{"unlocked":false,"starRating":0,"chunks":[[null,null,null],[null,null,null],[null],[null],[null]]},{"unlocked":false,"starRating":0,"chunks":[[null,null,null],[null,null,null],[null,null]]},{"unlocked":false,"starRating":0,"chunks":[[null],[null],[null],[null],[null],[null]]}],"skillPoints":6}}
