6427026,0,4:21:55,10/28/2013 3:50:37pm
6427026,100,4:21:59,3
6427026,102,4:22:0,3
6427026,200,4:22:0,3,15,18,15,16,24
6427026,210,4:22:16,930,450
6427026,207,4:22:22,3,-200,0
6427026,211,4:22:24,3,350
6427026,210,4:22:24,5,369
6427026,211,4:22:25,3,371
6427026,210,4:22:25,4,342
6427026,207,4:22:32,3,0,-495
6427026,211,4:22:35,966,492
6427026,213,4:22:35,3,s_pillBottle_F_G8b1P,true
6427026,205,4:22:35,3,s_pillBottle_F_G8b1P,false,true
6427026,210,4:22:38,1258,364
6427026,207,4:22:39,3,-495,-555
6427026,207,4:22:42,3,-555,-995
6427026,211,4:22:48,1451,618
6427026,213,4:22:48,3,s_tvGuide_G8b1P,true
6427026,210,4:22:49,1594,598
6427026,211,4:22:51,2013,659
6427026,212,4:22:52,1
6427026,210,4:22:52,1702,616
6427026,211,4:22:58,1459,291
6427026,213,4:22:58,3,c_grandma_cauc_a_G8b1P,true
6427026,205,4:22:58,3,c_grandma_cauc_a_G8b1P,false,false
6427026,221,4:23:4,3
6427026,220,4:23:5,3
6427026,210,4:23:10,326,378
6427026,207,4:23:11,3,-200,-35
6427026,207,4:23:11,3,-35,0
6427026,211,4:23:16,832,228
6427026,213,4:23:16,3,s_clock_G8b2N,true
6427026,205,4:23:16,3,s_clock_G8b2N,false,false
6427026,210,4:23:20,606,471
6427026,211,4:23:20,403,591
6427026,213,4:23:20,3,s_kid2_G8b2N,true
6427026,221,4:23:26,3
6427026,220,4:23:29,3
6427026,219,4:23:29,3
6427026,216,4:23:31,Stack_G8b2P
6427026,217,4:23:44,Stack_G8b2P,11,0.67
6427026,218,4:23:46,3
6427026,210,4:23:46,386,598
6427026,211,4:23:47,542,627
6427026,212,4:23:48,2
6427026,210,4:23:48,480,538
6427026,211,4:23:49,466,516
6427026,213,4:23:49,3,c_friend1_F_a_G8b2P,true
6427026,205,4:23:49,3,c_friend1_F_a_G8b2P,false,false
6427026,210,4:23:53,537,567
6427026,207,4:23:54,3,-200,0
6427026,211,4:23:56,257,397
6427026,213,4:23:56,3,s_videoGameScreen_G8b2P,true
6427026,210,4:23:58,375,260
6427026,211,4:24:1,890,301
6427026,213,4:24:1,3,c_mom_cauc_a_G8b2P,true
6427026,212,4:24:6,1
6427026,210,4:24:6,852,335
6427026,211,4:24:7,907,247
6427026,212,4:24:7,0
6427026,210,4:24:8,919,308
6427026,207,4:24:10,3,0,-420
6427026,211,4:24:11,1169,294
6427026,213,4:24:11,3,c_kidSister_cauc_a_G8b2P,true
6427026,212,4:24:13,2
6427026,210,4:24:13,1132,359
6427026,207,4:24:15,3,-420,-600
6427026,211,4:24:15,1411,369
6427026,213,4:24:15,3,c_grandma_cauc_a_G8b2P,true
6427026,205,4:24:15,3,c_grandma_cauc_a_G8b2P,false,false
6427026,210,4:24:19,1058,489
6427026,207,4:24:22,3,-600,-995
6427026,211,4:24:23,1612,514
6427026,221,4:24:24,3
6427026,220,4:24:25,3
6427026,212,4:24:26,1
6427026,210,4:24:26,1933,412
6427026,211,4:24:29,1564,322
6427026,213,4:24:29,3,s_pillBottle_G8b2P,true
6427026,205,4:24:29,3,s_pillBottle_G8b2P,false,false
6427026,221,4:24:33,3
6427026,220,4:24:35,3
6427026,203,4:24:35,3
6427026,100,4:24:40,5
6427026,102,4:24:41,5
6427026,200,4:24:41,5,15,18,15,16,24
6427026,219,4:24:41,5
6427026,216,4:24:44,Stack_G9b0
6427026,217,4:25:2,Stack_G9b0,17,1.2
6427026,218,4:25:4,5
6427026,212,4:25:6,2
6427026,210,4:25:7,554,445
6427026,211,4:25:9,581,462
6427026,213,4:25:9,5,c_cousin_F_a_G9b0,true
6427026,210,4:25:12,863,406
6427026,211,4:25:13,840,401
6427026,213,4:25:13,5,c_kidSister_cauc_a_G9b0,true
6427026,210,4:25:16,658,318
6427026,211,4:25:17,678,329
6427026,213,4:25:17,5,s_closet_F_G9b0,true
6427026,210,4:25:19,560,462
6427026,207,4:25:22,5,-200,0
6427026,211,4:25:23,538,135
6427026,213,4:25:23,5,s_calendar_F_gen,true
6427026,212,4:25:25,1
6427026,210,4:25:26,262,576
6427026,211,4:25:28,276,602
6427026,213,4:25:28,5,s_cellPhone_F_G9b0,true
6427026,212,4:25:32,0
6427026,210,4:25:32,414,578
6427026,211,4:25:33,283,606
6427026,212,4:25:34,1
6427026,210,4:25:34,385,444
6427026,211,4:25:34,367,447
6427026,210,4:25:36,378,412
6427026,207,4:25:40,5,0,-120
6427026,211,4:25:41,996,291
6427026,213,4:25:41,5,s_pictureDad_cauc_F_gen,true
6427026,205,4:25:41,5,s_pictureDad_cauc_F_gen,false,false
6427026,210,4:25:46,1035,535
6427026,207,4:25:47,5,-120,-512
6427026,207,4:25:56,5,-512,-272
6427026,207,4:25:57,5,-272,-137
6427026,207,4:25:57,5,-137,0
6427026,211,4:26:1,443,652
6427026,212,4:26:2,2
6427026,212,4:26:3,0
6427026,210,4:26:4,582,541
6427026,211,4:26:11,358,431
6427026,213,4:26:11,5,s_clock_F_G9b0,true
6427026,210,4:26:14,235,475
6427026,207,4:26:20,5,0,-270
6427026,207,4:26:21,5,-270,-450
6427026,207,4:26:22,5,-450,-512
6427026,211,4:26:25,484,320
6427026,207,4:26:25,5,-512,-467
6427026,210,4:26:26,464,194
6427026,207,4:26:26,5,-467,-407
6427026,207,4:26:27,5,-407,0
6427026,207,4:26:32,5,0,-30
6427026,211,4:26:32,833,562
6427026,212,4:26:40,1
6427026,210,4:26:42,235,543
6427026,207,4:26:43,5,-30,0
6427026,207,4:26:47,5,0,-512
6427026,211,4:26:49,1047,288
6427026,213,4:26:49,5,s_mirror_F_G9b0,true
6427026,205,4:26:49,5,s_mirror_F_G9b0,false,false
6427026,210,4:26:57,925,232
6427026,211,4:27:3,1316,252
6427026,219,4:27:4,5
6427026,216,4:27:5,Stack_G9b1N
6427026,217,4:27:19,Stack_G9b1N,10,6.5
6427026,218,4:27:20,5
6427026,210,4:27:21,904,446
6427026,211,4:27:22,1066,617
6427026,212,4:27:23,2
6427026,210,4:27:23,765,244
6427026,207,4:27:25,5,-200,-410
6427026,211,4:27:27,1283,87
6427026,213,4:27:27,5,s_smokeDetector_G9b1N,true
6427026,210,4:27:29,1198,369
6427026,207,4:27:32,5,-410,0
6427026,207,4:27:42,5,0,-995
6427026,211,4:27:43,1599,474
6427026,213,4:27:43,5,s_coupleOnCouch_G9b1N,true
6427026,210,4:27:49,1664,238
6427026,211,4:27:52,1978,158
6427026,212,4:27:52,1
6427026,210,4:27:53,1676,520
6427026,211,4:27:54,1954,142
6427026,213,4:27:54,5,s_pictureDaddark_cauc_gen,true
6427026,210,4:27:58,1639,304
6427026,211,4:28:1,1148,306
6427026,213,4:28:1,5,c_cousin_F_a_G9b1N,true
6427026,205,4:28:1,5,c_cousin_F_a_G9b1N,false,false
6427026,210,4:28:5,1400,586
6427026,211,4:28:6,1393,528
6427026,213,4:28:6,5,s_puddleFloor_G9b1N,true
6427026,210,4:28:8,1545,544
6427026,211,4:28:10,1606,624
6427026,213,4:28:10,5,s_boomBox_G9b1N,true
6427026,210,4:28:12,1484,597
6427026,207,4:28:13,5,-995,-860
6427026,211,4:28:14,824,340
6427026,207,4:28:14,5,-860,-800
6427026,207,4:28:15,5,-800,-755
6427026,210,4:28:15,831,375
6427026,207,4:28:15,5,-755,-695
6427026,207,4:28:16,5,-695,-560
6427026,211,4:28:16,784,317
6427026,210,4:28:17,742,305
6427026,211,4:28:17,742,305
6427026,210,4:28:18,749,272
6427026,211,4:28:18,754,262
6427026,213,4:28:18,5,c_teacherEng_G9b1N,true
6427026,205,4:28:18,5,c_teacherEng_G9b1N,false,false
6427026,210,4:28:21,668,445
6427026,207,4:28:23,5,-560,0
6427026,211,4:28:25,203,187
6427026,213,4:28:25,5,c_kidSister_cauc_a_G9b1N,true
6427026,205,4:28:25,5,c_kidSister_cauc_a_G9b1N,false,false
6427026,210,4:28:28,382,545
6427026,211,4:28:30,440,201
6427026,212,4:28:30,0
6427026,210,4:28:31,832,432
6427026,207,4:28:43,5,0,-525
6427026,207,4:28:45,5,-525,-705
6427026,211,4:28:47,1431,664
6427026,210,4:28:48,1406,621
6427026,211,4:28:51,1413,654
6427026,213,4:28:51,5,s_beerBottle_G9b1N,true
6427026,205,4:28:51,5,s_beerBottle_G9b1N,false,false
6427026,210,4:28:54,1299,547
6427026,207,4:28:55,5,-705,-810
6427026,207,4:28:59,5,-810,-990
6427026,207,4:29:3,5,-990,-995
6427026,211,4:29:5,1823,165
6427026,212,4:29:6,1
6427026,210,4:29:6,1811,184
6427026,211,4:29:7,1822,179
6427026,213,4:29:7,5,s_photoCracked_G9b1N,true
6427026,210,4:29:14,1577,291
6427026,207,4:29:17,5,-995,-860
6427026,207,4:29:18,5,-860,-485
6427026,211,4:29:20,1221,115
6427026,213,4:29:20,5,s_clock_G9b1N,true
6427026,205,4:29:20,5,s_clock_G9b1N,false,false
6427026,210,4:29:23,734,221
6427026,207,4:29:25,5,-485,-140
6427026,211,4:29:27,272,451
6427026,212,4:29:28,0
6427026,210,4:29:28,379,477
6427026,211,4:29:29,321,467
6427026,213,4:29:29,5,s_joint_G9b1N,true
6427026,205,4:29:29,5,s_joint_G9b1N,false,false
6427026,210,4:29:33,423,520
6427026,207,4:29:34,5,-140,0
6427026,211,4:29:38,156,302
6427026,212,4:29:39,1
6427026,210,4:29:39,201,272
6427026,211,4:29:40,142,293
6427026,210,4:29:40,108,291
6427026,211,4:29:41,87,289
6427026,213,4:29:41,5,s_brokenLamp_G9b1N,true
6427026,205,4:29:41,5,s_brokenLamp_G9b1N,false,false
6427026,210,4:29:48,532,486
6427026,211,4:29:53,1003,289
6427026,213,4:29:53,5,s_pictureDad_cauc_F_gen,true
6427026,205,4:29:53,5,s_pictureDad_cauc_F_gen,false,true
6427026,210,4:29:57,483,479
6427026,207,4:29:57,5,-200,-95
6427026,211,4:29:58,673,319
6427026,213,4:29:58,5,s_closet_F_G9b0,true
6427026,221,4:30:5,5
6427026,220,4:30:7,5
6427026,212,4:30:8,2
6427026,210,4:30:9,836,383
6427026,207,4:30:11,5,-200,0
6427026,207,4:30:16,5,0,-135
6427026,207,4:30:18,5,-135,-330
6427026,207,4:30:19,5,-330,-512
6427026,211,4:30:22,1330,546
6427026,213,4:30:22,5,s_computer_F_gen,true
6427026,205,4:30:22,5,s_computer_F_gen,false,false
6427026,221,4:30:33,5
6427026,220,4:30:35,5
6427026,1003,4:30:35,3
6427026,1004,4:30:37,2
6427026,500,4:30:40,2,[]
6427026,501,4:30:41,2,[]
6427026,502,4:30:49,2,[IntentionData_logId:1,false]
6427026,503,4:30:50,2,[]
6427026,504,4:30:55,2,[InfluenceData_logId:1]
6427026,504,4:30:59,2,[InfluenceData_logId:0]
6427026,504,4:31:2,2,[InfluenceData_logId:5]
6427026,504,4:31:6,2,[InfluenceData_logId:7]
6427026,504,4:31:9,2,[InfluenceData_logId:8]
6427026,505,4:31:13,2,[InfluenceData_logId:0,true,InfluenceData_logId:5,true,InfluenceData_logId:8,true]
6427026,506,4:31:14,2,[]
6427026,507,4:31:25,2,[OpponentAttackData_logId:1,OpponentAttackTypeData_logId:0,false,30]
6427026,508,4:31:27,2,[]
6427026,509,4:31:35,2,[RefusalData_logId:2,2]
6427026,510,4:31:37,2,[AvailableRefusalData_logId:2,0A]
6427026,510,4:31:39,2,[AvailableRefusalData_logId:2,1A]
6427026,510,4:31:46,2,[AvailableRefusalData_logId:2,2A]
6427026,511,4:31:49,2,[AvailableRefusalData_logId:2,0A,1A,2A,true,50]
6427026,512,4:31:53,2,[]
6427026,513,4:31:53,2,[0]
6427026,514,4:31:55,2,[]
6427026,507,4:32:1,2,[OpponentAttackData_logId:0,OpponentAttackTypeData_logId:3,false,30]
6427026,508,4:32:3,2,[]
6427026,509,4:32:6,2,[RefusalData_logId:8,2]
6427026,510,4:32:15,2,[AvailableRefusalData_logId:8,0C]
6427026,510,4:32:17,2,[AvailableRefusalData_logId:8,0B]
6427026,510,4:32:18,2,[AvailableRefusalData_logId:8,1A]
6427026,510,4:32:19,2,[AvailableRefusalData_logId:8,0A]
6427026,510,4:32:20,2,[AvailableRefusalData_logId:8,2A]
6427026,511,4:32:21,2,[AvailableRefusalData_logId:8,0A,1A,2A,true,50]
6427026,512,4:32:25,2,[]
6427026,515,4:32:25,2,[70,0]
6427026,516,4:32:28,2,[]
6427026,517,4:32:30,2,[]
6427026,1005,4:32:30,2,[3,0,2]
6427026,1001,4:32:32,2,[]
6427026,1003,4:32:32,3
6427026,221,4:32:38,5
6427026,300,4:32:39
6427026,220,4:32:39,5
6427026,301,4:32:42,4
6427026,302,4:32:55,4,0,0,8
6427026,302,4:32:59,4,0,0,10
6427026,302,4:33:8,4,0,0,4
6427026,304,4:33:10,4,0,0,-1,,4,
6427026,302,4:33:20,4,1,0,7
6427026,302,4:33:22,4,1,0,9
6427026,302,4:33:25,4,1,0,6
6427026,304,4:33:26,4,1,0,-1,,6,
6427026,302,4:33:33,4,1,1,0
6427026,302,4:33:40,4,1,1,4
6427026,306,4:33:41,4,0,1
6427026,304,4:33:41,4,1,1,-1,,4,
6427026,302,4:33:48,4,1,2,4
6427026,304,4:33:49,4,1,2,-1,,4,
6427026,302,4:33:58,4,1,3,3
6427026,302,4:33:59,4,1,3,5
6427026,306,4:33:59,4,1,2
6427026,304,4:33:59,4,1,3,-1,,5,
6427026,302,4:34:11,4,2,0,8
6427026,303,4:34:14,4,2,0,8
6427026,304,4:34:33,4,2,0,-1,,8,puerto rico
6427026,302,4:34:40,4,3,0,3
6427026,302,4:34:42,4,3,0,0
6427026,306,4:34:43,4,2,3
6427026,304,4:34:43,4,3,0,-1,,0,
6427026,303,4:34:48,4,3,0,0
6427026,304,4:34:54,4,3,0,0,,0,the mall
6427026,221,4:35:1,5
6427026,220,4:35:2,5
6427026,219,4:35:2,5
6427026,216,4:35:5,Stack_G9b1P
6427026,217,4:35:16,Stack_G9b1P,9.5,0.00
6427026,218,4:35:17,5
6427026,210,4:35:19,988,351
6427026,211,4:35:21,752,287
6427026,213,4:35:21,5,s_door_G9b1P,true
6427026,210,4:35:25,506,550
6427026,207,4:35:26,5,-200,-65
6427026,211,4:35:26,365,603
6427026,213,4:35:26,5,c_kidSister_cauc_a_G9b1P,true
6427026,210,4:35:28,149,649
6427026,207,4:35:28,5,-65,0
6427026,207,4:35:31,5,0,-570
6427026,211,4:35:33,1509,257
6427026,213,4:35:33,5,s_kidsGroupKitchen_G9b1P,true
6427026,205,4:35:33,5,s_kidsGroupKitchen_G9b1P,false,false
6427026,210,4:35:37,1499,511
6427026,207,4:35:38,5,-570,-995
6427026,211,4:35:40,1770,556
6427026,213,4:35:40,5,s_beerBottle_G9b1P,true
6427026,210,4:35:43,1594,388
6427026,211,4:35:45,1989,140
6427026,213,4:35:45,5,s_pictureDaddark_cauc_gen,true
6427026,205,4:35:45,5,s_pictureDaddark_cauc_gen,false,false
6427026,210,4:35:48,1849,191
6427026,211,4:35:50,1985,330
6427026,212,4:35:50,1
6427026,210,4:35:51,1857,482
6427026,211,4:35:52,1670,242
6427026,210,4:35:54,1809,171
6427026,211,4:35:55,1819,170
6427026,213,4:35:55,5,s_pictureMomdark_cauc_G9b1P,true
6427026,205,4:35:55,5,s_pictureMomdark_cauc_G9b1P,false,false
6427026,210,4:35:58,1673,248
6427026,207,4:36:2,5,-995,-755
6427026,211,4:36:2,1030,337
6427026,213,4:36:2,5,c_bestFriend_F_a_G9b1P,true
6427026,205,4:36:2,5,c_bestFriend_F_a_G9b1P,false,false
6427026,210,4:36:6,1220,96
6427026,207,4:36:9,5,-755,-545
6427026,207,4:36:10,5,-545,-455
6427026,211,4:36:11,757,309
6427026,213,4:36:11,5,c_friend1_F_a_G9b1P,true
6427026,205,4:36:11,5,c_friend1_F_a_G9b1P,false,false
6427026,210,4:36:15,733,568
6427026,207,4:36:17,5,-455,-125
6427026,211,4:36:19,531,148
6427026,212,4:36:20,2
6427026,210,4:36:20,715,271
6427026,207,4:36:23,5,-125,-35
6427026,207,4:36:24,5,-35,-185
6427026,207,4:36:25,5,-185,-365
6427026,211,4:36:26,1221,124
6427026,212,4:36:27,1
6427026,210,4:36:27,1226,73
6427026,211,4:36:28,1217,107
6427026,212,4:36:28,0
6427026,210,4:36:29,1183,105
6427026,211,4:36:30,1215,116
6427026,210,4:36:40,911,429
6427026,211,4:36:41,1114,444
6427026,210,4:36:43,1267,209
6427026,207,4:36:44,5,-365,-545
6427026,207,4:36:45,5,-545,-830
6427026,207,4:36:48,5,-830,-965
6427026,207,4:36:48,5,-965,-995
6427026,211,4:36:56,1379,602
6427026,213,4:36:56,5,s_ashtray_G9b1P,true
6427026,210,4:37:9,1382,265
6427026,211,4:37:9,1372,259
6427026,213,4:37:9,5,c_cousin_F_a_G9b1P,true
6427026,205,4:37:9,5,c_cousin_F_a_G9b1P,false,false
6427026,212,4:37:13,1
6427026,210,4:37:14,1353,541
6427026,211,4:37:14,1385,590
6427026,212,4:37:16,2
6427026,210,4:37:16,1335,536
6427026,211,4:37:18,1645,472
6427026,212,4:37:18,1
6427026,210,4:37:19,1637,377
6427026,211,4:37:19,1623,436
6427026,213,4:37:19,5,c_crush1_F_a_G9b1P,true
6427026,205,4:37:19,5,c_crush1_F_a_G9b1P,false,false
6427026,221,4:37:37,5
6427026,220,4:37:39,5
6427026,219,4:37:39,5
6427026,216,4:37:41,Stack_G9b2N
6427026,217,4:37:55,Stack_G9b2N,12,0.00
6427026,218,4:37:58,5
6427026,210,4:38:2,797,308
6427026,211,4:38:3,794,294
6427026,213,4:38:3,5,c_mom_cauc_a_G9b2N,true
6427026,205,4:38:3,5,c_mom_cauc_a_G9b2N,false,false
6427026,210,4:38:7,644,349
6427026,211,4:38:9,406,225
6427026,213,4:38:9,5,c_kidSister_cauc_a_G9b2N,true
6427026,210,4:38:12,441,527
6427026,207,4:38:13,5,-200,0
6427026,207,4:38:16,5,0,-150
6427026,207,4:38:18,5,-150,-345
6427026,207,4:38:19,5,-345,-630
6427026,211,4:38:21,1450,323
6427026,213,4:38:21,5,c_crush1_F_a_G9b2N,true
6427026,205,4:38:21,5,c_crush1_F_a_G9b2N,false,false
6427026,210,4:38:25,1712,398
6427026,207,4:38:26,5,-630,-995
6427026,211,4:38:27,1976,443
6427026,212,4:38:28,0
6427026,210,4:38:29,1901,468
6427026,207,4:38:33,5,-995,-710
6427026,211,4:38:34,655,372
6427026,207,4:38:34,5,-710,-635
6427026,207,4:38:34,5,-635,-575
6427026,210,4:38:34,650,276
6427026,207,4:38:34,5,-575,-410
6427026,211,4:38:35,591,247
6427026,212,4:38:36,2
6427026,210,4:38:36,668,345
6427026,211,4:38:37,605,263
6427026,213,4:38:37,5,c_grandma_cauc_a_G9b2N,true
6427026,210,4:38:41,978,532
6427026,211,4:38:42,1003,530
6427026,210,4:38:43,915,571
6427026,211,4:38:43,915,571
6427026,213,4:38:43,5,c_bestFriend_F_a_G9b2N,true
6427026,210,4:38:49,509,581
6427026,207,4:38:50,5,-410,-305
6427026,207,4:38:51,5,-305,-365
6427026,207,4:38:53,5,-365,-560
6427026,207,4:38:54,5,-560,-995
6427026,211,4:38:55,2009,507
6427026,212,4:38:55,1
6427026,210,4:38:56,1910,497
6427026,211,4:38:56,1912,503
6427026,212,4:38:56,0
6427026,210,4:38:57,1928,452
6427026,211,4:38:57,1890,468
6427026,212,4:38:58,2
6427026,210,4:38:58,1768,177
6427026,211,4:38:59,1978,150
6427026,213,4:38:59,5,s_pictureDaddark_cauc_gen,true
6427026,210,4:39:3,1577,269
6427026,207,4:39:6,5,-995,-620
6427026,211,4:39:7,1198,94
6427026,213,4:39:7,5,s_clock_G9b2N,true
6427026,210,4:39:8,923,204
6427026,207,4:39:11,5,-620,0
6427026,211,4:39:14,377,618
6427026,210,4:39:15,413,559
6427026,211,4:39:19,646,592
6427026,212,4:39:20,1
6427026,210,4:39:21,662,416
6427026,211,4:39:21,748,417
6427026,210,4:39:22,604,212
6427026,211,4:39:27,800,398
6427026,213,4:39:27,5,c_mom_cauc_a_G9b2N,true
6427026,205,4:39:27,5,c_mom_cauc_a_G9b2N,false,true
6427026,212,4:39:34,0
6427026,210,4:39:34,834,377
6427026,207,4:39:38,5,0,-435
6427026,207,4:39:40,5,-435,-990
6427026,207,4:39:41,5,-990,-995
6427026,207,4:39:48,5,-995,-875
6427026,207,4:39:50,5,-875,-680
6427026,207,4:39:52,5,-680,-170
6427026,207,4:39:53,5,-170,0
6427026,211,4:40:3,92,646
6427026,210,4:40:4,926,564
6427026,207,4:40:4,5,0,-165
6427026,207,4:40:6,5,-165,0
6427026,207,4:40:8,5,0,-60
6427026,211,4:40:8,898,358
6427026,212,4:40:9,1
6427026,210,4:40:9,984,514
6427026,207,4:40:14,5,-60,0
6427026,211,4:40:16,356,606
6427026,212,4:40:17,2
6427026,210,4:40:18,788,311
6427026,207,4:40:23,5,0,-210
6427026,207,4:40:24,5,-210,-315
6427026,211,4:40:24,1157,326
6427026,213,4:40:24,5,c_cousin_F_a_G9b2N,true
6427026,205,4:40:24,5,c_cousin_F_a_G9b2N,false,false
6427026,221,4:40:34,5
6427026,220,4:40:37,5
6427026,1003,4:40:37,3
6427026,221,4:40:44,5
6427026,300,4:40:45
6427026,220,4:40:45,5
6427026,221,4:40:50,5
6427026,220,4:40:52,5
6427026,219,4:40:52,5
6427026,216,4:40:54,Stack_G9b2P
6427026,217,4:41:10,Stack_G9b2P,14,0.50
6427026,218,4:41:11,5
6427026,210,4:41:12,337,590
6427026,211,4:41:13,658,617
6427026,213,4:41:13,5,c_grandma_cauc_a_G9b2P,true
6427026,213,4:41:15,5,c_grandma_cauc_a_G9b2P,true
6427026,210,4:41:17,203,560
6427026,207,4:41:17,5,-200,0
6427026,211,4:41:20,1413,454
6427026,207,4:41:20,5,0,-405
6427026,210,4:41:21,1457,452
6427026,207,4:41:21,5,-405,-510
6427026,211,4:41:22,1893,554
6427026,207,4:41:22,5,-510,-885
6427026,207,4:41:23,5,-885,-930
6427026,210,4:41:23,1870,505
6427026,207,4:41:24,5,-930,-995
6427026,211,4:41:25,1704,432
6427026,213,4:41:25,5,c_bestFriend_F_a_G9b2P,true
6427026,205,4:41:25,5,c_bestFriend_F_a_G9b2P,false,false
6427026,213,4:41:29,5,c_cousin_F_a_G9b2P,true
6427026,210,4:41:32,2002,423
6427026,211,4:41:35,2018,334
6427026,212,4:41:36,1
6427026,210,4:41:36,1885,461
6427026,211,4:41:40,1467,627
6427026,213,4:41:40,5,s_boardGame_G9b2P,true
6427026,210,4:41:42,1359,592
6427026,211,4:41:43,1180,470
6427026,213,4:41:43,5,c_crush1_F_a_G9b2P,true
6427026,205,4:41:43,5,c_crush1_F_a_G9b2P,false,false
6427026,210,4:41:50,1163,415
6427026,207,4:41:51,5,-995,-905
6427026,207,4:41:52,5,-905,-740
6427026,211,4:41:52,940,367
6427026,213,4:41:52,5,c_mom_cauc_a_G9b2P,true
6427026,205,4:41:52,5,c_mom_cauc_a_G9b2P,false,false
6427026,210,4:41:56,899,504
6427026,207,4:41:58,5,-740,-80
6427026,207,4:41:59,5,-80,0
6427026,211,4:42:0,338,605
6427026,213,4:42:0,5,c_kidSister_cauc_a_G9b2P,true
6427026,210,4:42:4,195,559
6427026,211,4:42:5,696,98
6427026,212,4:42:6,2
6427026,210,4:42:6,402,683
6427026,207,4:42:9,5,0,-345
6427026,207,4:42:11,5,-345,-855
6427026,211,4:42:12,1715,436
6427026,213,4:42:12,5,c_bestFriend_F_a_G9b2P,true
6427026,205,4:42:12,5,c_bestFriend_F_a_G9b2P,false,true
6427026,212,4:42:17,0
6427026,210,4:42:17,1715,528
6427026,207,4:42:18,5,-855,-995
6427026,211,4:42:25,1205,93
6427026,213,4:42:25,5,s_clock_G9b2P,true
6427026,205,4:42:25,5,s_clock_G9b2P,false,false
6427026,221,4:42:31,5
6427026,220,4:42:34,5
6427026,203,4:42:34,5
6427026,100,4:42:43,6
6427026,102,4:42:44,6
6427026,200,4:42:44,6,15,18,15,18,27
6427026,221,4:42:53,6
6427026,220,4:42:54,6
6427026,221,4:43:5,6
6427026,220,4:43:7,6
6427026,221,4:43:16,6
6427026,220,4:43:18,6
6427026,1003,4:43:18,3
6427026,1004,4:43:24,2
6427026,500,4:43:27,2,[]
6427026,501,4:43:29,2,[]
6427026,502,4:43:40,2,[IntentionData_logId:1,false]
6427026,503,4:43:43,2,[]
6427026,504,4:43:47,2,[InfluenceData_logId:0]
6427026,504,4:43:49,2,[InfluenceData_logId:5]
6427026,504,4:43:55,2,[InfluenceData_logId:6]
6427026,505,4:43:57,2,[InfluenceData_logId:0,true,InfluenceData_logId:5,true,InfluenceData_logId:6,true]
6427026,506,4:43:59,2,[]
6427026,507,4:44:9,2,[OpponentAttackData_logId:3,OpponentAttackTypeData_logId:1,false,30]
6427026,508,4:44:11,2,[]
6427026,509,4:44:14,2,[RefusalData_logId:2,2]
6427026,510,4:44:18,2,[AvailableRefusalData_logId:2,0A]
6427026,510,4:44:19,2,[AvailableRefusalData_logId:2,1A]
6427026,510,4:44:19,2,[AvailableRefusalData_logId:2,2A]
6427026,511,4:44:21,2,[AvailableRefusalData_logId:2,0A,1A,2A,true,50]
6427026,512,4:44:25,2,[]
6427026,513,4:44:25,2,[0]
6427026,514,4:44:25,2,[]
6427026,507,4:44:31,2,[OpponentAttackData_logId:1,OpponentAttackTypeData_logId:1,true,0]
6427026,508,4:44:33,2,[]
6427026,509,4:44:40,2,[RefusalData_logId:8,2]
6427026,510,4:44:41,2,[AvailableRefusalData_logId:8,0A]
6427026,510,4:44:42,2,[AvailableRefusalData_logId:8,1A]
6427026,510,4:44:43,2,[AvailableRefusalData_logId:8,2A]
6427026,511,4:44:44,2,[AvailableRefusalData_logId:8,0A,1A,2A,true,50]
6427026,512,4:44:46,2,[]
6427026,515,4:44:46,2,[100,0]
6427026,516,4:44:46,2,[]
6427026,517,4:44:48,2,[]
6427026,1001,4:44:51,2,[]
6427026,1003,4:44:51,3
6427026,1004,4:44:53,3
6427026,500,4:44:58,3,[]
6427026,501,4:45:0,3,[]
6427026,502,4:45:5,3,[IntentionData_logId:2,true]
6427026,503,4:45:6,3,[]
6427026,504,4:45:8,3,[InfluenceData_logId:2]
6427026,504,4:45:10,3,[InfluenceData_logId:1]
6427026,504,4:45:14,3,[InfluenceData_logId:0]
6427026,504,4:45:18,3,[InfluenceData_logId:1]
6427026,504,4:45:19,3,[InfluenceData_logId:4]
6427026,504,4:45:22,3,[InfluenceData_logId:5]
6427026,504,4:45:24,3,[InfluenceData_logId:3]
6427026,504,4:45:27,3,[InfluenceData_logId:6]
6427026,505,4:45:30,3,[InfluenceData_logId:1,true,InfluenceData_logId:3,true,InfluenceData_logId:6,true]
6427026,506,4:45:32,3,[]
6427026,507,4:45:39,3,[OpponentAttackData_logId:0,OpponentAttackTypeData_logId:2,false,30]
6427026,508,4:45:41,3,[]
6427026,509,4:45:44,3,[RefusalData_logId:4,2]
6427026,510,4:45:52,3,[AvailableRefusalData_logId:4,0B]
6427026,510,4:45:53,3,[AvailableRefusalData_logId:4,1B]
6427026,510,4:45:53,3,[AvailableRefusalData_logId:4,2B]
6427026,511,4:45:54,3,[AvailableRefusalData_logId:4,0B,1B,2B,false,0]
6427026,512,4:45:56,3,[]
6427026,513,4:45:56,3,[30]
6427026,514,4:45:59,3,[]
6427026,1002,4:46:3,3
6427026,1003,4:46:3,3
6427026,1004,4:46:6,6
6427026,500,4:46:10,6,[]
6427026,501,4:46:12,6,[]
6427026,502,4:46:16,6,[IntentionData_logId:4,true]
6427026,503,4:46:17,6,[]
6427026,504,4:46:21,6,[InfluenceData_logId:0]
6427026,504,4:46:22,6,[InfluenceData_logId:2]
6427026,504,4:46:26,6,[InfluenceData_logId:3]
6427026,504,4:46:32,6,[InfluenceData_logId:6]
6427026,505,4:46:32,6,[InfluenceData_logId:2,false,InfluenceData_logId:3,true,InfluenceData_logId:6,true]
6427026,506,4:46:37,6,[]
6427026,507,4:46:50,6,[OpponentAttackData_logId:0,OpponentAttackTypeData_logId:1,true,0]
6427026,508,4:46:54,6,[]
6427026,509,4:46:56,6,[RefusalData_logId:2,1]
6427026,510,4:47:0,6,[AvailableRefusalData_logId:2,0A]
6427026,510,4:47:1,6,[AvailableRefusalData_logId:2,1A]
6427026,510,4:47:2,6,[AvailableRefusalData_logId:2,2A]
6427026,511,4:47:17,6,[AvailableRefusalData_logId:2,0A,1A,2A,true,30]
6427026,512,4:47:20,6,[]
6427026,513,4:47:20,6,[0]
6427026,514,4:47:21,6,[]
6427026,507,4:47:27,6,[OpponentAttackData_logId:1,OpponentAttackTypeData_logId:3,false,30]
6427026,508,4:47:28,6,[]
6427026,509,4:47:31,6,[RefusalData_logId:9,2]
6427026,510,4:47:35,6,[AvailableRefusalData_logId:9,0A]
6427026,510,4:47:36,6,[AvailableRefusalData_logId:9,1A]
6427026,510,4:47:36,6,[AvailableRefusalData_logId:9,2A]
6427026,511,4:47:44,6,[AvailableRefusalData_logId:9,0A,1A,2A,true,50]
6427026,512,4:47:47,6,[]
6427026,513,4:47:47,6,[0]
6427026,514,4:47:48,6,[]
6427026,507,4:47:55,6,[OpponentAttackData_logId:2,OpponentAttackTypeData_logId:4,true,0]
6427026,508,4:47:58,6,[]
6427026,509,4:48:4,6,[RefusalData_logId:0,2]
6427026,510,4:48:9,6,[AvailableRefusalData_logId:0,0C]
6427026,510,4:48:12,6,[AvailableRefusalData_logId:0,0A]
6427026,510,4:48:16,6,[AvailableRefusalData_logId:0,1A]
6427026,510,4:48:18,6,[AvailableRefusalData_logId:0,2A]
6427026,511,4:48:23,6,[AvailableRefusalData_logId:0,0A,1A,2A,true,50]
6427026,512,4:48:27,6,[]
6427026,515,4:48:27,6,[110,0]
6427026,516,4:48:31,6,[]
6427026,517,4:48:35,6,[]
6427026,1005,4:48:35,6,[3,2,3]
6427026,1001,4:48:37,6,[]
6427026,1003,4:48:37,3
6427026,221,4:48:42,6
6427026,220,4:48:44,6
6427026,219,4:48:44,6
6427026,216,4:48:46,Stack_G10a2P
6427026,217,4:48:47,Stack_G10a2P,0.90,15
6427026,218,4:48:48,6
6427026,210,4:48:49,790,470
6427026,207,4:48:51,6,-200,-20
6427026,211,4:48:52,1008,494
6427026,207,4:48:52,6,-20,-35
6427026,212,4:48:53,1
6427026,210,4:48:54,1117,316
6427026,207,4:48:54,6,-35,-200
6427026,211,4:48:54,1061,400
6427026,212,4:48:55,2
6427026,210,4:48:55,1059,441
6427026,211,4:48:56,1067,596
6427026,212,4:48:57,1
6427026,210,4:48:57,1066,413
6427026,211,4:48:57,1062,452
6427026,212,4:48:58,0
6427026,210,4:48:58,1072,349
6427026,211,4:48:59,1051,369
6427026,213,4:48:59,6,c_crush1_F_b_G10a2P,true
6427026,205,4:48:59,6,c_crush1_F_b_G10a2P,false,false
6427026,210,4:49:3,808,403
6427026,207,4:49:5,6,-200,0
6427026,211,4:49:6,195,319
6427026,213,4:49:6,6,c_bestFriend_F_b_G10a2P,true
6427026,210,4:49:15,828,185
6427026,207,4:49:16,6,0,-90
6427026,207,4:49:18,6,-90,-330
6427026,207,4:49:20,6,-330,-516
6427026,211,4:49:22,1303,532
6427026,212,4:49:22,1
6427026,210,4:49:23,1526,433
6427026,211,4:49:26,1003,386
6427026,213,4:49:26,6,s_dancePoster_G10a2P,true
6427026,205,4:49:26,6,s_dancePoster_G10a2P,false,false
6427026,210,4:49:30,864,496
6427026,211,4:49:32,863,228
6427026,213,4:49:32,6,s_clock_G10a2P,true
6427026,210,4:49:36,798,537
6427026,207,4:49:38,6,-516,0
6427026,211,4:49:43,557,341
6427026,212,4:49:44,2
6427026,210,4:49:45,77,277
6427026,211,4:49:46,9,439
6427026,212,4:49:47,0
6427026,210,4:49:47,98,325
6427026,211,4:49:48,88,302
6427026,212,4:49:49,2
6427026,210,4:49:49,176,481
6427026,211,4:49:51,478,433
6427026,213,4:49:51,6,c_friend_F_b_G10a2P,true
6427026,205,4:49:51,6,c_friend_F_b_G10a2P,false,false
6427026,210,4:49:55,773,429
6427026,211,4:49:55,798,364
6427026,213,4:49:55,6,c_cousin_F_b_G10a2P,true
6427026,205,4:49:56,6,c_cousin_F_b_G10a2P,false,false
6427026,210,4:50:1,844,355
6427026,207,4:50:3,6,0,-225
6427026,207,4:50:4,6,-225,-480
6427026,211,4:50:5,1390,417
6427026,213,4:50:5,6,c_nurse_G10a2P,true
6427026,205,4:50:5,6,c_nurse_G10a2P,false,false
6427026,221,4:50:16,6
6427026,220,4:50:18,6
6427026,1003,4:50:18,3
6427026,1004,4:50:23,3
6427026,500,4:50:29,3,[]
6427026,501,4:50:31,3,[]
6427026,502,4:50:33,3,[IntentionData_logId:2,true]
6427026,503,4:50:34,3,[]
6427026,504,4:50:39,3,[InfluenceData_logId:0]
6427026,504,4:50:41,3,[InfluenceData_logId:2]
6427026,504,4:50:44,3,[InfluenceData_logId:4]
6427026,504,4:50:49,3,[InfluenceData_logId:7]
6427026,505,4:50:52,3,[InfluenceData_logId:2,false,InfluenceData_logId:4,true,InfluenceData_logId:7,true]
6427026,506,4:50:54,3,[]
6427026,507,4:51:4,3,[OpponentAttackData_logId:1,OpponentAttackTypeData_logId:0,false,30]
6427026,508,4:51:6,3,[]
6427026,509,4:51:8,3,[RefusalData_logId:7,0]
6427026,510,4:51:10,3,[AvailableRefusalData_logId:7,0B]
6427026,510,4:51:11,3,[AvailableRefusalData_logId:7,0C]
6427026,510,4:51:13,3,[AvailableRefusalData_logId:7,0A]
6427026,510,4:51:13,3,[AvailableRefusalData_logId:7,1A]
6427026,510,4:51:14,3,[AvailableRefusalData_logId:7,2A]
6427026,511,4:51:14,3,[AvailableRefusalData_logId:7,0A,1A,2A,true,20]
6427026,512,4:51:17,3,[]
6427026,513,4:51:17,3,[30]
6427026,514,4:51:20,3,[]
6427026,507,4:51:26,3,[OpponentAttackData_logId:3,OpponentAttackTypeData_logId:2,true,0]
6427026,508,4:51:28,3,[]
6427026,509,4:51:37,3,[RefusalData_logId:8,0]
6427026,510,4:51:39,3,[AvailableRefusalData_logId:8,0B]
6427026,510,4:51:40,3,[AvailableRefusalData_logId:8,1B]
6427026,510,4:51:41,3,[AvailableRefusalData_logId:8,2C]
6427026,510,4:51:45,3,[AvailableRefusalData_logId:8,2B]
6427026,511,4:51:46,3,[AvailableRefusalData_logId:8,0B,1B,2B,false,0]
6427026,512,4:51:48,3,[]
6427026,513,4:51:48,3,[30]
6427026,514,4:51:50,3,[]
6427026,507,4:51:58,3,[OpponentAttackData_logId:0,OpponentAttackTypeData_logId:0,true,0]
6427026,508,4:52:0,3,[]
6427026,509,4:52:2,3,[RefusalData_logId:4,2]
6427026,510,4:52:5,3,[AvailableRefusalData_logId:4,0A]
6427026,510,4:52:6,3,[AvailableRefusalData_logId:4,1A]
6427026,510,4:52:7,3,[AvailableRefusalData_logId:4,2A]
6427026,511,4:52:7,3,[AvailableRefusalData_logId:4,0A,1A,2A,true,50]
6427026,512,4:52:10,3,[]
6427026,513,4:52:10,3,[0]
6427026,514,4:52:11,3,[]
6427026,507,4:52:21,3,[OpponentAttackData_logId:2,OpponentAttackTypeData_logId:4,false,30]
6427026,508,4:52:23,3,[]
6427026,509,4:52:25,3,[RefusalData_logId:6,1]
6427026,510,4:52:27,3,[AvailableRefusalData_logId:6,0C]
6427026,510,4:52:29,3,[AvailableRefusalData_logId:6,1B]
6427026,510,4:52:32,3,[AvailableRefusalData_logId:6,0B]
6427026,510,4:52:34,3,[AvailableRefusalData_logId:6,0A]
6427026,510,4:52:35,3,[AvailableRefusalData_logId:6,1A]
6427026,510,4:52:36,3,[AvailableRefusalData_logId:6,2A]
6427026,511,4:52:37,3,[AvailableRefusalData_logId:6,0A,1A,2A,true,30]
6427026,512,4:52:40,3,[]
6427026,515,4:52:40,3,[20,0]
6427026,516,4:52:41,3,[]
6427026,517,4:52:42,3,[]
6427026,1001,4:52:44,3,[]
6427026,1003,4:52:44,3
6427026,1004,4:52:46,2
6427026,500,4:52:49,2,[]
6427026,501,4:52:50,2,[]
6427026,502,4:52:57,2,[IntentionData_logId:0,false]
6427026,503,4:52:58,2,[]
6427026,504,4:53:1,2,[InfluenceData_logId:2]
6427026,504,4:53:3,2,[InfluenceData_logId:3]
6427026,504,4:53:5,2,[InfluenceData_logId:8]
6427026,505,4:53:6,2,[InfluenceData_logId:2,true,InfluenceData_logId:3,true,InfluenceData_logId:8,true]
6427026,506,4:53:7,2,[]
6427026,507,4:53:18,2,[OpponentAttackData_logId:3,OpponentAttackTypeData_logId:1,false,30]
6427026,508,4:53:20,2,[]
6427026,509,4:53:22,2,[RefusalData_logId:8,2]
6427026,510,4:53:25,2,[AvailableRefusalData_logId:8,0A]
6427026,510,4:53:26,2,[AvailableRefusalData_logId:8,1A]
6427026,510,4:53:26,2,[AvailableRefusalData_logId:8,2A]
6427026,511,4:53:27,2,[AvailableRefusalData_logId:8,0A,1A,2A,true,50]
6427026,512,4:53:30,2,[]
6427026,513,4:53:30,2,[0]
6427026,514,4:53:30,2,[]
6427026,507,4:53:38,2,[OpponentAttackData_logId:0,OpponentAttackTypeData_logId:2,false,30]
6427026,508,4:53:40,2,[]
6427026,509,4:53:42,2,[RefusalData_logId:4,2]
6427026,510,4:53:44,2,[AvailableRefusalData_logId:4,0A]
6427026,510,4:53:52,2,[AvailableRefusalData_logId:4,1A]
6427026,510,4:53:52,2,[AvailableRefusalData_logId:4,2A]
6427026,511,4:53:53,2,[AvailableRefusalData_logId:4,0A,1A,2A,true,50]
6427026,512,4:53:56,2,[]
6427026,515,4:53:56,2,[70,0]
6427026,516,4:53:58,2,[]
6427026,517,4:54:0,2,[]
6427026,1000,4:54:1,2,[]
6427026,500,4:54:2,2,[]
6427026,501,4:54:4,2,[]
6427026,502,4:54:9,2,[IntentionData_logId:1,false]
6427026,503,4:54:11,2,[]
6427026,504,4:54:14,2,[InfluenceData_logId:2]
6427026,504,4:54:14,2,[InfluenceData_logId:4]
6427026,504,4:54:17,2,[InfluenceData_logId:3]
6427026,504,4:54:18,2,[InfluenceData_logId:5]
6427026,504,4:54:19,2,[InfluenceData_logId:3]
6427026,504,4:54:22,2,[InfluenceData_logId:8]
6427026,505,4:54:23,2,[InfluenceData_logId:2,true,InfluenceData_logId:3,true,InfluenceData_logId:8,true]
6427026,506,4:54:24,2,[]
6427026,507,4:54:33,2,[OpponentAttackData_logId:0,OpponentAttackTypeData_logId:2,false,30]
6427026,508,4:54:35,2,[]
6427026,509,4:54:42,2,[RefusalData_logId:7,0]
6427026,510,4:54:43,2,[AvailableRefusalData_logId:7,0C]
6427026,510,4:54:45,2,[AvailableRefusalData_logId:7,0A]
6427026,510,4:54:49,2,[AvailableRefusalData_logId:7,1A]
6427026,510,4:54:49,2,[AvailableRefusalData_logId:7,2A]
6427026,511,4:54:50,2,[AvailableRefusalData_logId:7,0A,1A,2A,true,20]
6427026,512,4:54:53,2,[]
6427026,513,4:54:53,2,[30]
6427026,514,4:54:55,2,[]
6427026,507,4:55:2,2,[OpponentAttackData_logId:1,OpponentAttackTypeData_logId:2,false,30]
6427026,508,4:55:6,2,[]
6427026,509,4:55:8,2,[RefusalData_logId:8,2]
6427026,510,4:55:9,2,[AvailableRefusalData_logId:8,0A]
6427026,510,4:55:9,2,[AvailableRefusalData_logId:8,1A]
6427026,510,4:55:10,2,[AvailableRefusalData_logId:8,2A]
6427026,511,4:55:11,2,[AvailableRefusalData_logId:8,0A,1A,2A,true,50]
6427026,512,4:55:14,2,[]
6427026,513,4:55:14,2,[0]
6427026,514,4:55:15,2,[]
6427026,507,4:55:18,2,[OpponentAttackData_logId:3,OpponentAttackTypeData_logId:4,true,0]
6427026,508,4:55:20,2,[]
6427026,509,4:55:22,2,[RefusalData_logId:6,1]
6427026,510,4:55:24,2,[AvailableRefusalData_logId:6,0B]
6427026,510,4:55:26,2,[AvailableRefusalData_logId:6,1B]
6427026,510,4:55:28,2,[AvailableRefusalData_logId:6,0A]
6427026,510,4:55:30,2,[AvailableRefusalData_logId:6,1A]
6427026,510,4:55:33,2,[AvailableRefusalData_logId:6,2A]
6427026,511,4:55:36,2,[AvailableRefusalData_logId:6,0A,1A,2A,true,30]
6427026,512,4:55:40,2,[]
6427026,515,4:55:40,2,[40,0]
6427026,516,4:55:43,2,[]
6427026,517,4:55:45,2,[]
6427026,1000,4:55:47,2,[]
6427026,500,4:55:48,2,[]
6427026,501,4:55:50,2,[]
6427026,502,4:55:53,2,[IntentionData_logId:4,true]
6427026,503,4:55:54,2,[]
6427026,504,4:55:57,2,[InfluenceData_logId:1]
6427026,504,4:55:59,2,[InfluenceData_logId:2]
6427026,504,4:56:1,2,[InfluenceData_logId:3]
6427026,504,4:56:2,2,[InfluenceData_logId:8]
6427026,505,4:56:2,2,[InfluenceData_logId:2,true,InfluenceData_logId:3,true,InfluenceData_logId:8,true]
6427026,506,4:56:3,2,[]
6427026,507,4:56:15,2,[OpponentAttackData_logId:1,OpponentAttackTypeData_logId:0,false,30]
6427026,508,4:56:17,2,[]
6427026,509,4:56:19,2,[RefusalData_logId:6,1]
6427026,510,4:56:21,2,[AvailableRefusalData_logId:6,0A]
6427026,510,4:56:22,2,[AvailableRefusalData_logId:6,1A]
6427026,510,4:56:22,2,[AvailableRefusalData_logId:6,2A]
6427026,511,4:56:23,2,[AvailableRefusalData_logId:6,0A,1A,2A,true,30]
6427026,512,4:56:26,2,[]
6427026,513,4:56:26,2,[0]
6427026,514,4:56:28,2,[]
6427026,507,4:56:39,2,[OpponentAttackData_logId:0,OpponentAttackTypeData_logId:0,true,0]
6427026,508,4:56:41,2,[]
6427026,509,4:56:45,2,[RefusalData_logId:2,2]
6427026,510,4:56:48,2,[AvailableRefusalData_logId:2,0A]
6427026,510,4:56:49,2,[AvailableRefusalData_logId:2,1A]
6427026,510,4:56:49,2,[AvailableRefusalData_logId:2,2A]
6427026,511,4:56:50,2,[AvailableRefusalData_logId:2,0A,1A,2A,true,50]
6427026,512,4:56:54,2,[]
6427026,513,4:56:54,2,[0]
6427026,514,4:56:54,2,[]
6427026,507,4:57:5,2,[OpponentAttackData_logId:2,OpponentAttackTypeData_logId:1,false,30]
6427026,508,4:57:7,2,[]
6427026,509,4:57:9,2,[RefusalData_logId:7,0]
6427026,510,4:57:12,2,[AvailableRefusalData_logId:7,0A]
6427026,510,4:57:13,2,[AvailableRefusalData_logId:7,1A]
6427026,510,4:57:14,2,[AvailableRefusalData_logId:7,2A]
6427026,511,4:57:14,2,[AvailableRefusalData_logId:7,0A,1A,2A,true,20]
6427026,512,4:57:17,2,[]
6427026,515,4:57:17,2,[90,0]
6427026,516,4:57:19,2,[]
6427026,517,4:57:20,2,[]
6427026,1001,4:57:23,2,[]
6427026,1003,4:57:23,3
6427026,221,4:57:28,6
6427026,220,4:57:29,6
6427026,1003,4:57:29,3
6427026,1004,4:57:31,2
6427026,500,4:57:34,2,[]
6427026,501,4:57:35,2,[]
6427026,502,4:57:40,2,[IntentionData_logId:4,true]
6427026,503,4:57:41,2,[]
6427026,504,4:57:45,2,[InfluenceData_logId:0]
6427026,504,4:57:46,2,[InfluenceData_logId:4]
6427026,504,4:57:48,2,[InfluenceData_logId:3]
6427026,504,4:57:49,2,[InfluenceData_logId:8]
6427026,505,4:57:50,2,[InfluenceData_logId:0,true,InfluenceData_logId:3,true,InfluenceData_logId:8,true]
6427026,506,4:57:54,2,[]
6427026,507,4:58:2,2,[OpponentAttackData_logId:3,OpponentAttackTypeData_logId:4,true,0]
6427026,508,4:58:4,2,[]
6427026,509,4:58:9,2,[RefusalData_logId:7,0]
6427026,510,4:58:18,2,[AvailableRefusalData_logId:7,0B]
6427026,510,4:58:20,2,[AvailableRefusalData_logId:7,1B]
6427026,510,4:58:20,2,[AvailableRefusalData_logId:7,2B]
6427026,511,4:58:21,2,[AvailableRefusalData_logId:7,0B,1B,2B,false,0]
6427026,512,4:58:23,2,[]
6427026,513,4:58:23,2,[30]
6427026,514,4:58:27,2,[]
6427026,507,4:58:31,2,[OpponentAttackData_logId:0,OpponentAttackTypeData_logId:0,true,0]
6427026,508,4:58:33,2,[]
6427026,509,4:58:36,2,[RefusalData_logId:8,2]
6427026,510,4:58:37,2,[AvailableRefusalData_logId:8,0A]
6427026,510,4:58:38,2,[AvailableRefusalData_logId:8,1A]
6427026,510,4:58:38,2,[AvailableRefusalData_logId:8,2A]
6427026,511,4:58:39,2,[AvailableRefusalData_logId:8,0A,1A,2A,true,50]
6427026,512,4:58:43,2,[]
6427026,513,4:58:43,2,[0]
6427026,514,4:58:43,2,[]
6427026,507,4:58:49,2,[OpponentAttackData_logId:1,OpponentAttackTypeData_logId:1,true,0]
6427026,508,4:58:51,2,[]
6427026,509,4:58:55,2,[RefusalData_logId:6,1]
6427026,510,4:58:56,2,[AvailableRefusalData_logId:6,0A]
6427026,510,4:58:58,2,[AvailableRefusalData_logId:6,1A]
6427026,510,4:58:59,2,[AvailableRefusalData_logId:6,2A]
6427026,511,4:58:59,2,[AvailableRefusalData_logId:6,0A,1A,2A,true,30]
6427026,512,4:59:2,2,[]
6427026,513,4:59:2,2,[0]
6427026,514,4:59:2,2,[]
6427026,507,4:59:7,2,[OpponentAttackData_logId:2,OpponentAttackTypeData_logId:3,true,0]
6427026,508,4:59:9,2,[]
6427026,509,4:59:11,2,[RefusalData_logId:2,2]
6427026,510,4:59:16,2,[AvailableRefusalData_logId:2,0A]
6427026,510,4:59:17,2,[AvailableRefusalData_logId:2,1A]
6427026,510,4:59:18,2,[AvailableRefusalData_logId:2,2A]
6427026,511,4:59:19,2,[AvailableRefusalData_logId:2,0A,1A,2A,true,50]
6427026,512,4:59:24,2,[]
6427026,515,4:59:24,2,[120,0]
6427026,516,4:59:24,2,[]
6427026,517,4:59:26,2,[]
6427026,1005,4:59:26,2,[3,2,3]
6427026,1001,4:59:27,2,[]
6427026,1003,4:59:27,3
6427026,221,4:59:32,6
6427026,220,4:59:33,6
6427026,219,4:59:33,6
6427026,216,4:59:35,Stack_G10a1P
6427026,217,4:59:51,Stack_G10a1P,15,0.00
6427026,218,4:59:52,6
6427026,210,4:59:53,1197,403
6427026,211,4:59:53,1217,483
6427026,213,4:59:53,6,c_crush1_F_b_G10a1P,true
6427026,205,4:59:53,6,c_crush1_F_b_G10a1P,false,false
6427026,210,4:59:57,877,462
6427026,211,4:59:59,654,367
6427026,213,4:59:59,6,c_friend_F_b_G10a1P,true
6427026,205,4:59:59,6,c_friend_F_b_G10a1P,false,false
6427026,210,5:0:2,598,441
6427026,207,5:0:3,6,-400,-190
6427026,211,5:0:4,332,437
6427026,213,5:0:4,6,c_bestFriend_F_b_G10a1P,true
6427026,210,5:0:8,136,512
6427026,207,5:0:8,6,-190,0
6427026,207,5:0:11,6,0,-225
6427026,211,5:0:12,1408,386
6427026,207,5:0:12,6,-225,-405
6427026,221,5:0:12,6
6427026,220,5:0:13,6
6427026,212,5:0:14,1
6427026,210,5:0:15,988,328
6427026,211,5:0:16,1026,382
6427026,213,5:0:16,6,s_dancePoster_G10a1P,true
6427026,210,5:0:17,824,407
6427026,207,5:0:18,6,-405,-135
6427026,207,5:0:19,6,-135,0
6427026,211,5:0:20,87,291
6427026,213,5:0:20,6,s_lockerPoster_G10a1P,true
6427026,205,5:0:20,6,s_lockerPoster_G10a1P,false,false
6427026,221,5:0:24,6
6427026,220,5:0:27,6
6427026,1003,5:0:27,3
6427026,1004,5:0:29,3
6427026,500,5:0:34,3,[]
6427026,501,5:0:39,3,[]
6427026,502,5:0:42,3,[IntentionData_logId:2,true]
6427026,503,5:0:43,3,[]
6427026,504,5:0:48,3,[InfluenceData_logId:1]
6427026,504,5:0:53,3,[InfluenceData_logId:3]
6427026,504,5:0:53,3,[InfluenceData_logId:3]
6427026,504,5:0:56,3,[InfluenceData_logId:6]
6427026,505,5:0:58,3,[InfluenceData_logId:1,true,InfluenceData_logId:3,true,InfluenceData_logId:6,true]
6427026,506,5:0:59,3,[]
6427026,507,5:1:6,3,[OpponentAttackData_logId:2,OpponentAttackTypeData_logId:2,false,30]
6427026,508,5:1:7,3,[]
6427026,509,5:1:12,3,[RefusalData_logId:7,0]
6427026,510,5:1:14,3,[AvailableRefusalData_logId:7,0A]
6427026,510,5:1:19,3,[AvailableRefusalData_logId:7,0B]
6427026,510,5:1:21,3,[AvailableRefusalData_logId:7,0A]
6427026,510,5:1:22,3,[AvailableRefusalData_logId:7,1A]
6427026,510,5:1:22,3,[AvailableRefusalData_logId:7,2A]
6427026,511,5:1:23,3,[AvailableRefusalData_logId:7,0A,1A,2A,true,20]
6427026,512,5:1:31,3,[]
6427026,513,5:1:31,3,[30]
6427026,514,5:1:34,3,[]
6427026,507,5:1:39,3,[OpponentAttackData_logId:3,OpponentAttackTypeData_logId:2,true,0]
6427026,508,5:2:7,3,[]
6427026,509,5:2:9,3,[RefusalData_logId:2,2]
6427026,510,5:2:12,3,[AvailableRefusalData_logId:2,0A]
6427026,510,5:2:12,3,[AvailableRefusalData_logId:2,1A]
6427026,510,5:2:13,3,[AvailableRefusalData_logId:2,2A]
6427026,511,5:2:14,3,[AvailableRefusalData_logId:2,0A,1A,2A,true,50]
6427026,512,5:2:18,3,[]
6427026,513,5:2:18,3,[0]
6427026,514,5:2:18,3,[]
6427026,507,5:2:22,3,[OpponentAttackData_logId:1,OpponentAttackTypeData_logId:3,true,0]
6427026,508,5:2:24,3,[]
6427026,509,5:2:27,3,[RefusalData_logId:8,0]
6427026,510,5:2:29,3,[AvailableRefusalData_logId:8,0C]
6427026,510,5:2:30,3,[AvailableRefusalData_logId:8,1C]
6427026,510,5:2:32,3,[AvailableRefusalData_logId:8,0A]
6427026,510,5:2:33,3,[AvailableRefusalData_logId:8,1A]
6427026,510,5:2:35,3,[AvailableRefusalData_logId:8,2A]
6427026,511,5:2:35,3,[AvailableRefusalData_logId:8,0A,1A,2A,true,20]
6427026,512,5:2:40,3,[]
6427026,513,5:2:40,3,[30]
6427026,514,5:2:42,3,[]
6427026,507,5:2:47,3,[OpponentAttackData_logId:0,OpponentAttackTypeData_logId:1,false,30]
6427026,508,5:2:49,3,[]
6427026,509,5:2:52,3,[RefusalData_logId:6,1]
6427026,510,5:2:53,3,[AvailableRefusalData_logId:6,0C]
6427026,510,5:2:54,3,[AvailableRefusalData_logId:6,0A]
6427026,510,5:2:56,3,[AvailableRefusalData_logId:6,1A]
6427026,510,5:2:56,3,[AvailableRefusalData_logId:6,2A]
6427026,511,5:2:57,3,[AvailableRefusalData_logId:6,0A,1A,2A,true,30]
6427026,512,5:2:59,3,[]
6427026,515,5:2:59,3,[30,0]
6427026,516,5:2:59,3,[]
6427026,517,5:3:1,3,[]
6427026,1000,5:3:2,3,[]
6427026,500,5:3:4,3,[]
6427026,501,5:3:37,3,[]
6427026,502,5:4:17,3,[IntentionData_logId:2,true]
6427026,503,5:4:19,3,[]
6427026,504,5:4:26,3,[InfluenceData_logId:1]
6427026,504,5:4:29,3,[InfluenceData_logId:3]
6427026,504,5:4:32,3,[InfluenceData_logId:6]
6427026,505,5:4:33,3,[InfluenceData_logId:1,true,InfluenceData_logId:3,true,InfluenceData_logId:6,true]
6427026,506,5:5:26,3,[]
6427026,507,5:5:53,3,[OpponentAttackData_logId:2,OpponentAttackTypeData_logId:2,false,30]
6427026,508,5:5:54,3,[]
6427026,509,5:5:59,3,[RefusalData_logId:8,0]
6427026,510,5:6:1,3,[AvailableRefusalData_logId:8,0A]
6427026,510,5:6:2,3,[AvailableRefusalData_logId:8,1A]
6427026,510,5:6:3,3,[AvailableRefusalData_logId:8,2A]
6427026,511,5:6:4,3,[AvailableRefusalData_logId:8,0A,1A,2A,true,20]
6427026,512,5:6:11,3,[]
6427026,513,5:6:11,3,[30]
6427026,514,5:6:40,3,[]
6427026,507,5:6:59,3,[OpponentAttackData_logId:3,OpponentAttackTypeData_logId:2,true,0]
6427026,508,5:7:2,3,[]
6427026,509,5:7:4,3,[RefusalData_logId:7,0]
6427026,510,5:7:5,3,[AvailableRefusalData_logId:7,0C]
6427026,510,5:7:5,3,[AvailableRefusalData_logId:7,1A]
6427026,510,5:7:6,3,[AvailableRefusalData_logId:7,2C]
6427026,511,5:7:7,3,[AvailableRefusalData_logId:7,0C,1A,2C,false,0]
6427026,512,5:7:9,3,[]
6427026,513,5:7:9,3,[30]
6427026,1002,5:7:14,3
6427026,1003,5:7:14,3
6427026,1004,5:7:16,3
6427026,500,5:7:20,3,[]
6427026,501,5:7:31,3,[]
6427026,502,5:7:41,3,[IntentionData_logId:2,true]
6427026,503,5:7:47,3,[]
6427026,504,5:8:0,3,[InfluenceData_logId:1]
6427026,504,5:8:29,3,[InfluenceData_logId:3]
6427026,504,5:8:36,3,[InfluenceData_logId:8]
6427026,505,5:8:41,3,[InfluenceData_logId:1,true,InfluenceData_logId:3,true,InfluenceData_logId:8,true]
6427026,506,5:8:48,3,[]
6427026,507,5:9:17,3,[OpponentAttackData_logId:1,OpponentAttackTypeData_logId:3,true,0]
6427026,508,5:9:21,3,[]
6427026,509,5:9:34,3,[RefusalData_logId:4,2]
6427026,510,5:9:55,3,[AvailableRefusalData_logId:4,0A]
6427026,510,5:9:56,3,[AvailableRefusalData_logId:4,1A]
6427026,510,5:9:57,3,[AvailableRefusalData_logId:4,2A]
6427026,511,5:9:59,3,[AvailableRefusalData_logId:4,0A,1A,2A,true,50]
6427026,512,5:10:3,3,[]
6427026,513,5:10:3,3,[0]
6427026,514,5:10:8,3,[]
6427026,507,5:10:31,3,[OpponentAttackData_logId:2,OpponentAttackTypeData_logId:1,true,0]
6427026,508,5:10:34,3,[]
6427026,509,5:10:38,3,[RefusalData_logId:2,2]
6427026,510,5:10:53,3,[AvailableRefusalData_logId:2,0A]
6427026,510,5:10:54,3,[AvailableRefusalData_logId:2,1A]
6427026,510,5:10:55,3,[AvailableRefusalData_logId:2,2A]
6427026,511,5:10:56,3,[AvailableRefusalData_logId:2,0A,1A,2A,true,50]
6427026,512,5:11:2,3,[]
6427026,515,5:11:2,3,[150,0]
6427026,516,5:11:6,3,[]
6427026,517,5:11:9,3,[]
6427026,1005,5:11:9,3,[3,2,3]
6427026,1001,5:11:14,3,[]
6427026,1003,5:11:14,3
6427026,100,5:11:24,5
6427026,101,5:11:25,5
6427026,100,5:11:37,6
6427026,102,5:11:38,6
6427026,200,5:11:38,6,15,18,15,21,27
6427026,221,5:11:59,6
6427026,220,5:12:1,6
6427026,221,5:12:4,6
6427026,300,5:12:5
6427026,220,5:12:5,6
6427026,221,5:12:11,6
6427026,220,5:12:13,6
6427026,203,5:12:13,6
6427026,100,5:12:17,7
6427026,102,5:12:19,7
6427026,200,5:12:19,7,15,18,15,21,27
6427026,219,5:12:19,7
6427026,216,5:12:22,Stack_G10b0
6427026,217,5:12:43,Stack_G10b0,19,0.00
6427026,218,5:12:44,7
6427026,210,5:12:45,740,436
6427026,211,5:12:46,786,527
6427026,213,5:12:46,7,s_car1_G10b0,true
6427026,205,5:12:46,7,s_car1_G10b0,false,false
6427026,212,5:12:50,2
6427026,210,5:12:50,800,483
6427026,211,5:12:51,740,440
6427026,210,5:12:51,796,450
6427026,211,5:12:51,806,457
6427026,213,5:12:51,7,c_crush2_F_b_G10b0,false
6427026,1003,5:12:54,2
6427026,1004,5:12:58,5
6427026,900,5:13:1,5,[]
6427026,901,5:13:2,5,[PeopleData_id:0]
6427026,902,5:13:3,5,[PeopleData_id:0,PeopleData_data0Type]
6427026,902,5:13:5,5,[PeopleData_id:0,PeopleData_data1Type]
6427026,902,5:13:7,5,[PeopleData_id:0,PeopleData_data2Type]
6427026,902,5:13:8,5,[PeopleData_id:0,PeopleData_data3Type]
6427026,903,5:13:10,5,[PeopleData_id0,PeopleData_data3Type]
6427026,901,5:13:10,5,[PeopleData_id:0]
6427026,904,5:13:11,5,[PeopleData_id:0]
6427026,905,5:13:12,5,[PeopleData_id:0,RankTypes_id:-1,RankTypes_id:3]
6427026,901,5:13:12,5,[PeopleData_id:3]
6427026,902,5:13:13,5,[PeopleData_id:3,PeopleData_data0Type]
6427026,902,5:13:14,5,[PeopleData_id:3,PeopleData_data1Type]
6427026,902,5:13:16,5,[PeopleData_id:3,PeopleData_data1Type]
6427026,902,5:13:17,5,[PeopleData_id:3,PeopleData_data2Type]
6427026,903,5:13:22,5,[PeopleData_id3,PeopleData_data2Type]
6427026,901,5:13:23,5,[PeopleData_id:3]
6427026,904,5:13:23,5,[PeopleData_id:3]
6427026,905,5:13:24,5,[PeopleData_id:3,RankTypes_id:-1,RankTypes_id:1]
6427026,901,5:13:25,5,[PeopleData_id:5]
6427026,902,5:13:26,5,[PeopleData_id:5,PeopleData_data0Type]
6427026,902,5:13:29,5,[PeopleData_id:5,PeopleData_data1Type]
6427026,902,5:13:34,5,[PeopleData_id:5,PeopleData_data2Type]
6427026,902,5:13:37,5,[PeopleData_id:5,PeopleData_data3Type]
6427026,902,5:13:42,5,[PeopleData_id:5,PeopleData_data2Type]
6427026,903,5:13:45,5,[PeopleData_id5,PeopleData_data2Type]
6427026,901,5:13:46,5,[PeopleData_id:5]
6427026,904,5:13:46,5,[PeopleData_id:5]
6427026,905,5:13:47,5,[PeopleData_id:5,RankTypes_id:-1,RankTypes_id:2]
6427026,901,5:13:48,5,[PeopleData_id:4]
6427026,902,5:13:49,5,[PeopleData_id:4,PeopleData_data0Type]
6427026,902,5:13:52,5,[PeopleData_id:4,PeopleData_data2Type]
6427026,902,5:13:53,5,[PeopleData_id:4,PeopleData_data1Type]
6427026,902,5:13:54,5,[PeopleData_id:4,PeopleData_data3Type]
6427026,903,5:13:55,5,[PeopleData_id4,PeopleData_data3Type]
6427026,902,5:13:57,5,[PeopleData_id:4,PeopleData_data3Type]
6427026,903,5:14:0,5,[PeopleData_id4,PeopleData_data3Type]
6427026,901,5:14:1,5,[PeopleData_id:4]
6427026,904,5:14:1,5,[PeopleData_id:4]
6427026,905,5:14:2,5,[PeopleData_id:4,RankTypes_id:-1,RankTypes_id:1]
6427026,901,5:14:3,5,[PeopleData_id:6]
6427026,902,5:14:4,5,[PeopleData_id:6,PeopleData_data0Type]
6427026,902,5:14:6,5,[PeopleData_id:6,PeopleData_data1Type]
6427026,902,5:14:8,5,[PeopleData_id:6,PeopleData_data2Type]
6427026,902,5:14:9,5,[PeopleData_id:6,PeopleData_data3Type]
6427026,903,5:14:11,5,[PeopleData_id6,PeopleData_data3Type]
6427026,901,5:14:11,5,[PeopleData_id:6]
6427026,904,5:14:12,5,[PeopleData_id:6]
6427026,905,5:14:12,5,[PeopleData_id:6,RankTypes_id:-1,RankTypes_id:3]
6427026,901,5:14:12,5,[PeopleData_id:1]
6427026,902,5:14:14,5,[PeopleData_id:1,PeopleData_data0Type]
6427026,902,5:14:15,5,[PeopleData_id:1,PeopleData_data1Type]
6427026,902,5:14:17,5,[PeopleData_id:1,PeopleData_data2Type]
6427026,902,5:14:18,5,[PeopleData_id:1,PeopleData_data3Type]
6427026,903,5:14:19,5,[PeopleData_id1,PeopleData_data3Type]
6427026,901,5:14:20,5,[PeopleData_id:1]
6427026,904,5:14:20,5,[PeopleData_id:1]
6427026,905,5:14:21,5,[PeopleData_id:1,RankTypes_id:-1,RankTypes_id:3]
6427026,901,5:14:21,5,[PeopleData_id:7]
6427026,902,5:14:22,5,[PeopleData_id:7,PeopleData_data2Type]
6427026,902,5:14:24,5,[PeopleData_id:7,PeopleData_data3Type]
6427026,902,5:14:25,5,[PeopleData_id:7,PeopleData_data1Type]
6427026,902,5:14:26,5,[PeopleData_id:7,PeopleData_data0Type]
6427026,903,5:14:28,5,[PeopleData_id7,PeopleData_data0Type]
6427026,901,5:14:29,5,[PeopleData_id:7]
6427026,904,5:14:29,5,[PeopleData_id:7]
6427026,905,5:14:29,5,[PeopleData_id:7,RankTypes_id:-1,RankTypes_id:3]
6427026,901,5:14:30,5,[PeopleData_id:2]
6427026,902,5:14:30,5,[PeopleData_id:2,PeopleData_data1Type]
6427026,902,5:14:32,5,[PeopleData_id:2,PeopleData_data2Type]
6427026,902,5:14:33,5,[PeopleData_id:2,PeopleData_data0Type]
6427026,903,5:14:35,5,[PeopleData_id2,PeopleData_data0Type]
6427026,901,5:14:35,5,[PeopleData_id:2]
6427026,904,5:14:35,5,[PeopleData_id:2]
6427026,905,5:14:36,5,[PeopleData_id:2,RankTypes_id:-1,RankTypes_id:1]
6427026,906,5:14:36,5,[]
6427026,907,5:14:37,5,[]
6427026,908,5:14:37,5,[InvitationData_id:7,PeopleData_id:5,RankTypes_id:2]
6427026,909,5:14:42,5,[InvitationData_id:7,PeopleData_id:5,RankTypes_id:2,1]
6427026,910,5:14:43,5,[InvitationData_id:7,5,false]
6427026,908,5:14:43,5,[InvitationData_id:9,PeopleData_id:7,RankTypes_id:3]
6427026,909,5:14:47,5,[InvitationData_id:9,PeopleData_id:7,RankTypes_id:3,0]
6427026,910,5:14:48,5,[InvitationData_id:9,-7,false]
6427026,908,5:14:48,5,[InvitationData_id:10,PeopleData_id:3,RankTypes_id:1]
6427026,909,5:14:53,5,[InvitationData_id:10,PeopleData_id:3,RankTypes_id:1,0]
6427026,910,5:14:55,5,[InvitationData_id:10,0,false]
6427026,908,5:14:55,5,[InvitationData_id:4,PeopleData_id:7,RankTypes_id:3]
6427026,909,5:15:0,5,[InvitationData_id:4,PeopleData_id:7,RankTypes_id:3,0]
6427026,910,5:15:1,5,[InvitationData_id:4,-7,false]
6427026,908,5:15:1,5,[InvitationData_id:5,PeopleData_id:7,RankTypes_id:3]
6427026,909,5:15:6,5,[InvitationData_id:5,PeopleData_id:7,RankTypes_id:3,0]
6427026,910,5:15:7,5,[InvitationData_id:5,-7,false]
6427026,908,5:15:7,5,[InvitationData_id:8,PeopleData_id:1,RankTypes_id:3]
6427026,909,5:15:11,5,[InvitationData_id:8,PeopleData_id:1,RankTypes_id:3,1]
6427026,910,5:15:12,5,[InvitationData_id:8,7,false]
6427026,908,5:15:12,5,[InvitationData_id:1,PeopleData_id:1,RankTypes_id:3]
6427026,909,5:15:18,5,[InvitationData_id:1,PeopleData_id:1,RankTypes_id:3,1]
6427026,910,5:15:19,5,[InvitationData_id:1,7,false]
6427026,908,5:15:19,5,[InvitationData_id:11,PeopleData_id:0,RankTypes_id:3]
6427026,909,5:15:23,5,[InvitationData_id:11,PeopleData_id:0,RankTypes_id:3,1]
6427026,910,5:15:23,5,[InvitationData_id:11,7,false]
6427026,908,5:15:23,5,[InvitationData_id:2,PeopleData_id:1,RankTypes_id:3]
6427026,909,5:15:27,5,[InvitationData_id:2,PeopleData_id:1,RankTypes_id:3,1]
6427026,910,5:15:28,5,[InvitationData_id:2,7,false]
6427026,908,5:15:29,5,[InvitationData_id:3,PeopleData_id:3,RankTypes_id:1]
6427026,909,5:15:33,5,[InvitationData_id:3,PeopleData_id:3,RankTypes_id:1,0]
6427026,910,5:15:39,5,[InvitationData_id:3,0,false]
6427026,908,5:15:39,5,[InvitationData_id:0,PeopleData_id:6,RankTypes_id:3]
6427026,909,5:15:43,5,[InvitationData_id:0,PeopleData_id:6,RankTypes_id:3,1]
6427026,910,5:15:43,5,[InvitationData_id:0,7,false]
6427026,908,5:15:43,5,[InvitationData_id:6,PeopleData_id:0,RankTypes_id:3]
6427026,909,5:15:46,5,[InvitationData_id:6,PeopleData_id:0,RankTypes_id:3,1]
6427026,910,5:15:46,5,[InvitationData_id:6,7,false]
6427026,911,5:15:47,5,[26,0,0,0]
6427026,1005,5:15:47,5,[2,0,1]
6427026,1001,5:15:56,5,[]
6427026,1003,5:15:56,2
6427026,1004,5:15:59,6
6427026,900,5:16:1,6,[]
6427026,901,5:16:3,6,[PeopleData_id:5]
6427026,904,5:16:3,6,[PeopleData_id:5]
6427026,901,5:16:3,6,[PeopleData_id:5]
6427026,904,5:16:4,6,[PeopleData_id:5]
6427026,905,5:16:4,6,[PeopleData_id:5,RankTypes_id:-1,RankTypes_id:0]
6427026,901,5:16:5,6,[PeopleData_id:6]
6427026,904,5:16:5,6,[PeopleData_id:6]
6427026,905,5:16:5,6,[PeopleData_id:6,RankTypes_id:-1,RankTypes_id:1]
6427026,901,5:16:5,6,[PeopleData_id:4]
6427026,904,5:16:5,6,[PeopleData_id:4]
6427026,905,5:16:6,6,[PeopleData_id:4,RankTypes_id:-1,RankTypes_id:2]
6427026,901,5:16:6,6,[PeopleData_id:8]
6427026,904,5:16:6,6,[PeopleData_id:8]
6427026,905,5:16:7,6,[PeopleData_id:8,RankTypes_id:-1,RankTypes_id:1]
6427026,901,5:16:7,6,[PeopleData_id:2]
6427026,904,5:16:7,6,[PeopleData_id:2]
6427026,905,5:16:8,6,[PeopleData_id:2,RankTypes_id:-1,RankTypes_id:2]
6427026,901,5:16:8,6,[PeopleData_id:7]
6427026,904,5:16:8,6,[PeopleData_id:7]
6427026,905,5:16:9,6,[PeopleData_id:7,RankTypes_id:-1,RankTypes_id:0]
6427026,901,5:16:9,6,[PeopleData_id:1]
6427026,904,5:16:9,6,[PeopleData_id:1]
6427026,905,5:16:10,6,[PeopleData_id:1,RankTypes_id:-1,RankTypes_id:1]
6427026,901,5:16:11,6,[PeopleData_id:0]
6427026,904,5:16:11,6,[PeopleData_id:0]
6427026,901,5:16:12,6,[PeopleData_id:0]
6427026,904,5:16:13,6,[PeopleData_id:0]
6427026,905,5:16:13,6,[PeopleData_id:0,RankTypes_id:-1,RankTypes_id:3]
6427026,901,5:16:13,6,[PeopleData_id:3]
6427026,904,5:16:13,6,[PeopleData_id:3]
6427026,905,5:16:14,6,[PeopleData_id:3,RankTypes_id:-1,RankTypes_id:4]
6427026,906,5:16:14,6,[]
6427026,907,5:16:15,6,[]
6427026,908,5:16:15,6,[InvitationData_id:10,PeopleData_id:1,RankTypes_id:1]
6427026,909,5:16:17,6,[InvitationData_id:10,PeopleData_id:1,RankTypes_id:1,1]
6427026,910,5:16:18,6,[InvitationData_id:10,0,true]
6427026,908,5:16:18,6,[InvitationData_id:11,PeopleData_id:0,RankTypes_id:3]
6427026,909,5:16:19,6,[InvitationData_id:11,PeopleData_id:0,RankTypes_id:3,0]
6427026,910,5:16:19,6,[InvitationData_id:11,-7,false]
6427026,908,5:16:19,6,[InvitationData_id:7,PeopleData_id:3,RankTypes_id:4]
6427026,909,5:16:20,6,[InvitationData_id:7,PeopleData_id:3,RankTypes_id:4,1]
6427026,910,5:16:21,6,[InvitationData_id:7,9,false]
6427026,908,5:16:21,6,[InvitationData_id:13,PeopleData_id:0,RankTypes_id:3]
6427026,909,5:16:22,6,[InvitationData_id:13,PeopleData_id:0,RankTypes_id:3,0]
6427026,910,5:16:23,6,[InvitationData_id:13,-7,false]
6427026,908,5:16:23,6,[InvitationData_id:9,PeopleData_id:3,RankTypes_id:4]
6427026,909,5:16:24,6,[InvitationData_id:9,PeopleData_id:3,RankTypes_id:4,1]
6427026,910,5:16:25,6,[InvitationData_id:9,9,false]
6427026,908,5:16:25,6,[InvitationData_id:12,PeopleData_id:3,RankTypes_id:4]
6427026,909,5:16:26,6,[InvitationData_id:12,PeopleData_id:3,RankTypes_id:4,1]
6427026,910,5:16:27,6,[InvitationData_id:12,0,true]
6427026,908,5:16:27,6,[InvitationData_id:3,PeopleData_id:8,RankTypes_id:1]
6427026,909,5:16:28,6,[InvitationData_id:3,PeopleData_id:8,RankTypes_id:1,0]
6427026,910,5:16:29,6,[InvitationData_id:3,0,false]
6427026,908,5:16:29,6,[InvitationData_id:1,PeopleData_id:0,RankTypes_id:3]
6427026,909,5:16:30,6,[InvitationData_id:1,PeopleData_id:0,RankTypes_id:3,0]
6427026,910,5:16:31,6,[InvitationData_id:1,-7,false]
6427026,908,5:16:31,6,[InvitationData_id:0,PeopleData_id:0,RankTypes_id:3]
6427026,909,5:16:32,6,[InvitationData_id:0,PeopleData_id:0,RankTypes_id:3,1]
6427026,910,5:16:33,6,[InvitationData_id:0,0,true]
6427026,912,5:16:34,6,[]
6427026,1000,5:16:35,6,[]
6427026,900,5:16:36,6,[]
6427026,901,5:16:37,6,[PeopleData_id:5]
6427026,902,5:16:38,6,[PeopleData_id:5,PeopleData_data3Type]
6427026,903,5:16:42,6,[PeopleData_id5,PeopleData_data3Type]
6427026,901,5:16:43,6,[PeopleData_id:5]
6427026,904,5:16:43,6,[PeopleData_id:5]
6427026,905,5:16:43,6,[PeopleData_id:5,RankTypes_id:-1,RankTypes_id:3]
6427026,901,5:16:44,6,[PeopleData_id:2]
6427026,902,5:16:45,6,[PeopleData_id:2,PeopleData_data1Type]
6427026,902,5:16:47,6,[PeopleData_id:2,PeopleData_data2Type]
6427026,903,5:16:49,6,[PeopleData_id2,PeopleData_data2Type]
6427026,901,5:16:49,6,[PeopleData_id:2]
6427026,904,5:16:49,6,[PeopleData_id:2]
6427026,905,5:16:50,6,[PeopleData_id:2,RankTypes_id:-1,RankTypes_id:3]
6427026,901,5:16:51,6,[PeopleData_id:6]
6427026,902,5:16:52,6,[PeopleData_id:6,PeopleData_data1Type]
6427026,902,5:16:53,6,[PeopleData_id:6,PeopleData_data2Type]
6427026,903,5:16:54,6,[PeopleData_id6,PeopleData_data2Type]
6427026,901,5:16:55,6,[PeopleData_id:6]
6427026,904,5:16:55,6,[PeopleData_id:6]
6427026,905,5:16:56,6,[PeopleData_id:6,RankTypes_id:-1,RankTypes_id:3]
6427026,901,5:16:56,6,[PeopleData_id:1]
6427026,902,5:16:57,6,[PeopleData_id:1,PeopleData_data1Type]
6427026,902,5:16:59,6,[PeopleData_id:1,PeopleData_data2Type]
6427026,903,5:17:0,6,[PeopleData_id1,PeopleData_data2Type]
6427026,901,5:17:0,6,[PeopleData_id:1]
6427026,904,5:17:0,6,[PeopleData_id:1]
6427026,905,5:17:1,6,[PeopleData_id:1,RankTypes_id:-1,RankTypes_id:0]
6427026,901,5:17:7,6,[PeopleData_id:7]
6427026,902,5:17:8,6,[PeopleData_id:7,PeopleData_data1Type]
6427026,902,5:17:9,6,[PeopleData_id:7,PeopleData_data2Type]
6427026,902,5:17:11,6,[PeopleData_id:7,PeopleData_data3Type]
6427026,903,5:17:11,6,[PeopleData_id7,PeopleData_data3Type]
6427026,901,5:17:12,6,[PeopleData_id:7]
6427026,904,5:17:12,6,[PeopleData_id:7]
6427026,905,5:17:13,6,[PeopleData_id:7,RankTypes_id:-1,RankTypes_id:0]
6427026,901,5:17:15,6,[PeopleData_id:1]
6427026,905,5:17:15,6,[PeopleData_id:1,RankTypes_id:0,RankTypes_id:0]
6427026,902,5:17:17,6,[PeopleData_id:1,PeopleData_data0Type]
6427026,902,5:17:22,6,[PeopleData_id:1,PeopleData_data1Type]
6427026,902,5:17:27,6,[PeopleData_id:1,PeopleData_data2Type]
6427026,902,5:17:31,6,[PeopleData_id:1,PeopleData_data3Type]
6427026,903,5:17:34,6,[PeopleData_id1,PeopleData_data3Type]
6427026,901,5:17:44,6,[PeopleData_id:8]
6427026,902,5:17:46,6,[PeopleData_id:8,PeopleData_data0Type]
6427026,902,5:17:48,6,[PeopleData_id:8,PeopleData_data2Type]
6427026,902,5:17:55,6,[PeopleData_id:8,PeopleData_data1Type]
6427026,903,5:17:58,6,[PeopleData_id8,PeopleData_data1Type]
6427026,901,5:17:58,6,[PeopleData_id:8]
6427026,904,5:17:58,6,[PeopleData_id:8]
6427026,905,5:17:59,6,[PeopleData_id:8,RankTypes_id:-1,RankTypes_id:1]
6427026,901,5:18:0,6,[PeopleData_id:4]
6427026,902,5:18:0,6,[PeopleData_id:4,PeopleData_data0Type]
6427026,902,5:18:3,6,[PeopleData_id:4,PeopleData_data1Type]
6427026,902,5:18:4,6,[PeopleData_id:4,PeopleData_data2Type]
6427026,902,5:18:5,6,[PeopleData_id:4,PeopleData_data3Type]
6427026,903,5:18:6,6,[PeopleData_id4,PeopleData_data3Type]
6427026,901,5:18:7,6,[PeopleData_id:4]
6427026,904,5:18:7,6,[PeopleData_id:4]
6427026,905,5:18:7,6,[PeopleData_id:4,RankTypes_id:-1,RankTypes_id:3]
6427026,901,5:18:8,6,[PeopleData_id:3]
6427026,902,5:18:8,6,[PeopleData_id:3,PeopleData_data0Type]
6427026,902,5:18:10,6,[PeopleData_id:3,PeopleData_data1Type]
6427026,902,5:18:14,6,[PeopleData_id:3,PeopleData_data0Type]
6427026,903,5:18:16,6,[PeopleData_id3,PeopleData_data0Type]
6427026,901,5:18:16,6,[PeopleData_id:3]
6427026,904,5:18:16,6,[PeopleData_id:3]
6427026,905,5:18:17,6,[PeopleData_id:3,RankTypes_id:-1,RankTypes_id:3]
6427026,901,5:18:18,6,[PeopleData_id:0]
6427026,902,5:18:19,6,[PeopleData_id:0,PeopleData_data0Type]
6427026,902,5:18:21,6,[PeopleData_id:0,PeopleData_data3Type]
6427026,902,5:18:22,6,[PeopleData_id:0,PeopleData_data2Type]
6427026,903,5:18:23,6,[PeopleData_id0,PeopleData_data2Type]
6427026,901,5:18:24,6,[PeopleData_id:0]
6427026,904,5:18:24,6,[PeopleData_id:0]
6427026,905,5:18:25,6,[PeopleData_id:0,RankTypes_id:-1,RankTypes_id:0]
6427026,906,5:18:25,6,[]
6427026,907,5:18:26,6,[]
6427026,908,5:18:26,6,[InvitationData_id:2,PeopleData_id:6,RankTypes_id:3]
6427026,909,5:18:30,6,[InvitationData_id:2,PeopleData_id:6,RankTypes_id:3,1]
6427026,910,5:18:32,6,[InvitationData_id:2,7,false]
6427026,908,5:18:32,6,[InvitationData_id:4,PeopleData_id:3,RankTypes_id:3]
6427026,909,5:18:34,6,[InvitationData_id:4,PeopleData_id:3,RankTypes_id:3,1]
6427026,910,5:18:35,6,[InvitationData_id:4,7,false]
6427026,908,5:18:35,6,[InvitationData_id:5,PeopleData_id:6,RankTypes_id:3]
6427026,909,5:18:38,6,[InvitationData_id:5,PeopleData_id:6,RankTypes_id:3,1]
6427026,910,5:18:39,6,[InvitationData_id:5,7,false]
6427026,908,5:18:39,6,[InvitationData_id:7,PeopleData_id:3,RankTypes_id:3]
6427026,909,5:18:41,6,[InvitationData_id:7,PeopleData_id:3,RankTypes_id:3,1]
6427026,910,5:18:41,6,[InvitationData_id:7,7,false]
6427026,908,5:18:41,6,[InvitationData_id:9,PeopleData_id:2,RankTypes_id:3]
6427026,909,5:18:43,6,[InvitationData_id:9,PeopleData_id:2,RankTypes_id:3,1]
6427026,910,5:18:45,6,[InvitationData_id:9,7,false]
6427026,908,5:18:45,6,[InvitationData_id:13,PeopleData_id:8,RankTypes_id:1]
6427026,909,5:18:47,6,[InvitationData_id:13,PeopleData_id:8,RankTypes_id:1,0]
6427026,910,5:18:48,6,[InvitationData_id:13,0,false]
6427026,908,5:18:48,6,[InvitationData_id:0,PeopleData_id:8,RankTypes_id:1]
6427026,909,5:18:50,6,[InvitationData_id:0,PeopleData_id:8,RankTypes_id:1,0]
6427026,910,5:18:51,6,[InvitationData_id:0,0,false]
6427026,908,5:18:51,6,[InvitationData_id:6,PeopleData_id:3,RankTypes_id:3]
6427026,909,5:18:54,6,[InvitationData_id:6,PeopleData_id:3,RankTypes_id:3,0]
6427026,910,5:18:55,6,[InvitationData_id:6,-7,false]
6427026,908,5:18:55,6,[InvitationData_id:12,PeopleData_id:3,RankTypes_id:3]
6427026,909,5:19:3,6,[InvitationData_id:12,PeopleData_id:3,RankTypes_id:3,0]
6427026,910,5:19:6,6,[InvitationData_id:12,-7,false]
6427026,908,5:19:6,6,[InvitationData_id:3,PeopleData_id:5,RankTypes_id:3]
6427026,909,5:19:17,6,[InvitationData_id:3,PeopleData_id:5,RankTypes_id:3,0]
6427026,910,5:19:18,6,[InvitationData_id:3,-7,false]
6427026,908,5:19:18,6,[InvitationData_id:10,PeopleData_id:8,RankTypes_id:1]
6427026,909,5:19:20,6,[InvitationData_id:10,PeopleData_id:8,RankTypes_id:1,0]
6427026,910,5:19:20,6,[InvitationData_id:10,0,false]
6427026,908,5:19:20,6,[InvitationData_id:8,PeopleData_id:5,RankTypes_id:3]
6427026,909,5:19:23,6,[InvitationData_id:8,PeopleData_id:5,RankTypes_id:3,1]
6427026,910,5:19:23,6,[InvitationData_id:8,7,false]
6427026,911,5:19:25,6,[21,0,0,0]
6427026,1005,5:19:25,6,[2,0,2]
6427026,1001,5:19:27,6,[]
6427026,1003,5:19:27,2
6427026,1004,5:19:29,7
6427026,900,5:19:38,7,[]
6427026,901,5:19:55,7,[PeopleData_id:1]
6427026,904,5:19:55,7,[PeopleData_id:1]
6427026,902,5:19:56,7,[PeopleData_id:1,PeopleData_data0Type]
6427026,902,5:19:58,7,[PeopleData_id:1,PeopleData_data2Type]
6427026,902,5:20:1,7,[PeopleData_id:1,PeopleData_data1Type]
6427026,903,5:20:4,7,[PeopleData_id1,PeopleData_data1Type]
6427026,901,5:20:4,7,[PeopleData_id:1]
6427026,904,5:20:4,7,[PeopleData_id:1]
6427026,905,5:20:5,7,[PeopleData_id:1,RankTypes_id:-1,RankTypes_id:0]
6427026,901,5:20:5,7,[PeopleData_id:3]
6427026,902,5:20:6,7,[PeopleData_id:3,PeopleData_data2Type]
6427026,902,5:20:8,7,[PeopleData_id:3,PeopleData_data3Type]
6427026,903,5:20:10,7,[PeopleData_id3,PeopleData_data3Type]
6427026,901,5:20:10,7,[PeopleData_id:3]
6427026,904,5:20:10,7,[PeopleData_id:3]
6427026,905,5:20:11,7,[PeopleData_id:3,RankTypes_id:-1,RankTypes_id:3]
6427026,901,5:20:11,7,[PeopleData_id:6]
6427026,902,5:20:12,7,[PeopleData_id:6,PeopleData_data1Type]
6427026,902,5:20:14,7,[PeopleData_id:6,PeopleData_data2Type]
6427026,903,5:20:15,7,[PeopleData_id6,PeopleData_data2Type]
6427026,901,5:20:16,7,[PeopleData_id:6]
6427026,904,5:20:16,7,[PeopleData_id:6]
6427026,905,5:20:17,7,[PeopleData_id:6,RankTypes_id:-1,RankTypes_id:0]
6427026,901,5:20:17,7,[PeopleData_id:8]
6427026,902,5:20:18,7,[PeopleData_id:8,PeopleData_data0Type]
6427026,902,5:20:20,7,[PeopleData_id:8,PeopleData_data1Type]
6427026,902,5:20:22,7,[PeopleData_id:8,PeopleData_data2Type]
6427026,903,5:20:24,7,[PeopleData_id8,PeopleData_data2Type]
6427026,901,5:20:25,7,[PeopleData_id:8]
6427026,904,5:20:25,7,[PeopleData_id:8]
6427026,905,5:20:25,7,[PeopleData_id:8,RankTypes_id:-1,RankTypes_id:3]
6427026,901,5:20:27,7,[PeopleData_id:6]
6427026,905,5:20:28,7,[PeopleData_id:6,RankTypes_id:0,RankTypes_id:0]
6427026,902,5:20:31,7,[PeopleData_id:6,PeopleData_data0Type]
6427026,903,5:20:33,7,[PeopleData_id6,PeopleData_data0Type]
6427026,902,5:20:34,7,[PeopleData_id:6,PeopleData_data1Type]
6427026,902,5:20:37,7,[PeopleData_id:6,PeopleData_data2Type]
6427026,902,5:20:41,7,[PeopleData_id:6,PeopleData_data3Type]
6427026,902,5:20:46,7,[PeopleData_id:6,PeopleData_data1Type]
6427026,903,5:20:48,7,[PeopleData_id6,PeopleData_data1Type]
6427026,901,5:20:56,7,[PeopleData_id:2]
6427026,904,5:20:56,7,[PeopleData_id:2]
6427026,901,5:20:57,7,[PeopleData_id:4]
6427026,901,5:21:0,7,[PeopleData_id:9]
6427026,901,5:21:2,7,[PeopleData_id:4]
6427026,902,5:21:3,7,[PeopleData_id:4,PeopleData_data0Type]
6427026,902,5:21:7,7,[PeopleData_id:4,PeopleData_data1Type]
6427026,902,5:21:15,7,[PeopleData_id:4,PeopleData_data2Type]
6427026,903,5:21:18,7,[PeopleData_id4,PeopleData_data2Type]
6427026,901,5:21:19,7,[PeopleData_id:4]
6427026,904,5:21:20,7,[PeopleData_id:4]
6427026,905,5:21:20,7,[PeopleData_id:4,RankTypes_id:-1,RankTypes_id:3]
6427026,901,5:21:21,7,[PeopleData_id:5]
6427026,902,5:21:22,7,[PeopleData_id:5,PeopleData_data0Type]
6427026,902,5:21:27,7,[PeopleData_id:5,PeopleData_data1Type]
6427026,902,5:21:29,7,[PeopleData_id:5,PeopleData_data2Type]
6427026,903,5:21:30,7,[PeopleData_id5,PeopleData_data2Type]
6427026,901,5:21:30,7,[PeopleData_id:5]
6427026,904,5:21:31,7,[PeopleData_id:5]
6427026,905,5:21:31,7,[PeopleData_id:5,RankTypes_id:-1,RankTypes_id:0]
6427026,901,5:21:32,7,[PeopleData_id:0]
6427026,902,5:21:33,7,[PeopleData_id:0,PeopleData_data2Type]
6427026,902,5:21:37,7,[PeopleData_id:0,PeopleData_data1Type]
6427026,902,5:21:38,7,[PeopleData_id:0,PeopleData_data0Type]
6427026,903,5:21:39,7,[PeopleData_id0,PeopleData_data0Type]
6427026,901,5:21:40,7,[PeopleData_id:0]
6427026,904,5:21:40,7,[PeopleData_id:0]
6427026,905,5:21:40,7,[PeopleData_id:0,RankTypes_id:-1,RankTypes_id:0]
6427026,901,5:21:41,7,[PeopleData_id:2]
6427026,902,5:21:42,7,[PeopleData_id:2,PeopleData_data0Type]
6427026,902,5:21:42,7,[PeopleData_id:2,PeopleData_data0Type]
6427026,902,5:21:43,7,[PeopleData_id:2,PeopleData_data1Type]
6427026,902,5:21:45,7,[PeopleData_id:2,PeopleData_data2Type]
6427026,903,5:21:45,7,[PeopleData_id2,PeopleData_data2Type]
6427026,901,5:21:46,7,[PeopleData_id:2]
6427026,904,5:21:46,7,[PeopleData_id:2]
6427026,905,5:21:47,7,[PeopleData_id:2,RankTypes_id:-1,RankTypes_id:3]
6427026,901,5:21:47,7,[PeopleData_id:7]
6427026,902,5:21:48,7,[PeopleData_id:7,PeopleData_data1Type]
6427026,902,5:21:50,7,[PeopleData_id:7,PeopleData_data2Type]
6427026,902,5:21:54,7,[PeopleData_id:7,PeopleData_data3Type]
6427026,903,5:21:57,7,[PeopleData_id7,PeopleData_data3Type]
6427026,901,5:21:58,7,[PeopleData_id:7]
6427026,904,5:21:58,7,[PeopleData_id:7]
6427026,905,5:21:59,7,[PeopleData_id:7,RankTypes_id:-1,RankTypes_id:0]
6427026,901,5:21:59,7,[PeopleData_id:9]
6427026,902,5:22:0,7,[PeopleData_id:9,PeopleData_data0Type]
6427026,902,5:22:4,7,[PeopleData_id:9,PeopleData_data2Type]
6427026,902,5:22:8,7,[PeopleData_id:9,PeopleData_data3Type]
6427026,903,5:22:8,7,[PeopleData_id9,PeopleData_data3Type]
6427026,901,5:22:10,7,[PeopleData_id:9]
6427026,904,5:22:10,7,[PeopleData_id:9]
6427026,905,5:22:11,7,[PeopleData_id:9,RankTypes_id:-1,RankTypes_id:1]
6427026,906,5:22:11,7,[]
6427026,907,5:22:13,7,[]
6427026,908,5:22:13,7,[InvitationData_id:1,PeopleData_id:4,RankTypes_id:3]
6427026,909,5:22:18,7,[InvitationData_id:1,PeopleData_id:4,RankTypes_id:3,1]
6427026,910,5:22:18,7,[InvitationData_id:1,7,false]
6427026,908,5:22:18,7,[InvitationData_id:0,PeopleData_id:8,RankTypes_id:3]
6427026,909,5:22:21,7,[InvitationData_id:0,PeopleData_id:8,RankTypes_id:3,1]
6427026,910,5:22:22,7,[InvitationData_id:0,7,false]
6427026,908,5:22:22,7,[InvitationData_id:5,PeopleData_id:3,RankTypes_id:3]
6427026,909,5:22:26,7,[InvitationData_id:5,PeopleData_id:3,RankTypes_id:3,1]
6427026,910,5:22:27,7,[InvitationData_id:5,7,false]
6427026,908,5:22:27,7,[InvitationData_id:11,PeopleData_id:9,RankTypes_id:1]
6427026,909,5:22:30,7,[InvitationData_id:11,PeopleData_id:9,RankTypes_id:1,0]
6427026,910,5:22:31,7,[InvitationData_id:11,0,false]
6427026,908,5:22:31,7,[InvitationData_id:6,PeopleData_id:2,RankTypes_id:3]
6427026,909,5:22:38,7,[InvitationData_id:6,PeopleData_id:2,RankTypes_id:3,0]
6427026,910,5:22:39,7,[InvitationData_id:6,-7,false]
6427026,908,5:22:39,7,[InvitationData_id:3,PeopleData_id:2,RankTypes_id:3]
6427026,909,5:22:41,7,[InvitationData_id:3,PeopleData_id:2,RankTypes_id:3,1]
6427026,910,5:22:42,7,[InvitationData_id:3,7,false]
6427026,908,5:22:42,7,[InvitationData_id:4,PeopleData_id:3,RankTypes_id:3]
6427026,909,5:22:49,7,[InvitationData_id:4,PeopleData_id:3,RankTypes_id:3,1]
6427026,910,5:22:50,7,[InvitationData_id:4,7,false]
6427026,908,5:22:50,7,[InvitationData_id:2,PeopleData_id:2,RankTypes_id:3]
6427026,909,5:22:53,7,[InvitationData_id:2,PeopleData_id:2,RankTypes_id:3,1]
6427026,910,5:22:55,7,[InvitationData_id:2,7,false]
6427026,908,5:22:55,7,[InvitationData_id:8,PeopleData_id:9,RankTypes_id:1]
6427026,909,5:23:0,7,[InvitationData_id:8,PeopleData_id:9,RankTypes_id:1,1]
6427026,910,5:23:3,7,[InvitationData_id:8,0,true]
6427026,911,5:23:4,7,[35,1,0,1]
6427026,1005,5:23:4,7,[2,0,2]
6427026,1001,5:23:5,7,[]
6427026,1003,5:23:5,2
6427026,210,5:23:10,779,447
6427026,211,5:23:11,773,484
6427026,213,5:23:11,7,c_crush2_F_b_G10b0,true
6427026,205,5:23:11,7,c_crush2_F_b_G10b0,false,false
6427026,210,5:23:14,518,495
6427026,211,5:23:15,521,495
6427026,213,5:23:15,7,c_crewKid2_F_b_G10b0,true
6427026,205,5:23:15,7,c_crewKid2_F_b_G10b0,false,false
6427026,210,5:23:18,341,404
6427026,207,5:23:20,7,-200,0
6427026,211,5:23:22,279,236
6427026,213,5:23:22,7,s_billboard_G10b0,true
6427026,210,5:23:24,873,345
6427026,207,5:23:24,7,0,-90
6427026,207,5:23:27,7,-90,-420
6427026,207,5:23:29,7,-420,-1033.4
6427026,211,5:23:31,1322,434
6427026,213,5:23:31,7,c_cousinsBrothersFriend_b_G10b0,true
6427026,210,5:23:34,1500,532
6427026,211,5:23:36,1537,437
6427026,213,5:23:36,7,c_cousinsBrother_b_G10b0,true
6427026,210,5:23:38,1732,447
6427026,207,5:23:39,7,-1033.4,-1033.4
6427026,211,5:23:40,2052,419
6427026,212,5:23:40,1
6427026,210,5:23:41,1781,355
6427026,211,5:23:41,1804,381
6427026,213,5:23:41,7,c_crush1_F_b_G10b0,true
6427026,205,5:23:41,7,c_crush1_F_b_G10b0,false,false
6427026,210,5:23:45,1668,328
6427026,207,5:23:50,7,-1033.4,0
6427026,211,5:23:52,331,418
6427026,213,5:23:52,7,s_kidsGroup1_G10b0,true
6427026,205,5:23:52,7,s_kidsGroup1_G10b0,false,false
6427026,210,5:23:55,124,471
6427026,211,5:23:56,104,500
6427026,213,5:23:56,7,s_kidPointing_G10b0,true
6427026,205,5:23:56,7,s_kidPointing_G10b0,false,false
6427026,210,5:24:0,239,215
6427026,207,5:24:1,7,0,-15
6427026,211,5:24:2,653,364
6427026,213,5:24:2,7,s_car2_G10b0,true
6427026,205,5:24:2,7,s_car2_G10b0,false,false
6427026,210,5:24:5,1049,223
6427026,211,5:24:6,1209,289
6427026,207,5:24:6,7,-15,-225
6427026,212,5:24:8,0
6427026,210,5:24:9,761,466
6427026,207,5:24:10,7,-225,0
6427026,207,5:24:12,7,0,-120
6427026,211,5:24:13,857,283
6427026,213,5:24:13,7,s_streetCorner_G10b0,true
6427026,210,5:24:18,857,289
6427026,207,5:24:21,7,-120,-630
6427026,207,5:24:24,7,-630,-1033.4
6427026,207,5:24:27,7,-1033.4,-1033.4
6427026,211,5:24:27,2024,285
6427026,212,5:24:28,1
6427026,210,5:24:29,1940,476
6427026,211,5:24:31,1136,256
6427026,213,5:24:31,7,s_bar_G10b0,true
6427026,210,5:24:35,1515,226
6427026,207,5:24:36,7,-1033.4,-1033.4
6427026,207,5:24:37,7,-1033.4,-1033.4
6427026,211,5:24:44,1969,477
6427026,212,5:24:44,2
6427026,207,5:24:45,7,-1033.4,-1033.4
6427026,210,5:24:45,2002,467
6427026,211,5:24:49,690,520
6427026,207,5:24:49,7,-1033.4,-673.4
6427026,219,5:24:51,7
6427026,216,5:24:53,Stack_G10b1N
6427026,217,5:24:54,Stack_G10b1N,1.1,21
6427026,218,5:24:56,7
6427026,213,5:25:1,7,c_crewKid2_F_b_G10b0,true
6427026,205,5:25:1,7,c_crewKid2_F_b_G10b0,false,true
6427026,210,5:25:6,295,558
6427026,207,5:25:7,7,-200,-5
6427026,207,5:25:8,7,-5,-155
6427026,207,5:25:12,7,-155,0
6427026,211,5:25:15,365,577
6427026,212,5:25:16,1
6427026,210,5:25:16,801,539
6427026,211,5:25:21,657,335
6427026,213,5:25:21,7,s_car2_G10b0,true
6427026,205,5:25:21,7,s_car2_G10b0,false,true
6427026,212,5:25:25,2
6427026,210,5:25:25,604,447
6427026,211,5:25:26,912,310
6427026,212,5:25:27,0
6427026,210,5:25:27,874,335
6427026,211,5:25:29,723,226
6427026,213,5:25:29,7,s_trafficLight_G10b0,true
6427026,1003,5:25:33,0
6427026,1004,5:25:34,3
6427026,400,5:25:38,3,[]
6427026,401,5:25:39,3,[StatementsData_logId:0]
6427026,402,5:25:40,3,[StatementsData_logId:0,false]
6427026,405,5:25:41,3,[StatementsData_logId:0]
6427026,406,5:25:41,3,[StatementsData_logId:0,-2]
6427026,411,5:25:42,3,[StatementsData_logId:0]
6427026,401,5:25:43,3,[StatementsData_logId:1]
6427026,404,5:25:43,3,[StatementsData_logId:1,false]
6427026,405,5:25:43,3,[StatementsData_logId:1]
6427026,406,5:25:44,3,[StatementsData_logId:1,-2]
6427026,411,5:25:45,3,[StatementsData_logId:1]
6427026,401,5:25:46,3,[StatementsData_logId:2]
6427026,403,5:25:46,3,[StatementsData_logId:2,false]
6427026,405,5:25:47,3,[StatementsData_logId:2]
6427026,406,5:25:47,3,[StatementsData_logId:2,-2]
6427026,411,5:25:48,3,[StatementsData_logId:2]
6427026,401,5:25:49,3,[StatementsData_logId:3]
6427026,404,5:25:49,3,[StatementsData_logId:3,false]
6427026,405,5:25:50,3,[StatementsData_logId:3]
6427026,406,5:25:51,3,[StatementsData_logId:3,-2]
6427026,411,5:25:52,3,[StatementsData_logId:3]
6427026,401,5:25:53,3,[StatementsData_logId:4]
6427026,402,5:25:53,3,[StatementsData_logId:4,false]
6427026,405,5:25:54,3,[StatementsData_logId:4]
6427026,406,5:25:55,3,[StatementsData_logId:4,-2]
6427026,411,5:25:56,3,[StatementsData_logId:4]
6427026,401,5:25:57,3,[StatementsData_logId:5]
6427026,403,5:25:58,3,[StatementsData_logId:5,false]
6427026,405,5:25:58,3,[StatementsData_logId:5]
6427026,406,5:25:59,3,[StatementsData_logId:5,-2]
6427026,411,5:26:0,3,[StatementsData_logId:5]
6427026,420,5:26:0,3,[22]
6427026,1000,5:26:6,3,[]
6427026,400,5:26:7,3,[]
6427026,401,5:26:14,3,[StatementsData_logId:0]
6427026,403,5:26:16,3,[StatementsData_logId:0,true]
6427026,405,5:26:16,3,[StatementsData_logId:0]
6427026,406,5:26:17,3,[StatementsData_logId:0,2]
6427026,407,5:26:17,3,[StatementsData_logId:0,FactCardData_id:18]
6427026,407,5:26:17,3,[StatementsData_logId:0,FactCardData_id:19]
6427026,407,5:26:17,3,[StatementsData_logId:0,FactCardData_id:23]
6427026,407,5:26:17,3,[StatementsData_logId:0,FactCardData_id:22]
6427026,407,5:26:17,3,[StatementsData_logId:0,FactCardData_id:20]
6427026,407,5:26:17,3,[StatementsData_logId:0,FactCardData_id:21]
6427026,407,5:26:22,3,[StatementsData_logId:0,FactCardData_id:19]
6427026,407,5:26:22,3,[StatementsData_logId:0,FactCardData_id:19]
6427026,408,5:26:23,3,[StatementsData_logId:0,FactCardData_id:19,true]
6427026,409,5:26:23,3,[StatementsData_logId:0]
6427026,410,5:26:23,3,[StatementsData_logId:0,2]
6427026,412,5:26:25,3,[StatementsData_logId:0]
6427026,413,5:26:25,3,[StatementsData_logId:0,DuelResponsesData_logId:0]
6427026,414,5:26:25,3,[StatementsData_logId:0,DuelResponsesData_logId:0]
6427026,415,5:26:26,3,[StatementsData_logId:0,DuelResponsesData_logId:0,DuelResponsesData_ok_player_response]
6427026,416,5:26:27,3,[StatementsData_logId:0,DuelResponsesData_logId:0]
6427026,417,5:26:27,3,[StatementsData_logId:0,DuelResponsesData_logId:0]
6427026,413,5:26:27,3,[StatementsData_logId:0,DuelResponsesData_logId:1]
6427026,414,5:26:28,3,[StatementsData_logId:0,DuelResponsesData_logId:1]
6427026,415,5:26:29,3,[StatementsData_logId:0,DuelResponsesData_logId:1,DuelResponsesData_ok_player_response]
6427026,416,5:26:29,3,[StatementsData_logId:0,DuelResponsesData_logId:1]
6427026,417,5:26:29,3,[StatementsData_logId:0,DuelResponsesData_logId:1]
6427026,413,5:26:29,3,[StatementsData_logId:0,DuelResponsesData_logId:2]
6427026,414,5:26:30,3,[StatementsData_logId:0,DuelResponsesData_logId:2]
6427026,415,5:26:30,3,[StatementsData_logId:0,DuelResponsesData_logId:2,DuelResponsesData_lame_player_response]
6427026,416,5:26:31,3,[StatementsData_logId:0,DuelResponsesData_logId:2]
6427026,417,5:26:32,3,[StatementsData_logId:0,DuelResponsesData_logId:2]
6427026,418,5:26:32,3,[StatementsData_logId:0,true]
6427026,419,5:26:33,3,[StatementsData_logId:0,4]
6427026,411,5:26:35,3,[StatementsData_logId:0]
6427026,401,5:26:36,3,[StatementsData_logId:1]
6427026,402,5:26:39,3,[StatementsData_logId:1,true]
6427026,405,5:26:40,3,[StatementsData_logId:1]
6427026,406,5:26:40,3,[StatementsData_logId:1,2]
6427026,411,5:26:41,3,[StatementsData_logId:1]
6427026,401,5:26:42,3,[StatementsData_logId:2]
6427026,403,5:26:46,3,[StatementsData_logId:2,false]
6427026,405,5:26:47,3,[StatementsData_logId:2]
6427026,406,5:26:48,3,[StatementsData_logId:2,-2]
6427026,411,5:26:49,3,[StatementsData_logId:2]
6427026,401,5:26:54,3,[StatementsData_logId:3]
6427026,403,5:26:55,3,[StatementsData_logId:3,true]
6427026,405,5:26:55,3,[StatementsData_logId:3]
6427026,406,5:26:56,3,[StatementsData_logId:3,2]
6427026,407,5:26:56,3,[StatementsData_logId:3,FactCardData_id:19]
6427026,407,5:26:56,3,[StatementsData_logId:3,FactCardData_id:18]
6427026,407,5:26:56,3,[StatementsData_logId:3,FactCardData_id:21]
6427026,407,5:26:56,3,[StatementsData_logId:3,FactCardData_id:20]
6427026,407,5:26:56,3,[StatementsData_logId:3,FactCardData_id:23]
6427026,407,5:26:56,3,[StatementsData_logId:3,FactCardData_id:22]
6427026,407,5:26:58,3,[StatementsData_logId:3,FactCardData_id:22]
6427026,407,5:26:58,3,[StatementsData_logId:3,FactCardData_id:22]
6427026,408,5:26:58,3,[StatementsData_logId:3,FactCardData_id:22,true]
6427026,409,5:26:58,3,[StatementsData_logId:3]
6427026,410,5:26:59,3,[StatementsData_logId:3,2]
6427026,412,5:27:1,3,[StatementsData_logId:3]
6427026,413,5:27:1,3,[StatementsData_logId:3,DuelResponsesData_logId:6]
6427026,414,5:27:1,3,[StatementsData_logId:3,DuelResponsesData_logId:6]
6427026,415,5:27:2,3,[StatementsData_logId:3,DuelResponsesData_logId:6,DuelResponsesData_ok_player_response]
6427026,416,5:27:3,3,[StatementsData_logId:3,DuelResponsesData_logId:6]
6427026,417,5:27:3,3,[StatementsData_logId:3,DuelResponsesData_logId:6]
6427026,413,5:27:3,3,[StatementsData_logId:3,DuelResponsesData_logId:7]
6427026,414,5:27:4,3,[StatementsData_logId:3,DuelResponsesData_logId:7]
6427026,415,5:27:4,3,[StatementsData_logId:3,DuelResponsesData_logId:7,DuelResponsesData_ok_player_response]
6427026,416,5:27:5,3,[StatementsData_logId:3,DuelResponsesData_logId:7]
6427026,417,5:27:5,3,[StatementsData_logId:3,DuelResponsesData_logId:7]
6427026,413,5:27:5,3,[StatementsData_logId:3,DuelResponsesData_logId:8]
6427026,414,5:27:6,3,[StatementsData_logId:3,DuelResponsesData_logId:8]
6427026,415,5:27:7,3,[StatementsData_logId:3,DuelResponsesData_logId:8,DuelResponsesData_witty_player_response]
6427026,416,5:27:8,3,[StatementsData_logId:3,DuelResponsesData_logId:8]
6427026,417,5:27:8,3,[StatementsData_logId:3,DuelResponsesData_logId:8]
6427026,418,5:27:8,3,[StatementsData_logId:3,true]
6427026,419,5:27:8,3,[StatementsData_logId:3,4]
6427026,411,5:27:9,3,[StatementsData_logId:3]
6427026,401,5:27:10,3,[StatementsData_logId:4]
6427026,403,5:27:17,3,[StatementsData_logId:4,true]
6427026,405,5:27:18,3,[StatementsData_logId:4]
6427026,406,5:27:19,3,[StatementsData_logId:4,2]
6427026,407,5:27:19,3,[StatementsData_logId:4,FactCardData_id:19]
6427026,407,5:27:19,3,[StatementsData_logId:4,FactCardData_id:23]
6427026,407,5:27:19,3,[StatementsData_logId:4,FactCardData_id:21]
6427026,407,5:27:19,3,[StatementsData_logId:4,FactCardData_id:20]
6427026,407,5:27:19,3,[StatementsData_logId:4,FactCardData_id:18]
6427026,407,5:27:19,3,[StatementsData_logId:4,FactCardData_id:22]
6427026,407,5:27:22,3,[StatementsData_logId:4,FactCardData_id:21]
6427026,407,5:27:22,3,[StatementsData_logId:4,FactCardData_id:21]
6427026,408,5:27:25,3,[StatementsData_logId:4,FactCardData_id:21,false]
6427026,406,5:27:26,3,[StatementsData_logId:4,-2]
6427026,411,5:27:27,3,[StatementsData_logId:4]
6427026,401,5:27:28,3,[StatementsData_logId:5]
6427026,402,5:27:35,3,[StatementsData_logId:5,true]
6427026,405,5:27:35,3,[StatementsData_logId:5]
6427026,406,5:27:36,3,[StatementsData_logId:5,2]
6427026,411,5:27:37,3,[StatementsData_logId:5]
6427026,420,5:27:37,3,[52]
6427026,1005,5:27:37,3,[0,0,2]
6427026,1001,5:27:39,3,[]
6427026,1003,5:27:39,0
6427026,1004,5:27:40,7
6427026,400,5:27:43,7,[]
6427026,401,5:27:44,7,[StatementsData_logId:0]
6427026,404,5:27:44,7,[StatementsData_logId:0,false]
6427026,405,5:27:46,7,[StatementsData_logId:0]
6427026,406,5:27:47,7,[StatementsData_logId:0,-2]
6427026,411,5:27:48,7,[StatementsData_logId:0]
6427026,401,5:27:51,7,[StatementsData_logId:1]
6427026,402,5:27:52,7,[StatementsData_logId:1,true]
6427026,405,5:27:52,7,[StatementsData_logId:1]
6427026,406,5:27:53,7,[StatementsData_logId:1,2]
6427026,411,5:27:54,7,[StatementsData_logId:1]
6427026,401,5:27:55,7,[StatementsData_logId:2]
6427026,402,5:27:58,7,[StatementsData_logId:2,false]
6427026,405,5:27:59,7,[StatementsData_logId:2]
6427026,406,5:28:0,7,[StatementsData_logId:2,-2]
6427026,411,5:28:1,7,[StatementsData_logId:2]
6427026,401,5:28:2,7,[StatementsData_logId:3]
6427026,403,5:28:4,7,[StatementsData_logId:3,false]
6427026,405,5:28:4,7,[StatementsData_logId:3]
6427026,406,5:28:5,7,[StatementsData_logId:3,-2]
6427026,411,5:28:6,7,[StatementsData_logId:3]
6427026,401,5:28:7,7,[StatementsData_logId:4]
6427026,402,5:28:9,7,[StatementsData_logId:4,true]
6427026,405,5:28:9,7,[StatementsData_logId:4]
6427026,406,5:28:12,7,[StatementsData_logId:4,2]
6427026,411,5:28:13,7,[StatementsData_logId:4]
6427026,401,5:28:14,7,[StatementsData_logId:5]
6427026,402,5:28:16,7,[StatementsData_logId:5,true]
6427026,405,5:28:18,7,[StatementsData_logId:5]
6427026,406,5:28:20,7,[StatementsData_logId:5,2]
6427026,411,5:28:21,7,[StatementsData_logId:5]
6427026,420,5:28:21,7,[28]
6427026,1005,5:28:21,7,[0,0,1]
6427026,1000,5:28:21,7,[]
6427026,400,5:28:24,7,[]
6427026,401,5:28:25,7,[StatementsData_logId:0]
6427026,404,5:28:25,7,[StatementsData_logId:0,false]
6427026,405,5:28:25,7,[StatementsData_logId:0]
6427026,406,5:28:26,7,[StatementsData_logId:0,-2]
6427026,411,5:28:29,7,[StatementsData_logId:0]
6427026,401,5:28:30,7,[StatementsData_logId:1]
6427026,402,5:28:30,7,[StatementsData_logId:1,true]
6427026,405,5:28:31,7,[StatementsData_logId:1]
6427026,406,5:28:32,7,[StatementsData_logId:1,2]
6427026,411,5:28:33,7,[StatementsData_logId:1]
6427026,401,5:28:33,7,[StatementsData_logId:2]
6427026,403,5:28:34,7,[StatementsData_logId:2,true]
6427026,405,5:28:35,7,[StatementsData_logId:2]
6427026,406,5:28:35,7,[StatementsData_logId:2,2]
6427026,407,5:28:36,7,[StatementsData_logId:2,FactCardData_id:10]
6427026,407,5:28:36,7,[StatementsData_logId:2,FactCardData_id:16]
6427026,407,5:28:36,7,[StatementsData_logId:2,FactCardData_id:13]
6427026,407,5:28:36,7,[StatementsData_logId:2,FactCardData_id:12]
6427026,407,5:28:36,7,[StatementsData_logId:2,FactCardData_id:15]
6427026,407,5:28:36,7,[StatementsData_logId:2,FactCardData_id:14]
6427026,407,5:28:43,7,[StatementsData_logId:2,FactCardData_id:15]
6427026,407,5:28:43,7,[StatementsData_logId:2,FactCardData_id:15]
6427026,408,5:28:43,7,[StatementsData_logId:2,FactCardData_id:15,true]
6427026,409,5:28:43,7,[StatementsData_logId:2]
6427026,410,5:28:44,7,[StatementsData_logId:2,2]
6427026,412,5:28:45,7,[StatementsData_logId:2]
6427026,413,5:28:45,7,[StatementsData_logId:2,DuelResponsesData_logId:3]
6427026,414,5:28:46,7,[StatementsData_logId:2,DuelResponsesData_logId:3]
6427026,415,5:28:47,7,[StatementsData_logId:2,DuelResponsesData_logId:3,DuelResponsesData_witty_player_response]
6427026,416,5:28:48,7,[StatementsData_logId:2,DuelResponsesData_logId:3]
6427026,417,5:28:48,7,[StatementsData_logId:2,DuelResponsesData_logId:3]
6427026,413,5:28:49,7,[StatementsData_logId:2,DuelResponsesData_logId:4]
6427026,414,5:28:50,7,[StatementsData_logId:2,DuelResponsesData_logId:4]
6427026,415,5:28:51,7,[StatementsData_logId:2,DuelResponsesData_logId:4,DuelResponsesData_witty_player_response]
6427026,416,5:28:51,7,[StatementsData_logId:2,DuelResponsesData_logId:4]
6427026,417,5:28:51,7,[StatementsData_logId:2,DuelResponsesData_logId:4]
6427026,413,5:28:52,7,[StatementsData_logId:2,DuelResponsesData_logId:5]
6427026,414,5:28:52,7,[StatementsData_logId:2,DuelResponsesData_logId:5]
6427026,415,5:28:54,7,[StatementsData_logId:2,DuelResponsesData_logId:5,DuelResponsesData_witty_player_response]
6427026,416,5:28:55,7,[StatementsData_logId:2,DuelResponsesData_logId:5]
6427026,417,5:28:55,7,[StatementsData_logId:2,DuelResponsesData_logId:5]
6427026,418,5:28:55,7,[StatementsData_logId:2,true]
6427026,419,5:28:55,7,[StatementsData_logId:2,4]
6427026,411,5:28:56,7,[StatementsData_logId:2]
6427026,401,5:28:57,7,[StatementsData_logId:3]
6427026,404,5:29:3,7,[StatementsData_logId:3,true]
6427026,406,5:29:3,7,[StatementsData_logId:3,2]
6427026,412,5:29:4,7,[StatementsData_logId:3]
6427026,413,5:29:4,7,[StatementsData_logId:3,DuelResponsesData_logId:6]
6427026,414,5:29:4,7,[StatementsData_logId:3,DuelResponsesData_logId:6]
6427026,415,5:29:5,7,[StatementsData_logId:3,DuelResponsesData_logId:6,DuelResponsesData_witty_player_response]
6427026,416,5:29:6,7,[StatementsData_logId:3,DuelResponsesData_logId:6]
6427026,417,5:29:6,7,[StatementsData_logId:3,DuelResponsesData_logId:6]
6427026,413,5:29:6,7,[StatementsData_logId:3,DuelResponsesData_logId:7]
6427026,414,5:29:6,7,[StatementsData_logId:3,DuelResponsesData_logId:7]
6427026,415,5:29:6,7,[StatementsData_logId:3,DuelResponsesData_logId:7,DuelResponsesData_witty_player_response]
6427026,416,5:29:7,7,[StatementsData_logId:3,DuelResponsesData_logId:7]
6427026,417,5:29:7,7,[StatementsData_logId:3,DuelResponsesData_logId:7]
6427026,413,5:29:7,7,[StatementsData_logId:3,DuelResponsesData_logId:8]
6427026,414,5:29:8,7,[StatementsData_logId:3,DuelResponsesData_logId:8]
6427026,415,5:29:8,7,[StatementsData_logId:3,DuelResponsesData_logId:8,DuelResponsesData_witty_player_response]
6427026,416,5:29:9,7,[StatementsData_logId:3,DuelResponsesData_logId:8]
6427026,417,5:29:9,7,[StatementsData_logId:3,DuelResponsesData_logId:8]
6427026,418,5:29:9,7,[StatementsData_logId:3,true]
6427026,419,5:29:9,7,[StatementsData_logId:3,4]
6427026,411,5:29:10,7,[StatementsData_logId:3]
6427026,401,5:29:11,7,[StatementsData_logId:4]
6427026,404,5:29:12,7,[StatementsData_logId:4,false]
6427026,405,5:29:13,7,[StatementsData_logId:4]
6427026,406,5:29:13,7,[StatementsData_logId:4,-2]
6427026,411,5:29:14,7,[StatementsData_logId:4]
6427026,401,5:29:15,7,[StatementsData_logId:5]
6427026,402,5:29:16,7,[StatementsData_logId:5,true]
6427026,405,5:29:16,7,[StatementsData_logId:5]
6427026,406,5:29:17,7,[StatementsData_logId:5,2]
6427026,411,5:29:18,7,[StatementsData_logId:5]
6427026,420,5:29:18,7,[42]
6427026,1005,5:29:18,7,[0,1,2]
6427026,1001,5:29:20,7,[]
6427026,1003,5:29:20,0
6427026,1004,5:29:21,5
6427026,400,5:29:24,5,[]
6427026,401,5:29:25,5,[StatementsData_logId:0]
6427026,402,5:29:25,5,[StatementsData_logId:0,false]
6427026,405,5:29:26,5,[StatementsData_logId:0]
6427026,406,5:29:27,5,[StatementsData_logId:0,-2]
6427026,411,5:29:28,5,[StatementsData_logId:0]
6427026,401,5:29:28,5,[StatementsData_logId:1]
6427026,403,5:29:29,5,[StatementsData_logId:1,false]
6427026,405,5:29:29,5,[StatementsData_logId:1]
6427026,406,5:29:30,5,[StatementsData_logId:1,-2]
6427026,411,5:29:31,5,[StatementsData_logId:1]
6427026,401,5:29:32,5,[StatementsData_logId:2]
6427026,403,5:29:33,5,[StatementsData_logId:2,true]
6427026,405,5:29:33,5,[StatementsData_logId:2]
6427026,406,5:29:34,5,[StatementsData_logId:2,2]
6427026,407,5:29:34,5,[StatementsData_logId:2,FactCardData_id:4]
6427026,407,5:29:34,5,[StatementsData_logId:2,FactCardData_id:27]
6427026,407,5:29:34,5,[StatementsData_logId:2,FactCardData_id:1]
6427026,407,5:29:34,5,[StatementsData_logId:2,FactCardData_id:24]
6427026,407,5:29:34,5,[StatementsData_logId:2,FactCardData_id:26]
6427026,407,5:29:34,5,[StatementsData_logId:2,FactCardData_id:5]
6427026,407,5:29:36,5,[StatementsData_logId:2,FactCardData_id:26]
6427026,407,5:29:36,5,[StatementsData_logId:2,FactCardData_id:26]
6427026,408,5:29:36,5,[StatementsData_logId:2,FactCardData_id:26,false]
6427026,406,5:29:38,5,[StatementsData_logId:2,-2]
6427026,411,5:29:38,5,[StatementsData_logId:2]
6427026,401,5:29:39,5,[StatementsData_logId:3]
6427026,402,5:29:40,5,[StatementsData_logId:3,true]
6427026,405,5:29:40,5,[StatementsData_logId:3]
6427026,406,5:29:41,5,[StatementsData_logId:3,2]
6427026,411,5:29:42,5,[StatementsData_logId:3]
6427026,401,5:29:43,5,[StatementsData_logId:4]
6427026,402,5:29:43,5,[StatementsData_logId:4,false]
6427026,405,5:29:44,5,[StatementsData_logId:4]
6427026,406,5:29:45,5,[StatementsData_logId:4,-2]
6427026,411,5:29:46,5,[StatementsData_logId:4]
6427026,401,5:29:47,5,[StatementsData_logId:5]
6427026,404,5:29:48,5,[StatementsData_logId:5,false]
6427026,405,5:29:48,5,[StatementsData_logId:5]
6427026,406,5:29:49,5,[StatementsData_logId:5,-2]
6427026,411,5:29:50,5,[StatementsData_logId:5]
6427026,420,5:29:50,5,[36]
6427026,1000,5:29:52,5,[]
6427026,400,5:29:53,5,[]
6427026,401,5:29:54,5,[StatementsData_logId:0]
6427026,403,5:29:54,5,[StatementsData_logId:0,true]
6427026,405,5:29:55,5,[StatementsData_logId:0]
6427026,406,5:29:55,5,[StatementsData_logId:0,2]
6427026,407,5:29:55,5,[StatementsData_logId:0,FactCardData_id:26]
6427026,407,5:29:55,5,[StatementsData_logId:0,FactCardData_id:27]
6427026,407,5:29:55,5,[StatementsData_logId:0,FactCardData_id:1]
6427026,407,5:29:55,5,[StatementsData_logId:0,FactCardData_id:4]
6427026,407,5:29:55,5,[StatementsData_logId:0,FactCardData_id:24]
6427026,407,5:29:55,5,[StatementsData_logId:0,FactCardData_id:5]
6427026,407,5:30:1,5,[StatementsData_logId:0,FactCardData_id:26]
6427026,407,5:30:1,5,[StatementsData_logId:0,FactCardData_id:26]
6427026,408,5:30:2,5,[StatementsData_logId:0,FactCardData_id:26,false]
6427026,406,5:30:4,5,[StatementsData_logId:0,-2]
6427026,411,5:30:6,5,[StatementsData_logId:0]
6427026,401,5:30:7,5,[StatementsData_logId:1]
6427026,404,5:30:8,5,[StatementsData_logId:1,true]
6427026,406,5:30:9,5,[StatementsData_logId:1,2]
6427026,412,5:30:9,5,[StatementsData_logId:1]
6427026,413,5:30:10,5,[StatementsData_logId:1,DuelResponsesData_logId:3]
6427026,414,5:30:10,5,[StatementsData_logId:1,DuelResponsesData_logId:3]
6427026,415,5:30:10,5,[StatementsData_logId:1,DuelResponsesData_logId:3,DuelResponsesData_witty_player_response]
6427026,416,5:30:11,5,[StatementsData_logId:1,DuelResponsesData_logId:3]
6427026,417,5:30:12,5,[StatementsData_logId:1,DuelResponsesData_logId:3]
6427026,413,5:30:12,5,[StatementsData_logId:1,DuelResponsesData_logId:4]
6427026,414,5:30:12,5,[StatementsData_logId:1,DuelResponsesData_logId:4]
6427026,415,5:30:13,5,[StatementsData_logId:1,DuelResponsesData_logId:4,DuelResponsesData_witty_player_response]
6427026,416,5:30:14,5,[StatementsData_logId:1,DuelResponsesData_logId:4]
6427026,417,5:30:14,5,[StatementsData_logId:1,DuelResponsesData_logId:4]
6427026,413,5:30:14,5,[StatementsData_logId:1,DuelResponsesData_logId:5]
6427026,414,5:30:15,5,[StatementsData_logId:1,DuelResponsesData_logId:5]
6427026,415,5:30:16,5,[StatementsData_logId:1,DuelResponsesData_logId:5,DuelResponsesData_lame_player_response]
6427026,416,5:30:17,5,[StatementsData_logId:1,DuelResponsesData_logId:5]
6427026,417,5:30:17,5,[StatementsData_logId:1,DuelResponsesData_logId:5]
6427026,418,5:30:17,5,[StatementsData_logId:1,true]
6427026,419,5:30:18,5,[StatementsData_logId:1,4]
6427026,411,5:30:19,5,[StatementsData_logId:1]
6427026,401,5:30:20,5,[StatementsData_logId:2]
6427026,403,5:30:27,5,[StatementsData_logId:2,true]
6427026,405,5:30:27,5,[StatementsData_logId:2]
6427026,406,5:30:28,5,[StatementsData_logId:2,2]
6427026,407,5:30:28,5,[StatementsData_logId:2,FactCardData_id:4]
6427026,407,5:30:28,5,[StatementsData_logId:2,FactCardData_id:1]
6427026,407,5:30:28,5,[StatementsData_logId:2,FactCardData_id:27]
6427026,407,5:30:28,5,[StatementsData_logId:2,FactCardData_id:5]
6427026,407,5:30:28,5,[StatementsData_logId:2,FactCardData_id:26]
6427026,407,5:30:28,5,[StatementsData_logId:2,FactCardData_id:24]
6427026,407,5:30:33,5,[StatementsData_logId:2,FactCardData_id:24]
6427026,407,5:30:33,5,[StatementsData_logId:2,FactCardData_id:24]
6427026,408,5:30:34,5,[StatementsData_logId:2,FactCardData_id:24,true]
6427026,409,5:30:34,5,[StatementsData_logId:2]
6427026,410,5:30:35,5,[StatementsData_logId:2,2]
6427026,412,5:30:36,5,[StatementsData_logId:2]
6427026,413,5:30:36,5,[StatementsData_logId:2,DuelResponsesData_logId:6]
6427026,414,5:30:36,5,[StatementsData_logId:2,DuelResponsesData_logId:6]
6427026,415,5:30:37,5,[StatementsData_logId:2,DuelResponsesData_logId:6,DuelResponsesData_witty_player_response]
6427026,416,5:30:37,5,[StatementsData_logId:2,DuelResponsesData_logId:6]
6427026,417,5:30:37,5,[StatementsData_logId:2,DuelResponsesData_logId:6]
6427026,413,5:30:38,5,[StatementsData_logId:2,DuelResponsesData_logId:7]
6427026,414,5:30:38,5,[StatementsData_logId:2,DuelResponsesData_logId:7]
6427026,415,5:30:39,5,[StatementsData_logId:2,DuelResponsesData_logId:7,DuelResponsesData_ok_player_response]
6427026,416,5:30:40,5,[StatementsData_logId:2,DuelResponsesData_logId:7]
6427026,417,5:30:40,5,[StatementsData_logId:2,DuelResponsesData_logId:7]
6427026,413,5:30:41,5,[StatementsData_logId:2,DuelResponsesData_logId:8]
6427026,414,5:30:41,5,[StatementsData_logId:2,DuelResponsesData_logId:8]
6427026,415,5:30:42,5,[StatementsData_logId:2,DuelResponsesData_logId:8,DuelResponsesData_witty_player_response]
6427026,416,5:30:43,5,[StatementsData_logId:2,DuelResponsesData_logId:8]
6427026,417,5:30:43,5,[StatementsData_logId:2,DuelResponsesData_logId:8]
6427026,418,5:30:43,5,[StatementsData_logId:2,true]
6427026,419,5:30:43,5,[StatementsData_logId:2,4]
6427026,411,5:30:45,5,[StatementsData_logId:2]
6427026,401,5:30:51,5,[StatementsData_logId:3]
6427026,402,5:30:52,5,[StatementsData_logId:3,true]
6427026,405,5:30:52,5,[StatementsData_logId:3]
6427026,406,5:30:53,5,[StatementsData_logId:3,2]
6427026,411,5:30:54,5,[StatementsData_logId:3]
6427026,401,5:30:59,5,[StatementsData_logId:4]
6427026,403,5:31:0,5,[StatementsData_logId:4,true]
6427026,405,5:31:1,5,[StatementsData_logId:4]
6427026,406,5:31:2,5,[StatementsData_logId:4,2]
6427026,407,5:31:2,5,[StatementsData_logId:4,FactCardData_id:1]
6427026,407,5:31:2,5,[StatementsData_logId:4,FactCardData_id:27]
6427026,407,5:31:2,5,[StatementsData_logId:4,FactCardData_id:5]
6427026,407,5:31:2,5,[StatementsData_logId:4,FactCardData_id:26]
6427026,407,5:31:2,5,[StatementsData_logId:4,FactCardData_id:4]
6427026,407,5:31:2,5,[StatementsData_logId:4,FactCardData_id:24]
6427026,407,5:31:7,5,[StatementsData_logId:4,FactCardData_id:5]
6427026,407,5:31:7,5,[StatementsData_logId:4,FactCardData_id:5]
6427026,407,5:31:8,5,[StatementsData_logId:4,FactCardData_id:4]
6427026,407,5:31:8,5,[StatementsData_logId:4,FactCardData_id:5]
6427026,407,5:31:8,5,[StatementsData_logId:4,FactCardData_id:4]
6427026,408,5:31:9,5,[StatementsData_logId:4,FactCardData_id:4,false]
6427026,406,5:31:10,5,[StatementsData_logId:4,-2]
6427026,411,5:31:11,5,[StatementsData_logId:4]
6427026,401,5:31:12,5,[StatementsData_logId:5]
6427026,404,5:31:12,5,[StatementsData_logId:5,false]
6427026,405,5:31:13,5,[StatementsData_logId:5]
6427026,406,5:31:14,5,[StatementsData_logId:5,-2]
6427026,411,5:31:14,5,[StatementsData_logId:5]
6427026,420,5:31:15,5,[56]
6427026,1005,5:31:15,5,[0,0,1]
6427026,1001,5:31:16,5,[]
6427026,1003,5:31:16,0
6427026,210,5:31:23,720,456
6427026,207,5:31:25,7,-200,0
6427026,207,5:31:27,7,0,-465
6427026,207,5:31:30,7,-465,-915
6427026,207,5:31:31,7,-915,-1033.4
6427026,211,5:31:32,1699,609
6427026,210,5:31:42,513,476
6427026,211,5:31:43,551,525
6427026,212,5:31:44,2
6427026,210,5:31:44,533,486
6427026,211,5:31:45,533,523
6427026,213,5:31:45,7,s_kidsHorrified_G10b1N,true
6427026,205,5:31:45,7,s_kidsHorrified_G10b1N,false,false
6427026,210,5:31:49,229,463
6427026,207,5:31:50,7,-200,0
6427026,207,5:31:53,7,0,-195
6427026,211,5:31:55,903,335
6427026,213,5:31:55,7,s_barCrowd_G10b1N,true
6427026,210,5:31:58,1243,364
6427026,207,5:31:58,7,-195,-285
6427026,207,5:31:59,7,-285,-675
6427026,207,5:32:3,7,-675,-1033.4
6427026,211,5:32:4,1753,446
6427026,213,5:32:4,7,c_crush1_F_b_G10b1N,true
6427026,210,5:32:6,1501,520
6427026,211,5:32:8,1903,373
6427026,213,5:32:8,7,c_cousinsBrothersFriend_b_G10b1N,true
6427026,205,5:32:8,7,c_cousinsBrothersFriend_b_G10b1N,false,false
6427026,210,5:32:12,1869,396
6427026,207,5:32:13,7,-1033.4,-1033.4
6427026,207,5:32:13,7,-1033.4,-1033.4
6427026,211,5:32:15,2047,396
6427026,213,5:32:15,7,s_kid_G10b1N,true
6427026,207,5:32:20,7,-1033.4,-1033.4
6427026,210,5:32:20,1997,511
6427026,211,5:32:20,1944,602
6427026,212,5:32:21,1
6427026,207,5:32:21,7,-1033.4,-1033.4
6427026,210,5:32:21,2017,454
6427026,207,5:32:22,7,-1033.4,-1033.4
6427026,211,5:32:26,1300,431
6427026,213,5:32:26,7,s_carSmashed_G10b1N,true
6427026,205,5:32:26,7,s_carSmashed_G10b1N,false,false
6427026,210,5:32:29,1410,257
6427026,207,5:32:32,7,-1033.4,-268.4
6427026,207,5:32:34,7,-268.4,-13.4
6427026,211,5:32:37,950,493
6427026,221,5:32:42,7
6427026,220,5:32:44,7
6427026,212,5:32:45,0
6427026,210,5:32:45,429,447
6427026,207,5:32:46,7,-200,0
6427026,207,5:32:57,7,0,-165
6427026,207,5:32:59,7,-165,-405
6427026,207,5:33:1,7,-405,-750
6427026,207,5:33:3,7,-750,-1033.4
6427026,207,5:33:4,7,-1033.4,-1033.4
6427026,211,5:33:4,1602,423
6427026,213,5:33:4,7,c_cousinsBrother_b_G10b0,true
6427026,204,5:33:7,7
6427026,103,5:33:13
6427026,104,5:33:29
6427026,100,5:33:30,7
6427026,102,5:33:32,7
6427026,200,5:33:32,7,20,18,20,21,27
