6427016,0,1:7:11,7/10/2013 10:43:26am
6427016,100,1:7:17,0
6427016,102,1:7:18,0
6427016,200,1:7:18,0,2,3,3,0,6
6427016,212,1:7:33,2
6427016,210,1:7:34,947,447
6427016,211,1:7:36,665,381
6427016,213,1:7:36,0,s_paperPlayers_G7a1P,true
6427016,210,1:7:39,901,321
6427016,207,1:7:44,0,-400,0
6427016,211,1:7:48,274,145
6427016,213,1:7:48,0,s_flag_gen,true
6427016,205,1:7:48,0,s_flag_gen,false,false
6427016,212,1:7:53,1
6427016,210,1:7:54,493,403
6427016,211,1:7:56,768,489
6427016,213,1:7:56,0,c_teacherEng_G7a1P,true
6427016,205,1:7:56,0,c_teacherEng_G7a1P,false,true
6427016,210,1:8:0,770,440
6427016,207,1:8:0,0,0,-195
6427016,207,1:8:2,0,-195,-405
6427016,207,1:8:6,0,-405,-240
6427016,207,1:8:9,0,-240,-15
6427016,211,1:8:10,243,409
6427016,213,1:8:10,0,s_papersDetention_gen,true
6427016,210,1:8:14,586,439
6427016,207,1:8:18,0,-15,0
6427016,211,1:8:18,2,630
6427016,210,1:8:19,193,534
6427016,211,1:8:21,747,442
6427016,213,1:8:21,0,c_teacherEng_G7a1P,true
6427016,205,1:8:21,0,c_teacherEng_G7a1P,false,true
6427016,212,1:8:26,0
6427016,210,1:8:27,646,360
6427016,207,1:8:33,0,0,-195
6427016,211,1:8:34,973,486
6427016,213,1:8:34,0,c_bestFriend_F_a_G7a1P,true
6427016,1003,1:8:38,0
6427016,1004,1:8:41,0
6427016,400,1:8:43,0,[]
6427016,401,1:8:47,0,[StatementsData_logId:0]
6427016,403,1:8:51,0,[StatementsData_logId:0,true]
6427016,405,1:8:53,0,[StatementsData_logId:0]
6427016,406,1:8:54,0,[StatementsData_logId:0,2]
6427016,407,1:8:54,0,[StatementsData_logId:0,FactCardData_id:0]
6427016,407,1:8:54,0,[StatementsData_logId:0,FactCardData_id:5]
6427016,407,1:8:54,0,[StatementsData_logId:0,FactCardData_id:7]
6427016,407,1:8:54,0,[StatementsData_logId:0,FactCardData_id:3]
6427016,407,1:8:54,0,[StatementsData_logId:0,FactCardData_id:4]
6427016,407,1:8:54,0,[StatementsData_logId:0,FactCardData_id:6]
6427016,407,1:8:57,0,[StatementsData_logId:0,FactCardData_id:6]
6427016,407,1:8:57,0,[StatementsData_logId:0,FactCardData_id:6]
6427016,408,1:9:0,0,[StatementsData_logId:0,FactCardData_id:6,true]
6427016,409,1:9:0,0,[StatementsData_logId:0]
6427016,410,1:9:2,0,[StatementsData_logId:0,2]
6427016,412,1:9:10,0,[StatementsData_logId:0]
6427016,413,1:9:14,0,[StatementsData_logId:0,DuelResponsesData_logId:0]
6427016,414,1:9:16,0,[StatementsData_logId:0,DuelResponsesData_logId:0]
6427016,415,1:9:33,0,[StatementsData_logId:0,DuelResponsesData_logId:0,DuelResponsesData_ok_player_response]
6427016,416,1:9:34,0,[StatementsData_logId:0,DuelResponsesData_logId:0]
6427016,417,1:9:35,0,[StatementsData_logId:0,DuelResponsesData_logId:0]
6427016,413,1:9:38,0,[StatementsData_logId:0,DuelResponsesData_logId:1]
6427016,414,1:9:42,0,[StatementsData_logId:0,DuelResponsesData_logId:1]
6427016,415,1:9:46,0,[StatementsData_logId:0,DuelResponsesData_logId:1,DuelResponsesData_witty_player_response]
6427016,416,1:9:47,0,[StatementsData_logId:0,DuelResponsesData_logId:1]
6427016,417,1:9:48,0,[StatementsData_logId:0,DuelResponsesData_logId:1]
6427016,413,1:9:57,0,[StatementsData_logId:0,DuelResponsesData_logId:2]
6427016,414,1:9:58,0,[StatementsData_logId:0,DuelResponsesData_logId:2]
6427016,415,1:10:11,0,[StatementsData_logId:0,DuelResponsesData_logId:2,DuelResponsesData_witty_player_response]
6427016,416,1:10:12,0,[StatementsData_logId:0,DuelResponsesData_logId:2]
6427016,417,1:10:15,0,[StatementsData_logId:0,DuelResponsesData_logId:2]
6427016,418,1:10:15,0,[StatementsData_logId:0,true]
6427016,419,1:10:17,0,[StatementsData_logId:0,4]
6427016,411,1:10:21,0,[StatementsData_logId:0]
6427016,401,1:10:25,0,[StatementsData_logId:1]
6427016,402,1:10:30,0,[StatementsData_logId:1,true]
6427016,405,1:10:31,0,[StatementsData_logId:1]
6427016,406,1:10:32,0,[StatementsData_logId:1,2]
6427016,411,1:10:35,0,[StatementsData_logId:1]
6427016,401,1:10:37,0,[StatementsData_logId:2]
6427016,404,1:10:38,0,[StatementsData_logId:2,true]
6427016,406,1:10:38,0,[StatementsData_logId:2,2]
6427016,412,1:10:39,0,[StatementsData_logId:2]
6427016,413,1:10:43,0,[StatementsData_logId:2,DuelResponsesData_logId:3]
6427016,414,1:10:44,0,[StatementsData_logId:2,DuelResponsesData_logId:3]
6427016,415,1:10:53,0,[StatementsData_logId:2,DuelResponsesData_logId:3,DuelResponsesData_ok_player_response]
6427016,416,1:10:53,0,[StatementsData_logId:2,DuelResponsesData_logId:3]
6427016,417,1:10:54,0,[StatementsData_logId:2,DuelResponsesData_logId:3]
6427016,413,1:10:57,0,[StatementsData_logId:2,DuelResponsesData_logId:4]
6427016,414,1:11:1,0,[StatementsData_logId:2,DuelResponsesData_logId:4]
6427016,415,1:11:19,0,[StatementsData_logId:2,DuelResponsesData_logId:4,DuelResponsesData_witty_player_response]
6427016,416,1:11:20,0,[StatementsData_logId:2,DuelResponsesData_logId:4]
6427016,417,1:11:22,0,[StatementsData_logId:2,DuelResponsesData_logId:4]
6427016,413,1:11:29,0,[StatementsData_logId:2,DuelResponsesData_logId:5]
6427016,414,1:11:33,0,[StatementsData_logId:2,DuelResponsesData_logId:5]
6427016,415,1:11:46,0,[StatementsData_logId:2,DuelResponsesData_logId:5,DuelResponsesData_ok_player_response]
6427016,416,1:11:47,0,[StatementsData_logId:2,DuelResponsesData_logId:5]
6427016,417,1:11:48,0,[StatementsData_logId:2,DuelResponsesData_logId:5]
6427016,418,1:11:48,0,[StatementsData_logId:2,true]
6427016,419,1:11:50,0,[StatementsData_logId:2,4]
6427016,411,1:11:55,0,[StatementsData_logId:2]
6427016,401,1:11:56,0,[StatementsData_logId:3]
6427016,402,1:12:3,0,[StatementsData_logId:3,false]
6427016,405,1:12:7,0,[StatementsData_logId:3]
6427016,406,1:12:8,0,[StatementsData_logId:3,-2]
6427016,411,1:12:9,0,[StatementsData_logId:3]
6427016,401,1:12:12,0,[StatementsData_logId:4]
6427016,402,1:12:13,0,[StatementsData_logId:4,true]
6427016,405,1:12:14,0,[StatementsData_logId:4]
6427016,406,1:12:30,0,[StatementsData_logId:4,2]
6427016,411,1:12:32,0,[StatementsData_logId:4]
6427016,401,1:12:34,0,[StatementsData_logId:5]
6427016,404,1:12:35,0,[StatementsData_logId:5,true]
6427016,406,1:12:36,0,[StatementsData_logId:5,2]
6427016,412,1:12:41,0,[StatementsData_logId:5]
6427016,413,1:12:44,0,[StatementsData_logId:5,DuelResponsesData_logId:9]
6427016,414,1:12:46,0,[StatementsData_logId:5,DuelResponsesData_logId:9]
6427016,415,1:12:58,0,[StatementsData_logId:5,DuelResponsesData_logId:9,DuelResponsesData_ok_player_response]
6427016,416,1:12:59,0,[StatementsData_logId:5,DuelResponsesData_logId:9]
6427016,417,1:13:0,0,[StatementsData_logId:5,DuelResponsesData_logId:9]
6427016,413,1:13:3,0,[StatementsData_logId:5,DuelResponsesData_logId:10]
6427016,414,1:13:4,0,[StatementsData_logId:5,DuelResponsesData_logId:10]
6427016,415,1:13:8,0,[StatementsData_logId:5,DuelResponsesData_logId:10,DuelResponsesData_ok_player_response]
6427016,416,1:13:9,0,[StatementsData_logId:5,DuelResponsesData_logId:10]
6427016,417,1:13:10,0,[StatementsData_logId:5,DuelResponsesData_logId:10]
6427016,413,1:13:11,0,[StatementsData_logId:5,DuelResponsesData_logId:11]
6427016,414,1:13:14,0,[StatementsData_logId:5,DuelResponsesData_logId:11]
6427016,415,1:13:20,0,[StatementsData_logId:5,DuelResponsesData_logId:11,DuelResponsesData_witty_player_response]
6427016,416,1:13:20,0,[StatementsData_logId:5,DuelResponsesData_logId:11]
6427016,417,1:13:22,0,[StatementsData_logId:5,DuelResponsesData_logId:11]
6427016,418,1:13:22,0,[StatementsData_logId:5,true]
6427016,419,1:13:24,0,[StatementsData_logId:5,4]
6427016,411,1:13:26,0,[StatementsData_logId:5]
6427016,420,1:13:26,0,[54]
6427016,1000,1:13:29,0,[]
6427016,400,1:13:30,0,[]
6427016,401,1:13:33,0,[StatementsData_logId:0]
6427016,403,1:13:38,0,[StatementsData_logId:0,true]
6427016,405,1:13:38,0,[StatementsData_logId:0]
6427016,406,1:13:39,0,[StatementsData_logId:0,2]
6427016,407,1:13:39,0,[StatementsData_logId:0,FactCardData_id:7]
6427016,407,1:13:39,0,[StatementsData_logId:0,FactCardData_id:0]
6427016,407,1:13:39,0,[StatementsData_logId:0,FactCardData_id:3]
6427016,407,1:13:39,0,[StatementsData_logId:0,FactCardData_id:5]
6427016,407,1:13:39,0,[StatementsData_logId:0,FactCardData_id:4]
6427016,407,1:13:39,0,[StatementsData_logId:0,FactCardData_id:6]
6427016,407,1:13:41,0,[StatementsData_logId:0,FactCardData_id:0]
6427016,407,1:13:41,0,[StatementsData_logId:0,FactCardData_id:0]
6427016,407,1:13:45,0,[StatementsData_logId:0,FactCardData_id:5]
6427016,407,1:13:45,0,[StatementsData_logId:0,FactCardData_id:0]
6427016,407,1:13:45,0,[StatementsData_logId:0,FactCardData_id:5]
6427016,407,1:13:46,0,[StatementsData_logId:0,FactCardData_id:6]
6427016,407,1:13:46,0,[StatementsData_logId:0,FactCardData_id:5]
6427016,407,1:13:46,0,[StatementsData_logId:0,FactCardData_id:6]
6427016,408,1:13:48,0,[StatementsData_logId:0,FactCardData_id:6,true]
6427016,409,1:13:48,0,[StatementsData_logId:0]
6427016,410,1:13:49,0,[StatementsData_logId:0,2]
6427016,412,1:13:54,0,[StatementsData_logId:0]
6427016,413,1:14:7,0,[StatementsData_logId:0,DuelResponsesData_logId:0]
6427016,414,1:14:10,0,[StatementsData_logId:0,DuelResponsesData_logId:0]
6427016,415,1:14:18,0,[StatementsData_logId:0,DuelResponsesData_logId:0,DuelResponsesData_ok_player_response]
6427016,416,1:14:19,0,[StatementsData_logId:0,DuelResponsesData_logId:0]
6427016,417,1:14:20,0,[StatementsData_logId:0,DuelResponsesData_logId:0]
6427016,413,1:14:23,0,[StatementsData_logId:0,DuelResponsesData_logId:1]
6427016,414,1:14:24,0,[StatementsData_logId:0,DuelResponsesData_logId:1]
6427016,415,1:14:26,0,[StatementsData_logId:0,DuelResponsesData_logId:1,DuelResponsesData_witty_player_response]
6427016,416,1:14:27,0,[StatementsData_logId:0,DuelResponsesData_logId:1]
6427016,417,1:14:29,0,[StatementsData_logId:0,DuelResponsesData_logId:1]
6427016,413,1:14:31,0,[StatementsData_logId:0,DuelResponsesData_logId:2]
6427016,414,1:14:32,0,[StatementsData_logId:0,DuelResponsesData_logId:2]
6427016,415,1:14:35,0,[StatementsData_logId:0,DuelResponsesData_logId:2,DuelResponsesData_witty_player_response]
6427016,416,1:14:36,0,[StatementsData_logId:0,DuelResponsesData_logId:2]
6427016,417,1:14:36,0,[StatementsData_logId:0,DuelResponsesData_logId:2]
6427016,418,1:14:36,0,[StatementsData_logId:0,true]
6427016,419,1:14:40,0,[StatementsData_logId:0,4]
6427016,411,1:14:44,0,[StatementsData_logId:0]
6427016,401,1:14:51,0,[StatementsData_logId:1]
6427016,402,1:14:52,0,[StatementsData_logId:1,true]
6427016,405,1:14:53,0,[StatementsData_logId:1]
6427016,406,1:14:54,0,[StatementsData_logId:1,2]
6427016,411,1:14:56,0,[StatementsData_logId:1]
6427016,401,1:14:58,0,[StatementsData_logId:2]
6427016,404,1:14:59,0,[StatementsData_logId:2,true]
6427016,406,1:15:0,0,[StatementsData_logId:2,2]
6427016,412,1:15:4,0,[StatementsData_logId:2]
6427016,413,1:15:7,0,[StatementsData_logId:2,DuelResponsesData_logId:3]
6427016,414,1:15:8,0,[StatementsData_logId:2,DuelResponsesData_logId:3]
6427016,415,1:15:16,0,[StatementsData_logId:2,DuelResponsesData_logId:3,DuelResponsesData_ok_player_response]
6427016,416,1:15:16,0,[StatementsData_logId:2,DuelResponsesData_logId:3]
6427016,417,1:15:17,0,[StatementsData_logId:2,DuelResponsesData_logId:3]
6427016,413,1:15:22,0,[StatementsData_logId:2,DuelResponsesData_logId:4]
6427016,414,1:15:23,0,[StatementsData_logId:2,DuelResponsesData_logId:4]
6427016,415,1:15:28,0,[StatementsData_logId:2,DuelResponsesData_logId:4,DuelResponsesData_witty_player_response]
6427016,416,1:15:30,0,[StatementsData_logId:2,DuelResponsesData_logId:4]
6427016,417,1:15:32,0,[StatementsData_logId:2,DuelResponsesData_logId:4]
6427016,413,1:15:33,0,[StatementsData_logId:2,DuelResponsesData_logId:5]
6427016,414,1:15:34,0,[StatementsData_logId:2,DuelResponsesData_logId:5]
6427016,415,1:15:38,0,[StatementsData_logId:2,DuelResponsesData_logId:5,DuelResponsesData_witty_player_response]
6427016,416,1:15:39,0,[StatementsData_logId:2,DuelResponsesData_logId:5]
6427016,417,1:15:40,0,[StatementsData_logId:2,DuelResponsesData_logId:5]
6427016,418,1:15:40,0,[StatementsData_logId:2,true]
6427016,419,1:15:49,0,[StatementsData_logId:2,4]
6427016,411,1:15:51,0,[StatementsData_logId:2]
6427016,401,1:15:54,0,[StatementsData_logId:3]
6427016,403,1:15:55,0,[StatementsData_logId:3,true]
6427016,405,1:15:56,0,[StatementsData_logId:3]
6427016,406,1:15:57,0,[StatementsData_logId:3,2]
6427016,407,1:15:57,0,[StatementsData_logId:3,FactCardData_id:6]
6427016,407,1:15:57,0,[StatementsData_logId:3,FactCardData_id:4]
6427016,407,1:15:57,0,[StatementsData_logId:3,FactCardData_id:3]
6427016,407,1:15:57,0,[StatementsData_logId:3,FactCardData_id:7]
6427016,407,1:15:57,0,[StatementsData_logId:3,FactCardData_id:0]
6427016,407,1:15:57,0,[StatementsData_logId:3,FactCardData_id:5]
6427016,407,1:15:59,0,[StatementsData_logId:3,FactCardData_id:5]
6427016,407,1:15:59,0,[StatementsData_logId:3,FactCardData_id:5]
6427016,407,1:16:2,0,[StatementsData_logId:3,FactCardData_id:7]
6427016,407,1:16:2,0,[StatementsData_logId:3,FactCardData_id:5]
6427016,407,1:16:2,0,[StatementsData_logId:3,FactCardData_id:7]
6427016,407,1:16:3,0,[StatementsData_logId:3,FactCardData_id:0]
6427016,407,1:16:3,0,[StatementsData_logId:3,FactCardData_id:7]
6427016,407,1:16:3,0,[StatementsData_logId:3,FactCardData_id:0]
6427016,408,1:16:6,0,[StatementsData_logId:3,FactCardData_id:0,true]
6427016,409,1:16:6,0,[StatementsData_logId:3]
6427016,410,1:16:7,0,[StatementsData_logId:3,2]
6427016,412,1:16:12,0,[StatementsData_logId:3]
6427016,413,1:16:16,0,[StatementsData_logId:3,DuelResponsesData_logId:6]
6427016,414,1:16:19,0,[StatementsData_logId:3,DuelResponsesData_logId:6]
6427016,415,1:16:28,0,[StatementsData_logId:3,DuelResponsesData_logId:6,DuelResponsesData_ok_player_response]
6427016,416,1:16:29,0,[StatementsData_logId:3,DuelResponsesData_logId:6]
6427016,417,1:16:30,0,[StatementsData_logId:3,DuelResponsesData_logId:6]
6427016,413,1:16:32,0,[StatementsData_logId:3,DuelResponsesData_logId:7]
6427016,414,1:16:33,0,[StatementsData_logId:3,DuelResponsesData_logId:7]
6427016,415,1:16:40,0,[StatementsData_logId:3,DuelResponsesData_logId:7,DuelResponsesData_ok_player_response]
6427016,416,1:16:41,0,[StatementsData_logId:3,DuelResponsesData_logId:7]
6427016,417,1:16:42,0,[StatementsData_logId:3,DuelResponsesData_logId:7]
6427016,413,1:16:45,0,[StatementsData_logId:3,DuelResponsesData_logId:8]
6427016,414,1:16:46,0,[StatementsData_logId:3,DuelResponsesData_logId:8]
6427016,415,1:17:5,0,[StatementsData_logId:3,DuelResponsesData_logId:8,DuelResponsesData_witty_player_response]
6427016,416,1:17:6,0,[StatementsData_logId:3,DuelResponsesData_logId:8]
6427016,417,1:17:9,0,[StatementsData_logId:3,DuelResponsesData_logId:8]
6427016,418,1:17:9,0,[StatementsData_logId:3,true]
6427016,419,1:17:14,0,[StatementsData_logId:3,4]
6427016,411,1:17:17,0,[StatementsData_logId:3]
6427016,401,1:17:19,0,[StatementsData_logId:4]
6427016,402,1:17:20,0,[StatementsData_logId:4,true]
6427016,405,1:17:21,0,[StatementsData_logId:4]
6427016,406,1:17:22,0,[StatementsData_logId:4,2]
6427016,411,1:17:23,0,[StatementsData_logId:4]
6427016,401,1:17:26,0,[StatementsData_logId:5]
6427016,404,1:17:26,0,[StatementsData_logId:5,true]
6427016,406,1:17:28,0,[StatementsData_logId:5,2]
6427016,412,1:17:31,0,[StatementsData_logId:5]
6427016,413,1:17:33,0,[StatementsData_logId:5,DuelResponsesData_logId:9]
6427016,414,1:17:34,0,[StatementsData_logId:5,DuelResponsesData_logId:9]
6427016,415,1:17:41,0,[StatementsData_logId:5,DuelResponsesData_logId:9,DuelResponsesData_witty_player_response]
6427016,416,1:17:42,0,[StatementsData_logId:5,DuelResponsesData_logId:9]
6427016,417,1:17:44,0,[StatementsData_logId:5,DuelResponsesData_logId:9]
6427016,413,1:17:46,0,[StatementsData_logId:5,DuelResponsesData_logId:10]
6427016,414,1:17:47,0,[StatementsData_logId:5,DuelResponsesData_logId:10]
6427016,415,1:18:23,0,[StatementsData_logId:5,DuelResponsesData_logId:10,DuelResponsesData_ok_player_response]
6427016,416,1:18:23,0,[StatementsData_logId:5,DuelResponsesData_logId:10]
6427016,417,1:18:25,0,[StatementsData_logId:5,DuelResponsesData_logId:10]
6427016,413,1:18:28,0,[StatementsData_logId:5,DuelResponsesData_logId:11]
6427016,414,1:18:29,0,[StatementsData_logId:5,DuelResponsesData_logId:11]
6427016,415,1:18:33,0,[StatementsData_logId:5,DuelResponsesData_logId:11,DuelResponsesData_witty_player_response]
6427016,416,1:18:33,0,[StatementsData_logId:5,DuelResponsesData_logId:11]
6427016,417,1:18:35,0,[StatementsData_logId:5,DuelResponsesData_logId:11]
6427016,418,1:18:35,0,[StatementsData_logId:5,true]
6427016,419,1:18:36,0,[StatementsData_logId:5,4]
6427016,411,1:18:39,0,[StatementsData_logId:5]
6427016,420,1:18:39,0,[64]
6427016,1005,1:18:39,0,[0,2,3]
6427016,1001,1:18:41,0,[]
6427016,1003,1:18:41,0
6427016,210,1:18:46,1025,377
6427016,211,1:18:46,957,447
6427016,213,1:18:46,0,c_bestFriend_F_a_G7a1P,true
6427016,205,1:18:47,0,c_bestFriend_F_a_G7a1P,false,false
6427016,210,1:18:52,993,394
6427016,211,1:18:55,660,366
6427016,213,1:18:55,0,s_paperPlayers_G7a1P,true
6427016,210,1:18:58,784,475
6427016,211,1:19:0,357,583
6427016,207,1:19:0,0,-400,-340
6427016,210,1:19:1,311,542
6427016,207,1:19:1,0,-340,-250
6427016,207,1:19:1,0,-250,0
6427016,211,1:19:4,586,577
6427016,212,1:19:5,1
6427016,210,1:19:5,354,303
6427016,211,1:19:8,783,468
6427016,213,1:19:8,0,c_teacherEng_G7a1P,true
6427016,205,1:19:8,0,c_teacherEng_G7a1P,false,true
6427016,210,1:19:12,551,348
6427016,211,1:19:15,245,408
6427016,213,1:19:15,0,s_papersDetention_gen,true
6427016,212,1:19:19,2
6427016,210,1:19:19,112,295
6427016,207,1:19:22,0,0,-180
6427016,207,1:19:23,0,-180,-420
6427016,207,1:19:24,0,-420,-518
6427016,207,1:19:31,0,-518,-248
6427016,207,1:19:33,0,-248,-53
6427016,211,1:19:33,254,135
6427016,213,1:19:33,0,s_flag_gen,true
6427016,205,1:19:33,0,s_flag_gen,false,true
6427016,210,1:19:38,264,149
6427016,211,1:19:40,812,491
6427016,212,1:19:41,1
6427016,210,1:19:42,349,274
6427016,207,1:19:42,0,-53,-8
6427016,207,1:19:46,0,-8,-188
6427016,211,1:19:47,793,444
6427016,213,1:19:47,0,c_teacherEng_G7a1P,true
6427016,205,1:19:47,0,c_teacherEng_G7a1P,false,true
6427016,210,1:19:51,693,436
6427016,207,1:19:51,0,-188,-293
6427016,207,1:19:53,0,-293,-518
6427016,207,1:20:0,0,-518,-233
6427016,207,1:20:1,0,-233,0
6427016,211,1:20:4,890,593
6427016,212,1:20:5,0
6427016,210,1:20:9,332,352
6427016,211,1:20:13,211,104
6427016,210,1:20:13,233,111
6427016,211,1:20:15,423,333
6427016,210,1:20:16,136,476
6427016,211,1:20:17,294,694
6427016,210,1:20:19,740,466
6427016,207,1:20:21,0,0,-195
6427016,211,1:20:22,970,521
6427016,213,1:20:22,0,c_bestFriend_F_a_G7a1P,true
6427016,205,1:20:22,0,c_bestFriend_F_a_G7a1P,false,true
6427016,210,1:20:27,1053,462
6427016,207,1:20:30,0,-195,-518
6427016,207,1:20:37,0,-518,-218
6427016,207,1:20:39,0,-218,-68
6427016,211,1:20:44,443,574
6427016,212,1:20:45,2
6427016,210,1:20:46,155,232
6427016,211,1:20:49,272,133
6427016,213,1:20:49,0,s_flag_gen,true
6427016,205,1:20:49,0,s_flag_gen,false,true
6427016,210,1:20:53,284,248
6427016,207,1:20:59,0,-68,-338
6427016,207,1:21:1,0,-338,0
6427016,211,1:21:8,793,116
6427016,213,1:21:8,0,s_shakespearePoster_gen,true
6427016,210,1:21:14,667,336
6427016,211,1:21:18,331,510
6427016,210,1:21:20,698,426
6427016,207,1:21:21,0,0,-60
6427016,207,1:21:23,0,-60,-518
6427016,211,1:21:25,1252,621
6427016,210,1:21:25,1396,550
6427016,211,1:21:25,1425,509
6427016,212,1:21:26,0
6427016,212,1:21:27,1
6427016,212,1:21:29,0
6427016,210,1:21:31,1002,335
6427016,211,1:21:36,1524,657
6427016,212,1:21:37,1
6427016,210,1:21:38,792,461
6427016,211,1:21:42,782,469
6427016,213,1:21:42,0,c_teacherEng_G7a1P,true
6427016,205,1:21:42,0,c_teacherEng_G7a1P,false,true
6427016,212,1:21:45,2
6427016,210,1:21:46,732,345
6427016,211,1:21:47,554,345
6427016,207,1:21:47,0,-518,-503
6427016,207,1:21:47,0,-503,-488
6427016,210,1:21:48,609,413
6427016,207,1:21:49,0,-488,0
6427016,211,1:21:50,299,364
6427016,210,1:21:51,267,335
6427016,211,1:22:0,248,154
6427016,213,1:22:0,0,s_flag_gen,true
6427016,205,1:22:0,0,s_flag_gen,false,true
6427016,210,1:22:5,96,99
6427016,211,1:22:6,232,135
6427016,213,1:22:6,0,s_flag_gen,true
6427016,205,1:22:6,0,s_flag_gen,false,true
6427016,210,1:22:13,560,383
6427016,207,1:22:18,0,0,-435
6427016,207,1:22:19,0,-435,-518
6427016,211,1:22:24,1240,382
6427016,212,1:22:25,1
6427016,210,1:22:25,1154,339
6427016,207,1:22:30,0,-518,-53
6427016,211,1:22:33,236,407
6427016,213,1:22:33,0,s_papersDetention_gen,true
6427016,210,1:22:37,291,143
6427016,207,1:22:39,0,-53,-8
6427016,207,1:22:40,0,-8,0
6427016,211,1:22:43,275,127
6427016,212,1:22:51,0
6427016,210,1:22:52,343,282
6427016,207,1:22:59,0,0,-150
6427016,207,1:23:2,0,-150,-465
6427016,207,1:23:3,0,-465,-518
6427016,211,1:23:5,1202,414
6427016,210,1:24:0,1140,105
6427016,211,1:24:3,432,396
6427016,207,1:24:3,0,-518,-413
6427016,207,1:24:3,0,-413,-353
6427016,210,1:24:3,495,348
6427016,211,1:24:8,800,136
6427016,213,1:24:8,0,s_shakespearePoster_gen,true
6427016,210,1:24:10,675,92
6427016,211,1:24:11,696,127
6427016,213,1:24:11,0,s_angelouPoster_gen,true
6427016,210,1:24:14,843,102
6427016,211,1:24:21,660,374
6427016,213,1:24:21,0,s_paperPlayers_G7a1P,true
6427016,210,1:24:23,791,326
6427016,207,1:24:26,0,-353,-98
6427016,211,1:24:34,323,301
6427016,221,1:24:35,0
6427016,220,1:24:41,0
6427016,212,1:24:42,1
6427016,210,1:24:46,855,413
6427016,207,1:24:49,0,-98,0
6427016,207,1:25:12,0,0,-518
6427016,211,1:25:22,1498,328
6427016,213,1:25:22,0,s_paperEnglish_gen,true
6427016,205,1:25:22,0,s_paperEnglish_gen,false,false
6427016,221,1:25:28,0
6427016,220,1:25:29,0
6427016,203,1:25:29,0
6427016,100,1:25:39,1
6427016,102,1:25:41,1
6427016,200,1:25:41,1,3,3,3,0,6
6427016,219,1:25:41,1
6427016,216,1:25:42,Stack_G7b0
6427016,217,1:26:7,Stack_G7b0,20,1.0
6427016,218,1:26:10,1
6427016,210,1:26:15,1339,413
6427016,211,1:26:18,708,461
6427016,213,1:26:18,1,c_crewKid2_F_G7b0,true
6427016,210,1:26:21,672,436
6427016,211,1:26:21,432,298
6427016,207,1:26:21,1,-500,-410
6427016,207,1:26:21,1,-410,-365
6427016,210,1:26:21,481,313
6427016,207,1:26:22,1,-365,0
6427016,211,1:26:25,197,483
6427016,213,1:26:25,1,c_kidSister_afri_a_G7b0,true
6427016,205,1:26:25,1,c_kidSister_afri_a_G7b0,false,false
6427016,210,1:26:32,236,437
6427016,211,1:26:34,431,296
6427016,213,1:26:34,1,c_cousinsBrother_a_G7b0,true
6427016,210,1:26:39,501,331
6427016,211,1:26:40,535,127
6427016,213,1:26:40,1,s_lifeguard_G7b0,true
6427016,210,1:26:43,456,306
6427016,211,1:26:47,1758,459
6427016,207,1:26:47,1,0,-750
6427016,207,1:26:47,1,-750,-810
6427016,210,1:26:47,1757,466
6427016,211,1:26:49,1565,211
6427016,213,1:26:49,1,s_snackBarWorker_G7b0,true
6427016,210,1:26:56,1559,201
6427016,211,1:26:57,1566,231
6427016,213,1:26:57,1,s_snackBarWorker_G7b0,true
6427016,210,1:27:2,1566,176
6427016,211,1:27:5,1148,299
6427016,212,1:27:7,2
6427016,210,1:27:8,1380,268
6427016,211,1:27:9,1371,449
6427016,213,1:27:9,1,c_cousin_F_a_G7b0,true
6427016,210,1:27:14,1599,438
6427016,211,1:27:17,1000,412
6427016,213,1:27:17,1,c_crewKid1_F_G7b0,false
6427016,1003,1:27:21,2
6427016,1004,1:27:24,1
6427016,900,1:27:36,1,[]
6427016,901,1:27:37,1,[PeopleData_id:4]
6427016,902,1:27:38,1,[PeopleData_id:4,PeopleData_data0Type]
6427016,902,1:27:44,1,[PeopleData_id:4,PeopleData_data1Type]
6427016,902,1:27:46,1,[PeopleData_id:4,PeopleData_data2Type]
6427016,902,1:27:51,1,[PeopleData_id:4,PeopleData_data3Type]
6427016,903,1:27:54,1,[PeopleData_id4,PeopleData_data3Type]
6427016,901,1:27:55,1,[PeopleData_id:4]
6427016,904,1:27:55,1,[PeopleData_id:4]
6427016,905,1:27:57,1,[PeopleData_id:4,RankTypes_id:-1,RankTypes_id:3]
6427016,901,1:27:58,1,[PeopleData_id:5]
6427016,902,1:27:59,1,[PeopleData_id:5,PeopleData_data0Type]
6427016,902,1:28:5,1,[PeopleData_id:5,PeopleData_data1Type]
6427016,902,1:28:7,1,[PeopleData_id:5,PeopleData_data1Type]
6427016,902,1:28:9,1,[PeopleData_id:5,PeopleData_data2Type]
6427016,903,1:28:11,1,[PeopleData_id5,PeopleData_data2Type]
6427016,901,1:28:11,1,[PeopleData_id:5]
6427016,904,1:28:12,1,[PeopleData_id:5]
6427016,905,1:28:13,1,[PeopleData_id:5,RankTypes_id:-1,RankTypes_id:2]
6427016,901,1:28:14,1,[PeopleData_id:3]
6427016,902,1:28:15,1,[PeopleData_id:3,PeopleData_data0Type]
6427016,902,1:28:21,1,[PeopleData_id:3,PeopleData_data0Type]
6427016,902,1:28:22,1,[PeopleData_id:3,PeopleData_data1Type]
6427016,902,1:28:27,1,[PeopleData_id:3,PeopleData_data2Type]
6427016,902,1:28:40,1,[PeopleData_id:3,PeopleData_data3Type]
6427016,903,1:28:47,1,[PeopleData_id3,PeopleData_data3Type]
6427016,901,1:28:48,1,[PeopleData_id:3]
6427016,904,1:28:48,1,[PeopleData_id:3]
6427016,905,1:28:50,1,[PeopleData_id:3,RankTypes_id:-1,RankTypes_id:0]
6427016,901,1:28:52,1,[PeopleData_id:1]
6427016,902,1:28:53,1,[PeopleData_id:1,PeopleData_data0Type]
6427016,902,1:28:57,1,[PeopleData_id:1,PeopleData_data1Type]
6427016,902,1:29:2,1,[PeopleData_id:1,PeopleData_data2Type]
6427016,902,1:29:4,1,[PeopleData_id:1,PeopleData_data3Type]
6427016,903,1:29:7,1,[PeopleData_id1,PeopleData_data3Type]
6427016,901,1:29:8,1,[PeopleData_id:1]
6427016,904,1:29:9,1,[PeopleData_id:1]
6427016,905,1:29:9,1,[PeopleData_id:1,RankTypes_id:-1,RankTypes_id:2]
6427016,901,1:29:10,1,[PeopleData_id:6]
6427016,902,1:29:11,1,[PeopleData_id:6,PeopleData_data0Type]
6427016,902,1:29:14,1,[PeopleData_id:6,PeopleData_data1Type]
6427016,902,1:29:18,1,[PeopleData_id:6,PeopleData_data2Type]
6427016,902,1:29:22,1,[PeopleData_id:6,PeopleData_data3Type]
6427016,903,1:29:25,1,[PeopleData_id6,PeopleData_data3Type]
6427016,901,1:29:28,1,[PeopleData_id:6]
6427016,901,1:29:28,1,[PeopleData_id:6]
6427016,901,1:29:29,1,[PeopleData_id:6]
6427016,901,1:29:29,1,[PeopleData_id:6]
6427016,904,1:29:29,1,[PeopleData_id:6]
6427016,905,1:29:30,1,[PeopleData_id:6,RankTypes_id:-1,RankTypes_id:2]
6427016,901,1:29:31,1,[PeopleData_id:0]
6427016,902,1:29:32,1,[PeopleData_id:0,PeopleData_data2Type]
6427016,902,1:29:37,1,[PeopleData_id:0,PeopleData_data1Type]
6427016,902,1:29:41,1,[PeopleData_id:0,PeopleData_data0Type]
6427016,903,1:29:45,1,[PeopleData_id0,PeopleData_data0Type]
6427016,901,1:29:46,1,[PeopleData_id:0]
6427016,904,1:29:46,1,[PeopleData_id:0]
6427016,905,1:29:47,1,[PeopleData_id:0,RankTypes_id:-1,RankTypes_id:0]
6427016,901,1:29:48,1,[PeopleData_id:2]
6427016,902,1:29:50,1,[PeopleData_id:2,PeopleData_data3Type]
6427016,902,1:29:54,1,[PeopleData_id:2,PeopleData_data2Type]
6427016,902,1:30:0,1,[PeopleData_id:2,PeopleData_data1Type]
6427016,902,1:30:3,1,[PeopleData_id:2,PeopleData_data0Type]
6427016,903,1:30:6,1,[PeopleData_id2,PeopleData_data0Type]
6427016,901,1:30:6,1,[PeopleData_id:2]
6427016,904,1:30:6,1,[PeopleData_id:2]
6427016,905,1:30:7,1,[PeopleData_id:2,RankTypes_id:-1,RankTypes_id:0]
6427016,906,1:30:7,1,[]
6427016,907,1:30:8,1,[]
6427016,908,1:30:8,1,[InvitationData_id:6,PeopleData_id:4,RankTypes_id:3]
6427016,909,1:30:11,1,[InvitationData_id:6,PeopleData_id:4,RankTypes_id:3,1]
6427016,910,1:30:12,1,[InvitationData_id:6,7,false]
6427016,908,1:30:12,1,[InvitationData_id:9,PeopleData_id:4,RankTypes_id:3]
6427016,909,1:30:14,1,[InvitationData_id:9,PeopleData_id:4,RankTypes_id:3,1]
6427016,910,1:30:25,1,[InvitationData_id:9,0,true]
6427016,908,1:30:25,1,[InvitationData_id:0,PeopleData_id:4,RankTypes_id:3]
6427016,909,1:30:28,1,[InvitationData_id:0,PeopleData_id:4,RankTypes_id:3,1]
6427016,910,1:30:29,1,[InvitationData_id:0,7,false]
6427016,908,1:30:29,1,[InvitationData_id:1,PeopleData_id:4,RankTypes_id:3]
6427016,909,1:30:32,1,[InvitationData_id:1,PeopleData_id:4,RankTypes_id:3,1]
6427016,910,1:30:33,1,[InvitationData_id:1,7,false]
6427016,908,1:30:33,1,[InvitationData_id:8,PeopleData_id:4,RankTypes_id:3]
6427016,909,1:30:37,1,[InvitationData_id:8,PeopleData_id:4,RankTypes_id:3,0]
6427016,910,1:30:39,1,[InvitationData_id:8,-7,false]
6427016,908,1:30:39,1,[InvitationData_id:3,PeopleData_id:4,RankTypes_id:3]
6427016,909,1:30:45,1,[InvitationData_id:3,PeopleData_id:4,RankTypes_id:3,1]
6427016,910,1:30:46,1,[InvitationData_id:3,7,false]
6427016,908,1:30:46,1,[InvitationData_id:5,PeopleData_id:6,RankTypes_id:2]
6427016,909,1:30:52,1,[InvitationData_id:5,PeopleData_id:6,RankTypes_id:2,1]
6427016,910,1:30:53,1,[InvitationData_id:5,5,false]
6427016,908,1:30:53,1,[InvitationData_id:10,PeopleData_id:4,RankTypes_id:3]
6427016,909,1:30:55,1,[InvitationData_id:10,PeopleData_id:4,RankTypes_id:3,1]
6427016,910,1:30:56,1,[InvitationData_id:10,7,false]
6427016,908,1:30:56,1,[InvitationData_id:2,PeopleData_id:4,RankTypes_id:3]
6427016,909,1:30:59,1,[InvitationData_id:2,PeopleData_id:4,RankTypes_id:3,0]
6427016,910,1:31:1,1,[InvitationData_id:2,-7,false]
6427016,911,1:31:3,1,[26,1,1,1]
6427016,1005,1:31:3,1,[2,0,2]
6427016,1000,1:31:6,1,[]
6427016,900,1:31:7,1,[]
6427016,901,1:31:8,1,[PeopleData_id:3]
6427016,902,1:31:10,1,[PeopleData_id:3,PeopleData_data3Type]
6427016,902,1:31:12,1,[PeopleData_id:3,PeopleData_data2Type]
6427016,902,1:31:14,1,[PeopleData_id:3,PeopleData_data1Type]
6427016,902,1:31:16,1,[PeopleData_id:3,PeopleData_data0Type]
6427016,903,1:31:18,1,[PeopleData_id3,PeopleData_data0Type]
6427016,901,1:31:19,1,[PeopleData_id:3]
6427016,904,1:31:19,1,[PeopleData_id:3]
6427016,905,1:31:21,1,[PeopleData_id:3,RankTypes_id:-1,RankTypes_id:0]
6427016,901,1:31:21,1,[PeopleData_id:0]
6427016,902,1:31:22,1,[PeopleData_id:0,PeopleData_data2Type]
6427016,902,1:31:28,1,[PeopleData_id:0,PeopleData_data1Type]
6427016,902,1:31:30,1,[PeopleData_id:0,PeopleData_data0Type]
6427016,903,1:31:32,1,[PeopleData_id0,PeopleData_data0Type]
6427016,901,1:31:33,1,[PeopleData_id:0]
6427016,904,1:31:33,1,[PeopleData_id:0]
6427016,905,1:31:33,1,[PeopleData_id:0,RankTypes_id:-1,RankTypes_id:0]
6427016,901,1:31:34,1,[PeopleData_id:1]
6427016,902,1:31:36,1,[PeopleData_id:1,PeopleData_data3Type]
6427016,902,1:31:37,1,[PeopleData_id:1,PeopleData_data2Type]
6427016,902,1:31:39,1,[PeopleData_id:1,PeopleData_data1Type]
6427016,902,1:31:40,1,[PeopleData_id:1,PeopleData_data0Type]
6427016,903,1:31:42,1,[PeopleData_id1,PeopleData_data0Type]
6427016,901,1:31:42,1,[PeopleData_id:1]
6427016,904,1:31:42,1,[PeopleData_id:1]
6427016,905,1:31:43,1,[PeopleData_id:1,RankTypes_id:-1,RankTypes_id:2]
6427016,901,1:31:44,1,[PeopleData_id:2]
6427016,902,1:31:46,1,[PeopleData_id:2,PeopleData_data0Type]
6427016,903,1:31:48,1,[PeopleData_id2,PeopleData_data0Type]
6427016,902,1:31:49,1,[PeopleData_id:2,PeopleData_data1Type]
6427016,903,1:31:53,1,[PeopleData_id2,PeopleData_data1Type]
6427016,902,1:31:54,1,[PeopleData_id:2,PeopleData_data2Type]
6427016,902,1:31:54,1,[PeopleData_id:2,PeopleData_data2Type]
6427016,903,1:31:56,1,[PeopleData_id2,PeopleData_data2Type]
6427016,902,1:31:56,1,[PeopleData_id:2,PeopleData_data3Type]
6427016,903,1:31:57,1,[PeopleData_id2,PeopleData_data3Type]
6427016,901,1:31:58,1,[PeopleData_id:2]
6427016,904,1:31:58,1,[PeopleData_id:2]
6427016,905,1:31:59,1,[PeopleData_id:2,RankTypes_id:-1,RankTypes_id:0]
6427016,901,1:32:0,1,[PeopleData_id:6]
6427016,902,1:32:1,1,[PeopleData_id:6,PeopleData_data3Type]
6427016,903,1:32:3,1,[PeopleData_id6,PeopleData_data3Type]
6427016,902,1:32:4,1,[PeopleData_id:6,PeopleData_data2Type]
6427016,903,1:32:8,1,[PeopleData_id6,PeopleData_data2Type]
6427016,902,1:32:9,1,[PeopleData_id:6,PeopleData_data1Type]
6427016,903,1:32:10,1,[PeopleData_id6,PeopleData_data1Type]
6427016,902,1:32:10,1,[PeopleData_id:6,PeopleData_data0Type]
6427016,903,1:32:14,1,[PeopleData_id6,PeopleData_data0Type]
6427016,901,1:32:14,1,[PeopleData_id:6]
6427016,904,1:32:15,1,[PeopleData_id:6]
6427016,905,1:32:15,1,[PeopleData_id:6,RankTypes_id:-1,RankTypes_id:2]
6427016,901,1:32:16,1,[PeopleData_id:4]
6427016,902,1:32:17,1,[PeopleData_id:4,PeopleData_data0Type]
6427016,903,1:32:18,1,[PeopleData_id4,PeopleData_data0Type]
6427016,901,1:32:18,1,[PeopleData_id:4]
6427016,904,1:32:19,1,[PeopleData_id:4]
6427016,905,1:32:19,1,[PeopleData_id:4,RankTypes_id:-1,RankTypes_id:4]
6427016,901,1:32:20,1,[PeopleData_id:5]
6427016,902,1:32:21,1,[PeopleData_id:5,PeopleData_data2Type]
6427016,903,1:32:22,1,[PeopleData_id5,PeopleData_data2Type]
6427016,902,1:32:22,1,[PeopleData_id:5,PeopleData_data1Type]
6427016,903,1:32:23,1,[PeopleData_id5,PeopleData_data1Type]
6427016,902,1:32:24,1,[PeopleData_id:5,PeopleData_data0Type]
6427016,903,1:32:25,1,[PeopleData_id5,PeopleData_data0Type]
6427016,901,1:32:27,1,[PeopleData_id:5]
6427016,904,1:32:27,1,[PeopleData_id:5]
6427016,901,1:32:29,1,[PeopleData_id:5]
6427016,904,1:32:29,1,[PeopleData_id:5]
6427016,905,1:32:30,1,[PeopleData_id:5,RankTypes_id:-1,RankTypes_id:3]
6427016,906,1:32:30,1,[]
6427016,907,1:32:31,1,[]
6427016,908,1:32:31,1,[InvitationData_id:2,PeopleData_id:4,RankTypes_id:4]
6427016,909,1:32:34,1,[InvitationData_id:2,PeopleData_id:4,RankTypes_id:4,0]
6427016,910,1:32:39,1,[InvitationData_id:2,-11,false]
6427016,908,1:32:39,1,[InvitationData_id:8,PeopleData_id:4,RankTypes_id:4]
6427016,909,1:32:43,1,[InvitationData_id:8,PeopleData_id:4,RankTypes_id:4,1]
6427016,910,1:32:45,1,[InvitationData_id:8,9,false]
6427016,908,1:32:45,1,[InvitationData_id:9,PeopleData_id:4,RankTypes_id:4]
6427016,909,1:32:47,1,[InvitationData_id:9,PeopleData_id:4,RankTypes_id:4,1]
6427016,910,1:32:49,1,[InvitationData_id:9,0,true]
6427016,908,1:32:49,1,[InvitationData_id:5,PeopleData_id:6,RankTypes_id:2]
6427016,909,1:32:53,1,[InvitationData_id:5,PeopleData_id:6,RankTypes_id:2,1]
6427016,910,1:32:54,1,[InvitationData_id:5,5,false]
6427016,908,1:32:54,1,[InvitationData_id:6,PeopleData_id:4,RankTypes_id:4]
6427016,909,1:32:57,1,[InvitationData_id:6,PeopleData_id:4,RankTypes_id:4,1]
6427016,910,1:32:58,1,[InvitationData_id:6,9,false]
6427016,908,1:32:58,1,[InvitationData_id:0,PeopleData_id:4,RankTypes_id:4]
6427016,909,1:33:0,1,[InvitationData_id:0,PeopleData_id:4,RankTypes_id:4,1]
6427016,910,1:33:0,1,[InvitationData_id:0,9,false]
6427016,908,1:33:0,1,[InvitationData_id:10,PeopleData_id:4,RankTypes_id:4]
6427016,909,1:33:3,1,[InvitationData_id:10,PeopleData_id:4,RankTypes_id:4,1]
6427016,910,1:33:4,1,[InvitationData_id:10,9,false]
6427016,908,1:33:4,1,[InvitationData_id:3,PeopleData_id:4,RankTypes_id:4]
6427016,909,1:33:6,1,[InvitationData_id:3,PeopleData_id:4,RankTypes_id:4,1]
6427016,910,1:33:7,1,[InvitationData_id:3,9,false]
6427016,908,1:33:7,1,[InvitationData_id:1,PeopleData_id:4,RankTypes_id:4]
6427016,909,1:33:10,1,[InvitationData_id:1,PeopleData_id:4,RankTypes_id:4,1]
6427016,910,1:33:10,1,[InvitationData_id:1,9,false]
6427016,911,1:33:12,1,[48,1,0,1]
6427016,1000,1:33:14,1,[]
6427016,900,1:33:15,1,[]
6427016,901,1:33:17,1,[PeopleData_id:5]
6427016,902,1:33:18,1,[PeopleData_id:5,PeopleData_data2Type]
6427016,902,1:33:19,1,[PeopleData_id:5,PeopleData_data1Type]
6427016,902,1:33:20,1,[PeopleData_id:5,PeopleData_data0Type]
6427016,903,1:33:21,1,[PeopleData_id5,PeopleData_data0Type]
6427016,901,1:33:22,1,[PeopleData_id:5]
6427016,904,1:33:22,1,[PeopleData_id:5]
6427016,905,1:33:25,1,[PeopleData_id:5,RankTypes_id:-1,RankTypes_id:2]
6427016,901,1:33:26,1,[PeopleData_id:2]
6427016,902,1:33:27,1,[PeopleData_id:2,PeopleData_data0Type]
6427016,902,1:33:29,1,[PeopleData_id:2,PeopleData_data1Type]
6427016,902,1:33:30,1,[PeopleData_id:2,PeopleData_data2Type]
6427016,902,1:33:31,1,[PeopleData_id:2,PeopleData_data3Type]
6427016,903,1:33:32,1,[PeopleData_id2,PeopleData_data3Type]
6427016,901,1:33:33,1,[PeopleData_id:2]
6427016,904,1:33:33,1,[PeopleData_id:2]
6427016,905,1:33:34,1,[PeopleData_id:2,RankTypes_id:-1,RankTypes_id:0]
6427016,901,1:33:35,1,[PeopleData_id:1]
6427016,902,1:33:35,1,[PeopleData_id:1,PeopleData_data1Type]
6427016,902,1:33:36,1,[PeopleData_id:1,PeopleData_data2Type]
6427016,902,1:33:37,1,[PeopleData_id:1,PeopleData_data3Type]
6427016,902,1:33:38,1,[PeopleData_id:1,PeopleData_data0Type]
6427016,903,1:33:39,1,[PeopleData_id1,PeopleData_data0Type]
6427016,901,1:33:40,1,[PeopleData_id:1]
6427016,904,1:33:40,1,[PeopleData_id:1]
6427016,905,1:33:41,1,[PeopleData_id:1,RankTypes_id:-1,RankTypes_id:2]
6427016,901,1:33:42,1,[PeopleData_id:3]
6427016,902,1:33:42,1,[PeopleData_id:3,PeopleData_data1Type]
6427016,902,1:33:43,1,[PeopleData_id:3,PeopleData_data2Type]
6427016,902,1:33:44,1,[PeopleData_id:3,PeopleData_data3Type]
6427016,902,1:33:46,1,[PeopleData_id:3,PeopleData_data0Type]
6427016,903,1:33:47,1,[PeopleData_id3,PeopleData_data0Type]
6427016,901,1:33:48,1,[PeopleData_id:3]
6427016,904,1:33:48,1,[PeopleData_id:3]
6427016,905,1:33:48,1,[PeopleData_id:3,RankTypes_id:-1,RankTypes_id:0]
6427016,901,1:33:49,1,[PeopleData_id:6]
6427016,904,1:33:49,1,[PeopleData_id:6]
6427016,902,1:33:49,1,[PeopleData_id:6,PeopleData_data1Type]
6427016,902,1:33:50,1,[PeopleData_id:6,PeopleData_data2Type]
6427016,902,1:33:51,1,[PeopleData_id:6,PeopleData_data3Type]
6427016,902,1:33:52,1,[PeopleData_id:6,PeopleData_data0Type]
6427016,903,1:33:53,1,[PeopleData_id6,PeopleData_data0Type]
6427016,901,1:33:54,1,[PeopleData_id:6]
6427016,904,1:33:54,1,[PeopleData_id:6]
6427016,905,1:33:54,1,[PeopleData_id:6,RankTypes_id:-1,RankTypes_id:2]
6427016,901,1:33:55,1,[PeopleData_id:5]
6427016,905,1:33:55,1,[PeopleData_id:5,RankTypes_id:2,RankTypes_id:2]
6427016,902,1:33:56,1,[PeopleData_id:5,PeopleData_data0Type]
6427016,902,1:33:57,1,[PeopleData_id:5,PeopleData_data1Type]
6427016,902,1:33:58,1,[PeopleData_id:5,PeopleData_data2Type]
6427016,903,1:34:0,1,[PeopleData_id5,PeopleData_data2Type]
6427016,901,1:34:1,1,[PeopleData_id:4]
6427016,902,1:34:2,1,[PeopleData_id:4,PeopleData_data0Type]
6427016,903,1:34:5,1,[PeopleData_id4,PeopleData_data0Type]
6427016,901,1:34:6,1,[PeopleData_id:4]
6427016,904,1:34:6,1,[PeopleData_id:4]
6427016,905,1:34:6,1,[PeopleData_id:4,RankTypes_id:-1,RankTypes_id:3]
6427016,901,1:34:6,1,[PeopleData_id:0]
6427016,902,1:34:7,1,[PeopleData_id:0,PeopleData_data1Type]
6427016,902,1:34:8,1,[PeopleData_id:0,PeopleData_data2Type]
6427016,902,1:34:10,1,[PeopleData_id:0,PeopleData_data0Type]
6427016,903,1:34:11,1,[PeopleData_id0,PeopleData_data0Type]
6427016,901,1:34:12,1,[PeopleData_id:0]
6427016,904,1:34:12,1,[PeopleData_id:0]
6427016,905,1:34:12,1,[PeopleData_id:0,RankTypes_id:-1,RankTypes_id:0]
6427016,906,1:34:12,1,[]
6427016,907,1:34:14,1,[]
6427016,908,1:34:14,1,[InvitationData_id:6,PeopleData_id:4,RankTypes_id:3]
6427016,909,1:34:19,1,[InvitationData_id:6,PeopleData_id:4,RankTypes_id:3,1]
6427016,910,1:34:20,1,[InvitationData_id:6,7,false]
6427016,908,1:34:20,1,[InvitationData_id:8,PeopleData_id:4,RankTypes_id:3]
6427016,909,1:34:25,1,[InvitationData_id:8,PeopleData_id:4,RankTypes_id:3,1]
6427016,910,1:34:26,1,[InvitationData_id:8,7,false]
6427016,908,1:34:26,1,[InvitationData_id:10,PeopleData_id:4,RankTypes_id:3]
6427016,909,1:34:29,1,[InvitationData_id:10,PeopleData_id:4,RankTypes_id:3,1]
6427016,910,1:34:30,1,[InvitationData_id:10,7,false]
6427016,908,1:34:30,1,[InvitationData_id:1,PeopleData_id:4,RankTypes_id:3]
6427016,909,1:34:32,1,[InvitationData_id:1,PeopleData_id:4,RankTypes_id:3,1]
6427016,910,1:34:33,1,[InvitationData_id:1,7,false]
6427016,908,1:34:33,1,[InvitationData_id:5,PeopleData_id:6,RankTypes_id:2]
6427016,909,1:34:37,1,[InvitationData_id:5,PeopleData_id:6,RankTypes_id:2,1]
6427016,910,1:34:38,1,[InvitationData_id:5,5,false]
6427016,908,1:34:38,1,[InvitationData_id:2,PeopleData_id:4,RankTypes_id:3]
6427016,909,1:34:42,1,[InvitationData_id:2,PeopleData_id:4,RankTypes_id:3,0]
6427016,910,1:34:44,1,[InvitationData_id:2,-7,false]
6427016,908,1:34:44,1,[InvitationData_id:0,PeopleData_id:4,RankTypes_id:3]
6427016,909,1:34:46,1,[InvitationData_id:0,PeopleData_id:4,RankTypes_id:3,1]
6427016,910,1:34:47,1,[InvitationData_id:0,7,false]
6427016,908,1:34:47,1,[InvitationData_id:3,PeopleData_id:4,RankTypes_id:3]
6427016,909,1:34:50,1,[InvitationData_id:3,PeopleData_id:4,RankTypes_id:3,1]
6427016,910,1:34:52,1,[InvitationData_id:3,7,false]
6427016,908,1:34:52,1,[InvitationData_id:9,PeopleData_id:4,RankTypes_id:3]
6427016,909,1:34:54,1,[InvitationData_id:9,PeopleData_id:4,RankTypes_id:3,1]
6427016,910,1:34:56,1,[InvitationData_id:9,0,true]
6427016,911,1:34:57,1,[40,1,0,1]
6427016,1000,1:34:59,1,[]
6427016,900,1:35:4,1,[]
6427016,901,1:35:5,1,[PeopleData_id:6]
6427016,902,1:35:6,1,[PeopleData_id:6,PeopleData_data3Type]
6427016,902,1:35:9,1,[PeopleData_id:6,PeopleData_data2Type]
6427016,902,1:35:10,1,[PeopleData_id:6,PeopleData_data1Type]
6427016,902,1:35:11,1,[PeopleData_id:6,PeopleData_data0Type]
6427016,903,1:35:13,1,[PeopleData_id6,PeopleData_data0Type]
6427016,901,1:35:14,1,[PeopleData_id:6]
6427016,904,1:35:14,1,[PeopleData_id:6]
6427016,905,1:35:14,1,[PeopleData_id:6,RankTypes_id:-1,RankTypes_id:2]
6427016,901,1:35:15,1,[PeopleData_id:2]
6427016,902,1:35:16,1,[PeopleData_id:2,PeopleData_data3Type]
6427016,902,1:35:19,1,[PeopleData_id:2,PeopleData_data2Type]
6427016,902,1:35:20,1,[PeopleData_id:2,PeopleData_data1Type]
6427016,902,1:35:21,1,[PeopleData_id:2,PeopleData_data0Type]
6427016,903,1:35:22,1,[PeopleData_id2,PeopleData_data0Type]
6427016,901,1:35:22,1,[PeopleData_id:2]
6427016,904,1:35:22,1,[PeopleData_id:2]
6427016,905,1:35:23,1,[PeopleData_id:2,RankTypes_id:-1,RankTypes_id:0]
6427016,901,1:35:24,1,[PeopleData_id:0]
6427016,902,1:35:24,1,[PeopleData_id:0,PeopleData_data2Type]
6427016,902,1:35:26,1,[PeopleData_id:0,PeopleData_data1Type]
6427016,902,1:35:26,1,[PeopleData_id:0,PeopleData_data0Type]
6427016,903,1:35:27,1,[PeopleData_id0,PeopleData_data0Type]
6427016,901,1:35:28,1,[PeopleData_id:0]
6427016,904,1:35:28,1,[PeopleData_id:0]
6427016,905,1:35:28,1,[PeopleData_id:0,RankTypes_id:-1,RankTypes_id:0]
6427016,901,1:35:29,1,[PeopleData_id:3]
6427016,902,1:35:30,1,[PeopleData_id:3,PeopleData_data0Type]
6427016,902,1:35:30,1,[PeopleData_id:3,PeopleData_data0Type]
6427016,902,1:35:32,1,[PeopleData_id:3,PeopleData_data1Type]
6427016,902,1:35:34,1,[PeopleData_id:3,PeopleData_data2Type]
6427016,902,1:35:34,1,[PeopleData_id:3,PeopleData_data3Type]
6427016,903,1:35:35,1,[PeopleData_id3,PeopleData_data3Type]
6427016,901,1:35:36,1,[PeopleData_id:3]
6427016,904,1:35:36,1,[PeopleData_id:3]
6427016,905,1:35:36,1,[PeopleData_id:3,RankTypes_id:-1,RankTypes_id:0]
6427016,901,1:35:37,1,[PeopleData_id:5]
6427016,902,1:35:38,1,[PeopleData_id:5,PeopleData_data2Type]
6427016,902,1:35:39,1,[PeopleData_id:5,PeopleData_data1Type]
6427016,902,1:35:40,1,[PeopleData_id:5,PeopleData_data0Type]
6427016,903,1:35:41,1,[PeopleData_id5,PeopleData_data0Type]
6427016,901,1:35:42,1,[PeopleData_id:5]
6427016,904,1:35:42,1,[PeopleData_id:5]
6427016,905,1:35:44,1,[PeopleData_id:5,RankTypes_id:-1,RankTypes_id:2]
6427016,901,1:35:45,1,[PeopleData_id:1]
6427016,902,1:35:46,1,[PeopleData_id:1,PeopleData_data2Type]
6427016,902,1:35:47,1,[PeopleData_id:1,PeopleData_data3Type]
6427016,902,1:35:48,1,[PeopleData_id:1,PeopleData_data0Type]
6427016,902,1:35:49,1,[PeopleData_id:1,PeopleData_data1Type]
6427016,903,1:35:50,1,[PeopleData_id1,PeopleData_data1Type]
6427016,901,1:35:51,1,[PeopleData_id:1]
6427016,904,1:35:51,1,[PeopleData_id:1]
6427016,905,1:35:53,1,[PeopleData_id:1,RankTypes_id:-1,RankTypes_id:2]
6427016,901,1:35:53,1,[PeopleData_id:1]
6427016,905,1:35:53,1,[PeopleData_id:1,RankTypes_id:2,RankTypes_id:2]
6427016,901,1:35:53,1,[PeopleData_id:5]
6427016,904,1:35:53,1,[PeopleData_id:5]
6427016,905,1:35:54,1,[PeopleData_id:5,RankTypes_id:2,RankTypes_id:3]
6427016,901,1:35:54,1,[PeopleData_id:4]
6427016,901,1:35:55,1,[PeopleData_id:1]
6427016,904,1:35:55,1,[PeopleData_id:1]
6427016,905,1:35:55,1,[PeopleData_id:1,RankTypes_id:2,RankTypes_id:2]
6427016,901,1:35:56,1,[PeopleData_id:4]
6427016,902,1:35:57,1,[PeopleData_id:4,PeopleData_data1Type]
6427016,902,1:35:59,1,[PeopleData_id:4,PeopleData_data0Type]
6427016,903,1:36:0,1,[PeopleData_id4,PeopleData_data0Type]
6427016,901,1:36:1,1,[PeopleData_id:4]
6427016,904,1:36:1,1,[PeopleData_id:4]
6427016,905,1:36:1,1,[PeopleData_id:4,RankTypes_id:-1,RankTypes_id:3]
6427016,906,1:36:1,1,[]
6427016,907,1:36:3,1,[]
6427016,908,1:36:3,1,[InvitationData_id:8,PeopleData_id:4,RankTypes_id:3]
6427016,909,1:36:6,1,[InvitationData_id:8,PeopleData_id:4,RankTypes_id:3,1]
6427016,910,1:36:7,1,[InvitationData_id:8,7,false]
6427016,908,1:36:7,1,[InvitationData_id:10,PeopleData_id:4,RankTypes_id:3]
6427016,909,1:36:10,1,[InvitationData_id:10,PeopleData_id:4,RankTypes_id:3,1]
6427016,910,1:36:11,1,[InvitationData_id:10,7,false]
6427016,908,1:36:11,1,[InvitationData_id:1,PeopleData_id:4,RankTypes_id:3]
6427016,909,1:36:12,1,[InvitationData_id:1,PeopleData_id:4,RankTypes_id:3,1]
6427016,910,1:36:13,1,[InvitationData_id:1,7,false]
6427016,908,1:36:13,1,[InvitationData_id:9,PeopleData_id:4,RankTypes_id:3]
6427016,909,1:36:17,1,[InvitationData_id:9,PeopleData_id:4,RankTypes_id:3,1]
6427016,910,1:36:18,1,[InvitationData_id:9,0,true]
6427016,908,1:36:18,1,[InvitationData_id:3,PeopleData_id:4,RankTypes_id:3]
6427016,909,1:36:22,1,[InvitationData_id:3,PeopleData_id:4,RankTypes_id:3,1]
6427016,910,1:36:23,1,[InvitationData_id:3,7,false]
6427016,908,1:36:23,1,[InvitationData_id:0,PeopleData_id:4,RankTypes_id:3]
6427016,909,1:36:24,1,[InvitationData_id:0,PeopleData_id:4,RankTypes_id:3,1]
6427016,910,1:36:25,1,[InvitationData_id:0,7,false]
6427016,908,1:36:25,1,[InvitationData_id:6,PeopleData_id:4,RankTypes_id:3]
6427016,909,1:36:27,1,[InvitationData_id:6,PeopleData_id:4,RankTypes_id:3,1]
6427016,910,1:36:28,1,[InvitationData_id:6,7,false]
6427016,908,1:36:28,1,[InvitationData_id:2,PeopleData_id:4,RankTypes_id:3]
6427016,909,1:36:30,1,[InvitationData_id:2,PeopleData_id:4,RankTypes_id:3,0]
6427016,910,1:36:31,1,[InvitationData_id:2,-7,false]
6427016,908,1:36:31,1,[InvitationData_id:5,PeopleData_id:6,RankTypes_id:2]
6427016,909,1:36:34,1,[InvitationData_id:5,PeopleData_id:6,RankTypes_id:2,1]
6427016,910,1:36:36,1,[InvitationData_id:5,5,false]
6427016,911,1:36:38,1,[40,1,0,1]
6427016,1000,1:36:40,1,[]
6427016,900,1:36:41,1,[]
6427016,901,1:36:41,1,[PeopleData_id:1]
6427016,904,1:36:41,1,[PeopleData_id:1]
6427016,902,1:36:42,1,[PeopleData_id:1,PeopleData_data3Type]
6427016,902,1:36:44,1,[PeopleData_id:1,PeopleData_data2Type]
6427016,902,1:36:45,1,[PeopleData_id:1,PeopleData_data1Type]
6427016,902,1:36:45,1,[PeopleData_id:1,PeopleData_data0Type]
6427016,903,1:36:46,1,[PeopleData_id1,PeopleData_data0Type]
6427016,901,1:36:47,1,[PeopleData_id:1]
6427016,904,1:36:47,1,[PeopleData_id:1]
6427016,905,1:36:47,1,[PeopleData_id:1,RankTypes_id:-1,RankTypes_id:2]
6427016,901,1:36:48,1,[PeopleData_id:0]
6427016,904,1:36:48,1,[PeopleData_id:0]
6427016,902,1:36:49,1,[PeopleData_id:0,PeopleData_data2Type]
6427016,902,1:36:50,1,[PeopleData_id:0,PeopleData_data1Type]
6427016,902,1:36:50,1,[PeopleData_id:0,PeopleData_data0Type]
6427016,902,1:36:52,1,[PeopleData_id:0,PeopleData_data2Type]
6427016,903,1:36:54,1,[PeopleData_id0,PeopleData_data2Type]
6427016,901,1:36:54,1,[PeopleData_id:0]
6427016,904,1:36:55,1,[PeopleData_id:0]
6427016,905,1:36:55,1,[PeopleData_id:0,RankTypes_id:-1,RankTypes_id:0]
6427016,901,1:36:55,1,[PeopleData_id:3]
6427016,902,1:36:56,1,[PeopleData_id:3,PeopleData_data0Type]
6427016,902,1:36:59,1,[PeopleData_id:3,PeopleData_data1Type]
6427016,902,1:36:59,1,[PeopleData_id:3,PeopleData_data1Type]
6427016,902,1:37:0,1,[PeopleData_id:3,PeopleData_data3Type]
6427016,902,1:37:1,1,[PeopleData_id:3,PeopleData_data3Type]
6427016,903,1:37:1,1,[PeopleData_id3,PeopleData_data3Type]
6427016,901,1:37:2,1,[PeopleData_id:3]
6427016,904,1:37:2,1,[PeopleData_id:3]
6427016,905,1:37:2,1,[PeopleData_id:3,RankTypes_id:-1,RankTypes_id:0]
6427016,901,1:37:3,1,[PeopleData_id:6]
6427016,902,1:37:4,1,[PeopleData_id:6,PeopleData_data2Type]
6427016,902,1:37:4,1,[PeopleData_id:6,PeopleData_data3Type]
6427016,902,1:37:5,1,[PeopleData_id:6,PeopleData_data1Type]
6427016,902,1:37:6,1,[PeopleData_id:6,PeopleData_data0Type]
6427016,903,1:37:7,1,[PeopleData_id6,PeopleData_data0Type]
6427016,901,1:37:9,1,[PeopleData_id:6]
6427016,904,1:37:9,1,[PeopleData_id:6]
6427016,905,1:37:10,1,[PeopleData_id:6,RankTypes_id:-1,RankTypes_id:2]
6427016,901,1:37:10,1,[PeopleData_id:4]
6427016,904,1:37:10,1,[PeopleData_id:4]
6427016,902,1:37:12,1,[PeopleData_id:4,PeopleData_data3Type]
6427016,902,1:37:12,1,[PeopleData_id:4,PeopleData_data2Type]
6427016,902,1:37:16,1,[PeopleData_id:4,PeopleData_data1Type]
6427016,902,1:37:18,1,[PeopleData_id:4,PeopleData_data0Type]
6427016,903,1:37:19,1,[PeopleData_id4,PeopleData_data0Type]
6427016,901,1:37:20,1,[PeopleData_id:4]
6427016,904,1:37:20,1,[PeopleData_id:4]
6427016,905,1:37:21,1,[PeopleData_id:4,RankTypes_id:-1,RankTypes_id:3]
6427016,901,1:37:21,1,[PeopleData_id:2]
6427016,902,1:37:22,1,[PeopleData_id:2,PeopleData_data2Type]
6427016,902,1:37:23,1,[PeopleData_id:2,PeopleData_data3Type]
6427016,902,1:37:25,1,[PeopleData_id:2,PeopleData_data1Type]
6427016,903,1:37:27,1,[PeopleData_id2,PeopleData_data1Type]
6427016,901,1:37:27,1,[PeopleData_id:5]
6427016,904,1:37:27,1,[PeopleData_id:5]
6427016,905,1:37:28,1,[PeopleData_id:5,RankTypes_id:-1,RankTypes_id:0]
6427016,901,1:37:28,1,[PeopleData_id:2]
6427016,901,1:37:29,1,[PeopleData_id:5]
6427016,904,1:37:30,1,[PeopleData_id:5]
6427016,901,1:37:30,1,[PeopleData_id:2]
6427016,904,1:37:30,1,[PeopleData_id:2]
6427016,901,1:37:32,1,[PeopleData_id:5]
6427016,904,1:37:32,1,[PeopleData_id:5]
6427016,901,1:37:33,1,[PeopleData_id:2]
6427016,904,1:37:33,1,[PeopleData_id:2]
6427016,905,1:37:34,1,[PeopleData_id:2,RankTypes_id:-1,RankTypes_id:0]
6427016,906,1:37:34,1,[]
6427016,901,1:37:35,1,[PeopleData_id:5]
6427016,905,1:37:35,1,[PeopleData_id:5,RankTypes_id:0,RankTypes_id:0]
6427016,902,1:37:36,1,[PeopleData_id:5,PeopleData_data1Type]
6427016,902,1:37:36,1,[PeopleData_id:5,PeopleData_data2Type]
6427016,903,1:37:37,1,[PeopleData_id5,PeopleData_data2Type]
6427016,901,1:37:38,1,[PeopleData_id:5]
6427016,904,1:37:38,1,[PeopleData_id:5]
6427016,905,1:37:39,1,[PeopleData_id:5,RankTypes_id:0,RankTypes_id:3]
6427016,907,1:37:42,1,[]
6427016,908,1:37:42,1,[InvitationData_id:2,PeopleData_id:4,RankTypes_id:3]
6427016,909,1:37:47,1,[InvitationData_id:2,PeopleData_id:4,RankTypes_id:3,0]
6427016,910,1:37:50,1,[InvitationData_id:2,-7,false]
6427016,908,1:37:50,1,[InvitationData_id:9,PeopleData_id:4,RankTypes_id:3]
6427016,909,1:37:53,1,[InvitationData_id:9,PeopleData_id:4,RankTypes_id:3,0]
6427016,910,1:37:55,1,[InvitationData_id:9,-7,false]
6427016,908,1:37:55,1,[InvitationData_id:0,PeopleData_id:4,RankTypes_id:3]
6427016,909,1:37:56,1,[InvitationData_id:0,PeopleData_id:4,RankTypes_id:3,1]
6427016,910,1:37:57,1,[InvitationData_id:0,7,false]
6427016,908,1:37:57,1,[InvitationData_id:1,PeopleData_id:4,RankTypes_id:3]
6427016,909,1:37:59,1,[InvitationData_id:1,PeopleData_id:4,RankTypes_id:3,1]
6427016,910,1:38:0,1,[InvitationData_id:1,7,false]
6427016,908,1:38:0,1,[InvitationData_id:5,PeopleData_id:6,RankTypes_id:2]
6427016,909,1:38:2,1,[InvitationData_id:5,PeopleData_id:6,RankTypes_id:2,1]
6427016,910,1:38:3,1,[InvitationData_id:5,5,false]
6427016,908,1:38:3,1,[InvitationData_id:3,PeopleData_id:4,RankTypes_id:3]
6427016,909,1:38:5,1,[InvitationData_id:3,PeopleData_id:4,RankTypes_id:3,1]
6427016,910,1:38:5,1,[InvitationData_id:3,7,false]
6427016,908,1:38:5,1,[InvitationData_id:10,PeopleData_id:4,RankTypes_id:3]
6427016,909,1:38:7,1,[InvitationData_id:10,PeopleData_id:4,RankTypes_id:3,1]
6427016,910,1:38:8,1,[InvitationData_id:10,7,false]
6427016,908,1:38:8,1,[InvitationData_id:6,PeopleData_id:4,RankTypes_id:3]
6427016,909,1:38:10,1,[InvitationData_id:6,PeopleData_id:4,RankTypes_id:3,1]
6427016,910,1:38:10,1,[InvitationData_id:6,7,false]
6427016,908,1:38:10,1,[InvitationData_id:8,PeopleData_id:4,RankTypes_id:3]
6427016,909,1:38:12,1,[InvitationData_id:8,PeopleData_id:4,RankTypes_id:3,1]
6427016,910,1:38:13,1,[InvitationData_id:8,7,false]
6427016,911,1:38:15,1,[33,0,0,0]
6427016,1005,1:38:15,1,[2,2,3]
6427016,1001,1:38:16,1,[]
6427016,1003,1:38:16,2
6427016,210,1:38:22,1363,451
6427016,211,1:38:23,963,514
6427016,213,1:38:23,1,c_crewKid1_F_G7b0,true
6427016,205,1:38:23,1,c_crewKid1_F_G7b0,false,false
6427016,210,1:38:27,911,470
6427016,211,1:38:27,676,479
6427016,213,1:38:27,1,c_crewKid2_F_G7b0,true
6427016,212,1:38:31,0
6427016,207,1:38:32,1,-500,-515
6427016,210,1:38:32,1330,448
6427016,207,1:38:33,1,-515,-725
6427016,207,1:38:36,1,-725,-425
6427016,211,1:38:37,573,504
6427016,213,1:38:37,1,s_backpack_F_G7b0,true
6427016,205,1:38:37,1,s_backpack_F_G7b0,false,false
6427016,221,1:38:43,1
6427016,220,1:38:46,1
6427016,219,1:38:46,1
6427016,216,1:38:48,Stack_G7b1N
6427016,217,1:39:7,Stack_G7b1N,17,0.00
6427016,218,1:39:9,1
6427016,210,1:39:10,986,573
6427016,211,1:39:11,1112,693
6427016,212,1:39:11,2
6427016,210,1:39:12,952,559
6427016,211,1:39:14,619,290
6427016,213,1:39:14,1,c_teacherEng_G7b1N,true
6427016,210,1:39:19,830,346
6427016,207,1:39:20,1,-200,-140
6427016,207,1:39:21,1,-140,0
6427016,207,1:39:27,1,0,-105
6427016,207,1:39:27,1,-105,-150
6427016,211,1:39:27,1198,399
6427016,207,1:39:27,1,-150,-195
6427016,207,1:39:28,1,-195,-255
6427016,207,1:39:28,1,-255,-285
6427016,210,1:39:28,1203,340
6427016,211,1:39:29,1395,238
6427016,207,1:39:29,1,-285,-390
6427016,207,1:39:30,1,-390,-420
6427016,210,1:39:30,1308,408
6427016,207,1:39:31,1,-420,-1027
6427016,211,1:39:33,1894,169
6427016,213,1:39:33,1,c_crewKid1_F_G7b1N,true
6427016,205,1:39:33,1,c_crewKid1_F_G7b1N,false,false
6427016,210,1:39:40,1904,147
6427016,211,1:39:44,2043,618
6427016,212,1:39:44,1
6427016,210,1:39:45,1767,452
6427016,207,1:39:48,1,-1027,-832
6427016,211,1:39:49,1019,602
6427016,213,1:39:49,1,c_kidSister_afri_a_G7b1N,true
6427016,205,1:39:49,1,c_kidSister_afri_a_G7b1N,false,false
6427016,210,1:40:2,1033,432
6427016,207,1:40:3,1,-832,-637
6427016,211,1:40:4,780,413
6427016,213,1:40:4,1,c_cousin_F_a_G7b1N,true
6427016,210,1:40:8,831,460
6427016,211,1:40:11,1003,432
6427016,210,1:40:11,954,405
6427016,211,1:40:13,900,457
6427016,213,1:40:13,1,s_wreckedPlants_G7b1N,true
6427016,210,1:40:17,756,407
6427016,207,1:40:18,1,-637,-382
6427016,207,1:40:19,1,-382,-127
6427016,211,1:40:21,251,130
6427016,213,1:40:21,1,s_flag_G7b1N,true
6427016,210,1:40:25,368,284
6427016,207,1:40:25,1,-127,0
6427016,211,1:40:28,888,694
6427016,212,1:40:29,2
6427016,212,1:40:30,0
6427016,207,1:40:30,1,0,-45
6427016,210,1:40:30,891,498
6427016,207,1:40:32,1,-45,-150
6427016,211,1:40:34,885,602
6427016,213,1:40:34,1,s_sprayPaintCan_G7b1N,true
6427016,205,1:40:34,1,s_sprayPaintCan_G7b1N,false,false
6427016,210,1:40:38,1008,409
6427016,207,1:40:43,1,-150,-360
6427016,211,1:40:44,1219,209
6427016,213,1:40:44,1,s_graffiti_G7b1N,true
6427016,205,1:40:44,1,s_graffiti_G7b1N,false,false
6427016,210,1:40:47,1060,337
6427016,207,1:40:48,1,-360,-795
6427016,211,1:40:50,1845,98
6427016,207,1:40:50,1,-795,-840
6427016,207,1:40:50,1,-840,-870
6427016,210,1:40:51,1820,181
6427016,207,1:40:51,1,-870,-1027
6427016,211,1:40:52,1964,176
6427016,213,1:40:52,1,c_crewKid2_F_a_G7b1N,true
6427016,210,1:40:56,1847,350
6427016,211,1:40:56,1651,452
6427016,213,1:40:56,1,s_brokenCarWindow_G7b1N,true
6427016,205,1:40:56,1,s_brokenCarWindow_G7b1N,false,false
6427016,221,1:41:13,1
6427016,220,1:41:20,1
6427016,1003,1:41:20,3
6427016,1004,1:41:22,0
6427016,500,1:42:7,0,[]
6427016,501,1:42:9,0,[]
6427016,502,1:42:23,0,[IntentionData_logId:2,true]
6427016,503,1:42:25,0,[]
6427016,504,1:42:41,0,[InfluenceData_logId:7]
6427016,504,1:42:49,0,[InfluenceData_logId:3]
6427016,504,1:42:50,0,[InfluenceData_logId:2]
6427016,505,1:42:52,0,[InfluenceData_logId:2,true,InfluenceData_logId:3,true,InfluenceData_logId:7,true]
6427016,506,1:42:53,0,[]
6427016,507,1:43:54,0,[OpponentAttackData_logId:3,OpponentAttackTypeData_logId:1,false,30]
6427016,508,1:43:57,0,[]
6427016,509,1:44:11,0,[RefusalData_logId:8,2]
6427016,510,1:44:23,0,[AvailableRefusalData_logId:8,1A]
6427016,510,1:44:25,0,[AvailableRefusalData_logId:8,1C]
6427016,510,1:44:29,0,[AvailableRefusalData_logId:8,2C]
6427016,510,1:44:33,0,[AvailableRefusalData_logId:8,1B]
6427016,510,1:44:34,0,[AvailableRefusalData_logId:8,1A]
6427016,510,1:44:37,0,[AvailableRefusalData_logId:8,2A]
6427016,510,1:44:39,0,[AvailableRefusalData_logId:8,0A]
6427016,511,1:44:48,0,[AvailableRefusalData_logId:8,0A,1A,2A,true,50]
6427016,512,1:44:52,0,[]
6427016,513,1:44:52,0,[0]
6427016,514,1:44:55,0,[]
6427016,507,1:45:2,0,[OpponentAttackData_logId:0,OpponentAttackTypeData_logId:2,false,30]
6427016,508,1:45:5,0,[]
6427016,509,1:45:10,0,[RefusalData_logId:2,2]
6427016,510,1:45:15,0,[AvailableRefusalData_logId:2,0A]
6427016,510,1:45:25,0,[AvailableRefusalData_logId:2,1A]
6427016,510,1:45:27,0,[AvailableRefusalData_logId:2,2A]
6427016,510,1:45:33,0,[AvailableRefusalData_logId:2,1B]
6427016,510,1:45:34,0,[AvailableRefusalData_logId:2,2B]
6427016,511,1:45:35,0,[AvailableRefusalData_logId:2,0A,1B,2B,false,0]
6427016,512,1:45:38,0,[]
6427016,513,1:45:38,0,[30]
6427016,514,1:45:44,0,[]
6427016,507,1:46:10,0,[OpponentAttackData_logId:1,OpponentAttackTypeData_logId:3,true,0]
6427016,508,1:46:13,0,[]
6427016,509,1:46:22,0,[RefusalData_logId:4,1]
6427016,510,1:46:46,0,[AvailableRefusalData_logId:4,0A]
6427016,510,1:46:47,0,[AvailableRefusalData_logId:4,1A]
6427016,510,1:46:47,0,[AvailableRefusalData_logId:4,2B]
6427016,511,1:46:48,0,[AvailableRefusalData_logId:4,0A,1A,2B,false,0]
6427016,512,1:46:51,0,[]
6427016,513,1:46:51,0,[30]
6427016,514,1:46:55,0,[]
6427016,507,1:47:0,0,[OpponentAttackData_logId:2,OpponentAttackTypeData_logId:4,true,0]
6427016,508,1:47:3,0,[]
6427016,509,1:47:8,0,[RefusalData_logId:6,2]
6427016,510,1:47:38,0,[AvailableRefusalData_logId:6,0A]
6427016,510,1:47:44,0,[AvailableRefusalData_logId:6,0C]
6427016,510,1:47:45,0,[AvailableRefusalData_logId:6,1C]
6427016,510,1:47:48,0,[AvailableRefusalData_logId:6,2B]
6427016,511,1:47:49,0,[AvailableRefusalData_logId:6,0C,1C,2B,false,0]
6427016,512,1:47:53,0,[]
6427016,513,1:47:53,0,[30]
6427016,515,1:47:55,0,[0,50]
6427016,516,1:47:57,0,[]
6427016,517,1:47:59,0,[]
6427016,1000,1:48:5,0,[]
6427016,500,1:51:32,0,[]
6427016,501,1:51:35,0,[]
6427016,502,1:51:44,0,[IntentionData_logId:2,true]
6427016,503,1:51:47,0,[]
6427016,504,1:51:53,0,[InfluenceData_logId:8]
6427016,504,1:52:1,0,[InfluenceData_logId:2]
6427016,504,1:52:5,0,[InfluenceData_logId:1]
6427016,504,1:52:7,0,[InfluenceData_logId:0]
6427016,504,1:52:10,0,[InfluenceData_logId:5]
6427016,504,1:52:12,0,[InfluenceData_logId:3]
6427016,504,1:52:14,0,[InfluenceData_logId:4]
6427016,504,1:52:18,0,[InfluenceData_logId:7]
6427016,504,1:52:21,0,[InfluenceData_logId:1]
6427016,504,1:52:23,0,[InfluenceData_logId:2]
6427016,505,1:52:28,0,[InfluenceData_logId:2,true,InfluenceData_logId:4,true,InfluenceData_logId:7,true]
6427016,506,1:52:31,0,[]
6427016,507,1:52:50,0,[OpponentAttackData_logId:3,OpponentAttackTypeData_logId:2,true,0]
6427016,508,1:52:52,0,[]
6427016,509,1:53:8,0,[RefusalData_logId:2,2]
6427016,510,1:53:11,0,[AvailableRefusalData_logId:2,0A]
6427016,510,1:53:18,0,[AvailableRefusalData_logId:2,1B]
6427016,510,1:53:19,0,[AvailableRefusalData_logId:2,2B]
6427016,511,1:53:20,0,[AvailableRefusalData_logId:2,0A,1B,2B,false,0]
6427016,512,1:53:22,0,[]
6427016,513,1:53:22,0,[30]
6427016,514,1:53:26,0,[]
6427016,507,1:53:41,0,[OpponentAttackData_logId:1,OpponentAttackTypeData_logId:2,false,30]
6427016,508,1:53:44,0,[]
6427016,509,1:53:55,0,[RefusalData_logId:7,0]
6427016,510,1:54:26,0,[AvailableRefusalData_logId:7,0A]
6427016,510,1:54:26,0,[AvailableRefusalData_logId:7,1A]
6427016,510,1:54:27,0,[AvailableRefusalData_logId:7,2A]
6427016,511,1:54:28,0,[AvailableRefusalData_logId:7,0A,1A,2A,true,20]
6427016,512,1:54:32,0,[]
6427016,513,1:54:32,0,[30]
6427016,514,1:54:36,0,[]
6427016,507,1:54:45,0,[OpponentAttackData_logId:0,OpponentAttackTypeData_logId:1,true,0]
6427016,508,1:55:43,0,[]
6427016,509,1:55:55,0,[RefusalData_logId:8,2]
6427016,510,1:56:6,0,[AvailableRefusalData_logId:8,0A]
6427016,510,1:56:9,0,[AvailableRefusalData_logId:8,1A]
6427016,510,1:56:10,0,[AvailableRefusalData_logId:8,2A]
6427016,511,1:56:11,0,[AvailableRefusalData_logId:8,0A,1A,2A,true,50]
6427016,512,1:56:14,0,[]
6427016,513,1:56:14,0,[0]
6427016,514,1:56:20,0,[]
6427016,507,1:56:27,0,[OpponentAttackData_logId:2,OpponentAttackTypeData_logId:4,true,0]
6427016,508,1:56:30,0,[]
6427016,509,1:56:35,0,[RefusalData_logId:6,2]
6427016,510,1:57:1,0,[AvailableRefusalData_logId:6,0C]
6427016,510,1:57:2,0,[AvailableRefusalData_logId:6,1A]
6427016,510,1:57:3,0,[AvailableRefusalData_logId:6,2A]
6427016,511,1:57:4,0,[AvailableRefusalData_logId:6,0C,1A,2A,false,0]
6427016,512,1:57:7,0,[]
6427016,513,1:57:7,0,[30]
6427016,514,1:57:11,0,[]
6427016,515,1:57:11,0,[30,30]
6427016,516,1:57:14,0,[]
6427016,517,1:57:16,0,[]
6427016,1000,1:58:30,0,[]
6427016,500,1:58:32,0,[]
6427016,501,1:58:36,0,[]
6427016,502,1:58:44,0,[IntentionData_logId:2,true]
6427016,503,1:58:46,0,[]
6427016,504,1:59:24,0,[InfluenceData_logId:4]
6427016,504,1:59:26,0,[InfluenceData_logId:2]
6427016,504,1:59:27,0,[InfluenceData_logId:7]
6427016,505,1:59:28,0,[InfluenceData_logId:2,true,InfluenceData_logId:4,true,InfluenceData_logId:7,true]
6427016,506,1:59:30,0,[]
6427016,507,1:59:48,0,[OpponentAttackData_logId:1,OpponentAttackTypeData_logId:2,false,30]
6427016,508,1:59:50,0,[]
6427016,1002,1:59:53,0
6427016,1003,1:59:53,3
6427016,1004,1:59:56,0
6427016,500,2:0:19,0,[]
6427016,501,2:0:21,0,[]
6427016,502,2:0:25,0,[IntentionData_logId:2,true]
6427016,503,2:0:27,0,[]
6427016,504,2:0:30,0,[InfluenceData_logId:1]
6427016,504,2:0:32,0,[InfluenceData_logId:4]
6427016,504,2:0:34,0,[InfluenceData_logId:6]
6427016,505,2:0:37,0,[InfluenceData_logId:1,true,InfluenceData_logId:4,true,InfluenceData_logId:6,true]
6427016,506,2:0:38,0,[]
6427016,507,2:0:50,0,[OpponentAttackData_logId:3,OpponentAttackTypeData_logId:2,true,0]
6427016,508,2:0:53,0,[]
6427016,509,2:1:6,0,[RefusalData_logId:2,2]
6427016,510,2:1:11,0,[AvailableRefusalData_logId:2,0A]
6427016,510,2:1:12,0,[AvailableRefusalData_logId:2,1A]
6427016,510,2:1:13,0,[AvailableRefusalData_logId:2,2A]
6427016,511,2:1:16,0,[AvailableRefusalData_logId:2,0A,1A,2A,true,50]
6427016,512,2:1:20,0,[]
6427016,513,2:1:20,0,[0]
6427016,514,2:1:22,0,[]
6427016,507,2:1:27,0,[OpponentAttackData_logId:2,OpponentAttackTypeData_logId:4,true,0]
6427016,508,2:1:30,0,[]
6427016,509,2:1:40,0,[RefusalData_logId:8,2]
6427016,510,2:2:1,0,[AvailableRefusalData_logId:8,0A]
6427016,510,2:2:3,0,[AvailableRefusalData_logId:8,1A]
6427016,510,2:2:6,0,[AvailableRefusalData_logId:8,2A]
6427016,511,2:2:8,0,[AvailableRefusalData_logId:8,0A,1A,2A,true,50]
6427016,512,2:2:11,0,[]
6427016,515,2:2:11,0,[150,0]
6427016,516,2:2:14,0,[]
6427016,517,2:2:16,0,[]
6427016,1005,2:2:16,0,[3,0,3]
6427016,1001,2:2:18,0,[]
6427016,1003,2:2:18,3
6427016,210,2:2:24,929,504
6427016,211,2:2:25,955,594
6427016,221,2:2:34,1
6427016,220,2:2:36,1
6427016,219,2:2:36,1
6427016,216,2:2:38,Stack_G7b1P
6427016,217,2:3:45,Stack_G7b1P,19,0.33
6427016,218,2:3:47,1
6427016,212,2:3:54,2
6427016,207,2:3:54,1,-200,-260
6427016,210,2:3:54,1146,480
6427016,207,2:3:54,1,-260,-320
6427016,207,2:3:57,1,-320,-545
6427016,207,2:3:58,1,-545,-770
6427016,207,2:4:0,1,-770,-980
6427016,211,2:4:1,1808,259
6427016,213,2:4:1,1,c_crush1_F_a_G7b1P,true
6427016,210,2:4:7,1313,374
6427016,207,2:4:8,1,-980,-905
6427016,211,2:4:9,865,489
6427016,207,2:4:9,1,-905,-845
6427016,207,2:4:9,1,-845,-830
6427016,210,2:4:10,1039,361
6427016,207,2:4:11,1,-830,-305
6427016,211,2:4:13,267,375
6427016,207,2:4:13,1,-305,-245
6427016,210,2:4:13,209,423
6427016,207,2:4:13,1,-245,-80
6427016,207,2:4:15,1,-80,0
6427016,211,2:4:15,4,342
6427016,210,2:4:15,78,381
6427016,211,2:4:18,217,461
6427016,219,2:4:28,1
6427016,216,2:4:28,Stack_G7b2N
6427016,217,2:4:38,Stack_G7b2N,7.8,0.00
6427016,218,2:4:41,1
6427016,210,2:4:42,785,427
6427016,211,2:4:43,953,589
6427016,210,2:4:44,505,447
6427016,211,2:4:47,687,334
6427016,213,2:4:47,1,c_cousinsBrother_a_G7b2N,true
6427016,210,2:4:53,633,397
6427016,211,2:4:53,397,428
6427016,213,2:4:53,1,c_cousinsBrothersFriend_a_G7b2N,true
6427016,210,2:4:58,291,381
6427016,211,2:4:59,288,456
6427016,210,2:4:59,205,414
6427016,207,2:5:0,1,-106,0
6427016,211,2:5:1,196,329
6427016,210,2:5:1,119,353
6427016,211,2:5:2,161,330
6427016,213,2:5:2,1,s_kidPool1_G7b2N,true
6427016,210,2:5:5,271,241
6427016,207,2:5:11,1,0,-106
6427016,211,2:5:12,943,225
6427016,213,2:5:12,1,c_crewKid2_F_G7b2N,true
6427016,210,2:5:15,997,186
6427016,211,2:5:16,1124,318
6427016,210,2:5:16,1067,348
6427016,211,2:5:17,1128,487
6427016,210,2:5:18,948,447
6427016,211,2:5:18,839,452
6427016,210,2:5:18,891,408
6427016,211,2:5:19,974,361
6427016,210,2:5:19,912,320
6427016,211,2:5:20,1128,246
6427016,210,2:5:21,1100,331
6427016,211,2:5:21,1111,344
6427016,212,2:5:22,0
6427016,210,2:5:22,889,487
6427016,211,2:5:24,565,443
6427016,213,2:5:24,1,c_cousin_F_a_G7b2N,true
6427016,205,2:5:24,1,c_cousin_F_a_G7b2N,false,false
6427016,210,2:5:28,390,447
6427016,211,2:5:30,857,277
6427016,213,2:5:30,1,s_kid1_G7b2N,true
6427016,205,2:5:30,1,s_kid1_G7b2N,false,false
6427016,210,2:5:34,329,403
6427016,211,2:5:36,201,389
6427016,213,2:5:36,1,c_kidSister_afri_a_G7b2N,true
6427016,205,2:5:36,1,c_kidSister_afri_a_G7b2N,false,false
6427016,210,2:5:42,43,316
6427016,207,2:5:42,1,-106,0
6427016,211,2:5:49,1098,370
6427016,207,2:5:49,1,0,-90
6427016,207,2:5:49,1,-90,-106
6427016,210,2:5:49,1037,369
6427016,211,2:5:50,936,223
6427016,213,2:5:50,1,c_crewKid2_F_G7b2N,true
6427016,212,2:5:54,1
6427016,210,2:5:54,861,433
6427016,211,2:5:55,930,437
6427016,213,2:5:55,1,c_crush1_F_a_G7b2N,true
6427016,205,2:5:55,1,c_crush1_F_a_G7b2N,false,false
6427016,221,2:6:5,1
6427016,220,2:6:10,1
6427016,210,2:6:10,460,602
6427016,207,2:6:11,1,-200,-80
6427016,207,2:6:14,1,-80,-410
6427016,211,2:6:16,1233,393
6427016,213,2:6:16,1,c_cousin_F_a_G7b1P,true
6427016,205,2:6:16,1,c_cousin_F_a_G7b1P,false,false
6427016,210,2:6:19,1126,221
6427016,207,2:6:21,1,-410,-575
6427016,211,2:6:22,1346,253
6427016,213,2:6:22,1,c_cousinsBrother_a_G7b1P,true
6427016,205,2:6:22,1,c_cousinsBrother_a_G7b1P,false,false
6427016,210,2:6:27,1360,353
6427016,207,2:6:28,1,-575,-665
6427016,207,2:6:29,1,-665,-905
6427016,211,2:6:31,1780,666
6427016,212,2:6:31,2
6427016,210,2:6:32,1509,386
6427016,211,2:6:34,1811,259
6427016,213,2:6:34,1,c_crush1_F_a_G7b1P,true
6427016,210,2:6:39,1598,302
6427016,207,2:6:42,1,-905,-845
6427016,207,2:6:44,1,-845,-440
6427016,211,2:6:45,337,422
6427016,207,2:6:45,1,-440,-320
6427016,207,2:6:45,1,-320,-260
6427016,210,2:6:45,335,403
6427016,207,2:6:46,1,-260,-20
6427016,207,2:6:48,1,-20,0
6427016,211,2:6:50,192,379
6427016,212,2:6:51,0
6427016,210,2:6:52,552,155
6427016,211,2:6:52,546,126
6427016,210,2:6:52,513,98
6427016,211,2:6:53,253,449
6427016,213,2:6:53,1,c_cousinsBrothersFriend_a_G7b1P,true
6427016,205,2:6:53,1,c_cousinsBrothersFriend_a_G7b1P,false,false
6427016,210,2:6:58,283,397
6427016,207,2:7:2,1,0,-435
6427016,207,2:7:5,1,-435,-705
6427016,207,2:7:7,1,-705,-930
6427016,211,2:7:11,886,190
6427016,207,2:7:11,1,-930,-870
6427016,210,2:7:12,862,138
6427016,207,2:7:12,1,-870,-795
6427016,211,2:7:13,1204,248
6427016,210,2:7:13,1172,388
6427016,211,2:7:14,1239,416
6427016,210,2:8:15,1545,480
6427016,207,2:8:19,1,-795,-1031
6427016,211,2:8:20,2049,267
6427016,213,2:8:20,1,s_poolDay_ruleSign_G7b1P,true
6427016,205,2:8:20,1,s_poolDay_ruleSign_G7b1P,false,false
6427016,221,2:8:27,1
6427016,300,2:8:31
6427016,220,2:8:31,1
6427016,301,2:8:33,1
6427016,302,2:8:47,1,1,0,5
6427016,302,2:8:47,1,1,0,0
6427016,303,2:8:49,1,1,0,0
6427016,304,2:8:52,1,1,0,-1,,0,track
6427016,302,2:8:54,1,1,1,5
6427016,303,2:8:57,1,1,1,5
6427016,306,2:9:5,1,0,1
6427016,304,2:9:5,1,1,1,-1,,5,cosmatology
6427016,302,2:9:9,1,2,1,0
6427016,302,2:9:10,1,2,1,5
6427016,304,2:9:11,1,2,1,-1,,5,
6427016,302,2:9:14,1,2,1,0
6427016,304,2:9:15,1,2,1,5,,0,
6427016,302,2:9:18,1,2,0,5
6427016,302,2:9:22,1,2,0,8
6427016,302,2:9:22,1,2,0,4
6427016,306,2:9:23,1,1,2
6427016,304,2:9:23,1,2,0,-1,,4,
6427016,306,2:9:30,1,2,3
6427016,304,2:9:30,1,0,0,-1,,0,
6427016,221,2:9:36,1
6427016,220,2:9:36,1
6427016,219,2:9:36,1
6427016,216,2:9:38,Stack_G7b2P
6427016,217,2:10:2,Stack_G7b2P,12,0.00
6427016,218,2:10:3,1
6427016,210,2:10:9,1017,461
6427016,211,2:10:11,1039,441
6427016,213,2:10:11,1,c_cousin_F_a_G7b2P,true
6427016,205,2:10:11,1,c_cousin_F_a_G7b2P,false,false
6427016,210,2:10:14,591,455
6427016,211,2:10:17,143,552
6427016,207,2:10:17,1,-200,-125
6427016,207,2:10:18,1,-125,-80
6427016,210,2:10:18,248,514
6427016,211,2:10:19,862,607
6427016,212,2:10:19,2
6427016,210,2:10:20,846,372
6427016,211,2:10:21,820,365
6427016,210,2:10:21,839,373
6427016,211,2:10:22,868,374
6427016,213,2:10:22,1,c_grandma_afri_a_G7b2P,true
6427016,210,2:10:27,992,325
6427016,207,2:10:27,1,-80,-245
6427016,211,2:10:30,530,486
6427016,213,2:10:30,1,c_kidSister_afri_a_G7b2P,true
6427016,205,2:10:30,1,c_kidSister_afri_a_G7b2P,false,false
6427016,210,2:10:35,841,263
6427016,211,2:10:37,863,372
6427016,213,2:10:37,1,c_grandma_afri_a_G7b2P,true
6427016,210,2:10:40,395,551
6427016,207,2:10:41,1,-245,0
6427016,207,2:10:48,1,0,-195
6427016,207,2:10:49,1,-195,-512
6427016,211,2:10:52,1516,483
6427016,212,2:10:53,0
6427016,210,2:10:53,1292,542
6427016,211,2:10:54,1331,555
6427016,213,2:10:54,1,s_computer_F_G7b2P,true
6427016,205,2:10:54,1,s_computer_F_G7b2P,false,false
6427016,210,2:10:58,1136,518
6427016,207,2:10:59,1,-512,-347
6427016,211,2:11:1,1069,530
6427016,213,2:11:1,1,c_cousin_F_a_G7b2P,true
6427016,205,2:11:1,1,c_cousin_F_a_G7b2P,false,true
6427016,207,2:11:4,1,-347,-392
6427016,210,2:11:4,1234,318
6427016,207,2:11:7,1,-392,-257
6427016,207,2:11:7,1,-257,-92
6427016,207,2:11:8,1,-92,0
6427016,211,2:11:9,195,280
6427016,212,2:11:10,2
6427016,210,2:11:10,469,476
6427016,211,2:11:15,868,311
6427016,213,2:11:15,1,c_grandma_afri_a_G7b2P,true
6427016,210,2:11:18,902,384
6427016,207,2:11:19,1,0,-90
6427016,207,2:11:21,1,-90,-210
6427016,207,2:11:22,1,-210,-405
6427016,207,2:11:23,1,-405,-512
6427016,211,2:11:28,1336,265
6427016,221,2:11:38,1
6427016,220,2:11:40,1
6427016,212,2:11:41,1
6427016,210,2:11:41,1056,559
6427016,207,2:11:43,1,-200,-245
6427016,211,2:11:47,993,291
6427016,213,2:11:47,1,s_pictureDad_afri_F_gen,true
6427016,205,2:11:47,1,s_pictureDad_afri_F_gen,false,false
6427016,221,2:11:51,1
6427016,220,2:11:54,1
6427016,203,2:11:54,1
6427016,100,2:11:58,2
6427016,102,2:11:59,2
6427016,200,2:11:59,2,3,3,6,3,9
6427016,219,2:11:59,2
6427016,216,2:12:1,Stack_G8a0
6427016,217,2:12:17,Stack_G8a0,15,1.3
6427016,218,2:12:19,2
6427016,212,2:12:22,2
6427016,210,2:12:23,825,281
6427016,211,2:12:29,1092,345
6427016,213,2:12:29,2,c_crewKid1_F_a_G8a0,true
6427016,210,2:12:33,763,332
6427016,207,2:12:35,2,-200,-492
6427016,211,2:12:36,1509,573
6427016,210,2:12:37,1476,273
6427016,211,2:12:39,1389,524
6427016,212,2:12:39,1
6427016,210,2:12:40,1301,429
6427016,211,2:12:44,796,494
6427016,213,2:12:44,2,s_bottleTable_G8a0,false
6427016,1003,2:12:48,1
6427016,1004,2:12:55,1
6427016,800,2:13:3,1,[]
6427016,801,2:13:5,1,[]
6427016,814,2:13:6,1,[4]
6427016,815,2:13:6,1,4,OpportunityCardData_id:22
6427016,817,2:13:8,1,4
6427016,814,2:13:13,1,[0]
6427016,815,2:13:13,1,0,OpportunityCardData_id:0
6427016,816,2:13:15,1,0,OpportunityCardData_id:0
6427016,805,2:13:18,1,[OpportunityCardData_id:0]
6427016,806,2:13:22,1,[OpportunityCardData_id:0,PriorityData_type:3]
6427016,807,2:13:23,1,[OpportunityCardData_id:0]
6427016,808,2:13:26,1,[OpportunityCardData_id:0]
6427016,809,2:13:32,1,[OpportunityCardData_id:0,PriorityData_type:2,false]
6427016,810,2:13:34,1,[OpportunityCardData_id:0,PriorityData_type:0,15,PriorityData_type:2,10]
6427016,814,2:13:38,1,[3]
6427016,815,2:13:38,1,3,OpportunityCardData_id:19
6427016,815,2:13:41,1,3,OpportunityCardData_id:20
6427016,816,2:13:43,1,3,OpportunityCardData_id:20
6427016,805,2:13:44,1,[OpportunityCardData_id:20]
6427016,806,2:13:52,1,[OpportunityCardData_id:20,PriorityData_type:0]
6427016,807,2:13:52,1,[OpportunityCardData_id:20]
6427016,808,2:13:54,1,[OpportunityCardData_id:20]
6427016,809,2:14:2,1,[OpportunityCardData_id:20,PriorityData_type:0,true]
6427016,810,2:14:4,1,[OpportunityCardData_id:20,PriorityData_type:3,15,Safe,Safe]
6427016,814,2:14:8,1,[2]
6427016,815,2:14:9,1,2,OpportunityCardData_id:13
6427016,816,2:14:10,1,2,OpportunityCardData_id:13
6427016,805,2:14:12,1,[OpportunityCardData_id:13]
6427016,806,2:14:14,1,[OpportunityCardData_id:13,PriorityData_type:3]
6427016,807,2:14:16,1,[OpportunityCardData_id:13]
6427016,808,2:14:17,1,[OpportunityCardData_id:13]
6427016,809,2:14:25,1,[OpportunityCardData_id:13,PriorityData_type:3,true]
6427016,810,2:14:26,1,[OpportunityCardData_id:13,PriorityData_type:2,5,Safe,Safe]
6427016,814,2:14:30,1,[5]
6427016,815,2:14:30,1,5,OpportunityCardData_id:32
6427016,815,2:14:32,1,5,OpportunityCardData_id:33
6427016,816,2:14:34,1,5,OpportunityCardData_id:33
6427016,805,2:14:36,1,[OpportunityCardData_id:33]
6427016,806,2:14:39,1,[OpportunityCardData_id:33,PriorityData_type:3]
6427016,807,2:14:42,1,[OpportunityCardData_id:33]
6427016,808,2:14:44,1,[OpportunityCardData_id:33]
6427016,809,2:14:54,1,[OpportunityCardData_id:33,Safe,false]
6427016,810,2:14:55,1,[OpportunityCardData_id:33,PriorityData_type:5,10,Safe,Safe]
6427016,814,2:14:58,1,[3]
6427016,815,2:14:58,1,3,OpportunityCardData_id:19
6427016,815,2:15:1,1,3,OpportunityCardData_id:21
6427016,816,2:15:2,1,3,OpportunityCardData_id:21
6427016,805,2:15:3,1,[OpportunityCardData_id:21]
6427016,806,2:15:7,1,[OpportunityCardData_id:21,PriorityData_type:1]
6427016,807,2:15:8,1,[OpportunityCardData_id:21]
6427016,808,2:15:9,1,[OpportunityCardData_id:21]
6427016,809,2:15:19,1,[OpportunityCardData_id:21,PriorityData_type:2,false]
6427016,810,2:15:20,1,[OpportunityCardData_id:21,PriorityData_type:3,5,PriorityData_type:2,20]
6427016,814,2:15:24,1,[3]
6427016,815,2:15:24,1,3,OpportunityCardData_id:19
6427016,816,2:15:26,1,3,OpportunityCardData_id:19
6427016,805,2:15:27,1,[OpportunityCardData_id:19]
6427016,807,2:15:29,1,[OpportunityCardData_id:19]
6427016,808,2:15:31,1,[OpportunityCardData_id:19]
6427016,809,2:15:39,1,[OpportunityCardData_id:19,PriorityData_type:0,false]
6427016,810,2:15:44,1,[OpportunityCardData_id:19,PriorityData_type:3,25,PriorityData_type:0,35]
6427016,814,2:15:49,1,[0]
6427016,815,2:15:49,1,0,OpportunityCardData_id:1
6427016,816,2:15:51,1,0,OpportunityCardData_id:1
6427016,805,2:15:52,1,[OpportunityCardData_id:1]
6427016,806,2:15:55,1,[OpportunityCardData_id:1,PriorityData_type:2]
6427016,807,2:15:57,1,[OpportunityCardData_id:1]
6427016,808,2:15:59,1,[OpportunityCardData_id:1]
6427016,809,2:16:7,1,[OpportunityCardData_id:1,Safe,false]
6427016,810,2:16:9,1,[OpportunityCardData_id:1,PriorityData_type:0,15,Safe,Safe]
6427016,814,2:16:15,1,[0]
6427016,815,2:16:15,1,0,OpportunityCardData_id:2
6427016,816,2:16:18,1,0,OpportunityCardData_id:2
6427016,805,2:16:19,1,[OpportunityCardData_id:2]
6427016,806,2:16:20,1,[OpportunityCardData_id:2,PriorityData_type:2]
6427016,807,2:16:21,1,[OpportunityCardData_id:2]
6427016,808,2:16:22,1,[OpportunityCardData_id:2]
6427016,809,2:16:30,1,[OpportunityCardData_id:2,PriorityData_type:4,false]
6427016,810,2:16:31,1,[OpportunityCardData_id:2,PriorityData_type:0,10,PriorityData_type:4,5]
6427016,814,2:16:34,1,[0]
6427016,815,2:16:34,1,0,OpportunityCardData_id:3
6427016,816,2:16:37,1,0,OpportunityCardData_id:3
6427016,805,2:16:38,1,[OpportunityCardData_id:3]
6427016,806,2:16:39,1,[OpportunityCardData_id:3,PriorityData_type:2]
6427016,807,2:16:40,1,[OpportunityCardData_id:3]
6427016,808,2:16:42,1,[OpportunityCardData_id:3]
6427016,809,2:16:51,1,[OpportunityCardData_id:3,PriorityData_type:3,false]
6427016,810,2:16:53,1,[OpportunityCardData_id:3,PriorityData_type:0,10,PriorityData_type:3,10]
6427016,818,2:16:55,1,3
6427016,811,2:16:58,1,[OpportunityCardData_id:3,PriorityData_type:0,70,75,PriorityData_type:3,80,85]
6427016,1005,2:16:58,1,[1,0,3]
6427016,1001,2:16:59,1,[]
6427016,1003,2:16:59,1
6427016,1004,2:17:1,2
6427016,800,2:17:8,2,[]
6427016,801,2:17:10,2,[]
6427016,814,2:17:15,2,[1]
6427016,815,2:17:15,2,1,OpportunityCardData_id:7
6427016,816,2:17:17,2,1,OpportunityCardData_id:7
6427016,805,2:17:18,2,[OpportunityCardData_id:7]
6427016,806,2:17:20,2,[OpportunityCardData_id:7,PriorityData_type:5]
6427016,807,2:17:21,2,[OpportunityCardData_id:7]
6427016,808,2:17:25,2,[OpportunityCardData_id:7]
6427016,809,2:17:32,2,[OpportunityCardData_id:7,PriorityData_type:0,false]
6427016,1002,2:17:47,2
6427016,1003,2:17:47,1
6427016,103,2:17:50
6427016,105,2:17:52
6427016,703,2:17:54,[|| EpilogueItem ID: 0 unlocked: true ||,|| EpilogueItem ID: 1 unlocked: true ||,|| EpilogueItem ID: 2 unlocked: false ||,|| EpilogueItem ID: 3 unlocked: false ||,|| EpilogueItem ID: 4 unlocked: false ||,|| EpilogueItem ID: 5 unlocked: false ||,|| EpilogueItem ID: 6 unlocked: false ||,|| EpilogueItem ID: 7 unlocked: false ||,|| EpilogueItem ID: 8 unlocked: false ||,|| EpilogueItem ID: 9 unlocked: false ||,|| EpilogueItem ID: 10 unlocked: false ||,|| EpilogueItem ID: 11 unlocked: false ||,|| EpilogueItem ID: 12 unlocked: false ||,|| EpilogueItem ID: 13 unlocked: false ||,|| EpilogueItem ID: 14 unlocked: false ||,|| EpilogueItem ID: 15 unlocked: false ||,|| EpilogueItem ID: 16 unlocked: false ||,|| EpilogueItem ID: 17 unlocked: false ||,|| EpilogueItem ID: 18 unlocked: false ||,|| EpilogueItem ID: 19 unlocked: false ||,|| EpilogueItem ID: 20 unlocked: false ||,|| EpilogueItem ID: 21 unlocked: false ||,|| EpilogueItem ID: 22 unlocked: false ||,|| EpilogueItem ID: 23 unlocked: false ||,|| EpilogueItem ID: 24 unlocked: false ||],0.08
6427016,706,2:17:58,(x=284, y=-100, w=1024, h=768),(x=1376, y=-100, w=1024, h=768)
6427016,706,2:18:2,(x=1666, y=-100, w=1024, h=768),(x=2531, y=-100, w=1024, h=768)
6427016,708,2:18:2
6427016,1,2:18:2,7/10/2013 11:54:17am,{"gameTime":8282499,"challengeStacks":[{"challengeScenes":[{"miniGameCards":[],"viewedAnimatic":true,"keyPoints":["s_flag_gen","c_teacherEng_G7a0","c_bestFriend_F_a_G7a0"],"unlocked":true,"touchableObjects":["s_otherStudent1_G7a0","s_vocabAssignment_G7a0","c_crewKid1_F_G7a0","s_doorClassroom_G7a0","s_atwoodPoster_gen","s_poePoster_gen","s_flag_gen","c_friend1_F_a_G7a0","c_teacherEng_G7a0","c_bestFriend_F_a_G7a0"]},{"miniGameCards":[],"viewedAnimatic":true,"keyPoints":["s_paperPlayers_G7a1N","c_teacherEng_G7a1N","c_bestFriend_F_a_G7a1N"],"unlocked":true,"touchableObjects":["s_otherStudent1_G7a1N","c_crewKid1_F_G7a1N","s_posterPlagiarism_gen","s_flag_gen","s_otherStudent2_G7a1N","s_paperPlayers_G7a1N","s_atwoodPoster_gen","c_teacherEng_G7a1N","c_bestFriend_F_a_G7a1N"]},{"miniGameCards":[],"viewedAnimatic":true,"keyPoints":["c_teacherEng_G7a1P","s_flag_gen","c_bestFriend_F_a_G7a1P","s_paperEnglish_gen"],"unlocked":true,"touchableObjects":["s_clock_G7a1P","c_teacherEng_G7a1P","s_papersDetention_gen","s_paperPlayers_G7a1P","s_flag_gen","c_bestFriend_F_a_G7a1P","s_shakespearePoster_gen","s_angelouPoster_gen","s_paperEnglish_gen"]}],"stackSize":3,"resolved":true},{"challengeScenes":[{"miniGameCards":[],"viewedAnimatic":true,"keyPoints":["c_kidSister_afri_a_G7b0","c_crewKid1_F_G7b0","s_backpack_F_G7b0"],"unlocked":true,"touchableObjects":["c_crewKid2_F_G7b0","c_kidSister_afri_a_G7b0","c_cousinsBrother_a_G7b0","s_lifeguard_G7b0","s_snackBarWorker_G7b0","c_cousin_F_a_G7b0","c_crewKid1_F_G7b0","s_backpack_F_G7b0"]},{"miniGameCards":[],"viewedAnimatic":true,"keyPoints":["c_crewKid1_F_G7b1N","c_kidSister_afri_a_G7b1N","s_sprayPaintCan_G7b1N","s_graffiti_G7b1N","s_brokenCarWindow_G7b1N"],"unlocked":true,"touchableObjects":["c_teacherEng_G7b1N","c_crewKid1_F_G7b1N","c_kidSister_afri_a_G7b1N","c_cousin_F_a_G7b1N","s_wreckedPlants_G7b1N","s_flag_G7b1N","s_sprayPaintCan_G7b1N","s_graffiti_G7b1N","c_crewKid2_F_a_G7b1N","s_brokenCarWindow_G7b1N"]},{"miniGameCards":[],"viewedAnimatic":true,"keyPoints":["c_cousin_F_a_G7b1P","c_cousinsBrother_a_G7b1P","c_cousinsBrothersFriend_a_G7b1P","s_poolDay_ruleSign_G7b1P"],"unlocked":true,"touchableObjects":["c_crush1_F_a_G7b1P","c_cousin_F_a_G7b1P","c_cousinsBrother_a_G7b1P","c_cousinsBrothersFriend_a_G7b1P","s_poolDay_ruleSign_G7b1P"]},{"miniGameCards":[],"viewedAnimatic":true,"keyPoints":["c_cousin_F_a_G7b2N","s_kid1_G7b2N","c_kidSister_afri_a_G7b2N","c_crush1_F_a_G7b2N"],"unlocked":true,"touchableObjects":["c_cousinsBrother_a_G7b2N","c_cousinsBrothersFriend_a_G7b2N","s_kidPool1_G7b2N","c_crewKid2_F_G7b2N","c_cousin_F_a_G7b2N","s_kid1_G7b2N","c_kidSister_afri_a_G7b2N","c_crush1_F_a_G7b2N"]},{"miniGameCards":[],"viewedAnimatic":true,"keyPoints":["c_cousin_F_a_G7b2P","c_kidSister_afri_a_G7b2P","s_computer_F_G7b2P","s_pictureDad_afri_F_gen"],"unlocked":true,"touchableObjects":["c_cousin_F_a_G7b2P","c_grandma_afri_a_G7b2P","c_kidSister_afri_a_G7b2P","s_computer_F_G7b2P","s_pictureDad_afri_F_gen"]}],"stackSize":5,"resolved":true},{"challengeScenes":[{"miniGameCards":[],"viewedAnimatic":true,"keyPoints":[],"unlocked":true,"touchableObjects":["c_crewKid1_F_a_G8a0"]},{"miniGameCards":[],"viewedAnimatic":false,"keyPoints":[],"unlocked":true,"touchableObjects":[]},{"miniGameCards":[],"viewedAnimatic":false,"keyPoints":[],"unlocked":false,"touchableObjects":[]},{"miniGameCards":[],"viewedAnimatic":false,"keyPoints":[],"unlocked":false,"touchableObjects":[]},{"miniGameCards":[],"viewedAnimatic":false,"keyPoints":[],"unlocked":false,"touchableObjects":[]},{"miniGameCards":[],"viewedAnimatic":false,"keyPoints":[],"unlocked":true,"touchableObjects":[]},{"miniGameCards":[],"viewedAnimatic":false,"keyPoints":[],"unlocked":false,"touchableObjects":[]}],"stackSize":7,"resolved":false},{"challengeScenes":[{"miniGameCards":[],"viewedAnimatic":false,"keyPoints":[],"unlocked":false,"touchableObjects":[]},{"miniGameCards":[],"viewedAnimatic":false,"keyPoints":[],"unlocked":false,"touchableObjects":[]},{"miniGameCards":[],"viewedAnimatic":false,"keyPoints":[],"unlocked":false,"touchableObjects":[]},{"miniGameCards":[],"viewedAnimatic":false,"keyPoints":[],"unlocked":false,"touchableObjects":[]},{"miniGameCards":[],"viewedAnimatic":false,"keyPoints":[],"unlocked":false,"touchableObjects":[]}],"stackSize":5,"resolved":false},{"challengeScenes":[{"miniGameCards":[],"viewedAnimatic":false,"keyPoints":[],"unlocked":true,"touchableObjects":[]},{"miniGameCards":[],"viewedAnimatic":false,"keyPoints":[],"unlocked":true,"touchableObjects":[]},{"miniGameCards":[],"viewedAnimatic":false,"keyPoints":[],"unlocked":false,"touchableObjects":[]},{"miniGameCards":[],"viewedAnimatic":false,"keyPoints":[],"unlocked":false,"touchableObjects":[]},{"miniGameCards":[],"viewedAnimatic":false,"keyPoints":[],"unlocked":false,"touchableObjects":[]}],"stackSize":5,"resolved":false},{"challengeScenes":[{"miniGameCards":[],"viewedAnimatic":false,"keyPoints":[],"unlocked":false,"touchableObjects":[]},{"miniGameCards":[],"viewedAnimatic":false,"keyPoints":[],"unlocked":false,"touchableObjects":[]},{"miniGameCards":[],"viewedAnimatic":false,"keyPoints":[],"unlocked":false,"touchableObjects":[]},{"miniGameCards":[],"viewedAnimatic":false,"keyPoints":[],"unlocked":false,"touchableObjects":[]},{"miniGameCards":[],"viewedAnimatic":false,"keyPoints":[],"unlocked":false,"touchableObjects":[]}],"stackSize":5,"resolved":false},{"challengeScenes":[{"miniGameCards":[],"viewedAnimatic":false,"keyPoints":[],"unlocked":false,"touchableObjects":[]},{"miniGameCards":[],"viewedAnimatic":false,"keyPoints":[],"unlocked":false,"touchableObjects":[]},{"miniGameCards":[],"viewedAnimatic":false,"keyPoints":[],"unlocked":false,"touchableObjects":[]},{"miniGameCards":[],"viewedAnimatic":false,"keyPoints":[],"unlocked":false,"touchableObjects":[]},{"miniGameCards":[],"viewedAnimatic":false,"keyPoints":[],"unlocked":false,"touchableObjects":[]}],"stackSize":5,"resolved":false},{"challengeScenes":[{"miniGameCards":[],"viewedAnimatic":false,"keyPoints":[],"unlocked":false,"touchableObjects":[]},{"miniGameCards":[],"viewedAnimatic":false,"keyPoints":[],"unlocked":false,"touchableObjects":[]},{"miniGameCards":[],"viewedAnimatic":false,"keyPoints":[],"unlocked":false,"touchableObjects":[]},{"miniGameCards":[],"viewedAnimatic":false,"keyPoints":[],"unlocked":false,"touchableObjects":[]},{"miniGameCards":[],"viewedAnimatic":false,"keyPoints":[],"unlocked":false,"touchableObjects":[]}],"stackSize":5,"resolved":false},{"challengeScenes":[{"miniGameCards":[],"viewedAnimatic":false,"keyPoints":[],"unlocked":false,"touchableObjects":[]},{"miniGameCards":[],"viewedAnimatic":false,"keyPoints":[],"unlocked":false,"touchableObjects":[]},{"miniGameCards":[],"viewedAnimatic":false,"keyPoints":[],"unlocked":false,"touchableObjects":[]},{"miniGameCards":[],"viewedAnimatic":false,"keyPoints":[],"unlocked":false,"touchableObjects":[]},{"miniGameCards":[],"viewedAnimatic":false,"keyPoints":[],"unlocked":false,"touchableObjects":[]}],"stackSize":5,"resolved":false},{"challengeScenes":[{"miniGameCards":[],"viewedAnimatic":false,"keyPoints":[],"unlocked":false,"touchableObjects":[]},{"miniGameCards":[],"viewedAnimatic":false,"keyPoints":[],"unlocked":false,"touchableObjects":[]},{"miniGameCards":[],"viewedAnimatic":false,"keyPoints":[],"unlocked":false,"touchableObjects":[]},{"miniGameCards":[],"viewedAnimatic":false,"keyPoints":[],"unlocked":false,"touchableObjects":[]},{"miniGameCards":[],"viewedAnimatic":false,"keyPoints":[],"unlocked":false,"touchableObjects":[]}],"stackSize":5,"resolved":false},{"challengeScenes":[{"miniGameCards":[],"viewedAnimatic":false,"keyPoints":[],"unlocked":false,"touchableObjects":[]},{"miniGameCards":[],"viewedAnimatic":false,"keyPoints":[],"unlocked":false,"touchableObjects":[]},{"miniGameCards":[],"viewedAnimatic":false,"keyPoints":[],"unlocked":false,"touchableObjects":[]},{"miniGameCards":[],"viewedAnimatic":false,"keyPoints":[],"unlocked":false,"touchableObjects":[]},{"miniGameCards":[],"viewedAnimatic":false,"keyPoints":[],"unlocked":false,"touchableObjects":[]}],"stackSize":5,"resolved":false},{"challengeScenes":[{"miniGameCards":[],"viewedAnimatic":false,"keyPoints":[],"unlocked":false,"touchableObjects":[]},{"miniGameCards":[],"viewedAnimatic":false,"keyPoints":[],"unlocked":false,"touchableObjects":[]},{"miniGameCards":[],"viewedAnimatic":false,"keyPoints":[],"unlocked":false,"touchableObjects":[]},{"miniGameCards":[],"viewedAnimatic":false,"keyPoints":[],"unlocked":false,"touchableObjects":[]},{"miniGameCards":[],"viewedAnimatic":false,"keyPoints":[],"unlocked":false,"touchableObjects":[]}],"stackSize":5,"resolved":false},{"challengeScenes":[{"miniGameCards":[],"viewedAnimatic":false,"keyPoints":[],"unlocked":true,"touchableObjects":["c_player_afri_F_a_G0a0","c_family_afri_a_G0a0"]},{"miniGameCards":[],"viewedAnimatic":false,"keyPoints":["c_family_afri_a_G0a1N","c_home_G0a1N","c_job_G0a1N"],"unlocked":true,"touchableObjects":["c_player_afri_F_a_G0a1N","c_family_afri_a_G0a1N","c_home_G0a1N","c_job_G0a1N"]},{"miniGameCards":[],"viewedAnimatic":false,"keyPoints":["c_kidsister_afri_a_G0a1P","c_grandma_afri_a_G0a1P","c_Teacher_G0a1P","c_dad_afri_a_G0a1P","c_mom_afri_a_G0a1P","c_Nurse_G0a1P"],"unlocked":true,"touchableObjects":["c_cousins_F_a_G0a1P","c_friends_G0a1P","c_kidsister_afri_a_G0a1P","c_grandma_afri_a_G0a1P","c_Teacher_G0a1P","c_dad_afri_a_G0a1P","c_mom_afri_a_G0a1P","c_Nurse_G0a1P"]}],"stackSize":3,"resolved":true}],"sessionId":3,"epilogue":{"rating":0},"playerId":6427016,"session":[{"sceneId":"1P","stackId":12},{"sceneId":"1P","stackId":0},{"sceneId":"1P","stackId":1},{"sceneId":"1N","stackId":1},{"sceneId":"2P","stackId":1}],"minigames":[{"levelSaveData":[{"starRating":3,"unlocked":true},{"starRating":0,"unlocked":true},{"starRating":0,"unlocked":true},{"starRating":0,"unlocked":false},{"starRating":0,"unlocked":false},{"starRating":0,"unlocked":false},{"starRating":0,"unlocked":false},{"starRating":0,"unlocked":false},{"starRating":0,"unlocked":false},{"starRating":0,"unlocked":false}],"skillPoints":3},{"levelSaveData":[{"starRating":3,"unlocked":true},{"starRating":3,"unlocked":true},{"starRating":0,"unlocked":true},{"starRating":0,"unlocked":false},{"starRating":0,"unlocked":true},{"starRating":0,"unlocked":false},{"starRating":0,"unlocked":false},{"starRating":0,"unlocked":false},{"starRating":0,"unlocked":false},{"starRating":0,"unlocked":false}],"skillPoints":6},{"levelSaveData":[{"starRating":3,"unlocked":true},{"starRating":3,"unlocked":true},{"starRating":0,"unlocked":true},{"starRating":0,"unlocked":false},{"starRating":0,"unlocked":false},{"starRating":0,"unlocked":false},{"starRating":0,"unlocked":false},{"starRating":0,"unlocked":false},{"starRating":0,"unlocked":true},{"starRating":0,"unlocked":false}],"skillPoints":6},{"levelSaveData":[{"starRating":3,"unlocked":true},{"starRating":0,"unlocked":true},{"starRating":0,"unlocked":false},{"starRating":0,"unlocked":false},{"starRating":0,"unlocked":true},{"starRating":0,"unlocked":false},{"starRating":0,"unlocked":false},{"starRating":0,"unlocked":false},{"starRating":0,"unlocked":false},{"starRating":0,"unlocked":false}],"skillPoints":3},{"age":14,"name":"Imani","gender":1,"levelSaveData":[{"starRating":3,"unlocked":true},{"starRating":3,"chunks":[["1"],["2$$sometimes mean","7$$cool and funny"],["9$$fashion","13$$education","0$$family"],["3"]],"unlocked":true},{"starRating":3,"chunks":[["0"],["0$$track","5$$cosmatology"],["4","0"]],"unlocked":true},{"starRating":0,"chunks":[[null],[null],[null],[null],[null,null],[null]],"unlocked":true},{"starRating":0,"chunks":[[null],[null],[null,null],[null],[null],[null]],"unlocked":false},{"starRating":0,"chunks":[[null],[null,null,null,null],[null],[null]],"unlocked":false},{"starRating":0,"chunks":[[null],[null],[null,null],[null,null],[null]],"unlocked":false},{"starRating":0,"chunks":[[null,null,null],[null,null,null],[null],[null],[null]],"unlocked":false},{"starRating":0,"chunks":[[null,null,null],[null,null,null],[null,null]],"unlocked":false},{"starRating":0,"chunks":[[null],[null],[null],[null],[null],[null]],"unlocked":false}],"visualAvatar":0,"id":0,"skillPoints":9}],"avatar":{"age":14,"name":"Imani","gender":1,"levelSaveData":[{"starRating":3,"unlocked":true},{"starRating":3,"chunks":[["1"],["2$$sometimes mean","7$$cool and funny"],["9$$fashion","13$$education","0$$family"],["3"]],"unlocked":true},{"starRating":3,"chunks":[["0"],["0$$track","5$$cosmatology"],["4","0"]],"unlocked":true},{"starRating":0,"chunks":[[null],[null],[null],[null],[null,null],[null]],"unlocked":true},{"starRating":0,"chunks":[[null],[null],[null,null],[null],[null],[null]],"unlocked":false},{"starRating":0,"chunks":[[null],[null,null,null,null],[null],[null]],"unlocked":false},{"starRating":0,"chunks":[[null],[null],[null,null],[null,null],[null]],"unlocked":false},{"starRating":0,"chunks":[[null,null,null],[null,null,null],[null],[null],[null]],"unlocked":false},{"starRating":0,"chunks":[[null,null,null],[null,null,null],[null,null]],"unlocked":false},{"starRating":0,"chunks":[[null],[null],[null],[null],[null],[null]],"unlocked":false}],"visualAvatar":0,"id":0,"skillPoints":9}}
