6427028,0,0:0:0,10/21/2013 4:32:54pm
6427028,600,0:0:14,1
6427028,601,0:0:14,1
6427028,602,0:0:15,1,1
6427028,603,0:0:18,1
6427028,604,0:1:35,1,nisha 
6427028,605,0:2:8
6427028,210,0:4:39,578,446
6427028,211,0:4:39,578,446
6427028,210,0:4:40,561,418
6427028,207,0:4:42,12,0,-435
6427028,211,0:4:45,651,467
6427028,212,0:4:55,2
6427028,210,0:4:57,1015,466
6427028,211,0:4:58,1207,220
6427028,213,0:4:58,12,c_family_cauc_a_G0a0,true
6427028,210,0:5:3,947,429
6427028,211,0:5:4,1385,391
6427028,210,0:5:5,1250,306
6427028,211,0:5:9,1233,437
6427028,212,0:5:10,1
6427028,210,0:5:10,1163,530
6427028,211,0:5:11,1209,446
6427028,213,0:5:11,12,c_friends_G0a0,true
6427028,210,0:5:48,694,384
6427028,211,0:5:49,694,384
6427028,210,0:5:49,810,360
6427028,211,0:5:50,1338,52
6427028,207,0:5:50,12,0,-330
6427028,210,0:5:50,1428,50
6427028,207,0:5:51,12,-330,-645
6427028,211,0:5:51,1484,489
6427028,210,0:6:3,1397,329
6427028,211,0:6:4,1368,256
6427028,210,0:6:4,1377,219
6427028,207,0:6:5,12,-645,-615
6427028,211,0:6:7,1451,427
6427028,212,0:6:10,2
6427028,210,0:6:12,1198,167
6427028,211,0:6:12,1201,177
6427028,213,0:6:12,12,c_family_cauc_a_G0a1N,true
6427028,205,0:6:12,12,c_family_cauc_a_G0a1N,false,false
6427028,210,0:6:27,1492,384
6427028,211,0:6:28,1408,466
6427028,212,0:6:29,1
6427028,213,0:6:34,12,c_home_G0a1N,true
6427028,205,0:6:35,12,c_home_G0a1N,false,false
6427028,210,0:6:49,1395,285
6427028,211,0:6:50,1316,383
6427028,210,0:6:50,798,390
6427028,211,0:6:51,1075,407
6427028,213,0:6:51,12,c_home_G0a1N,true
6427028,205,0:6:51,12,c_home_G0a1N,false,true
6427028,212,0:6:57,0
6427028,210,0:6:59,608,394
6427028,207,0:6:59,12,-615,-540
6427028,211,0:7:2,957,598
6427028,213,0:7:2,12,c_player_cauc_F_a_G0a1N,true
6427028,210,0:7:6,1388,429
6427028,211,0:7:7,1281,607
6427028,210,0:7:7,1337,572
6427028,211,0:7:8,1171,588
6427028,210,0:7:9,1372,247
6427028,211,0:7:9,1189,301
6427028,210,0:7:10,1360,270
6427028,211,0:7:10,1141,302
6427028,210,0:7:11,828,368
6427028,211,0:7:12,641,386
6427028,212,0:7:13,1
6427028,210,0:7:13,1383,359
6427028,211,0:7:14,1222,554
6427028,213,0:7:14,12,c_home_G0a1N,true
6427028,205,0:7:14,12,c_home_G0a1N,false,true
6427028,210,0:7:20,1609,313
6427028,207,0:7:20,12,-540,-660
6427028,211,0:7:21,1358,485
6427028,213,0:7:25,12,c_home_G0a1N,true
6427028,205,0:7:25,12,c_home_G0a1N,false,true
6427028,207,0:7:32,12,-660,-720
6427028,210,0:7:32,1670,82
6427028,211,0:7:32,1510,132
6427028,212,0:7:33,0
6427028,210,0:7:43,1127,374
6427028,211,0:7:43,1394,420
6427028,210,0:7:44,939,324
6427028,211,0:7:46,1434,372
6427028,210,0:7:48,1185,591
6427028,211,0:7:48,1515,578
6427028,207,0:7:49,12,-720,-660
6427028,210,0:7:50,602,157
6427028,207,0:7:50,12,-660,-360
6427028,211,0:7:51,625,180
6427028,213,0:7:51,12,c_job_G0a1N,true
6427028,205,0:7:51,12,c_job_G0a1N,false,false
6427028,210,0:8:35,801,512
6427028,211,0:8:35,801,512
6427028,210,0:8:37,772,511
6427028,211,0:8:38,769,510
6427028,210,0:8:38,767,525
6427028,211,0:8:38,767,525
6427028,210,0:8:39,801,576
6427028,211,0:8:40,822,575
6427028,213,0:8:40,12,c_player_cauc_F_a_G0a1N,true
6427028,221,0:9:7,12
6427028,220,0:9:11,12
6427028,210,0:9:19,877,345
6427028,207,0:9:22,12,0,-225
6427028,211,0:9:23,694,168
6427028,213,0:9:29,12,c_cousins_F_a_G0a1P,true
6427028,213,0:9:35,12,c_cousins_F_a_G0a1P,true
6427028,210,0:9:39,918,518
6427028,211,0:9:39,918,518
6427028,213,0:9:39,12,c_friends_G0a1P,true
6427028,213,0:9:44,12,c_friends_G0a1P,true
6427028,210,0:9:47,1000,270
6427028,211,0:9:48,796,275
6427028,213,0:9:48,12,c_cousins_F_a_G0a1P,true
6427028,210,0:9:50,1153,102
6427028,211,0:9:51,1051,241
6427028,210,0:9:52,900,344
6427028,211,0:9:54,1089,185
6427028,210,0:9:57,1151,131
6427028,211,0:9:58,1027,156
6427028,207,0:9:59,12,-225,-270
6427028,210,0:10:0,1197,337
6427028,211,0:10:0,1197,337
6427028,210,0:10:1,1220,343
6427028,211,0:10:1,1220,343
6427028,210,0:10:1,1206,271
6427028,211,0:10:1,1206,271
6427028,210,0:10:2,1206,410
6427028,211,0:10:3,1206,410
6427028,213,0:10:3,12,c_friends_G0a1P,true
6427028,210,0:10:5,1162,147
6427028,211,0:10:6,1070,165
6427028,213,0:10:7,12,c_friends_G0a1P,true
6427028,210,0:10:9,1107,133
6427028,211,0:10:10,997,134
6427028,210,0:10:10,1168,122
6427028,211,0:10:11,1187,159
6427028,210,0:10:12,1138,361
6427028,211,0:10:12,879,384
6427028,213,0:10:12,12,c_friends_G0a1P,true
6427028,210,0:10:15,1161,383
6427028,207,0:10:17,12,-270,-615
6427028,207,0:10:18,12,-615,-885
6427028,211,0:10:19,1744,193
6427028,210,0:10:21,1296,217
6427028,211,0:10:21,1296,217
6427028,213,0:10:21,12,c_Nurse_G0a1P,true
6427028,205,0:10:21,12,c_Nurse_G0a1P,false,false
6427028,213,0:10:35,12,c_friends_G0a1P,true
6427028,210,0:10:42,1481,551
6427028,211,0:10:42,1481,551
6427028,213,0:10:43,12,c_friends_G0a1P,true
6427028,210,0:10:46,1388,271
6427028,211,0:10:46,1322,316
6427028,213,0:10:46,12,c_Nurse_G0a1P,true
6427028,205,0:10:46,12,c_Nurse_G0a1P,false,true
6427028,212,0:10:50,2
6427028,210,0:10:51,1289,189
6427028,211,0:10:52,1611,397
6427028,213,0:10:52,12,c_grandma_cauc_a_G0a1P,true
6427028,205,0:10:52,12,c_grandma_cauc_a_G0a1P,false,false
6427028,210,0:10:56,1460,459
6427028,211,0:10:59,1655,366
6427028,213,0:10:59,12,c_grandma_cauc_a_G0a1P,true
6427028,205,0:10:59,12,c_grandma_cauc_a_G0a1P,false,true
6427028,212,0:11:5,1
6427028,212,0:11:6,0
6427028,210,0:11:7,1816,431
6427028,211,0:11:7,1826,466
6427028,207,0:11:8,12,-885,-930
6427028,207,0:11:8,12,-930,-960
6427028,210,0:11:9,1891,261
6427028,207,0:11:10,12,-960,-1260
6427028,211,0:11:10,2033,437
6427028,212,0:11:11,2
6427028,212,0:11:16,1
6427028,213,0:11:17,12,c_dad_cauc_a_G0a1P,true
6427028,205,0:11:17,12,c_dad_cauc_a_G0a1P,false,false
6427028,213,0:11:22,12,c_mom_cauc_a_G0a1P,true
6427028,205,0:11:22,12,c_mom_cauc_a_G0a1P,false,false
6427028,210,0:11:26,1841,544
6427028,211,0:11:26,1841,544
6427028,210,0:11:27,1831,571
6427028,211,0:11:27,1831,571
6427028,210,0:11:27,1833,558
6427028,211,0:11:27,1842,558
6427028,210,0:11:28,1656,470
6427028,211,0:11:29,1472,548
6427028,213,0:11:29,12,c_friends_G0a1P,true
6427028,210,0:11:32,1374,209
6427028,211,0:11:32,1407,216
6427028,212,0:11:34,0
6427028,210,0:11:34,1409,190
6427028,211,0:11:34,1409,190
6427028,210,0:11:35,1406,207
6427028,211,0:11:35,1443,248
6427028,210,0:11:36,1518,341
6427028,211,0:11:37,1849,280
6427028,210,0:11:37,1401,467
6427028,207,0:11:39,12,-1260,-930
6427028,207,0:11:41,12,-930,-525
6427028,211,0:11:42,626,457
6427028,213,0:11:42,12,c_cousins_F_a_G0a1P,true
6427028,212,0:11:45,1
6427028,210,0:11:46,1155,483
6427028,211,0:11:47,964,469
6427028,213,0:11:47,12,c_friends_G0a1P,true
6427028,210,0:11:49,808,460
6427028,211,0:11:49,693,451
6427028,213,0:11:49,12,c_cousins_F_a_G0a1P,true
6427028,210,0:11:52,1248,209
6427028,211,0:11:52,1437,179
6427028,210,0:11:54,1382,213
6427028,211,0:11:54,1051,277
6427028,207,0:11:54,12,-525,-540
6427028,210,0:11:55,1451,122
6427028,207,0:11:56,12,-540,-930
6427028,211,0:12:0,1733,500
6427028,213,0:12:0,12,c_dad_cauc_a_G0a1P,true
6427028,205,0:12:0,12,c_dad_cauc_a_G0a1P,false,true
6427028,210,0:12:4,1856,92
6427028,211,0:12:7,2478,315
6427028,207,0:12:7,12,-930,-1470
6427028,212,0:12:8,0
6427028,210,0:12:9,1824,529
6427028,211,0:12:9,1834,542
6427028,210,0:12:10,1840,568
6427028,207,0:12:11,12,-1470,-1305
6427028,207,0:12:14,12,-1305,-285
6427028,211,0:12:15,152,452
6427028,207,0:12:15,12,-285,-135
6427028,207,0:12:15,12,-135,-75
6427028,210,0:12:15,164,421
6427028,211,0:12:16,607,400
6427028,213,0:12:16,12,c_cousins_F_a_G0a1P,true
6427028,212,0:12:19,2
6427028,210,0:12:19,681,468
6427028,211,0:12:20,690,468
6427028,213,0:12:20,12,c_cousins_F_a_G0a1P,true
6427028,210,0:12:23,1106,399
6427028,207,0:12:23,12,-75,-285
6427028,211,0:12:24,1138,524
6427028,213,0:12:24,12,c_friends_G0a1P,true
6427028,212,0:12:29,1
6427028,210,0:12:30,1119,449
6427028,211,0:12:31,1118,466
6427028,213,0:12:31,12,c_friends_G0a1P,true
6427028,212,0:12:33,0
6427028,210,0:12:34,1189,405
6427028,211,0:12:35,1120,499
6427028,213,0:12:35,12,c_friends_G0a1P,true
6427028,210,0:12:37,759,345
6427028,211,0:12:37,759,345
6427028,213,0:12:37,12,c_cousins_F_a_G0a1P,true
6427028,210,0:12:40,1153,103
6427028,207,0:12:41,12,-285,-705
6427028,211,0:12:42,1422,199
6427028,212,0:12:45,1
6427028,210,0:12:45,1376,102
6427028,211,0:12:46,1414,222
6427028,212,0:12:47,2
6427028,210,0:12:48,1397,187
6427028,211,0:12:48,1396,188
6427028,213,0:12:48,12,c_Teacher_G0a1P,true
6427028,205,0:12:48,12,c_Teacher_G0a1P,false,false
6427028,210,0:13:1,1658,272
6427028,207,0:13:2,12,-705,-960
6427028,207,0:13:3,12,-960,-1185
6427028,211,0:13:5,1455,515
6427028,213,0:13:5,12,c_friends_G0a1P,true
6427028,210,0:13:7,1676,419
6427028,207,0:13:8,12,-1185,-1545
6427028,207,0:13:9,12,-1545,-1790
6427028,211,0:13:11,1674,380
6427028,207,0:13:11,12,-1790,-1655
6427028,210,0:13:12,1625,374
6427028,207,0:13:12,12,-1655,-1550
6427028,207,0:13:14,12,-1550,-785
6427028,211,0:13:15,1045,500
6427028,213,0:13:15,12,c_friends_G0a1P,true
6427028,213,0:13:17,12,c_friends_G0a1P,true
6427028,210,0:13:19,720,164
6427028,211,0:13:21,161,183
6427028,207,0:13:21,12,-785,-110
6427028,210,0:13:22,745,401
6427028,211,0:13:22,745,401
6427028,210,0:13:23,684,405
6427028,211,0:13:23,608,511
6427028,213,0:13:23,12,c_cousins_F_a_G0a1P,true
6427028,212,0:13:26,1
6427028,210,0:13:27,720,437
6427028,211,0:13:28,817,533
6427028,212,0:13:29,0
6427028,210,0:13:31,817,501
6427028,211,0:13:31,817,501
6427028,210,0:13:32,721,493
6427028,211,0:13:32,681,517
6427028,213,0:13:32,12,c_cousins_F_a_G0a1P,true
6427028,210,0:13:34,483,375
6427028,207,0:13:35,12,-110,0
6427028,207,0:13:40,12,0,-1335
6427028,211,0:13:42,1842,611
6427028,212,0:13:43,2
6427028,213,0:13:44,12,c_kidsister_cauc_a_G0a1P,true
6427028,205,0:13:44,12,c_kidsister_cauc_a_G0a1P,false,false
6427028,221,0:13:58,12
6427028,300,0:14:19
6427028,220,0:14:19,12
6427028,302,0:14:47,0,3,0,1
6427028,302,0:15:3,0,3,0,0
6427028,304,0:15:4,0,3,0,-1,,0,
6427028,302,0:15:7,0,2,0,2
6427028,302,0:15:20,0,2,0,5
6427028,302,0:15:23,0,2,0,0
6427028,304,0:15:24,0,2,0,-1,,0,
6427028,302,0:15:28,0,2,1,8
6427028,302,0:15:29,0,2,1,5
6427028,306,0:15:30,0,0,1
6427028,304,0:15:30,0,2,1,-1,,5,
6427028,302,0:15:37,0,2,2,14
6427028,302,0:15:38,0,2,2,13
6427028,304,0:15:41,0,2,2,-1,,13,
6427028,302,0:15:56,0,0,0,1
6427028,306,0:15:57,0,1,2
6427028,304,0:15:57,0,0,0,-1,,1,
6427028,302,0:16:0,0,1,1,0
6427028,302,0:16:5,0,1,1,10
6427028,303,0:16:7,0,1,1,10
6427028,304,0:16:11,0,1,1,-1,,10,funny
6427028,302,0:16:20,0,1,0,14
6427028,306,0:16:22,0,2,3
6427028,304,0:16:22,0,1,0,-1,,14,
6427028,221,0:16:35,12
6427028,220,0:16:40,12
6427028,203,0:16:40,12
6427028,100,0:16:49,0
6427028,102,0:16:53,0
6427028,200,0:16:53,0,0,0,0,0,6
6427028,219,0:16:53,0
6427028,216,0:16:54,Stack_G7a0
6427028,217,0:17:30,Stack_G7a0,30,1.4
6427028,218,0:17:34,0
6427028,210,0:17:37,971,465
6427028,211,0:17:38,990,548
6427028,210,0:17:39,961,457
6427028,211,0:17:39,1126,342
6427028,212,0:17:40,1
6427028,210,0:17:41,794,361
6427028,211,0:17:42,965,534
6427028,210,0:17:43,697,524
6427028,207,0:17:44,0,-200,-518.45
6427028,211,0:17:45,1448,539
6427028,210,0:17:46,1429,525
6427028,211,0:17:46,1424,526
6427028,210,0:17:47,833,358
6427028,207,0:17:48,0,-518.45,-353.45
6427028,211,0:17:49,669,594
6427028,213,0:17:49,0,s_otherStudent1_G7a0,true
6427028,210,0:17:53,720,485
6427028,207,0:17:54,0,-353.45,0
6427028,211,0:17:57,227,495
6427028,213,0:17:57,0,c_crewKid1_F_G7a0,true
6427028,210,0:18:4,405,536
6427028,207,0:18:5,0,0,-135
6427028,211,0:18:7,1195,553
6427028,207,0:18:7,0,-135,-225
6427028,212,0:18:7,2
6427028,210,0:18:8,957,528
6427028,211,0:18:9,984,525
6427028,213,0:18:9,0,c_bestFriend_F_a_G7a0,false
6427028,1003,0:18:38,2
6427028,1004,0:18:41,0
6427028,900,0:18:52,0,[]
6427028,901,0:19:8,0,[PeopleData_id:2]
6427028,901,0:19:8,0,[PeopleData_id:2]
6427028,902,0:19:10,0,[PeopleData_id:2,PeopleData_data3Type]
6427028,903,0:19:14,0,[PeopleData_id2,PeopleData_data3Type]
6427028,902,0:19:17,0,[PeopleData_id:2,PeopleData_data2Type]
6427028,903,0:19:21,0,[PeopleData_id2,PeopleData_data2Type]
6427028,902,0:19:22,0,[PeopleData_id:2,PeopleData_data1Type]
6427028,903,0:19:27,0,[PeopleData_id2,PeopleData_data1Type]
6427028,902,0:19:28,0,[PeopleData_id:2,PeopleData_data0Type]
6427028,903,0:19:31,0,[PeopleData_id2,PeopleData_data0Type]
6427028,902,0:19:36,0,[PeopleData_id:2,PeopleData_data3Type]
6427028,903,0:19:37,0,[PeopleData_id2,PeopleData_data3Type]
6427028,902,0:19:39,0,[PeopleData_id:2,PeopleData_data1Type]
6427028,903,0:19:41,0,[PeopleData_id2,PeopleData_data1Type]
6427028,901,0:19:44,0,[PeopleData_id:4]
6427028,901,0:19:48,0,[PeopleData_id:2]
6427028,901,0:19:51,0,[PeopleData_id:2]
6427028,904,0:19:51,0,[PeopleData_id:2]
6427028,902,0:19:58,0,[PeopleData_id:2,PeopleData_data3Type]
6427028,903,0:20:0,0,[PeopleData_id2,PeopleData_data3Type]
6427028,902,0:20:1,0,[PeopleData_id:2,PeopleData_data2Type]
6427028,903,0:20:2,0,[PeopleData_id2,PeopleData_data2Type]
6427028,902,0:20:3,0,[PeopleData_id:2,PeopleData_data1Type]
6427028,903,0:20:4,0,[PeopleData_id2,PeopleData_data1Type]
6427028,902,0:20:5,0,[PeopleData_id:2,PeopleData_data0Type]
6427028,903,0:20:7,0,[PeopleData_id2,PeopleData_data0Type]
6427028,901,0:20:8,0,[PeopleData_id:2]
6427028,904,0:20:9,0,[PeopleData_id:2]
6427028,905,0:20:10,0,[PeopleData_id:2,RankTypes_id:-1,RankTypes_id:1]
6427028,901,0:20:10,0,[PeopleData_id:4]
6427028,902,0:20:11,0,[PeopleData_id:4,PeopleData_data3Type]
6427028,903,0:20:17,0,[PeopleData_id4,PeopleData_data3Type]
6427028,902,0:20:17,0,[PeopleData_id:4,PeopleData_data2Type]
6427028,903,0:20:21,0,[PeopleData_id4,PeopleData_data2Type]
6427028,902,0:20:22,0,[PeopleData_id:4,PeopleData_data1Type]
6427028,903,0:20:25,0,[PeopleData_id4,PeopleData_data1Type]
6427028,902,0:20:26,0,[PeopleData_id:4,PeopleData_data0Type]
6427028,903,0:20:29,0,[PeopleData_id4,PeopleData_data0Type]
6427028,901,0:20:30,0,[PeopleData_id:4]
6427028,904,0:20:30,0,[PeopleData_id:4]
6427028,905,0:20:31,0,[PeopleData_id:4,RankTypes_id:-1,RankTypes_id:3]
6427028,901,0:20:32,0,[PeopleData_id:3]
6427028,902,0:20:34,0,[PeopleData_id:3,PeopleData_data2Type]
6427028,903,0:20:37,0,[PeopleData_id3,PeopleData_data2Type]
6427028,902,0:20:38,0,[PeopleData_id:3,PeopleData_data1Type]
6427028,903,0:20:42,0,[PeopleData_id3,PeopleData_data1Type]
6427028,902,0:20:43,0,[PeopleData_id:3,PeopleData_data0Type]
6427028,903,0:20:46,0,[PeopleData_id3,PeopleData_data0Type]
6427028,901,0:20:47,0,[PeopleData_id:3]
6427028,904,0:20:47,0,[PeopleData_id:3]
6427028,905,0:20:48,0,[PeopleData_id:3,RankTypes_id:-1,RankTypes_id:4]
6427028,901,0:20:49,0,[PeopleData_id:0]
6427028,904,0:20:49,0,[PeopleData_id:0]
6427028,902,0:20:51,0,[PeopleData_id:0,PeopleData_data3Type]
6427028,903,0:20:56,0,[PeopleData_id0,PeopleData_data3Type]
6427028,902,0:20:56,0,[PeopleData_id:0,PeopleData_data2Type]
6427028,903,0:20:59,0,[PeopleData_id0,PeopleData_data2Type]
6427028,902,0:21:0,0,[PeopleData_id:0,PeopleData_data1Type]
6427028,903,0:21:4,0,[PeopleData_id0,PeopleData_data1Type]
6427028,902,0:21:6,0,[PeopleData_id:0,PeopleData_data0Type]
6427028,903,0:21:9,0,[PeopleData_id0,PeopleData_data0Type]
6427028,901,0:21:10,0,[PeopleData_id:0]
6427028,904,0:21:10,0,[PeopleData_id:0]
6427028,905,0:21:11,0,[PeopleData_id:0,RankTypes_id:-1,RankTypes_id:3]
6427028,901,0:21:12,0,[PeopleData_id:1]
6427028,904,0:21:13,0,[PeopleData_id:1]
6427028,901,0:21:13,0,[PeopleData_id:1]
6427028,904,0:21:14,0,[PeopleData_id:1]
6427028,901,0:21:14,0,[PeopleData_id:1]
6427028,902,0:21:15,0,[PeopleData_id:1,PeopleData_data3Type]
6427028,903,0:21:18,0,[PeopleData_id1,PeopleData_data3Type]
6427028,902,0:21:19,0,[PeopleData_id:1,PeopleData_data2Type]
6427028,903,0:21:22,0,[PeopleData_id1,PeopleData_data2Type]
6427028,902,0:21:23,0,[PeopleData_id:1,PeopleData_data1Type]
6427028,903,0:21:27,0,[PeopleData_id1,PeopleData_data1Type]
6427028,902,0:21:27,0,[PeopleData_id:1,PeopleData_data0Type]
6427028,903,0:21:31,0,[PeopleData_id1,PeopleData_data0Type]
6427028,901,0:21:33,0,[PeopleData_id:1]
6427028,904,0:21:33,0,[PeopleData_id:1]
6427028,905,0:21:34,0,[PeopleData_id:1,RankTypes_id:-1,RankTypes_id:0]
6427028,906,0:21:34,0,[]
6427028,907,0:22:9,0,[]
6427028,908,0:22:9,0,[InvitationData_id:6,PeopleData_id:3,RankTypes_id:4]
6427028,909,0:22:19,0,[InvitationData_id:6,PeopleData_id:3,RankTypes_id:4,1]
6427028,910,0:22:25,0,[InvitationData_id:6,9,false]
6427028,908,0:22:25,0,[InvitationData_id:8,PeopleData_id:3,RankTypes_id:4]
6427028,909,0:22:33,0,[InvitationData_id:8,PeopleData_id:3,RankTypes_id:4,1]
6427028,910,0:22:34,0,[InvitationData_id:8,9,false]
6427028,908,0:22:34,0,[InvitationData_id:3,PeopleData_id:3,RankTypes_id:4]
6427028,909,0:22:38,0,[InvitationData_id:3,PeopleData_id:3,RankTypes_id:4,1]
6427028,910,0:22:39,0,[InvitationData_id:3,9,false]
6427028,908,0:22:39,0,[InvitationData_id:4,PeopleData_id:4,RankTypes_id:3]
6427028,909,0:22:47,0,[InvitationData_id:4,PeopleData_id:4,RankTypes_id:3,0]
6427028,910,0:22:50,0,[InvitationData_id:4,-7,false]
6427028,908,0:22:50,0,[InvitationData_id:5,PeopleData_id:4,RankTypes_id:3]
6427028,901,0:22:55,0,[PeopleData_id:4]
6427028,909,0:22:57,0,[InvitationData_id:5,PeopleData_id:4,RankTypes_id:3,0]
6427028,910,0:22:59,0,[InvitationData_id:5,-7,false]
6427028,908,0:22:59,0,[InvitationData_id:10,PeopleData_id:2,RankTypes_id:1]
6427028,909,0:23:6,0,[InvitationData_id:10,PeopleData_id:2,RankTypes_id:1,1]
6427028,910,0:23:9,0,[InvitationData_id:10,0,true]
6427028,908,0:23:9,0,[InvitationData_id:0,PeopleData_id:3,RankTypes_id:4]
6427028,909,0:23:13,0,[InvitationData_id:0,PeopleData_id:3,RankTypes_id:4,1]
6427028,910,0:23:14,0,[InvitationData_id:0,9,false]
6427028,908,0:23:14,0,[InvitationData_id:9,PeopleData_id:4,RankTypes_id:3]
6427028,909,0:23:17,0,[InvitationData_id:9,PeopleData_id:4,RankTypes_id:3,0]
6427028,910,0:23:19,0,[InvitationData_id:9,-7,false]
6427028,908,0:23:19,0,[InvitationData_id:2,PeopleData_id:2,RankTypes_id:1]
6427028,909,0:23:23,0,[InvitationData_id:2,PeopleData_id:2,RankTypes_id:1,0]
6427028,910,0:23:24,0,[InvitationData_id:2,0,false]
6427028,908,0:23:24,0,[InvitationData_id:1,PeopleData_id:0,RankTypes_id:3]
6427028,909,0:23:27,0,[InvitationData_id:1,PeopleData_id:0,RankTypes_id:3,0]
6427028,910,0:23:31,0,[InvitationData_id:1,-7,false]
6427028,911,0:23:33,0,[8,1,1,1]
6427028,1005,0:23:33,0,[2,0,1]
6427028,1001,0:23:37,0,[]
6427028,1003,0:23:37,2
6427028,210,0:23:44,966,428
6427028,211,0:23:44,1016,524
6427028,210,0:23:46,974,498
6427028,211,0:23:46,1004,559
6427028,213,0:23:46,0,c_bestFriend_F_a_G7a0,false
6427028,1003,0:23:51,2
6427028,1004,0:23:52,0
6427028,900,0:23:54,0,[]
6427028,901,0:23:56,0,[PeopleData_id:2]
6427028,902,0:23:58,0,[PeopleData_id:2,PeopleData_data3Type]
6427028,903,0:24:1,0,[PeopleData_id2,PeopleData_data3Type]
6427028,902,0:24:1,0,[PeopleData_id:2,PeopleData_data2Type]
6427028,903,0:24:3,0,[PeopleData_id2,PeopleData_data2Type]
6427028,902,0:24:4,0,[PeopleData_id:2,PeopleData_data1Type]
6427028,903,0:24:8,0,[PeopleData_id2,PeopleData_data1Type]
6427028,902,0:24:9,0,[PeopleData_id:2,PeopleData_data1Type]
6427028,903,0:24:10,0,[PeopleData_id2,PeopleData_data1Type]
6427028,902,0:24:10,0,[PeopleData_id:2,PeopleData_data0Type]
6427028,903,0:24:12,0,[PeopleData_id2,PeopleData_data0Type]
6427028,901,0:24:13,0,[PeopleData_id:2]
6427028,904,0:24:14,0,[PeopleData_id:2]
6427028,905,0:24:14,0,[PeopleData_id:2,RankTypes_id:-1,RankTypes_id:1]
6427028,901,0:24:15,0,[PeopleData_id:3]
6427028,902,0:24:16,0,[PeopleData_id:3,PeopleData_data2Type]
6427028,903,0:24:18,0,[PeopleData_id3,PeopleData_data2Type]
6427028,902,0:24:19,0,[PeopleData_id:3,PeopleData_data1Type]
6427028,903,0:24:21,0,[PeopleData_id3,PeopleData_data1Type]
6427028,902,0:24:22,0,[PeopleData_id:3,PeopleData_data0Type]
6427028,903,0:24:24,0,[PeopleData_id3,PeopleData_data0Type]
6427028,901,0:24:25,0,[PeopleData_id:3]
6427028,904,0:24:25,0,[PeopleData_id:3]
6427028,905,0:24:26,0,[PeopleData_id:3,RankTypes_id:-1,RankTypes_id:4]
6427028,901,0:24:27,0,[PeopleData_id:4]
6427028,902,0:24:29,0,[PeopleData_id:4,PeopleData_data3Type]
6427028,903,0:24:31,0,[PeopleData_id4,PeopleData_data3Type]
6427028,902,0:24:32,0,[PeopleData_id:4,PeopleData_data2Type]
6427028,903,0:24:34,0,[PeopleData_id4,PeopleData_data2Type]
6427028,902,0:24:34,0,[PeopleData_id:4,PeopleData_data1Type]
6427028,903,0:24:36,0,[PeopleData_id4,PeopleData_data1Type]
6427028,902,0:24:37,0,[PeopleData_id:4,PeopleData_data0Type]
6427028,903,0:24:40,0,[PeopleData_id4,PeopleData_data0Type]
6427028,901,0:24:41,0,[PeopleData_id:4]
6427028,904,0:24:41,0,[PeopleData_id:4]
6427028,905,0:24:41,0,[PeopleData_id:4,RankTypes_id:-1,RankTypes_id:3]
6427028,901,0:24:42,0,[PeopleData_id:0]
6427028,902,0:24:44,0,[PeopleData_id:0,PeopleData_data3Type]
6427028,903,0:24:45,0,[PeopleData_id0,PeopleData_data3Type]
6427028,902,0:24:46,0,[PeopleData_id:0,PeopleData_data2Type]
6427028,903,0:24:48,0,[PeopleData_id0,PeopleData_data2Type]
6427028,902,0:24:49,0,[PeopleData_id:0,PeopleData_data1Type]
6427028,903,0:24:51,0,[PeopleData_id0,PeopleData_data1Type]
6427028,902,0:24:52,0,[PeopleData_id:0,PeopleData_data0Type]
6427028,903,0:24:53,0,[PeopleData_id0,PeopleData_data0Type]
6427028,901,0:24:54,0,[PeopleData_id:0]
6427028,904,0:24:54,0,[PeopleData_id:0]
6427028,905,0:24:55,0,[PeopleData_id:0,RankTypes_id:-1,RankTypes_id:3]
6427028,901,0:24:55,0,[PeopleData_id:1]
6427028,902,0:24:56,0,[PeopleData_id:1,PeopleData_data3Type]
6427028,903,0:24:58,0,[PeopleData_id1,PeopleData_data3Type]
6427028,902,0:24:59,0,[PeopleData_id:1,PeopleData_data2Type]
6427028,903,0:25:1,0,[PeopleData_id1,PeopleData_data2Type]
6427028,901,0:25:2,0,[PeopleData_id:1]
6427028,904,0:25:2,0,[PeopleData_id:1]
6427028,901,0:25:4,0,[PeopleData_id:1]
6427028,904,0:25:4,0,[PeopleData_id:1]
6427028,901,0:25:5,0,[PeopleData_id:1]
6427028,904,0:25:5,0,[PeopleData_id:1]
6427028,905,0:25:6,0,[PeopleData_id:1,RankTypes_id:-1,RankTypes_id:0]
6427028,906,0:25:6,0,[]
6427028,907,0:25:7,0,[]
6427028,908,0:25:7,0,[InvitationData_id:10,PeopleData_id:2,RankTypes_id:1]
6427028,909,0:25:11,0,[InvitationData_id:10,PeopleData_id:2,RankTypes_id:1,0]
6427028,910,0:25:12,0,[InvitationData_id:10,0,false]
6427028,908,0:25:12,0,[InvitationData_id:5,PeopleData_id:4,RankTypes_id:3]
6427028,909,0:25:17,0,[InvitationData_id:5,PeopleData_id:4,RankTypes_id:3,0]
6427028,910,0:25:18,0,[InvitationData_id:5,-7,false]
6427028,908,0:25:18,0,[InvitationData_id:3,PeopleData_id:3,RankTypes_id:4]
6427028,909,0:25:23,0,[InvitationData_id:3,PeopleData_id:3,RankTypes_id:4,1]
6427028,910,0:25:24,0,[InvitationData_id:3,9,false]
6427028,908,0:25:24,0,[InvitationData_id:1,PeopleData_id:0,RankTypes_id:3]
6427028,909,0:25:32,0,[InvitationData_id:1,PeopleData_id:0,RankTypes_id:3,1]
6427028,910,0:25:33,0,[InvitationData_id:1,7,false]
6427028,908,0:25:33,0,[InvitationData_id:9,PeopleData_id:4,RankTypes_id:3]
6427028,909,0:25:36,0,[InvitationData_id:9,PeopleData_id:4,RankTypes_id:3,0]
6427028,910,0:25:37,0,[InvitationData_id:9,-7,false]
6427028,908,0:25:37,0,[InvitationData_id:8,PeopleData_id:3,RankTypes_id:4]
6427028,909,0:25:40,0,[InvitationData_id:8,PeopleData_id:3,RankTypes_id:4,1]
6427028,910,0:25:41,0,[InvitationData_id:8,9,false]
6427028,908,0:25:41,0,[InvitationData_id:0,PeopleData_id:3,RankTypes_id:4]
6427028,909,0:25:43,0,[InvitationData_id:0,PeopleData_id:3,RankTypes_id:4,1]
6427028,910,0:25:44,0,[InvitationData_id:0,9,false]
6427028,908,0:25:44,0,[InvitationData_id:2,PeopleData_id:2,RankTypes_id:1]
6427028,909,0:25:47,0,[InvitationData_id:2,PeopleData_id:2,RankTypes_id:1,0]
6427028,910,0:25:48,0,[InvitationData_id:2,0,false]
6427028,908,0:25:48,0,[InvitationData_id:4,PeopleData_id:4,RankTypes_id:3]
6427028,909,0:25:55,0,[InvitationData_id:4,PeopleData_id:4,RankTypes_id:3,0]
6427028,910,0:25:56,0,[InvitationData_id:4,-7,false]
6427028,908,0:25:56,0,[InvitationData_id:6,PeopleData_id:3,RankTypes_id:4]
6427028,909,0:25:59,0,[InvitationData_id:6,PeopleData_id:3,RankTypes_id:4,1]
6427028,910,0:26:0,0,[InvitationData_id:6,9,false]
6427028,911,0:26:2,0,[22,0,0,0]
6427028,1005,0:26:2,0,[2,1,2]
6427028,1001,0:26:4,0,[]
6427028,1003,0:26:4,2
6427028,213,0:26:10,0,c_bestFriend_F_a_G7a0,true
6427028,205,0:26:10,0,c_bestFriend_F_a_G7a0,false,false
6427028,210,0:26:21,1284,340
6427028,211,0:26:21,1308,340
6427028,207,0:26:21,0,-200,-290
6427028,210,0:26:21,1320,418
6427028,207,0:26:21,0,-290,-365
6427028,211,0:26:21,1286,432
6427028,213,0:26:22,0,s_vocabAssignment_G7a0,true
6427028,207,0:26:29,0,-365,-425
6427028,210,0:26:29,1371,442
6427028,211,0:26:30,1257,469
6427028,213,0:26:30,0,s_doorClassroom_G7a0,true
6427028,210,0:26:36,1497,514
6427028,207,0:26:36,0,-425,-518.45
6427028,211,0:26:37,1476,563
6427028,213,0:26:37,0,c_friend1_F_a_G7a0,true
6427028,210,0:26:48,967,537
6427028,211,0:26:50,101,534
6427028,207,0:26:50,0,-518.45,-83.45
6427028,210,0:26:50,52,487
6427028,207,0:26:50,0,-83.45,0
6427028,211,0:26:51,205,474
6427028,213,0:26:51,0,c_crewKid1_F_G7a0,true
6427028,210,0:26:54,95,577
6427028,211,0:26:55,692,579
6427028,213,0:26:55,0,s_otherStudent1_G7a0,true
6427028,210,0:26:58,1009,520
6427028,207,0:26:58,0,0,-390
6427028,211,0:26:59,1219,433
6427028,213,0:26:59,0,s_doorClassroom_G7a0,true
6427028,212,0:27:1,1
6427028,210,0:27:2,1477,491
6427028,207,0:27:2,0,-390,-518.45
6427028,211,0:27:3,1468,565
6427028,210,0:27:4,1449,549
6427028,211,0:27:7,478,587
6427028,207,0:27:7,0,-518.45,-458.45
6427028,210,0:27:8,431,457
6427028,207,0:27:8,0,-458.45,-218.45
6427028,207,0:27:9,0,-218.45,-8.45
6427028,211,0:27:11,212,469
6427028,213,0:27:11,0,c_crewKid1_F_G7a0,true
6427028,210,0:27:16,773,524
6427028,207,0:27:17,0,-8.45,-248.45
6427028,211,0:27:17,1187,476
6427028,213,0:27:17,0,s_doorClassroom_G7a0,true
6427028,219,0:27:19,0
6427028,216,0:27:20,Stack_G7a1N
6427028,217,0:27:44,Stack_G7a1N,20,0.00
6427028,218,0:27:46,0
6427028,212,0:27:51,2
6427028,210,0:27:52,869,418
6427028,211,0:27:53,853,426
6427028,213,0:27:53,0,c_teacherEng_G7a1N,true
6427028,205,0:27:53,0,c_teacherEng_G7a1N,false,false
6427028,210,0:28:0,677,546
6427028,211,0:28:1,132,541
6427028,207,0:28:1,0,-400,-115
6427028,207,0:28:1,0,-115,-70
6427028,210,0:28:1,145,521
6427028,211,0:28:3,666,610
6427028,213,0:28:3,0,s_otherStudent1_G7a1N,true
6427028,213,0:28:5,0,s_otherStudent1_G7a1N,true
6427028,210,0:28:8,825,401
6427028,207,0:28:10,0,-70,-430
6427028,211,0:28:11,1055,537
6427028,213,0:28:11,0,c_bestFriend_F_a_G7a1N,true
6427028,205,0:28:11,0,c_bestFriend_F_a_G7a1N,false,false
6427028,210,0:28:19,1519,522
6427028,207,0:28:19,0,-430,-518.45
6427028,211,0:28:19,1532,522
6427028,210,0:28:19,1478,537
6427028,211,0:28:19,1440,539
6427028,210,0:28:19,1471,555
6427028,211,0:28:21,1222,455
6427028,213,0:28:21,0,s_otherStudent2_G7a1N,true
6427028,210,0:28:23,728,583
6427028,211,0:28:24,400,542
6427028,207,0:28:24,0,-518.45,-383.45
6427028,210,0:28:24,310,551
6427028,207,0:28:25,0,-383.45,-143.45
6427028,207,0:28:26,0,-143.45,-8.45
6427028,211,0:28:26,267,440
6427028,210,0:28:27,282,437
6427028,211,0:28:27,209,443
6427028,213,0:28:27,0,c_crewKid1_F_G7a1N,true
6427028,210,0:28:31,935,282
6427028,207,0:28:32,0,-8.45,-323.45
6427028,211,0:28:32,1242,347
6427028,210,0:28:32,1204,216
6427028,211,0:28:33,1241,332
6427028,210,0:28:33,1243,358
6427028,211,0:28:33,1366,423
6427028,207,0:28:33,0,-323.45,-413.45
6427028,210,0:28:34,1236,330
6427028,211,0:28:34,1193,344
6427028,221,0:28:39,0
6427028,208,0:28:43,0,c_bestFriend_F_a_G7a0
6427028,300,0:28:47
6427028,220,0:28:47,0
6427028,221,0:29:8,0
6427028,220,0:29:12,0
6427028,212,0:29:13,1
6427028,210,0:29:14,921,476
6427028,211,0:29:15,656,588
6427028,213,0:29:15,0,s_otherStudent1_G7a0,true
6427028,210,0:29:19,1043,68
6427028,211,0:29:20,1252,150
6427028,207,0:29:20,0,-200,-245
6427028,210,0:29:21,1279,182
6427028,207,0:29:21,0,-245,-320
6427028,207,0:29:22,0,-320,-518.45
6427028,211,0:29:24,1235,394
6427028,213,0:29:24,0,s_doorClassroom_G7a0,true
6427028,210,0:29:26,1498,214
6427028,211,0:29:27,1104,623
6427028,213,0:29:27,0,s_vocabAssignment_G7a0,true
6427028,210,0:29:29,1142,247
6427028,207,0:29:31,0,-518.45,-323.45
6427028,211,0:29:34,598,147
6427028,213,0:29:34,0,s_atwoodPoster_gen,true
6427028,210,0:29:40,711,406
6427028,207,0:29:43,0,-323.45,-413.45
6427028,207,0:29:44,0,-413.45,-98.45
6427028,211,0:29:45,257,131
6427028,213,0:29:45,0,s_flag_gen,false
6427028,1003,0:29:51,1
6427028,1004,0:29:52,0
6427028,800,0:29:54,0,[]
6427028,801,0:29:56,0,[]
6427028,814,0:30:2,0,[0]
6427028,815,0:30:2,0,0,OpportunityCardData_id:0
6427028,816,0:30:5,0,0,OpportunityCardData_id:0
6427028,803,0:30:17,0,[OpportunityCardData_id:0,OpportunityCardConsequencesData_logId:1]
6427028,803,0:30:22,0,[OpportunityCardData_id:0,OpportunityCardConsequencesData_logId:0]
6427028,803,0:30:26,0,[OpportunityCardData_id:0,OpportunityCardConsequencesData_logId:2]
6427028,805,0:30:36,0,[OpportunityCardData_id:0]
6427028,807,0:30:39,0,[OpportunityCardData_id:0]
6427028,808,0:30:49,0,[OpportunityCardData_id:0]
6427028,809,0:31:2,0,[OpportunityCardData_id:0,PriorityData_type:1,false]
6427028,810,0:31:3,0,[OpportunityCardData_id:0,PriorityData_type:0,15,PriorityData_type:1,20]
6427028,814,0:31:13,0,[5]
6427028,815,0:31:13,0,5,OpportunityCardData_id:32
6427028,816,0:31:15,0,5,OpportunityCardData_id:32
6427028,803,0:31:17,0,[OpportunityCardData_id:32,OpportunityCardConsequencesData_logId:0]
6427028,803,0:31:20,0,[OpportunityCardData_id:32,OpportunityCardConsequencesData_logId:1]
6427028,804,0:31:24,0,[OpportunityCardData_id:32]
6427028,814,0:31:26,0,[5]
6427028,815,0:31:26,0,5,OpportunityCardData_id:33
6427028,816,0:31:30,0,5,OpportunityCardData_id:33
6427028,805,0:31:32,0,[OpportunityCardData_id:33]
6427028,1002,0:31:42,0
6427028,1003,0:31:42,1
6427028,212,0:31:50,0
6427028,212,0:31:51,2
6427028,221,0:31:52,0
6427028,220,0:31:57,0
6427028,210,0:32:0,948,68
6427028,207,0:32:2,0,-200,0
6427028,207,0:32:6,0,0,-165
6427028,211,0:32:8,400,329
6427028,212,0:32:9,1
6427028,210,0:32:10,947,53
6427028,211,0:32:12,585,139
6427028,213,0:32:12,0,s_atwoodPoster_gen,true
6427028,210,0:32:16,432,88
6427028,207,0:32:17,0,-165,-60
6427028,211,0:32:17,250,123
6427028,213,0:32:17,0,s_flag_gen,false
6427028,1003,0:32:24,1
6427028,1004,0:32:25,0
6427028,800,0:32:27,0,[]
6427028,801,0:32:28,0,[]
6427028,814,0:32:29,0,[0]
6427028,815,0:32:29,0,0,OpportunityCardData_id:0
6427028,815,0:32:32,0,0,OpportunityCardData_id:1
6427028,815,0:32:33,0,0,OpportunityCardData_id:2
6427028,815,0:32:33,0,0,OpportunityCardData_id:3
6427028,815,0:32:34,0,0,OpportunityCardData_id:4
6427028,815,0:32:36,0,0,OpportunityCardData_id:5
6427028,815,0:32:38,0,0,OpportunityCardData_id:4
6427028,815,0:32:40,0,0,OpportunityCardData_id:5
6427028,815,0:32:40,0,0,OpportunityCardData_id:6
6427028,815,0:32:43,0,0,OpportunityCardData_id:0
6427028,815,0:32:48,0,0,OpportunityCardData_id:1
6427028,815,0:32:52,0,0,OpportunityCardData_id:2
6427028,815,0:32:53,0,0,OpportunityCardData_id:3
6427028,815,0:32:54,0,0,OpportunityCardData_id:4
6427028,815,0:32:55,0,0,OpportunityCardData_id:3
6427028,815,0:32:58,0,0,OpportunityCardData_id:4
6427028,816,0:33:1,0,0,OpportunityCardData_id:4
6427028,803,0:33:2,0,[OpportunityCardData_id:4,OpportunityCardConsequencesData_logId:0]
6427028,803,0:33:5,0,[OpportunityCardData_id:4,OpportunityCardConsequencesData_logId:1]
6427028,805,0:33:10,0,[OpportunityCardData_id:4]
6427028,807,0:33:13,0,[OpportunityCardData_id:4]
6427028,808,0:33:16,0,[OpportunityCardData_id:4]
6427028,809,0:33:24,0,[OpportunityCardData_id:4,Safe,false]
6427028,810,0:33:25,0,[OpportunityCardData_id:4,PriorityData_type:0,25,Safe,Safe]
6427028,814,0:33:32,0,[1]
6427028,815,0:33:32,0,1,OpportunityCardData_id:7
6427028,815,0:33:34,0,1,OpportunityCardData_id:8
6427028,815,0:33:36,0,1,OpportunityCardData_id:9
6427028,815,0:33:38,0,1,OpportunityCardData_id:10
6427028,815,0:33:39,0,1,OpportunityCardData_id:11
6427028,815,0:33:40,0,1,OpportunityCardData_id:12
6427028,815,0:33:40,0,1,OpportunityCardData_id:7
6427028,815,0:33:46,0,1,OpportunityCardData_id:8
6427028,816,0:33:49,0,1,OpportunityCardData_id:8
6427028,803,0:33:52,0,[OpportunityCardData_id:8,OpportunityCardConsequencesData_logId:0]
6427028,803,0:33:55,0,[OpportunityCardData_id:8,OpportunityCardConsequencesData_logId:1]
6427028,803,0:33:57,0,[OpportunityCardData_id:8,OpportunityCardConsequencesData_logId:2]
6427028,805,0:34:1,0,[OpportunityCardData_id:8]
6427028,807,0:34:2,0,[OpportunityCardData_id:8]
6427028,808,0:34:5,0,[OpportunityCardData_id:8]
6427028,809,0:34:11,0,[OpportunityCardData_id:8,PriorityData_type:2,false]
6427028,810,0:34:12,0,[OpportunityCardData_id:8,PriorityData_type:1,20,PriorityData_type:2,20]
6427028,814,0:34:19,0,[3]
6427028,815,0:34:19,0,3,OpportunityCardData_id:19
6427028,815,0:34:20,0,3,OpportunityCardData_id:20
6427028,815,0:34:21,0,3,OpportunityCardData_id:21
6427028,815,0:34:23,0,3,OpportunityCardData_id:23
6427028,815,0:34:25,0,3,OpportunityCardData_id:24
6427028,816,0:34:29,0,3,OpportunityCardData_id:24
6427028,803,0:34:30,0,[OpportunityCardData_id:24,OpportunityCardConsequencesData_logId:0]
6427028,803,0:34:32,0,[OpportunityCardData_id:24,OpportunityCardConsequencesData_logId:1]
6427028,803,0:34:33,0,[OpportunityCardData_id:24,OpportunityCardConsequencesData_logId:2]
6427028,805,0:34:35,0,[OpportunityCardData_id:24]
6427028,807,0:34:37,0,[OpportunityCardData_id:24]
6427028,808,0:34:41,0,[OpportunityCardData_id:24]
6427028,809,0:34:46,0,[OpportunityCardData_id:24,Safe,false]
6427028,810,0:34:47,0,[OpportunityCardData_id:24,PriorityData_type:3,10,Safe,Safe]
6427028,814,0:34:52,0,[4]
6427028,815,0:34:52,0,4,OpportunityCardData_id:22
6427028,816,0:34:56,0,4,OpportunityCardData_id:22
6427028,803,0:35:0,0,[OpportunityCardData_id:22,OpportunityCardConsequencesData_logId:0]
6427028,803,0:35:0,0,[OpportunityCardData_id:22,OpportunityCardConsequencesData_logId:1]
6427028,805,0:35:6,0,[OpportunityCardData_id:22]
6427028,807,0:35:7,0,[OpportunityCardData_id:22]
6427028,808,0:35:10,0,[OpportunityCardData_id:22]
6427028,809,0:35:14,0,[OpportunityCardData_id:22,PriorityData_type:2,false]
6427028,810,0:35:15,0,[OpportunityCardData_id:22,PriorityData_type:4,15,PriorityData_type:2,15]
6427028,814,0:35:20,0,[2]
6427028,815,0:35:20,0,2,OpportunityCardData_id:13
6427028,815,0:35:23,0,2,OpportunityCardData_id:14
6427028,815,0:35:23,0,2,OpportunityCardData_id:15
6427028,815,0:35:24,0,2,OpportunityCardData_id:16
6427028,815,0:35:24,0,2,OpportunityCardData_id:17
6427028,815,0:35:24,0,2,OpportunityCardData_id:18
6427028,815,0:35:25,0,2,OpportunityCardData_id:13
6427028,816,0:35:26,0,2,OpportunityCardData_id:13
6427028,803,0:35:28,0,[OpportunityCardData_id:13,OpportunityCardConsequencesData_logId:0]
6427028,803,0:35:30,0,[OpportunityCardData_id:13,OpportunityCardConsequencesData_logId:2]
6427028,803,0:35:32,0,[OpportunityCardData_id:13,OpportunityCardConsequencesData_logId:1]
6427028,805,0:35:34,0,[OpportunityCardData_id:13]
6427028,807,0:35:35,0,[OpportunityCardData_id:13]
6427028,808,0:35:38,0,[OpportunityCardData_id:13]
6427028,809,0:35:55,0,[OpportunityCardData_id:13,PriorityData_type:3,false]
6427028,810,0:35:56,0,[OpportunityCardData_id:13,PriorityData_type:2,15,PriorityData_type:3,10]
6427028,1002,0:36:3,0
6427028,1003,0:36:3,1
6427028,212,0:36:11,2
6427028,210,0:36:12,1292,138
6427028,211,0:36:13,1352,138
6427028,207,0:36:13,0,-200,-335
6427028,207,0:36:13,0,-335,-380
6427028,210,0:36:13,1309,141
6427028,211,0:36:14,1236,172
6427028,213,0:36:14,0,s_clock_G7a0,true
6427028,210,0:36:22,1068,570
6427028,207,0:36:24,0,-380,-110
6427028,207,0:36:25,0,-110,0
6427028,211,0:36:31,702,294
6427028,207,0:36:36,0,-400,-460
6427028,210,0:36:36,1395,397
6427028,207,0:36:39,0,-460,0
6427028,207,0:36:43,0,0,-255
6427028,211,0:36:43,816,498
6427028,213,0:36:43,0,c_teacherEng_G7a1N,true
6427028,205,0:36:43,0,c_teacherEng_G7a1N,false,true
6427028,210,0:36:51,1166,438
6427028,207,0:36:52,0,-255,-518.45
6427028,211,0:36:54,1472,608
6427028,210,0:36:54,1459,520
6427028,211,0:36:54,1459,520
6427028,210,0:36:54,1459,578
6427028,211,0:36:54,1459,578
6427028,210,0:36:55,1466,573
6427028,211,0:36:58,430,206
6427028,207,0:36:58,0,-518.45,-413.45
6427028,210,0:36:59,340,185
6427028,207,0:36:59,0,-413.45,-173.45
6427028,211,0:37:0,277,122
6427028,213,0:37:0,0,s_flag_gen,true
6427028,204,0:37:7,0
6427028,100,0:37:25,0
6427028,102,0:37:28,0
6427028,200,0:37:28,0,0,0,2,0,6
6427028,221,0:37:34,0
6427028,220,0:37:55,0
6427028,210,0:37:56,667,523
6427028,211,0:37:57,826,441
6427028,213,0:37:57,0,c_teacherEng_G7a0,true
6427028,205,0:37:57,0,c_teacherEng_G7a0,false,false
6427028,210,0:38:4,1070,347
6427028,207,0:38:6,0,-200,-35
6427028,211,0:38:7,291,136
6427028,210,0:38:8,586,101
6427028,211,0:38:8,650,97
6427028,212,0:38:9,1
6427028,210,0:38:9,596,76
6427028,211,0:38:10,601,127
6427028,213,0:38:10,0,s_atwoodPoster_gen,true
6427028,210,0:38:14,255,137
6427028,211,0:38:14,256,127
6427028,213,0:38:14,0,s_flag_gen,false
6427028,1003,0:38:18,1
6427028,1004,0:38:20,0
6427028,1002,0:38:25,0
6427028,1003,0:38:25,1
6427028,210,0:38:35,970,493
6427028,207,0:38:52,0,-200,-518.45
6427028,211,0:38:56,461,481
6427028,207,0:38:56,0,-518.45,-443.45
6427028,210,0:38:57,437,435
6427028,207,0:38:57,0,-443.45,-368.45
6427028,207,0:38:59,0,-368.45,0
6427028,207,0:39:10,0,0,-285
6427028,211,0:39:10,1119,511
6427028,212,0:39:17,2
6427028,210,0:39:18,973,506
6427028,211,0:39:18,994,544
6427028,213,0:39:18,0,c_bestFriend_F_a_G7a0,true
6427028,205,0:39:18,0,c_bestFriend_F_a_G7a0,false,true
6427028,210,0:39:25,1031,499
6427028,207,0:39:26,0,-285,-518.45
6427028,211,0:39:28,493,507
6427028,207,0:39:28,0,-518.45,-473.45
6427028,207,0:39:28,0,-473.45,-443.45
6427028,210,0:39:28,661,364
6427028,211,0:39:29,436,454
6427028,207,0:39:29,0,-443.45,-413.45
6427028,207,0:39:29,0,-413.45,-353.45
6427028,210,0:39:29,430,427
6427028,207,0:39:31,0,-353.45,0
6427028,207,0:39:37,0,0,-518.45
6427028,211,0:39:41,1031,418
6427028,210,0:39:42,813,369
6427028,211,0:39:43,605,454
6427028,210,0:39:48,1495,401
6427028,207,0:39:48,0,-400,-518.45
6427028,211,0:39:48,1433,554
6427028,210,0:39:49,1460,578
6427028,211,0:39:51,493,502
6427028,207,0:39:51,0,-518.45,-473.45
6427028,207,0:39:52,0,-473.45,-443.45
6427028,210,0:39:52,655,383
6427028,211,0:39:53,340,527
6427028,207,0:39:53,0,-443.45,-323.45
6427028,210,0:39:54,264,524
6427028,207,0:39:54,0,-323.45,0
6427028,211,0:39:55,853,446
6427028,213,0:39:55,0,c_teacherEng_G7a1N,true
6427028,205,0:39:55,0,c_teacherEng_G7a1N,false,true
6427028,210,0:40:4,952,442
6427028,211,0:40:5,1323,337
6427028,207,0:40:5,0,-200,-320
6427028,210,0:40:10,509,360
6427028,207,0:40:10,0,-320,-95
6427028,211,0:40:17,1041,375
6427028,212,0:40:20,1
6427028,212,0:40:22,0
6427028,210,0:40:23,860,520
6427028,207,0:40:25,0,-95,0
6427028,207,0:40:28,0,0,-480
6427028,207,0:40:29,0,-480,-518.45
6427028,211,0:40:30,1371,583
6427028,210,0:40:34,1135,427
6427028,211,0:40:34,839,384
6427028,210,0:40:35,938,369
6427028,211,0:40:36,1122,287
6427028,210,0:40:39,1118,554
6427028,211,0:40:39,1408,444
6427028,221,0:40:40,0
6427028,220,0:40:46,0
6427028,210,0:40:47,1289,417
6427028,211,0:40:48,1055,607
6427028,213,0:40:48,0,s_vocabAssignment_G7a0,true
6427028,221,0:40:50,0
6427028,220,0:40:55,0
6427028,212,0:40:59,2
6427028,210,0:41:0,1438,474
6427028,207,0:41:0,0,-400,-505
6427028,211,0:41:2,297,149
6427028,207,0:41:2,0,-505,-280
6427028,210,0:41:2,207,150
6427028,207,0:41:3,0,-280,-130
6427028,211,0:41:3,249,203
6427028,213,0:41:3,0,s_flag_gen,true
6427028,210,0:41:7,558,423
6427028,207,0:41:8,0,-130,0
6427028,207,0:41:14,0,0,-195
6427028,207,0:41:15,0,-195,-405
6427028,211,0:41:15,1268,431
6427028,212,0:41:16,1
6427028,210,0:41:18,1423,458
6427028,211,0:41:18,1532,459
6427028,207,0:41:18,0,-405,-510
6427028,207,0:41:18,0,-510,-518.45
6427028,210,0:41:18,1449,505
6427028,207,0:41:23,0,-518.45,0
6427028,211,0:41:28,539,292
6427028,210,0:41:31,591,67
6427028,211,0:41:32,606,126
6427028,213,0:41:32,0,s_atwoodPoster_gen,true
6427028,207,0:41:39,0,-200,-170
6427028,207,0:41:41,0,-170,-125
6427028,210,0:41:41,241,93
6427028,211,0:41:41,241,93
6427028,210,0:41:42,230,108
6427028,211,0:41:42,230,185
6427028,210,0:41:43,243,108
6427028,211,0:41:43,234,145
6427028,213,0:41:43,0,s_flag_gen,false
6427028,1003,0:41:54,1
6427028,1004,0:41:55,0
6427028,800,0:42:0,0,[]
6427028,801,0:42:2,0,[]
6427028,814,0:42:9,0,[5]
6427028,815,0:42:9,0,5,OpportunityCardData_id:32
6427028,817,0:42:11,0,5
6427028,814,0:42:13,0,[2]
6427028,815,0:42:13,0,2,OpportunityCardData_id:13
6427028,815,0:42:14,0,2,OpportunityCardData_id:14
6427028,815,0:42:15,0,2,OpportunityCardData_id:15
6427028,815,0:42:16,0,2,OpportunityCardData_id:14
6427028,816,0:42:17,0,2,OpportunityCardData_id:14
6427028,803,0:42:18,0,[OpportunityCardData_id:14,OpportunityCardConsequencesData_logId:0]
6427028,803,0:42:20,0,[OpportunityCardData_id:14,OpportunityCardConsequencesData_logId:2]
6427028,803,0:42:22,0,[OpportunityCardData_id:14,OpportunityCardConsequencesData_logId:1]
6427028,805,0:42:25,0,[OpportunityCardData_id:14]
6427028,807,0:42:26,0,[OpportunityCardData_id:14]
6427028,808,0:42:30,0,[OpportunityCardData_id:14]
6427028,809,0:42:45,0,[OpportunityCardData_id:14,PriorityData_type:4,false]
6427028,810,0:42:46,0,[OpportunityCardData_id:14,PriorityData_type:2,15,PriorityData_type:4,10]
6427028,814,0:42:52,0,[4]
6427028,815,0:42:52,0,4,OpportunityCardData_id:22
6427028,815,0:42:53,0,4,OpportunityCardData_id:26
6427028,815,0:42:54,0,4,OpportunityCardData_id:27
6427028,815,0:42:56,0,4,OpportunityCardData_id:28
6427028,815,0:42:59,0,4,OpportunityCardData_id:29
6427028,815,0:43:0,0,4,OpportunityCardData_id:30
6427028,815,0:43:6,0,4,OpportunityCardData_id:31
6427028,815,0:43:9,0,4,OpportunityCardData_id:22
6427028,815,0:43:12,0,4,OpportunityCardData_id:26
6427028,815,0:43:15,0,4,OpportunityCardData_id:27
6427028,816,0:43:19,0,4,OpportunityCardData_id:27
6427028,803,0:43:24,0,[OpportunityCardData_id:27,OpportunityCardConsequencesData_logId:0]
6427028,803,0:43:26,0,[OpportunityCardData_id:27,OpportunityCardConsequencesData_logId:2]
6427028,803,0:43:28,0,[OpportunityCardData_id:27,OpportunityCardConsequencesData_logId:1]
6427028,805,0:43:30,0,[OpportunityCardData_id:27]
6427028,807,0:43:31,0,[OpportunityCardData_id:27]
6427028,808,0:43:32,0,[OpportunityCardData_id:27]
6427028,809,0:43:50,0,[OpportunityCardData_id:27,PriorityData_type:1,false]
6427028,810,0:43:51,0,[OpportunityCardData_id:27,PriorityData_type:4,15,PriorityData_type:1,10]
6427028,814,0:43:55,0,[4]
6427028,815,0:43:55,0,4,OpportunityCardData_id:22
6427028,815,0:43:56,0,4,OpportunityCardData_id:26
6427028,815,0:43:58,0,4,OpportunityCardData_id:28
6427028,815,0:44:4,0,4,OpportunityCardData_id:29
6427028,815,0:44:10,0,4,OpportunityCardData_id:30
6427028,815,0:44:12,0,4,OpportunityCardData_id:31
6427028,815,0:44:13,0,4,OpportunityCardData_id:22
6427028,816,0:44:15,0,4,OpportunityCardData_id:22
6427028,803,0:44:16,0,[OpportunityCardData_id:22,OpportunityCardConsequencesData_logId:1]
6427028,803,0:44:18,0,[OpportunityCardData_id:22,OpportunityCardConsequencesData_logId:0]
6427028,805,0:44:20,0,[OpportunityCardData_id:22]
6427028,807,0:44:21,0,[OpportunityCardData_id:22]
6427028,808,0:44:23,0,[OpportunityCardData_id:22]
6427028,809,0:44:28,0,[OpportunityCardData_id:22,Safe,false]
6427028,810,0:44:29,0,[OpportunityCardData_id:22,PriorityData_type:4,15,Safe,Safe]
6427028,814,0:44:35,0,[4]
6427028,815,0:44:35,0,4,OpportunityCardData_id:26
6427028,815,0:44:36,0,4,OpportunityCardData_id:28
6427028,815,0:44:37,0,4,OpportunityCardData_id:29
6427028,815,0:44:38,0,4,OpportunityCardData_id:30
6427028,815,0:44:40,0,4,OpportunityCardData_id:31
6427028,815,0:44:41,0,4,OpportunityCardData_id:26
6427028,815,0:44:43,0,4,OpportunityCardData_id:28
6427028,816,0:44:46,0,4,OpportunityCardData_id:28
6427028,803,0:44:47,0,[OpportunityCardData_id:28,OpportunityCardConsequencesData_logId:1]
6427028,803,0:44:49,0,[OpportunityCardData_id:28,OpportunityCardConsequencesData_logId:2]
6427028,803,0:44:51,0,[OpportunityCardData_id:28,OpportunityCardConsequencesData_logId:0]
6427028,805,0:44:53,0,[OpportunityCardData_id:28]
6427028,807,0:44:55,0,[OpportunityCardData_id:28]
6427028,808,0:44:57,0,[OpportunityCardData_id:28]
6427028,809,0:45:2,0,[OpportunityCardData_id:28,PriorityData_type:5,false]
6427028,810,0:45:3,0,[OpportunityCardData_id:28,PriorityData_type:4,15,PriorityData_type:5,10]
6427028,818,0:45:7,0,4
6427028,811,0:45:8,0,[OpportunityCardData_id:28,PriorityData_type:2,80,85,PriorityData_type:4,70,80]
6427028,1005,0:45:8,0,[1,0,3]
6427028,1001,0:45:10,0,[]
6427028,1003,0:45:10,1
6427028,212,0:45:17,0
6427028,221,0:45:19,0
6427028,220,0:45:21,0
6427028,212,0:45:22,1
6427028,210,0:45:23,695,158
6427028,211,0:45:24,606,120
6427028,213,0:45:24,0,s_atwoodPoster_gen,true
6427028,207,0:45:28,0,-200,-170
6427028,210,0:45:29,254,86
6427028,211,0:45:29,253,113
6427028,213,0:45:29,0,s_flag_gen,true
6427028,205,0:45:29,0,s_flag_gen,false,false
6427028,212,0:45:35,2
6427028,212,0:45:35,0
6427028,221,0:45:36,0
6427028,220,0:45:40,0
6427028,210,0:45:41,507,518
6427028,211,0:45:41,127,538
6427028,207,0:45:41,0,-170,-110
6427028,210,0:45:42,83,507
6427028,207,0:45:42,0,-110,-20
6427028,207,0:45:42,0,-20,0
6427028,211,0:45:44,1099,395
6427028,207,0:45:44,0,0,-105
6427028,212,0:45:45,1
6427028,210,0:45:45,1057,520
6427028,207,0:45:46,0,-105,-518.45
6427028,207,0:45:52,0,-518.45,-113.45
6427028,211,0:45:53,605,136
6427028,213,0:45:53,0,s_atwoodPoster_gen,true
6427028,221,0:46:6,0
6427028,220,0:46:11,0
6427028,210,0:46:14,1207,409
6427028,207,0:46:14,0,-113.45,-233.45
6427028,211,0:46:15,70,530
6427028,207,0:46:15,0,-233.45,-53.45
6427028,207,0:46:16,0,-53.45,-23.45
6427028,210,0:46:16,155,430
6427028,207,0:46:17,0,-23.45,0
6427028,211,0:46:18,2,631
6427028,210,0:46:18,184,486
6427028,207,0:46:21,0,0,-255
6427028,211,0:46:22,1044,316
6427028,210,0:46:26,1164,215
6427028,211,0:46:27,1258,197
6427028,207,0:46:27,0,-255,-315
6427028,210,0:46:37,677,335
6427028,211,0:46:37,998,360
6427028,212,0:46:38,2
6427028,221,0:46:39,0
6427028,220,0:46:41,0
6427028,212,0:46:53,1
6427028,210,0:46:55,1218,352
6427028,211,0:46:55,1064,220
6427028,210,0:46:55,980,109
6427028,207,0:46:56,0,-400,-100
6427028,207,0:46:58,0,-100,-40
6427028,207,0:47:1,0,-40,0
6427028,207,0:47:3,0,0,-165
6427028,211,0:47:6,1306,576
6427028,207,0:47:6,0,-165,-300
6427028,210,0:47:6,1334,564
6427028,207,0:47:6,0,-300,-375
6427028,211,0:47:6,1225,531
6427028,213,0:47:6,0,s_otherStudent2_G7a1N,true
6427028,210,0:47:8,1073,481
6427028,207,0:47:9,0,-375,-518.45
6427028,207,0:47:24,0,-518.45,-128.45
6427028,211,0:47:29,300,584
6427028,210,0:47:29,203,566
6427028,207,0:47:29,0,-128.45,0
6427028,207,0:47:34,0,0,-518.45
6427028,211,0:47:36,1085,500
6427028,212,0:47:37,2
6427028,210,0:47:37,1464,544
6427028,211,0:47:39,860,455
6427028,213,0:47:39,0,c_teacherEng_G7a1N,true
6427028,205,0:47:39,0,c_teacherEng_G7a1N,false,true
6427028,210,0:47:43,1364,534
6427028,211,0:47:46,415,162
6427028,207,0:47:46,0,-518.45,-398.45
6427028,207,0:47:47,0,-398.45,-338.45
6427028,210,0:47:47,426,136
6427028,207,0:47:48,0,-338.45,0
6427028,207,0:47:53,0,0,-225
6427028,211,0:47:54,1056,524
6427028,213,0:47:54,0,c_bestFriend_F_a_G7a1N,true
6427028,205,0:47:54,0,c_bestFriend_F_a_G7a1N,false,true
6427028,212,0:48:2,0
6427028,210,0:48:3,1211,427
6427028,207,0:48:3,0,-225,-420
6427028,207,0:48:4,0,-420,-518.45
6427028,207,0:48:9,0,-518.45,-98.45
6427028,211,0:48:11,1048,636
6427028,210,0:48:12,771,530
6427028,211,0:48:13,24,479
6427028,207,0:48:13,0,-98.45,-8.45
6427028,207,0:48:13,0,-8.45,0
6427028,210,0:48:13,14,500
6427028,207,0:48:17,0,0,-225
6427028,207,0:48:19,0,-225,-518.45
6427028,211,0:48:21,570,150
6427028,207,0:48:21,0,-518.45,-503.45
6427028,212,0:48:24,2
6427028,210,0:48:25,1024,496
6427028,211,0:48:27,401,560
6427028,207,0:48:27,0,-503.45,-383.45
6427028,210,0:48:27,325,481
6427028,207,0:48:28,0,-383.45,0
6427028,211,0:48:28,288,316
6427028,212,0:48:29,1
6427028,210,0:48:32,88,561
6427028,207,0:48:39,0,0,-495
6427028,211,0:48:39,1185,360
6427028,210,0:48:40,1117,307
6427028,207,0:48:41,0,-495,-518.45
6427028,211,0:48:45,744,579
6427028,210,0:48:46,1073,452
6427028,211,0:48:49,445,461
6427028,207,0:48:49,0,-518.45,-428.45
6427028,210,0:48:50,369,446
6427028,207,0:48:50,0,-428.45,-248.45
6427028,211,0:48:51,727,370
6427028,219,0:48:53,0
6427028,218,0:48:56,0
6427028,210,0:49:7,1077,538
6427028,207,0:49:11,0,-248.45,-518.45
6427028,211,0:49:13,1516,607
6427028,210,0:49:14,1461,500
6427028,211,0:49:14,1172,531
6427028,210,0:49:18,1328,570
6427028,207,0:49:20,0,-518.45,0
6427028,211,0:49:26,467,190
6427028,213,0:49:26,0,s_posterPlagiarism_gen,true
6427028,212,0:49:29,2
6427028,210,0:49:30,430,205
6427028,211,0:49:31,459,208
6427028,213,0:49:31,0,s_posterPlagiarism_gen,true
6427028,221,0:49:39,0
6427028,220,0:49:42,0
6427028,212,0:49:46,1
6427028,210,0:49:46,1340,466
6427028,207,0:49:47,0,-400,-518.45
6427028,207,0:49:55,0,-518.45,-338.45
6427028,207,0:50:0,0,-338.45,-8.45
6427028,211,0:50:1,320,172
6427028,210,0:50:17,317,473
6427028,211,0:50:18,94,565
6427028,210,0:50:22,757,494
6427028,207,0:50:24,0,-8.45,0
6427028,211,0:50:35,488,303
6427028,210,0:50:38,885,396
6427028,207,0:50:40,0,0,-495
6427028,207,0:50:42,0,-495,-518.45
6427028,207,0:50:53,0,-518.45,-53.45
6427028,207,0:50:59,0,-53.45,-518.45
6427028,211,0:51:2,1534,160
6427028,210,0:51:2,1532,94
6427028,211,0:51:5,725,359
6427028,212,0:51:14,0
6427028,212,0:51:15,1
6427028,210,0:51:20,1141,431
6427028,211,0:51:21,1068,530
6427028,221,0:51:21,0
6427028,220,0:51:40,0
6427028,210,0:51:46,1474,199
6427028,207,0:51:46,0,-400,-518.45
6427028,211,0:51:52,810,367
6427028,213,0:51:52,0,s_paperPlayers_G7a1N,true
6427028,205,0:51:52,0,s_paperPlayers_G7a1N,false,false
6427028,221,0:51:59,0
6427028,220,0:52:0,0
6427028,219,0:52:0,0
6427028,216,0:52:0,Stack_G7a1P
6427028,217,0:52:12,Stack_G7a1P,7.7,0.00
6427028,218,0:52:13,0
6427028,207,0:52:17,0,-400,-370
6427028,210,0:52:18,351,418
6427028,207,0:52:18,0,-370,-295
6427028,207,0:52:19,0,-295,-220
6427028,207,0:52:19,0,-220,-40
6427028,207,0:52:20,0,-40,0
6427028,207,0:52:25,0,0,-518
6427028,211,0:52:27,773,497
6427028,213,0:52:27,0,c_teacherEng_G7a1P,true
6427028,205,0:52:27,0,c_teacherEng_G7a1P,false,false
6427028,212,0:52:33,0
6427028,210,0:52:35,1027,282
6427028,207,0:52:40,0,-518,0
6427028,211,0:52:43,1095,408
6427028,207,0:52:43,0,0,-105
6427028,212,0:52:43,2
6427028,210,0:52:44,950,497
6427028,207,0:52:46,0,-105,0
6427028,211,0:52:49,266,150
6427028,213,0:52:49,0,s_flag_gen,false
6427028,1003,0:52:54,2
6427028,1004,0:52:55,0
6427028,900,0:52:57,0,[]
6427028,901,0:52:59,0,[PeopleData_id:3]
6427028,902,0:53:1,0,[PeopleData_id:3,PeopleData_data2Type]
6427028,903,0:53:3,0,[PeopleData_id3,PeopleData_data2Type]
6427028,902,0:53:3,0,[PeopleData_id:3,PeopleData_data1Type]
6427028,903,0:53:5,0,[PeopleData_id3,PeopleData_data1Type]
6427028,902,0:53:6,0,[PeopleData_id:3,PeopleData_data0Type]
6427028,903,0:53:10,0,[PeopleData_id3,PeopleData_data0Type]
6427028,901,0:53:10,0,[PeopleData_id:3]
6427028,904,0:53:10,0,[PeopleData_id:3]
6427028,905,0:53:11,0,[PeopleData_id:3,RankTypes_id:-1,RankTypes_id:4]
6427028,901,0:53:12,0,[PeopleData_id:1]
6427028,902,0:53:13,0,[PeopleData_id:1,PeopleData_data0Type]
6427028,903,0:53:15,0,[PeopleData_id1,PeopleData_data0Type]
6427028,901,0:53:17,0,[PeopleData_id:1]
6427028,904,0:53:17,0,[PeopleData_id:1]
6427028,905,0:53:19,0,[PeopleData_id:1,RankTypes_id:-1,RankTypes_id:0]
6427028,901,0:53:19,0,[PeopleData_id:0]
6427028,902,0:53:21,0,[PeopleData_id:0,PeopleData_data0Type]
6427028,903,0:53:24,0,[PeopleData_id0,PeopleData_data0Type]
6427028,902,0:53:25,0,[PeopleData_id:0,PeopleData_data1Type]
6427028,903,0:53:27,0,[PeopleData_id0,PeopleData_data1Type]
6427028,901,0:53:28,0,[PeopleData_id:0]
6427028,904,0:53:28,0,[PeopleData_id:0]
6427028,905,0:53:28,0,[PeopleData_id:0,RankTypes_id:-1,RankTypes_id:3]
6427028,902,0:53:29,0,[PeopleData_id:0,PeopleData_data1Type]
6427028,903,0:53:30,0,[PeopleData_id0,PeopleData_data1Type]
6427028,902,0:53:31,0,[PeopleData_id:0,PeopleData_data2Type]
6427028,903,0:53:32,0,[PeopleData_id0,PeopleData_data2Type]
6427028,901,0:53:33,0,[PeopleData_id:4]
6427028,902,0:53:35,0,[PeopleData_id:4,PeopleData_data1Type]
6427028,903,0:53:40,0,[PeopleData_id4,PeopleData_data1Type]
6427028,902,0:53:41,0,[PeopleData_id:4,PeopleData_data1Type]
6427028,903,0:53:43,0,[PeopleData_id4,PeopleData_data1Type]
6427028,902,0:53:43,0,[PeopleData_id:4,PeopleData_data0Type]
6427028,903,0:53:46,0,[PeopleData_id4,PeopleData_data0Type]
6427028,902,0:53:46,0,[PeopleData_id:4,PeopleData_data2Type]
6427028,903,0:53:48,0,[PeopleData_id4,PeopleData_data2Type]
6427028,902,0:53:49,0,[PeopleData_id:4,PeopleData_data3Type]
6427028,903,0:53:51,0,[PeopleData_id4,PeopleData_data3Type]
6427028,901,0:53:51,0,[PeopleData_id:4]
6427028,904,0:53:52,0,[PeopleData_id:4]
6427028,905,0:53:53,0,[PeopleData_id:4,RankTypes_id:-1,RankTypes_id:2]
6427028,901,0:53:53,0,[PeopleData_id:2]
6427028,902,0:53:54,0,[PeopleData_id:2,PeopleData_data0Type]
6427028,903,0:53:57,0,[PeopleData_id2,PeopleData_data0Type]
6427028,902,0:53:57,0,[PeopleData_id:2,PeopleData_data1Type]
6427028,903,0:53:59,0,[PeopleData_id2,PeopleData_data1Type]
6427028,902,0:54:0,0,[PeopleData_id:2,PeopleData_data2Type]
6427028,903,0:54:2,0,[PeopleData_id2,PeopleData_data2Type]
6427028,901,0:54:3,0,[PeopleData_id:2]
6427028,904,0:54:3,0,[PeopleData_id:2]
6427028,905,0:54:4,0,[PeopleData_id:2,RankTypes_id:-1,RankTypes_id:1]
6427028,906,0:54:4,0,[]
6427028,907,0:54:5,0,[]
6427028,908,0:54:5,0,[InvitationData_id:4,PeopleData_id:4,RankTypes_id:2]
6427028,909,0:54:10,0,[InvitationData_id:4,PeopleData_id:4,RankTypes_id:2,0]
6427028,910,0:54:10,0,[InvitationData_id:4,-2,false]
6427028,908,0:54:10,0,[InvitationData_id:0,PeopleData_id:3,RankTypes_id:4]
6427028,909,0:54:13,0,[InvitationData_id:0,PeopleData_id:3,RankTypes_id:4,1]
6427028,910,0:54:13,0,[InvitationData_id:0,9,false]
6427028,908,0:54:13,0,[InvitationData_id:10,PeopleData_id:2,RankTypes_id:1]
6427028,909,0:54:16,0,[InvitationData_id:10,PeopleData_id:2,RankTypes_id:1,0]
6427028,910,0:54:17,0,[InvitationData_id:10,0,false]
6427028,908,0:54:17,0,[InvitationData_id:1,PeopleData_id:0,RankTypes_id:3]
6427028,909,0:54:20,0,[InvitationData_id:1,PeopleData_id:0,RankTypes_id:3,1]
6427028,910,0:54:21,0,[InvitationData_id:1,7,false]
6427028,908,0:54:21,0,[InvitationData_id:8,PeopleData_id:3,RankTypes_id:4]
6427028,909,0:54:24,0,[InvitationData_id:8,PeopleData_id:3,RankTypes_id:4,1]
6427028,910,0:54:24,0,[InvitationData_id:8,9,false]
6427028,908,0:54:24,0,[InvitationData_id:2,PeopleData_id:2,RankTypes_id:1]
6427028,909,0:54:26,0,[InvitationData_id:2,PeopleData_id:2,RankTypes_id:1,0]
6427028,910,0:54:27,0,[InvitationData_id:2,0,false]
6427028,908,0:54:27,0,[InvitationData_id:3,PeopleData_id:3,RankTypes_id:4]
6427028,909,0:54:30,0,[InvitationData_id:3,PeopleData_id:3,RankTypes_id:4,1]
6427028,910,0:54:31,0,[InvitationData_id:3,9,false]
6427028,908,0:54:31,0,[InvitationData_id:6,PeopleData_id:3,RankTypes_id:4]
6427028,909,0:54:34,0,[InvitationData_id:6,PeopleData_id:3,RankTypes_id:4,1]
6427028,910,0:54:34,0,[InvitationData_id:6,9,false]
6427028,908,0:54:34,0,[InvitationData_id:9,PeopleData_id:4,RankTypes_id:2]
6427028,909,0:54:37,0,[InvitationData_id:9,PeopleData_id:4,RankTypes_id:2,0]
6427028,910,0:54:38,0,[InvitationData_id:9,-2,false]
6427028,908,0:54:38,0,[InvitationData_id:5,PeopleData_id:4,RankTypes_id:2]
6427028,909,0:54:40,0,[InvitationData_id:5,PeopleData_id:4,RankTypes_id:2,0]
6427028,910,0:54:41,0,[InvitationData_id:5,-2,false]
6427028,911,0:54:42,0,[37,0,0,0]
6427028,1005,0:54:42,0,[2,2,3]
6427028,1001,0:54:44,0,[]
6427028,1003,0:54:44,2
6427028,210,0:54:50,912,432
6427028,211,0:54:51,375,239
6427028,207,0:54:51,0,-400,-355
6427028,207,0:54:52,0,-355,-310
6427028,210,0:54:52,442,157
6427028,211,0:54:53,237,216
6427028,207,0:54:53,0,-310,-220
6427028,210,0:54:53,213,183
6427028,207,0:54:53,0,-220,-145
6427028,211,0:54:54,269,140
6427028,213,0:54:54,0,s_flag_gen,true
6427028,205,0:54:54,0,s_flag_gen,false,false
6427028,210,0:55:1,1128,273
6427028,207,0:55:2,0,-145,-490
6427028,207,0:55:3,0,-490,-518
6427028,211,0:55:5,416,507
6427028,207,0:55:5,0,-518,-398
6427028,210,0:55:6,340,520
6427028,207,0:55:6,0,-398,-278
6427028,207,0:55:7,0,-278,0
6427028,207,0:55:10,0,0,-210
6427028,207,0:55:13,0,-210,-518
6427028,211,0:55:13,1541,553
6427028,210,0:55:13,1540,415
6427028,211,0:55:15,1000,181
6427028,212,0:55:16,1
6427028,210,0:55:17,1109,451
6427028,211,0:55:19,779,531
6427028,213,0:55:19,0,c_teacherEng_G7a1P,true
6427028,205,0:55:19,0,c_teacherEng_G7a1P,false,true
6427028,210,0:55:23,1011,464
6427028,207,0:55:24,0,-518,-338
6427028,207,0:55:25,0,-338,-38
6427028,211,0:55:28,235,408
6427028,213,0:55:28,0,s_papersDetention_gen,true
6427028,210,0:55:33,233,364
6427028,211,0:55:34,226,350
6427028,210,0:55:34,226,359
6427028,211,0:55:35,235,410
6427028,213,0:55:35,0,s_papersDetention_gen,true
6427028,210,0:55:45,468,432
6427028,207,0:55:45,0,-38,0
6427028,207,0:55:52,0,0,-330
6427028,207,0:56:0,0,-330,-518
6427028,211,0:56:3,1062,289
6427028,212,0:56:4,2
6427028,210,0:56:5,1331,473
6427028,211,0:56:5,1538,205
6427028,210,0:56:6,1517,277
6427028,207,0:56:10,0,-518,-143
6427028,207,0:56:11,0,-143,-83
6427028,211,0:56:12,256,156
6427028,213,0:56:12,0,s_flag_gen,true
6427028,205,0:56:12,0,s_flag_gen,false,true
6427028,210,0:56:16,507,457
6427028,207,0:56:16,0,-83,0
6427028,211,0:56:22,848,466
6427028,212,0:56:22,0
6427028,210,0:56:23,734,378
6427028,211,0:56:24,660,364
6427028,213,0:56:24,0,s_paperPlayers_G7a1P,true
6427028,221,0:56:27,0
6427028,220,0:56:29,0
6427028,210,0:56:30,142,572
6427028,207,0:56:42,0,0,-285
6427028,211,0:56:50,988,466
6427028,213,0:56:50,0,c_bestFriend_F_a_G7a1P,true
6427028,1003,0:56:53,0
6427028,1004,0:56:54,0
6427028,400,0:56:56,0,[]
6427028,401,0:57:6,0,[StatementsData_logId:0]
6427028,403,0:57:14,0,[StatementsData_logId:0,true]
6427028,405,0:57:16,0,[StatementsData_logId:0]
6427028,406,0:57:21,0,[StatementsData_logId:0,2]
6427028,407,0:57:21,0,[StatementsData_logId:0,FactCardData_id:0]
6427028,407,0:57:21,0,[StatementsData_logId:0,FactCardData_id:4]
6427028,407,0:57:21,0,[StatementsData_logId:0,FactCardData_id:5]
6427028,407,0:57:21,0,[StatementsData_logId:0,FactCardData_id:3]
6427028,407,0:57:21,0,[StatementsData_logId:0,FactCardData_id:6]
6427028,407,0:57:21,0,[StatementsData_logId:0,FactCardData_id:7]
6427028,407,0:57:37,0,[StatementsData_logId:0,FactCardData_id:0]
6427028,407,0:57:37,0,[StatementsData_logId:0,FactCardData_id:0]
6427028,408,0:57:39,0,[StatementsData_logId:0,FactCardData_id:0,false]
6427028,406,0:57:44,0,[StatementsData_logId:0,-2]
6427028,411,0:57:51,0,[StatementsData_logId:0]
6427028,401,0:57:59,0,[StatementsData_logId:1]
6427028,404,0:58:5,0,[StatementsData_logId:1,false]
6427028,405,0:58:7,0,[StatementsData_logId:1]
6427028,406,0:58:11,0,[StatementsData_logId:1,-2]
6427028,411,0:58:13,0,[StatementsData_logId:1]
6427028,401,0:58:21,0,[StatementsData_logId:2]
6427028,402,0:58:22,0,[StatementsData_logId:2,false]
6427028,405,0:58:23,0,[StatementsData_logId:2]
6427028,406,0:58:27,0,[StatementsData_logId:2,-2]
6427028,411,0:58:30,0,[StatementsData_logId:2]
6427028,401,0:58:43,0,[StatementsData_logId:3]
6427028,404,0:58:54,0,[StatementsData_logId:3,false]
6427028,405,0:58:55,0,[StatementsData_logId:3]
6427028,1002,0:59:0,0
6427028,1003,0:59:0,0
6427028,1004,0:59:1,0
6427028,400,0:59:5,0,[]
6427028,401,0:59:8,0,[StatementsData_logId:0]
6427028,403,0:59:15,0,[StatementsData_logId:0,true]
6427028,405,0:59:16,0,[StatementsData_logId:0]
6427028,406,0:59:23,0,[StatementsData_logId:0,2]
6427028,407,0:59:23,0,[StatementsData_logId:0,FactCardData_id:6]
6427028,407,0:59:23,0,[StatementsData_logId:0,FactCardData_id:4]
6427028,407,0:59:23,0,[StatementsData_logId:0,FactCardData_id:7]
6427028,407,0:59:23,0,[StatementsData_logId:0,FactCardData_id:0]
6427028,407,0:59:23,0,[StatementsData_logId:0,FactCardData_id:3]
6427028,407,0:59:23,0,[StatementsData_logId:0,FactCardData_id:5]
6427028,407,0:59:32,0,[StatementsData_logId:0,FactCardData_id:4]
6427028,407,0:59:32,0,[StatementsData_logId:0,FactCardData_id:4]
6427028,407,0:59:33,0,[StatementsData_logId:0,FactCardData_id:0]
6427028,407,0:59:33,0,[StatementsData_logId:0,FactCardData_id:4]
6427028,407,0:59:33,0,[StatementsData_logId:0,FactCardData_id:0]
6427028,407,0:59:34,0,[StatementsData_logId:0,FactCardData_id:4]
6427028,407,0:59:34,0,[StatementsData_logId:0,FactCardData_id:0]
6427028,407,0:59:34,0,[StatementsData_logId:0,FactCardData_id:4]
6427028,408,0:59:36,0,[StatementsData_logId:0,FactCardData_id:4,false]
6427028,406,0:59:45,0,[StatementsData_logId:0,-2]
6427028,411,0:59:48,0,[StatementsData_logId:0]
6427028,401,0:59:52,0,[StatementsData_logId:1]
6427028,403,0:59:53,0,[StatementsData_logId:1,false]
6427028,405,0:59:54,0,[StatementsData_logId:1]
6427028,406,0:59:57,0,[StatementsData_logId:1,-2]
6427028,411,0:59:58,0,[StatementsData_logId:1]
6427028,401,1:0:4,0,[StatementsData_logId:2]
6427028,404,1:0:5,0,[StatementsData_logId:2,true]
6427028,406,1:0:5,0,[StatementsData_logId:2,2]
6427028,412,1:0:8,0,[StatementsData_logId:2]
6427028,413,1:0:13,0,[StatementsData_logId:2,DuelResponsesData_logId:3]
6427028,414,1:0:15,0,[StatementsData_logId:2,DuelResponsesData_logId:3]
6427028,415,1:0:42,0,[StatementsData_logId:2,DuelResponsesData_logId:3,DuelResponsesData_ok_player_response]
6427028,416,1:0:43,0,[StatementsData_logId:2,DuelResponsesData_logId:3]
6427028,417,1:0:47,0,[StatementsData_logId:2,DuelResponsesData_logId:3]
6427028,413,1:0:55,0,[StatementsData_logId:2,DuelResponsesData_logId:4]
6427028,414,1:0:59,0,[StatementsData_logId:2,DuelResponsesData_logId:4]
6427028,415,1:1:39,0,[StatementsData_logId:2,DuelResponsesData_logId:4,DuelResponsesData_ok_player_response]
6427028,416,1:1:41,0,[StatementsData_logId:2,DuelResponsesData_logId:4]
6427028,417,1:1:44,0,[StatementsData_logId:2,DuelResponsesData_logId:4]
6427028,413,1:1:54,0,[StatementsData_logId:2,DuelResponsesData_logId:5]
6427028,414,1:1:56,0,[StatementsData_logId:2,DuelResponsesData_logId:5]
6427028,415,1:2:22,0,[StatementsData_logId:2,DuelResponsesData_logId:5,DuelResponsesData_witty_player_response]
6427028,416,1:2:27,0,[StatementsData_logId:2,DuelResponsesData_logId:5]
6427028,417,1:2:32,0,[StatementsData_logId:2,DuelResponsesData_logId:5]
6427028,418,1:2:32,0,[StatementsData_logId:2,true]
6427028,419,1:2:49,0,[StatementsData_logId:2,4]
6427028,411,1:2:53,0,[StatementsData_logId:2]
6427028,401,1:3:0,0,[StatementsData_logId:3]
6427028,402,1:3:9,0,[StatementsData_logId:3,false]
6427028,405,1:3:10,0,[StatementsData_logId:3]
6427028,406,1:3:15,0,[StatementsData_logId:3,-2]
6427028,411,1:3:17,0,[StatementsData_logId:3]
6427028,401,1:3:21,0,[StatementsData_logId:4]
6427028,404,1:3:26,0,[StatementsData_logId:4,false]
6427028,405,1:3:28,0,[StatementsData_logId:4]
6427028,406,1:3:30,0,[StatementsData_logId:4,-2]
6427028,411,1:3:32,0,[StatementsData_logId:4]
6427028,401,1:3:38,0,[StatementsData_logId:5]
6427028,404,1:3:39,0,[StatementsData_logId:5,true]
6427028,406,1:3:48,0,[StatementsData_logId:5,2]
6427028,412,1:3:48,0,[StatementsData_logId:5]
6427028,413,1:3:54,0,[StatementsData_logId:5,DuelResponsesData_logId:9]
6427028,414,1:3:58,0,[StatementsData_logId:5,DuelResponsesData_logId:9]
6427028,415,1:4:6,0,[StatementsData_logId:5,DuelResponsesData_logId:9,DuelResponsesData_lame_player_response]
6427028,416,1:4:7,0,[StatementsData_logId:5,DuelResponsesData_logId:9]
6427028,417,1:4:8,0,[StatementsData_logId:5,DuelResponsesData_logId:9]
6427028,413,1:4:13,0,[StatementsData_logId:5,DuelResponsesData_logId:10]
6427028,414,1:4:14,0,[StatementsData_logId:5,DuelResponsesData_logId:10]
6427028,415,1:4:28,0,[StatementsData_logId:5,DuelResponsesData_logId:10,DuelResponsesData_ok_player_response]
6427028,416,1:4:36,0,[StatementsData_logId:5,DuelResponsesData_logId:10]
6427028,417,1:4:42,0,[StatementsData_logId:5,DuelResponsesData_logId:10]
6427028,413,1:4:48,0,[StatementsData_logId:5,DuelResponsesData_logId:11]
6427028,414,1:4:52,0,[StatementsData_logId:5,DuelResponsesData_logId:11]
6427028,415,1:5:17,0,[StatementsData_logId:5,DuelResponsesData_logId:11,DuelResponsesData_witty_player_response]
6427028,416,1:5:25,0,[StatementsData_logId:5,DuelResponsesData_logId:11]
6427028,417,1:5:32,0,[StatementsData_logId:5,DuelResponsesData_logId:11]
6427028,418,1:5:32,0,[StatementsData_logId:5,false]
6427028,419,1:5:37,0,[StatementsData_logId:5,-4]
6427028,411,1:5:42,0,[StatementsData_logId:5]
6427028,420,1:5:42,0,[30]
6427028,1000,1:5:44,0,[]
6427028,400,1:5:45,0,[]
6427028,401,1:5:48,0,[StatementsData_logId:0]
6427028,403,1:5:51,0,[StatementsData_logId:0,true]
6427028,405,1:5:52,0,[StatementsData_logId:0]
6427028,406,1:5:58,0,[StatementsData_logId:0,2]
6427028,407,1:5:58,0,[StatementsData_logId:0,FactCardData_id:7]
6427028,407,1:5:58,0,[StatementsData_logId:0,FactCardData_id:4]
6427028,407,1:5:58,0,[StatementsData_logId:0,FactCardData_id:3]
6427028,407,1:5:58,0,[StatementsData_logId:0,FactCardData_id:6]
6427028,407,1:5:58,0,[StatementsData_logId:0,FactCardData_id:5]
6427028,407,1:5:58,0,[StatementsData_logId:0,FactCardData_id:0]
6427028,407,1:6:3,0,[StatementsData_logId:0,FactCardData_id:7]
6427028,407,1:6:3,0,[StatementsData_logId:0,FactCardData_id:7]
6427028,408,1:6:4,0,[StatementsData_logId:0,FactCardData_id:7,false]
6427028,406,1:6:19,0,[StatementsData_logId:0,-2]
6427028,411,1:6:20,0,[StatementsData_logId:0]
6427028,401,1:6:26,0,[StatementsData_logId:1]
6427028,403,1:6:28,0,[StatementsData_logId:1,false]
6427028,405,1:6:29,0,[StatementsData_logId:1]
6427028,406,1:6:30,0,[StatementsData_logId:1,-2]
6427028,411,1:6:32,0,[StatementsData_logId:1]
6427028,401,1:6:35,0,[StatementsData_logId:2]
6427028,404,1:6:37,0,[StatementsData_logId:2,true]
6427028,406,1:6:39,0,[StatementsData_logId:2,2]
6427028,412,1:6:41,0,[StatementsData_logId:2]
6427028,413,1:6:42,0,[StatementsData_logId:2,DuelResponsesData_logId:3]
6427028,414,1:6:43,0,[StatementsData_logId:2,DuelResponsesData_logId:3]
6427028,415,1:6:49,0,[StatementsData_logId:2,DuelResponsesData_logId:3,DuelResponsesData_ok_player_response]
6427028,416,1:6:50,0,[StatementsData_logId:2,DuelResponsesData_logId:3]
6427028,417,1:6:53,0,[StatementsData_logId:2,DuelResponsesData_logId:3]
6427028,413,1:6:55,0,[StatementsData_logId:2,DuelResponsesData_logId:4]
6427028,414,1:6:58,0,[StatementsData_logId:2,DuelResponsesData_logId:4]
6427028,415,1:7:6,0,[StatementsData_logId:2,DuelResponsesData_logId:4,DuelResponsesData_ok_player_response]
6427028,416,1:7:7,0,[StatementsData_logId:2,DuelResponsesData_logId:4]
6427028,417,1:7:9,0,[StatementsData_logId:2,DuelResponsesData_logId:4]
6427028,413,1:7:11,0,[StatementsData_logId:2,DuelResponsesData_logId:5]
6427028,414,1:7:12,0,[StatementsData_logId:2,DuelResponsesData_logId:5]
6427028,415,1:7:15,0,[StatementsData_logId:2,DuelResponsesData_logId:5,DuelResponsesData_witty_player_response]
6427028,416,1:7:16,0,[StatementsData_logId:2,DuelResponsesData_logId:5]
6427028,417,1:7:17,0,[StatementsData_logId:2,DuelResponsesData_logId:5]
6427028,418,1:7:17,0,[StatementsData_logId:2,true]
6427028,419,1:7:20,0,[StatementsData_logId:2,4]
6427028,411,1:7:22,0,[StatementsData_logId:2]
6427028,401,1:7:29,0,[StatementsData_logId:3]
6427028,403,1:7:30,0,[StatementsData_logId:3,true]
6427028,405,1:7:31,0,[StatementsData_logId:3]
6427028,406,1:7:36,0,[StatementsData_logId:3,2]
6427028,407,1:7:36,0,[StatementsData_logId:3,FactCardData_id:3]
6427028,407,1:7:36,0,[StatementsData_logId:3,FactCardData_id:0]
6427028,407,1:7:36,0,[StatementsData_logId:3,FactCardData_id:4]
6427028,407,1:7:36,0,[StatementsData_logId:3,FactCardData_id:5]
6427028,407,1:7:36,0,[StatementsData_logId:3,FactCardData_id:6]
6427028,407,1:7:36,0,[StatementsData_logId:3,FactCardData_id:7]
6427028,407,1:7:52,0,[StatementsData_logId:3,FactCardData_id:6]
6427028,407,1:7:52,0,[StatementsData_logId:3,FactCardData_id:6]
6427028,408,1:7:53,0,[StatementsData_logId:3,FactCardData_id:6,false]
6427028,406,1:7:55,0,[StatementsData_logId:3,-2]
6427028,411,1:7:56,0,[StatementsData_logId:3]
6427028,401,1:8:0,0,[StatementsData_logId:4]
6427028,403,1:8:1,0,[StatementsData_logId:4,false]
6427028,405,1:8:2,0,[StatementsData_logId:4]
6427028,406,1:8:4,0,[StatementsData_logId:4,-2]
6427028,411,1:8:6,0,[StatementsData_logId:4]
6427028,401,1:8:12,0,[StatementsData_logId:5]
6427028,404,1:8:14,0,[StatementsData_logId:5,true]
6427028,406,1:8:16,0,[StatementsData_logId:5,2]
6427028,412,1:8:18,0,[StatementsData_logId:5]
6427028,413,1:8:18,0,[StatementsData_logId:5,DuelResponsesData_logId:9]
6427028,414,1:8:19,0,[StatementsData_logId:5,DuelResponsesData_logId:9]
6427028,415,1:8:19,0,[StatementsData_logId:5,DuelResponsesData_logId:9,DuelResponsesData_lame_player_response]
6427028,416,1:8:20,0,[StatementsData_logId:5,DuelResponsesData_logId:9]
6427028,417,1:8:20,0,[StatementsData_logId:5,DuelResponsesData_logId:9]
6427028,413,1:8:20,0,[StatementsData_logId:5,DuelResponsesData_logId:10]
6427028,414,1:8:20,0,[StatementsData_logId:5,DuelResponsesData_logId:10]
6427028,415,1:8:21,0,[StatementsData_logId:5,DuelResponsesData_logId:10,DuelResponsesData_witty_player_response]
6427028,416,1:8:21,0,[StatementsData_logId:5,DuelResponsesData_logId:10]
6427028,417,1:8:21,0,[StatementsData_logId:5,DuelResponsesData_logId:10]
6427028,413,1:8:21,0,[StatementsData_logId:5,DuelResponsesData_logId:11]
6427028,414,1:8:21,0,[StatementsData_logId:5,DuelResponsesData_logId:11]
6427028,415,1:8:22,0,[StatementsData_logId:5,DuelResponsesData_logId:11,DuelResponsesData_ok_player_response]
6427028,416,1:8:22,0,[StatementsData_logId:5,DuelResponsesData_logId:11]
6427028,417,1:8:22,0,[StatementsData_logId:5,DuelResponsesData_logId:11]
6427028,418,1:8:22,0,[StatementsData_logId:5,false]
6427028,419,1:8:22,0,[StatementsData_logId:5,-4]
6427028,411,1:8:23,0,[StatementsData_logId:5]
6427028,420,1:8:23,0,[32]
6427028,1005,1:8:23,0,[0,0,1]
6427028,1001,1:8:25,0,[]
6427028,1003,1:8:25,0
6427028,1004,1:8:27,0
6427028,400,1:8:29,0,[]
6427028,401,1:8:31,0,[StatementsData_logId:0]
6427028,403,1:8:36,0,[StatementsData_logId:0,true]
6427028,405,1:8:37,0,[StatementsData_logId:0]
6427028,406,1:8:41,0,[StatementsData_logId:0,2]
6427028,407,1:8:41,0,[StatementsData_logId:0,FactCardData_id:7]
6427028,407,1:8:41,0,[StatementsData_logId:0,FactCardData_id:6]
6427028,407,1:8:41,0,[StatementsData_logId:0,FactCardData_id:0]
6427028,407,1:8:41,0,[StatementsData_logId:0,FactCardData_id:5]
6427028,407,1:8:41,0,[StatementsData_logId:0,FactCardData_id:4]
6427028,407,1:8:41,0,[StatementsData_logId:0,FactCardData_id:3]
6427028,407,1:8:44,0,[StatementsData_logId:0,FactCardData_id:7]
6427028,407,1:8:44,0,[StatementsData_logId:0,FactCardData_id:7]
6427028,408,1:8:45,0,[StatementsData_logId:0,FactCardData_id:7,false]
6427028,406,1:8:46,0,[StatementsData_logId:0,-2]
6427028,411,1:8:47,0,[StatementsData_logId:0]
6427028,401,1:8:54,0,[StatementsData_logId:1]
6427028,402,1:9:1,0,[StatementsData_logId:1,true]
6427028,405,1:9:2,0,[StatementsData_logId:1]
6427028,406,1:9:10,0,[StatementsData_logId:1,2]
6427028,411,1:9:12,0,[StatementsData_logId:1]
6427028,401,1:9:15,0,[StatementsData_logId:2]
6427028,404,1:9:17,0,[StatementsData_logId:2,true]
6427028,406,1:9:19,0,[StatementsData_logId:2,2]
6427028,412,1:9:19,0,[StatementsData_logId:2]
6427028,413,1:9:20,0,[StatementsData_logId:2,DuelResponsesData_logId:3]
6427028,414,1:9:21,0,[StatementsData_logId:2,DuelResponsesData_logId:3]
6427028,415,1:9:25,0,[StatementsData_logId:2,DuelResponsesData_logId:3,DuelResponsesData_lame_player_response]
6427028,416,1:9:26,0,[StatementsData_logId:2,DuelResponsesData_logId:3]
6427028,417,1:9:28,0,[StatementsData_logId:2,DuelResponsesData_logId:3]
6427028,413,1:9:29,0,[StatementsData_logId:2,DuelResponsesData_logId:4]
6427028,414,1:9:29,0,[StatementsData_logId:2,DuelResponsesData_logId:4]
6427028,415,1:9:40,0,[StatementsData_logId:2,DuelResponsesData_logId:4,DuelResponsesData_ok_player_response]
6427028,416,1:9:41,0,[StatementsData_logId:2,DuelResponsesData_logId:4]
6427028,417,1:9:43,0,[StatementsData_logId:2,DuelResponsesData_logId:4]
6427028,413,1:9:45,0,[StatementsData_logId:2,DuelResponsesData_logId:5]
6427028,414,1:9:48,0,[StatementsData_logId:2,DuelResponsesData_logId:5]
6427028,415,1:9:55,0,[StatementsData_logId:2,DuelResponsesData_logId:5,DuelResponsesData_witty_player_response]
6427028,416,1:9:56,0,[StatementsData_logId:2,DuelResponsesData_logId:5]
6427028,417,1:9:59,0,[StatementsData_logId:2,DuelResponsesData_logId:5]
6427028,418,1:9:59,0,[StatementsData_logId:2,false]
6427028,419,1:10:0,0,[StatementsData_logId:2,-4]
6427028,411,1:10:1,0,[StatementsData_logId:2]
6427028,401,1:10:2,0,[StatementsData_logId:3]
6427028,403,1:10:9,0,[StatementsData_logId:3,true]
6427028,405,1:10:12,0,[StatementsData_logId:3]
6427028,406,1:10:17,0,[StatementsData_logId:3,2]
6427028,407,1:10:17,0,[StatementsData_logId:3,FactCardData_id:7]
6427028,407,1:10:17,0,[StatementsData_logId:3,FactCardData_id:0]
6427028,407,1:10:17,0,[StatementsData_logId:3,FactCardData_id:4]
6427028,407,1:10:17,0,[StatementsData_logId:3,FactCardData_id:6]
6427028,407,1:10:17,0,[StatementsData_logId:3,FactCardData_id:5]
6427028,407,1:10:17,0,[StatementsData_logId:3,FactCardData_id:3]
6427028,407,1:10:19,0,[StatementsData_logId:3,FactCardData_id:4]
6427028,407,1:10:19,0,[StatementsData_logId:3,FactCardData_id:4]
6427028,408,1:10:19,0,[StatementsData_logId:3,FactCardData_id:4,false]
6427028,406,1:10:22,0,[StatementsData_logId:3,-2]
6427028,411,1:10:23,0,[StatementsData_logId:3]
6427028,401,1:10:26,0,[StatementsData_logId:4]
6427028,402,1:10:26,0,[StatementsData_logId:4,true]
6427028,405,1:10:30,0,[StatementsData_logId:4]
6427028,406,1:10:40,0,[StatementsData_logId:4,2]
6427028,411,1:10:41,0,[StatementsData_logId:4]
6427028,401,1:10:48,0,[StatementsData_logId:5]
6427028,404,1:10:49,0,[StatementsData_logId:5,true]
6427028,406,1:10:53,0,[StatementsData_logId:5,2]
6427028,412,1:10:54,0,[StatementsData_logId:5]
6427028,413,1:10:58,0,[StatementsData_logId:5,DuelResponsesData_logId:9]
6427028,414,1:11:2,0,[StatementsData_logId:5,DuelResponsesData_logId:9]
6427028,415,1:11:22,0,[StatementsData_logId:5,DuelResponsesData_logId:9,DuelResponsesData_lame_player_response]
6427028,416,1:11:23,0,[StatementsData_logId:5,DuelResponsesData_logId:9]
6427028,417,1:11:24,0,[StatementsData_logId:5,DuelResponsesData_logId:9]
6427028,413,1:11:26,0,[StatementsData_logId:5,DuelResponsesData_logId:10]
6427028,414,1:11:27,0,[StatementsData_logId:5,DuelResponsesData_logId:10]
6427028,415,1:11:33,0,[StatementsData_logId:5,DuelResponsesData_logId:10,DuelResponsesData_witty_player_response]
6427028,416,1:11:34,0,[StatementsData_logId:5,DuelResponsesData_logId:10]
6427028,417,1:11:34,0,[StatementsData_logId:5,DuelResponsesData_logId:10]
6427028,413,1:11:36,0,[StatementsData_logId:5,DuelResponsesData_logId:11]
6427028,414,1:11:44,0,[StatementsData_logId:5,DuelResponsesData_logId:11]
6427028,415,1:12:5,0,[StatementsData_logId:5,DuelResponsesData_logId:11,DuelResponsesData_witty_player_response]
6427028,416,1:12:6,0,[StatementsData_logId:5,DuelResponsesData_logId:11]
6427028,417,1:12:9,0,[StatementsData_logId:5,DuelResponsesData_logId:11]
6427028,418,1:12:9,0,[StatementsData_logId:5,true]
6427028,419,1:12:11,0,[StatementsData_logId:5,4]
6427028,411,1:12:13,0,[StatementsData_logId:5]
6427028,420,1:12:13,0,[40]
6427028,1001,1:12:16,0,[]
6427028,1003,1:12:16,0
6427028,210,1:12:20,913,457
6427028,207,1:12:21,0,-400,-160
6427028,211,1:12:25,965,490
6427028,213,1:12:25,0,c_bestFriend_F_a_G7a1P,true
6427028,1003,1:12:29,0
6427028,221,1:12:37,0
6427028,220,1:12:40,0
6427028,212,1:12:44,1
6427028,210,1:12:45,947,88
6427028,211,1:12:47,267,112
6427028,207,1:12:47,0,-400,-250
6427028,204,1:13:2,0
6427028,103,1:13:11
6427028,104,1:13:15
6427028,103,1:13:16
6427028,105,1:13:17
6427028,703,1:13:19,[|| EpilogueItem ID: 0 unlocked: false ||,|| EpilogueItem ID: 1 unlocked: false ||,|| EpilogueItem ID: 2 unlocked: false ||,|| EpilogueItem ID: 3 unlocked: false ||,|| EpilogueItem ID: 4 unlocked: false ||,|| EpilogueItem ID: 5 unlocked: false ||,|| EpilogueItem ID: 6 unlocked: false ||,|| EpilogueItem ID: 7 unlocked: false ||,|| EpilogueItem ID: 8 unlocked: false ||,|| EpilogueItem ID: 9 unlocked: false ||,|| EpilogueItem ID: 10 unlocked: false ||,|| EpilogueItem ID: 11 unlocked: false ||,|| EpilogueItem ID: 12 unlocked: false ||,|| EpilogueItem ID: 13 unlocked: false ||,|| EpilogueItem ID: 14 unlocked: false ||,|| EpilogueItem ID: 15 unlocked: false ||,|| EpilogueItem ID: 16 unlocked: false ||,|| EpilogueItem ID: 17 unlocked: false ||,|| EpilogueItem ID: 18 unlocked: false ||,|| EpilogueItem ID: 19 unlocked: false ||,|| EpilogueItem ID: 20 unlocked: false ||,|| EpilogueItem ID: 21 unlocked: false ||,|| EpilogueItem ID: 22 unlocked: false ||,|| EpilogueItem ID: 23 unlocked: false ||,|| EpilogueItem ID: 24 unlocked: false ||],0
6427028,706,1:13:32,(x=0, y=-100, w=1024, h=768),(x=0, y=-100, w=1024, h=768)
6427028,706,1:13:34,(x=0, y=-100, w=1024, h=768),(x=0, y=-100, w=1024, h=768)
6427028,706,1:13:38,(x=1506, y=-100, w=1024, h=768),(x=1788, y=-100, w=1024, h=768)
6427028,706,1:13:44,(x=2115, y=-100, w=1024, h=768),(x=2531, y=-100, w=1024, h=768)
6427028,708,1:13:44
6427028,1,1:13:44,10/21/2013 5:46:39pm,{"gameTime":4424376,"challengeStacks":[{"challengeScenes":[{"miniGameCards":[],"viewedAnimatic":true,"keyPoints":["c_bestFriend_F_a_G7a0","c_teacherEng_G7a0","s_flag_gen"],"unlocked":true,"touchableObjects":["s_otherStudent1_G7a0","c_crewKid1_F_G7a0","c_bestFriend_F_a_G7a0","s_vocabAssignment_G7a0","s_doorClassroom_G7a0","c_friend1_F_a_G7a0","s_atwoodPoster_gen","s_clock_G7a0","c_teacherEng_G7a0","s_flag_gen"]},{"miniGameCards":[],"viewedAnimatic":true,"keyPoints":["c_teacherEng_G7a1N","c_bestFriend_F_a_G7a1N","s_paperPlayers_G7a1N"],"unlocked":true,"touchableObjects":["c_teacherEng_G7a1N","s_otherStudent1_G7a1N","c_bestFriend_F_a_G7a1N","s_otherStudent2_G7a1N","c_crewKid1_F_G7a1N","s_flag_gen","s_posterPlagiarism_gen","s_paperPlayers_G7a1N"]},{"miniGameCards":[],"viewedAnimatic":true,"keyPoints":["c_teacherEng_G7a1P","s_flag_gen"],"unlocked":true,"touchableObjects":["c_teacherEng_G7a1P","s_flag_gen","s_papersDetention_gen","s_paperPlayers_G7a1P"]}],"stackSize":3,"resolved":false},{"challengeScenes":[{"miniGameCards":[],"viewedAnimatic":false,"keyPoints":[],"unlocked":false,"touchableObjects":[]},{"miniGameCards":[],"viewedAnimatic":false,"keyPoints":[],"unlocked":false,"touchableObjects":[]},{"miniGameCards":[],"viewedAnimatic":false,"keyPoints":[],"unlocked":false,"touchableObjects":[]},{"miniGameCards":[],"viewedAnimatic":false,"keyPoints":[],"unlocked":false,"touchableObjects":[]},{"miniGameCards":[],"viewedAnimatic":false,"keyPoints":[],"unlocked":false,"touchableObjects":[]}],"stackSize":5,"resolved":false},{"challengeScenes":[{"miniGameCards":[],"viewedAnimatic":false,"keyPoints":[],"unlocked":false,"touchableObjects":[]},{"miniGameCards":[],"viewedAnimatic":false,"keyPoints":[],"unlocked":false,"touchableObjects":[]},{"miniGameCards":[],"viewedAnimatic":false,"keyPoints":[],"unlocked":false,"touchableObjects":[]},{"miniGameCards":[],"viewedAnimatic":false,"keyPoints":[],"unlocked":false,"touchableObjects":[]},{"miniGameCards":[],"viewedAnimatic":false,"keyPoints":[],"unlocked":false,"touchableObjects":[]},{"miniGameCards":[],"viewedAnimatic":false,"keyPoints":[],"unlocked":false,"touchableObjects":[]},{"miniGameCards":[],"viewedAnimatic":false,"keyPoints":[],"unlocked":false,"touchableObjects":[]}],"stackSize":7,"resolved":false},{"challengeScenes":[{"miniGameCards":[],"viewedAnimatic":false,"keyPoints":[],"unlocked":false,"touchableObjects":[]},{"miniGameCards":[],"viewedAnimatic":false,"keyPoints":[],"unlocked":false,"touchableObjects":[]},{"miniGameCards":[],"viewedAnimatic":false,"keyPoints":[],"unlocked":false,"touchableObjects":[]},{"miniGameCards":[],"viewedAnimatic":false,"keyPoints":[],"unlocked":false,"touchableObjects":[]},{"miniGameCards":[],"viewedAnimatic":false,"keyPoints":[],"unlocked":false,"touchableObjects":[]}],"stackSize":5,"resolved":false},{"challengeScenes":[{"miniGameCards":[],"viewedAnimatic":false,"keyPoints":[],"unlocked":false,"touchableObjects":[]},{"miniGameCards":[],"viewedAnimatic":false,"keyPoints":[],"unlocked":false,"touchableObjects":[]},{"miniGameCards":[],"viewedAnimatic":false,"keyPoints":[],"unlocked":false,"touchableObjects":[]},{"miniGameCards":[],"viewedAnimatic":false,"keyPoints":[],"unlocked":false,"touchableObjects":[]},{"miniGameCards":[],"viewedAnimatic":false,"keyPoints":[],"unlocked":false,"touchableObjects":[]}],"stackSize":5,"resolved":false},{"challengeScenes":[{"miniGameCards":[],"viewedAnimatic":false,"keyPoints":[],"unlocked":false,"touchableObjects":[]},{"miniGameCards":[],"viewedAnimatic":false,"keyPoints":[],"unlocked":false,"touchableObjects":[]},{"miniGameCards":[],"viewedAnimatic":false,"keyPoints":[],"unlocked":false,"touchableObjects":[]},{"miniGameCards":[],"viewedAnimatic":false,"keyPoints":[],"unlocked":false,"touchableObjects":[]},{"miniGameCards":[],"viewedAnimatic":false,"keyPoints":[],"unlocked":false,"touchableObjects":[]}],"stackSize":5,"resolved":false},{"challengeScenes":[{"miniGameCards":[],"viewedAnimatic":false,"keyPoints":[],"unlocked":false,"touchableObjects":[]},{"miniGameCards":[],"viewedAnimatic":false,"keyPoints":[],"unlocked":false,"touchableObjects":[]},{"miniGameCards":[],"viewedAnimatic":false,"keyPoints":[],"unlocked":false,"touchableObjects":[]},{"miniGameCards":[],"viewedAnimatic":false,"keyPoints":[],"unlocked":false,"touchableObjects":[]},{"miniGameCards":[],"viewedAnimatic":false,"keyPoints":[],"unlocked":false,"touchableObjects":[]}],"stackSize":5,"resolved":false},{"challengeScenes":[{"miniGameCards":[],"viewedAnimatic":false,"keyPoints":[],"unlocked":false,"touchableObjects":[]},{"miniGameCards":[],"viewedAnimatic":false,"keyPoints":[],"unlocked":false,"touchableObjects":[]},{"miniGameCards":[],"viewedAnimatic":false,"keyPoints":[],"unlocked":false,"touchableObjects":[]},{"miniGameCards":[],"viewedAnimatic":false,"keyPoints":[],"unlocked":false,"touchableObjects":[]},{"miniGameCards":[],"viewedAnimatic":false,"keyPoints":[],"unlocked":false,"touchableObjects":[]}],"stackSize":5,"resolved":false},{"challengeScenes":[{"miniGameCards":[],"viewedAnimatic":false,"keyPoints":[],"unlocked":false,"touchableObjects":[]},{"miniGameCards":[],"viewedAnimatic":false,"keyPoints":[],"unlocked":false,"touchableObjects":[]},{"miniGameCards":[],"viewedAnimatic":false,"keyPoints":[],"unlocked":false,"touchableObjects":[]},{"miniGameCards":[],"viewedAnimatic":false,"keyPoints":[],"unlocked":false,"touchableObjects":[]},{"miniGameCards":[],"viewedAnimatic":false,"keyPoints":[],"unlocked":false,"touchableObjects":[]}],"stackSize":5,"resolved":false},{"challengeScenes":[{"miniGameCards":[],"viewedAnimatic":false,"keyPoints":[],"unlocked":false,"touchableObjects":[]},{"miniGameCards":[],"viewedAnimatic":false,"keyPoints":[],"unlocked":false,"touchableObjects":[]},{"miniGameCards":[],"viewedAnimatic":false,"keyPoints":[],"unlocked":false,"touchableObjects":[]},{"miniGameCards":[],"viewedAnimatic":false,"keyPoints":[],"unlocked":false,"touchableObjects":[]},{"miniGameCards":[],"viewedAnimatic":false,"keyPoints":[],"unlocked":false,"touchableObjects":[]}],"stackSize":5,"resolved":false},{"challengeScenes":[{"miniGameCards":[],"viewedAnimatic":false,"keyPoints":[],"unlocked":false,"touchableObjects":[]},{"miniGameCards":[],"viewedAnimatic":false,"keyPoints":[],"unlocked":false,"touchableObjects":[]},{"miniGameCards":[],"viewedAnimatic":false,"keyPoints":[],"unlocked":false,"touchableObjects":[]},{"miniGameCards":[],"viewedAnimatic":false,"keyPoints":[],"unlocked":false,"touchableObjects":[]},{"miniGameCards":[],"viewedAnimatic":false,"keyPoints":[],"unlocked":false,"touchableObjects":[]}],"stackSize":5,"resolved":false},{"challengeScenes":[{"miniGameCards":[],"viewedAnimatic":false,"keyPoints":[],"unlocked":false,"touchableObjects":[]},{"miniGameCards":[],"viewedAnimatic":false,"keyPoints":[],"unlocked":false,"touchableObjects":[]},{"miniGameCards":[],"viewedAnimatic":false,"keyPoints":[],"unlocked":false,"touchableObjects":[]},{"miniGameCards":[],"viewedAnimatic":false,"keyPoints":[],"unlocked":false,"touchableObjects":[]},{"miniGameCards":[],"viewedAnimatic":false,"keyPoints":[],"unlocked":false,"touchableObjects":[]}],"stackSize":5,"resolved":false},{"challengeScenes":[{"miniGameCards":[],"viewedAnimatic":false,"keyPoints":[],"unlocked":true,"touchableObjects":["c_family_cauc_a_G0a0","c_friends_G0a0"]},{"miniGameCards":[],"viewedAnimatic":false,"keyPoints":["c_family_cauc_a_G0a1N","c_home_G0a1N","c_job_G0a1N"],"unlocked":true,"touchableObjects":["c_family_cauc_a_G0a1N","c_home_G0a1N","c_player_cauc_F_a_G0a1N","c_job_G0a1N"]},{"miniGameCards":[],"viewedAnimatic":false,"keyPoints":["c_Nurse_G0a1P","c_grandma_cauc_a_G0a1P","c_dad_cauc_a_G0a1P","c_mom_cauc_a_G0a1P","c_Teacher_G0a1P","c_kidsister_cauc_a_G0a1P"],"unlocked":true,"touchableObjects":["c_cousins_F_a_G0a1P","c_friends_G0a1P","c_Nurse_G0a1P","c_grandma_cauc_a_G0a1P","c_dad_cauc_a_G0a1P","c_mom_cauc_a_G0a1P","c_Teacher_G0a1P","c_kidsister_cauc_a_G0a1P"]}],"stackSize":3,"resolved":true}],"sessionId":1,"epilogue":{"rating":0},"playerId":6427028,"session":[{"sceneId":"1P","stackId":12},{"sceneId":"1P","stackId":0}],"minigames":[{"levelSaveData":[{"starRating":1,"unlocked":true},{"starRating":0,"unlocked":false},{"starRating":0,"unlocked":false},{"starRating":0,"unlocked":false},{"starRating":0,"unlocked":false},{"starRating":0,"unlocked":false},{"starRating":0,"unlocked":false},{"starRating":0,"unlocked":false},{"starRating":0,"unlocked":false},{"starRating":0,"unlocked":false}],"skillPoints":1},{"levelSaveData":[{"starRating":3,"unlocked":true},{"starRating":0,"unlocked":false},{"starRating":0,"unlocked":false},{"starRating":0,"unlocked":false},{"starRating":0,"unlocked":false},{"starRating":0,"unlocked":false},{"starRating":0,"unlocked":false},{"starRating":0,"unlocked":false},{"starRating":0,"unlocked":false},{"starRating":0,"unlocked":false}],"skillPoints":3},{"levelSaveData":[{"starRating":3,"unlocked":true},{"starRating":0,"unlocked":false},{"starRating":0,"unlocked":false},{"starRating":0,"unlocked":false},{"starRating":0,"unlocked":false},{"starRating":0,"unlocked":false},{"starRating":0,"unlocked":false},{"starRating":0,"unlocked":false},{"starRating":0,"unlocked":false},{"starRating":0,"unlocked":false}],"skillPoints":3},{"levelSaveData":[{"starRating":0,"unlocked":false},{"starRating":0,"unlocked":false},{"starRating":0,"unlocked":false},{"starRating":0,"unlocked":false},{"starRating":0,"unlocked":false},{"starRating":0,"unlocked":false},{"starRating":0,"unlocked":false},{"starRating":0,"unlocked":false},{"starRating":0,"unlocked":false},{"starRating":0,"unlocked":false}],"skillPoints":0},{"age":12,"name":"nisha ","gender":1,"levelSaveData":[{"starRating":3,"unlocked":true},{"starRating":3,"chunks":[["1"],["14","10$$funny"],["0","5","13"],["0"]],"unlocked":true},{"starRating":0,"chunks":[[null],[null,null],[null,null]],"unlocked":false},{"starRating":0,"chunks":[[null],[null],[null],[null],[null,null],[null]],"unlocked":false},{"starRating":0,"chunks":[[null],[null],[null,null],[null],[null],[null]],"unlocked":false},{"starRating":0,"chunks":[[null],[null,null,null,null],[null],[null]],"unlocked":false},{"starRating":0,"chunks":[[null],[null],[null,null],[null,null],[null]],"unlocked":false},{"starRating":0,"chunks":[[null,null,null],[null,null,null],[null],[null],[null]],"unlocked":false},{"starRating":0,"chunks":[[null,null,null],[null,null,null],[null,null]],"unlocked":false},{"starRating":0,"chunks":[[null],[null],[null],[null],[null],[null]],"unlocked":false}],"visualAvatar":0,"id":1,"skillPoints":6}],"avatar":{"age":12,"name":"nisha ","gender":1,"levelSaveData":[{"starRating":3,"unlocked":true},{"starRating":3,"chunks":[["1"],["14","10$$funny"],["0","5","13"],["0"]],"unlocked":true},{"starRating":0,"chunks":[[null],[null,null],[null,null]],"unlocked":false},{"starRating":0,"chunks":[[null],[null],[null],[null],[null,null],[null]],"unlocked":false},{"starRating":0,"chunks":[[null],[null],[null,null],[null],[null],[null]],"unlocked":false},{"starRating":0,"chunks":[[null],[null,null,null,null],[null],[null]],"unlocked":false},{"starRating":0,"chunks":[[null],[null],[null,null],[null,null],[null]],"unlocked":false},{"starRating":0,"chunks":[[null,null,null],[null,null,null],[null],[null],[null]],"unlocked":false},{"starRating":0,"chunks":[[null,null,null],[null,null,null],[null,null]],"unlocked":false},{"starRating":0,"chunks":[[null],[null],[null],[null],[null],[null]],"unlocked":false}],"visualAvatar":0,"id":1,"skillPoints":6}}
