6427030,0,5:40:43,11/6/2013 4:45:20pm
6427030,100,5:40:56,4
6427030,102,5:40:58,4
6427030,200,5:40:58,4,3,9,7,3,12
6427030,210,5:41:0,997,464
6427030,211,5:41:8,766,433
6427030,210,5:41:11,1287,379
6427030,207,5:41:12,4,-200,-512
6427030,211,5:41:19,1419,-25
6427030,219,5:41:19,4
6427030,218,5:41:32,4
6427030,210,5:41:36,1065,39
6427030,207,5:41:36,4,-200,-290
6427030,211,5:41:39,1087,195
6427030,212,5:41:40,0
6427030,210,5:41:41,1153,77
6427030,211,5:41:42,1142,179
6427030,213,5:41:42,4,s_fence_G9a1N,true
6427030,1003,5:42:6,0
6427030,1004,5:42:9,1
6427030,400,5:42:11,1,[]
6427030,401,5:42:15,1,[StatementsData_logId:0]
6427030,402,5:42:16,1,[StatementsData_logId:0,true]
6427030,405,5:42:17,1,[StatementsData_logId:0]
6427030,406,5:42:19,1,[StatementsData_logId:0,2]
6427030,411,5:42:20,1,[StatementsData_logId:0]
6427030,401,5:42:33,1,[StatementsData_logId:1]
6427030,404,5:42:34,1,[StatementsData_logId:1,false]
6427030,405,5:42:35,1,[StatementsData_logId:1]
6427030,406,5:42:37,1,[StatementsData_logId:1,-2]
6427030,411,5:42:39,1,[StatementsData_logId:1]
6427030,401,5:42:50,1,[StatementsData_logId:2]
6427030,404,5:42:50,1,[StatementsData_logId:2,false]
6427030,405,5:42:51,1,[StatementsData_logId:2]
6427030,406,5:42:52,1,[StatementsData_logId:2,-2]
6427030,411,5:42:53,1,[StatementsData_logId:2]
6427030,401,5:42:54,1,[StatementsData_logId:3]
6427030,403,5:42:55,1,[StatementsData_logId:3,false]
6427030,405,5:42:56,1,[StatementsData_logId:3]
6427030,406,5:42:57,1,[StatementsData_logId:3,-2]
6427030,411,5:42:57,1,[StatementsData_logId:3]
6427030,401,5:42:59,1,[StatementsData_logId:4]
6427030,404,5:42:59,1,[StatementsData_logId:4,false]
6427030,405,5:43:0,1,[StatementsData_logId:4]
6427030,406,5:43:0,1,[StatementsData_logId:4,-2]
6427030,411,5:43:1,1,[StatementsData_logId:4]
6427030,401,5:43:2,1,[StatementsData_logId:5]
6427030,404,5:43:2,1,[StatementsData_logId:5,true]
6427030,406,5:43:2,1,[StatementsData_logId:5,2]
6427030,412,5:43:3,1,[StatementsData_logId:5]
6427030,413,5:43:4,1,[StatementsData_logId:5,DuelResponsesData_logId:6]
6427030,414,5:43:4,1,[StatementsData_logId:5,DuelResponsesData_logId:6]
6427030,415,5:43:4,1,[StatementsData_logId:5,DuelResponsesData_logId:6,DuelResponsesData_ok_player_response]
6427030,416,5:43:5,1,[StatementsData_logId:5,DuelResponsesData_logId:6]
6427030,417,5:43:5,1,[StatementsData_logId:5,DuelResponsesData_logId:6]
6427030,413,5:43:5,1,[StatementsData_logId:5,DuelResponsesData_logId:7]
6427030,414,5:43:5,1,[StatementsData_logId:5,DuelResponsesData_logId:7]
6427030,415,5:43:6,1,[StatementsData_logId:5,DuelResponsesData_logId:7,DuelResponsesData_lame_player_response]
6427030,416,5:43:6,1,[StatementsData_logId:5,DuelResponsesData_logId:7]
6427030,417,5:43:6,1,[StatementsData_logId:5,DuelResponsesData_logId:7]
6427030,413,5:43:6,1,[StatementsData_logId:5,DuelResponsesData_logId:8]
6427030,414,5:43:6,1,[StatementsData_logId:5,DuelResponsesData_logId:8]
6427030,415,5:43:7,1,[StatementsData_logId:5,DuelResponsesData_logId:8,DuelResponsesData_ok_player_response]
6427030,416,5:43:7,1,[StatementsData_logId:5,DuelResponsesData_logId:8]
6427030,417,5:43:7,1,[StatementsData_logId:5,DuelResponsesData_logId:8]
6427030,418,5:43:7,1,[StatementsData_logId:5,false]
6427030,419,5:43:7,1,[StatementsData_logId:5,-4]
6427030,411,5:43:9,1,[StatementsData_logId:5]
6427030,420,5:43:9,1,[20]
6427030,1001,5:43:11,1,[]
6427030,1003,5:43:11,0
6427030,210,5:43:21,251,387
6427030,207,5:43:21,4,-200,-20
6427030,207,5:43:22,4,-20,0
6427030,211,5:43:23,137,355
6427030,204,5:43:25,4
6427030,100,5:43:28,2
6427030,102,5:43:30,2
6427030,200,5:43:30,2,3,9,7,3,12
6427030,210,5:43:33,534,508
6427030,211,5:43:34,514,532
6427030,213,5:43:34,2,c_crush2_M_a_G8a0,true
6427030,205,5:43:34,2,c_crush2_M_a_G8a0,false,true
6427030,210,5:43:55,597,321
6427030,211,5:43:57,650,340
6427030,213,5:43:57,2,s_beerSixpack_G8a0,true
6427030,210,5:44:10,842,370
6427030,211,5:44:12,932,338
6427030,213,5:44:12,2,c_cousin_M_a_G8a0,true
6427030,205,5:44:12,2,c_cousin_M_a_G8a0,false,true
6427030,210,5:44:49,913,249
6427030,211,5:44:53,414,551
6427030,210,5:44:53,528,530
6427030,211,5:44:55,573,555
6427030,213,5:44:55,2,c_crush2_M_a_G8a0,true
6427030,205,5:44:55,2,c_crush2_M_a_G8a0,false,true
6427030,210,5:45:42,901,476
6427030,211,5:45:44,891,480
6427030,212,5:45:45,1
6427030,210,5:45:45,902,486
6427030,211,5:45:46,891,493
6427030,213,5:45:46,2,s_cellphone_G8a0,true
6427030,205,5:45:46,2,s_cellphone_G8a0,false,true
6427030,210,5:46:3,675,364
6427030,211,5:46:5,513,589
6427030,207,5:46:6,2,-200,-215
6427030,212,5:46:7,0
6427030,210,5:46:8,551,578
6427030,207,5:46:9,2,-215,-244
6427030,211,5:46:15,510,595
6427030,213,5:46:15,2,c_crush2_M_a_G8a0,true
6427030,205,5:46:15,2,c_crush2_M_a_G8a0,false,true
6427030,212,5:46:18,2
6427030,210,5:46:19,507,593
6427030,211,5:46:20,507,587
6427030,213,5:46:20,2,s_bottleCrush2_M_G8a0,true
6427030,205,5:46:20,2,s_bottleCrush2_M_G8a0,false,false
6427030,210,5:46:34,1040,455
6427030,211,5:46:36,669,536
6427030,212,5:46:36,0
6427030,210,5:46:37,486,488
6427030,211,5:46:37,485,493
6427030,213,5:46:37,2,c_crush2_M_a_G8a0,true
6427030,205,5:46:37,2,c_crush2_M_a_G8a0,false,true
6427030,210,5:46:43,316,547
6427030,207,5:46:43,2,-244,-51
6427030,211,5:46:45,319,588
6427030,213,5:46:45,2,s_beerCooler_G8a0,true
6427030,210,5:46:59,303,584
6427030,211,5:47:1,335,591
6427030,213,5:47:1,2,s_beerCooler_G8a0,true
6427030,207,5:47:4,2,-51,0
6427030,210,5:47:4,44,416
6427030,211,5:47:6,78,392
6427030,213,5:47:6,2,s_stairs_G8a0,true
6427030,221,5:47:13,2
6427030,220,5:47:17,2
6427030,221,5:47:23,2
6427030,220,5:47:27,2
6427030,210,5:47:29,707,484
6427030,211,5:47:30,726,555
6427030,213,5:47:30,2,s_crush2Lips_M_G8a1N,true
6427030,205,5:47:30,2,s_crush2Lips_M_G8a1N,false,true
6427030,221,5:47:47,2
6427030,220,5:47:52,2
6427030,210,5:47:52,696,500
6427030,211,5:48:2,740,541
6427030,213,5:48:2,2,s_crush2Lips_M_G8a1N,true
6427030,205,5:48:2,2,s_crush2Lips_M_G8a1N,false,true
6427030,207,5:48:10,2,-200,-230
6427030,221,5:48:11,2
6427030,220,5:48:12,2
6427030,210,5:48:14,777,472
6427030,211,5:48:15,824,470
6427030,213,5:48:15,2,c_nurse_a_G8a3N,true
6427030,1003,5:48:18,0
6427030,210,5:48:30,944,482
6427030,211,5:48:38,653,430
6427030,210,5:48:38,582,407
6427030,211,5:48:40,554,236
6427030,210,5:48:42,299,350
6427030,207,5:48:43,2,-200,-20
6427030,211,5:48:47,196,325
6427030,213,5:48:47,2,s_door_G8a3N,true
6427030,212,5:48:50,1
6427030,210,5:48:51,358,403
6427030,211,5:48:52,377,483
6427030,213,5:48:52,2,s_mirror_lati_M_a_G8a3N,true
6427030,205,5:48:52,2,s_mirror_lati_M_a_G8a3N,false,true
6427030,210,5:49:4,810,431
6427030,207,5:49:6,2,-20,-410
6427030,207,5:49:9,2,-410,-492
6427030,211,5:49:11,906,597
6427030,210,5:49:16,1292,159
6427030,207,5:49:19,2,-492,-387
6427030,211,5:49:19,655,505
6427030,210,5:49:20,787,469
6427030,211,5:49:22,859,411
6427030,210,5:51:1,1268,34
6427030,207,5:51:6,2,-387,-492
6427030,211,5:51:7,1443,101
6427030,210,5:51:24,475,585
6427030,211,5:51:25,40,587
6427030,207,5:51:25,2,-492,-27
6427030,207,5:51:52,2,-27,-12
6427030,210,5:51:53,1107,52
6427030,207,5:51:53,2,-12,-492
6427030,211,5:51:54,1514,0
6427030,210,5:51:57,1508,58
6427030,211,5:51:58,1514,85
6427030,207,5:52:0,2,-492,-492
6427030,207,5:52:0,2,-492,-492
6427030,207,5:52:0,2,-492,-492
6427030,207,5:52:0,2,-492,-492
6427030,207,5:52:0,2,-492,-492
6427030,207,5:52:2,2,-492,-447
6427030,207,5:52:4,2,-447,-462
6427030,207,5:52:4,2,-462,-462
6427030,207,5:52:5,2,-462,-462
6427030,207,5:52:5,2,-462,-462
6427030,207,5:52:6,2,-462,-462
6427030,210,5:52:13,632,374
6427030,211,5:52:14,589,365
6427030,207,5:52:15,2,-462,-433
6427030,210,5:52:15,729,549
6427030,211,5:52:16,718,552
6427030,210,5:52:16,737,544
6427030,211,5:52:17,733,538
6427030,210,5:52:18,774,550
6427030,211,5:52:19,778,549
6427030,212,5:52:19,0
6427030,210,5:52:20,764,543
6427030,211,5:52:20,764,543
6427030,213,5:52:20,2,c_nurse_a_G8a3N,true
6427030,1003,5:52:27,0
6427030,1004,5:52:29,1
6427030,400,5:52:31,1,[]
6427030,401,5:52:34,1,[StatementsData_logId:0]
6427030,402,5:52:35,1,[StatementsData_logId:0,true]
6427030,405,5:52:36,1,[StatementsData_logId:0]
6427030,406,5:52:37,1,[StatementsData_logId:0,2]
6427030,411,5:52:37,1,[StatementsData_logId:0]
6427030,401,5:52:38,1,[StatementsData_logId:1]
6427030,402,5:52:39,1,[StatementsData_logId:1,true]
6427030,405,5:52:39,1,[StatementsData_logId:1]
6427030,406,5:52:40,1,[StatementsData_logId:1,2]
6427030,411,5:52:41,1,[StatementsData_logId:1]
6427030,401,5:52:43,1,[StatementsData_logId:2]
6427030,403,5:52:46,1,[StatementsData_logId:2,true]
6427030,405,5:52:46,1,[StatementsData_logId:2]
6427030,406,5:52:47,1,[StatementsData_logId:2,2]
6427030,407,5:52:47,1,[StatementsData_logId:2,FactCardData_id:26]
6427030,407,5:52:47,1,[StatementsData_logId:2,FactCardData_id:23]
6427030,407,5:52:47,1,[StatementsData_logId:2,FactCardData_id:25]
6427030,407,5:52:47,1,[StatementsData_logId:2,FactCardData_id:24]
6427030,407,5:52:47,1,[StatementsData_logId:2,FactCardData_id:22]
6427030,407,5:52:47,1,[StatementsData_logId:2,FactCardData_id:20]
6427030,407,5:52:49,1,[StatementsData_logId:2,FactCardData_id:24]
6427030,407,5:52:49,1,[StatementsData_logId:2,FactCardData_id:24]
6427030,408,5:52:51,1,[StatementsData_logId:2,FactCardData_id:24,true]
6427030,409,5:52:51,1,[StatementsData_logId:2]
6427030,410,5:52:52,1,[StatementsData_logId:2,2]
6427030,412,5:52:54,1,[StatementsData_logId:2]
6427030,413,5:53:2,1,[StatementsData_logId:2,DuelResponsesData_logId:0]
6427030,414,5:53:4,1,[StatementsData_logId:2,DuelResponsesData_logId:0]
6427030,415,5:53:13,1,[StatementsData_logId:2,DuelResponsesData_logId:0,DuelResponsesData_ok_player_response]
6427030,416,5:53:14,1,[StatementsData_logId:2,DuelResponsesData_logId:0]
6427030,417,5:53:16,1,[StatementsData_logId:2,DuelResponsesData_logId:0]
6427030,413,5:53:24,1,[StatementsData_logId:2,DuelResponsesData_logId:1]
6427030,414,5:53:26,1,[StatementsData_logId:2,DuelResponsesData_logId:1]
6427030,415,5:53:41,1,[StatementsData_logId:2,DuelResponsesData_logId:1,DuelResponsesData_ok_player_response]
6427030,416,5:53:42,1,[StatementsData_logId:2,DuelResponsesData_logId:1]
6427030,417,5:53:44,1,[StatementsData_logId:2,DuelResponsesData_logId:1]
6427030,413,5:53:48,1,[StatementsData_logId:2,DuelResponsesData_logId:2]
6427030,414,5:53:50,1,[StatementsData_logId:2,DuelResponsesData_logId:2]
6427030,415,5:54:9,1,[StatementsData_logId:2,DuelResponsesData_logId:2,DuelResponsesData_witty_player_response]
6427030,416,5:54:9,1,[StatementsData_logId:2,DuelResponsesData_logId:2]
6427030,417,5:54:13,1,[StatementsData_logId:2,DuelResponsesData_logId:2]
6427030,418,5:54:13,1,[StatementsData_logId:2,true]
6427030,419,5:54:14,1,[StatementsData_logId:2,4]
6427030,411,5:54:15,1,[StatementsData_logId:2]
6427030,401,5:54:24,1,[StatementsData_logId:3]
6427030,402,5:54:26,1,[StatementsData_logId:3,true]
6427030,405,5:54:27,1,[StatementsData_logId:3]
6427030,406,5:54:28,1,[StatementsData_logId:3,2]
6427030,411,5:54:30,1,[StatementsData_logId:3]
6427030,401,5:54:43,1,[StatementsData_logId:4]
6427030,402,5:54:45,1,[StatementsData_logId:4,false]
6427030,405,5:54:46,1,[StatementsData_logId:4]
6427030,406,5:54:54,1,[StatementsData_logId:4,-2]
6427030,411,5:54:55,1,[StatementsData_logId:4]
6427030,401,5:55:6,1,[StatementsData_logId:5]
6427030,404,5:55:8,1,[StatementsData_logId:5,true]
6427030,406,5:55:10,1,[StatementsData_logId:5,2]
6427030,412,5:55:12,1,[StatementsData_logId:5]
6427030,413,5:55:15,1,[StatementsData_logId:5,DuelResponsesData_logId:6]
6427030,414,5:55:17,1,[StatementsData_logId:5,DuelResponsesData_logId:6]
6427030,415,5:55:29,1,[StatementsData_logId:5,DuelResponsesData_logId:6,DuelResponsesData_ok_player_response]
6427030,416,5:55:30,1,[StatementsData_logId:5,DuelResponsesData_logId:6]
6427030,417,5:55:32,1,[StatementsData_logId:5,DuelResponsesData_logId:6]
6427030,413,5:55:38,1,[StatementsData_logId:5,DuelResponsesData_logId:7]
6427030,414,5:55:40,1,[StatementsData_logId:5,DuelResponsesData_logId:7]
6427030,415,5:56:6,1,[StatementsData_logId:5,DuelResponsesData_logId:7,DuelResponsesData_ok_player_response]
6427030,416,5:56:7,1,[StatementsData_logId:5,DuelResponsesData_logId:7]
6427030,417,5:56:8,1,[StatementsData_logId:5,DuelResponsesData_logId:7]
6427030,413,5:56:17,1,[StatementsData_logId:5,DuelResponsesData_logId:8]
6427030,414,5:56:21,1,[StatementsData_logId:5,DuelResponsesData_logId:8]
6427030,415,5:56:24,1,[StatementsData_logId:5,DuelResponsesData_logId:8,DuelResponsesData_lame_player_response]
6427030,416,5:56:25,1,[StatementsData_logId:5,DuelResponsesData_logId:8]
6427030,417,5:56:27,1,[StatementsData_logId:5,DuelResponsesData_logId:8]
6427030,418,5:56:27,1,[StatementsData_logId:5,false]
6427030,419,5:56:28,1,[StatementsData_logId:5,-4]
6427030,411,5:56:30,1,[StatementsData_logId:5]
6427030,420,5:56:30,1,[38]
6427030,1005,5:56:30,1,[0,0,1]
6427030,1000,5:56:34,1,[]
6427030,400,5:56:35,1,[]
6427030,401,5:56:36,1,[StatementsData_logId:0]
6427030,402,5:56:38,1,[StatementsData_logId:0,true]
6427030,405,5:56:39,1,[StatementsData_logId:0]
6427030,406,5:56:40,1,[StatementsData_logId:0,2]
6427030,411,5:56:41,1,[StatementsData_logId:0]
6427030,401,5:56:42,1,[StatementsData_logId:1]
6427030,402,5:56:43,1,[StatementsData_logId:1,true]
6427030,405,5:56:44,1,[StatementsData_logId:1]
6427030,406,5:56:45,1,[StatementsData_logId:1,2]
6427030,411,5:56:46,1,[StatementsData_logId:1]
6427030,401,5:56:47,1,[StatementsData_logId:2]
6427030,403,5:56:48,1,[StatementsData_logId:2,true]
6427030,405,5:56:48,1,[StatementsData_logId:2]
6427030,406,5:56:49,1,[StatementsData_logId:2,2]
6427030,407,5:56:49,1,[StatementsData_logId:2,FactCardData_id:26]
6427030,407,5:56:49,1,[StatementsData_logId:2,FactCardData_id:20]
6427030,407,5:56:49,1,[StatementsData_logId:2,FactCardData_id:24]
6427030,407,5:56:49,1,[StatementsData_logId:2,FactCardData_id:25]
6427030,407,5:56:49,1,[StatementsData_logId:2,FactCardData_id:23]
6427030,407,5:56:49,1,[StatementsData_logId:2,FactCardData_id:22]
6427030,407,5:56:53,1,[StatementsData_logId:2,FactCardData_id:24]
6427030,407,5:56:53,1,[StatementsData_logId:2,FactCardData_id:24]
6427030,408,5:56:54,1,[StatementsData_logId:2,FactCardData_id:24,true]
6427030,409,5:56:54,1,[StatementsData_logId:2]
6427030,410,5:56:55,1,[StatementsData_logId:2,2]
6427030,412,5:56:56,1,[StatementsData_logId:2]
6427030,413,5:56:59,1,[StatementsData_logId:2,DuelResponsesData_logId:0]
6427030,414,5:57:1,1,[StatementsData_logId:2,DuelResponsesData_logId:0]
6427030,415,5:57:27,1,[StatementsData_logId:2,DuelResponsesData_logId:0,DuelResponsesData_ok_player_response]
6427030,416,5:57:28,1,[StatementsData_logId:2,DuelResponsesData_logId:0]
6427030,417,5:57:30,1,[StatementsData_logId:2,DuelResponsesData_logId:0]
6427030,413,5:57:38,1,[StatementsData_logId:2,DuelResponsesData_logId:1]
6427030,414,5:57:39,1,[StatementsData_logId:2,DuelResponsesData_logId:1]
6427030,415,5:57:47,1,[StatementsData_logId:2,DuelResponsesData_logId:1,DuelResponsesData_witty_player_response]
6427030,416,5:57:49,1,[StatementsData_logId:2,DuelResponsesData_logId:1]
6427030,417,5:57:52,1,[StatementsData_logId:2,DuelResponsesData_logId:1]
6427030,413,5:57:53,1,[StatementsData_logId:2,DuelResponsesData_logId:2]
6427030,414,5:57:57,1,[StatementsData_logId:2,DuelResponsesData_logId:2]
6427030,415,5:58:7,1,[StatementsData_logId:2,DuelResponsesData_logId:2,DuelResponsesData_witty_player_response]
6427030,416,5:58:8,1,[StatementsData_logId:2,DuelResponsesData_logId:2]
6427030,417,5:58:10,1,[StatementsData_logId:2,DuelResponsesData_logId:2]
6427030,418,5:58:10,1,[StatementsData_logId:2,true]
6427030,419,5:58:13,1,[StatementsData_logId:2,4]
6427030,411,5:58:15,1,[StatementsData_logId:2]
6427030,401,5:58:16,1,[StatementsData_logId:3]
6427030,402,5:58:21,1,[StatementsData_logId:3,true]
6427030,405,5:58:22,1,[StatementsData_logId:3]
6427030,406,5:58:23,1,[StatementsData_logId:3,2]
6427030,411,5:58:24,1,[StatementsData_logId:3]
6427030,401,5:58:27,1,[StatementsData_logId:4]
6427030,403,5:58:27,1,[StatementsData_logId:4,true]
6427030,405,5:58:28,1,[StatementsData_logId:4]
6427030,406,5:58:29,1,[StatementsData_logId:4,2]
6427030,407,5:58:29,1,[StatementsData_logId:4,FactCardData_id:22]
6427030,407,5:58:29,1,[StatementsData_logId:4,FactCardData_id:23]
6427030,407,5:58:29,1,[StatementsData_logId:4,FactCardData_id:25]
6427030,407,5:58:29,1,[StatementsData_logId:4,FactCardData_id:24]
6427030,407,5:58:29,1,[StatementsData_logId:4,FactCardData_id:20]
6427030,407,5:58:29,1,[StatementsData_logId:4,FactCardData_id:26]
6427030,407,5:58:33,1,[StatementsData_logId:4,FactCardData_id:25]
6427030,407,5:58:33,1,[StatementsData_logId:4,FactCardData_id:25]
6427030,407,5:58:34,1,[StatementsData_logId:4,FactCardData_id:24]
6427030,407,5:58:34,1,[StatementsData_logId:4,FactCardData_id:25]
6427030,407,5:58:34,1,[StatementsData_logId:4,FactCardData_id:24]
6427030,407,5:58:35,1,[StatementsData_logId:4,FactCardData_id:23]
6427030,407,5:58:35,1,[StatementsData_logId:4,FactCardData_id:24]
6427030,407,5:58:35,1,[StatementsData_logId:4,FactCardData_id:23]
6427030,408,5:58:38,1,[StatementsData_logId:4,FactCardData_id:23,true]
6427030,409,5:58:38,1,[StatementsData_logId:4]
6427030,410,5:58:39,1,[StatementsData_logId:4,2]
6427030,412,5:58:41,1,[StatementsData_logId:4]
6427030,413,5:58:46,1,[StatementsData_logId:4,DuelResponsesData_logId:3]
6427030,414,5:58:52,1,[StatementsData_logId:4,DuelResponsesData_logId:3]
6427030,415,5:59:15,1,[StatementsData_logId:4,DuelResponsesData_logId:3,DuelResponsesData_ok_player_response]
6427030,416,5:59:16,1,[StatementsData_logId:4,DuelResponsesData_logId:3]
6427030,417,5:59:17,1,[StatementsData_logId:4,DuelResponsesData_logId:3]
6427030,413,5:59:26,1,[StatementsData_logId:4,DuelResponsesData_logId:4]
6427030,414,5:59:29,1,[StatementsData_logId:4,DuelResponsesData_logId:4]
6427030,415,5:59:40,1,[StatementsData_logId:4,DuelResponsesData_logId:4,DuelResponsesData_ok_player_response]
6427030,416,5:59:41,1,[StatementsData_logId:4,DuelResponsesData_logId:4]
6427030,417,5:59:43,1,[StatementsData_logId:4,DuelResponsesData_logId:4]
6427030,413,5:59:54,1,[StatementsData_logId:4,DuelResponsesData_logId:5]
6427030,414,5:59:56,1,[StatementsData_logId:4,DuelResponsesData_logId:5]
6427030,415,6:0:8,1,[StatementsData_logId:4,DuelResponsesData_logId:5,DuelResponsesData_ok_player_response]
6427030,416,6:0:8,1,[StatementsData_logId:4,DuelResponsesData_logId:5]
6427030,417,6:0:11,1,[StatementsData_logId:4,DuelResponsesData_logId:5]
6427030,418,6:0:11,1,[StatementsData_logId:4,true]
6427030,419,6:0:13,1,[StatementsData_logId:4,4]
6427030,411,6:0:14,1,[StatementsData_logId:4]
6427030,401,6:0:24,1,[StatementsData_logId:5]
6427030,404,6:0:24,1,[StatementsData_logId:5,true]
6427030,406,6:0:25,1,[StatementsData_logId:5,2]
6427030,412,6:0:27,1,[StatementsData_logId:5]
6427030,413,6:0:30,1,[StatementsData_logId:5,DuelResponsesData_logId:6]
6427030,414,6:0:31,1,[StatementsData_logId:5,DuelResponsesData_logId:6]
6427030,415,6:0:49,1,[StatementsData_logId:5,DuelResponsesData_logId:6,DuelResponsesData_ok_player_response]
6427030,416,6:0:49,1,[StatementsData_logId:5,DuelResponsesData_logId:6]
6427030,417,6:0:51,1,[StatementsData_logId:5,DuelResponsesData_logId:6]
6427030,413,6:0:56,1,[StatementsData_logId:5,DuelResponsesData_logId:7]
6427030,414,6:0:58,1,[StatementsData_logId:5,DuelResponsesData_logId:7]
6427030,415,6:1:3,1,[StatementsData_logId:5,DuelResponsesData_logId:7,DuelResponsesData_ok_player_response]
6427030,416,6:1:3,1,[StatementsData_logId:5,DuelResponsesData_logId:7]
6427030,417,6:1:5,1,[StatementsData_logId:5,DuelResponsesData_logId:7]
6427030,413,6:1:12,1,[StatementsData_logId:5,DuelResponsesData_logId:8]
6427030,414,6:1:14,1,[StatementsData_logId:5,DuelResponsesData_logId:8]
6427030,415,6:1:28,1,[StatementsData_logId:5,DuelResponsesData_logId:8,DuelResponsesData_lame_player_response]
6427030,416,6:1:30,1,[StatementsData_logId:5,DuelResponsesData_logId:8]
6427030,417,6:1:32,1,[StatementsData_logId:5,DuelResponsesData_logId:8]
6427030,418,6:1:32,1,[StatementsData_logId:5,false]
6427030,419,6:1:33,1,[StatementsData_logId:5,-4]
6427030,411,6:1:35,1,[StatementsData_logId:5]
6427030,420,6:1:35,1,[48]
6427030,1005,6:1:35,1,[0,1,2]
6427030,1000,6:1:42,1,[]
6427030,400,6:1:43,1,[]
6427030,401,6:1:44,1,[StatementsData_logId:0]
6427030,402,6:1:45,1,[StatementsData_logId:0,true]
6427030,405,6:1:46,1,[StatementsData_logId:0]
6427030,406,6:1:47,1,[StatementsData_logId:0,2]
6427030,411,6:1:48,1,[StatementsData_logId:0]
6427030,401,6:1:48,1,[StatementsData_logId:1]
6427030,402,6:1:49,1,[StatementsData_logId:1,true]
6427030,405,6:1:50,1,[StatementsData_logId:1]
6427030,406,6:1:51,1,[StatementsData_logId:1,2]
6427030,411,6:1:52,1,[StatementsData_logId:1]
6427030,401,6:1:53,1,[StatementsData_logId:2]
6427030,403,6:1:53,1,[StatementsData_logId:2,true]
6427030,405,6:1:54,1,[StatementsData_logId:2]
6427030,406,6:1:54,1,[StatementsData_logId:2,2]
6427030,407,6:1:54,1,[StatementsData_logId:2,FactCardData_id:26]
6427030,407,6:1:54,1,[StatementsData_logId:2,FactCardData_id:25]
6427030,407,6:1:54,1,[StatementsData_logId:2,FactCardData_id:20]
6427030,407,6:1:54,1,[StatementsData_logId:2,FactCardData_id:23]
6427030,407,6:1:54,1,[StatementsData_logId:2,FactCardData_id:22]
6427030,407,6:1:54,1,[StatementsData_logId:2,FactCardData_id:24]
6427030,407,6:1:58,1,[StatementsData_logId:2,FactCardData_id:24]
6427030,407,6:1:58,1,[StatementsData_logId:2,FactCardData_id:24]
6427030,408,6:1:58,1,[StatementsData_logId:2,FactCardData_id:24,true]
6427030,409,6:1:58,1,[StatementsData_logId:2]
6427030,410,6:1:59,1,[StatementsData_logId:2,2]
6427030,412,6:2:1,1,[StatementsData_logId:2]
6427030,413,6:2:2,1,[StatementsData_logId:2,DuelResponsesData_logId:0]
6427030,414,6:2:8,1,[StatementsData_logId:2,DuelResponsesData_logId:0]
6427030,415,6:2:15,1,[StatementsData_logId:2,DuelResponsesData_logId:0,DuelResponsesData_witty_player_response]
6427030,416,6:2:16,1,[StatementsData_logId:2,DuelResponsesData_logId:0]
6427030,417,6:2:17,1,[StatementsData_logId:2,DuelResponsesData_logId:0]
6427030,413,6:2:24,1,[StatementsData_logId:2,DuelResponsesData_logId:1]
6427030,414,6:2:25,1,[StatementsData_logId:2,DuelResponsesData_logId:1]
6427030,415,6:2:35,1,[StatementsData_logId:2,DuelResponsesData_logId:1,DuelResponsesData_witty_player_response]
6427030,416,6:2:35,1,[StatementsData_logId:2,DuelResponsesData_logId:1]
6427030,417,6:2:38,1,[StatementsData_logId:2,DuelResponsesData_logId:1]
6427030,413,6:2:43,1,[StatementsData_logId:2,DuelResponsesData_logId:2]
6427030,414,6:2:45,1,[StatementsData_logId:2,DuelResponsesData_logId:2]
6427030,415,6:2:52,1,[StatementsData_logId:2,DuelResponsesData_logId:2,DuelResponsesData_ok_player_response]
6427030,416,6:2:52,1,[StatementsData_logId:2,DuelResponsesData_logId:2]
6427030,417,6:2:54,1,[StatementsData_logId:2,DuelResponsesData_logId:2]
6427030,418,6:2:54,1,[StatementsData_logId:2,true]
6427030,419,6:2:55,1,[StatementsData_logId:2,4]
6427030,411,6:2:57,1,[StatementsData_logId:2]
6427030,401,6:3:1,1,[StatementsData_logId:3]
6427030,402,6:3:3,1,[StatementsData_logId:3,true]
6427030,405,6:3:4,1,[StatementsData_logId:3]
6427030,406,6:3:4,1,[StatementsData_logId:3,2]
6427030,411,6:3:6,1,[StatementsData_logId:3]
6427030,401,6:3:8,1,[StatementsData_logId:4]
6427030,403,6:3:9,1,[StatementsData_logId:4,true]
6427030,405,6:3:10,1,[StatementsData_logId:4]
6427030,406,6:3:11,1,[StatementsData_logId:4,2]
6427030,407,6:3:11,1,[StatementsData_logId:4,FactCardData_id:22]
6427030,407,6:3:11,1,[StatementsData_logId:4,FactCardData_id:23]
6427030,407,6:3:11,1,[StatementsData_logId:4,FactCardData_id:26]
6427030,407,6:3:11,1,[StatementsData_logId:4,FactCardData_id:25]
6427030,407,6:3:11,1,[StatementsData_logId:4,FactCardData_id:24]
6427030,407,6:3:11,1,[StatementsData_logId:4,FactCardData_id:20]
6427030,407,6:3:12,1,[StatementsData_logId:4,FactCardData_id:23]
6427030,407,6:3:12,1,[StatementsData_logId:4,FactCardData_id:23]
6427030,407,6:3:15,1,[StatementsData_logId:4,FactCardData_id:25]
6427030,407,6:3:15,1,[StatementsData_logId:4,FactCardData_id:23]
6427030,407,6:3:15,1,[StatementsData_logId:4,FactCardData_id:25]
6427030,407,6:3:16,1,[StatementsData_logId:4,FactCardData_id:23]
6427030,407,6:3:16,1,[StatementsData_logId:4,FactCardData_id:25]
6427030,407,6:3:16,1,[StatementsData_logId:4,FactCardData_id:23]
6427030,408,6:3:17,1,[StatementsData_logId:4,FactCardData_id:23,true]
6427030,409,6:3:17,1,[StatementsData_logId:4]
6427030,410,6:3:18,1,[StatementsData_logId:4,2]
6427030,412,6:3:20,1,[StatementsData_logId:4]
6427030,413,6:3:21,1,[StatementsData_logId:4,DuelResponsesData_logId:3]
6427030,414,6:3:26,1,[StatementsData_logId:4,DuelResponsesData_logId:3]
6427030,415,6:3:42,1,[StatementsData_logId:4,DuelResponsesData_logId:3,DuelResponsesData_witty_player_response]
6427030,416,6:3:43,1,[StatementsData_logId:4,DuelResponsesData_logId:3]
6427030,417,6:3:44,1,[StatementsData_logId:4,DuelResponsesData_logId:3]
6427030,413,6:3:53,1,[StatementsData_logId:4,DuelResponsesData_logId:4]
6427030,414,6:3:55,1,[StatementsData_logId:4,DuelResponsesData_logId:4]
6427030,415,6:4:16,1,[StatementsData_logId:4,DuelResponsesData_logId:4,DuelResponsesData_witty_player_response]
6427030,416,6:4:17,1,[StatementsData_logId:4,DuelResponsesData_logId:4]
6427030,417,6:4:18,1,[StatementsData_logId:4,DuelResponsesData_logId:4]
6427030,413,6:4:22,1,[StatementsData_logId:4,DuelResponsesData_logId:5]
6427030,414,6:4:24,1,[StatementsData_logId:4,DuelResponsesData_logId:5]
6427030,415,6:4:50,1,[StatementsData_logId:4,DuelResponsesData_logId:5,DuelResponsesData_witty_player_response]
6427030,416,6:4:51,1,[StatementsData_logId:4,DuelResponsesData_logId:5]
6427030,417,6:4:53,1,[StatementsData_logId:4,DuelResponsesData_logId:5]
6427030,418,6:4:53,1,[StatementsData_logId:4,true]
6427030,419,6:4:55,1,[StatementsData_logId:4,4]
6427030,411,6:4:57,1,[StatementsData_logId:4]
6427030,401,6:5:0,1,[StatementsData_logId:5]
6427030,404,6:5:0,1,[StatementsData_logId:5,true]
6427030,406,6:5:1,1,[StatementsData_logId:5,2]
6427030,412,6:5:2,1,[StatementsData_logId:5]
6427030,413,6:5:6,1,[StatementsData_logId:5,DuelResponsesData_logId:6]
6427030,414,6:5:7,1,[StatementsData_logId:5,DuelResponsesData_logId:6]
6427030,415,6:5:16,1,[StatementsData_logId:5,DuelResponsesData_logId:6,DuelResponsesData_ok_player_response]
6427030,416,6:5:17,1,[StatementsData_logId:5,DuelResponsesData_logId:6]
6427030,417,6:5:18,1,[StatementsData_logId:5,DuelResponsesData_logId:6]
6427030,413,6:5:21,1,[StatementsData_logId:5,DuelResponsesData_logId:7]
6427030,414,6:5:22,1,[StatementsData_logId:5,DuelResponsesData_logId:7]
6427030,415,6:5:36,1,[StatementsData_logId:5,DuelResponsesData_logId:7,DuelResponsesData_ok_player_response]
6427030,416,6:5:37,1,[StatementsData_logId:5,DuelResponsesData_logId:7]
6427030,417,6:5:38,1,[StatementsData_logId:5,DuelResponsesData_logId:7]
6427030,413,6:5:45,1,[StatementsData_logId:5,DuelResponsesData_logId:8]
6427030,414,6:5:47,1,[StatementsData_logId:5,DuelResponsesData_logId:8]
6427030,415,6:5:57,1,[StatementsData_logId:5,DuelResponsesData_logId:8,DuelResponsesData_witty_player_response]
6427030,416,6:5:58,1,[StatementsData_logId:5,DuelResponsesData_logId:8]
6427030,417,6:6:0,1,[StatementsData_logId:5,DuelResponsesData_logId:8]
6427030,418,6:6:0,1,[StatementsData_logId:5,true]
6427030,419,6:6:1,1,[StatementsData_logId:5,4]
6427030,411,6:6:3,1,[StatementsData_logId:5]
6427030,420,6:6:3,1,[56]
6427030,1005,6:6:3,1,[0,2,3]
6427030,1001,6:6:5,1,[]
6427030,1003,6:6:5,0
6427030,1004,6:6:6,2
6427030,400,6:6:8,2,[]
6427030,1002,6:6:18,2
6427030,1003,6:6:18,0
6427030,210,6:6:23,881,452
6427030,211,6:6:23,840,479
6427030,213,6:6:23,2,c_nurse_a_G8a3N,true
6427030,205,6:6:23,2,c_nurse_a_G8a3N,false,false
6427030,210,6:6:30,1102,394
6427030,207,6:6:34,2,-200,0
6427030,211,6:6:39,1232,160
6427030,207,6:6:39,2,0,-225
6427030,210,6:6:41,1178,327
6427030,207,6:6:41,2,-225,-492
6427030,211,6:6:43,1447,330
6427030,207,6:6:54,2,-492,-477
6427030,210,6:6:54,552,422
6427030,207,6:6:55,2,-477,-297
6427030,211,6:6:58,430,481
6427030,213,6:6:58,2,c_nurse_a_G8a3N,true
6427030,205,6:6:58,2,c_nurse_a_G8a3N,false,true
6427030,210,6:7:36,992,95
6427030,211,6:7:40,1072,609
6427030,210,6:7:40,871,620
6427030,211,6:7:41,870,624
6427030,212,6:7:42,1
6427030,210,6:7:43,953,582
6427030,211,6:7:48,865,432
6427030,212,6:7:49,0
6427030,210,6:7:50,857,490
6427030,211,6:7:52,1228,425
6427030,210,6:7:53,247,248
6427030,207,6:7:54,2,-297,0
6427030,211,6:7:55,225,275
6427030,213,6:7:55,2,s_door_G8a3N,true
6427030,212,6:7:58,1
6427030,210,6:7:59,182,167
6427030,211,6:8:3,2,353
6427030,210,6:8:4,73,340
6427030,211,6:8:5,16,180
6427030,212,6:8:6,2
6427030,210,6:8:6,38,194
6427030,211,6:8:7,26,194
6427030,212,6:8:7,0
6427030,210,6:8:8,36,207
6427030,211,6:8:9,31,199
6427030,207,6:8:10,2,0,-45
6427030,210,6:8:10,946,374
6427030,211,6:8:10,1127,401
6427030,207,6:8:10,2,-45,-120
6427030,207,6:8:11,2,-120,-165
6427030,210,6:8:12,95,616
6427030,211,6:8:12,78,615
6427030,207,6:8:12,2,-165,-75
6427030,210,6:8:13,279,610
6427030,211,6:8:15,181,564
6427030,213,6:8:15,2,s_pamphlet1_G8a3N,true
6427030,205,6:8:15,2,s_pamphlet1_G8a3N,false,false
6427030,221,6:8:38,2
6427030,300,6:8:50
6427030,220,6:8:50,2
6427030,221,6:9:0,2
6427030,220,6:9:1,2
6427030,1003,6:9:1,3
6427030,210,6:9:7,285,347
6427030,207,6:9:7,2,-200,-20
6427030,211,6:9:8,336,402
6427030,213,6:9:8,2,c_crush2_M_a_G8a1N,true
6427030,207,6:9:11,2,-20,0
6427030,210,6:9:11,8,108
6427030,211,6:9:12,13,116
6427030,210,6:9:14,993,399
6427030,211,6:9:15,921,447
6427030,221,6:9:16,2
6427030,220,6:9:21,2
6427030,221,6:9:24,2
6427030,220,6:9:25,2
6427030,207,6:9:26,2,-200,-200
6427030,219,6:9:30,2
6427030,218,6:9:46,2
6427030,221,6:9:55,2
6427030,220,6:10:9,2
6427030,210,6:10:10,420,532
6427030,211,6:10:10,420,532
6427030,212,6:10:10,1
6427030,210,6:10:11,1127,427
6427030,207,6:10:13,2,-200,-440
6427030,207,6:10:14,2,-440,-492
6427030,211,6:10:15,1514,325
6427030,210,6:10:15,1514,304
6427030,211,6:10:16,1436,286
6427030,210,6:10:16,1462,189
6427030,211,6:10:19,1371,324
6427030,212,6:10:21,2
6427030,210,6:10:21,1349,360
6427030,211,6:10:21,1356,364
6427030,212,6:10:22,0
6427030,210,6:10:22,1346,362
6427030,211,6:10:23,1355,360
6427030,213,6:10:23,2,s_cigaretteKid1_G8a0,true
6427030,210,6:10:38,1260,366
6427030,211,6:10:38,1368,311
6427030,213,6:10:38,2,s_cigaretteKid1_G8a0,true
6427030,212,6:10:43,1
6427030,210,6:10:43,1326,383
6427030,207,6:10:51,2,-492,-222
6427030,207,6:10:53,2,-222,-87
6427030,207,6:10:54,2,-87,0
6427030,211,6:11:7,1097,493
6427030,207,6:11:7,2,0,-105
6427030,210,6:11:8,1167,358
6427030,207,6:11:8,2,-105,-210
6427030,207,6:11:11,2,-210,-492
6427030,211,6:11:17,1513,191
6427030,210,6:11:17,1438,298
6427030,211,6:11:22,919,534
6427030,210,6:11:22,969,491
6427030,211,6:11:22,765,485
6427030,221,6:11:25,2
6427030,220,6:11:26,2
6427030,213,6:11:40,2,c_crush2_M_a_G8a1N,true
6427030,221,6:11:45,2
6427030,220,6:11:46,2
6427030,221,6:11:49,2
6427030,220,6:11:52,2
6427030,1003,6:11:52,3
6427030,1004,6:11:53,1
6427030,500,6:11:55,1,[]
6427030,501,6:12:1,1,[]
6427030,502,6:12:10,1,[IntentionData_logId:3,true]
6427030,503,6:12:11,1,[]
6427030,504,6:12:15,1,[InfluenceData_logId:1]
6427030,504,6:12:19,1,[InfluenceData_logId:0]
6427030,504,6:12:22,1,[InfluenceData_logId:2]
6427030,504,6:12:24,1,[InfluenceData_logId:0]
6427030,504,6:12:25,1,[InfluenceData_logId:3]
6427030,504,6:12:30,1,[InfluenceData_logId:4]
6427030,504,6:12:35,1,[InfluenceData_logId:5]
6427030,504,6:12:36,1,[InfluenceData_logId:5]
6427030,504,6:12:39,1,[InfluenceData_logId:7]
6427030,504,6:12:43,1,[InfluenceData_logId:8]
6427030,504,6:12:44,1,[InfluenceData_logId:7]
6427030,504,6:12:49,1,[InfluenceData_logId:8]
6427030,504,6:12:53,1,[InfluenceData_logId:6]
6427030,505,6:12:57,1,[InfluenceData_logId:0,true,InfluenceData_logId:5,true,InfluenceData_logId:6,true]
6427030,506,6:12:59,1,[]
6427030,507,6:13:12,1,[OpponentAttackData_logId:2,OpponentAttackTypeData_logId:3,true,0]
6427030,508,6:13:14,1,[]
6427030,509,6:13:20,1,[RefusalData_logId:4,2]
6427030,510,6:14:10,1,[AvailableRefusalData_logId:4,0C]
6427030,510,6:14:15,1,[AvailableRefusalData_logId:4,0B]
6427030,510,6:14:16,1,[AvailableRefusalData_logId:4,1B]
6427030,510,6:14:16,1,[AvailableRefusalData_logId:4,2B]
6427030,511,6:14:17,1,[AvailableRefusalData_logId:4,0B,1B,2B,false,0]
6427030,512,6:14:20,1,[]
6427030,513,6:14:20,1,[30]
6427030,514,6:14:22,1,[]
6427030,507,6:14:41,1,[OpponentAttackData_logId:1,OpponentAttackTypeData_logId:1,true,0]
6427030,508,6:14:43,1,[]
6427030,509,6:15:7,1,[RefusalData_logId:7,2]
6427030,510,6:15:13,1,[AvailableRefusalData_logId:7,0B]
6427030,510,6:16:20,1,[AvailableRefusalData_logId:7,1A]
6427030,510,6:16:22,1,[AvailableRefusalData_logId:7,2A]
6427030,510,6:16:32,1,[AvailableRefusalData_logId:7,0C]
6427030,510,6:16:40,1,[AvailableRefusalData_logId:7,0A]
6427030,511,6:16:47,1,[AvailableRefusalData_logId:7,0A,1A,2A,true,50]
6427030,512,6:16:49,1,[]
6427030,513,6:16:49,1,[0]
6427030,514,6:16:55,1,[]
6427030,507,6:17:4,1,[OpponentAttackData_logId:0,OpponentAttackTypeData_logId:2,true,0]
6427030,508,6:17:6,1,[]
6427030,509,6:17:12,1,[RefusalData_logId:2,1]
6427030,510,6:17:30,1,[AvailableRefusalData_logId:2,0A]
6427030,510,6:17:33,1,[AvailableRefusalData_logId:2,1A]
6427030,510,6:17:36,1,[AvailableRefusalData_logId:2,2A]
6427030,511,6:17:37,1,[AvailableRefusalData_logId:2,0A,1A,2A,true,30]
6427030,512,6:17:40,1,[]
6427030,513,6:17:40,1,[0]
6427030,514,6:17:43,1,[]
6427030,507,6:18:8,1,[OpponentAttackData_logId:3,OpponentAttackTypeData_logId:0,false,30]
6427030,508,6:18:10,1,[]
6427030,509,6:18:21,1,[RefusalData_logId:0,0]
6427030,510,6:18:28,1,[AvailableRefusalData_logId:0,0B]
6427030,510,6:18:43,1,[AvailableRefusalData_logId:0,0A]
6427030,510,6:18:44,1,[AvailableRefusalData_logId:0,1A]
6427030,510,6:18:45,1,[AvailableRefusalData_logId:0,2A]
6427030,511,6:18:46,1,[AvailableRefusalData_logId:0,0A,1A,2A,true,20]
6427030,512,6:18:49,1,[]
6427030,515,6:18:49,1,[90,0]
6427030,516,6:18:51,1,[]
6427030,517,6:18:52,1,[]
6427030,1005,6:18:52,1,[3,0,2]
6427030,1000,6:18:54,1,[]
6427030,500,6:18:55,1,[]
6427030,501,6:18:56,1,[]
6427030,502,6:19:1,1,[IntentionData_logId:3,true]
6427030,503,6:19:3,1,[]
6427030,504,6:19:9,1,[InfluenceData_logId:0]
6427030,504,6:19:10,1,[InfluenceData_logId:4]
6427030,504,6:19:13,1,[InfluenceData_logId:6]
6427030,505,6:19:14,1,[InfluenceData_logId:0,true,InfluenceData_logId:4,true,InfluenceData_logId:6,true]
6427030,506,6:19:16,1,[]
6427030,507,6:19:27,1,[OpponentAttackData_logId:0,OpponentAttackTypeData_logId:1,false,30]
6427030,508,6:19:29,1,[]
6427030,1002,6:19:33,1
6427030,1003,6:19:33,3
6427030,1004,6:19:35,1
6427030,500,6:19:38,1,[]
6427030,501,6:19:39,1,[]
6427030,502,6:19:43,1,[IntentionData_logId:3,true]
6427030,503,6:19:44,1,[]
6427030,504,6:19:48,1,[InfluenceData_logId:0]
6427030,504,6:19:52,1,[InfluenceData_logId:0]
6427030,504,6:19:52,1,[InfluenceData_logId:4]
6427030,504,6:19:53,1,[InfluenceData_logId:7]
6427030,504,6:19:54,1,[InfluenceData_logId:6]
6427030,505,6:19:55,1,[InfluenceData_logId:0,true,InfluenceData_logId:4,true,InfluenceData_logId:6,true]
6427030,506,6:19:57,1,[]
6427030,507,6:20:7,1,[OpponentAttackData_logId:2,OpponentAttackTypeData_logId:3,true,0]
6427030,508,6:20:10,1,[]
6427030,509,6:20:26,1,[RefusalData_logId:0,0]
6427030,510,6:20:39,1,[AvailableRefusalData_logId:0,0A]
6427030,510,6:20:41,1,[AvailableRefusalData_logId:0,1A]
6427030,510,6:20:42,1,[AvailableRefusalData_logId:0,2A]
6427030,511,6:20:43,1,[AvailableRefusalData_logId:0,0A,1A,2A,true,20]
6427030,512,6:20:46,1,[]
6427030,513,6:20:46,1,[30]
6427030,514,6:21:2,1,[]
6427030,507,6:21:18,1,[OpponentAttackData_logId:1,OpponentAttackTypeData_logId:1,true,0]
6427030,508,6:21:21,1,[]
6427030,509,6:21:53,1,[RefusalData_logId:7,2]
6427030,510,6:22:0,1,[AvailableRefusalData_logId:7,0A]
6427030,510,6:22:3,1,[AvailableRefusalData_logId:7,1A]
6427030,510,6:22:5,1,[AvailableRefusalData_logId:7,2A]
6427030,511,6:22:6,1,[AvailableRefusalData_logId:7,0A,1A,2A,true,50]
6427030,512,6:22:9,1,[]
6427030,513,6:22:9,1,[0]
6427030,514,6:22:9,1,[]
6427030,507,6:22:21,1,[OpponentAttackData_logId:3,OpponentAttackTypeData_logId:4,true,0]
6427030,508,6:22:25,1,[]
6427030,509,6:22:35,1,[RefusalData_logId:4,2]
6427030,510,6:23:4,1,[AvailableRefusalData_logId:4,0A]
6427030,510,6:23:8,1,[AvailableRefusalData_logId:4,1A]
6427030,510,6:23:10,1,[AvailableRefusalData_logId:4,2A]
6427030,511,6:23:12,1,[AvailableRefusalData_logId:4,0A,1A,2A,true,50]
6427030,512,6:23:15,1,[]
6427030,515,6:23:15,1,[120,0]
6427030,516,6:23:18,1,[]
6427030,517,6:23:20,1,[]
6427030,1005,6:23:20,1,[3,2,3]
6427030,1001,6:23:22,1,[]
6427030,1003,6:23:22,3
6427030,1004,6:23:23,4
6427030,500,6:23:26,4,[]
6427030,501,6:23:33,4,[]
6427030,502,6:23:46,4,[IntentionData_logId:1,true]
6427030,503,6:23:47,4,[]
6427030,504,6:23:50,4,[InfluenceData_logId:2]
6427030,504,6:23:53,4,[InfluenceData_logId:0]
6427030,504,6:23:56,4,[InfluenceData_logId:1]
6427030,504,6:24:1,4,[InfluenceData_logId:5]
6427030,504,6:24:4,4,[InfluenceData_logId:4]
6427030,504,6:24:6,4,[InfluenceData_logId:8]
6427030,504,6:24:10,4,[InfluenceData_logId:6]
6427030,504,6:24:13,4,[InfluenceData_logId:7]
6427030,505,6:24:16,4,[InfluenceData_logId:1,false,InfluenceData_logId:4,true,InfluenceData_logId:7,true]
6427030,506,6:24:19,4,[]
6427030,507,6:24:31,4,[OpponentAttackData_logId:2,OpponentAttackTypeData_logId:4,true,0]
6427030,508,6:24:33,4,[]
6427030,509,6:24:37,4,[RefusalData_logId:4,2]
6427030,510,6:25:7,4,[AvailableRefusalData_logId:4,0C]
6427030,510,6:25:8,4,[AvailableRefusalData_logId:4,1B]
6427030,510,6:25:10,4,[AvailableRefusalData_logId:4,2B]
6427030,511,6:25:12,4,[AvailableRefusalData_logId:4,0C,1B,2B,false,0]
6427030,512,6:25:15,4,[]
6427030,513,6:25:15,4,[30]
6427030,514,6:25:19,4,[]
6427030,1002,6:25:28,4
6427030,1003,6:25:28,3
6427030,1004,6:25:30,4
6427030,500,6:25:33,4,[]
6427030,501,6:25:35,4,[]
6427030,502,6:25:39,4,[IntentionData_logId:1,true]
6427030,503,6:25:40,4,[]
6427030,504,6:25:45,4,[InfluenceData_logId:0]
6427030,504,6:25:49,4,[InfluenceData_logId:4]
6427030,504,6:25:50,4,[InfluenceData_logId:7]
6427030,505,6:25:51,4,[InfluenceData_logId:0,true,InfluenceData_logId:4,true,InfluenceData_logId:7,true]
6427030,506,6:25:53,4,[]
6427030,507,6:26:4,4,[OpponentAttackData_logId:3,OpponentAttackTypeData_logId:3,true,0]
6427030,508,6:26:7,4,[]
6427030,509,6:26:10,4,[RefusalData_logId:4,2]
6427030,510,6:26:33,4,[AvailableRefusalData_logId:4,0A]
6427030,510,6:26:39,4,[AvailableRefusalData_logId:4,0B]
6427030,510,6:26:41,4,[AvailableRefusalData_logId:4,1B]
6427030,510,6:26:42,4,[AvailableRefusalData_logId:4,2B]
6427030,511,6:26:42,4,[AvailableRefusalData_logId:4,0B,1B,2B,false,0]
6427030,512,6:26:45,4,[]
6427030,513,6:26:45,4,[30]
6427030,1002,6:26:47,4
6427030,1003,6:26:47,3
6427030,1004,6:26:49,4
6427030,500,6:26:51,4,[]
6427030,501,6:26:53,4,[]
6427030,502,6:26:58,4,[IntentionData_logId:3,false]
6427030,503,6:26:59,4,[]
6427030,504,6:27:3,4,[InfluenceData_logId:0]
6427030,504,6:27:9,4,[InfluenceData_logId:4]
6427030,504,6:27:11,4,[InfluenceData_logId:7]
6427030,505,6:27:12,4,[InfluenceData_logId:0,true,InfluenceData_logId:4,true,InfluenceData_logId:7,true]
6427030,506,6:27:13,4,[]
6427030,507,6:27:30,4,[OpponentAttackData_logId:2,OpponentAttackTypeData_logId:4,true,0]
6427030,508,6:27:32,4,[]
6427030,509,6:27:40,4,[RefusalData_logId:3,2]
6427030,510,6:27:47,4,[AvailableRefusalData_logId:3,0C]
6427030,510,6:27:52,4,[AvailableRefusalData_logId:3,0A]
6427030,510,6:27:54,4,[AvailableRefusalData_logId:3,0B]
6427030,510,6:27:56,4,[AvailableRefusalData_logId:3,1B]
6427030,510,6:28:12,4,[AvailableRefusalData_logId:3,0A]
6427030,510,6:28:12,4,[AvailableRefusalData_logId:3,1A]
6427030,510,6:28:13,4,[AvailableRefusalData_logId:3,2A]
6427030,511,6:28:14,4,[AvailableRefusalData_logId:3,0A,1A,2A,true,50]
6427030,512,6:28:18,4,[]
6427030,513,6:28:18,4,[0]
6427030,514,6:28:20,4,[]
6427030,507,6:28:24,4,[OpponentAttackData_logId:0,OpponentAttackTypeData_logId:1,true,0]
6427030,508,6:28:26,4,[]
6427030,509,6:28:31,4,[RefusalData_logId:6,2]
6427030,510,6:28:40,4,[AvailableRefusalData_logId:6,0A]
6427030,510,6:28:45,4,[AvailableRefusalData_logId:6,1A]
6427030,510,6:28:48,4,[AvailableRefusalData_logId:6,2A]
6427030,511,6:28:49,4,[AvailableRefusalData_logId:6,0A,1A,2A,true,50]
6427030,512,6:28:53,4,[]
6427030,515,6:28:53,4,[130,0]
6427030,516,6:28:55,4,[]
6427030,517,6:28:57,4,[]
6427030,1005,6:28:57,4,[3,1,3]
6427030,1001,6:28:58,4,[]
6427030,1003,6:28:58,3
6427030,1004,6:29:1,0
6427030,500,6:29:3,0,[]
6427030,1002,6:29:7,0
6427030,1003,6:29:7,3
6427030,100,6:29:14,4
6427030,102,6:29:16,4
6427030,200,6:29:16,4,6,9,7,8,12
6427030,204,6:29:25,4
6427030,100,6:29:26,2
6427030,102,6:29:28,2
6427030,200,6:29:28,2,6,9,7,8,12
6427030,221,6:29:30,2
6427030,220,6:29:32,2
6427030,221,6:29:35,2
6427030,220,6:29:39,2
6427030,219,6:29:39,2
6427030,216,6:29:41,Stack_G8a3P
6427030,217,6:30:6,Stack_G8a3P,15,0.00
6427030,218,6:30:13,2
6427030,210,6:30:15,727,371
6427030,211,6:30:16,739,376
6427030,210,6:30:16,746,373
6427030,211,6:30:17,785,382
6427030,213,6:30:17,2,s_kidsCouch_G8a3P,true
6427030,205,6:30:17,2,s_kidsCouch_G8a3P,false,false
6427030,210,6:30:28,725,340
6427030,211,6:30:28,725,340
6427030,210,6:30:28,744,335
6427030,211,6:30:31,535,376
6427030,210,6:30:33,1111,545
6427030,211,6:30:33,1111,545
6427030,212,6:30:34,0
6427030,210,6:30:34,1104,504
6427030,211,6:30:35,1118,506
6427030,213,6:30:35,2,c_crush2_M_a_G8a3P,true
6427030,205,6:30:35,2,c_crush2_M_a_G8a3P,false,false
6427030,210,6:30:53,534,424
6427030,211,6:30:53,518,424
6427030,212,6:30:54,2
6427030,210,6:30:54,523,473
6427030,211,6:30:55,523,473
6427030,212,6:30:56,1
6427030,210,6:30:56,528,398
6427030,211,6:30:57,528,400
6427030,212,6:30:58,0
6427030,210,6:30:59,543,427
6427030,211,6:31:1,679,411
6427030,210,6:31:1,780,508
6427030,211,6:31:2,782,525
6427030,221,6:31:12,2
6427030,220,6:31:13,2
6427030,219,6:31:13,2
6427030,216,6:31:14,Stack_G8a1P
6427030,217,6:31:20,Stack_G8a1P,5.6,12
6427030,218,6:31:24,2
6427030,210,6:31:25,1107,489
6427030,211,6:31:29,1002,476
6427030,210,6:31:32,472,218
6427030,211,6:31:32,475,204
6427030,212,6:31:34,1
6427030,210,6:31:35,432,169
6427030,211,6:31:35,437,169
6427030,213,6:31:35,2,s_basementDoor_gen,true
6427030,205,6:31:36,2,s_basementDoor_gen,false,false
6427030,210,6:32:39,1257,423
6427030,207,6:32:39,2,-200,-395
6427030,211,6:32:40,1163,479
6427030,213,6:32:40,2,s_spraypaintCrush2_M_G8a1P,true
6427030,210,6:33:8,1014,471
6427030,211,6:33:10,1035,384
6427030,212,6:33:11,2
6427030,210,6:33:12,1013,425
6427030,211,6:33:12,1013,425
6427030,212,6:33:13,0
6427030,210,6:33:14,1017,411
6427030,211,6:33:16,959,661
6427030,210,6:33:17,1166,439
6427030,211,6:33:20,1117,637
6427030,221,6:33:20,2
6427030,220,6:33:27,2
6427030,210,6:33:28,713,464
6427030,211,6:33:29,753,509
6427030,221,6:33:29,2
6427030,220,6:33:34,2
6427030,212,6:33:36,2
6427030,210,6:33:36,992,523
6427030,211,6:33:38,1016,452
6427030,213,6:33:38,2,c_crush2_M_a_G8a1P,true
6427030,205,6:33:38,2,c_crush2_M_a_G8a1P,false,false
6427030,210,6:34:5,595,582
6427030,211,6:34:5,602,622
6427030,212,6:34:7,1
6427030,210,6:34:8,576,588
6427030,211,6:34:9,563,602
6427030,213,6:34:9,2,s_dirtyClothes_gen,true
6427030,205,6:34:9,2,s_dirtyClothes_gen,false,false
6427030,210,6:34:25,1447,482
6427030,207,6:34:26,2,-395,-492
6427030,211,6:34:29,1369,514
6427030,212,6:34:31,0
6427030,210,6:34:31,1353,486
6427030,211,6:34:32,1364,505
6427030,213,6:34:32,2,s_inhalantsShelf_gen,true
6427030,205,6:34:32,2,s_inhalantsShelf_gen,false,false
6427030,219,6:35:17,2
6427030,216,6:35:17,Stack_G8a2N
6427030,217,6:35:31,Stack_G8a2N,6.0,0.00
6427030,218,6:35:38,2
6427030,210,6:35:40,507,166
6427030,211,6:35:41,501,163
6427030,213,6:35:41,2,c_friend1_M_a_G8a2N,true
6427030,210,6:35:49,1117,508
6427030,211,6:35:50,1137,554
6427030,212,6:35:51,1
6427030,210,6:35:51,1138,524
6427030,211,6:35:52,1136,537
6427030,213,6:35:52,2,c_crush2_M_a_G8a2N,true
6427030,205,6:35:52,2,c_crush2_M_a_G8a2N,false,false
6427030,210,6:36:8,580,565
6427030,207,6:36:11,2,-200,-125
6427030,211,6:36:15,1051,410
6427030,212,6:36:15,0
6427030,210,6:36:16,1066,403
6427030,211,6:36:17,1066,403
6427030,212,6:36:17,2
6427030,210,6:36:18,1058,383
6427030,211,6:36:19,1250,481
6427030,207,6:36:19,2,-125,-245
6427030,207,6:36:20,2,-245,-275
6427030,210,6:36:20,1298,515
6427030,207,6:36:20,2,-275,-380
6427030,211,6:36:22,1210,531
6427030,212,6:36:23,1
6427030,210,6:36:23,1199,511
6427030,211,6:36:24,1206,534
6427030,212,6:36:25,0
6427030,210,6:36:26,1223,502
6427030,211,6:36:28,1211,533
6427030,210,6:36:30,1200,511
6427030,211,6:36:31,1209,534
6427030,213,6:36:31,2,s_spraypaintCan_G8a2N,true
6427030,205,6:36:31,2,s_spraypaintCan_G8a2N,false,false
6427030,210,6:36:53,1122,552
6427030,211,6:36:55,1151,641
6427030,221,6:36:58,2
6427030,220,6:37:2,2
6427030,219,6:37:2,2
6427030,216,6:37:3,Stack_G8a2P
6427030,217,6:37:23,Stack_G8a2P,14,0.00
6427030,218,6:37:25,2
6427030,210,6:37:26,597,510
6427030,211,6:37:27,654,549
6427030,213,6:37:27,2,s_sistersToy_G8a2P,true
6427030,205,6:37:27,2,s_sistersToy_G8a2P,false,false
6427030,221,6:37:39,2
6427030,220,6:37:46,2
6427030,212,6:37:47,2
6427030,210,6:37:47,1164,440
6427030,211,6:37:50,948,443
6427030,210,6:37:50,615,486
6427030,211,6:37:51,494,513
6427030,213,6:37:51,2,c_kidSister_lati_a_G8a2P,true
6427030,205,6:37:51,2,c_kidSister_lati_a_G8a2P,false,false
6427030,210,6:37:56,892,239
6427030,211,6:38:0,372,298
6427030,207,6:38:0,2,-400,-355
6427030,210,6:38:1,328,415
6427030,207,6:38:1,2,-355,0
6427030,211,6:38:4,209,626
6427030,213,6:38:4,2,s_videoGame_G8a2P,true
6427030,210,6:38:10,614,360
6427030,211,6:38:14,257,146
6427030,213,6:38:14,2,s_stairs_G8a2P,true
6427030,221,6:38:22,2
6427030,220,6:38:26,2
6427030,210,6:38:26,217,209
6427030,207,6:38:31,2,0,-360
6427030,207,6:38:34,2,-360,-995
6427030,211,6:38:34,2017,231
6427030,210,6:38:35,1950,397
6427030,211,6:38:36,1901,478
6427030,213,6:38:36,2,c_crush2_M_a_G8a2P,true
6427030,205,6:38:36,2,c_crush2_M_a_G8a2P,false,false
6427030,210,6:38:40,1845,606
6427030,211,6:38:48,1984,124
6427030,213,6:38:48,2,s_pictureDad_lati_gen,true
6427030,205,6:38:48,2,s_pictureDad_lati_gen,false,false
6427030,212,6:38:52,1
6427030,221,6:38:53,2
6427030,220,6:38:56,2
6427030,212,6:38:57,0
6427030,210,6:38:57,1841,513
6427030,211,6:39:0,1505,608
6427030,213,6:39:0,2,s_magazine_G8a2P,true
6427030,205,6:39:0,2,s_magazine_G8a2P,false,false
6427030,221,6:39:4,2
6427030,220,6:39:6,2
6427030,203,6:39:6,2
6427030,103,6:39:38
6427030,105,6:39:39
6427030,703,6:39:42,[|| EpilogueItem ID: 0 unlocked: true ||,|| EpilogueItem ID: 1 unlocked: true ||,|| EpilogueItem ID: 2 unlocked: true ||,|| EpilogueItem ID: 3 unlocked: false ||,|| EpilogueItem ID: 4 unlocked: false ||,|| EpilogueItem ID: 5 unlocked: false ||,|| EpilogueItem ID: 6 unlocked: false ||,|| EpilogueItem ID: 7 unlocked: false ||,|| EpilogueItem ID: 8 unlocked: false ||,|| EpilogueItem ID: 9 unlocked: false ||,|| EpilogueItem ID: 10 unlocked: false ||,|| EpilogueItem ID: 11 unlocked: false ||,|| EpilogueItem ID: 12 unlocked: false ||,|| EpilogueItem ID: 13 unlocked: false ||,|| EpilogueItem ID: 14 unlocked: false ||,|| EpilogueItem ID: 15 unlocked: false ||,|| EpilogueItem ID: 16 unlocked: false ||,|| EpilogueItem ID: 17 unlocked: false ||,|| EpilogueItem ID: 18 unlocked: false ||,|| EpilogueItem ID: 19 unlocked: false ||,|| EpilogueItem ID: 20 unlocked: false ||,|| EpilogueItem ID: 21 unlocked: false ||,|| EpilogueItem ID: 22 unlocked: false ||,|| EpilogueItem ID: 23 unlocked: false ||,|| EpilogueItem ID: 24 unlocked: false ||],0.12
6427030,706,6:39:48,(x=803, y=-100, w=1024, h=768),(x=2531, y=-100, w=1024, h=768)
6427030,708,6:39:48
6427030,1,6:39:48,11/6/2013 5:44:25pm,{"gameTime":23988284,"challengeStacks":[{"challengeScenes":[{"miniGameCards":[],"viewedAnimatic":true,"keyPoints":["c_teacherEng_G7a0","s_flag_gen","c_bestFriend_M_a_G7a0"],"unlocked":true,"touchableObjects":["s_otherStudent1_G7a0","c_crewKid1_M_G7a0","s_doorClassroom_G7a0","c_friend1_M_a_G7a0","c_teacherEng_G7a0","s_vocabAssignment_G7a0","s_flag_gen","s_poePoster_gen","s_atwoodPoster_gen","c_bestFriend_M_a_G7a0"]},{"miniGameCards":[],"viewedAnimatic":true,"keyPoints":["c_teacherEng_G7a1N","c_bestFriend_M_a_G7a1N","s_paperPlayers_G7a1N"],"unlocked":true,"touchableObjects":["c_teacherEng_G7a1N","c_bestFriend_M_a_G7a1N","s_otherStudent2_G7a1N","s_otherStudent1_G7a1N","c_crewKid1_M_G7a1N","s_flag_gen","s_posterPlagiarism_gen","s_paperPlayers_G7a1N"]},{"miniGameCards":[],"viewedAnimatic":true,"keyPoints":["c_teacherEng_G7a1P","s_flag_gen","s_paperEnglish_gen","c_bestFriend_M_a_G7a1P"],"unlocked":true,"touchableObjects":["s_paperPlayers_G7a1P","c_teacherEng_G7a1P","s_clock_G7a1P","s_flag_gen","s_atwoodPoster_gen","s_angelouPoster_gen","s_shakespearePoster_gen","s_poePoster_gen","s_papersDetention_gen","s_paperEnglish_gen","c_bestFriend_M_a_G7a1P"]}],"stackSize":3,"resolved":true},{"challengeScenes":[{"miniGameCards":[],"viewedAnimatic":true,"keyPoints":["c_kidSister_lati_a_G7b0","c_crewKid1_M_G7b0","s_backpack_M_G7b0"],"unlocked":true,"touchableObjects":["c_cousin_M_a_G7b0","c_crewKid2_M_G7b0","s_lifeguard_G7b0","c_cousinsBrother_a_G7b0","c_cousinsBrothersFriend_a_G7b0","c_cousinsBrothersFriendsGF_G7b0","c_kidSister_lati_a_G7b0","s_snackBarWorker_G7b0","c_crewKid1_M_G7b0","s_backpack_M_G7b0"]},{"miniGameCards":[],"viewedAnimatic":true,"keyPoints":["c_kidSister_lati_a_G7b1N","c_crewKid1_M_G7b1N","s_sprayPaintCan_G7b1N","s_brokenCarWindow_G7b1N","s_graffiti_G7b1N"],"unlocked":true,"touchableObjects":["c_cousin_M_a_G7b1N","c_policeOfficer_G7b1N","c_kidSister_lati_a_G7b1N","c_teacherEng_G7b1N","c_crewKid1_M_G7b1N","s_sprayPaintCan_G7b1N","s_brokenCarWindow_G7b1N","s_graffiti_G7b1N"]},{"miniGameCards":[],"viewedAnimatic":true,"keyPoints":["c_cousinsBrothersFriend_a_G7b1P","s_poolDay_ruleSign_G7b1P","c_cousinsBrother_a_G7b1P","c_cousin_M_a_G7b1P"],"unlocked":true,"touchableObjects":["c_cousinsBrothersFriend_a_G7b1P","c_kidSister_lati_a_G7b1P","s_poolDay_ruleSign_G7b1P","c_cousinsBrother_a_G7b1P","c_cousin_M_a_G7b1P"]},{"miniGameCards":[],"viewedAnimatic":true,"keyPoints":["c_kidSister_lati_a_G7b2N","c_crush1_M_a_G7b2N","s_kid1_G7b2N","c_cousin_M_a_G7b2N"],"unlocked":true,"touchableObjects":["c_cousinsBrothersFriend_a_G7b2N","s_lifeguard_G7b2N","c_kidSister_lati_a_G7b2N","c_crush1_M_a_G7b2N","c_crewKid2_M_G7b2N","s_kid1_G7b2N","c_cousin_M_a_G7b2N"]},{"miniGameCards":[],"viewedAnimatic":true,"keyPoints":["c_cousin_M_a_G7b2P","s_computer_M_G7b2P","c_kidSister_lati_a_G7b2P"],"unlocked":true,"touchableObjects":["s_closet_M_G7b2P","c_cousin_M_a_G7b2P","s_computer_M_G7b2P","c_kidSister_lati_a_G7b2P"]}],"stackSize":5,"resolved":true},{"challengeScenes":[{"miniGameCards":[],"viewedAnimatic":true,"keyPoints":["s_clock_G8a0","c_crush2_M_a_G8a0","c_cousin_M_a_G8a0","s_cellphone_G8a0","s_bottleCrush2_M_G8a0"],"unlocked":true,"touchableObjects":["c_crewKid1_M_a_G8a0","s_bottleTable_G8a0","s_clock_G8a0","c_crush2_M_a_G8a0","s_stairs_G8a0","s_cigaretteKid1_G8a0","c_cousin_M_a_G8a0","s_cellphone_G8a0","s_beerSixpack_G8a0","s_bottleCrush2_M_G8a0","s_beerCooler_G8a0"]},{"miniGameCards":[],"viewedAnimatic":true,"keyPoints":["s_basementDoor_gen","s_crush2Sore_M_G8a1N","s_crush2Eyes_M_G8a1N","s_crush2Lips_M_G8a1N","s_dirtyClothes_gen"],"unlocked":true,"touchableObjects":["c_crush2_M_a_G8a1N","s_basementDoor_gen","s_crush2Sore_M_G8a1N","s_crush2Eyes_M_G8a1N","s_crush2Lips_M_G8a1N","s_waterHeater_gen","s_inhalantsShelf_gen","s_dryer_G8a1N","s_dirtyClothes_gen"]},{"miniGameCards":[],"viewedAnimatic":true,"keyPoints":["s_basementDoor_gen","c_crush2_M_a_G8a1P","s_dirtyClothes_gen","s_inhalantsShelf_gen"],"unlocked":true,"touchableObjects":["s_basementDoor_gen","s_spraypaintCrush2_M_G8a1P","c_crush2_M_a_G8a1P","s_dirtyClothes_gen","s_inhalantsShelf_gen"]},{"miniGameCards":[],"viewedAnimatic":true,"keyPoints":["c_crush2_M_a_G8a2N","s_spraypaintCan_G8a2N"],"unlocked":true,"touchableObjects":["c_friend1_M_a_G8a2N","c_crush2_M_a_G8a2N","s_spraypaintCan_G8a2N"]},{"miniGameCards":[],"viewedAnimatic":true,"keyPoints":["s_sistersToy_G8a2P","c_kidSister_lati_a_G8a2P","c_crush2_M_a_G8a2P","s_pictureDad_lati_gen","s_magazine_G8a2P"],"unlocked":true,"touchableObjects":["s_sistersToy_G8a2P","c_kidSister_lati_a_G8a2P","s_videoGame_G8a2P","s_stairs_G8a2P","c_crush2_M_a_G8a2P","s_pictureDad_lati_gen","s_magazine_G8a2P"]},{"miniGameCards":[],"viewedAnimatic":true,"keyPoints":["s_mirror_lati_M_a_G8a3N","s_pamphlet3_G8a3N","c_nurse_a_G8a3N","s_pamphlet1_G8a3N"],"unlocked":true,"touchableObjects":["s_mirror_lati_M_a_G8a3N","s_door_G8a3N","s_phone_G8a3N","s_pamphlet3_G8a3N","c_nurse_a_G8a3N","s_pamphlet1_G8a3N"]},{"miniGameCards":[],"viewedAnimatic":true,"keyPoints":["s_kidsCouch_G8a3P","c_crush2_M_a_G8a3P"],"unlocked":true,"touchableObjects":["s_kidsCouch_G8a3P","c_crush2_M_a_G8a3P"]}],"stackSize":7,"resolved":true},{"challengeScenes":[{"miniGameCards":[],"viewedAnimatic":false,"keyPoints":[],"unlocked":true,"touchableObjects":[]},{"miniGameCards":[],"viewedAnimatic":false,"keyPoints":[],"unlocked":true,"touchableObjects":[]},{"miniGameCards":[],"viewedAnimatic":false,"keyPoints":[],"unlocked":false,"touchableObjects":[]},{"miniGameCards":[],"viewedAnimatic":false,"keyPoints":[],"unlocked":false,"touchableObjects":[]},{"miniGameCards":[],"viewedAnimatic":false,"keyPoints":[],"unlocked":false,"touchableObjects":[]}],"stackSize":5,"resolved":false},{"challengeScenes":[{"miniGameCards":[],"viewedAnimatic":true,"keyPoints":["s_bathingSuit_M_G9a0"],"unlocked":true,"touchableObjects":["s_bathingSuit_M_G9a0","s_window_M_G9a0"]},{"miniGameCards":[],"viewedAnimatic":true,"keyPoints":["s_kid3_G9a1N","c_policeOfficer_G9a1N"],"unlocked":true,"touchableObjects":["s_kid4_G9a1N","s_kid3_G9a1N","c_policeOfficer_G9a1N","s_bathingSuits_G9a1N","s_poolNight_ruleSign_G9a1N","s_potSmokeCloud_G9a1N","c_cousinsBrothersFriend_a_G9a1N","s_policeCar_G9a1N"]},{"miniGameCards":[],"viewedAnimatic":false,"keyPoints":[],"unlocked":false,"touchableObjects":[]},{"miniGameCards":[],"viewedAnimatic":false,"keyPoints":[],"unlocked":false,"touchableObjects":[]},{"miniGameCards":[],"viewedAnimatic":false,"keyPoints":[],"unlocked":false,"touchableObjects":[]}],"stackSize":5,"resolved":false},{"challengeScenes":[{"miniGameCards":[],"viewedAnimatic":false,"keyPoints":[],"unlocked":false,"touchableObjects":[]},{"miniGameCards":[],"viewedAnimatic":false,"keyPoints":[],"unlocked":false,"touchableObjects":[]},{"miniGameCards":[],"viewedAnimatic":false,"keyPoints":[],"unlocked":false,"touchableObjects":[]},{"miniGameCards":[],"viewedAnimatic":false,"keyPoints":[],"unlocked":false,"touchableObjects":[]},{"miniGameCards":[],"viewedAnimatic":false,"keyPoints":[],"unlocked":false,"touchableObjects":[]}],"stackSize":5,"resolved":false},{"challengeScenes":[{"miniGameCards":[],"viewedAnimatic":false,"keyPoints":[],"unlocked":false,"touchableObjects":[]},{"miniGameCards":[],"viewedAnimatic":false,"keyPoints":[],"unlocked":false,"touchableObjects":[]},{"miniGameCards":[],"viewedAnimatic":false,"keyPoints":[],"unlocked":false,"touchableObjects":[]},{"miniGameCards":[],"viewedAnimatic":false,"keyPoints":[],"unlocked":false,"touchableObjects":[]},{"miniGameCards":[],"viewedAnimatic":false,"keyPoints":[],"unlocked":false,"touchableObjects":[]}],"stackSize":5,"resolved":false},{"challengeScenes":[{"miniGameCards":[],"viewedAnimatic":false,"keyPoints":[],"unlocked":false,"touchableObjects":[]},{"miniGameCards":[],"viewedAnimatic":false,"keyPoints":[],"unlocked":false,"touchableObjects":[]},{"miniGameCards":[],"viewedAnimatic":false,"keyPoints":[],"unlocked":false,"touchableObjects":[]},{"miniGameCards":[],"viewedAnimatic":false,"keyPoints":[],"unlocked":false,"touchableObjects":[]},{"miniGameCards":[],"viewedAnimatic":false,"keyPoints":[],"unlocked":false,"touchableObjects":[]}],"stackSize":5,"resolved":false},{"challengeScenes":[{"miniGameCards":[],"viewedAnimatic":false,"keyPoints":[],"unlocked":true,"touchableObjects":[]},{"miniGameCards":[],"viewedAnimatic":false,"keyPoints":[],"unlocked":true,"touchableObjects":[]},{"miniGameCards":[],"viewedAnimatic":false,"keyPoints":[],"unlocked":false,"touchableObjects":[]},{"miniGameCards":[],"viewedAnimatic":false,"keyPoints":[],"unlocked":false,"touchableObjects":[]},{"miniGameCards":[],"viewedAnimatic":false,"keyPoints":[],"unlocked":false,"touchableObjects":[]}],"stackSize":5,"resolved":false},{"challengeScenes":[{"miniGameCards":[],"viewedAnimatic":false,"keyPoints":[],"unlocked":false,"touchableObjects":[]},{"miniGameCards":[],"viewedAnimatic":false,"keyPoints":[],"unlocked":false,"touchableObjects":[]},{"miniGameCards":[],"viewedAnimatic":false,"keyPoints":[],"unlocked":false,"touchableObjects":[]},{"miniGameCards":[],"viewedAnimatic":false,"keyPoints":[],"unlocked":false,"touchableObjects":[]},{"miniGameCards":[],"viewedAnimatic":false,"keyPoints":[],"unlocked":false,"touchableObjects":[]}],"stackSize":5,"resolved":false},{"challengeScenes":[{"miniGameCards":[],"viewedAnimatic":false,"keyPoints":[],"unlocked":false,"touchableObjects":[]},{"miniGameCards":[],"viewedAnimatic":false,"keyPoints":[],"unlocked":false,"touchableObjects":[]},{"miniGameCards":[],"viewedAnimatic":false,"keyPoints":[],"unlocked":false,"touchableObjects":[]},{"miniGameCards":[],"viewedAnimatic":false,"keyPoints":[],"unlocked":false,"touchableObjects":[]},{"miniGameCards":[],"viewedAnimatic":false,"keyPoints":[],"unlocked":false,"touchableObjects":[]}],"stackSize":5,"resolved":false},{"challengeScenes":[{"miniGameCards":[],"viewedAnimatic":false,"keyPoints":[],"unlocked":false,"touchableObjects":[]},{"miniGameCards":[],"viewedAnimatic":false,"keyPoints":[],"unlocked":false,"touchableObjects":[]},{"miniGameCards":[],"viewedAnimatic":false,"keyPoints":[],"unlocked":false,"touchableObjects":[]},{"miniGameCards":[],"viewedAnimatic":false,"keyPoints":[],"unlocked":false,"touchableObjects":[]},{"miniGameCards":[],"viewedAnimatic":false,"keyPoints":[],"unlocked":false,"touchableObjects":[]}],"stackSize":5,"resolved":false},{"challengeScenes":[{"miniGameCards":[],"viewedAnimatic":false,"keyPoints":[],"unlocked":true,"touchableObjects":["c_education_G0a0","c_friends_G0a0","c_player_lati_M_a_G0a0"]},{"miniGameCards":[],"viewedAnimatic":false,"keyPoints":["c_job_G0a1N","c_home_G0a1N","c_family_lati_a_G0a1N"],"unlocked":true,"touchableObjects":["c_job_G0a1N","c_home_G0a1N","c_family_lati_a_G0a1N","c_player_lati_M_a_G0a1N"]},{"miniGameCards":[],"viewedAnimatic":false,"keyPoints":["c_grandma_lati_a_G0a1P","c_Teacher_G0a1P","c_kidsister_lati_a_G0a1P","c_dad_lati_a_G0a1P","c_mom_lati_a_G0a1P","c_Nurse_G0a1P"],"unlocked":true,"touchableObjects":["c_cousins_M_a_G0a1P","c_friends_G0a1P","c_grandma_lati_a_G0a1P","c_Teacher_G0a1P","c_kidsister_lati_a_G0a1P","c_dad_lati_a_G0a1P","c_mom_lati_a_G0a1P","c_Nurse_G0a1P"]}],"stackSize":3,"resolved":true}],"sessionId":7,"epilogue":{"rating":2},"playerId":6427030,"session":[{"sceneId":"1P","stackId":12},{"sceneId":"1P","stackId":0},{"sceneId":"1P","stackId":1},{"sceneId":"1N","stackId":1},{"sceneId":"2P","stackId":1},{"sceneId":"3P","stackId":2},{"sceneId":"1P","stackId":2},{"sceneId":"1N","stackId":2},{"sceneId":"2P","stackId":2}],"minigames":[{"levelSaveData":[{"starRating":3,"unlocked":true},{"starRating":3,"unlocked":true},{"starRating":0,"unlocked":true},{"starRating":0,"unlocked":true},{"starRating":0,"unlocked":false},{"starRating":0,"unlocked":false},{"starRating":0,"unlocked":false},{"starRating":0,"unlocked":true},{"starRating":0,"unlocked":false},{"starRating":0,"unlocked":false}],"skillPoints":6},{"levelSaveData":[{"starRating":3,"unlocked":true},{"starRating":3,"unlocked":true},{"starRating":3,"unlocked":true},{"starRating":0,"unlocked":true},{"starRating":0,"unlocked":true},{"starRating":0,"unlocked":false},{"starRating":0,"unlocked":false},{"starRating":0,"unlocked":false},{"starRating":0,"unlocked":false},{"starRating":0,"unlocked":false}],"skillPoints":9},{"levelSaveData":[{"starRating":3,"unlocked":true},{"starRating":3,"unlocked":true},{"starRating":1,"unlocked":true},{"starRating":0,"unlocked":false},{"starRating":0,"unlocked":false},{"starRating":0,"unlocked":false},{"starRating":0,"unlocked":false},{"starRating":0,"unlocked":true},{"starRating":0,"unlocked":true},{"starRating":0,"unlocked":false}],"skillPoints":7},{"levelSaveData":[{"starRating":2,"unlocked":true},{"starRating":3,"unlocked":true},{"starRating":0,"unlocked":false},{"starRating":0,"unlocked":true},{"starRating":3,"unlocked":true},{"starRating":0,"unlocked":false},{"starRating":0,"unlocked":false},{"starRating":0,"unlocked":false},{"starRating":0,"unlocked":false},{"starRating":0,"unlocked":false}],"skillPoints":8},{"age":11,"name":"anthony","gender":0,"levelSaveData":[{"starRating":3,"unlocked":true},{"starRating":3,"chunks":[["1"],["21$$cry baby","14$$ungly"],["10$$tecnalge","13$$school","15$$games"],["4"]],"unlocked":true},{"starRating":3,"chunks":[["1"],["3$$cooking","4$$football"],["0$$tecnshtion","4$$cooker"]],"unlocked":true},{"starRating":3,"chunks":[["3"],["4$$a puppy"],["6"],["0"],["3","1"],["7"]],"unlocked":true},{"starRating":0,"chunks":[[null],[null],[null,null],[null],[null],[null]],"unlocked":true},{"starRating":0,"chunks":[[null],[null,null,null,null],[null],[null]],"unlocked":false},{"starRating":0,"chunks":[[null],[null],[null,null],[null,null],[null]],"unlocked":false},{"starRating":0,"chunks":[[null,null,null],[null,null,null],[null],[null],[null]],"unlocked":false},{"starRating":0,"chunks":[[null,null,null],[null,null,null],[null,null]],"unlocked":true},{"starRating":0,"chunks":[[null],[null],[null],[null],[null],[null]],"unlocked":false}],"visualAvatar":0,"id":2,"skillPoints":12}],"avatar":{"age":11,"name":"anthony","gender":0,"levelSaveData":[{"starRating":3,"unlocked":true},{"starRating":3,"chunks":[["1"],["21$$cry baby","14$$ungly"],["10$$tecnalge","13$$school","15$$games"],["4"]],"unlocked":true},{"starRating":3,"chunks":[["1"],["3$$cooking","4$$football"],["0$$tecnshtion","4$$cooker"]],"unlocked":true},{"starRating":3,"chunks":[["3"],["4$$a puppy"],["6"],["0"],["3","1"],["7"]],"unlocked":true},{"starRating":0,"chunks":[[null],[null],[null,null],[null],[null],[null]],"unlocked":true},{"starRating":0,"chunks":[[null],[null,null,null,null],[null],[null]],"unlocked":false},{"starRating":0,"chunks":[[null],[null],[null,null],[null,null],[null]],"unlocked":false},{"starRating":0,"chunks":[[null,null,null],[null,null,null],[null],[null],[null]],"unlocked":false},{"starRating":0,"chunks":[[null,null,null],[null,null,null],[null,null]],"unlocked":true},{"starRating":0,"chunks":[[null],[null],[null],[null],[null],[null]],"unlocked":false}],"visualAvatar":0,"id":2,"skillPoints":12}}
