6427013,0,4:30:13,4/8/2013 4:45:30pm
6427013,100,4:31:10,5
6427013,102,4:39:36,5
6427013,200,4:39:36,5,7,15,12,13,27
6427013,210,4:39:39,884,335
6427013,211,4:39:41,822,449
6427013,212,4:39:42,1
6427013,210,4:39:42,882,243
6427013,211,4:39:43,915,363
6427013,212,4:39:43,0
6427013,210,4:39:44,925,260
6427013,207,4:39:46,5,-200,-350
6427013,211,4:39:46,1281,327
6427013,221,4:39:47,5
6427013,220,4:39:49,5
6427013,210,4:39:51,886,325
6427013,211,4:39:52,760,282
6427013,212,4:39:53,2
6427013,210,4:39:53,796,356
6427013,207,4:39:55,5,-200,0
6427013,211,4:39:57,205,190
6427013,212,4:39:58,1
6427013,210,4:39:59,252,267
6427013,211,4:40:0,191,199
6427013,213,4:40:0,5,c_kidSister_lati_a_G9b1N,true
6427013,205,4:40:0,5,c_kidSister_lati_a_G9b1N,false,false
6427013,210,4:40:3,730,267
6427013,211,4:40:3,757,262
6427013,213,4:40:3,5,c_teacherEng_G9b1N,true
6427013,205,4:40:3,5,c_teacherEng_G9b1N,false,false
6427013,210,4:40:7,723,399
6427013,211,4:40:7,1067,346
6427013,207,4:40:7,5,0,-60
6427013,207,4:40:8,5,-60,-90
6427013,210,4:40:8,897,326
6427013,211,4:40:8,1134,308
6427013,207,4:40:8,5,-90,-135
6427013,210,4:40:9,1158,318
6427013,207,4:40:9,5,-135,-195
6427013,207,4:40:9,5,-195,-330
6427013,211,4:40:10,1153,337
6427013,213,4:40:10,5,c_cousin_M_a_G9b1N,true
6427013,205,4:40:10,5,c_cousin_M_a_G9b1N,false,false
6427013,210,4:40:13,842,496
6427013,211,4:40:13,842,496
6427013,210,4:40:13,1301,350
6427013,211,4:40:14,1425,330
6427013,207,4:40:14,5,-330,-405
6427013,210,4:40:14,1468,442
6427013,207,4:40:14,5,-405,-540
6427013,211,4:40:16,1666,467
6427013,207,4:40:16,5,-540,-660
6427013,210,4:40:16,1756,466
6427013,207,4:40:17,5,-660,-995
6427013,211,4:40:19,1978,128
6427013,213,4:40:19,5,s_pictureDaddark_lati_gen,true
6427013,210,4:40:22,1861,121
6427013,211,4:40:22,1815,175
6427013,213,4:40:22,5,s_photoCracked_G9b1N,true
6427013,210,4:40:26,1856,289
6427013,211,4:40:29,1329,654
6427013,212,4:40:31,2
6427013,210,4:40:31,1824,578
6427013,211,4:40:34,1232,134
6427013,212,4:40:36,1
6427013,210,4:40:36,1300,140
6427013,211,4:40:37,1210,126
6427013,213,4:40:37,5,s_clock_G9b1N,true
6427013,205,4:40:37,5,s_clock_G9b1N,false,false
6427013,210,4:40:43,1487,476
6427013,211,4:40:44,1425,650
6427013,212,4:40:45,0
6427013,210,4:40:45,1424,582
6427013,211,4:40:46,1431,655
6427013,213,4:40:46,5,s_beerBottle_G9b1N,true
6427013,1003,4:40:49,0
6427013,1004,4:40:55,5
6427013,400,4:40:57,5,[]
6427013,401,4:41:38,5,[StatementsData_logId:0]
6427013,403,4:41:40,5,[StatementsData_logId:0,true]
6427013,405,4:41:42,5,[StatementsData_logId:0]
6427013,406,4:41:43,5,[StatementsData_logId:0,2]
6427013,407,4:41:43,5,[StatementsData_logId:0,FactCardData_id:1]
6427013,407,4:41:43,5,[StatementsData_logId:0,FactCardData_id:5]
6427013,407,4:41:43,5,[StatementsData_logId:0,FactCardData_id:27]
6427013,407,4:41:43,5,[StatementsData_logId:0,FactCardData_id:24]
6427013,407,4:41:43,5,[StatementsData_logId:0,FactCardData_id:26]
6427013,407,4:41:43,5,[StatementsData_logId:0,FactCardData_id:4]
6427013,407,4:41:47,5,[StatementsData_logId:0,FactCardData_id:24]
6427013,407,4:41:47,5,[StatementsData_logId:0,FactCardData_id:24]
6427013,407,4:41:50,5,[StatementsData_logId:0,FactCardData_id:27]
6427013,407,4:41:50,5,[StatementsData_logId:0,FactCardData_id:24]
6427013,407,4:41:50,5,[StatementsData_logId:0,FactCardData_id:27]
6427013,407,4:42:1,5,[StatementsData_logId:0,FactCardData_id:26]
6427013,407,4:42:1,5,[StatementsData_logId:0,FactCardData_id:27]
6427013,407,4:42:1,5,[StatementsData_logId:0,FactCardData_id:26]
6427013,407,4:42:4,5,[StatementsData_logId:0,FactCardData_id:5]
6427013,407,4:42:4,5,[StatementsData_logId:0,FactCardData_id:26]
6427013,407,4:42:4,5,[StatementsData_logId:0,FactCardData_id:5]
6427013,407,4:42:5,5,[StatementsData_logId:0,FactCardData_id:1]
6427013,407,4:42:5,5,[StatementsData_logId:0,FactCardData_id:5]
6427013,407,4:42:5,5,[StatementsData_logId:0,FactCardData_id:1]
6427013,407,4:42:6,5,[StatementsData_logId:0,FactCardData_id:4]
6427013,407,4:42:6,5,[StatementsData_logId:0,FactCardData_id:1]
6427013,407,4:42:6,5,[StatementsData_logId:0,FactCardData_id:4]
6427013,407,4:42:8,5,[StatementsData_logId:0,FactCardData_id:27]
6427013,407,4:42:8,5,[StatementsData_logId:0,FactCardData_id:4]
6427013,407,4:42:8,5,[StatementsData_logId:0,FactCardData_id:27]
6427013,408,4:42:9,5,[StatementsData_logId:0,FactCardData_id:27,true]
6427013,409,4:42:9,5,[StatementsData_logId:0]
6427013,410,4:42:10,5,[StatementsData_logId:0,2]
6427013,412,4:42:11,5,[StatementsData_logId:0]
6427013,413,4:42:17,5,[StatementsData_logId:0,DuelResponsesData_logId:0]
6427013,414,4:42:17,5,[StatementsData_logId:0,DuelResponsesData_logId:0]
6427013,415,4:42:17,5,[StatementsData_logId:0,DuelResponsesData_logId:0,DuelResponsesData_lame_player_response]
6427013,416,4:42:21,5,[StatementsData_logId:0,DuelResponsesData_logId:0]
6427013,417,4:42:23,5,[StatementsData_logId:0,DuelResponsesData_logId:0]
6427013,413,4:42:28,5,[StatementsData_logId:0,DuelResponsesData_logId:1]
6427013,414,4:42:30,5,[StatementsData_logId:0,DuelResponsesData_logId:1]
6427013,415,4:42:34,5,[StatementsData_logId:0,DuelResponsesData_logId:1,DuelResponsesData_ok_player_response]
6427013,416,4:42:35,5,[StatementsData_logId:0,DuelResponsesData_logId:1]
6427013,417,4:42:36,5,[StatementsData_logId:0,DuelResponsesData_logId:1]
6427013,413,4:42:46,5,[StatementsData_logId:0,DuelResponsesData_logId:2]
6427013,414,4:42:48,5,[StatementsData_logId:0,DuelResponsesData_logId:2]
6427013,415,4:42:59,5,[StatementsData_logId:0,DuelResponsesData_logId:2,DuelResponsesData_witty_player_response]
6427013,416,4:43:0,5,[StatementsData_logId:0,DuelResponsesData_logId:2]
6427013,417,4:43:1,5,[StatementsData_logId:0,DuelResponsesData_logId:2]
6427013,418,4:43:1,5,[StatementsData_logId:0,true]
6427013,419,4:43:2,5,[StatementsData_logId:0,4]
6427013,411,4:43:4,5,[StatementsData_logId:0]
6427013,401,4:43:19,5,[StatementsData_logId:1]
6427013,404,4:43:21,5,[StatementsData_logId:1,true]
6427013,406,4:43:22,5,[StatementsData_logId:1,2]
6427013,412,4:43:24,5,[StatementsData_logId:1]
6427013,413,4:43:32,5,[StatementsData_logId:1,DuelResponsesData_logId:3]
6427013,414,4:43:33,5,[StatementsData_logId:1,DuelResponsesData_logId:3]
6427013,415,4:43:52,5,[StatementsData_logId:1,DuelResponsesData_logId:3,DuelResponsesData_witty_player_response]
6427013,416,4:43:53,5,[StatementsData_logId:1,DuelResponsesData_logId:3]
6427013,417,4:43:55,5,[StatementsData_logId:1,DuelResponsesData_logId:3]
6427013,413,4:44:12,5,[StatementsData_logId:1,DuelResponsesData_logId:4]
6427013,414,4:44:14,5,[StatementsData_logId:1,DuelResponsesData_logId:4]
6427013,415,4:44:22,5,[StatementsData_logId:1,DuelResponsesData_logId:4,DuelResponsesData_witty_player_response]
6427013,416,4:44:24,5,[StatementsData_logId:1,DuelResponsesData_logId:4]
6427013,417,4:44:25,5,[StatementsData_logId:1,DuelResponsesData_logId:4]
6427013,413,4:44:33,5,[StatementsData_logId:1,DuelResponsesData_logId:5]
6427013,414,4:44:34,5,[StatementsData_logId:1,DuelResponsesData_logId:5]
6427013,415,4:44:54,5,[StatementsData_logId:1,DuelResponsesData_logId:5,DuelResponsesData_witty_player_response]
6427013,416,4:44:55,5,[StatementsData_logId:1,DuelResponsesData_logId:5]
6427013,417,4:44:56,5,[StatementsData_logId:1,DuelResponsesData_logId:5]
6427013,418,4:44:56,5,[StatementsData_logId:1,true]
6427013,419,4:44:58,5,[StatementsData_logId:1,4]
6427013,411,4:45:0,5,[StatementsData_logId:1]
6427013,401,4:45:14,5,[StatementsData_logId:2]
6427013,403,4:45:14,5,[StatementsData_logId:2,true]
6427013,405,4:45:15,5,[StatementsData_logId:2]
6427013,406,4:45:16,5,[StatementsData_logId:2,2]
6427013,407,4:45:16,5,[StatementsData_logId:2,FactCardData_id:27]
6427013,407,4:45:16,5,[StatementsData_logId:2,FactCardData_id:1]
6427013,407,4:45:16,5,[StatementsData_logId:2,FactCardData_id:24]
6427013,407,4:45:16,5,[StatementsData_logId:2,FactCardData_id:5]
6427013,407,4:45:16,5,[StatementsData_logId:2,FactCardData_id:26]
6427013,407,4:45:16,5,[StatementsData_logId:2,FactCardData_id:4]
6427013,407,4:45:17,5,[StatementsData_logId:2,FactCardData_id:24]
6427013,407,4:45:17,5,[StatementsData_logId:2,FactCardData_id:24]
6427013,408,4:45:19,5,[StatementsData_logId:2,FactCardData_id:24,true]
6427013,409,4:45:19,5,[StatementsData_logId:2]
6427013,410,4:45:20,5,[StatementsData_logId:2,2]
6427013,412,4:45:21,5,[StatementsData_logId:2]
6427013,413,4:45:26,5,[StatementsData_logId:2,DuelResponsesData_logId:6]
6427013,414,4:45:29,5,[StatementsData_logId:2,DuelResponsesData_logId:6]
6427013,415,4:45:41,5,[StatementsData_logId:2,DuelResponsesData_logId:6,DuelResponsesData_witty_player_response]
6427013,416,4:45:42,5,[StatementsData_logId:2,DuelResponsesData_logId:6]
6427013,417,4:45:45,5,[StatementsData_logId:2,DuelResponsesData_logId:6]
6427013,413,4:45:52,5,[StatementsData_logId:2,DuelResponsesData_logId:7]
6427013,414,4:45:53,5,[StatementsData_logId:2,DuelResponsesData_logId:7]
6427013,415,4:46:2,5,[StatementsData_logId:2,DuelResponsesData_logId:7,DuelResponsesData_witty_player_response]
6427013,416,4:46:3,5,[StatementsData_logId:2,DuelResponsesData_logId:7]
6427013,417,4:46:4,5,[StatementsData_logId:2,DuelResponsesData_logId:7]
6427013,413,4:46:9,5,[StatementsData_logId:2,DuelResponsesData_logId:8]
6427013,414,4:46:11,5,[StatementsData_logId:2,DuelResponsesData_logId:8]
6427013,415,4:46:36,5,[StatementsData_logId:2,DuelResponsesData_logId:8,DuelResponsesData_witty_player_response]
6427013,416,4:46:37,5,[StatementsData_logId:2,DuelResponsesData_logId:8]
6427013,417,4:46:38,5,[StatementsData_logId:2,DuelResponsesData_logId:8]
6427013,418,4:46:38,5,[StatementsData_logId:2,true]
6427013,419,4:46:39,5,[StatementsData_logId:2,4]
6427013,411,4:46:41,5,[StatementsData_logId:2]
6427013,401,4:46:50,5,[StatementsData_logId:3]
6427013,402,4:46:51,5,[StatementsData_logId:3,true]
6427013,405,4:46:52,5,[StatementsData_logId:3]
6427013,406,4:46:53,5,[StatementsData_logId:3,2]
6427013,411,4:46:54,5,[StatementsData_logId:3]
6427013,401,4:47:5,5,[StatementsData_logId:4]
6427013,403,4:47:6,5,[StatementsData_logId:4,true]
6427013,405,4:47:6,5,[StatementsData_logId:4]
6427013,406,4:47:7,5,[StatementsData_logId:4,2]
6427013,407,4:47:7,5,[StatementsData_logId:4,FactCardData_id:27]
6427013,407,4:47:7,5,[StatementsData_logId:4,FactCardData_id:1]
6427013,407,4:47:7,5,[StatementsData_logId:4,FactCardData_id:24]
6427013,407,4:47:7,5,[StatementsData_logId:4,FactCardData_id:5]
6427013,407,4:47:7,5,[StatementsData_logId:4,FactCardData_id:26]
6427013,407,4:47:7,5,[StatementsData_logId:4,FactCardData_id:4]
6427013,407,4:47:8,5,[StatementsData_logId:4,FactCardData_id:27]
6427013,407,4:47:8,5,[StatementsData_logId:4,FactCardData_id:27]
6427013,407,4:47:10,5,[StatementsData_logId:4,FactCardData_id:1]
6427013,407,4:47:10,5,[StatementsData_logId:4,FactCardData_id:27]
6427013,407,4:47:10,5,[StatementsData_logId:4,FactCardData_id:1]
6427013,407,4:47:11,5,[StatementsData_logId:4,FactCardData_id:5]
6427013,407,4:47:11,5,[StatementsData_logId:4,FactCardData_id:1]
6427013,407,4:47:11,5,[StatementsData_logId:4,FactCardData_id:5]
6427013,408,4:47:19,5,[StatementsData_logId:4,FactCardData_id:5,true]
6427013,409,4:47:19,5,[StatementsData_logId:4]
6427013,410,4:47:20,5,[StatementsData_logId:4,2]
6427013,412,4:47:21,5,[StatementsData_logId:4]
6427013,413,4:47:27,5,[StatementsData_logId:4,DuelResponsesData_logId:9]
6427013,414,4:47:28,5,[StatementsData_logId:4,DuelResponsesData_logId:9]
6427013,415,4:47:40,5,[StatementsData_logId:4,DuelResponsesData_logId:9,DuelResponsesData_witty_player_response]
6427013,416,4:47:41,5,[StatementsData_logId:4,DuelResponsesData_logId:9]
6427013,417,4:47:42,5,[StatementsData_logId:4,DuelResponsesData_logId:9]
6427013,413,4:47:42,5,[StatementsData_logId:4,DuelResponsesData_logId:10]
6427013,414,4:47:47,5,[StatementsData_logId:4,DuelResponsesData_logId:10]
6427013,415,4:47:53,5,[StatementsData_logId:4,DuelResponsesData_logId:10,DuelResponsesData_ok_player_response]
6427013,416,4:47:54,5,[StatementsData_logId:4,DuelResponsesData_logId:10]
6427013,417,4:47:55,5,[StatementsData_logId:4,DuelResponsesData_logId:10]
6427013,413,4:48:13,5,[StatementsData_logId:4,DuelResponsesData_logId:11]
6427013,414,4:48:15,5,[StatementsData_logId:4,DuelResponsesData_logId:11]
6427013,415,4:48:44,5,[StatementsData_logId:4,DuelResponsesData_logId:11,DuelResponsesData_witty_player_response]
6427013,416,4:48:45,5,[StatementsData_logId:4,DuelResponsesData_logId:11]
6427013,417,4:48:45,5,[StatementsData_logId:4,DuelResponsesData_logId:11]
6427013,418,4:48:45,5,[StatementsData_logId:4,true]
6427013,419,4:48:46,5,[StatementsData_logId:4,4]
6427013,411,4:48:48,5,[StatementsData_logId:4]
6427013,401,4:48:59,5,[StatementsData_logId:5]
6427013,404,4:49:0,5,[StatementsData_logId:5,false]
6427013,405,4:49:1,5,[StatementsData_logId:5]
6427013,406,4:49:4,5,[StatementsData_logId:5,-2]
6427013,411,4:49:5,5,[StatementsData_logId:5]
6427013,420,4:49:5,5,[72]
6427013,1005,4:49:5,5,[0,0,2]
6427013,1001,4:49:7,5,[]
6427013,1003,4:49:7,0
6427013,100,4:50:17,5
6427013,102,4:50:25,5
6427013,200,4:50:25,5,9,15,12,13,27
6427013,210,4:50:28,217,544
6427013,207,4:50:28,5,-200,-20
6427013,211,4:50:29,278,615
6427013,212,4:50:30,1
6427013,210,4:50:31,248,571
6427013,211,4:50:31,276,613
6427013,213,4:50:31,5,s_cellPhone_M_G9b0,true
6427013,210,4:50:35,463,451
6427013,211,4:50:37,492,454
6427013,212,4:50:37,2
6427013,210,4:50:38,389,446
6427013,211,4:50:38,377,448
6427013,212,4:50:40,0
6427013,210,4:50:41,387,442
6427013,211,4:50:42,578,476
6427013,210,4:50:45,350,403
6427013,211,4:50:46,346,434
6427013,213,4:50:46,5,s_clock_M_G9b0,true
6427013,221,4:51:7,5
6427013,220,4:51:12,5
6427013,210,4:51:14,1072,424
6427013,207,4:51:14,5,-20,-245
6427013,211,4:51:15,1056,311
6427013,212,4:51:16,1
6427013,210,4:51:16,1101,257
6427013,211,4:51:17,1096,268
6427013,213,4:51:17,5,s_mirror_M_G9b0,true
6427013,205,4:51:17,5,s_mirror_M_G9b0,false,false
6427013,210,4:51:25,615,513
6427013,207,4:51:31,5,-200,-530
6427013,211,4:51:33,1645,621
6427013,207,4:51:33,5,-530,-680
6427013,212,4:51:34,0
6427013,210,4:51:34,1587,581
6427013,207,4:51:35,5,-680,-845
6427013,207,4:51:36,5,-845,-980
6427013,211,4:51:38,1611,617
6427013,213,4:51:38,5,s_boomBox_G9b1N,true
6427013,210,4:51:39,1720,568
6427013,211,4:51:40,1787,548
6427013,213,4:51:40,5,s_coupleOnCouch_G9b1N,true
6427013,210,4:51:47,1809,283
6427013,211,4:51:49,1541,600
6427013,213,4:51:49,5,s_beerBottle_G9b1N,true
6427013,210,4:51:52,1550,534
6427013,211,4:51:54,1272,408
6427013,212,4:51:55,2
6427013,210,4:51:55,1381,365
6427013,211,4:51:56,1304,412
6427013,212,4:51:57,1
6427013,210,4:51:57,1429,474
6427013,207,4:52:1,5,-980,0
6427013,211,4:52:3,115,299
6427013,210,4:52:4,108,273
6427013,211,4:52:4,114,273
6427013,210,4:52:4,148,304
6427013,211,4:52:5,156,311
6427013,213,4:52:5,5,s_brokenLamp_G9b1N,true
6427013,205,4:52:5,5,s_brokenLamp_G9b1N,false,false
6427013,210,4:52:7,515,456
6427013,211,4:52:7,515,456
6427013,210,4:52:8,193,601
6427013,211,4:52:25,1080,664
6427013,207,4:52:25,5,0,-75
6427013,210,4:52:25,1121,435
6427013,207,4:52:27,5,-75,-705
6427013,211,4:52:28,1527,578
6427013,210,4:52:30,1432,252
6427013,207,4:52:31,5,-705,-840
6427013,207,4:52:32,5,-840,-995
6427013,211,4:52:35,1907,692
6427013,221,4:52:41,5
6427013,220,4:52:42,5
6427013,212,4:52:45,0
6427013,210,4:52:46,339,399
6427013,211,4:52:46,351,437
6427013,213,4:52:46,5,s_clock_M_G9b0,true
6427013,1003,4:52:50,0
6427013,1004,4:52:52,6
6427013,400,4:52:54,6,[]
6427013,401,4:53:8,6,[StatementsData_logId:0]
6427013,402,4:53:12,6,[StatementsData_logId:0,true]
6427013,405,4:53:13,6,[StatementsData_logId:0]
6427013,406,4:53:15,6,[StatementsData_logId:0,2]
6427013,411,4:53:16,6,[StatementsData_logId:0]
6427013,401,4:53:29,6,[StatementsData_logId:1]
6427013,403,4:53:29,6,[StatementsData_logId:1,true]
6427013,405,4:53:30,6,[StatementsData_logId:1]
6427013,406,4:53:31,6,[StatementsData_logId:1,2]
6427013,407,4:53:31,6,[StatementsData_logId:1,FactCardData_id:9]
6427013,407,4:53:31,6,[StatementsData_logId:1,FactCardData_id:13]
6427013,407,4:53:31,6,[StatementsData_logId:1,FactCardData_id:10]
6427013,407,4:53:31,6,[StatementsData_logId:1,FactCardData_id:5]
6427013,407,4:53:31,6,[StatementsData_logId:1,FactCardData_id:4]
6427013,407,4:53:31,6,[StatementsData_logId:1,FactCardData_id:2]
6427013,407,4:53:32,6,[StatementsData_logId:1,FactCardData_id:9]
6427013,407,4:53:32,6,[StatementsData_logId:1,FactCardData_id:9]
6427013,407,4:53:33,6,[StatementsData_logId:1,FactCardData_id:4]
6427013,407,4:53:33,6,[StatementsData_logId:1,FactCardData_id:9]
6427013,407,4:53:33,6,[StatementsData_logId:1,FactCardData_id:4]
6427013,407,4:53:34,6,[StatementsData_logId:1,FactCardData_id:9]
6427013,407,4:53:34,6,[StatementsData_logId:1,FactCardData_id:4]
6427013,407,4:53:34,6,[StatementsData_logId:1,FactCardData_id:9]
6427013,408,4:53:34,6,[StatementsData_logId:1,FactCardData_id:9,true]
6427013,409,4:53:34,6,[StatementsData_logId:1]
6427013,410,4:53:36,6,[StatementsData_logId:1,2]
6427013,412,4:53:36,6,[StatementsData_logId:1]
6427013,413,4:53:37,6,[StatementsData_logId:1,DuelResponsesData_logId:0]
6427013,414,4:53:53,6,[StatementsData_logId:1,DuelResponsesData_logId:0]
6427013,415,4:54:18,6,[StatementsData_logId:1,DuelResponsesData_logId:0,DuelResponsesData_witty_player_response]
6427013,416,4:54:19,6,[StatementsData_logId:1,DuelResponsesData_logId:0]
6427013,417,4:54:19,6,[StatementsData_logId:1,DuelResponsesData_logId:0]
6427013,413,4:54:26,6,[StatementsData_logId:1,DuelResponsesData_logId:1]
6427013,414,4:54:27,6,[StatementsData_logId:1,DuelResponsesData_logId:1]
6427013,415,4:54:33,6,[StatementsData_logId:1,DuelResponsesData_logId:1,DuelResponsesData_witty_player_response]
6427013,416,4:54:34,6,[StatementsData_logId:1,DuelResponsesData_logId:1]
6427013,417,4:54:35,6,[StatementsData_logId:1,DuelResponsesData_logId:1]
6427013,413,4:54:35,6,[StatementsData_logId:1,DuelResponsesData_logId:2]
6427013,414,4:54:58,6,[StatementsData_logId:1,DuelResponsesData_logId:2]
6427013,415,4:55:18,6,[StatementsData_logId:1,DuelResponsesData_logId:2,DuelResponsesData_witty_player_response]
6427013,416,4:55:19,6,[StatementsData_logId:1,DuelResponsesData_logId:2]
6427013,417,4:55:20,6,[StatementsData_logId:1,DuelResponsesData_logId:2]
6427013,418,4:55:20,6,[StatementsData_logId:1,true]
6427013,419,4:55:26,6,[StatementsData_logId:1,4]
6427013,411,4:55:28,6,[StatementsData_logId:1]
6427013,401,4:55:37,6,[StatementsData_logId:2]
6427013,404,4:55:52,6,[StatementsData_logId:2,false]
6427013,405,4:55:53,6,[StatementsData_logId:2]
6427013,406,4:55:55,6,[StatementsData_logId:2,-2]
6427013,411,4:55:56,6,[StatementsData_logId:2]
6427013,401,5:6:20,6,[StatementsData_logId:3]
6427013,1003,5:7:11,0
6427013,100,5:9:2,5
6427013,102,5:9:6,5
6427013,200,5:9:6,5,9,15,12,13,27
6427013,219,5:9:12,5
6427013,218,5:9:15,5
6427013,210,5:9:47,1034,471
6427013,211,5:9:48,1079,505
6427013,210,5:10:9,1007,236
6427013,211,5:10:10,995,308
6427013,212,5:10:11,1
6427013,210,5:10:12,1033,254
6427013,211,5:10:13,993,288
6427013,213,5:10:13,5,s_pictureDad_lati_M_gen,true
6427013,205,5:10:13,5,s_pictureDad_lati_M_gen,false,false
6427013,221,5:10:17,5
6427013,220,5:10:24,5
6427013,210,5:10:27,807,199
6427013,207,5:10:29,5,-200,-575
6427013,211,5:10:31,1509,572
6427013,212,5:10:32,0
6427013,210,5:10:33,1618,505
6427013,207,5:10:33,5,-575,-695
6427013,211,5:10:34,1570,592
6427013,210,5:10:35,1544,576
6427013,211,5:10:35,1529,579
6427013,213,5:10:35,5,s_beerBottle_G9b1N,true
6427013,204,5:12:27,5
6427013,103,5:12:28
6427013,105,5:12:29
6427013,703,5:12:32,[|| EpilogueItem ID: 0 unlocked: true ||,|| EpilogueItem ID: 1 unlocked: true ||,|| EpilogueItem ID: 2 unlocked: true ||,|| EpilogueItem ID: 3 unlocked: true ||,|| EpilogueItem ID: 4 unlocked: true ||,|| EpilogueItem ID: 5 unlocked: false ||,|| EpilogueItem ID: 6 unlocked: false ||,|| EpilogueItem ID: 7 unlocked: false ||,|| EpilogueItem ID: 8 unlocked: false ||,|| EpilogueItem ID: 9 unlocked: false ||,|| EpilogueItem ID: 10 unlocked: false ||,|| EpilogueItem ID: 11 unlocked: false ||,|| EpilogueItem ID: 12 unlocked: false ||,|| EpilogueItem ID: 13 unlocked: true ||,|| EpilogueItem ID: 14 unlocked: false ||,|| EpilogueItem ID: 15 unlocked: false ||,|| EpilogueItem ID: 16 unlocked: false ||,|| EpilogueItem ID: 17 unlocked: false ||,|| EpilogueItem ID: 18 unlocked: false ||,|| EpilogueItem ID: 19 unlocked: false ||,|| EpilogueItem ID: 20 unlocked: false ||,|| EpilogueItem ID: 21 unlocked: false ||,|| EpilogueItem ID: 22 unlocked: false ||,|| EpilogueItem ID: 23 unlocked: false ||,|| EpilogueItem ID: 24 unlocked: false ||],0.24
6427013,706,5:12:36,(x=607, y=-100, w=1024, h=768),(x=598, y=-100, w=1024, h=768)
6427013,706,5:12:40,(x=893, y=-100, w=1024, h=768),(x=1250, y=-100, w=1024, h=768)
6427013,706,5:12:42,(x=1517, y=-100, w=1024, h=768),(x=1517, y=-100, w=1024, h=768)
6427013,706,5:12:45,(x=1780, y=-100, w=1024, h=768),(x=1828, y=-100, w=1024, h=768)
6427013,706,5:12:46,(x=1950, y=-100, w=1024, h=768),(x=2162, y=-100, w=1024, h=768)
6427013,706,5:12:48,(x=2511, y=-100, w=1024, h=768),(x=2531, y=-100, w=1024, h=768)
6427013,707,5:13:2,0,4
6427013,706,5:13:3,(x=2520, y=-100, w=1024, h=768),(x=2456, y=-100, w=1024, h=768)
6427013,706,5:13:9,(x=2445, y=-100, w=1024, h=768),(x=2420, y=-100, w=1024, h=768)
6427013,707,5:13:9,4,0
6427013,706,5:13:9,(x=2442, y=-100, w=1024, h=768),(x=2442, y=-100, w=1024, h=768)
6427013,706,5:13:9,(x=2448, y=-100, w=1024, h=768),(x=2448, y=-100, w=1024, h=768)
6427013,706,5:13:10,(x=2448, y=-100, w=1024, h=768),(x=2444, y=-100, w=1024, h=768)
6427013,708,5:13:11
6427013,1,5:13:11,4/8/2013 5:28:27pm,{"gameTime":18791062,"session":[{"stackId":12,"sceneId":"1P"},{"stackId":0,"sceneId":"1P"},{"stackId":1,"sceneId":"1P"},{"stackId":1,"sceneId":"1N"},{"stackId":1,"sceneId":"2P"},{"stackId":2,"sceneId":"3P"},{"stackId":2,"sceneId":"1P"},{"stackId":2,"sceneId":"1N"},{"stackId":2,"sceneId":"2P"},{"stackId":4,"sceneId":"1P"},{"stackId":4,"sceneId":"1N"},{"stackId":4,"sceneId":"2P"},{"stackId":3,"sceneId":"1P"},{"stackId":3,"sceneId":"1N"},{"stackId":3,"sceneId":"2P"}],"challengeStacks":[{"resolved":true,"challengeScenes":[{"keyPoints":["c_teacherEng_G7a0","c_bestFriend_M_a_G7a0","s_flag_gen"],"viewedAnimatic":true,"touchableObjects":["s_vocabAssignment_G7a0","c_friend1_M_a_G7a0","c_teacherEng_G7a0","s_doorClassroom_G7a0","s_otherStudent1_G7a0","s_clock_G7a0","s_angelouPoster_gen","s_shakespearePoster_gen","s_poePoster_gen","c_crewKid1_M_G7a0","s_atwoodPoster_gen","c_bestFriend_M_a_G7a0","s_flag_gen"],"unlocked":true,"miniGameCards":[]},{"keyPoints":["c_bestFriend_M_a_G7a1N","c_teacherEng_G7a1N","s_paperPlayers_G7a1N"],"viewedAnimatic":true,"touchableObjects":["s_otherStudent1_G7a1N","s_otherStudent2_G7a1N","c_crewKid1_M_G7a1N","s_poePoster_gen","s_posterPlagiarism_gen","c_bestFriend_M_a_G7a1N","c_teacherEng_G7a1N","s_atwoodPoster_gen","s_flag_gen","s_angelouPoster_gen","s_shakespearePoster_gen","s_paperPlayers_G7a1N"],"unlocked":true,"miniGameCards":[]},{"keyPoints":["c_teacherEng_G7a1P","s_flag_gen","s_paperEnglish_gen","c_bestFriend_M_a_G7a1P"],"viewedAnimatic":true,"touchableObjects":["c_teacherEng_G7a1P","s_atwoodPoster_gen","s_flag_gen","s_poePoster_gen","s_paperEnglish_gen","s_clock_G7a1P","s_paperPlayers_G7a1P","s_shakespearePoster_gen","s_angelouPoster_gen","c_bestFriend_M_a_G7a1P"],"unlocked":true,"miniGameCards":[]}],"stackSize":3},{"resolved":true,"challengeScenes":[{"keyPoints":["s_backpack_M_G7b0","c_crewKid1_M_G7b0","c_kidSister_lati_a_G7b0"],"viewedAnimatic":true,"touchableObjects":["s_backpack_M_G7b0","c_cousinsBrother_a_G7b0","c_crewKid1_M_G7b0","c_cousin_M_a_G7b0","s_snackBarWorker_G7b0","c_kidSister_lati_a_G7b0","s_lifeguard_G7b0"],"unlocked":true,"miniGameCards":[]},{"keyPoints":["c_kidSister_lati_a_G7b1N","c_crewKid1_M_G7b1N","s_graffiti_G7b1N","s_brokenCarWindow_G7b1N","s_sprayPaintCan_G7b1N"],"viewedAnimatic":true,"touchableObjects":["c_teacherEng_G7b1N","c_kidSister_lati_a_G7b1N","s_cat_G7b1N","c_crewKid1_M_G7b1N","s_graffiti_G7b1N","s_brokenCarWindow_G7b1N","c_cousin_M_a_G7b1N","s_wreckedPlants_G7b1N","c_crewKid2_M_a_G7b1N","s_sprayPaintCan_G7b1N"],"unlocked":true,"miniGameCards":[]},{"keyPoints":["c_cousin_M_a_G7b1P","c_cousinsBrother_a_G7b1P","c_cousinsBrothersFriend_a_G7b1P","s_poolDay_ruleSign_G7b1P"],"viewedAnimatic":true,"touchableObjects":["c_cousin_M_a_G7b1P","c_cousinsBrother_a_G7b1P","c_crush1_M_a_G7b1P","c_cousinsBrothersFriend_a_G7b1P","c_kidSister_lati_a_G7b1P","s_poolDay_ruleSign_G7b1P"],"unlocked":true,"miniGameCards":[]},{"keyPoints":["c_crush1_M_a_G7b2N","c_kidSister_lati_a_G7b2N","s_kid1_G7b2N","c_cousin_M_a_G7b2N"],"viewedAnimatic":true,"touchableObjects":["c_cousinsBrothersFriend_a_G7b2N","c_crush1_M_a_G7b2N","s_cousinsBFgirlfriend_G7b2N","c_kidSister_lati_a_G7b2N","s_kid1_G7b2N","c_cousin_M_a_G7b2N"],"unlocked":true,"miniGameCards":[]},{"keyPoints":["c_cousin_M_a_G7b2P","s_computer_M_G7b2P","c_kidSister_lati_a_G7b2P"],"viewedAnimatic":true,"touchableObjects":["c_cousin_M_a_G7b2P","s_computer_M_G7b2P","s_closet_M_G7b2P","s_calendar_M_gen","c_kidSister_lati_a_G7b2P"],"unlocked":true,"miniGameCards":[]}],"stackSize":5},{"resolved":true,"challengeScenes":[{"keyPoints":["s_cellphone_G8a0","s_clock_G8a0","c_cousin_M_a_G8a0","c_crush2_M_a_G8a0","s_bottleCrush2_M_G8a0"],"viewedAnimatic":true,"touchableObjects":["c_crewKid1_M_a_G8a0","s_cellphone_G8a0","s_bottleTable_G8a0","s_beerSixpack_G8a0","s_clock_G8a0","s_beerCooler_G8a0","s_cigaretteKid1_G8a0","c_cousin_M_a_G8a0","c_friend1_M_G8a0","c_crush2_M_a_G8a0","s_stairs_G8a0","s_bottleCrush2_M_G8a0"],"unlocked":true,"miniGameCards":[]},{"keyPoints":["s_crush2Lips_M_G8a1N","s_crush2Sore_M_G8a1N","s_crush2Eyes_M_G8a1N","s_dirtyClothes_gen","s_basementDoor_gen"],"viewedAnimatic":true,"touchableObjects":["s_crush2Lips_M_G8a1N","s_crush2Sore_M_G8a1N","s_crush2Eyes_M_G8a1N","c_crush2_M_a_G8a1N","s_dirtyClothes_gen","s_inhalantsShelf_gen","s_basementDoor_gen","s_stairs_G8a1N","s_dryer_G8a1N","s_waterHeater_gen"],"unlocked":true,"miniGameCards":[]},{"keyPoints":["s_inhalantsShelf_gen","c_crush2_M_a_G8a1P","s_dirtyClothes_gen","s_basementDoor_gen"],"viewedAnimatic":true,"touchableObjects":["s_inhalantsShelf_gen","c_crush2_M_a_G8a1P","s_spraypaintCrush2_M_G8a1P","s_waterHeater_gen","s_dirtyClothes_gen","s_basementDoor_gen"],"unlocked":true,"miniGameCards":[]},{"keyPoints":["c_crush2_M_a_G8a2N","s_spraypaintCan_G8a2N"],"viewedAnimatic":true,"touchableObjects":["c_crush2_M_a_G8a2N","s_fumes_G8a2N","s_spraypaintCan_G8a2N"],"unlocked":true,"miniGameCards":[]},{"keyPoints":["c_crush2_M_a_G8a2P","c_kidSister_lati_a_G8a2P","s_sistersToy_G8a2P","s_pictureDad_lati_gen","s_magazine_G8a2P"],"viewedAnimatic":true,"touchableObjects":["c_grandma_lati_a_G8a2P","s_door_gen","c_crush2_M_a_G8a2P","c_kidSister_lati_a_G8a2P","s_sistersToy_G8a2P","s_cigarette_G8a2P","s_teaCup_G8a2P","s_videoGame_G8a2P","s_stairs_G8a2P","s_pictureDad_lati_gen","s_magazine_G8a2P"],"unlocked":true,"miniGameCards":[]},{"keyPoints":["s_mirror_lati_M_a_G8a3N","c_nurse_a_G8a3N","s_pamphlet3_G8a3N","s_pamphlet1_G8a3N"],"viewedAnimatic":true,"touchableObjects":["s_mirror_lati_M_a_G8a3N","c_nurse_a_G8a3N","s_pamphlet3_G8a3N","s_phone_G8a3N","s_door_G8a3N","s_pamphlet2_G8a3N","s_pamphlet1_G8a3N"],"unlocked":true,"miniGameCards":[]},{"keyPoints":["s_kidsCouch_G8a3P","c_crush2_M_a_G8a3P"],"viewedAnimatic":true,"touchableObjects":["s_kidsCouch_G8a3P","s_window_G8a3P","c_friend1_M_a_G8a3P","s_kidStanding_G8a3P","c_crush2_M_a_G8a3P"],"unlocked":true,"miniGameCards":[]}],"stackSize":7},{"resolved":true,"challengeScenes":[{"keyPoints":["c_kidSister_lati_a_G8b0","c_friend1_M_a_G8b0","s_pillBottle_G8b0"],"viewedAnimatic":true,"touchableObjects":["c_kidSister_lati_a_G8b0","c_friend1_M_a_G8b0","c_grandma_lati_a_G8b0","s_pillBottle_G8b0"],"unlocked":true,"miniGameCards":[]},{"keyPoints":["c_friend1_M_a_G8b1N","c_grandma_lati_a_G8b1N","c_kidSister_lati_a_G8b1N"],"viewedAnimatic":true,"touchableObjects":["c_friend1_M_a_G8b1N","c_grandma_lati_a_G8b1N","c_kidSister_lati_a_G8b1N"],"unlocked":true,"miniGameCards":[]},{"keyPoints":["c_friend1_M_a_G8b1P","s_pillBottle_M_G8b1P","c_grandma_lati_a_G8b1P"],"viewedAnimatic":true,"touchableObjects":["c_friend1_M_a_G8b1P","c_kidSister_lati_a_G8b1P","s_pillBottle_M_G8b1P","c_grandma_lati_a_G8b1P"],"unlocked":true,"miniGameCards":[]},{"keyPoints":["c_teacherEng_G8b2N","s_clock_G8b2N","c_crewKid2_M_a_G8b2N","c_friend1_M_a_G8b2N","s_sandwichBagPills_G8b2N"],"viewedAnimatic":true,"touchableObjects":["c_teacherEng_G8b2N","s_clock_G8b2N","c_crewKid2_M_a_G8b2N","s_kid2_G8b2N","c_friend1_M_a_G8b2N","s_sandwichBagPills_G8b2N"],"unlocked":true,"miniGameCards":[]},{"keyPoints":["s_pillBottle_G8b2P","c_grandma_lati_a_G8b2P","c_friend1_M_a_G8b2P"],"viewedAnimatic":true,"touchableObjects":["s_pillBottle_G8b2P","c_grandma_lati_a_G8b2P","c_mom_lati_a_G8b2P","c_friend1_M_a_G8b2P"],"unlocked":true,"miniGameCards":[]}],"stackSize":5},{"resolved":true,"challengeScenes":[{"keyPoints":["s_cellPhone_M_G9a0","s_bathingSuit_M_G9a0","s_door_M_gen","s_clock_M_G9a0"],"viewedAnimatic":true,"touchableObjects":["s_cellPhone_M_G9a0","s_calendar_M_gen","s_window_M_G9a0","s_bathingSuit_M_G9a0","s_door_M_gen","s_clock_M_G9a0"],"unlocked":true,"miniGameCards":[]},{"keyPoints":["s_kid3_G9a1N","c_cousin_M_a_G9a1N","c_policeOfficer_G9a1N","s_fence_G9a1N"],"viewedAnimatic":true,"touchableObjects":["s_policeCar_G9a1N","s_kid4_G9a1N","s_kid3_G9a1N","c_cousinsBrothersFriend_a_G9a1N","s_potSmokeCloud_G9a1N","s_bathingSuits_G9a1N","c_cousin_M_a_G9a1N","c_policeOfficer_G9a1N","s_fence_G9a1N"],"unlocked":true,"miniGameCards":[]},{"keyPoints":["s_joint_M_G9a1P","c_cousin_M_a_G9a1P","s_door_M_gen","s_calendar_M_gen","s_basketball_M_gen"],"viewedAnimatic":true,"touchableObjects":["s_joint_M_G9a1P","c_cousin_M_a_G9a1P","s_computer_M_gen","s_door_M_gen","s_calendar_M_gen","s_basketball_M_gen"],"unlocked":true,"miniGameCards":[]},{"keyPoints":["c_cousin_M_a_G9a2N","c_kidSister_lati_a_G9a2N","c_mom_lati_a_G9a2N","s_pictureDad_lati_M_gen"],"viewedAnimatic":true,"touchableObjects":["c_cousin_M_a_G9a2N","c_kidSister_lati_a_G9a2N","c_mom_lati_a_G9a2N","s_potSmokeCloud_M_G9a2N","s_cookieTrayEmpty_M_G9a2N","s_pictureDad_lati_M_gen"],"unlocked":true,"miniGameCards":[]},{"keyPoints":["s_door_gen","s_pizzaBox_G9a2P","c_mom_lati_a_G9a2P","c_cousin_M_a_G9a2P"],"viewedAnimatic":true,"touchableObjects":["s_door_gen","s_pizzaBox_G9a2P","c_mom_lati_a_G9a2P","c_grandma_lati_a_G9a2P","c_kidSister_lati_a_G9a2P","c_cousin_M_a_G9a2P"],"unlocked":true,"miniGameCards":[]}],"stackSize":5},{"resolved":false,"challengeScenes":[{"keyPoints":["s_computer_M_gen","s_mirror_M_G9b0","s_pictureDad_lati_M_gen"],"viewedAnimatic":true,"touchableObjects":["c_cousin_M_a_G9b0","s_computer_M_gen","s_closet_M_G9b0","s_cellPhone_M_G9b0","s_mirror_M_G9b0","s_pictureDad_lati_M_gen"],"unlocked":true,"miniGameCards":[]},{"keyPoints":["c_kidSister_lati_a_G9b1N","c_teacherEng_G9b1N","c_cousin_M_a_G9b1N","s_clock_G9b1N","s_brokenLamp_G9b1N"],"viewedAnimatic":true,"touchableObjects":["c_kidSister_lati_a_G9b1N","c_teacherEng_G9b1N","c_cousin_M_a_G9b1N","s_pictureDaddark_lati_gen","s_photoCracked_G9b1N","s_clock_G9b1N","s_boomBox_G9b1N","s_coupleOnCouch_G9b1N","s_brokenLamp_G9b1N"],"unlocked":true,"miniGameCards":[]},{"keyPoints":[],"viewedAnimatic":false,"touchableObjects":[],"unlocked":false,"miniGameCards":[]},{"keyPoints":[],"viewedAnimatic":false,"touchableObjects":[],"unlocked":false,"miniGameCards":[]},{"keyPoints":[],"viewedAnimatic":false,"touchableObjects":[],"unlocked":false,"miniGameCards":[]}],"stackSize":5},{"resolved":false,"challengeScenes":[{"keyPoints":["s_cellPhone_M_G10a0"],"viewedAnimatic":true,"touchableObjects":["s_bed2_M_G10a0","s_bed1_M_G10a0","s_door_M_gen","s_cellPhone_M_G10a0"],"unlocked":true,"miniGameCards":[]},{"keyPoints":[],"viewedAnimatic":false,"touchableObjects":[],"unlocked":true,"miniGameCards":[]},{"keyPoints":[],"viewedAnimatic":false,"touchableObjects":[],"unlocked":false,"miniGameCards":[]},{"keyPoints":[],"viewedAnimatic":false,"touchableObjects":[],"unlocked":true,"miniGameCards":[]},{"keyPoints":[],"viewedAnimatic":false,"touchableObjects":[],"unlocked":false,"miniGameCards":[]}],"stackSize":5},{"resolved":false,"challengeScenes":[{"keyPoints":[],"viewedAnimatic":false,"touchableObjects":[],"unlocked":false,"miniGameCards":[]},{"keyPoints":[],"viewedAnimatic":false,"touchableObjects":[],"unlocked":false,"miniGameCards":[]},{"keyPoints":[],"viewedAnimatic":false,"touchableObjects":[],"unlocked":false,"miniGameCards":[]},{"keyPoints":[],"viewedAnimatic":false,"touchableObjects":[],"unlocked":false,"miniGameCards":[]},{"keyPoints":[],"viewedAnimatic":false,"touchableObjects":[],"unlocked":false,"miniGameCards":[]}],"stackSize":5},{"resolved":false,"challengeScenes":[{"keyPoints":[],"viewedAnimatic":true,"touchableObjects":[],"unlocked":true,"miniGameCards":[]},{"keyPoints":[],"viewedAnimatic":false,"touchableObjects":[],"unlocked":true,"miniGameCards":[]},{"keyPoints":[],"viewedAnimatic":false,"touchableObjects":[],"unlocked":false,"miniGameCards":[]},{"keyPoints":[],"viewedAnimatic":false,"touchableObjects":[],"unlocked":false,"miniGameCards":[]},{"keyPoints":[],"viewedAnimatic":false,"touchableObjects":[],"unlocked":false,"miniGameCards":[]}],"stackSize":5},{"resolved":false,"challengeScenes":[{"keyPoints":[],"viewedAnimatic":false,"touchableObjects":[],"unlocked":false,"miniGameCards":[]},{"keyPoints":[],"viewedAnimatic":false,"touchableObjects":[],"unlocked":false,"miniGameCards":[]},{"keyPoints":[],"viewedAnimatic":false,"touchableObjects":[],"unlocked":false,"miniGameCards":[]},{"keyPoints":[],"viewedAnimatic":false,"touchableObjects":[],"unlocked":false,"miniGameCards":[]},{"keyPoints":[],"viewedAnimatic":false,"touchableObjects":[],"unlocked":false,"miniGameCards":[]}],"stackSize":5},{"resolved":false,"challengeScenes":[{"keyPoints":[],"viewedAnimatic":true,"touchableObjects":[],"unlocked":true,"miniGameCards":[]},{"keyPoints":[],"viewedAnimatic":true,"touchableObjects":[],"unlocked":true,"miniGameCards":[]},{"keyPoints":[],"viewedAnimatic":false,"touchableObjects":[],"unlocked":false,"miniGameCards":[]},{"keyPoints":[],"viewedAnimatic":true,"touchableObjects":[],"unlocked":true,"miniGameCards":[]},{"keyPoints":[],"viewedAnimatic":false,"touchableObjects":[],"unlocked":false,"miniGameCards":[]}],"stackSize":5},{"resolved":false,"challengeScenes":[{"keyPoints":[],"viewedAnimatic":false,"touchableObjects":[],"unlocked":false,"miniGameCards":[]},{"keyPoints":[],"viewedAnimatic":false,"touchableObjects":[],"unlocked":false,"miniGameCards":[]},{"keyPoints":[],"viewedAnimatic":false,"touchableObjects":[],"unlocked":false,"miniGameCards":[]},{"keyPoints":[],"viewedAnimatic":false,"touchableObjects":[],"unlocked":false,"miniGameCards":[]},{"keyPoints":[],"viewedAnimatic":false,"touchableObjects":[],"unlocked":false,"miniGameCards":[]}],"stackSize":5},{"resolved":true,"challengeScenes":[{"keyPoints":[],"viewedAnimatic":false,"touchableObjects":["c_family_lati_a_G0a0","c_player_lati_M_a_G0a0","c_education_G0a0","c_friends_G0a0"],"unlocked":true,"miniGameCards":[]},{"keyPoints":["c_family_lati_a_G0a1N","c_home_G0a1N","c_job_G0a1N"],"viewedAnimatic":false,"touchableObjects":["c_player_lati_M_a_G0a1N","c_family_lati_a_G0a1N","c_home_G0a1N","c_job_G0a1N"],"unlocked":true,"miniGameCards":[]},{"keyPoints":["c_Nurse_G0a1P","c_dad_lati_a_G0a1P","c_mom_lati_a_G0a1P","c_Teacher_G0a1P","c_grandma_lati_a_G0a1P","c_kidsister_lati_a_G0a1P"],"viewedAnimatic":false,"touchableObjects":["c_friends_G0a1P","c_cousins_M_a_G0a1P","c_Nurse_G0a1P","c_dad_lati_a_G0a1P","c_mom_lati_a_G0a1P","c_Teacher_G0a1P","c_grandma_lati_a_G0a1P","c_kidsister_lati_a_G0a1P"],"unlocked":true,"miniGameCards":[]}],"stackSize":3}],"minigames":[{"levelSaveData":[{"starRating":3,"unlocked":true},{"starRating":3,"unlocked":true},{"starRating":1,"unlocked":true},{"starRating":0,"unlocked":true},{"starRating":0,"unlocked":false},{"starRating":2,"unlocked":true},{"starRating":0,"unlocked":true},{"starRating":0,"unlocked":true},{"starRating":0,"unlocked":true},{"starRating":0,"unlocked":true}],"skillPoints":9},{"levelSaveData":[{"starRating":3,"unlocked":true},{"starRating":3,"unlocked":true},{"starRating":3,"unlocked":true},{"starRating":0,"unlocked":true},{"starRating":0,"unlocked":true},{"starRating":3,"unlocked":true},{"starRating":0,"unlocked":false},{"starRating":0,"unlocked":false},{"starRating":3,"unlocked":true},{"starRating":0,"unlocked":true}],"skillPoints":15},{"levelSaveData":[{"starRating":3,"unlocked":true},{"starRating":3,"unlocked":true},{"starRating":2,"unlocked":true},{"starRating":0,"unlocked":true},{"starRating":0,"unlocked":false},{"starRating":2,"unlocked":true},{"starRating":0,"unlocked":false},{"starRating":0,"unlocked":true},{"starRating":2,"unlocked":true},{"starRating":0,"unlocked":false}],"skillPoints":12},{"levelSaveData":[{"starRating":2,"unlocked":true},{"starRating":2,"unlocked":true},{"starRating":0,"unlocked":true},{"starRating":2,"unlocked":true},{"starRating":3,"unlocked":true},{"starRating":1,"unlocked":true},{"starRating":3,"unlocked":true},{"starRating":0,"unlocked":false},{"starRating":0,"unlocked":false},{"starRating":0,"unlocked":false}],"skillPoints":13},{"name":"g","gender":0,"visualAvatar":0,"age":14,"levelSaveData":[{"starRating":3,"unlocked":true},{"chunks":[["1"],["16$$Gred","0$$angle"],["15","2","4"],["0"]],"unlocked":true,"starRating":3},{"chunks":[["1"],["1$$basketball","4$$football"],["5","2"]],"unlocked":true,"starRating":3},{"chunks":[["3"],["4"],["16"],["0"],["3","4"],["6"]],"unlocked":true,"starRating":3},{"chunks":[["4"],["5"],["7","19"],["3"],["4"],["8"]],"unlocked":true,"starRating":3},{"chunks":[["5"],["6","4","4","5"],["8"],["3"]],"unlocked":true,"starRating":3},{"chunks":[["3"],["3"],["6","2"],["2","2"],["1"]],"unlocked":true,"starRating":3},{"chunks":[["7","4","6"],["0","5","2"],["0"],["0"],["2"]],"unlocked":true,"starRating":3},{"chunks":[["7","3","4"],["2","1","6"],["5","0"]],"unlocked":true,"starRating":3},{"chunks":[[null],[null],[null],[null],[null],[null]],"unlocked":false,"starRating":0}],"id":2,"skillPoints":27}],"playerId":6427013,"epilogue":{"rating":0},"sessionId":12,"avatar":{"name":"g","gender":0,"visualAvatar":0,"age":14,"levelSaveData":[{"starRating":3,"unlocked":true},{"chunks":[["1"],["16$$Gred","0$$angle"],["15","2","4"],["0"]],"unlocked":true,"starRating":3},{"chunks":[["1"],["1$$basketball","4$$football"],["5","2"]],"unlocked":true,"starRating":3},{"chunks":[["3"],["4"],["16"],["0"],["3","4"],["6"]],"unlocked":true,"starRating":3},{"chunks":[["4"],["5"],["7","19"],["3"],["4"],["8"]],"unlocked":true,"starRating":3},{"chunks":[["5"],["6","4","4","5"],["8"],["3"]],"unlocked":true,"starRating":3},{"chunks":[["3"],["3"],["6","2"],["2","2"],["1"]],"unlocked":true,"starRating":3},{"chunks":[["7","4","6"],["0","5","2"],["0"],["0"],["2"]],"unlocked":true,"starRating":3},{"chunks":[["7","3","4"],["2","1","6"],["5","0"]],"unlocked":true,"starRating":3},{"chunks":[[null],[null],[null],[null],[null],[null]],"unlocked":false,"starRating":0}],"id":2,"skillPoints":27}}
6427013,0,5:13:11,4/8/2013 5:29:09pm
6427013,1003,5:16:21,0
6427013,1004,5:16:44,8
6427013,400,5:16:46,8,[]
6427013,401,5:16:47,8,[StatementsData_logId:0]
6427013,402,5:16:48,8,[StatementsData_logId:0,true]
6427013,405,5:16:49,8,[StatementsData_logId:0]
6427013,406,5:16:49,8,[StatementsData_logId:0,2]
6427013,411,5:16:50,8,[StatementsData_logId:0]
6427013,401,5:16:51,8,[StatementsData_logId:1]
6427013,403,5:16:52,8,[StatementsData_logId:1,false]
6427013,405,5:16:52,8,[StatementsData_logId:1]
6427013,406,5:16:53,8,[StatementsData_logId:1,-2]
6427013,411,5:16:54,8,[StatementsData_logId:1]
6427013,401,5:16:54,8,[StatementsData_logId:2]
6427013,404,5:16:55,8,[StatementsData_logId:2,false]
6427013,405,5:16:55,8,[StatementsData_logId:2]
6427013,406,5:16:55,8,[StatementsData_logId:2,-2]
6427013,411,5:16:56,8,[StatementsData_logId:2]
6427013,401,5:16:58,8,[StatementsData_logId:3]
6427013,402,5:16:59,8,[StatementsData_logId:3,false]
6427013,405,5:16:59,8,[StatementsData_logId:3]
6427013,406,5:17:0,8,[StatementsData_logId:3,-2]
6427013,411,5:17:0,8,[StatementsData_logId:3]
6427013,401,5:17:2,8,[StatementsData_logId:4]
6427013,403,5:17:2,8,[StatementsData_logId:4,true]
6427013,405,5:17:3,8,[StatementsData_logId:4]
6427013,406,5:17:4,8,[StatementsData_logId:4,2]
6427013,407,5:17:4,8,[StatementsData_logId:4,FactCardData_id:2]
6427013,407,5:17:4,8,[StatementsData_logId:4,FactCardData_id:3]
6427013,407,5:17:4,8,[StatementsData_logId:4,FactCardData_id:4]
6427013,407,5:17:4,8,[StatementsData_logId:4,FactCardData_id:0]
6427013,407,5:17:4,8,[StatementsData_logId:4,FactCardData_id:5]
6427013,407,5:17:4,8,[StatementsData_logId:4,FactCardData_id:7]
6427013,407,5:17:7,8,[StatementsData_logId:4,FactCardData_id:5]
6427013,407,5:17:7,8,[StatementsData_logId:4,FactCardData_id:5]
6427013,407,5:17:8,8,[StatementsData_logId:4,FactCardData_id:4]
6427013,407,5:17:8,8,[StatementsData_logId:4,FactCardData_id:5]
6427013,407,5:17:8,8,[StatementsData_logId:4,FactCardData_id:4]
6427013,407,5:17:9,8,[StatementsData_logId:4,FactCardData_id:2]
6427013,407,5:17:9,8,[StatementsData_logId:4,FactCardData_id:4]
6427013,407,5:17:9,8,[StatementsData_logId:4,FactCardData_id:2]
6427013,407,5:17:10,8,[StatementsData_logId:4,FactCardData_id:3]
6427013,407,5:17:10,8,[StatementsData_logId:4,FactCardData_id:2]
6427013,407,5:17:10,8,[StatementsData_logId:4,FactCardData_id:3]
6427013,407,5:17:11,8,[StatementsData_logId:4,FactCardData_id:0]
6427013,407,5:17:11,8,[StatementsData_logId:4,FactCardData_id:3]
6427013,407,5:17:11,8,[StatementsData_logId:4,FactCardData_id:0]
6427013,407,5:17:11,8,[StatementsData_logId:4,FactCardData_id:7]
6427013,407,5:17:11,8,[StatementsData_logId:4,FactCardData_id:0]
6427013,407,5:17:11,8,[StatementsData_logId:4,FactCardData_id:7]
6427013,408,5:17:22,8,[StatementsData_logId:4,FactCardData_id:7,true]
6427013,409,5:17:22,8,[StatementsData_logId:4]
6427013,410,5:17:24,8,[StatementsData_logId:4,2]
6427013,100,5:18:8,8
6427013,101,5:18:10,8
6427013,100,5:18:11,6
6427013,102,5:18:13,6
6427013,200,5:18:13,6,9,15,12,13,27
6427013,210,5:18:15,852,425
6427013,211,5:18:16,921,539
6427013,212,5:18:17,1
6427013,210,5:18:17,938,442
6427013,211,5:18:18,896,480
6427013,213,5:18:18,6,s_door_M_gen,true
6427013,210,5:18:21,245,571
6427013,207,5:18:22,6,-200,-80
6427013,211,5:18:23,272,609
6427013,213,5:18:23,6,s_cellPhone_M_G10a0,true
6427013,205,5:18:23,6,s_cellPhone_M_G10a0,false,true
6427013,210,5:18:26,591,475
6427013,211,5:18:27,631,401
6427013,210,5:18:27,418,416
6427013,207,5:18:29,6,-80,-245
6427013,211,5:18:30,1106,357
6427013,210,5:18:30,995,533
6427013,211,5:18:30,995,533
6427013,210,5:18:31,1169,447
6427013,207,5:18:31,6,-245,-380
6427013,207,5:18:34,6,-380,-512
6427013,207,5:18:38,6,-512,-407
6427013,207,5:18:41,6,-407,-2
6427013,207,5:18:42,6,-2,0
6427013,211,5:18:44,779,692
6427013,212,5:18:45,2
6427013,207,5:18:46,6,0,-60
6427013,210,5:18:46,1013,530
6427013,211,5:18:46,845,588
6427013,213,5:18:46,6,c_crush1_M_b_G10a0,false
6427013,1003,5:18:54,2
6427013,1004,5:18:57,3
6427013,900,5:19:0,3,[]
6427013,901,5:19:1,3,[PeopleData_id:3]
6427013,902,5:19:2,3,[PeopleData_id:3,PeopleData_data0Type]
6427013,902,5:19:5,3,[PeopleData_id:3,PeopleData_data1Type]
6427013,902,5:19:7,3,[PeopleData_id:3,PeopleData_data2Type]
6427013,902,5:19:8,3,[PeopleData_id:3,PeopleData_data3Type]
6427013,903,5:19:10,3,[PeopleData_id3,PeopleData_data3Type]
6427013,901,5:19:10,3,[PeopleData_id:3]
6427013,904,5:19:11,3,[PeopleData_id:3]
6427013,905,5:19:11,3,[PeopleData_id:3,RankTypes_id:-1,RankTypes_id:3]
6427013,901,5:19:12,3,[PeopleData_id:2]
6427013,902,5:19:19,3,[PeopleData_id:2,PeopleData_data0Type]
6427013,902,5:19:21,3,[PeopleData_id:2,PeopleData_data1Type]
6427013,902,5:19:22,3,[PeopleData_id:2,PeopleData_data0Type]
6427013,902,5:19:28,3,[PeopleData_id:2,PeopleData_data1Type]
6427013,903,5:19:30,3,[PeopleData_id2,PeopleData_data1Type]
6427013,901,5:19:30,3,[PeopleData_id:2]
6427013,904,5:19:30,3,[PeopleData_id:2]
6427013,905,5:19:32,3,[PeopleData_id:2,RankTypes_id:-1,RankTypes_id:0]
6427013,901,5:19:32,3,[PeopleData_id:0]
6427013,902,5:19:34,3,[PeopleData_id:0,PeopleData_data0Type]
6427013,902,5:19:37,3,[PeopleData_id:0,PeopleData_data2Type]
6427013,902,5:19:41,3,[PeopleData_id:0,PeopleData_data1Type]
6427013,902,5:19:43,3,[PeopleData_id:0,PeopleData_data3Type]
6427013,903,5:19:45,3,[PeopleData_id0,PeopleData_data3Type]
6427013,901,5:19:46,3,[PeopleData_id:0]
6427013,904,5:19:46,3,[PeopleData_id:0]
6427013,905,5:19:46,3,[PeopleData_id:0,RankTypes_id:-1,RankTypes_id:2]
6427013,902,5:19:47,3,[PeopleData_id:0,PeopleData_data0Type]
6427013,903,5:19:48,3,[PeopleData_id0,PeopleData_data0Type]
6427013,901,5:19:48,3,[PeopleData_id:5]
6427013,904,5:19:48,3,[PeopleData_id:5]
6427013,902,5:19:49,3,[PeopleData_id:5,PeopleData_data0Type]
6427013,903,5:19:52,3,[PeopleData_id5,PeopleData_data0Type]
6427013,902,5:19:53,3,[PeopleData_id:5,PeopleData_data1Type]
6427013,903,5:19:57,3,[PeopleData_id5,PeopleData_data1Type]
6427013,902,5:19:58,3,[PeopleData_id:5,PeopleData_data2Type]
6427013,903,5:20:1,3,[PeopleData_id5,PeopleData_data2Type]
6427013,902,5:20:2,3,[PeopleData_id:5,PeopleData_data3Type]
6427013,903,5:20:5,3,[PeopleData_id5,PeopleData_data3Type]
6427013,901,5:20:5,3,[PeopleData_id:5]
6427013,904,5:20:5,3,[PeopleData_id:5]
6427013,905,5:20:6,3,[PeopleData_id:5,RankTypes_id:-1,RankTypes_id:3]
6427013,901,5:20:7,3,[PeopleData_id:1]
6427013,904,5:20:7,3,[PeopleData_id:1]
6427013,902,5:20:8,3,[PeopleData_id:1,PeopleData_data0Type]
6427013,902,5:20:14,3,[PeopleData_id:1,PeopleData_data1Type]
6427013,902,5:20:16,3,[PeopleData_id:1,PeopleData_data2Type]
6427013,903,5:20:18,3,[PeopleData_id1,PeopleData_data2Type]
6427013,901,5:20:19,3,[PeopleData_id:1]
6427013,904,5:20:19,3,[PeopleData_id:1]
6427013,905,5:20:20,3,[PeopleData_id:1,RankTypes_id:-1,RankTypes_id:2]
6427013,901,5:20:20,3,[PeopleData_id:4]
6427013,902,5:20:21,3,[PeopleData_id:4,PeopleData_data0Type]
6427013,902,5:20:31,3,[PeopleData_id:4,PeopleData_data1Type]
6427013,902,5:20:33,3,[PeopleData_id:4,PeopleData_data2Type]
6427013,903,5:20:35,3,[PeopleData_id4,PeopleData_data2Type]
6427013,901,5:20:36,3,[PeopleData_id:4]
6427013,904,5:20:36,3,[PeopleData_id:4]
6427013,905,5:20:37,3,[PeopleData_id:4,RankTypes_id:-1,RankTypes_id:3]
6427013,906,5:20:37,3,[]
6427013,907,5:20:37,3,[]
6427013,908,5:20:38,3,[InvitationData_id:10,PeopleData_id:3,RankTypes_id:3]
6427013,909,5:20:41,3,[InvitationData_id:10,PeopleData_id:3,RankTypes_id:3,1]
6427013,910,5:20:41,3,[InvitationData_id:10,7,false]
6427013,908,5:20:41,3,[InvitationData_id:4,PeopleData_id:0,RankTypes_id:2]
6427013,909,5:20:42,3,[InvitationData_id:4,PeopleData_id:0,RankTypes_id:2,1]
6427013,910,5:20:43,3,[InvitationData_id:4,5,false]
6427013,908,5:20:43,3,[InvitationData_id:3,PeopleData_id:3,RankTypes_id:3]
6427013,909,5:20:45,3,[InvitationData_id:3,PeopleData_id:3,RankTypes_id:3,1]
6427013,910,5:20:46,3,[InvitationData_id:3,7,false]
6427013,908,5:20:46,3,[InvitationData_id:9,PeopleData_id:4,RankTypes_id:3]
6427013,909,5:20:47,3,[InvitationData_id:9,PeopleData_id:4,RankTypes_id:3,1]
6427013,910,5:20:52,3,[InvitationData_id:9,0,true]
6427013,908,5:20:52,3,[InvitationData_id:5,PeopleData_id:3,RankTypes_id:3]
6427013,909,5:20:54,3,[InvitationData_id:5,PeopleData_id:3,RankTypes_id:3,1]
6427013,910,5:20:55,3,[InvitationData_id:5,7,false]
6427013,908,5:20:55,3,[InvitationData_id:2,PeopleData_id:0,RankTypes_id:2]
6427013,909,5:20:57,3,[InvitationData_id:2,PeopleData_id:0,RankTypes_id:2,1]
6427013,910,5:20:59,3,[InvitationData_id:2,0,true]
6427013,908,5:20:59,3,[InvitationData_id:0,PeopleData_id:4,RankTypes_id:3]
6427013,909,5:21:0,3,[InvitationData_id:0,PeopleData_id:4,RankTypes_id:3,1]
6427013,910,5:21:0,3,[InvitationData_id:0,7,false]
6427013,908,5:21:0,3,[InvitationData_id:6,PeopleData_id:3,RankTypes_id:3]
6427013,909,5:21:3,3,[InvitationData_id:6,PeopleData_id:3,RankTypes_id:3,1]
6427013,910,5:21:3,3,[InvitationData_id:6,7,false]
6427013,908,5:21:3,3,[InvitationData_id:1,PeopleData_id:5,RankTypes_id:3]
6427013,909,5:21:5,3,[InvitationData_id:1,PeopleData_id:5,RankTypes_id:3,1]
6427013,910,5:21:6,3,[InvitationData_id:1,0,true]
6427013,912,5:21:7,3,[]
6427013,1000,5:21:9,3,[]
6427013,900,5:21:10,3,[]
6427013,901,5:21:12,3,[PeopleData_id:2]
6427013,904,5:21:12,3,[PeopleData_id:2]
6427013,1002,5:21:20,3
6427013,1003,5:21:20,2
6427013,100,5:21:44,5
6427013,102,5:21:45,5
6427013,200,5:21:45,5,9,15,12,13,27
6427013,210,5:21:47,700,370
6427013,211,5:21:50,342,462
6427013,204,5:21:52,5
6427013,1003,5:22:5,0
6427013,300,5:22:10
6427013,301,5:22:18,1
6427013,301,5:22:19,0
6427013,302,5:22:22,0,1,0,4
6427013,302,5:22:22,0,1,0,0
6427013,304,5:22:23,0,1,0,16,Gred,0,Gred
6427013,301,5:22:27,1
6427013,301,5:22:28,2
6427013,302,5:23:0,2,4,0,0
6427013,304,5:23:2,2,4,0,3,,0,
6427013,304,5:23:8,2,4,1,4,,4,
6427013,302,5:23:13,2,5,0,8
6427013,302,5:23:19,2,5,0,5
6427013,302,5:23:20,2,5,0,8
6427013,302,5:23:21,2,5,0,6
6427013,304,5:23:22,2,5,0,6,,6,
6427013,302,5:23:25,2,0,0,5
6427013,302,5:23:28,2,0,0,9
6427013,304,5:23:31,2,0,0,3,,9,
6427013,302,5:23:38,2,0,0,2
6427013,304,5:23:39,2,0,0,9,,2,
6427013,302,5:23:50,2,0,0,3
6427013,304,5:23:51,2,0,0,2,,3,
6427013,305,5:24:10,2,1,0,4,
6427013,304,5:24:20,2,3,0,0,,0,
6427013,302,5:24:34,2,2,0,6
6427013,304,5:24:35,2,2,0,16,,6,
6427013,1003,5:24:40,3
6427013,100,5:25:56,8
6427013,101,5:25:59,8
6427013,100,5:26:4,10
6427013,101,5:26:7,10
6427013,100,5:26:46,6
6427013,101,5:26:57,6
6427013,100,5:26:58,6
6427013,101,5:26:59,6
6427013,100,5:28:47,0
6427013,102,5:28:53,0
6427013,200,5:28:53,0,9,15,12,13,27
6427013,204,5:28:59,0
6427013,100,5:29:25,5
6427013,102,5:29:26,5
6427013,200,5:29:26,5,9,15,12,13,27
6427013,210,5:29:28,481,519
6427013,211,5:29:30,337,471
6427013,212,5:29:31,0
6427013,210,5:29:31,422,425
6427013,211,5:29:32,356,449
6427013,210,5:29:32,341,422
6427013,211,5:29:33,351,441
6427013,213,5:29:33,5,s_clock_M_G9b0,true
6427013,1003,5:29:35,0
6427013,1004,5:29:36,8
6427013,400,5:29:38,8,[]
6427013,1002,5:29:45,8
6427013,1003,5:29:45,0
6427013,1004,5:29:49,3
6427013,400,5:30:30,3,[]
6427013,401,5:30:49,3,[StatementsData_logId:0]
6427013,403,5:30:52,3,[StatementsData_logId:0,true]
6427013,405,5:30:54,3,[StatementsData_logId:0]
6427013,406,5:30:55,3,[StatementsData_logId:0,2]
6427013,407,5:30:55,3,[StatementsData_logId:0,FactCardData_id:22]
6427013,407,5:30:55,3,[StatementsData_logId:0,FactCardData_id:20]
6427013,407,5:30:55,3,[StatementsData_logId:0,FactCardData_id:19]
6427013,407,5:30:55,3,[StatementsData_logId:0,FactCardData_id:18]
6427013,407,5:30:55,3,[StatementsData_logId:0,FactCardData_id:23]
6427013,407,5:30:55,3,[StatementsData_logId:0,FactCardData_id:21]
6427013,407,5:30:57,3,[StatementsData_logId:0,FactCardData_id:23]
6427013,407,5:30:57,3,[StatementsData_logId:0,FactCardData_id:23]
6427013,408,5:30:58,3,[StatementsData_logId:0,FactCardData_id:23,false]
6427013,406,5:31:0,3,[StatementsData_logId:0,-2]
6427013,1002,5:31:7,3
6427013,1003,5:31:7,0
6427013,1004,5:32:21,3
6427013,1002,5:32:27,3
6427013,1003,5:32:27,0
6427013,1004,5:32:37,6
6427013,1002,5:32:52,6
6427013,1003,5:32:52,0
6427013,1004,5:32:54,8
6427013,400,5:33:11,8,[]
6427013,401,5:33:14,8,[StatementsData_logId:0]
6427013,403,5:33:15,8,[StatementsData_logId:0,false]
6427013,405,5:33:16,8,[StatementsData_logId:0]
6427013,406,5:33:21,8,[StatementsData_logId:0,-2]
6427013,411,5:33:22,8,[StatementsData_logId:0]
6427013,1002,5:33:24,8
6427013,1003,5:33:24,0
6427013,1004,5:33:25,7
6427013,1002,5:33:29,7
6427013,1003,5:33:29,0
6427013,1004,5:33:30,8
6427013,400,5:33:33,8,[]
6427013,401,5:33:34,8,[StatementsData_logId:0]
6427013,402,5:33:35,8,[StatementsData_logId:0,true]
6427013,405,5:33:36,8,[StatementsData_logId:0]
6427013,406,5:33:37,8,[StatementsData_logId:0,2]
6427013,411,5:33:38,8,[StatementsData_logId:0]
6427013,401,5:33:47,8,[StatementsData_logId:1]
6427013,404,5:33:47,8,[StatementsData_logId:1,true]
6427013,406,5:33:48,8,[StatementsData_logId:1,2]
6427013,412,5:33:51,8,[StatementsData_logId:1]
6427013,413,5:33:56,8,[StatementsData_logId:1,DuelResponsesData_logId:0]
6427013,414,5:33:58,8,[StatementsData_logId:1,DuelResponsesData_logId:0]
6427013,103,5:34:40
6427013,105,5:34:42
6427013,703,5:34:44,[|| EpilogueItem ID: 0 unlocked: true ||,|| EpilogueItem ID: 1 unlocked: true ||,|| EpilogueItem ID: 2 unlocked: true ||,|| EpilogueItem ID: 3 unlocked: true ||,|| EpilogueItem ID: 4 unlocked: true ||,|| EpilogueItem ID: 5 unlocked: false ||,|| EpilogueItem ID: 6 unlocked: false ||,|| EpilogueItem ID: 7 unlocked: false ||,|| EpilogueItem ID: 8 unlocked: false ||,|| EpilogueItem ID: 9 unlocked: false ||,|| EpilogueItem ID: 10 unlocked: false ||,|| EpilogueItem ID: 11 unlocked: false ||,|| EpilogueItem ID: 12 unlocked: false ||,|| EpilogueItem ID: 13 unlocked: true ||,|| EpilogueItem ID: 14 unlocked: false ||,|| EpilogueItem ID: 15 unlocked: false ||,|| EpilogueItem ID: 16 unlocked: false ||,|| EpilogueItem ID: 17 unlocked: false ||,|| EpilogueItem ID: 18 unlocked: false ||,|| EpilogueItem ID: 19 unlocked: false ||,|| EpilogueItem ID: 20 unlocked: false ||,|| EpilogueItem ID: 21 unlocked: false ||,|| EpilogueItem ID: 22 unlocked: false ||,|| EpilogueItem ID: 23 unlocked: false ||,|| EpilogueItem ID: 24 unlocked: false ||],0.24
6427013,706,5:34:46,(x=555, y=-100, w=1024, h=768),(x=2531, y=-100, w=1024, h=768)
6427013,708,5:34:47
6427013,1,5:34:47,4/8/2013 5:50:45pm,{"gameTime":20087011,"session":[{"stackId":12,"sceneId":"1P"},{"stackId":0,"sceneId":"1P"},{"stackId":1,"sceneId":"1P"},{"stackId":1,"sceneId":"1N"},{"stackId":1,"sceneId":"2P"},{"stackId":2,"sceneId":"3P"},{"stackId":2,"sceneId":"1P"},{"stackId":2,"sceneId":"1N"},{"stackId":2,"sceneId":"2P"},{"stackId":4,"sceneId":"1P"},{"stackId":4,"sceneId":"1N"},{"stackId":4,"sceneId":"2P"},{"stackId":3,"sceneId":"1P"},{"stackId":3,"sceneId":"1N"},{"stackId":3,"sceneId":"2P"}],"challengeStacks":[{"resolved":true,"challengeScenes":[{"keyPoints":["c_teacherEng_G7a0","c_bestFriend_M_a_G7a0","s_flag_gen"],"viewedAnimatic":true,"touchableObjects":["s_vocabAssignment_G7a0","c_friend1_M_a_G7a0","c_teacherEng_G7a0","s_doorClassroom_G7a0","s_otherStudent1_G7a0","s_clock_G7a0","s_angelouPoster_gen","s_shakespearePoster_gen","s_poePoster_gen","c_crewKid1_M_G7a0","s_atwoodPoster_gen","c_bestFriend_M_a_G7a0","s_flag_gen"],"unlocked":true,"miniGameCards":[]},{"keyPoints":["c_bestFriend_M_a_G7a1N","c_teacherEng_G7a1N","s_paperPlayers_G7a1N"],"viewedAnimatic":true,"touchableObjects":["s_otherStudent1_G7a1N","s_otherStudent2_G7a1N","c_crewKid1_M_G7a1N","s_poePoster_gen","s_posterPlagiarism_gen","c_bestFriend_M_a_G7a1N","c_teacherEng_G7a1N","s_atwoodPoster_gen","s_flag_gen","s_angelouPoster_gen","s_shakespearePoster_gen","s_paperPlayers_G7a1N"],"unlocked":true,"miniGameCards":[]},{"keyPoints":["c_teacherEng_G7a1P","s_flag_gen","s_paperEnglish_gen","c_bestFriend_M_a_G7a1P"],"viewedAnimatic":true,"touchableObjects":["c_teacherEng_G7a1P","s_atwoodPoster_gen","s_flag_gen","s_poePoster_gen","s_paperEnglish_gen","s_clock_G7a1P","s_paperPlayers_G7a1P","s_shakespearePoster_gen","s_angelouPoster_gen","c_bestFriend_M_a_G7a1P"],"unlocked":true,"miniGameCards":[]}],"stackSize":3},{"resolved":true,"challengeScenes":[{"keyPoints":["s_backpack_M_G7b0","c_crewKid1_M_G7b0","c_kidSister_lati_a_G7b0"],"viewedAnimatic":true,"touchableObjects":["s_backpack_M_G7b0","c_cousinsBrother_a_G7b0","c_crewKid1_M_G7b0","c_cousin_M_a_G7b0","s_snackBarWorker_G7b0","c_kidSister_lati_a_G7b0","s_lifeguard_G7b0"],"unlocked":true,"miniGameCards":[]},{"keyPoints":["c_kidSister_lati_a_G7b1N","c_crewKid1_M_G7b1N","s_graffiti_G7b1N","s_brokenCarWindow_G7b1N","s_sprayPaintCan_G7b1N"],"viewedAnimatic":true,"touchableObjects":["c_teacherEng_G7b1N","c_kidSister_lati_a_G7b1N","s_cat_G7b1N","c_crewKid1_M_G7b1N","s_graffiti_G7b1N","s_brokenCarWindow_G7b1N","c_cousin_M_a_G7b1N","s_wreckedPlants_G7b1N","c_crewKid2_M_a_G7b1N","s_sprayPaintCan_G7b1N"],"unlocked":true,"miniGameCards":[]},{"keyPoints":["c_cousin_M_a_G7b1P","c_cousinsBrother_a_G7b1P","c_cousinsBrothersFriend_a_G7b1P","s_poolDay_ruleSign_G7b1P"],"viewedAnimatic":true,"touchableObjects":["c_cousin_M_a_G7b1P","c_cousinsBrother_a_G7b1P","c_crush1_M_a_G7b1P","c_cousinsBrothersFriend_a_G7b1P","c_kidSister_lati_a_G7b1P","s_poolDay_ruleSign_G7b1P"],"unlocked":true,"miniGameCards":[]},{"keyPoints":["c_crush1_M_a_G7b2N","c_kidSister_lati_a_G7b2N","s_kid1_G7b2N","c_cousin_M_a_G7b2N"],"viewedAnimatic":true,"touchableObjects":["c_cousinsBrothersFriend_a_G7b2N","c_crush1_M_a_G7b2N","s_cousinsBFgirlfriend_G7b2N","c_kidSister_lati_a_G7b2N","s_kid1_G7b2N","c_cousin_M_a_G7b2N"],"unlocked":true,"miniGameCards":[]},{"keyPoints":["c_cousin_M_a_G7b2P","s_computer_M_G7b2P","c_kidSister_lati_a_G7b2P"],"viewedAnimatic":true,"touchableObjects":["c_cousin_M_a_G7b2P","s_computer_M_G7b2P","s_closet_M_G7b2P","s_calendar_M_gen","c_kidSister_lati_a_G7b2P"],"unlocked":true,"miniGameCards":[]}],"stackSize":5},{"resolved":true,"challengeScenes":[{"keyPoints":["s_cellphone_G8a0","s_clock_G8a0","c_cousin_M_a_G8a0","c_crush2_M_a_G8a0","s_bottleCrush2_M_G8a0"],"viewedAnimatic":true,"touchableObjects":["c_crewKid1_M_a_G8a0","s_cellphone_G8a0","s_bottleTable_G8a0","s_beerSixpack_G8a0","s_clock_G8a0","s_beerCooler_G8a0","s_cigaretteKid1_G8a0","c_cousin_M_a_G8a0","c_friend1_M_G8a0","c_crush2_M_a_G8a0","s_stairs_G8a0","s_bottleCrush2_M_G8a0"],"unlocked":true,"miniGameCards":[]},{"keyPoints":["s_crush2Lips_M_G8a1N","s_crush2Sore_M_G8a1N","s_crush2Eyes_M_G8a1N","s_dirtyClothes_gen","s_basementDoor_gen"],"viewedAnimatic":true,"touchableObjects":["s_crush2Lips_M_G8a1N","s_crush2Sore_M_G8a1N","s_crush2Eyes_M_G8a1N","c_crush2_M_a_G8a1N","s_dirtyClothes_gen","s_inhalantsShelf_gen","s_basementDoor_gen","s_stairs_G8a1N","s_dryer_G8a1N","s_waterHeater_gen"],"unlocked":true,"miniGameCards":[]},{"keyPoints":["s_inhalantsShelf_gen","c_crush2_M_a_G8a1P","s_dirtyClothes_gen","s_basementDoor_gen"],"viewedAnimatic":true,"touchableObjects":["s_inhalantsShelf_gen","c_crush2_M_a_G8a1P","s_spraypaintCrush2_M_G8a1P","s_waterHeater_gen","s_dirtyClothes_gen","s_basementDoor_gen"],"unlocked":true,"miniGameCards":[]},{"keyPoints":["c_crush2_M_a_G8a2N","s_spraypaintCan_G8a2N"],"viewedAnimatic":true,"touchableObjects":["c_crush2_M_a_G8a2N","s_fumes_G8a2N","s_spraypaintCan_G8a2N"],"unlocked":true,"miniGameCards":[]},{"keyPoints":["c_crush2_M_a_G8a2P","c_kidSister_lati_a_G8a2P","s_sistersToy_G8a2P","s_pictureDad_lati_gen","s_magazine_G8a2P"],"viewedAnimatic":true,"touchableObjects":["c_grandma_lati_a_G8a2P","s_door_gen","c_crush2_M_a_G8a2P","c_kidSister_lati_a_G8a2P","s_sistersToy_G8a2P","s_cigarette_G8a2P","s_teaCup_G8a2P","s_videoGame_G8a2P","s_stairs_G8a2P","s_pictureDad_lati_gen","s_magazine_G8a2P"],"unlocked":true,"miniGameCards":[]},{"keyPoints":["s_mirror_lati_M_a_G8a3N","c_nurse_a_G8a3N","s_pamphlet3_G8a3N","s_pamphlet1_G8a3N"],"viewedAnimatic":true,"touchableObjects":["s_mirror_lati_M_a_G8a3N","c_nurse_a_G8a3N","s_pamphlet3_G8a3N","s_phone_G8a3N","s_door_G8a3N","s_pamphlet2_G8a3N","s_pamphlet1_G8a3N"],"unlocked":true,"miniGameCards":[]},{"keyPoints":["s_kidsCouch_G8a3P","c_crush2_M_a_G8a3P"],"viewedAnimatic":true,"touchableObjects":["s_kidsCouch_G8a3P","s_window_G8a3P","c_friend1_M_a_G8a3P","s_kidStanding_G8a3P","c_crush2_M_a_G8a3P"],"unlocked":true,"miniGameCards":[]}],"stackSize":7},{"resolved":true,"challengeScenes":[{"keyPoints":["c_kidSister_lati_a_G8b0","c_friend1_M_a_G8b0","s_pillBottle_G8b0"],"viewedAnimatic":true,"touchableObjects":["c_kidSister_lati_a_G8b0","c_friend1_M_a_G8b0","c_grandma_lati_a_G8b0","s_pillBottle_G8b0"],"unlocked":true,"miniGameCards":[]},{"keyPoints":["c_friend1_M_a_G8b1N","c_grandma_lati_a_G8b1N","c_kidSister_lati_a_G8b1N"],"viewedAnimatic":true,"touchableObjects":["c_friend1_M_a_G8b1N","c_grandma_lati_a_G8b1N","c_kidSister_lati_a_G8b1N"],"unlocked":true,"miniGameCards":[]},{"keyPoints":["c_friend1_M_a_G8b1P","s_pillBottle_M_G8b1P","c_grandma_lati_a_G8b1P"],"viewedAnimatic":true,"touchableObjects":["c_friend1_M_a_G8b1P","c_kidSister_lati_a_G8b1P","s_pillBottle_M_G8b1P","c_grandma_lati_a_G8b1P"],"unlocked":true,"miniGameCards":[]},{"keyPoints":["c_teacherEng_G8b2N","s_clock_G8b2N","c_crewKid2_M_a_G8b2N","c_friend1_M_a_G8b2N","s_sandwichBagPills_G8b2N"],"viewedAnimatic":true,"touchableObjects":["c_teacherEng_G8b2N","s_clock_G8b2N","c_crewKid2_M_a_G8b2N","s_kid2_G8b2N","c_friend1_M_a_G8b2N","s_sandwichBagPills_G8b2N"],"unlocked":true,"miniGameCards":[]},{"keyPoints":["s_pillBottle_G8b2P","c_grandma_lati_a_G8b2P","c_friend1_M_a_G8b2P"],"viewedAnimatic":true,"touchableObjects":["s_pillBottle_G8b2P","c_grandma_lati_a_G8b2P","c_mom_lati_a_G8b2P","c_friend1_M_a_G8b2P"],"unlocked":true,"miniGameCards":[]}],"stackSize":5},{"resolved":true,"challengeScenes":[{"keyPoints":["s_cellPhone_M_G9a0","s_bathingSuit_M_G9a0","s_door_M_gen","s_clock_M_G9a0"],"viewedAnimatic":true,"touchableObjects":["s_cellPhone_M_G9a0","s_calendar_M_gen","s_window_M_G9a0","s_bathingSuit_M_G9a0","s_door_M_gen","s_clock_M_G9a0"],"unlocked":true,"miniGameCards":[]},{"keyPoints":["s_kid3_G9a1N","c_cousin_M_a_G9a1N","c_policeOfficer_G9a1N","s_fence_G9a1N"],"viewedAnimatic":true,"touchableObjects":["s_policeCar_G9a1N","s_kid4_G9a1N","s_kid3_G9a1N","c_cousinsBrothersFriend_a_G9a1N","s_potSmokeCloud_G9a1N","s_bathingSuits_G9a1N","c_cousin_M_a_G9a1N","c_policeOfficer_G9a1N","s_fence_G9a1N"],"unlocked":true,"miniGameCards":[]},{"keyPoints":["s_joint_M_G9a1P","c_cousin_M_a_G9a1P","s_door_M_gen","s_calendar_M_gen","s_basketball_M_gen"],"viewedAnimatic":true,"touchableObjects":["s_joint_M_G9a1P","c_cousin_M_a_G9a1P","s_computer_M_gen","s_door_M_gen","s_calendar_M_gen","s_basketball_M_gen"],"unlocked":true,"miniGameCards":[]},{"keyPoints":["c_cousin_M_a_G9a2N","c_kidSister_lati_a_G9a2N","c_mom_lati_a_G9a2N","s_pictureDad_lati_M_gen"],"viewedAnimatic":true,"touchableObjects":["c_cousin_M_a_G9a2N","c_kidSister_lati_a_G9a2N","c_mom_lati_a_G9a2N","s_potSmokeCloud_M_G9a2N","s_cookieTrayEmpty_M_G9a2N","s_pictureDad_lati_M_gen"],"unlocked":true,"miniGameCards":[]},{"keyPoints":["s_door_gen","s_pizzaBox_G9a2P","c_mom_lati_a_G9a2P","c_cousin_M_a_G9a2P"],"viewedAnimatic":true,"touchableObjects":["s_door_gen","s_pizzaBox_G9a2P","c_mom_lati_a_G9a2P","c_grandma_lati_a_G9a2P","c_kidSister_lati_a_G9a2P","c_cousin_M_a_G9a2P"],"unlocked":true,"miniGameCards":[]}],"stackSize":5},{"resolved":false,"challengeScenes":[{"keyPoints":["s_computer_M_gen","s_mirror_M_G9b0","s_pictureDad_lati_M_gen"],"viewedAnimatic":true,"touchableObjects":["c_cousin_M_a_G9b0","s_computer_M_gen","s_closet_M_G9b0","s_cellPhone_M_G9b0","s_mirror_M_G9b0","s_pictureDad_lati_M_gen"],"unlocked":true,"miniGameCards":[]},{"keyPoints":["c_kidSister_lati_a_G9b1N","c_teacherEng_G9b1N","c_cousin_M_a_G9b1N","s_clock_G9b1N","s_brokenLamp_G9b1N"],"viewedAnimatic":true,"touchableObjects":["c_kidSister_lati_a_G9b1N","c_teacherEng_G9b1N","c_cousin_M_a_G9b1N","s_pictureDaddark_lati_gen","s_photoCracked_G9b1N","s_clock_G9b1N","s_boomBox_G9b1N","s_coupleOnCouch_G9b1N","s_brokenLamp_G9b1N"],"unlocked":true,"miniGameCards":[]},{"keyPoints":[],"viewedAnimatic":false,"touchableObjects":[],"unlocked":false,"miniGameCards":[]},{"keyPoints":[],"viewedAnimatic":false,"touchableObjects":[],"unlocked":false,"miniGameCards":[]},{"keyPoints":[],"viewedAnimatic":false,"touchableObjects":[],"unlocked":false,"miniGameCards":[]}],"stackSize":5},{"resolved":false,"challengeScenes":[{"keyPoints":["s_cellPhone_M_G10a0"],"viewedAnimatic":true,"touchableObjects":["s_bed2_M_G10a0","s_bed1_M_G10a0","s_door_M_gen","s_cellPhone_M_G10a0"],"unlocked":true,"miniGameCards":[]},{"keyPoints":[],"viewedAnimatic":false,"touchableObjects":[],"unlocked":true,"miniGameCards":[]},{"keyPoints":[],"viewedAnimatic":false,"touchableObjects":[],"unlocked":false,"miniGameCards":[]},{"keyPoints":[],"viewedAnimatic":false,"touchableObjects":[],"unlocked":true,"miniGameCards":[]},{"keyPoints":[],"viewedAnimatic":false,"touchableObjects":[],"unlocked":false,"miniGameCards":[]}],"stackSize":5},{"resolved":false,"challengeScenes":[{"keyPoints":[],"viewedAnimatic":false,"touchableObjects":[],"unlocked":false,"miniGameCards":[]},{"keyPoints":[],"viewedAnimatic":false,"touchableObjects":[],"unlocked":false,"miniGameCards":[]},{"keyPoints":[],"viewedAnimatic":false,"touchableObjects":[],"unlocked":false,"miniGameCards":[]},{"keyPoints":[],"viewedAnimatic":false,"touchableObjects":[],"unlocked":false,"miniGameCards":[]},{"keyPoints":[],"viewedAnimatic":false,"touchableObjects":[],"unlocked":false,"miniGameCards":[]}],"stackSize":5},{"resolved":false,"challengeScenes":[{"keyPoints":[],"viewedAnimatic":true,"touchableObjects":[],"unlocked":true,"miniGameCards":[]},{"keyPoints":[],"viewedAnimatic":false,"touchableObjects":[],"unlocked":true,"miniGameCards":[]},{"keyPoints":[],"viewedAnimatic":false,"touchableObjects":[],"unlocked":false,"miniGameCards":[]},{"keyPoints":[],"viewedAnimatic":false,"touchableObjects":[],"unlocked":false,"miniGameCards":[]},{"keyPoints":[],"viewedAnimatic":false,"touchableObjects":[],"unlocked":false,"miniGameCards":[]}],"stackSize":5},{"resolved":false,"challengeScenes":[{"keyPoints":[],"viewedAnimatic":false,"touchableObjects":[],"unlocked":false,"miniGameCards":[]},{"keyPoints":[],"viewedAnimatic":false,"touchableObjects":[],"unlocked":false,"miniGameCards":[]},{"keyPoints":[],"viewedAnimatic":false,"touchableObjects":[],"unlocked":false,"miniGameCards":[]},{"keyPoints":[],"viewedAnimatic":false,"touchableObjects":[],"unlocked":false,"miniGameCards":[]},{"keyPoints":[],"viewedAnimatic":false,"touchableObjects":[],"unlocked":false,"miniGameCards":[]}],"stackSize":5},{"resolved":false,"challengeScenes":[{"keyPoints":[],"viewedAnimatic":true,"touchableObjects":[],"unlocked":true,"miniGameCards":[]},{"keyPoints":[],"viewedAnimatic":true,"touchableObjects":[],"unlocked":true,"miniGameCards":[]},{"keyPoints":[],"viewedAnimatic":false,"touchableObjects":[],"unlocked":false,"miniGameCards":[]},{"keyPoints":[],"viewedAnimatic":true,"touchableObjects":[],"unlocked":true,"miniGameCards":[]},{"keyPoints":[],"viewedAnimatic":false,"touchableObjects":[],"unlocked":false,"miniGameCards":[]}],"stackSize":5},{"resolved":false,"challengeScenes":[{"keyPoints":[],"viewedAnimatic":false,"touchableObjects":[],"unlocked":false,"miniGameCards":[]},{"keyPoints":[],"viewedAnimatic":false,"touchableObjects":[],"unlocked":false,"miniGameCards":[]},{"keyPoints":[],"viewedAnimatic":false,"touchableObjects":[],"unlocked":false,"miniGameCards":[]},{"keyPoints":[],"viewedAnimatic":false,"touchableObjects":[],"unlocked":false,"miniGameCards":[]},{"keyPoints":[],"viewedAnimatic":false,"touchableObjects":[],"unlocked":false,"miniGameCards":[]}],"stackSize":5},{"resolved":true,"challengeScenes":[{"keyPoints":[],"viewedAnimatic":false,"touchableObjects":["c_family_lati_a_G0a0","c_player_lati_M_a_G0a0","c_education_G0a0","c_friends_G0a0"],"unlocked":true,"miniGameCards":[]},{"keyPoints":["c_family_lati_a_G0a1N","c_home_G0a1N","c_job_G0a1N"],"viewedAnimatic":false,"touchableObjects":["c_player_lati_M_a_G0a1N","c_family_lati_a_G0a1N","c_home_G0a1N","c_job_G0a1N"],"unlocked":true,"miniGameCards":[]},{"keyPoints":["c_Nurse_G0a1P","c_dad_lati_a_G0a1P","c_mom_lati_a_G0a1P","c_Teacher_G0a1P","c_grandma_lati_a_G0a1P","c_kidsister_lati_a_G0a1P"],"viewedAnimatic":false,"touchableObjects":["c_friends_G0a1P","c_cousins_M_a_G0a1P","c_Nurse_G0a1P","c_dad_lati_a_G0a1P","c_mom_lati_a_G0a1P","c_Teacher_G0a1P","c_grandma_lati_a_G0a1P","c_kidsister_lati_a_G0a1P"],"unlocked":true,"miniGameCards":[]}],"stackSize":3}],"minigames":[{"levelSaveData":[{"starRating":3,"unlocked":true},{"starRating":3,"unlocked":true},{"starRating":1,"unlocked":true},{"starRating":0,"unlocked":true},{"starRating":0,"unlocked":false},{"starRating":2,"unlocked":true},{"starRating":0,"unlocked":true},{"starRating":0,"unlocked":true},{"starRating":0,"unlocked":true},{"starRating":0,"unlocked":true}],"skillPoints":9},{"levelSaveData":[{"starRating":3,"unlocked":true},{"starRating":3,"unlocked":true},{"starRating":3,"unlocked":true},{"starRating":0,"unlocked":true},{"starRating":0,"unlocked":true},{"starRating":3,"unlocked":true},{"starRating":0,"unlocked":false},{"starRating":0,"unlocked":false},{"starRating":3,"unlocked":true},{"starRating":0,"unlocked":true}],"skillPoints":15},{"levelSaveData":[{"starRating":3,"unlocked":true},{"starRating":3,"unlocked":true},{"starRating":2,"unlocked":true},{"starRating":0,"unlocked":true},{"starRating":0,"unlocked":false},{"starRating":2,"unlocked":true},{"starRating":0,"unlocked":false},{"starRating":0,"unlocked":true},{"starRating":2,"unlocked":true},{"starRating":0,"unlocked":false}],"skillPoints":12},{"levelSaveData":[{"starRating":2,"unlocked":true},{"starRating":2,"unlocked":true},{"starRating":0,"unlocked":true},{"starRating":2,"unlocked":true},{"starRating":3,"unlocked":true},{"starRating":1,"unlocked":true},{"starRating":3,"unlocked":true},{"starRating":0,"unlocked":false},{"starRating":0,"unlocked":false},{"starRating":0,"unlocked":false}],"skillPoints":13},{"name":"g","gender":0,"visualAvatar":0,"age":14,"levelSaveData":[{"starRating":3,"unlocked":true},{"chunks":[["1"],["0$$Gred","0$$angle"],["15","2","4"],["0"]],"unlocked":true,"starRating":3},{"chunks":[["1"],["1$$basketball","4$$football"],["5","2"]],"unlocked":true,"starRating":3},{"chunks":[["3"],["4"],["6"],["0"],["0","4"],["6"]],"unlocked":true,"starRating":3},{"chunks":[["4"],["5"],["7","19"],["3"],["4"],["8"]],"unlocked":true,"starRating":3},{"chunks":[["5"],["6","4","4","5"],["8"],["3"]],"unlocked":true,"starRating":3},{"chunks":[["3"],["3"],["6","2"],["2","2"],["1"]],"unlocked":true,"starRating":3},{"chunks":[["7","4","6"],["0","5","2"],["0"],["0"],["2"]],"unlocked":true,"starRating":3},{"chunks":[["7","3","4"],["2","1","6"],["5","0"]],"unlocked":true,"starRating":3},{"chunks":[[null],[null],[null],[null],[null],[null]],"unlocked":false,"starRating":0}],"id":2,"skillPoints":27}],"playerId":6427013,"epilogue":{"rating":0},"sessionId":13,"avatar":{"name":"g","gender":0,"visualAvatar":0,"age":14,"levelSaveData":[{"starRating":3,"unlocked":true},{"chunks":[["1"],["0$$Gred","0$$angle"],["15","2","4"],["0"]],"unlocked":true,"starRating":3},{"chunks":[["1"],["1$$basketball","4$$football"],["5","2"]],"unlocked":true,"starRating":3},{"chunks":[["3"],["4"],["6"],["0"],["0","4"],["6"]],"unlocked":true,"starRating":3},{"chunks":[["4"],["5"],["7","19"],["3"],["4"],["8"]],"unlocked":true,"starRating":3},{"chunks":[["5"],["6","4","4","5"],["8"],["3"]],"unlocked":true,"starRating":3},{"chunks":[["3"],["3"],["6","2"],["2","2"],["1"]],"unlocked":true,"starRating":3},{"chunks":[["7","4","6"],["0","5","2"],["0"],["0"],["2"]],"unlocked":true,"starRating":3},{"chunks":[["7","3","4"],["2","1","6"],["5","0"]],"unlocked":true,"starRating":3},{"chunks":[[null],[null],[null],[null],[null],[null]],"unlocked":false,"starRating":0}],"id":2,"skillPoints":27}}
