6427016,0,6:35:4,7/26/2013 11:07:05am
6427016,100,6:35:8,6
6427016,102,6:35:9,6
6427016,200,6:35:9,6,14,12,16,20,27
6427016,210,6:35:12,742,442
6427016,211,6:35:13,684,381
6427016,213,6:35:13,6,c_crush1_F_b_G10a0,true
6427016,205,6:35:13,6,c_crush1_F_b_G10a0,false,true
6427016,210,6:35:27,797,307
6427016,211,6:35:28,1187,316
6427016,207,6:35:28,6,-200,-215
6427016,207,6:35:28,6,-215,-245
6427016,210,6:35:28,1165,299
6427016,207,6:35:29,6,-245,-485
6427016,211,6:35:30,1310,564
6427016,210,6:35:30,1165,564
6427016,211,6:35:32,1285,535
6427016,210,6:35:33,1106,516
6427016,211,6:35:33,910,277
6427016,221,6:35:34,6
6427016,220,6:35:36,6
6427016,1003,6:35:36,3
6427016,221,6:35:46,6
6427016,220,6:35:47,6
6427016,210,6:35:56,997,362
6427016,211,6:35:58,1019,463
6427016,213,6:35:58,6,s_kleenex_G10a2N,true
6427016,210,6:36:1,685,370
6427016,211,6:36:2,753,357
6427016,213,6:36:2,6,s_cot_G10a2N,true
6427016,210,6:36:6,574,521
6427016,207,6:36:9,6,-200,0
6427016,211,6:36:13,253,607
6427016,213,6:36:13,6,s_pamphlet2_G10a2N,true
6427016,212,6:36:16,1
6427016,210,6:36:16,1033,459
6427016,207,6:36:16,6,0,-75
6427016,211,6:36:18,621,376
6427016,213,6:36:18,6,c_nurse_G10a2N,true
6427016,205,6:36:18,6,c_nurse_G10a2N,false,false
6427016,210,6:36:27,368,520
6427016,207,6:36:40,6,-75,-300
6427016,211,6:36:41,1137,497
6427016,213,6:36:41,6,s_phone_G10a2N,false
6427016,1003,6:36:46,1
6427016,1004,6:36:51,4
6427016,800,6:36:53,4,[]
6427016,801,6:36:55,4,[]
6427016,814,6:37:1,4,[4]
6427016,815,6:37:1,4,4,OpportunityCardData_id:24
6427016,815,6:37:2,4,4,OpportunityCardData_id:25
6427016,816,6:37:5,4,4,OpportunityCardData_id:25
6427016,805,6:37:6,4,[OpportunityCardData_id:25]
6427016,807,6:37:10,4,[OpportunityCardData_id:25]
6427016,808,6:37:18,4,[OpportunityCardData_id:25]
6427016,809,6:37:33,4,[OpportunityCardData_id:25,Safe,false]
6427016,810,6:37:37,4,[OpportunityCardData_id:25,PriorityData_type:4,15,Safe,Safe]
6427016,814,6:37:43,4,[5]
6427016,815,6:37:43,4,5,OpportunityCardData_id:30
6427016,816,6:37:45,4,5,OpportunityCardData_id:30
6427016,805,6:37:45,4,[OpportunityCardData_id:30]
6427016,807,6:37:46,4,[OpportunityCardData_id:30]
6427016,808,6:37:48,4,[OpportunityCardData_id:30]
6427016,809,6:37:55,4,[OpportunityCardData_id:30,PriorityData_type:2,false]
6427016,810,6:37:57,4,[OpportunityCardData_id:30,PriorityData_type:5,20,PriorityData_type:2,10]
6427016,814,6:38:3,4,[4]
6427016,815,6:38:3,4,4,OpportunityCardData_id:24
6427016,815,6:38:4,4,4,OpportunityCardData_id:26
6427016,815,6:38:5,4,4,OpportunityCardData_id:27
6427016,815,6:38:6,4,4,OpportunityCardData_id:28
6427016,815,6:38:7,4,4,OpportunityCardData_id:29
6427016,815,6:38:8,4,4,OpportunityCardData_id:24
6427016,815,6:38:9,4,4,OpportunityCardData_id:26
6427016,816,6:38:11,4,4,OpportunityCardData_id:26
6427016,805,6:38:12,4,[OpportunityCardData_id:26]
6427016,807,6:38:13,4,[OpportunityCardData_id:26]
6427016,808,6:38:14,4,[OpportunityCardData_id:26]
6427016,809,6:38:25,4,[OpportunityCardData_id:26,Safe,false]
6427016,810,6:38:26,4,[OpportunityCardData_id:26,PriorityData_type:4,15,Safe,Safe]
6427016,814,6:38:28,4,[5]
6427016,815,6:38:28,4,5,OpportunityCardData_id:31
6427016,815,6:38:30,4,5,OpportunityCardData_id:32
6427016,816,6:38:32,4,5,OpportunityCardData_id:32
6427016,805,6:38:34,4,[OpportunityCardData_id:32]
6427016,807,6:38:35,4,[OpportunityCardData_id:32]
6427016,808,6:38:37,4,[OpportunityCardData_id:32]
6427016,809,6:38:49,4,[OpportunityCardData_id:32,PriorityData_type:2,false]
6427016,810,6:38:51,4,[OpportunityCardData_id:32,PriorityData_type:5,15,PriorityData_type:2,10]
6427016,814,6:38:57,4,[5]
6427016,815,6:38:57,4,5,OpportunityCardData_id:31
6427016,817,6:39:0,4,5
6427016,814,6:39:1,4,[1]
6427016,815,6:39:1,4,1,OpportunityCardData_id:6
6427016,816,6:39:4,4,1,OpportunityCardData_id:6
6427016,805,6:39:5,4,[OpportunityCardData_id:6]
6427016,806,6:39:8,4,[OpportunityCardData_id:6,PriorityData_type:2]
6427016,807,6:39:9,4,[OpportunityCardData_id:6]
6427016,808,6:39:11,4,[OpportunityCardData_id:6]
6427016,809,6:39:23,4,[OpportunityCardData_id:6,PriorityData_type:0,false]
6427016,810,6:39:24,4,[OpportunityCardData_id:6,PriorityData_type:1,20,PriorityData_type:0,15]
6427016,814,6:39:28,4,[2]
6427016,815,6:39:28,4,2,OpportunityCardData_id:12
6427016,816,6:39:31,4,2,OpportunityCardData_id:12
6427016,805,6:39:34,4,[OpportunityCardData_id:12]
6427016,807,6:39:34,4,[OpportunityCardData_id:12]
6427016,808,6:39:36,4,[OpportunityCardData_id:12]
6427016,809,6:39:45,4,[OpportunityCardData_id:12,PriorityData_type:4,false]
6427016,810,6:39:47,4,[OpportunityCardData_id:12,PriorityData_type:2,10,PriorityData_type:4,10]
6427016,814,6:39:50,4,[4]
6427016,815,6:39:50,4,4,OpportunityCardData_id:24
6427016,815,6:39:51,4,4,OpportunityCardData_id:27
6427016,815,6:39:52,4,4,OpportunityCardData_id:28
6427016,815,6:39:52,4,4,OpportunityCardData_id:29
6427016,815,6:39:53,4,4,OpportunityCardData_id:24
6427016,817,6:39:54,4,4
6427016,814,6:39:55,4,[0]
6427016,815,6:39:55,4,0,OpportunityCardData_id:0
6427016,816,6:39:56,4,0,OpportunityCardData_id:0
6427016,805,6:39:57,4,[OpportunityCardData_id:0]
6427016,807,6:40:0,4,[OpportunityCardData_id:0]
6427016,808,6:40:2,4,[OpportunityCardData_id:0]
6427016,809,6:40:8,4,[OpportunityCardData_id:0,PriorityData_type:1,false]
6427016,810,6:40:10,4,[OpportunityCardData_id:0,PriorityData_type:0,15,PriorityData_type:1,15]
6427016,814,6:40:13,4,[3]
6427016,815,6:40:13,4,3,OpportunityCardData_id:18
6427016,816,6:40:14,4,3,OpportunityCardData_id:18
6427016,805,6:40:15,4,[OpportunityCardData_id:18]
6427016,807,6:40:22,4,[OpportunityCardData_id:18]
6427016,808,6:40:24,4,[OpportunityCardData_id:18]
6427016,809,6:40:31,4,[OpportunityCardData_id:18,PriorityData_type:0,false]
6427016,810,6:40:31,4,[OpportunityCardData_id:18,PriorityData_type:3,15,PriorityData_type:0,25]
6427016,814,6:40:36,4,[4]
6427016,815,6:40:36,4,4,OpportunityCardData_id:24
6427016,815,6:40:37,4,4,OpportunityCardData_id:27
6427016,815,6:40:38,4,4,OpportunityCardData_id:28
6427016,815,6:40:39,4,4,OpportunityCardData_id:29
6427016,815,6:40:39,4,4,OpportunityCardData_id:24
6427016,815,6:40:40,4,4,OpportunityCardData_id:27
6427016,816,6:40:41,4,4,OpportunityCardData_id:27
6427016,805,6:40:41,4,[OpportunityCardData_id:27]
6427016,807,6:40:44,4,[OpportunityCardData_id:27]
6427016,808,6:40:46,4,[OpportunityCardData_id:27]
6427016,809,6:40:53,4,[OpportunityCardData_id:27,PriorityData_type:0,false]
6427016,810,6:40:54,4,[OpportunityCardData_id:27,PriorityData_type:4,15,PriorityData_type:0,20]
6427016,812,6:40:56,4,[OpportunityCardData_id:27,PriorityData_type:0]
6427016,813,6:40:58,4,[]
6427016,1001,6:40:59,4,[]
6427016,1003,6:40:59,1
6427016,1004,6:41:3,8
6427016,800,6:41:5,8,[]
6427016,801,6:41:14,8,[]
6427016,814,6:41:16,8,[0]
6427016,815,6:41:16,8,0,OpportunityCardData_id:0
6427016,816,6:41:18,8,0,OpportunityCardData_id:0
6427016,805,6:41:19,8,[OpportunityCardData_id:0]
6427016,807,6:41:20,8,[OpportunityCardData_id:0]
6427016,808,6:41:28,8,[OpportunityCardData_id:0]
6427016,809,6:41:39,8,[OpportunityCardData_id:0,Safe,false]
6427016,810,6:41:40,8,[OpportunityCardData_id:0,PriorityData_type:0,15,Safe,Safe]
6427016,814,6:41:45,8,[3]
6427016,815,6:41:45,8,3,OpportunityCardData_id:19
6427016,815,6:41:47,8,3,OpportunityCardData_id:20
6427016,815,6:41:49,8,3,OpportunityCardData_id:21
6427016,815,6:41:50,8,3,OpportunityCardData_id:22
6427016,815,6:41:52,8,3,OpportunityCardData_id:23
6427016,816,6:41:55,8,3,OpportunityCardData_id:23
6427016,805,6:41:56,8,[OpportunityCardData_id:23]
6427016,807,6:41:59,8,[OpportunityCardData_id:23]
6427016,808,6:42:1,8,[OpportunityCardData_id:23]
6427016,809,6:42:14,8,[OpportunityCardData_id:23,PriorityData_type:4,false]
6427016,810,6:42:15,8,[OpportunityCardData_id:23,PriorityData_type:3,10,PriorityData_type:4,30]
6427016,814,6:42:17,8,[4]
6427016,815,6:42:17,8,4,OpportunityCardData_id:26
6427016,815,6:42:19,8,4,OpportunityCardData_id:27
6427016,815,6:42:20,8,4,OpportunityCardData_id:28
6427016,815,6:42:22,8,4,OpportunityCardData_id:29
6427016,815,6:42:23,8,4,OpportunityCardData_id:30
6427016,815,6:42:24,8,4,OpportunityCardData_id:31
6427016,815,6:42:25,8,4,OpportunityCardData_id:26
6427016,816,6:42:26,8,4,OpportunityCardData_id:26
6427016,805,6:42:28,8,[OpportunityCardData_id:26]
6427016,807,6:42:29,8,[OpportunityCardData_id:26]
6427016,808,6:42:30,8,[OpportunityCardData_id:26]
6427016,809,6:42:55,8,[OpportunityCardData_id:26,PriorityData_type:0,false]
6427016,810,6:42:56,8,[OpportunityCardData_id:26,PriorityData_type:4,15,PriorityData_type:0,10]
6427016,814,6:43:2,8,[3]
6427016,815,6:43:2,8,3,OpportunityCardData_id:19
6427016,815,6:43:4,8,3,OpportunityCardData_id:20
6427016,815,6:43:5,8,3,OpportunityCardData_id:19
6427016,816,6:43:6,8,3,OpportunityCardData_id:19
6427016,805,6:43:7,8,[OpportunityCardData_id:19]
6427016,807,6:43:11,8,[OpportunityCardData_id:19]
6427016,808,6:43:12,8,[OpportunityCardData_id:19]
6427016,809,6:43:21,8,[OpportunityCardData_id:19,PriorityData_type:0,false]
6427016,810,6:43:23,8,[OpportunityCardData_id:19,PriorityData_type:3,15,PriorityData_type:0,35]
6427016,814,6:43:26,8,[0]
6427016,815,6:43:26,8,0,OpportunityCardData_id:1
6427016,816,6:43:28,8,0,OpportunityCardData_id:1
6427016,805,6:43:29,8,[OpportunityCardData_id:1]
6427016,807,6:43:32,8,[OpportunityCardData_id:1]
6427016,808,6:43:34,8,[OpportunityCardData_id:1]
6427016,809,6:43:55,8,[OpportunityCardData_id:1,Safe,false]
6427016,810,6:43:56,8,[OpportunityCardData_id:1,PriorityData_type:0,15,Safe,Safe]
6427016,814,6:43:58,8,[0]
6427016,815,6:43:58,8,0,OpportunityCardData_id:2
6427016,815,6:43:59,8,0,OpportunityCardData_id:3
6427016,816,6:44:2,8,0,OpportunityCardData_id:3
6427016,805,6:44:3,8,[OpportunityCardData_id:3]
6427016,807,6:44:4,8,[OpportunityCardData_id:3]
6427016,808,6:44:5,8,[OpportunityCardData_id:3]
6427016,809,6:44:19,8,[OpportunityCardData_id:3,PriorityData_type:1,false]
6427016,810,6:44:21,8,[OpportunityCardData_id:3,PriorityData_type:0,10,PriorityData_type:1,10]
6427016,814,6:45:9,8,[0]
6427016,815,6:45:9,8,0,OpportunityCardData_id:2
6427016,815,6:45:10,8,0,OpportunityCardData_id:4
6427016,815,6:45:11,8,0,OpportunityCardData_id:5
6427016,816,6:45:12,8,0,OpportunityCardData_id:5
6427016,805,6:45:13,8,[OpportunityCardData_id:5]
6427016,807,6:45:14,8,[OpportunityCardData_id:5]
6427016,808,6:45:16,8,[OpportunityCardData_id:5]
6427016,809,6:45:27,8,[OpportunityCardData_id:5,PriorityData_type:5,false]
6427016,810,6:45:28,8,[OpportunityCardData_id:5,PriorityData_type:0,15,PriorityData_type:5,10]
6427016,814,6:45:31,8,[5]
6427016,815,6:45:31,8,5,OpportunityCardData_id:32
6427016,816,6:45:33,8,5,OpportunityCardData_id:32
6427016,804,6:45:34,8,[OpportunityCardData_id:32]
6427016,814,6:45:34,8,[5]
6427016,815,6:45:34,8,5,OpportunityCardData_id:33
6427016,816,6:45:35,8,5,OpportunityCardData_id:33
6427016,805,6:45:37,8,[OpportunityCardData_id:33]
6427016,806,6:45:38,8,[OpportunityCardData_id:33,PriorityData_type:0]
6427016,807,6:45:40,8,[OpportunityCardData_id:33]
6427016,808,6:45:42,8,[OpportunityCardData_id:33]
6427016,809,6:45:50,8,[OpportunityCardData_id:33,PriorityData_type:4,false]
6427016,810,6:45:51,8,[OpportunityCardData_id:33,PriorityData_type:5,15,PriorityData_type:4,10]
6427016,814,6:45:54,8,[4]
6427016,815,6:45:54,8,4,OpportunityCardData_id:27
6427016,815,6:45:56,8,4,OpportunityCardData_id:28
6427016,815,6:45:57,8,4,OpportunityCardData_id:29
6427016,815,6:45:59,8,4,OpportunityCardData_id:28
6427016,816,6:45:59,8,4,OpportunityCardData_id:28
6427016,805,6:46:0,8,[OpportunityCardData_id:28]
6427016,807,6:46:1,8,[OpportunityCardData_id:28]
6427016,808,6:46:3,8,[OpportunityCardData_id:28]
6427016,809,6:46:12,8,[OpportunityCardData_id:28,PriorityData_type:5,false]
6427016,810,6:46:15,8,[OpportunityCardData_id:28,PriorityData_type:4,15,PriorityData_type:5,10]
6427016,814,6:46:18,8,[4]
6427016,815,6:46:18,8,4,OpportunityCardData_id:27
6427016,815,6:46:21,8,4,OpportunityCardData_id:29
6427016,815,6:46:22,8,4,OpportunityCardData_id:30
6427016,815,6:46:23,8,4,OpportunityCardData_id:31
6427016,815,6:46:24,8,4,OpportunityCardData_id:27
6427016,815,6:46:25,8,4,OpportunityCardData_id:31
6427016,816,6:46:26,8,4,OpportunityCardData_id:31
6427016,805,6:46:27,8,[OpportunityCardData_id:31]
6427016,806,6:46:32,8,[OpportunityCardData_id:31,PriorityData_type:0]
6427016,807,6:46:32,8,[OpportunityCardData_id:31]
6427016,808,6:46:34,8,[OpportunityCardData_id:31]
6427016,809,6:46:42,8,[OpportunityCardData_id:31,PriorityData_type:5,false]
6427016,810,6:46:43,8,[OpportunityCardData_id:31,PriorityData_type:4,10,PriorityData_type:5,25]
6427016,812,6:46:45,8,[OpportunityCardData_id:31,PriorityData_type:5]
6427016,813,6:46:47,8,[]
6427016,1001,6:46:48,8,[]
6427016,1003,6:46:48,1
6427016,210,6:46:53,1073,388
6427016,207,6:46:54,6,-200,-410
6427016,207,6:46:55,6,-410,-492
6427016,211,6:46:56,1511,540
6427016,210,6:46:56,1491,573
6427016,211,6:46:58,1113,205
6427016,212,6:46:58,0
6427016,210,6:46:59,1325,466
6427016,211,6:47:0,1036,470
6427016,213,6:47:0,6,s_kleenex_G10a2N,true
6427016,210,6:47:2,945,367
6427016,207,6:47:6,6,-492,-372
6427016,207,6:47:6,6,-372,-327
6427016,211,6:47:7,652,407
6427016,210,6:47:7,603,386
6427016,207,6:47:8,6,-327,-192
6427016,207,6:47:9,6,-192,-87
6427016,207,6:47:10,6,-87,-57
6427016,211,6:47:11,188,554
6427016,213,6:47:11,6,s_pamphlet1_G10a2N,true
6427016,1003,6:47:16,0
6427016,1004,6:47:19,5
6427016,400,6:47:23,5,[]
6427016,401,6:47:34,5,[StatementsData_logId:0]
6427016,403,6:47:37,5,[StatementsData_logId:0,true]
6427016,405,6:47:38,5,[StatementsData_logId:0]
6427016,406,6:47:39,5,[StatementsData_logId:0,2]
6427016,407,6:47:39,5,[StatementsData_logId:0,FactCardData_id:26]
6427016,407,6:47:39,5,[StatementsData_logId:0,FactCardData_id:5]
6427016,407,6:47:39,5,[StatementsData_logId:0,FactCardData_id:1]
6427016,407,6:47:39,5,[StatementsData_logId:0,FactCardData_id:24]
6427016,407,6:47:39,5,[StatementsData_logId:0,FactCardData_id:27]
6427016,407,6:47:39,5,[StatementsData_logId:0,FactCardData_id:4]
6427016,407,6:47:46,5,[StatementsData_logId:0,FactCardData_id:26]
6427016,407,6:47:46,5,[StatementsData_logId:0,FactCardData_id:26]
6427016,407,6:47:50,5,[StatementsData_logId:0,FactCardData_id:27]
6427016,407,6:47:50,5,[StatementsData_logId:0,FactCardData_id:26]
6427016,407,6:47:50,5,[StatementsData_logId:0,FactCardData_id:27]
6427016,408,6:47:56,5,[StatementsData_logId:0,FactCardData_id:27,true]
6427016,409,6:47:56,5,[StatementsData_logId:0]
6427016,410,6:47:58,5,[StatementsData_logId:0,2]
6427016,412,6:48:3,5,[StatementsData_logId:0]
6427016,413,6:48:8,5,[StatementsData_logId:0,DuelResponsesData_logId:0]
6427016,414,6:48:16,5,[StatementsData_logId:0,DuelResponsesData_logId:0]
6427016,415,6:48:21,5,[StatementsData_logId:0,DuelResponsesData_logId:0,DuelResponsesData_witty_player_response]
6427016,416,6:48:22,5,[StatementsData_logId:0,DuelResponsesData_logId:0]
6427016,417,6:48:23,5,[StatementsData_logId:0,DuelResponsesData_logId:0]
6427016,413,6:48:28,5,[StatementsData_logId:0,DuelResponsesData_logId:1]
6427016,414,6:48:29,5,[StatementsData_logId:0,DuelResponsesData_logId:1]
6427016,415,6:48:32,5,[StatementsData_logId:0,DuelResponsesData_logId:1,DuelResponsesData_ok_player_response]
6427016,416,6:48:32,5,[StatementsData_logId:0,DuelResponsesData_logId:1]
6427016,417,6:48:33,5,[StatementsData_logId:0,DuelResponsesData_logId:1]
6427016,413,6:48:34,5,[StatementsData_logId:0,DuelResponsesData_logId:2]
6427016,414,6:48:36,5,[StatementsData_logId:0,DuelResponsesData_logId:2]
6427016,415,6:48:38,5,[StatementsData_logId:0,DuelResponsesData_logId:2,DuelResponsesData_witty_player_response]
6427016,416,6:48:38,5,[StatementsData_logId:0,DuelResponsesData_logId:2]
6427016,417,6:48:39,5,[StatementsData_logId:0,DuelResponsesData_logId:2]
6427016,418,6:48:39,5,[StatementsData_logId:0,true]
6427016,419,6:48:40,5,[StatementsData_logId:0,4]
6427016,411,6:48:43,5,[StatementsData_logId:0]
6427016,401,6:48:48,5,[StatementsData_logId:1]
6427016,403,6:48:49,5,[StatementsData_logId:1,false]
6427016,405,6:48:50,5,[StatementsData_logId:1]
6427016,406,6:48:51,5,[StatementsData_logId:1,-2]
6427016,411,6:48:52,5,[StatementsData_logId:1]
6427016,401,6:48:56,5,[StatementsData_logId:2]
6427016,403,6:48:59,5,[StatementsData_logId:2,true]
6427016,405,6:48:59,5,[StatementsData_logId:2]
6427016,406,6:49:0,5,[StatementsData_logId:2,2]
6427016,407,6:49:0,5,[StatementsData_logId:2,FactCardData_id:1]
6427016,407,6:49:0,5,[StatementsData_logId:2,FactCardData_id:27]
6427016,407,6:49:0,5,[StatementsData_logId:2,FactCardData_id:26]
6427016,407,6:49:0,5,[StatementsData_logId:2,FactCardData_id:5]
6427016,407,6:49:0,5,[StatementsData_logId:2,FactCardData_id:4]
6427016,407,6:49:0,5,[StatementsData_logId:2,FactCardData_id:24]
6427016,407,6:49:5,5,[StatementsData_logId:2,FactCardData_id:24]
6427016,407,6:49:5,5,[StatementsData_logId:2,FactCardData_id:24]
6427016,407,6:49:13,5,[StatementsData_logId:2,FactCardData_id:5]
6427016,407,6:49:13,5,[StatementsData_logId:2,FactCardData_id:24]
6427016,407,6:49:13,5,[StatementsData_logId:2,FactCardData_id:5]
6427016,407,6:49:14,5,[StatementsData_logId:2,FactCardData_id:27]
6427016,407,6:49:14,5,[StatementsData_logId:2,FactCardData_id:5]
6427016,407,6:49:14,5,[StatementsData_logId:2,FactCardData_id:27]
6427016,407,6:49:17,5,[StatementsData_logId:2,FactCardData_id:4]
6427016,407,6:49:17,5,[StatementsData_logId:2,FactCardData_id:27]
6427016,407,6:49:17,5,[StatementsData_logId:2,FactCardData_id:4]
6427016,407,6:49:18,5,[StatementsData_logId:2,FactCardData_id:26]
6427016,407,6:49:18,5,[StatementsData_logId:2,FactCardData_id:4]
6427016,407,6:49:18,5,[StatementsData_logId:2,FactCardData_id:26]
6427016,407,6:49:21,5,[StatementsData_logId:2,FactCardData_id:1]
6427016,407,6:49:21,5,[StatementsData_logId:2,FactCardData_id:26]
6427016,407,6:49:21,5,[StatementsData_logId:2,FactCardData_id:1]
6427016,407,6:49:23,5,[StatementsData_logId:2,FactCardData_id:24]
6427016,407,6:49:23,5,[StatementsData_logId:2,FactCardData_id:1]
6427016,407,6:49:23,5,[StatementsData_logId:2,FactCardData_id:24]
6427016,408,6:49:24,5,[StatementsData_logId:2,FactCardData_id:24,true]
6427016,409,6:49:24,5,[StatementsData_logId:2]
6427016,410,6:49:25,5,[StatementsData_logId:2,2]
6427016,412,6:49:38,5,[StatementsData_logId:2]
6427016,413,6:49:43,5,[StatementsData_logId:2,DuelResponsesData_logId:6]
6427016,414,6:49:44,5,[StatementsData_logId:2,DuelResponsesData_logId:6]
6427016,415,6:49:49,5,[StatementsData_logId:2,DuelResponsesData_logId:6,DuelResponsesData_ok_player_response]
6427016,416,6:49:50,5,[StatementsData_logId:2,DuelResponsesData_logId:6]
6427016,417,6:49:50,5,[StatementsData_logId:2,DuelResponsesData_logId:6]
6427016,413,6:49:55,5,[StatementsData_logId:2,DuelResponsesData_logId:7]
6427016,414,6:49:56,5,[StatementsData_logId:2,DuelResponsesData_logId:7]
6427016,415,6:50:3,5,[StatementsData_logId:2,DuelResponsesData_logId:7,DuelResponsesData_witty_player_response]
6427016,416,6:50:4,5,[StatementsData_logId:2,DuelResponsesData_logId:7]
6427016,417,6:50:5,5,[StatementsData_logId:2,DuelResponsesData_logId:7]
6427016,413,6:50:7,5,[StatementsData_logId:2,DuelResponsesData_logId:8]
6427016,414,6:50:8,5,[StatementsData_logId:2,DuelResponsesData_logId:8]
6427016,415,6:50:14,5,[StatementsData_logId:2,DuelResponsesData_logId:8,DuelResponsesData_witty_player_response]
6427016,416,6:50:15,5,[StatementsData_logId:2,DuelResponsesData_logId:8]
6427016,417,6:50:15,5,[StatementsData_logId:2,DuelResponsesData_logId:8]
6427016,418,6:50:15,5,[StatementsData_logId:2,true]
6427016,419,6:50:17,5,[StatementsData_logId:2,4]
6427016,411,6:50:18,5,[StatementsData_logId:2]
6427016,401,6:50:26,5,[StatementsData_logId:3]
6427016,402,6:50:27,5,[StatementsData_logId:3,true]
6427016,405,6:50:28,5,[StatementsData_logId:3]
6427016,406,6:50:29,5,[StatementsData_logId:3,2]
6427016,411,6:50:30,5,[StatementsData_logId:3]
6427016,401,6:50:36,5,[StatementsData_logId:4]
6427016,403,6:50:38,5,[StatementsData_logId:4,true]
6427016,405,6:50:39,5,[StatementsData_logId:4]
6427016,406,6:50:40,5,[StatementsData_logId:4,2]
6427016,407,6:50:40,5,[StatementsData_logId:4,FactCardData_id:26]
6427016,407,6:50:40,5,[StatementsData_logId:4,FactCardData_id:24]
6427016,407,6:50:40,5,[StatementsData_logId:4,FactCardData_id:27]
6427016,407,6:50:40,5,[StatementsData_logId:4,FactCardData_id:4]
6427016,407,6:50:40,5,[StatementsData_logId:4,FactCardData_id:1]
6427016,407,6:50:40,5,[StatementsData_logId:4,FactCardData_id:5]
6427016,407,6:50:44,5,[StatementsData_logId:4,FactCardData_id:5]
6427016,407,6:50:44,5,[StatementsData_logId:4,FactCardData_id:5]
6427016,408,6:50:45,5,[StatementsData_logId:4,FactCardData_id:5,true]
6427016,409,6:50:45,5,[StatementsData_logId:4]
6427016,410,6:50:46,5,[StatementsData_logId:4,2]
6427016,412,6:50:50,5,[StatementsData_logId:4]
6427016,413,6:50:53,5,[StatementsData_logId:4,DuelResponsesData_logId:9]
6427016,414,6:50:54,5,[StatementsData_logId:4,DuelResponsesData_logId:9]
6427016,415,6:51:0,5,[StatementsData_logId:4,DuelResponsesData_logId:9,DuelResponsesData_witty_player_response]
6427016,416,6:51:1,5,[StatementsData_logId:4,DuelResponsesData_logId:9]
6427016,417,6:51:1,5,[StatementsData_logId:4,DuelResponsesData_logId:9]
6427016,413,6:51:6,5,[StatementsData_logId:4,DuelResponsesData_logId:10]
6427016,414,6:51:8,5,[StatementsData_logId:4,DuelResponsesData_logId:10]
6427016,415,6:51:14,5,[StatementsData_logId:4,DuelResponsesData_logId:10,DuelResponsesData_witty_player_response]
6427016,416,6:51:15,5,[StatementsData_logId:4,DuelResponsesData_logId:10]
6427016,417,6:51:15,5,[StatementsData_logId:4,DuelResponsesData_logId:10]
6427016,413,6:51:21,5,[StatementsData_logId:4,DuelResponsesData_logId:11]
6427016,414,6:51:22,5,[StatementsData_logId:4,DuelResponsesData_logId:11]
6427016,415,6:51:26,5,[StatementsData_logId:4,DuelResponsesData_logId:11,DuelResponsesData_witty_player_response]
6427016,416,6:51:27,5,[StatementsData_logId:4,DuelResponsesData_logId:11]
6427016,417,6:51:28,5,[StatementsData_logId:4,DuelResponsesData_logId:11]
6427016,418,6:51:28,5,[StatementsData_logId:4,true]
6427016,419,6:51:30,5,[StatementsData_logId:4,4]
6427016,411,6:51:31,5,[StatementsData_logId:4]
6427016,401,6:51:40,5,[StatementsData_logId:5]
6427016,402,6:51:41,5,[StatementsData_logId:5,true]
6427016,405,6:51:42,5,[StatementsData_logId:5]
6427016,406,6:51:43,5,[StatementsData_logId:5,2]
6427016,411,6:51:44,5,[StatementsData_logId:5]
6427016,420,6:51:44,5,[68]
6427016,1005,6:51:44,5,[0,0,2]
6427016,1001,6:51:47,5,[]
6427016,1003,6:51:47,0
6427016,207,6:51:51,6,-200,-230
6427016,210,6:51:51,1151,455
6427016,211,6:51:52,652,526
6427016,210,6:51:52,361,577
6427016,207,6:51:54,6,-230,-20
6427016,211,6:51:56,173,561
6427016,213,6:51:56,6,s_pamphlet1_G10a2N,true
6427016,205,6:51:56,6,s_pamphlet1_G10a2N,false,false
6427016,210,6:52:0,459,524
6427016,211,6:52:3,1159,539
6427016,207,6:52:3,6,-20,-155
6427016,207,6:52:3,6,-155,-170
6427016,210,6:52:3,1050,468
6427016,207,6:52:6,6,-170,-320
6427016,207,6:52:8,6,-320,-492
6427016,211,6:52:9,1504,457
6427016,210,6:52:9,1287,453
6427016,207,6:52:14,6,-492,-312
6427016,207,6:52:15,6,-312,-132
6427016,207,6:52:17,6,-132,-42
6427016,207,6:52:21,6,-42,0
6427016,211,6:52:22,254,272
6427016,212,6:52:23,2
6427016,210,6:52:23,756,521
6427016,207,6:52:33,6,0,-60
6427016,207,6:52:33,6,-60,-225
6427016,211,6:52:35,1159,413
6427016,210,6:52:36,1270,253
6427016,207,6:52:36,6,-225,-450
6427016,207,6:52:39,6,-450,-492
6427016,211,6:52:39,1465,585
6427016,210,6:52:39,1481,483
6427016,211,6:52:39,1473,506
6427016,212,6:52:41,0
6427016,210,6:52:41,1486,492
6427016,211,6:52:42,1346,504
6427016,210,6:52:42,1300,446
6427016,207,6:52:49,6,-492,-342
6427016,211,6:52:50,298,176
6427016,207,6:52:50,6,-342,-282
6427016,207,6:52:50,6,-282,-237
6427016,210,6:52:50,368,165
6427016,207,6:52:51,6,-237,-57
6427016,211,6:52:53,181,561
6427016,213,6:52:53,6,s_pamphlet1_G10a2N,true
6427016,205,6:52:53,6,s_pamphlet1_G10a2N,false,true
6427016,210,6:52:57,256,609
6427016,207,6:53:1,6,-57,-267
6427016,211,6:53:2,1088,478
6427016,212,6:53:2,2
6427016,210,6:53:3,1141,457
6427016,211,6:53:8,485,306
6427016,210,6:53:18,946,317
6427016,207,6:53:19,6,-200,-245
6427016,211,6:53:25,1173,653
6427016,212,6:53:25,1
6427016,210,6:53:26,578,268
6427016,211,6:53:27,520,200
6427016,213,6:53:27,6,s_calendar_F_gen,false
6427016,1003,6:53:32,1
6427016,1004,6:53:36,8
6427016,800,6:53:37,8,[]
6427016,801,6:53:39,8,[]
6427016,814,6:53:44,8,[3]
6427016,815,6:53:44,8,3,OpportunityCardData_id:19
6427016,815,6:53:45,8,3,OpportunityCardData_id:20
6427016,815,6:53:46,8,3,OpportunityCardData_id:19
6427016,816,6:53:47,8,3,OpportunityCardData_id:19
6427016,805,6:53:47,8,[OpportunityCardData_id:19]
6427016,807,6:53:48,8,[OpportunityCardData_id:19]
6427016,808,6:53:51,8,[OpportunityCardData_id:19]
6427016,809,6:54:4,8,[OpportunityCardData_id:19,PriorityData_type:2,false]
6427016,810,6:54:15,8,[OpportunityCardData_id:19,PriorityData_type:3,15,PriorityData_type:2,25]
6427016,814,6:54:21,8,[2]
6427016,815,6:54:21,8,2,OpportunityCardData_id:13
6427016,815,6:54:24,8,2,OpportunityCardData_id:14
6427016,816,6:54:29,8,2,OpportunityCardData_id:14
6427016,805,6:54:30,8,[OpportunityCardData_id:14]
6427016,807,6:54:32,8,[OpportunityCardData_id:14]
6427016,808,6:54:54,8,[OpportunityCardData_id:14]
6427016,809,6:55:0,8,[OpportunityCardData_id:14,PriorityData_type:3,false]
6427016,810,6:55:2,8,[OpportunityCardData_id:14,PriorityData_type:2,15,PriorityData_type:3,10]
6427016,814,6:55:8,8,[3]
6427016,815,6:55:8,8,3,OpportunityCardData_id:20
6427016,815,6:55:22,8,3,OpportunityCardData_id:21
6427016,816,6:55:24,8,3,OpportunityCardData_id:21
6427016,805,6:55:24,8,[OpportunityCardData_id:21]
6427016,807,6:55:25,8,[OpportunityCardData_id:21]
6427016,808,6:55:27,8,[OpportunityCardData_id:21]
6427016,809,6:55:34,8,[OpportunityCardData_id:21,Safe,false]
6427016,810,6:55:34,8,[OpportunityCardData_id:21,PriorityData_type:3,20,Safe,Safe]
6427016,814,6:55:41,8,[5]
6427016,815,6:55:41,8,5,OpportunityCardData_id:32
6427016,817,6:55:44,8,5
6427016,814,6:55:45,8,[0]
6427016,815,6:55:45,8,0,OpportunityCardData_id:0
6427016,816,6:55:48,8,0,OpportunityCardData_id:0
6427016,805,6:55:48,8,[OpportunityCardData_id:0]
6427016,807,6:55:49,8,[OpportunityCardData_id:0]
6427016,808,6:55:51,8,[OpportunityCardData_id:0]
6427016,809,6:55:59,8,[OpportunityCardData_id:0,Safe,false]
6427016,810,6:56:0,8,[OpportunityCardData_id:0,PriorityData_type:0,15,Safe,Safe]
6427016,814,6:56:3,8,[3]
6427016,815,6:56:3,8,3,OpportunityCardData_id:20
6427016,815,6:56:5,8,3,OpportunityCardData_id:25
6427016,817,6:56:6,8,3
6427016,814,6:56:7,8,[2]
6427016,815,6:56:7,8,2,OpportunityCardData_id:13
6427016,815,6:56:9,8,2,OpportunityCardData_id:15
6427016,815,6:56:10,8,2,OpportunityCardData_id:16
6427016,816,6:56:11,8,2,OpportunityCardData_id:16
6427016,805,6:56:12,8,[OpportunityCardData_id:16]
6427016,807,6:56:13,8,[OpportunityCardData_id:16]
6427016,808,6:56:14,8,[OpportunityCardData_id:16]
6427016,809,6:56:25,8,[OpportunityCardData_id:16,Safe,false]
6427016,810,6:56:26,8,[OpportunityCardData_id:16,PriorityData_type:2,15,Safe,Safe]
6427016,814,6:56:55,8,[0]
6427016,815,6:56:55,8,0,OpportunityCardData_id:1
6427016,816,6:56:57,8,0,OpportunityCardData_id:1
6427016,805,6:56:58,8,[OpportunityCardData_id:1]
6427016,807,6:57:1,8,[OpportunityCardData_id:1]
6427016,808,6:57:3,8,[OpportunityCardData_id:1]
6427016,809,6:57:11,8,[OpportunityCardData_id:1,Safe,false]
6427016,810,6:57:12,8,[OpportunityCardData_id:1,PriorityData_type:0,15,Safe,Safe]
6427016,814,6:57:16,8,[3]
6427016,815,6:57:16,8,3,OpportunityCardData_id:20
6427016,815,6:57:18,8,3,OpportunityCardData_id:22
6427016,815,6:57:20,8,3,OpportunityCardData_id:23
6427016,815,6:57:22,8,3,OpportunityCardData_id:24
6427016,816,6:57:24,8,3,OpportunityCardData_id:24
6427016,805,6:57:25,8,[OpportunityCardData_id:24]
6427016,807,6:57:26,8,[OpportunityCardData_id:24]
6427016,808,6:57:29,8,[OpportunityCardData_id:24]
6427016,809,6:57:40,8,[OpportunityCardData_id:24,PriorityData_type:0,false]
6427016,810,6:57:52,8,[OpportunityCardData_id:24,PriorityData_type:3,10,PriorityData_type:0,30]
6427016,814,6:57:54,8,[3]
6427016,815,6:57:54,8,3,OpportunityCardData_id:20
6427016,817,6:57:56,8,3
6427016,814,6:57:57,8,[0]
6427016,815,6:57:57,8,0,OpportunityCardData_id:2
6427016,815,6:57:59,8,0,OpportunityCardData_id:3
6427016,816,6:58:2,8,0,OpportunityCardData_id:3
6427016,804,6:58:3,8,[OpportunityCardData_id:3]
6427016,814,6:58:4,8,[0]
6427016,815,6:58:4,8,0,OpportunityCardData_id:2
6427016,815,6:58:5,8,0,OpportunityCardData_id:4
6427016,815,6:58:5,8,0,OpportunityCardData_id:5
6427016,815,6:58:7,8,0,OpportunityCardData_id:6
6427016,815,6:58:7,8,0,OpportunityCardData_id:2
6427016,815,6:58:8,8,0,OpportunityCardData_id:4
6427016,816,6:58:11,8,0,OpportunityCardData_id:4
6427016,805,6:58:12,8,[OpportunityCardData_id:4]
6427016,807,6:58:14,8,[OpportunityCardData_id:4]
6427016,808,6:58:16,8,[OpportunityCardData_id:4]
6427016,809,6:58:23,8,[OpportunityCardData_id:4,Safe,false]
6427016,810,6:58:23,8,[OpportunityCardData_id:4,PriorityData_type:0,25,Safe,Safe]
6427016,814,6:58:27,8,[5]
6427016,815,6:58:27,8,5,OpportunityCardData_id:32
6427016,816,6:58:32,8,5,OpportunityCardData_id:32
6427016,805,6:58:33,8,[OpportunityCardData_id:32]
6427016,806,6:58:34,8,[OpportunityCardData_id:32,PriorityData_type:0]
6427016,807,6:58:35,8,[OpportunityCardData_id:32]
6427016,808,6:58:37,8,[OpportunityCardData_id:32]
6427016,809,6:58:45,8,[OpportunityCardData_id:32,Safe,false]
6427016,810,6:58:45,8,[OpportunityCardData_id:32,PriorityData_type:5,20,Safe,Safe]
6427016,814,6:58:51,8,[3]
6427016,815,6:58:51,8,3,OpportunityCardData_id:20
6427016,815,6:58:54,8,3,OpportunityCardData_id:22
6427016,815,6:58:55,8,3,OpportunityCardData_id:23
6427016,816,6:58:56,8,3,OpportunityCardData_id:23
6427016,805,6:58:58,8,[OpportunityCardData_id:23]
6427016,806,6:59:0,8,[OpportunityCardData_id:23,PriorityData_type:0]
6427016,807,6:59:1,8,[OpportunityCardData_id:23]
6427016,808,6:59:3,8,[OpportunityCardData_id:23]
6427016,809,6:59:12,8,[OpportunityCardData_id:23,PriorityData_type:0,true]
6427016,810,6:59:13,8,[OpportunityCardData_id:23,PriorityData_type:3,10,Safe,Safe]
6427016,814,6:59:20,8,[0]
6427016,815,6:59:20,8,0,OpportunityCardData_id:2
6427016,816,6:59:22,8,0,OpportunityCardData_id:2
6427016,805,6:59:23,8,[OpportunityCardData_id:2]
6427016,806,6:59:24,8,[OpportunityCardData_id:2,PriorityData_type:3]
6427016,807,6:59:24,8,[OpportunityCardData_id:2]
6427016,808,6:59:26,8,[OpportunityCardData_id:2]
6427016,809,6:59:35,8,[OpportunityCardData_id:2,PriorityData_type:4,false]
6427016,810,6:59:36,8,[OpportunityCardData_id:2,PriorityData_type:0,10,PriorityData_type:4,10]
6427016,811,6:59:43,8,[OpportunityCardData_id:2,PriorityData_type:0,70,75,PriorityData_type:3,70,65]
6427016,1005,6:59:43,8,[1,0,2]
6427016,1001,6:59:44,8,[]
6427016,1003,6:59:44,1
6427016,210,6:59:49,637,257
6427016,211,6:59:50,540,176
6427016,213,6:59:50,6,s_calendar_F_gen,true
6427016,210,6:59:54,984,394
6427016,211,6:59:54,1097,366
6427016,210,6:59:55,1085,478
6427016,207,7:0:1,6,-200,0
6427016,211,7:0:4,284,599
6427016,210,7:0:4,289,583
6427016,211,7:0:6,271,610
6427016,213,7:0:6,6,s_cellPhone_F_G10a0,true
6427016,205,7:0:6,6,s_cellPhone_F_G10a0,false,false
6427016,210,7:0:13,338,468
6427016,211,7:0:14,163,520
6427016,213,7:0:14,6,s_bed2_F_G10a0,true
6427016,210,7:0:19,284,152
6427016,211,7:0:20,386,184
6427016,213,7:0:20,6,s_poster_F_gen,true
6427016,205,7:0:20,6,s_poster_F_gen,false,true
6427016,210,7:0:24,635,191
6427016,207,7:0:27,6,0,-165
6427016,211,7:0:29,1063,532
6427016,210,7:0:29,1090,355
6427016,207,7:0:30,6,-165,-285
6427016,207,7:0:30,6,-285,-360
6427016,211,7:0:31,1423,252
6427016,207,7:0:31,6,-360,-420
6427016,210,7:0:32,1455,277
6427016,207,7:0:32,6,-420,-495
6427016,211,7:0:34,1207,594
6427016,210,7:0:34,1295,567
6427016,211,7:0:35,966,512
6427016,210,7:0:35,984,547
6427016,211,7:0:36,1066,603
6427016,210,7:0:36,1080,491
6427016,211,7:0:40,637,374
6427016,210,7:0:41,653,261
6427016,211,7:0:41,699,418
6427016,212,7:0:42,2
6427016,210,7:0:43,722,423
6427016,211,7:0:43,677,419
6427016,213,7:0:43,6,c_crush1_F_b_G10a0,true
6427016,205,7:0:43,6,c_crush1_F_b_G10a0,false,true
6427016,210,7:0:55,491,318
6427016,207,7:0:55,6,-495,-435
6427016,211,7:0:55,540,164
6427016,210,7:0:56,739,347
6427016,211,7:0:56,757,364
6427016,210,7:0:56,967,415
6427016,211,7:0:59,991,280
6427016,212,7:0:59,1
6427016,210,7:1:0,948,253
6427016,211,7:1:1,1127,267
6427016,210,7:1:2,1068,351
6427016,211,7:1:3,866,286
6427016,213,7:1:3,6,s_door_F_gen,true
6427016,210,7:1:7,724,233
6427016,211,7:1:7,633,215
6427016,210,7:1:8,580,180
6427016,207,7:1:8,6,-435,-330
6427016,211,7:1:9,265,181
6427016,207,7:1:9,6,-330,-240
6427016,210,7:1:9,455,333
6427016,211,7:1:11,217,339
6427016,207,7:1:11,6,-240,-195
6427016,210,7:1:11,166,411
6427016,207,7:1:11,6,-195,-75
6427016,211,7:1:12,46,376
6427016,207,7:1:12,6,-75,-15
6427016,207,7:1:12,6,-15,0
6427016,210,7:1:12,180,235
6427016,211,7:1:18,916,654
6427016,212,7:1:19,0
6427016,210,7:1:20,170,467
6427016,211,7:1:20,200,521
6427016,213,7:1:20,6,s_bed2_F_G10a0,true
6427016,210,7:1:23,348,406
6427016,211,7:1:24,349,438
6427016,213,7:1:24,6,s_clock_F_G10a0,true
6427016,210,7:1:29,401,388
6427016,211,7:1:31,482,495
6427016,213,7:1:31,6,s_drawer_F_G10a0,true
6427016,205,7:1:31,6,s_drawer_F_G10a0,false,false
6427016,210,7:1:43,472,381
6427016,211,7:1:47,564,146
6427016,210,7:1:47,524,191
6427016,211,7:1:51,473,447
6427016,212,7:1:52,1
6427016,210,7:1:52,520,534
6427016,207,7:1:58,6,0,-165
6427016,207,7:2:0,6,-165,-255
6427016,211,7:2:3,1122,538
6427016,212,7:2:4,2
6427016,210,7:2:4,1073,487
6427016,207,7:2:6,6,-255,-465
6427016,207,7:2:7,6,-465,-512
6427016,207,7:2:15,6,-512,-347
6427016,207,7:2:16,6,-347,-92
6427016,207,7:2:17,6,-92,-17
6427016,207,7:2:21,6,-17,0
6427016,211,7:2:27,731,408
6427016,213,7:2:27,6,c_crush1_F_b_G10a0,true
6427016,205,7:2:27,6,c_crush1_F_b_G10a0,false,true
6427016,210,7:2:32,846,324
6427016,211,7:2:32,736,408
6427016,213,7:2:32,6,c_crush1_F_b_G10a0,true
6427016,205,7:2:32,6,c_crush1_F_b_G10a0,false,true
6427016,210,7:2:37,572,452
6427016,207,7:2:39,6,0,-210
6427016,211,7:2:41,1088,499
6427016,212,7:2:45,1
6427016,210,7:2:45,1126,501
6427016,211,7:2:45,1117,502
6427016,210,7:2:46,1090,487
6427016,211,7:2:49,957,291
6427016,210,7:2:49,908,300
6427016,211,7:2:50,824,340
6427016,210,7:2:50,665,412
6427016,207,7:2:53,6,-210,-120
6427016,207,7:2:55,6,-120,0
6427016,211,7:2:57,401,198
6427016,213,7:2:57,6,s_poster_F_gen,true
6427016,205,7:2:57,6,s_poster_F_gen,false,true
6427016,210,7:3:17,736,404
6427016,207,7:3:18,6,0,-60
6427016,211,7:3:19,951,354
6427016,207,7:3:23,6,-60,-90
6427016,210,7:3:23,1035,312
6427016,207,7:3:24,6,-90,-135
6427016,207,7:3:24,6,-135,-240
6427016,211,7:3:24,1294,362
6427016,207,7:3:24,6,-240,-315
6427016,210,7:3:25,1204,250
6427016,211,7:3:26,1173,298
6427016,210,7:3:26,1218,210
6427016,211,7:3:28,1271,237
6427016,207,7:3:28,6,-315,-330
6427016,210,7:3:28,1307,311
6427016,207,7:3:29,6,-330,-390
6427016,211,7:3:29,1233,357
6427016,210,7:3:29,1303,312
6427016,211,7:3:29,1440,265
6427016,207,7:3:29,6,-390,-435
6427016,210,7:3:29,1533,255
6427016,207,7:3:29,6,-435,-512
6427016,211,7:3:30,1436,329
6427016,210,7:3:30,1358,391
6427016,211,7:3:31,1532,469
6427016,213,7:3:32,6,s_computer_F_gen,true
6427016,210,7:3:36,1047,540
6427016,211,7:3:36,1189,642
6427016,210,7:3:36,1272,554
6427016,211,7:3:37,1299,529
6427016,213,7:3:37,6,s_computer_F_gen,true
6427016,221,7:3:41,6
6427016,220,7:3:45,6
6427016,210,7:3:46,1245,302
6427016,211,7:3:52,1001,573
6427016,213,7:3:52,6,s_chairClothes_F_G10a0,true
6427016,210,7:3:54,661,374
6427016,211,7:3:57,921,160
6427016,212,7:3:58,2
6427016,210,7:3:58,1144,347
6427016,211,7:4:0,869,197
6427016,210,7:4:0,714,189
6427016,211,7:4:0,708,160
6427016,210,7:4:1,1039,238
6427016,211,7:4:2,1136,343
6427016,210,7:4:2,1022,309
6427016,211,7:4:4,1273,357
6427016,212,7:4:5,0
6427016,210,7:4:6,1284,326
6427016,211,7:4:6,1276,344
6427016,213,7:4:6,6,s_window_F_G10a0,true
6427016,205,7:4:6,6,s_window_F_G10a0,false,false
6427016,221,7:4:12,6
6427016,220,7:4:14,6
6427016,210,7:4:20,563,374
6427016,211,7:4:23,759,616
6427016,212,7:4:24,1
6427016,210,7:4:24,598,597
6427016,211,7:4:27,1060,459
6427016,213,7:4:27,6,s_kleenex_G10a2N,true
6427016,210,7:4:29,1068,432
6427016,211,7:4:31,1141,497
6427016,213,7:4:31,6,s_phone_G10a2N,true
6427016,205,7:4:31,6,s_phone_G10a2N,false,false
6427016,210,7:4:34,884,442
6427016,207,7:4:35,6,-200,-365
6427016,207,7:4:37,6,-365,-492
6427016,211,7:4:37,1512,466
6427016,210,7:4:38,1496,517
6427016,211,7:4:38,1510,515
6427016,210,7:4:38,1494,407
6427016,207,7:4:43,6,-492,0
6427016,211,7:4:52,480,224
6427016,212,7:4:53,2
6427016,210,7:4:53,464,189
6427016,211,7:4:54,479,227
6427016,213,7:4:54,6,s_pamphlet5_G10a2N,true
6427016,205,7:4:54,6,s_pamphlet5_G10a2N,false,false
6427016,210,7:4:58,183,554
6427016,211,7:5:1,377,673
6427016,212,7:5:2,1
6427016,210,7:5:3,158,505
6427016,207,7:5:12,6,0,-165
6427016,207,7:5:13,6,-165,-315
6427016,211,7:5:13,1193,496
6427016,210,7:5:13,1152,495
6427016,207,7:5:14,6,-315,-435
6427016,207,7:5:15,6,-435,-492
6427016,211,7:5:17,1472,520
6427016,210,7:5:17,1413,503
6427016,211,7:5:17,1390,513
6427016,212,7:5:18,0
6427016,210,7:5:19,1342,494
6427016,211,7:5:21,1331,126
6427016,213,7:5:21,6,s_firstAidKit_G10a2N,true
6427016,210,7:5:42,1092,407
6427016,211,7:5:44,1071,490
6427016,212,7:5:45,1
6427016,210,7:5:45,1034,396
6427016,211,7:5:47,1073,475
6427016,210,7:5:48,986,432
6427016,211,7:5:50,720,345
6427016,212,7:5:50,2
6427016,210,7:5:51,880,335
6427016,211,7:5:53,1034,194
6427016,212,7:5:54,0
6427016,210,7:5:55,803,266
6427016,211,7:5:57,760,177
6427016,212,7:5:58,1
6427016,210,7:6:2,797,282
6427016,211,7:6:5,608,234
6427016,213,7:6:5,6,c_nurse_G10a2N,true
6427016,205,7:6:5,6,c_nurse_G10a2N,false,true
6427016,210,7:6:12,648,304
6427016,207,7:6:13,6,-492,-342
6427016,207,7:6:17,6,-342,-147
6427016,207,7:6:18,6,-147,0
6427016,211,7:6:20,372,345
6427016,212,7:6:21,2
6427016,210,7:6:21,239,261
6427016,211,7:6:25,169,570
6427016,210,7:6:25,208,571
6427016,211,7:6:31,18,243
6427016,210,7:6:31,185,378
6427016,211,7:6:32,259,391
6427016,210,7:6:32,211,251
6427016,211,7:6:38,531,199
6427016,212,7:6:39,0
6427016,210,7:6:40,530,180
6427016,211,7:6:41,535,195
6427016,213,7:6:41,6,s_pamphlet4_G10a2N,true
6427016,205,7:6:41,6,s_pamphlet4_G10a2N,false,false
6427016,210,7:6:45,481,238
6427016,211,7:6:47,455,199
6427016,213,7:6:47,6,s_pamphlet3_G10a2N,true
6427016,205,7:6:47,6,s_pamphlet3_G10a2N,false,false
6427016,221,7:6:52,6
6427016,220,7:6:54,6
6427016,219,7:6:54,6
6427016,216,7:6:55,Stack_G10a2P
6427016,217,7:7:13,Stack_G10a2P,16,0.00
6427016,218,7:7:15,6
6427016,221,7:7:20,6
6427016,300,7:7:22
6427016,220,7:7:22,6
6427016,221,7:7:27,6
6427016,220,7:7:29,6
6427016,1003,7:7:29,3
6427016,221,7:7:35,6
6427016,220,7:7:38,6
6427016,212,7:7:39,1
6427016,221,7:7:40,6
6427016,220,7:7:42,6
6427016,210,7:7:43,713,381
6427016,211,7:7:46,1087,426
6427016,210,7:7:52,975,540
6427016,211,7:7:54,993,397
6427016,213,7:7:54,6,s_dancePoster_G10a2P,true
6427016,205,7:7:54,6,s_dancePoster_G10a2P,false,false
6427016,210,7:7:58,1087,388
6427016,207,7:7:59,6,-200,-380
6427016,207,7:8:0,6,-380,-516
6427016,211,7:8:2,1463,627
6427016,210,7:8:2,868,559
6427016,207,7:8:3,6,-516,-366
6427016,211,7:8:5,345,525
6427016,207,7:8:5,6,-366,-321
6427016,207,7:8:5,6,-321,-276
6427016,210,7:8:5,405,467
6427016,211,7:8:6,436,607
6427016,212,7:8:7,0
6427016,210,7:8:7,1044,432
6427016,211,7:8:8,1059,442
6427016,213,7:8:8,6,c_crush1_F_b_G10a2P,true
6427016,205,7:8:8,6,c_crush1_F_b_G10a2P,false,false
6427016,210,7:8:12,738,478
6427016,207,7:8:14,6,-276,-396
6427016,207,7:8:15,6,-396,-516
6427016,211,7:8:16,1496,578
6427016,212,7:8:16,2
6427016,210,7:8:17,1384,468
6427016,211,7:8:18,1384,453
6427016,213,7:8:18,6,c_nurse_G10a2P,true
6427016,205,7:8:18,6,c_nurse_G10a2P,false,false
6427016,210,7:8:21,1388,447
6427016,211,7:8:23,822,490
6427016,213,7:8:23,6,c_cousin_F_b_G10a2P,true
6427016,205,7:8:23,6,c_cousin_F_b_G10a2P,false,false
6427016,210,7:8:26,757,524
6427016,207,7:8:26,6,-516,-366
6427016,211,7:8:27,524,493
6427016,213,7:8:27,6,c_friend_F_b_G10a2P,true
6427016,205,7:8:27,6,c_friend_F_b_G10a2P,false,false
6427016,221,7:8:35,6
6427016,220,7:8:36,6
6427016,219,7:8:36,6
6427016,216,7:8:37,Stack_G10a1P
6427016,217,7:9:27,Stack_G10a1P,15,0.00
6427016,218,7:9:28,6
6427016,210,7:9:30,648,402
6427016,211,7:9:31,678,465
6427016,213,7:9:31,6,c_friend_F_b_G10a1P,true
6427016,205,7:9:31,6,c_friend_F_b_G10a1P,false,false
6427016,210,7:9:34,815,465
6427016,211,7:9:35,1230,470
6427016,213,7:9:35,6,c_crush1_F_b_G10a1P,true
6427016,205,7:9:35,6,c_crush1_F_b_G10a1P,false,false
6427016,210,7:9:38,346,477
6427016,207,7:9:39,6,-400,-265
6427016,211,7:9:39,379,443
6427016,213,7:9:39,6,c_bestFriend_F_b_G10a1P,true
6427016,210,7:9:43,929,406
6427016,211,7:9:44,1011,385
6427016,213,7:9:44,6,s_dancePoster_G10a1P,true
6427016,207,7:9:47,6,-265,-310
6427016,210,7:9:47,1098,411
6427016,207,7:9:48,6,-310,-516
6427016,211,7:9:49,1427,399
6427016,213,7:9:50,6,c_teacherEng_G10a1P,true
6427016,212,7:9:53,1
6427016,210,7:9:54,1400,390
6427016,211,7:9:58,489,484
6427016,207,7:9:58,6,-516,-471
6427016,210,7:9:58,448,448
6427016,207,7:9:59,6,-471,-186
6427016,211,7:10:0,1252,552
6427016,207,7:10:0,6,-186,-246
6427016,210,7:10:0,754,587
6427016,211,7:10:2,1306,661
6427016,207,7:10:2,6,-246,-306
6427016,207,7:10:2,6,-306,-351
6427016,210,7:10:2,1248,442
6427016,207,7:10:3,6,-351,-456
6427016,207,7:10:3,6,-456,-516
6427016,211,7:10:4,1505,441
6427016,212,7:10:5,0
6427016,210,7:10:5,1516,458
6427016,211,7:10:9,867,214
6427016,213,7:10:9,6,s_clock_G10a1P,true
6427016,210,7:10:12,934,228
6427016,207,7:10:14,6,-516,-426
6427016,207,7:10:15,6,-426,-171
6427016,211,7:10:15,146,500
6427016,207,7:10:15,6,-171,-126
6427016,207,7:10:15,6,-126,-96
6427016,210,7:10:16,197,420
6427016,207,7:10:16,6,-96,0
6427016,211,7:10:17,101,310
6427016,212,7:10:18,2
6427016,210,7:10:19,77,243
6427016,211,7:10:19,85,297
6427016,210,7:10:20,113,277
6427016,211,7:10:20,12,348
6427016,210,7:10:21,90,306
6427016,211,7:10:24,893,433
6427016,210,7:10:24,817,282
6427016,211,7:10:25,1009,267
6427016,207,7:10:25,6,0,-30
6427016,210,7:10:25,941,409
6427016,207,7:10:26,6,-30,-180
6427016,207,7:10:27,6,-180,-390
6427016,207,7:10:28,6,-390,-516
6427016,211,7:10:29,1533,539
6427016,212,7:10:30,0
6427016,210,7:10:30,1433,510
6427016,211,7:10:31,1525,482
6427016,221,7:10:31,6
6427016,220,7:10:34,6
6427016,212,7:10:35,1
6427016,210,7:10:35,1325,324
6427016,211,7:10:44,1538,296
6427016,210,7:10:44,1473,480
6427016,211,7:10:45,1538,502
6427016,210,7:10:46,1530,389
6427016,211,7:10:46,1530,389
6427016,210,7:10:46,1390,515
6427016,211,7:10:47,489,514
6427016,207,7:10:47,6,-516,-471
6427016,210,7:10:48,448,460
6427016,207,7:10:49,6,-471,0
6427016,211,7:10:49,3,420
6427016,210,7:10:50,54,349
6427016,211,7:10:51,90,296
6427016,213,7:10:51,6,s_lockerPoster_G10a1P,false
6427016,1003,7:10:54,1
6427016,1004,7:10:56,4
6427016,800,7:10:58,4,[]
6427016,801,7:11:0,4,[]
6427016,814,7:11:7,4,[3]
6427016,815,7:11:7,4,3,OpportunityCardData_id:18
6427016,816,7:11:9,4,3,OpportunityCardData_id:18
6427016,805,7:11:10,4,[OpportunityCardData_id:18]
6427016,806,7:11:13,4,[OpportunityCardData_id:18,PriorityData_type:4]
6427016,807,7:11:14,4,[OpportunityCardData_id:18]
6427016,808,7:11:16,4,[OpportunityCardData_id:18]
6427016,809,7:11:37,4,[OpportunityCardData_id:18,Safe,false]
6427016,810,7:11:38,4,[OpportunityCardData_id:18,PriorityData_type:3,15,Safe,Safe]
6427016,814,7:11:46,4,[5]
6427016,815,7:11:46,4,5,OpportunityCardData_id:30
6427016,816,7:11:47,4,5,OpportunityCardData_id:30
6427016,805,7:11:49,4,[OpportunityCardData_id:30]
6427016,806,7:11:50,4,[OpportunityCardData_id:30,PriorityData_type:4]
6427016,807,7:11:52,4,[OpportunityCardData_id:30]
6427016,808,7:11:54,4,[OpportunityCardData_id:30]
6427016,809,7:12:0,4,[OpportunityCardData_id:30,PriorityData_type:4,true]
6427016,810,7:12:0,4,[OpportunityCardData_id:30,PriorityData_type:5,20,Safe,Safe]
6427016,814,7:12:2,4,[4]
6427016,815,7:12:2,4,4,OpportunityCardData_id:24
6427016,815,7:12:4,4,4,OpportunityCardData_id:25
6427016,816,7:12:5,4,4,OpportunityCardData_id:25
6427016,805,7:12:6,4,[OpportunityCardData_id:25]
6427016,807,7:12:7,4,[OpportunityCardData_id:25]
6427016,808,7:12:10,4,[OpportunityCardData_id:25]
6427016,809,7:12:27,4,[OpportunityCardData_id:25,Safe,false]
6427016,810,7:12:29,4,[OpportunityCardData_id:25,PriorityData_type:4,15,Safe,Safe]
6427016,814,7:12:37,4,[5]
6427016,815,7:12:37,4,5,OpportunityCardData_id:31
6427016,815,7:12:40,4,5,OpportunityCardData_id:32
6427016,816,7:12:42,4,5,OpportunityCardData_id:32
6427016,805,7:12:43,4,[OpportunityCardData_id:32]
6427016,807,7:12:44,4,[OpportunityCardData_id:32]
6427016,808,7:12:46,4,[OpportunityCardData_id:32]
6427016,809,7:13:5,4,[OpportunityCardData_id:32,PriorityData_type:2,false]
6427016,810,7:13:6,4,[OpportunityCardData_id:32,PriorityData_type:5,15,PriorityData_type:2,10]
6427016,814,7:13:9,4,[2]
6427016,815,7:13:9,4,2,OpportunityCardData_id:12
6427016,816,7:13:10,4,2,OpportunityCardData_id:12
6427016,805,7:13:11,4,[OpportunityCardData_id:12]
6427016,806,7:13:12,4,[OpportunityCardData_id:12,PriorityData_type:4]
6427016,807,7:13:13,4,[OpportunityCardData_id:12]
6427016,808,7:13:15,4,[OpportunityCardData_id:12]
6427016,809,7:13:26,4,[OpportunityCardData_id:12,Safe,false]
6427016,810,7:13:27,4,[OpportunityCardData_id:12,PriorityData_type:2,10,Safe,Safe]
6427016,814,7:13:32,4,[4]
6427016,815,7:13:32,4,4,OpportunityCardData_id:24
6427016,815,7:13:33,4,4,OpportunityCardData_id:26
6427016,816,7:13:35,4,4,OpportunityCardData_id:26
6427016,805,7:13:36,4,[OpportunityCardData_id:26]
6427016,806,7:13:36,4,[OpportunityCardData_id:26,PriorityData_type:5]
6427016,807,7:13:37,4,[OpportunityCardData_id:26]
6427016,808,7:13:39,4,[OpportunityCardData_id:26]
6427016,809,7:13:56,4,[OpportunityCardData_id:26,PriorityData_type:3,false]
6427016,810,7:13:57,4,[OpportunityCardData_id:26,PriorityData_type:4,15,PriorityData_type:3,10]
6427016,814,7:14:0,4,[3]
6427016,815,7:14:0,4,3,OpportunityCardData_id:19
6427016,815,7:14:4,4,3,OpportunityCardData_id:20
6427016,816,7:14:5,4,3,OpportunityCardData_id:20
6427016,805,7:14:6,4,[OpportunityCardData_id:20]
6427016,806,7:14:7,4,[OpportunityCardData_id:20,PriorityData_type:4]
6427016,807,7:14:9,4,[OpportunityCardData_id:20]
6427016,808,7:14:11,4,[OpportunityCardData_id:20]
6427016,809,7:14:34,4,[OpportunityCardData_id:20,PriorityData_type:5,false]
6427016,810,7:14:35,4,[OpportunityCardData_id:20,PriorityData_type:3,20,PriorityData_type:5,10]
6427016,814,7:14:39,4,[5]
6427016,815,7:14:39,4,5,OpportunityCardData_id:31
6427016,815,7:14:42,4,5,OpportunityCardData_id:33
6427016,816,7:14:44,4,5,OpportunityCardData_id:33
6427016,805,7:14:47,4,[OpportunityCardData_id:33]
6427016,806,7:14:48,4,[OpportunityCardData_id:33,PriorityData_type:4]
6427016,807,7:14:48,4,[OpportunityCardData_id:33]
6427016,808,7:14:50,4,[OpportunityCardData_id:33]
6427016,809,7:15:1,4,[OpportunityCardData_id:33,PriorityData_type:4,true]
6427016,810,7:15:2,4,[OpportunityCardData_id:33,PriorityData_type:5,20,Safe,Safe]
6427016,814,7:15:7,4,[4]
6427016,815,7:15:7,4,4,OpportunityCardData_id:24
6427016,816,7:15:11,4,4,OpportunityCardData_id:24
6427016,805,7:15:13,4,[OpportunityCardData_id:24]
6427016,806,7:15:15,4,[OpportunityCardData_id:24,PriorityData_type:5]
6427016,807,7:15:16,4,[OpportunityCardData_id:24]
6427016,808,7:15:18,4,[OpportunityCardData_id:24]
6427016,809,7:15:27,4,[OpportunityCardData_id:24,Safe,false]
6427016,810,7:15:30,4,[OpportunityCardData_id:24,PriorityData_type:4,15,Safe,Safe]
6427016,818,7:15:32,4,3
6427016,811,7:15:34,4,[OpportunityCardData_id:24,PriorityData_type:5,70,70,PriorityData_type:4,70,80]
6427016,1005,7:15:34,4,[1,0,3]
6427016,1001,7:15:38,4,[]
6427016,1003,7:15:38,1
6427016,210,7:15:41,742,257
6427016,207,7:15:43,6,-400,-40
6427016,207,7:15:43,6,-40,0
6427016,211,7:15:44,107,300
6427016,213,7:15:44,6,s_lockerPoster_G10a1P,true
6427016,205,7:15:44,6,s_lockerPoster_G10a1P,false,false
6427016,221,7:15:47,6
6427016,220,7:15:55,6
6427016,1003,7:15:55,3
6427016,1004,7:15:59,0
6427016,500,7:16:2,0,[]
6427016,501,7:16:4,0,[]
6427016,1002,7:16:9,0
6427016,1003,7:16:9,3
6427016,210,7:16:25,1166,389
6427016,211,7:16:26,961,418
6427016,210,7:16:26,785,401
6427016,211,7:16:27,256,345
6427016,207,7:16:27,6,-400,-235
6427016,210,7:16:27,182,313
6427016,211,7:16:28,90,260
6427016,207,7:16:28,6,-235,-85
6427016,210,7:16:28,46,281
6427016,207,7:16:28,6,-85,0
6427016,211,7:16:30,562,462
6427016,221,7:16:31,6
6427016,300,7:16:33
6427016,220,7:16:33,6
6427016,221,7:16:44,6
6427016,220,7:16:48,6
6427016,1003,7:16:48,3
6427016,1004,7:16:50,2
6427016,500,7:16:53,2,[]
6427016,501,7:16:55,2,[]
6427016,502,7:16:59,2,[IntentionData_logId:4,true]
6427016,503,7:17:0,2,[]
6427016,504,7:17:3,2,[InfluenceData_logId:0]
6427016,504,7:17:4,2,[InfluenceData_logId:3]
6427016,504,7:17:8,2,[InfluenceData_logId:8]
6427016,505,7:17:9,2,[InfluenceData_logId:0,true,InfluenceData_logId:3,true,InfluenceData_logId:8,true]
6427016,506,7:17:12,2,[]
6427016,507,7:18:37,2,[OpponentAttackData_logId:2,OpponentAttackTypeData_logId:3,true,0]
6427016,508,7:18:40,2,[]
6427016,509,7:18:49,2,[RefusalData_logId:2,2]
6427016,510,7:18:55,2,[AvailableRefusalData_logId:2,0A]
6427016,510,7:18:56,2,[AvailableRefusalData_logId:2,1A]
6427016,510,7:18:57,2,[AvailableRefusalData_logId:2,2A]
6427016,511,7:18:57,2,[AvailableRefusalData_logId:2,0A,1A,2A,true,50]
6427016,512,7:19:0,2,[]
6427016,513,7:19:0,2,[0]
6427016,514,7:19:1,2,[]
6427016,507,7:19:8,2,[OpponentAttackData_logId:0,OpponentAttackTypeData_logId:0,true,0]
6427016,508,7:19:10,2,[]
6427016,509,7:19:14,2,[RefusalData_logId:8,2]
6427016,510,7:19:20,2,[AvailableRefusalData_logId:8,0A]
6427016,510,7:19:21,2,[AvailableRefusalData_logId:8,1A]
6427016,510,7:19:23,2,[AvailableRefusalData_logId:8,2A]
6427016,511,7:19:24,2,[AvailableRefusalData_logId:8,0A,1A,2A,true,50]
6427016,512,7:19:27,2,[]
6427016,515,7:19:27,2,[150,0]
6427016,516,7:19:27,2,[]
6427016,517,7:19:30,2,[]
6427016,1005,7:19:30,2,[3,2,3]
6427016,1001,7:19:31,2,[]
6427016,1003,7:19:31,3
6427016,221,7:19:35,6
6427016,220,7:19:36,6
6427016,203,7:19:36,6
6427016,100,7:19:40,8
6427016,101,7:19:41,8
6427016,100,7:19:45,8
6427016,101,7:19:46,8
6427016,100,7:19:47,10
6427016,102,7:19:48,10
6427016,200,7:19:48,10,16,17,16,21,27
6427016,219,7:19:48,10
6427016,216,7:19:49,Stack_G12a0
6427016,217,7:20:23,Stack_G12a0,10,1.0
6427016,218,7:20:33,10
6427016,210,7:20:35,653,451
6427016,211,7:20:58,413,214
6427016,210,7:20:58,207,126
6427016,211,7:20:59,192,107
6427016,213,7:20:59,10,s_clock_G12a0,false
6427016,1003,7:21:27,1
6427016,1004,7:21:29,7
6427016,800,7:21:31,7,[]
6427016,801,7:21:32,7,[]
6427016,814,7:21:34,7,[4]
6427016,815,7:21:34,7,4,OpportunityCardData_id:25
6427016,815,7:21:36,7,4,OpportunityCardData_id:26
6427016,816,7:21:37,7,4,OpportunityCardData_id:26
6427016,805,7:21:38,7,[OpportunityCardData_id:26]
6427016,806,7:21:41,7,[OpportunityCardData_id:26,PriorityData_type:3]
6427016,807,7:21:41,7,[OpportunityCardData_id:26]
6427016,808,7:21:44,7,[OpportunityCardData_id:26]
6427016,809,7:22:24,7,[OpportunityCardData_id:26,Safe,false]
6427016,810,7:22:27,7,[OpportunityCardData_id:26,PriorityData_type:4,15,Safe,Safe]
6427016,814,7:22:29,7,[3]
6427016,815,7:22:29,7,3,OpportunityCardData_id:18
6427016,816,7:22:31,7,3,OpportunityCardData_id:18
6427016,805,7:22:32,7,[OpportunityCardData_id:18]
6427016,806,7:22:33,7,[OpportunityCardData_id:18,PriorityData_type:4]
6427016,807,7:22:34,7,[OpportunityCardData_id:18]
6427016,808,7:22:39,7,[OpportunityCardData_id:18]
6427016,809,7:22:50,7,[OpportunityCardData_id:18,PriorityData_type:0,false]
6427016,810,7:22:51,7,[OpportunityCardData_id:18,PriorityData_type:3,15,PriorityData_type:0,25]
6427016,814,7:22:55,7,[0]
6427016,815,7:22:55,7,0,OpportunityCardData_id:0
6427016,815,7:23:0,7,0,OpportunityCardData_id:1
6427016,816,7:23:3,7,0,OpportunityCardData_id:1
6427016,805,7:23:4,7,[OpportunityCardData_id:1]
6427016,806,7:23:7,7,[OpportunityCardData_id:1,PriorityData_type:3]
6427016,807,7:23:8,7,[OpportunityCardData_id:1]
6427016,808,7:23:11,7,[OpportunityCardData_id:1]
6427016,809,7:23:56,7,[OpportunityCardData_id:1,PriorityData_type:2,false]
6427016,810,7:23:58,7,[OpportunityCardData_id:1,PriorityData_type:0,15,PriorityData_type:2,10]
6427016,814,7:24:1,7,[2]
6427016,815,7:24:1,7,2,OpportunityCardData_id:12
6427016,816,7:24:2,7,2,OpportunityCardData_id:12
6427016,805,7:24:4,7,[OpportunityCardData_id:12]
6427016,807,7:24:9,7,[OpportunityCardData_id:12]
6427016,808,7:24:10,7,[OpportunityCardData_id:12]
6427016,809,7:24:31,7,[OpportunityCardData_id:12,Safe,false]
6427016,810,7:24:33,7,[OpportunityCardData_id:12,PriorityData_type:2,10,Safe,Safe]
6427016,814,7:24:39,7,[3]
6427016,815,7:24:39,7,3,OpportunityCardData_id:19
6427016,815,7:24:41,7,3,OpportunityCardData_id:20
6427016,815,7:24:42,7,3,OpportunityCardData_id:19
6427016,816,7:24:42,7,3,OpportunityCardData_id:19
6427016,805,7:24:43,7,[OpportunityCardData_id:19]
6427016,807,7:24:45,7,[OpportunityCardData_id:19]
6427016,808,7:24:46,7,[OpportunityCardData_id:19]
6427016,809,7:25:5,7,[OpportunityCardData_id:19,Safe,false]
6427016,810,7:25:6,7,[OpportunityCardData_id:19,PriorityData_type:3,15,Safe,Safe]
6427016,814,7:25:8,7,[4]
6427016,815,7:25:8,7,4,OpportunityCardData_id:25
6427016,815,7:25:10,7,4,OpportunityCardData_id:27
6427016,815,7:25:11,7,4,OpportunityCardData_id:28
6427016,815,7:25:13,7,4,OpportunityCardData_id:29
6427016,816,7:25:15,7,4,OpportunityCardData_id:29
6427016,805,7:25:16,7,[OpportunityCardData_id:29]
6427016,807,7:25:19,7,[OpportunityCardData_id:29]
6427016,808,7:25:22,7,[OpportunityCardData_id:29]
6427016,809,7:25:40,7,[OpportunityCardData_id:29,PriorityData_type:5,false]
6427016,810,7:25:42,7,[OpportunityCardData_id:29,PriorityData_type:4,10,PriorityData_type:5,10]
6427016,814,7:25:44,7,[5]
6427016,815,7:25:44,7,5,OpportunityCardData_id:31
6427016,816,7:25:46,7,5,OpportunityCardData_id:31
6427016,805,7:25:47,7,[OpportunityCardData_id:31]
6427016,806,7:25:49,7,[OpportunityCardData_id:31,PriorityData_type:4]
6427016,807,7:25:50,7,[OpportunityCardData_id:31]
6427016,808,7:25:52,7,[OpportunityCardData_id:31]
6427016,809,7:26:2,7,[OpportunityCardData_id:31,PriorityData_type:4,true]
6427016,810,7:26:3,7,[OpportunityCardData_id:31,PriorityData_type:5,20,Safe,Safe]
6427016,814,7:26:5,7,[3]
6427016,815,7:26:5,7,3,OpportunityCardData_id:20
6427016,815,7:26:8,7,3,OpportunityCardData_id:21
6427016,816,7:26:11,7,3,OpportunityCardData_id:21
6427016,805,7:26:11,7,[OpportunityCardData_id:21]
6427016,807,7:26:26,7,[OpportunityCardData_id:21]
6427016,808,7:26:28,7,[OpportunityCardData_id:21]
6427016,809,7:26:35,7,[OpportunityCardData_id:21,PriorityData_type:0,false]
6427016,810,7:26:36,7,[OpportunityCardData_id:21,PriorityData_type:3,10,PriorityData_type:0,10]
6427016,814,7:26:39,7,[4]
6427016,815,7:26:39,7,4,OpportunityCardData_id:25
6427016,815,7:26:41,7,4,OpportunityCardData_id:27
6427016,815,7:26:42,7,4,OpportunityCardData_id:28
6427016,815,7:26:43,7,4,OpportunityCardData_id:30
6427016,815,7:26:45,7,4,OpportunityCardData_id:25
6427016,815,7:26:46,7,4,OpportunityCardData_id:27
6427016,817,7:26:47,7,4
6427016,814,7:26:49,7,[3]
6427016,815,7:26:49,7,3,OpportunityCardData_id:20
6427016,815,7:27:5,7,3,OpportunityCardData_id:22
6427016,816,7:27:7,7,3,OpportunityCardData_id:22
6427016,805,7:27:8,7,[OpportunityCardData_id:22]
6427016,806,7:27:9,7,[OpportunityCardData_id:22,PriorityData_type:4]
6427016,807,7:27:11,7,[OpportunityCardData_id:22]
6427016,808,7:27:13,7,[OpportunityCardData_id:22]
6427016,809,7:27:20,7,[OpportunityCardData_id:22,PriorityData_type:1,false]
6427016,810,7:27:21,7,[OpportunityCardData_id:22,PriorityData_type:3,10,PriorityData_type:1,10]
6427016,814,7:27:25,7,[4]
6427016,815,7:27:25,7,4,OpportunityCardData_id:25
6427016,815,7:27:26,7,4,OpportunityCardData_id:27
6427016,815,7:27:27,7,4,OpportunityCardData_id:28
6427016,815,7:27:28,7,4,OpportunityCardData_id:30
6427016,816,7:27:29,7,4,OpportunityCardData_id:30
6427016,805,7:27:30,7,[OpportunityCardData_id:30]
6427016,807,7:27:31,7,[OpportunityCardData_id:30]
6427016,808,7:27:33,7,[OpportunityCardData_id:30]
6427016,809,7:27:45,7,[OpportunityCardData_id:30,Safe,false]
6427016,810,7:27:45,7,[OpportunityCardData_id:30,PriorityData_type:4,10,Safe,Safe]
6427016,818,7:27:47,7,2
6427016,811,7:27:48,7,[OpportunityCardData_id:30,PriorityData_type:4,70,70,PriorityData_type:3,70,70]
6427016,1005,7:27:48,7,[1,0,3]
6427016,1001,7:27:50,7,[]
6427016,1003,7:27:50,1
6427016,210,7:27:53,524,302
6427016,211,7:27:57,829,160
6427016,213,7:27:57,10,s_pictureMom_afri_gen,false
6427016,1003,7:28:0,1
6427016,204,7:28:12,10
6427016,100,7:28:17,8
6427016,101,7:28:21,8
6427016,103,7:28:21
6427016,105,7:28:22
6427016,703,7:28:25,[|| EpilogueItem ID: 0 unlocked: true ||,|| EpilogueItem ID: 1 unlocked: true ||,|| EpilogueItem ID: 2 unlocked: true ||,|| EpilogueItem ID: 3 unlocked: true ||,|| EpilogueItem ID: 4 unlocked: true ||,|| EpilogueItem ID: 5 unlocked: true ||,|| EpilogueItem ID: 6 unlocked: true ||,|| EpilogueItem ID: 7 unlocked: false ||,|| EpilogueItem ID: 8 unlocked: false ||,|| EpilogueItem ID: 9 unlocked: false ||,|| EpilogueItem ID: 10 unlocked: false ||,|| EpilogueItem ID: 11 unlocked: false ||,|| EpilogueItem ID: 12 unlocked: false ||,|| EpilogueItem ID: 13 unlocked: true ||,|| EpilogueItem ID: 14 unlocked: false ||,|| EpilogueItem ID: 15 unlocked: false ||,|| EpilogueItem ID: 16 unlocked: false ||,|| EpilogueItem ID: 17 unlocked: false ||,|| EpilogueItem ID: 18 unlocked: false ||,|| EpilogueItem ID: 19 unlocked: false ||,|| EpilogueItem ID: 20 unlocked: false ||,|| EpilogueItem ID: 21 unlocked: true ||,|| EpilogueItem ID: 22 unlocked: false ||,|| EpilogueItem ID: 23 unlocked: false ||,|| EpilogueItem ID: 24 unlocked: false ||],0.36
6427016,706,7:28:27,(x=156, y=-100, w=1024, h=768),(x=160, y=-100, w=1024, h=768)
6427016,706,7:28:29,(x=534, y=-100, w=1024, h=768),(x=886, y=-100, w=1024, h=768)
6427016,706,7:28:34,(x=1422, y=-100, w=1024, h=768),(x=1516, y=-100, w=1024, h=768)
6427016,706,7:28:35,(x=1615, y=-100, w=1024, h=768),(x=1644, y=-100, w=1024, h=768)
6427016,706,7:28:36,(x=1714, y=-100, w=1024, h=768),(x=1810, y=-100, w=1024, h=768)
6427016,706,7:28:39,(x=1889, y=-100, w=1024, h=768),(x=2531, y=-100, w=1024, h=768)
6427016,708,7:28:39
6427016,1,7:28:39,7/26/2013 12:00:41pm,{"gameTime":26919557,"challengeStacks":[{"challengeScenes":[{"miniGameCards":[],"viewedAnimatic":true,"keyPoints":["s_flag_gen","c_teacherEng_G7a0","c_bestFriend_F_a_G7a0"],"unlocked":true,"touchableObjects":["s_otherStudent1_G7a0","s_vocabAssignment_G7a0","c_crewKid1_F_G7a0","s_doorClassroom_G7a0","s_atwoodPoster_gen","s_poePoster_gen","s_flag_gen","c_friend1_F_a_G7a0","c_teacherEng_G7a0","c_bestFriend_F_a_G7a0"]},{"miniGameCards":[],"viewedAnimatic":true,"keyPoints":["s_paperPlayers_G7a1N","c_teacherEng_G7a1N","c_bestFriend_F_a_G7a1N"],"unlocked":true,"touchableObjects":["s_otherStudent1_G7a1N","c_crewKid1_F_G7a1N","s_posterPlagiarism_gen","s_flag_gen","s_otherStudent2_G7a1N","s_paperPlayers_G7a1N","s_atwoodPoster_gen","c_teacherEng_G7a1N","c_bestFriend_F_a_G7a1N"]},{"miniGameCards":[],"viewedAnimatic":true,"keyPoints":["c_teacherEng_G7a1P","s_flag_gen","c_bestFriend_F_a_G7a1P","s_paperEnglish_gen"],"unlocked":true,"touchableObjects":["s_clock_G7a1P","c_teacherEng_G7a1P","s_papersDetention_gen","s_paperPlayers_G7a1P","s_flag_gen","c_bestFriend_F_a_G7a1P","s_shakespearePoster_gen","s_angelouPoster_gen","s_paperEnglish_gen"]}],"stackSize":3,"resolved":true},{"challengeScenes":[{"miniGameCards":[],"viewedAnimatic":true,"keyPoints":["c_kidSister_afri_a_G7b0","c_crewKid1_F_G7b0","s_backpack_F_G7b0"],"unlocked":true,"touchableObjects":["c_crewKid2_F_G7b0","c_kidSister_afri_a_G7b0","c_cousinsBrother_a_G7b0","s_lifeguard_G7b0","s_snackBarWorker_G7b0","c_cousin_F_a_G7b0","c_crewKid1_F_G7b0","s_backpack_F_G7b0"]},{"miniGameCards":[],"viewedAnimatic":true,"keyPoints":["c_crewKid1_F_G7b1N","c_kidSister_afri_a_G7b1N","s_sprayPaintCan_G7b1N","s_graffiti_G7b1N","s_brokenCarWindow_G7b1N"],"unlocked":true,"touchableObjects":["c_teacherEng_G7b1N","c_crewKid1_F_G7b1N","c_kidSister_afri_a_G7b1N","c_cousin_F_a_G7b1N","s_wreckedPlants_G7b1N","s_flag_G7b1N","s_sprayPaintCan_G7b1N","s_graffiti_G7b1N","c_crewKid2_F_a_G7b1N","s_brokenCarWindow_G7b1N"]},{"miniGameCards":[],"viewedAnimatic":true,"keyPoints":["c_cousin_F_a_G7b1P","c_cousinsBrother_a_G7b1P","c_cousinsBrothersFriend_a_G7b1P","s_poolDay_ruleSign_G7b1P"],"unlocked":true,"touchableObjects":["c_crush1_F_a_G7b1P","c_cousin_F_a_G7b1P","c_cousinsBrother_a_G7b1P","c_cousinsBrothersFriend_a_G7b1P","s_poolDay_ruleSign_G7b1P"]},{"miniGameCards":[],"viewedAnimatic":true,"keyPoints":["c_cousin_F_a_G7b2N","s_kid1_G7b2N","c_kidSister_afri_a_G7b2N","c_crush1_F_a_G7b2N"],"unlocked":true,"touchableObjects":["c_cousinsBrother_a_G7b2N","c_cousinsBrothersFriend_a_G7b2N","s_kidPool1_G7b2N","c_crewKid2_F_G7b2N","c_cousin_F_a_G7b2N","s_kid1_G7b2N","c_kidSister_afri_a_G7b2N","c_crush1_F_a_G7b2N"]},{"miniGameCards":[],"viewedAnimatic":true,"keyPoints":["c_cousin_F_a_G7b2P","c_kidSister_afri_a_G7b2P","s_computer_F_G7b2P","s_pictureDad_afri_F_gen"],"unlocked":true,"touchableObjects":["c_cousin_F_a_G7b2P","c_grandma_afri_a_G7b2P","c_kidSister_afri_a_G7b2P","s_computer_F_G7b2P","s_pictureDad_afri_F_gen"]}],"stackSize":5,"resolved":true},{"challengeScenes":[{"miniGameCards":[],"viewedAnimatic":true,"keyPoints":["s_cellphone_G8a0","c_cousin_F_a_G8a0","c_crush2_F_a_G8a0","s_clock_G8a0","s_bottleCrush2_F_G8a0"],"unlocked":true,"touchableObjects":["c_crewKid1_F_a_G8a0","c_friend1_F_G8a0","s_beerSixpack_G8a0","s_cellphone_G8a0","s_bottleTable_G8a0","s_stairs_G8a0","c_cousin_F_a_G8a0","c_crush2_F_a_G8a0","s_cigaretteKid1_G8a0","s_clock_G8a0","s_bottleCrush2_F_G8a0"]},{"miniGameCards":[],"viewedAnimatic":true,"keyPoints":["s_dirtyClothes_gen","s_basementDoor_gen","s_crush2Lips_F_G8a1N","s_crush2Eyes_F_G8a1N","s_crush2Sore_F_G8a1N"],"unlocked":true,"touchableObjects":["s_stairs_G8a1N","c_crush2_F_a_G8a1N","s_waterHeater_gen","s_dirtyClothes_gen","s_basementDoor_gen","s_crush2Lips_F_G8a1N","s_inhalantsShelf_gen","s_crush2Eyes_F_G8a1N","s_dryer_G8a1N","s_crush2Sore_F_G8a1N"]},{"miniGameCards":[],"viewedAnimatic":true,"keyPoints":["s_inhalantsShelf_gen","s_dirtyClothes_gen","c_crush2_F_a_G8a1P","s_basementDoor_gen"],"unlocked":true,"touchableObjects":["s_spraypaintCrush2_F_G8a1P","s_inhalantsShelf_gen","s_waterHeater_gen","s_dirtyClothes_gen","c_crush2_F_a_G8a1P","s_basementDoor_gen"]},{"miniGameCards":[],"viewedAnimatic":true,"keyPoints":["c_crush2_F_a_G8a2N","s_spraypaintCan_G8a2N"],"unlocked":true,"touchableObjects":["c_crush2_F_a_G8a2N","c_friend1_F_a_G8a2N","s_spraypaintCan_G8a2N"]},{"miniGameCards":[],"viewedAnimatic":true,"keyPoints":["c_crush2_F_a_G8a2P","s_pictureDad_afri_gen","s_sistersToy_G8a2P","s_magazine_G8a2P","c_kidSister_afri_a_G8a2P"],"unlocked":true,"touchableObjects":["s_teaCup_G8a2P","c_grandma_afri_a_G8a2P","s_door_gen","c_crush2_F_a_G8a2P","s_pictureDad_afri_gen","s_ashtray_G8a2P","s_sistersToy_G8a2P","s_videoGame_G8a2P","s_magazine_G8a2P","c_kidSister_afri_a_G8a2P"]},{"miniGameCards":[],"viewedAnimatic":true,"keyPoints":["s_mirror_afri_F_a_G8a3N","c_nurse_a_G8a3N","s_pamphlet1_G8a3N","s_pamphlet3_G8a3N"],"unlocked":true,"touchableObjects":["s_phone_G8a3N","s_door_G8a3N","s_mirror_afri_F_a_G8a3N","c_nurse_a_G8a3N","s_pamphlet2_G8a3N","s_pamphlet1_G8a3N","s_pamphlet3_G8a3N"]},{"miniGameCards":[],"viewedAnimatic":true,"keyPoints":["s_kidsCouch_G8a3P","c_crush2_F_a_G8a3P"],"unlocked":true,"touchableObjects":["s_kidStanding_G8a3P","c_friend1_F_a_G8a3P","s_kidsCouch_G8a3P","c_crush2_F_a_G8a3P"]}],"stackSize":7,"resolved":true},{"challengeScenes":[{"miniGameCards":[],"viewedAnimatic":true,"keyPoints":["c_friend1_F_a_G8b0","c_kidSister_afri_a_G8b0","s_pillBottle_G8b0"],"unlocked":true,"touchableObjects":["c_friend1_F_a_G8b0","c_grandma_afri_a_G8b0","s_pictureMom_afri_gen","s_pictureDad_afri_gen","c_kidSister_afri_a_G8b0","s_pillBottle_G8b0"]},{"miniGameCards":[],"viewedAnimatic":true,"keyPoints":["c_friend1_F_a_G8b1N","c_kidSister_afri_a_G8b1N","c_grandma_afri_a_G8b1N"],"unlocked":true,"touchableObjects":["s_pillBottle_G8b1N","c_friend1_F_a_G8b1N","c_kidSister_afri_a_G8b1N","c_grandma_afri_a_G8b1N"]},{"miniGameCards":[],"viewedAnimatic":true,"keyPoints":["c_friend1_F_a_G8b1P","c_grandma_afri_a_G8b1P","s_pillBottle_F_G8b1P"],"unlocked":true,"touchableObjects":["c_friend1_F_a_G8b1P","c_kidSister_afri_a_G8b1P","c_grandma_afri_a_G8b1P","s_tvGuide_G8b1P","s_pillBottle_F_G8b1P"]},{"miniGameCards":[],"viewedAnimatic":true,"keyPoints":["s_sandwichBagPills_G8b2N","c_teacherEng_G8b2N","c_crewKid2_F_a_G8b2N","c_friend1_F_a_G8b2N","s_clock_G8b2N"],"unlocked":true,"touchableObjects":["s_sandwichBagPills_G8b2N","s_kid4_G8b2N","s_kid5_G8b2N","s_kid3_G8b2N","c_teacherEng_G8b2N","c_crewKid2_F_a_G8b2N","s_kid2_G8b2N","c_friend1_F_a_G8b2N","s_kid1_G8b2N","s_clock_G8b2N"]},{"miniGameCards":[],"viewedAnimatic":true,"keyPoints":["c_friend1_F_a_G8b2P","s_pillBottle_G8b2P","c_grandma_afri_a_G8b2P"],"unlocked":true,"touchableObjects":["c_mom_afri_a_G8b2P","c_friend1_F_a_G8b2P","c_kidSister_afri_a_G8b2P","s_pillBottle_G8b2P","s_videoGameScreen_G8b2P","c_grandma_afri_a_G8b2P"]}],"stackSize":5,"resolved":true},{"challengeScenes":[{"miniGameCards":[],"viewedAnimatic":true,"keyPoints":["s_bathingSuit_F_G9a0","s_door_F_gen","s_cellPhone_F_G9a0","s_clock_F_G9a0"],"unlocked":true,"touchableObjects":["s_bathingSuit_F_G9a0","s_door_F_gen","s_calendar_F_gen","s_window_F_G9a0","s_cellPhone_F_G9a0","s_clock_F_G9a0"]},{"miniGameCards":[],"viewedAnimatic":true,"keyPoints":["s_fence_G9a1N","c_policeOfficer_G9a1N","s_kid3_G9a1N","c_cousin_F_a_G9a1N"],"unlocked":true,"touchableObjects":["s_fence_G9a1N","s_bathingSuits_G9a1N","s_kid4_G9a1N","c_cousinsBrothersFriend_a_G9a1N","c_policeOfficer_G9a1N","s_kid3_G9a1N","c_cousin_F_a_G9a1N","s_potSmokeCloud_G9a1N","s_poolNight_ruleSign_G9a1N"]},{"miniGameCards":[],"viewedAnimatic":true,"keyPoints":["s_joint_F_G9a1P","c_cousin_F_a_G9a1P","s_calendar_F_gen","s_door_F_gen","s_poster_F_gen"],"unlocked":true,"touchableObjects":["s_joint_F_G9a1P","s_computer_F_gen","c_cousin_F_a_G9a1P","s_calendar_F_gen","s_door_F_gen","s_poster_F_gen"]},{"miniGameCards":[],"viewedAnimatic":true,"keyPoints":["s_potSmokeCloud_F_G9a2N","c_kidSister_afri_a_G9a2N","c_mom_afri_a_G9a2N","c_cousin_F_a_G9a2N","s_pictureDad_afri_F_gen"],"unlocked":true,"touchableObjects":["s_cookieTrayEmpty_F_G9a2N","s_potSmokeCloud_F_G9a2N","c_kidSister_afri_a_G9a2N","c_mom_afri_a_G9a2N","c_cousin_F_a_G9a2N","s_pictureDad_afri_F_gen"]},{"miniGameCards":[],"viewedAnimatic":true,"keyPoints":["c_cousin_F_a_G9a2P","s_pizzaBox_G9a2P","s_door_gen","c_mom_afri_a_G9a2P"],"unlocked":true,"touchableObjects":["c_kidSister_afri_a_G9a2P","s_tv_G9a2P","c_cousin_F_a_G9a2P","c_grandma_afri_a_G9a2P","s_cookieTray_G9a2P","s_pizzaBox_G9a2P","s_door_gen","c_mom_afri_a_G9a2P"]}],"stackSize":5,"resolved":true},{"challengeScenes":[{"miniGameCards":[],"viewedAnimatic":true,"keyPoints":["s_computer_F_gen","s_mirror_F_G9b0","s_pictureDad_afri_F_gen"],"unlocked":true,"touchableObjects":["c_kidSister_afri_a_G9b0","c_cousin_F_a_G9b0","s_computer_F_gen","s_closet_F_G9b0","s_mirror_F_G9b0","s_pictureDad_afri_F_gen"]},{"miniGameCards":[],"viewedAnimatic":true,"keyPoints":["c_cousin_F_a_G9b1N","c_teacherEng_G9b1N","s_brokenLamp_G9b1N","s_joint_G9b1N","c_kidSister_afri_a_G9b1N","s_clock_G9b1N","s_beerBottle_G9b1N"],"unlocked":true,"touchableObjects":["c_cousin_F_a_G9b1N","c_teacherEng_G9b1N","s_brokenLamp_G9b1N","s_puddleFloor_G9b1N","s_coupleOnCouch_G9b1N","s_photoCracked_G9b1N","s_pictureDaddark_afri_gen","s_joint_G9b1N","c_kidSister_afri_a_G9b1N","s_boomBox_G9b1N","s_clock_G9b1N","s_smokeDetector_G9b1N","s_beerBottle_G9b1N"]},{"miniGameCards":[],"viewedAnimatic":true,"keyPoints":["s_kidsGroupKitchen_G9b1P","s_pictureDaddark_afri_gen","c_crush1_F_a_G9b1P","c_bestFriend_F_a_G9b1P","c_friend1_F_a_G9b1P","c_cousin_F_a_G9b1P","s_pictureMomdark_afri_G9b1P"],"unlocked":true,"touchableObjects":["s_door_G9b1P","c_kidSister_afri_a_G9b1P","s_kidsGroupKitchen_G9b1P","s_pictureDaddark_afri_gen","c_crush1_F_a_G9b1P","s_beerBottle_G9b1P","c_bestFriend_F_a_G9b1P","c_friend1_F_a_G9b1P","c_cousin_F_a_G9b1P","s_ashtray_G9b1P","s_pictureMomdark_afri_G9b1P"]},{"miniGameCards":[],"viewedAnimatic":true,"keyPoints":["c_crush1_F_a_G9b2N","c_mom_afri_a_G9b2N","c_cousin_F_a_G9b2N"],"unlocked":true,"touchableObjects":["s_clock_G9b2N","c_crush1_F_a_G9b2N","c_mom_afri_a_G9b2N","c_grandma_afri_a_G9b2N","c_kidSister_afri_a_G9b2N","c_bestFriend_F_a_G9b2N","c_cousin_F_a_G9b2N"]},{"miniGameCards":[],"viewedAnimatic":true,"keyPoints":["c_mom_afri_a_G9b2P","c_crush1_F_a_G9b2P","s_clock_G9b2P","c_bestFriend_F_a_G9b2P"],"unlocked":true,"touchableObjects":["c_kidSister_afri_a_G9b2P","c_grandma_afri_a_G9b2P","c_mom_afri_a_G9b2P","c_crush1_F_a_G9b2P","s_boardGame_G9b2P","s_clock_G9b2P","c_bestFriend_F_a_G9b2P"]}],"stackSize":5,"resolved":true},{"challengeScenes":[{"miniGameCards":[],"viewedAnimatic":true,"keyPoints":["c_crush1_F_b_G10a0","s_poster_F_gen","s_cellPhone_F_G10a0","s_drawer_F_G10a0","s_window_F_G10a0"],"unlocked":true,"touchableObjects":["c_crush1_F_b_G10a0","s_bed1_F_G10a0","s_bed2_F_G10a0","s_chairClothes_F_G10a0","s_computer_F_gen","s_door_F_gen","s_poster_F_gen","s_calendar_F_gen","s_cellPhone_F_G10a0","s_clock_F_G10a0","s_drawer_F_G10a0","s_window_F_G10a0"]},{"miniGameCards":[],"viewedAnimatic":true,"keyPoints":["s_mirror_F_G10a1N","c_crush1_F_b_G10a1N","s_condom_F_G10a1N","s_picture_F_G10a1N"],"unlocked":true,"touchableObjects":["s_crushClothes_F_G10a1N","s_closet_F_G10a1N","s_computer_F_gen","s_mirror_F_G10a1N","s_door_F_gen","s_calendar_F_gen","c_crush1_F_b_G10a1N","s_window_F_G10a1N","s_condom_F_G10a1N","s_picture_F_G10a1N"]},{"miniGameCards":[],"viewedAnimatic":true,"keyPoints":["c_friend_F_b_G10a1P","c_crush1_F_b_G10a1P","s_lockerPoster_G10a1P"],"unlocked":true,"touchableObjects":["c_friend_F_b_G10a1P","c_crush1_F_b_G10a1P","c_bestFriend_F_b_G10a1P","s_dancePoster_G10a1P","c_teacherEng_G10a1P","s_clock_G10a1P","s_lockerPoster_G10a1P"]},{"miniGameCards":[],"viewedAnimatic":true,"keyPoints":["c_nurse_G10a2N","s_pamphlet1_G10a2N","s_phone_G10a2N","s_pamphlet5_G10a2N","s_pamphlet4_G10a2N","s_pamphlet3_G10a2N"],"unlocked":true,"touchableObjects":["s_firstAidKit_G10a2N","s_curtain_G10a2N","s_kleenex_G10a2N","s_cot_G10a2N","s_pamphlet2_G10a2N","c_nurse_G10a2N","s_pamphlet1_G10a2N","s_phone_G10a2N","s_pamphlet5_G10a2N","s_pamphlet4_G10a2N","s_pamphlet3_G10a2N"]},{"miniGameCards":[],"viewedAnimatic":true,"keyPoints":["s_dancePoster_G10a2P","c_crush1_F_b_G10a2P","c_nurse_G10a2P","c_cousin_F_b_G10a2P","c_friend_F_b_G10a2P"],"unlocked":true,"touchableObjects":["s_dancePoster_G10a2P","c_crush1_F_b_G10a2P","c_nurse_G10a2P","c_cousin_F_b_G10a2P","c_friend_F_b_G10a2P"]}],"stackSize":5,"resolved":true},{"challengeScenes":[{"miniGameCards":[],"viewedAnimatic":false,"keyPoints":[],"unlocked":true,"touchableObjects":[]},{"miniGameCards":[],"viewedAnimatic":false,"keyPoints":[],"unlocked":true,"touchableObjects":[]},{"miniGameCards":[],"viewedAnimatic":false,"keyPoints":[],"unlocked":false,"touchableObjects":[]},{"miniGameCards":[],"viewedAnimatic":false,"keyPoints":[],"unlocked":false,"touchableObjects":[]},{"miniGameCards":[],"viewedAnimatic":false,"keyPoints":[],"unlocked":false,"touchableObjects":[]}],"stackSize":5,"resolved":false},{"challengeScenes":[{"miniGameCards":[],"viewedAnimatic":false,"keyPoints":[],"unlocked":true,"touchableObjects":[]},{"miniGameCards":[],"viewedAnimatic":false,"keyPoints":[],"unlocked":true,"touchableObjects":[]},{"miniGameCards":[],"viewedAnimatic":false,"keyPoints":[],"unlocked":false,"touchableObjects":[]},{"miniGameCards":[],"viewedAnimatic":false,"keyPoints":[],"unlocked":false,"touchableObjects":[]},{"miniGameCards":[],"viewedAnimatic":false,"keyPoints":[],"unlocked":false,"touchableObjects":[]}],"stackSize":5,"resolved":false},{"challengeScenes":[{"miniGameCards":[],"viewedAnimatic":false,"keyPoints":[],"unlocked":false,"touchableObjects":[]},{"miniGameCards":[],"viewedAnimatic":false,"keyPoints":[],"unlocked":false,"touchableObjects":[]},{"miniGameCards":[],"viewedAnimatic":false,"keyPoints":[],"unlocked":false,"touchableObjects":[]},{"miniGameCards":[],"viewedAnimatic":false,"keyPoints":[],"unlocked":false,"touchableObjects":[]},{"miniGameCards":[],"viewedAnimatic":false,"keyPoints":[],"unlocked":false,"touchableObjects":[]}],"stackSize":5,"resolved":false},{"challengeScenes":[{"miniGameCards":[],"viewedAnimatic":true,"keyPoints":[],"unlocked":true,"touchableObjects":[]},{"miniGameCards":[],"viewedAnimatic":false,"keyPoints":[],"unlocked":true,"touchableObjects":[]},{"miniGameCards":[],"viewedAnimatic":false,"keyPoints":[],"unlocked":false,"touchableObjects":[]},{"miniGameCards":[],"viewedAnimatic":false,"keyPoints":[],"unlocked":true,"touchableObjects":[]},{"miniGameCards":[],"viewedAnimatic":false,"keyPoints":[],"unlocked":false,"touchableObjects":[]}],"stackSize":5,"resolved":false},{"challengeScenes":[{"miniGameCards":[],"viewedAnimatic":false,"keyPoints":[],"unlocked":false,"touchableObjects":[]},{"miniGameCards":[],"viewedAnimatic":false,"keyPoints":[],"unlocked":false,"touchableObjects":[]},{"miniGameCards":[],"viewedAnimatic":false,"keyPoints":[],"unlocked":false,"touchableObjects":[]},{"miniGameCards":[],"viewedAnimatic":false,"keyPoints":[],"unlocked":false,"touchableObjects":[]},{"miniGameCards":[],"viewedAnimatic":false,"keyPoints":[],"unlocked":false,"touchableObjects":[]}],"stackSize":5,"resolved":false},{"challengeScenes":[{"miniGameCards":[],"viewedAnimatic":false,"keyPoints":[],"unlocked":true,"touchableObjects":["c_player_afri_F_a_G0a0","c_family_afri_a_G0a0"]},{"miniGameCards":[],"viewedAnimatic":false,"keyPoints":["c_family_afri_a_G0a1N","c_home_G0a1N","c_job_G0a1N"],"unlocked":true,"touchableObjects":["c_player_afri_F_a_G0a1N","c_family_afri_a_G0a1N","c_home_G0a1N","c_job_G0a1N"]},{"miniGameCards":[],"viewedAnimatic":false,"keyPoints":["c_kidsister_afri_a_G0a1P","c_grandma_afri_a_G0a1P","c_Teacher_G0a1P","c_dad_afri_a_G0a1P","c_mom_afri_a_G0a1P","c_Nurse_G0a1P"],"unlocked":true,"touchableObjects":["c_cousins_F_a_G0a1P","c_friends_G0a1P","c_kidsister_afri_a_G0a1P","c_grandma_afri_a_G0a1P","c_Teacher_G0a1P","c_dad_afri_a_G0a1P","c_mom_afri_a_G0a1P","c_Nurse_G0a1P"]}],"stackSize":3,"resolved":true}],"sessionId":10,"epilogue":{"rating":0},"playerId":6427016,"session":[{"sceneId":"1P","stackId":12},{"sceneId":"1P","stackId":0},{"sceneId":"1P","stackId":1},{"sceneId":"1N","stackId":1},{"sceneId":"2P","stackId":1},{"sceneId":"3P","stackId":2},{"sceneId":"1P","stackId":2},{"sceneId":"1N","stackId":2},{"sceneId":"2P","stackId":2},{"sceneId":"1P","stackId":3},{"sceneId":"1N","stackId":3},{"sceneId":"2P","stackId":3},{"sceneId":"1P","stackId":4},{"sceneId":"1N","stackId":4},{"sceneId":"2P","stackId":4},{"sceneId":"1P","stackId":5},{"sceneId":"1N","stackId":5},{"sceneId":"2P","stackId":5},{"sceneId":"2P","stackId":6},{"sceneId":"1P","stackId":6}],"minigames":[{"levelSaveData":[{"starRating":3,"unlocked":true},{"starRating":2,"unlocked":true},{"starRating":1,"unlocked":true},{"starRating":0,"unlocked":true},{"starRating":0,"unlocked":false},{"starRating":2,"unlocked":true},{"starRating":2,"unlocked":true},{"starRating":2,"unlocked":true},{"starRating":2,"unlocked":true},{"starRating":2,"unlocked":true}],"skillPoints":16},{"levelSaveData":[{"starRating":3,"unlocked":true},{"starRating":3,"unlocked":true},{"starRating":1,"unlocked":true},{"starRating":1,"unlocked":true},{"starRating":3,"unlocked":true},{"starRating":2,"unlocked":true},{"starRating":0,"unlocked":false},{"starRating":3,"unlocked":true},{"starRating":2,"unlocked":true},{"starRating":2,"unlocked":true}],"skillPoints":20},{"levelSaveData":[{"starRating":3,"unlocked":true},{"starRating":3,"unlocked":true},{"starRating":3,"unlocked":true},{"starRating":0,"unlocked":true},{"starRating":0,"unlocked":false},{"starRating":2,"unlocked":true},{"starRating":0,"unlocked":true},{"starRating":3,"unlocked":true},{"starRating":2,"unlocked":true},{"starRating":0,"unlocked":false}],"skillPoints":16},{"levelSaveData":[{"starRating":3,"unlocked":true},{"starRating":3,"unlocked":true},{"starRating":3,"unlocked":true},{"starRating":3,"unlocked":true},{"starRating":3,"unlocked":true},{"starRating":3,"unlocked":true},{"starRating":3,"unlocked":true},{"starRating":0,"unlocked":true},{"starRating":0,"unlocked":false},{"starRating":0,"unlocked":false}],"skillPoints":21},{"age":14,"name":"Imani","gender":1,"levelSaveData":[{"starRating":3,"unlocked":true},{"starRating":3,"chunks":[["1"],["2$$sometimes mean","7$$cool and funny"],["9$$fashion","13$$education","0$$family"],["3"]],"unlocked":true},{"starRating":3,"chunks":[["0"],["0$$track","5$$cosmatology"],["4","0"]],"unlocked":true},{"starRating":3,"chunks":[["11"],["4$$puppy"],["2"],["2"],["4","4"],["2"]],"unlocked":true},{"starRating":3,"chunks":[["5"],["0"],["15$$fashion","7"],["4"],["1"],["4$$musicians"]],"unlocked":true},{"starRating":3,"chunks":[["1"],["1","0","3","5"],["4$$californa"],["1$$beach"]],"unlocked":true},{"starRating":3,"chunks":[["2"],["3"],["2$$children","22$$mom"],["1","2"],["2"]],"unlocked":true},{"starRating":3,"chunks":[["3","0","1"],["7","6","0"],["0"],["3"],["4"]],"unlocked":true},{"starRating":3,"chunks":[["2","6","3"],["7","2","5"],["0","4"]],"unlocked":true},{"starRating":0,"chunks":[[null],[null],[null],[null],[null],[null]],"unlocked":false}],"visualAvatar":0,"id":0,"skillPoints":27}],"avatar":{"age":14,"name":"Imani","gender":1,"levelSaveData":[{"starRating":3,"unlocked":true},{"starRating":3,"chunks":[["1"],["2$$sometimes mean","7$$cool and funny"],["9$$fashion","13$$education","0$$family"],["3"]],"unlocked":true},{"starRating":3,"chunks":[["0"],["0$$track","5$$cosmatology"],["4","0"]],"unlocked":true},{"starRating":3,"chunks":[["11"],["4$$puppy"],["2"],["2"],["4","4"],["2"]],"unlocked":true},{"starRating":3,"chunks":[["5"],["0"],["15$$fashion","7"],["4"],["1"],["4$$musicians"]],"unlocked":true},{"starRating":3,"chunks":[["1"],["1","0","3","5"],["4$$californa"],["1$$beach"]],"unlocked":true},{"starRating":3,"chunks":[["2"],["3"],["2$$children","22$$mom"],["1","2"],["2"]],"unlocked":true},{"starRating":3,"chunks":[["3","0","1"],["7","6","0"],["0"],["3"],["4"]],"unlocked":true},{"starRating":3,"chunks":[["2","6","3"],["7","2","5"],["0","4"]],"unlocked":true},{"starRating":0,"chunks":[[null],[null],[null],[null],[null],[null]],"unlocked":false}],"visualAvatar":0,"id":0,"skillPoints":27}}
