6427027,0,5:32:59,11/18/2013 4:21:48pm
6427027,100,5:33:4,1
6427027,102,5:33:6,1
6427027,200,5:33:6,1,3,3,6,0,6
6427027,210,5:33:11,797,384
6427027,211,5:33:12,785,325
6427027,213,5:33:12,1,c_cousin_M_a_G7b1N,true
6427027,221,5:33:17,1
6427027,220,5:33:23,1
6427027,1003,5:33:23,3
6427027,1004,5:33:24,0
6427027,500,5:33:26,0,[]
6427027,501,5:33:34,0,[]
6427027,502,5:33:56,0,[IntentionData_logId:1,false]
6427027,503,5:33:58,0,[]
6427027,504,5:34:1,0,[InfluenceData_logId:6]
6427027,504,5:34:2,0,[InfluenceData_logId:4]
6427027,504,5:34:5,0,[InfluenceData_logId:2]
6427027,505,5:34:6,0,[InfluenceData_logId:2,true,InfluenceData_logId:4,true,InfluenceData_logId:6,true]
6427027,506,5:34:7,0,[]
6427027,507,5:34:35,0,[OpponentAttackData_logId:0,OpponentAttackTypeData_logId:3,false,30]
6427027,508,5:34:40,0,[]
6427027,509,5:34:45,0,[RefusalData_logId:8,2]
6427027,510,5:34:47,0,[AvailableRefusalData_logId:8,2C]
6427027,510,5:34:48,0,[AvailableRefusalData_logId:8,1B]
6427027,510,5:34:50,0,[AvailableRefusalData_logId:8,2A]
6427027,510,5:34:52,0,[AvailableRefusalData_logId:8,0B]
6427027,511,5:34:54,0,[AvailableRefusalData_logId:8,0B,1B,2A,false,0]
6427027,512,5:34:58,0,[]
6427027,513,5:34:58,0,[30]
6427027,514,5:35:1,0,[]
6427027,507,5:35:7,0,[OpponentAttackData_logId:3,OpponentAttackTypeData_logId:3,false,30]
6427027,508,5:35:10,0,[]
6427027,509,5:35:13,0,[RefusalData_logId:7,0]
6427027,510,5:35:14,0,[AvailableRefusalData_logId:7,2B]
6427027,510,5:35:15,0,[AvailableRefusalData_logId:7,2C]
6427027,510,5:35:17,0,[AvailableRefusalData_logId:7,0A]
6427027,510,5:35:18,0,[AvailableRefusalData_logId:7,0C]
6427027,510,5:35:22,0,[AvailableRefusalData_logId:7,1A]
6427027,511,5:35:24,0,[AvailableRefusalData_logId:7,0C,1A,2C,false,0]
6427027,512,5:35:27,0,[]
6427027,513,5:35:27,0,[30]
6427027,514,5:35:30,0,[]
6427027,507,5:35:36,0,[OpponentAttackData_logId:2,OpponentAttackTypeData_logId:4,true,0]
6427027,508,5:35:39,0,[]
6427027,509,5:35:42,0,[RefusalData_logId:2,2]
6427027,510,5:35:44,0,[AvailableRefusalData_logId:2,0A]
6427027,510,5:35:45,0,[AvailableRefusalData_logId:2,1B]
6427027,510,5:35:48,0,[AvailableRefusalData_logId:2,2B]
6427027,511,5:35:49,0,[AvailableRefusalData_logId:2,0A,1B,2B,false,0]
6427027,512,5:35:52,0,[]
6427027,513,5:35:52,0,[30]
6427027,515,5:35:54,0,[0,100]
6427027,516,5:35:55,0,[]
6427027,517,5:35:56,0,[]
6427027,1000,5:35:58,0,[]
6427027,500,5:35:59,0,[]
6427027,501,5:36:0,0,[]
6427027,502,5:36:9,0,[IntentionData_logId:4,false]
6427027,503,5:36:10,0,[]
6427027,504,5:36:14,0,[InfluenceData_logId:6]
6427027,504,5:36:16,0,[InfluenceData_logId:8]
6427027,504,5:36:17,0,[InfluenceData_logId:6]
6427027,504,5:36:20,0,[InfluenceData_logId:2]
6427027,504,5:36:22,0,[InfluenceData_logId:4]
6427027,505,5:36:23,0,[InfluenceData_logId:2,true,InfluenceData_logId:4,true,InfluenceData_logId:6,true]
6427027,506,5:36:24,0,[]
6427027,507,5:36:30,0,[OpponentAttackData_logId:2,OpponentAttackTypeData_logId:1,false,30]
6427027,508,5:36:32,0,[]
6427027,509,5:36:38,0,[RefusalData_logId:7,0]
6427027,510,5:36:41,0,[AvailableRefusalData_logId:7,0A]
6427027,510,5:36:43,0,[AvailableRefusalData_logId:7,1A]
6427027,510,5:36:46,0,[AvailableRefusalData_logId:7,2A]
6427027,511,5:36:47,0,[AvailableRefusalData_logId:7,0A,1A,2A,true,20]
6427027,512,5:36:50,0,[]
6427027,513,5:36:50,0,[30]
6427027,514,5:36:53,0,[]
6427027,507,5:37:5,0,[OpponentAttackData_logId:1,OpponentAttackTypeData_logId:1,false,30]
6427027,508,5:37:7,0,[]
6427027,509,5:37:15,0,[RefusalData_logId:6,2]
6427027,510,5:37:20,0,[AvailableRefusalData_logId:6,0B]
6427027,510,5:37:25,0,[AvailableRefusalData_logId:6,1B]
6427027,510,5:37:29,0,[AvailableRefusalData_logId:6,0C]
6427027,510,5:37:32,0,[AvailableRefusalData_logId:6,0A]
6427027,510,5:37:35,0,[AvailableRefusalData_logId:6,1C]
6427027,510,5:37:37,0,[AvailableRefusalData_logId:6,2B]
6427027,511,5:37:38,0,[AvailableRefusalData_logId:6,0A,1C,2B,false,0]
6427027,512,5:37:40,0,[]
6427027,513,5:37:40,0,[30]
6427027,514,5:37:42,0,[]
6427027,507,5:37:54,0,[OpponentAttackData_logId:0,OpponentAttackTypeData_logId:0,false,30]
6427027,508,5:37:56,0,[]
6427027,515,5:37:56,0,[0,80]
6427027,516,5:37:57,0,[]
6427027,517,5:37:59,0,[]
6427027,1001,5:37:59,0,[]
6427027,1003,5:37:59,3
6427027,1004,5:38:0,0
6427027,500,5:38:4,0,[]
6427027,501,5:38:5,0,[]
6427027,502,5:38:13,0,[IntentionData_logId:2,true]
6427027,503,5:38:14,0,[]
6427027,504,5:38:16,0,[InfluenceData_logId:6]
6427027,504,5:38:17,0,[InfluenceData_logId:3]
6427027,504,5:38:19,0,[InfluenceData_logId:4]
6427027,504,5:38:20,0,[InfluenceData_logId:2]
6427027,505,5:38:22,0,[InfluenceData_logId:2,true,InfluenceData_logId:4,true,InfluenceData_logId:6,true]
6427027,506,5:38:22,0,[]
6427027,507,5:38:31,0,[OpponentAttackData_logId:2,OpponentAttackTypeData_logId:1,false,30]
6427027,508,5:38:33,0,[]
6427027,509,5:38:37,0,[RefusalData_logId:7,0]
6427027,510,5:38:41,0,[AvailableRefusalData_logId:7,0C]
6427027,510,5:38:43,0,[AvailableRefusalData_logId:7,1A]
6427027,510,5:38:45,0,[AvailableRefusalData_logId:7,2C]
6427027,510,5:38:47,0,[AvailableRefusalData_logId:7,2A]
6427027,510,5:38:53,0,[AvailableRefusalData_logId:7,0A]
6427027,511,5:38:56,0,[AvailableRefusalData_logId:7,0A,1A,2A,true,20]
6427027,512,5:38:59,0,[]
6427027,513,5:38:59,0,[30]
6427027,514,5:39:2,0,[]
6427027,507,5:39:14,0,[OpponentAttackData_logId:3,OpponentAttackTypeData_logId:3,false,30]
6427027,508,5:39:18,0,[]
6427027,509,5:39:23,0,[RefusalData_logId:8,2]
6427027,510,5:39:27,0,[AvailableRefusalData_logId:8,0A]
6427027,510,5:39:28,0,[AvailableRefusalData_logId:8,0C]
6427027,510,5:39:33,0,[AvailableRefusalData_logId:8,1C]
6427027,510,5:39:34,0,[AvailableRefusalData_logId:8,0B]
6427027,510,5:39:38,0,[AvailableRefusalData_logId:8,2B]
6427027,510,5:39:40,0,[AvailableRefusalData_logId:8,1A]
6427027,511,5:39:46,0,[AvailableRefusalData_logId:8,0B,1A,2B,false,0]
6427027,512,5:39:48,0,[]
6427027,513,5:39:48,0,[30]
6427027,514,5:39:51,0,[]
6427027,507,5:39:57,0,[OpponentAttackData_logId:1,OpponentAttackTypeData_logId:3,true,0]
6427027,508,5:39:59,0,[]
6427027,509,5:40:10,0,[RefusalData_logId:6,2]
6427027,510,5:40:15,0,[AvailableRefusalData_logId:6,0C]
6427027,510,5:40:16,0,[AvailableRefusalData_logId:6,0A]
6427027,510,5:40:21,0,[AvailableRefusalData_logId:6,0B]
6427027,510,5:40:25,0,[AvailableRefusalData_logId:6,1A]
6427027,510,5:40:28,0,[AvailableRefusalData_logId:6,1C]
6427027,510,5:40:32,0,[AvailableRefusalData_logId:6,1B]
6427027,510,5:40:36,0,[AvailableRefusalData_logId:6,2A]
6427027,510,5:40:39,0,[AvailableRefusalData_logId:6,2C]
6427027,511,5:40:43,0,[AvailableRefusalData_logId:6,0B,1B,2C,false,0]
6427027,512,5:40:45,0,[]
6427027,513,5:40:45,0,[30]
6427027,515,5:40:47,0,[0,80]
6427027,516,5:40:48,0,[]
6427027,517,5:40:51,0,[]
6427027,1000,5:40:52,0,[]
6427027,500,5:40:53,0,[]
6427027,501,5:40:54,0,[]
6427027,502,5:41:9,0,[IntentionData_logId:4,false]
6427027,503,5:41:10,0,[]
6427027,504,5:41:13,0,[InfluenceData_logId:6]
6427027,504,5:41:13,0,[InfluenceData_logId:4]
6427027,504,5:41:15,0,[InfluenceData_logId:2]
6427027,505,5:41:16,0,[InfluenceData_logId:2,true,InfluenceData_logId:4,true,InfluenceData_logId:6,true]
6427027,506,5:41:17,0,[]
6427027,507,5:41:26,0,[OpponentAttackData_logId:3,OpponentAttackTypeData_logId:2,true,0]
6427027,508,5:41:29,0,[]
6427027,509,5:41:32,0,[RefusalData_logId:7,0]
6427027,510,5:41:35,0,[AvailableRefusalData_logId:7,0A]
6427027,510,5:41:37,0,[AvailableRefusalData_logId:7,1A]
6427027,510,5:41:39,0,[AvailableRefusalData_logId:7,2A]
6427027,511,5:41:40,0,[AvailableRefusalData_logId:7,0A,1A,2A,true,20]
6427027,512,5:41:43,0,[]
6427027,513,5:41:43,0,[30]
6427027,514,5:41:47,0,[]
6427027,507,5:41:56,0,[OpponentAttackData_logId:0,OpponentAttackTypeData_logId:1,true,0]
6427027,508,5:41:59,0,[]
6427027,509,5:42:1,0,[RefusalData_logId:4,1]
6427027,510,5:42:11,0,[AvailableRefusalData_logId:4,0C]
6427027,510,5:42:25,0,[AvailableRefusalData_logId:4,0B]
6427027,510,5:42:25,0,[AvailableRefusalData_logId:4,1B]
6427027,510,5:42:27,0,[AvailableRefusalData_logId:4,2A]
6427027,511,5:42:28,0,[AvailableRefusalData_logId:4,0B,1B,2A,false,0]
6427027,512,5:42:30,0,[]
6427027,513,5:42:30,0,[30]
6427027,514,5:42:33,0,[]
6427027,507,5:42:38,0,[OpponentAttackData_logId:2,OpponentAttackTypeData_logId:4,true,0]
6427027,508,5:42:40,0,[]
6427027,509,5:42:44,0,[RefusalData_logId:8,2]
6427027,510,5:42:49,0,[AvailableRefusalData_logId:8,0C]
6427027,510,5:42:54,0,[AvailableRefusalData_logId:8,1C]
6427027,510,5:42:58,0,[AvailableRefusalData_logId:8,2A]
6427027,511,5:42:58,0,[AvailableRefusalData_logId:8,0C,1C,2A,false,0]
6427027,512,5:43:0,0,[]
6427027,513,5:43:0,0,[30]
6427027,514,5:43:3,0,[]
6427027,507,5:43:13,0,[OpponentAttackData_logId:1,OpponentAttackTypeData_logId:3,true,0]
6427027,508,5:43:17,0,[]
6427027,509,5:43:22,0,[RefusalData_logId:6,2]
6427027,510,5:43:25,0,[AvailableRefusalData_logId:6,0A]
6427027,510,5:43:37,0,[AvailableRefusalData_logId:6,0C]
6427027,510,5:43:40,0,[AvailableRefusalData_logId:6,1C]
6427027,510,5:43:44,0,[AvailableRefusalData_logId:6,2B]
6427027,511,5:43:45,0,[AvailableRefusalData_logId:6,0C,1C,2B,false,0]
6427027,512,5:43:47,0,[]
6427027,513,5:43:47,0,[30]
6427027,514,5:43:49,0,[]
6427027,515,5:43:49,0,[10,80]
6427027,516,5:43:51,0,[]
6427027,517,5:43:53,0,[]
6427027,1000,5:43:54,0,[]
6427027,500,5:43:55,0,[]
6427027,501,5:43:56,0,[]
6427027,502,5:44:5,0,[IntentionData_logId:1,false]
6427027,503,5:44:7,0,[]
6427027,504,5:44:10,0,[InfluenceData_logId:6]
6427027,504,5:44:13,0,[InfluenceData_logId:4]
6427027,504,5:44:18,0,[InfluenceData_logId:8]
6427027,504,5:44:21,0,[InfluenceData_logId:2]
6427027,505,5:44:21,0,[InfluenceData_logId:2,true,InfluenceData_logId:4,true,InfluenceData_logId:8,true]
6427027,506,5:44:24,0,[]
6427027,507,5:44:35,0,[OpponentAttackData_logId:1,OpponentAttackTypeData_logId:3,true,0]
6427027,508,5:44:38,0,[]
6427027,509,5:44:46,0,[RefusalData_logId:7,0]
6427027,510,5:44:49,0,[AvailableRefusalData_logId:7,0A]
6427027,510,5:44:54,0,[AvailableRefusalData_logId:7,1A]
6427027,510,5:44:56,0,[AvailableRefusalData_logId:7,2A]
6427027,511,5:44:56,0,[AvailableRefusalData_logId:7,0A,1A,2A,true,20]
6427027,512,5:45:2,0,[]
6427027,513,5:45:2,0,[30]
6427027,514,5:45:7,0,[]
6427027,507,5:45:22,0,[OpponentAttackData_logId:0,OpponentAttackTypeData_logId:2,false,30]
6427027,508,5:45:25,0,[]
6427027,509,5:45:34,0,[RefusalData_logId:6,2]
6427027,510,5:45:40,0,[AvailableRefusalData_logId:6,0C]
6427027,510,5:45:43,0,[AvailableRefusalData_logId:6,1C]
6427027,510,5:45:44,0,[AvailableRefusalData_logId:6,2C]
6427027,510,5:45:45,0,[AvailableRefusalData_logId:6,2A]
6427027,511,5:45:46,0,[AvailableRefusalData_logId:6,0C,1C,2A,false,0]
6427027,512,5:45:48,0,[]
6427027,513,5:45:48,0,[30]
6427027,514,5:45:51,0,[]
6427027,507,5:45:55,0,[OpponentAttackData_logId:2,OpponentAttackTypeData_logId:4,true,0]
6427027,508,5:45:58,0,[]
6427027,509,5:46:3,0,[RefusalData_logId:8,2]
6427027,510,5:46:6,0,[AvailableRefusalData_logId:8,0C]
6427027,510,5:46:8,0,[AvailableRefusalData_logId:8,1A]
6427027,510,5:46:14,0,[AvailableRefusalData_logId:8,2A]
6427027,510,5:46:16,0,[AvailableRefusalData_logId:8,2B]
6427027,510,5:46:17,0,[AvailableRefusalData_logId:8,2A]
6427027,511,5:46:17,0,[AvailableRefusalData_logId:8,0C,1A,2A,false,0]
6427027,512,5:46:19,0,[]
6427027,513,5:46:19,0,[30]
6427027,514,5:46:24,0,[]
6427027,507,5:46:30,0,[OpponentAttackData_logId:3,OpponentAttackTypeData_logId:0,false,30]
6427027,508,5:46:34,0,[]
6427027,515,5:46:34,0,[0,80]
6427027,516,5:46:45,0,[]
6427027,517,5:46:46,0,[]
6427027,1000,5:46:48,0,[]
6427027,500,5:46:49,0,[]
6427027,501,5:46:51,0,[]
6427027,502,5:47:2,0,[IntentionData_logId:1,false]
6427027,503,5:47:3,0,[]
6427027,504,5:47:8,0,[InfluenceData_logId:8]
6427027,504,5:47:11,0,[InfluenceData_logId:3]
6427027,504,5:47:13,0,[InfluenceData_logId:2]
6427027,505,5:47:14,0,[InfluenceData_logId:2,true,InfluenceData_logId:3,true,InfluenceData_logId:8,true]
6427027,506,5:47:26,0,[]
6427027,507,5:47:37,0,[OpponentAttackData_logId:3,OpponentAttackTypeData_logId:2,true,0]
6427027,508,5:47:40,0,[]
6427027,509,5:47:45,0,[RefusalData_logId:2,2]
6427027,510,5:47:50,0,[AvailableRefusalData_logId:2,0A]
6427027,510,5:47:52,0,[AvailableRefusalData_logId:2,1B]
6427027,510,5:47:54,0,[AvailableRefusalData_logId:2,2A]
6427027,511,5:47:55,0,[AvailableRefusalData_logId:2,0A,1B,2A,false,0]
6427027,512,5:47:59,0,[]
6427027,513,5:47:59,0,[30]
6427027,514,5:48:2,0,[]
6427027,507,5:48:18,0,[OpponentAttackData_logId:0,OpponentAttackTypeData_logId:1,true,0]
6427027,508,5:48:20,0,[]
6427027,509,5:48:24,0,[RefusalData_logId:7,0]
6427027,510,5:48:26,0,[AvailableRefusalData_logId:7,0A]
6427027,510,5:48:28,0,[AvailableRefusalData_logId:7,1A]
6427027,510,5:48:30,0,[AvailableRefusalData_logId:7,2A]
6427027,511,5:48:30,0,[AvailableRefusalData_logId:7,0A,1A,2A,true,20]
6427027,512,5:48:34,0,[]
6427027,513,5:48:34,0,[30]
6427027,514,5:48:37,0,[]
6427027,507,5:48:43,0,[OpponentAttackData_logId:1,OpponentAttackTypeData_logId:3,true,0]
6427027,508,5:48:47,0,[]
6427027,509,5:48:53,0,[RefusalData_logId:8,2]
6427027,510,5:48:55,0,[AvailableRefusalData_logId:8,0C]
6427027,510,5:48:57,0,[AvailableRefusalData_logId:8,1B]
6427027,510,5:49:0,0,[AvailableRefusalData_logId:8,1A]
6427027,510,5:49:4,0,[AvailableRefusalData_logId:8,0A]
6427027,510,5:49:10,0,[AvailableRefusalData_logId:8,2B]
6427027,511,5:49:11,0,[AvailableRefusalData_logId:8,0A,1A,2B,false,0]
6427027,512,5:49:13,0,[]
6427027,513,5:49:13,0,[30]
6427027,514,5:49:25,0,[]
6427027,507,5:49:34,0,[OpponentAttackData_logId:2,OpponentAttackTypeData_logId:4,true,0]
6427027,508,5:49:37,0,[]
6427027,509,5:49:44,0,[RefusalData_logId:6,2]
6427027,510,5:49:46,0,[AvailableRefusalData_logId:6,1A]
6427027,510,5:49:46,0,[AvailableRefusalData_logId:6,1B]
6427027,510,5:49:47,0,[AvailableRefusalData_logId:6,1A]
6427027,510,5:49:49,0,[AvailableRefusalData_logId:6,0C]
6427027,510,5:49:53,0,[AvailableRefusalData_logId:6,0B]
6427027,510,5:49:54,0,[AvailableRefusalData_logId:6,0A]
6427027,510,5:50:0,0,[AvailableRefusalData_logId:6,2A]
6427027,511,5:50:1,0,[AvailableRefusalData_logId:6,0A,1A,2A,true,50]
6427027,512,5:50:4,0,[]
6427027,513,5:50:4,0,[0]
6427027,514,5:50:5,0,[]
6427027,515,5:50:5,0,[40,30]
6427027,516,5:50:7,0,[]
6427027,517,5:50:8,0,[]
6427027,1005,5:50:8,0,[3,0,1]
6427027,1001,5:50:11,0,[]
6427027,1003,5:50:11,3
6427027,221,5:50:15,1
6427027,220,5:50:16,1
6427027,219,5:50:16,1
6427027,216,5:50:18,Stack_G7b1P
6427027,217,5:50:28,Stack_G7b1P,10,8.9
6427027,218,5:50:30,1
6427027,210,5:50:31,1245,359
6427027,207,5:50:32,1,-200,-395
6427027,211,5:50:32,1215,488
6427027,212,5:50:33,1
6427027,210,5:50:33,1216,471
6427027,211,5:50:34,1241,524
6427027,213,5:50:34,1,c_cousin_M_a_G7b1P,true
6427027,205,5:50:34,1,c_cousin_M_a_G7b1P,false,false
6427027,210,5:50:38,1338,211
6427027,211,5:50:39,1341,259
6427027,213,5:50:39,1,c_cousinsBrother_a_G7b1P,true
6427027,205,5:50:39,1,c_cousinsBrother_a_G7b1P,false,false
6427027,210,5:50:42,549,43
6427027,211,5:50:43,548,131
6427027,213,5:50:44,1,c_cousin_M_a_G7b1P,true
6427027,205,5:50:44,1,c_cousin_M_a_G7b1P,false,true
6427027,212,5:50:48,2
6427027,210,5:50:49,550,99
6427027,211,5:50:49,533,131
6427027,212,5:50:50,0
6427027,210,5:50:50,689,113
6427027,207,5:50:51,1,-395,-485
6427027,207,5:50:53,1,-485,-710
6427027,211,5:50:53,1540,209
6427027,212,5:50:54,2
6427027,210,5:50:55,1529,197
6427027,211,5:50:56,1572,439
6427027,212,5:50:56,1
6427027,210,5:50:56,1600,484
6427027,207,5:50:57,1,-710,-740
6427027,207,5:51:2,1,-740,0
6427027,211,5:51:3,247,457
6427027,212,5:51:3,2
6427027,210,5:51:4,235,417
6427027,211,5:51:4,254,466
6427027,212,5:51:5,0
6427027,210,5:51:6,281,408
6427027,211,5:51:6,247,464
6427027,213,5:51:6,1,c_cousinsBrothersFriend_a_G7b1P,true
6427027,205,5:51:6,1,c_cousinsBrothersFriend_a_G7b1P,false,false
6427027,210,5:51:19,563,155
6427027,211,5:51:19,224,353
6427027,210,5:51:19,151,393
6427027,211,5:51:20,224,223
6427027,210,5:51:31,322,351
6427027,211,5:51:33,2,419
6427027,210,5:51:33,207,369
6427027,207,5:51:36,1,0,-645
6427027,207,5:51:38,1,-645,-990
6427027,211,5:51:39,1813,255
6427027,212,5:51:39,1
6427027,210,5:51:40,1788,300
6427027,211,5:51:40,1812,296
6427027,212,5:51:40,2
6427027,210,5:51:41,1828,201
6427027,211,5:51:41,1786,289
6427027,213,5:51:41,1,c_crush1_M_a_G7b1P,true
6427027,210,5:51:45,1572,314
6427027,207,5:51:48,1,-990,0
6427027,211,5:51:51,503,148
6427027,212,5:51:52,1
6427027,210,5:51:52,495,191
6427027,211,5:51:53,544,122
6427027,210,5:52:15,793,325
6427027,211,5:52:16,793,325
6427027,210,5:52:16,252,354
6427027,211,5:52:18,153,297
6427027,212,5:52:19,0
6427027,210,5:52:19,541,132
6427027,211,5:52:21,1063,437
6427027,207,5:52:21,1,0,-60
6427027,210,5:52:21,1119,393
6427027,207,5:52:21,1,-60,-150
6427027,211,5:52:22,1512,308
6427027,207,5:52:22,1,-150,-525
6427027,221,5:52:23,1
6427027,220,5:52:24,1
6427027,210,5:52:25,1321,335
6427027,207,5:52:25,1,-525,-660
6427027,211,5:52:26,1537,216
6427027,212,5:52:26,1
6427027,210,5:52:27,1533,177
6427027,211,5:52:29,1439,63
6427027,212,5:52:30,2
6427027,210,5:52:30,1588,147
6427027,207,5:52:34,1,-660,-45
6427027,211,5:52:34,167,498
6427027,210,5:53:1,799,414
6427027,207,5:53:2,1,-45,-375
6427027,211,5:53:3,1754,246
6427027,207,5:53:3,1,-375,-750
6427027,219,5:53:4,1
6427027,216,5:53:5,Stack_G7b2N
6427027,217,5:53:8,Stack_G7b2N,2.3,5.5
6427027,218,5:53:9,1
6427027,210,5:53:10,531,437
6427027,211,5:53:13,979,314
6427027,210,5:53:14,703,327
6427027,211,5:53:14,733,335
6427027,213,5:53:14,1,c_cousinsBrother_a_G7b2N,true
6427027,212,5:53:16,1
6427027,210,5:53:17,438,433
6427027,211,5:53:19,952,400
6427027,213,5:53:19,1,c_crush1_M_a_G7b2N,true
6427027,205,5:53:19,1,c_crush1_M_a_G7b2N,false,false
6427027,212,5:53:23,0
6427027,210,5:53:24,357,412
6427027,211,5:53:25,553,427
6427027,213,5:53:25,1,c_cousin_M_a_G7b2N,true
6427027,205,5:53:25,1,c_cousin_M_a_G7b2N,false,false
6427027,210,5:53:32,279,491
6427027,211,5:53:32,301,432
6427027,212,5:53:33,2
6427027,210,5:53:34,276,461
6427027,211,5:53:34,298,437
6427027,212,5:53:35,1
6427027,210,5:53:35,343,447
6427027,211,5:53:36,300,446
6427027,213,5:53:36,1,s_cousinsBFgirlfriend_G7b2N,true
6427027,210,5:53:41,529,180
6427027,211,5:53:41,551,133
6427027,213,5:53:41,1,s_lifeguard_G7b2N,true
6427027,210,5:53:43,918,412
6427027,211,5:53:45,1126,306
6427027,210,5:53:46,1119,321
6427027,211,5:53:47,1125,360
6427027,210,5:53:48,513,409
6427027,211,5:53:50,1129,327
6427027,210,5:53:51,952,234
6427027,211,5:53:52,937,206
6427027,213,5:53:52,1,c_crewKid2_M_G7b2N,true
6427027,210,5:53:54,990,207
6427027,211,5:54:3,555,445
6427027,212,5:54:3,2
6427027,210,5:54:4,492,452
6427027,211,5:54:7,857,286
6427027,212,5:54:8,0
6427027,210,5:54:8,811,287
6427027,211,5:54:9,838,277
6427027,213,5:54:9,1,s_kid1_G7b2N,true
6427027,205,5:54:9,1,s_kid1_G7b2N,false,false
6427027,210,5:54:17,1033,248
6427027,211,5:54:20,561,451
6427027,213,5:54:20,1,c_cousin_M_a_G7b2N,true
6427027,205,5:54:20,1,c_cousin_M_a_G7b2N,false,true
6427027,210,5:54:23,185,360
6427027,211,5:54:24,206,392
6427027,213,5:54:24,1,c_kidSister_cauc_a_G7b2N,true
6427027,205,5:54:24,1,c_kidSister_cauc_a_G7b2N,false,false
6427027,221,5:54:34,1
6427027,220,5:54:36,1
6427027,210,5:54:36,293,420
6427027,207,5:54:37,1,-200,-50
6427027,211,5:54:37,273,443
6427027,213,5:54:37,1,c_cousinsBrothersFriend_a_G7b1P,true
6427027,205,5:54:37,1,c_cousinsBrothersFriend_a_G7b1P,false,true
6427027,210,5:54:40,1064,451
6427027,211,5:54:41,1101,458
6427027,207,5:54:41,1,-50,-80
6427027,210,5:54:41,1177,465
6427027,207,5:54:41,1,-80,-215
6427027,211,5:54:42,1566,345
6427027,207,5:54:42,1,-215,-590
6427027,212,5:54:43,2
6427027,210,5:54:43,1206,421
6427027,211,5:54:45,1341,259
6427027,212,5:54:46,1
6427027,210,5:54:46,1338,204
6427027,211,5:54:47,1366,272
6427027,213,5:54:47,1,c_cousinsBrother_a_G7b1P,true
6427027,205,5:54:47,1,c_cousinsBrother_a_G7b1P,false,true
6427027,210,5:54:52,1353,355
6427027,207,5:54:52,1,-590,-680
6427027,211,5:54:53,1218,457
6427027,213,5:54:53,1,c_cousin_M_a_G7b1P,true
6427027,205,5:54:53,1,c_cousin_M_a_G7b1P,false,true
6427027,210,5:55:21,1263,374
6427027,211,5:55:21,1256,374
6427027,210,5:55:21,1200,409
6427027,211,5:55:22,1206,336
6427027,213,5:55:22,1,c_cousin_M_a_G7b1P,true
6427027,205,5:55:22,1,c_cousin_M_a_G7b1P,false,true
6427027,210,5:55:26,1159,228
6427027,211,5:55:28,1344,254
6427027,213,5:55:28,1,c_cousinsBrother_a_G7b1P,true
6427027,205,5:55:28,1,c_cousinsBrother_a_G7b1P,false,true
6427027,212,5:55:31,0
6427027,207,5:55:32,1,-680,-710
6427027,210,5:55:32,1167,221
6427027,211,5:55:34,652,473
6427027,207,5:55:34,1,-710,-635
6427027,207,5:55:35,1,-635,-620
6427027,210,5:55:35,779,340
6427027,207,5:55:37,1,-620,0
6427027,211,5:55:38,86,423
6427027,213,5:55:38,1,c_kidSister_cauc_a_G7b1P,true
6427027,210,5:55:45,805,459
6427027,207,5:55:46,1,0,-75
6427027,211,5:55:47,1542,446
6427027,207,5:55:47,1,-75,-540
6427027,210,5:55:48,1450,463
6427027,211,5:55:49,1885,479
6427027,207,5:55:49,1,-540,-915
6427027,210,5:55:50,1778,318
6427027,211,5:55:51,1792,301
6427027,207,5:55:53,1,-915,-915
6427027,210,5:55:53,1632,450
6427027,211,5:55:55,1580,214
6427027,210,5:55:59,1204,344
6427027,207,5:56:1,1,-915,-252
6427027,207,5:56:2,1,-252,-72
6427027,211,5:56:3,269,447
6427027,213,5:56:3,1,c_cousinsBrothersFriend_a_G7b1P,true
6427027,205,5:56:3,1,c_cousinsBrothersFriend_a_G7b1P,false,true
6427027,210,5:56:18,541,167
6427027,207,5:56:20,1,-72,-477
6427027,211,5:56:21,1163,409
6427027,212,5:56:21,2
6427027,210,5:56:22,1235,321
6427027,211,5:56:23,1125,286
6427027,212,5:56:23,1
6427027,210,5:56:24,1218,372
6427027,211,5:56:26,1221,348
6427027,213,5:56:26,1,c_cousin_M_a_G7b1P,true
6427027,205,5:56:26,1,c_cousin_M_a_G7b1P,false,true
6427027,210,5:56:32,1300,243
6427027,207,5:56:33,1,-477,-582
6427027,211,5:56:33,1333,262
6427027,213,5:56:33,1,c_cousinsBrother_a_G7b1P,true
6427027,205,5:56:33,1,c_cousinsBrother_a_G7b1P,false,true
6427027,210,5:56:43,1612,221
6427027,207,5:56:43,1,-582,-732
6427027,207,5:56:44,1,-732,-837
6427027,207,5:56:45,1,-837,-1031
6427027,211,5:56:47,1529,193
6427027,210,5:56:48,1529,205
6427027,211,5:56:48,1561,186
6427027,212,5:56:49,2
6427027,210,5:56:50,1483,157
6427027,211,5:56:52,1469,258
6427027,210,5:56:53,1673,240
6427027,207,5:56:56,1,-1031,0
6427027,211,5:56:57,167,286
6427027,212,5:56:58,0
6427027,210,5:56:59,144,244
6427027,207,5:57:3,1,0,-525
6427027,211,5:57:5,1445,335
6427027,221,5:57:6,1
6427027,300,5:57:9
6427027,220,5:57:9,1
6427027,301,5:57:12,1
6427027,302,5:57:17,1,1,0,4
6427027,303,5:57:22,1,1,0,4
6427027,304,5:57:27,1,1,0,-1,,4,foolball
6427027,302,5:57:31,1,1,1,5
6427027,302,5:57:39,1,1,1,1
6427027,302,5:57:50,1,1,1,2
6427027,302,5:57:52,1,1,1,3
6427027,303,5:57:54,1,1,1,3
6427027,306,5:58:0,1,0,1
6427027,304,5:58:0,1,1,1,-1,,3,cooking
6427027,302,5:58:5,1,2,0,0
6427027,303,5:58:7,1,2,0,0
6427027,304,5:58:10,1,2,0,-1,,0,cars
6427027,302,5:58:15,1,2,1,11
6427027,302,5:58:17,1,2,1,7
6427027,303,5:58:19,1,2,1,7
6427027,302,5:58:31,1,2,1,1
6427027,306,5:58:39,1,1,2
6427027,304,5:58:39,1,2,1,-1,,1,runing
6427027,302,5:58:44,1,0,0,0
6427027,306,5:58:45,1,2,3
6427027,304,5:58:45,1,0,0,-1,,0,
6427027,221,5:58:53,1
6427027,220,5:58:57,1
6427027,210,5:58:58,323,408
6427027,207,5:58:58,1,-200,-65
6427027,211,5:58:59,264,438
6427027,213,5:58:59,1,c_cousinsBrothersFriend_a_G7b1P,true
6427027,205,5:58:59,1,c_cousinsBrothersFriend_a_G7b1P,false,true
6427027,210,5:59:4,505,82
6427027,211,5:59:4,555,133
6427027,212,5:59:5,1
6427027,210,5:59:6,518,100
6427027,211,5:59:6,547,139
6427027,212,5:59:7,2
6427027,210,5:59:8,525,99
6427027,207,5:59:11,1,-65,-485
6427027,207,5:59:14,1,-485,-1025
6427027,211,5:59:16,1812,272
6427027,213,5:59:16,1,c_crush1_M_a_G7b1P,true
6427027,210,5:59:23,1849,236
6427027,211,5:59:23,1791,287
6427027,213,5:59:23,1,c_crush1_M_a_G7b1P,true
6427027,210,5:59:33,1561,155
6427027,211,5:59:33,1591,228
6427027,212,5:59:35,1
6427027,210,5:59:36,1811,258
6427027,211,5:59:38,1727,361
6427027,212,5:59:39,0
6427027,210,5:59:41,1357,228
6427027,211,5:59:43,847,353
6427027,207,5:59:43,1,-1025,-830
6427027,210,5:59:46,548,438
6427027,211,5:59:47,549,443
6427027,213,5:59:47,1,c_cousin_M_a_G7b2N,true
6427027,205,5:59:47,1,c_cousin_M_a_G7b2N,false,true
6427027,210,5:59:51,979,263
6427027,211,5:59:52,851,286
6427027,213,5:59:52,1,s_kid1_G7b2N,true
6427027,205,5:59:52,1,s_kid1_G7b2N,false,true
6427027,210,5:59:58,1132,427
6427027,207,5:59:59,1,-200,-545
6427027,211,6:0:0,1437,273
6427027,212,6:0:1,1
6427027,210,6:0:1,1170,405
6427027,211,6:0:3,1189,304
6427027,213,6:0:3,1,c_cousin_M_a_G7b1P,true
6427027,205,6:0:3,1,c_cousin_M_a_G7b1P,false,true
6427027,210,6:0:6,1180,282
6427027,207,6:0:8,1,-545,-890
6427027,207,6:0:9,1,-890,-1025
6427027,211,6:0:11,1645,482
6427027,210,6:0:25,1329,120
6427027,211,6:0:25,1338,104
6427027,210,6:0:25,1330,121
6427027,211,6:0:26,1368,160
6427027,213,6:0:26,1,c_cousinsBrother_a_G7b1P,true
6427027,205,6:0:26,1,c_cousinsBrother_a_G7b1P,false,true
6427027,210,6:0:32,1401,137
6427027,211,6:0:33,1376,92
6427027,210,6:0:36,1509,229
6427027,211,6:0:37,1528,257
6427027,207,6:0:41,1,-1025,-1031
6427027,210,6:0:41,2002,307
6427027,211,6:0:42,2053,289
6427027,210,6:0:42,1958,310
6427027,211,6:0:43,2033,267
6427027,210,6:0:43,2020,240
6427027,211,6:0:43,2020,240
6427027,210,6:0:45,1982,199
6427027,211,6:0:47,1995,336
6427027,210,6:0:57,1987,240
6427027,211,6:0:57,2033,300
6427027,212,6:0:58,2
6427027,210,6:0:58,2023,262
6427027,211,6:0:59,2004,294
6427027,212,6:0:59,0
6427027,210,6:1:0,1980,230
6427027,211,6:1:0,2018,282
6427027,213,6:1:0,1,s_poolDay_ruleSign_G7b1P,true
6427027,205,6:1:0,1,s_poolDay_ruleSign_G7b1P,false,false
6427027,221,6:1:9,1
6427027,220,6:1:10,1
6427027,219,6:1:10,1
6427027,216,6:1:12,Stack_G7b2P
6427027,217,6:1:25,Stack_G7b2P,12,0.00
6427027,218,6:1:26,1
6427027,210,6:1:27,907,296
6427027,211,6:1:29,1037,487
6427027,213,6:1:29,1,c_cousin_M_a_G7b2P,true
6427027,205,6:1:29,1,c_cousin_M_a_G7b2P,false,false
6427027,210,6:1:35,511,453
6427027,211,6:1:36,552,458
6427027,212,6:1:36,2
6427027,210,6:1:37,550,473
6427027,211,6:1:37,534,452
6427027,213,6:1:37,1,c_kidSister_cauc_a_G7b2P,true
6427027,205,6:1:37,1,c_kidSister_cauc_a_G7b2P,false,false
6427027,210,6:1:42,859,322
6427027,211,6:1:43,597,476
6427027,212,6:1:44,0
6427027,210,6:1:44,596,418
6427027,211,6:1:47,389,340
6427027,212,6:1:47,2
6427027,210,6:1:48,871,287
6427027,211,6:1:48,871,279
6427027,213,6:1:48,1,c_grandma_cauc_a_G7b2P,true
6427027,210,6:1:52,1126,248
6427027,211,6:1:55,540,471
6427027,213,6:1:55,1,c_kidSister_cauc_a_G7b2P,true
6427027,205,6:1:55,1,c_kidSister_cauc_a_G7b2P,false,true
6427027,210,6:2:0,636,292
6427027,211,6:2:0,620,444
6427027,210,6:2:10,322,486
6427027,211,6:2:11,142,480
6427027,207,6:2:11,1,-200,-125
6427027,210,6:2:11,52,473
6427027,207,6:2:12,1,-125,0
6427027,211,6:2:13,143,177
6427027,212,6:2:14,0
6427027,210,6:2:14,118,194
6427027,211,6:2:15,8,512
6427027,210,6:2:16,278,416
6427027,211,6:2:17,346,423
6427027,210,6:2:24,775,471
6427027,207,6:2:26,1,0,-240
6427027,207,6:2:27,1,-240,-435
6427027,211,6:2:27,1306,556
6427027,213,6:2:27,1,s_computer_M_G7b2P,true
6427027,205,6:2:27,1,s_computer_M_G7b2P,false,false
6427027,221,6:2:32,1
6427027,300,6:2:36
6427027,220,6:2:36,1
6427027,221,6:2:42,1
6427027,220,6:2:43,1
6427027,1003,6:2:43,3
6427027,1004,6:2:45,0
6427027,500,6:2:47,0,[]
6427027,501,6:2:48,0,[]
6427027,502,6:2:54,0,[IntentionData_logId:3,false]
6427027,503,6:2:55,0,[]
6427027,504,6:2:59,0,[InfluenceData_logId:6]
6427027,504,6:3:3,0,[InfluenceData_logId:3]
6427027,504,6:3:8,0,[InfluenceData_logId:5]
6427027,504,6:3:11,0,[InfluenceData_logId:3]
6427027,504,6:3:12,0,[InfluenceData_logId:4]
6427027,504,6:3:16,0,[InfluenceData_logId:2]
6427027,505,6:3:20,0,[InfluenceData_logId:2,true,InfluenceData_logId:4,true,InfluenceData_logId:6,true]
6427027,506,6:3:21,0,[]
6427027,507,6:3:37,0,[OpponentAttackData_logId:1,OpponentAttackTypeData_logId:3,true,0]
6427027,508,6:3:39,0,[]
6427027,509,6:3:43,0,[RefusalData_logId:7,0]
6427027,510,6:3:45,0,[AvailableRefusalData_logId:7,0A]
6427027,510,6:3:47,0,[AvailableRefusalData_logId:7,1A]
6427027,510,6:3:48,0,[AvailableRefusalData_logId:7,2A]
6427027,511,6:3:48,0,[AvailableRefusalData_logId:7,0A,1A,2A,true,20]
6427027,512,6:3:51,0,[]
6427027,513,6:3:51,0,[30]
6427027,514,6:3:54,0,[]
6427027,507,6:4:4,0,[OpponentAttackData_logId:3,OpponentAttackTypeData_logId:2,true,0]
6427027,508,6:4:6,0,[]
6427027,509,6:4:10,0,[RefusalData_logId:2,2]
6427027,510,6:4:14,0,[AvailableRefusalData_logId:2,0A]
6427027,510,6:4:16,0,[AvailableRefusalData_logId:2,1B]
6427027,510,6:4:16,0,[AvailableRefusalData_logId:2,1A]
6427027,510,6:4:20,0,[AvailableRefusalData_logId:2,0C]
6427027,510,6:4:24,0,[AvailableRefusalData_logId:2,0B]
6427027,510,6:4:29,0,[AvailableRefusalData_logId:2,2C]
6427027,511,6:4:29,0,[AvailableRefusalData_logId:2,0B,1A,2C,false,0]
6427027,512,6:4:31,0,[]
6427027,513,6:4:31,0,[30]
6427027,514,6:4:34,0,[]
6427027,507,6:4:38,0,[OpponentAttackData_logId:2,OpponentAttackTypeData_logId:4,true,0]
6427027,508,6:4:41,0,[]
6427027,509,6:4:48,0,[RefusalData_logId:6,2]
6427027,510,6:4:54,0,[AvailableRefusalData_logId:6,0A]
6427027,510,6:5:6,0,[AvailableRefusalData_logId:6,1A]
6427027,510,6:5:10,0,[AvailableRefusalData_logId:6,2A]
6427027,511,6:5:11,0,[AvailableRefusalData_logId:6,0A,1A,2A,true,50]
6427027,512,6:5:14,0,[]
6427027,513,6:5:14,0,[0]
6427027,514,6:5:15,0,[]
6427027,507,6:5:22,0,[OpponentAttackData_logId:0,OpponentAttackTypeData_logId:1,true,0]
6427027,508,6:5:24,0,[]
6427027,509,6:5:28,0,[RefusalData_logId:8,2]
6427027,510,6:5:37,0,[AvailableRefusalData_logId:8,0B]
6427027,510,6:5:37,0,[AvailableRefusalData_logId:8,1B]
6427027,510,6:5:39,0,[AvailableRefusalData_logId:8,2A]
6427027,511,6:5:40,0,[AvailableRefusalData_logId:8,0B,1B,2A,false,0]
6427027,512,6:5:43,0,[]
6427027,513,6:5:43,0,[30]
6427027,514,6:5:46,0,[]
6427027,515,6:5:46,0,[40,30]
6427027,516,6:5:48,0,[]
6427027,517,6:5:50,0,[]
6427027,1001,6:5:51,0,[]
6427027,1003,6:5:51,3
6427027,210,6:5:56,855,288
6427027,211,6:5:57,1005,365
6427027,213,6:5:57,1,c_cousin_M_a_G7b2P,true
6427027,205,6:5:57,1,c_cousin_M_a_G7b2P,false,true
6427027,210,6:6:2,1105,469
6427027,207,6:6:4,1,-200,-500
6427027,211,6:6:5,1428,328
6427027,221,6:6:6,1
6427027,220,6:6:7,1
6427027,1003,6:6:7,3
6427027,1004,6:6:9,0
6427027,500,6:6:11,0,[]
6427027,501,6:6:12,0,[]
6427027,502,6:6:17,0,[IntentionData_logId:4,false]
6427027,503,6:6:18,0,[]
6427027,504,6:6:21,0,[InfluenceData_logId:7]
6427027,504,6:6:25,0,[InfluenceData_logId:4]
6427027,504,6:6:28,0,[InfluenceData_logId:2]
6427027,505,6:6:30,0,[InfluenceData_logId:2,true,InfluenceData_logId:4,true,InfluenceData_logId:7,true]
6427027,506,6:6:31,0,[]
6427027,507,6:6:41,0,[OpponentAttackData_logId:1,OpponentAttackTypeData_logId:3,true,0]
6427027,508,6:6:43,0,[]
6427027,509,6:6:45,0,[RefusalData_logId:7,0]
6427027,510,6:6:47,0,[AvailableRefusalData_logId:7,0A]
6427027,510,6:6:48,0,[AvailableRefusalData_logId:7,1A]
6427027,510,6:6:48,0,[AvailableRefusalData_logId:7,2A]
6427027,511,6:6:49,0,[AvailableRefusalData_logId:7,0A,1A,2A,true,20]
6427027,512,6:6:54,0,[]
6427027,513,6:6:54,0,[30]
6427027,514,6:6:57,0,[]
6427027,507,6:7:3,0,[OpponentAttackData_logId:3,OpponentAttackTypeData_logId:2,true,0]
6427027,508,6:7:6,0,[]
6427027,509,6:7:12,0,[RefusalData_logId:8,2]
6427027,510,6:7:17,0,[AvailableRefusalData_logId:8,0A]
6427027,510,6:7:28,0,[AvailableRefusalData_logId:8,1B]
6427027,510,6:7:29,0,[AvailableRefusalData_logId:8,2A]
6427027,511,6:7:30,0,[AvailableRefusalData_logId:8,0A,1B,2A,false,0]
6427027,512,6:7:32,0,[]
6427027,513,6:7:32,0,[30]
6427027,514,6:7:35,0,[]
6427027,507,6:7:39,0,[OpponentAttackData_logId:2,OpponentAttackTypeData_logId:4,true,0]
6427027,508,6:7:42,0,[]
6427027,509,6:7:45,0,[RefusalData_logId:2,2]
6427027,510,6:7:49,0,[AvailableRefusalData_logId:2,0C]
6427027,510,6:7:49,0,[AvailableRefusalData_logId:2,1C]
6427027,510,6:7:50,0,[AvailableRefusalData_logId:2,2B]
6427027,511,6:7:51,0,[AvailableRefusalData_logId:2,0C,1C,2B,false,0]
6427027,512,6:7:53,0,[]
6427027,513,6:7:53,0,[30]
6427027,514,6:7:56,0,[]
6427027,507,6:8:0,0,[OpponentAttackData_logId:0,OpponentAttackTypeData_logId:1,true,0]
6427027,508,6:8:2,0,[]
6427027,509,6:8:7,0,[RefusalData_logId:6,2]
6427027,510,6:8:11,0,[AvailableRefusalData_logId:6,0C]
6427027,510,6:8:13,0,[AvailableRefusalData_logId:6,0A]
6427027,510,6:8:17,0,[AvailableRefusalData_logId:6,1A]
6427027,510,6:8:19,0,[AvailableRefusalData_logId:6,2A]
6427027,511,6:8:20,0,[AvailableRefusalData_logId:6,0A,1A,2A,true,50]
6427027,512,6:8:23,0,[]
6427027,513,6:8:23,0,[0]
6427027,514,6:8:24,0,[]
6427027,515,6:8:24,0,[40,30]
6427027,516,6:8:28,0,[]
6427027,517,6:8:30,0,[]
6427027,1001,6:8:32,0,[]
6427027,1003,6:8:32,3
6427027,210,6:8:36,1000,402
6427027,211,6:8:38,713,417
6427027,210,6:8:45,480,377
6427027,211,6:8:46,787,404
6427027,210,6:8:50,1076,412
6427027,211,6:8:52,988,279
6427027,210,6:8:53,874,267
6427027,211,6:8:53,871,312
6427027,210,6:8:54,855,313
6427027,211,6:8:54,871,339
6427027,212,6:8:55,1
6427027,210,6:8:55,851,277
6427027,211,6:8:55,884,328
6427027,212,6:8:57,2
6427027,210,6:8:57,822,309
6427027,211,6:8:58,873,353
6427027,213,6:8:58,1,c_grandma_cauc_a_G7b2P,true
6427027,221,6:9:8,1
6427027,220,6:9:12,1
6427027,1003,6:9:12,3
6427027,1004,6:9:15,0
6427027,500,6:9:17,0,[]
6427027,501,6:9:18,0,[]
6427027,502,6:9:22,0,[IntentionData_logId:2,true]
6427027,503,6:9:23,0,[]
6427027,504,6:9:26,0,[InfluenceData_logId:7]
6427027,504,6:9:28,0,[InfluenceData_logId:4]
6427027,504,6:9:29,0,[InfluenceData_logId:2]
6427027,505,6:9:30,0,[InfluenceData_logId:2,true,InfluenceData_logId:4,true,InfluenceData_logId:7,true]
6427027,506,6:9:31,0,[]
6427027,507,6:9:39,0,[OpponentAttackData_logId:2,OpponentAttackTypeData_logId:4,true,0]
6427027,508,6:9:42,0,[]
6427027,509,6:9:44,0,[RefusalData_logId:7,0]
6427027,510,6:9:46,0,[AvailableRefusalData_logId:7,0A]
6427027,510,6:9:47,0,[AvailableRefusalData_logId:7,1A]
6427027,510,6:9:48,0,[AvailableRefusalData_logId:7,2A]
6427027,511,6:9:49,0,[AvailableRefusalData_logId:7,0A,1A,2A,true,20]
6427027,512,6:9:51,0,[]
6427027,513,6:9:51,0,[30]
6427027,514,6:9:54,0,[]
6427027,507,6:10:0,0,[OpponentAttackData_logId:0,OpponentAttackTypeData_logId:1,true,0]
6427027,508,6:10:2,0,[]
6427027,509,6:10:7,0,[RefusalData_logId:4,1]
6427027,510,6:10:12,0,[AvailableRefusalData_logId:4,0A]
6427027,510,6:10:13,0,[AvailableRefusalData_logId:4,1A]
6427027,510,6:10:18,0,[AvailableRefusalData_logId:4,2C]
6427027,511,6:10:19,0,[AvailableRefusalData_logId:4,0A,1A,2C,false,0]
6427027,512,6:10:21,0,[]
6427027,513,6:10:21,0,[30]
6427027,514,6:10:24,0,[]
6427027,507,6:10:30,0,[OpponentAttackData_logId:1,OpponentAttackTypeData_logId:2,false,30]
6427027,508,6:10:32,0,[]
6427027,509,6:10:35,0,[RefusalData_logId:8,2]
6427027,510,6:10:38,0,[AvailableRefusalData_logId:8,0A]
6427027,510,6:10:41,0,[AvailableRefusalData_logId:8,1B]
6427027,510,6:10:45,0,[AvailableRefusalData_logId:8,0B]
6427027,510,6:10:48,0,[AvailableRefusalData_logId:8,2A]
6427027,511,6:10:49,0,[AvailableRefusalData_logId:8,0B,1B,2A,false,0]
6427027,512,6:10:51,0,[]
6427027,513,6:10:51,0,[30]
6427027,514,6:11:3,0,[]
6427027,507,6:11:9,0,[OpponentAttackData_logId:3,OpponentAttackTypeData_logId:1,false,30]
6427027,508,6:11:14,0,[]
6427027,515,6:11:14,0,[0,80]
6427027,516,6:11:15,0,[]
6427027,517,6:11:17,0,[]
6427027,1000,6:11:20,0,[]
6427027,500,6:11:21,0,[]
6427027,501,6:11:23,0,[]
6427027,502,6:11:32,0,[IntentionData_logId:0,false]
6427027,503,6:11:33,0,[]
6427027,504,6:11:36,0,[InfluenceData_logId:7]
6427027,504,6:11:38,0,[InfluenceData_logId:6]
6427027,504,6:11:40,0,[InfluenceData_logId:8]
6427027,504,6:11:46,0,[InfluenceData_logId:5]
6427027,504,6:11:49,0,[InfluenceData_logId:4]
6427027,504,6:11:50,0,[InfluenceData_logId:3]
6427027,504,6:11:53,0,[InfluenceData_logId:0]
6427027,504,6:11:56,0,[InfluenceData_logId:2]
6427027,504,6:11:58,0,[InfluenceData_logId:1]
6427027,504,6:12:1,0,[InfluenceData_logId:2]
6427027,505,6:12:4,0,[InfluenceData_logId:2,true,InfluenceData_logId:3,true,InfluenceData_logId:8,true]
6427027,506,6:12:6,0,[]
6427027,507,6:15:24,0,[OpponentAttackData_logId:1,OpponentAttackTypeData_logId:2,false,30]
6427027,508,6:15:27,0,[]
6427027,1002,6:15:40,0
6427027,1003,6:15:40,3
6427027,210,6:16:12,833,227
6427027,211,6:16:14,758,282
6427027,221,6:16:36,1
6427027,220,6:16:38,1
6427027,1003,6:16:38,3
6427027,1004,6:16:39,0
6427027,500,6:26:9,0,[]
6427027,501,6:26:18,0,[]
6427027,502,6:26:21,0,[IntentionData_logId:0,false]
6427027,503,6:26:21,0,[]
6427027,504,6:26:24,0,[InfluenceData_logId:6]
6427027,504,6:26:26,0,[InfluenceData_logId:4]
6427027,504,6:26:28,0,[InfluenceData_logId:2]
6427027,505,6:26:29,0,[InfluenceData_logId:2,true,InfluenceData_logId:4,true,InfluenceData_logId:6,true]
6427027,506,6:26:38,0,[]
6427027,507,6:27:9,0,[OpponentAttackData_logId:2,OpponentAttackTypeData_logId:4,true,0]
6427027,508,6:27:17,0,[]
6427027,509,6:27:23,0,[RefusalData_logId:7,0]
6427027,510,6:27:24,0,[AvailableRefusalData_logId:7,0A]
6427027,510,6:27:27,0,[AvailableRefusalData_logId:7,1A]
6427027,510,6:27:28,0,[AvailableRefusalData_logId:7,2A]
6427027,511,6:27:29,0,[AvailableRefusalData_logId:7,0A,1A,2A,true,20]
6427027,512,6:27:32,0,[]
6427027,513,6:27:32,0,[30]
6427027,514,6:27:37,0,[]
6427027,507,6:27:45,0,[OpponentAttackData_logId:1,OpponentAttackTypeData_logId:1,false,30]
6427027,508,6:27:47,0,[]
6427027,509,6:27:49,0,[RefusalData_logId:2,2]
6427027,510,6:27:52,0,[AvailableRefusalData_logId:2,0B]
6427027,510,6:27:52,0,[AvailableRefusalData_logId:2,0A]
6427027,510,6:27:52,0,[AvailableRefusalData_logId:2,2C]
6427027,510,6:27:54,0,[AvailableRefusalData_logId:2,1C]
6427027,510,6:27:55,0,[AvailableRefusalData_logId:2,2B]
6427027,511,6:27:55,0,[AvailableRefusalData_logId:2,0A,1C,2B,false,0]
6427027,512,6:28:0,0,[]
6427027,513,6:28:0,0,[30]
6427027,514,6:28:3,0,[]
6427027,507,6:28:9,0,[OpponentAttackData_logId:3,OpponentAttackTypeData_logId:3,false,30]
6427027,508,6:28:12,0,[]
6427027,509,6:28:14,0,[RefusalData_logId:6,2]
6427027,510,6:28:14,0,[AvailableRefusalData_logId:6,2C]
6427027,510,6:28:15,0,[AvailableRefusalData_logId:6,1B]
6427027,510,6:28:15,0,[AvailableRefusalData_logId:6,1C]
6427027,510,6:28:17,0,[AvailableRefusalData_logId:6,0A]
6427027,511,6:28:18,0,[AvailableRefusalData_logId:6,0A,1C,2C,false,0]
6427027,512,6:28:22,0,[]
6427027,513,6:28:22,0,[30]
6427027,515,6:28:24,0,[0,80]
6427027,516,6:28:26,0,[]
6427027,517,6:28:28,0,[]
6427027,1000,6:28:29,0,[]
6427027,500,6:28:30,0,[]
6427027,501,6:28:32,0,[]
6427027,502,6:28:37,0,[IntentionData_logId:2,true]
6427027,503,6:28:41,0,[]
6427027,504,6:28:44,0,[InfluenceData_logId:7]
6427027,504,6:28:46,0,[InfluenceData_logId:4]
6427027,504,6:28:46,0,[InfluenceData_logId:1]
6427027,504,6:28:47,0,[InfluenceData_logId:0]
6427027,504,6:28:48,0,[InfluenceData_logId:2]
6427027,505,6:28:49,0,[InfluenceData_logId:2,true,InfluenceData_logId:4,true,InfluenceData_logId:7,true]
6427027,506,6:28:50,0,[]
6427027,507,6:28:54,0,[OpponentAttackData_logId:3,OpponentAttackTypeData_logId:1,false,30]
6427027,508,6:28:57,0,[]
6427027,509,6:29:0,0,[RefusalData_logId:7,0]
6427027,510,6:29:2,0,[AvailableRefusalData_logId:7,0A]
6427027,510,6:29:5,0,[AvailableRefusalData_logId:7,1A]
6427027,510,6:29:6,0,[AvailableRefusalData_logId:7,2A]
6427027,511,6:29:7,0,[AvailableRefusalData_logId:7,0A,1A,2A,true,20]
6427027,512,6:29:10,0,[]
6427027,513,6:29:10,0,[30]
6427027,514,6:29:13,0,[]
6427027,507,6:29:19,0,[OpponentAttackData_logId:2,OpponentAttackTypeData_logId:4,true,0]
6427027,508,6:29:21,0,[]
6427027,509,6:29:26,0,[RefusalData_logId:6,2]
6427027,510,6:29:38,0,[AvailableRefusalData_logId:6,0B]
6427027,510,6:29:39,0,[AvailableRefusalData_logId:6,1B]
6427027,510,6:29:40,0,[AvailableRefusalData_logId:6,2A]
6427027,511,6:29:41,0,[AvailableRefusalData_logId:6,0B,1B,2A,false,0]
6427027,512,6:29:50,0,[]
6427027,513,6:29:50,0,[30]
6427027,514,6:29:54,0,[]
6427027,507,6:30:2,0,[OpponentAttackData_logId:0,OpponentAttackTypeData_logId:2,false,30]
6427027,508,6:30:6,0,[]
6427027,509,6:30:9,0,[RefusalData_logId:4,1]
6427027,510,6:30:11,0,[AvailableRefusalData_logId:4,1C]
6427027,510,6:30:13,0,[AvailableRefusalData_logId:4,2B]
6427027,510,6:30:18,0,[AvailableRefusalData_logId:4,0B]
6427027,510,6:30:22,0,[AvailableRefusalData_logId:4,0C]
6427027,510,6:30:25,0,[AvailableRefusalData_logId:4,2C]
6427027,511,6:30:25,0,[AvailableRefusalData_logId:4,0C,1C,2C,false,0]
6427027,512,6:30:28,0,[]
6427027,513,6:30:28,0,[30]
6427027,515,6:30:30,0,[0,80]
6427027,516,6:30:43,0,[]
6427027,517,6:30:45,0,[]
6427027,1001,6:30:51,0,[]
6427027,1003,6:30:51,3
6427027,210,6:30:55,604,436
6427027,211,6:30:58,637,310
6427027,212,6:30:59,1
6427027,210,6:30:59,805,403
6427027,211,6:31:0,641,357
6427027,213,6:31:0,1,s_closet_M_G7b2P,true
6427027,210,6:31:5,683,379
6427027,207,6:31:10,1,-200,-512
6427027,207,6:31:15,1,-512,0
6427027,211,6:31:21,662,294
6427027,213,6:31:21,1,s_closet_M_G7b2P,true
6427027,210,6:31:25,518,433
6427027,211,6:31:26,517,471
6427027,221,6:31:26,1
6427027,300,6:31:27
6427027,220,6:31:27,1
6427027,305,6:31:29,0,0,0,1,
6427027,305,6:31:33,0,2,1,5,pets
6427027,301,6:31:33,1
6427027,305,6:31:41,1,0,0,0,
6427027,301,6:32:25,0
6427027,301,6:32:27,1
6427027,210,6:32:34,598,336
6427027,211,6:32:42,348,209
6427027,204,6:32:44,1
6427027,100,6:33:25,1
6427027,102,6:33:32,1
6427027,200,6:33:32,1,3,3,6,1,9
6427027,207,6:33:35,1,-500,-500
6427027,210,6:33:49,586,467
6427027,211,6:33:52,449,118
6427027,204,6:33:53,1
6427027,100,6:33:55,1
6427027,102,6:33:56,1
6427027,200,6:33:56,1,3,3,6,1,9
6427027,210,6:34:22,785,233
6427027,211,6:34:23,785,233
6427027,210,6:34:28,858,254
6427027,211,6:34:30,655,399
6427027,213,6:34:30,1,s_closet_M_G7b2P,true
6427027,210,6:34:41,719,393
6427027,211,6:34:42,644,488
6427027,213,6:34:42,1,s_closet_M_G7b2P,true
6427027,210,6:35:19,565,409
6427027,211,6:35:19,654,286
6427027,213,6:35:19,1,s_closet_M_G7b2P,true
6427027,221,6:36:0,1
6427027,220,6:36:5,1
6427027,1003,6:36:5,3
6427027,1004,6:36:7,0
6427027,500,6:36:27,0,[]
6427027,501,6:36:31,0,[]
6427027,502,6:36:43,0,[IntentionData_logId:2,true]
6427027,503,6:36:44,0,[]
6427027,504,6:36:47,0,[InfluenceData_logId:6]
6427027,504,6:36:48,0,[InfluenceData_logId:8]
6427027,504,6:36:50,0,[InfluenceData_logId:3]
6427027,504,6:36:50,0,[InfluenceData_logId:2]
6427027,505,6:36:51,0,[InfluenceData_logId:2,true,InfluenceData_logId:3,true,InfluenceData_logId:8,true]
6427027,506,6:36:52,0,[]
6427027,507,6:37:8,0,[OpponentAttackData_logId:1,OpponentAttackTypeData_logId:3,true,0]
6427027,508,6:37:11,0,[]
6427027,509,6:37:16,0,[RefusalData_logId:7,0]
6427027,510,6:37:17,0,[AvailableRefusalData_logId:7,0A]
6427027,510,6:37:20,0,[AvailableRefusalData_logId:7,1A]
6427027,510,6:37:21,0,[AvailableRefusalData_logId:7,2A]
6427027,511,6:37:23,0,[AvailableRefusalData_logId:7,0A,1A,2A,true,20]
6427027,512,6:37:33,0,[]
6427027,513,6:37:33,0,[30]
6427027,514,6:37:39,0,[]
6427027,507,6:37:55,0,[OpponentAttackData_logId:2,OpponentAttackTypeData_logId:4,true,0]
6427027,508,6:37:59,0,[]
6427027,509,6:38:7,0,[RefusalData_logId:2,2]
6427027,510,6:38:9,0,[AvailableRefusalData_logId:2,0B]
6427027,510,6:38:17,0,[AvailableRefusalData_logId:2,1B]
6427027,510,6:38:20,0,[AvailableRefusalData_logId:2,1C]
6427027,510,6:38:22,0,[AvailableRefusalData_logId:2,0A]
6427027,510,6:38:23,0,[AvailableRefusalData_logId:2,0C]
6427027,510,6:38:28,0,[AvailableRefusalData_logId:2,2C]
6427027,511,6:38:29,0,[AvailableRefusalData_logId:2,0C,1C,2C,false,0]
6427027,512,6:38:32,0,[]
6427027,513,6:38:32,0,[30]
6427027,514,6:38:39,0,[]
6427027,507,6:39:9,0,[OpponentAttackData_logId:3,OpponentAttackTypeData_logId:0,false,30]
6427027,508,6:39:12,0,[]
6427027,509,6:39:17,0,[RefusalData_logId:8,2]
6427027,510,6:39:18,0,[AvailableRefusalData_logId:8,1B]
6427027,510,6:39:19,0,[AvailableRefusalData_logId:8,2C]
6427027,510,6:39:22,0,[AvailableRefusalData_logId:8,0B]
6427027,511,6:39:24,0,[AvailableRefusalData_logId:8,0B,1B,2C,false,0]
6427027,512,6:39:26,0,[]
6427027,513,6:39:26,0,[30]
6427027,514,6:39:35,0,[]
6427027,507,6:40:27,0,[OpponentAttackData_logId:0,OpponentAttackTypeData_logId:1,true,0]
6427027,508,6:40:31,0,[]
6427027,509,6:40:35,0,[RefusalData_logId:4,1]
6427027,510,6:40:37,0,[AvailableRefusalData_logId:4,0A]
6427027,510,6:40:44,0,[AvailableRefusalData_logId:4,0B]
6427027,510,6:40:45,0,[AvailableRefusalData_logId:4,1B]
6427027,510,6:40:47,0,[AvailableRefusalData_logId:4,0C]
6427027,510,6:40:51,0,[AvailableRefusalData_logId:4,2B]
6427027,511,6:40:52,0,[AvailableRefusalData_logId:4,0C,1B,2B,false,0]
6427027,512,6:40:54,0,[]
6427027,513,6:40:54,0,[30]
6427027,515,6:40:56,0,[0,80]
6427027,516,6:41:30,0,[]
6427027,517,6:41:47,0,[]
6427027,1000,6:41:49,0,[]
6427027,500,6:41:56,0,[]
6427027,501,6:41:58,0,[]
6427027,502,6:42:13,0,[IntentionData_logId:2,true]
6427027,503,6:42:16,0,[]
6427027,504,6:42:20,0,[InfluenceData_logId:7]
6427027,504,6:42:22,0,[InfluenceData_logId:3]
6427027,504,6:42:23,0,[InfluenceData_logId:2]
6427027,505,6:42:24,0,[InfluenceData_logId:2,true,InfluenceData_logId:3,true,InfluenceData_logId:7,true]
6427027,506,6:42:54,0,[]
6427027,1002,6:46:5,0
6427027,1003,6:46:5,3
6427027,204,6:46:19,1
6427027,100,6:47:56,1
6427027,101,6:48:1,1
6427027,1003,6:48:2,3
6427027,1004,6:48:3,0
6427027,103,6:54:17
6427027,105,6:54:18
6427027,703,6:54:21,[|| EpilogueItem ID: 0 unlocked: true ||,|| EpilogueItem ID: 1 unlocked: false ||,|| EpilogueItem ID: 2 unlocked: false ||,|| EpilogueItem ID: 3 unlocked: false ||,|| EpilogueItem ID: 4 unlocked: false ||,|| EpilogueItem ID: 5 unlocked: false ||,|| EpilogueItem ID: 6 unlocked: false ||,|| EpilogueItem ID: 7 unlocked: false ||,|| EpilogueItem ID: 8 unlocked: false ||,|| EpilogueItem ID: 9 unlocked: false ||,|| EpilogueItem ID: 10 unlocked: false ||,|| EpilogueItem ID: 11 unlocked: false ||,|| EpilogueItem ID: 12 unlocked: false ||,|| EpilogueItem ID: 13 unlocked: false ||,|| EpilogueItem ID: 14 unlocked: false ||,|| EpilogueItem ID: 15 unlocked: false ||,|| EpilogueItem ID: 16 unlocked: false ||,|| EpilogueItem ID: 17 unlocked: false ||,|| EpilogueItem ID: 18 unlocked: false ||,|| EpilogueItem ID: 19 unlocked: false ||,|| EpilogueItem ID: 20 unlocked: false ||,|| EpilogueItem ID: 21 unlocked: false ||,|| EpilogueItem ID: 22 unlocked: false ||,|| EpilogueItem ID: 23 unlocked: false ||,|| EpilogueItem ID: 24 unlocked: false ||],0.04
6427027,708,6:54:22
6427027,1,6:54:22,11/18/2013 5:43:11pm,{"gameTime":24862853,"challengeStacks":[{"challengeScenes":[{"miniGameCards":[],"viewedAnimatic":true,"keyPoints":["c_teacherEng_G7a0","c_bestFriend_M_a_G7a0","s_flag_gen"],"unlocked":true,"touchableObjects":["s_otherStudent1_G7a0","s_vocabAssignment_G7a0","c_crewKid1_M_G7a0","s_doorClassroom_G7a0","s_poePoster_gen","s_clock_G7a0","c_friend1_M_a_G7a0","c_teacherEng_G7a0","s_shakespearePoster_gen","s_angelouPoster_gen","c_bestFriend_M_a_G7a0","s_flag_gen","s_atwoodPoster_gen"]},{"miniGameCards":[],"viewedAnimatic":true,"keyPoints":["c_teacherEng_G7a1N","c_bestFriend_M_a_G7a1N","s_paperPlayers_G7a1N"],"unlocked":true,"touchableObjects":["c_teacherEng_G7a1N","c_bestFriend_M_a_G7a1N","s_otherStudent2_G7a1N","s_otherStudent1_G7a1N","c_crewKid1_M_G7a1N","s_flag_gen","s_atwoodPoster_gen","s_angelouPoster_gen","s_shakespearePoster_gen","s_poePoster_gen","s_posterPlagiarism_gen","s_paperPlayers_G7a1N"]},{"miniGameCards":[],"viewedAnimatic":true,"keyPoints":["c_teacherEng_G7a1P","c_bestFriend_M_a_G7a1P","s_paperEnglish_gen","s_flag_gen"],"unlocked":true,"touchableObjects":["c_teacherEng_G7a1P","s_clock_G7a1P","s_paperPlayers_G7a1P","c_bestFriend_M_a_G7a1P","s_papersDetention_gen","s_paperEnglish_gen","s_flag_gen"]}],"stackSize":3,"resolved":true},{"challengeScenes":[{"miniGameCards":[],"viewedAnimatic":true,"keyPoints":["c_crewKid1_M_G7b0","c_kidSister_cauc_a_G7b0","s_backpack_M_G7b0"],"unlocked":true,"touchableObjects":["c_crewKid1_M_G7b0","c_cousin_M_a_G7b0","c_crewKid2_M_G7b0","c_cousinsBrother_a_G7b0","c_kidSister_cauc_a_G7b0","s_lifeguard_G7b0","c_cousinsBrothersFriend_a_G7b0","c_cousinsBrothersFriendsGF_G7b0","s_snackBarWorker_G7b0","s_backpack_M_G7b0"]},{"miniGameCards":[],"viewedAnimatic":true,"keyPoints":["s_brokenCarWindow_G7b1N","c_kidSister_cauc_a_G7b1N","c_crewKid1_M_G7b1N","s_graffiti_G7b1N","s_sprayPaintCan_G7b1N"],"unlocked":true,"touchableObjects":["s_brokenCarWindow_G7b1N","c_kidSister_cauc_a_G7b1N","c_cousin_M_a_G7b1N","c_teacherEng_G7b1N","c_policeOfficer_G7b1N","s_flag_G7b1N","s_cat_G7b1N","c_crewKid1_M_G7b1N","c_crewKid2_M_a_G7b1N","s_graffiti_G7b1N","s_sprayPaintCan_G7b1N"]},{"miniGameCards":[],"viewedAnimatic":true,"keyPoints":["c_cousin_M_a_G7b1P","c_cousinsBrother_a_G7b1P","c_cousinsBrothersFriend_a_G7b1P","s_poolDay_ruleSign_G7b1P"],"unlocked":true,"touchableObjects":["c_cousin_M_a_G7b1P","c_cousinsBrother_a_G7b1P","c_cousinsBrothersFriend_a_G7b1P","c_crush1_M_a_G7b1P","c_kidSister_cauc_a_G7b1P","s_poolDay_ruleSign_G7b1P"]},{"miniGameCards":[],"viewedAnimatic":true,"keyPoints":["c_crush1_M_a_G7b2N","c_cousin_M_a_G7b2N","s_kid1_G7b2N","c_kidSister_cauc_a_G7b2N"],"unlocked":true,"touchableObjects":["c_cousinsBrother_a_G7b2N","c_crush1_M_a_G7b2N","c_cousin_M_a_G7b2N","s_cousinsBFgirlfriend_G7b2N","s_lifeguard_G7b2N","c_crewKid2_M_G7b2N","s_kid1_G7b2N","c_kidSister_cauc_a_G7b2N"]},{"miniGameCards":[],"viewedAnimatic":true,"keyPoints":["c_cousin_M_a_G7b2P","c_kidSister_cauc_a_G7b2P","s_computer_M_G7b2P"],"unlocked":true,"touchableObjects":["c_cousin_M_a_G7b2P","c_kidSister_cauc_a_G7b2P","c_grandma_cauc_a_G7b2P","s_computer_M_G7b2P","s_closet_M_G7b2P"]}],"stackSize":5,"resolved":false},{"challengeScenes":[{"miniGameCards":[],"viewedAnimatic":false,"keyPoints":[],"unlocked":false,"touchableObjects":[]},{"miniGameCards":[],"viewedAnimatic":false,"keyPoints":[],"unlocked":false,"touchableObjects":[]},{"miniGameCards":[],"viewedAnimatic":false,"keyPoints":[],"unlocked":false,"touchableObjects":[]},{"miniGameCards":[],"viewedAnimatic":false,"keyPoints":[],"unlocked":false,"touchableObjects":[]},{"miniGameCards":[],"viewedAnimatic":false,"keyPoints":[],"unlocked":false,"touchableObjects":[]},{"miniGameCards":[],"viewedAnimatic":false,"keyPoints":[],"unlocked":false,"touchableObjects":[]},{"miniGameCards":[],"viewedAnimatic":false,"keyPoints":[],"unlocked":false,"touchableObjects":[]}],"stackSize":7,"resolved":false},{"challengeScenes":[{"miniGameCards":[],"viewedAnimatic":false,"keyPoints":[],"unlocked":false,"touchableObjects":[]},{"miniGameCards":[],"viewedAnimatic":false,"keyPoints":[],"unlocked":false,"touchableObjects":[]},{"miniGameCards":[],"viewedAnimatic":false,"keyPoints":[],"unlocked":false,"touchableObjects":[]},{"miniGameCards":[],"viewedAnimatic":false,"keyPoints":[],"unlocked":false,"touchableObjects":[]},{"miniGameCards":[],"viewedAnimatic":false,"keyPoints":[],"unlocked":false,"touchableObjects":[]}],"stackSize":5,"resolved":false},{"challengeScenes":[{"miniGameCards":[],"viewedAnimatic":false,"keyPoints":[],"unlocked":false,"touchableObjects":[]},{"miniGameCards":[],"viewedAnimatic":false,"keyPoints":[],"unlocked":false,"touchableObjects":[]},{"miniGameCards":[],"viewedAnimatic":false,"keyPoints":[],"unlocked":false,"touchableObjects":[]},{"miniGameCards":[],"viewedAnimatic":false,"keyPoints":[],"unlocked":false,"touchableObjects":[]},{"miniGameCards":[],"viewedAnimatic":false,"keyPoints":[],"unlocked":false,"touchableObjects":[]}],"stackSize":5,"resolved":false},{"challengeScenes":[{"miniGameCards":[],"viewedAnimatic":false,"keyPoints":[],"unlocked":false,"touchableObjects":[]},{"miniGameCards":[],"viewedAnimatic":false,"keyPoints":[],"unlocked":false,"touchableObjects":[]},{"miniGameCards":[],"viewedAnimatic":false,"keyPoints":[],"unlocked":false,"touchableObjects":[]},{"miniGameCards":[],"viewedAnimatic":false,"keyPoints":[],"unlocked":false,"touchableObjects":[]},{"miniGameCards":[],"viewedAnimatic":false,"keyPoints":[],"unlocked":false,"touchableObjects":[]}],"stackSize":5,"resolved":false},{"challengeScenes":[{"miniGameCards":[],"viewedAnimatic":false,"keyPoints":[],"unlocked":false,"touchableObjects":[]},{"miniGameCards":[],"viewedAnimatic":false,"keyPoints":[],"unlocked":false,"touchableObjects":[]},{"miniGameCards":[],"viewedAnimatic":false,"keyPoints":[],"unlocked":false,"touchableObjects":[]},{"miniGameCards":[],"viewedAnimatic":false,"keyPoints":[],"unlocked":false,"touchableObjects":[]},{"miniGameCards":[],"viewedAnimatic":false,"keyPoints":[],"unlocked":false,"touchableObjects":[]}],"stackSize":5,"resolved":false},{"challengeScenes":[{"miniGameCards":[],"viewedAnimatic":false,"keyPoints":[],"unlocked":false,"touchableObjects":[]},{"miniGameCards":[],"viewedAnimatic":false,"keyPoints":[],"unlocked":false,"touchableObjects":[]},{"miniGameCards":[],"viewedAnimatic":false,"keyPoints":[],"unlocked":false,"touchableObjects":[]},{"miniGameCards":[],"viewedAnimatic":false,"keyPoints":[],"unlocked":false,"touchableObjects":[]},{"miniGameCards":[],"viewedAnimatic":false,"keyPoints":[],"unlocked":false,"touchableObjects":[]}],"stackSize":5,"resolved":false},{"challengeScenes":[{"miniGameCards":[],"viewedAnimatic":false,"keyPoints":[],"unlocked":false,"touchableObjects":[]},{"miniGameCards":[],"viewedAnimatic":false,"keyPoints":[],"unlocked":false,"touchableObjects":[]},{"miniGameCards":[],"viewedAnimatic":false,"keyPoints":[],"unlocked":false,"touchableObjects":[]},{"miniGameCards":[],"viewedAnimatic":false,"keyPoints":[],"unlocked":false,"touchableObjects":[]},{"miniGameCards":[],"viewedAnimatic":false,"keyPoints":[],"unlocked":false,"touchableObjects":[]}],"stackSize":5,"resolved":false},{"challengeScenes":[{"miniGameCards":[],"viewedAnimatic":false,"keyPoints":[],"unlocked":false,"touchableObjects":[]},{"miniGameCards":[],"viewedAnimatic":false,"keyPoints":[],"unlocked":false,"touchableObjects":[]},{"miniGameCards":[],"viewedAnimatic":false,"keyPoints":[],"unlocked":false,"touchableObjects":[]},{"miniGameCards":[],"viewedAnimatic":false,"keyPoints":[],"unlocked":false,"touchableObjects":[]},{"miniGameCards":[],"viewedAnimatic":false,"keyPoints":[],"unlocked":false,"touchableObjects":[]}],"stackSize":5,"resolved":false},{"challengeScenes":[{"miniGameCards":[],"viewedAnimatic":false,"keyPoints":[],"unlocked":false,"touchableObjects":[]},{"miniGameCards":[],"viewedAnimatic":false,"keyPoints":[],"unlocked":false,"touchableObjects":[]},{"miniGameCards":[],"viewedAnimatic":false,"keyPoints":[],"unlocked":false,"touchableObjects":[]},{"miniGameCards":[],"viewedAnimatic":false,"keyPoints":[],"unlocked":false,"touchableObjects":[]},{"miniGameCards":[],"viewedAnimatic":false,"keyPoints":[],"unlocked":false,"touchableObjects":[]}],"stackSize":5,"resolved":false},{"challengeScenes":[{"miniGameCards":[],"viewedAnimatic":false,"keyPoints":[],"unlocked":false,"touchableObjects":[]},{"miniGameCards":[],"viewedAnimatic":false,"keyPoints":[],"unlocked":false,"touchableObjects":[]},{"miniGameCards":[],"viewedAnimatic":false,"keyPoints":[],"unlocked":false,"touchableObjects":[]},{"miniGameCards":[],"viewedAnimatic":false,"keyPoints":[],"unlocked":false,"touchableObjects":[]},{"miniGameCards":[],"viewedAnimatic":false,"keyPoints":[],"unlocked":false,"touchableObjects":[]}],"stackSize":5,"resolved":false},{"challengeScenes":[{"miniGameCards":[],"viewedAnimatic":false,"keyPoints":[],"unlocked":true,"touchableObjects":["c_family_cauc_a_G0a0","c_friends_G0a0"]},{"miniGameCards":[],"viewedAnimatic":false,"keyPoints":["c_family_cauc_a_G0a1N","c_home_G0a1N","c_job_G0a1N"],"unlocked":true,"touchableObjects":["c_family_cauc_a_G0a1N","c_home_G0a1N","c_job_G0a1N"]},{"miniGameCards":[],"viewedAnimatic":false,"keyPoints":["c_Nurse_G0a1P","c_dad_cauc_a_G0a1P","c_kidsister_cauc_a_G0a1P","c_grandma_cauc_a_G0a1P","c_Teacher_G0a1P","c_mom_cauc_a_G0a1P"],"unlocked":true,"touchableObjects":["c_cousins_M_a_G0a1P","c_friends_G0a1P","c_Nurse_G0a1P","c_dad_cauc_a_G0a1P","c_kidsister_cauc_a_G0a1P","c_grandma_cauc_a_G0a1P","c_Teacher_G0a1P","c_mom_cauc_a_G0a1P"]}],"stackSize":3,"resolved":true}],"sessionId":6,"epilogue":{"rating":2},"playerId":6427027,"session":[{"sceneId":"1P","stackId":12},{"sceneId":"1P","stackId":0},{"sceneId":"1P","stackId":1},{"sceneId":"1N","stackId":1},{"sceneId":"2P","stackId":1}],"minigames":[{"levelSaveData":[{"starRating":3,"unlocked":true},{"starRating":0,"unlocked":false},{"starRating":0,"unlocked":false},{"starRating":0,"unlocked":false},{"starRating":0,"unlocked":false},{"starRating":0,"unlocked":false},{"starRating":0,"unlocked":false},{"starRating":0,"unlocked":false},{"starRating":0,"unlocked":false},{"starRating":0,"unlocked":false}],"skillPoints":3},{"levelSaveData":[{"starRating":3,"unlocked":true},{"starRating":0,"unlocked":false},{"starRating":0,"unlocked":false},{"starRating":0,"unlocked":false},{"starRating":0,"unlocked":true},{"starRating":0,"unlocked":false},{"starRating":0,"unlocked":false},{"starRating":0,"unlocked":false},{"starRating":0,"unlocked":false},{"starRating":0,"unlocked":false}],"skillPoints":3},{"levelSaveData":[{"starRating":3,"unlocked":true},{"starRating":3,"unlocked":true},{"starRating":0,"unlocked":false},{"starRating":0,"unlocked":false},{"starRating":0,"unlocked":false},{"starRating":0,"unlocked":false},{"starRating":0,"unlocked":false},{"starRating":0,"unlocked":false},{"starRating":0,"unlocked":false},{"starRating":0,"unlocked":false}],"skillPoints":6},{"levelSaveData":[{"starRating":1,"unlocked":true},{"starRating":0,"unlocked":false},{"starRating":0,"unlocked":false},{"starRating":0,"unlocked":false},{"starRating":0,"unlocked":false},{"starRating":0,"unlocked":false},{"starRating":0,"unlocked":false},{"starRating":0,"unlocked":false},{"starRating":0,"unlocked":false},{"starRating":0,"unlocked":false}],"skillPoints":1},{"age":12,"name":"jalen","gender":0,"levelSaveData":[{"starRating":3,"unlocked":true},{"starRating":3,"chunks":[["1"],["14$$good","7$$cool"],["13$$books","5$$pets","16$$home work"],["3"]],"unlocked":true},{"starRating":3,"chunks":[["0"],["4$$foolball","3$$cooking"],["0$$cars","1$$runing"]],"unlocked":true},{"starRating":0,"chunks":[[null],[null],[null],[null],[null,null],[null]],"unlocked":false},{"starRating":0,"chunks":[[null],[null],[null,null],[null],[null],[null]],"unlocked":false},{"starRating":0,"chunks":[[null],[null,null,null,null],[null],[null]],"unlocked":false},{"starRating":0,"chunks":[[null],[null],[null,null],[null,null],[null]],"unlocked":false},{"starRating":0,"chunks":[[null,null,null],[null,null,null],[null],[null],[null]],"unlocked":false},{"starRating":0,"chunks":[[null,null,null],[null,null,null],[null,null]],"unlocked":false},{"starRating":0,"chunks":[[null],[null],[null],[null],[null],[null]],"unlocked":false}],"visualAvatar":0,"id":1,"skillPoints":9}],"avatar":{"age":12,"name":"jalen","gender":0,"levelSaveData":[{"starRating":3,"unlocked":true},{"starRating":3,"chunks":[["1"],["14$$good","7$$cool"],["13$$books","5$$pets","16$$home work"],["3"]],"unlocked":true},{"starRating":3,"chunks":[["0"],["4$$foolball","3$$cooking"],["0$$cars","1$$runing"]],"unlocked":true},{"starRating":0,"chunks":[[null],[null],[null],[null],[null,null],[null]],"unlocked":false},{"starRating":0,"chunks":[[null],[null],[null,null],[null],[null],[null]],"unlocked":false},{"starRating":0,"chunks":[[null],[null,null,null,null],[null],[null]],"unlocked":false},{"starRating":0,"chunks":[[null],[null],[null,null],[null,null],[null]],"unlocked":false},{"starRating":0,"chunks":[[null,null,null],[null,null,null],[null],[null],[null]],"unlocked":false},{"starRating":0,"chunks":[[null,null,null],[null,null,null],[null,null]],"unlocked":false},{"starRating":0,"chunks":[[null],[null],[null],[null],[null],[null]],"unlocked":false}],"visualAvatar":0,"id":1,"skillPoints":9}}
