6427010,0,0:16:28,3/14/2013 4:47:06pm
6427010,100,0:16:53,0
6427010,102,0:16:57,0
6427010,200,0:16:57,0,0,0,0,0,6
6427010,219,0:16:57,0
6427010,216,0:16:59,Stack_G7a0
6427010,217,0:17:35,Stack_G7a0,32,0.00
6427010,218,0:17:39,0
6427010,213,0:17:43,0,c_bestFriend_M_a_G7a0,false
6427010,210,0:17:51,343,151
6427010,211,0:17:51,343,151
6427010,210,0:17:51,211,167
6427010,207,0:17:52,0,-200,-50
6427010,211,0:17:53,219,498
6427010,213,0:17:53,0,c_crewKid1_M_G7a0,true
6427010,210,0:17:56,184,443
6427010,207,0:17:57,0,-50,0
6427010,207,0:18:3,0,0,-225
6427010,207,0:18:5,0,-225,-518.45
6427010,211,0:18:8,666,571
6427010,213,0:18:8,0,s_otherStudent1_G7a0,true
6427010,210,0:18:10,877,457
6427010,211,0:18:11,1458,564
6427010,213,0:18:11,0,c_friend1_M_a_G7a0,true
6427010,210,0:18:15,1182,481
6427010,211,0:18:17,1239,431
6427010,213,0:18:17,0,s_doorClassroom_G7a0,true
6427010,210,0:18:19,851,307
6427010,211,0:18:21,700,137
6427010,213,0:18:21,0,s_angelouPoster_gen,true
6427010,210,0:18:24,775,281
6427010,211,0:18:25,792,141
6427010,213,0:18:25,0,s_shakespearePoster_gen,true
6427010,210,0:18:27,846,250
6427010,211,0:18:27,880,115
6427010,213,0:18:27,0,s_poePoster_gen,true
6427010,210,0:18:30,875,200
6427010,211,0:18:39,1104,616
6427010,213,0:18:39,0,s_vocabAssignment_G7a0,true
6427010,210,0:18:50,1493,167
6427010,211,0:18:50,1477,170
6427010,210,0:18:56,1166,296
6427010,211,0:18:57,1220,138
6427010,213,0:18:57,0,s_clock_G7a0,true
6427010,210,0:19:3,1216,293
6427010,211,0:19:8,1539,273
6427010,210,0:19:8,1472,349
6427010,207,0:19:15,0,-518.45,-323.45
6427010,211,0:19:17,266,279
6427010,207,0:19:17,0,-323.45,-248.45
6427010,207,0:19:17,0,-248.45,-188.45
6427010,210,0:19:17,259,287
6427010,207,0:19:19,0,-188.45,0
6427010,211,0:19:24,322,692
6427010,221,0:19:26,0
6427010,220,0:19:28,0
6427010,210,0:19:29,839,485
6427010,211,0:19:31,498,281
6427010,210,0:19:32,644,385
6427010,211,0:19:32,410,486
6427010,210,0:19:32,662,512
6427010,211,0:19:33,984,422
6427010,207,0:19:33,0,0,-15
6427010,210,0:19:34,814,418
6427010,211,0:19:34,1043,382
6427010,207,0:19:34,0,-15,-45
6427010,207,0:19:34,0,-45,-90
6427010,212,0:19:35,1
6427010,210,0:19:36,899,447
6427010,211,0:19:39,587,128
6427010,213,0:19:39,0,s_atwoodPoster_gen,true
6427010,210,0:19:43,526,448
6427010,207,0:19:45,0,-90,0
6427010,207,0:19:49,0,0,-375
6427010,207,0:19:50,0,-375,-315
6427010,207,0:19:50,0,-315,-375
6427010,207,0:19:53,0,-375,-518.45
6427010,211,0:19:55,977,464
6427010,212,0:19:56,0
6427010,210,0:19:56,1444,528
6427010,207,0:20:3,0,-518.45,-143.45
6427010,207,0:20:6,0,-143.45,0
6427010,211,0:20:9,828,374
6427010,212,0:20:10,1
6427010,210,0:20:10,861,436
6427010,211,0:20:11,811,316
6427010,212,0:20:11,2
6427010,210,0:20:12,905,364
6427010,207,0:20:14,0,0,-210
6427010,211,0:20:17,411,605
6427010,210,0:20:20,1148,294
6427010,207,0:20:20,0,-210,-270
6427010,211,0:20:22,975,163
6427010,212,0:20:22,1
6427010,210,0:20:22,1321,161
6427010,207,0:20:23,0,-270,-360
6427010,211,0:20:24,1164,230
6427010,212,0:20:24,0
6427010,210,0:20:25,1208,163
6427010,211,0:20:27,661,377
6427010,210,0:20:28,748,359
6427010,211,0:20:31,1518,309
6427010,207,0:20:31,0,-360,-510
6427010,207,0:20:31,0,-510,-518.45
6427010,210,0:20:31,1485,326
6427010,211,0:20:35,175,338
6427010,207,0:20:35,0,-518.45,-158.45
6427010,207,0:20:36,0,-158.45,-113.45
6427010,210,0:20:36,211,324
6427010,207,0:20:37,0,-113.45,0
6427010,207,0:20:50,0,0,-195
6427010,211,0:20:53,927,670
6427010,219,0:20:54,0
6427010,216,0:20:55,Stack_G7a1N
6427010,217,0:21:36,Stack_G7a1N,20,0.00
6427010,218,0:21:41,0
6427010,210,0:21:44,735,457
6427010,211,0:21:46,1239,644
6427010,210,0:21:47,1253,433
6427010,211,0:21:48,1218,481
6427010,213,0:21:48,0,s_otherStudent2_G7a1N,true
6427010,210,0:21:51,1139,493
6427010,207,0:21:52,0,-400,-518.45
6427010,211,0:21:56,639,583
6427010,213,0:21:56,0,s_otherStudent1_G7a1N,true
6427010,210,0:21:58,739,490
6427010,207,0:21:59,0,-518.45,-173.45
6427010,207,0:22:1,0,-173.45,0
6427010,211,0:22:2,230,493
6427010,213,0:22:2,0,c_crewKid1_M_G7a1N,true
6427010,210,0:22:7,177,413
6427010,211,0:22:8,8,607
6427010,210,0:22:9,70,590
6427010,211,0:22:10,702,560
6427010,213,0:22:10,0,s_otherStudent1_G7a1N,true
6427010,212,0:22:13,2
6427010,210,0:22:14,857,461
6427010,207,0:22:20,0,0,-195
6427010,207,0:22:21,0,-195,-240
6427010,207,0:22:22,0,-240,-420
6427010,207,0:22:23,0,-420,-518.45
6427010,211,0:22:24,1488,589
6427010,212,0:22:24,0
6427010,210,0:22:24,1387,440
6427010,211,0:22:30,447,512
6427010,207,0:22:30,0,-518.45,-428.45
6427010,210,0:22:30,355,520
6427010,211,0:22:30,310,520
6427010,207,0:22:30,0,-428.45,-308.45
6427010,207,0:22:31,0,-308.45,-248.45
6427010,210,0:22:31,347,504
6427010,207,0:22:32,0,-248.45,-8.45
6427010,207,0:22:33,0,-8.45,0
6427010,211,0:22:34,90,534
6427010,210,0:22:38,693,468
6427010,211,0:22:40,635,564
6427010,213,0:22:40,0,s_otherStudent1_G7a1N,true
6427010,210,0:22:43,765,433
6427010,207,0:22:44,0,0,-75
6427010,211,0:22:45,878,135
6427010,213,0:22:45,0,s_poePoster_gen,true
6427010,210,0:22:47,819,375
6427010,211,0:22:48,792,117
6427010,213,0:22:48,0,s_shakespearePoster_gen,true
6427010,210,0:22:54,763,255
6427010,211,0:22:55,881,130
6427010,213,0:22:55,0,s_poePoster_gen,true
6427010,207,0:23:9,0,-60,-29
6427010,207,0:23:9,0,-60,-29
6427010,210,0:23:10,619,319
6427010,211,0:23:11,615,121
6427010,213,0:23:11,0,s_atwoodPoster_gen,true
6427010,210,0:23:16,855,108
6427010,211,0:23:18,695,155
6427010,213,0:23:18,0,s_angelouPoster_gen,true
6427010,210,0:23:23,871,95
6427010,207,0:23:25,0,-29,-518.45
6427010,211,0:23:26,1540,141
6427010,210,0:23:26,1446,171
6427010,211,0:23:46,1541,295
6427010,210,0:23:47,1541,304
6427010,211,0:23:50,678,423
6427010,210,0:23:51,1016,209
6427010,207,0:23:55,0,-518.45,-143.45
6427010,211,0:23:56,461,177
6427010,213,0:23:56,0,s_posterPlagiarism_gen,true
6427010,210,0:24:0,700,296
6427010,211,0:24:6,225,693
6427010,212,0:24:9,1
6427010,210,0:24:10,933,378
6427010,211,0:24:11,661,286
6427010,212,0:24:11,2
6427010,212,0:24:14,1
6427010,210,0:24:16,266,422
6427010,207,0:24:18,0,-143.45,0
6427010,211,0:24:20,96,693
6427010,210,0:24:23,586,474
6427010,207,0:24:25,0,0,-225
6427010,207,0:24:29,0,-225,-480
6427010,207,0:24:31,0,-480,-518.45
6427010,211,0:24:33,1250,539
6427010,213,0:24:33,0,s_otherStudent2_G7a1N,true
6427010,210,0:24:36,869,470
6427010,207,0:24:37,0,-518.45,-23.45
6427010,211,0:24:38,243,486
6427010,210,0:24:38,273,481
6427010,211,0:24:39,237,465
6427010,213,0:24:39,0,c_crewKid1_M_G7a1N,true
6427010,210,0:24:50,796,293
6427010,211,0:24:52,505,351
6427010,210,0:25:2,625,384
6427010,207,0:25:4,0,-23.45,-338.45
6427010,207,0:25:6,0,-338.45,-518.45
6427010,207,0:25:11,0,-518.45,-293.45
6427010,211,0:25:13,383,8
6427010,204,0:25:14,0
6427010,100,0:25:28,0
6427010,102,0:25:30,0
6427010,200,0:25:30,0,0,0,0,0,6
6427010,210,0:25:32,306,217
6427010,211,0:25:40,611,169
6427010,213,0:25:40,0,s_atwoodPoster_gen,true
6427010,210,0:25:44,555,314
6427010,207,0:25:45,0,-200,-110
6427010,211,0:25:47,565,692
6427010,221,0:25:48,0
6427010,220,0:25:49,0
6427010,221,0:25:50,0
6427010,300,0:25:51
6427010,220,0:25:51,0
6427010,210,0:26:3,1089,596
6427010,211,0:26:4,946,693
6427010,207,0:26:5,0,-200,-230
6427010,210,0:26:5,1146,423
6427010,207,0:26:6,0,-230,-470
6427010,207,0:26:6,0,-470,-518.45
6427010,211,0:26:13,1098,591
6427010,213,0:26:13,0,s_vocabAssignment_G7a0,true
6427010,210,0:26:16,890,376
6427010,211,0:26:17,946,501
6427010,210,0:26:18,941,460
6427010,211,0:26:18,955,460
6427010,210,0:26:19,1010,468
6427010,211,0:26:19,1216,491
6427010,213,0:26:19,0,s_doorClassroom_G7a0,true
6427010,207,0:26:21,0,-518.45,-518.45
6427010,210,0:26:22,939,344
6427010,207,0:26:22,0,-518.45,-518.45
6427010,207,0:26:22,0,-518.45,-518.45
6427010,207,0:26:23,0,-518.45,-518.45
6427010,211,0:26:24,520,299
6427010,210,0:26:25,463,288
6427010,207,0:26:25,0,-518.45,-368.45
6427010,207,0:26:26,0,-368.45,-8.45
6427010,207,0:26:30,0,-8.45,0
6427010,211,0:26:31,327,662
6427010,210,0:26:36,539,459
6427010,207,0:26:38,0,-400,-100
6427010,207,0:26:38,0,-100,0
6427010,211,0:26:39,275,169
6427010,213,0:26:39,0,s_flag_gen,true
6427010,210,0:26:45,71,121
6427010,211,0:26:49,420,674
6427010,210,0:26:49,444,520
6427010,207,0:26:53,0,0,-315
6427010,207,0:26:58,0,-315,-518.45
6427010,207,0:27:2,0,-518.45,-233.45
6427010,207,0:27:4,0,-233.45,-53.45
6427010,211,0:27:7,503,299
6427010,210,0:27:9,277,426
6427010,207,0:27:13,0,-53.45,0
6427010,211,0:27:14,6,374
6427010,210,0:27:14,147,238
6427010,211,0:27:16,766,247
6427010,204,0:27:17,0
6427010,103,0:27:19
6427010,105,0:27:21
6427010,703,0:27:23,[|| EpilogueItem ID: 0 unlocked: false ||,|| EpilogueItem ID: 1 unlocked: false ||,|| EpilogueItem ID: 2 unlocked: false ||,|| EpilogueItem ID: 3 unlocked: false ||,|| EpilogueItem ID: 4 unlocked: false ||,|| EpilogueItem ID: 5 unlocked: false ||,|| EpilogueItem ID: 6 unlocked: false ||,|| EpilogueItem ID: 7 unlocked: false ||,|| EpilogueItem ID: 8 unlocked: false ||,|| EpilogueItem ID: 9 unlocked: false ||,|| EpilogueItem ID: 10 unlocked: false ||,|| EpilogueItem ID: 11 unlocked: false ||,|| EpilogueItem ID: 12 unlocked: false ||,|| EpilogueItem ID: 13 unlocked: false ||,|| EpilogueItem ID: 14 unlocked: false ||,|| EpilogueItem ID: 15 unlocked: false ||,|| EpilogueItem ID: 16 unlocked: false ||,|| EpilogueItem ID: 17 unlocked: false ||,|| EpilogueItem ID: 18 unlocked: false ||,|| EpilogueItem ID: 19 unlocked: false ||,|| EpilogueItem ID: 20 unlocked: false ||,|| EpilogueItem ID: 21 unlocked: false ||,|| EpilogueItem ID: 22 unlocked: false ||,|| EpilogueItem ID: 23 unlocked: false ||,|| EpilogueItem ID: 24 unlocked: false ||],0
6427010,706,0:27:28,(x=196, y=-100, w=1024, h=768),(x=204, y=-100, w=1024, h=768)
6427010,704,0:27:29,1
6427010,706,0:27:29,(x=196, y=-100, w=1024, h=768),(x=204, y=-100, w=1024, h=768)
6427010,704,0:27:31,2
6427010,706,0:27:31,(x=196, y=-100, w=1024, h=768),(x=204, y=-100, w=1024, h=768)
6427010,706,0:27:33,(x=360, y=-100, w=1024, h=768),(x=352, y=-100, w=1024, h=768)
6427010,706,0:27:33,(x=360, y=-100, w=1024, h=768),(x=352, y=-100, w=1024, h=768)
6427010,706,0:27:34,(x=355, y=-100, w=1024, h=768),(x=355, y=-100, w=1024, h=768)
6427010,706,0:27:36,(x=370, y=-100, w=1024, h=768),(x=450, y=-100, w=1024, h=768)
6427010,704,0:27:38,16
6427010,706,0:27:38,(x=370, y=-100, w=1024, h=768),(x=450, y=-100, w=1024, h=768)
6427010,705,0:27:40,16,true
6427010,706,0:27:42,(x=598, y=-100, w=1024, h=768),(x=649, y=-100, w=1024, h=768)
6427010,706,0:27:42,(x=598, y=-100, w=1024, h=768),(x=649, y=-100, w=1024, h=768)
6427010,704,0:27:42,18
6427010,706,0:27:42,(x=598, y=-100, w=1024, h=768),(x=649, y=-100, w=1024, h=768)
6427010,705,0:27:43,18,true
6427010,706,0:27:43,(x=598, y=-100, w=1024, h=768),(x=649, y=-100, w=1024, h=768)
6427010,706,0:27:45,(x=764, y=-100, w=1024, h=768),(x=782, y=-100, w=1024, h=768)
6427010,706,0:27:45,(x=776, y=-100, w=1024, h=768),(x=752, y=-100, w=1024, h=768)
6427010,706,0:27:46,(x=937, y=-100, w=1024, h=768),(x=936, y=-100, w=1024, h=768)
6427010,706,0:27:57,(x=1108, y=-100, w=1024, h=768),(x=1116, y=-100, w=1024, h=768)
6427010,706,0:28:0,(x=1236, y=-100, w=1024, h=768),(x=1560, y=-100, w=1024, h=768)
6427010,704,0:28:1,7
6427010,706,0:28:1,(x=1236, y=-100, w=1024, h=768),(x=1560, y=-100, w=1024, h=768)
6427010,708,0:28:5
6427010,1,0:28:5,3/14/2013 4:58:44pm,{"gameTime":1685660,"session":[{"stackId":12,"sceneId":"1P"}],"challengeStacks":[{"resolved":false,"challengeScenes":[{"keyPoints":[],"viewedAnimatic":true,"touchableObjects":["c_crewKid1_M_G7a0","s_otherStudent1_G7a0","c_friend1_M_a_G7a0","s_doorClassroom_G7a0","s_angelouPoster_gen","s_shakespearePoster_gen","s_poePoster_gen","s_vocabAssignment_G7a0","s_clock_G7a0","s_atwoodPoster_gen"],"unlocked":true,"miniGameCards":[]},{"keyPoints":[],"viewedAnimatic":true,"touchableObjects":["s_otherStudent2_G7a1N","s_otherStudent1_G7a1N","c_crewKid1_M_G7a1N","s_poePoster_gen","s_shakespearePoster_gen","s_atwoodPoster_gen","s_angelouPoster_gen","s_posterPlagiarism_gen","s_flag_gen"],"unlocked":true,"miniGameCards":[]},{"keyPoints":[],"viewedAnimatic":false,"touchableObjects":[],"unlocked":false,"miniGameCards":[]}],"stackSize":3},{"resolved":false,"challengeScenes":[{"keyPoints":[],"viewedAnimatic":false,"touchableObjects":[],"unlocked":false,"miniGameCards":[]},{"keyPoints":[],"viewedAnimatic":false,"touchableObjects":[],"unlocked":false,"miniGameCards":[]},{"keyPoints":[],"viewedAnimatic":false,"touchableObjects":[],"unlocked":false,"miniGameCards":[]},{"keyPoints":[],"viewedAnimatic":false,"touchableObjects":[],"unlocked":false,"miniGameCards":[]},{"keyPoints":[],"viewedAnimatic":false,"touchableObjects":[],"unlocked":false,"miniGameCards":[]}],"stackSize":5},{"resolved":false,"challengeScenes":[{"keyPoints":[],"viewedAnimatic":false,"touchableObjects":[],"unlocked":false,"miniGameCards":[]},{"keyPoints":[],"viewedAnimatic":false,"touchableObjects":[],"unlocked":false,"miniGameCards":[]},{"keyPoints":[],"viewedAnimatic":false,"touchableObjects":[],"unlocked":false,"miniGameCards":[]},{"keyPoints":[],"viewedAnimatic":false,"touchableObjects":[],"unlocked":false,"miniGameCards":[]},{"keyPoints":[],"viewedAnimatic":false,"touchableObjects":[],"unlocked":false,"miniGameCards":[]},{"keyPoints":[],"viewedAnimatic":false,"touchableObjects":[],"unlocked":false,"miniGameCards":[]},{"keyPoints":[],"viewedAnimatic":false,"touchableObjects":[],"unlocked":false,"miniGameCards":[]}],"stackSize":7},{"resolved":false,"challengeScenes":[{"keyPoints":[],"viewedAnimatic":false,"touchableObjects":[],"unlocked":false,"miniGameCards":[]},{"keyPoints":[],"viewedAnimatic":false,"touchableObjects":[],"unlocked":false,"miniGameCards":[]},{"keyPoints":[],"viewedAnimatic":false,"touchableObjects":[],"unlocked":false,"miniGameCards":[]},{"keyPoints":[],"viewedAnimatic":false,"touchableObjects":[],"unlocked":false,"miniGameCards":[]},{"keyPoints":[],"viewedAnimatic":false,"touchableObjects":[],"unlocked":false,"miniGameCards":[]}],"stackSize":5},{"resolved":false,"challengeScenes":[{"keyPoints":[],"viewedAnimatic":false,"touchableObjects":[],"unlocked":false,"miniGameCards":[]},{"keyPoints":[],"viewedAnimatic":false,"touchableObjects":[],"unlocked":false,"miniGameCards":[]},{"keyPoints":[],"viewedAnimatic":false,"touchableObjects":[],"unlocked":false,"miniGameCards":[]},{"keyPoints":[],"viewedAnimatic":false,"touchableObjects":[],"unlocked":false,"miniGameCards":[]},{"keyPoints":[],"viewedAnimatic":false,"touchableObjects":[],"unlocked":false,"miniGameCards":[]}],"stackSize":5},{"resolved":false,"challengeScenes":[{"keyPoints":[],"viewedAnimatic":false,"touchableObjects":[],"unlocked":false,"miniGameCards":[]},{"keyPoints":[],"viewedAnimatic":false,"touchableObjects":[],"unlocked":false,"miniGameCards":[]},{"keyPoints":[],"viewedAnimatic":false,"touchableObjects":[],"unlocked":false,"miniGameCards":[]},{"keyPoints":[],"viewedAnimatic":false,"touchableObjects":[],"unlocked":false,"miniGameCards":[]},{"keyPoints":[],"viewedAnimatic":false,"touchableObjects":[],"unlocked":false,"miniGameCards":[]}],"stackSize":5},{"resolved":false,"challengeScenes":[{"keyPoints":[],"viewedAnimatic":false,"touchableObjects":[],"unlocked":false,"miniGameCards":[]},{"keyPoints":[],"viewedAnimatic":false,"touchableObjects":[],"unlocked":false,"miniGameCards":[]},{"keyPoints":[],"viewedAnimatic":false,"touchableObjects":[],"unlocked":false,"miniGameCards":[]},{"keyPoints":[],"viewedAnimatic":false,"touchableObjects":[],"unlocked":false,"miniGameCards":[]},{"keyPoints":[],"viewedAnimatic":false,"touchableObjects":[],"unlocked":false,"miniGameCards":[]}],"stackSize":5},{"resolved":false,"challengeScenes":[{"keyPoints":[],"viewedAnimatic":false,"touchableObjects":[],"unlocked":false,"miniGameCards":[]},{"keyPoints":[],"viewedAnimatic":false,"touchableObjects":[],"unlocked":false,"miniGameCards":[]},{"keyPoints":[],"viewedAnimatic":false,"touchableObjects":[],"unlocked":false,"miniGameCards":[]},{"keyPoints":[],"viewedAnimatic":false,"touchableObjects":[],"unlocked":false,"miniGameCards":[]},{"keyPoints":[],"viewedAnimatic":false,"touchableObjects":[],"unlocked":false,"miniGameCards":[]}],"stackSize":5},{"resolved":false,"challengeScenes":[{"keyPoints":[],"viewedAnimatic":false,"touchableObjects":[],"unlocked":false,"miniGameCards":[]},{"keyPoints":[],"viewedAnimatic":false,"touchableObjects":[],"unlocked":false,"miniGameCards":[]},{"keyPoints":[],"viewedAnimatic":false,"touchableObjects":[],"unlocked":false,"miniGameCards":[]},{"keyPoints":[],"viewedAnimatic":false,"touchableObjects":[],"unlocked":false,"miniGameCards":[]},{"keyPoints":[],"viewedAnimatic":false,"touchableObjects":[],"unlocked":false,"miniGameCards":[]}],"stackSize":5},{"resolved":false,"challengeScenes":[{"keyPoints":[],"viewedAnimatic":false,"touchableObjects":[],"unlocked":false,"miniGameCards":[]},{"keyPoints":[],"viewedAnimatic":false,"touchableObjects":[],"unlocked":false,"miniGameCards":[]},{"keyPoints":[],"viewedAnimatic":false,"touchableObjects":[],"unlocked":false,"miniGameCards":[]},{"keyPoints":[],"viewedAnimatic":false,"touchableObjects":[],"unlocked":false,"miniGameCards":[]},{"keyPoints":[],"viewedAnimatic":false,"touchableObjects":[],"unlocked":false,"miniGameCards":[]}],"stackSize":5},{"resolved":false,"challengeScenes":[{"keyPoints":[],"viewedAnimatic":false,"touchableObjects":[],"unlocked":false,"miniGameCards":[]},{"keyPoints":[],"viewedAnimatic":false,"touchableObjects":[],"unlocked":false,"miniGameCards":[]},{"keyPoints":[],"viewedAnimatic":false,"touchableObjects":[],"unlocked":false,"miniGameCards":[]},{"keyPoints":[],"viewedAnimatic":false,"touchableObjects":[],"unlocked":false,"miniGameCards":[]},{"keyPoints":[],"viewedAnimatic":false,"touchableObjects":[],"unlocked":false,"miniGameCards":[]}],"stackSize":5},{"resolved":false,"challengeScenes":[{"keyPoints":[],"viewedAnimatic":false,"touchableObjects":[],"unlocked":false,"miniGameCards":[]},{"keyPoints":[],"viewedAnimatic":false,"touchableObjects":[],"unlocked":false,"miniGameCards":[]},{"keyPoints":[],"viewedAnimatic":false,"touchableObjects":[],"unlocked":false,"miniGameCards":[]},{"keyPoints":[],"viewedAnimatic":false,"touchableObjects":[],"unlocked":false,"miniGameCards":[]},{"keyPoints":[],"viewedAnimatic":false,"touchableObjects":[],"unlocked":false,"miniGameCards":[]}],"stackSize":5},{"resolved":true,"challengeScenes":[{"keyPoints":[],"viewedAnimatic":false,"touchableObjects":["c_family_afri_a_G0a0","c_friends_G0a0"],"unlocked":true,"miniGameCards":[]},{"keyPoints":["c_family_afri_a_G0a1N","c_home_G0a1N","c_job_G0a1N"],"viewedAnimatic":false,"touchableObjects":["c_player_afri_M_a_G0a1N","c_family_afri_a_G0a1N","c_home_G0a1N","c_job_G0a1N"],"unlocked":true,"miniGameCards":[]},{"keyPoints":["c_Teacher_G0a1P","c_grandma_afri_a_G0a1P","c_dad_afri_a_G0a1P","c_mom_afri_a_G0a1P","c_kidsister_afri_a_G0a1P","c_Nurse_G0a1P"],"viewedAnimatic":false,"touchableObjects":["c_cousins_M_a_G0a1P","c_friends_G0a1P","c_Teacher_G0a1P","c_grandma_afri_a_G0a1P","c_dad_afri_a_G0a1P","c_mom_afri_a_G0a1P","c_kidsister_afri_a_G0a1P","c_Nurse_G0a1P"],"unlocked":true,"miniGameCards":[]}],"stackSize":3}],"minigames":[{"levelSaveData":[{"starRating":0,"unlocked":true},{"starRating":0,"unlocked":false},{"starRating":0,"unlocked":false},{"starRating":0,"unlocked":false},{"starRating":0,"unlocked":false},{"starRating":0,"unlocked":false},{"starRating":0,"unlocked":false},{"starRating":0,"unlocked":false},{"starRating":0,"unlocked":false},{"starRating":0,"unlocked":false}],"skillPoints":0},{"levelSaveData":[{"starRating":0,"unlocked":true},{"starRating":0,"unlocked":false},{"starRating":0,"unlocked":false},{"starRating":0,"unlocked":false},{"starRating":0,"unlocked":false},{"starRating":0,"unlocked":false},{"starRating":0,"unlocked":false},{"starRating":0,"unlocked":false},{"starRating":0,"unlocked":false},{"starRating":0,"unlocked":false}],"skillPoints":0},{"levelSaveData":[{"starRating":0,"unlocked":true},{"starRating":0,"unlocked":false},{"starRating":0,"unlocked":false},{"starRating":0,"unlocked":false},{"starRating":0,"unlocked":false},{"starRating":0,"unlocked":false},{"starRating":0,"unlocked":false},{"starRating":0,"unlocked":false},{"starRating":0,"unlocked":false},{"starRating":0,"unlocked":false}],"skillPoints":0},{"levelSaveData":[{"starRating":0,"unlocked":false},{"starRating":0,"unlocked":false},{"starRating":0,"unlocked":false},{"starRating":0,"unlocked":false},{"starRating":0,"unlocked":false},{"starRating":0,"unlocked":false},{"starRating":0,"unlocked":false},{"starRating":0,"unlocked":false},{"starRating":0,"unlocked":false},{"starRating":0,"unlocked":false}],"skillPoints":0},{"name":"kevin","gender":0,"visualAvatar":0,"age":13,"levelSaveData":[{"starRating":3,"unlocked":true},{"chunks":[["3"],["2$$sometimes mean","0$$a cool person"],["2$$love to eat ","5$$pet lover","0$$caring"],["0"]],"unlocked":true,"starRating":3},{"chunks":[[null],[null,null],[null,null]],"unlocked":false,"starRating":0},{"chunks":[[null],[null],[null],[null],[null,null],[null]],"unlocked":false,"starRating":0},{"chunks":[[null],[null],[null,null],[null],[null],[null]],"unlocked":false,"starRating":0},{"chunks":[[null],[null,null,null,null],[null],[null]],"unlocked":false,"starRating":0},{"chunks":[[null],[null],[null,null],[null,null],[null]],"unlocked":false,"starRating":0},{"chunks":[[null,null,null],[null,null,null],[null],[null],[null]],"unlocked":false,"starRating":0},{"chunks":[[null,null,null],[null,null,null],[null,null]],"unlocked":false,"starRating":0},{"chunks":[[null],[null],[null],[null],[null],[null]],"unlocked":false,"starRating":0}],"id":0,"skillPoints":6}],"playerId":6427010,"epilogue":{"rating":0},"sessionId":2,"avatar":{"name":"kevin","gender":0,"visualAvatar":0,"age":13,"levelSaveData":[{"starRating":3,"unlocked":true},{"chunks":[["3"],["2$$sometimes mean","0$$a cool person"],["2$$love to eat ","5$$pet lover","0$$caring"],["0"]],"unlocked":true,"starRating":3},{"chunks":[[null],[null,null],[null,null]],"unlocked":false,"starRating":0},{"chunks":[[null],[null],[null],[null],[null,null],[null]],"unlocked":false,"starRating":0},{"chunks":[[null],[null],[null,null],[null],[null],[null]],"unlocked":false,"starRating":0},{"chunks":[[null],[null,null,null,null],[null],[null]],"unlocked":false,"starRating":0},{"chunks":[[null],[null],[null,null],[null,null],[null]],"unlocked":false,"starRating":0},{"chunks":[[null,null,null],[null,null,null],[null],[null],[null]],"unlocked":false,"starRating":0},{"chunks":[[null,null,null],[null,null,null],[null,null]],"unlocked":false,"starRating":0},{"chunks":[[null],[null],[null],[null],[null],[null]],"unlocked":false,"starRating":0}],"id":0,"skillPoints":6}}
6427010,0,0:28:5,3/14/2013 4:59:07pm
6427010,100,0:28:9,0
6427010,102,0:28:10,0
6427010,200,0:28:10,0,0,0,0,0,6
6427010,207,0:28:15,0,-400,-460
6427010,210,0:28:15,1394,257
6427010,211,0:28:15,1374,243
6427010,204,0:28:23,0
6427010,100,0:28:27,0
6427010,102,0:28:32,0
6427010,200,0:28:32,0,0,0,0,0,6
6427010,207,0:28:35,0,-200,-170
6427010,210,0:28:35,316,116
6427010,211,0:28:35,385,252
6427010,210,0:28:36,311,133
6427010,207,0:28:36,0,-170,-50
6427010,211,0:28:38,252,129
6427010,213,0:28:38,0,s_flag_gen,false
6427010,1003,0:28:41,1
6427010,1004,0:28:42,0
6427010,800,0:28:44,0,[]
6427010,801,0:28:45,0,[]
6427010,814,0:28:48,0,[0]
6427010,815,0:28:48,0,0,OpportunityCardData_id:0
6427010,816,0:28:51,0,0,OpportunityCardData_id:0
6427010,805,0:28:55,0,[OpportunityCardData_id:0]
6427010,807,0:28:55,0,[OpportunityCardData_id:0]
6427010,808,0:28:59,0,[OpportunityCardData_id:0]
6427010,809,0:29:8,0,[OpportunityCardData_id:0,PriorityData_type:5,false]
6427010,810,0:29:13,0,[OpportunityCardData_id:0,PriorityData_type:0,15,PriorityData_type:5,10]
6427010,814,0:29:15,0,[0]
6427010,815,0:29:15,0,0,OpportunityCardData_id:1
6427010,816,0:29:17,0,0,OpportunityCardData_id:1
6427010,805,0:29:18,0,[OpportunityCardData_id:1]
6427010,807,0:29:19,0,[OpportunityCardData_id:1]
6427010,808,0:29:21,0,[OpportunityCardData_id:1]
6427010,809,0:29:26,0,[OpportunityCardData_id:1,PriorityData_type:2,false]
6427010,810,0:29:30,0,[OpportunityCardData_id:1,PriorityData_type:0,15,PriorityData_type:2,10]
6427010,814,0:29:32,0,[2]
6427010,815,0:29:32,0,2,OpportunityCardData_id:13
6427010,816,0:29:33,0,2,OpportunityCardData_id:13
6427010,804,0:29:34,0,[OpportunityCardData_id:13]
6427010,814,0:29:35,0,[2]
6427010,815,0:29:35,0,2,OpportunityCardData_id:14
6427010,816,0:29:36,0,2,OpportunityCardData_id:14
6427010,805,0:29:37,0,[OpportunityCardData_id:14]
6427010,807,0:29:38,0,[OpportunityCardData_id:14]
6427010,808,0:29:40,0,[OpportunityCardData_id:14]
6427010,809,0:29:45,0,[OpportunityCardData_id:14,PriorityData_type:3,false]
6427010,810,0:29:47,0,[OpportunityCardData_id:14,PriorityData_type:2,15,PriorityData_type:3,10]
6427010,814,0:29:49,0,[5]
6427010,815,0:29:49,0,5,OpportunityCardData_id:32
6427010,816,0:29:50,0,5,OpportunityCardData_id:32
6427010,805,0:29:52,0,[OpportunityCardData_id:32]
6427010,807,0:29:53,0,[OpportunityCardData_id:32]
6427010,808,0:29:54,0,[OpportunityCardData_id:32]
6427010,809,0:29:58,0,[OpportunityCardData_id:32,Safe,false]
6427010,810,0:30:2,0,[OpportunityCardData_id:32,PriorityData_type:5,20,Safe,Safe]
6427010,1002,0:30:10,0
6427010,1003,0:30:10,1
6427010,210,0:30:39,811,398
6427010,211,0:30:39,692,487
6427010,210,0:30:40,815,317
6427010,211,0:30:44,975,437
6427010,210,0:30:51,1033,500
6427010,211,0:30:52,1079,592
6427010,213,0:30:52,0,s_vocabAssignment_G7a0,true
6427010,210,0:30:57,1061,525
6427010,211,0:30:58,1080,559
6427010,213,0:30:58,0,s_vocabAssignment_G7a0,true
6427010,210,0:31:2,694,459
6427010,211,0:31:3,661,665
6427010,213,0:31:3,0,s_otherStudent1_G7a0,true
6427010,212,0:31:12,0
6427010,210,0:31:12,1467,481
6427010,207,0:31:12,0,-400,-518.45
6427010,207,0:31:20,0,-518.45,-308.45
6427010,207,0:31:21,0,-308.45,-143.45
6427010,211,0:31:24,243,481
6427010,213,0:31:24,0,c_crewKid1_M_G7a1N,true
6427010,210,0:31:26,397,520
6427010,207,0:31:26,0,-143.45,0
6427010,207,0:31:38,0,0,-300
6427010,207,0:31:42,0,-300,-375
6427010,207,0:31:46,0,-375,-420
6427010,207,0:31:46,0,-420,-518.45
6427010,211,0:31:52,1250,262
6427010,212,0:31:53,1
6427010,210,0:31:54,1417,392
6427010,211,0:32:1,460,632
6427010,207,0:32:1,0,-518.45,-443.45
6427010,210,0:32:2,424,508
6427010,207,0:32:3,0,-443.45,-53.45
6427010,207,0:32:5,0,-53.45,0
6427010,211,0:32:10,510,335
6427010,212,0:32:11,2
6427010,210,0:32:11,809,500
6427010,211,0:32:12,867,427
6427010,213,0:32:12,0,c_teacherEng_G7a1N,false
6427010,1003,0:32:19,2
6427010,1004,0:32:20,0
6427010,900,0:32:22,0,[]
6427010,901,0:32:32,0,[PeopleData_id:0]
6427010,902,0:32:35,0,[PeopleData_id:0,PeopleData_data3Type]
6427010,903,0:32:37,0,[PeopleData_id0,PeopleData_data3Type]
6427010,902,0:32:38,0,[PeopleData_id:0,PeopleData_data2Type]
6427010,903,0:32:39,0,[PeopleData_id0,PeopleData_data2Type]
6427010,902,0:32:40,0,[PeopleData_id:0,PeopleData_data1Type]
6427010,903,0:32:41,0,[PeopleData_id0,PeopleData_data1Type]
6427010,902,0:32:41,0,[PeopleData_id:0,PeopleData_data0Type]
6427010,903,0:32:42,0,[PeopleData_id0,PeopleData_data0Type]
6427010,902,0:32:44,0,[PeopleData_id:0,PeopleData_data0Type]
6427010,903,0:32:45,0,[PeopleData_id0,PeopleData_data0Type]
6427010,902,0:32:46,0,[PeopleData_id:0,PeopleData_data1Type]
6427010,903,0:32:47,0,[PeopleData_id0,PeopleData_data1Type]
6427010,902,0:32:47,0,[PeopleData_id:0,PeopleData_data1Type]
6427010,902,0:32:48,0,[PeopleData_id:0,PeopleData_data1Type]
6427010,902,0:32:49,0,[PeopleData_id:0,PeopleData_data1Type]
6427010,902,0:32:49,0,[PeopleData_id:0,PeopleData_data1Type]
6427010,902,0:32:49,0,[PeopleData_id:0,PeopleData_data1Type]
6427010,902,0:32:50,0,[PeopleData_id:0,PeopleData_data1Type]
6427010,902,0:32:50,0,[PeopleData_id:0,PeopleData_data1Type]
6427010,902,0:32:50,0,[PeopleData_id:0,PeopleData_data1Type]
6427010,902,0:32:50,0,[PeopleData_id:0,PeopleData_data1Type]
6427010,902,0:32:50,0,[PeopleData_id:0,PeopleData_data1Type]
6427010,902,0:32:50,0,[PeopleData_id:0,PeopleData_data1Type]
6427010,902,0:32:51,0,[PeopleData_id:0,PeopleData_data1Type]
6427010,902,0:32:51,0,[PeopleData_id:0,PeopleData_data1Type]
6427010,902,0:32:51,0,[PeopleData_id:0,PeopleData_data1Type]
6427010,902,0:32:51,0,[PeopleData_id:0,PeopleData_data1Type]
6427010,902,0:32:51,0,[PeopleData_id:0,PeopleData_data2Type]
6427010,902,0:32:52,0,[PeopleData_id:0,PeopleData_data2Type]
6427010,902,0:32:52,0,[PeopleData_id:0,PeopleData_data2Type]
6427010,902,0:32:52,0,[PeopleData_id:0,PeopleData_data2Type]
6427010,902,0:32:52,0,[PeopleData_id:0,PeopleData_data2Type]
6427010,902,0:32:53,0,[PeopleData_id:0,PeopleData_data1Type]
6427010,902,0:32:53,0,[PeopleData_id:0,PeopleData_data1Type]
6427010,902,0:32:54,0,[PeopleData_id:0,PeopleData_data2Type]
6427010,902,0:32:55,0,[PeopleData_id:0,PeopleData_data1Type]
6427010,902,0:32:56,0,[PeopleData_id:0,PeopleData_data3Type]
6427010,903,0:32:57,0,[PeopleData_id0,PeopleData_data3Type]
6427010,1002,0:33:28,0
6427010,1003,0:33:28,2
6427010,1003,0:33:32,2
6427010,103,0:33:39
6427010,105,0:33:41
6427010,703,0:33:43,[|| EpilogueItem ID: 0 unlocked: false ||,|| EpilogueItem ID: 1 unlocked: false ||,|| EpilogueItem ID: 2 unlocked: false ||,|| EpilogueItem ID: 3 unlocked: false ||,|| EpilogueItem ID: 4 unlocked: false ||,|| EpilogueItem ID: 5 unlocked: false ||,|| EpilogueItem ID: 6 unlocked: false ||,|| EpilogueItem ID: 7 unlocked: false ||,|| EpilogueItem ID: 8 unlocked: false ||,|| EpilogueItem ID: 9 unlocked: false ||,|| EpilogueItem ID: 10 unlocked: false ||,|| EpilogueItem ID: 11 unlocked: false ||,|| EpilogueItem ID: 12 unlocked: false ||,|| EpilogueItem ID: 13 unlocked: false ||,|| EpilogueItem ID: 14 unlocked: false ||,|| EpilogueItem ID: 15 unlocked: false ||,|| EpilogueItem ID: 16 unlocked: false ||,|| EpilogueItem ID: 17 unlocked: false ||,|| EpilogueItem ID: 18 unlocked: false ||,|| EpilogueItem ID: 19 unlocked: false ||,|| EpilogueItem ID: 20 unlocked: false ||,|| EpilogueItem ID: 21 unlocked: false ||,|| EpilogueItem ID: 22 unlocked: false ||,|| EpilogueItem ID: 23 unlocked: false ||,|| EpilogueItem ID: 24 unlocked: false ||],0
6427010,706,0:33:44,(x=0, y=-100, w=1024, h=768),(x=0, y=-100, w=1024, h=768)
6427010,706,0:33:45,(x=0, y=-100, w=1024, h=768),(x=0, y=-100, w=1024, h=768)
6427010,706,0:33:46,(x=4, y=-100, w=1024, h=768),(x=4, y=-100, w=1024, h=768)
6427010,706,0:33:48,(x=2009, y=-100, w=1024, h=768),(x=2388, y=-100, w=1024, h=768)
6427010,706,0:33:49,(x=2531, y=-100, w=1024, h=768),(x=2531, y=-100, w=1024, h=768)
6427010,708,0:33:50
6427010,1,0:33:50,3/14/2013 5:04:51pm,{"gameTime":2030036,"session":[{"stackId":12,"sceneId":"1P"}],"challengeStacks":[{"resolved":false,"challengeScenes":[{"keyPoints":[],"viewedAnimatic":true,"touchableObjects":["c_crewKid1_M_G7a0","s_otherStudent1_G7a0","c_friend1_M_a_G7a0","s_doorClassroom_G7a0","s_angelouPoster_gen","s_shakespearePoster_gen","s_poePoster_gen","s_vocabAssignment_G7a0","s_clock_G7a0","s_atwoodPoster_gen"],"unlocked":true,"miniGameCards":[]},{"keyPoints":[],"viewedAnimatic":true,"touchableObjects":["s_otherStudent2_G7a1N","s_otherStudent1_G7a1N","c_crewKid1_M_G7a1N","s_poePoster_gen","s_shakespearePoster_gen","s_atwoodPoster_gen","s_angelouPoster_gen","s_posterPlagiarism_gen","s_flag_gen"],"unlocked":true,"miniGameCards":[]},{"keyPoints":[],"viewedAnimatic":false,"touchableObjects":[],"unlocked":false,"miniGameCards":[]}],"stackSize":3},{"resolved":false,"challengeScenes":[{"keyPoints":[],"viewedAnimatic":false,"touchableObjects":[],"unlocked":false,"miniGameCards":[]},{"keyPoints":[],"viewedAnimatic":false,"touchableObjects":[],"unlocked":false,"miniGameCards":[]},{"keyPoints":[],"viewedAnimatic":false,"touchableObjects":[],"unlocked":false,"miniGameCards":[]},{"keyPoints":[],"viewedAnimatic":false,"touchableObjects":[],"unlocked":false,"miniGameCards":[]},{"keyPoints":[],"viewedAnimatic":false,"touchableObjects":[],"unlocked":false,"miniGameCards":[]}],"stackSize":5},{"resolved":false,"challengeScenes":[{"keyPoints":[],"viewedAnimatic":false,"touchableObjects":[],"unlocked":false,"miniGameCards":[]},{"keyPoints":[],"viewedAnimatic":false,"touchableObjects":[],"unlocked":false,"miniGameCards":[]},{"keyPoints":[],"viewedAnimatic":false,"touchableObjects":[],"unlocked":false,"miniGameCards":[]},{"keyPoints":[],"viewedAnimatic":false,"touchableObjects":[],"unlocked":false,"miniGameCards":[]},{"keyPoints":[],"viewedAnimatic":false,"touchableObjects":[],"unlocked":false,"miniGameCards":[]},{"keyPoints":[],"viewedAnimatic":false,"touchableObjects":[],"unlocked":false,"miniGameCards":[]},{"keyPoints":[],"viewedAnimatic":false,"touchableObjects":[],"unlocked":false,"miniGameCards":[]}],"stackSize":7},{"resolved":false,"challengeScenes":[{"keyPoints":[],"viewedAnimatic":false,"touchableObjects":[],"unlocked":false,"miniGameCards":[]},{"keyPoints":[],"viewedAnimatic":false,"touchableObjects":[],"unlocked":false,"miniGameCards":[]},{"keyPoints":[],"viewedAnimatic":false,"touchableObjects":[],"unlocked":false,"miniGameCards":[]},{"keyPoints":[],"viewedAnimatic":false,"touchableObjects":[],"unlocked":false,"miniGameCards":[]},{"keyPoints":[],"viewedAnimatic":false,"touchableObjects":[],"unlocked":false,"miniGameCards":[]}],"stackSize":5},{"resolved":false,"challengeScenes":[{"keyPoints":[],"viewedAnimatic":false,"touchableObjects":[],"unlocked":false,"miniGameCards":[]},{"keyPoints":[],"viewedAnimatic":false,"touchableObjects":[],"unlocked":false,"miniGameCards":[]},{"keyPoints":[],"viewedAnimatic":false,"touchableObjects":[],"unlocked":false,"miniGameCards":[]},{"keyPoints":[],"viewedAnimatic":false,"touchableObjects":[],"unlocked":false,"miniGameCards":[]},{"keyPoints":[],"viewedAnimatic":false,"touchableObjects":[],"unlocked":false,"miniGameCards":[]}],"stackSize":5},{"resolved":false,"challengeScenes":[{"keyPoints":[],"viewedAnimatic":false,"touchableObjects":[],"unlocked":false,"miniGameCards":[]},{"keyPoints":[],"viewedAnimatic":false,"touchableObjects":[],"unlocked":false,"miniGameCards":[]},{"keyPoints":[],"viewedAnimatic":false,"touchableObjects":[],"unlocked":false,"miniGameCards":[]},{"keyPoints":[],"viewedAnimatic":false,"touchableObjects":[],"unlocked":false,"miniGameCards":[]},{"keyPoints":[],"viewedAnimatic":false,"touchableObjects":[],"unlocked":false,"miniGameCards":[]}],"stackSize":5},{"resolved":false,"challengeScenes":[{"keyPoints":[],"viewedAnimatic":false,"touchableObjects":[],"unlocked":false,"miniGameCards":[]},{"keyPoints":[],"viewedAnimatic":false,"touchableObjects":[],"unlocked":false,"miniGameCards":[]},{"keyPoints":[],"viewedAnimatic":false,"touchableObjects":[],"unlocked":false,"miniGameCards":[]},{"keyPoints":[],"viewedAnimatic":false,"touchableObjects":[],"unlocked":false,"miniGameCards":[]},{"keyPoints":[],"viewedAnimatic":false,"touchableObjects":[],"unlocked":false,"miniGameCards":[]}],"stackSize":5},{"resolved":false,"challengeScenes":[{"keyPoints":[],"viewedAnimatic":false,"touchableObjects":[],"unlocked":false,"miniGameCards":[]},{"keyPoints":[],"viewedAnimatic":false,"touchableObjects":[],"unlocked":false,"miniGameCards":[]},{"keyPoints":[],"viewedAnimatic":false,"touchableObjects":[],"unlocked":false,"miniGameCards":[]},{"keyPoints":[],"viewedAnimatic":false,"touchableObjects":[],"unlocked":false,"miniGameCards":[]},{"keyPoints":[],"viewedAnimatic":false,"touchableObjects":[],"unlocked":false,"miniGameCards":[]}],"stackSize":5},{"resolved":false,"challengeScenes":[{"keyPoints":[],"viewedAnimatic":false,"touchableObjects":[],"unlocked":false,"miniGameCards":[]},{"keyPoints":[],"viewedAnimatic":false,"touchableObjects":[],"unlocked":false,"miniGameCards":[]},{"keyPoints":[],"viewedAnimatic":false,"touchableObjects":[],"unlocked":false,"miniGameCards":[]},{"keyPoints":[],"viewedAnimatic":false,"touchableObjects":[],"unlocked":false,"miniGameCards":[]},{"keyPoints":[],"viewedAnimatic":false,"touchableObjects":[],"unlocked":false,"miniGameCards":[]}],"stackSize":5},{"resolved":false,"challengeScenes":[{"keyPoints":[],"viewedAnimatic":false,"touchableObjects":[],"unlocked":false,"miniGameCards":[]},{"keyPoints":[],"viewedAnimatic":false,"touchableObjects":[],"unlocked":false,"miniGameCards":[]},{"keyPoints":[],"viewedAnimatic":false,"touchableObjects":[],"unlocked":false,"miniGameCards":[]},{"keyPoints":[],"viewedAnimatic":false,"touchableObjects":[],"unlocked":false,"miniGameCards":[]},{"keyPoints":[],"viewedAnimatic":false,"touchableObjects":[],"unlocked":false,"miniGameCards":[]}],"stackSize":5},{"resolved":false,"challengeScenes":[{"keyPoints":[],"viewedAnimatic":false,"touchableObjects":[],"unlocked":false,"miniGameCards":[]},{"keyPoints":[],"viewedAnimatic":false,"touchableObjects":[],"unlocked":false,"miniGameCards":[]},{"keyPoints":[],"viewedAnimatic":false,"touchableObjects":[],"unlocked":false,"miniGameCards":[]},{"keyPoints":[],"viewedAnimatic":false,"touchableObjects":[],"unlocked":false,"miniGameCards":[]},{"keyPoints":[],"viewedAnimatic":false,"touchableObjects":[],"unlocked":false,"miniGameCards":[]}],"stackSize":5},{"resolved":false,"challengeScenes":[{"keyPoints":[],"viewedAnimatic":false,"touchableObjects":[],"unlocked":false,"miniGameCards":[]},{"keyPoints":[],"viewedAnimatic":false,"touchableObjects":[],"unlocked":false,"miniGameCards":[]},{"keyPoints":[],"viewedAnimatic":false,"touchableObjects":[],"unlocked":false,"miniGameCards":[]},{"keyPoints":[],"viewedAnimatic":false,"touchableObjects":[],"unlocked":false,"miniGameCards":[]},{"keyPoints":[],"viewedAnimatic":false,"touchableObjects":[],"unlocked":false,"miniGameCards":[]}],"stackSize":5},{"resolved":true,"challengeScenes":[{"keyPoints":[],"viewedAnimatic":false,"touchableObjects":["c_family_afri_a_G0a0","c_friends_G0a0"],"unlocked":true,"miniGameCards":[]},{"keyPoints":["c_family_afri_a_G0a1N","c_home_G0a1N","c_job_G0a1N"],"viewedAnimatic":false,"touchableObjects":["c_player_afri_M_a_G0a1N","c_family_afri_a_G0a1N","c_home_G0a1N","c_job_G0a1N"],"unlocked":true,"miniGameCards":[]},{"keyPoints":["c_Teacher_G0a1P","c_grandma_afri_a_G0a1P","c_dad_afri_a_G0a1P","c_mom_afri_a_G0a1P","c_kidsister_afri_a_G0a1P","c_Nurse_G0a1P"],"viewedAnimatic":false,"touchableObjects":["c_cousins_M_a_G0a1P","c_friends_G0a1P","c_Teacher_G0a1P","c_grandma_afri_a_G0a1P","c_dad_afri_a_G0a1P","c_mom_afri_a_G0a1P","c_kidsister_afri_a_G0a1P","c_Nurse_G0a1P"],"unlocked":true,"miniGameCards":[]}],"stackSize":3}],"minigames":[{"levelSaveData":[{"starRating":0,"unlocked":true},{"starRating":0,"unlocked":false},{"starRating":0,"unlocked":false},{"starRating":0,"unlocked":false},{"starRating":0,"unlocked":false},{"starRating":0,"unlocked":false},{"starRating":0,"unlocked":false},{"starRating":0,"unlocked":false},{"starRating":0,"unlocked":false},{"starRating":0,"unlocked":false}],"skillPoints":0},{"levelSaveData":[{"starRating":0,"unlocked":true},{"starRating":0,"unlocked":false},{"starRating":0,"unlocked":false},{"starRating":0,"unlocked":false},{"starRating":0,"unlocked":false},{"starRating":0,"unlocked":false},{"starRating":0,"unlocked":false},{"starRating":0,"unlocked":false},{"starRating":0,"unlocked":false},{"starRating":0,"unlocked":false}],"skillPoints":0},{"levelSaveData":[{"starRating":0,"unlocked":true},{"starRating":0,"unlocked":false},{"starRating":0,"unlocked":false},{"starRating":0,"unlocked":false},{"starRating":0,"unlocked":false},{"starRating":0,"unlocked":false},{"starRating":0,"unlocked":false},{"starRating":0,"unlocked":false},{"starRating":0,"unlocked":false},{"starRating":0,"unlocked":false}],"skillPoints":0},{"levelSaveData":[{"starRating":0,"unlocked":false},{"starRating":0,"unlocked":false},{"starRating":0,"unlocked":false},{"starRating":0,"unlocked":false},{"starRating":0,"unlocked":false},{"starRating":0,"unlocked":false},{"starRating":0,"unlocked":false},{"starRating":0,"unlocked":false},{"starRating":0,"unlocked":false},{"starRating":0,"unlocked":false}],"skillPoints":0},{"name":"kevin","gender":0,"visualAvatar":0,"age":13,"levelSaveData":[{"starRating":3,"unlocked":true},{"chunks":[["3"],["2$$sometimes mean","0$$a cool person"],["2$$love to eat ","5$$pet lover","0$$caring"],["0"]],"unlocked":true,"starRating":3},{"chunks":[[null],[null,null],[null,null]],"unlocked":false,"starRating":0},{"chunks":[[null],[null],[null],[null],[null,null],[null]],"unlocked":false,"starRating":0},{"chunks":[[null],[null],[null,null],[null],[null],[null]],"unlocked":false,"starRating":0},{"chunks":[[null],[null,null,null,null],[null],[null]],"unlocked":false,"starRating":0},{"chunks":[[null],[null],[null,null],[null,null],[null]],"unlocked":false,"starRating":0},{"chunks":[[null,null,null],[null,null,null],[null],[null],[null]],"unlocked":false,"starRating":0},{"chunks":[[null,null,null],[null,null,null],[null,null]],"unlocked":false,"starRating":0},{"chunks":[[null],[null],[null],[null],[null],[null]],"unlocked":false,"starRating":0}],"id":0,"skillPoints":6}],"playerId":6427010,"epilogue":{"rating":0},"sessionId":3,"avatar":{"name":"kevin","gender":0,"visualAvatar":0,"age":13,"levelSaveData":[{"starRating":3,"unlocked":true},{"chunks":[["3"],["2$$sometimes mean","0$$a cool person"],["2$$love to eat ","5$$pet lover","0$$caring"],["0"]],"unlocked":true,"starRating":3},{"chunks":[[null],[null,null],[null,null]],"unlocked":false,"starRating":0},{"chunks":[[null],[null],[null],[null],[null,null],[null]],"unlocked":false,"starRating":0},{"chunks":[[null],[null],[null,null],[null],[null],[null]],"unlocked":false,"starRating":0},{"chunks":[[null],[null,null,null,null],[null],[null]],"unlocked":false,"starRating":0},{"chunks":[[null],[null],[null,null],[null,null],[null]],"unlocked":false,"starRating":0},{"chunks":[[null,null,null],[null,null,null],[null],[null],[null]],"unlocked":false,"starRating":0},{"chunks":[[null,null,null],[null,null,null],[null,null]],"unlocked":false,"starRating":0},{"chunks":[[null],[null],[null],[null],[null],[null]],"unlocked":false,"starRating":0}],"id":0,"skillPoints":6}}
6427010,0,0:33:50,3/14/2013 5:04:57pm
6427010,100,0:34:0,0
6427010,102,0:34:2,0
6427010,200,0:34:2,0,0,0,0,0,6
6427010,210,0:34:3,918,447
6427010,207,0:34:4,0,-200,-208
6427010,211,0:34:4,915,493
6427010,221,0:34:13,0
6427010,220,0:34:20,0
6427010,212,0:34:24,1
6427010,212,0:34:25,0
6427010,212,0:34:25,2
6427010,210,0:34:26,1030,325
6427010,207,0:34:27,0,-200,-395
6427010,207,0:34:28,0,-395,-485
6427010,207,0:34:31,0,-485,0
6427010,207,0:34:33,0,0,-495
6427010,211,0:34:34,1269,512
6427010,210,0:34:37,1205,484
6427010,211,0:34:38,1216,494
6427010,213,0:34:38,0,s_otherStudent2_G7a1N,true
6427010,210,0:34:40,1100,478
6427010,211,0:34:42,1044,566
6427010,213,0:34:42,0,c_bestFriend_M_a_G7a1N,false
6427010,1003,0:34:55,2
6427010,1004,0:34:56,0
6427010,900,0:34:58,0,[]
6427010,901,0:35:0,0,[PeopleData_id:1]
6427010,902,0:35:1,0,[PeopleData_id:1,PeopleData_data0Type]
6427010,902,0:35:2,0,[PeopleData_id:1,PeopleData_data2Type]
6427010,902,0:35:3,0,[PeopleData_id:1,PeopleData_data1Type]
6427010,902,0:35:4,0,[PeopleData_id:1,PeopleData_data2Type]
6427010,903,0:35:5,0,[PeopleData_id1,PeopleData_data2Type]
6427010,902,0:35:6,0,[PeopleData_id:1,PeopleData_data3Type]
6427010,903,0:35:9,0,[PeopleData_id1,PeopleData_data3Type]
6427010,901,0:35:11,0,[PeopleData_id:2]
6427010,904,0:35:11,0,[PeopleData_id:2]
6427010,902,0:35:12,0,[PeopleData_id:2,PeopleData_data0Type]
6427010,902,0:35:13,0,[PeopleData_id:2,PeopleData_data0Type]
6427010,903,0:35:13,0,[PeopleData_id2,PeopleData_data0Type]
6427010,902,0:35:14,0,[PeopleData_id:2,PeopleData_data1Type]
6427010,903,0:35:16,0,[PeopleData_id2,PeopleData_data1Type]
6427010,902,0:35:16,0,[PeopleData_id:2,PeopleData_data1Type]
6427010,902,0:35:17,0,[PeopleData_id:2,PeopleData_data2Type]
6427010,903,0:35:17,0,[PeopleData_id2,PeopleData_data2Type]
6427010,902,0:35:18,0,[PeopleData_id:2,PeopleData_data3Type]
6427010,903,0:35:19,0,[PeopleData_id2,PeopleData_data3Type]
6427010,902,0:35:19,0,[PeopleData_id:2,PeopleData_data2Type]
6427010,903,0:35:20,0,[PeopleData_id2,PeopleData_data2Type]
6427010,902,0:35:21,0,[PeopleData_id:2,PeopleData_data2Type]
6427010,903,0:35:24,0,[PeopleData_id2,PeopleData_data2Type]
6427010,901,0:35:26,0,[PeopleData_id:3]
6427010,902,0:35:27,0,[PeopleData_id:3,PeopleData_data0Type]
6427010,903,0:35:28,0,[PeopleData_id3,PeopleData_data0Type]
6427010,902,0:35:28,0,[PeopleData_id:3,PeopleData_data1Type]
6427010,903,0:35:29,0,[PeopleData_id3,PeopleData_data1Type]
6427010,902,0:35:30,0,[PeopleData_id:3,PeopleData_data2Type]
6427010,903,0:35:31,0,[PeopleData_id3,PeopleData_data2Type]
6427010,901,0:35:31,0,[PeopleData_id:4]
6427010,902,0:35:33,0,[PeopleData_id:4,PeopleData_data0Type]
6427010,903,0:35:36,0,[PeopleData_id4,PeopleData_data0Type]
6427010,902,0:35:38,0,[PeopleData_id:4,PeopleData_data1Type]
6427010,903,0:35:38,0,[PeopleData_id4,PeopleData_data1Type]
6427010,902,0:35:39,0,[PeopleData_id:4,PeopleData_data2Type]
6427010,903,0:35:41,0,[PeopleData_id4,PeopleData_data2Type]
6427010,902,0:35:41,0,[PeopleData_id:4,PeopleData_data3Type]
6427010,903,0:35:42,0,[PeopleData_id4,PeopleData_data3Type]
6427010,1002,0:35:57,0
6427010,1003,0:35:57,2
6427010,212,0:36:10,1
6427010,212,0:36:11,0
6427010,212,0:36:12,2
6427010,210,0:36:15,851,465
6427010,207,0:36:19,0,-400,-160
6427010,207,0:36:25,0,-160,-250
6427010,207,0:36:26,0,-250,-445
6427010,207,0:36:27,0,-445,-518.45
6427010,211,0:36:40,1230,484
6427010,213,0:36:40,0,s_otherStudent2_G7a1N,true
6427010,212,0:36:43,1
6427010,212,0:36:44,2
6427010,210,0:36:44,1152,408
6427010,211,0:36:45,856,493
6427010,213,0:36:45,0,c_teacherEng_G7a1N,false
6427010,212,0:36:49,1
6427010,210,0:36:50,1032,413
6427010,211,0:36:50,888,390
6427010,212,0:36:51,0
6427010,210,0:36:51,1332,537
6427010,211,0:37:1,677,598
6427010,213,0:37:1,0,s_otherStudent1_G7a1N,true
6427010,210,0:37:6,1034,498
6427010,211,0:37:8,190,559
6427010,207,0:37:8,0,-518.45,-173.45
6427010,207,0:37:8,0,-173.45,-113.45
6427010,210,0:37:8,218,564
6427010,211,0:37:10,235,522
6427010,213,0:37:10,0,c_crewKid1_M_G7a1N,true
6427010,210,0:37:20,677,93
6427010,211,0:37:21,596,261
6427010,210,0:37:26,698,43
6427010,211,0:37:28,672,97
6427010,210,0:37:30,1284,248
6427010,207,0:37:31,0,-200,-518.45
6427010,211,0:37:32,1532,263
6427010,210,0:37:40,807,106
6427010,211,0:37:40,860,153
6427010,213,0:37:40,0,s_poePoster_gen,true
6427010,210,0:37:43,1537,285
6427010,211,0:37:43,1537,285
6427010,210,0:40:6,1006,46
6427010,211,0:40:9,1047,297
6427010,210,0:40:10,1003,190
6427010,207,0:40:13,0,-400,-518.45
6427010,211,0:40:19,828,107
6427010,210,0:40:21,638,209
6427010,207,0:40:22,0,-518.45,-158.45
6427010,207,0:40:27,0,-158.45,0
6427010,211,0:40:31,236,122
6427010,213,0:40:31,0,s_flag_gen,true
6427010,210,0:40:33,178,342
6427010,211,0:40:35,2,400
6427010,210,0:40:45,659,414
6427010,211,0:40:46,857,427
6427010,210,0:40:47,805,426
6427010,211,0:40:47,661,567
6427010,213,0:40:47,0,s_otherStudent1_G7a1N,true
6427010,210,0:40:49,742,316
6427010,211,0:40:50,799,140
6427010,213,0:40:50,0,s_shakespearePoster_gen,true
6427010,210,0:40:55,651,397
6427010,211,0:40:56,607,134
6427010,213,0:40:56,0,s_atwoodPoster_gen,true
6427010,210,0:40:59,455,406
6427010,211,0:41:0,222,495
6427010,213,0:41:0,0,c_crewKid1_M_G7a1N,true
6427010,210,0:41:40,597,87
6427010,211,0:41:40,597,87
6427010,210,0:41:40,505,308
6427010,211,0:41:41,603,145
6427010,213,0:41:41,0,s_atwoodPoster_gen,true
6427010,210,0:41:46,741,285
6427010,211,0:41:47,868,126
6427010,213,0:41:47,0,s_poePoster_gen,true
6427010,210,0:42:29,688,428
6427010,211,0:42:31,884,362
6427010,210,0:42:47,189,387
6427010,211,0:42:49,185,393
6427010,210,0:43:37,563,452
6427010,207,0:43:41,0,0,-135
6427010,207,0:43:43,0,-135,-480
6427010,207,0:43:49,0,-480,-518.45
6427010,211,0:43:49,1533,373
6427010,210,0:43:54,1151,282
6427010,211,0:43:57,1425,294
6427010,210,0:44:0,1187,392
6427010,211,0:44:1,1345,339
6427010,210,0:44:8,1269,291
6427010,211,0:44:11,856,461
6427010,210,0:44:12,874,416
6427010,211,0:44:13,853,433
6427010,210,0:44:14,1089,311
6427010,211,0:44:16,853,457
6427010,212,0:44:18,1
6427010,210,0:44:20,1192,303
6427010,211,0:44:27,803,367
6427010,213,0:44:27,0,s_paperPlayers_G7a1N,false
6427010,212,0:44:40,2
6427010,210,0:44:41,1062,298
6427010,211,0:44:43,855,462
6427010,213,0:44:43,0,c_teacherEng_G7a1N,false
6427010,1003,0:44:56,2
6427010,1004,0:44:57,0
6427010,900,0:44:59,0,[]
6427010,901,0:45:1,0,[PeopleData_id:4]
6427010,901,0:45:7,0,[PeopleData_id:4]
6427010,902,0:45:9,0,[PeopleData_id:4,PeopleData_data3Type]
6427010,903,0:45:12,0,[PeopleData_id4,PeopleData_data3Type]
6427010,901,0:45:16,0,[PeopleData_id:2]
6427010,901,0:45:17,0,[PeopleData_id:1]
6427010,901,0:45:17,0,[PeopleData_id:0]
6427010,901,0:45:17,0,[PeopleData_id:3]
6427010,904,0:45:17,0,[PeopleData_id:3]
6427010,901,0:45:22,0,[PeopleData_id:3]
6427010,904,0:45:22,0,[PeopleData_id:3]
6427010,901,0:45:25,0,[PeopleData_id:3]
6427010,902,0:45:27,0,[PeopleData_id:3,PeopleData_data2Type]
6427010,903,0:45:31,0,[PeopleData_id3,PeopleData_data2Type]
6427010,902,0:45:32,0,[PeopleData_id:3,PeopleData_data1Type]
6427010,903,0:45:36,0,[PeopleData_id3,PeopleData_data1Type]
6427010,902,0:45:36,0,[PeopleData_id:3,PeopleData_data0Type]
6427010,903,0:45:40,0,[PeopleData_id3,PeopleData_data0Type]
6427010,901,0:45:55,0,[PeopleData_id:3]
6427010,904,0:45:55,0,[PeopleData_id:3]
6427010,905,0:45:57,0,[PeopleData_id:3,RankTypes_id:-1,RankTypes_id:3]
6427010,901,0:45:59,0,[PeopleData_id:0]
6427010,902,0:46:0,0,[PeopleData_id:0,PeopleData_data3Type]
6427010,902,0:46:4,0,[PeopleData_id:0,PeopleData_data2Type]
6427010,902,0:46:6,0,[PeopleData_id:0,PeopleData_data1Type]
6427010,902,0:46:9,0,[PeopleData_id:0,PeopleData_data0Type]
6427010,903,0:46:12,0,[PeopleData_id0,PeopleData_data0Type]
6427010,901,0:46:13,0,[PeopleData_id:0]
6427010,904,0:46:13,0,[PeopleData_id:0]
6427010,905,0:46:14,0,[PeopleData_id:0,RankTypes_id:-1,RankTypes_id:4]
6427010,901,0:46:15,0,[PeopleData_id:1]
6427010,902,0:46:16,0,[PeopleData_id:1,PeopleData_data3Type]
6427010,902,0:46:21,0,[PeopleData_id:1,PeopleData_data2Type]
6427010,902,0:46:26,0,[PeopleData_id:1,PeopleData_data1Type]
6427010,903,0:46:27,0,[PeopleData_id1,PeopleData_data1Type]
6427010,901,0:46:28,0,[PeopleData_id:1]
6427010,904,0:46:28,0,[PeopleData_id:1]
6427010,905,0:46:31,0,[PeopleData_id:1,RankTypes_id:-1,RankTypes_id:1]
6427010,901,0:46:35,0,[PeopleData_id:2]
6427010,902,0:46:38,0,[PeopleData_id:2,PeopleData_data3Type]
6427010,902,0:47:9,0,[PeopleData_id:2,PeopleData_data2Type]
6427010,903,0:47:12,0,[PeopleData_id2,PeopleData_data2Type]
6427010,902,0:47:13,0,[PeopleData_id:2,PeopleData_data1Type]
6427010,903,0:47:14,0,[PeopleData_id2,PeopleData_data1Type]
6427010,901,0:47:15,0,[PeopleData_id:2]
6427010,904,0:47:15,0,[PeopleData_id:2]
6427010,905,0:47:18,0,[PeopleData_id:2,RankTypes_id:-1,RankTypes_id:2]
6427010,901,0:47:20,0,[PeopleData_id:4]
6427010,902,0:47:21,0,[PeopleData_id:4,PeopleData_data0Type]
6427010,902,0:47:22,0,[PeopleData_id:4,PeopleData_data1Type]
6427010,902,0:47:23,0,[PeopleData_id:4,PeopleData_data2Type]
6427010,902,0:47:24,0,[PeopleData_id:4,PeopleData_data3Type]
6427010,903,0:47:25,0,[PeopleData_id4,PeopleData_data3Type]
6427010,901,0:47:26,0,[PeopleData_id:4]
6427010,904,0:47:26,0,[PeopleData_id:4]
6427010,905,0:47:27,0,[PeopleData_id:4,RankTypes_id:-1,RankTypes_id:1]
6427010,906,0:47:27,0,[]
6427010,907,0:47:30,0,[]
6427010,908,0:47:30,0,[InvitationData_id:9,PeopleData_id:1,RankTypes_id:1]
6427010,909,0:47:33,0,[InvitationData_id:9,PeopleData_id:1,RankTypes_id:1,1]
6427010,910,0:47:34,0,[InvitationData_id:9,0,true]
6427010,908,0:47:34,0,[InvitationData_id:4,PeopleData_id:2,RankTypes_id:2]
6427010,909,0:47:40,0,[InvitationData_id:4,PeopleData_id:2,RankTypes_id:2,0]
6427010,910,0:47:41,0,[InvitationData_id:4,-2,false]
6427010,908,0:47:41,0,[InvitationData_id:5,PeopleData_id:1,RankTypes_id:1]
6427010,909,0:47:51,0,[InvitationData_id:5,PeopleData_id:1,RankTypes_id:1,1]
6427010,910,0:47:52,0,[InvitationData_id:5,0,true]
6427010,908,0:47:52,0,[InvitationData_id:2,PeopleData_id:2,RankTypes_id:2]
6427010,909,0:47:56,0,[InvitationData_id:2,PeopleData_id:2,RankTypes_id:2,0]
6427010,910,0:47:57,0,[InvitationData_id:2,-2,false]
6427010,908,0:47:57,0,[InvitationData_id:6,PeopleData_id:0,RankTypes_id:4]
6427010,909,0:48:1,0,[InvitationData_id:6,PeopleData_id:0,RankTypes_id:4,1]
6427010,910,0:48:1,0,[InvitationData_id:6,9,false]
6427010,908,0:48:1,0,[InvitationData_id:10,PeopleData_id:2,RankTypes_id:2]
6427010,909,0:48:7,0,[InvitationData_id:10,PeopleData_id:2,RankTypes_id:2,1]
6427010,910,0:48:9,0,[InvitationData_id:10,0,true]
6427010,912,0:48:10,0,[]
6427010,1000,0:48:12,0,[]
6427010,900,0:48:12,0,[]
6427010,901,0:48:14,0,[PeopleData_id:1]
6427010,904,0:48:14,0,[PeopleData_id:1]
6427010,905,0:48:15,0,[PeopleData_id:1,RankTypes_id:-1,RankTypes_id:2]
6427010,901,0:48:16,0,[PeopleData_id:0]
6427010,904,0:48:16,0,[PeopleData_id:0]
6427010,905,0:48:17,0,[PeopleData_id:0,RankTypes_id:-1,RankTypes_id:3]
6427010,901,0:48:17,0,[PeopleData_id:3]
6427010,904,0:48:17,0,[PeopleData_id:3]
6427010,905,0:48:19,0,[PeopleData_id:3,RankTypes_id:-1,RankTypes_id:1]
6427010,901,0:48:19,0,[PeopleData_id:2]
6427010,904,0:48:19,0,[PeopleData_id:2]
6427010,905,0:48:20,0,[PeopleData_id:2,RankTypes_id:-1,RankTypes_id:3]
6427010,901,0:48:20,0,[PeopleData_id:4]
6427010,904,0:48:20,0,[PeopleData_id:4]
6427010,905,0:48:23,0,[PeopleData_id:4,RankTypes_id:-1,RankTypes_id:1]
6427010,906,0:48:23,0,[]
6427010,907,0:48:23,0,[]
6427010,908,0:48:23,0,[InvitationData_id:4,PeopleData_id:2,RankTypes_id:3]
6427010,909,0:48:27,0,[InvitationData_id:4,PeopleData_id:2,RankTypes_id:3,0]
6427010,910,0:48:28,0,[InvitationData_id:4,-7,false]
6427010,908,0:48:28,0,[InvitationData_id:3,PeopleData_id:3,RankTypes_id:1]
6427010,909,0:48:39,0,[InvitationData_id:3,PeopleData_id:3,RankTypes_id:1,1]
6427010,910,0:48:41,0,[InvitationData_id:3,3,false]
6427010,908,0:48:41,0,[InvitationData_id:0,PeopleData_id:0,RankTypes_id:3]
6427010,909,0:48:46,0,[InvitationData_id:0,PeopleData_id:0,RankTypes_id:3,1]
6427010,910,0:48:47,0,[InvitationData_id:0,7,false]
6427010,908,0:48:47,0,[InvitationData_id:5,PeopleData_id:1,RankTypes_id:2]
6427010,909,0:48:54,0,[InvitationData_id:5,PeopleData_id:1,RankTypes_id:2,0]
6427010,910,0:48:54,0,[InvitationData_id:5,-2,false]
6427010,908,0:48:54,0,[InvitationData_id:10,PeopleData_id:2,RankTypes_id:3]
6427010,909,0:49:1,0,[InvitationData_id:10,PeopleData_id:2,RankTypes_id:3,0]
6427010,910,0:49:2,0,[InvitationData_id:10,-7,false]
6427010,908,0:49:2,0,[InvitationData_id:1,PeopleData_id:0,RankTypes_id:3]
6427010,909,0:49:6,0,[InvitationData_id:1,PeopleData_id:0,RankTypes_id:3,1]
6427010,910,0:49:8,0,[InvitationData_id:1,7,false]
6427010,908,0:49:8,0,[InvitationData_id:8,PeopleData_id:0,RankTypes_id:3]
6427010,901,0:49:14,0,[PeopleData_id:0]
6427010,902,0:49:17,0,[PeopleData_id:0,PeopleData_data1Type]
6427010,902,0:49:18,0,[PeopleData_id:0,PeopleData_data0Type]
6427010,902,0:49:19,0,[PeopleData_id:0,PeopleData_data0Type]
6427010,909,0:49:26,0,[InvitationData_id:8,PeopleData_id:0,RankTypes_id:3,1]
6427010,910,0:49:27,0,[InvitationData_id:8,7,false]
6427010,908,0:49:27,0,[InvitationData_id:6,PeopleData_id:0,RankTypes_id:3]
6427010,909,0:49:32,0,[InvitationData_id:6,PeopleData_id:0,RankTypes_id:3,1]
6427010,910,0:49:33,0,[InvitationData_id:6,7,false]
6427010,908,0:49:33,0,[InvitationData_id:2,PeopleData_id:2,RankTypes_id:3]
6427010,909,0:49:58,0,[InvitationData_id:2,PeopleData_id:2,RankTypes_id:3,0]
6427010,910,0:49:59,0,[InvitationData_id:2,-7,false]
6427010,908,0:49:59,0,[InvitationData_id:9,PeopleData_id:1,RankTypes_id:2]
6427010,909,0:50:5,0,[InvitationData_id:9,PeopleData_id:1,RankTypes_id:2,0]
6427010,910,0:50:6,0,[InvitationData_id:9,-2,false]
6427010,908,0:50:6,0,[InvitationData_id:7,PeopleData_id:1,RankTypes_id:2]
6427010,909,0:50:12,0,[InvitationData_id:7,PeopleData_id:1,RankTypes_id:2,0]
6427010,910,0:50:13,0,[InvitationData_id:7,-2,false]
6427010,911,0:50:16,0,[4,0,0,0]
6427010,1005,0:50:16,0,[2,0,1]
6427010,1001,0:50:18,0,[]
6427010,1003,0:50:18,2
6427010,210,0:50:23,1038,488
6427010,211,0:50:25,923,405
6427010,213,0:50:25,0,c_teacherEng_G7a1N,false
6427010,1003,0:50:28,2
6427010,1004,0:50:29,0
6427010,900,0:50:31,0,[]
6427010,901,0:50:33,0,[PeopleData_id:3]
6427010,904,0:50:33,0,[PeopleData_id:3]
6427010,905,0:50:33,0,[PeopleData_id:3,RankTypes_id:-1,RankTypes_id:3]
6427010,901,0:50:34,0,[PeopleData_id:0]
6427010,904,0:50:34,0,[PeopleData_id:0]
6427010,901,0:50:35,0,[PeopleData_id:0]
6427010,904,0:50:35,0,[PeopleData_id:0]
6427010,905,0:50:35,0,[PeopleData_id:0,RankTypes_id:-1,RankTypes_id:3]
6427010,901,0:50:36,0,[PeopleData_id:4]
6427010,904,0:50:36,0,[PeopleData_id:4]
6427010,905,0:50:37,0,[PeopleData_id:4,RankTypes_id:-1,RankTypes_id:2]
6427010,901,0:50:37,0,[PeopleData_id:2]
6427010,904,0:50:37,0,[PeopleData_id:2]
6427010,905,0:50:38,0,[PeopleData_id:2,RankTypes_id:-1,RankTypes_id:1]
6427010,901,0:50:38,0,[PeopleData_id:1]
6427010,904,0:50:38,0,[PeopleData_id:1]
6427010,905,0:50:39,0,[PeopleData_id:1,RankTypes_id:-1,RankTypes_id:3]
6427010,906,0:50:39,0,[]
6427010,907,0:50:40,0,[]
6427010,908,0:50:40,0,[InvitationData_id:1,PeopleData_id:0,RankTypes_id:3]
6427010,909,0:51:0,0,[InvitationData_id:1,PeopleData_id:0,RankTypes_id:3,1]
6427010,910,0:51:1,0,[InvitationData_id:1,7,false]
6427010,908,0:51:1,0,[InvitationData_id:4,PeopleData_id:1,RankTypes_id:3]
6427010,909,0:51:3,0,[InvitationData_id:4,PeopleData_id:1,RankTypes_id:3,0]
6427010,910,0:51:4,0,[InvitationData_id:4,-7,false]
6427010,908,0:51:4,0,[InvitationData_id:6,PeopleData_id:0,RankTypes_id:3]
6427010,909,0:51:6,0,[InvitationData_id:6,PeopleData_id:0,RankTypes_id:3,1]
6427010,910,0:51:7,0,[InvitationData_id:6,7,false]
6427010,908,0:51:7,0,[InvitationData_id:5,PeopleData_id:1,RankTypes_id:3]
6427010,909,0:51:8,0,[InvitationData_id:5,PeopleData_id:1,RankTypes_id:3,0]
6427010,910,0:51:9,0,[InvitationData_id:5,-7,false]
6427010,908,0:51:9,0,[InvitationData_id:8,PeopleData_id:0,RankTypes_id:3]
6427010,909,0:51:11,0,[InvitationData_id:8,PeopleData_id:0,RankTypes_id:3,1]
6427010,910,0:51:12,0,[InvitationData_id:8,7,false]
6427010,908,0:51:12,0,[InvitationData_id:2,PeopleData_id:2,RankTypes_id:1]
6427010,909,0:51:14,0,[InvitationData_id:2,PeopleData_id:2,RankTypes_id:1,0]
6427010,910,0:51:14,0,[InvitationData_id:2,0,false]
6427010,908,0:51:14,0,[InvitationData_id:0,PeopleData_id:0,RankTypes_id:3]
6427010,909,0:51:17,0,[InvitationData_id:0,PeopleData_id:0,RankTypes_id:3,1]
6427010,910,0:51:17,0,[InvitationData_id:0,7,false]
6427010,908,0:51:17,0,[InvitationData_id:10,PeopleData_id:2,RankTypes_id:1]
6427010,909,0:51:20,0,[InvitationData_id:10,PeopleData_id:2,RankTypes_id:1,0]
6427010,910,0:51:21,0,[InvitationData_id:10,0,false]
6427010,908,0:51:21,0,[InvitationData_id:3,PeopleData_id:3,RankTypes_id:3]
6427010,909,0:51:24,0,[InvitationData_id:3,PeopleData_id:3,RankTypes_id:3,1]
6427010,910,0:51:24,0,[InvitationData_id:3,7,false]
6427010,908,0:51:24,0,[InvitationData_id:9,PeopleData_id:1,RankTypes_id:3]
6427010,909,0:51:26,0,[InvitationData_id:9,PeopleData_id:1,RankTypes_id:3,0]
6427010,910,0:51:27,0,[InvitationData_id:9,-7,false]
6427010,908,0:51:27,0,[InvitationData_id:7,PeopleData_id:1,RankTypes_id:3]
6427010,909,0:51:33,0,[InvitationData_id:7,PeopleData_id:1,RankTypes_id:3,0]
6427010,910,0:51:35,0,[InvitationData_id:7,-7,false]
6427010,911,0:51:36,0,[7,0,0,0]
6427010,1001,0:51:39,0,[]
6427010,1003,0:51:39,2
6427010,210,1:1:34,406,474
6427010,211,1:1:34,406,474
6427010,207,1:1:34,0,-400,-370
6427010,210,1:2:12,885,367
6427010,211,1:2:12,806,296
6427010,207,1:2:12,0,-370,-283
6427010,210,1:2:13,728,377
6427010,211,1:2:17,796,413
6427010,213,1:2:17,0,c_teacherEng_G7a1N,false
6427010,212,1:2:36,1
6427010,212,1:2:37,0
6427010,212,1:2:38,2
6427010,207,1:2:40,0,-283,-272
6427010,204,1:2:40,0
6427010,100,1:2:44,0
6427010,102,1:2:45,0
6427010,200,1:2:45,0,0,0,1,0,6
6427010,212,1:2:55,1
6427010,212,1:2:55,2
6427010,210,1:2:58,927,167
6427010,211,1:2:59,864,400
6427010,213,1:2:59,0,c_teacherEng_G7a1N,false
6427010,1003,1:3:1,2
6427010,1004,1:3:2,0
6427010,900,1:3:4,0,[]
6427010,901,1:4:1,0,[PeopleData_id:1]
6427010,904,1:4:1,0,[PeopleData_id:1]
6427010,901,1:4:52,0,[PeopleData_id:1]
6427010,904,1:4:52,0,[PeopleData_id:1]
6427010,901,1:4:55,0,[PeopleData_id:1]
6427010,902,1:4:58,0,[PeopleData_id:1,PeopleData_data3Type]
6427010,903,1:5:2,0,[PeopleData_id1,PeopleData_data3Type]
6427010,902,1:5:2,0,[PeopleData_id:1,PeopleData_data2Type]
6427010,903,1:5:5,0,[PeopleData_id1,PeopleData_data2Type]
6427010,901,1:5:6,0,[PeopleData_id:1]
6427010,904,1:5:6,0,[PeopleData_id:1]
6427010,905,1:5:10,0,[PeopleData_id:1,RankTypes_id:-1,RankTypes_id:0]
6427010,901,1:5:13,0,[PeopleData_id:3]
6427010,902,1:5:15,0,[PeopleData_id:3,PeopleData_data0Type]
6427010,902,1:6:9,0,[PeopleData_id:3,PeopleData_data1Type]
6427010,902,1:6:13,0,[PeopleData_id:3,PeopleData_data2Type]
6427010,902,1:6:16,0,[PeopleData_id:3,PeopleData_data0Type]
6427010,903,1:6:17,0,[PeopleData_id3,PeopleData_data0Type]
6427010,901,1:6:18,0,[PeopleData_id:3]
6427010,904,1:6:19,0,[PeopleData_id:3]
6427010,905,1:6:19,0,[PeopleData_id:3,RankTypes_id:-1,RankTypes_id:4]
6427010,901,1:6:20,0,[PeopleData_id:4]
6427010,902,1:6:21,0,[PeopleData_id:4,PeopleData_data0Type]
6427010,902,1:6:23,0,[PeopleData_id:4,PeopleData_data1Type]
6427010,902,1:6:24,0,[PeopleData_id:4,PeopleData_data2Type]
6427010,902,1:6:26,0,[PeopleData_id:4,PeopleData_data3Type]
6427010,903,1:6:28,0,[PeopleData_id4,PeopleData_data3Type]
6427010,901,1:6:29,0,[PeopleData_id:4]
6427010,904,1:6:29,0,[PeopleData_id:4]
6427010,905,1:6:32,0,[PeopleData_id:4,RankTypes_id:-1,RankTypes_id:1]
6427010,901,1:6:33,0,[PeopleData_id:2]
6427010,902,1:6:35,0,[PeopleData_id:2,PeopleData_data0Type]
6427010,903,1:6:39,0,[PeopleData_id2,PeopleData_data0Type]
6427010,901,1:6:39,0,[PeopleData_id:1]
6427010,904,1:6:39,0,[PeopleData_id:1]
6427010,905,1:6:41,0,[PeopleData_id:1,RankTypes_id:0,RankTypes_id:4]
6427010,901,1:6:43,0,[PeopleData_id:1]
6427010,904,1:6:44,0,[PeopleData_id:1]
6427010,905,1:6:44,0,[PeopleData_id:1,RankTypes_id:4,RankTypes_id:0]
6427010,901,1:6:46,0,[PeopleData_id:2]
6427010,902,1:6:47,0,[PeopleData_id:2,PeopleData_data0Type]
6427010,902,1:6:52,0,[PeopleData_id:2,PeopleData_data3Type]
6427010,903,1:6:55,0,[PeopleData_id2,PeopleData_data3Type]
6427010,901,1:6:56,0,[PeopleData_id:2]
6427010,904,1:6:56,0,[PeopleData_id:2]
6427010,905,1:6:57,0,[PeopleData_id:2,RankTypes_id:-1,RankTypes_id:4]
6427010,901,1:6:58,0,[PeopleData_id:0]
6427010,902,1:6:59,0,[PeopleData_id:0,PeopleData_data0Type]
6427010,903,1:7:0,0,[PeopleData_id0,PeopleData_data0Type]
6427010,902,1:7:1,0,[PeopleData_id:0,PeopleData_data1Type]
6427010,902,1:7:5,0,[PeopleData_id:0,PeopleData_data2Type]
6427010,903,1:7:7,0,[PeopleData_id0,PeopleData_data2Type]
6427010,901,1:7:7,0,[PeopleData_id:0]
6427010,904,1:7:8,0,[PeopleData_id:0]
6427010,905,1:7:11,0,[PeopleData_id:0,RankTypes_id:-1,RankTypes_id:3]
6427010,906,1:7:11,0,[]
6427010,907,1:7:12,0,[]
6427010,908,1:7:12,0,[InvitationData_id:1,PeopleData_id:0,RankTypes_id:3]
6427010,909,1:7:16,0,[InvitationData_id:1,PeopleData_id:0,RankTypes_id:3,0]
6427010,910,1:7:20,0,[InvitationData_id:1,-7,false]
6427010,908,1:7:20,0,[InvitationData_id:2,PeopleData_id:2,RankTypes_id:4]
6427010,909,1:7:22,0,[InvitationData_id:2,PeopleData_id:2,RankTypes_id:4,0]
6427010,910,1:7:23,0,[InvitationData_id:2,-11,false]
6427010,908,1:7:23,0,[InvitationData_id:3,PeopleData_id:3,RankTypes_id:4]
6427010,909,1:7:27,0,[InvitationData_id:3,PeopleData_id:3,RankTypes_id:4,1]
6427010,910,1:7:29,0,[InvitationData_id:3,9,false]
6427010,908,1:7:29,0,[InvitationData_id:9,PeopleData_id:4,RankTypes_id:1]
6427010,909,1:7:32,0,[InvitationData_id:9,PeopleData_id:4,RankTypes_id:1,0]
6427010,910,1:7:35,0,[InvitationData_id:9,0,false]
6427010,908,1:7:35,0,[InvitationData_id:6,PeopleData_id:2,RankTypes_id:4]
6427010,901,1:7:40,0,[PeopleData_id:4]
6427010,901,1:7:41,0,[PeopleData_id:4]
6427010,909,1:7:45,0,[InvitationData_id:6,PeopleData_id:2,RankTypes_id:4,1]
6427010,910,1:7:46,0,[InvitationData_id:6,9,false]
6427010,908,1:7:46,0,[InvitationData_id:5,PeopleData_id:4,RankTypes_id:1]
6427010,909,1:7:49,0,[InvitationData_id:5,PeopleData_id:4,RankTypes_id:1,0]
6427010,910,1:7:53,0,[InvitationData_id:5,0,false]
6427010,908,1:7:53,0,[InvitationData_id:0,PeopleData_id:3,RankTypes_id:4]
6427010,909,1:7:59,0,[InvitationData_id:0,PeopleData_id:3,RankTypes_id:4,1]
6427010,910,1:8:0,0,[InvitationData_id:0,9,false]
6427010,908,1:8:0,0,[InvitationData_id:10,PeopleData_id:2,RankTypes_id:4]
6427010,909,1:8:3,0,[InvitationData_id:10,PeopleData_id:2,RankTypes_id:4,0]
6427010,910,1:8:4,0,[InvitationData_id:10,-11,false]
6427010,908,1:8:4,0,[InvitationData_id:4,PeopleData_id:2,RankTypes_id:4]
6427010,909,1:8:7,0,[InvitationData_id:4,PeopleData_id:2,RankTypes_id:4,0]
6427010,910,1:8:8,0,[InvitationData_id:4,-11,false]
6427010,908,1:8:8,0,[InvitationData_id:8,PeopleData_id:3,RankTypes_id:4]
6427010,909,1:8:12,0,[InvitationData_id:8,PeopleData_id:3,RankTypes_id:4,1]
6427010,910,1:8:13,0,[InvitationData_id:8,9,false]
6427010,911,1:8:17,0,[-4,0,1,0]
6427010,1001,1:8:22,0,[]
6427010,1003,1:8:22,2
6427010,1004,1:8:24,0
6427010,900,1:8:32,0,[]
6427010,1002,1:8:33,0
6427010,1003,1:8:33,2
6427010,1004,1:8:38,0
6427010,900,1:8:40,0,[]
6427010,901,1:8:44,0,[PeopleData_id:1]
6427010,904,1:8:45,0,[PeopleData_id:1]
6427010,905,1:8:46,0,[PeopleData_id:1,RankTypes_id:-1,RankTypes_id:3]
6427010,901,1:8:47,0,[PeopleData_id:1]
6427010,904,1:8:47,0,[PeopleData_id:1]
6427010,901,1:8:49,0,[PeopleData_id:1]
6427010,904,1:8:49,0,[PeopleData_id:1]
6427010,901,1:8:50,0,[PeopleData_id:1]
6427010,904,1:8:50,0,[PeopleData_id:1]
6427010,901,1:8:51,0,[PeopleData_id:1]
6427010,905,1:8:51,0,[PeopleData_id:1,RankTypes_id:3,RankTypes_id:3]
6427010,901,1:8:51,0,[PeopleData_id:1]
6427010,905,1:8:51,0,[PeopleData_id:1,RankTypes_id:3,RankTypes_id:3]
6427010,902,1:8:52,0,[PeopleData_id:1,PeopleData_data3Type]
6427010,903,1:8:56,0,[PeopleData_id1,PeopleData_data3Type]
6427010,902,1:8:56,0,[PeopleData_id:1,PeopleData_data2Type]
6427010,903,1:8:59,0,[PeopleData_id1,PeopleData_data2Type]
6427010,901,1:9:0,0,[PeopleData_id:1]
6427010,904,1:9:0,0,[PeopleData_id:1]
6427010,905,1:9:1,0,[PeopleData_id:1,RankTypes_id:3,RankTypes_id:0]
6427010,901,1:9:2,0,[PeopleData_id:2]
6427010,904,1:9:2,0,[PeopleData_id:2]
6427010,902,1:9:5,0,[PeopleData_id:2,PeopleData_data3Type]
6427010,902,1:9:7,0,[PeopleData_id:2,PeopleData_data2Type]
6427010,902,1:9:11,0,[PeopleData_id:2,PeopleData_data0Type]
6427010,902,1:9:12,0,[PeopleData_id:2,PeopleData_data0Type]
6427010,902,1:9:12,0,[PeopleData_id:2,PeopleData_data0Type]
6427010,903,1:9:15,0,[PeopleData_id2,PeopleData_data0Type]
6427010,901,1:9:16,0,[PeopleData_id:2]
6427010,904,1:9:16,0,[PeopleData_id:2]
6427010,905,1:9:16,0,[PeopleData_id:2,RankTypes_id:-1,RankTypes_id:4]
6427010,901,1:9:18,0,[PeopleData_id:4]
6427010,904,1:9:18,0,[PeopleData_id:4]
6427010,902,1:9:21,0,[PeopleData_id:4,PeopleData_data3Type]
6427010,903,1:9:24,0,[PeopleData_id4,PeopleData_data3Type]
6427010,901,1:9:25,0,[PeopleData_id:0]
6427010,904,1:9:25,0,[PeopleData_id:0]
6427010,901,1:9:25,0,[PeopleData_id:4]
6427010,901,1:9:25,0,[PeopleData_id:4]
6427010,904,1:9:25,0,[PeopleData_id:4]
6427010,901,1:9:28,0,[PeopleData_id:4]
6427010,904,1:9:28,0,[PeopleData_id:4]
6427010,905,1:9:28,0,[PeopleData_id:4,RankTypes_id:-1,RankTypes_id:0]
6427010,901,1:9:53,0,[PeopleData_id:0]
6427010,904,1:9:53,0,[PeopleData_id:0]
6427010,901,1:9:53,0,[PeopleData_id:0]
6427010,902,1:9:54,0,[PeopleData_id:0,PeopleData_data2Type]
6427010,902,1:9:57,0,[PeopleData_id:0,PeopleData_data1Type]
6427010,903,1:10:0,0,[PeopleData_id0,PeopleData_data1Type]
6427010,901,1:10:0,0,[PeopleData_id:0]
6427010,904,1:10:1,0,[PeopleData_id:0]
6427010,905,1:10:2,0,[PeopleData_id:0,RankTypes_id:-1,RankTypes_id:4]
6427010,901,1:10:3,0,[PeopleData_id:3]
6427010,902,1:10:5,0,[PeopleData_id:3,PeopleData_data0Type]
6427010,902,1:10:9,0,[PeopleData_id:3,PeopleData_data1Type]
6427010,902,1:10:10,0,[PeopleData_id:3,PeopleData_data2Type]
6427010,903,1:10:11,0,[PeopleData_id3,PeopleData_data2Type]
6427010,901,1:10:12,0,[PeopleData_id:3]
6427010,904,1:10:12,0,[PeopleData_id:3]
6427010,905,1:10:13,0,[PeopleData_id:3,RankTypes_id:-1,RankTypes_id:3]
6427010,906,1:10:13,0,[]
6427010,907,1:10:22,0,[]
6427010,908,1:10:22,0,[InvitationData_id:8,PeopleData_id:0,RankTypes_id:4]
6427010,909,1:10:26,0,[InvitationData_id:8,PeopleData_id:0,RankTypes_id:4,1]
6427010,910,1:10:28,0,[InvitationData_id:8,9,false]
6427010,908,1:10:28,0,[InvitationData_id:4,PeopleData_id:2,RankTypes_id:4]
6427010,909,1:10:38,0,[InvitationData_id:4,PeopleData_id:2,RankTypes_id:4,0]
6427010,910,1:10:42,0,[InvitationData_id:4,-11,false]
6427010,908,1:10:42,0,[InvitationData_id:1,PeopleData_id:0,RankTypes_id:4]
6427010,901,1:11:5,0,[PeopleData_id:0]
6427010,902,1:11:7,0,[PeopleData_id:0,PeopleData_data0Type]
6427010,902,1:11:11,0,[PeopleData_id:0,PeopleData_data3Type]
6427010,902,1:11:13,0,[PeopleData_id:0,PeopleData_data1Type]
6427010,909,1:11:19,0,[InvitationData_id:1,PeopleData_id:0,RankTypes_id:4,1]
6427010,910,1:11:20,0,[InvitationData_id:1,9,false]
6427010,908,1:11:20,0,[InvitationData_id:10,PeopleData_id:2,RankTypes_id:4]
6427010,909,1:11:23,0,[InvitationData_id:10,PeopleData_id:2,RankTypes_id:4,0]
6427010,910,1:11:24,0,[InvitationData_id:10,-11,false]
6427010,908,1:11:24,0,[InvitationData_id:0,PeopleData_id:0,RankTypes_id:4]
6427010,909,1:11:27,0,[InvitationData_id:0,PeopleData_id:0,RankTypes_id:4,1]
6427010,910,1:11:28,0,[InvitationData_id:0,9,false]
6427010,908,1:11:28,0,[InvitationData_id:3,PeopleData_id:3,RankTypes_id:3]
6427010,909,1:11:33,0,[InvitationData_id:3,PeopleData_id:3,RankTypes_id:3,1]
6427010,910,1:11:35,0,[InvitationData_id:3,7,false]
6427010,908,1:11:35,0,[InvitationData_id:2,PeopleData_id:2,RankTypes_id:4]
6427010,909,1:11:37,0,[InvitationData_id:2,PeopleData_id:2,RankTypes_id:4,0]
6427010,910,1:11:38,0,[InvitationData_id:2,-11,false]
6427010,908,1:11:38,0,[InvitationData_id:6,PeopleData_id:0,RankTypes_id:4]
6427010,909,1:11:43,0,[InvitationData_id:6,PeopleData_id:0,RankTypes_id:4,1]
6427010,910,1:11:44,0,[InvitationData_id:6,9,false]
6427010,911,1:12:9,0,[10,0,0,0]
6427010,1001,1:12:11,0,[]
6427010,1003,1:12:11,2
6427010,204,1:12:31,0
6427010,100,1:12:38,0
6427010,102,1:12:39,0
6427010,200,1:12:39,0,0,0,1,0,6
6427010,210,1:12:41,873,520
6427010,211,1:12:41,916,519
6427010,210,1:12:42,693,619
6427010,211,1:12:42,693,619
6427010,213,1:12:42,0,s_otherStudent1_G7a0,true
6427010,204,1:12:50,0
6427010,103,1:12:52
6427010,105,1:12:54
6427010,703,1:12:56,[|| EpilogueItem ID: 0 unlocked: false ||,|| EpilogueItem ID: 1 unlocked: false ||,|| EpilogueItem ID: 2 unlocked: false ||,|| EpilogueItem ID: 3 unlocked: false ||,|| EpilogueItem ID: 4 unlocked: false ||,|| EpilogueItem ID: 5 unlocked: false ||,|| EpilogueItem ID: 6 unlocked: false ||,|| EpilogueItem ID: 7 unlocked: false ||,|| EpilogueItem ID: 8 unlocked: false ||,|| EpilogueItem ID: 9 unlocked: false ||,|| EpilogueItem ID: 10 unlocked: false ||,|| EpilogueItem ID: 11 unlocked: false ||,|| EpilogueItem ID: 12 unlocked: false ||,|| EpilogueItem ID: 13 unlocked: false ||,|| EpilogueItem ID: 14 unlocked: false ||,|| EpilogueItem ID: 15 unlocked: false ||,|| EpilogueItem ID: 16 unlocked: false ||,|| EpilogueItem ID: 17 unlocked: false ||,|| EpilogueItem ID: 18 unlocked: false ||,|| EpilogueItem ID: 19 unlocked: false ||,|| EpilogueItem ID: 20 unlocked: false ||,|| EpilogueItem ID: 21 unlocked: false ||,|| EpilogueItem ID: 22 unlocked: false ||,|| EpilogueItem ID: 23 unlocked: false ||,|| EpilogueItem ID: 24 unlocked: false ||],0
6427010,706,1:13:0,(x=2531, y=-100, w=1024, h=768),(x=2531, y=-100, w=1024, h=768)
6427010,708,1:13:0
6427010,1,1:13:0,3/14/2013 5:44:07pm,{"gameTime":4380704,"session":[{"stackId":12,"sceneId":"1P"}],"challengeStacks":[{"resolved":false,"challengeScenes":[{"keyPoints":[],"viewedAnimatic":true,"touchableObjects":["c_crewKid1_M_G7a0","s_otherStudent1_G7a0","c_friend1_M_a_G7a0","s_doorClassroom_G7a0","s_angelouPoster_gen","s_shakespearePoster_gen","s_poePoster_gen","s_vocabAssignment_G7a0","s_clock_G7a0","s_atwoodPoster_gen"],"unlocked":true,"miniGameCards":[]},{"keyPoints":[],"viewedAnimatic":true,"touchableObjects":["s_otherStudent2_G7a1N","s_otherStudent1_G7a1N","c_crewKid1_M_G7a1N","s_poePoster_gen","s_shakespearePoster_gen","s_atwoodPoster_gen","s_angelouPoster_gen","s_posterPlagiarism_gen","s_flag_gen"],"unlocked":true,"miniGameCards":[]},{"keyPoints":[],"viewedAnimatic":false,"touchableObjects":[],"unlocked":false,"miniGameCards":[]}],"stackSize":3},{"resolved":false,"challengeScenes":[{"keyPoints":[],"viewedAnimatic":false,"touchableObjects":[],"unlocked":false,"miniGameCards":[]},{"keyPoints":[],"viewedAnimatic":false,"touchableObjects":[],"unlocked":false,"miniGameCards":[]},{"keyPoints":[],"viewedAnimatic":false,"touchableObjects":[],"unlocked":false,"miniGameCards":[]},{"keyPoints":[],"viewedAnimatic":false,"touchableObjects":[],"unlocked":false,"miniGameCards":[]},{"keyPoints":[],"viewedAnimatic":false,"touchableObjects":[],"unlocked":false,"miniGameCards":[]}],"stackSize":5},{"resolved":false,"challengeScenes":[{"keyPoints":[],"viewedAnimatic":false,"touchableObjects":[],"unlocked":false,"miniGameCards":[]},{"keyPoints":[],"viewedAnimatic":false,"touchableObjects":[],"unlocked":false,"miniGameCards":[]},{"keyPoints":[],"viewedAnimatic":false,"touchableObjects":[],"unlocked":false,"miniGameCards":[]},{"keyPoints":[],"viewedAnimatic":false,"touchableObjects":[],"unlocked":false,"miniGameCards":[]},{"keyPoints":[],"viewedAnimatic":false,"touchableObjects":[],"unlocked":false,"miniGameCards":[]},{"keyPoints":[],"viewedAnimatic":false,"touchableObjects":[],"unlocked":false,"miniGameCards":[]},{"keyPoints":[],"viewedAnimatic":false,"touchableObjects":[],"unlocked":false,"miniGameCards":[]}],"stackSize":7},{"resolved":false,"challengeScenes":[{"keyPoints":[],"viewedAnimatic":false,"touchableObjects":[],"unlocked":false,"miniGameCards":[]},{"keyPoints":[],"viewedAnimatic":false,"touchableObjects":[],"unlocked":false,"miniGameCards":[]},{"keyPoints":[],"viewedAnimatic":false,"touchableObjects":[],"unlocked":false,"miniGameCards":[]},{"keyPoints":[],"viewedAnimatic":false,"touchableObjects":[],"unlocked":false,"miniGameCards":[]},{"keyPoints":[],"viewedAnimatic":false,"touchableObjects":[],"unlocked":false,"miniGameCards":[]}],"stackSize":5},{"resolved":false,"challengeScenes":[{"keyPoints":[],"viewedAnimatic":false,"touchableObjects":[],"unlocked":false,"miniGameCards":[]},{"keyPoints":[],"viewedAnimatic":false,"touchableObjects":[],"unlocked":false,"miniGameCards":[]},{"keyPoints":[],"viewedAnimatic":false,"touchableObjects":[],"unlocked":false,"miniGameCards":[]},{"keyPoints":[],"viewedAnimatic":false,"touchableObjects":[],"unlocked":false,"miniGameCards":[]},{"keyPoints":[],"viewedAnimatic":false,"touchableObjects":[],"unlocked":false,"miniGameCards":[]}],"stackSize":5},{"resolved":false,"challengeScenes":[{"keyPoints":[],"viewedAnimatic":false,"touchableObjects":[],"unlocked":false,"miniGameCards":[]},{"keyPoints":[],"viewedAnimatic":false,"touchableObjects":[],"unlocked":false,"miniGameCards":[]},{"keyPoints":[],"viewedAnimatic":false,"touchableObjects":[],"unlocked":false,"miniGameCards":[]},{"keyPoints":[],"viewedAnimatic":false,"touchableObjects":[],"unlocked":false,"miniGameCards":[]},{"keyPoints":[],"viewedAnimatic":false,"touchableObjects":[],"unlocked":false,"miniGameCards":[]}],"stackSize":5},{"resolved":false,"challengeScenes":[{"keyPoints":[],"viewedAnimatic":false,"touchableObjects":[],"unlocked":false,"miniGameCards":[]},{"keyPoints":[],"viewedAnimatic":false,"touchableObjects":[],"unlocked":false,"miniGameCards":[]},{"keyPoints":[],"viewedAnimatic":false,"touchableObjects":[],"unlocked":false,"miniGameCards":[]},{"keyPoints":[],"viewedAnimatic":false,"touchableObjects":[],"unlocked":false,"miniGameCards":[]},{"keyPoints":[],"viewedAnimatic":false,"touchableObjects":[],"unlocked":false,"miniGameCards":[]}],"stackSize":5},{"resolved":false,"challengeScenes":[{"keyPoints":[],"viewedAnimatic":false,"touchableObjects":[],"unlocked":false,"miniGameCards":[]},{"keyPoints":[],"viewedAnimatic":false,"touchableObjects":[],"unlocked":false,"miniGameCards":[]},{"keyPoints":[],"viewedAnimatic":false,"touchableObjects":[],"unlocked":false,"miniGameCards":[]},{"keyPoints":[],"viewedAnimatic":false,"touchableObjects":[],"unlocked":false,"miniGameCards":[]},{"keyPoints":[],"viewedAnimatic":false,"touchableObjects":[],"unlocked":false,"miniGameCards":[]}],"stackSize":5},{"resolved":false,"challengeScenes":[{"keyPoints":[],"viewedAnimatic":false,"touchableObjects":[],"unlocked":false,"miniGameCards":[]},{"keyPoints":[],"viewedAnimatic":false,"touchableObjects":[],"unlocked":false,"miniGameCards":[]},{"keyPoints":[],"viewedAnimatic":false,"touchableObjects":[],"unlocked":false,"miniGameCards":[]},{"keyPoints":[],"viewedAnimatic":false,"touchableObjects":[],"unlocked":false,"miniGameCards":[]},{"keyPoints":[],"viewedAnimatic":false,"touchableObjects":[],"unlocked":false,"miniGameCards":[]}],"stackSize":5},{"resolved":false,"challengeScenes":[{"keyPoints":[],"viewedAnimatic":false,"touchableObjects":[],"unlocked":false,"miniGameCards":[]},{"keyPoints":[],"viewedAnimatic":false,"touchableObjects":[],"unlocked":false,"miniGameCards":[]},{"keyPoints":[],"viewedAnimatic":false,"touchableObjects":[],"unlocked":false,"miniGameCards":[]},{"keyPoints":[],"viewedAnimatic":false,"touchableObjects":[],"unlocked":false,"miniGameCards":[]},{"keyPoints":[],"viewedAnimatic":false,"touchableObjects":[],"unlocked":false,"miniGameCards":[]}],"stackSize":5},{"resolved":false,"challengeScenes":[{"keyPoints":[],"viewedAnimatic":false,"touchableObjects":[],"unlocked":false,"miniGameCards":[]},{"keyPoints":[],"viewedAnimatic":false,"touchableObjects":[],"unlocked":false,"miniGameCards":[]},{"keyPoints":[],"viewedAnimatic":false,"touchableObjects":[],"unlocked":false,"miniGameCards":[]},{"keyPoints":[],"viewedAnimatic":false,"touchableObjects":[],"unlocked":false,"miniGameCards":[]},{"keyPoints":[],"viewedAnimatic":false,"touchableObjects":[],"unlocked":false,"miniGameCards":[]}],"stackSize":5},{"resolved":false,"challengeScenes":[{"keyPoints":[],"viewedAnimatic":false,"touchableObjects":[],"unlocked":false,"miniGameCards":[]},{"keyPoints":[],"viewedAnimatic":false,"touchableObjects":[],"unlocked":false,"miniGameCards":[]},{"keyPoints":[],"viewedAnimatic":false,"touchableObjects":[],"unlocked":false,"miniGameCards":[]},{"keyPoints":[],"viewedAnimatic":false,"touchableObjects":[],"unlocked":false,"miniGameCards":[]},{"keyPoints":[],"viewedAnimatic":false,"touchableObjects":[],"unlocked":false,"miniGameCards":[]}],"stackSize":5},{"resolved":true,"challengeScenes":[{"keyPoints":[],"viewedAnimatic":false,"touchableObjects":["c_family_afri_a_G0a0","c_friends_G0a0"],"unlocked":true,"miniGameCards":[]},{"keyPoints":["c_family_afri_a_G0a1N","c_home_G0a1N","c_job_G0a1N"],"viewedAnimatic":false,"touchableObjects":["c_player_afri_M_a_G0a1N","c_family_afri_a_G0a1N","c_home_G0a1N","c_job_G0a1N"],"unlocked":true,"miniGameCards":[]},{"keyPoints":["c_Teacher_G0a1P","c_grandma_afri_a_G0a1P","c_dad_afri_a_G0a1P","c_mom_afri_a_G0a1P","c_kidsister_afri_a_G0a1P","c_Nurse_G0a1P"],"viewedAnimatic":false,"touchableObjects":["c_cousins_M_a_G0a1P","c_friends_G0a1P","c_Teacher_G0a1P","c_grandma_afri_a_G0a1P","c_dad_afri_a_G0a1P","c_mom_afri_a_G0a1P","c_kidsister_afri_a_G0a1P","c_Nurse_G0a1P"],"unlocked":true,"miniGameCards":[]}],"stackSize":3}],"minigames":[{"levelSaveData":[{"starRating":0,"unlocked":true},{"starRating":0,"unlocked":false},{"starRating":0,"unlocked":false},{"starRating":0,"unlocked":false},{"starRating":0,"unlocked":false},{"starRating":0,"unlocked":false},{"starRating":0,"unlocked":false},{"starRating":0,"unlocked":false},{"starRating":0,"unlocked":false},{"starRating":0,"unlocked":false}],"skillPoints":0},{"levelSaveData":[{"starRating":0,"unlocked":true},{"starRating":0,"unlocked":false},{"starRating":0,"unlocked":false},{"starRating":0,"unlocked":false},{"starRating":0,"unlocked":false},{"starRating":0,"unlocked":false},{"starRating":0,"unlocked":false},{"starRating":0,"unlocked":false},{"starRating":0,"unlocked":false},{"starRating":0,"unlocked":false}],"skillPoints":0},{"levelSaveData":[{"starRating":1,"unlocked":true},{"starRating":0,"unlocked":false},{"starRating":0,"unlocked":false},{"starRating":0,"unlocked":false},{"starRating":0,"unlocked":false},{"starRating":0,"unlocked":false},{"starRating":0,"unlocked":false},{"starRating":0,"unlocked":false},{"starRating":0,"unlocked":false},{"starRating":0,"unlocked":false}],"skillPoints":1},{"levelSaveData":[{"starRating":0,"unlocked":false},{"starRating":0,"unlocked":false},{"starRating":0,"unlocked":false},{"starRating":0,"unlocked":false},{"starRating":0,"unlocked":false},{"starRating":0,"unlocked":false},{"starRating":0,"unlocked":false},{"starRating":0,"unlocked":false},{"starRating":0,"unlocked":false},{"starRating":0,"unlocked":false}],"skillPoints":0},{"name":"kevin","gender":0,"visualAvatar":0,"age":13,"levelSaveData":[{"starRating":3,"unlocked":true},{"chunks":[["3"],["2$$sometimes mean","0$$a cool person"],["2$$love to eat ","5$$pet lover","0$$caring"],["0"]],"unlocked":true,"starRating":3},{"chunks":[[null],[null,null],[null,null]],"unlocked":false,"starRating":0},{"chunks":[[null],[null],[null],[null],[null,null],[null]],"unlocked":false,"starRating":0},{"chunks":[[null],[null],[null,null],[null],[null],[null]],"unlocked":false,"starRating":0},{"chunks":[[null],[null,null,null,null],[null],[null]],"unlocked":false,"starRating":0},{"chunks":[[null],[null],[null,null],[null,null],[null]],"unlocked":false,"starRating":0},{"chunks":[[null,null,null],[null,null,null],[null],[null],[null]],"unlocked":false,"starRating":0},{"chunks":[[null,null,null],[null,null,null],[null,null]],"unlocked":false,"starRating":0},{"chunks":[[null],[null],[null],[null],[null],[null]],"unlocked":false,"starRating":0}],"id":0,"skillPoints":6}],"playerId":6427010,"epilogue":{"rating":0},"sessionId":4,"avatar":{"name":"kevin","gender":0,"visualAvatar":0,"age":13,"levelSaveData":[{"starRating":3,"unlocked":true},{"chunks":[["3"],["2$$sometimes mean","0$$a cool person"],["2$$love to eat ","5$$pet lover","0$$caring"],["0"]],"unlocked":true,"starRating":3},{"chunks":[[null],[null,null],[null,null]],"unlocked":false,"starRating":0},{"chunks":[[null],[null],[null],[null],[null,null],[null]],"unlocked":false,"starRating":0},{"chunks":[[null],[null],[null,null],[null],[null],[null]],"unlocked":false,"starRating":0},{"chunks":[[null],[null,null,null,null],[null],[null]],"unlocked":false,"starRating":0},{"chunks":[[null],[null],[null,null],[null,null],[null]],"unlocked":false,"starRating":0},{"chunks":[[null,null,null],[null,null,null],[null],[null],[null]],"unlocked":false,"starRating":0},{"chunks":[[null,null,null],[null,null,null],[null,null]],"unlocked":false,"starRating":0},{"chunks":[[null],[null],[null],[null],[null],[null]],"unlocked":false,"starRating":0}],"id":0,"skillPoints":6}}
