6566003,0,0:0:0,10/8/2013 4:08:32pm
6566003,600,0:0:18,3
6566003,600,0:0:21,2
6566003,601,0:0:22,0
6566003,602,0:0:23,2,0
6566003,603,0:0:26,1
6566003,604,0:0:43,1,young_quis
6566003,605,0:0:46
6566003,213,0:0:58,12,c_player_cauc_M_a_G0a0,true
6566003,210,0:1:9,154,293
6566003,207,0:1:12,12,0,-645
6566003,211,0:1:14,717,364
6566003,210,0:1:15,1498,588
6566003,211,0:1:15,1498,588
6566003,210,0:1:18,1034,199
6566003,211,0:1:19,1161,210
6566003,213,0:1:19,12,c_family_cauc_a_G0a0,true
6566003,210,0:1:23,909,318
6566003,211,0:1:25,1197,475
6566003,212,0:1:26,1
6566003,210,0:1:27,913,318
6566003,211,0:1:28,1221,472
6566003,213,0:1:28,12,c_friends_G0a0,true
6566003,210,0:1:52,671,323
6566003,207,0:1:54,12,0,-435
6566003,211,0:1:55,1152,461
6566003,213,0:1:55,12,c_home_G0a1N,true
6566003,205,0:1:55,12,c_home_G0a1N,false,false
6566003,212,0:2:1,2
6566003,210,0:2:2,1171,148
6566003,211,0:2:3,1167,166
6566003,213,0:2:3,12,c_family_cauc_a_G0a1N,true
6566003,205,0:2:3,12,c_family_cauc_a_G0a1N,false,false
6566003,210,0:2:8,1076,477
6566003,211,0:2:8,1076,477
6566003,210,0:2:9,1316,292
6566003,207,0:2:10,12,-435,-813
6566003,207,0:2:15,12,-813,0
6566003,211,0:2:15,595,410
6566003,212,0:2:16,0
6566003,210,0:2:17,634,131
6566003,211,0:2:18,644,154
6566003,213,0:2:18,12,c_job_G0a1N,true
6566003,205,0:2:18,12,c_job_G0a1N,false,false
6566003,221,0:2:30,12
6566003,220,0:2:34,12
6566003,212,0:2:42,2
6566003,210,0:2:43,923,353
6566003,207,0:2:46,12,0,-1350
6566003,207,0:2:47,12,-1350,-1790
6566003,207,0:2:49,12,-1790,-1610
6566003,211,0:2:50,1855,501
6566003,213,0:2:50,12,c_kidsister_cauc_a_G0a1P,true
6566003,205,0:2:50,12,c_kidsister_cauc_a_G0a1P,false,false
6566003,210,0:2:54,1853,350
6566003,207,0:2:56,12,-1610,-1415
6566003,211,0:2:56,1634,437
6566003,213,0:2:56,12,c_grandma_cauc_a_G0a1P,true
6566003,205,0:2:56,12,c_grandma_cauc_a_G0a1P,false,false
6566003,210,0:3:0,1470,430
6566003,207,0:3:0,12,-1415,-1220
6566003,207,0:3:3,12,-1220,-995
6566003,211,0:3:4,1267,520
6566003,213,0:3:4,12,c_friends_G0a1P,true
6566003,210,0:3:7,1342,209
6566003,211,0:3:8,1380,230
6566003,213,0:3:8,12,c_Teacher_G0a1P,true
6566003,205,0:3:8,12,c_Teacher_G0a1P,false,false
6566003,210,0:3:11,1250,175
6566003,207,0:3:13,12,-995,-635
6566003,207,0:3:15,12,-635,-350
6566003,211,0:3:15,684,476
6566003,213,0:3:15,12,c_cousins_M_a_G0a1P,true
6566003,212,0:3:18,1
6566003,210,0:3:19,1208,375
6566003,207,0:3:22,12,-350,-1070
6566003,211,0:3:24,1904,261
6566003,213,0:3:24,12,c_mom_cauc_a_G0a1P,true
6566003,205,0:3:24,12,c_mom_cauc_a_G0a1P,false,false
6566003,210,0:3:27,1729,197
6566003,211,0:3:29,1743,204
6566003,213,0:3:29,12,c_dad_cauc_a_G0a1P,true
6566003,205,0:3:29,12,c_dad_cauc_a_G0a1P,false,false
6566003,210,0:3:32,1633,381
6566003,207,0:3:40,12,-1070,-800
6566003,207,0:3:43,12,-800,-260
6566003,207,0:3:43,12,-260,-230
6566003,207,0:3:44,12,-230,0
6566003,211,0:3:44,29,551
6566003,212,0:3:45,0
6566003,210,0:3:46,757,317
6566003,211,0:3:49,727,414
6566003,213,0:3:49,12,c_cousins_M_a_G0a1P,true
6566003,210,0:3:51,789,296
6566003,207,0:3:53,12,0,-615
6566003,211,0:3:54,1300,233
6566003,213,0:3:54,12,c_Nurse_G0a1P,true
6566003,205,0:3:54,12,c_Nurse_G0a1P,false,false
6566003,221,0:4:7,12
6566003,300,0:4:22
6566003,220,0:4:22,12
6566003,302,0:4:40,0,1,0,8
6566003,302,0:4:43,0,1,0,10
6566003,303,0:4:45,0,1,0,10
6566003,304,0:4:52,0,1,0,-1,,10,funny
6566003,302,0:4:58,0,1,1,14
6566003,302,0:4:59,0,1,1,17
6566003,302,0:5:0,0,1,1,15
6566003,302,0:5:12,0,1,1,5
6566003,302,0:5:15,0,1,1,0
6566003,303,0:5:17,0,1,1,0
6566003,304,0:5:23,0,1,1,-1,,0,angle
6566003,302,0:5:30,0,3,0,1
6566003,306,0:5:31,0,0,1
6566003,304,0:5:31,0,3,0,-1,,1,
6566003,302,0:5:36,0,0,0,2
6566003,304,0:5:39,0,0,0,-1,,2,
6566003,302,0:5:45,0,2,0,6
6566003,303,0:5:47,0,2,0,6
6566003,306,0:5:56,0,1,2
6566003,304,0:5:56,0,2,0,-1,,6,muisc
6566003,302,0:6:1,0,2,1,7
6566003,303,0:6:3,0,2,1,7
6566003,304,0:6:7,0,2,1,-1,,7,movies
6566003,302,0:6:11,0,2,2,8
6566003,303,0:6:13,0,2,2,8
6566003,306,0:6:19,0,2,3
6566003,304,0:6:19,0,2,2,-1,,8,play sports
6566003,221,0:6:53,12
6566003,220,0:7:0,12
6566003,203,0:7:0,12
6566003,100,0:7:6,0
6566003,102,0:7:8,0
6566003,200,0:7:8,0,0,0,0,0,6
6566003,219,0:7:8,0
6566003,216,0:7:10,Stack_G7a0
6566003,217,0:7:12,Stack_G7a0,2.4,29
6566003,218,0:7:15,0
6566003,210,0:7:16,794,499
6566003,211,0:7:19,801,379
6566003,213,0:7:19,0,c_teacherEng_G7a0,false
6566003,1003,0:7:46,2
6566003,210,0:7:50,752,372
6566003,211,0:7:51,857,321
6566003,213,0:7:51,0,c_teacherEng_G7a0,false
6566003,210,0:8:27,888,496
6566003,211,0:8:27,1045,530
6566003,210,0:8:29,964,498
6566003,211,0:8:29,965,508
6566003,213,0:8:29,0,c_bestFriend_M_a_G7a0,false
6566003,210,0:8:35,807,327
6566003,211,0:8:35,805,335
6566003,213,0:8:35,0,c_teacherEng_G7a0,false
6566003,210,0:8:39,295,533
6566003,207,0:8:40,0,-200,0
6566003,211,0:8:44,819,336
6566003,213,0:8:44,0,c_teacherEng_G7a0,false
6566003,1003,0:8:46,2
6566003,1004,0:8:47,0
6566003,900,0:8:49,0,[]
6566003,901,0:8:53,0,[PeopleData_id:2]
6566003,902,0:8:56,0,[PeopleData_id:2,PeopleData_data3Type]
6566003,903,0:9:1,0,[PeopleData_id2,PeopleData_data3Type]
6566003,902,0:9:8,0,[PeopleData_id:2,PeopleData_data0Type]
6566003,903,0:9:12,0,[PeopleData_id2,PeopleData_data0Type]
6566003,902,0:9:15,0,[PeopleData_id:2,PeopleData_data1Type]
6566003,903,0:9:16,0,[PeopleData_id2,PeopleData_data1Type]
6566003,902,0:9:17,0,[PeopleData_id:2,PeopleData_data1Type]
6566003,903,0:9:18,0,[PeopleData_id2,PeopleData_data1Type]
6566003,902,0:9:19,0,[PeopleData_id:2,PeopleData_data2Type]
6566003,903,0:9:20,0,[PeopleData_id2,PeopleData_data2Type]
6566003,901,0:9:48,0,[PeopleData_id:0]
6566003,904,0:9:48,0,[PeopleData_id:0]
6566003,902,0:9:49,0,[PeopleData_id:0,PeopleData_data0Type]
6566003,903,0:9:51,0,[PeopleData_id0,PeopleData_data0Type]
6566003,902,0:9:52,0,[PeopleData_id:0,PeopleData_data1Type]
6566003,903,0:9:52,0,[PeopleData_id0,PeopleData_data1Type]
6566003,902,0:9:53,0,[PeopleData_id:0,PeopleData_data2Type]
6566003,903,0:9:54,0,[PeopleData_id0,PeopleData_data2Type]
6566003,902,0:9:54,0,[PeopleData_id:0,PeopleData_data3Type]
6566003,903,0:9:55,0,[PeopleData_id0,PeopleData_data3Type]
6566003,901,0:9:56,0,[PeopleData_id:4]
6566003,902,0:9:57,0,[PeopleData_id:4,PeopleData_data0Type]
6566003,903,0:9:58,0,[PeopleData_id4,PeopleData_data0Type]
6566003,902,0:9:59,0,[PeopleData_id:4,PeopleData_data1Type]
6566003,903,0:9:59,0,[PeopleData_id4,PeopleData_data1Type]
6566003,902,0:10:1,0,[PeopleData_id:4,PeopleData_data2Type]
6566003,903,0:10:2,0,[PeopleData_id4,PeopleData_data2Type]
6566003,902,0:10:2,0,[PeopleData_id:4,PeopleData_data3Type]
6566003,903,0:10:3,0,[PeopleData_id4,PeopleData_data3Type]
6566003,901,0:10:4,0,[PeopleData_id:3]
6566003,902,0:10:5,0,[PeopleData_id:3,PeopleData_data0Type]
6566003,903,0:10:6,0,[PeopleData_id3,PeopleData_data0Type]
6566003,902,0:10:6,0,[PeopleData_id:3,PeopleData_data0Type]
6566003,903,0:10:7,0,[PeopleData_id3,PeopleData_data0Type]
6566003,902,0:10:8,0,[PeopleData_id:3,PeopleData_data1Type]
6566003,903,0:10:8,0,[PeopleData_id3,PeopleData_data1Type]
6566003,902,0:10:9,0,[PeopleData_id:3,PeopleData_data2Type]
6566003,903,0:10:9,0,[PeopleData_id3,PeopleData_data2Type]
6566003,901,0:10:10,0,[PeopleData_id:1]
6566003,904,0:10:10,0,[PeopleData_id:1]
6566003,902,0:10:11,0,[PeopleData_id:1,PeopleData_data0Type]
6566003,903,0:10:12,0,[PeopleData_id1,PeopleData_data0Type]
6566003,902,0:10:12,0,[PeopleData_id:1,PeopleData_data1Type]
6566003,903,0:10:13,0,[PeopleData_id1,PeopleData_data1Type]
6566003,902,0:10:14,0,[PeopleData_id:1,PeopleData_data2Type]
6566003,903,0:10:15,0,[PeopleData_id1,PeopleData_data2Type]
6566003,902,0:10:15,0,[PeopleData_id:1,PeopleData_data3Type]
6566003,903,0:10:17,0,[PeopleData_id1,PeopleData_data3Type]
6566003,902,0:10:25,0,[PeopleData_id:1,PeopleData_data0Type]
6566003,902,0:10:25,0,[PeopleData_id:1,PeopleData_data0Type]
6566003,902,0:10:25,0,[PeopleData_id:1,PeopleData_data0Type]
6566003,903,0:10:33,0,[PeopleData_id1,PeopleData_data0Type]
6566003,901,0:11:8,0,[PeopleData_id:1]
6566003,901,0:11:9,0,[PeopleData_id:1]
6566003,904,0:11:9,0,[PeopleData_id:1]
6566003,901,0:11:11,0,[PeopleData_id:3]
6566003,901,0:11:13,0,[PeopleData_id:1]
6566003,904,0:11:13,0,[PeopleData_id:1]
6566003,902,0:11:15,0,[PeopleData_id:1,PeopleData_data3Type]
6566003,903,0:11:17,0,[PeopleData_id1,PeopleData_data3Type]
6566003,902,0:11:19,0,[PeopleData_id:1,PeopleData_data2Type]
6566003,903,0:11:23,0,[PeopleData_id1,PeopleData_data2Type]
6566003,902,0:11:28,0,[PeopleData_id:1,PeopleData_data0Type]
6566003,902,0:11:38,0,[PeopleData_id:1,PeopleData_data1Type]
6566003,903,0:11:42,0,[PeopleData_id1,PeopleData_data1Type]
6566003,901,0:11:43,0,[PeopleData_id:1]
6566003,904,0:11:43,0,[PeopleData_id:1]
6566003,902,0:11:59,0,[PeopleData_id:1,PeopleData_data0Type]
6566003,903,0:12:1,0,[PeopleData_id1,PeopleData_data0Type]
6566003,901,0:12:2,0,[PeopleData_id:1]
6566003,904,0:12:2,0,[PeopleData_id:1]
6566003,905,0:12:4,0,[PeopleData_id:1,RankTypes_id:-1,RankTypes_id:0]
6566003,901,0:12:8,0,[PeopleData_id:3]
6566003,902,0:12:9,0,[PeopleData_id:3,PeopleData_data0Type]
6566003,903,0:12:12,0,[PeopleData_id3,PeopleData_data0Type]
6566003,902,0:12:13,0,[PeopleData_id:3,PeopleData_data1Type]
6566003,903,0:12:15,0,[PeopleData_id3,PeopleData_data1Type]
6566003,902,0:12:16,0,[PeopleData_id:3,PeopleData_data2Type]
6566003,903,0:12:19,0,[PeopleData_id3,PeopleData_data2Type]
6566003,901,0:12:21,0,[PeopleData_id:3]
6566003,904,0:12:21,0,[PeopleData_id:3]
6566003,905,0:12:22,0,[PeopleData_id:3,RankTypes_id:-1,RankTypes_id:3]
6566003,901,0:12:24,0,[PeopleData_id:4]
6566003,902,0:12:25,0,[PeopleData_id:4,PeopleData_data0Type]
6566003,903,0:12:28,0,[PeopleData_id4,PeopleData_data0Type]
6566003,902,0:12:29,0,[PeopleData_id:4,PeopleData_data1Type]
6566003,903,0:12:31,0,[PeopleData_id4,PeopleData_data1Type]
6566003,901,0:12:32,0,[PeopleData_id:4]
6566003,904,0:12:33,0,[PeopleData_id:4]
6566003,905,0:12:34,0,[PeopleData_id:4,RankTypes_id:-1,RankTypes_id:1]
6566003,902,0:12:37,0,[PeopleData_id:4,PeopleData_data3Type]
6566003,903,0:12:38,0,[PeopleData_id4,PeopleData_data3Type]
6566003,901,0:12:38,0,[PeopleData_id:0]
6566003,902,0:12:39,0,[PeopleData_id:0,PeopleData_data0Type]
6566003,903,0:12:42,0,[PeopleData_id0,PeopleData_data0Type]
6566003,902,0:12:43,0,[PeopleData_id:0,PeopleData_data1Type]
6566003,903,0:12:45,0,[PeopleData_id0,PeopleData_data1Type]
6566003,902,0:12:45,0,[PeopleData_id:0,PeopleData_data2Type]
6566003,903,0:12:47,0,[PeopleData_id0,PeopleData_data2Type]
6566003,902,0:12:48,0,[PeopleData_id:0,PeopleData_data3Type]
6566003,903,0:12:51,0,[PeopleData_id0,PeopleData_data3Type]
6566003,901,0:12:53,0,[PeopleData_id:0]
6566003,904,0:12:53,0,[PeopleData_id:0]
6566003,905,0:12:54,0,[PeopleData_id:0,RankTypes_id:-1,RankTypes_id:3]
6566003,901,0:12:56,0,[PeopleData_id:2]
6566003,902,0:13:0,0,[PeopleData_id:2,PeopleData_data0Type]
6566003,903,0:13:3,0,[PeopleData_id2,PeopleData_data0Type]
6566003,902,0:13:4,0,[PeopleData_id:2,PeopleData_data1Type]
6566003,903,0:13:9,0,[PeopleData_id2,PeopleData_data1Type]
6566003,902,0:13:10,0,[PeopleData_id:2,PeopleData_data2Type]
6566003,903,0:13:13,0,[PeopleData_id2,PeopleData_data2Type]
6566003,902,0:13:14,0,[PeopleData_id:2,PeopleData_data3Type]
6566003,903,0:13:18,0,[PeopleData_id2,PeopleData_data3Type]
6566003,901,0:13:19,0,[PeopleData_id:2]
6566003,904,0:13:19,0,[PeopleData_id:2]
6566003,905,0:13:21,0,[PeopleData_id:2,RankTypes_id:-1,RankTypes_id:1]
6566003,906,0:13:21,0,[]
6566003,907,0:13:23,0,[]
6566003,908,0:13:23,0,[InvitationData_id:2,PeopleData_id:2,RankTypes_id:1]
6566003,909,0:13:38,0,[InvitationData_id:2,PeopleData_id:2,RankTypes_id:1,0]
6566003,910,0:13:39,0,[InvitationData_id:2,0,false]
6566003,908,0:13:39,0,[InvitationData_id:8,PeopleData_id:0,RankTypes_id:3]
6566003,909,0:13:43,0,[InvitationData_id:8,PeopleData_id:0,RankTypes_id:3,1]
6566003,910,0:13:44,0,[InvitationData_id:8,7,false]
6566003,908,0:13:44,0,[InvitationData_id:5,PeopleData_id:4,RankTypes_id:1]
6566003,909,0:13:50,0,[InvitationData_id:5,PeopleData_id:4,RankTypes_id:1,0]
6566003,910,0:13:50,0,[InvitationData_id:5,0,false]
6566003,908,0:13:50,0,[InvitationData_id:3,PeopleData_id:3,RankTypes_id:3]
6566003,909,0:13:54,0,[InvitationData_id:3,PeopleData_id:3,RankTypes_id:3,1]
6566003,910,0:13:54,0,[InvitationData_id:3,7,false]
6566003,908,0:13:54,0,[InvitationData_id:9,PeopleData_id:4,RankTypes_id:1]
6566003,909,0:13:59,0,[InvitationData_id:9,PeopleData_id:4,RankTypes_id:1,0]
6566003,910,0:14:0,0,[InvitationData_id:9,0,false]
6566003,908,0:14:0,0,[InvitationData_id:6,PeopleData_id:0,RankTypes_id:3]
6566003,909,0:14:3,0,[InvitationData_id:6,PeopleData_id:0,RankTypes_id:3,1]
6566003,910,0:14:4,0,[InvitationData_id:6,7,false]
6566003,908,0:14:4,0,[InvitationData_id:0,PeopleData_id:0,RankTypes_id:3]
6566003,909,0:14:7,0,[InvitationData_id:0,PeopleData_id:0,RankTypes_id:3,1]
6566003,910,0:14:8,0,[InvitationData_id:0,7,false]
6566003,908,0:14:8,0,[InvitationData_id:4,PeopleData_id:2,RankTypes_id:1]
6566003,909,0:14:12,0,[InvitationData_id:4,PeopleData_id:2,RankTypes_id:1,0]
6566003,910,0:14:12,0,[InvitationData_id:4,0,false]
6566003,908,0:14:12,0,[InvitationData_id:10,PeopleData_id:2,RankTypes_id:1]
6566003,909,0:14:19,0,[InvitationData_id:10,PeopleData_id:2,RankTypes_id:1,1]
6566003,910,0:14:23,0,[InvitationData_id:10,0,true]
6566003,908,0:14:23,0,[InvitationData_id:1,PeopleData_id:0,RankTypes_id:3]
6566003,909,0:14:28,0,[InvitationData_id:1,PeopleData_id:0,RankTypes_id:3,1]
6566003,910,0:14:29,0,[InvitationData_id:1,7,false]
6566003,911,0:14:31,0,[35,1,0,1]
6566003,1005,0:14:31,0,[2,0,2]
6566003,1001,0:14:33,0,[]
6566003,1003,0:14:33,2
6566003,210,0:14:40,932,469
6566003,211,0:14:43,968,539
6566003,213,0:14:43,0,c_bestFriend_M_a_G7a0,true
6566003,205,0:14:43,0,c_bestFriend_M_a_G7a0,false,false
6566003,210,0:14:48,844,397
6566003,211,0:14:48,808,369
6566003,213,0:14:48,0,c_teacherEng_G7a0,true
6566003,205,0:14:48,0,c_teacherEng_G7a0,false,false
6566003,210,0:14:53,961,482
6566003,211,0:14:53,920,553
6566003,212,0:14:54,1
6566003,210,0:14:54,936,459
6566003,207,0:14:57,0,-200,-35
6566003,207,0:15:1,0,-35,-518.45
6566003,211,0:15:5,1473,452
6566003,219,0:15:32,0
6566003,216,0:15:33,Stack_G7a1N
6566003,217,0:15:57,Stack_G7a1N,20,0.00
6566003,218,0:15:59,0
6566003,212,0:16:2,2
6566003,207,0:16:3,0,-400,-430
6566003,210,0:16:3,1295,432
6566003,211,0:16:4,865,463
6566003,213,0:16:4,0,c_teacherEng_G7a1N,true
6566003,205,0:16:4,0,c_teacherEng_G7a1N,false,false
6566003,210,0:16:12,1447,442
6566003,207,0:16:12,0,-430,-490
6566003,211,0:16:14,1212,504
6566003,213,0:16:14,0,s_otherStudent2_G7a1N,true
6566003,210,0:16:16,656,537
6566003,211,0:16:17,665,539
6566003,213,0:16:17,0,s_otherStudent1_G7a1N,true
6566003,210,0:16:23,675,427
6566003,211,0:16:24,1051,539
6566003,213,0:16:24,0,c_bestFriend_M_a_G7a1N,true
6566003,205,0:16:24,0,c_bestFriend_M_a_G7a1N,false,false
6566003,207,0:16:29,0,-490,-518.45
6566003,210,0:16:29,1511,498
6566003,207,0:16:32,0,-518.45,-203.45
6566003,211,0:16:32,412,607
6566003,210,0:16:33,348,508
6566003,207,0:16:34,0,-203.45,0
6566003,211,0:16:35,204,478
6566003,213,0:16:35,0,c_crewKid1_M_G7a1N,true
6566003,210,0:16:39,661,402
6566003,207,0:16:41,0,0,-150
6566003,211,0:16:41,1068,577
6566003,213,0:16:41,0,c_bestFriend_M_a_G7a1N,true
6566003,205,0:16:41,0,c_bestFriend_M_a_G7a1N,false,true
6566003,212,0:16:50,1
6566003,210,0:16:50,1026,473
6566003,207,0:16:53,0,-150,-518.45
6566003,211,0:16:54,1399,497
6566003,212,0:16:54,0
6566003,210,0:16:55,1455,483
6566003,211,0:16:56,1206,511
6566003,213,0:16:56,0,s_otherStudent2_G7a1N,true
6566003,221,0:17:1,0
6566003,300,0:17:5
6566003,220,0:17:5,0
6566003,207,0:17:15,0,-200,-170
6566003,210,0:17:15,329,311
6566003,211,0:17:15,346,323
6566003,210,0:17:16,312,318
6566003,211,0:17:18,400,239
6566003,212,0:17:19,1
6566003,210,0:17:19,1017,486
6566003,211,0:17:20,1071,614
6566003,213,0:17:20,0,s_vocabAssignment_G7a0,true
6566003,210,0:17:24,250,459
6566003,207,0:17:25,0,-170,-35
6566003,211,0:17:26,219,461
6566003,210,0:17:27,187,386
6566003,211,0:17:28,254,476
6566003,210,0:17:29,222,437
6566003,211,0:17:30,244,548
6566003,213,0:17:30,0,c_crewKid1_M_G7a0,true
6566003,210,0:17:38,751,489
6566003,207,0:17:40,0,-35,-365
6566003,207,0:17:41,0,-365,-518.45
6566003,211,0:17:43,1207,401
6566003,213,0:17:43,0,s_doorClassroom_G7a0,true
6566003,210,0:17:47,1356,482
6566003,211,0:17:47,1356,482
6566003,210,0:17:48,917,269
6566003,211,0:17:48,966,254
6566003,210,0:17:49,1198,110
6566003,207,0:17:53,0,-518.45,-323.45
6566003,211,0:17:53,614,151
6566003,213,0:17:53,0,s_atwoodPoster_gen,true
6566003,210,0:17:58,755,543
6566003,207,0:18:0,0,-323.45,-53.45
6566003,211,0:18:3,259,169
6566003,213,0:18:3,0,s_flag_gen,false
6566003,1003,0:18:6,1
6566003,1004,0:18:8,0
6566003,800,0:18:9,0,[]
6566003,801,0:18:13,0,[]
6566003,814,0:18:18,0,[2]
6566003,815,0:18:18,0,2,OpportunityCardData_id:13
6566003,816,0:18:21,0,2,OpportunityCardData_id:13
6566003,805,0:18:31,0,[OpportunityCardData_id:13]
6566003,806,0:18:35,0,[OpportunityCardData_id:13,PriorityData_type:3]
6566003,806,0:18:36,0,[OpportunityCardData_id:13,PriorityData_type:5]
6566003,806,0:18:36,0,[OpportunityCardData_id:13,PriorityData_type:3]
6566003,807,0:18:37,0,[OpportunityCardData_id:13]
6566003,808,0:18:41,0,[OpportunityCardData_id:13]
6566003,809,0:18:47,0,[OpportunityCardData_id:13,PriorityData_type:1,false]
6566003,810,0:18:48,0,[OpportunityCardData_id:13,PriorityData_type:2,15,PriorityData_type:1,15]
6566003,814,0:18:53,0,[1]
6566003,815,0:18:53,0,1,OpportunityCardData_id:7
6566003,816,0:18:55,0,1,OpportunityCardData_id:7
6566003,805,0:18:56,0,[OpportunityCardData_id:7]
6566003,806,0:18:59,0,[OpportunityCardData_id:7,PriorityData_type:4]
6566003,807,0:19:0,0,[OpportunityCardData_id:7]
6566003,808,0:19:1,0,[OpportunityCardData_id:7]
6566003,809,0:19:8,0,[OpportunityCardData_id:7,PriorityData_type:4,true]
6566003,810,0:19:10,0,[OpportunityCardData_id:7,PriorityData_type:1,20,Safe,Safe]
6566003,814,0:19:16,0,[0]
6566003,815,0:19:16,0,0,OpportunityCardData_id:0
6566003,816,0:19:17,0,0,OpportunityCardData_id:0
6566003,805,0:19:19,0,[OpportunityCardData_id:0]
6566003,806,0:19:21,0,[OpportunityCardData_id:0,PriorityData_type:5]
6566003,807,0:19:22,0,[OpportunityCardData_id:0]
6566003,808,0:19:24,0,[OpportunityCardData_id:0]
6566003,809,0:19:30,0,[OpportunityCardData_id:0,Safe,false]
6566003,810,0:19:30,0,[OpportunityCardData_id:0,PriorityData_type:0,15,Safe,Safe]
6566003,814,0:19:33,0,[5]
6566003,815,0:19:33,0,5,OpportunityCardData_id:32
6566003,816,0:19:34,0,5,OpportunityCardData_id:32
6566003,805,0:19:35,0,[OpportunityCardData_id:32]
6566003,806,0:19:37,0,[OpportunityCardData_id:32,PriorityData_type:0]
6566003,807,0:19:38,0,[OpportunityCardData_id:32]
6566003,808,0:19:44,0,[OpportunityCardData_id:32]
6566003,809,0:19:49,0,[OpportunityCardData_id:32,Safe,false]
6566003,810,0:19:50,0,[OpportunityCardData_id:32,PriorityData_type:5,20,Safe,Safe]
6566003,814,0:19:53,0,[3]
6566003,815,0:19:53,0,3,OpportunityCardData_id:19
6566003,815,0:19:55,0,3,OpportunityCardData_id:20
6566003,815,0:19:56,0,3,OpportunityCardData_id:19
6566003,816,0:19:57,0,3,OpportunityCardData_id:19
6566003,805,0:19:58,0,[OpportunityCardData_id:19]
6566003,807,0:19:59,0,[OpportunityCardData_id:19]
6566003,808,0:20:1,0,[OpportunityCardData_id:19]
6566003,809,0:20:7,0,[OpportunityCardData_id:19,PriorityData_type:0,false]
6566003,810,0:20:8,0,[OpportunityCardData_id:19,PriorityData_type:3,15,PriorityData_type:0,35]
6566003,814,0:20:12,0,[0]
6566003,815,0:20:12,0,0,OpportunityCardData_id:1
6566003,816,0:20:13,0,0,OpportunityCardData_id:1
6566003,805,0:20:13,0,[OpportunityCardData_id:1]
6566003,806,0:20:14,0,[OpportunityCardData_id:1,PriorityData_type:3]
6566003,806,0:20:15,0,[OpportunityCardData_id:1,PriorityData_type:5]
6566003,806,0:20:17,0,[OpportunityCardData_id:1,PriorityData_type:1]
6566003,807,0:20:18,0,[OpportunityCardData_id:1]
6566003,808,0:20:20,0,[OpportunityCardData_id:1]
6566003,809,0:20:30,0,[OpportunityCardData_id:1,PriorityData_type:3,false]
6566003,810,0:20:31,0,[OpportunityCardData_id:1,PriorityData_type:0,15,PriorityData_type:3,5]
6566003,814,0:20:36,0,[3]
6566003,815,0:20:36,0,3,OpportunityCardData_id:20
6566003,816,0:20:36,0,3,OpportunityCardData_id:20
6566003,805,0:20:37,0,[OpportunityCardData_id:20]
6566003,806,0:20:41,0,[OpportunityCardData_id:20,PriorityData_type:2]
6566003,807,0:20:41,0,[OpportunityCardData_id:20]
6566003,808,0:20:43,0,[OpportunityCardData_id:20]
6566003,809,0:20:47,0,[OpportunityCardData_id:20,PriorityData_type:2,true]
6566003,810,0:20:48,0,[OpportunityCardData_id:20,PriorityData_type:3,15,Safe,Safe]
6566003,814,0:20:52,0,[4]
6566003,815,0:20:52,0,4,OpportunityCardData_id:22
6566003,815,0:20:54,0,4,OpportunityCardData_id:26
6566003,815,0:20:56,0,4,OpportunityCardData_id:27
6566003,815,0:20:57,0,4,OpportunityCardData_id:28
6566003,815,0:20:59,0,4,OpportunityCardData_id:29
6566003,816,0:21:2,0,4,OpportunityCardData_id:29
6566003,804,0:21:4,0,[OpportunityCardData_id:29]
6566003,811,0:21:8,0,[OpportunityCardData_id:29,PriorityData_type:2,80,85,PriorityData_type:4,70,45]
6566003,1005,0:21:8,0,[1,0,2]
6566003,1000,0:21:11,0,[]
6566003,800,0:21:11,0,[]
6566003,801,0:21:12,0,[]
6566003,814,0:21:15,0,[4]
6566003,815,0:21:15,0,4,OpportunityCardData_id:22
6566003,816,0:21:17,0,4,OpportunityCardData_id:22
6566003,804,0:21:18,0,[OpportunityCardData_id:22]
6566003,814,0:21:20,0,[0]
6566003,815,0:21:20,0,0,OpportunityCardData_id:0
6566003,816,0:21:20,0,0,OpportunityCardData_id:0
6566003,805,0:21:21,0,[OpportunityCardData_id:0]
6566003,807,0:21:22,0,[OpportunityCardData_id:0]
6566003,808,0:21:23,0,[OpportunityCardData_id:0]
6566003,1002,0:21:27,0
6566003,1003,0:21:27,1
6566003,221,0:21:34,0
6566003,220,0:21:36,0
6566003,210,0:21:37,1070,531
6566003,211,0:21:39,614,148
6566003,213,0:21:39,0,s_atwoodPoster_gen,true
6566003,210,0:21:43,669,63
6566003,211,0:21:44,698,151
6566003,213,0:21:44,0,s_angelouPoster_gen,true
6566003,210,0:21:46,815,97
6566003,211,0:21:47,789,134
6566003,213,0:21:47,0,s_shakespearePoster_gen,true
6566003,210,0:21:49,878,107
6566003,211,0:21:49,874,118
6566003,213,0:21:49,0,s_poePoster_gen,true
6566003,212,0:21:52,2
6566003,210,0:21:53,860,92
6566003,211,0:21:53,864,107
6566003,213,0:21:53,0,s_poePoster_gen,true
6566003,210,0:21:56,717,74
6566003,207,0:21:57,0,-200,-350
6566003,207,0:21:58,0,-350,-518.45
6566003,211,0:22:0,1456,513
6566003,213,0:22:0,0,c_friend1_M_a_G7a0,true
6566003,212,0:22:12,0
6566003,210,0:22:15,725,329
6566003,211,0:22:15,725,329
6566003,212,0:22:15,1
6566003,212,0:22:17,2
6566003,221,0:22:18,0
6566003,220,0:22:19,0
6566003,210,0:22:21,823,371
6566003,211,0:22:23,709,173
6566003,213,0:22:23,0,s_angelouPoster_gen,true
6566003,210,0:23:41,1219,158
6566003,211,0:23:42,1220,168
6566003,210,0:24:3,849,352
6566003,207,0:24:5,0,-200,-20
6566003,207,0:24:8,0,-20,-350
6566003,211,0:24:9,1227,167
6566003,213,0:24:9,0,s_clock_G7a0,true
6566003,210,0:24:12,1126,157
6566003,207,0:24:14,0,-350,-518.45
6566003,207,0:24:22,0,-518.45,-128.45
6566003,207,0:24:23,0,-128.45,0
6566003,211,0:24:40,241,107
6566003,212,0:24:41,1
6566003,210,0:24:43,259,98
6566003,211,0:24:43,242,117
6566003,213,0:24:43,0,s_flag_gen,true
6566003,205,0:24:43,0,s_flag_gen,false,false
6566003,221,0:24:47,0
6566003,220,0:25:26,0
6566003,207,0:25:45,0,0,-15
6566003,207,0:25:45,0,-15,-45
6566003,210,0:25:45,896,94
6566003,207,0:25:46,0,-45,-165
6566003,207,0:25:47,0,-165,-210
6566003,211,0:25:50,596,150
6566003,213,0:25:50,0,s_atwoodPoster_gen,true
6566003,221,0:25:54,0
6566003,220,0:25:55,0
6566003,210,0:25:57,927,528
6566003,207,0:25:58,0,-210,0
6566003,211,0:26:2,257,141
6566003,213,0:26:2,0,s_flag_gen,true
6566003,205,0:26:2,0,s_flag_gen,false,true
6566003,210,0:26:6,678,286
6566003,207,0:26:8,0,0,-518.45
6566003,211,0:26:12,1539,214
6566003,210,0:26:12,1540,202
6566003,211,0:26:24,1224,220
6566003,210,0:26:50,923,411
6566003,211,0:27:3,647,586
6566003,213,0:27:3,0,s_otherStudent1_G7a0,true
6566003,210,0:27:12,1069,505
6566003,211,0:27:13,1108,614
6566003,213,0:27:13,0,s_vocabAssignment_G7a0,true
6566003,210,0:27:15,1422,175
6566003,207,0:27:20,0,-518.45,-233.45
6566003,207,0:27:29,0,-233.45,-473.45
6566003,211,0:27:30,1236,232
6566003,213,0:27:30,0,s_doorClassroom_G7a0,true
6566003,219,0:27:32,0
6566003,218,0:27:38,0
6566003,210,0:27:39,985,422
6566003,211,0:27:42,1247,411
6566003,213,0:27:42,0,s_doorClassroom_G7a0,true
6566003,210,0:27:59,979,275
6566003,211,0:27:59,756,237
6566003,210,0:27:59,775,261
6566003,207,0:28:5,0,-473.45,0
6566003,211,0:28:13,201,521
6566003,213,0:28:13,0,c_crewKid1_M_G7a0,true
6566003,210,0:28:15,671,268
6566003,211,0:28:20,777,568
6566003,210,0:28:21,792,558
6566003,207,0:28:21,0,0,-240
6566003,211,0:28:23,1098,615
6566003,213,0:28:23,0,s_vocabAssignment_G7a0,true
6566003,212,0:28:27,0
6566003,210,0:28:29,1041,310
6566003,207,0:28:31,0,-240,-465
6566003,207,0:28:32,0,-465,-518.45
6566003,207,0:28:40,0,-518.45,0
6566003,211,0:28:42,941,476
6566003,212,0:28:43,1
6566003,210,0:28:47,824,442
6566003,207,0:28:48,0,0,-165
6566003,207,0:28:49,0,-165,-405
6566003,207,0:28:50,0,-405,-518.45
6566003,207,0:28:54,0,-518.45,0
6566003,211,0:29:8,600,143
6566003,213,0:29:8,0,s_atwoodPoster_gen,true
6566003,213,0:29:22,0,s_otherStudent1_G7a0,true
6566003,221,0:29:25,0
6566003,220,0:29:30,0
6566003,210,0:29:31,853,520
6566003,207,0:29:33,0,0,-285
6566003,207,0:29:34,0,-285,-518.45
6566003,207,0:29:41,0,-518.45,-248.45
6566003,207,0:29:42,0,-248.45,-188.45
6566003,211,0:29:43,274,152
6566003,213,0:29:43,0,s_flag_gen,true
6566003,205,0:29:43,0,s_flag_gen,false,true
6566003,221,0:29:47,0
6566003,220,0:29:48,0
6566003,210,0:29:48,494,403
6566003,207,0:29:49,0,-188.45,-38.45
6566003,211,0:29:52,446,636
6566003,210,0:29:53,347,552
6566003,207,0:29:58,0,-38.45,-518.45
6566003,207,0:30:7,0,-518.45,-218.45
6566003,211,0:30:11,452,554
6566003,210,0:30:12,314,497
6566003,207,0:30:13,0,-218.45,0
6566003,211,0:30:15,11,423
6566003,210,0:30:27,929,516
6566003,211,0:30:28,1057,466
6566003,207,0:30:28,0,0,-75
6566003,210,0:30:28,989,495
6566003,207,0:30:30,0,-75,-450
6566003,207,0:30:35,0,-450,-518.45
6566003,211,0:30:39,953,612
6566003,210,0:30:40,1005,427
6566003,207,0:30:47,0,-518.45,-8.45
6566003,211,0:30:50,504,403
6566003,219,0:30:54,0
6566003,218,0:30:57,0
6566003,210,0:30:59,1067,494
6566003,207,0:31:0,0,-8.45,-518.45
6566003,211,0:31:6,1192,426
6566003,213,0:31:6,0,s_doorClassroom_G7a0,true
6566003,221,0:31:8,0
6566003,220,0:31:12,0
6566003,210,0:31:25,843,250
6566003,207,0:31:27,0,-400,-250
6566003,211,0:31:29,456,189
6566003,213,0:31:29,0,s_posterPlagiarism_gen,true
6566003,210,0:31:31,492,238
6566003,207,0:31:32,0,-250,0
6566003,207,0:31:37,0,0,-518.45
6566003,211,0:31:37,1476,560
6566003,212,0:31:38,0
6566003,210,0:31:39,1100,335
6566003,211,0:31:39,445,313
6566003,207,0:31:39,0,-518.45,-428.45
6566003,210,0:31:40,404,199
6566003,207,0:31:40,0,-428.45,-83.45
6566003,211,0:31:41,323,166
6566003,210,0:31:42,236,84
6566003,211,0:31:43,266,164
6566003,213,0:31:43,0,s_flag_gen,true
6566003,212,0:31:45,2
6566003,210,0:31:47,238,100
6566003,211,0:31:48,259,116
6566003,213,0:31:48,0,s_flag_gen,true
6566003,210,0:31:55,907,121
6566003,207,0:31:57,0,-83.45,-398.45
6566003,207,0:31:59,0,-398.45,-518.45
6566003,211,0:32:2,1063,580
6566003,213,0:32:2,0,c_bestFriend_M_a_G7a1N,true
6566003,205,0:32:2,0,c_bestFriend_M_a_G7a1N,false,true
6566003,210,0:32:6,833,505
6566003,211,0:32:7,831,525
6566003,213,0:32:7,0,c_teacherEng_G7a1N,true
6566003,205,0:32:7,0,c_teacherEng_G7a1N,false,true
6566003,210,0:32:10,695,552
6566003,207,0:32:10,0,-518.45,-503.45
6566003,207,0:32:11,0,-503.45,-188.45
6566003,207,0:32:13,0,-188.45,0
6566003,211,0:32:20,285,487
6566003,210,0:32:29,902,432
6566003,207,0:32:29,0,0,-90
6566003,207,0:32:31,0,-90,-518.45
6566003,211,0:32:33,1449,273
6566003,210,0:32:33,1313,344
6566003,207,0:32:38,0,-518.45,-113.45
6566003,207,0:32:43,0,-113.45,0
6566003,207,0:32:46,0,0,-240
6566003,207,0:32:47,0,-240,-518.45
6566003,211,0:32:51,666,589
6566003,213,0:32:51,0,s_otherStudent1_G7a1N,true
6566003,210,0:32:53,766,386
6566003,207,0:32:54,0,-518.45,-203.45
6566003,207,0:32:56,0,-203.45,0
6566003,211,0:32:59,341,382
6566003,210,0:33:1,892,484
6566003,207,0:33:2,0,0,-210
6566003,211,0:33:3,870,593
6566003,213,0:33:3,0,c_teacherEng_G7a1N,true
6566003,205,0:33:3,0,c_teacherEng_G7a1N,false,true
6566003,210,0:33:19,798,336
6566003,211,0:33:21,782,310
6566003,212,0:33:21,1
6566003,210,0:33:22,795,330
6566003,211,0:33:23,813,384
6566003,213,0:33:23,0,s_paperPlayers_G7a1N,true
6566003,205,0:33:23,0,s_paperPlayers_G7a1N,false,false
6566003,221,0:33:30,0
6566003,220,0:33:31,0
6566003,219,0:33:32,0
6566003,216,0:33:32,Stack_G7a1P
6566003,217,0:33:43,Stack_G7a1P,7.7,0.00
6566003,218,0:33:44,0
6566003,221,0:33:47,0
6566003,220,0:33:51,0
6566003,210,0:33:52,871,492
6566003,211,0:33:53,756,431
6566003,213,0:33:53,0,c_teacherEng_G7a1P,false
6566003,1003,0:33:56,1
6566003,1004,0:33:57,0
6566003,800,0:33:59,0,[]
6566003,801,0:34:0,0,[]
6566003,814,0:34:6,0,[2]
6566003,815,0:34:6,0,2,OpportunityCardData_id:13
6566003,816,0:34:8,0,2,OpportunityCardData_id:13
6566003,803,0:34:9,0,[OpportunityCardData_id:13,OpportunityCardConsequencesData_logId:1]
6566003,803,0:34:12,0,[OpportunityCardData_id:13,OpportunityCardConsequencesData_logId:2]
6566003,803,0:34:13,0,[OpportunityCardData_id:13,OpportunityCardConsequencesData_logId:0]
6566003,805,0:34:16,0,[OpportunityCardData_id:13]
6566003,806,0:34:24,0,[OpportunityCardData_id:13,PriorityData_type:3]
6566003,806,0:34:26,0,[OpportunityCardData_id:13,PriorityData_type:5]
6566003,806,0:34:26,0,[OpportunityCardData_id:13,PriorityData_type:4]
6566003,806,0:34:27,0,[OpportunityCardData_id:13,PriorityData_type:1]
6566003,807,0:34:28,0,[OpportunityCardData_id:13]
6566003,808,0:34:30,0,[OpportunityCardData_id:13]
6566003,809,0:34:44,0,[OpportunityCardData_id:13,PriorityData_type:1,true]
6566003,810,0:34:46,0,[OpportunityCardData_id:13,PriorityData_type:2,15,Safe,Safe]
6566003,814,0:34:53,0,[4]
6566003,815,0:34:53,0,4,OpportunityCardData_id:22
6566003,815,0:34:55,0,4,OpportunityCardData_id:26
6566003,817,0:34:57,0,4
6566003,814,0:34:58,0,[5]
6566003,815,0:34:58,0,5,OpportunityCardData_id:32
6566003,816,0:34:59,0,5,OpportunityCardData_id:32
6566003,803,0:35:1,0,[OpportunityCardData_id:32,OpportunityCardConsequencesData_logId:0]
6566003,803,0:35:2,0,[OpportunityCardData_id:32,OpportunityCardConsequencesData_logId:1]
6566003,805,0:35:4,0,[OpportunityCardData_id:32]
6566003,806,0:35:7,0,[OpportunityCardData_id:32,PriorityData_type:3]
6566003,807,0:35:8,0,[OpportunityCardData_id:32]
6566003,808,0:35:9,0,[OpportunityCardData_id:32]
6566003,809,0:35:18,0,[OpportunityCardData_id:32,PriorityData_type:2,false]
6566003,810,0:35:22,0,[OpportunityCardData_id:32,PriorityData_type:5,20,PriorityData_type:2,10]
6566003,814,0:35:25,0,[2]
6566003,815,0:35:25,0,2,OpportunityCardData_id:14
6566003,816,0:35:26,0,2,OpportunityCardData_id:14
6566003,803,0:35:27,0,[OpportunityCardData_id:14,OpportunityCardConsequencesData_logId:1]
6566003,803,0:35:28,0,[OpportunityCardData_id:14,OpportunityCardConsequencesData_logId:2]
6566003,803,0:35:29,0,[OpportunityCardData_id:14,OpportunityCardConsequencesData_logId:0]
6566003,805,0:35:32,0,[OpportunityCardData_id:14]
6566003,806,0:35:35,0,[OpportunityCardData_id:14,PriorityData_type:3]
6566003,807,0:35:35,0,[OpportunityCardData_id:14]
6566003,808,0:35:37,0,[OpportunityCardData_id:14]
6566003,809,0:35:42,0,[OpportunityCardData_id:14,PriorityData_type:3,true]
6566003,810,0:35:43,0,[OpportunityCardData_id:14,PriorityData_type:2,15,Safe,Safe]
6566003,814,0:35:50,0,[4]
6566003,815,0:35:50,0,4,OpportunityCardData_id:22
6566003,816,0:35:52,0,4,OpportunityCardData_id:22
6566003,803,0:35:53,0,[OpportunityCardData_id:22,OpportunityCardConsequencesData_logId:1]
6566003,803,0:35:55,0,[OpportunityCardData_id:22,OpportunityCardConsequencesData_logId:0]
6566003,805,0:35:57,0,[OpportunityCardData_id:22]
6566003,807,0:36:1,0,[OpportunityCardData_id:22]
6566003,808,0:36:4,0,[OpportunityCardData_id:22]
6566003,809,0:36:9,0,[OpportunityCardData_id:22,Safe,false]
6566003,810,0:36:11,0,[OpportunityCardData_id:22,PriorityData_type:4,15,Safe,Safe]
6566003,814,0:36:15,0,[5]
6566003,815,0:36:15,0,5,OpportunityCardData_id:33
6566003,816,0:36:17,0,5,OpportunityCardData_id:33
6566003,803,0:36:18,0,[OpportunityCardData_id:33,OpportunityCardConsequencesData_logId:0]
6566003,803,0:36:19,0,[OpportunityCardData_id:33,OpportunityCardConsequencesData_logId:1]
6566003,803,0:36:19,0,[OpportunityCardData_id:33,OpportunityCardConsequencesData_logId:2]
6566003,805,0:36:20,0,[OpportunityCardData_id:33]
6566003,807,0:36:21,0,[OpportunityCardData_id:33]
6566003,808,0:36:23,0,[OpportunityCardData_id:33]
6566003,809,0:36:28,0,[OpportunityCardData_id:33,PriorityData_type:2,false]
6566003,810,0:36:29,0,[OpportunityCardData_id:33,PriorityData_type:5,15,PriorityData_type:2,5]
6566003,814,0:36:34,0,[1]
6566003,815,0:36:34,0,1,OpportunityCardData_id:7
6566003,816,0:36:35,0,1,OpportunityCardData_id:7
6566003,803,0:36:36,0,[OpportunityCardData_id:7,OpportunityCardConsequencesData_logId:0]
6566003,803,0:36:37,0,[OpportunityCardData_id:7,OpportunityCardConsequencesData_logId:1]
6566003,803,0:36:37,0,[OpportunityCardData_id:7,OpportunityCardConsequencesData_logId:2]
6566003,805,0:36:39,0,[OpportunityCardData_id:7]
6566003,807,0:36:40,0,[OpportunityCardData_id:7]
6566003,808,0:36:42,0,[OpportunityCardData_id:7]
6566003,809,0:36:52,0,[OpportunityCardData_id:7,PriorityData_type:4,false]
6566003,810,0:36:54,0,[OpportunityCardData_id:7,PriorityData_type:1,20,PriorityData_type:4,15]
6566003,814,0:37:2,0,[0]
6566003,815,0:37:2,0,0,OpportunityCardData_id:0
6566003,816,0:37:3,0,0,OpportunityCardData_id:0
6566003,803,0:37:4,0,[OpportunityCardData_id:0,OpportunityCardConsequencesData_logId:1]
6566003,805,0:37:7,0,[OpportunityCardData_id:0]
6566003,806,0:37:12,0,[OpportunityCardData_id:0,PriorityData_type:3]
6566003,807,0:37:12,0,[OpportunityCardData_id:0]
6566003,808,0:37:14,0,[OpportunityCardData_id:0]
6566003,809,0:37:20,0,[OpportunityCardData_id:0,PriorityData_type:2,false]
6566003,810,0:37:21,0,[OpportunityCardData_id:0,PriorityData_type:0,15,PriorityData_type:2,10]
6566003,814,0:37:23,0,[4]
6566003,815,0:37:23,0,4,OpportunityCardData_id:26
6566003,815,0:37:25,0,4,OpportunityCardData_id:27
6566003,816,0:37:25,0,4,OpportunityCardData_id:27
6566003,803,0:37:26,0,[OpportunityCardData_id:27,OpportunityCardConsequencesData_logId:0]
6566003,803,0:37:26,0,[OpportunityCardData_id:27,OpportunityCardConsequencesData_logId:2]
6566003,803,0:37:27,0,[OpportunityCardData_id:27,OpportunityCardConsequencesData_logId:1]
6566003,805,0:37:28,0,[OpportunityCardData_id:27]
6566003,807,0:37:28,0,[OpportunityCardData_id:27]
6566003,808,0:37:30,0,[OpportunityCardData_id:27]
6566003,809,0:37:36,0,[OpportunityCardData_id:27,PriorityData_type:5,false]
6566003,810,0:37:37,0,[OpportunityCardData_id:27,PriorityData_type:4,15,PriorityData_type:5,15]
6566003,811,0:37:41,0,[OpportunityCardData_id:27,PriorityData_type:2,80,75,PriorityData_type:4,70,60]
6566003,1001,0:37:42,0,[]
6566003,1003,0:37:42,1
6566003,210,0:37:47,977,452
6566003,211,0:37:51,910,476
6566003,210,0:37:53,956,449
6566003,211,0:37:53,962,452
6566003,212,0:37:53,2
6566003,210,0:37:54,988,457
6566003,211,0:37:59,343,302
6566003,207,0:37:59,0,-400,-325
6566003,210,0:37:59,275,140
6566003,207,0:38:0,0,-325,-55
6566003,211,0:38:1,253,152
6566003,213,0:38:1,0,s_flag_gen,false
6566003,1003,0:38:4,2
6566003,1004,0:38:5,0
6566003,900,0:38:6,0,[]
6566003,901,0:38:8,0,[PeopleData_id:1]
6566003,904,0:38:8,0,[PeopleData_id:1]
6566003,902,0:38:9,0,[PeopleData_id:1,PeopleData_data0Type]
6566003,903,0:38:11,0,[PeopleData_id1,PeopleData_data0Type]
6566003,901,0:38:12,0,[PeopleData_id:1]
6566003,904,0:38:12,0,[PeopleData_id:1]
6566003,905,0:38:13,0,[PeopleData_id:1,RankTypes_id:-1,RankTypes_id:0]
6566003,901,0:38:15,0,[PeopleData_id:3]
6566003,902,0:38:16,0,[PeopleData_id:3,PeopleData_data0Type]
6566003,903,0:38:19,0,[PeopleData_id3,PeopleData_data0Type]
6566003,902,0:38:20,0,[PeopleData_id:3,PeopleData_data1Type]
6566003,903,0:38:24,0,[PeopleData_id3,PeopleData_data1Type]
6566003,902,0:38:25,0,[PeopleData_id:3,PeopleData_data1Type]
6566003,903,0:38:25,0,[PeopleData_id3,PeopleData_data1Type]
6566003,902,0:38:26,0,[PeopleData_id:3,PeopleData_data2Type]
6566003,903,0:38:30,0,[PeopleData_id3,PeopleData_data2Type]
6566003,901,0:38:30,0,[PeopleData_id:2]
6566003,904,0:38:30,0,[PeopleData_id:2]
6566003,901,0:38:31,0,[PeopleData_id:3]
6566003,901,0:38:31,0,[PeopleData_id:3]
6566003,904,0:38:31,0,[PeopleData_id:3]
6566003,901,0:38:35,0,[PeopleData_id:3]
6566003,904,0:38:35,0,[PeopleData_id:3]
6566003,905,0:38:35,0,[PeopleData_id:3,RankTypes_id:-1,RankTypes_id:2]
6566003,901,0:38:36,0,[PeopleData_id:2]
6566003,902,0:38:37,0,[PeopleData_id:2,PeopleData_data0Type]
6566003,903,0:38:39,0,[PeopleData_id2,PeopleData_data0Type]
6566003,902,0:38:40,0,[PeopleData_id:2,PeopleData_data1Type]
6566003,903,0:38:42,0,[PeopleData_id2,PeopleData_data1Type]
6566003,902,0:38:43,0,[PeopleData_id:2,PeopleData_data2Type]
6566003,903,0:38:44,0,[PeopleData_id2,PeopleData_data2Type]
6566003,901,0:38:44,0,[PeopleData_id:2]
6566003,904,0:38:44,0,[PeopleData_id:2]
6566003,905,0:38:47,0,[PeopleData_id:2,RankTypes_id:-1,RankTypes_id:1]
6566003,901,0:38:47,0,[PeopleData_id:0]
6566003,904,0:38:48,0,[PeopleData_id:0]
6566003,902,0:38:48,0,[PeopleData_id:0,PeopleData_data0Type]
6566003,903,0:38:50,0,[PeopleData_id0,PeopleData_data0Type]
6566003,902,0:38:51,0,[PeopleData_id:0,PeopleData_data1Type]
6566003,903,0:38:54,0,[PeopleData_id0,PeopleData_data1Type]
6566003,901,0:38:54,0,[PeopleData_id:0]
6566003,904,0:38:54,0,[PeopleData_id:0]
6566003,905,0:38:55,0,[PeopleData_id:0,RankTypes_id:-1,RankTypes_id:3]
6566003,901,0:38:58,0,[PeopleData_id:4]
6566003,902,0:38:59,0,[PeopleData_id:4,PeopleData_data0Type]
6566003,903,0:39:1,0,[PeopleData_id4,PeopleData_data0Type]
6566003,902,0:39:2,0,[PeopleData_id:4,PeopleData_data1Type]
6566003,903,0:39:4,0,[PeopleData_id4,PeopleData_data1Type]
6566003,902,0:39:5,0,[PeopleData_id:4,PeopleData_data2Type]
6566003,903,0:39:8,0,[PeopleData_id4,PeopleData_data2Type]
6566003,902,0:39:9,0,[PeopleData_id:4,PeopleData_data3Type]
6566003,903,0:39:11,0,[PeopleData_id4,PeopleData_data3Type]
6566003,901,0:39:11,0,[PeopleData_id:4]
6566003,904,0:39:11,0,[PeopleData_id:4]
6566003,905,0:39:13,0,[PeopleData_id:4,RankTypes_id:-1,RankTypes_id:0]
6566003,906,0:39:13,0,[]
6566003,907,0:39:15,0,[]
6566003,908,0:39:15,0,[InvitationData_id:10,PeopleData_id:2,RankTypes_id:1]
6566003,909,0:39:19,0,[InvitationData_id:10,PeopleData_id:2,RankTypes_id:1,0]
6566003,910,0:39:21,0,[InvitationData_id:10,0,false]
6566003,908,0:39:21,0,[InvitationData_id:3,PeopleData_id:3,RankTypes_id:2]
6566003,909,0:39:23,0,[InvitationData_id:3,PeopleData_id:3,RankTypes_id:2,1]
6566003,910,0:39:24,0,[InvitationData_id:3,5,false]
6566003,908,0:39:24,0,[InvitationData_id:1,PeopleData_id:0,RankTypes_id:3]
6566003,909,0:39:26,0,[InvitationData_id:1,PeopleData_id:0,RankTypes_id:3,1]
6566003,910,0:39:27,0,[InvitationData_id:1,7,false]
6566003,908,0:39:27,0,[InvitationData_id:6,PeopleData_id:0,RankTypes_id:3]
6566003,909,0:39:31,0,[InvitationData_id:6,PeopleData_id:0,RankTypes_id:3,1]
6566003,910,0:39:32,0,[InvitationData_id:6,7,false]
6566003,908,0:39:32,0,[InvitationData_id:4,PeopleData_id:2,RankTypes_id:1]
6566003,909,0:39:34,0,[InvitationData_id:4,PeopleData_id:2,RankTypes_id:1,0]
6566003,910,0:39:35,0,[InvitationData_id:4,0,false]
6566003,908,0:39:35,0,[InvitationData_id:2,PeopleData_id:2,RankTypes_id:1]
6566003,909,0:39:37,0,[InvitationData_id:2,PeopleData_id:2,RankTypes_id:1,0]
6566003,910,0:39:37,0,[InvitationData_id:2,0,false]
6566003,908,0:39:37,0,[InvitationData_id:8,PeopleData_id:0,RankTypes_id:3]
6566003,909,0:39:40,0,[InvitationData_id:8,PeopleData_id:0,RankTypes_id:3,1]
6566003,910,0:39:41,0,[InvitationData_id:8,7,false]
6566003,908,0:39:41,0,[InvitationData_id:0,PeopleData_id:0,RankTypes_id:3]
6566003,909,0:39:43,0,[InvitationData_id:0,PeopleData_id:0,RankTypes_id:3,1]
6566003,910,0:39:43,0,[InvitationData_id:0,7,false]
6566003,911,0:39:45,0,[33,0,0,0]
6566003,1001,0:39:46,0,[]
6566003,1003,0:39:46,2
6566003,210,0:39:52,910,352
6566003,207,0:39:55,0,-400,-55
6566003,211,0:39:55,268,152
6566003,213,0:39:55,0,s_flag_gen,false
6566003,212,0:40:8,1
6566003,212,0:40:8,0
6566003,210,0:40:9,1216,308
6566003,211,0:40:10,971,452
6566003,213,0:40:10,0,c_bestFriend_M_a_G7a1P,true
6566003,1003,0:40:12,0
6566003,1004,0:40:14,0
6566003,400,0:40:16,0,[]
6566003,401,0:40:27,0,[StatementsData_logId:0]
6566003,402,0:40:34,0,[StatementsData_logId:0,false]
6566003,405,0:40:36,0,[StatementsData_logId:0]
6566003,406,0:40:41,0,[StatementsData_logId:0,-2]
6566003,411,0:40:44,0,[StatementsData_logId:0]
6566003,401,0:40:51,0,[StatementsData_logId:1]
6566003,402,0:40:52,0,[StatementsData_logId:1,true]
6566003,405,0:40:53,0,[StatementsData_logId:1]
6566003,406,0:41:0,0,[StatementsData_logId:1,2]
6566003,411,0:41:2,0,[StatementsData_logId:1]
6566003,401,0:41:11,0,[StatementsData_logId:2]
6566003,404,0:41:13,0,[StatementsData_logId:2,true]
6566003,406,0:41:15,0,[StatementsData_logId:2,2]
6566003,412,0:41:20,0,[StatementsData_logId:2]
6566003,413,0:41:23,0,[StatementsData_logId:2,DuelResponsesData_logId:3]
6566003,414,0:41:32,0,[StatementsData_logId:2,DuelResponsesData_logId:3]
6566003,415,0:41:45,0,[StatementsData_logId:2,DuelResponsesData_logId:3,DuelResponsesData_ok_player_response]
6566003,416,0:41:46,0,[StatementsData_logId:2,DuelResponsesData_logId:3]
6566003,417,0:41:49,0,[StatementsData_logId:2,DuelResponsesData_logId:3]
6566003,413,0:41:56,0,[StatementsData_logId:2,DuelResponsesData_logId:4]
6566003,414,0:41:58,0,[StatementsData_logId:2,DuelResponsesData_logId:4]
6566003,415,0:42:19,0,[StatementsData_logId:2,DuelResponsesData_logId:4,DuelResponsesData_witty_player_response]
6566003,416,0:42:20,0,[StatementsData_logId:2,DuelResponsesData_logId:4]
6566003,417,0:42:25,0,[StatementsData_logId:2,DuelResponsesData_logId:4]
6566003,413,0:42:32,0,[StatementsData_logId:2,DuelResponsesData_logId:5]
6566003,414,0:42:34,0,[StatementsData_logId:2,DuelResponsesData_logId:5]
6566003,415,0:42:46,0,[StatementsData_logId:2,DuelResponsesData_logId:5,DuelResponsesData_witty_player_response]
6566003,416,0:42:47,0,[StatementsData_logId:2,DuelResponsesData_logId:5]
6566003,417,0:42:53,0,[StatementsData_logId:2,DuelResponsesData_logId:5]
6566003,418,0:42:53,0,[StatementsData_logId:2,true]
6566003,419,0:42:57,0,[StatementsData_logId:2,4]
6566003,411,0:42:59,0,[StatementsData_logId:2]
6566003,401,0:43:0,0,[StatementsData_logId:3]
6566003,403,0:43:2,0,[StatementsData_logId:3,true]
6566003,405,0:43:3,0,[StatementsData_logId:3]
6566003,406,0:43:5,0,[StatementsData_logId:3,2]
6566003,407,0:43:5,0,[StatementsData_logId:3,FactCardData_id:4]
6566003,407,0:43:5,0,[StatementsData_logId:3,FactCardData_id:5]
6566003,407,0:43:5,0,[StatementsData_logId:3,FactCardData_id:6]
6566003,407,0:43:5,0,[StatementsData_logId:3,FactCardData_id:3]
6566003,407,0:43:5,0,[StatementsData_logId:3,FactCardData_id:7]
6566003,407,0:43:5,0,[StatementsData_logId:3,FactCardData_id:0]
6566003,407,0:43:20,0,[StatementsData_logId:3,FactCardData_id:4]
6566003,407,0:43:20,0,[StatementsData_logId:3,FactCardData_id:4]
6566003,408,0:43:21,0,[StatementsData_logId:3,FactCardData_id:4,false]
6566003,406,0:43:25,0,[StatementsData_logId:3,-2]
6566003,411,0:43:26,0,[StatementsData_logId:3]
6566003,401,0:43:26,0,[StatementsData_logId:4]
6566003,404,0:43:28,0,[StatementsData_logId:4,false]
6566003,405,0:43:28,0,[StatementsData_logId:4]
6566003,406,0:43:30,0,[StatementsData_logId:4,-2]
6566003,411,0:43:30,0,[StatementsData_logId:4]
6566003,401,0:43:31,0,[StatementsData_logId:5]
6566003,402,0:43:32,0,[StatementsData_logId:5,false]
6566003,405,0:43:32,0,[StatementsData_logId:5]
6566003,406,0:43:34,0,[StatementsData_logId:5,-2]
6566003,411,0:43:35,0,[StatementsData_logId:5]
6566003,420,0:43:35,0,[34]
6566003,1005,0:43:35,0,[0,0,1]
6566003,1001,0:43:36,0,[]
6566003,1003,0:43:36,0
6566003,204,0:43:54,0
6566003,103,0:44:1
6566003,105,0:44:7
6566003,703,0:44:9,[|| EpilogueItem ID: 0 unlocked: false ||,|| EpilogueItem ID: 1 unlocked: false ||,|| EpilogueItem ID: 2 unlocked: false ||,|| EpilogueItem ID: 3 unlocked: false ||,|| EpilogueItem ID: 4 unlocked: false ||,|| EpilogueItem ID: 5 unlocked: false ||,|| EpilogueItem ID: 6 unlocked: false ||,|| EpilogueItem ID: 7 unlocked: false ||,|| EpilogueItem ID: 8 unlocked: false ||,|| EpilogueItem ID: 9 unlocked: false ||,|| EpilogueItem ID: 10 unlocked: false ||,|| EpilogueItem ID: 11 unlocked: false ||,|| EpilogueItem ID: 12 unlocked: false ||,|| EpilogueItem ID: 13 unlocked: false ||,|| EpilogueItem ID: 14 unlocked: false ||,|| EpilogueItem ID: 15 unlocked: false ||,|| EpilogueItem ID: 16 unlocked: false ||,|| EpilogueItem ID: 17 unlocked: false ||,|| EpilogueItem ID: 18 unlocked: false ||,|| EpilogueItem ID: 19 unlocked: false ||,|| EpilogueItem ID: 20 unlocked: false ||,|| EpilogueItem ID: 21 unlocked: false ||,|| EpilogueItem ID: 22 unlocked: false ||,|| EpilogueItem ID: 23 unlocked: false ||,|| EpilogueItem ID: 24 unlocked: false ||],0
6566003,706,0:44:13,(x=243, y=-100, w=1024, h=768),(x=242, y=-100, w=1024, h=768)
6566003,706,0:44:18,(x=893, y=-100, w=1024, h=768),(x=896, y=-100, w=1024, h=768)
6566003,706,0:44:21,(x=2529, y=-100, w=1024, h=768),(x=2528, y=-100, w=1024, h=768)
6566003,707,0:44:32,0,2
6566003,706,0:44:32,(x=2531, y=-100, w=1024, h=768),(x=2531, y=-100, w=1024, h=768)
6566003,708,0:44:33
6566003,1,0:44:33,10/8/2013 4:53:05pm,{"gameTime":2673392,"challengeStacks":[{"challengeScenes":[{"miniGameCards":[],"viewedAnimatic":true,"keyPoints":["c_bestFriend_M_a_G7a0","c_teacherEng_G7a0","s_flag_gen"],"unlocked":true,"touchableObjects":["c_bestFriend_M_a_G7a0","c_teacherEng_G7a0","s_vocabAssignment_G7a0","c_crewKid1_M_G7a0","s_doorClassroom_G7a0","s_atwoodPoster_gen","s_angelouPoster_gen","s_shakespearePoster_gen","s_poePoster_gen","c_friend1_M_a_G7a0","s_clock_G7a0","s_flag_gen","s_otherStudent1_G7a0"]},{"miniGameCards":[],"viewedAnimatic":true,"keyPoints":["c_teacherEng_G7a1N","c_bestFriend_M_a_G7a1N","s_paperPlayers_G7a1N"],"unlocked":true,"touchableObjects":["c_teacherEng_G7a1N","s_otherStudent2_G7a1N","s_otherStudent1_G7a1N","c_bestFriend_M_a_G7a1N","c_crewKid1_M_G7a1N","s_posterPlagiarism_gen","s_flag_gen","s_paperPlayers_G7a1N"]},{"miniGameCards":[],"viewedAnimatic":true,"keyPoints":[],"unlocked":true,"touchableObjects":[]}],"stackSize":3,"resolved":false},{"challengeScenes":[{"miniGameCards":[],"viewedAnimatic":false,"keyPoints":[],"unlocked":false,"touchableObjects":[]},{"miniGameCards":[],"viewedAnimatic":false,"keyPoints":[],"unlocked":false,"touchableObjects":[]},{"miniGameCards":[],"viewedAnimatic":false,"keyPoints":[],"unlocked":false,"touchableObjects":[]},{"miniGameCards":[],"viewedAnimatic":false,"keyPoints":[],"unlocked":false,"touchableObjects":[]},{"miniGameCards":[],"viewedAnimatic":false,"keyPoints":[],"unlocked":false,"touchableObjects":[]}],"stackSize":5,"resolved":false},{"challengeScenes":[{"miniGameCards":[],"viewedAnimatic":false,"keyPoints":[],"unlocked":false,"touchableObjects":[]},{"miniGameCards":[],"viewedAnimatic":false,"keyPoints":[],"unlocked":false,"touchableObjects":[]},{"miniGameCards":[],"viewedAnimatic":false,"keyPoints":[],"unlocked":false,"touchableObjects":[]},{"miniGameCards":[],"viewedAnimatic":false,"keyPoints":[],"unlocked":false,"touchableObjects":[]},{"miniGameCards":[],"viewedAnimatic":false,"keyPoints":[],"unlocked":false,"touchableObjects":[]},{"miniGameCards":[],"viewedAnimatic":false,"keyPoints":[],"unlocked":false,"touchableObjects":[]},{"miniGameCards":[],"viewedAnimatic":false,"keyPoints":[],"unlocked":false,"touchableObjects":[]}],"stackSize":7,"resolved":false},{"challengeScenes":[{"miniGameCards":[],"viewedAnimatic":false,"keyPoints":[],"unlocked":false,"touchableObjects":[]},{"miniGameCards":[],"viewedAnimatic":false,"keyPoints":[],"unlocked":false,"touchableObjects":[]},{"miniGameCards":[],"viewedAnimatic":false,"keyPoints":[],"unlocked":false,"touchableObjects":[]},{"miniGameCards":[],"viewedAnimatic":false,"keyPoints":[],"unlocked":false,"touchableObjects":[]},{"miniGameCards":[],"viewedAnimatic":false,"keyPoints":[],"unlocked":false,"touchableObjects":[]}],"stackSize":5,"resolved":false},{"challengeScenes":[{"miniGameCards":[],"viewedAnimatic":false,"keyPoints":[],"unlocked":false,"touchableObjects":[]},{"miniGameCards":[],"viewedAnimatic":false,"keyPoints":[],"unlocked":false,"touchableObjects":[]},{"miniGameCards":[],"viewedAnimatic":false,"keyPoints":[],"unlocked":false,"touchableObjects":[]},{"miniGameCards":[],"viewedAnimatic":false,"keyPoints":[],"unlocked":false,"touchableObjects":[]},{"miniGameCards":[],"viewedAnimatic":false,"keyPoints":[],"unlocked":false,"touchableObjects":[]}],"stackSize":5,"resolved":false},{"challengeScenes":[{"miniGameCards":[],"viewedAnimatic":false,"keyPoints":[],"unlocked":false,"touchableObjects":[]},{"miniGameCards":[],"viewedAnimatic":false,"keyPoints":[],"unlocked":false,"touchableObjects":[]},{"miniGameCards":[],"viewedAnimatic":false,"keyPoints":[],"unlocked":false,"touchableObjects":[]},{"miniGameCards":[],"viewedAnimatic":false,"keyPoints":[],"unlocked":false,"touchableObjects":[]},{"miniGameCards":[],"viewedAnimatic":false,"keyPoints":[],"unlocked":false,"touchableObjects":[]}],"stackSize":5,"resolved":false},{"challengeScenes":[{"miniGameCards":[],"viewedAnimatic":false,"keyPoints":[],"unlocked":false,"touchableObjects":[]},{"miniGameCards":[],"viewedAnimatic":false,"keyPoints":[],"unlocked":false,"touchableObjects":[]},{"miniGameCards":[],"viewedAnimatic":false,"keyPoints":[],"unlocked":false,"touchableObjects":[]},{"miniGameCards":[],"viewedAnimatic":false,"keyPoints":[],"unlocked":false,"touchableObjects":[]},{"miniGameCards":[],"viewedAnimatic":false,"keyPoints":[],"unlocked":false,"touchableObjects":[]}],"stackSize":5,"resolved":false},{"challengeScenes":[{"miniGameCards":[],"viewedAnimatic":false,"keyPoints":[],"unlocked":false,"touchableObjects":[]},{"miniGameCards":[],"viewedAnimatic":false,"keyPoints":[],"unlocked":false,"touchableObjects":[]},{"miniGameCards":[],"viewedAnimatic":false,"keyPoints":[],"unlocked":false,"touchableObjects":[]},{"miniGameCards":[],"viewedAnimatic":false,"keyPoints":[],"unlocked":false,"touchableObjects":[]},{"miniGameCards":[],"viewedAnimatic":false,"keyPoints":[],"unlocked":false,"touchableObjects":[]}],"stackSize":5,"resolved":false},{"challengeScenes":[{"miniGameCards":[],"viewedAnimatic":false,"keyPoints":[],"unlocked":false,"touchableObjects":[]},{"miniGameCards":[],"viewedAnimatic":false,"keyPoints":[],"unlocked":false,"touchableObjects":[]},{"miniGameCards":[],"viewedAnimatic":false,"keyPoints":[],"unlocked":false,"touchableObjects":[]},{"miniGameCards":[],"viewedAnimatic":false,"keyPoints":[],"unlocked":false,"touchableObjects":[]},{"miniGameCards":[],"viewedAnimatic":false,"keyPoints":[],"unlocked":false,"touchableObjects":[]}],"stackSize":5,"resolved":false},{"challengeScenes":[{"miniGameCards":[],"viewedAnimatic":false,"keyPoints":[],"unlocked":false,"touchableObjects":[]},{"miniGameCards":[],"viewedAnimatic":false,"keyPoints":[],"unlocked":false,"touchableObjects":[]},{"miniGameCards":[],"viewedAnimatic":false,"keyPoints":[],"unlocked":false,"touchableObjects":[]},{"miniGameCards":[],"viewedAnimatic":false,"keyPoints":[],"unlocked":false,"touchableObjects":[]},{"miniGameCards":[],"viewedAnimatic":false,"keyPoints":[],"unlocked":false,"touchableObjects":[]}],"stackSize":5,"resolved":false},{"challengeScenes":[{"miniGameCards":[],"viewedAnimatic":false,"keyPoints":[],"unlocked":false,"touchableObjects":[]},{"miniGameCards":[],"viewedAnimatic":false,"keyPoints":[],"unlocked":false,"touchableObjects":[]},{"miniGameCards":[],"viewedAnimatic":false,"keyPoints":[],"unlocked":false,"touchableObjects":[]},{"miniGameCards":[],"viewedAnimatic":false,"keyPoints":[],"unlocked":false,"touchableObjects":[]},{"miniGameCards":[],"viewedAnimatic":false,"keyPoints":[],"unlocked":false,"touchableObjects":[]}],"stackSize":5,"resolved":false},{"challengeScenes":[{"miniGameCards":[],"viewedAnimatic":false,"keyPoints":[],"unlocked":false,"touchableObjects":[]},{"miniGameCards":[],"viewedAnimatic":false,"keyPoints":[],"unlocked":false,"touchableObjects":[]},{"miniGameCards":[],"viewedAnimatic":false,"keyPoints":[],"unlocked":false,"touchableObjects":[]},{"miniGameCards":[],"viewedAnimatic":false,"keyPoints":[],"unlocked":false,"touchableObjects":[]},{"miniGameCards":[],"viewedAnimatic":false,"keyPoints":[],"unlocked":false,"touchableObjects":[]}],"stackSize":5,"resolved":false},{"challengeScenes":[{"miniGameCards":[],"viewedAnimatic":false,"keyPoints":[],"unlocked":true,"touchableObjects":["c_player_cauc_M_a_G0a0","c_family_cauc_a_G0a0","c_friends_G0a0"]},{"miniGameCards":[],"viewedAnimatic":false,"keyPoints":["c_home_G0a1N","c_family_cauc_a_G0a1N","c_job_G0a1N"],"unlocked":true,"touchableObjects":["c_home_G0a1N","c_family_cauc_a_G0a1N","c_job_G0a1N"]},{"miniGameCards":[],"viewedAnimatic":false,"keyPoints":["c_kidsister_cauc_a_G0a1P","c_grandma_cauc_a_G0a1P","c_Teacher_G0a1P","c_mom_cauc_a_G0a1P","c_dad_cauc_a_G0a1P","c_Nurse_G0a1P"],"unlocked":true,"touchableObjects":["c_kidsister_cauc_a_G0a1P","c_grandma_cauc_a_G0a1P","c_friends_G0a1P","c_Teacher_G0a1P","c_cousins_M_a_G0a1P","c_mom_cauc_a_G0a1P","c_dad_cauc_a_G0a1P","c_Nurse_G0a1P"]}],"stackSize":3,"resolved":true}],"sessionId":1,"epilogue":{"rating":2},"playerId":6566003,"session":[{"sceneId":"1P","stackId":12},{"sceneId":"1P","stackId":0}],"minigames":[{"levelSaveData":[{"starRating":1,"unlocked":true},{"starRating":0,"unlocked":false},{"starRating":0,"unlocked":false},{"starRating":0,"unlocked":false},{"starRating":0,"unlocked":false},{"starRating":0,"unlocked":false},{"starRating":0,"unlocked":false},{"starRating":0,"unlocked":false},{"starRating":0,"unlocked":false},{"starRating":0,"unlocked":false}],"skillPoints":1},{"levelSaveData":[{"starRating":2,"unlocked":true},{"starRating":0,"unlocked":false},{"starRating":0,"unlocked":false},{"starRating":0,"unlocked":false},{"starRating":0,"unlocked":false},{"starRating":0,"unlocked":false},{"starRating":0,"unlocked":false},{"starRating":0,"unlocked":false},{"starRating":0,"unlocked":false},{"starRating":0,"unlocked":false}],"skillPoints":2},{"levelSaveData":[{"starRating":2,"unlocked":true},{"starRating":0,"unlocked":false},{"starRating":0,"unlocked":false},{"starRating":0,"unlocked":false},{"starRating":0,"unlocked":false},{"starRating":0,"unlocked":false},{"starRating":0,"unlocked":false},{"starRating":0,"unlocked":false},{"starRating":0,"unlocked":false},{"starRating":0,"unlocked":false}],"skillPoints":2},{"levelSaveData":[{"starRating":0,"unlocked":false},{"starRating":0,"unlocked":false},{"starRating":0,"unlocked":false},{"starRating":0,"unlocked":false},{"starRating":0,"unlocked":false},{"starRating":0,"unlocked":false},{"starRating":0,"unlocked":false},{"starRating":0,"unlocked":false},{"starRating":0,"unlocked":false},{"starRating":0,"unlocked":false}],"skillPoints":0},{"age":13,"name":"young_quis","gender":0,"levelSaveData":[{"starRating":3,"unlocked":true},{"starRating":3,"chunks":[["2"],["10$$funny","0$$angle"],["6$$muisc","7$$movies","8$$play sports"],["1"]],"unlocked":true},{"starRating":0,"chunks":[[null],[null,null],[null,null]],"unlocked":false},{"starRating":0,"chunks":[[null],[null],[null],[null],[null,null],[null]],"unlocked":false},{"starRating":0,"chunks":[[null],[null],[null,null],[null],[null],[null]],"unlocked":false},{"starRating":0,"chunks":[[null],[null,null,null,null],[null],[null]],"unlocked":false},{"starRating":0,"chunks":[[null],[null],[null,null],[null,null],[null]],"unlocked":false},{"starRating":0,"chunks":[[null,null,null],[null,null,null],[null],[null],[null]],"unlocked":false},{"starRating":0,"chunks":[[null,null,null],[null,null,null],[null,null]],"unlocked":false},{"starRating":0,"chunks":[[null],[null],[null],[null],[null],[null]],"unlocked":false}],"visualAvatar":0,"id":1,"skillPoints":6}],"avatar":{"age":13,"name":"young_quis","gender":0,"levelSaveData":[{"starRating":3,"unlocked":true},{"starRating":3,"chunks":[["2"],["10$$funny","0$$angle"],["6$$muisc","7$$movies","8$$play sports"],["1"]],"unlocked":true},{"starRating":0,"chunks":[[null],[null,null],[null,null]],"unlocked":false},{"starRating":0,"chunks":[[null],[null],[null],[null],[null,null],[null]],"unlocked":false},{"starRating":0,"chunks":[[null],[null],[null,null],[null],[null],[null]],"unlocked":false},{"starRating":0,"chunks":[[null],[null,null,null,null],[null],[null]],"unlocked":false},{"starRating":0,"chunks":[[null],[null],[null,null],[null,null],[null]],"unlocked":false},{"starRating":0,"chunks":[[null,null,null],[null,null,null],[null],[null],[null]],"unlocked":false},{"starRating":0,"chunks":[[null,null,null],[null,null,null],[null,null]],"unlocked":false},{"starRating":0,"chunks":[[null],[null],[null],[null],[null],[null]],"unlocked":false}],"visualAvatar":0,"id":1,"skillPoints":6}}
