6427018,0,11:27:27,8/2/2013 8:37:32am
6427018,100,11:28:2,8
6427018,101,11:28:3,8
6427018,300,11:28:4
6427018,100,11:28:10,8
6427018,102,11:28:11,8
6427018,200,11:28:11,8,16,16,16,20,27
6427018,210,11:28:14,773,500
6427018,211,11:28:18,115,410
6427018,212,11:28:19,2
6427018,210,11:28:19,428,419
6427018,211,11:28:20,423,406
6427018,213,11:28:20,8,c_friend1_M_G11a0,false
6427018,1003,11:28:23,2
6427018,221,11:28:28,8
6427018,220,11:28:32,8
6427018,219,11:28:33,8
6427018,216,11:28:34,Stack_G11a1N
6427018,217,11:28:51,Stack_G11a1N,14,1.7
6427018,218,11:28:52,8
6427018,210,11:28:53,522,423
6427018,211,11:28:58,1267,537
6427018,207,11:28:58,8,-200,-260
6427018,210,11:28:59,1357,536
6427018,207,11:28:59,8,-260,-512
6427018,211,11:29:1,1347,566
6427018,213,11:29:1,8,s_computer_M_gen,true
6427018,210,11:29:5,913,405
6427018,207,11:29:7,8,-512,0
6427018,211,11:29:10,862,428
6427018,212,11:29:11,1
6427018,210,11:29:11,676,365
6427018,207,11:29:15,8,0,-195
6427018,211,11:29:15,1082,346
6427018,212,11:29:16,0
6427018,210,11:29:16,1000,287
6427018,207,11:29:17,8,-195,-255
6427018,207,11:29:18,8,-255,-465
6427018,207,11:29:19,8,-465,-512
6427018,211,11:29:19,1384,472
6427018,210,11:29:20,1347,582
6427018,211,11:29:21,1078,505
6427018,213,11:29:21,8,s_basketball_M_gen,true
6427018,1003,11:29:24,0
6427018,221,11:29:31,8
6427018,220,11:29:32,8
6427018,210,11:29:36,665,166
6427018,211,11:29:39,1014,288
6427018,210,11:29:40,866,390
6427018,211,11:29:40,793,466
6427018,204,11:29:41,8
6427018,100,11:29:44,6
6427018,102,11:29:44,6
6427018,200,11:29:44,6,16,16,16,20,27
6427018,221,11:29:49,6
6427018,220,11:29:52,6
6427018,1003,11:29:52,3
6427018,1004,11:29:55,2
6427018,500,11:29:59,2,[]
6427018,501,11:29:59,2,[]
6427018,502,11:30:2,2,[IntentionData_logId:4,true]
6427018,503,11:30:3,2,[]
6427018,504,11:30:6,2,[InfluenceData_logId:6]
6427018,504,11:30:7,2,[InfluenceData_logId:3]
6427018,504,11:30:8,2,[InfluenceData_logId:0]
6427018,505,11:30:8,2,[InfluenceData_logId:0,true,InfluenceData_logId:3,true,InfluenceData_logId:6,true]
6427018,506,11:30:9,2,[]
6427018,507,11:30:18,2,[OpponentAttackData_logId:2,OpponentAttackTypeData_logId:3,true,0]
6427018,508,11:30:20,2,[]
6427018,509,11:30:24,2,[RefusalData_logId:4,2]
6427018,510,11:30:32,2,[AvailableRefusalData_logId:4,0B]
6427018,510,11:30:36,2,[AvailableRefusalData_logId:4,0C]
6427018,510,11:30:42,2,[AvailableRefusalData_logId:4,0B]
6427018,510,11:30:45,2,[AvailableRefusalData_logId:4,0A]
6427018,510,11:30:49,2,[AvailableRefusalData_logId:4,1C]
6427018,510,11:30:50,2,[AvailableRefusalData_logId:4,2C]
6427018,511,11:30:51,2,[AvailableRefusalData_logId:4,0A,1C,2C,false,0]
6427018,512,11:30:52,2,[]
6427018,513,11:30:52,2,[30]
6427018,514,11:30:55,2,[]
6427018,507,11:30:59,2,[OpponentAttackData_logId:3,OpponentAttackTypeData_logId:4,true,0]
6427018,508,11:31:3,2,[]
6427018,509,11:31:5,2,[RefusalData_logId:2,2]
6427018,510,11:31:10,2,[AvailableRefusalData_logId:2,0A]
6427018,510,11:31:12,2,[AvailableRefusalData_logId:2,1A]
6427018,510,11:31:12,2,[AvailableRefusalData_logId:2,2A]
6427018,511,11:31:13,2,[AvailableRefusalData_logId:2,0A,1A,2A,true,50]
6427018,512,11:31:15,2,[]
6427018,513,11:31:15,2,[0]
6427018,514,11:31:15,2,[]
6427018,507,11:31:19,2,[OpponentAttackData_logId:1,OpponentAttackTypeData_logId:1,true,0]
6427018,508,11:31:20,2,[]
6427018,509,11:31:26,2,[RefusalData_logId:8,2]
6427018,510,11:31:33,2,[AvailableRefusalData_logId:8,0A]
6427018,510,11:31:34,2,[AvailableRefusalData_logId:8,1A]
6427018,510,11:31:35,2,[AvailableRefusalData_logId:8,2A]
6427018,511,11:31:36,2,[AvailableRefusalData_logId:8,0A,1A,2A,true,50]
6427018,512,11:31:39,2,[]
6427018,515,11:31:39,2,[120,0]
6427018,516,11:31:40,2,[]
6427018,517,11:31:41,2,[]
6427018,1005,11:31:41,2,[3,2,3]
6427018,1001,11:31:42,2,[]
6427018,1003,11:31:42,3
6427018,221,11:31:45,6
6427018,220,11:31:46,6
6427018,203,11:31:46,6
6427018,100,11:31:53,7
6427018,102,11:31:54,7
6427018,200,11:31:54,7,16,16,16,21,27
6427018,219,11:31:54,7
6427018,216,11:31:55,Stack_G10b0
6427018,217,11:32:16,Stack_G10b0,18,0.67
6427018,218,11:32:17,7
6427018,210,11:32:18,814,405
6427018,207,11:32:20,7,-200,-410
6427018,207,11:32:23,7,-410,-140
6427018,211,11:32:23,512,509
6427018,212,11:32:24,2
6427018,210,11:32:24,791,518
6427018,211,11:32:26,541,525
6427018,213,11:32:26,7,c_crush2_M_b_G10b0,true
6427018,205,11:32:26,7,c_crush2_M_b_G10b0,false,false
6427018,210,11:32:29,776,510
6427018,211,11:32:29,818,516
6427018,213,11:32:29,7,c_crewKid2_M_b_G10b0,true
6427018,205,11:32:29,7,c_crewKid2_M_b_G10b0,false,false
6427018,210,11:32:33,128,403
6427018,207,11:32:33,7,-140,-65
6427018,207,11:32:34,7,-65,0
6427018,211,11:32:37,251,241
6427018,213,11:32:37,7,s_billboard_G10b0,true
6427018,210,11:32:39,124,369
6427018,207,11:32:41,7,0,-450
6427018,211,11:32:42,1278,446
6427018,213,11:32:42,7,c_cousinsBrothersFriend_b_G10b0,true
6427018,210,11:32:45,932,451
6427018,211,11:32:45,932,451
6427018,210,11:32:45,1226,465
6427018,207,11:32:46,7,-450,-720
6427018,211,11:32:47,1504,452
6427018,213,11:32:47,7,c_cousinsBrother_b_G10b0,true
6427018,210,11:32:49,1487,351
6427018,207,11:32:50,7,-720,-1033.4
6427018,211,11:32:52,1791,441
6427018,207,11:32:53,7,-1033.4,-1033.4
6427018,210,11:32:53,1963,511
6427018,211,11:32:53,1966,524
6427018,212,11:32:53,1
6427018,207,11:32:54,7,-1033.4,-1033.4
6427018,210,11:32:54,1957,439
6427018,207,11:32:54,7,-1033.4,-1033.4
6427018,211,11:32:56,1789,448
6427018,213,11:32:56,7,c_crush1_M_b_G10b0,true
6427018,205,11:32:56,7,c_crush1_M_b_G10b0,false,false
6427018,210,11:32:59,1393,466
6427018,207,11:33:0,7,-1033.4,-838.4
6427018,211,11:33:1,1082,471
6427018,213,11:33:1,7,s_car1_G10b0,true
6427018,205,11:33:1,7,s_car1_G10b0,false,false
6427018,210,11:33:4,1074,429
6427018,207,11:33:5,7,-838.4,-763.4
6427018,211,11:33:6,1075,275
6427018,213,11:33:6,7,s_bar_G10b0,true
6427018,210,11:33:9,1633,239
6427018,207,11:33:12,7,-763.4,-373.4
6427018,211,11:33:12,658,355
6427018,213,11:33:12,7,s_car2_G10b0,true
6427018,205,11:33:12,7,s_car2_G10b0,false,false
6427018,210,11:33:16,303,525
6427018,211,11:33:16,303,525
6427018,207,11:33:16,7,-373.4,-298.4
6427018,207,11:33:16,7,-298.4,-253.4
6427018,210,11:33:16,362,502
6427018,207,11:33:17,7,-253.4,0
6427018,211,11:33:19,236,428
6427018,213,11:33:19,7,s_kidsGroup1_G10b0,true
6427018,205,11:33:19,7,s_kidsGroup1_G10b0,false,false
6427018,210,11:33:22,518,493
6427018,211,11:33:23,406,330
6427018,212,11:33:23,0
6427018,210,11:33:24,287,545
6427018,207,11:33:28,7,0,-300
6427018,211,11:33:29,727,223
6427018,213,11:33:29,7,s_trafficLight_G10b0,true
6427018,205,11:33:29,7,s_trafficLight_G10b0,false,false
6427018,210,11:33:33,765,377
6427018,207,11:33:36,7,-300,-1033.4
6427018,207,11:33:40,7,-1033.4,-1033.4
6427018,207,11:33:42,7,-1033.4,-898.4
6427018,207,11:33:44,7,-898.4,-193.4
6427018,211,11:33:46,483,481
6427018,212,11:33:47,2
6427018,212,11:33:47,1
6427018,210,11:33:47,617,498
6427018,207,11:33:50,7,-193.4,0
6427018,211,11:33:51,148,489
6427018,213,11:33:51,7,s_kidPointing_G10b0,true
6427018,205,11:33:51,7,s_kidPointing_G10b0,false,false
6427018,221,11:33:56,7
6427018,220,11:33:59,7
6427018,219,11:34:0,7
6427018,216,11:34:0,Stack_G10b1N
6427018,217,11:34:27,Stack_G10b1N,22,0.00
6427018,218,11:34:28,7
6427018,210,11:34:32,776,429
6427018,207,11:34:33,7,-200,-110
6427018,207,11:34:36,7,-110,-605
6427018,211,11:34:37,1283,438
6427018,213,11:34:37,7,s_carSmashed_G10b1N,true
6427018,205,11:34:37,7,s_carSmashed_G10b1N,false,false
6427018,210,11:34:41,1129,395
6427018,211,11:34:41,1111,398
6427018,213,11:34:41,7,s_policeCar_G10b1N,true
6427018,210,11:34:45,1058,476
6427018,211,11:34:47,882,345
6427018,213,11:34:47,7,s_barCrowd_G10b1N,true
6427018,212,11:34:52,2
6427018,210,11:34:52,1075,332
6427018,211,11:34:55,1123,426
6427018,213,11:34:55,7,c_policeOfficer_G10b1N,true
6427018,210,11:35:0,1117,536
6427018,207,11:35:1,7,-605,-1033.4
6427018,211,11:35:4,1879,384
6427018,213,11:35:4,7,c_cousinsBrothersFriend_b_G10b1N,true
6427018,205,11:35:4,7,c_cousinsBrothersFriend_b_G10b1N,false,false
6427018,210,11:35:7,1654,457
6427018,207,11:35:7,7,-1033.4,-1033.4
6427018,211,11:35:11,1789,513
6427018,213,11:35:11,7,c_crush1_M_b_G10b1N,true
6427018,212,11:35:14,1
6427018,210,11:35:14,1627,508
6427018,207,11:35:15,7,-1033.4,-1033.4
6427018,211,11:35:16,2001,606
6427018,212,11:35:16,0
6427018,207,11:35:16,7,-1033.4,-1033.4
6427018,210,11:35:17,1974,533
6427018,211,11:35:17,1870,534
6427018,210,11:35:17,1731,534
6427018,207,11:35:22,7,-1033.4,0
6427018,211,11:35:24,563,571
6427018,212,11:35:24,2
6427018,210,11:35:24,422,551
6427018,211,11:35:26,532,580
6427018,213,11:35:26,7,s_kidsHorrified_G10b1N,true
6427018,205,11:35:26,7,s_kidsHorrified_G10b1N,false,false
6427018,210,11:35:29,557,284
6427018,211,11:35:30,561,326
6427018,212,11:35:30,1
6427018,210,11:35:31,578,311
6427018,211,11:35:31,556,328
6427018,212,11:35:32,0
6427018,210,11:35:32,561,301
6427018,211,11:35:33,549,331
6427018,213,11:35:33,7,s_ambulance_G10b1N,true
6427018,210,11:35:37,519,463
6427018,211,11:35:42,952,494
6427018,221,11:35:44,7
6427018,220,11:35:47,7
6427018,1003,11:35:47,3
6427018,1004,11:35:48,7
6427018,500,11:35:51,7,[]
6427018,501,11:35:56,7,[]
6427018,502,11:36:5,7,[IntentionData_logId:3,true]
6427018,503,11:36:5,7,[]
6427018,504,11:36:8,7,[InfluenceData_logId:8]
6427018,504,11:36:11,7,[InfluenceData_logId:7]
6427018,504,11:36:14,7,[InfluenceData_logId:6]
6427018,504,11:36:17,7,[InfluenceData_logId:4]
6427018,504,11:36:20,7,[InfluenceData_logId:2]
6427018,504,11:36:22,7,[InfluenceData_logId:1]
6427018,504,11:36:24,7,[InfluenceData_logId:2]
6427018,504,11:36:25,7,[InfluenceData_logId:0]
6427018,504,11:36:27,7,[InfluenceData_logId:2]
6427018,505,11:36:28,7,[InfluenceData_logId:2,true,InfluenceData_logId:4,true,InfluenceData_logId:6,true]
6427018,506,11:36:29,7,[]
6427018,507,11:36:40,7,[OpponentAttackData_logId:2,OpponentAttackTypeData_logId:2,true,0]
6427018,508,11:36:42,7,[]
6427018,509,11:36:54,7,[RefusalData_logId:8,2]
6427018,510,11:36:56,7,[AvailableRefusalData_logId:8,0A]
6427018,510,11:36:58,7,[AvailableRefusalData_logId:8,1A]
6427018,510,11:37:1,7,[AvailableRefusalData_logId:8,0C]
6427018,510,11:37:4,7,[AvailableRefusalData_logId:8,0B]
6427018,510,11:37:7,7,[AvailableRefusalData_logId:8,0A]
6427018,510,11:37:9,7,[AvailableRefusalData_logId:8,2A]
6427018,511,11:37:9,7,[AvailableRefusalData_logId:8,0A,1A,2A,true,50]
6427018,512,11:37:12,7,[]
6427018,513,11:37:12,7,[0]
6427018,514,11:37:14,7,[]
6427018,507,11:37:24,7,[OpponentAttackData_logId:3,OpponentAttackTypeData_logId:0,false,30]
6427018,508,11:37:26,7,[]
6427018,509,11:37:30,7,[RefusalData_logId:9,1]
6427018,510,11:37:34,7,[AvailableRefusalData_logId:9,0B]
6427018,510,11:37:45,7,[AvailableRefusalData_logId:9,0A]
6427018,510,11:37:45,7,[AvailableRefusalData_logId:9,1A]
6427018,510,11:37:46,7,[AvailableRefusalData_logId:9,2A]
6427018,511,11:37:46,7,[AvailableRefusalData_logId:9,0A,1A,2A,true,30]
6427018,512,11:37:48,7,[]
6427018,513,11:37:48,7,[0]
6427018,514,11:37:49,7,[]
6427018,507,11:37:52,7,[OpponentAttackData_logId:1,OpponentAttackTypeData_logId:3,true,0]
6427018,508,11:37:54,7,[]
6427018,509,11:38:0,7,[RefusalData_logId:4,2]
6427018,510,11:38:3,7,[AvailableRefusalData_logId:4,0A]
6427018,510,11:38:9,7,[AvailableRefusalData_logId:4,0B]
6427018,510,11:38:9,7,[AvailableRefusalData_logId:4,1B]
6427018,510,11:38:12,7,[AvailableRefusalData_logId:4,2A]
6427018,511,11:38:13,7,[AvailableRefusalData_logId:4,0B,1B,2A,false,0]
6427018,512,11:38:15,7,[]
6427018,513,11:38:15,7,[30]
6427018,514,11:38:17,7,[]
6427018,507,11:38:28,7,[OpponentAttackData_logId:1,OpponentAttackTypeData_logId:0,false,30]
6427018,508,11:38:31,7,[]
6427018,509,11:38:33,7,[RefusalData_logId:3,2]
6427018,510,11:38:35,7,[AvailableRefusalData_logId:3,0C]
6427018,510,11:38:36,7,[AvailableRefusalData_logId:3,0A]
6427018,510,11:38:37,7,[AvailableRefusalData_logId:3,1A]
6427018,510,11:38:39,7,[AvailableRefusalData_logId:3,2A]
6427018,511,11:38:40,7,[AvailableRefusalData_logId:3,0A,1A,2A,true,50]
6427018,512,11:38:42,7,[]
6427018,515,11:38:42,7,[60,0]
6427018,516,11:38:43,7,[]
6427018,517,11:38:44,7,[]
6427018,1005,11:38:44,7,[3,0,2]
6427018,1001,11:38:46,7,[]
6427018,1003,11:38:46,3
6427018,221,11:38:49,7
6427018,220,11:38:50,7
6427018,219,11:38:50,7
6427018,216,11:38:52,Stack_G10b1P
6427018,217,11:39:6,Stack_G10b1P,13,0.00
6427018,218,11:39:7,7
6427018,210,11:39:8,1126,461
6427018,207,11:39:8,7,-200,-245
6427018,211,11:39:10,1050,381
6427018,212,11:39:11,2
6427018,210,11:39:11,822,291
6427018,207,11:39:12,7,-245,-200
6427018,211,11:39:13,214,457
6427018,207,11:39:13,7,-200,-185
6427018,207,11:39:13,7,-185,-140
6427018,210,11:39:13,237,463
6427018,211,11:39:14,821,289
6427018,212,11:39:14,1
6427018,210,11:39:15,777,332
6427018,207,11:39:18,7,-140,-991
6427018,211,11:39:19,1630,618
6427018,213,11:39:19,7,s_boomBox_G10b1P,true
6427018,210,11:39:21,1479,529
6427018,211,11:39:22,1454,602
6427018,213,11:39:22,7,s_keys_G10b1P,true
6427018,205,11:39:22,7,s_keys_G10b1P,false,false
6427018,210,11:39:25,1576,521
6427018,211,11:39:32,1659,529
6427018,213,11:39:32,7,c_crush1_M_b_G10b1P,true
6427018,205,11:39:32,7,c_crush1_M_b_G10b1P,false,false
6427018,207,11:39:35,7,-991,-991
6427018,207,11:39:35,7,-991,-991
6427018,210,11:39:36,1168,87
6427018,211,11:39:36,1199,140
6427018,212,11:39:37,0
6427018,210,11:39:37,1167,97
6427018,211,11:39:39,1214,147
6427018,212,11:39:40,2
6427018,210,11:39:40,1598,439
6427018,211,11:39:42,1577,608
6427018,213,11:39:42,7,s_boomBox_G10b1P,true
6427018,212,11:39:44,0
6427018,210,11:39:45,1286,93
6427018,211,11:39:45,1206,113
6427018,213,11:39:45,7,s_clock_G10b1P,true
6427018,1003,11:39:48,0
6427018,1004,11:39:51,9
6427018,400,11:39:53,9,[]
6427018,401,11:39:54,9,[StatementsData_logId:0]
6427018,404,11:40:4,9,[StatementsData_logId:0,true]
6427018,406,11:40:5,9,[StatementsData_logId:0,2]
6427018,412,11:40:6,9,[StatementsData_logId:0]
6427018,413,11:40:6,9,[StatementsData_logId:0,DuelResponsesData_logId:0]
6427018,414,11:40:8,9,[StatementsData_logId:0,DuelResponsesData_logId:0]
6427018,415,11:40:9,9,[StatementsData_logId:0,DuelResponsesData_logId:0,DuelResponsesData_ok_player_response]
6427018,416,11:40:10,9,[StatementsData_logId:0,DuelResponsesData_logId:0]
6427018,417,11:40:10,9,[StatementsData_logId:0,DuelResponsesData_logId:0]
6427018,413,11:40:11,9,[StatementsData_logId:0,DuelResponsesData_logId:1]
6427018,414,11:40:11,9,[StatementsData_logId:0,DuelResponsesData_logId:1]
6427018,415,11:40:13,9,[StatementsData_logId:0,DuelResponsesData_logId:1,DuelResponsesData_witty_player_response]
6427018,416,11:40:14,9,[StatementsData_logId:0,DuelResponsesData_logId:1]
6427018,417,11:40:14,9,[StatementsData_logId:0,DuelResponsesData_logId:1]
6427018,413,11:40:15,9,[StatementsData_logId:0,DuelResponsesData_logId:2]
6427018,414,11:40:15,9,[StatementsData_logId:0,DuelResponsesData_logId:2]
6427018,415,11:40:21,9,[StatementsData_logId:0,DuelResponsesData_logId:2,DuelResponsesData_witty_player_response]
6427018,416,11:40:21,9,[StatementsData_logId:0,DuelResponsesData_logId:2]
6427018,417,11:40:22,9,[StatementsData_logId:0,DuelResponsesData_logId:2]
6427018,418,11:40:22,9,[StatementsData_logId:0,true]
6427018,419,11:40:22,9,[StatementsData_logId:0,4]
6427018,411,11:40:24,9,[StatementsData_logId:0]
6427018,401,11:40:25,9,[StatementsData_logId:1]
6427018,403,11:40:36,9,[StatementsData_logId:1,true]
6427018,405,11:40:37,9,[StatementsData_logId:1]
6427018,406,11:40:37,9,[StatementsData_logId:1,2]
6427018,407,11:40:37,9,[StatementsData_logId:1,FactCardData_id:1]
6427018,407,11:40:37,9,[StatementsData_logId:1,FactCardData_id:13]
6427018,407,11:40:37,9,[StatementsData_logId:1,FactCardData_id:17]
6427018,407,11:40:37,9,[StatementsData_logId:1,FactCardData_id:9]
6427018,407,11:40:37,9,[StatementsData_logId:1,FactCardData_id:11]
6427018,407,11:40:37,9,[StatementsData_logId:1,FactCardData_id:4]
6427018,407,11:40:41,9,[StatementsData_logId:1,FactCardData_id:4]
6427018,407,11:40:41,9,[StatementsData_logId:1,FactCardData_id:4]
6427018,407,11:40:44,9,[StatementsData_logId:1,FactCardData_id:13]
6427018,407,11:40:44,9,[StatementsData_logId:1,FactCardData_id:4]
6427018,407,11:40:44,9,[StatementsData_logId:1,FactCardData_id:13]
6427018,408,11:40:45,9,[StatementsData_logId:1,FactCardData_id:13,true]
6427018,409,11:40:45,9,[StatementsData_logId:1]
6427018,410,11:40:45,9,[StatementsData_logId:1,2]
6427018,412,11:40:46,9,[StatementsData_logId:1]
6427018,413,11:40:47,9,[StatementsData_logId:1,DuelResponsesData_logId:3]
6427018,414,11:40:47,9,[StatementsData_logId:1,DuelResponsesData_logId:3]
6427018,415,11:40:48,9,[StatementsData_logId:1,DuelResponsesData_logId:3,DuelResponsesData_ok_player_response]
6427018,416,11:40:49,9,[StatementsData_logId:1,DuelResponsesData_logId:3]
6427018,417,11:40:49,9,[StatementsData_logId:1,DuelResponsesData_logId:3]
6427018,413,11:40:50,9,[StatementsData_logId:1,DuelResponsesData_logId:4]
6427018,414,11:40:50,9,[StatementsData_logId:1,DuelResponsesData_logId:4]
6427018,415,11:40:52,9,[StatementsData_logId:1,DuelResponsesData_logId:4,DuelResponsesData_ok_player_response]
6427018,416,11:40:53,9,[StatementsData_logId:1,DuelResponsesData_logId:4]
6427018,417,11:40:54,9,[StatementsData_logId:1,DuelResponsesData_logId:4]
6427018,413,11:40:54,9,[StatementsData_logId:1,DuelResponsesData_logId:5]
6427018,414,11:40:54,9,[StatementsData_logId:1,DuelResponsesData_logId:5]
6427018,415,11:40:59,9,[StatementsData_logId:1,DuelResponsesData_logId:5,DuelResponsesData_ok_player_response]
6427018,416,11:40:59,9,[StatementsData_logId:1,DuelResponsesData_logId:5]
6427018,417,11:41:0,9,[StatementsData_logId:1,DuelResponsesData_logId:5]
6427018,418,11:41:0,9,[StatementsData_logId:1,true]
6427018,419,11:41:0,9,[StatementsData_logId:1,4]
6427018,411,11:41:1,9,[StatementsData_logId:1]
6427018,401,11:41:2,9,[StatementsData_logId:2]
6427018,402,11:41:9,9,[StatementsData_logId:2,true]
6427018,405,11:41:10,9,[StatementsData_logId:2]
6427018,406,11:41:10,9,[StatementsData_logId:2,2]
6427018,411,11:41:12,9,[StatementsData_logId:2]
6427018,401,11:41:12,9,[StatementsData_logId:3]
6427018,402,11:41:23,9,[StatementsData_logId:3,false]
6427018,405,11:41:23,9,[StatementsData_logId:3]
6427018,406,11:41:25,9,[StatementsData_logId:3,-2]
6427018,411,11:41:26,9,[StatementsData_logId:3]
6427018,401,11:41:27,9,[StatementsData_logId:4]
6427018,402,11:41:31,9,[StatementsData_logId:4,true]
6427018,405,11:41:32,9,[StatementsData_logId:4]
6427018,406,11:41:32,9,[StatementsData_logId:4,2]
6427018,411,11:41:34,9,[StatementsData_logId:4]
6427018,401,11:41:35,9,[StatementsData_logId:5]
6427018,402,11:41:40,9,[StatementsData_logId:5,true]
6427018,405,11:41:40,9,[StatementsData_logId:5]
6427018,406,11:41:41,9,[StatementsData_logId:5,2]
6427018,411,11:41:41,9,[StatementsData_logId:5]
6427018,401,11:41:42,9,[StatementsData_logId:6]
6427018,402,11:41:51,9,[StatementsData_logId:6,true]
6427018,405,11:41:51,9,[StatementsData_logId:6]
6427018,406,11:41:52,9,[StatementsData_logId:6,2]
6427018,411,11:41:52,9,[StatementsData_logId:6]
6427018,401,11:41:53,9,[StatementsData_logId:7]
6427018,403,11:42:3,9,[StatementsData_logId:7,true]
6427018,405,11:42:3,9,[StatementsData_logId:7]
6427018,406,11:42:4,9,[StatementsData_logId:7,2]
6427018,407,11:42:4,9,[StatementsData_logId:7,FactCardData_id:4]
6427018,407,11:42:4,9,[StatementsData_logId:7,FactCardData_id:9]
6427018,407,11:42:4,9,[StatementsData_logId:7,FactCardData_id:11]
6427018,407,11:42:4,9,[StatementsData_logId:7,FactCardData_id:13]
6427018,407,11:42:4,9,[StatementsData_logId:7,FactCardData_id:1]
6427018,407,11:42:4,9,[StatementsData_logId:7,FactCardData_id:17]
6427018,407,11:42:6,9,[StatementsData_logId:7,FactCardData_id:1]
6427018,407,11:42:6,9,[StatementsData_logId:7,FactCardData_id:1]
6427018,408,11:42:8,9,[StatementsData_logId:7,FactCardData_id:1,true]
6427018,409,11:42:8,9,[StatementsData_logId:7]
6427018,410,11:42:9,9,[StatementsData_logId:7,2]
6427018,412,11:42:10,9,[StatementsData_logId:7]
6427018,413,11:42:11,9,[StatementsData_logId:7,DuelResponsesData_logId:9]
6427018,414,11:42:11,9,[StatementsData_logId:7,DuelResponsesData_logId:9]
6427018,415,11:42:12,9,[StatementsData_logId:7,DuelResponsesData_logId:9,DuelResponsesData_witty_player_response]
6427018,416,11:42:13,9,[StatementsData_logId:7,DuelResponsesData_logId:9]
6427018,417,11:42:13,9,[StatementsData_logId:7,DuelResponsesData_logId:9]
6427018,413,11:42:14,9,[StatementsData_logId:7,DuelResponsesData_logId:10]
6427018,414,11:42:14,9,[StatementsData_logId:7,DuelResponsesData_logId:10]
6427018,415,11:42:15,9,[StatementsData_logId:7,DuelResponsesData_logId:10,DuelResponsesData_witty_player_response]
6427018,416,11:42:16,9,[StatementsData_logId:7,DuelResponsesData_logId:10]
6427018,417,11:42:16,9,[StatementsData_logId:7,DuelResponsesData_logId:10]
6427018,413,11:42:17,9,[StatementsData_logId:7,DuelResponsesData_logId:11]
6427018,414,11:42:17,9,[StatementsData_logId:7,DuelResponsesData_logId:11]
6427018,415,11:42:19,9,[StatementsData_logId:7,DuelResponsesData_logId:11,DuelResponsesData_witty_player_response]
6427018,416,11:42:20,9,[StatementsData_logId:7,DuelResponsesData_logId:11]
6427018,417,11:42:20,9,[StatementsData_logId:7,DuelResponsesData_logId:11]
6427018,418,11:42:20,9,[StatementsData_logId:7,true]
6427018,419,11:42:21,9,[StatementsData_logId:7,4]
6427018,411,11:42:21,9,[StatementsData_logId:7]
6427018,420,11:42:21,9,[66]
6427018,1005,11:42:21,9,[0,0,2]
6427018,1001,11:42:22,9,[]
6427018,1003,11:42:22,0
6427018,210,11:42:27,1194,110
6427018,207,11:42:28,7,-200,-395
6427018,211,11:42:29,1213,115
6427018,213,11:42:29,7,s_clock_G10b1P,true
6427018,205,11:42:29,7,s_clock_G10b1P,false,false
6427018,210,11:42:32,913,379
6427018,211,11:42:34,1444,361
6427018,207,11:42:34,7,-395,-440
6427018,210,11:42:34,1515,390
6427018,207,11:42:35,7,-440,-905
6427018,207,11:42:36,7,-905,-991
6427018,211,11:42:38,1883,265
6427018,210,11:42:39,1976,149
6427018,211,11:42:39,1988,186
6427018,212,11:42:40,1
6427018,210,11:42:40,1988,141
6427018,211,11:42:41,1985,128
6427018,213,11:42:41,7,s_pictureDad_cauc_gen,false
6427018,1003,11:42:43,1
6427018,1004,11:42:46,7
6427018,800,11:42:48,7,[]
6427018,801,11:42:49,7,[]
6427018,814,11:42:52,7,[3]
6427018,815,11:42:52,7,3,OpportunityCardData_id:18
6427018,816,11:42:55,7,3,OpportunityCardData_id:18
6427018,805,11:42:55,7,[OpportunityCardData_id:18]
6427018,806,11:42:58,7,[OpportunityCardData_id:18,PriorityData_type:4]
6427018,807,11:42:58,7,[OpportunityCardData_id:18]
6427018,808,11:43:0,7,[OpportunityCardData_id:18]
6427018,809,11:43:4,7,[OpportunityCardData_id:18,PriorityData_type:0,false]
6427018,810,11:43:4,7,[OpportunityCardData_id:18,PriorityData_type:3,15,PriorityData_type:0,25]
6427018,814,11:43:6,7,[0]
6427018,815,11:43:6,7,0,OpportunityCardData_id:0
6427018,816,11:43:7,7,0,OpportunityCardData_id:0
6427018,805,11:43:8,7,[OpportunityCardData_id:0]
6427018,806,11:43:9,7,[OpportunityCardData_id:0,PriorityData_type:4]
6427018,806,11:43:10,7,[OpportunityCardData_id:0,PriorityData_type:5]
6427018,806,11:43:11,7,[OpportunityCardData_id:0,PriorityData_type:3]
6427018,807,11:43:11,7,[OpportunityCardData_id:0]
6427018,808,11:43:13,7,[OpportunityCardData_id:0]
6427018,809,11:43:17,7,[OpportunityCardData_id:0,PriorityData_type:3,true]
6427018,810,11:43:18,7,[OpportunityCardData_id:0,PriorityData_type:0,15,Safe,Safe]
6427018,814,11:43:21,7,[0]
6427018,815,11:43:21,7,0,OpportunityCardData_id:1
6427018,816,11:43:22,7,0,OpportunityCardData_id:1
6427018,805,11:43:22,7,[OpportunityCardData_id:1]
6427018,806,11:43:26,7,[OpportunityCardData_id:1,PriorityData_type:3]
6427018,807,11:43:26,7,[OpportunityCardData_id:1]
6427018,808,11:43:28,7,[OpportunityCardData_id:1]
6427018,809,11:43:32,7,[OpportunityCardData_id:1,PriorityData_type:3,true]
6427018,810,11:43:32,7,[OpportunityCardData_id:1,PriorityData_type:0,15,Safe,Safe]
6427018,814,11:43:34,7,[3]
6427018,815,11:43:35,7,3,OpportunityCardData_id:19
6427018,816,11:43:36,7,3,OpportunityCardData_id:19
6427018,805,11:43:37,7,[OpportunityCardData_id:19]
6427018,806,11:43:39,7,[OpportunityCardData_id:19,PriorityData_type:4]
6427018,807,11:43:40,7,[OpportunityCardData_id:19]
6427018,808,11:43:42,7,[OpportunityCardData_id:19]
6427018,809,11:43:46,7,[OpportunityCardData_id:19,PriorityData_type:2,false]
6427018,810,11:43:46,7,[OpportunityCardData_id:19,PriorityData_type:3,15,PriorityData_type:2,10]
6427018,814,11:43:48,7,[2]
6427018,815,11:43:48,7,2,OpportunityCardData_id:12
6427018,816,11:43:49,7,2,OpportunityCardData_id:12
6427018,805,11:43:50,7,[OpportunityCardData_id:12]
6427018,807,11:43:51,7,[OpportunityCardData_id:12]
6427018,808,11:43:52,7,[OpportunityCardData_id:12]
6427018,809,11:43:56,7,[OpportunityCardData_id:12,PriorityData_type:3,false]
6427018,810,11:43:57,7,[OpportunityCardData_id:12,PriorityData_type:2,10,PriorityData_type:3,10]
6427018,814,11:44:0,7,[4]
6427018,815,11:44:0,7,4,OpportunityCardData_id:25
6427018,816,11:44:1,7,4,OpportunityCardData_id:25
6427018,805,11:44:2,7,[OpportunityCardData_id:25]
6427018,807,11:44:2,7,[OpportunityCardData_id:25]
6427018,808,11:44:4,7,[OpportunityCardData_id:25]
6427018,809,11:44:9,7,[OpportunityCardData_id:25,PriorityData_type:1,false]
6427018,810,11:44:9,7,[OpportunityCardData_id:25,PriorityData_type:4,15,PriorityData_type:1,10]
6427018,814,11:44:12,7,[1]
6427018,815,11:44:12,7,1,OpportunityCardData_id:6
6427018,816,11:44:13,7,1,OpportunityCardData_id:6
6427018,805,11:44:14,7,[OpportunityCardData_id:6]
6427018,806,11:44:15,7,[OpportunityCardData_id:6,PriorityData_type:4]
6427018,807,11:44:15,7,[OpportunityCardData_id:6]
6427018,808,11:44:17,7,[OpportunityCardData_id:6]
6427018,809,11:44:21,7,[OpportunityCardData_id:6,PriorityData_type:5,false]
6427018,810,11:44:21,7,[OpportunityCardData_id:6,PriorityData_type:1,20,PriorityData_type:5,25]
6427018,812,11:44:25,7,[OpportunityCardData_id:6,PriorityData_type:5]
6427018,813,11:44:26,7,[]
6427018,1001,11:44:28,7,[]
6427018,1003,11:44:28,1
6427018,1004,11:44:30,8
6427018,800,11:44:32,8,[]
6427018,801,11:44:34,8,[]
6427018,814,11:44:36,8,[3]
6427018,815,11:44:36,8,3,OpportunityCardData_id:19
6427018,816,11:44:37,8,3,OpportunityCardData_id:19
6427018,805,11:44:38,8,[OpportunityCardData_id:19]
6427018,806,11:44:38,8,[OpportunityCardData_id:19,PriorityData_type:0]
6427018,807,11:44:39,8,[OpportunityCardData_id:19]
6427018,808,11:44:41,8,[OpportunityCardData_id:19]
6427018,809,11:44:45,8,[OpportunityCardData_id:19,PriorityData_type:0,true]
6427018,810,11:44:45,8,[OpportunityCardData_id:19,PriorityData_type:3,15,Safe,Safe]
6427018,814,11:44:47,8,[0]
6427018,815,11:44:47,8,0,OpportunityCardData_id:0
6427018,816,11:44:48,8,0,OpportunityCardData_id:0
6427018,805,11:44:49,8,[OpportunityCardData_id:0]
6427018,806,11:44:50,8,[OpportunityCardData_id:0,PriorityData_type:3]
6427018,807,11:44:50,8,[OpportunityCardData_id:0]
6427018,808,11:44:52,8,[OpportunityCardData_id:0]
6427018,809,11:44:55,8,[OpportunityCardData_id:0,Safe,false]
6427018,810,11:44:56,8,[OpportunityCardData_id:0,PriorityData_type:0,15,Safe,Safe]
6427018,814,11:44:58,8,[0]
6427018,815,11:44:58,8,0,OpportunityCardData_id:1
6427018,816,11:44:58,8,0,OpportunityCardData_id:1
6427018,805,11:44:59,8,[OpportunityCardData_id:1]
6427018,806,11:44:59,8,[OpportunityCardData_id:1,PriorityData_type:3]
6427018,807,11:45:0,8,[OpportunityCardData_id:1]
6427018,808,11:45:2,8,[OpportunityCardData_id:1]
6427018,809,11:45:5,8,[OpportunityCardData_id:1,Safe,false]
6427018,810,11:45:6,8,[OpportunityCardData_id:1,PriorityData_type:0,15,Safe,Safe]
6427018,814,11:45:8,8,[3]
6427018,815,11:45:8,8,3,OpportunityCardData_id:20
6427018,816,11:45:10,8,3,OpportunityCardData_id:20
6427018,805,11:45:10,8,[OpportunityCardData_id:20]
6427018,806,11:45:11,8,[OpportunityCardData_id:20,PriorityData_type:2]
6427018,807,11:45:12,8,[OpportunityCardData_id:20]
6427018,808,11:45:13,8,[OpportunityCardData_id:20]
6427018,809,11:45:17,8,[OpportunityCardData_id:20,PriorityData_type:0,false]
6427018,810,11:45:18,8,[OpportunityCardData_id:20,PriorityData_type:3,15,PriorityData_type:0,25]
6427018,814,11:45:24,8,[0]
6427018,815,11:45:24,8,0,OpportunityCardData_id:2
6427018,815,11:45:25,8,0,OpportunityCardData_id:3
6427018,816,11:45:26,8,0,OpportunityCardData_id:3
6427018,805,11:45:27,8,[OpportunityCardData_id:3]
6427018,806,11:45:27,8,[OpportunityCardData_id:3,PriorityData_type:3]
6427018,807,11:45:28,8,[OpportunityCardData_id:3]
6427018,808,11:45:30,8,[OpportunityCardData_id:3]
6427018,809,11:45:34,8,[OpportunityCardData_id:3,PriorityData_type:1,false]
6427018,810,11:45:34,8,[OpportunityCardData_id:3,PriorityData_type:0,10,PriorityData_type:1,10]
6427018,814,11:45:36,8,[1]
6427018,815,11:45:36,8,1,OpportunityCardData_id:7
6427018,816,11:45:38,8,1,OpportunityCardData_id:7
6427018,805,11:45:39,8,[OpportunityCardData_id:7]
6427018,806,11:45:39,8,[OpportunityCardData_id:7,PriorityData_type:3]
6427018,807,11:45:40,8,[OpportunityCardData_id:7]
6427018,808,11:45:42,8,[OpportunityCardData_id:7]
6427018,809,11:45:45,8,[OpportunityCardData_id:7,Safe,false]
6427018,810,11:45:46,8,[OpportunityCardData_id:7,PriorityData_type:1,20,Safe,Safe]
6427018,814,11:45:47,8,[0]
6427018,815,11:45:47,8,0,OpportunityCardData_id:2
6427018,815,11:45:48,8,0,OpportunityCardData_id:4
6427018,815,11:45:49,8,0,OpportunityCardData_id:5
6427018,816,11:45:50,8,0,OpportunityCardData_id:5
6427018,805,11:45:50,8,[OpportunityCardData_id:5]
6427018,806,11:45:51,8,[OpportunityCardData_id:5,PriorityData_type:3]
6427018,807,11:45:52,8,[OpportunityCardData_id:5]
6427018,808,11:45:54,8,[OpportunityCardData_id:5]
6427018,809,11:45:58,8,[OpportunityCardData_id:5,PriorityData_type:3,true]
6427018,810,11:45:58,8,[OpportunityCardData_id:5,PriorityData_type:0,15,Safe,Safe]
6427018,814,11:46:0,8,[3]
6427018,815,11:46:0,8,3,OpportunityCardData_id:21
6427018,816,11:46:2,8,3,OpportunityCardData_id:21
6427018,805,11:46:2,8,[OpportunityCardData_id:21]
6427018,807,11:46:3,8,[OpportunityCardData_id:21]
6427018,808,11:46:5,8,[OpportunityCardData_id:21]
6427018,809,11:46:9,8,[OpportunityCardData_id:21,PriorityData_type:4,false]
6427018,810,11:46:9,8,[OpportunityCardData_id:21,PriorityData_type:3,20,PriorityData_type:4,10]
6427018,818,11:46:10,8,4
6427018,811,11:46:11,8,[OpportunityCardData_id:21,PriorityData_type:0,70,70,PriorityData_type:3,70,70]
6427018,1005,11:46:11,8,[1,0,3]
6427018,1001,11:46:12,8,[]
6427018,1003,11:46:12,1
6427018,210,11:46:15,1104,472
6427018,207,11:46:17,7,-200,-991
6427018,211,11:46:18,1966,113
6427018,213,11:46:18,7,s_pictureDad_cauc_gen,true
6427018,205,11:46:18,7,s_pictureDad_cauc_gen,false,false
6427018,210,11:46:21,1480,470
6427018,211,11:46:24,1280,145
6427018,212,11:46:24,2
6427018,210,11:46:26,1248,116
6427018,211,11:46:26,1286,93
6427018,212,11:46:27,0
6427018,210,11:46:28,1280,97
6427018,207,11:46:29,7,-991,-826
6427018,207,11:46:31,7,-826,-721
6427018,211,11:46:32,719,329
6427018,207,11:46:32,7,-721,-691
6427018,210,11:46:32,646,346
6427018,207,11:46:34,7,-691,0
6427018,211,11:46:36,772,290
6427018,212,11:46:37,2
6427018,221,11:46:39,7
6427018,220,11:46:43,7
6427018,219,11:46:44,7
6427018,216,11:46:44,Stack_G10b2N
6427018,217,11:46:58,Stack_G10b2N,9.0,6.7
6427018,218,11:47:0,7
6427018,210,11:47:0,917,497
6427018,207,11:47:1,7,-200,-516
6427018,211,11:47:4,856,226
6427018,212,11:47:4,1
6427018,210,11:47:5,1110,424
6427018,211,11:47:6,855,209
6427018,213,11:47:6,7,s_clock_G10b2N,true
6427018,205,11:47:6,7,s_clock_G10b2N,false,false
6427018,210,11:47:10,1267,517
6427018,211,11:47:11,1074,561
6427018,212,11:47:12,0
6427018,210,11:47:12,1233,529
6427018,211,11:47:13,1253,531
6427018,213,11:47:13,7,c_crush1_M_b_G10b2N,true
6427018,205,11:47:13,7,c_crush1_M_b_G10b2N,false,false
6427018,210,11:47:16,1032,471
6427018,211,11:47:16,1032,471
6427018,210,11:47:16,1021,464
6427018,211,11:47:17,1076,416
6427018,213,11:47:17,7,c_teacherEng_G10b2N,true
6427018,205,11:47:17,7,c_teacherEng_G10b2N,false,false
6427018,210,11:47:20,998,470
6427018,207,11:47:21,7,-516,-456
6427018,207,11:47:22,7,-456,-36
6427018,207,11:47:23,7,-36,0
6427018,211,11:47:24,216,513
6427018,212,11:47:24,2
6427018,210,11:47:25,854,578
6427018,211,11:47:25,821,539
6427018,213,11:47:25,7,c_bestFriend_M_b_G10b2N,true
6427018,205,11:47:25,7,c_bestFriend_M_b_G10b2N,false,false
6427018,210,11:47:29,575,493
6427018,211,11:47:30,576,511
6427018,213,11:47:30,7,c_cousin_M_b_G10b2N,true
6427018,205,11:47:30,7,c_cousin_M_b_G10b2N,false,false
6427018,210,11:47:33,266,515
6427018,207,11:47:36,7,0,-516
6427018,211,11:47:37,1264,519
6427018,221,11:47:39,7
6427018,220,11:47:41,7
6427018,210,11:47:42,368,543
6427018,207,11:47:44,7,-200,-140
6427018,207,11:47:46,7,-140,-620
6427018,211,11:47:48,1256,405
6427018,212,11:47:48,1
6427018,210,11:47:50,1676,589
6427018,207,11:47:50,7,-620,-800
6427018,207,11:47:52,7,-800,-950
6427018,211,11:47:52,1834,642
6427018,212,11:47:52,0
6427018,210,11:47:53,1753,592
6427018,211,11:47:54,1744,635
6427018,213,11:47:54,7,s_candles_G10b1P,true
6427018,205,11:47:54,7,s_candles_G10b1P,false,false
6427018,210,11:47:57,1533,539
6427018,211,11:47:59,1648,496
6427018,212,11:47:59,1
6427018,210,11:47:59,1749,518
6427018,211,11:48:0,1823,600
6427018,212,11:48:1,2
6427018,210,11:48:1,1686,491
6427018,207,11:48:3,7,-950,-991
6427018,211,11:48:4,1869,334
6427018,212,11:48:4,1
6427018,210,11:48:5,1825,228
6427018,211,11:48:5,1854,240
6427018,212,11:48:6,0
6427018,210,11:48:6,1856,203
6427018,207,11:48:11,7,-991,-736
6427018,207,11:48:15,7,-736,-601
6427018,207,11:48:17,7,-601,0
6427018,211,11:48:20,790,228
6427018,212,11:48:20,2
6427018,210,11:48:21,820,461
6427018,211,11:48:21,813,529
6427018,212,11:48:22,1
6427018,210,11:48:22,858,372
6427018,211,11:48:25,465,434
6427018,213,11:48:25,7,s_stairs_G10b1P,true
6427018,205,11:48:25,7,s_stairs_G10b1P,false,false
6427018,210,11:48:28,780,487
6427018,211,11:48:30,1709,504
6427018,207,11:48:30,7,0,-735
6427018,221,11:48:30,7
6427018,220,11:48:31,7
6427018,1003,11:48:31,3
6427018,1004,11:48:34,7
6427018,1002,11:48:37,7
6427018,1003,11:48:37,3
6427018,1004,11:48:39,7
6427018,500,11:48:41,7,[]
6427018,501,11:48:57,7,[]
6427018,502,11:49:0,7,[IntentionData_logId:3,true]
6427018,503,11:49:1,7,[]
6427018,504,11:49:14,7,[InfluenceData_logId:6]
6427018,504,11:49:15,7,[InfluenceData_logId:4]
6427018,504,11:49:15,7,[InfluenceData_logId:2]
6427018,505,11:49:16,7,[InfluenceData_logId:2,true,InfluenceData_logId:4,true,InfluenceData_logId:6,true]
6427018,506,11:49:17,7,[]
6427018,507,11:49:28,7,[OpponentAttackData_logId:3,OpponentAttackTypeData_logId:2,false,30]
6427018,508,11:49:30,7,[]
6427018,509,11:49:33,7,[RefusalData_logId:3,2]
6427018,510,11:49:35,7,[AvailableRefusalData_logId:3,0A]
6427018,510,11:49:36,7,[AvailableRefusalData_logId:3,1A]
6427018,510,11:49:37,7,[AvailableRefusalData_logId:3,2A]
6427018,511,11:49:38,7,[AvailableRefusalData_logId:3,0A,1A,2A,true,50]
6427018,512,11:49:40,7,[]
6427018,513,11:49:40,7,[0]
6427018,514,11:49:41,7,[]
6427018,507,11:49:45,7,[OpponentAttackData_logId:1,OpponentAttackTypeData_logId:3,true,0]
6427018,508,11:49:47,7,[]
6427018,509,11:49:50,7,[RefusalData_logId:4,2]
6427018,510,11:49:52,7,[AvailableRefusalData_logId:4,0C]
6427018,510,11:49:56,7,[AvailableRefusalData_logId:4,0B]
6427018,510,11:49:57,7,[AvailableRefusalData_logId:4,1B]
6427018,510,11:50:1,7,[AvailableRefusalData_logId:4,2B]
6427018,511,11:50:2,7,[AvailableRefusalData_logId:4,0B,1B,2B,false,0]
6427018,512,11:50:4,7,[]
6427018,513,11:50:4,7,[30]
6427018,514,11:50:6,7,[]
6427018,507,11:50:11,7,[OpponentAttackData_logId:2,OpponentAttackTypeData_logId:2,true,0]
6427018,508,11:50:13,7,[]
6427018,509,11:50:18,7,[RefusalData_logId:8,2]
6427018,510,11:50:19,7,[AvailableRefusalData_logId:8,0A]
6427018,510,11:50:21,7,[AvailableRefusalData_logId:8,1A]
6427018,510,11:50:22,7,[AvailableRefusalData_logId:8,2A]
6427018,511,11:50:23,7,[AvailableRefusalData_logId:8,0A,1A,2A,true,50]
6427018,512,11:50:25,7,[]
6427018,515,11:50:25,7,[90,0]
6427018,516,11:50:26,7,[]
6427018,517,11:50:27,7,[]
6427018,1000,11:50:28,7,[]
6427018,500,11:50:29,7,[]
6427018,501,11:50:30,7,[]
6427018,502,11:50:35,7,[IntentionData_logId:3,true]
6427018,503,11:50:36,7,[]
6427018,504,11:50:39,7,[InfluenceData_logId:6]
6427018,504,11:50:40,7,[InfluenceData_logId:4]
6427018,504,11:50:41,7,[InfluenceData_logId:2]
6427018,505,11:50:42,7,[InfluenceData_logId:2,true,InfluenceData_logId:4,true,InfluenceData_logId:6,true]
6427018,506,11:50:43,7,[]
6427018,507,11:50:57,7,[OpponentAttackData_logId:1,OpponentAttackTypeData_logId:1,true,0]
6427018,508,11:51:0,7,[]
6427018,509,11:51:2,7,[RefusalData_logId:3,2]
6427018,510,11:51:3,7,[AvailableRefusalData_logId:3,0C]
6427018,510,11:51:11,7,[AvailableRefusalData_logId:3,0A]
6427018,510,11:51:12,7,[AvailableRefusalData_logId:3,1A]
6427018,510,11:51:13,7,[AvailableRefusalData_logId:3,2A]
6427018,511,11:51:14,7,[AvailableRefusalData_logId:3,0A,1A,2A,true,50]
6427018,512,11:51:16,7,[]
6427018,513,11:51:16,7,[0]
6427018,514,11:51:17,7,[]
6427018,507,11:51:23,7,[OpponentAttackData_logId:2,OpponentAttackTypeData_logId:2,true,0]
6427018,508,11:51:25,7,[]
6427018,509,11:51:29,7,[RefusalData_logId:9,1]
6427018,510,11:51:31,7,[AvailableRefusalData_logId:9,0B]
6427018,510,11:51:40,7,[AvailableRefusalData_logId:9,0A]
6427018,510,11:51:40,7,[AvailableRefusalData_logId:9,1A]
6427018,510,11:51:41,7,[AvailableRefusalData_logId:9,2A]
6427018,511,11:51:42,7,[AvailableRefusalData_logId:9,0A,1A,2A,true,30]
6427018,512,11:51:44,7,[]
6427018,513,11:51:44,7,[0]
6427018,514,11:51:46,7,[]
6427018,507,11:51:49,7,[OpponentAttackData_logId:3,OpponentAttackTypeData_logId:4,true,0]
6427018,508,11:51:51,7,[]
6427018,509,11:51:58,7,[RefusalData_logId:4,2]
6427018,510,11:51:59,7,[AvailableRefusalData_logId:4,0B]
6427018,510,11:52:4,7,[AvailableRefusalData_logId:4,0C]
6427018,510,11:52:7,7,[AvailableRefusalData_logId:4,0A]
6427018,510,11:52:8,7,[AvailableRefusalData_logId:4,1B]
6427018,510,11:52:11,7,[AvailableRefusalData_logId:4,2B]
6427018,511,11:52:12,7,[AvailableRefusalData_logId:4,0A,1B,2B,false,0]
6427018,512,11:52:14,7,[]
6427018,513,11:52:14,7,[30]
6427018,514,11:52:17,7,[]
6427018,507,11:52:26,7,[OpponentAttackData_logId:1,OpponentAttackTypeData_logId:3,true,0]
6427018,508,11:52:28,7,[]
6427018,509,11:52:32,7,[RefusalData_logId:8,2]
6427018,510,11:52:34,7,[AvailableRefusalData_logId:8,0B]
6427018,510,11:52:35,7,[AvailableRefusalData_logId:8,0A]
6427018,510,11:52:37,7,[AvailableRefusalData_logId:8,1A]
6427018,510,11:52:38,7,[AvailableRefusalData_logId:8,2A]
6427018,511,11:52:38,7,[AvailableRefusalData_logId:8,0A,1A,2A,true,50]
6427018,512,11:52:41,7,[]
6427018,515,11:52:41,7,[120,0]
6427018,516,11:52:42,7,[]
6427018,517,11:52:43,7,[]
6427018,1005,11:52:43,7,[3,2,3]
6427018,1001,11:52:44,7,[]
6427018,1003,11:52:44,3
6427018,210,11:52:47,937,356
6427018,207,11:52:47,7,-200,-350
6427018,211,11:52:48,1415,194
6427018,207,11:52:48,7,-350,-410
6427018,207,11:52:48,7,-410,-470
6427018,210,11:52:48,1414,308
6427018,207,11:52:50,7,-470,-991
6427018,211,11:52:57,1707,605
6427018,221,11:52:58,7
6427018,220,11:53:10,7
6427018,219,11:53:10,7
6427018,216,11:53:11,Stack_G10b2P
6427018,217,11:53:30,Stack_G10b2P,17,0.00
6427018,218,11:53:31,7
6427018,210,11:53:32,858,495
6427018,207,11:53:34,7,-200,-50
6427018,211,11:53:35,275,612
6427018,213,11:53:35,7,s_cellPhone_M_G10b2P,true
6427018,210,11:53:39,634,335
6427018,211,11:53:40,829,356
6427018,212,11:53:41,2
6427018,210,11:53:41,868,483
6427018,211,11:53:42,859,476
6427018,213,11:53:42,7,c_grandma_cauc_a_G10b2P,true
6427018,210,11:53:45,554,468
6427018,211,11:53:45,554,468
6427018,210,11:53:45,882,301
6427018,211,11:53:47,1132,467
6427018,207,11:53:47,7,-50,-155
6427018,212,11:53:48,1
6427018,210,11:53:48,947,301
6427018,211,11:53:49,939,288
6427018,213,11:53:49,7,s_condom_G10b2P,true
6427018,205,11:53:49,7,s_condom_G10b2P,false,false
6427018,210,11:53:52,732,459
6427018,211,11:53:54,1188,320
6427018,207,11:53:54,7,-155,-185
6427018,210,11:53:54,1221,365
6427018,207,11:53:55,7,-185,-512
6427018,211,11:53:57,1019,354
6427018,212,11:53:59,0
6427018,210,11:54:0,1132,510
6427018,207,11:54:3,7,-512,-392
6427018,207,11:54:4,7,-392,-77
6427018,207,11:54:6,7,-77,-32
6427018,207,11:54:8,7,-32,-47
6427018,211,11:54:9,1076,170
6427018,207,11:54:9,7,-47,-77
6427018,207,11:54:9,7,-77,-107
6427018,210,11:54:9,1029,155
6427018,207,11:54:10,7,-107,-512
6427018,211,11:54:13,1088,334
6427018,213,11:54:13,7,s_mirror_M_G10b2P,true
6427018,205,11:54:13,7,s_mirror_M_G10b2P,false,false
6427018,221,11:54:16,7
6427018,220,11:54:18,7
6427018,203,11:54:18,7
6427018,100,11:54:24,11
6427018,102,11:54:25,11
6427018,200,11:54:25,11,18,19,16,24,27
6427018,219,11:54:25,11
6427018,216,11:54:27,Stack_G12b0
6427018,217,11:54:53,Stack_G12b0,24,0.00
6427018,218,11:54:53,11
6427018,210,11:54:54,1117,414
6427018,211,11:54:55,654,481
6427018,210,11:54:55,655,251
6427018,207,11:54:58,11,-200,-20
6427018,211,11:55:0,789,591
6427018,212,11:55:1,2
6427018,210,11:55:2,692,533
6427018,207,11:55:3,11,-20,-200
6427018,211,11:55:4,703,579
6427018,212,11:55:5,0
6427018,210,11:55:5,699,545
6427018,211,11:55:8,650,272
6427018,213,11:55:8,11,c_bestFriend_M_b_G12b0,true
6427018,1003,11:55:11,0
6427018,210,11:55:18,608,312
6427018,211,11:55:18,645,296
6427018,213,11:55:18,11,c_bestFriend_M_b_G12b0,true
6427018,210,11:55:21,1065,441
6427018,211,11:55:22,1078,459
6427018,219,11:55:23,11
6427018,216,11:55:24,Stack_G12b1N
6427018,217,11:55:43,Stack_G12b1N,17,0.00
6427018,218,11:55:44,11
6427018,210,11:55:45,724,408
6427018,211,11:55:50,1037,617
6427018,221,11:55:50,11
6427018,220,11:55:52,11
6427018,219,11:55:52,11
6427018,216,11:55:53,Stack_G12b2N
6427018,217,11:56:10,Stack_G12b2N,14,0.00
6427018,218,11:56:11,11
6427018,210,11:56:12,743,505
6427018,211,11:56:14,888,509
6427018,212,11:56:15,2
6427018,210,11:56:15,1008,420
6427018,211,11:56:17,907,330
6427018,210,11:56:17,706,408
6427018,211,11:56:18,690,452
6427018,212,11:56:19,0
6427018,210,11:56:19,794,500
6427018,211,11:56:24,869,534
6427018,221,11:56:33,11
6427018,220,11:56:35,11
6427018,204,11:56:37,11
6427018,100,11:56:39,10
6427018,102,11:56:40,10
6427018,200,11:56:40,10,18,19,16,24,27
6427018,219,11:56:40,10
6427018,216,11:56:41,Stack_G12a0
6427018,217,11:56:54,Stack_G12a0,11,0.00
6427018,218,11:56:55,10
6427018,210,11:56:55,750,484
6427018,211,11:56:57,763,420
6427018,212,11:56:57,2
6427018,210,11:56:58,961,101
6427018,211,11:57:1,986,289
6427018,210,11:58:24,187,84
6427018,211,11:58:24,211,105
6427018,204,11:58:24,10
6427018,1003,11:58:31,0
6427018,1004,11:58:33,4
6427018,103,12:0:30
6427018,104,12:0:31
6427018,1003,12:1:48,0
6427018,100,12:2:31,11
6427018,101,12:2:33,11
6427018,100,12:2:40,8
6427018,102,12:2:40,8
6427018,200,12:2:40,8,18,19,16,24,27
6427018,210,12:2:42,642,549
6427018,211,12:2:43,845,515
6427018,210,12:2:44,639,598
6427018,211,12:2:44,668,572
6427018,212,12:2:45,1
6427018,210,12:2:45,686,538
6427018,211,12:2:46,648,545
6427018,212,12:2:46,0
6427018,210,12:2:47,625,572
6427018,211,12:2:47,658,566
6427018,213,12:2:47,8,s_backpack_G11a0,true
6427018,1003,12:2:49,0
6427018,1004,12:2:51,4
6427018,400,12:2:54,4,[]
6427018,401,12:2:54,4,[StatementsData_logId:0]
6427018,403,12:3:31,4,[StatementsData_logId:0,false]
6427018,405,12:3:33,4,[StatementsData_logId:0]
6427018,1002,12:3:40,4
6427018,1003,12:3:40,0
6427018,1004,12:3:41,4
6427018,400,12:3:43,4,[]
6427018,401,12:3:44,4,[StatementsData_logId:0]
6427018,402,12:3:44,4,[StatementsData_logId:0,true]
6427018,405,12:3:45,4,[StatementsData_logId:0]
6427018,406,12:3:46,4,[StatementsData_logId:0,2]
6427018,411,12:3:47,4,[StatementsData_logId:0]
6427018,401,12:3:48,4,[StatementsData_logId:1]
6427018,402,12:3:54,4,[StatementsData_logId:1,false]
6427018,405,12:3:55,4,[StatementsData_logId:1]
6427018,406,12:3:56,4,[StatementsData_logId:1,-2]
6427018,1002,12:3:58,4
6427018,1003,12:3:58,0
6427018,1004,12:3:58,4
6427018,400,12:4:0,4,[]
6427018,401,12:4:1,4,[StatementsData_logId:0]
6427018,402,12:4:1,4,[StatementsData_logId:0,true]
6427018,405,12:4:2,4,[StatementsData_logId:0]
6427018,406,12:4:2,4,[StatementsData_logId:0,2]
6427018,411,12:4:3,4,[StatementsData_logId:0]
6427018,401,12:4:4,4,[StatementsData_logId:1]
6427018,403,12:4:4,4,[StatementsData_logId:1,true]
6427018,405,12:4:5,4,[StatementsData_logId:1]
6427018,406,12:4:6,4,[StatementsData_logId:1,2]
6427018,407,12:4:6,4,[StatementsData_logId:1,FactCardData_id:14]
6427018,407,12:4:6,4,[StatementsData_logId:1,FactCardData_id:16]
6427018,407,12:4:6,4,[StatementsData_logId:1,FactCardData_id:17]
6427018,407,12:4:6,4,[StatementsData_logId:1,FactCardData_id:9]
6427018,407,12:4:6,4,[StatementsData_logId:1,FactCardData_id:10]
6427018,407,12:4:6,4,[StatementsData_logId:1,FactCardData_id:12]
6427018,407,12:4:8,4,[StatementsData_logId:1,FactCardData_id:12]
6427018,407,12:4:8,4,[StatementsData_logId:1,FactCardData_id:12]
6427018,407,12:4:10,4,[StatementsData_logId:1,FactCardData_id:9]
6427018,407,12:4:10,4,[StatementsData_logId:1,FactCardData_id:12]
6427018,407,12:4:10,4,[StatementsData_logId:1,FactCardData_id:9]
6427018,407,12:4:11,4,[StatementsData_logId:1,FactCardData_id:16]
6427018,407,12:4:11,4,[StatementsData_logId:1,FactCardData_id:9]
6427018,407,12:4:11,4,[StatementsData_logId:1,FactCardData_id:16]
6427018,407,12:4:13,4,[StatementsData_logId:1,FactCardData_id:14]
6427018,407,12:4:13,4,[StatementsData_logId:1,FactCardData_id:16]
6427018,407,12:4:13,4,[StatementsData_logId:1,FactCardData_id:14]
6427018,408,12:4:17,4,[StatementsData_logId:1,FactCardData_id:14,false]
6427018,406,12:4:19,4,[StatementsData_logId:1,-2]
6427018,411,12:4:21,4,[StatementsData_logId:1]
6427018,1002,12:4:23,4
6427018,1003,12:4:23,0
6427018,1004,12:4:24,4
6427018,400,12:4:28,4,[]
6427018,401,12:4:29,4,[StatementsData_logId:0]
6427018,402,12:4:30,4,[StatementsData_logId:0,true]
6427018,405,12:4:30,4,[StatementsData_logId:0]
6427018,406,12:4:31,4,[StatementsData_logId:0,2]
6427018,411,12:4:32,4,[StatementsData_logId:0]
6427018,401,12:4:32,4,[StatementsData_logId:1]
6427018,403,12:4:33,4,[StatementsData_logId:1,true]
6427018,405,12:4:33,4,[StatementsData_logId:1]
6427018,406,12:4:35,4,[StatementsData_logId:1,2]
6427018,407,12:4:35,4,[StatementsData_logId:1,FactCardData_id:12]
6427018,407,12:4:35,4,[StatementsData_logId:1,FactCardData_id:17]
6427018,407,12:4:35,4,[StatementsData_logId:1,FactCardData_id:14]
6427018,407,12:4:35,4,[StatementsData_logId:1,FactCardData_id:9]
6427018,407,12:4:35,4,[StatementsData_logId:1,FactCardData_id:16]
6427018,407,12:4:35,4,[StatementsData_logId:1,FactCardData_id:10]
6427018,407,12:4:36,4,[StatementsData_logId:1,FactCardData_id:16]
6427018,407,12:4:36,4,[StatementsData_logId:1,FactCardData_id:16]
6427018,407,12:4:36,4,[StatementsData_logId:1,FactCardData_id:14]
6427018,407,12:4:36,4,[StatementsData_logId:1,FactCardData_id:16]
6427018,407,12:4:36,4,[StatementsData_logId:1,FactCardData_id:14]
6427018,407,12:4:37,4,[StatementsData_logId:1,FactCardData_id:12]
6427018,407,12:4:37,4,[StatementsData_logId:1,FactCardData_id:14]
6427018,407,12:4:37,4,[StatementsData_logId:1,FactCardData_id:12]
6427018,407,12:4:39,4,[StatementsData_logId:1,FactCardData_id:9]
6427018,407,12:4:39,4,[StatementsData_logId:1,FactCardData_id:12]
6427018,407,12:4:39,4,[StatementsData_logId:1,FactCardData_id:9]
6427018,407,12:4:39,4,[StatementsData_logId:1,FactCardData_id:14]
6427018,407,12:4:39,4,[StatementsData_logId:1,FactCardData_id:9]
6427018,407,12:4:39,4,[StatementsData_logId:1,FactCardData_id:14]
6427018,407,12:4:39,4,[StatementsData_logId:1,FactCardData_id:17]
6427018,407,12:4:39,4,[StatementsData_logId:1,FactCardData_id:14]
6427018,407,12:4:39,4,[StatementsData_logId:1,FactCardData_id:17]
6427018,408,12:4:41,4,[StatementsData_logId:1,FactCardData_id:17,true]
6427018,409,12:4:41,4,[StatementsData_logId:1]
6427018,410,12:4:41,4,[StatementsData_logId:1,2]
6427018,412,12:4:42,4,[StatementsData_logId:1]
6427018,413,12:4:43,4,[StatementsData_logId:1,DuelResponsesData_logId:0]
6427018,414,12:4:43,4,[StatementsData_logId:1,DuelResponsesData_logId:0]
6427018,415,12:4:43,4,[StatementsData_logId:1,DuelResponsesData_logId:0,DuelResponsesData_ok_player_response]
6427018,416,12:4:44,4,[StatementsData_logId:1,DuelResponsesData_logId:0]
6427018,417,12:4:45,4,[StatementsData_logId:1,DuelResponsesData_logId:0]
6427018,413,12:4:45,4,[StatementsData_logId:1,DuelResponsesData_logId:0]
6427018,414,12:4:46,4,[StatementsData_logId:1,DuelResponsesData_logId:0]
6427018,415,12:4:46,4,[StatementsData_logId:1,DuelResponsesData_logId:0,DuelResponsesData_lame_player_response]
6427018,416,12:4:47,4,[StatementsData_logId:1,DuelResponsesData_logId:0]
6427018,417,12:4:47,4,[StatementsData_logId:1,DuelResponsesData_logId:0]
6427018,413,12:4:47,4,[StatementsData_logId:1,DuelResponsesData_logId:0]
6427018,414,12:4:48,4,[StatementsData_logId:1,DuelResponsesData_logId:0]
6427018,415,12:4:49,4,[StatementsData_logId:1,DuelResponsesData_logId:0,DuelResponsesData_ok_player_response]
6427018,416,12:4:50,4,[StatementsData_logId:1,DuelResponsesData_logId:0]
6427018,417,12:4:50,4,[StatementsData_logId:1,DuelResponsesData_logId:0]
6427018,418,12:4:50,4,[StatementsData_logId:1,false]
6427018,419,12:4:51,4,[StatementsData_logId:1,-4]
6427018,411,12:4:51,4,[StatementsData_logId:1]
6427018,100,12:5:21,11
6427018,102,12:5:22,11
6427018,200,12:5:22,11,18,19,16,24,27
6427018,210,12:5:26,659,526
6427018,211,12:5:27,684,541
6427018,210,12:5:34,830,605
6427018,211,12:5:35,869,669
6427018,204,12:5:36,11
6427018,100,12:6:4,10
6427018,102,12:6:5,10
6427018,200,12:6:5,10,18,19,16,24,27
6427018,210,12:6:7,601,524
6427018,211,12:6:10,683,587
6427018,219,12:6:11,10
6427018,216,12:6:12,Stack_G12a1N
6427018,217,12:6:29,Stack_G12a1N,15,1.5
6427018,218,12:6:32,10
6427018,219,12:6:34,10
6427018,216,12:6:34,Stack_G12a2N
6427018,217,12:6:49,Stack_G12a2N,13,0.00
6427018,218,12:6:50,10
6427018,210,12:6:50,800,563
6427018,207,12:6:52,10,-200,-995
6427018,211,12:6:55,1649,471
6427018,212,12:6:55,2
6427018,210,12:6:56,1690,444
6427018,207,12:6:59,10,-995,-320
6427018,211,12:7:0,517,316
6427018,212,12:7:1,1
6427018,210,12:7:2,512,294
6427018,211,12:7:6,1416,267
6427018,207,12:7:6,10,-320,-410
6427018,210,12:7:7,1502,383
6427018,207,12:7:8,10,-410,-995
6427018,211,12:7:10,1497,637
6427018,212,12:7:10,2
6427018,210,12:7:12,1479,614
6427018,211,12:7:12,1493,640
6427018,212,12:7:14,0
6427018,210,12:7:14,1487,624
6427018,211,12:7:18,1542,619
6427018,207,12:7:21,10,-200,-185
6427018,207,12:7:21,10,-185,-125
6427018,210,12:7:21,202,509
6427018,211,12:7:23,862,608
6427018,221,12:7:23,10
6427018,220,12:7:25,10
6427018,204,12:7:27,10
6427018,100,12:7:30,10
6427018,102,12:7:31,10
6427018,200,12:7:31,10,18,19,16,24,27
6427018,210,12:7:32,833,432
6427018,211,12:7:34,695,613
6427018,221,12:7:35,10
6427018,220,12:7:38,10
6427018,210,12:7:38,299,603
6427018,211,12:7:41,784,437
6427018,212,12:7:41,2
6427018,210,12:7:42,816,469
6427018,211,12:7:42,771,480
6427018,213,12:7:42,10,c_mom_cauc_G12a0,false
6427018,1003,12:7:46,2
6427018,103,12:11:10
6427018,105,12:11:10
6427018,703,12:11:13,[|| EpilogueItem ID: 0 unlocked: true ||,|| EpilogueItem ID: 1 unlocked: true ||,|| EpilogueItem ID: 2 unlocked: true ||,|| EpilogueItem ID: 3 unlocked: true ||,|| EpilogueItem ID: 4 unlocked: true ||,|| EpilogueItem ID: 5 unlocked: true ||,|| EpilogueItem ID: 6 unlocked: true ||,|| EpilogueItem ID: 7 unlocked: true ||,|| EpilogueItem ID: 8 unlocked: false ||,|| EpilogueItem ID: 9 unlocked: false ||,|| EpilogueItem ID: 10 unlocked: false ||,|| EpilogueItem ID: 11 unlocked: false ||,|| EpilogueItem ID: 12 unlocked: false ||,|| EpilogueItem ID: 13 unlocked: true ||,|| EpilogueItem ID: 14 unlocked: false ||,|| EpilogueItem ID: 15 unlocked: false ||,|| EpilogueItem ID: 16 unlocked: false ||,|| EpilogueItem ID: 17 unlocked: false ||,|| EpilogueItem ID: 18 unlocked: false ||,|| EpilogueItem ID: 19 unlocked: false ||,|| EpilogueItem ID: 20 unlocked: false ||,|| EpilogueItem ID: 21 unlocked: true ||,|| EpilogueItem ID: 22 unlocked: true ||,|| EpilogueItem ID: 23 unlocked: false ||,|| EpilogueItem ID: 24 unlocked: false ||],0.44
6427018,706,12:11:40,(x=345, y=-100, w=1024, h=768),(x=348, y=-100, w=1024, h=768)
6427018,706,12:12:1,(x=643, y=-100, w=1024, h=768),(x=656, y=-100, w=1024, h=768)
6427018,706,12:12:2,(x=731, y=-100, w=1024, h=768),(x=734, y=-100, w=1024, h=768)
6427018,706,12:12:13,(x=0, y=-100, w=1024, h=768),(x=0, y=-100, w=1024, h=768)
6427018,706,12:12:17,(x=396, y=-100, w=1024, h=768),(x=644, y=-100, w=1024, h=768)
6427018,706,12:12:19,(x=0, y=-100, w=1024, h=768),(x=0, y=-100, w=1024, h=768)
6427018,706,12:12:26,(x=572, y=-100, w=1024, h=768),(x=2328, y=-100, w=1024, h=768)
6427018,706,12:12:27,(x=2069, y=-100, w=1024, h=768),(x=1928, y=-100, w=1024, h=768)
6427018,706,12:12:28,(x=1810, y=-100, w=1024, h=768),(x=1840, y=-100, w=1024, h=768)
6427018,706,12:12:31,(x=1610, y=-100, w=1024, h=768),(x=1610, y=-100, w=1024, h=768)
6427018,706,12:12:33,(x=1864, y=-100, w=1024, h=768),(x=1864, y=-100, w=1024, h=768)
6427018,706,12:12:38,(x=2295, y=-100, w=1024, h=768),(x=2531, y=-100, w=1024, h=768)
6427018,708,12:12:38
6427018,1,12:12:38,8/2/2013 9:22:43am,{"gameTime":43958487,"challengeStacks":[{"challengeScenes":[{"miniGameCards":[],"viewedAnimatic":true,"keyPoints":["c_bestFriend_M_a_G7a0","c_teacherEng_G7a0","s_flag_gen"],"unlocked":true,"touchableObjects":["s_vocabAssignment_G7a0","c_bestFriend_M_a_G7a0","s_otherStudent1_G7a0","c_crewKid1_M_G7a0","s_angelouPoster_gen","s_shakespearePoster_gen","s_poePoster_gen","c_teacherEng_G7a0","s_clock_G7a0","s_doorClassroom_G7a0","c_friend1_M_a_G7a0","s_atwoodPoster_gen","s_flag_gen"]},{"miniGameCards":[],"viewedAnimatic":true,"keyPoints":["c_teacherEng_G7a1N","c_bestFriend_M_a_G7a1N","s_paperPlayers_G7a1N"],"unlocked":true,"touchableObjects":["s_otherStudent2_G7a1N","c_teacherEng_G7a1N","c_bestFriend_M_a_G7a1N","s_otherStudent1_G7a1N","c_crewKid1_M_G7a1N","s_flag_gen","s_paperPlayers_G7a1N"]},{"miniGameCards":[],"viewedAnimatic":true,"keyPoints":["c_teacherEng_G7a1P","s_flag_gen","c_bestFriend_M_a_G7a1P","s_paperEnglish_gen"],"unlocked":true,"touchableObjects":["s_paperPlayers_G7a1P","s_clock_G7a1P","s_angelouPoster_gen","s_poePoster_gen","c_teacherEng_G7a1P","s_shakespearePoster_gen","s_flag_gen","s_atwoodPoster_gen","c_bestFriend_M_a_G7a1P","s_papersDetention_gen","s_paperEnglish_gen"]}],"stackSize":3,"resolved":true},{"challengeScenes":[{"miniGameCards":[],"viewedAnimatic":true,"keyPoints":["c_kidSister_cauc_a_G7b0","c_crewKid1_M_G7b0","s_backpack_M_G7b0"],"unlocked":true,"touchableObjects":["c_crewKid2_M_G7b0","c_cousinsBrother_a_G7b0","s_lifeguard_G7b0","s_snackBarWorker_G7b0","c_kidSister_cauc_a_G7b0","c_cousinsBrothersFriend_a_G7b0","c_cousin_M_a_G7b0","c_cousinsBrothersFriendsGF_G7b0","c_crewKid1_M_G7b0","s_backpack_M_G7b0"]},{"miniGameCards":[],"viewedAnimatic":true,"keyPoints":["c_kidSister_cauc_a_G7b1N","s_sprayPaintCan_G7b1N","s_graffiti_G7b1N","s_brokenCarWindow_G7b1N","c_crewKid1_M_G7b1N"],"unlocked":true,"touchableObjects":["c_policeOfficer_G7b1N","s_flag_G7b1N","c_cousin_M_a_G7b1N","c_kidSister_cauc_a_G7b1N","s_sprayPaintCan_G7b1N","s_graffiti_G7b1N","s_brokenCarWindow_G7b1N","s_cat_G7b1N","c_crewKid2_M_a_G7b1N","c_teacherEng_G7b1N","c_crewKid1_M_G7b1N"]},{"miniGameCards":[],"viewedAnimatic":true,"keyPoints":["c_cousinsBrothersFriend_a_G7b1P","c_cousin_M_a_G7b1P","c_cousinsBrother_a_G7b1P","s_poolDay_ruleSign_G7b1P"],"unlocked":true,"touchableObjects":["c_kidSister_cauc_a_G7b1P","c_cousinsBrothersFriend_a_G7b1P","c_cousin_M_a_G7b1P","c_cousinsBrother_a_G7b1P","s_poolDay_ruleSign_G7b1P","c_crush1_M_a_G7b1P"]},{"miniGameCards":[],"viewedAnimatic":true,"keyPoints":["c_crush1_M_a_G7b2N","s_kid1_G7b2N","c_kidSister_cauc_a_G7b2N","c_cousin_M_a_G7b2N"],"unlocked":true,"touchableObjects":["c_crush1_M_a_G7b2N","c_crewKid2_M_G7b2N","c_cousinsBrother_a_G7b2N","s_lifeguard_G7b2N","s_cousinsBFgirlfriend_G7b2N","s_kidPool2_G7b2N","c_cousinsBrothersFriend_a_G7b2N","s_kid1_G7b2N","c_kidSister_cauc_a_G7b2N","s_kidPool1_G7b2N","c_cousin_M_a_G7b2N"]},{"miniGameCards":[],"viewedAnimatic":true,"keyPoints":["c_cousin_M_a_G7b2P","c_kidSister_cauc_a_G7b2P","s_computer_M_G7b2P"],"unlocked":true,"touchableObjects":["c_cousin_M_a_G7b2P","s_calendar_M_gen","c_grandma_cauc_a_G7b2P","c_kidSister_cauc_a_G7b2P","s_closet_M_G7b2P","s_computer_M_G7b2P"]}],"stackSize":5,"resolved":true},{"challengeScenes":[{"miniGameCards":[],"viewedAnimatic":true,"keyPoints":["c_crush2_M_a_G8a0","c_cousin_M_a_G8a0","s_bottleCrush2_M_G8a0","s_clock_G8a0","s_cellphone_G8a0"],"unlocked":true,"touchableObjects":["c_friend1_M_G8a0","c_crush2_M_a_G8a0","s_beerCooler_G8a0","c_cousin_M_a_G8a0","c_crewKid1_M_a_G8a0","s_beerSixpack_G8a0","s_bottleCrush2_M_G8a0","s_stairs_G8a0","s_clock_G8a0","s_cellphone_G8a0","s_bottleFloor_G8a0"]},{"miniGameCards":[],"viewedAnimatic":true,"keyPoints":["s_crush2Lips_M_G8a1N","s_crush2Eyes_M_G8a1N","s_basementDoor_gen","s_dirtyClothes_gen","s_crush2Sore_M_G8a1N"],"unlocked":true,"touchableObjects":["s_crush2Lips_M_G8a1N","s_crush2Eyes_M_G8a1N","c_crush2_M_a_G8a1N","s_stairs_G8a1N","s_basementDoor_gen","s_dirtyClothes_gen","s_inhalantsShelf_gen","s_waterHeater_gen","s_dryer_G8a1N","s_crush2Sore_M_G8a1N"]},{"miniGameCards":[],"viewedAnimatic":true,"keyPoints":["c_crush2_M_a_G8a1P","s_dirtyClothes_gen","s_basementDoor_gen","s_inhalantsShelf_gen"],"unlocked":true,"touchableObjects":["c_crush2_M_a_G8a1P","s_spraypaintCrush2_M_G8a1P","s_waterHeater_gen","s_dirtyClothes_gen","s_basementDoor_gen","s_inhalantsShelf_gen"]},{"miniGameCards":[],"viewedAnimatic":true,"keyPoints":["s_spraypaintCan_G8a2N","c_crush2_M_a_G8a2N"],"unlocked":true,"touchableObjects":["c_friend1_M_a_G8a2N","s_fumes_G8a2N","s_spraypaintCan_G8a2N","c_crush2_M_a_G8a2N"]},{"miniGameCards":[],"viewedAnimatic":true,"keyPoints":["s_sistersToy_G8a2P","c_crush2_M_a_G8a2P","c_kidSister_cauc_a_G8a2P","s_pictureDad_cauc_gen","s_magazine_G8a2P"],"unlocked":true,"touchableObjects":["s_sistersToy_G8a2P","s_ashtray_G8a2P","c_crush2_M_a_G8a2P","c_kidSister_cauc_a_G8a2P","c_grandma_cauc_a_G8a2P","s_door_gen","s_clock_G8a2P","s_videoGame_G8a2P","s_teaCup_G8a2P","s_pictureDad_cauc_gen","s_magazine_G8a2P"]},{"miniGameCards":[],"viewedAnimatic":true,"keyPoints":["c_nurse_a_G8a3N","s_mirror_cauc_M_a_G8a3N","s_pamphlet1_G8a3N","s_pamphlet3_G8a3N"],"unlocked":true,"touchableObjects":["c_nurse_a_G8a3N","s_door_G8a3N","s_phone_G8a3N","s_mirror_cauc_M_a_G8a3N","s_pamphlet1_G8a3N","s_pamphlet2_G8a3N","s_pamphlet3_G8a3N"]},{"miniGameCards":[],"viewedAnimatic":true,"keyPoints":["c_crush2_M_a_G8a3P","s_kidsCouch_G8a3P"],"unlocked":true,"touchableObjects":["c_crush2_M_a_G8a3P","s_kidsCouch_G8a3P","s_kidStanding_G8a3P","c_friend1_M_a_G8a3P","c_crewKid1_M_a_G8a3P"]}],"stackSize":7,"resolved":true},{"challengeScenes":[{"miniGameCards":[],"viewedAnimatic":true,"keyPoints":["c_kidSister_cauc_a_G8b0","c_friend1_M_a_G8b0","s_pillBottle_G8b0"],"unlocked":true,"touchableObjects":["c_kidSister_cauc_a_G8b0","c_friend1_M_a_G8b0","c_grandma_cauc_a_G8b0","s_pillBottle_G8b0","s_pictureMom_cauc_gen","s_cigarette_G8b0","s_pictureDad_cauc_gen"]},{"miniGameCards":[],"viewedAnimatic":true,"keyPoints":["c_grandma_cauc_a_G8b1N","c_friend1_M_a_G8b1N","c_kidSister_cauc_a_G8b1N"],"unlocked":true,"touchableObjects":["c_grandma_cauc_a_G8b1N","s_pillBottle_G8b1N","c_friend1_M_a_G8b1N","c_kidSister_cauc_a_G8b1N"]},{"miniGameCards":[],"viewedAnimatic":true,"keyPoints":["s_pillBottle_M_G8b1P","c_grandma_cauc_a_G8b1P","c_friend1_M_a_G8b1P"],"unlocked":true,"touchableObjects":["s_pillBottle_M_G8b1P","c_kidSister_cauc_a_G8b1P","c_grandma_cauc_a_G8b1P","s_cigarette_G8b1P","c_friend1_M_a_G8b1P"]},{"miniGameCards":[],"viewedAnimatic":true,"keyPoints":["c_friend1_M_a_G8b2N","c_teacherEng_G8b2N","c_crewKid2_M_a_G8b2N","s_clock_G8b2N","s_sandwichBagPills_G8b2N"],"unlocked":true,"touchableObjects":["c_friend1_M_a_G8b2N","c_teacherEng_G8b2N","c_crewKid2_M_a_G8b2N","s_kid2_G8b2N","s_kid3_G8b2N","s_kid5_G8b2N","s_kid4_G8b2N","s_clock_G8b2N","s_camera_gen","s_sandwichBagPills_G8b2N"]},{"miniGameCards":[],"viewedAnimatic":true,"keyPoints":["c_friend1_M_a_G8b2P","s_pillBottle_G8b2P","c_grandma_cauc_a_G8b2P"],"unlocked":true,"touchableObjects":["s_videoGameScreen_G8b2P","c_friend1_M_a_G8b2P","c_mom_cauc_a_G8b2P","c_kidSister_cauc_a_G8b2P","s_pillBottle_G8b2P","c_grandma_cauc_a_G8b2P"]}],"stackSize":5,"resolved":true},{"challengeScenes":[{"miniGameCards":[],"viewedAnimatic":true,"keyPoints":["s_bathingSuit_M_G9a0","s_door_M_gen","s_cellPhone_M_G9a0","s_clock_M_G9a0"],"unlocked":true,"touchableObjects":["s_calendar_M_gen","s_window_M_G9a0","s_bathingSuit_M_G9a0","s_door_M_gen","s_cellPhone_M_G9a0","s_clock_M_G9a0"]},{"miniGameCards":[],"viewedAnimatic":true,"keyPoints":["c_policeOfficer_G9a1N","s_fence_G9a1N","s_kid3_G9a1N","c_cousin_M_a_G9a1N"],"unlocked":true,"touchableObjects":["c_cousinsBrothersFriend_a_G9a1N","s_kid4_G9a1N","s_policeCar_G9a1N","c_policeOfficer_G9a1N","s_potSmokeCloud_G9a1N","s_poolNight_ruleSign_G9a1N","s_fence_G9a1N","s_bathingSuits_G9a1N","s_kid3_G9a1N","c_cousin_M_a_G9a1N"]},{"miniGameCards":[],"viewedAnimatic":true,"keyPoints":["c_cousin_M_a_G9a1P","s_joint_M_G9a1P","s_door_M_gen","s_calendar_M_gen","s_basketball_M_gen"],"unlocked":true,"touchableObjects":["c_cousin_M_a_G9a1P","s_joint_M_G9a1P","s_computer_M_gen","s_door_M_gen","s_calendar_M_gen","s_basketball_M_gen"]},{"miniGameCards":[],"viewedAnimatic":true,"keyPoints":["c_cousin_M_a_G9a2N","c_mom_cauc_a_G9a2N","c_kidSister_cauc_a_G9a2N","s_pictureDad_cauc_M_gen"],"unlocked":true,"touchableObjects":["s_potSmokeCloud_M_G9a2N","c_cousin_M_a_G9a2N","c_mom_cauc_a_G9a2N","c_kidSister_cauc_a_G9a2N","s_cookieTrayEmpty_M_G9a2N","s_pictureDad_cauc_M_gen"]},{"miniGameCards":[],"viewedAnimatic":true,"keyPoints":["s_pizzaBox_G9a2P","c_cousin_M_a_G9a2P","c_mom_cauc_a_G9a2P","s_door_gen"],"unlocked":true,"touchableObjects":["s_tv_G9a2P","c_kidSister_cauc_a_G9a2P","c_grandma_cauc_a_G9a2P","s_pizzaBox_G9a2P","c_cousin_M_a_G9a2P","c_mom_cauc_a_G9a2P","s_cookieTray_G9a2P","s_pictureDad_cauc_gen","s_door_gen"]}],"stackSize":5,"resolved":true},{"challengeScenes":[{"miniGameCards":[],"viewedAnimatic":true,"keyPoints":["s_mirror_M_G9b0","s_pictureDad_cauc_M_gen","s_computer_M_gen"],"unlocked":true,"touchableObjects":["c_kidSister_cauc_a_G9b0","s_closet_M_G9b0","s_cellPhone_M_G9b0","s_calendar_M_gen","s_mirror_M_G9b0","s_pictureDad_cauc_M_gen","c_cousin_M_a_G9b0","s_computer_M_gen"]},{"miniGameCards":[],"viewedAnimatic":true,"keyPoints":["c_teacherEng_G9b1N","c_cousin_M_a_G9b1N","c_kidSister_cauc_a_G9b1N","s_clock_G9b1N","s_beerBottle_G9b1N","s_joint_G9b1N","s_brokenLamp_G9b1N"],"unlocked":true,"touchableObjects":["s_smokeDetector_G9b1N","s_puddleFloor_G9b1N","s_coupleOnCouch_G9b1N","c_teacherEng_G9b1N","c_cousin_M_a_G9b1N","c_kidSister_cauc_a_G9b1N","s_clock_G9b1N","s_pictureDaddark_cauc_gen","s_boomBox_G9b1N","s_photoCracked_G9b1N","s_beerBottle_G9b1N","s_ashtray_G9b1N","s_joint_G9b1N","s_brokenLamp_G9b1N"]},{"miniGameCards":[],"viewedAnimatic":true,"keyPoints":["c_friend1_M_a_G9b1P","c_bestFriend_M_a_G9b1P","c_crush1_M_a_G9b1P","s_pictureMomdark_cauc_G9b1P","s_kidsGroupKitchen_G9b1P","c_cousin_M_a_G9b1P","s_pictureDaddark_cauc_gen"],"unlocked":true,"touchableObjects":["c_friend1_M_a_G9b1P","c_kidSister_cauc_a_G9b1P","c_bestFriend_M_a_G9b1P","s_door_G9b1P","c_crush1_M_a_G9b1P","s_pictureMomdark_cauc_G9b1P","s_kidsGroupKitchen_G9b1P","c_cousin_M_a_G9b1P","s_beerBottle_G9b1P","s_ashtray_G9b1P","s_pictureDaddark_cauc_gen"]},{"miniGameCards":[],"viewedAnimatic":true,"keyPoints":["c_cousin_M_a_G9b2N","c_crush1_M_a_G9b2N","c_mom_cauc_a_G9b2N"],"unlocked":true,"touchableObjects":["c_grandma_cauc_a_G9b2N","c_bestFriend_M_a_G9b2N","c_kidSister_cauc_a_G9b2N","c_cousin_M_a_G9b2N","s_kidCouch_G9b2N","c_crush1_M_a_G9b2N","s_pictureDaddark_cauc_gen","s_clock_G9b2N","c_mom_cauc_a_G9b2N"]},{"miniGameCards":[],"viewedAnimatic":true,"keyPoints":["c_mom_cauc_a_G9b2P","c_crush1_M_a_G9b2P","c_bestFriend_M_a_G9b2P","s_clock_G9b2P"],"unlocked":true,"touchableObjects":["c_mom_cauc_a_G9b2P","c_grandma_cauc_a_G9b2P","c_kidSister_cauc_a_G9b2P","c_crush1_M_a_G9b2P","c_cousin_M_a_G9b2P","c_bestFriend_M_a_G9b2P","s_boardGame_G9b2P","s_sodaBottle_G9b2P","s_clock_G9b2P"]}],"stackSize":5,"resolved":true},{"challengeScenes":[{"miniGameCards":[],"viewedAnimatic":true,"keyPoints":["c_crush1_M_b_G10a0","s_window_M_G10a0","s_drawer_M_G10a0","s_cellPhone_M_G10a0","s_basketball_M_gen"],"unlocked":true,"touchableObjects":["c_crush1_M_b_G10a0","s_door_M_gen","s_bed1_M_G10a0","s_window_M_G10a0","s_computer_M_gen","s_trash_M_G10a0","s_drawer_M_G10a0","s_clock_M_G10a0","s_cellPhone_M_G10a0","s_bed2_M_G10a0","s_basketball_M_gen"]},{"miniGameCards":[],"viewedAnimatic":true,"keyPoints":["c_crush1_M_b_G10a1N","s_mirror_M_G10a1N","s_condom_M_G10a1N","s_picture_M_G10a1N"],"unlocked":true,"touchableObjects":["s_calendar_M_gen","s_door_M_gen","s_window_M_G10a1N","s_crushClothes_M_G10a1N","c_crush1_M_b_G10a1N","s_mirror_M_G10a1N","s_condom_M_G10a1N","s_picture_M_G10a1N"]},{"miniGameCards":[],"viewedAnimatic":true,"keyPoints":["c_crush1_M_b_G10a1P","c_friend_M_b_G10a1P","s_lockerPoster_G10a1P"],"unlocked":true,"touchableObjects":["c_crush1_M_b_G10a1P","c_friend_M_b_G10a1P","c_bestFriend_M_b_G10a1P","c_teacherEng_G10a1P","s_dancePoster_G10a1P","s_lockerPoster_G10a1P"]},{"miniGameCards":[],"viewedAnimatic":true,"keyPoints":["s_pamphlet1_G10a2N","s_pamphlet3_G10a2N","c_nurse_G10a2N","s_phone_G10a2N","s_pamphlet5_G10a2N","s_pamphlet4_G10a2N"],"unlocked":true,"touchableObjects":["s_kleenex_G10a2N","s_pamphlet2_G10a2N","s_pamphlet1_G10a2N","s_pamphlet3_G10a2N","s_firstAidKit_G10a2N","c_nurse_G10a2N","s_cot_G10a2N","s_phone_G10a2N","s_curtain_G10a2N","s_pamphlet5_G10a2N","s_pamphlet4_G10a2N"]},{"miniGameCards":[],"viewedAnimatic":true,"keyPoints":["c_crush1_M_b_G10a2P","c_cousin_M_b_G10a2P","c_friend_M_b_G10a2P","c_nurse_G10a2P","s_dancePoster_G10a2P"],"unlocked":true,"touchableObjects":["c_crush1_M_b_G10a2P","c_cousin_M_b_G10a2P","c_friend_M_b_G10a2P","c_bestFriend_M_b_G10a2P","c_nurse_G10a2P","s_dancePoster_G10a2P"]}],"stackSize":5,"resolved":true},{"challengeScenes":[{"miniGameCards":[],"viewedAnimatic":true,"keyPoints":["c_crush2_M_b_G10b0","c_crewKid2_M_b_G10b0","c_crush1_M_b_G10b0","s_car1_G10b0","s_car2_G10b0","s_kidsGroup1_G10b0","s_trafficLight_G10b0","s_kidPointing_G10b0"],"unlocked":true,"touchableObjects":["c_crush2_M_b_G10b0","c_crewKid2_M_b_G10b0","s_billboard_G10b0","c_cousinsBrothersFriend_b_G10b0","c_cousinsBrother_b_G10b0","c_crush1_M_b_G10b0","s_car1_G10b0","s_bar_G10b0","s_car2_G10b0","s_kidsGroup1_G10b0","s_trafficLight_G10b0","s_kidPointing_G10b0"]},{"miniGameCards":[],"viewedAnimatic":true,"keyPoints":["s_carSmashed_G10b1N","c_cousinsBrothersFriend_b_G10b1N","s_kidsHorrified_G10b1N"],"unlocked":true,"touchableObjects":["s_carSmashed_G10b1N","s_policeCar_G10b1N","s_barCrowd_G10b1N","c_policeOfficer_G10b1N","c_cousinsBrothersFriend_b_G10b1N","c_crush1_M_b_G10b1N","s_kidsHorrified_G10b1N","s_ambulance_G10b1N"]},{"miniGameCards":[],"viewedAnimatic":true,"keyPoints":["s_keys_G10b1P","c_crush1_M_b_G10b1P","s_clock_G10b1P","s_pictureDad_cauc_gen","s_candles_G10b1P","s_stairs_G10b1P"],"unlocked":true,"touchableObjects":["s_boomBox_G10b1P","s_keys_G10b1P","c_crush1_M_b_G10b1P","s_clock_G10b1P","s_pictureDad_cauc_gen","s_candles_G10b1P","s_stairs_G10b1P"]},{"miniGameCards":[],"viewedAnimatic":true,"keyPoints":["s_clock_G10b2N","c_crush1_M_b_G10b2N","c_teacherEng_G10b2N","c_bestFriend_M_b_G10b2N","c_cousin_M_b_G10b2N"],"unlocked":true,"touchableObjects":["s_clock_G10b2N","c_crush1_M_b_G10b2N","c_teacherEng_G10b2N","c_bestFriend_M_b_G10b2N","c_cousin_M_b_G10b2N"]},{"miniGameCards":[],"viewedAnimatic":true,"keyPoints":["s_condom_G10b2P","s_mirror_M_G10b2P"],"unlocked":true,"touchableObjects":["s_cellPhone_M_G10b2P","c_grandma_cauc_a_G10b2P","s_condom_G10b2P","s_mirror_M_G10b2P"]}],"stackSize":5,"resolved":true},{"challengeScenes":[{"miniGameCards":[],"viewedAnimatic":true,"keyPoints":[],"unlocked":true,"touchableObjects":[]},{"miniGameCards":[],"viewedAnimatic":true,"keyPoints":[],"unlocked":true,"touchableObjects":["s_computer_M_gen"]},{"miniGameCards":[],"viewedAnimatic":false,"keyPoints":[],"unlocked":false,"touchableObjects":[]},{"miniGameCards":[],"viewedAnimatic":false,"keyPoints":[],"unlocked":false,"touchableObjects":[]},{"miniGameCards":[],"viewedAnimatic":false,"keyPoints":[],"unlocked":false,"touchableObjects":[]}],"stackSize":5,"resolved":false},{"challengeScenes":[{"miniGameCards":[],"viewedAnimatic":false,"keyPoints":[],"unlocked":false,"touchableObjects":[]},{"miniGameCards":[],"viewedAnimatic":false,"keyPoints":[],"unlocked":false,"touchableObjects":[]},{"miniGameCards":[],"viewedAnimatic":false,"keyPoints":[],"unlocked":false,"touchableObjects":[]},{"miniGameCards":[],"viewedAnimatic":false,"keyPoints":[],"unlocked":false,"touchableObjects":[]},{"miniGameCards":[],"viewedAnimatic":false,"keyPoints":[],"unlocked":false,"touchableObjects":[]}],"stackSize":5,"resolved":false},{"challengeScenes":[{"miniGameCards":[],"viewedAnimatic":true,"keyPoints":[],"unlocked":true,"touchableObjects":[]},{"miniGameCards":[],"viewedAnimatic":true,"keyPoints":[],"unlocked":true,"touchableObjects":[]},{"miniGameCards":[],"viewedAnimatic":false,"keyPoints":[],"unlocked":false,"touchableObjects":[]},{"miniGameCards":[],"viewedAnimatic":true,"keyPoints":[],"unlocked":true,"touchableObjects":[]},{"miniGameCards":[],"viewedAnimatic":false,"keyPoints":[],"unlocked":false,"touchableObjects":[]}],"stackSize":5,"resolved":false},{"challengeScenes":[{"miniGameCards":[],"viewedAnimatic":true,"keyPoints":[],"unlocked":true,"touchableObjects":[]},{"miniGameCards":[],"viewedAnimatic":true,"keyPoints":[],"unlocked":true,"touchableObjects":[]},{"miniGameCards":[],"viewedAnimatic":false,"keyPoints":[],"unlocked":false,"touchableObjects":[]},{"miniGameCards":[],"viewedAnimatic":true,"keyPoints":[],"unlocked":true,"touchableObjects":[]},{"miniGameCards":[],"viewedAnimatic":false,"keyPoints":[],"unlocked":false,"touchableObjects":[]}],"stackSize":5,"resolved":false},{"challengeScenes":[{"miniGameCards":[],"viewedAnimatic":false,"keyPoints":[],"unlocked":true,"touchableObjects":["c_family_cauc_a_G0a0","c_friends_G0a0","c_education_G0a0"]},{"miniGameCards":[],"viewedAnimatic":false,"keyPoints":["c_job_G0a1N","c_home_G0a1N","c_family_cauc_a_G0a1N"],"unlocked":true,"touchableObjects":["c_job_G0a1N","c_home_G0a1N","c_family_cauc_a_G0a1N"]},{"miniGameCards":[],"viewedAnimatic":false,"keyPoints":["c_grandma_cauc_a_G0a1P","c_dad_cauc_a_G0a1P","c_mom_cauc_a_G0a1P","c_kidsister_cauc_a_G0a1P","c_Teacher_G0a1P","c_Nurse_G0a1P"],"unlocked":true,"touchableObjects":["c_grandma_cauc_a_G0a1P","c_dad_cauc_a_G0a1P","c_friends_G0a1P","c_mom_cauc_a_G0a1P","c_kidsister_cauc_a_G0a1P","c_Teacher_G0a1P","c_cousins_M_a_G0a1P","c_Nurse_G0a1P"]}],"stackSize":3,"resolved":true}],"sessionId":18,"epilogue":{"rating":3},"playerId":6427018,"session":[{"sceneId":"1P","stackId":12},{"sceneId":"1P","stackId":0},{"sceneId":"1P","stackId":1},{"sceneId":"1N","stackId":1},{"sceneId":"2P","stackId":1},{"sceneId":"3P","stackId":2},{"sceneId":"1P","stackId":2},{"sceneId":"1N","stackId":2},{"sceneId":"2P","stackId":2},{"sceneId":"1P","stackId":3},{"sceneId":"1N","stackId":3},{"sceneId":"2P","stackId":3},{"sceneId":"1P","stackId":4},{"sceneId":"1N","stackId":4},{"sceneId":"2P","stackId":4},{"sceneId":"1P","stackId":5},{"sceneId":"1N","stackId":5},{"sceneId":"2P","stackId":5},{"sceneId":"2P","stackId":6},{"sceneId":"1P","stackId":6},{"sceneId":"1P","stackId":7},{"sceneId":"1N","stackId":7},{"sceneId":"2P","stackId":7}],"minigames":[{"levelSaveData":[{"starRating":3,"unlocked":true},{"starRating":2,"unlocked":true},{"starRating":1,"unlocked":true},{"starRating":2,"unlocked":true},{"starRating":0,"unlocked":true},{"starRating":2,"unlocked":true},{"starRating":2,"unlocked":true},{"starRating":2,"unlocked":true},{"starRating":2,"unlocked":true},{"starRating":2,"unlocked":true}],"skillPoints":18},{"levelSaveData":[{"starRating":3,"unlocked":true},{"starRating":3,"unlocked":true},{"starRating":3,"unlocked":true},{"starRating":1,"unlocked":true},{"starRating":3,"unlocked":true},{"starRating":0,"unlocked":true},{"starRating":0,"unlocked":true},{"starRating":0,"unlocked":true},{"starRating":3,"unlocked":true},{"starRating":3,"unlocked":true}],"skillPoints":19},{"levelSaveData":[{"starRating":3,"unlocked":true},{"starRating":3,"unlocked":true},{"starRating":2,"unlocked":true},{"starRating":2,"unlocked":true},{"starRating":0,"unlocked":false},{"starRating":1,"unlocked":true},{"starRating":0,"unlocked":true},{"starRating":3,"unlocked":true},{"starRating":2,"unlocked":true},{"starRating":0,"unlocked":true}],"skillPoints":16},{"levelSaveData":[{"starRating":3,"unlocked":true},{"starRating":3,"unlocked":true},{"starRating":3,"unlocked":true},{"starRating":3,"unlocked":true},{"starRating":3,"unlocked":true},{"starRating":3,"unlocked":true},{"starRating":3,"unlocked":true},{"starRating":3,"unlocked":true},{"starRating":0,"unlocked":false},{"starRating":0,"unlocked":true}],"skillPoints":24},{"age":13,"name":"marquis","gender":0,"levelSaveData":[{"starRating":3,"unlocked":true},{"starRating":3,"chunks":[["1"],["0$$god","15$$music"],["16$$books","11$$run","8$$champion"],["0"]],"unlocked":true},{"starRating":3,"chunks":[["1"],["4$$football","3$$cooking"],["0$$car","8$$paint"]],"unlocked":true},{"starRating":3,"chunks":[["2"],["4"],["4"],["0"],["1","0"],["8"]],"unlocked":true},{"starRating":3,"chunks":[["6"],["3"],["7","3"],["1"],["4"],["7"]],"unlocked":true},{"starRating":3,"chunks":[["14"],["6","4","4","5"],["7"],["3"]],"unlocked":true},{"starRating":3,"chunks":[["2"],["1"],["6","9"],["3","2"],["1"]],"unlocked":true},{"starRating":3,"chunks":[["1","6","7"],["5","4","4"],["1"],["3"],["2"]],"unlocked":true},{"starRating":3,"chunks":[["3","0","2"],["7","6","0"],["6","4"]],"unlocked":true},{"starRating":0,"chunks":[[null],[null],[null],[null],[null],[null]],"unlocked":false}],"visualAvatar":0,"id":1,"skillPoints":27}],"avatar":{"age":13,"name":"marquis","gender":0,"levelSaveData":[{"starRating":3,"unlocked":true},{"starRating":3,"chunks":[["1"],["0$$god","15$$music"],["16$$books","11$$run","8$$champion"],["0"]],"unlocked":true},{"starRating":3,"chunks":[["1"],["4$$football","3$$cooking"],["0$$car","8$$paint"]],"unlocked":true},{"starRating":3,"chunks":[["2"],["4"],["4"],["0"],["1","0"],["8"]],"unlocked":true},{"starRating":3,"chunks":[["6"],["3"],["7","3"],["1"],["4"],["7"]],"unlocked":true},{"starRating":3,"chunks":[["14"],["6","4","4","5"],["7"],["3"]],"unlocked":true},{"starRating":3,"chunks":[["2"],["1"],["6","9"],["3","2"],["1"]],"unlocked":true},{"starRating":3,"chunks":[["1","6","7"],["5","4","4"],["1"],["3"],["2"]],"unlocked":true},{"starRating":3,"chunks":[["3","0","2"],["7","6","0"],["6","4"]],"unlocked":true},{"starRating":0,"chunks":[[null],[null],[null],[null],[null],[null]],"unlocked":false}],"visualAvatar":0,"id":1,"skillPoints":27}}
6427018,0,12:12:38,8/2/2013 9:22:47am
6427018,1003,12:12:48,0
6427018,103,12:16:43
6427018,105,12:16:43
6427018,703,12:16:46,[|| EpilogueItem ID: 0 unlocked: true ||,|| EpilogueItem ID: 1 unlocked: true ||,|| EpilogueItem ID: 2 unlocked: true ||,|| EpilogueItem ID: 3 unlocked: true ||,|| EpilogueItem ID: 4 unlocked: true ||,|| EpilogueItem ID: 5 unlocked: true ||,|| EpilogueItem ID: 6 unlocked: true ||,|| EpilogueItem ID: 7 unlocked: true ||,|| EpilogueItem ID: 8 unlocked: false ||,|| EpilogueItem ID: 9 unlocked: false ||,|| EpilogueItem ID: 10 unlocked: false ||,|| EpilogueItem ID: 11 unlocked: false ||,|| EpilogueItem ID: 12 unlocked: false ||,|| EpilogueItem ID: 13 unlocked: true ||,|| EpilogueItem ID: 14 unlocked: false ||,|| EpilogueItem ID: 15 unlocked: false ||,|| EpilogueItem ID: 16 unlocked: false ||,|| EpilogueItem ID: 17 unlocked: false ||,|| EpilogueItem ID: 18 unlocked: false ||,|| EpilogueItem ID: 19 unlocked: false ||,|| EpilogueItem ID: 20 unlocked: false ||,|| EpilogueItem ID: 21 unlocked: true ||,|| EpilogueItem ID: 22 unlocked: true ||,|| EpilogueItem ID: 23 unlocked: false ||,|| EpilogueItem ID: 24 unlocked: false ||],0.44
6427018,708,12:16:48
6427018,1,12:16:48,8/2/2013 9:26:57am,{"gameTime":44208134,"challengeStacks":[{"challengeScenes":[{"miniGameCards":[],"viewedAnimatic":true,"keyPoints":["c_bestFriend_M_a_G7a0","c_teacherEng_G7a0","s_flag_gen"],"unlocked":true,"touchableObjects":["s_vocabAssignment_G7a0","c_bestFriend_M_a_G7a0","s_otherStudent1_G7a0","c_crewKid1_M_G7a0","s_angelouPoster_gen","s_shakespearePoster_gen","s_poePoster_gen","c_teacherEng_G7a0","s_clock_G7a0","s_doorClassroom_G7a0","c_friend1_M_a_G7a0","s_atwoodPoster_gen","s_flag_gen"]},{"miniGameCards":[],"viewedAnimatic":true,"keyPoints":["c_teacherEng_G7a1N","c_bestFriend_M_a_G7a1N","s_paperPlayers_G7a1N"],"unlocked":true,"touchableObjects":["s_otherStudent2_G7a1N","c_teacherEng_G7a1N","c_bestFriend_M_a_G7a1N","s_otherStudent1_G7a1N","c_crewKid1_M_G7a1N","s_flag_gen","s_paperPlayers_G7a1N"]},{"miniGameCards":[],"viewedAnimatic":true,"keyPoints":["c_teacherEng_G7a1P","s_flag_gen","c_bestFriend_M_a_G7a1P","s_paperEnglish_gen"],"unlocked":true,"touchableObjects":["s_paperPlayers_G7a1P","s_clock_G7a1P","s_angelouPoster_gen","s_poePoster_gen","c_teacherEng_G7a1P","s_shakespearePoster_gen","s_flag_gen","s_atwoodPoster_gen","c_bestFriend_M_a_G7a1P","s_papersDetention_gen","s_paperEnglish_gen"]}],"stackSize":3,"resolved":true},{"challengeScenes":[{"miniGameCards":[],"viewedAnimatic":true,"keyPoints":["c_kidSister_cauc_a_G7b0","c_crewKid1_M_G7b0","s_backpack_M_G7b0"],"unlocked":true,"touchableObjects":["c_crewKid2_M_G7b0","c_cousinsBrother_a_G7b0","s_lifeguard_G7b0","s_snackBarWorker_G7b0","c_kidSister_cauc_a_G7b0","c_cousinsBrothersFriend_a_G7b0","c_cousin_M_a_G7b0","c_cousinsBrothersFriendsGF_G7b0","c_crewKid1_M_G7b0","s_backpack_M_G7b0"]},{"miniGameCards":[],"viewedAnimatic":true,"keyPoints":["c_kidSister_cauc_a_G7b1N","s_sprayPaintCan_G7b1N","s_graffiti_G7b1N","s_brokenCarWindow_G7b1N","c_crewKid1_M_G7b1N"],"unlocked":true,"touchableObjects":["c_policeOfficer_G7b1N","s_flag_G7b1N","c_cousin_M_a_G7b1N","c_kidSister_cauc_a_G7b1N","s_sprayPaintCan_G7b1N","s_graffiti_G7b1N","s_brokenCarWindow_G7b1N","s_cat_G7b1N","c_crewKid2_M_a_G7b1N","c_teacherEng_G7b1N","c_crewKid1_M_G7b1N"]},{"miniGameCards":[],"viewedAnimatic":true,"keyPoints":["c_cousinsBrothersFriend_a_G7b1P","c_cousin_M_a_G7b1P","c_cousinsBrother_a_G7b1P","s_poolDay_ruleSign_G7b1P"],"unlocked":true,"touchableObjects":["c_kidSister_cauc_a_G7b1P","c_cousinsBrothersFriend_a_G7b1P","c_cousin_M_a_G7b1P","c_cousinsBrother_a_G7b1P","s_poolDay_ruleSign_G7b1P","c_crush1_M_a_G7b1P"]},{"miniGameCards":[],"viewedAnimatic":true,"keyPoints":["c_crush1_M_a_G7b2N","s_kid1_G7b2N","c_kidSister_cauc_a_G7b2N","c_cousin_M_a_G7b2N"],"unlocked":true,"touchableObjects":["c_crush1_M_a_G7b2N","c_crewKid2_M_G7b2N","c_cousinsBrother_a_G7b2N","s_lifeguard_G7b2N","s_cousinsBFgirlfriend_G7b2N","s_kidPool2_G7b2N","c_cousinsBrothersFriend_a_G7b2N","s_kid1_G7b2N","c_kidSister_cauc_a_G7b2N","s_kidPool1_G7b2N","c_cousin_M_a_G7b2N"]},{"miniGameCards":[],"viewedAnimatic":true,"keyPoints":["c_cousin_M_a_G7b2P","c_kidSister_cauc_a_G7b2P","s_computer_M_G7b2P"],"unlocked":true,"touchableObjects":["c_cousin_M_a_G7b2P","s_calendar_M_gen","c_grandma_cauc_a_G7b2P","c_kidSister_cauc_a_G7b2P","s_closet_M_G7b2P","s_computer_M_G7b2P"]}],"stackSize":5,"resolved":true},{"challengeScenes":[{"miniGameCards":[],"viewedAnimatic":true,"keyPoints":["c_crush2_M_a_G8a0","c_cousin_M_a_G8a0","s_bottleCrush2_M_G8a0","s_clock_G8a0","s_cellphone_G8a0"],"unlocked":true,"touchableObjects":["c_friend1_M_G8a0","c_crush2_M_a_G8a0","s_beerCooler_G8a0","c_cousin_M_a_G8a0","c_crewKid1_M_a_G8a0","s_beerSixpack_G8a0","s_bottleCrush2_M_G8a0","s_stairs_G8a0","s_clock_G8a0","s_cellphone_G8a0","s_bottleFloor_G8a0"]},{"miniGameCards":[],"viewedAnimatic":true,"keyPoints":["s_crush2Lips_M_G8a1N","s_crush2Eyes_M_G8a1N","s_basementDoor_gen","s_dirtyClothes_gen","s_crush2Sore_M_G8a1N"],"unlocked":true,"touchableObjects":["s_crush2Lips_M_G8a1N","s_crush2Eyes_M_G8a1N","c_crush2_M_a_G8a1N","s_stairs_G8a1N","s_basementDoor_gen","s_dirtyClothes_gen","s_inhalantsShelf_gen","s_waterHeater_gen","s_dryer_G8a1N","s_crush2Sore_M_G8a1N"]},{"miniGameCards":[],"viewedAnimatic":true,"keyPoints":["c_crush2_M_a_G8a1P","s_dirtyClothes_gen","s_basementDoor_gen","s_inhalantsShelf_gen"],"unlocked":true,"touchableObjects":["c_crush2_M_a_G8a1P","s_spraypaintCrush2_M_G8a1P","s_waterHeater_gen","s_dirtyClothes_gen","s_basementDoor_gen","s_inhalantsShelf_gen"]},{"miniGameCards":[],"viewedAnimatic":true,"keyPoints":["s_spraypaintCan_G8a2N","c_crush2_M_a_G8a2N"],"unlocked":true,"touchableObjects":["c_friend1_M_a_G8a2N","s_fumes_G8a2N","s_spraypaintCan_G8a2N","c_crush2_M_a_G8a2N"]},{"miniGameCards":[],"viewedAnimatic":true,"keyPoints":["s_sistersToy_G8a2P","c_crush2_M_a_G8a2P","c_kidSister_cauc_a_G8a2P","s_pictureDad_cauc_gen","s_magazine_G8a2P"],"unlocked":true,"touchableObjects":["s_sistersToy_G8a2P","s_ashtray_G8a2P","c_crush2_M_a_G8a2P","c_kidSister_cauc_a_G8a2P","c_grandma_cauc_a_G8a2P","s_door_gen","s_clock_G8a2P","s_videoGame_G8a2P","s_teaCup_G8a2P","s_pictureDad_cauc_gen","s_magazine_G8a2P"]},{"miniGameCards":[],"viewedAnimatic":true,"keyPoints":["c_nurse_a_G8a3N","s_mirror_cauc_M_a_G8a3N","s_pamphlet1_G8a3N","s_pamphlet3_G8a3N"],"unlocked":true,"touchableObjects":["c_nurse_a_G8a3N","s_door_G8a3N","s_phone_G8a3N","s_mirror_cauc_M_a_G8a3N","s_pamphlet1_G8a3N","s_pamphlet2_G8a3N","s_pamphlet3_G8a3N"]},{"miniGameCards":[],"viewedAnimatic":true,"keyPoints":["c_crush2_M_a_G8a3P","s_kidsCouch_G8a3P"],"unlocked":true,"touchableObjects":["c_crush2_M_a_G8a3P","s_kidsCouch_G8a3P","s_kidStanding_G8a3P","c_friend1_M_a_G8a3P","c_crewKid1_M_a_G8a3P"]}],"stackSize":7,"resolved":true},{"challengeScenes":[{"miniGameCards":[],"viewedAnimatic":true,"keyPoints":["c_kidSister_cauc_a_G8b0","c_friend1_M_a_G8b0","s_pillBottle_G8b0"],"unlocked":true,"touchableObjects":["c_kidSister_cauc_a_G8b0","c_friend1_M_a_G8b0","c_grandma_cauc_a_G8b0","s_pillBottle_G8b0","s_pictureMom_cauc_gen","s_cigarette_G8b0","s_pictureDad_cauc_gen"]},{"miniGameCards":[],"viewedAnimatic":true,"keyPoints":["c_grandma_cauc_a_G8b1N","c_friend1_M_a_G8b1N","c_kidSister_cauc_a_G8b1N"],"unlocked":true,"touchableObjects":["c_grandma_cauc_a_G8b1N","s_pillBottle_G8b1N","c_friend1_M_a_G8b1N","c_kidSister_cauc_a_G8b1N"]},{"miniGameCards":[],"viewedAnimatic":true,"keyPoints":["s_pillBottle_M_G8b1P","c_grandma_cauc_a_G8b1P","c_friend1_M_a_G8b1P"],"unlocked":true,"touchableObjects":["s_pillBottle_M_G8b1P","c_kidSister_cauc_a_G8b1P","c_grandma_cauc_a_G8b1P","s_cigarette_G8b1P","c_friend1_M_a_G8b1P"]},{"miniGameCards":[],"viewedAnimatic":true,"keyPoints":["c_friend1_M_a_G8b2N","c_teacherEng_G8b2N","c_crewKid2_M_a_G8b2N","s_clock_G8b2N","s_sandwichBagPills_G8b2N"],"unlocked":true,"touchableObjects":["c_friend1_M_a_G8b2N","c_teacherEng_G8b2N","c_crewKid2_M_a_G8b2N","s_kid2_G8b2N","s_kid3_G8b2N","s_kid5_G8b2N","s_kid4_G8b2N","s_clock_G8b2N","s_camera_gen","s_sandwichBagPills_G8b2N"]},{"miniGameCards":[],"viewedAnimatic":true,"keyPoints":["c_friend1_M_a_G8b2P","s_pillBottle_G8b2P","c_grandma_cauc_a_G8b2P"],"unlocked":true,"touchableObjects":["s_videoGameScreen_G8b2P","c_friend1_M_a_G8b2P","c_mom_cauc_a_G8b2P","c_kidSister_cauc_a_G8b2P","s_pillBottle_G8b2P","c_grandma_cauc_a_G8b2P"]}],"stackSize":5,"resolved":true},{"challengeScenes":[{"miniGameCards":[],"viewedAnimatic":true,"keyPoints":["s_bathingSuit_M_G9a0","s_door_M_gen","s_cellPhone_M_G9a0","s_clock_M_G9a0"],"unlocked":true,"touchableObjects":["s_calendar_M_gen","s_window_M_G9a0","s_bathingSuit_M_G9a0","s_door_M_gen","s_cellPhone_M_G9a0","s_clock_M_G9a0"]},{"miniGameCards":[],"viewedAnimatic":true,"keyPoints":["c_policeOfficer_G9a1N","s_fence_G9a1N","s_kid3_G9a1N","c_cousin_M_a_G9a1N"],"unlocked":true,"touchableObjects":["c_cousinsBrothersFriend_a_G9a1N","s_kid4_G9a1N","s_policeCar_G9a1N","c_policeOfficer_G9a1N","s_potSmokeCloud_G9a1N","s_poolNight_ruleSign_G9a1N","s_fence_G9a1N","s_bathingSuits_G9a1N","s_kid3_G9a1N","c_cousin_M_a_G9a1N"]},{"miniGameCards":[],"viewedAnimatic":true,"keyPoints":["c_cousin_M_a_G9a1P","s_joint_M_G9a1P","s_door_M_gen","s_calendar_M_gen","s_basketball_M_gen"],"unlocked":true,"touchableObjects":["c_cousin_M_a_G9a1P","s_joint_M_G9a1P","s_computer_M_gen","s_door_M_gen","s_calendar_M_gen","s_basketball_M_gen"]},{"miniGameCards":[],"viewedAnimatic":true,"keyPoints":["c_cousin_M_a_G9a2N","c_mom_cauc_a_G9a2N","c_kidSister_cauc_a_G9a2N","s_pictureDad_cauc_M_gen"],"unlocked":true,"touchableObjects":["s_potSmokeCloud_M_G9a2N","c_cousin_M_a_G9a2N","c_mom_cauc_a_G9a2N","c_kidSister_cauc_a_G9a2N","s_cookieTrayEmpty_M_G9a2N","s_pictureDad_cauc_M_gen"]},{"miniGameCards":[],"viewedAnimatic":true,"keyPoints":["s_pizzaBox_G9a2P","c_cousin_M_a_G9a2P","c_mom_cauc_a_G9a2P","s_door_gen"],"unlocked":true,"touchableObjects":["s_tv_G9a2P","c_kidSister_cauc_a_G9a2P","c_grandma_cauc_a_G9a2P","s_pizzaBox_G9a2P","c_cousin_M_a_G9a2P","c_mom_cauc_a_G9a2P","s_cookieTray_G9a2P","s_pictureDad_cauc_gen","s_door_gen"]}],"stackSize":5,"resolved":true},{"challengeScenes":[{"miniGameCards":[],"viewedAnimatic":true,"keyPoints":["s_mirror_M_G9b0","s_pictureDad_cauc_M_gen","s_computer_M_gen"],"unlocked":true,"touchableObjects":["c_kidSister_cauc_a_G9b0","s_closet_M_G9b0","s_cellPhone_M_G9b0","s_calendar_M_gen","s_mirror_M_G9b0","s_pictureDad_cauc_M_gen","c_cousin_M_a_G9b0","s_computer_M_gen"]},{"miniGameCards":[],"viewedAnimatic":true,"keyPoints":["c_teacherEng_G9b1N","c_cousin_M_a_G9b1N","c_kidSister_cauc_a_G9b1N","s_clock_G9b1N","s_beerBottle_G9b1N","s_joint_G9b1N","s_brokenLamp_G9b1N"],"unlocked":true,"touchableObjects":["s_smokeDetector_G9b1N","s_puddleFloor_G9b1N","s_coupleOnCouch_G9b1N","c_teacherEng_G9b1N","c_cousin_M_a_G9b1N","c_kidSister_cauc_a_G9b1N","s_clock_G9b1N","s_pictureDaddark_cauc_gen","s_boomBox_G9b1N","s_photoCracked_G9b1N","s_beerBottle_G9b1N","s_ashtray_G9b1N","s_joint_G9b1N","s_brokenLamp_G9b1N"]},{"miniGameCards":[],"viewedAnimatic":true,"keyPoints":["c_friend1_M_a_G9b1P","c_bestFriend_M_a_G9b1P","c_crush1_M_a_G9b1P","s_pictureMomdark_cauc_G9b1P","s_kidsGroupKitchen_G9b1P","c_cousin_M_a_G9b1P","s_pictureDaddark_cauc_gen"],"unlocked":true,"touchableObjects":["c_friend1_M_a_G9b1P","c_kidSister_cauc_a_G9b1P","c_bestFriend_M_a_G9b1P","s_door_G9b1P","c_crush1_M_a_G9b1P","s_pictureMomdark_cauc_G9b1P","s_kidsGroupKitchen_G9b1P","c_cousin_M_a_G9b1P","s_beerBottle_G9b1P","s_ashtray_G9b1P","s_pictureDaddark_cauc_gen"]},{"miniGameCards":[],"viewedAnimatic":true,"keyPoints":["c_cousin_M_a_G9b2N","c_crush1_M_a_G9b2N","c_mom_cauc_a_G9b2N"],"unlocked":true,"touchableObjects":["c_grandma_cauc_a_G9b2N","c_bestFriend_M_a_G9b2N","c_kidSister_cauc_a_G9b2N","c_cousin_M_a_G9b2N","s_kidCouch_G9b2N","c_crush1_M_a_G9b2N","s_pictureDaddark_cauc_gen","s_clock_G9b2N","c_mom_cauc_a_G9b2N"]},{"miniGameCards":[],"viewedAnimatic":true,"keyPoints":["c_mom_cauc_a_G9b2P","c_crush1_M_a_G9b2P","c_bestFriend_M_a_G9b2P","s_clock_G9b2P"],"unlocked":true,"touchableObjects":["c_mom_cauc_a_G9b2P","c_grandma_cauc_a_G9b2P","c_kidSister_cauc_a_G9b2P","c_crush1_M_a_G9b2P","c_cousin_M_a_G9b2P","c_bestFriend_M_a_G9b2P","s_boardGame_G9b2P","s_sodaBottle_G9b2P","s_clock_G9b2P"]}],"stackSize":5,"resolved":true},{"challengeScenes":[{"miniGameCards":[],"viewedAnimatic":true,"keyPoints":["c_crush1_M_b_G10a0","s_window_M_G10a0","s_drawer_M_G10a0","s_cellPhone_M_G10a0","s_basketball_M_gen"],"unlocked":true,"touchableObjects":["c_crush1_M_b_G10a0","s_door_M_gen","s_bed1_M_G10a0","s_window_M_G10a0","s_computer_M_gen","s_trash_M_G10a0","s_drawer_M_G10a0","s_clock_M_G10a0","s_cellPhone_M_G10a0","s_bed2_M_G10a0","s_basketball_M_gen"]},{"miniGameCards":[],"viewedAnimatic":true,"keyPoints":["c_crush1_M_b_G10a1N","s_mirror_M_G10a1N","s_condom_M_G10a1N","s_picture_M_G10a1N"],"unlocked":true,"touchableObjects":["s_calendar_M_gen","s_door_M_gen","s_window_M_G10a1N","s_crushClothes_M_G10a1N","c_crush1_M_b_G10a1N","s_mirror_M_G10a1N","s_condom_M_G10a1N","s_picture_M_G10a1N"]},{"miniGameCards":[],"viewedAnimatic":true,"keyPoints":["c_crush1_M_b_G10a1P","c_friend_M_b_G10a1P","s_lockerPoster_G10a1P"],"unlocked":true,"touchableObjects":["c_crush1_M_b_G10a1P","c_friend_M_b_G10a1P","c_bestFriend_M_b_G10a1P","c_teacherEng_G10a1P","s_dancePoster_G10a1P","s_lockerPoster_G10a1P"]},{"miniGameCards":[],"viewedAnimatic":true,"keyPoints":["s_pamphlet1_G10a2N","s_pamphlet3_G10a2N","c_nurse_G10a2N","s_phone_G10a2N","s_pamphlet5_G10a2N","s_pamphlet4_G10a2N"],"unlocked":true,"touchableObjects":["s_kleenex_G10a2N","s_pamphlet2_G10a2N","s_pamphlet1_G10a2N","s_pamphlet3_G10a2N","s_firstAidKit_G10a2N","c_nurse_G10a2N","s_cot_G10a2N","s_phone_G10a2N","s_curtain_G10a2N","s_pamphlet5_G10a2N","s_pamphlet4_G10a2N"]},{"miniGameCards":[],"viewedAnimatic":true,"keyPoints":["c_crush1_M_b_G10a2P","c_cousin_M_b_G10a2P","c_friend_M_b_G10a2P","c_nurse_G10a2P","s_dancePoster_G10a2P"],"unlocked":true,"touchableObjects":["c_crush1_M_b_G10a2P","c_cousin_M_b_G10a2P","c_friend_M_b_G10a2P","c_bestFriend_M_b_G10a2P","c_nurse_G10a2P","s_dancePoster_G10a2P"]}],"stackSize":5,"resolved":true},{"challengeScenes":[{"miniGameCards":[],"viewedAnimatic":true,"keyPoints":["c_crush2_M_b_G10b0","c_crewKid2_M_b_G10b0","c_crush1_M_b_G10b0","s_car1_G10b0","s_car2_G10b0","s_kidsGroup1_G10b0","s_trafficLight_G10b0","s_kidPointing_G10b0"],"unlocked":true,"touchableObjects":["c_crush2_M_b_G10b0","c_crewKid2_M_b_G10b0","s_billboard_G10b0","c_cousinsBrothersFriend_b_G10b0","c_cousinsBrother_b_G10b0","c_crush1_M_b_G10b0","s_car1_G10b0","s_bar_G10b0","s_car2_G10b0","s_kidsGroup1_G10b0","s_trafficLight_G10b0","s_kidPointing_G10b0"]},{"miniGameCards":[],"viewedAnimatic":true,"keyPoints":["s_carSmashed_G10b1N","c_cousinsBrothersFriend_b_G10b1N","s_kidsHorrified_G10b1N"],"unlocked":true,"touchableObjects":["s_carSmashed_G10b1N","s_policeCar_G10b1N","s_barCrowd_G10b1N","c_policeOfficer_G10b1N","c_cousinsBrothersFriend_b_G10b1N","c_crush1_M_b_G10b1N","s_kidsHorrified_G10b1N","s_ambulance_G10b1N"]},{"miniGameCards":[],"viewedAnimatic":true,"keyPoints":["s_keys_G10b1P","c_crush1_M_b_G10b1P","s_clock_G10b1P","s_pictureDad_cauc_gen","s_candles_G10b1P","s_stairs_G10b1P"],"unlocked":true,"touchableObjects":["s_boomBox_G10b1P","s_keys_G10b1P","c_crush1_M_b_G10b1P","s_clock_G10b1P","s_pictureDad_cauc_gen","s_candles_G10b1P","s_stairs_G10b1P"]},{"miniGameCards":[],"viewedAnimatic":true,"keyPoints":["s_clock_G10b2N","c_crush1_M_b_G10b2N","c_teacherEng_G10b2N","c_bestFriend_M_b_G10b2N","c_cousin_M_b_G10b2N"],"unlocked":true,"touchableObjects":["s_clock_G10b2N","c_crush1_M_b_G10b2N","c_teacherEng_G10b2N","c_bestFriend_M_b_G10b2N","c_cousin_M_b_G10b2N"]},{"miniGameCards":[],"viewedAnimatic":true,"keyPoints":["s_condom_G10b2P","s_mirror_M_G10b2P"],"unlocked":true,"touchableObjects":["s_cellPhone_M_G10b2P","c_grandma_cauc_a_G10b2P","s_condom_G10b2P","s_mirror_M_G10b2P"]}],"stackSize":5,"resolved":true},{"challengeScenes":[{"miniGameCards":[],"viewedAnimatic":true,"keyPoints":[],"unlocked":true,"touchableObjects":[]},{"miniGameCards":[],"viewedAnimatic":true,"keyPoints":[],"unlocked":true,"touchableObjects":["s_computer_M_gen"]},{"miniGameCards":[],"viewedAnimatic":false,"keyPoints":[],"unlocked":false,"touchableObjects":[]},{"miniGameCards":[],"viewedAnimatic":false,"keyPoints":[],"unlocked":false,"touchableObjects":[]},{"miniGameCards":[],"viewedAnimatic":false,"keyPoints":[],"unlocked":false,"touchableObjects":[]}],"stackSize":5,"resolved":false},{"challengeScenes":[{"miniGameCards":[],"viewedAnimatic":false,"keyPoints":[],"unlocked":false,"touchableObjects":[]},{"miniGameCards":[],"viewedAnimatic":false,"keyPoints":[],"unlocked":false,"touchableObjects":[]},{"miniGameCards":[],"viewedAnimatic":false,"keyPoints":[],"unlocked":false,"touchableObjects":[]},{"miniGameCards":[],"viewedAnimatic":false,"keyPoints":[],"unlocked":false,"touchableObjects":[]},{"miniGameCards":[],"viewedAnimatic":false,"keyPoints":[],"unlocked":false,"touchableObjects":[]}],"stackSize":5,"resolved":false},{"challengeScenes":[{"miniGameCards":[],"viewedAnimatic":true,"keyPoints":[],"unlocked":true,"touchableObjects":[]},{"miniGameCards":[],"viewedAnimatic":true,"keyPoints":[],"unlocked":true,"touchableObjects":[]},{"miniGameCards":[],"viewedAnimatic":false,"keyPoints":[],"unlocked":false,"touchableObjects":[]},{"miniGameCards":[],"viewedAnimatic":true,"keyPoints":[],"unlocked":true,"touchableObjects":[]},{"miniGameCards":[],"viewedAnimatic":false,"keyPoints":[],"unlocked":false,"touchableObjects":[]}],"stackSize":5,"resolved":false},{"challengeScenes":[{"miniGameCards":[],"viewedAnimatic":true,"keyPoints":[],"unlocked":true,"touchableObjects":[]},{"miniGameCards":[],"viewedAnimatic":true,"keyPoints":[],"unlocked":true,"touchableObjects":[]},{"miniGameCards":[],"viewedAnimatic":false,"keyPoints":[],"unlocked":false,"touchableObjects":[]},{"miniGameCards":[],"viewedAnimatic":true,"keyPoints":[],"unlocked":true,"touchableObjects":[]},{"miniGameCards":[],"viewedAnimatic":false,"keyPoints":[],"unlocked":false,"touchableObjects":[]}],"stackSize":5,"resolved":false},{"challengeScenes":[{"miniGameCards":[],"viewedAnimatic":false,"keyPoints":[],"unlocked":true,"touchableObjects":["c_family_cauc_a_G0a0","c_friends_G0a0","c_education_G0a0"]},{"miniGameCards":[],"viewedAnimatic":false,"keyPoints":["c_job_G0a1N","c_home_G0a1N","c_family_cauc_a_G0a1N"],"unlocked":true,"touchableObjects":["c_job_G0a1N","c_home_G0a1N","c_family_cauc_a_G0a1N"]},{"miniGameCards":[],"viewedAnimatic":false,"keyPoints":["c_grandma_cauc_a_G0a1P","c_dad_cauc_a_G0a1P","c_mom_cauc_a_G0a1P","c_kidsister_cauc_a_G0a1P","c_Teacher_G0a1P","c_Nurse_G0a1P"],"unlocked":true,"touchableObjects":["c_grandma_cauc_a_G0a1P","c_dad_cauc_a_G0a1P","c_friends_G0a1P","c_mom_cauc_a_G0a1P","c_kidsister_cauc_a_G0a1P","c_Teacher_G0a1P","c_cousins_M_a_G0a1P","c_Nurse_G0a1P"]}],"stackSize":3,"resolved":true}],"sessionId":19,"epilogue":{"rating":3},"playerId":6427018,"session":[{"sceneId":"1P","stackId":12},{"sceneId":"1P","stackId":0},{"sceneId":"1P","stackId":1},{"sceneId":"1N","stackId":1},{"sceneId":"2P","stackId":1},{"sceneId":"3P","stackId":2},{"sceneId":"1P","stackId":2},{"sceneId":"1N","stackId":2},{"sceneId":"2P","stackId":2},{"sceneId":"1P","stackId":3},{"sceneId":"1N","stackId":3},{"sceneId":"2P","stackId":3},{"sceneId":"1P","stackId":4},{"sceneId":"1N","stackId":4},{"sceneId":"2P","stackId":4},{"sceneId":"1P","stackId":5},{"sceneId":"1N","stackId":5},{"sceneId":"2P","stackId":5},{"sceneId":"2P","stackId":6},{"sceneId":"1P","stackId":6},{"sceneId":"1P","stackId":7},{"sceneId":"1N","stackId":7},{"sceneId":"2P","stackId":7}],"minigames":[{"levelSaveData":[{"starRating":3,"unlocked":true},{"starRating":2,"unlocked":true},{"starRating":1,"unlocked":true},{"starRating":2,"unlocked":true},{"starRating":0,"unlocked":true},{"starRating":2,"unlocked":true},{"starRating":2,"unlocked":true},{"starRating":2,"unlocked":true},{"starRating":2,"unlocked":true},{"starRating":2,"unlocked":true}],"skillPoints":18},{"levelSaveData":[{"starRating":3,"unlocked":true},{"starRating":3,"unlocked":true},{"starRating":3,"unlocked":true},{"starRating":1,"unlocked":true},{"starRating":3,"unlocked":true},{"starRating":0,"unlocked":true},{"starRating":0,"unlocked":true},{"starRating":0,"unlocked":true},{"starRating":3,"unlocked":true},{"starRating":3,"unlocked":true}],"skillPoints":19},{"levelSaveData":[{"starRating":3,"unlocked":true},{"starRating":3,"unlocked":true},{"starRating":2,"unlocked":true},{"starRating":2,"unlocked":true},{"starRating":0,"unlocked":false},{"starRating":1,"unlocked":true},{"starRating":0,"unlocked":true},{"starRating":3,"unlocked":true},{"starRating":2,"unlocked":true},{"starRating":0,"unlocked":true}],"skillPoints":16},{"levelSaveData":[{"starRating":3,"unlocked":true},{"starRating":3,"unlocked":true},{"starRating":3,"unlocked":true},{"starRating":3,"unlocked":true},{"starRating":3,"unlocked":true},{"starRating":3,"unlocked":true},{"starRating":3,"unlocked":true},{"starRating":3,"unlocked":true},{"starRating":0,"unlocked":false},{"starRating":0,"unlocked":true}],"skillPoints":24},{"age":13,"name":"marquis","gender":0,"levelSaveData":[{"starRating":3,"unlocked":true},{"starRating":3,"chunks":[["1"],["0$$god","15$$music"],["16$$books","11$$run","8$$champion"],["0"]],"unlocked":true},{"starRating":3,"chunks":[["1"],["4$$football","3$$cooking"],["0$$car","8$$paint"]],"unlocked":true},{"starRating":3,"chunks":[["2"],["4"],["4"],["0"],["1","0"],["8"]],"unlocked":true},{"starRating":3,"chunks":[["6"],["3"],["7","3"],["1"],["4"],["7"]],"unlocked":true},{"starRating":3,"chunks":[["14"],["6","4","4","5"],["7"],["3"]],"unlocked":true},{"starRating":3,"chunks":[["2"],["1"],["6","9"],["3","2"],["1"]],"unlocked":true},{"starRating":3,"chunks":[["1","6","7"],["5","4","4"],["1"],["3"],["2"]],"unlocked":true},{"starRating":3,"chunks":[["3","0","2"],["7","6","0"],["6","4"]],"unlocked":true},{"starRating":0,"chunks":[[null],[null],[null],[null],[null],[null]],"unlocked":false}],"visualAvatar":0,"id":1,"skillPoints":27}],"avatar":{"age":13,"name":"marquis","gender":0,"levelSaveData":[{"starRating":3,"unlocked":true},{"starRating":3,"chunks":[["1"],["0$$god","15$$music"],["16$$books","11$$run","8$$champion"],["0"]],"unlocked":true},{"starRating":3,"chunks":[["1"],["4$$football","3$$cooking"],["0$$car","8$$paint"]],"unlocked":true},{"starRating":3,"chunks":[["2"],["4"],["4"],["0"],["1","0"],["8"]],"unlocked":true},{"starRating":3,"chunks":[["6"],["3"],["7","3"],["1"],["4"],["7"]],"unlocked":true},{"starRating":3,"chunks":[["14"],["6","4","4","5"],["7"],["3"]],"unlocked":true},{"starRating":3,"chunks":[["2"],["1"],["6","9"],["3","2"],["1"]],"unlocked":true},{"starRating":3,"chunks":[["1","6","7"],["5","4","4"],["1"],["3"],["2"]],"unlocked":true},{"starRating":3,"chunks":[["3","0","2"],["7","6","0"],["6","4"]],"unlocked":true},{"starRating":0,"chunks":[[null],[null],[null],[null],[null],[null]],"unlocked":false}],"visualAvatar":0,"id":1,"skillPoints":27}}
